[22:21:18] [Client thread/INFO]: Connecting to play.totalfreedom.me, 28965
[22:21:20] [Client thread/INFO]: [CHAT] [BetterChairs] Find new update ! Version: 0.9.0
[22:21:20] [Client thread/INFO]: [CHAT] [UPDATE]
[22:21:20] [Client thread/INFO]: [CHAT] [LibsDisguises] There is a update ready to be downloaded! You are using v9.0.9, the new version is v9.1.2!
[22:21:20] [Client thread/INFO]: [CHAT] VideoGameSmash12 is a Telnet Admin
[22:21:20] [Client thread/INFO]: [CHAT] VideoGameSmash12 joined the game
[22:21:21] [Client thread/INFO]: [CHAT] Welcome, VideoGameSmash12!
[22:21:21] [Client thread/INFO]: [CHAT] Type /help for a list of commands.
[22:21:21] [Client thread/INFO]: [CHAT] Do NOT open any books given to you by other players or you might be perm banned.
[22:21:21] [Client thread/INFO]: [CHAT] Do NOT click on signs that you didn’t make or you might be perm banned.
[22:21:21] [Client thread/INFO]: [CHAT] Remember to save your builds with World Edit or they’ll be lost.
[22:21:21] [Client thread/INFO]: [CHAT] You have no new mail.
[22:21:27] [Client thread/INFO]: [CHAT] [TotalFreedom] You are allowed to record and stream videos on TotalFreedom.
[22:21:36] [Client thread/INFO]: [CHAT] HowBadCanItBe left the game.
[22:22:01] [Client thread/INFO]: [CHAT] <watermelon623> ive got a racetrack shematic
[22:22:06] [Client thread/INFO]: [CHAT] <watermelon623> its really big tho so
[22:22:09] [Client thread/INFO]: [CHAT] tohgamer left the game.
[22:22:16] [Client thread/INFO]: [CHAT] <watermelon623> can an admin change the limit?
[22:22:28] [Client thread/INFO]: [CHAT] <watermelon623> plez?
[22:22:31] [Client thread/INFO]: [CHAT] <watermelon623> VideoGameSmash12?
[22:22:33] [Client thread/INFO]: [CHAT] <FFEND> toooooooooooooooooooooooo fast
[22:22:38] [Client thread/INFO]: [CHAT] [ADMIN] OxLemonxO [SrA]: you can actually
[22:22:40] [Client thread/INFO]: [CHAT] [STA] <VideoGameSmash12> ?
[22:22:41] [Client thread/INFO]: [CHAT] [ADMIN] OxLemonxO [SrA]: place observer blocks
[22:22:42] [Client thread/INFO]: [CHAT] [ADMIN] OxLemonxO [SrA]: in 1.10
[22:22:48] [Client thread/INFO]: [CHAT] [ADMIN] OxLemonxO [SrA]: tp
[22:22:55] [Client thread/INFO]: [CHAT] [ADMIN] OxLemonxO [SrA]: do you see observer blocks here
[22:23:00] [Client thread/INFO]: [CHAT] <watermelon623> can u change the placement limit for worledit plz
[22:23:00] [Client thread/INFO]: [CHAT] <FFEND> wtf
[22:23:26] [Client thread/INFO]: [CHAT] [STA] <VideoGameSmash12> well
[22:23:35] [Client thread/INFO]: [CHAT] OxLemonxO left the game.
[22:24:01] [Client thread/INFO]: [CHAT] [STA] <VideoGameSmash12> so
[22:24:22] [Client thread/INFO]: [CHAT] [STA] <VideoGameSmash12> this is what I would classify as
[22:24:27] [Client thread/INFO]: [CHAT] [STA] <VideoGameSmash12> something pointless
[22:24:28] [Client thread/INFO]: [CHAT] <FFEND> whoops
[22:24:31] [Client thread/INFO]: [CHAT] <FFEND> sorry maxchange
[22:24:55] [Client thread/INFO]: [CHAT] [STA] <VideoGameSmash12> I have an idea
[22:24:57] [Client thread/INFO]: [CHAT] <Ballora> VideoGameSmash12 good work k
[22:25:08] [Client thread/INFO]: [CHAT] <Ballora> sup watermelon623
[22:25:10] [Client thread/INFO]: [CHAT] <watermelon623> hi
[22:25:16] [Client thread/INFO]: [CHAT] <Ballora> cute noobbiess
[22:25:25] [Client thread/INFO]: [CHAT] <Inparsian> Um
[22:25:27] [Client thread/INFO]: [CHAT] Pushed 4 players: _KauanTheBoy_, zxcv98741, watermelon623, Ballora
[22:25:28] [Client thread/INFO]: [CHAT] <Inparsian> How to make that?
[22:25:49] [Client thread/INFO]: [CHAT] < ImSuchaLoser> I'm riding with my new boyfriend
[22:25:55] [Client thread/INFO]: [CHAT] [STA] <VideoGameSmash12> ;)
[22:26:20] [Client thread/INFO]: [CHAT] [STA] <VideoGameSmash12> smart
[22:26:24] [Client thread/INFO]: [CHAT] [STA] <VideoGameSmash12> but careful
[22:26:48] [Client thread/INFO]: [CHAT] <watermelon623> I will donate to the cause of finding lag machines
[22:26:55] [Client thread/INFO]: [CHAT] [STA] <VideoGameSmash12> yeah
[22:27:07] [Client thread/INFO]: [CHAT] < AngelxS> We broke up
[22:27:16] [Client thread/INFO]: [CHAT] Vokesta joined the game
[22:27:17] [Client thread/INFO]: [CHAT] Welcome Vokesta to the server!
[22:27:35] [Client thread/INFO]: [CHAT] [Redstoner] <Ballora> Uh
[22:27:44] [Client thread/INFO]: [CHAT] [STA] <VideoGameSmash12> ?
[22:27:52] [Client thread/INFO]: [CHAT] <_KauanTheBoy_> hey FFEND
[22:27:53] [Client thread/INFO]: [CHAT] <Vokesta> Ballzora
[22:27:58] [Client thread/INFO]: [CHAT] <watermelon623> :/
[22:27:59] [Client thread/INFO]: [CHAT] [Redstoner] <Ballora> Yeah
[22:28:00] [Client thread/INFO]: [CHAT] <omar> hi
[22:28:05] [Client thread/INFO]: [CHAT] <Vokesta> heh heh BALLS
[22:28:09] [Client thread/INFO]: [CHAT] [Redstoner] <Ballora> XD
[22:28:23] [Client thread/INFO]: [CHAT] <Vokesta> testicle head
[22:28:30] [Client thread/INFO]: [CHAT] AngelxS left the game.
[22:29:02] [Client thread/INFO]: [CHAT] <Inparsian> flo
[22:29:13] [Client thread/INFO]: [CHAT] <floAuction> ?
[22:29:13] [Client thread/INFO]: [CHAT] [STA] <VideoGameSmash12> that
[22:29:17] [Client thread/INFO]: [CHAT] [STA] <VideoGameSmash12> is interesting
[22:29:21] [Client thread/INFO]: [CHAT] <Inparsian> Teach me how to make that hopper redstone machine plz
[22:29:29] [Client thread/INFO]: [CHAT] <floAuction> Idk how I didnt make it
[22:29:56] [Client thread/INFO]: [CHAT] [STA] <VideoGameSmash12> well
[22:30:22] [Client thread/INFO]: [CHAT] [SrA] <AcidicCyanide> What is it Lassy!? Is little timmy stuck in a well?
[22:30:23] [Client thread/INFO]: [CHAT] [ADMIN] VideoGameSmash12 [STA]: so some ops are doing research on lag machines and shit
[22:30:35] [Client thread/INFO]: [CHAT] <_KauanTheBoy_> how I desative /tree?
[22:30:37] [Client thread/INFO]: [CHAT] [ADMIN] AcidicCyanide [SrA]: yeah lets maybe not.... do that
[22:30:40] [Client thread/INFO]: [CHAT] <Vokesta> LittleDerpyTimmy is a fucc boi
[22:30:41] [Client thread/INFO]: [CHAT] <FFEND> do //none
[22:30:44] [Client thread/INFO]: [CHAT] [ADMIN] VideoGameSmash12 [STA]: why
[22:30:52] [Client thread/INFO]: [CHAT] [STA] <VideoGameSmash12> keep shit under control please
[22:30:55] [Client thread/INFO]: [CHAT] [ADMIN] AcidicCyanide [SrA]: because why would we need it?
[22:30:57] [Client thread/INFO]: [CHAT] <_KauanTheBoy_> thanks =s
[22:30:58] [Client thread/INFO]: [CHAT] [STA] <VideoGameSmash12> like make sure they are slow
[22:31:04] [Client thread/INFO]: [CHAT] <watermelon623> kk
[22:31:06] [Client thread/INFO]: [CHAT] [ADMIN] VideoGameSmash12 [STA]: idk
[22:31:10] [Client thread/INFO]: [CHAT] [ADMIN] VideoGameSmash12 [STA]: experimental purposes
[22:31:16] [Client thread/INFO]: [CHAT] Block edits at (x-363, y52, z-267):
[22:31:16] [Client thread/INFO]: [CHAT]  - watermelon623 placed Obsidian
[22:31:27] [Client thread/INFO]: [CHAT] [ADMIN] VideoGameSmash12 [STA]: I'm curious on how they're made
[22:31:31] [Client thread/INFO]: [CHAT] Gall_Bladder joined the game
[22:31:36] [Client thread/INFO]: [CHAT] [TotalFreedom] Player vs player while in creative or god mode is forbidden!
[22:31:38] [Client thread/INFO]: [CHAT] Block edits at (x-347, y51, z-274):
[22:31:38] [Client thread/INFO]: [CHAT]  - Ballora placed Bedrock
[22:31:39] [Client thread/INFO]: [CHAT] Block edits at (x-347, y51, z-273):
[22:31:39] [Client thread/INFO]: [CHAT]  - Ballora placed Bedrock
[22:31:39] [Client thread/INFO]: [CHAT] Block edits at (x-347, y51, z-273):
[22:31:39] [Client thread/INFO]: [CHAT]  - Ballora placed Bedrock
[22:31:43] [Client thread/INFO]: [CHAT] [ADMIN] AcidicCyanide [SrA]: can we trust ops to make them.
[22:31:50] [Client thread/INFO]: [CHAT] <_KauanTheBoy_> hey
[22:31:55] [Client thread/INFO]: [CHAT] [ADMIN] VideoGameSmash12 [STA]: I'm watching them do it
[22:32:06] [Client thread/INFO]: [CHAT] [ADMIN] VideoGameSmash12 [STA]: they aren't fuckign up the server
[22:32:08] [Client thread/INFO]: [CHAT] [ADMIN] AcidicCyanide [SrA]: your responsibility then.
[22:32:20] [Client thread/INFO]: [CHAT] [STA] <VideoGameSmash12> zxcv98741 ehh
[22:32:24] [Client thread/INFO]: [CHAT] omar left the game.
[22:32:30] [Client thread/INFO]: [CHAT] [STA] <VideoGameSmash12> I don't think this can be done
[22:32:43] [Client thread/INFO]: [CHAT] IBuyTacosFromKFC joined the game
[22:32:43] [Client thread/INFO]: [CHAT] Welcome IBuyTacosFromKFC to the server!
[22:32:48] [Client thread/INFO]: [CHAT] <FFEND> so
[22:32:51] [Client thread/INFO]: [CHAT] <FFEND> KFC sucks xd
[22:33:00] [Client thread/INFO]: [CHAT] [STA] <VideoGameSmash12> this is slow
[22:33:04] [Client thread/INFO]: [CHAT] [STA] <VideoGameSmash12> but dope
[22:33:08] [Client thread/INFO]: [CHAT] IBuyTacosFromKFC left the game.
[22:33:10] [Client thread/INFO]: [CHAT] [Redstoner] <Ballora> 0_0
[22:33:22] [Client thread/INFO]: [CHAT] [Server:AcidicCyanide] Whoops
[22:33:25] [Client thread/INFO]: [CHAT] [STA] <VideoGameSmash12> GINFR
[22:33:28] [Client thread/INFO]: [CHAT] <watermelon623> make it faster?
[22:33:30] [Client thread/INFO]: [CHAT] Rosa_prosapia joined the game
[22:33:30] [Client thread/INFO]: [CHAT] Welcome Rosa_prosapia to the server!
[22:33:36] [Client thread/INFO]: [CHAT] <FFEND> K.
[22:33:40] [Client thread/INFO]: [CHAT] <FFEND> wut
[22:33:43] [Client thread/INFO]: [CHAT] <Rosa_prosapia> Hi
[22:33:45] [Client thread/INFO]: [CHAT] [Redstoner] <Ballora> yay it work back
[22:33:52] [Client thread/INFO]: [CHAT] [ADMIN] VideoGameSmash12 [STA]: I'm honestly baffled on how it works
[22:33:52] [Client thread/INFO]: [CHAT] _KauanTheBoy_ fell out of the world
[22:33:55] [Client thread/INFO]: [CHAT] IBuyTacosFromKFC joined the game
[22:33:55] [Client thread/INFO]: [CHAT] Firebreath507 joined the game
[22:33:55] [Client thread/INFO]: [CHAT] Welcome Firebreath507 to the server!
[22:33:59] [Client thread/INFO]: [CHAT] [ADMIN] AcidicCyanide [SrA]: lol
[22:34:03] [Client thread/INFO]: [CHAT] _KauanTheBoy_ died
[22:34:03] [Client thread/INFO]: [CHAT] Player _KauanTheBoy_ took their own life.
[22:34:05] [Client thread/INFO]: [CHAT] < Rosa> Lag machine
[22:34:15] [Client thread/INFO]: [CHAT] [ADMIN] AcidicCyanide [SrA]: i'ts just going throught the bedrock as if it was a clock
[22:34:21] [Client thread/INFO]: [CHAT] [ADMIN] VideoGameSmash12 [STA]: I know that but
[22:34:23] [Client thread/INFO]: [CHAT] [ADMIN] AcidicCyanide [SrA]: you could do it without the bedrock.
[22:34:26] [Client thread/INFO]: [CHAT] [ADMIN] VideoGameSmash12 [STA]: those griefing types
[22:34:31] [Client thread/INFO]: [CHAT] [ADMIN] VideoGameSmash12 [STA]: you know those
[22:34:36] [Client thread/INFO]: [CHAT] [ADMIN] VideoGameSmash12 [STA]: that move themselves
[22:34:50] [Client thread/INFO]: [CHAT] [ADMIN] VideoGameSmash12 [STA]: how the fuck are those made
[22:35:02] [Client thread/INFO]: [CHAT] [SrA] <AcidicCyanide> Watermelon.
[22:35:11] [Client thread/INFO]: [CHAT] <watermelon623> yeah
[22:35:13] [Client thread/INFO]: [CHAT] [SrA] <AcidicCyanide> I didn't ask you to help, so please don't.
[22:35:17] [Client thread/INFO]: [CHAT] <watermelon623> ok
[22:35:18] [Client thread/INFO]: [CHAT] <watermelon623> srry
[22:35:22] [Client thread/INFO]: [CHAT] <FFEND> og
[22:35:25] [Client thread/INFO]: [CHAT] <FFEND> pisron lag
[22:35:27] [Client thread/INFO]: [CHAT] <FFEND> piston
[22:35:35] [Client thread/INFO]: [CHAT] < Rosa> All of this is lagging me smh
[22:35:38] [Client thread/INFO]: [CHAT] <FFEND> ye
[22:35:43] [Client thread/INFO]: [CHAT] zxcv98741 left the game.
[22:35:48] [Client thread/INFO]: [CHAT] zxcv98741 joined the game
[22:35:53] [Client thread/INFO]: [CHAT] <FFEND> lagggggg
[22:35:54] [Client thread/INFO]: [CHAT] [STA] <VideoGameSmash12> ey
[22:35:56] [Client thread/INFO]: [CHAT] < Rosa> Christ
[22:36:02] [Client thread/INFO]: [CHAT] <FFEND> 19.63
[22:36:04] [Client thread/INFO]: [CHAT] [STA] <VideoGameSmash12> slow down the pistons
[22:36:07] [Client thread/INFO]: [CHAT] <FFEND> 19.63 < 19.69
[22:36:12] [Client thread/INFO]: [CHAT] [STA] <VideoGameSmash12> when one is on
[22:36:13] [Client thread/INFO]: [CHAT] < Rosa> Or just take them away as a whole..
[22:36:20] [Client thread/INFO]: [CHAT] [STA] <VideoGameSmash12> turn off the other
[22:36:29] [Client thread/INFO]: [CHAT] * Vokesta is now AFK.
[22:36:31] [Client thread/INFO]: [CHAT] DaOneForce joined the game
[22:36:31] [Client thread/INFO]: [CHAT] Welcome DaOneForce to the server!
[22:36:48] [Client thread/INFO]: [CHAT] [STA] <VideoGameSmash12> I need assistance in one redstone thing
[22:36:58] [Client thread/INFO]: [CHAT] [ADMIN] VideoGameSmash12 [STA]: Holy fucking shit
[22:37:09] [Client thread/INFO]: [CHAT] [ADMIN] VideoGameSmash12 [STA]: Minecraft: Xbox 360 Edition
[22:37:14] [Client thread/INFO]: [CHAT] killer937 joined the game
[22:37:14] [Client thread/INFO]: [CHAT] Welcome killer937 to the server!
[22:37:25] [Client thread/INFO]: [CHAT] [ADMIN] VideoGameSmash12 [STA]: I am being asked to download 1GB
[22:37:29] [Client thread/INFO]: [CHAT] Ballora left the game.
[22:37:32] [Client thread/INFO]: [CHAT] [ADMIN] VideoGameSmash12 [STA]: of update(s)
[22:37:35] [Client thread/INFO]: [CHAT] [ADMIN] VideoGameSmash12 [STA]: Jesus
[22:38:00] [Client thread/INFO]: [CHAT] <killer937> is there a way to get a command block?
[22:38:05] [Client thread/INFO]: [CHAT] [STA] <VideoGameSmash12> you know those aircrafts
[22:38:05] [Client thread/INFO]: [CHAT] Cozmo joined the game
[22:38:05] [Client thread/INFO]: [CHAT] Welcome Cozmo to the server!
[22:38:06] [Client thread/INFO]: [CHAT] <FFEND> no
[22:38:09] [Client thread/INFO]: [CHAT] <FFEND> cmd are disable
[22:38:18] [Client thread/INFO]: [CHAT] [STA] <VideoGameSmash12> ok
[22:38:21] [Client thread/INFO]: [CHAT] <killer937> oh is there a way to get it unabled?
[22:38:22] [Client thread/INFO]: [CHAT] [STA] <VideoGameSmash12> that's cool
[22:38:26] [Client thread/INFO]: [CHAT] <FFEND> no#
[22:38:28] [Client thread/INFO]: [CHAT] <Cozmo> VideoGameSmash12
[22:38:30] [Client thread/INFO]: [CHAT] <killer937> great...
[22:38:32] [Client thread/INFO]: [CHAT] killer937 left the game.
[22:38:33] [Client thread/INFO]: [CHAT] FFEND - Opping Cozmo
[22:38:36] [Client thread/INFO]: [CHAT] FFEND - Opping DaOneForce
[22:38:48] [Client thread/INFO]: [CHAT] < Rosa> All of these are causing lag for me
[22:38:57] [Client thread/INFO]: [CHAT] [STA] <VideoGameSmash12> guys stop the redstone
[22:38:58] [Client thread/INFO]: [CHAT] <FFEND> ye people ask cmd block are enable because they want to grief the server by doing a
[22:39:00] [Client thread/INFO]: [CHAT] <Cozmo> this is a wise server
[22:39:00] [Client thread/INFO]: [CHAT] [STA] <VideoGameSmash12> for now
[22:39:12] [Client thread/INFO]: [CHAT] <FFEND> -> /sys add <the people who try to grief>
[22:39:13] [Client thread/INFO]: [CHAT] [STA] <VideoGameSmash12> sorry but people are lagging
[22:39:17] [Client thread/INFO]: [CHAT] Unknown command. Type "/help" for help.
[22:39:26] [Client thread/INFO]: [CHAT] <Cozmo> admins op players here right?
[22:39:31] [Client thread/INFO]: [CHAT] VideoGameSmash12 - Opping all players on the server
[22:39:31] [Client thread/INFO]: [CHAT] You are now op!
[22:39:34] [Client thread/INFO]: [CHAT] [STA] <VideoGameSmash12> thanks
[22:39:44] [Client thread/INFO]: [CHAT] [ADMIN] VideoGameSmash12 [STA]: Now this
[22:39:48] [Client thread/INFO]: [CHAT] <FFEND> omg cool
[22:39:49] [Client thread/INFO]: [CHAT] [ADMIN] VideoGameSmash12 [STA]: Is fucking cool
[22:39:51] [Client thread/INFO]: [CHAT] <Inparsian> i did it
[22:39:57] [Client thread/INFO]: [CHAT] <Inparsian> wow
[22:40:06] [Client thread/INFO]: [CHAT] omar joined the game
[22:40:06] [Client thread/INFO]: [CHAT] <Cozmo> hey VideoGameSmash12
[22:40:10] [Client thread/INFO]: [CHAT] [STA] <VideoGameSmash12> yeah?
[22:40:17] [Client thread/INFO]: [CHAT] <Inparsian> I love this redstone invention :D
[22:40:21] [Client thread/INFO]: [CHAT] [ADMIN] AcidicCyanide [SrA]: I wonder..
[22:40:25] [Client thread/INFO]: [CHAT] [STA] <VideoGameSmash12> kind of a research
[22:40:27] [Client thread/INFO]: [CHAT] <Cozmo> are &n &m prohibited here too?
[22:40:34] [Client thread/INFO]: [CHAT] <FFEND> and &k and &0
[22:40:36] [Client thread/INFO]: [CHAT] [STA] <VideoGameSmash12> ehhh
[22:40:46] [Client thread/INFO]: [CHAT] <Cozmo> &0 is black
[22:40:48] [Client thread/INFO]: [CHAT] [STA] <VideoGameSmash12> underline and black shouldn't be against the rules
[22:40:51] [Client thread/INFO]: [CHAT] omar left the game.
[22:40:52] [Client thread/INFO]: [CHAT] < FF_CCCCCC> Gall_Bladder thay doesn't work nah
[22:41:01] [Client thread/INFO]: [CHAT] [STA] <VideoGameSmash12> Now for one of these fuckers
[22:41:01] [Client thread/INFO]: [CHAT] <Cozmo> yeah
[22:41:14] [Client thread/INFO]: [CHAT] <Cozmo> ...
[22:41:20] [Client thread/INFO]: [CHAT] <watermelon623> Tapu Koko
[22:41:22] [Client thread/INFO]: [CHAT] [STA] <VideoGameSmash12> I mean the planes
[22:41:23] [Client thread/INFO]: [CHAT] < FF_CCCCCC> AcidicCyanide the piston will push the mincart off
[22:41:31] [Client thread/INFO]: [CHAT] <Inparsian> Spring
[22:41:40] [Client thread/INFO]: [CHAT] Gall_Bladder left the game.
[22:41:44] [Client thread/INFO]: [CHAT] < Hello> .
[22:41:47] [Client thread/INFO]: [CHAT] [TotalFreedom] Spawn killing is forbidden!
[22:42:09] [Client thread/INFO]: [CHAT] < FF_CCCCCC> whoops
[22:42:11] [Client thread/INFO]: [CHAT] [Server:AcidicCyanide] GUYS
[22:42:16] [Client thread/INFO]: [CHAT] [SrA] <AcidicCyanide> Stop changing shit that isn't yours.
[22:42:17] [Client thread/INFO]: [CHAT] < Rosa> Yes?
[22:42:34] [Client thread/INFO]: [CHAT] < FF_CCCCCC> floAuction cool idea
[22:42:39] [Client thread/INFO]: [CHAT] <floAuction> isnt it
[22:42:40] [Client thread/INFO]: [CHAT] < FF_CCCCCC> wait no
[22:42:43] [Client thread/INFO]: [CHAT] <floAuction> so creative
[22:42:44] [Client thread/INFO]: [CHAT] * Vokesta is no longer AFK.
[22:42:45] [Client thread/INFO]: [CHAT] < FF_CCCCCC> zxcv98741 cool idea
[22:42:49] [Client thread/INFO]: [CHAT] <floAuction> like whoever would think of this
[22:42:56] [Client thread/INFO]: [CHAT] <floAuction> me of course
[22:43:03] [Client thread/INFO]: [CHAT] < Cozmo> VideoGameSmash12 what do you mean underline this &m or this &n
[22:43:10] [Client thread/INFO]: [CHAT] < FF_CCCCCC> underline is &n
[22:43:13] [Client thread/INFO]: [CHAT] < Hello> &1ws
[22:43:15] [Client thread/INFO]: [CHAT] < Cozmo> kk
[22:43:16] [Client thread/INFO]: [CHAT] < FF_CCCCCC> Cozmo no &0
[22:43:25] [Client thread/INFO]: [CHAT] <Inparsian> I made a redstone clock that is slow
[22:43:27] [Client thread/INFO]: [CHAT] < FF_CCCCCC> shit wrong nick
[22:43:31] [Client thread/INFO]: [CHAT] <Inparsian> 0.7 ticks per block XD
[22:43:32] [Client thread/INFO]: [CHAT] < Hello> &0
[22:43:43] [Client thread/INFO]: [CHAT] < CC_FFFFFF> alright it's now
[22:43:45] [Client thread/INFO]: [CHAT] [ADMIN] VideoGameSmash12 [STA]: ?
[22:43:46] [Client thread/INFO]: [CHAT] < CC_FFFFFF> not FF_CCCCCC
[22:43:52] [Client thread/INFO]: [CHAT] [ADMIN] Incolumis [Console]: hello
[22:43:57] [Client thread/INFO]: [CHAT] [ADMIN] VideoGameSmash12 [STA]: O.O
[22:44:00] [Client thread/INFO]: [CHAT] [STA] <VideoGameSmash12> jesus
[22:44:14] [Client thread/INFO]: [CHAT] < CC_FFFFFF> look
[22:44:15] [Client thread/INFO]: [CHAT] AcidicCyanide - Purging all player data
[22:44:18] [Client thread/INFO]: [CHAT] < CC_FFFFFF> a glitch
[22:44:20] [Client thread/INFO]: [CHAT] zxcv98741 left the game.
[22:44:45] [Client thread/INFO]: [CHAT] CitySneaks joined the game
[22:44:45] [Client thread/INFO]: [CHAT] Welcome CitySneaks to the server!
[22:44:52] [Client thread/INFO]: [CHAT] < CC_FFFFFF> hopper.
[22:44:58] [Client thread/INFO]: [CHAT] <Inparsian> I stopped the clock
[22:45:03] [Client thread/INFO]: [CHAT] < CC_FFFFFF> block?
[22:45:06] [Client thread/INFO]: [CHAT] < CC_FFFFFF> clock*
[22:45:11] [Client thread/INFO]: [CHAT] < Cozmo> VideoGameSmash12 on a scale of 1-10 how many griefers do you see everyday
[22:45:17] [Client thread/INFO]: [CHAT] < CC_FFFFFF> 10**
[22:45:19] [Client thread/INFO]: [CHAT] <CitySneaks> when someone steals the spawn I made
[22:45:19] [Client thread/INFO]: [CHAT] < CC_FFFFFF> must 10
[22:45:20] [Client thread/INFO]: [CHAT] [STA] <VideoGameSmash12> 10
[22:45:23] [Client thread/INFO]: [CHAT] < CC_FFFFFF> ye
[22:45:24] [Client thread/INFO]: [CHAT] <Inparsian> Ok
[22:45:27] [Client thread/INFO]: [CHAT] < Cozmo> wow
[22:45:33] [Client thread/INFO]: [CHAT] < CC_FFFFFF> Cozmo no &n
[22:45:35] [Client thread/INFO]: [CHAT] <CitySneaks> changes the whole damn thing
[22:45:36] [Client thread/INFO]: [CHAT] < CC_FFFFFF> Cozmo no &n and &0
[22:45:41] [Client thread/INFO]: [CHAT] <CitySneaks> what the fuck
[22:45:50] [Client thread/INFO]: [CHAT] < CC_FFFFFF> wtf
[22:45:51] [Client thread/INFO]: [CHAT] < Cozmo> VideoGameSmash12 said its allowed
[22:45:57] [Client thread/INFO]: [CHAT] < CC_FFFFFF> &n allow?
[22:46:00] [Client thread/INFO]: [CHAT] [ADMIN] VideoGameSmash12 [STA]: I think I have the flu
[22:46:00] [Client thread/INFO]: [CHAT] < CC_FFFFFF> ???
[22:46:04] [Client thread/INFO]: [CHAT] < Cozmo> yeah sorta
[22:46:09] [Client thread/INFO]: [CHAT] < CC_FFFFFF> no
[22:46:12] [Client thread/INFO]: [CHAT] < Cozmo> just look ^
[22:46:19] [Client thread/INFO]: [CHAT] < CC_FFFFFF> the other sa doesn't know.
[22:46:22] [Client thread/INFO]: [CHAT] Red_creeper_ joined the game
[22:46:32] [Client thread/INFO]: [CHAT] < CC_FFFFFF> they will remove the &n in your nick
[22:46:35] [Client thread/INFO]: [CHAT] <Red_creeper_> hi all
[22:46:37] [Client thread/INFO]: [CHAT] <Inparsian> Admin?
[22:46:39] [Client thread/INFO]: [CHAT] [STA] <VideoGameSmash12> gonna go to bed now
[22:46:44] [Client thread/INFO]: [CHAT] [ADMIN] VideoGameSmash12 [STA]: good night