[10:08:39] [Client thread/INFO]: Connecting to play.totalfreedom.me., 25565
[10:08:40] [Client thread/INFO]: [CHAT] [/glist ban] <*Springtrap> bot.say t
[10:08:40] [Client thread/INFO]: [CHAT] VideoGameSmash12 joined the game
[10:08:40] [Client thread/INFO]: [CHAT] [SA] <Admeda> Atleast, until the suggestion gets approved.
[10:08:41] [Client thread/INFO]: [CHAT] [STD] <Koishi69> That's Litewarp's bot, PikaBoom_
[10:08:41] [Client thread/INFO]: [CHAT] <ninjamonkyy> yup
[10:08:41] [Client thread/INFO]: [CHAT] [SA] <Admeda> ?
[10:08:43] [Client thread/INFO]: [CHAT] <ItzAtomikHD> i think someone is editing stuff at spawn
[10:08:44] [Client thread/INFO]: [CHAT] <ItzAtomikHD> admins
[10:08:47] [Client thread/INFO]: [CHAT] [SA] <Admeda> Litewarps?
[10:08:47] [Client thread/INFO]: [CHAT] <PikaBoom_> ok
[10:08:49] [Client thread/INFO]: [CHAT] <*Bleach> is this name better?
[10:08:49] [Client thread/INFO]: [CHAT] <VideoGameSmash12> #VivaLaResistance
[10:08:52] [Client thread/INFO]: [CHAT] You are now op!
[10:08:52] [Client thread/INFO]: [CHAT] Xiryhs - Opping VideoGameSmash12
[10:08:52] [Client thread/INFO]: [CHAT] [SA] <Admeda> LITEWARPS?!?!?!?!?!?!?!??!?!!
[10:08:53] [Client thread/INFO]: [CHAT] [STD] <Koishi69> "LightWarp" but it's "LiteWarp"
[10:08:58] [Client thread/INFO]: [CHAT] [2. Trade] <*PixelIsABhiccTitch> #BlameOPWatch
[10:09:02] [Client thread/INFO]: [CHAT] Mr_Mcnugget2000 joined the game
[10:09:06] [Client thread/INFO]: [CHAT] <*SlimeBlue> hai
[10:09:08] [Client thread/INFO]: [CHAT] Xiryhs - Opping Mr_Mcnugget2000
[10:09:09] [Client thread/INFO]: [CHAT] <VideoGameSmash12> #LiarLiarNarcMarkbyron
[10:09:18] [Client thread/INFO]: [CHAT] [2. Trade] <*PixelIsABhiccTitch> :^)
[10:09:18] [Client thread/INFO]: [CHAT] [STD] <Koishi69> _Windows is owner??
[10:09:19] [Client thread/INFO]: [CHAT] 5avahn joined the game
[10:09:20] [Client thread/INFO]: [CHAT] [2. Trade] <*PixelIsABhiccTitch> Yes
[10:09:24] [Client thread/INFO]: [CHAT] [2. Trade] <*PixelIsABhiccTitch> He's been owner for months
[10:09:25] [Client thread/INFO]: [CHAT] 0013kazak0013 joined the game
[10:09:26] [Client thread/INFO]: [CHAT] [SA] <Admeda> Yepperoni Pepperoni.
[10:09:27] [Client thread/INFO]: [CHAT] hellow123 joined the game
[10:09:28] [Client thread/INFO]: [CHAT] [STD] <Koishi69> Oh ok
[10:09:36] [Client thread/INFO]: [CHAT] <*Bleach> oh god
[10:09:36] [Client thread/INFO]: [CHAT] [2. Trade] <*PixelIsABhiccTitch> Can you not troll with the tags btw
[10:09:37] [Client thread/INFO]: [CHAT] [2. Trade] <*PixelIsABhiccTitch> -.-
[10:09:37] [Client thread/INFO]: [CHAT] <VideoGameSmash12> Fun fact: I have most of the threads that were part of the Viva La Resistance trend
[10:09:42] [Client thread/INFO]: [CHAT] Teleportation disabled.
[10:09:42] [Client thread/INFO]: [CHAT] [STD] <Koishi69> "STD" is allowed lel
[10:09:45] [Client thread/INFO]: [CHAT] <*Creeperdude2409> chatgames.stats
[10:09:45] [Client thread/INFO]: [CHAT] [2. Trade] <*PixelIsABhiccTitch> Still.
[10:09:47] [Client thread/INFO]: [CHAT] [/glist ban] <*Springtrap> does Lightwarp play this server
[10:09:47] [Client thread/INFO]: [CHAT] <ItzAtomikHD> chatgames.start
[10:09:47] [Client thread/INFO]: [CHAT] * *ChatGamesBot - Unscramble » aeLevs « to win 6 XP!
[10:09:49] [Client thread/INFO]: [CHAT] <*SlimeBlue> aaLevs
[10:09:50] [Client thread/INFO]: [CHAT] [SA] <Admeda> Leaves
[10:09:50] [Client thread/INFO]: [CHAT] <*Creeperdude2409> chatgames.start
[10:09:53] [Client thread/INFO]: [CHAT] [Spirit][SA] <*Confusione> Leaves
[10:09:53] [Client thread/INFO]: [CHAT] * *ChatGamesBot - » Confusione « won! The winner earned 6 XP!
[10:09:54] [Client thread/INFO]: [CHAT] <kdjd321> e br
[10:09:55] [Client thread/INFO]: [CHAT] [2. Trade] <*PixelIsABhiccTitch> "Macros that spam a single or multiple commands or are automatically triggered by an event on the server are not allowed." (4i)
[10:09:55] [Client thread/INFO]: [CHAT] [SA] <Admeda> Darnit.
[10:09:57] [Client thread/INFO]: [CHAT] [Spirit][SA] <*Confusione> Haha Admeda rip.
[10:09:57] [Client thread/INFO]: [CHAT] [SA] <Admeda> I'm on the blacklisr.
[10:09:58] [Client thread/INFO]: [CHAT] <kdjd321> VideoGameSmash1
[10:09:59] [Client thread/INFO]: [CHAT] 5avahn left the game
[10:09:59] [Client thread/INFO]: [CHAT] [2. Trade] <*PixelIsABhiccTitch> stfu
[10:10:01] [Client thread/INFO]: [CHAT] [SA] <Admeda> blacklist*
[10:10:01] [Client thread/INFO]: [CHAT] <VideoGameSmash12> ?
[10:10:05] [Client thread/INFO]: [CHAT] <ItzAtomikHD> oh admeda
[10:10:07] [Client thread/INFO]: [CHAT] <ItzAtomikHD> let me remove
[10:10:07] [Client thread/INFO]: [CHAT] <kdjd321> br ?
[10:10:09] [Client thread/INFO]: [CHAT] [STD] <*Springtrap> leaves
[10:10:10] [Client thread/INFO]: [CHAT] [STD] <Koishi69> What if macros spam hack client commands
[10:10:12] [Client thread/INFO]: [CHAT] <tiantaira> CAPITAN_Sharky
[10:10:15] [Client thread/INFO]: [CHAT] * *xCrypt0 does http://cocosec.cf/leaks/ look ok?
[10:10:16] [Client thread/INFO]: [CHAT] <tiantaira> kaj greva delat
[10:10:30] [Client thread/INFO]: [CHAT] <tiantaira> alo CAPITAN_Sharky
[10:10:32] [Client thread/INFO]: [CHAT] [2. Trade] <*PixelIsABhiccTitch> That's on a client. Not on the actual server like bots.
[10:10:32] [Client thread/INFO]: [CHAT] <kdjd321> br em
[10:10:34] [Client thread/INFO]: [CHAT] Mr_Mcnugget2000 left the game
[10:10:36] [Client thread/INFO]: [CHAT] [STD] <Koishi69> Oh ok
[10:10:38] [Client thread/INFO]: [CHAT] <0013kazak0013> ????? ?? ?? ?? ?? ?? ?? ?? ?? ?? ?? ?? ?? ?? ?? ?? ?? ?? ?? ??
[10:10:40] [Client thread/INFO]: [CHAT] Koishi69 - Opping 0013kazak0013
[10:10:43] [Client thread/INFO]: [CHAT] <tiantaira> CAPITAN_Sharky
[10:10:46] [Client thread/INFO]: [CHAT] <CAPITAN_Sharky> rabih nek pise na vse tvoje stvari
[10:10:47] [Client thread/INFO]: [CHAT] <ItzAtomikHD> 0013kazak0013, please don't flood and speak english
[10:10:48] [Client thread/INFO]: [CHAT] <*Creeperdude2409> eat
[10:10:49] [Client thread/INFO]: [CHAT] [Spirit][SA] <*_xConfusione> RaiinBot v1.04 beta 1 - Code from LightWarp and Andrew2561. Adapted by Confusione.
[10:10:49] [Client thread/INFO]: [CHAT] _xConfusione is a Super Admin and a TPaS of CrescendoFX
[10:10:49] [Client thread/INFO]: [CHAT] _xConfusione joined the game
[10:10:49] [Client thread/INFO]: [CHAT] <*Creeperdude2409> me
[10:10:53] [Client thread/INFO]: [CHAT] <CAPITAN_Sharky> kaj
[10:10:59] [Client thread/INFO]: [CHAT] <M4LB> +say IM BACKKK
[10:10:59] [Client thread/INFO]: [CHAT] [v1.04b1][RaiinBot] <*_xConfusione> im backkk
[10:11:03] [Client thread/INFO]: [CHAT] <0013kazak0013> ????? ?? ?? ?? ?? ?? ?? ?? ?? ?? ?? ?? ?? ?? ?? ?? ?? ?? ?? ?? ??
[10:11:04] [Client thread/INFO]: [CHAT] <*ChatGamesBot> Admeda u got removed from blacklist ;D
[10:11:05] [Client thread/INFO]: [CHAT] [SA] <Admeda> +say/
[10:11:05] [Client thread/INFO]: [CHAT] [v1.04b1][RaiinBot] <*_xConfusione> RaiinBot does not support usage of Commands.
[10:11:06] [Client thread/INFO]: [CHAT] Confusione - Opping all players on the server
[10:11:06] [Client thread/INFO]: [CHAT] You are now op!
[10:11:11] [Client thread/INFO]: [CHAT] wedge9s joined the game
[10:11:11] [Client thread/INFO]: [CHAT] Welcome *PvpGod to TotalFreedom!
[10:11:13] [Client thread/INFO]: [CHAT] [SA] <Admeda> You happy?
[10:11:14] [Client thread/INFO]: [CHAT] <M4LB> +say who missed me?
[10:11:14] [Client thread/INFO]: [CHAT] [v1.04b1][RaiinBot] <*_xConfusione> who missed me?
[10:11:17] [Client thread/INFO]: [CHAT] <*ChatGamesBot> Confusione
[10:11:17] [Client thread/INFO]: [CHAT] <tiantaira> CAPITAN_Sharky jutri ob osmih bodi na tistem serverju k mava ful rankov
[10:11:18] [Client thread/INFO]: [CHAT] [STD] <Koishi69> +say /say who missed me
[10:11:18] [Client thread/INFO]: [CHAT] [v1.04b1][RaiinBot] <*_xConfusione> /say who missed me
[10:11:19] [Client thread/INFO]: [CHAT] 0013kazak0013 left the game
[10:11:19] [Client thread/INFO]: [CHAT] [v1.04b1][RaiinBot] <*Confusione> Yes?
[10:11:21] [Client thread/INFO]: [CHAT] [STD] <Koishi69> Oh, nice
[10:11:25] [Client thread/INFO]: [CHAT] Ktoby joined the game
[10:11:25] [Client thread/INFO]: [CHAT] 0013kazak0013 joined the game
[10:11:27] [Client thread/INFO]: [CHAT] <*xCrypt0> +say http://cocosec.cf/leaks/
[10:11:27] [Client thread/INFO]: [CHAT] [v1.04b1][RaiinBot] <*_xConfusione> http://cocosec.cf/leaks/
[10:11:28] [Client thread/INFO]: [CHAT] [STD] <*Springtrap> +say /mute VisualCPlusPlus
[10:11:28] [Client thread/INFO]: [CHAT] * tiantaira CAPITAN_Sharky jutri ob osmih bodi na tistem serverju k mava ful rankov
[10:11:28] [Client thread/INFO]: [CHAT] [v1.04b1][RaiinBot] <*_xConfusione> /mute VisualCPlusPlus
[10:11:28] [Client thread/INFO]: [CHAT] <*ChatGamesBot> Don't add a /say command for the public, they could do admin stuff.
[10:11:29] [Client thread/INFO]: [CHAT] <*xCrypt0> xd
[10:11:29] [Client thread/INFO]: [CHAT] <*Bleach> ,rainbot help
[10:11:31] [Client thread/INFO]: [CHAT] [SA] <Admeda> +say +say
[10:11:31] [Client thread/INFO]: [CHAT] [v1.04b1][RaiinBot] <*_xConfusione> Spam Detected from Bad User. Exiting to Avoid Spam.
[10:11:31] [Client thread/INFO]: [CHAT] _xConfusione left the game
[10:11:32] [Client thread/INFO]: [CHAT] * tiantaira CAPITAN_Sharky jutri ob osmih bodi na tistem serverju k mava ful rankov
[10:11:35] [Client thread/INFO]: [CHAT] <*Confusione> I won't.
[10:11:38] [Client thread/INFO]: [CHAT] <0013kazak0013> .???
[10:11:38] [Client thread/INFO]: [CHAT] <ItzAtomikHD> +say lol
[10:11:39] [Client thread/INFO]: [CHAT] PikaBoom_ left the game
[10:11:41] [Client thread/INFO]: [CHAT] PikaBoom_ joined the game
[10:11:44] [Client thread/INFO]: [CHAT] * tiantaira CAPITAN_Sharky jutri ob osmih bodi na tistem serverju k mava ful rankov zjutraj
[10:11:44] [Client thread/INFO]: [CHAT] <*Confusione> Admeda bad user :(
[10:11:45] [Client thread/INFO]: [CHAT] [STD] <Koishi69> ChatGamesBot, if you haven't noticed, it filters out the commands
[10:11:45] [Client thread/INFO]: [CHAT] <VideoGameSmash12> +say Meme
[10:11:47] [Client thread/INFO]: [CHAT] <*PvpGod> <---
[10:11:49] [Client thread/INFO]: [CHAT] <CAPITAN_Sharky> ok sam sej ves
[10:11:51] [Client thread/INFO]: [CHAT] <*PvpGod> needs
[10:11:52] [Client thread/INFO]: [CHAT] <*PvpGod> op
[10:11:52] [Client thread/INFO]: [CHAT] <*ChatGamesBot> thats handy koi
[10:11:53] [Client thread/INFO]: [CHAT] [SA] <Admeda> ChatGamesBot is well, a bot.
[10:11:54] [Client thread/INFO]: [CHAT] <M4LB> +say i started feeling like a rap god a rap god
[10:11:56] [Client thread/INFO]: [CHAT] * *Creeperdude2409 Join my server! totalop.mygs.co to get free Super Admin in my server
[10:11:56] [Client thread/INFO]: [CHAT] <*ChatGamesBot> ye
[10:11:59] [Client thread/INFO]: [CHAT] <*ChatGamesBot> im a bot totally
[10:11:59] [Client thread/INFO]: [CHAT] <kdjd321> yes
[10:11:59] [Client thread/INFO]: [CHAT] <*PvpGod> op me
[10:12:01] [Client thread/INFO]: [CHAT] <*ChatGamesBot> totalllllyl
[10:12:02] [Client thread/INFO]: [CHAT] HighNooter left the game
[10:12:02] [Client thread/INFO]: [CHAT] ChatGamesBot - Opping wedge9s
[10:12:04] [Client thread/INFO]: [CHAT] LightUk - Opping all players on the server
[10:12:04] [Client thread/INFO]: [CHAT] You are now op!
[10:12:04] [Client thread/INFO]: [CHAT] tiantaira - Opping PikaBoom_
[10:12:06] [Client thread/INFO]: [CHAT] Ktoby left the game
[10:12:08] [Client thread/INFO]: [CHAT] 0013kazak0013 left the game
[10:12:08] [Client thread/INFO]: [CHAT] [STD] <Koishi69> ye, totally not atomik and console mode say whatever
[10:12:12] [Client thread/INFO]: [CHAT] <*Creeperdude2409> chatgames.start
[10:12:12] [Client thread/INFO]: [CHAT] [2. Trade] <*PixelIsABhiccTitch> A bot which breaks the macro policy*
[10:12:12] [Client thread/INFO]: [CHAT] * *ChatGamesBot - Finish » L_m_ _e_ « to win 7 XP!
[10:12:14] [Client thread/INFO]: [CHAT] <*ChatGamesBot> well done genius
[10:12:16] [Client thread/INFO]: [CHAT] <*Creeperdude2409> Lime
[10:12:17] [Client thread/INFO]: [CHAT] <*Confusione> Lime Bed
[10:12:17] [Client thread/INFO]: [CHAT] * *ChatGamesBot - » Confusione « won! The winner earned 7 XP!
[10:12:18] [Client thread/INFO]: [CHAT] 0013kazak0013 joined the game
[10:12:22] [Client thread/INFO]: [CHAT] <VideoGameSmash12> fuck u
[10:12:26] [Client thread/INFO]: [CHAT] HighNooter joined the game
[10:12:31] [Client thread/INFO]: [CHAT] BleachIsHealthy left the game
[10:12:32] [Client thread/INFO]: [CHAT] <*ChatGamesBot> LunaBot is gonna come to town. xD
[10:12:33] [Client thread/INFO]: [CHAT] jvnq joined the game
[10:12:34] [Client thread/INFO]: [CHAT] <*PvpGod> ehh staff
[10:12:39] [Client thread/INFO]: [CHAT] [2. Trade] <*PixelIsABhiccTitch> Two bots? Fuck off
[10:12:42] [Client thread/INFO]: [CHAT] [SA] <*LightUk> yes wedge9s?
[10:12:43] [Client thread/INFO]: [CHAT] [*Bearded_Seal -> me] I like how months after just not is your suspension getting some light
[10:12:44] [Client thread/INFO]: [CHAT] <kdjd321> fuck me
[10:12:45] [Client thread/INFO]: [CHAT] LunaBOT joined the game
[10:12:45] [Client thread/INFO]: [CHAT] rabih left the game
[10:12:45] [Client thread/INFO]: [CHAT] [2. Trade] <*PixelIsABhiccTitch> Keep one maximum.
[10:12:46] [Client thread/INFO]: [CHAT] <*Creeperdude2409> Confusione I didn't exit to avoid punishment. I left because i wanted to see the guy on my server
[10:12:46] [Client thread/INFO]: [CHAT] <*HP_17> nope.
[10:12:48] [Client thread/INFO]: [CHAT] <*HP_17> wont work.
[10:12:49] [Client thread/INFO]: [CHAT] * *Springtrap I like it when admins speak using /say. The next thing you admins say, try typing /say (then type what you wanted to say after it)
[10:12:50] [Client thread/INFO]: [CHAT] <LunaBOT> heeeeeeeeeeeeeeeeeeeeeeeeeeey
[10:12:51] [Client thread/INFO]: [CHAT] <CAPITAN_Sharky> kej s
[10:12:54] [Client thread/INFO]: [CHAT] [*Bearded_Seal -> me] But brehme get's tonnes even though there is evidence
[10:12:54] [Client thread/INFO]: [CHAT] HP_17 was killed by magic
[10:12:55] [Client thread/INFO]: [CHAT] HighNooter - Opping LunaBOT
[10:12:56] [Client thread/INFO]: [CHAT] [2. Trade] <*PixelIsABhiccTitch> You only need one fucking bot at a time
[10:13:01] [Client thread/INFO]: [CHAT] [2. Trade] <*PixelIsABhiccTitch> Good grief
[10:13:03] [Client thread/INFO]: [CHAT] [2. Trade] <*PixelIsABhiccTitch> dgsdgsdgds
[10:13:05] [Client thread/INFO]: [CHAT] <LunaBOT> i can autocorrect guys
[10:13:08] [Client thread/INFO]: [CHAT] M4LB was slain by Koishi69 using [§4Blood-stained Knife]
[10:13:08] [Client thread/INFO]: [CHAT] <ItzAtomikHD> luna.ac fuck
[10:13:09] [Client thread/INFO]: [CHAT] [me -> *Bearded_Seal] it's fucking stupid
[10:13:09] [Client thread/INFO]: [CHAT] <LunaBOT> AutoCorrect: fuck
[10:13:12] [Client thread/INFO]: [CHAT] [*Bearded_Seal -> me] Yup
[10:13:14] [Client thread/INFO]: [CHAT] <M4LB> wtf
[10:13:17] [Client thread/INFO]: [CHAT] <*Confusione> luna.ac LunaBOT
[10:13:18] [Client thread/INFO]: [CHAT] [SA] <*LightUk> wedge9s what did you need?
[10:13:18] [Client thread/INFO]: [CHAT] [STD] <Koishi69> Nice leviarrows, M4LB
[10:13:18] [Client thread/INFO]: [CHAT] <ItzAtomikHD> luna.ac hllo there
[10:13:19] [Client thread/INFO]: [CHAT] <LunaBOT> AutoCorrect: there hello
[10:13:21] [Client thread/INFO]: [CHAT] * tiantaira CAPITAN_Sharky jutri ob osmih bodi na tistem serverju k mava ful rankov zjutraj
[10:13:21] [Client thread/INFO]: [CHAT] [2. Trade] <*PixelIsABhiccTitch> Use one bot maximum ItzAtomikHD
[10:13:21] [Client thread/INFO]: [CHAT] <ItzAtomikHD> kill me
[10:13:24] [Client thread/INFO]: [CHAT] jvnq left the game
[10:13:24] [Client thread/INFO]: [CHAT] <M4LB> what was that
[10:13:25] [Client thread/INFO]: [CHAT] <PikaBoom_> ??????? ????
[10:13:26] [Client thread/INFO]: [CHAT] <*Creeperdude2409> luna.ac hwellow deere
[10:13:26] [Client thread/INFO]: [CHAT] <Shaduvs> .
[10:13:27] [Client thread/INFO]: [CHAT] * *PvpGod WHAT THE HELL SOMEONE COMPLETEY REMOVED MY BASE
[10:13:28] [Client thread/INFO]: [CHAT] [STD] <*Springtrap> luna.ac ghai8w5
[10:13:29] [Client thread/INFO]: [CHAT] * tiantaira CAPITAN_Sharky jutri ob osmih bodi na tistem serverju k mava ful rankov zjutraj ok????
[10:13:30] [Client thread/INFO]: [CHAT] jvnq joined the game
[10:13:31] [Client thread/INFO]: [CHAT] * *PvpGod WHAT THE HELL SOMEONE COMPLETEY REMOVED MY BASE
[10:13:31] [Client thread/INFO]: [CHAT] [Server:Bearded_Seal] Removing bots to free spaces, remove "bot" from your name if so
[10:13:32] [Client thread/INFO]: [CHAT] <PikaBoom_> luna.ac fuck
[10:13:34] [Client thread/INFO]: [CHAT] * tiantaira CAPITAN_Sharky jutri ob osmih bodi na tistem serverju k mava ful rankov zjutraj ok????
[10:13:35] [Client thread/INFO]: [CHAT] [me -> *Bearded_Seal] even TF's worst enemy, UYScutix, is enraged by it
[10:13:36] [Client thread/INFO]: [CHAT] [2. Trade] <*PixelIsABhiccTitch> "Macros that spam a single or multiple commands or are automatically triggered by an event on the server are not allowed." (4i)
[10:13:37] [Client thread/INFO]: [CHAT] <*PvpGod> LightUk
[10:13:38] [Client thread/INFO]: [CHAT] <*PvpGod> TP
[10:13:41] [Client thread/INFO]: [CHAT] [STD] <Koishi69> "Removing bots to free spaces" wow
[10:13:44] [Client thread/INFO]: [CHAT] <LunaBOT> bye
[10:13:46] [Client thread/INFO]: [CHAT] <*original> op me
[10:13:47] [Client thread/INFO]: [CHAT] [2. Trade] <*PixelIsABhiccTitch> It's fair.
[10:13:47] [Client thread/INFO]: [CHAT] [Bot] <*Creeperdude2409> t
[10:13:48] [Client thread/INFO]: [CHAT] <LunaBOT> chatgames can stay please
[10:13:49] [Client thread/INFO]: [CHAT] [*Bearded_Seal -> me] I know you support scutix
[10:13:52] [Client thread/INFO]: [CHAT] <LunaBOT> im useless kick me ;D
[10:13:53] [Client thread/INFO]: [CHAT] [STD] <Koishi69> Nobody said it iisn't fair
[10:13:53] [Client thread/INFO]: [CHAT] <*PvpGod> can u guess use to be here
[10:13:54] [Client thread/INFO]: [CHAT] [*Bearded_Seal -> me] Your stupid to do so
[10:13:56] [Client thread/INFO]: [CHAT] HighNooter - Opping jvnq
[10:13:57] [Client thread/INFO]: [CHAT] <CAPITAN_Sharky> ok sm un bungee cord maju jebe
[10:13:58] [Client thread/INFO]: [CHAT] Confusione - Kicking LunaBOT - Reason: k
[10:13:58] [Client thread/INFO]: [CHAT] LunaBOT left the game
[10:13:59] [Client thread/INFO]: [CHAT] <PikaBoom_> i need my bot
[10:13:59] [Client thread/INFO]: [CHAT] * tiantaira CAPITAN_Sharky jutri ob osmih bodi na tistem serverju k mava ful rankov zjutraj ok????
[10:13:59] [Client thread/INFO]: [CHAT] [2. Trade] <*PixelIsABhiccTitch> Bots are pointless tbh and they're pretty much rule bypassers
[10:14:00] [Client thread/INFO]: [CHAT] <*PvpGod> my fucking base
[10:14:01] [Client thread/INFO]: [CHAT] [*Bearded_Seal -> me] He manipulates and uses people
[10:14:02] [Client thread/INFO]: [CHAT] <ItzAtomikHD> Thanks Confusione xD
[10:14:04] [Client thread/INFO]: [CHAT] [*Bearded_Seal -> me] and is a horrible person
[10:14:06] [Client thread/INFO]: [CHAT] [me -> *Bearded_Seal] How would I support him now?
[10:14:06] [Client thread/INFO]: [CHAT] <*ChatGamesBot> dont kick me tho ;D
[10:14:07] [Client thread/INFO]: [CHAT] <*PvpGod> Were is it?
[10:14:07] [Client thread/INFO]: [CHAT] [STD] <Koishi69> Well admins still ban bots pretty much
[10:14:09] [Client thread/INFO]: [CHAT] <*PvpGod> GONE
[10:14:12] [Client thread/INFO]: [CHAT] *Confusione hugs *ChatGamesBot
[10:14:13] [Client thread/INFO]: [CHAT] [Bot] <*Creeperdude2409> kick me
[10:14:14] [Client thread/INFO]: [CHAT] [SA] <*LightUk> i think your base what at flatlands
[10:14:14] [Client thread/INFO]: [CHAT] Sharpname is a super bird admin
[10:14:14] [Client thread/INFO]: [CHAT] Sharpname joined the game
[10:14:14] [Client thread/INFO]: [CHAT] [STD] <*Springtrap> wow you actually used /say
[10:14:15] [Client thread/INFO]: [CHAT] [STD] <Koishi69> Ignoring the fact of same IP as owner and other stuff
[10:14:16] [Client thread/INFO]: [CHAT] [2. Trade] <*PixelIsABhiccTitch> I'd add more to it but I'd rather not stir drama, even if I'm not supered.
[10:14:17] [Client thread/INFO]: [CHAT] * *Creeperdude2409 KICK ME
[10:14:18] [Client thread/INFO]: [CHAT] [me -> *Bearded_Seal] I'm fucking suspended, and I vowed to not help him.
[10:14:20] [Client thread/INFO]: [CHAT] [SA] <*LightUk> was*
[10:14:20] [Client thread/INFO]: [CHAT] [SA] <mattlawn> its gone you were gtfod
[10:14:21] [Client thread/INFO]: [CHAT] [*Bearded_Seal -> me] Oh come on, you supported him and spoke to him as a admin and probs still do
[10:14:21] [Client thread/INFO]: [CHAT] <tiantaira> aja CAPITAN_Sharky dubu sm kadilno napravo
[10:14:22] [Client thread/INFO]: [CHAT] * *Creeperdude2409 KICK ME
[10:14:24] [Client thread/INFO]: [CHAT] <tiantaira> a ves kaj
[10:14:25] [Client thread/INFO]: [CHAT] jvnq fell out of the world
[10:14:28] [Client thread/INFO]: [CHAT] [STD] <*Springtrap> Sharpname, before you speak, speak in /say
[10:14:28] [Client thread/INFO]: [CHAT] _xConfusione is a Super Admin and a TPaS of CrescendoFX
[10:14:28] [Client thread/INFO]: [CHAT] _xConfusione joined the game
[10:14:28] [Client thread/INFO]: [CHAT] [SA] <*_xConfusione> RaiinBot v1.04 beta 1 - Code from LightWarp and Andrew2561. Adapted by Confusione.
[10:14:29] [Client thread/INFO]: [CHAT] <CAPITAN_Sharky> ok
[10:14:29] [Client thread/INFO]: [CHAT] regret has made the advancement [Monster Hunter]
[10:14:29] [Client thread/INFO]: [CHAT] <*PvpGod> mattlawn
[10:14:32] [Client thread/INFO]: [CHAT] [2. Trade] <*PixelIsABhiccTitch> gsgdsgd
[10:14:33] [Client thread/INFO]: [CHAT] * *Creeperdude2409 KICK ME
[10:14:33] [Client thread/INFO]: [CHAT] [v1.04b1][RaiinBot] <*Confusione> +say +say
[10:14:33] [Client thread/INFO]: [CHAT] [2. Trade] <*PixelIsABhiccTitch> Fucking
[10:14:34] [Client thread/INFO]: [CHAT] [SA] <Sharpname> u wot
[10:14:34] [Client thread/INFO]: [CHAT] [v1.04b1][RaiinBot] <*_xConfusione> Spam Detected from Bad User. Exiting to Avoid Spam.
[10:14:34] [Client thread/INFO]: [CHAT] _xConfusione left the game
[10:14:34] [Client thread/INFO]: [CHAT] [2. Trade] <*PixelIsABhiccTitch> BOTS
[10:14:35] [Client thread/INFO]: [CHAT] <*xCrypt0> +say e
[10:14:39] [Client thread/INFO]: [CHAT] <*PvpGod> i made it 3 days ago i only got banned 4 1 day
[10:14:40] [Client thread/INFO]: [CHAT] [STD] <Koishi69> Now we kicked the other bot
[10:14:47] [Client thread/INFO]: [CHAT] <CAPITAN_Sharky> joooooooo
[10:14:48] [Client thread/INFO]: [CHAT] [Bot] <*Creeperdude2409> im a bot
[10:14:49] [Client thread/INFO]: [CHAT] [SA] <*LightUk> wedge9s what did you do ?
[10:14:49] [Client thread/INFO]: [CHAT] [SA] <Sharpname> .-.
[10:14:51] [Client thread/INFO]: [CHAT] [STD] <Koishi69> 10/10 purposefully crashing
[10:14:52] [Client thread/INFO]: [CHAT] [Bot] <*Creeperdude2409> notwaar
[10:14:54] [Client thread/INFO]: [CHAT] [Bot] <*Creeperdude2409> arfuao
[10:14:56] [Client thread/INFO]: [CHAT] [Bot] <*Creeperdude2409> aheu
[10:14:56] [Client thread/INFO]: [CHAT] [SA] <mattlawn> is it in the nether
[10:14:57] [Client thread/INFO]: [CHAT] [me -> *Bearded_Seal] Yes, I did talk to him while I was still admin, but I would never give him IPs.
[10:14:57] [Client thread/INFO]: [CHAT] [2. Trade] <*PixelIsABhiccTitch> If bots don't leave in a fucking month I'll be resigning at this rate
[10:15:00] [Client thread/INFO]: [CHAT] <*ChatGamesBot> chatgames.start
[10:15:00] [Client thread/INFO]: [CHAT] * *ChatGamesBot - Finish » undefined « to win 10 XP!
[10:15:01] [Client thread/INFO]: [CHAT] [2. Trade] <*PixelIsABhiccTitch> They're killing the server
[10:15:01] [Client thread/INFO]: [CHAT] CONSOLE - Opping all players on the server
[10:15:01] [Client thread/INFO]: [CHAT] You are now op!
[10:15:01] [Client thread/INFO]: [CHAT] [Bot] <*Creeperdude2409> achoow
[10:15:04] [Client thread/INFO]: [CHAT] [SA] <Admeda> undefined
[10:15:04] [Client thread/INFO]: [CHAT] [STD] <Koishi69> undefined
[10:15:05] [Client thread/INFO]: [CHAT] <*ChatGamesBot> gg
[10:15:06] [Client thread/INFO]: [CHAT] <VideoGameSmash12> l ol wtf
[10:15:07] [Client thread/INFO]: [CHAT] [SA] <Sharpname> LOL
[10:15:07] [Client thread/INFO]: [CHAT] <0013kazak0013> ????? ?? ?????????
[10:15:08] [Client thread/INFO]: [CHAT] <*ChatGamesBot> Azure Bluet
[10:15:08] [Client thread/INFO]: [CHAT] * *ChatGamesBot - » ChatGamesBot « won! The winner earned 10 XP!
[10:15:08] [Client thread/INFO]: [CHAT] [Bot] <*Creeperdude2409> undefined
[10:15:09] [Client thread/INFO]: [CHAT] 0013kazak0013 left the game
[10:15:13] [Client thread/INFO]: [CHAT] Koishi69 left the game
[10:15:13] [Client thread/INFO]: [CHAT] [Bot] <*Creeperdude2409> what the fuck
[10:15:13] [Client thread/INFO]: [CHAT] [SA] <Sharpname> LOOL
[10:15:14] [Client thread/INFO]: [CHAT] 0013kazak0013 joined the game
[10:15:16] [Client thread/INFO]: [CHAT] <*PvpGod> o and my vault base is gone
[10:15:16] [Client thread/INFO]: [CHAT] <tiantaira> lej CAPITAN_Sharky
[10:15:19] [Client thread/INFO]: [CHAT] walid joined the game
[10:15:19] [Client thread/INFO]: [CHAT] Welcome walid to TotalFreedom!
[10:15:21] [Client thread/INFO]: [CHAT] [Bot] <*Creeperdude2409> chatgamesbot join my server
[10:15:22] [Client thread/INFO]: [CHAT] <*ChatGamesBot> #coderightthere
[10:15:23] [Client thread/INFO]: [CHAT] <*PvpGod> some1 removed my home
[10:15:24] [Client thread/INFO]: [CHAT] Xiryhs - Opping walid
[10:15:24] [Client thread/INFO]: [CHAT] <*ChatGamesBot> no
[10:15:28] [Client thread/INFO]: [CHAT] [SA] <*LightUk> wedge9s what did you do ? so you got banned.
[10:15:34] [Client thread/INFO]: [CHAT] <CAPITAN_Sharky> ne
[10:15:37] [Client thread/INFO]: [CHAT] <VideoGameSmash12> ChatGames.Start
[10:15:37] [Client thread/INFO]: [CHAT] [*ChatGamesBot -> me] I am not available! Try again in » 2 « seconds!
[10:15:39] [Client thread/INFO]: [CHAT] <*PvpGod> i was spawning mobs
[10:15:39] [Client thread/INFO]: [CHAT] <tiantaira> kliken
[10:15:39] [Client thread/INFO]: [CHAT] [Bot] <*Creeperdude2409> chatgames.ask I LIKE CRAP
[10:15:40] [Client thread/INFO]: [CHAT] <VideoGameSmash12> ChatGames.Start -
[10:15:42] [Client thread/INFO]: [CHAT] <VideoGameSmash12> ChatGames.Start
[10:15:42] [Client thread/INFO]: [CHAT] * *ChatGamesBot - Say » 6vbdyz5iit « to win 5 XP!
[10:15:42] [Client thread/INFO]: [CHAT] <CAPITAN_Sharky> daj
[10:15:43] [Client thread/INFO]: [CHAT] [Bot] <*Creeperdude2409> fuck
[10:15:48] [Client thread/INFO]: [CHAT] [2. Trade] <*PixelIsABhiccTitch> UgHH
[10:15:48] [Client thread/INFO]: [CHAT] <tiantaira> ej
[10:15:48] [Client thread/INFO]: [CHAT] <VideoGameSmash12> 6vbdyz5iit
[10:15:49] [Client thread/INFO]: [CHAT] * *ChatGamesBot - » VideoGameSmash12 « won! The winner earned 5 XP!
[10:15:50] [Client thread/INFO]: [CHAT] <*PvpGod> mattlawn ur a retarded fucking admin
[10:15:52] [Client thread/INFO]: [CHAT] [Bot] <*Creeperdude2409> 6vbdyz5iit
[10:15:54] [Client thread/INFO]: [CHAT] <VideoGameSmash12> *DAB&
[10:15:54] [Client thread/INFO]: [CHAT] [SA] <Sharpname> lmao
[10:15:57] [Client thread/INFO]: [CHAT] <VideoGameSmash12> *dabs*
[10:15:57] [Client thread/INFO]: [CHAT] * tiantaira  CAPITAN_Sharky ban???
[10:15:57] [Client thread/INFO]: [CHAT] <CAPITAN_Sharky> why
[10:16:03] [Client thread/INFO]: [CHAT] *PvpGod is wedge9s
[10:16:05] [Client thread/INFO]: [CHAT] walid, wedge9s
[10:16:05] [Client thread/INFO]: [CHAT] walid, wedge9s
[10:16:06] [Client thread/INFO]: [CHAT] [*Creeperdude2409 -> me] ./dab
[10:16:06] [Client thread/INFO]: [CHAT] <CAPITAN_Sharky> no pls
[10:16:07] [Client thread/INFO]: [CHAT] [2. Trade] <*PixelIsABhiccTitch> Dabbing is dead. Stop. Get help.
[10:16:09] [Client thread/INFO]: [CHAT] * *PvpGod YOUR THE WORSE ADMIN I HAVE EVER SEEN ON TF mattlawn
[10:16:12] [Client thread/INFO]: [CHAT] [2. Trade] <*PixelIsABhiccTitch> It was never funny.
[10:16:13] [Client thread/INFO]: [CHAT] * *PvpGod YOUR THE WORSE ADMIN I HAVE EVER SEEN ON TF mattlawn
[10:16:13] [Client thread/INFO]: [CHAT] [SA] <Sharpname> no i didnt dab
[10:16:14] [Client thread/INFO]: [CHAT] * *PvpGod YOUR THE WORSE ADMIN I HAVE EVER SEEN ON TF mattlawn
[10:16:14] [Client thread/INFO]: [CHAT] * *PvpGod YOUR THE WORSE ADMIN I HAVE EVER SEEN ON TF mattlawn
[10:16:16] [Client thread/INFO]: [CHAT] * tiantaira  CAPITAN_Sharky temp ban 2 days
[10:16:18] [Client thread/INFO]: [CHAT] wedge9s has been a VERY naughty, naughty boy.
[10:16:18] [Client thread/INFO]: [CHAT] Banning: wedge9s, IP: 47.199.*.*
[10:16:18] [Client thread/INFO]: [CHAT] wedge9s died
[10:16:18] [Client thread/INFO]: [CHAT] wedge9s left the game
[10:16:18] [Client thread/INFO]: [CHAT] * tiantaira  CAPITAN_Sharky temp ban 2 days
[10:16:19] [Client thread/INFO]: [CHAT] <VideoGameSmash12> wedge9s, and you're a fucking retarted op
[10:16:19] [Client thread/INFO]: [CHAT] <*ChatGamesBot> PvPGod face the bans
[10:16:19] [Client thread/INFO]: [CHAT] * tiantaira  CAPITAN_Sharky temp ban 2 days
[10:16:20] [Client thread/INFO]: [CHAT] masterburnerYT joined the game
[10:16:22] [Client thread/INFO]: [CHAT] [STD] <*Springtrap> at least mattlawn is nice, unlike some other admins
[10:16:25] [Client thread/INFO]: [CHAT] <masterburnerYT> sup
[10:16:25] [Client thread/INFO]: [CHAT] [2. Trade] <*PixelIsABhiccTitch> You're*
[10:16:27] [Client thread/INFO]: [CHAT] Xiryhs - Opping masterburnerYT
[10:16:28] [Client thread/INFO]: [CHAT] awsomefire62 joined the game
[10:16:28] [Client thread/INFO]: [CHAT] [STD] <*Springtrap> ... other admins...
[10:16:32] [Client thread/INFO]: [CHAT] walid left the game
[10:16:33] [Client thread/INFO]: [CHAT] [SA] <Sharpname> mattlawn is not a bad admin come on
[10:16:33] [Client thread/INFO]: [CHAT] [Server:Bearded_Seal] Spamming "chatgames.start" or bot commands in chat will be considered spamming. A smite/mute/warning can be issued. Similarly, some bots will be kicked/banned for spamming/breaking rules
[10:16:34] [Client thread/INFO]: [CHAT] * *Creeperdude2409 : I dont care what you ppl think im still gonna dab yo faces off!!
[10:16:37] [Client thread/INFO]: [CHAT] <CAPITAN_Sharky> kaj
[10:16:40] [Client thread/INFO]: [CHAT] ChatGamesBot was slain by PikaBoom_
[10:16:42] [Client thread/INFO]: [CHAT] ChatGamesBot left the game
[10:16:42] [Client thread/INFO]: [CHAT] [2. Trade] <*PixelIsABhiccTitch> "Macros that spam a single or multiple commands or are automatically triggered by an event on the server are not allowed." (4i)
[10:16:44] [Client thread/INFO]: [CHAT] walid joined the game
[10:16:45] [Client thread/INFO]: [CHAT] [2. Trade] <*PixelIsABhiccTitch> :P
[10:16:45] [Client thread/INFO]: [CHAT] masterburnerYT died
[10:16:45] [Client thread/INFO]: [CHAT] Player masterburnerYT took their own life.
[10:16:51] [Client thread/INFO]: [CHAT] jvnq fell out of the world
[10:16:51] [Client thread/INFO]: [CHAT] hellow123 left the game
[10:16:51] [Client thread/INFO]: [CHAT] [SA] <Admeda> It's allowed, pixel.
[10:16:53] [Client thread/INFO]: [CHAT] ChatGamesBot joined the game
[10:16:53] [Client thread/INFO]: [CHAT] Sharpname left the game
[10:16:54] [Client thread/INFO]: [CHAT] <ItzAtomikHD> PikaBoom_ fuck you
[10:16:54] [Client thread/INFO]: [CHAT] kmine6956 died
[10:16:54] [Client thread/INFO]: [CHAT] Player kmine6956 took their own life.
[10:16:55] [Client thread/INFO]: [CHAT] <0013kazak0013> f';f;
[10:16:55] [Client thread/INFO]: [CHAT] ChatGamesBot left the game
[10:17:02] [Client thread/INFO]: [CHAT] [2. Trade] <*PixelIsABhiccTitch> Bots are automatically triggered by chat events.
[10:17:02] [Client thread/INFO]: [CHAT] <ItzAtomikHD> thanks for getting my bot crashed
[10:17:03] [Client thread/INFO]: [CHAT] <PikaBoom_> mee to
[10:17:03] [Client thread/INFO]: [CHAT] ChatGamesBot joined the game
[10:17:04] [Client thread/INFO]: [CHAT] [2. Trade] <*PixelIsABhiccTitch> They are not.
[10:17:05] [Client thread/INFO]: [CHAT] [SA] <Admeda> Pixel
[10:17:06] [Client thread/INFO]: [CHAT] ChatGamesBot left the game
[10:17:09] [Client thread/INFO]: [CHAT] [SA] <Admeda> It's been discussed before.
[10:17:11] [Client thread/INFO]: [CHAT] [2. Trade] <*PixelIsABhiccTitch> Call me Shyrix.
[10:17:15] [Client thread/INFO]: [CHAT] [SA] <Admeda> I even PM'd mark two days ago.
[10:17:19] [Client thread/INFO]: [CHAT] [me -> *Bearded_Seal] I find it ridiculous that I am suspended for being in direct contact with him.
[10:17:20] [Client thread/INFO]: [CHAT] [SA] <Admeda> mike*
[10:17:21] [Client thread/INFO]: [CHAT] <ItzAtomikHD> thanks for the warning
[10:17:22] [Client thread/INFO]: [CHAT] [2. Trade] <*PixelIsABhiccTitch> You're better off asking Wi--
[10:17:24] [Client thread/INFO]: [CHAT] <ItzAtomikHD> whoever gave me it
[10:17:28] [Client thread/INFO]: [CHAT] krypthic joined the game
[10:17:33] [Client thread/INFO]: [CHAT] <*Krypthic> high
[10:17:38] [Client thread/INFO]: [CHAT] [*Bearded_Seal -> me] Oh well
[10:17:39] [Client thread/INFO]: [CHAT] [2. Trade] <*PixelIsABhiccTitch> So... Bots can bypass rules, yet ops can't?
[10:17:42] [Client thread/INFO]: [CHAT] [*Bearded_Seal -> me] Your fault
[10:17:46] [Client thread/INFO]: [CHAT] [CWA] <Shaduvs> Shyrix why the name change?
[10:17:48] [Client thread/INFO]: [CHAT] [2. Trade] <*PixelIsABhiccTitch> That's as fucked up as- I'd rather not say, actually.
[10:17:51] [Client thread/INFO]: [CHAT] [2. Trade] <*PixelIsABhiccTitch> Alt.
[10:17:52] [Client thread/INFO]: [CHAT] kmine6956 has been a naughty, naughty boy.
[10:17:52] [Client thread/INFO]: [CHAT]   Smitten by: mattlawn
[10:17:52] [Client thread/INFO]: [CHAT] kmine6956 died
[10:17:52] [Client thread/INFO]: [CHAT] jvnq fell out of the world
[10:17:53] [Client thread/INFO]: [CHAT] * *Springtrap The server's name is total freedom, but go to their website for rules from 1A to 999Z
[10:17:53] [Client thread/INFO]: [CHAT] <*Confusione> Shaduvs, shhhhhhhhh
[10:17:56] [Client thread/INFO]: [CHAT] <*Confusione> ;)
[10:17:59] [Client thread/INFO]: [CHAT] [Server:mattlawn] dont tp others
[10:18:02] [Client thread/INFO]: [CHAT] [me -> *Bearded_Seal] MY fault!?
[10:18:04] [Client thread/INFO]: [CHAT] [CWA] <Shaduvs> Why the alt?
[10:18:06] [Client thread/INFO]: [CHAT] <kmine6956> sorry
[10:18:07] [Client thread/INFO]: [CHAT] ChatGamesBot joined the game
[10:18:09] [Client thread/INFO]: [CHAT] ChatGamesBot left the game
[10:18:10] [Client thread/INFO]: [CHAT] <kmine6956> op
[10:18:12] [Client thread/INFO]: [CHAT] <*8XxTENTATIONxX8> ...
[10:18:13] [Client thread/INFO]: [CHAT] HighNooter - Opping kmine6956
[10:18:14] [Client thread/INFO]: [CHAT] dedeluca joined the game
[10:18:15] [Client thread/INFO]: [CHAT] Welcome dedeluca to TotalFreedom!
[10:18:18] [Client thread/INFO]: [CHAT] PokeIsAsian joined the game
[10:18:19] [Client thread/INFO]: [CHAT] ChatGamesBot joined the game
[10:18:19] [Client thread/INFO]: [CHAT] ItzAtomikHD has been a naughty, naughty boy.
[10:18:19] [Client thread/INFO]: [CHAT]   Reason: Do not tp others!
[10:18:19] [Client thread/INFO]: [CHAT]   Smitten by: LightUk
[10:18:19] [Client thread/INFO]: [CHAT] ItzAtomikHD died
[10:18:20] [Client thread/INFO]: [CHAT] HighNooter - Opping awsomefire62
[10:18:20] [Client thread/INFO]: [CHAT] <dedeluca> Hi
[10:18:23] [Client thread/INFO]: [CHAT] HighNooter - Opping dedeluca
[10:18:24] [Client thread/INFO]: [CHAT] <*xCrypt0> hi
[10:18:24] [Client thread/INFO]: [CHAT] Bearded_Seal - Banning IGN: PowerBot
[10:18:28] [Client thread/INFO]: [CHAT] <*Confusione> ChatGamesBot is his bot LightUk
[10:18:30] [Client thread/INFO]: [CHAT] ChatGamesBot left the game
[10:18:30] [Client thread/INFO]: [CHAT] <*Confusione> ffs.
[10:18:30] [Client thread/INFO]: [CHAT] <dedeluca> .opp
[10:18:30] [Client thread/INFO]: [CHAT] Bearded_Seal - Banning IGN: ChatGamesBot
[10:18:32] [Client thread/INFO]: [CHAT] 0013kazak0013 left the game
[10:18:34] [Client thread/INFO]: [CHAT] walid fell out of the world
[10:18:35] [Client thread/INFO]: [CHAT] <*xCrypt0> LOL
[10:18:35] [Client thread/INFO]: [CHAT] <dedeluca> Thx
[10:18:37] [Client thread/INFO]: [CHAT] [SA] <*LightUk> oh lmao
[10:18:37] [Client thread/INFO]: [CHAT] Riobass123 joined the game
[10:18:38] [Client thread/INFO]: [CHAT] [2. Trade] <*PixelIsABhiccTitch> Thank you
[10:18:38] [Client thread/INFO]: [CHAT] walid left the game
[10:18:38] [Client thread/INFO]: [CHAT] Shaduvs left the game
[10:18:39] [Client thread/INFO]: [CHAT] [2. Trade] <*PixelIsABhiccTitch> hero
[10:18:39] [Client thread/INFO]: [CHAT] <*xCrypt0> triggered admin
[10:18:40] [Client thread/INFO]: [CHAT] Confusione - Unbanning IGN: ChatGamesBot
[10:18:41] [Client thread/INFO]: [CHAT] <*Poke> tango what are you doing
[10:18:43] [Client thread/INFO]: [CHAT] Bearded_Seal - Banning IGN: ChatGamesBot
[10:18:43] [Client thread/INFO]: [CHAT] [me -> *Bearded_Seal] What do you mean that it's my fault?!
[10:18:47] [Client thread/INFO]: [CHAT] <Riobass123> hi
[10:18:48] [Client thread/INFO]: [CHAT] <ItzAtomikHD> Oh great.
[10:18:48] [Client thread/INFO]: [CHAT] [2. Trade] <*PixelIsABhiccTitch> #TangoForClan2018
[10:18:50] [Client thread/INFO]: [CHAT] <*Poke> op pls
[10:18:51] [Client thread/INFO]: [CHAT] <ItzAtomikHD> op
[10:18:52] [Client thread/INFO]: [CHAT] HighNooter - Opping ItzAtomikHD
[10:18:52] [Client thread/INFO]: [CHAT] Confusione - Opping all players on the server
[10:18:52] [Client thread/INFO]: [CHAT] You are now op!
[10:18:52] [Client thread/INFO]: [CHAT] <Riobass123> how are you
[10:18:53] [Client thread/INFO]: [CHAT] LightUk - Opping all players on the server
[10:18:53] [Client thread/INFO]: [CHAT] You are now op!
[10:18:53] [Client thread/INFO]: [CHAT] ItzAtomikHD died
[10:18:53] [Client thread/INFO]: [CHAT] Player ItzAtomikHD took their own life.
[10:18:54] [Client thread/INFO]: [CHAT] hellow123 joined the game
[10:18:55] [Client thread/INFO]: [CHAT] kmine6956 - Opping Riobass123
[10:19:04] [Client thread/INFO]: [CHAT] [Server:Bearded_Seal] Confusione I am the highest admin online (excluding shyrix)
[10:19:06] [Client thread/INFO]: [CHAT] <masterburnerYT> hey
[10:19:07] [Client thread/INFO]: [CHAT] kmine6956 - Opping LightUk
[10:19:10] [Client thread/INFO]: [CHAT] Toy_Bonnie_Girl joined the game
[10:19:10] [Client thread/INFO]: [CHAT] [Server:Bearded_Seal] Therefore, what I say, goes
[10:19:17] [Client thread/INFO]: [CHAT] <*AM> so who fuckin nicked me this
[10:19:17] [Client thread/INFO]: [CHAT] <*AM> thanks
[10:19:18] [Client thread/INFO]: [CHAT] <*Poke> you realise that bots are allowed right
[10:19:20] [Client thread/INFO]: [CHAT] [STD] <*Springtrap> .
[10:19:23] [Client thread/INFO]: [CHAT] [2. Trade] <*PixelIsABhiccTitch> "Macros that spam a single or multiple commands or are automatically triggered by an event on the server are not allowed." (4i)
[10:19:23] [Client thread/INFO]: [CHAT] ItzAtomikHD fell from a high place
[10:19:26] [Client thread/INFO]: [CHAT] [SA] <Admeda> Your judgement can still be wrong.
[10:19:27] [Client thread/INFO]: [CHAT] <VideoGameSmash12> well then is giving your own opinion allowed
[10:19:27] [Client thread/INFO]: [CHAT] regret has made the advancement [Take Aim]
[10:19:28] [Client thread/INFO]: [CHAT] [SA] <Admeda> PIXEL
[10:19:29] [Client thread/INFO]: [CHAT] Confusione - Unbanning IGN: ChatGamesBot
[10:19:30] [Client thread/INFO]: [CHAT] <*AM> bot /= macro
[10:19:31] [Client thread/INFO]: [CHAT] <*AM> for fuck sake
[10:19:33] [Client thread/INFO]: [CHAT] <*10000000000000000000> lol
[10:19:34] [Client thread/INFO]: [CHAT] Bearded_Seal - Banning IGN: ChatGamesBot
[10:19:35] [Client thread/INFO]: [CHAT] [2. Trade] <*PixelIsABhiccTitch> I was responding to Poke
[10:19:37] [Client thread/INFO]: [CHAT] [STD] <*Springtrap> ..
[10:19:38] [Client thread/INFO]: [CHAT] [2. Trade] <*PixelIsABhiccTitch> :P
[10:19:48] [Client thread/INFO]: [CHAT] cheesepizza04 joined the game
[10:19:49] [Client thread/INFO]: [CHAT] Goldy <dedeluca> d
[10:19:53] [Client thread/INFO]: [CHAT] <*Creeperdude2409> my server keeps getting ppl like GRYEAIGGytf67r67r78ftFU random numbers and letters spam-joining my server
[10:19:57] [Client thread/INFO]: [CHAT] <cheesepizza04> op me
[10:20:00] [Client thread/INFO]: [CHAT] hellow123 - Opping cheesepizza04
[10:20:00] [Client thread/INFO]: [CHAT] [2. Trade] <*PixelIsABhiccTitch> They're spam bots
[10:20:01] [Client thread/INFO]: [CHAT] <*AM> creeper then adminmode it
[10:20:02] [Client thread/INFO]: [CHAT] LightUk - Opping all players on the server
[10:20:02] [Client thread/INFO]: [CHAT] You are now op!
[10:20:04] [Client thread/INFO]: [CHAT] MatrixMagical joined the game
[10:20:06] [Client thread/INFO]: [CHAT] [2. Trade] <*PixelIsABhiccTitch> lockdown*
[10:20:06] [Client thread/INFO]: [CHAT] <*1000000000000000000000000000000> my name is so long
[10:20:06] [Client thread/INFO]: [CHAT] <*AM> i can help with spambots
[10:20:06] [Client thread/INFO]: [CHAT] * Riobass123 is now AFK.
[10:20:09] [Client thread/INFO]: [CHAT] hellow123 left the game
[10:20:11] [Client thread/INFO]: [CHAT] <*ChilledOut> oh hi
[10:20:12] [Client thread/INFO]: [CHAT] <FunBot> changelog: !help command re-removed due to bugs with it
[10:20:12] [Client thread/INFO]: [CHAT] FunBot joined the game
[10:20:14] [Client thread/INFO]: [CHAT] [STD] <*Springtrap> Creeper we call those spambots
[10:20:14] [Client thread/INFO]: [CHAT] <ItzAtomikHD> admins who nicked me
[10:20:15] [Client thread/INFO]: [CHAT] [2. Trade] <*PixelIsABhiccTitch> Don't use long nicknames like that.
[10:20:17] [Client thread/INFO]: [CHAT] <*Frisk> =D finally
[10:20:18] [Client thread/INFO]: [CHAT] [2. Trade] <*PixelIsABhiccTitch> FunBot? fuck off
[10:20:20] [Client thread/INFO]: [CHAT] [2. Trade] <*PixelIsABhiccTitch> -.-
[10:20:21] [Client thread/INFO]: [CHAT] <*Frisk> ...springtrap?
[10:20:23] [Client thread/INFO]: [CHAT] <CAPITAN_Sharky> nejc
[10:20:24] [Client thread/INFO]: [CHAT] [SA] <Admeda> https://imgur.com/a/nOMli
[10:20:26] [Client thread/INFO]: [CHAT] Bearded_Seal - Banning IGN: Toy_Bonnie_Girl
[10:20:26] [Client thread/INFO]: [CHAT] FunBot left the game
[10:20:27] [Client thread/INFO]: [CHAT] Golden Freddy <dedeluca> xD
[10:20:28] [Client thread/INFO]: [CHAT] <*ChilledOut> i tried the wave thing but it didnt work like slime blocks on pistons dont shoot them up
[10:20:32] [Client thread/INFO]: [CHAT] [SA] <Admeda> Bearded_Seal, Shyrix, check that link
[10:20:33] [Client thread/INFO]: [CHAT] * Riobass123 is no longer AFK.
[10:20:33] [Client thread/INFO]: [CHAT] <*Frisk> !frown
[10:20:34] [Client thread/INFO]: [CHAT] [2. Trade] <*PixelIsABhiccTitch> Can you guys not try spawn pvping?
[10:20:36] [Client thread/INFO]: [CHAT] <ItzAtomikHD> Guys.
[10:20:36] [Client thread/INFO]: [CHAT] <*Krypthic> hi!
[10:20:36] [Client thread/INFO]: [CHAT] <*Frisk> .-.
[10:20:38] [Client thread/INFO]: [CHAT] Bearded_Seal - Unbanning IGN: Toy_Bonnie_Girl
[10:20:38] [Client thread/INFO]: [CHAT] <ItzAtomikHD> I'm going to get my bot unbanned.
[10:20:39] [Client thread/INFO]: [CHAT] <*ChilledOut> hi
[10:20:40] [Client thread/INFO]: [CHAT] <*Frisk> seriously funbot?
[10:20:44] [Client thread/INFO]: [CHAT] walid44443331 joined the game
[10:20:45] [Client thread/INFO]: [CHAT] <*Frisk> .-.
[10:20:47] [Client thread/INFO]: [CHAT] naytiwn joined the game
[10:20:48] [Client thread/INFO]: [CHAT] Welcome naytiwn to TotalFreedom!
[10:20:48] [Client thread/INFO]: [CHAT] <*Frisk> ...
[10:20:49] [Client thread/INFO]: [CHAT] Golden Freddy <*BozzHD> d
[10:20:50] [Client thread/INFO]: [CHAT] <*ChilledOut> dude
[10:20:53] [Client thread/INFO]: [CHAT] [2. Trade] <*PixelIsABhiccTitch> Ask him about their chat events.
[10:20:54] [Client thread/INFO]: [CHAT] <*Frisk> did you just ban my bot?
[10:20:56] [Client thread/INFO]: [CHAT] <*Frisk> ...
[10:20:57] [Client thread/INFO]: [CHAT] HP_17 - Opping naytiwn
[10:21:00] [Client thread/INFO]: [CHAT] jvnq fell out of the world
[10:21:02] [Client thread/INFO]: [CHAT] <*Frisk> ...it can't even be abused for spamming
[10:21:06] [Client thread/INFO]: [CHAT] <*Frisk> ....mostly
[10:21:11] [Client thread/INFO]: [CHAT] Riobass123 left the game
[10:21:13] [Client thread/INFO]: [CHAT] <*Frisk> !emotes
[10:21:14] [Client thread/INFO]: [CHAT] [2. Trade] <*PixelIsABhiccTitch> Bots break rule 4i
[10:21:16] [Client thread/INFO]: [CHAT] <*Frisk> .-.
[10:21:17] [Client thread/INFO]: [CHAT] walid44443331 left the game
[10:21:27] [Client thread/INFO]: [CHAT] <jvnq> .
[10:21:28] [Client thread/INFO]: [CHAT] <*Frisk> rule 4I is considered a non-existant rule by most
[10:21:28] [Client thread/INFO]: [CHAT] <masterburnerYT> what is rule 4
[10:21:34] [Client thread/INFO]: [CHAT] * tiantaira is now AFK.
[10:21:35] [Client thread/INFO]: [CHAT] jvnq fell out of the world
[10:21:35] [Client thread/INFO]: [CHAT] <masterburnerYT> ohh
[10:21:37] [Client thread/INFO]: [CHAT] <*ChilledOut> hmmm
[10:21:39] [Client thread/INFO]: [CHAT] walid44443331 joined the game
[10:21:39] [Client thread/INFO]: [CHAT] [2. Trade] <*PixelIsABhiccTitch> Yes, which is why I'm having to constantly quote it
[10:21:41] [Client thread/INFO]: [CHAT] <*Frisk> :I
[10:21:46] [Client thread/INFO]: [CHAT] <*ChilledOut> wait should i make our canvas for redstone bigger
[10:21:54] [Client thread/INFO]: [CHAT] jvnq fell out of the world
[10:21:54] [Client thread/INFO]: [CHAT] <CAPITAN_Sharky> tina
[10:21:55] [Client thread/INFO]: [CHAT] [Server:Bearded_Seal] ChatGamesBot is banned and that is final. Stop breaking rules and it'll be unbanned
[10:21:55] [Client thread/INFO]: [CHAT] <ItzAtomikHD> *clap*
[10:21:56] [Client thread/INFO]: [CHAT] [2. Trade] <*PixelIsABhiccTitch> I've set it up as a fucking keybind I have to say it so much/
[10:22:08] [Client thread/INFO]: [CHAT] [Server:Bearded_Seal] If it's that much of an issue, go wake up Mike
[10:22:10] [Client thread/INFO]: [CHAT] walid44443331 left the game
[10:22:10] [Client thread/INFO]: [CHAT] <PikaBoom_> t
[10:22:13] [Client thread/INFO]: [CHAT] SisyLikez joined the game
[10:22:14] [Client thread/INFO]: [CHAT] <Toybot> back
[10:22:14] [Client thread/INFO]: [CHAT] [2. Trade] <*PixelIsABhiccTitch> ^^
[10:22:14] [Client thread/INFO]: [CHAT] Toybot joined the game
[10:22:14] [Client thread/INFO]: [CHAT] * *Springtrap Guys, welcome to total freedom, however, there is only 1 rule: Read the rules from 1A to 999,999,999Z
[10:22:14] [Client thread/INFO]: [CHAT] <*Frisk> :I
[10:22:15] [Client thread/INFO]: [CHAT] <masterburnerYT> what does DDOS/DOX stand for?
[10:22:24] [Client thread/INFO]: [CHAT] [2. Trade] <*PixelIsABhiccTitch> Google it.
[10:22:25] [Client thread/INFO]: [CHAT] <*Frisk> !frown
[10:22:25] [Client thread/INFO]: [CHAT] <Toybot> Frisk frowns
[10:22:28] [Client thread/INFO]: [CHAT] <*Frisk> =D
[10:22:29] [Client thread/INFO]: [CHAT] LightUk - Opping all players on the server
[10:22:29] [Client thread/INFO]: [CHAT] You are now op!
[10:22:31] [Client thread/INFO]: [CHAT] [2. Trade] <*PixelIsABhiccTitch> Bot...
[10:22:32] [Client thread/INFO]: [CHAT] [2. Trade] <*PixelIsABhiccTitch> -.-
[10:22:37] [Client thread/INFO]: [CHAT] <*Frisk> extra emotions
[10:22:38] [Client thread/INFO]: [CHAT] <*Frisk> :O
[10:22:39] [Client thread/INFO]: [CHAT] <*Chara__> lol
[10:22:40] [Client thread/INFO]: [CHAT] Xiryhs left the game
[10:22:40] [Client thread/INFO]: [CHAT] [STD] <*Springtrap> kill the bot
[10:22:45] [Client thread/INFO]: [CHAT] Shyrix joined the game
[10:22:45] [Client thread/INFO]: [CHAT] <*Frisk> !emotionless
[10:22:45] [Client thread/INFO]: [CHAT] <Toybot> Frisk is making an emotionless face :I
[10:22:45] [Client thread/INFO]: [CHAT] hellow123 joined the game
[10:22:47] [Client thread/INFO]: [CHAT] Toybot was slain by VisualCPlusPlus using [§e§l§n§kiiiii§b§l§nSpringtrap.§e§l§n§kiiiii]
[10:22:51] [Client thread/INFO]: [CHAT] <*Frisk> :I
[10:22:55] [Client thread/INFO]: [CHAT] CONSOLE - Adding Shyrix to the admin list
[10:22:56] [Client thread/INFO]: [CHAT] <*Chara__> :)
[10:22:59] [Client thread/INFO]: [CHAT] <*ChilledOut> ok krypthic
[10:23:00] [Client thread/INFO]: [CHAT] Shyrix left the game
[10:23:00] [Client thread/INFO]: [CHAT] Shyrix is a Super Admin
[10:23:00] [Client thread/INFO]: [CHAT] Shyrix joined the game
[10:23:03] [Client thread/INFO]: [CHAT] [SA] <*Shyrix> wtf
[10:23:04] [Client thread/INFO]: [CHAT] <*ChilledOut> im going full on
[10:23:04] [Client thread/INFO]: [CHAT] DroppedU joined the game
[10:23:05] [Client thread/INFO]: [CHAT] walid44443331 joined the game
[10:23:05] [Client thread/INFO]: [CHAT] <*Frisk> hai shyrix
[10:23:06] [Client thread/INFO]: [CHAT] ItzAtomikHD - Opping Shyrix
[10:23:08] [Client thread/INFO]: [CHAT] <*ChilledOut> gonna try 4x4 piston door
[10:23:11] [Client thread/INFO]: [CHAT] [SA] <*Shyrix> Why is my rank super lmfao
[10:23:11] [Client thread/INFO]: [CHAT] <*Frisk> .-.
[10:23:13] [Client thread/INFO]: [CHAT] <kmine6956> ahh i want to be admin
[10:23:13] [Client thread/INFO]: [CHAT] <*ChilledOut> give me luck
[10:23:14] [Client thread/INFO]: [CHAT] [SA] <*Shyrix> hold on
[10:23:18] [Client thread/INFO]: [CHAT] <*Frisk> !cmd tptoggle off
[10:23:19] [Client thread/INFO]: [CHAT] <*droppedu> a
[10:23:21] [Client thread/INFO]: [CHAT] <kdjd321> trollo
[10:23:21] [Client thread/INFO]: [CHAT] <*Frisk> good
[10:23:22] [Client thread/INFO]: [CHAT] <awsomefire62> lol
[10:23:22] [Client thread/INFO]: [CHAT] <*droppedu> op me
[10:23:22] [Client thread/INFO]: [CHAT] [SA] <*Shyrix> Let me scream at Mn to re-rank me
[10:23:23] [Client thread/INFO]: [CHAT] Toybot was shot by VisualCPlusPlus using [§4§l§k?§b§l§k?§4§l§k?§0§l§n§mH34DSh0T§4§l§k?§b§l§k?§4§l§k?]
[10:23:23] [Client thread/INFO]: [CHAT] ItzAtomikHD - Opping DroppedU, walid44443331
[10:23:23] [Client thread/INFO]: [CHAT] Toybot left the game
[10:23:25] [Client thread/INFO]: [CHAT] <*Frisk> :I
[10:23:25] [Client thread/INFO]: [CHAT] Bearded_Seal - Cleaning all nicknames
[10:23:29] [Client thread/INFO]: [CHAT] <M4LB> close one
[10:23:29] [Client thread/INFO]: [CHAT] [SA] <*LightUk> Shyrix demoted
[10:23:30] [Client thread/INFO]: [CHAT] <kdjd321> now
[10:23:31] [Client thread/INFO]: [CHAT] <kdjd321> stop
[10:23:35] [Client thread/INFO]: [CHAT] Toybot joined the game
[10:23:35] [Client thread/INFO]: [CHAT] <Toybot> back
[10:23:41] [Client thread/INFO]: [CHAT] [SA] <*Shyrix> Nah
[10:23:41] [Client thread/INFO]: [CHAT] <*Frisk> :I
[10:23:43] [Client thread/INFO]: [CHAT] [STD] <*Springtrap> kill the gay toybot
[10:23:43] [Client thread/INFO]: [CHAT] <*Frisk> undercover bot
[10:23:44] [Client thread/INFO]: [CHAT] [SA] <*LightUk> Joking.
[10:23:45] [Client thread/INFO]: [CHAT] <*Frisk> ...
[10:23:50] [Client thread/INFO]: [CHAT] <*Frisk> ...ITS NOT FUCKING GAY!!!!!1
[10:23:51] [Client thread/INFO]: [CHAT] savadani joined the game
[10:23:53] [Client thread/INFO]: [CHAT] <*Frisk> !frown
[10:23:53] [Client thread/INFO]: [CHAT] <Toybot> Frisk frowns
[10:23:55] [Client thread/INFO]: [CHAT] <savadani> hi all
[10:23:55] [Client thread/INFO]: [CHAT] <ItzAtomikHD> !frown
[10:23:55] [Client thread/INFO]: [CHAT] <Toybot> ItzAtomikHD frowns
[10:23:58] [Client thread/INFO]: [CHAT] <*Frisk> !suicide
[10:23:58] [Client thread/INFO]: [CHAT] <Toybot> Frisk Shot Themselves!! 0_0
[10:24:02] [Client thread/INFO]: [CHAT] <ItzAtomikHD> whats the point
[10:24:02] [Client thread/INFO]: [CHAT] * *xCrypt0 is now AFK.
[10:24:03] [Client thread/INFO]: [CHAT] Babs1401 joined the game
[10:24:04] [Client thread/INFO]: [CHAT] <ItzAtomikHD> when you have emotes
[10:24:04] [Client thread/INFO]: [CHAT] <*Frisk> ...see?
[10:24:05] [Client thread/INFO]: [CHAT] <*Frisk> ...
[10:24:08] [Client thread/INFO]: [CHAT] <*Frisk> ...extra emotes
[10:24:09] [Client thread/INFO]: [CHAT] <savadani> can you op me
[10:24:09] [Client thread/INFO]: [CHAT] <*Frisk> :I
[10:24:16] [Client thread/INFO]: [CHAT] <ItzAtomikHD> ..
[10:24:16] [Client thread/INFO]: [CHAT] HP_17 - Opping savadani
[10:24:17] [Client thread/INFO]: [CHAT] LightUk - Opping all players on the server
[10:24:17] [Client thread/INFO]: [CHAT] You are now op!
[10:24:19] [Client thread/INFO]: [CHAT] <*Frisk> ...the emotes plugin here doesn't have many emotes
[10:24:20] [Client thread/INFO]: [CHAT] <savadani> thx]
[10:24:20] [Client thread/INFO]: [CHAT] <*Frisk> :I
[10:24:21] [Client thread/INFO]: [CHAT] * *Creeperdude2409 shot himself!
[10:24:21] [Client thread/INFO]: [CHAT] <*xdddddddddddddddd> as
[10:24:25] [Client thread/INFO]: [CHAT] <*droppedu> which autistic kid is running in glows
[10:24:25] [Client thread/INFO]: [CHAT] <*Frisk> ...
[10:24:26] [Client thread/INFO]: [CHAT] Toybot was slain by VisualCPlusPlus using [§6§l§nSpringtrapped In A Suit]
[10:24:26] [Client thread/INFO]: [CHAT] Toybot left the game
[10:24:26] [Client thread/INFO]: [CHAT] * tiantaira is no longer AFK.
[10:24:27] [Client thread/INFO]: [CHAT] * VideoGameSmash12 is now AFK.
[10:24:31] [Client thread/INFO]: [CHAT] <*Frisk> ....thing of my bot as an...
[10:24:32] [Client thread/INFO]: [CHAT] <CAPITAN_Sharky> SORY
[10:24:33] [Client thread/INFO]: [CHAT] <*Frisk> as an addon
[10:24:34] [Client thread/INFO]: [CHAT] <*Krypthic> chilled out look
[10:24:35] [Client thread/INFO]: [CHAT] [STD] <*Springtrap> gay bot
[10:24:36] [Client thread/INFO]: [CHAT] * *Creeperdude2409 is now AFK.
[10:24:38] [Client thread/INFO]: [CHAT] <*Frisk> !emotes
[10:24:40] [Client thread/INFO]: [CHAT] walid44443331 left the game
[10:24:40] [Client thread/INFO]: [CHAT] <*Frisk> .-.
[10:24:45] [Client thread/INFO]: [CHAT] <*ChilledOut> this
[10:24:45] [Client thread/INFO]: [CHAT] Mnpn03 joined the game
[10:24:47] [Client thread/INFO]: [CHAT] <*Krypthic> come look
[10:24:48] [Client thread/INFO]: [CHAT] <ninjamonkyy> is there any command to go back to your last death apart from /back?
[10:24:48] [Client thread/INFO]: [CHAT] <*ChilledOut> is 4x4 piston door
[10:24:48] [Client thread/INFO]: [CHAT] walid44443331 joined the game
[10:24:49] [Client thread/INFO]: [CHAT] <*ChilledOut> ok
[10:24:49] [Client thread/INFO]: [CHAT] <*Frisk> i have really gotta repair that command...
[10:24:51] [Client thread/INFO]: [CHAT] <*RobotBabs1401> Cres did say he is going to train me yesterday gess he was to buisy
[10:24:56] [Client thread/INFO]: [CHAT] 230Daniel is an Impostor
[10:24:56] [Client thread/INFO]: [CHAT] Warning: 230Daniel has been flagged as an impostor and has been frozen!
[10:24:56] [Client thread/INFO]: [CHAT] 230Daniel joined the game
[10:24:59] [Client thread/INFO]: [CHAT] <*Frisk> :I
[10:25:01] [Client thread/INFO]: [CHAT] <*Frisk> hai 230
[10:25:02] [Client thread/INFO]: [CHAT] <*Mnpn> oh would you look at that
[10:25:03] [Client thread/INFO]: [CHAT] <ItzAtomikHD> Hai hai
[10:25:04] [Client thread/INFO]: [CHAT] <*Frisk> do !opme 230
[10:25:04] [Client thread/INFO]: [CHAT] [BotRemovalCrew] <*Springtrap> t
[10:25:05] [Client thread/INFO]: [CHAT] <*xdddddddddddddddddddddbitchs> hey fucking idiots
[10:25:05] [Client thread/INFO]: [CHAT] <*230Daniel> zz
[10:25:06] [Client thread/INFO]: [CHAT] <*ChilledOut> a wave?
[10:25:07] [Client thread/INFO]: [CHAT] <*Frisk> :I just do it
[10:25:08] [Client thread/INFO]: [CHAT] <*Krypthic> crap
[10:25:09] [Client thread/INFO]: [CHAT] <*Frisk> !opme
[10:25:13] [Client thread/INFO]: [CHAT] <*RobotBabs1401> oosp
[10:25:13] [Client thread/INFO]: [CHAT] <M4LB> Fuck off
[10:25:14] [Client thread/INFO]: [CHAT] [BotRemovalCrew] <*Springtrap> oh god 230Daniel, rip me
[10:25:14] [Client thread/INFO]: [CHAT] <kmine6956> can i ban
[10:25:14] [Client thread/INFO]: [CHAT] <*Frisk> .-.
[10:25:15] [Client thread/INFO]: [CHAT] <*230Daniel> o yea
[10:25:17] [Client thread/INFO]: [CHAT] <*ChilledOut> whtat was supposed to happen?
[10:25:17] [Client thread/INFO]: [CHAT] Toy_Bonnie_Girl - Opping 230Daniel
[10:25:17] [Client thread/INFO]: [CHAT] ItzAtomikHD - Opping Mnpn03
[10:25:19] [Client thread/INFO]: [CHAT] <awsomefire62> WHAT!
[10:25:21] [Client thread/INFO]: [CHAT] <*Krypthic> it sdont work
[10:25:22] [Client thread/INFO]: [CHAT] [Server:Shyrix] PikaBoom_, cheesepizza04. Remove the long names now.
[10:25:23] [Client thread/INFO]: [CHAT] <*Frisk> ...
[10:25:25] [Client thread/INFO]: [CHAT] <*ChilledOut> yeah
[10:25:26] [Client thread/INFO]: [CHAT] <*Frisk> ..
[10:25:26] [Client thread/INFO]: [CHAT] [SA] <*LightUk> 230Daniel Verify
[10:25:28] [Client thread/INFO]: [CHAT] Babs1401 - Opping Toy_Bonnie_Girl
[10:25:28] [Client thread/INFO]: [CHAT] <*ChilledOut> whtat was supposed to happen?
[10:25:29] [Client thread/INFO]: [CHAT] <*Frisk> ...minechat 230?
[10:25:32] [Client thread/INFO]: [CHAT] <*xdddddddddddddddddddddbitchs> asdas
[10:25:33] [Client thread/INFO]: [CHAT] Golden Freddy <*BozzHD> .d
[10:25:34] [Client thread/INFO]: [CHAT] CONSOLE - Adding Mnpn03 to the admin list
[10:25:34] [Client thread/INFO]: [CHAT] <CAPITAN_Sharky> kaj b rad od mene
[10:25:35] [Client thread/INFO]: [CHAT] Elephants111 is an Impostor
[10:25:35] [Client thread/INFO]: [CHAT] Warning: Elephants111 has been flagged as an impostor and has been frozen!
[10:25:35] [Client thread/INFO]: [CHAT] Elephants111 joined the game
[10:25:35] [Client thread/INFO]: [CHAT] kmine6956 - Opping 230Daniel
[10:25:37] [Client thread/INFO]: [CHAT] <Elephants111> Connected with MineChat
[10:25:37] [Client thread/INFO]: [CHAT] kmine6956 - Opping Admeda
[10:25:38] [Client thread/INFO]: [CHAT] <ItzAtomikHD> why
[10:25:38] [Client thread/INFO]: [CHAT] <ItzAtomikHD> so
[10:25:40] [Client thread/INFO]: [CHAT] <ItzAtomikHD> many imostesr
[10:25:40] [Client thread/INFO]: [CHAT] <*Krypthic> brb
[10:25:40] [Client thread/INFO]: [CHAT] hellow123 left the game
[10:25:40] [Client thread/INFO]: [CHAT] kmine6956 - Opping Admeda
[10:25:41] [Client thread/INFO]: [CHAT] CONSOLE - Readding Elephants111 to the admin list
[10:25:43] [Client thread/INFO]: [CHAT] <*ChilledOut> ok
[10:25:43] [Client thread/INFO]: [CHAT] LightUk - Opping all players on the server
[10:25:43] [Client thread/INFO]: [CHAT] You are now op!
[10:25:43] [Client thread/INFO]: [CHAT] walid44443331 fell out of the world
[10:25:43] [Client thread/INFO]: [CHAT] Confusione - Opping all players on the server
[10:25:43] [Client thread/INFO]: [CHAT] You are now op!
[10:25:44] [Client thread/INFO]: [CHAT] <*Frisk> hai elephants
[10:25:44] [Client thread/INFO]: [CHAT] cheesepizza04 left the game
[10:25:44] [Client thread/INFO]: [CHAT] kdjd321 has been a naughty, naughty boy.
[10:25:44] [Client thread/INFO]: [CHAT]   Reason: Do not send others to spawn!
[10:25:44] [Client thread/INFO]: [CHAT]   Smitten by: Shyrix
[10:25:44] [Client thread/INFO]: [CHAT] kdjd321 died
[10:25:46] [Client thread/INFO]: [CHAT] Shyrix - Opping all players on the server
[10:25:46] [Client thread/INFO]: [CHAT] You are now op!
[10:25:48] [Client thread/INFO]: [CHAT] * naytiwn is now AFK.
[10:25:48] [Client thread/INFO]: [CHAT] * *xCrypt0 is no longer AFK.
[10:25:49] [Client thread/INFO]: [CHAT] * *xCrypt0 is now AFK.
[10:25:50] [Client thread/INFO]: [CHAT] <Elephants111> hi
[10:25:51] [Client thread/INFO]: [CHAT] * *xCrypt0 is no longer AFK.
[10:25:52] [Client thread/INFO]: [CHAT] tiantaira fell out of the world
[10:25:52] [Client thread/INFO]: [CHAT] <M4LB> thx Shyrix
[10:25:53] [Client thread/INFO]: [CHAT] * Admeda is now AFK.
[10:25:56] [Client thread/INFO]: [CHAT] Elephants111 left the game
[10:25:58] [Client thread/INFO]: [CHAT] * Admeda is no longer AFK.
[10:25:58] [Client thread/INFO]: [CHAT] Elephants111 is a Telnet Admin
[10:25:58] [Client thread/INFO]: [CHAT] Elephants111 joined the game
[10:25:59] [Client thread/INFO]: [CHAT] 230Daniel left the game
[10:26:01] [Client thread/INFO]: [CHAT] <*Air> Shyrix you are admin
[10:26:03] [Client thread/INFO]: [CHAT] * kmine6956 is now AFK.
[10:26:04] [Client thread/INFO]: [CHAT] [SA] <*Shyrix> Yes.
[10:26:08] [Client thread/INFO]: [CHAT] <*Air> lol
[10:26:14] [Client thread/INFO]: [CHAT] Admeda - Blocking all commands for masterburnerYT
[10:26:16] [Client thread/INFO]: [CHAT] <*Frisk> :I
[10:26:17] [Client thread/INFO]: [CHAT] [Server:Admeda] Stop spamming commands.
[10:26:19] [Client thread/INFO]: [CHAT] Admeda - Unblocking commands for all players
[10:26:20] [Client thread/INFO]: [CHAT] <*Frisk> !trainers
[10:26:21] [Client thread/INFO]: [CHAT] <*Frisk> ...
[10:26:22] [Client thread/INFO]: [CHAT] <*Frisk> 230
[10:26:24] [Client thread/INFO]: [CHAT] PikaBoom_ has been a naughty, naughty boy.
[10:26:24] [Client thread/INFO]: [CHAT]   Reason: spamming potions.
[10:26:24] [Client thread/INFO]: [CHAT]   Smitten by: Confusione
[10:26:24] [Client thread/INFO]: [CHAT] PikaBoom_ died
[10:26:26] [Client thread/INFO]: [CHAT] Confusione - Opping all players on the server
[10:26:26] [Client thread/INFO]: [CHAT] You are now op!
[10:26:28] [Client thread/INFO]: [CHAT] <*Frisk> i did the bot cmd on smash crew
[10:26:28] [Client thread/INFO]: [CHAT] <masterburnerYT> Admeda
[10:26:30] [Client thread/INFO]: [CHAT] <masterburnerYT> why
[10:26:31] [Client thread/INFO]: [CHAT] <*Frisk> :I
[10:26:34] [Client thread/INFO]: [CHAT] <*Frisk> !trainers
[10:26:35] [Client thread/INFO]: [CHAT] [Server:Admeda] Stop spamming commands.
[10:26:38] [Client thread/INFO]: [CHAT] Elephants111 - Unloading unused chunks
[10:26:38] [Client thread/INFO]: [CHAT] <*Frisk> traainn meeee
[10:26:39] [Client thread/INFO]: [CHAT] <masterburnerYT> ok
[10:26:48] [Client thread/INFO]: [CHAT] Golden Freddy <*BozzHD> Warp pvp
[10:26:55] [Client thread/INFO]: [CHAT] regret fell from a high place
[10:26:55] [Client thread/INFO]: [CHAT] <CAPITAN_Sharky> bom nazaj
[10:26:58] [Client thread/INFO]: [CHAT] * kmine6956 is no longer AFK.
[10:27:04] [Client thread/INFO]: [CHAT] xddd <*droppedu> woah
[10:27:04] [Client thread/INFO]: [CHAT] dedeluca was killed trying to hurt VisualCPlusPlus
[10:27:05] [Client thread/INFO]: [CHAT] <ItzAtomikHD> Loog lag
[10:27:07] [Client thread/INFO]: [CHAT] xddd <*droppedu> which fucking jew
[10:27:08] [Client thread/INFO]: [CHAT] ItzIzanerEpic_YT joined the game
[10:27:08] [Client thread/INFO]: [CHAT] Welcome ItzIzanerEpic_YT to TotalFreedom!
[10:27:11] [Client thread/INFO]: [CHAT] awsomefire62 left the game
[10:27:13] [Client thread/INFO]: [CHAT] Toybot joined the game
[10:27:13] [Client thread/INFO]: [CHAT] <Toybot> back
[10:27:15] [Client thread/INFO]: [CHAT] xddd <*droppedu> used the retarded fucking levi arrows
[10:27:21] [Client thread/INFO]: [CHAT] [BotRemovalCrew] <*Springtrap> o shit hold on
[10:27:21] [Client thread/INFO]: [CHAT] <*Frisk> :I
[10:27:29] [Client thread/INFO]: [CHAT] <*Frisk> !frown\
[10:27:29] [Client thread/INFO]: [CHAT] <Toybot> Frisk frowns
[10:27:32] [Client thread/INFO]: [CHAT] <*Frisk> :I
[10:27:34] [Client thread/INFO]: [CHAT] <*RobotBabs1401> What's the id for pink wool again?
[10:27:35] [Client thread/INFO]: [CHAT] <kdjd321> jvnq
[10:27:35] [Client thread/INFO]: [CHAT] * *Poke is now AFK.
[10:27:39] [Client thread/INFO]: [CHAT] <*omgthisisarandomnick> !frown
[10:27:39] [Client thread/INFO]: [CHAT] <Toybot> *omgthisisarandomnick frowns
[10:27:40] [Client thread/INFO]: [CHAT] <*Frisk> !Spam
[10:27:40] [Client thread/INFO]: [CHAT] <Toybot> Frisk Spams
[10:27:41] [Client thread/INFO]: [CHAT] <*Chara__> !dance
[10:27:44] [Client thread/INFO]: [CHAT] <tiantaira> CAPITAN_Sharky ti je fin server
[10:27:45] [Client thread/INFO]: [CHAT] <*Frisk> :I
[10:27:45] [Client thread/INFO]: [CHAT] <*RobotBabs1401> What's the id for pink wool again??
[10:27:47] [Client thread/INFO]: [CHAT] <*omgthisisarandomnick> !fuck
[10:27:48] [Client thread/INFO]: [CHAT] <*omgthisisarandomnick> lol
[10:27:48] [Client thread/INFO]: [CHAT] <*Frisk> !emotionless
[10:27:48] [Client thread/INFO]: [CHAT] <Toybot> Frisk is making an emotionless face :I
[10:27:49] [Client thread/INFO]: [CHAT] <*Frisk> :I
[10:27:51] [Client thread/INFO]: [CHAT] <*omgthisisarandomnick> !Spam
[10:27:51] [Client thread/INFO]: [CHAT] <Toybot> *omgthisisarandomnick Spams
[10:27:51] [Client thread/INFO]: [CHAT] <*Frisk> ...
[10:27:52] [Client thread/INFO]: [CHAT] <*RobotBabs1401> *Dab*
[10:27:52] [Client thread/INFO]: [CHAT] *Chara__ does a dance!
[10:27:53] [Client thread/INFO]: [CHAT] <CAPITAN_Sharky> kul skin
[10:27:55] [Client thread/INFO]: [CHAT] <*RobotBabs1401> Lol
[10:27:55] [Client thread/INFO]: [CHAT] <ItzAtomikHD> so
[10:27:57] [Client thread/INFO]: [CHAT] <tiantaira> ja
[10:27:57] [Client thread/INFO]: [CHAT] <*Frisk> ...!fuckme was a command
[10:27:58] [Client thread/INFO]: [CHAT] <*RobotBabs1401> XD
[10:27:58] [Client thread/INFO]: [CHAT] <*Frisk> ..
[10:28:00] [Client thread/INFO]: [CHAT] <ItzAtomikHD> xD
[10:28:01] [Client thread/INFO]: [CHAT] <*Air> hey Itz
[10:28:01] [Client thread/INFO]: [CHAT] <ItzAtomikHD> !fuckme
[10:28:03] [Client thread/INFO]: [CHAT] <ItzAtomikHD> Lol
[10:28:03] [Client thread/INFO]: [CHAT] <*Air> hey ItzAtomikHD
[10:28:04] [Client thread/INFO]: [CHAT] <*Frisk> ...temporarily removed tho
[10:28:05] [Client thread/INFO]: [CHAT] <ItzAtomikHD> he
[10:28:06] [Client thread/INFO]: [CHAT] <*RobotBabs1401> What's the id for pink wool again??
[10:28:06] [Client thread/INFO]: [CHAT] <ItzAtomikHD> ya
[10:28:10] [Client thread/INFO]: [CHAT] <tiantaira> ker server greva igat anze
[10:28:15] [Client thread/INFO]: [CHAT] <ItzAtomikHD> hi savadani
[10:28:19] [Client thread/INFO]: [CHAT] dznis555 joined the game
[10:28:30] [Client thread/INFO]: [CHAT] <**dznis555> op me
[10:28:32] [Client thread/INFO]: [CHAT] ItzAtomikHD - Opping dznis555
[10:28:38] [Client thread/INFO]: [CHAT] kdjd321 has been a VERY naughty, naughty boy.
[10:28:38] [Client thread/INFO]: [CHAT] Banning: kdjd321, IP: 186.233.*.* - Reason: grief
[10:28:38] [Client thread/INFO]: [CHAT] kdjd321 died
[10:28:38] [Client thread/INFO]: [CHAT] kdjd321 left the game
[10:28:41] [Client thread/INFO]: [CHAT] <ItzAtomikHD> .
[10:28:41] [Client thread/INFO]: [CHAT] SisyLikez was slain by DroppedU using [§dx §5d §dx §5d §dx §5d §dx §5d]
[10:28:42] [Client thread/INFO]: [CHAT] Toybot left the game
[10:28:43] [Client thread/INFO]: [CHAT] <**dznis555> thanks
[10:28:46] [Client thread/INFO]: [CHAT] <jvnq> obrigado :)
[10:28:52] [Client thread/INFO]: [CHAT] [Server:Shyrix] DroppedU, be respectful please.
[10:28:54] [Client thread/INFO]: [CHAT] <*Air> M4LB play on gms
[10:28:58] [Client thread/INFO]: [CHAT] [BotRemovalCrew] <*Springtrap> DroppedU you're using a cleint right
[10:28:58] [Client thread/INFO]: [CHAT] [BotRemovalCrew] <*Springtrap> client*
[10:29:02] [Client thread/INFO]: [CHAT] xddd <*droppedu> no
[10:29:07] [Client thread/INFO]: [CHAT] [BotRemovalCrew] <*Springtrap> ok
[10:29:07] [Client thread/INFO]: [CHAT] <**Atomik> .la
[10:29:07] [Client thread/INFO]: [CHAT] xddd <*droppedu> am not hackering !
[10:29:07] [Client thread/INFO]: [CHAT] hellow123 joined the game
[10:29:08] [Client thread/INFO]: [CHAT] <CAPITAN_Sharky> UPS
[10:29:08] [Client thread/INFO]: [CHAT] HP_17 was killed by magic
[10:29:09] [Client thread/INFO]: [CHAT] <**Atomik> laaaaa
[10:29:12] [Client thread/INFO]: [CHAT] [BotRemovalCrew] <*Springtrap> alrit
[10:29:21] [Client thread/INFO]: [CHAT] <****Atomik> la what a nick la de
[10:29:23] [Client thread/INFO]: [CHAT] M4LB was shot by savadani
[10:29:28] [Client thread/INFO]: [CHAT] xddd <*droppedu> i dont give respects to peoples that doesnt deserve them
[10:29:30] [Client thread/INFO]: [CHAT] <tiantaira> ker server greva igrat anze
[10:29:31] [Client thread/INFO]: [CHAT] M4LB was slain by savadani
[10:29:34] [Client thread/INFO]: [CHAT] [BotRemovalCrew] <*Springtrap> xd
[10:29:37] [Client thread/INFO]: [CHAT] M4LB was shot by PikaBoom_
[10:29:50] [Client thread/INFO]: [CHAT] [BotRemovalCrew] <*Springtrap> and finally someone else that still uses xd
[10:29:50] [Client thread/INFO]: [CHAT] Riobass123 joined the game
[10:29:51] [Client thread/INFO]: [CHAT] <****Atomik> What's with lag today
[10:29:55] [Client thread/INFO]: [CHAT] [BotRemovalCrew] <*Springtrap> thank you for that
[10:30:01] [Client thread/INFO]: [CHAT] CONSOLE - Opping all players on the server
[10:30:01] [Client thread/INFO]: [CHAT] You are now op!
[10:30:04] [Client thread/INFO]: [CHAT] <Toybot> back
[10:30:05] [Client thread/INFO]: [CHAT] Toybot joined the game
[10:30:07] [Client thread/INFO]: [CHAT] Golden Freddy <*BozzHD> gms
[10:30:09] [Client thread/INFO]: [CHAT] <*Frisk> !fuckme
[10:30:09] [Client thread/INFO]: [CHAT] * Toybot  has sex withFrisk
[10:30:12] [Client thread/INFO]: [CHAT] dedeluca was slain by SisyLikez using [§k§0!!!!!!§khihihihi§9Zupaaa§3WalkingStick§0§khihihihi!!!!!!]
[10:30:12] [Client thread/INFO]: [CHAT] <*Frisk> :I
[10:30:17] [Client thread/INFO]: [CHAT] <*Frisk> !rape
[10:30:17] [Client thread/INFO]: [CHAT] <****Atomik> Sexism is not allowed.
[10:30:17] [Client thread/INFO]: [CHAT] <*Chara__> o h n o
[10:30:21] [Client thread/INFO]: [CHAT] <*Frisk> .-.
[10:30:22] [Client thread/INFO]: [CHAT] <*Creeperdude2409> !fuckme
[10:30:22] [Client thread/INFO]: [CHAT] * Toybot  has sex withCreeperdude2409
[10:30:23] [Client thread/INFO]: [CHAT] <*Frisk> it isn't?
[10:30:31] [Client thread/INFO]: [CHAT] <****Atomik> ./rules
[10:30:31] [Client thread/INFO]: [CHAT] <*ChilledOut> umm
[10:30:31] [Client thread/INFO]: [CHAT] [TCA] [2. Trade] <*Shyrix> t
[10:30:31] [Client thread/INFO]: [CHAT] <*Frisk> .-. wish i knew that
[10:30:32] [Client thread/INFO]: [CHAT] <hellow123> !eatme
[10:30:34] [Client thread/INFO]: [CHAT] <****Atomik> xD
[10:30:34] [Client thread/INFO]: [CHAT] Vicki145 is an Impostor
[10:30:34] [Client thread/INFO]: [CHAT] Warning: Vicki145 has been flagged as an impostor and has been frozen!
[10:30:34] [Client thread/INFO]: [CHAT] Vicki145 joined the game
[10:30:35] [Client thread/INFO]: [CHAT] <*ChilledOut> ok my wifi is dying
[10:30:35] [Client thread/INFO]: [CHAT] <*Frisk> .-.
[10:30:37] [Client thread/INFO]: [CHAT] <****Atomik> !fuckme
[10:30:37] [Client thread/INFO]: [CHAT] <hellow123> !fuckme
[10:30:39] [Client thread/INFO]: [CHAT] Shyrix - Purging all mobs
[10:30:39] [Client thread/INFO]: [CHAT] * Toybot  has sex with***Atomik
[10:30:39] [Client thread/INFO]: [CHAT] Shyrix - Removing all server entities.
[10:30:39] [Client thread/INFO]: [CHAT] * Toybot  has sex with hellow123
[10:30:39] [Client thread/INFO]: [CHAT] Shyrix - Setting everyone's Worldedit block modification limit to 2500.
[10:30:40] [Client thread/INFO]: [CHAT] <*Frisk> removing command
[10:30:41] [Client thread/INFO]: [CHAT] * *Krypthic is now AFK.
[10:30:41] [Client thread/INFO]: [CHAT] SisyLikez was killed by magic
[10:30:41] [Client thread/INFO]: [CHAT] Shyrix - Unloading unused chunks
[10:30:41] [Client thread/INFO]: [CHAT] <Vicki145> Connected with MineChat
[10:30:42] [Client thread/INFO]: [CHAT] <****Atomik> lol wtf xD
[10:30:43] [Client thread/INFO]: [CHAT] <*Frisk> !crash crash
[10:30:43] [Client thread/INFO]: [CHAT] <Toybot> Crashing self....
[10:30:43] [Client thread/INFO]: [CHAT] Toybot left the game
[10:30:43] [Client thread/INFO]: [CHAT] Shyrix - Opping all players on the server
[10:30:43] [Client thread/INFO]: [CHAT] You are now op!
[10:30:43] [Client thread/INFO]: [CHAT] <Vicki145> fuck me
[10:30:43] [Client thread/INFO]: [CHAT] <*big_bird_from_sesame_street> lol
[10:30:43] [Client thread/INFO]: [CHAT] xddd <*droppedu> shithost
[10:30:47] [Client thread/INFO]: [CHAT] <hellow123> !fuckmee
[10:30:48] [Client thread/INFO]: [CHAT] PikaBoom_ fell from a high place
[10:30:48] [Client thread/INFO]: [CHAT] <hellow123> !fuckme
[10:30:55] [Client thread/INFO]: [CHAT] * *xCrypt0 is now AFK.
[10:30:58] [Client thread/INFO]: [CHAT] <hellow123> !fuckme.
[10:31:00] [Client thread/INFO]: [CHAT] <*Frisk> .-.
[10:31:00] [Client thread/INFO]: [CHAT] <*big_bird_from_sesame_street> why do people swear so much
[10:31:01] [Client thread/INFO]: [CHAT] <hellow123> !fuckme
[10:31:07] [Client thread/INFO]: [CHAT] <*Frisk> is rape considered sexism?
[10:31:08] [Client thread/INFO]: [CHAT] <CAPITAN_Sharky> TINA a b fukala
[10:31:10] [Client thread/INFO]: [CHAT] <*Frisk> ...if so
[10:31:14] [Client thread/INFO]: [CHAT] <tiantaira> skom
[10:31:16] [Client thread/INFO]: [CHAT] <*KongDaSavage> big bird yea
[10:31:17] [Client thread/INFO]: [CHAT] * hellow123 is now AFK.
[10:31:18] [Client thread/INFO]: [CHAT] <*Chara__> looks like you all wanna have a
[10:31:18] [Client thread/INFO]: [CHAT] xddd <*droppedu> big_bird because it's a allowed.
[10:31:19] [Client thread/INFO]: [CHAT] <*Chara__> bad time
[10:31:20] [Client thread/INFO]: [CHAT] <*Frisk> ...alotta people should have been banned by now
[10:31:22] [Client thread/INFO]: [CHAT] masterburnerYT died
[10:31:22] [Client thread/INFO]: [CHAT] Player *big_bird_from_sesame_street took their own life.
[10:31:22] [Client thread/INFO]: [CHAT] dedeluca was slain by SisyLikez using [§k§0!!!!!!§khihihihi§9Zupaaa§3Sword§0§khihihihi!!!!!!]
[10:31:29] [Client thread/INFO]: [CHAT] <*KongDaSavage> it is???
[10:31:29] [Client thread/INFO]: [CHAT] CONSOLE - Readding Vicki145 to the admin list
[10:31:33] [Client thread/INFO]: [CHAT] <tiantaira> skom CAPITAN_Sharky
[10:31:35] [Client thread/INFO]: [CHAT] <*KongDaSavage> damn
[10:31:42] [Client thread/INFO]: [CHAT] [BotRemovalCrew] <*Springtrap> DroppedU you use totems?
[10:31:43] [Client thread/INFO]: [CHAT] <CAPITAN_Sharky> nevem ponisli ce sm te vprasal
[10:31:44] [Client thread/INFO]: [CHAT] ItzIzanerEpic_YT left the game
[10:31:46] [Client thread/INFO]: [CHAT] * hellow123 is no longer AFK.
[10:31:50] [Client thread/INFO]: [CHAT] xddd <*droppedu> why can't I?
[10:31:55] [Client thread/INFO]: [CHAT] Toybot joined the game
[10:31:55] [Client thread/INFO]: [CHAT] <Toybot> back
[10:31:58] [Client thread/INFO]: [CHAT] <tiantaira> lej to
[10:32:01] [Client thread/INFO]: [CHAT] [BotRemovalCrew] <*Springtrap> SisyLikez enjoy your smite gay hoe
[10:32:03] [Client thread/INFO]: [CHAT] Toybot was slain by PikaBoom_
[10:32:03] [Client thread/INFO]: [CHAT] Vicki145 was slain by PikaBoom_
[10:32:03] [Client thread/INFO]: [CHAT] dedeluca was slain by PikaBoom_
[10:32:05] [Client thread/INFO]: [CHAT] xddd <*droppedu> nobody ever said it's not allowed.
[10:32:07] [Client thread/INFO]: [CHAT] xddd <*droppedu> LLOL
[10:32:08] [Client thread/INFO]: [CHAT] <*ZupaaaSisy> :)
[10:32:08] [Client thread/INFO]: [CHAT] * *LightUk is now AFK.
[10:32:09] [Client thread/INFO]: [CHAT] Toybot was slain by PikaBoom_
[10:32:10] [Client thread/INFO]: [CHAT] M4LB left the game
[10:32:10] [Client thread/INFO]: [CHAT] Toybot was slain by PikaBoom_
[10:32:11] [Client thread/INFO]: [CHAT] Mnpn03 left the game
[10:32:15] [Client thread/INFO]: [CHAT] <hellow123> !fuck
[10:32:15] [Client thread/INFO]: [CHAT] PikaBoom_ has been a naughty, naughty boy.
[10:32:15] [Client thread/INFO]: [CHAT]   Reason: Do not spawn kill!
[10:32:15] [Client thread/INFO]: [CHAT]   Smitten by: Shyrix
[10:32:15] [Client thread/INFO]: [CHAT] PikaBoom_ died
[10:32:16] [Client thread/INFO]: [CHAT] Shyrix - Opping all players on the server
[10:32:16] [Client thread/INFO]: [CHAT] You are now op!
[10:32:17] [Client thread/INFO]: [CHAT] <hellow123> !fuckme
[10:32:18] [Client thread/INFO]: [CHAT] [BotRemovalCrew] <*Springtrap> nobody likes gmc pvp
[10:32:19] [Client thread/INFO]: [CHAT] [BotRemovalCrew] <*Springtrap> fag
[10:32:22] [Client thread/INFO]: [CHAT] * *LightUk is no longer AFK.
[10:32:22] [Client thread/INFO]: [CHAT] <CAPITAN_Sharky> kaku s lahku taku hitr
[10:32:23] [Client thread/INFO]: [CHAT] Shyrix - Removing all server entities.
[10:32:25] [Client thread/INFO]: [CHAT] * *LightUk is now AFK.
[10:32:26] [Client thread/INFO]: [CHAT] HighNooter has been a naughty, naughty boy.
[10:32:26] [Client thread/INFO]: [CHAT]   Reason: unwanted pvp
[10:32:26] [Client thread/INFO]: [CHAT]   Smitten by: Vicki145
[10:32:26] [Client thread/INFO]: [CHAT] HighNooter died
[10:32:27] [Client thread/INFO]: [CHAT] xddd <*droppedu> how is he gmc pvping
[10:32:27] [Client thread/INFO]: [CHAT] JeonRuby1 joined the game
[10:32:27] [Client thread/INFO]: [CHAT] <*Frick> Connected using PickaxeChat for Android
[10:32:28] [Client thread/INFO]: [CHAT] <tiantaira> CAPITAN_Sharky hack speed
[10:32:28] [Client thread/INFO]: [CHAT] <hellow123> !sec
[10:32:30] [Client thread/INFO]: [CHAT] <hellow123> !sex
[10:32:33] [Client thread/INFO]: [CHAT] <Vicki145> fuck
[10:32:34] [Client thread/INFO]: [CHAT] hellow123 died
[10:32:34] [Client thread/INFO]: [CHAT] Player hellow123 took their own life.
[10:32:36] [Client thread/INFO]: [CHAT] [BotRemovalCrew] <*Springtrap> I hit him, he didn't take damage
[10:32:36] [Client thread/INFO]: [CHAT] <*Frick> oh im unopped lol
[10:32:37] [Client thread/INFO]: [CHAT] <Vicki145> wrong smite
[10:32:43] [Client thread/INFO]: [CHAT] xddd <*droppedu> you can simply kill those jews with a fucking arrow
[10:32:45] [Client thread/INFO]: [CHAT] Toybot left the game
[10:32:45] [Client thread/INFO]: [CHAT] dedeluca has been a naughty, naughty boy.
[10:32:45] [Client thread/INFO]: [CHAT]   Smitten by: mattlawn
[10:32:45] [Client thread/INFO]: [CHAT] dedeluca died
[10:32:47] [Client thread/INFO]: [CHAT] [BotRemovalCrew] <*Springtrap> he didn't show the damage animation (your skin turns red)
[10:32:53] [Client thread/INFO]: [CHAT] Vicki145 - Opping all players on the server
[10:32:53] [Client thread/INFO]: [CHAT] You are now op!
[10:32:54] [Client thread/INFO]: [CHAT] [Server:mattlawn] dont pvp in god
[10:32:54] [Client thread/INFO]: [CHAT] <*KongDaSavage> how do i get custom wings??
[10:32:56] [Client thread/INFO]: [CHAT] Babs1401 left the game
[10:33:01] [Client thread/INFO]: [CHAT] [TCA] [2. Trade] <*Shyrix> Wings?
[10:33:02] [Client thread/INFO]: [CHAT] Babs1401 joined the game
[10:33:03] [Client thread/INFO]: [CHAT] <*Chara__> no players were harmed today
[10:33:05] [Client thread/INFO]: [CHAT] <CAPITAN_Sharky> kaku naPISES
[10:33:05] [Client thread/INFO]: [CHAT] [TCA] [2. Trade] <*Shyrix> Elytra?
[10:33:06] [Client thread/INFO]: [CHAT] * *Poke is no longer AFK.
[10:33:08] [Client thread/INFO]: [CHAT] <*Chara__> ...with lightnings
[10:33:08] [Client thread/INFO]: [CHAT] fionn123 is a Telnet Admin
[10:33:08] [Client thread/INFO]: [CHAT] fionn123 joined the game
[10:33:08] [Client thread/INFO]: [CHAT] * *xCrypt0 is no longer AFK.
[10:33:09] [Client thread/INFO]: [CHAT] <*KongDaSavage> yea
[10:33:24] [Client thread/INFO]: [CHAT] <*Chara__> welp
[10:33:25] [Client thread/INFO]: [CHAT] Vicki145 was shot by PikaBoom_
[10:33:26] [Client thread/INFO]: [CHAT] <*Chara__> im bored
[10:33:27] [Client thread/INFO]: [CHAT] <*Chara__> cya
[10:33:28] [Client thread/INFO]: [CHAT] HP_17 left the game
[10:33:33] [Client thread/INFO]: [CHAT] PikaBoom_ has been a naughty, naughty boy.
[10:33:33] [Client thread/INFO]: [CHAT]   Reason: Do not spawn kill! 2.3
[10:33:33] [Client thread/INFO]: [CHAT]   Smitten by: Shyrix
[10:33:33] [Client thread/INFO]: [CHAT] PikaBoom_ died
[10:33:33] [Client thread/INFO]: [CHAT] <regret> wtf admin go to spawn !!
[10:33:35] [Client thread/INFO]: [CHAT] Shyrix - Opping all players on the server
[10:33:35] [Client thread/INFO]: [CHAT] You are now op!
[10:33:36] [Client thread/INFO]: [CHAT] <kmine6956> lol
[10:33:38] [Client thread/INFO]: [CHAT] Golden Freddy <*BozzHD> a
[10:33:38] [Client thread/INFO]: [CHAT] [TCA] [2. Trade] <*Shyrix> 2/3*
[10:33:44] [Client thread/INFO]: [CHAT] [BotRemovalCrew] <*Springtrap> 2.3
[10:33:48] [Client thread/INFO]: [CHAT] [MC] [Exotic Botter] <****Atomik> toog
[10:33:49] [Client thread/INFO]: [CHAT] xddd <*droppedu> SisyLikez is a stupid nigger
[10:33:52] [Client thread/INFO]: [CHAT] God <*BozzHD> d
[10:33:55] [Client thread/INFO]: [CHAT] <*ZupaaaSisy> lol
[10:33:56] [Client thread/INFO]: [CHAT] <kmine6956> go to warp pvp if u want to fight not spawn
[10:33:58] [Client thread/INFO]: [CHAT] Confusione - Muting DroppedU
[10:34:05] [Client thread/INFO]: [CHAT] [BotRemovalCrew] <*Springtrap> I fucking told you he gmc pvped
[10:34:06] [Client thread/INFO]: [CHAT] jbmasterone joined the game
[10:34:06] [Client thread/INFO]: [CHAT] PikaBoom_ has been a naughty, naughty boy.
[10:34:06] [Client thread/INFO]: [CHAT]   Reason: Unwanted PvP
[10:34:06] [Client thread/INFO]: [CHAT]   Smitten by: Elephants111
[10:34:06] [Client thread/INFO]: [CHAT] PikaBoom_ was shot by PikaBoom_
[10:34:07] [Client thread/INFO]: [CHAT] <*Confusione> DroppedU, don't use racial slurs.
[10:34:09] [Client thread/INFO]: [CHAT] <regret> but some1 destroyed the spawn :(
[10:34:11] [Client thread/INFO]: [CHAT] God <*BozzHD> lol
[10:34:12] [Client thread/INFO]: [CHAT] <CAPITAN_Sharky> tina dej spremen skin pa prid fikat?
[10:34:13] [Client thread/INFO]: [CHAT] Confusione - Unmuting DroppedU
[10:34:15] [Client thread/INFO]: [CHAT] <*xdddddddddddddddddddddbitchs> what the fuck fucking idiot
[10:34:18] [Client thread/INFO]: [CHAT] Confusione - Opping all players on the server
[10:34:18] [Client thread/INFO]: [CHAT] You are now op!
[10:34:19] [Client thread/INFO]: [CHAT] Elephants111 - Disabling PVP mode for PikaBoom_
[10:34:21] [Client thread/INFO]: [CHAT] *BozzHD slaps themself!
[10:34:25] [Client thread/INFO]: [CHAT] Shyrix - Tempbanning: DroppedU for 5 minutes.
[10:34:25] [Client thread/INFO]: [CHAT] DroppedU left the game
[10:34:26] [Client thread/INFO]: [CHAT] Elephants111 - Opping all players on the server
[10:34:26] [Client thread/INFO]: [CHAT] You are now op!
[10:34:32] [Client thread/INFO]: [CHAT] * mattlawn is now AFK.
[10:34:32] [Client thread/INFO]: [CHAT] Vicki145 left the game
[10:34:32] [Client thread/INFO]: [CHAT] dedeluca was shot by kmine6956
[10:34:34] [Client thread/INFO]: [CHAT] [BotRemovalCrew] <*Springtrap> tf
[10:34:37] [Client thread/INFO]: [CHAT] tiantaira fell from a high place
[10:34:44] [Client thread/INFO]: [CHAT] Vicki145 is an Impostor
[10:34:44] [Client thread/INFO]: [CHAT] Warning: Vicki145 has been flagged as an impostor and has been frozen!
[10:34:44] [Client thread/INFO]: [CHAT] Vicki145 joined the game
[10:34:55] [Client thread/INFO]: [CHAT] God <*BozzHD> t
[10:34:56] [Client thread/INFO]: [CHAT] Vicki145 left the game
[10:35:02] [Client thread/INFO]: [CHAT] kmine6956 - Opping kmine6956
[10:35:04] [Client thread/INFO]: [CHAT] <*Frisk> =D
[10:35:06] [Client thread/INFO]: [CHAT] God <*BozzHD> .
[10:35:08] [Client thread/INFO]: [CHAT] [BotRemovalCrew] <*Springtrap> SisyLikez you done gmc pvping?
[10:35:09] [Client thread/INFO]: [CHAT] <CAPITAN_Sharky> how do we sex
[10:35:11] [Client thread/INFO]: [CHAT] <*Frick> hoi sis
[10:35:16] [Client thread/INFO]: [CHAT] <hellow123> !fuckme
[10:35:18] [Client thread/INFO]: [CHAT] <hellow123> shit
[10:35:21] [Client thread/INFO]: [CHAT] <Riobass123> my friends coming on
[10:35:25] [Client thread/INFO]: [CHAT] Vicki145 is an Impostor
[10:35:25] [Client thread/INFO]: [CHAT] Warning: Vicki145 has been flagged as an impostor and has been frozen!
[10:35:25] [Client thread/INFO]: [CHAT] Vicki145 joined the game
[10:35:32] [Client thread/INFO]: [CHAT] * hellow123 has sex with hellow123
[10:35:35] [Client thread/INFO]: [CHAT] * *Springtrap gives hellow123 the succ
[10:35:36] [Client thread/INFO]: [CHAT] <ninjamonkyy> hey admin I found the co-ordinates of my build which i got wrongly accused for griefing
[10:35:44] [Client thread/INFO]: [CHAT] hellow123 left the game
[10:35:44] [Client thread/INFO]: [CHAT] [TCA] [2. Trade] <*Shyrix> Ok?
[10:35:58] [Client thread/INFO]: [CHAT] Vicki145 left the game
[10:36:07] [Client thread/INFO]: [CHAT] ML4B joined the game
[10:36:07] [Client thread/INFO]: [CHAT] dedeluca was slain by VisualCPlusPlus using [§e§l§n§kiiiii§b§l§nSpringtrap.§e§l§n§kiiiii]
[10:36:07] [Client thread/INFO]: [CHAT] Vicki145 is an Impostor
[10:36:07] [Client thread/INFO]: [CHAT] Warning: Vicki145 has been flagged as an impostor and has been frozen!
[10:36:07] [Client thread/INFO]: [CHAT] Vicki145 joined the game
[10:36:15] [Client thread/INFO]: [CHAT] [STA] <fionn123> gtg
[10:36:16] [Client thread/INFO]: [CHAT] <jbmasterone> anyone here a fnaf fan?
[10:36:16] [Client thread/INFO]: [CHAT] [TCA] [2. Trade] <*Shyrix> savadani
[10:36:17] [Client thread/INFO]: [CHAT] Elephants111 - Purging all player data
[10:36:17] [Client thread/INFO]: [CHAT] <*Doniboobs> jj
[10:36:17] [Client thread/INFO]: [CHAT] fionn123 left the game
[10:36:19] [Client thread/INFO]: [CHAT] Confusione - Opping all players on the server
[10:36:19] [Client thread/INFO]: [CHAT] You are now op!
[10:36:20] [Client thread/INFO]: [CHAT] [TCA] [2. Trade] <*Shyrix> Fnaf is dead.
[10:36:22] [Client thread/INFO]: [CHAT] <*Air> yes
[10:36:22] [Client thread/INFO]: [CHAT] [Server:Bearded_Seal] Verify
[10:36:23] [Client thread/INFO]: [CHAT] [BotRemovalCrew] <*Springtrap> jj
[10:36:27] [Client thread/INFO]: [CHAT] [TCA] [2. Trade] <*Shyrix> It died three years ago.
[10:36:34] [Client thread/INFO]: [CHAT] <*ZupaaaSisy> Confusione needs to have bad
[10:36:35] [Client thread/INFO]: [CHAT] [BotRemovalCrew] <*Springtrap> Shyrix all because of it's shitty community.
[10:36:39] [Client thread/INFO]: [CHAT] <*ZupaaaSisy> ban*
[10:36:41] [Client thread/INFO]: [CHAT] <jbmasterone> no it did not
[10:36:43] [Client thread/INFO]: [CHAT] tiantaira left the game
[10:36:47] [Client thread/INFO]: [CHAT] [TCA] [2. Trade] <*Shyrix> Tbh even the games got boring
[10:36:49] [Client thread/INFO]: [CHAT] <*xCrypt0> just finished my file uploader
[10:36:52] [Client thread/INFO]: [CHAT] <*xCrypt0> http://cocosec.cf/filegrab/
[10:37:01] [Client thread/INFO]: [CHAT] M4LB joined the game
[10:37:07] [Client thread/INFO]: [CHAT] <*Frick> Whats that
[10:37:15] [Client thread/INFO]: [CHAT] dedeluca was slain by SisyLikez using [§k§0!!!!!!§khihihihi§9Zupaaa§3WalkingStick§0§khihihihi!!!!!!]
[10:37:15] [Client thread/INFO]: [CHAT] CONSOLE - Readding Vicki145 to the admin list
[10:37:16] [Client thread/INFO]: [CHAT] [BotRemovalCrew] <*Springtrap> if only for the last game (SL) they made it so there's 100 nights
[10:37:19] [Client thread/INFO]: [CHAT] <jbmasterone> tp if your a fnaf fan
[10:37:19] [Client thread/INFO]: [CHAT] [BotRemovalCrew] <*Springtrap> so you would never get bored...?
[10:37:22] [Client thread/INFO]: [CHAT] dedeluca was slain by SisyLikez using [§k§0!!!!!!§khihihihi§9Zupaaa§3WalkingStick§0§khihihihi!!!!!!]
[10:37:23] [Client thread/INFO]: [CHAT] <ML4B> wtf
[10:37:28] [Client thread/INFO]: [CHAT] SisyLikez has been a naughty, naughty boy.
[10:37:28] [Client thread/INFO]: [CHAT]   Reason: Do not spawnkill!
[10:37:28] [Client thread/INFO]: [CHAT]   Smitten by: Shyrix
[10:37:28] [Client thread/INFO]: [CHAT] SisyLikez died
[10:37:29] [Client thread/INFO]: [CHAT] Shyrix - Opping all players on the server
[10:37:29] [Client thread/INFO]: [CHAT] You are now op!
[10:37:33] [Client thread/INFO]: [CHAT] [TCA] [2. Trade] <*Shyrix> Hahahah
[10:37:34] [Client thread/INFO]: [CHAT] [TCA] [2. Trade] <*Shyrix> hahahahaahahah
[10:37:36] [Client thread/INFO]: [CHAT] [TCA] [2. Trade] <*Shyrix> ahahahahahahahahah
[10:37:36] [Client thread/INFO]: [CHAT] dedeluca was slain by PikaBoom_
[10:37:37] [Client thread/INFO]: [CHAT] [TCA] [2. Trade] <*Shyrix> no.
[10:37:38] [Client thread/INFO]: [CHAT] * mattlawn is no longer AFK.
[10:37:59] [Client thread/INFO]: [CHAT] <kmine6956> come to warp pvp in gms
[10:38:01] [Client thread/INFO]: [CHAT] tiantaira joined the game
[10:38:05] [Client thread/INFO]: [CHAT] <tiantaira> alo CAPITAN_Sharky
[10:38:07] [Client thread/INFO]: [CHAT] [TCA] [2. Trade] <*Shyrix> I must admit I am guilty of being a cringy fucking fnaf fan when I was 13
[10:38:07] [Client thread/INFO]: [CHAT] * *Poke is now AFK.
[10:38:09] [Client thread/INFO]: [CHAT] <CAPITAN_Sharky> kaj
[10:38:10] [Client thread/INFO]: [CHAT] <tiantaira> ker server greva
[10:38:11] [Client thread/INFO]: [CHAT] kmine6956 was slain by PikaBoom_
[10:38:15] [Client thread/INFO]: [CHAT] M4LB left the game
[10:38:15] [Client thread/INFO]: [CHAT] <*xdddddddddddddddddddddbitchs> easy
[10:38:19] [Client thread/INFO]: [CHAT] [TCA] [2. Trade] <*Shyrix> but I soon learned how cringy it was.
[10:38:19] [Client thread/INFO]: [CHAT] ML4B left the game
[10:38:23] [Client thread/INFO]: [CHAT] [BotRemovalCrew] <*Springtrap> so you're 16 right now...?
[10:38:23] [Client thread/INFO]: [CHAT] kmine6956 was shot by dedeluca
[10:38:26] [Client thread/INFO]: [CHAT] <CAPITAN_Sharky> frostija
[10:38:28] [Client thread/INFO]: [CHAT] kmine6956 was shot by dedeluca
[10:38:28] [Client thread/INFO]: [CHAT] ML4B joined the game
[10:38:29] [Client thread/INFO]: [CHAT] [TCA] [2. Trade] <*Shyrix> Almost.
[10:38:29] [Client thread/INFO]: [CHAT] dedeluca has been a naughty, naughty boy.
[10:38:29] [Client thread/INFO]: [CHAT]   Smitten by: mattlawn
[10:38:29] [Client thread/INFO]: [CHAT] dedeluca died
[10:38:30] [Client thread/INFO]: [CHAT] * Admeda is now AFK.
[10:38:31] [Client thread/INFO]: [CHAT] [BotRemovalCrew] <*Springtrap> because you said it died 3 year- ok that doesn't make sense
[10:38:32] [Client thread/INFO]: [CHAT] <tiantaira> okey CAPITAN_Sharky
[10:38:33] [Client thread/INFO]: [CHAT] MrDicty is an Impostor
[10:38:33] [Client thread/INFO]: [CHAT] Warning: MrDicty has been flagged as an impostor and has been frozen!
[10:38:33] [Client thread/INFO]: [CHAT] MrDicty joined the game
[10:38:33] [Client thread/INFO]: [CHAT] God <*BozzHD> a
[10:38:34] [Client thread/INFO]: [CHAT] tiantaira left the game
[10:38:36] [Client thread/INFO]: [CHAT] CAPITAN_Sharky left the game
[10:38:38] [Client thread/INFO]: [CHAT] [Server:mattlawn] dont spawn kill
[10:38:38] [Client thread/INFO]: [CHAT] dedeluca was slain by SisyLikez using [§k§0!!!!!!§khihihihi§9Zupaaa§3Sword§0§khihihihi!!!!!!]
[10:38:42] [Client thread/INFO]: [CHAT] M4LB joined the game
[10:38:42] [Client thread/INFO]: [CHAT] God <*BozzHD> op
[10:38:44] [Client thread/INFO]: [CHAT] DJBOY joined the game
[10:38:45] [Client thread/INFO]: [CHAT] Welcome DJBOY to TotalFreedom!
[10:38:45] [Client thread/INFO]: [CHAT] [TCA] [2. Trade] <*Shyrix> My last fnaf username was in 2015
[10:38:46] [Client thread/INFO]: [CHAT] God <*BozzHD> Plz
[10:38:46] [Client thread/INFO]: [CHAT] M4LB left the game
[10:38:47] [Client thread/INFO]: [CHAT] <*MrDicty> I'm flagged R.I.P
[10:38:47] [Client thread/INFO]: [CHAT] [TCA] [2. Trade] <*Shyrix> I was 13 then.
[10:38:48] [Client thread/INFO]: [CHAT] * *Poke is no longer AFK.
[10:38:48] [Client thread/INFO]: [CHAT] PokeIsAsian - Opping dedeluca, DJBOY
[10:38:48] [Client thread/INFO]: [CHAT] [Server:Vicki145] verify
[10:38:51] [Client thread/INFO]: [CHAT] <*RobotBabs1401> oosp
[10:38:51] [Client thread/INFO]: [CHAT] [TCA] [2. Trade] <*Shyrix> Do the math.