[06:31:40] [Client thread/INFO]: Connecting to play.totalfreedom.me., 25565
[06:31:41] [Client thread/INFO]: [CHAT] [LibsDisguises] There is a update ready to be downloaded! You are using v9.3.0-SNAPSHOT, the new version is v9.5.0!
[06:31:41] [Client thread/INFO]: [CHAT] VideoGameSmash12 joined the game
[06:31:41] [Client thread/INFO]: [CHAT] Welcome to TotalFreedom, VideoGameSmash12!
[06:31:41] [Client thread/INFO]: [CHAT] The server's name does not imply that we have no rules. Please read them (/rules)
[06:31:41] [Client thread/INFO]: [CHAT] Type /help for a list of commands.
[06:31:41] [Client thread/INFO]: [CHAT] Type /list to see who else is online.
[06:31:41] [Client thread/INFO]: [CHAT] Players online: 13 - World time: 12:00 PM
[06:31:41] [Client thread/INFO]: [CHAT] You have no new mail.
[06:31:43] [Client thread/INFO]: [CHAT] < Ktoby> Never... Any ways, may you help translate it please?
[06:31:47] [Client thread/INFO]: [CHAT] [SA] < majorhamster> Hi Video.
[06:31:51] [Client thread/INFO]: [CHAT] <VideoGameSmash12> Hi.
[06:31:53] [Client thread/INFO]: [CHAT] [SA] < Guardian_Light> sure..
[06:32:16] [Client thread/INFO]: [CHAT] < Ktoby> Seeing as I also know a friend who's german who comes ocne a month.
[06:32:27] [Client thread/INFO]: [CHAT] < Ktoby> But you probably know german well and I chose you to help.
[06:32:32] [Client thread/INFO]: [CHAT] Skoonk_and_Xeoda is a Senior Admin
[06:32:32] [Client thread/INFO]: [CHAT] Skoonk_and_Xeoda joined the game
[06:32:34] [Client thread/INFO]: [CHAT] <Maulwurst> im german
[06:32:35] [Client thread/INFO]: [CHAT] majorhamster - Opping all players on the server
[06:32:35] [Client thread/INFO]: [CHAT] You are now op!
[06:32:44] [Client thread/INFO]: [CHAT] That command is blocked.
[06:32:45] [Client thread/INFO]: [CHAT] [SA] < Guardian_Light> Wirklich?
[06:32:45] [Client thread/INFO]: [CHAT] /packet, /packet_filter, /packetlog, /pardon, /pardon-ip, /particle, /pay, /permban, /permissionsex:demote, /permissionsex:pex, /permissionsex:promote, /pex, /pickaxe, /ping, /pl, /playerparticles:pp, /playerskull, /playertime, /playerweather, /playsound, /plc, /plugincontrol, /plugins, /pm, /poke, /pong, /position, /potion, /pp, /prem, /premium, /price, /promote, /protectarea, /protocol, /protocollib:filter, /protocollib:packet, /protocollib:packet_filter, /protocollib:packetlog, /protocollib:protocol, /ptime, /pumpkins, /purgeall, /pvman, /pvpblock, /pvpman, /pvpmode, /pweather
[06:32:46] [Client thread/INFO]: [CHAT] /packet, /packet_filter, /packetlog, /pardon, /pardon-ip, /particle, /pay, /permban, /permissionsex:demote, /permissionsex:pex, /permissionsex:promote, /pex, /pickaxe, /ping, /pl, /playerparticles:pp, /playerskull, /playertime, /playerweather, /playsound, /plc, /plugincontrol, /plugins, /pm, /poke, /pong, /position, /potion, /pp, /prem, /premium, /price, /promote, /protectarea, /protocol, /protocollib:filter, /protocollib:packet, /protocollib:packet_filter, /protocollib:packetlog, /protocollib:protocol, /ptime, /pumpkins, /purgeall, /pvman, /pvpblock, /pvpman, /pvpmode, /pweather
[06:32:47] [Client thread/INFO]: [CHAT] Unknown command. Type "/help" for help.
[06:32:48] [Client thread/INFO]: [CHAT] <Maulwurst> ja
[06:32:52] [Client thread/INFO]: [CHAT] 0 pumpkin patches created.
[06:32:52] [Client thread/INFO]: [CHAT] Running makePumpkinPatches in full async mode.
[06:32:52] [Client thread/INFO]: [CHAT] Job [0] makePumpkinPatches - placing blocks
[06:32:52] [Client thread/INFO]: [CHAT] Blocks processed: 0
[06:32:52] [Client thread/INFO]: [CHAT] Job [0] makePumpkinPatches - done
[06:32:55] [Client thread/INFO]: [CHAT] 0 pumpkin patches created.
[06:32:55] [Client thread/INFO]: [CHAT] Running makePumpkinPatches in full async mode.
[06:32:55] [Client thread/INFO]: [CHAT] Blocks processed: 9
[06:32:55] [Client thread/INFO]: [CHAT] Job [0] makePumpkinPatches - placing blocks
[06:32:55] [Client thread/INFO]: [CHAT] Job [0] makePumpkinPatches - done
[06:32:58] [Client thread/INFO]: [CHAT] TheBlazingFlames is a Super Admin and hates griefers.
[06:32:58] [Client thread/INFO]: [CHAT] TheBlazingFlames joined the game
[06:33:00] [Client thread/INFO]: [CHAT] [SA] < Guardian_Light> schöne
[06:33:03] [Client thread/INFO]: [CHAT] Teleporting...
[06:33:05] [Client thread/INFO]: [CHAT] < Ktoby> But first I must test you, Guardian.
[06:33:18] [Client thread/INFO]: [CHAT] Ktoby, KullishTornado
[06:33:22] [Client thread/INFO]: [CHAT] TheCool1Mike is the German Asst. Security Officer and a Mineplex Mod
[06:33:22] [Client thread/INFO]: [CHAT] TheCool1Mike joined the game
[06:33:34] [Client thread/INFO]: [CHAT] *  Turbines is now AFK.
[06:33:44] [Client thread/INFO]: [CHAT] [SA] < Guardian_Light> oire gire no raita!
[06:33:59] [Client thread/INFO]: [CHAT] [me ->  Ktoby] http://prntscr.com/gbgwvb - I was warned for linking another ROBLOX game.
[06:34:01] [Client thread/INFO]: [CHAT] MrDicty is a SUPER ADMIN and is wearing a GOLDEN Suit!
[06:34:01] [Client thread/INFO]: [CHAT] MrDicty joined the game
[06:34:08] [Client thread/INFO]: [CHAT] <Maulwurst> computergames10
[06:34:12] [Client thread/INFO]: [CHAT] <Maulwurst> look at roof
[06:34:14] [Client thread/INFO]: [CHAT] There are 17 out of a maximum 45 players online.
[06:34:14] [Client thread/INFO]: [CHAT] Connected players: [OP]Ktoby, [OP]DParishhouse, [OP]KullishTornado, [OP]Sunshineone, [OP]eleab, [SA]MrDicty, [OP]Maulwurst, [OP]computergames10, [OP]thelittlepervert, [SA]Guardian_Light, [OP]Turbines, [SA]majorhamster, [STA]ArceCreeper, [OP]VideoGameSmash12, [SrA]Skoonk_and_Xeoda, [SA]TheBlazingFlames, [SrA]TheCool1Mike
[06:34:24] [Client thread/INFO]: [CHAT] < DragonsITA> nice man
[06:34:25] [Client thread/INFO]: [CHAT] [ Ktoby -> me] ROBLOX = pathetic
[06:34:28] [Client thread/INFO]: [CHAT] *  Turbines is no longer AFK.
[06:34:33] [Client thread/INFO]: [CHAT] Entity303_ joined the game
[06:34:37] [Client thread/INFO]: [CHAT] [me ->  Ktoby] Agreed.
[06:34:39] [Client thread/INFO]: [CHAT] < Ktoby> Guardian.
[06:34:40] [Client thread/INFO]: [CHAT] < Ktoby> In welches Feld speichern?
[06:34:53] [Client thread/INFO]: [CHAT] <Maulwurst> Was für ein Feld ?
[06:34:59] [Client thread/INFO]: [CHAT] < Ktoby> Test for you, to see if you can do it for real.
[06:35:19] [Client thread/INFO]: [CHAT] < DragonsITA> XD
[06:35:30] [Client thread/INFO]: [CHAT] [ MrDicty -> me] Did you get suspended?
[06:35:30] [Client thread/INFO]: [CHAT] [SA] < Guardian_Light> I don't rly understand
[06:35:40] [Client thread/INFO]: [CHAT] [me ->  MrDicty] Yes.
[06:35:44] [Client thread/INFO]: [CHAT] [ MrDicty -> me] Why?
[06:35:53] [Client thread/INFO]: [CHAT] [SA] < Guardian_Light> what i'm getting is "in which field stores"?
[06:35:56] [Client thread/INFO]: [CHAT] [SA] < Guardian_Light> lmao
[06:36:03] [Client thread/INFO]: [CHAT] < Ktoby> Wow..
[06:36:04] [Client thread/INFO]: [CHAT] < Ktoby> Es gibt 14 levels unterschiedlicher Groesseund Schwere!
[06:36:12] [Client thread/INFO]: [CHAT] majorhamster - Unloading unused chunks
[06:36:16] [Client thread/INFO]: [CHAT] <Maulwurst> cool Ktoby
[06:36:23] [Client thread/INFO]: [CHAT] <Maulwurst> Darf ich die lösen ?
[06:36:26] [Client thread/INFO]: [CHAT] < Ktoby> Game was made in 2002 so damn
[06:36:28] [Client thread/INFO]: [CHAT] <Maulwurst> Die Level
[06:36:42] [Client thread/INFO]: [CHAT] <Maulwurst> why i get warnig
[06:36:46] [Client thread/INFO]: [CHAT] * TheCool1Mike is now AFK.
[06:36:51] [Client thread/INFO]: [CHAT] * TheCool1Mike is no longer AFK.
[06:36:53] [Client thread/INFO]: [CHAT] <Maulwurst> Ktoby dont english in main chat to
[06:37:15] [Client thread/INFO]: [CHAT] < Ktoby> You are allowed to in a short time, according to the policy.
[06:37:33] [Client thread/INFO]: [CHAT] Turbines left the game
[06:37:47] [Client thread/INFO]: [CHAT] majorhamster - Unloading unused chunks
[06:37:52] [Client thread/INFO]: [CHAT] Skoonk_and_Xeoda left the game
[06:38:20] [Client thread/INFO]: [CHAT] zhiwen joined the game
[06:38:21] [Client thread/INFO]: [CHAT] < Ktoby> No answer yet surprisingly..
[06:38:33] [Client thread/INFO]: [CHAT] < THE_BLOOD_THARSTYDOG> coac
[06:38:37] [Client thread/INFO]: [CHAT] [me ->  MrDicty] "Suspected security breach" - one of the most inspecific reasons
[06:38:47] [Client thread/INFO]: [CHAT] [me ->  MrDicty] that I have ever seen.
[06:38:52] [Client thread/INFO]: [CHAT] TheBlazingFlames - Opping all players on the server
[06:38:52] [Client thread/INFO]: [CHAT] You are now op!
[06:38:52] [Client thread/INFO]: [CHAT] *  TheRoppyBoy is now AFK.
[06:38:58] [Client thread/INFO]: [CHAT] < THE_BLOOD_THARSTYDOG> any one pvp
[06:39:18] [Client thread/INFO]: [CHAT] <Entity303_> Hi Mike
[06:39:18] [Client thread/INFO]: [CHAT] *  TheRoppyBoy is no longer AFK.
[06:39:20] [Client thread/INFO]: [CHAT] [SrA] <TheCool1Mike> Hi
[06:39:22] [Client thread/INFO]: [CHAT] *  Thick_Tornado is now AFK.
[06:39:24] [Client thread/INFO]: [CHAT] KullishTornado left the game
[06:39:34] [Client thread/INFO]: [CHAT] Unknown command. Type "/help" for help.
[06:39:40] [Client thread/INFO]: [CHAT] < THE_BLOOD_THARSTYDOG> ?
[06:39:53] [Client thread/INFO]: [CHAT] majorhamster - Unloading unused chunks
[06:39:54] [Client thread/INFO]: [CHAT] majorhamster - Opping all players on the server
[06:39:54] [Client thread/INFO]: [CHAT] You are now op!
[06:39:55] [Client thread/INFO]: [CHAT] majorhamster - Setting everyone's Worldedit block modification limit to 2500.
[06:40:03] [Client thread/INFO]: [CHAT] Unknown command. Type "/help" for help.
[06:40:06] [Client thread/INFO]: [CHAT] [SA] < Guardian_Light> Gtg bai
[06:40:08] [Client thread/INFO]: [CHAT] Guardian_Light left the game
[06:40:20] [Client thread/INFO]: [CHAT] < TheRoppyBoy> Admins tp to me i create maybe new spawn
[06:40:42] [Client thread/INFO]: [CHAT] Teleporting...
[06:40:45] [Client thread/INFO]: [CHAT] < TheRoppyBoy> I can update
[06:40:47] [Client thread/INFO]: [CHAT] [Server:majorhamster] New spawn
[06:41:13] [Client thread/INFO]: [CHAT] <Maulwurst> VideoGameSmash12 why dont reply ?
[06:41:17] [Client thread/INFO]: [CHAT] [ MrDicty -> me] Hello Op
[06:41:24] [Client thread/INFO]: [CHAT] <Entity303_> This is so tiny, not hating though.
[06:41:26] [Client thread/INFO]: [CHAT] < THE_BLOOD_THARSTYDOG> any one pvp
[06:41:30] [Client thread/INFO]: [CHAT] [me ->  MrDicty] What?
[06:41:40] [Client thread/INFO]: [CHAT] [ MrDicty -> me] Your an Op
[06:41:42] [Client thread/INFO]: [CHAT] Maulwurst, MrDicty, majorhamster
[06:41:46] [Client thread/INFO]: [CHAT] <VideoGameSmash12> What are you talking about Maulwurst?
[06:41:48] [Client thread/INFO]: [CHAT] < TheRoppyBoy> I can update this new spawn
[06:41:53] [Client thread/INFO]: [CHAT] <Maulwurst> why dont reapply as admin
[06:42:04] [Client thread/INFO]: [CHAT] < THE_BLOOD_THARSTYDOG> any one pvp PLZ
[06:42:10] [Client thread/INFO]: [CHAT] [me ->  MrDicty] No, I am not. I am a suspended probationary Senior Admin.
[06:42:13] [Client thread/INFO]: [CHAT] < THE_BLOOD_THARSTYDOG> thelittlepervert pvp?
[06:42:18] [Client thread/INFO]: [CHAT] < TheRoppyBoy> Ok
[06:42:25] [Client thread/INFO]: [CHAT] [ MrDicty -> me] Ok
[06:42:30] [Client thread/INFO]: [CHAT] < TheRoppyBoy> Tp to me
[06:42:33] [Client thread/INFO]: [CHAT] [ MrDicty -> me] How long are you suspended for?
[06:42:41] [Client thread/INFO]: [CHAT] < THE_BLOOD_THARSTYDOG> lol
[06:42:41] [Client thread/INFO]: [CHAT] [me ->  MrDicty] I do not know.
[06:42:44] [Client thread/INFO]: [CHAT] < TheRoppyBoy> Dont disgue
[06:42:51] [Client thread/INFO]: [CHAT] [ MrDicty -> me] and why were you suspended
[06:42:52] [Client thread/INFO]: [CHAT] < THE_BLOOD_THARSTYDOG> hi
[06:42:54] [Client thread/INFO]: [CHAT] < TheRoppyBoy> Go?
[06:42:58] [Client thread/INFO]: [CHAT] thelittlepervert was slain by zhiwen using [§8§lEnd Sword]
[06:43:04] [Client thread/INFO]: [CHAT] [me ->  MrDicty] I don't fucking know why I'm suspended.
[06:43:04] [Client thread/INFO]: [CHAT] < THE_BLOOD_THARSTYDOG> daed
[06:43:08] [Client thread/INFO]: [CHAT] < THE_BLOOD_THARSTYDOG> dead
[06:43:09] [Client thread/INFO]: [CHAT] [ MrDicty -> me] ok
[06:43:12] [Client thread/INFO]: [CHAT] [me ->  MrDicty] I was given a very vague reason.
[06:43:19] [Client thread/INFO]: [CHAT] [me ->  MrDicty] "Suspected security breach".
[06:43:27] [Client thread/INFO]: [CHAT] [ MrDicty -> me] ok
[06:43:49] [Client thread/INFO]: [CHAT] < TheRoppyBoy> wtf my attack is can kill in one hit what
[06:43:49] [Client thread/INFO]: [CHAT] TheBlazingFlames, TheCool1Mike, thelittlepervert
[06:43:50] [Client thread/INFO]: [CHAT] TheBlazingFlames, TheCool1Mike, thelittlepervert
[06:43:50] [Client thread/INFO]: [CHAT] VideoGameSmash12 slaps TheCool1Mike!
[06:43:53] [Client thread/INFO]: [CHAT] thelittlepervert was slain by zhiwen
[06:43:54] [Client thread/INFO]: [CHAT] TheCool1Mike punches VideoGameSmash12!
[06:43:56] [Client thread/INFO]: [CHAT] < THE_BLOOD_THARSTYDOG> oops
[06:43:58] [Client thread/INFO]: [CHAT] [SrA] <TheCool1Mike> ;)
[06:44:06] [Client thread/INFO]: [CHAT] [Server:TheCool1Mike] No creative PvP
[06:44:06] [Client thread/INFO]: [CHAT]  MrDicty smiles at TheCool1Mike.
[06:44:10] [Client thread/INFO]: [CHAT] *  Ktoby is now AFK.
[06:44:11] [Client thread/INFO]: [CHAT] < Maulwurst> thanks
[06:44:19] [Client thread/INFO]: [CHAT] * VideoGameSmash12 beats the living fuck out of TheCool1Mike!
[06:44:22] [Client thread/INFO]: [CHAT] *  Ktoby is no longer AFK.
[06:44:24] [Client thread/INFO]: [CHAT] thelittlepervert was killed trying to hurt zhiwen
[06:44:28] [Client thread/INFO]: [CHAT] < THE_BLOOD_THARSTYDOG> ok
[06:44:29] [Client thread/INFO]: [CHAT] [STA] < VoidNightmare> lol
[06:44:33] [Client thread/INFO]: [CHAT] Entity303_ has been a VERY naughty, naughty boy.
[06:44:33] [Client thread/INFO]: [CHAT] Banning: Entity303_, IP: 94.43.*.* - Reason: Griefing -Dicty
[06:44:33] [Client thread/INFO]: [CHAT] Entity303_ died
[06:44:33] [Client thread/INFO]: [CHAT] Entity303_ left the game
[06:44:34] [Client thread/INFO]: [CHAT] < THE_BLOOD_THARSTYDOG> ya
[06:44:37] [Client thread/INFO]: [CHAT] majorhamster - Unloading unused chunks
[06:44:38] [Client thread/INFO]: [CHAT] < TheRoppyBoy> Give me its items
[06:44:41] [Client thread/INFO]: [CHAT] < TheRoppyBoy> Pls
[06:44:41] [Client thread/INFO]: [CHAT] < THE_BLOOD_THARSTYDOG> nvm
[06:44:48] [Client thread/INFO]: [CHAT] < THE_BLOOD_THARSTYDOG> i dont
[06:44:52] [Client thread/INFO]: [CHAT] < TheRoppyBoy> Look my weapon
[06:44:58] [Client thread/INFO]: [CHAT] < THE_BLOOD_THARSTYDOG> tell is in kit admin
[06:45:01] [Client thread/INFO]: [CHAT] CONSOLE - Opping all players on the server
[06:45:01] [Client thread/INFO]: [CHAT] You are now op!
[06:45:07] [Client thread/INFO]: [CHAT] < THE_BLOOD_THARSTYDOG> noob
[06:45:11] [Client thread/INFO]: [CHAT] < THE_BLOOD_THARSTYDOG> lol
[06:45:15] [Client thread/INFO]: [CHAT] < THE_BLOOD_THARSTYDOG> ya
[06:45:18] [Client thread/INFO]: [CHAT] /qop <partialname>
[06:45:20] [Client thread/INFO]: [CHAT] No targets matched.
[06:45:22] [Client thread/INFO]: [CHAT] No targets matched.
[06:45:23] [Client thread/INFO]: [CHAT] Unknown command. Type "/help" for help.
[06:45:23] [Client thread/INFO]: [CHAT] <zhiwen> lol
[06:45:25] [Client thread/INFO]: [CHAT] No targets matched.
[06:45:26] [Client thread/INFO]: [CHAT] <zhiwen> hi
[06:45:39] [Client thread/INFO]: [CHAT] <zhiwen> im the blood thsty dog
[06:45:54] [Client thread/INFO]: [CHAT] TheBlazingFlames, TheCool1Mike, thelittlepervert
[06:45:55] [Client thread/INFO]: [CHAT] TheBlazingFlames, TheCool1Mike, thelittlepervert
[06:45:59] [Client thread/INFO]: [CHAT] <zhiwen> im in the end clan
[06:46:07] [Client thread/INFO]: [CHAT] <zhiwen> i i know goofy
[06:46:50] [Client thread/INFO]: [CHAT] [me -> TheCool1Mike] Do you know why I'm suspended? I know the simple version of it is "suspected security breach" but I want to know specifically why I am suspended.
[06:46:58] [Client thread/INFO]: [CHAT] [TheCool1Mike -> me] I don't sorry
[06:47:06] [Client thread/INFO]: [CHAT] [TheCool1Mike -> me] Wild removed you and I don't know who
[06:47:11] [Client thread/INFO]: [CHAT] [TheCool1Mike -> me] why*
[06:47:17] [Client thread/INFO]: [CHAT] < THE_BLOOD_TRASTY_DOG> cus
[06:47:20] [Client thread/INFO]: [CHAT] [me -> TheCool1Mike] I don't either.
[06:47:25] [Client thread/INFO]: [CHAT] < TheRoppyBoy> I create normal spawn?
[06:47:26] [Client thread/INFO]: [CHAT] * eleab is now AFK.
[06:47:32] [Client thread/INFO]: [CHAT] < THE_BLOOD_TRASTY_DOG> it removes all effacts
[06:47:47] [Client thread/INFO]: [CHAT] [me -> TheCool1Mike] Wild1145 refuses to give me any information other than what is public.
[06:48:17] [Client thread/INFO]: [CHAT] majorhamster - Unloading unused chunks
[06:48:19] [Client thread/INFO]: [CHAT] PokeMePlz joined the game
[06:48:27] [Client thread/INFO]: [CHAT] <VideoGameSmash12> PokeMePlz
[06:48:30] [Client thread/INFO]: [CHAT] < PokeMePlz> yes
[06:48:33] [Client thread/INFO]: [CHAT] <VideoGameSmash12> Well shit
[06:48:33] [Client thread/INFO]: [CHAT] MrDicty left the game
[06:48:35] [Client thread/INFO]: [CHAT] < PokeMePlz> daddy video
[06:48:35] [Client thread/INFO]: [CHAT] <VideoGameSmash12> rip my rank
[06:48:56] [Client thread/INFO]: [CHAT] < TheRoppyBoy> Im chicken
[06:48:58] [Client thread/INFO]: [CHAT] zhiwen was killed by magic
[06:49:03] [Client thread/INFO]: [CHAT] < PokeMePlz> oh yes you are
[06:49:08] [Client thread/INFO]: [CHAT] < TheRoppyBoy> Im chicken!!
[06:49:13] [Client thread/INFO]: [CHAT] < THE_BLOOD_TRASTY_DOG> wach
[06:49:18] [Client thread/INFO]: [CHAT] zhiwen was killed by magic
[06:49:21] [Client thread/INFO]: [CHAT] [me -> TheCool1Mike] He's basically causing drama by leaving the admins in suspense.
[06:49:23] [Client thread/INFO]: [CHAT] *  Ktoby is now AFK.
[06:49:26] [Client thread/INFO]: [CHAT] < TheRoppyBoy> Im chicken see?
[06:49:59] [Client thread/INFO]: [CHAT] < TheRoppyBoy> *Eat Weeds*
[06:50:12] [Client thread/INFO]: [CHAT] < Maulwurst> shot me
[06:50:22] [Client thread/INFO]: [CHAT] < THE_BLOOD_TRASTY_DOG> you use the omga clan pot
[06:50:23] [Client thread/INFO]: [CHAT] < TheRoppyBoy> Oh
[06:50:24] [Client thread/INFO]: [CHAT] < Maulwurst> shoot me
[06:50:29] [Client thread/INFO]: [CHAT] Maulwurst was killed by magic
[06:50:34] [Client thread/INFO]: [CHAT] < Maulwurst> it really works
[06:50:43] [Client thread/INFO]: [CHAT] zhiwen was killed by magic
[06:50:47] [Client thread/INFO]: [CHAT] < Maulwurst> oops sorry
[06:50:48] [Client thread/INFO]: [CHAT] < THE_BLOOD_TRASTY_DOG> wat
[06:50:48] [Client thread/INFO]: [CHAT] [SA] < majorhamster> ...
[06:50:49] [Client thread/INFO]: [CHAT] < TheRoppyBoy> Im magic chicken i summon sword
[06:51:02] [Client thread/INFO]: [CHAT] majorhamster - Undisguising all non-admins
[06:51:04] [Client thread/INFO]: [CHAT] TheBlazingFlames was slain by zhiwen using [§8§lEnd Sword]
[06:51:26] [Client thread/INFO]: [CHAT] < Maulwurst> whats the particle style ?
[06:51:29] [Client thread/INFO]: [CHAT] < TheRoppyBoy> zhiwen Give me items
[06:51:29] [Client thread/INFO]: [CHAT] < Maulwurst> beam ?
[06:51:32] [Client thread/INFO]: [CHAT] < THE_BLOOD_TRASTY_DOG> beam
[06:51:42] [Client thread/INFO]: [CHAT] < TheRoppyBoy> zhiwen Give me items pls
[06:51:53] [Client thread/INFO]: [CHAT] TheBlazingFlames was slain by zhiwen
[06:52:05] [Client thread/INFO]: [CHAT] *  Ktoby is no longer AFK.
[06:52:07] [Client thread/INFO]: [CHAT] TheBlazingFlames was slain by zhiwen
[06:52:09] [Client thread/INFO]: [CHAT] < DragonsITA> and my house is done
[06:52:15] [Client thread/INFO]: [CHAT] thelittlepervert left the game
[06:52:28] [Client thread/INFO]: [CHAT] thelittlepervert joined the game
[06:52:33] [Client thread/INFO]: [CHAT] TheBlazingFlames was slain by zhiwen
[06:52:42] [Client thread/INFO]: [CHAT] TheBlazingFlames was killed trying to hurt zhiwen
[06:52:46] [Client thread/INFO]: [CHAT] majorhamster - Opping all players on the server
[06:52:46] [Client thread/INFO]: [CHAT] You are now op!
[06:52:49] [Client thread/INFO]: [CHAT] < TheRoppyBoy> zhiwen give me bow
[06:53:01] [Client thread/INFO]: [CHAT] < TheRoppyBoy> Or Maulwurst
[06:53:09] [Client thread/INFO]: [CHAT] < Maulwurst> nope
[06:53:15] [Client thread/INFO]: [CHAT] < Maulwurst> your not in end clan
[06:53:24] [Client thread/INFO]: [CHAT] < TheRoppyBoy> How i can join?
[06:53:40] [Client thread/INFO]: [CHAT] < Maulwurst> you have to kill 100 people without dying
[06:53:52] [Client thread/INFO]: [CHAT] < THE_BLOOD_TRASTY_DOG> how
[06:53:57] [Client thread/INFO]: [CHAT] [SA] < majorhamster> ./dhelp wolf
[06:54:02] [Client thread/INFO]: [CHAT] [SA] <TheBlazingFlames> zhiwen try /d wolf setBaby setTamed
[06:54:22] [Client thread/INFO]: [CHAT] [SA] < majorhamster> ./d wolf setbaby true settamed true setBegging true setSitting true setcustomname
[06:54:30] [Client thread/INFO]: [CHAT] [SA] < majorhamster> oops
[06:54:38] [Client thread/INFO]: [CHAT] computergames10 left the game
[06:54:49] [Client thread/INFO]: [CHAT] by_mo03 joined the game
[06:55:12] [Client thread/INFO]: [CHAT] * VideoGameSmash12 is now AFK.
[06:55:12] [Client thread/INFO]: [CHAT] *  PokeMePlz is now AFK.
[06:55:28] [Client thread/INFO]: [CHAT] < THE_BLOOD_TRASTY_DOG> how do i be a baby too
[06:55:32] [Client thread/INFO]: [CHAT] [SA] < majorhamster> ./d setbaby true
[06:55:34] [Client thread/INFO]: [CHAT] [SA] < majorhamster> oops
[06:55:39] [Client thread/INFO]: [CHAT] [SA] < majorhamster> just do /d <mob> baby
[06:55:44] [Client thread/INFO]: [CHAT] *  PokeMePlz is no longer AFK.
[06:55:44] [Client thread/INFO]: [CHAT] * _ < PokeMePlz> setbaby true]
[06:55:46] [Client thread/INFO]: [CHAT] *  PokeMePlz is now AFK.
[06:55:55] [Client thread/INFO]: [CHAT] *  PokeMePlz is no longer AFK.
[06:55:55] [Client thread/INFO]: [CHAT] * _ < PokeMePlz> omgofmomgfom
[06:56:05] [Client thread/INFO]: [CHAT] < THE_BLOOD_TRASTY_DOG> HOW
[06:56:07] [Client thread/INFO]: [CHAT] [SA] <TheBlazingFlames> Do this:
[06:56:18] [Client thread/INFO]: [CHAT] [SA] <TheBlazingFlames> ./d wolf setBaby true setBegging true
[06:56:23] [Client thread/INFO]: [CHAT] < TheRoppyBoy> Im can dead im wolf small
[06:56:24] [Client thread/INFO]: [CHAT] < THE_BLOOD_TRASTY_DOG> omg
[06:56:25] [Client thread/INFO]: [CHAT] PokeMePlz left the game
[06:56:26] [Client thread/INFO]: [CHAT] PokeMePlz joined the game
[06:56:31] [Client thread/INFO]: [CHAT] TheBlazingFlames was slain by by_mo03
[06:56:31] [Client thread/INFO]: [CHAT] * _ < PokeMePlz> hng
[06:56:31] [Client thread/INFO]: [CHAT] [SA] < majorhamster> not "setbaby" just /d wolf baby
[06:56:38] [Client thread/INFO]: [CHAT] by_mo03 has been a naughty, naughty boy.
[06:56:38] [Client thread/INFO]: [CHAT]   Smitten by: TheBlazingFlames
[06:56:38] [Client thread/INFO]: [CHAT] by_mo03 died
[06:56:38] [Client thread/INFO]: [CHAT] thelittlepervert was killed trying to hurt zhiwen
[06:56:40] [Client thread/INFO]: [CHAT] [Server:TheBlazingFlames] Don't PVP in creative.
[06:56:41] [Client thread/INFO]: [CHAT] TheBlazingFlames - Opping all players on the server
[06:56:41] [Client thread/INFO]: [CHAT] You are now op!
[06:56:57] [Client thread/INFO]: [CHAT] [SA] < majorhamster> ./d wolf baby
[06:57:01] [Client thread/INFO]: [CHAT] <by_mo03> OP
[06:57:04] [Client thread/INFO]: [CHAT] < Maulwurst> hey little wolf
[06:57:04] [Client thread/INFO]: [CHAT] majorhamster - Opping all players on the server
[06:57:04] [Client thread/INFO]: [CHAT] You are now op!
[06:57:07] [Client thread/INFO]: [CHAT] *  Ktoby is now AFK.
[06:57:11] [Client thread/INFO]: [CHAT] < TheRoppyBoy> ?
[06:57:17] [Client thread/INFO]: [CHAT] < Maulwurst> how ya doing
[06:57:23] [Client thread/INFO]: [CHAT] *  Ktoby is no longer AFK.
[06:57:38] [Client thread/INFO]: [CHAT] < Wolf> My nick is wolf
[06:57:44] [Client thread/INFO]: [CHAT] [SA] <TheBlazingFlames> If you want to be tamed, do setTamed true as well
[06:57:45] [Client thread/INFO]: [CHAT] < Wolf> Im thelittlepervert
[06:57:59] [Client thread/INFO]: [CHAT] thelittlepervert was killed by magic
[06:58:04] [Client thread/INFO]: [CHAT] < Maulwurst> ooops
[06:58:12] [Client thread/INFO]: [CHAT] < Wolf> s
[06:58:18] [Client thread/INFO]: [CHAT] TheBlazingFlames was slain by Maulwurst
[06:58:25] [Client thread/INFO]: [CHAT] [SA] <TheBlazingFlames> how could this happen to me
[06:58:37] [Client thread/INFO]: [CHAT] Maulwurst was slain by by_mo03
[06:58:44] [Client thread/INFO]: [CHAT] by_mo03 has been a naughty, naughty boy.
[06:58:44] [Client thread/INFO]: [CHAT]   Reason: Creative PVP.
[06:58:44] [Client thread/INFO]: [CHAT]   Smitten by: TheBlazingFlames
[06:58:44] [Client thread/INFO]: [CHAT] by_mo03 died
[06:58:51] [Client thread/INFO]: [CHAT] TheBlazingFlames - Opping all players on the server
[06:58:51] [Client thread/INFO]: [CHAT] You are now op!
[06:58:55] [Client thread/INFO]: [CHAT] [Server:TheBlazingFlames] Warning 2/3.
[06:59:03] [Client thread/INFO]: [CHAT] * eleab is no longer AFK.
[06:59:28] [Client thread/INFO]: [CHAT] OdedLevy joined the game
[06:59:32] [Client thread/INFO]: [CHAT] TheBlazingFlames was slain by zhiwen
[06:59:34] [Client thread/INFO]: [CHAT] OdedLevy left the game
[06:59:35] [Client thread/INFO]: [CHAT] thelittlepervert was slain by zhiwen
[20:17:03] [Client thread/INFO]: Connecting to play.totalfreedom.me., 25565
[20:17:03] [Client thread/INFO]: [CHAT] [LibsDisguises] There is a update ready to be downloaded! You are using v9.3.0-SNAPSHOT, the new version is v9.5.0!
[20:17:03] [Client thread/INFO]: [CHAT] VideoGameSmash12 joined the game
[20:17:03] [Client thread/INFO]: [CHAT] Welcome to TotalFreedom, VideoGameSmash12!
[20:17:03] [Client thread/INFO]: [CHAT] The server's name does not imply that we have no rules. Please read them (/rules)
[20:17:03] [Client thread/INFO]: [CHAT] Type /help for a list of commands.
[20:17:03] [Client thread/INFO]: [CHAT] Type /list to see who else is online.
[20:17:03] [Client thread/INFO]: [CHAT] Players online: 7 - World time: 12:00 PM
[20:17:03] [Client thread/INFO]: [CHAT] You have no new mail.
[20:17:10] [Client thread/INFO]: [CHAT] <VideoGameSmash12> hi.
[20:17:37] [Client thread/INFO]: [CHAT] weykesc joined the game
[20:17:38] [Client thread/INFO]: [CHAT] Welcome weykesc to TotalFreedom!
[20:17:42] [Client thread/INFO]: [CHAT] <SavHasAHotAss> VideoGameSmash12
[20:17:45] [Client thread/INFO]: [CHAT] <SavHasAHotAss> get senior back
[20:17:46] [Client thread/INFO]: [CHAT] <weykesc> eae
[20:17:47] [Client thread/INFO]: [CHAT] <SavHasAHotAss> <3
[20:17:51] [Client thread/INFO]: [CHAT] SavHasAHotAss - Opping Wattha
[20:17:53] [Client thread/INFO]: [CHAT] SavHasAHotAss - Opping weykesc
[20:18:02] [Client thread/INFO]: [CHAT] <SavHasAHotAss> rrj112 is afk
[20:18:16] [Client thread/INFO]: [CHAT] <SavHasAHotAss> soo no admins online lmao
[20:18:16] [Client thread/INFO]: [CHAT] mod <weykesc> aaaaaaaaaa
[20:18:27] [Client thread/INFO]: [CHAT] <SavHasAHotAss> weykesc remove the tag
[20:18:29] [Client thread/INFO]: [CHAT] <VideoGameSmash12> sav
[20:18:32] [Client thread/INFO]: [CHAT] <VideoGameSmash12> i can't
[20:18:35] [Client thread/INFO]: [CHAT] <SavHasAHotAss> what??
[20:18:41] [Client thread/INFO]: [CHAT] <SavHasAHotAss> WHAT?!?!?!??!
[20:18:41] [Client thread/INFO]: [CHAT] <VideoGameSmash12> i still don;'t know why
[20:18:44] [Client thread/INFO]: [CHAT] <VideoGameSmash12> i'msuspneded
[20:18:45] [Client thread/INFO]: [CHAT] <SavHasAHotAss> why not
[20:18:47] [Client thread/INFO]: [CHAT] <SavHasAHotAss> why
[20:18:49] [Client thread/INFO]: [CHAT] <SavHasAHotAss> are you suspended
[20:18:52] [Client thread/INFO]: [CHAT] gostoso <weykesc> aaa
[20:18:58] [Client thread/INFO]: [CHAT] <SavHasAHotAss> thanks weykesc
[20:19:32] [Client thread/INFO]: [CHAT] ismael_mp joined the game
[20:19:59] [Client thread/INFO]: [CHAT] ismael_mp left the game
[20:20:05] [Client thread/INFO]: [CHAT] gostoso <weykesc> eae
[20:20:25] [Client thread/INFO]: [CHAT] HELPER <weykesc> aaaaa
[20:20:53] [Client thread/INFO]: [CHAT] [Mod] <weykesc> eae
[20:21:02] [Client thread/INFO]: [CHAT] weykesc has been a naughty, naughty boy.
[20:21:02] [Client thread/INFO]: [CHAT]   Smitten by: Kash925
[20:21:02] [Client thread/INFO]: [CHAT] weykesc died
[20:21:10] [Client thread/INFO]: [CHAT] [Server:Kash925] You aren't a mod
[20:21:15] [Client thread/INFO]: [CHAT] <VideoGameSmash12> KASH?
[20:21:17] [Client thread/INFO]: [CHAT] <VideoGameSmash12> oops
[20:21:18] [Client thread/INFO]: [CHAT] <VideoGameSmash12> caps
[20:21:25] [Client thread/INFO]: [CHAT] [CONSOLE]<Kash925> Heya
[20:22:13] [Client thread/INFO]: [CHAT] weykesc left the game
[20:22:16] [Client thread/INFO]: [CHAT] <SavHasAHotAss> kash
[20:22:20] [Client thread/INFO]: [CHAT] <SavHasAHotAss> i told him to remove it
[20:22:20] [Client thread/INFO]: [CHAT] <SavHasAHotAss> lol
[20:22:30] [Client thread/INFO]: [CHAT] [CONSOLE]<Kash925> Thanks for helpin' out :)
[20:22:39] [Client thread/INFO]: [CHAT] Kash925 - Opping all players on the server
[20:22:39] [Client thread/INFO]: [CHAT] You are now op!
[20:22:39] [Client thread/INFO]: [CHAT] <SavHasAHotAss> your welcome, i got 3 griefer reports today
[20:22:43] [Client thread/INFO]: [CHAT] <SavHasAHotAss> rrj is afk
[20:23:48] [Client thread/INFO]: [CHAT] Gab123 joined the game
[20:24:00] [Client thread/INFO]: [CHAT] <VideoGameSmash12> kash discord
[20:24:10] [Client thread/INFO]: [CHAT] <SavHasAHotAss> ikr
[20:24:10] [Client thread/INFO]: [CHAT] < GabTheMiner> logang paulers
[20:24:15] [Client thread/INFO]: [CHAT] <SavHasAHotAss> i sent him a msg too
[20:24:16] [Client thread/INFO]: [CHAT] <SavHasAHotAss> xD