[20:51:33] [Client thread/INFO]: Connecting to play.totalfreedom.me., 25565
[20:51:34] [Client thread/INFO]: [CHAT] [LibsDisguises] There is a update ready to be downloaded! You are using v9.3.0-SNAPSHOT, the new version is v9.5.0!
[20:51:34] [Client thread/INFO]: [CHAT] VideoGameSmash12 joined the game
[20:51:34] [Client thread/INFO]: [CHAT] Welcome to TotalFreedom, VideoGameSmash12!
[20:51:34] [Client thread/INFO]: [CHAT] The server's name does not imply that we have no rules. Please read them (/rules)
[20:51:34] [Client thread/INFO]: [CHAT] Type /help for a list of commands.
[20:51:34] [Client thread/INFO]: [CHAT] Type /list to see who else is online.
[20:51:34] [Client thread/INFO]: [CHAT] Players online: 8 - World time: 12:00 PM
[20:51:34] [Client thread/INFO]: [CHAT] You have no new mail.
[20:51:37] [Client thread/INFO]: [CHAT] [MC][SC][DC] <xJayFox> wb
[20:52:04] [Client thread/INFO]: [CHAT] <MichelleSoPretty> how to summon barrier
[20:52:09] [Client thread/INFO]: [CHAT] [MC][SC][DC] <xJayFox> summon?
[20:52:14] [Client thread/INFO]: [CHAT] TC CC TCA <Nepgear> ./I barrier
[20:52:16] [Client thread/INFO]: [CHAT] [MC][SC][DC] <xJayFox> do /i barrier isntead lol
[20:52:29] [Client thread/INFO]: [CHAT] <MichelleSoPretty> ty
[20:52:40] [Client thread/INFO]: [CHAT] <VideoGameSmash12> holy christ it's toh
[20:52:48] [Client thread/INFO]: [CHAT] <MichelleSoPretty> wtf
[20:52:54] [Client thread/INFO]: [CHAT] TC CC TCA <Nepgear> Hey xD
[20:53:01] [Client thread/INFO]: [CHAT] <VideoGameSmash12> i need to fucking prepare my stove to cook up some fresh roasts
[20:53:09] [Client thread/INFO]: [CHAT] [SrA] <Kash> mmmm roast beef
[20:53:11] [Client thread/INFO]: [CHAT] TC CC TCA <Nepgear> I'll give you 10 minutes.
[20:53:12] [Client thread/INFO]: [CHAT] HoverTechV3 left the game
[20:53:16] [Client thread/INFO]: [CHAT] <VideoGameSmash12> more like roast toh
[20:53:26] [Client thread/INFO]: [CHAT] Vicki145 is a Super Admin and loves xfilez
[20:53:26] [Client thread/INFO]: [CHAT] Vicki145 joined the game
[20:53:39] [Client thread/INFO]: [CHAT] [MC][SC][DC] <xJayFox> xfilez x vicki
[20:53:44] [Client thread/INFO]: [CHAT] <VideoGameSmash12> no
[20:53:47] [Client thread/INFO]: [CHAT] [MC][SC][DC] <xJayFox> yes
[20:53:50] [Client thread/INFO]: [CHAT] [SA] <Vicki> Yes
[20:53:53] [Client thread/INFO]: [CHAT] [SA] <Vicki> Umad??
[20:53:56] [Client thread/INFO]: [CHAT] [MC][SC][DC] <xJayFox> xdd
[20:54:03] [Client thread/INFO]: [CHAT] <VideoGameSmash12> that's like saying marco is allowed to do admin duties when another admin is on
[20:54:20] [Client thread/INFO]: [CHAT] TC CC TCA <Nepgear> :P
[20:54:26] [Client thread/INFO]: [CHAT] [SA] <Vicki> Mard DMed me pon Discord saying he really wants to adminstrate.
[20:54:27] [Client thread/INFO]: [CHAT] <VideoGameSmash12> or like saying tohgamer is a good admin
[20:54:30] [Client thread/INFO]: [CHAT] [SA] <Vicki> Marco*
[20:54:31] [Client thread/INFO]: [CHAT] [MC][SC][DC] <xJayFox> vicki u seen xfiles face?
[20:54:37] [Client thread/INFO]: [CHAT] HoverTechV3 joined the game
[20:54:41] [Client thread/INFO]: [CHAT] [SrA] <Kash> wb Hover
[20:54:41] [Client thread/INFO]: [CHAT] <HoverTechV3> and now my NEW problem
[20:54:46] [Client thread/INFO]: [CHAT] <HoverTechV3> i'm addicted to tf
[20:54:49] [Client thread/INFO]: [CHAT] [MC][SC][DC] <xJayFox> good job
[20:54:51] [Client thread/INFO]: [CHAT] * amethyst_eye is now AFK.
[20:54:51] [Client thread/INFO]: [CHAT] TC CC TCA <Nepgear> Fun fact video, if laughter was a cure.
[20:54:51] [Client thread/INFO]: [CHAT] [MC][SC][DC] <xJayFox> you are retarded
[20:54:52] [Client thread/INFO]: [CHAT] [MC][SC][DC] <xJayFox> jk
[20:54:52] [Client thread/INFO]: [CHAT] <HoverTechV3> i literally can't stay off the forums
[20:54:59] [Client thread/INFO]: [CHAT] <HoverTechV3> or the server
[20:54:59] [Client thread/INFO]: [CHAT] TC CC TCA <Nepgear> Your face should be plastered on every hospital.
[20:55:14] [Client thread/INFO]: [CHAT] TC CC TCA <Nepgear> You'd cure everyone who is hospitalised!
[20:55:39] [Client thread/INFO]: [CHAT] <HoverTechV3> if laughter was a cure they could put anime on the TV's in the hospital!
[20:55:46] [Client thread/INFO]: [CHAT] <VideoGameSmash12> hover
[20:55:48] [Client thread/INFO]: [CHAT] <HoverTechV3> ?
[20:55:55] [Client thread/INFO]: [CHAT] <HoverTechV3> but wait
[20:55:55] [Client thread/INFO]: [CHAT] <VideoGameSmash12> you are mistaking laughter with cringe
[20:55:59] [Client thread/INFO]: [CHAT] <HoverTechV3> oh yeah
[20:56:03] [Client thread/INFO]: [CHAT] <HoverTechV3> well cringe won't help
[20:56:05] [Client thread/INFO]: [CHAT] [MC][SC][DC] <xJayFox> if laughter was a cure i would put tohgamer's face on the tv in hospital
[20:56:09] [Client thread/INFO]: [CHAT] [MC][SC][DC] <xJayFox> jk
[20:56:11] [Client thread/INFO]: [CHAT] <MichelleSoPretty> haha
[20:56:11] [Client thread/INFO]: [CHAT] <HoverTechV3> thats just rude
[20:56:17] [Client thread/INFO]: [CHAT] <VideoGameSmash12> anime and hentai are the same fucking thing
[20:56:21] [Client thread/INFO]: [CHAT] [MC][SC][DC] <xJayFox> its nat
[20:56:21] [Client thread/INFO]: [CHAT] <HoverTechV3> and sounds kind of racist tbh
[20:56:22] [Client thread/INFO]: [CHAT] [MC][SC][DC] <xJayFox> hentai is porn
[20:56:23] [Client thread/INFO]: [CHAT] [SA] <Vicki> Hey Video
[20:56:24] [Client thread/INFO]: [CHAT] [MC][SC][DC] <xJayFox> anime is uhh
[20:56:26] [Client thread/INFO]: [CHAT] [MC][SC][DC] <xJayFox> uhhhhh
[20:56:26] [Client thread/INFO]: [CHAT] TC CC TCA <Nepgear> Scientist say that the universe is made up of Protons, neutrons and electrons.
[20:56:30] [Client thread/INFO]: [CHAT] TC CC TCA <Nepgear> Video, they forgot morons.
[20:56:33] [Client thread/INFO]: [CHAT] [MC][SC][DC] <xJayFox> lol
[20:56:41] [Client thread/INFO]: [CHAT] [MC][SC][DC] <xJayFox> toh looks hot tbh
[20:56:46] [Client thread/INFO]: [CHAT] [SA] <Vicki> Tohgamer have 10/10 grammar on Hover's application "use it will"
[20:56:46] [Client thread/INFO]: [CHAT] TC CC TCA <Nepgear> Gross.
[20:56:49] [Client thread/INFO]: [CHAT] [MC][SC][DC] <xJayFox> toh hot
[20:56:50] [Client thread/INFO]: [CHAT] [MC][SC][DC] <xJayFox> lol
[20:56:52] [Client thread/INFO]: [CHAT] [MC][SC][DC] <xJayFox> hot toh
[20:57:05] [Client thread/INFO]: [CHAT] <MichelleSoPretty> get this
[20:57:08] [Client thread/INFO]: [CHAT] [MC][SC][DC] <xJayFox> lol
[20:57:11] [Client thread/INFO]: [CHAT] [MC][SC][DC] <xJayFox> xddd
[20:57:11] [Client thread/INFO]: [CHAT] <VideoGameSmash12> toh, let's say something right off the bat
[20:57:31] [Client thread/INFO]: [CHAT] * PeeTeeT what r u doing m8
[20:57:34] [Client thread/INFO]: [CHAT] <VideoGameSmash12> you like causing other people to engage into a flame war
[20:57:44] [Client thread/INFO]: [CHAT] link98466 joined the game
[20:57:46] [Client thread/INFO]: [CHAT] <VideoGameSmash12> oh and by the way
[20:57:48] [Client thread/INFO]: [CHAT] <MichelleSoPretty> vickki
[20:57:54] [Client thread/INFO]: [CHAT] [SA] <Vicki> Yes Mich?
[20:57:57] [Client thread/INFO]: [CHAT] <MichelleSoPretty> np
[20:58:07] [Client thread/INFO]: [CHAT] [SA] <Vicki> np for?
[20:58:11] [Client thread/INFO]: [CHAT] <SingleBoy> hi
[20:58:12] [Client thread/INFO]: [CHAT] <MichelleSoPretty> nerver mind
[20:58:20] [Client thread/INFO]: [CHAT] [SA] <Vicki> Ohh okay
[20:58:35] [Client thread/INFO]: [CHAT] <VideoGameSmash12> your roasts are as terrible as your ban excuses
[20:58:49] [Client thread/INFO]: [CHAT] [SA] <Vicki> Video, are you getting admin back?
[20:58:49] [Client thread/INFO]: [CHAT] <HoverTechV3> btw what is this cyberbullying meme?
[20:58:56] [Client thread/INFO]: [CHAT] [MC][SC][DC] <xJayFox> xfiles is fat
[20:59:00] [Client thread/INFO]: [CHAT] <HoverTechV3> how do you know?
[20:59:03] [Client thread/INFO]: [CHAT] [CONSOLE]<RobinGall2910> cyberbullying = toh
[20:59:05] [Client thread/INFO]: [CHAT] [MC][SC][DC] <xJayFox> he is not fat
[20:59:07] [Client thread/INFO]: [CHAT] [MC][SC][DC] <xJayFox> but ive seen his face
[20:59:12] [Client thread/INFO]: [CHAT] <HoverTechV3> how?
[20:59:14] [Client thread/INFO]: [CHAT] <VideoGameSmash12> good admin > toh
[20:59:14] [Client thread/INFO]: [CHAT] * amethyst_eye is no longer AFK.
[20:59:14] [Client thread/INFO]: [CHAT] <amethyst_eye> um
[20:59:19] [Client thread/INFO]: [CHAT] [MC][SC][DC] <xJayFox> who wants to see ? xddd
[20:59:27] [Client thread/INFO]: [CHAT] <HoverTechV3> i'd go for it
[20:59:28] [Client thread/INFO]: [CHAT] <HoverTechV3> shoot
[20:59:34] [Client thread/INFO]: [CHAT] [MC][SC][DC] <xJayFox> who wants to see xfiles face xddd
[20:59:36] [Client thread/INFO]: [CHAT] TC CC TCA <Nepgear> Oh sorry video, was that supposed to be offending?
[20:59:37] [Client thread/INFO]: [CHAT] <HoverTechV3> i do lol
[20:59:37] [Client thread/INFO]: [CHAT] [MC][SC][DC] <xJayFox> msg meee lololol
[20:59:42] [Client thread/INFO]: [CHAT] [MC][SC][DC] <xJayFox> LOL
[20:59:44] [Client thread/INFO]: [CHAT] TC CC TCA <Nepgear> The only thing that offended me is your face.
[20:59:47] [Client thread/INFO]: [CHAT] <MichelleSoPretty> all get eltra
[20:59:47] [Client thread/INFO]: [CHAT] [MC][SC][DC] <xJayFox> toh xdd
[20:59:48] [Client thread/INFO]: [CHAT] [MC][SC][DC] <xJayFox> LOLL
[20:59:50] [Client thread/INFO]: [CHAT] <VideoGameSmash12> that was fucking terrible
[20:59:53] [Client thread/INFO]: [CHAT] <HoverTechV3> dammmmmmmmnnnnnnn daniel
[20:59:56] [Client thread/INFO]: [CHAT] TC CC TCA <Nepgear> Wait, I made a meme?
[20:59:59] [Client thread/INFO]: [CHAT] <HoverTechV3> yes u did
[21:00:02] [Client thread/INFO]: [CHAT] <MichelleSoPretty> all get elytra
[21:00:02] [Client thread/INFO]: [CHAT] [TotalFreedom] Save your builds by doing //wand then select the 2 points. Type //copy then type //schem save [name of build]. To spawn your build back, do //schem load [name of build]. Then, you are all set!
[21:00:02] [Client thread/INFO]: [CHAT] Server is going offline!
[21:00:02] [Client thread/INFO]: [CHAT] tohgamer left the game
[21:00:02] [Client thread/INFO]: [CHAT] Kash445 left the game
[21:00:02] [Client thread/INFO]: [CHAT] Michelle_HL left the game
[21:00:02] [Client thread/INFO]: [CHAT] xPotato7 left the game
[21:00:02] [Client thread/INFO]: [CHAT] amethyst_eye left the game
[21:00:02] [Client thread/INFO]: [CHAT] PeeTeeT left the game
[21:00:04] [Client thread/ERROR]: Can't ping 107.150.147.80:28565: Timed out
[21:00:21] [Client thread/INFO]: Connecting to play.totalfreedom.me., 25565
[21:00:36] [Client thread/INFO]: Connecting to play.totalfreedom.me., 25565
[21:00:37] [Client thread/INFO]: [CHAT] [LibsDisguises] There is a update ready to be downloaded! You are using v9.3.0-SNAPSHOT, the new version is v9.5.0!
[21:00:37] [Client thread/INFO]: [CHAT] VideoGameSmash12 joined the game
[21:00:37] [Client thread/INFO]: [CHAT] Welcome to TotalFreedom, VideoGameSmash12!
[21:00:37] [Client thread/INFO]: [CHAT] The server's name does not imply that we have no rules. Please read them (/rules)
[21:00:37] [Client thread/INFO]: [CHAT] Type /help for a list of commands.
[21:00:37] [Client thread/INFO]: [CHAT] Type /list to see who else is online.
[21:00:37] [Client thread/INFO]: [CHAT] Players online: 3 - World time: 12:00 PM
[21:00:37] [Client thread/INFO]: [CHAT] You have no new mail.
[21:00:38] [Client thread/INFO]: [CHAT] Michelle_HL joined the game
[21:00:39] [Client thread/INFO]: [CHAT] <xJayFox> i was first lol
[21:00:44] [Client thread/INFO]: [CHAT] <4LetterName> coool
[21:00:46] [Client thread/INFO]: [CHAT] <MichelleSoPretty> all get elytra
[21:00:49] [Client thread/INFO]: [CHAT] <MichelleSoPretty> lets pfly
[21:00:53] [Client thread/INFO]: [CHAT] LJWS left the game
[21:00:54] [Client thread/INFO]: [CHAT] Kash445 is a Senior Admin
[21:00:54] [Client thread/INFO]: [CHAT] Kash445 joined the game
[21:00:56] [Client thread/INFO]: [CHAT] <xJayFox> toh looks asian with his light blue headset
[21:01:18] [Client thread/INFO]: [CHAT] <xJayFox> who wants to see xfilez face? xdd
[21:01:18] [Client thread/INFO]: [CHAT] link98466 joined the game
[21:01:21] [Client thread/INFO]: [CHAT] Vicki145 is a Super Admin and loves xfilez
[21:01:21] [Client thread/INFO]: [CHAT] Vicki145 joined the game
[21:01:26] [Client thread/INFO]: [CHAT] <xJayFox> who wants to see xfilez face? ? xdd
[21:01:38] [Client thread/INFO]: [CHAT] [SA] <Vicki> VideoGameSmash12 are you getting admin back?
[21:01:44] [Client thread/INFO]: [CHAT] <VideoGameSmash12> probably not in a while
[21:01:49] [Client thread/INFO]: [CHAT] [SA] <Vicki> :<
[21:01:51] [Client thread/INFO]: [CHAT] <xJayFox> video 4 senior
[21:02:00] [Client thread/INFO]: [CHAT] [SA] <Vicki> He was a prob senior
[21:02:02] [Client thread/INFO]: [CHAT] <xJayFox> i know
[21:02:04] [Client thread/INFO]: [CHAT] [CONSOLE]<RobinGall2910> video isnt getting it back for like
[21:02:09] [Client thread/INFO]: [CHAT] [CONSOLE]<RobinGall2910> probs never if you wanna be real
[21:02:10] [Client thread/INFO]: [CHAT] <xJayFox> 41341 years
[21:02:19] [Client thread/INFO]: [CHAT] [SA] <Vicki> Robin, bee nice
[21:02:24] [Client thread/INFO]: [CHAT] <MichelleSoPretty> wtf
[21:02:25] [Client thread/INFO]: [CHAT] <SingleBoy> is there world edit on here
[21:02:45] [Client thread/INFO]: [CHAT] <xJayFox> who wants xfilez irl face
[21:02:47] [Client thread/INFO]: [CHAT] HoverTechV3 joined the game
[21:02:48] [Client thread/INFO]: [CHAT] <xJayFox> not fake
[21:02:48] [Client thread/INFO]: [CHAT] [SA] <Vicki> If Video is reinstrating, I'd vouch
[21:02:48] [Client thread/INFO]: [CHAT] <SingleBoy> hi Michelle_HL
[21:02:51] [Client thread/INFO]: [CHAT] <xJayFox> 100% real
[21:02:52] [Client thread/INFO]: [CHAT] <MichelleSoPretty> hellow
[21:02:58] [Client thread/INFO]: [CHAT] <SingleBoy> wanna help?
[21:03:02] [Client thread/INFO]: [CHAT] <MichelleSoPretty> what can i help you?
[21:03:09] [Client thread/INFO]: [CHAT] <SingleBoy> idk build a mansion
[21:03:11] [Client thread/INFO]: [CHAT] <xJayFox> hover wanna see xfiles face?
[21:03:11] [Client thread/INFO]: [CHAT] HoverTechV3 left the game
[21:03:12] [Client thread/INFO]: [CHAT] <SingleBoy> or a house
[21:03:14] [Client thread/INFO]: [CHAT] <xJayFox> nvm lol
[21:03:15] [Client thread/INFO]: [CHAT] <MichelleSoPretty> lmao
[21:03:39] [Client thread/INFO]: [CHAT] Vicki145 - Clearing personal login message
[21:03:42] [Client thread/INFO]: [CHAT] Vicki145 left the game
[21:03:44] [Client thread/INFO]: [CHAT] Vicki145 is a Super Admin
[21:03:44] [Client thread/INFO]: [CHAT] Vicki145 joined the game
[21:03:55] [Client thread/INFO]: [CHAT] <xJayFox> super admoenenene
[21:04:33] [Client thread/INFO]: [CHAT] <VideoGameSmash12> probably won't ever get admin again
[21:04:37] [Client thread/INFO]: [CHAT] <xJayFox> no dont say that
[21:04:40] [Client thread/INFO]: [CHAT] Vicki145 - Setting personal login message
[21:04:41] [Client thread/INFO]: [CHAT] <xJayFox> u wil lget it back
[21:04:43] [Client thread/INFO]: [CHAT] <xJayFox> m8
[21:04:45] [Client thread/INFO]: [CHAT] <VideoGameSmash12> i really wouldn't care anyways
[21:04:46] [Client thread/INFO]: [CHAT] Vicki145 left the game
[21:04:47] [Client thread/INFO]: [CHAT] Vicki145 is a Super Admin and loves Kash445
[21:04:47] [Client thread/INFO]: [CHAT] Vicki145 joined the game
[21:04:48] [Client thread/INFO]: [CHAT] <xJayFox> lol
[21:04:53] [Client thread/INFO]: [CHAT] <xJayFox> now she loves kash xdd
[21:04:57] [Client thread/INFO]: [CHAT] HoverTechV3 joined the game
[21:04:59] [Client thread/INFO]: [CHAT] <HoverTechV3> Connected with MineChat
[21:05:01] [Client thread/INFO]: [CHAT] [SrA] <Kash> Wb Hover
[21:05:03] [Client thread/INFO]: [CHAT] <HoverTechV3> back lol
[21:05:09] [Client thread/INFO]: [CHAT] <xJayFox> xfiles picture https://cdn.discordapp.com/attachments/263997407157551104/263997475935879168/me.jpg
[21:05:12] [Client thread/INFO]: [CHAT] <HoverTechV3> I'm on mine chat now
[21:05:15] [Client thread/INFO]: [CHAT] <VideoGameSmash12> if i want to keep the drama low
[21:05:22] [Client thread/INFO]: [CHAT] <MichelleSoPretty> e
[21:05:24] [Client thread/INFO]: [CHAT] <xJayFox> e
[21:05:32] [Client thread/INFO]: [CHAT] <VideoGameSmash12> I'll take my rank level as a sacrifice
[21:05:33] [Client thread/INFO]: [CHAT] HoverTechV3 left the game
[21:05:33] [Client thread/INFO]: [CHAT] [Server:Vicki145] JAy that's enough
[21:05:36] [Client thread/INFO]: [CHAT] <xJayFox> kk lol
[21:06:33] [Client thread/INFO]: [CHAT] xfilez is a Senior Admin
[21:06:33] [Client thread/INFO]: [CHAT] xfilez joined the game
[21:06:36] [Client thread/INFO]: [CHAT] [SA] <Vicki> Video, I think it's better if you start as a Super for about a week, then Telnet for about a month
[21:06:41] [Client thread/INFO]: [CHAT] [SA] <Vicki> Then Clan
[21:07:08] [Client thread/INFO]: [CHAT] <MichelleSoPretty> circus show
[21:07:10] [Client thread/INFO]: [CHAT] <VideoGameSmash12> nah
[21:07:11] [Client thread/INFO]: [CHAT] <MichelleSoPretty> lol
[21:07:48] [Client thread/INFO]: [CHAT] <SingleBoy> too high
[21:07:57] [Client thread/INFO]: [CHAT] <MichelleSoPretty> thats true
[21:08:00] [Client thread/INFO]: [CHAT] <MichelleSoPretty> wait
[21:08:05] [Client thread/INFO]: [CHAT] <SingleBoy> huh
[21:08:13] [Client thread/INFO]: [CHAT] MiloPlayzzYT joined the game
[21:08:25] [Client thread/INFO]: [CHAT] <SingleBoy> leave it like that
[21:08:35] [Client thread/INFO]: [CHAT] <MichelleSoPretty> wtf
[21:08:36] [Client thread/INFO]: [CHAT] HoverTechV3 joined the game
[21:08:38] [Client thread/INFO]: [CHAT] <HoverTechV3> Connected with MineChat
[21:08:40] [Client thread/INFO]: [CHAT] <SingleBoy> ?
[21:08:44] [Client thread/INFO]: [CHAT] <HoverTechV3> Kash445
[21:08:45] [Client thread/INFO]: [CHAT] <Mexy> yo
[21:08:49] [Client thread/INFO]: [CHAT] Vicki145 - Cleaning all nicknames
[21:08:49] [Client thread/INFO]: [CHAT] <MichelleSoPretty> to low
[21:08:54] [Client thread/INFO]: [CHAT] <MichelleSoPretty> w
[21:08:54] [Client thread/INFO]: [CHAT] <SingleBoy> do //undo
[21:08:59] [Client thread/INFO]: [CHAT] [Server:Vicki145] MiloPlayzzYT no lines in nicknmes please
[21:09:01] [Client thread/INFO]: [CHAT] PeeTeeT joined the game
[21:09:22] [Client thread/INFO]: [CHAT] <MichelleSoPretty> i have a better idea
[21:09:29] [Client thread/INFO]: [CHAT] <SingleBoy> go for it
[21:10:00] [Client thread/INFO]: [CHAT] YouTube <Mexy> hi
[21:10:01] [Client thread/INFO]: [CHAT] <MichelleSoPretty> quartz
[21:10:19] [Client thread/INFO]: [CHAT] <MichelleSoPretty> white house :)
[21:10:30] [Client thread/INFO]: [CHAT] <SingleBoy> that'll look better than wood :)
[21:10:35] [Client thread/INFO]: [CHAT] <MichelleSoPretty> oky
[21:10:39] [Client thread/INFO]: [CHAT] <MichelleSoPretty> you said
[21:11:11] [Client thread/INFO]: [CHAT] <HoverTechV3> Kash445.
[21:11:14] [Client thread/INFO]: [CHAT] [SrA] <Kash> ?
[21:11:21] [Client thread/INFO]: [CHAT] <MichelleSoPretty> donation
[21:11:26] [Client thread/INFO]: [CHAT] <PeeTeeT> guys go to warp "drop" and take the leap of fate!!!
[21:11:26] [Client thread/INFO]: [CHAT] <HoverTechV3> I'm on mine chat now
[21:11:39] [Client thread/INFO]: [CHAT] [SrA] <Kash> I'm on my computer getting tired
[21:11:41] [Client thread/INFO]: [CHAT] <PeeTeeT> make sure ur in survivial
[21:11:42] [Client thread/INFO]: [CHAT] * xJayFox is now AFK.
[21:11:56] [Client thread/INFO]: [CHAT] <MichelleSoPretty> how to set quartz?
[21:12:09] [Client thread/INFO]: [CHAT] <SingleBoy> just put //set quartz
[21:12:12] [Client thread/INFO]: [CHAT] * VideoGameSmash12 is now AFK.
[21:12:13] [Client thread/INFO]: [CHAT] <MichelleSoPretty> k
[21:12:28] [Client thread/INFO]: [CHAT] <MichelleSoPretty> wow
[21:12:53] [Client thread/INFO]: [CHAT] <SingleBoy> huh?
[21:13:50] [Client thread/INFO]: [CHAT] * xJayFox is no longer AFK.
[21:14:43] [Client thread/INFO]: [CHAT] <MichelleSoPretty> w
[21:15:02] [Client thread/INFO]: [CHAT] CONSOLE - Opping all players on the server
[21:15:02] [Client thread/INFO]: [CHAT] You are now op!
[21:15:23] [Client thread/INFO]: [CHAT] <SingleBoy> go with whatever you want i think it all looks really good
[21:15:26] [Client thread/INFO]: [CHAT] <MichelleSoPretty> get tips in youtube
[21:15:45] [Client thread/INFO]: [CHAT] <SingleBoy> ok then :P brb :)
[21:15:48] [Client thread/INFO]: [CHAT] <MichelleSoPretty> br
[21:15:49] [Client thread/INFO]: [CHAT] <SingleBoy> did you see this
[21:15:50] [Client thread/INFO]: [CHAT] <MichelleSoPretty> lol
[21:15:53] [Client thread/INFO]: [CHAT] <SingleBoy> :P
[21:16:27] [Client thread/INFO]: [CHAT] * HoverTechV3 is now AFK.
[21:16:48] [Client thread/INFO]: [CHAT] <MichelleSoPretty> i think registresion?
[21:16:54] [Client thread/INFO]: [CHAT] <xJayFox> >registresion
[21:16:59] [Client thread/INFO]: [CHAT] <MichelleSoPretty> opps
[21:17:01] [Client thread/INFO]: [CHAT] <MichelleSoPretty> lmao
[21:17:04] [Client thread/INFO]: [CHAT] <SingleBoy> Registration
[21:17:07] [Client thread/INFO]: [CHAT] <SingleBoy> :P
[21:17:09] [Client thread/INFO]: [CHAT] <MichelleSoPretty> tre
[21:17:10] [Client thread/INFO]: [CHAT] <MichelleSoPretty> :P
[21:17:12] [Client thread/INFO]: [CHAT] <SingleBoy> but that sounds better
[21:17:18] [Client thread/INFO]: [CHAT] <SingleBoy> you can change it
[21:17:24] [Client thread/INFO]: [CHAT] <MichelleSoPretty> wait
[21:17:49] [Client thread/INFO]: [CHAT] <PeeTeeT> ok
[21:17:51] [Client thread/INFO]: [CHAT] <PeeTeeT> <3
[21:18:08] [Client thread/INFO]: [CHAT] <MichelleSoPretty> i get a tips in youtube :) how to make a key door
[21:18:10] [Client thread/INFO]: [CHAT] <MichelleSoPretty> :)
[21:18:35] [Client thread/INFO]: [CHAT] <MichelleSoPretty> hah
[21:19:37] [Client thread/INFO]: [CHAT] * VideoGameSmash12 is no longer AFK.
[21:19:37] [Client thread/INFO]: [CHAT] <VideoGameSmash12> wow toh left cuz he knew his roasts were shit
[21:19:44] [Client thread/INFO]: [CHAT] [SA] <Vicki> No
[21:19:44] [Client thread/INFO]: [CHAT] <xJayFox> lol
[21:19:48] [Client thread/INFO]: [CHAT] <SingleBoy> coool
[21:19:53] [Client thread/INFO]: [CHAT] [SA] <Vicki> HE never logged on after the restart
[21:19:56] [Client thread/INFO]: [CHAT] [SA] <Vicki> Noob
[21:20:16] [Client thread/INFO]: [CHAT] <Killingms> bye
[21:20:38] [Client thread/INFO]: [CHAT] link98466 died
[21:20:38] [Client thread/INFO]: [CHAT] Player Killingms took their own life.
[21:20:48] [Client thread/INFO]: [CHAT] [SA] <Vicki> I can message him on Discord what you said
[21:21:10] [Client thread/INFO]: [CHAT] [SA] <Vicki> Video noob
[21:21:17] [Client thread/INFO]: [CHAT] <VideoGameSmash12> what the fuck do you want
[21:21:20] [Client thread/INFO]: [CHAT] <VideoGameSmash12> lmao
[21:21:26] [Client thread/INFO]: [CHAT] [SA] <Vicki> See what I said?
[21:21:31] [Client thread/INFO]: [CHAT] YouTube <Mexy> how do i claim land
[21:21:31] [Client thread/INFO]: [CHAT] [SA] <Vicki> Your roasts are shit
[21:21:34] [Client thread/INFO]: [CHAT] YouTube <Mexy> ??
[21:21:35] [Client thread/INFO]: [CHAT] v2_Jester joined the game
[21:21:43] [Client thread/INFO]: [CHAT] [SA] <Vicki> You can't
[21:22:21] [Client thread/INFO]: [CHAT] <MichelleSoPretty> link?
[21:22:40] [Client thread/INFO]: [CHAT] v2_Jester left the game
[21:23:46] [Client thread/INFO]: [CHAT] <Killingms> what
[21:23:49] [Client thread/INFO]: [CHAT] <xJayFox> what?
[21:25:12] [Client thread/INFO]: [CHAT] <xJayFox> I has found grif
[21:25:24] [Client thread/INFO]: [CHAT] <xJayFox> i found grief
[21:25:35] [Client thread/INFO]: [CHAT] <MichelleSoPretty> awda
[21:25:36] [Client thread/INFO]: [CHAT] <MichelleSoPretty> log
[21:26:18] [Client thread/INFO]: [CHAT] <xJayFox> Michelle_HL dont spam fireworks
[21:26:21] [Client thread/INFO]: [CHAT] <MichelleSoPretty> oky
[21:26:22] [Client thread/INFO]: [CHAT] Kash445 - Banning rjzombie and IPs: 117.198.120.174
[21:26:25] [Client thread/INFO]: [CHAT] <xJayFox> rip
[21:26:36] [Client thread/INFO]: [CHAT] <xJayFox> oh its teals house
[21:26:38] [Client thread/INFO]: [CHAT] <Killingms> michelle i wanna tp
[21:26:38] [Client thread/INFO]: [CHAT] <xJayFox> its mine now lol
[21:26:46] [Client thread/INFO]: [CHAT] <MichelleSoPretty> do it
[21:26:50] [Client thread/INFO]: [CHAT] * VideoGameSmash12 is now AFK.
[21:26:54] [Client thread/INFO]: [CHAT] <MichelleSoPretty> tp Peeteet
[21:26:57] [Client thread/INFO]: [CHAT] <Killingms> you have it disabled
[21:27:05] [Client thread/INFO]: [CHAT] <MichelleSoPretty> tp tp Peeteet
[21:27:45] [Client thread/INFO]: [CHAT] MiloPlayzzYT left the game
[21:27:53] [Client thread/INFO]: [CHAT] * HoverTechV3 is no longer AFK.
[21:27:53] [Client thread/INFO]: [CHAT] <HoverTechV3> lol
[21:28:02] [Client thread/INFO]: [CHAT] <xJayFox> the fuck
[21:28:03] [Client thread/INFO]: [CHAT] <xJayFox> xd
[21:28:06] [Client thread/INFO]: [CHAT] <xJayFox> stop palcing signs omg
[21:28:07] [Client thread/INFO]: [CHAT] * VideoGameSmash12 is no longer AFK.
[21:28:18] [Client thread/INFO]: [CHAT] <Killingms> gl finding me
[21:28:22] [Client thread/INFO]: [CHAT] [SA] <Vicki> Hover are you trolling...?
[21:28:27] [Client thread/INFO]: [CHAT] Vicki145 - Disabling Jumppads
[21:28:32] [Client thread/INFO]: [CHAT] <HoverTechV3> vicki
[21:28:38] [Client thread/INFO]: [CHAT] <xJayFox> PeeTeeT dont
[21:28:44] [Client thread/INFO]: [CHAT] <HoverTechV3> me and kash are having a discussion
[21:28:56] [Client thread/INFO]: [CHAT] [SA] <Vicki> Shurreee you are
[21:29:23] [Client thread/INFO]: [CHAT] Vicki145 - Rolling back player: peeteet
[21:29:27] [Client thread/INFO]: [CHAT] <xJayFox> omg stop
[21:29:38] [Client thread/INFO]: [CHAT] PeeTeeT has been a VERY naughty, naughty boy.
[21:29:38] [Client thread/INFO]: [CHAT] Banning: PeeTeeT, IP: 108.52.*.* - Reason: Placing signs non-stop
[21:29:38] [Client thread/INFO]: [CHAT] PeeTeeT died
[21:29:38] [Client thread/INFO]: [CHAT] PeeTeeT left the game
[21:29:48] [Client thread/INFO]: [CHAT] <xJayFox> so many fucking signs lol
[21:30:00] [Client thread/INFO]: [CHAT] [SA] <Vicki> Eh signs lags the server, ya know
[21:30:02] [Client thread/INFO]: [CHAT] CONSOLE - Opping all players on the server
[21:30:02] [Client thread/INFO]: [CHAT] You are now op!
[21:30:05] [Client thread/INFO]: [CHAT] <xJayFox> ok
[21:30:48] [Client thread/INFO]: [CHAT] <Killingms> no one likes me
[21:31:12] [Client thread/INFO]: [CHAT] <HoverTechV3> 'orgasm'
[21:31:17] [Client thread/INFO]: [CHAT] <HoverTechV3> Fuck
[21:31:35] [Client thread/INFO]: [CHAT] <xJayFox> lol
[21:31:50] [Client thread/INFO]: [CHAT] [SA] <Vicki> #Video4Adminback
[21:31:53] [Client thread/INFO]: [CHAT] <MichelleSoPretty> haha
[21:31:56] [Client thread/INFO]: [CHAT] <MichelleSoPretty> vicki
[21:31:57] [Client thread/INFO]: [CHAT] <xJayFox> #Video4Adminback
[21:31:58] [Client thread/INFO]: [CHAT] <MichelleSoPretty> tp tome
[21:32:04] [Client thread/INFO]: [CHAT] <MichelleSoPretty> look
[21:32:08] [Client thread/INFO]: [CHAT] [SA] <Vicki> wwhy?
[21:32:09] [Client thread/INFO]: [CHAT] Ancheal joined the game
[21:32:10] [Client thread/INFO]: [CHAT] Welcome Ancheal to TotalFreedom!
[21:32:10] [Client thread/INFO]: [CHAT] [SA] <Vicki> why&
[21:32:12] [Client thread/INFO]: [CHAT] xPotato7 - Opping Ancheal
[21:32:12] [Client thread/INFO]: [CHAT] rrj112 is a Senior Admin
[21:32:12] [Client thread/INFO]: [CHAT] rrj112 joined the game
[21:32:15] [Client thread/INFO]: [CHAT] <MichelleSoPretty> come
[21:32:19] [Client thread/INFO]: [CHAT] [SrA] <Kash> Good night guys
[21:32:20] [Client thread/INFO]: [CHAT] <MichelleSoPretty> rr hi
[21:32:23] [Client thread/INFO]: [CHAT] <xJayFox> its day time here
[21:32:24] [Client thread/INFO]: [CHAT] [SrA] <rrj112> hey
[21:32:26] [Client thread/INFO]: [CHAT] <Ancheal> good day
[21:32:29] [Client thread/INFO]: [CHAT] Kash445 left the game
[21:32:32] [Client thread/INFO]: [CHAT] <MichelleSoPretty> same to me Good Day
[21:32:38] [Client thread/INFO]: [CHAT] <xJayFox> alahu akber
[21:32:39] [Client thread/INFO]: [CHAT] <Ancheal> good day guys :D
[21:32:39] [Client thread/INFO]: [CHAT] <Ancheal> good lag guys
[21:32:45] [Client thread/INFO]: [CHAT] <Ancheal> allahu akbarr
[21:32:48] [Client thread/INFO]: [CHAT] <Killingms> i wanna kms
[21:33:09] [Client thread/INFO]: [CHAT] <Ancheal> hey dude you from turkey ? :D
[21:33:11] [Client thread/INFO]: [CHAT] * VideoGameSmash12 is now AFK.
[21:33:36] [Client thread/INFO]: [CHAT] <Killingms> last day on this earth
[21:33:41] [Client thread/INFO]: [CHAT] <MichelleSoPretty> wtf
[21:33:52] [Client thread/INFO]: [CHAT] <xJayFox> toh did 9/11
[21:33:56] [Client thread/INFO]: [CHAT] <Ancheal> GodMC network
[21:34:03] [Client thread/INFO]: [CHAT] <MichelleSoPretty> oww
[21:34:05] [Client thread/INFO]: [CHAT] <MichelleSoPretty> 9/11
[21:34:06] [Client thread/INFO]: [CHAT] <xJayFox> mrcrazyyt's server
[21:34:17] [Client thread/INFO]: [CHAT] <Ancheal> little developer :D
[21:34:18] [Client thread/INFO]: [CHAT] <MichelleSoPretty> september 11 2003 or 2001
[21:34:20] [Client thread/INFO]: [CHAT] <MichelleSoPretty> ???
[21:34:22] [Client thread/INFO]: [CHAT] <xJayFox> kk
[21:34:23] [Client thread/INFO]: [CHAT] <xJayFox> 2001
[21:34:27] [Client thread/INFO]: [CHAT] <MichelleSoPretty> yeah
[21:34:33] [Client thread/INFO]: [CHAT] <Ancheal> 2017
[21:34:41] [Client thread/INFO]: [CHAT] <xJayFox> i did 9/11 tp to me i can prove it
[21:34:41] [Client thread/INFO]: [CHAT] <MichelleSoPretty> you watch that movie?
[21:34:48] [Client thread/INFO]: [CHAT] link98466 died
[21:34:48] [Client thread/INFO]: [CHAT] Player Killingms took their own life.
[21:34:55] [Client thread/INFO]: [CHAT] <xJayFox> tp to see 9/11 lol
[21:34:59] [Client thread/INFO]: [CHAT] <MichelleSoPretty> why
[21:35:01] [Client thread/INFO]: [CHAT] <xJayFox> xdd
[21:35:08] [Client thread/INFO]: [CHAT] <MichelleSoPretty> hahah
[21:35:10] [Client thread/INFO]: [CHAT] <MichelleSoPretty> woww
[21:35:13] [Client thread/INFO]: [CHAT] <xJayFox> boom xdd
[21:35:13] [Client thread/INFO]: [CHAT] <MichelleSoPretty> cool
[21:35:35] [Client thread/INFO]: [CHAT] link98466 left the game
[21:35:38] [Client thread/INFO]: [CHAT] <MichelleSoPretty> who pilipino here?
[21:35:58] [Client thread/INFO]: [CHAT] <Ancheal> bad and smaller city :P
[21:36:11] [Client thread/INFO]: [CHAT] <Ancheal> am make very large city
[21:36:13] [Client thread/INFO]: [CHAT] <Ancheal> now
[21:36:18] [Client thread/INFO]: [CHAT] * HoverTechV3 is now AFK.
[21:36:50] [Client thread/INFO]: [CHAT] <Ancheal> herobrine nathan mrcrazy pikachupl jayfox GoldSlime and other :P
[21:36:57] [Client thread/INFO]: [CHAT] <xJayFox> im dev tehre
[21:37:12] [Client thread/INFO]: [CHAT] rrj112 - Orbiting rrj112
[21:37:12] [Client thread/INFO]: [CHAT] <Ancheal> am build big city
[21:37:25] [Client thread/INFO]: [CHAT] Vicki145 - Opping rrj112
[21:37:43] [Client thread/INFO]: [CHAT] * VideoGameSmash12 is no longer AFK.
[21:37:51] [Client thread/INFO]: [CHAT] Teleport to a player.
[21:37:51] [Client thread/INFO]: [CHAT] /tp <player> [otherplayer]
[21:37:51] [Client thread/INFO]: [CHAT] [SA] <Vicki> Wb Cideo
[21:37:54] [Client thread/INFO]: [CHAT] [SA] <Vicki> Vidwo*
[21:37:54] [Client thread/INFO]: [CHAT] Teleporting...
[21:37:54] [Client thread/INFO]: [CHAT] Welcome to the Catholic church of Total Freedom!
[21:37:56] [Client thread/INFO]: [CHAT] <xJayFox> cideo
[21:37:57] [Client thread/INFO]: [CHAT] [SA] <Vicki> Video**
[21:37:59] [Client thread/INFO]: [CHAT] HoverTechV3 left the game
[21:38:36] [Client thread/INFO]: [CHAT] <MichelleSoPretty> ghe
[21:38:45] [Client thread/INFO]: [CHAT] <Ancheal> ALG
[21:38:45] [Client thread/INFO]: [CHAT] <Ancheal> lag
[21:38:51] [Client thread/INFO]: [CHAT] <Ancheal> hey
[21:38:53] [Client thread/INFO]: [CHAT] <Ancheal> suprise
[21:38:56] [Client thread/INFO]: [CHAT] <Ancheal> i am herobrine
[21:38:58] [Client thread/INFO]: [CHAT] <Ancheal> lol
[21:39:32] [Client thread/INFO]: [CHAT] [SrA] <rrj112> Ancheal remove the adminstrator from ur tag
[21:39:32] [Client thread/INFO]: [CHAT] <MichelleSoPretty> dapat may usok
[21:39:33] [Client thread/INFO]: [CHAT] <MichelleSoPretty> :)
[21:39:38] [Client thread/INFO]: [CHAT] <xJayFox> geh
[21:39:40] [Client thread/INFO]: [CHAT] <Ancheal> what
[21:39:41] [Client thread/INFO]: [CHAT] <xJayFox> sa taas
[21:39:44] [Client thread/INFO]: [CHAT] <MichelleSoPretty> oo
[21:39:45] [Client thread/INFO]: [CHAT] <xJayFox> gumawa ka ng usok
[21:39:49] [Client thread/INFO]: [CHAT] <MichelleSoPretty> ghe
[21:39:49] [Client thread/INFO]: [CHAT] <xJayFox> or wahtever the fuck u call it
[21:41:22] [Client thread/INFO]: [CHAT] <Ancheal> who help me build city ?
[21:41:54] [Client thread/INFO]: [CHAT] <MichelleSoPretty> haha
[21:42:19] [Client thread/INFO]: [CHAT] <MichelleSoPretty> who watched 9/11
[21:42:22] [Client thread/INFO]: [CHAT] <xJayFox> anchael
[21:42:25] [Client thread/INFO]: [CHAT] <xJayFox> what the fuck
[21:42:29] [Client thread/INFO]: [CHAT] <Ancheal> what
[21:42:32] [Client thread/INFO]: [CHAT] <xJayFox> dont tp me
[21:42:34] [Client thread/INFO]: [CHAT] <MichelleSoPretty> who
[21:42:38] [Client thread/INFO]: [CHAT] <xJayFox> anchael tped me
[21:42:50] [Client thread/INFO]: [CHAT] <Ancheal> you can help meee >_<
[21:42:55] [Client thread/INFO]: [CHAT] Gam3RChad joined the game
[21:42:56] [Client thread/INFO]: [CHAT] Welcome Gam3RChad to TotalFreedom!
[21:43:02] [Client thread/INFO]: [CHAT] Vicki145 - Opping all players on the server
[21:43:02] [Client thread/INFO]: [CHAT] You are now op!
[21:43:03] [Client thread/INFO]: [CHAT] ThiccNRich is sa
[21:43:03] [Client thread/INFO]: [CHAT] ThiccNRich joined the game
[21:43:03] [Client thread/INFO]: [CHAT] [SA] <ThiccNRich> Connected using PickaxeChat for Android
[21:43:12] [Client thread/INFO]: [CHAT] [SA] <ThiccNRich> Sup
[21:43:13] [Client thread/INFO]: [CHAT] [SA] <Vicki> HEy Rich
[21:43:17] [Client thread/INFO]: [CHAT] [SA] <ThiccNRich> Hi
[21:43:20] [Client thread/INFO]: [CHAT] * VideoGameSmash12 is now AFK.
[21:43:27] [Client thread/INFO]: [CHAT] Gam3RChad left the game
[21:43:31] [Client thread/INFO]: [CHAT] <xJayFox> allahu akbar
[21:43:34] [Client thread/INFO]: [CHAT] Ancheal left the game
[21:43:34] [Client thread/INFO]: [CHAT] <xJayFox> allahu akbarrr xdd
[21:43:41] [Client thread/INFO]: [CHAT] Ancheal joined the game
[21:43:50] [Client thread/INFO]: [CHAT] [SA] <ThiccNRich> Jay
[21:43:54] [Client thread/INFO]: [CHAT] [SA] <ThiccNRich> Filipino?
[21:43:58] [Client thread/INFO]: [CHAT] <xJayFox> ye
[21:44:02] [Client thread/INFO]: [CHAT] <xJayFox> allah snackbar
[21:44:06] [Client thread/INFO]: [CHAT] <MichelleSoPretty> hahaha
[21:44:15] [Client thread/INFO]: [CHAT] [SA] <ThiccNRich> *laughs* '-'
[21:44:15] [Client thread/INFO]: [CHAT] <MichelleSoPretty> thtats cool
[21:44:15] [Client thread/INFO]: [CHAT] <Ancheal> fuck you !
[21:44:19] [Client thread/INFO]: [CHAT] <xJayFox> lol
[21:44:27] [Client thread/INFO]: [CHAT] <Ancheal> my islam !
[21:44:28] [Client thread/INFO]: [CHAT] [SA] <ThiccNRich> Hey filez
[21:44:35] [Client thread/INFO]: [CHAT] <Ancheal> and i am from turkey
[21:44:36] [Client thread/INFO]: [CHAT] <MichelleSoPretty> who watched 9/11
[21:44:37] [Client thread/INFO]: [CHAT] <MichelleSoPretty> ???
[21:44:40] [Client thread/INFO]: [CHAT] <Ancheal> and godmc herobrine im
[21:44:47] [Client thread/INFO]: [CHAT] <xJayFox> jeff
[21:44:47] [Client thread/INFO]: [CHAT] [SA] <ThiccNRich> Michelle_HL stfu about that
[21:44:49] [Client thread/INFO]: [CHAT] <xJayFox> my name is jeff
[21:44:55] [Client thread/INFO]: [CHAT] <MichelleSoPretty> yes?
[21:45:02] [Client thread/INFO]: [CHAT] CONSOLE - Opping all players on the server
[21:45:02] [Client thread/INFO]: [CHAT] You are now op!
[21:45:29] [Client thread/INFO]: [CHAT] <Ancheal> fuck you jayfox
[21:45:31] [Client thread/INFO]: [CHAT] [SA] <ThiccNRich> Go to discord.gg
[21:45:33] [Client thread/INFO]: [CHAT] <xJayFox> i love u too
[21:45:35] [Client thread/INFO]: [CHAT] GucciFlipFl0ps joined the game
[21:45:35] [Client thread/INFO]: [CHAT] [SA] <ThiccNRich> Then register
[21:45:35] [Client thread/INFO]: [CHAT] Welcome GucciFlipFl0ps to TotalFreedom!
[21:45:39] [Client thread/INFO]: [CHAT] ThiccNRich - Opping all players on the server
[21:45:39] [Client thread/INFO]: [CHAT] You are now op!
[21:45:39] [Client thread/INFO]: [CHAT] xPotato7 - Opping GucciFlipFl0ps
[21:45:43] [Client thread/INFO]: [CHAT] <xJayFox> thicc
[21:45:45] [Client thread/INFO]: [CHAT] <xJayFox> fucc you
[21:45:48] [Client thread/INFO]: [CHAT] Ancheal left the game
[21:45:48] [Client thread/INFO]: [CHAT] [SA] <ThiccNRich> Im thicc
[21:46:01] [Client thread/INFO]: [CHAT] [SA] <ThiccNRich> Id mute u for disrespect
[21:46:05] [Client thread/INFO]: [CHAT] [SA] <ThiccNRich> But nah
[21:46:07] [Client thread/INFO]: [CHAT] GucciFlipFl0ps left the game
[21:46:13] [Client thread/INFO]: [CHAT] <xJayFox> occ
[21:46:22] [Client thread/INFO]: [CHAT] <xJayFox> disrespecc*
[21:46:39] [Client thread/INFO]: [CHAT] ThiccNRich - Muting xPotato7
[21:46:41] [Client thread/INFO]: [CHAT] <MichelleSoPretty> haha
[21:46:51] [Client thread/INFO]: [CHAT] Ancheal joined the game
[21:46:59] [Client thread/INFO]: [CHAT] [SA] <ThiccNRich> Michelle_HL then use chrome
[21:47:01] [Client thread/INFO]: [CHAT] <Ancheal> ban you wank fucked jayfox
[21:47:16] [Client thread/INFO]: [CHAT] <MichelleSoPretty> what?
[21:47:17] [Client thread/INFO]: [CHAT] [SA] <Vicki> Rich, you know that LAnuage? :o
[21:47:22] [Client thread/INFO]: [CHAT] [SA] <ThiccNRich> Yes
[21:47:27] [Client thread/INFO]: [CHAT] [SA] <Vicki> Neato
[21:47:55] [Client thread/INFO]: [CHAT] [SA] <ThiccNRich> Michelle_HL ms mganda ung chromium, sbkan mo. Its virus free
[21:48:37] [Client thread/INFO]: [CHAT] <MichelleSoPretty> kay lagan ba dapat mag download pa ako ng opera?
[21:48:39] [Client thread/INFO]: [CHAT] [SA] <Vicki> Opera sucks
[21:48:48] [Client thread/INFO]: [CHAT] [SA] <ThiccNRich> ^
[21:48:55] [Client thread/INFO]: [CHAT] <MichelleSoPretty> thiccNRich?
[21:49:02] [Client thread/INFO]: [CHAT] <MichelleSoPretty> pinot?
[21:49:05] [Client thread/INFO]: [CHAT] <MichelleSoPretty> pinoy?
[21:49:07] [Client thread/INFO]: [CHAT] [SA] <ThiccNRich> Pinot?
[21:49:08] [Client thread/INFO]: [CHAT] [SA] <ThiccNRich> Dafuq
[21:49:10] [Client thread/INFO]: [CHAT] <MichelleSoPretty> sorry
[21:49:13] [Client thread/INFO]: [CHAT] <MichelleSoPretty> lmao
[21:49:18] [Client thread/INFO]: [CHAT] [SA] <ThiccNRich> No im not filipino
[21:49:20] [Client thread/INFO]: [CHAT] xPotato7 has been a naughty, naughty boy.
[21:49:20] [Client thread/INFO]: [CHAT]   Reason: Stop disrecpecting admins
[21:49:20] [Client thread/INFO]: [CHAT]   Smitten by: Vicki145
[21:49:20] [Client thread/INFO]: [CHAT] xPotato7 died
[21:49:22] [Client thread/INFO]: [CHAT] Vicki145 - Opping all players on the server
[21:49:22] [Client thread/INFO]: [CHAT] You are now op!
[21:49:29] [Client thread/INFO]: [CHAT] <Ancheal> a
[21:49:37] [Client thread/INFO]: [CHAT] <MichelleSoPretty> GG potato
[21:49:45] [Client thread/INFO]: [CHAT] [SA] <ThiccNRich> O /noob
[21:49:54] [Client thread/INFO]: [CHAT] <MichelleSoPretty> wtf
[21:50:06] [Client thread/INFO]: [CHAT] Ancheal left the game
[21:50:45] [Client thread/INFO]: [CHAT] [SA] <ThiccNRich> Kek
[21:50:46] [Client thread/INFO]: [CHAT] * rrj112 is now AFK.
[21:51:39] [Client thread/INFO]: [CHAT] TotalFreedom - Unmuting xPotato7
[21:51:45] [Client thread/INFO]: [CHAT] <xJayFox> lol
[21:51:59] [Client thread/INFO]: [CHAT] Michelle_HL left the game
[21:53:30] [Client thread/INFO]: [CHAT] [SA] <ThiccNRich> S
[21:54:29] [Client thread/INFO]: [CHAT] [SA] <ThiccNRich> D
[21:54:36] [Client thread/INFO]: [CHAT] [SA] <ThiccNRich> S
[21:54:40] [Client thread/INFO]: [CHAT] [SA] <ThiccNRich> Gasp
[21:54:40] [Client thread/INFO]: [CHAT] [SA] <Vicki> Stop
[21:54:42] [Client thread/INFO]: [CHAT] [MC][SC][DC] <xJayFox> Sonic says: if your profile picture is from an anime, your opinion doesnt count
[21:54:42] [Client thread/INFO]: [CHAT] [SA] <Vicki> Spamming
[21:54:43] [Client thread/INFO]: [CHAT] [SA] <Vicki> You
[21:54:46] [Client thread/INFO]: [CHAT] [SA] <Vicki> Noob
[21:54:55] [Client thread/INFO]: [CHAT] [MC][SC][DC] <xJayFox> ^ nub
[21:55:33] [Client thread/INFO]: [CHAT] [SA] <ThiccNRich> S
[21:55:47] [Client thread/INFO]: [CHAT] [MC][SC][DC] <xJayFox> [16:06:46] [Server thread/INFO]: [TotalFreedomMod] [ADMIN] VideoGameSmash12 [SrA]: saturnturn, your sex life is as broken as mar
[21:55:52] [Client thread/INFO]: [CHAT] [MC][SC][DC] <xJayFox> marcos english
[21:55:53] [Client thread/INFO]: [CHAT] [MC][SC][DC] <xJayFox> lol
[21:56:28] [Client thread/INFO]: [CHAT] [SA] <ThiccNRich> Holyfucj
[21:56:30] [Client thread/INFO]: [CHAT] ThiccNRich left the game
[21:56:34] [Client thread/INFO]: [CHAT] [SA] <DisignusBlocks> Connected using PickaxeChat for Android
[21:56:34] [Client thread/INFO]: [CHAT] DisignusBlocks is sa
[21:56:34] [Client thread/INFO]: [CHAT] DisignusBlocks joined the game
[21:56:41] [Client thread/INFO]: [CHAT] [SA] <DisignusBlocks> Im thiccnrich
[21:56:45] [Client thread/INFO]: [CHAT] Ancheal joined the game
[21:56:52] [Client thread/INFO]: [CHAT] [MC][SC][DC] <xJayFox> k
[21:56:57] [Client thread/INFO]: [CHAT] [MC][SC][DC] <xJayFox> ho kers
[21:57:27] [Client thread/INFO]: [CHAT] [SA] <DisignusBlocks> S
[21:57:35] [Client thread/INFO]: [CHAT] [Spawn][SA] <DisignusBlocks> Hi
[21:57:44] [Client thread/INFO]: [CHAT] [Spawn][SA] <DisignusBlocks> Guys go to spawn
[21:57:51] [Client thread/INFO]: [CHAT] [MC][SC][DC] <xJayFox> DisignusBlocks are you dark dronze or something
[21:57:56] [Client thread/INFO]: [CHAT] [Spawn][SA] <DisignusBlocks> No
[21:57:59] [Client thread/INFO]: [CHAT] [Spawn][SA] <DisignusBlocks> Im xdarkyay
[21:58:03] [Client thread/INFO]: [CHAT] [MC][SC][DC] <xJayFox> ok
[21:58:05] [Client thread/INFO]: [CHAT] [MC][SC][DC] <xJayFox> ur not him then
[21:58:10] [Client thread/INFO]: [CHAT] [MC][SC][DC] <xJayFox> maybe he is doomed lol
[21:58:15] [Client thread/INFO]: [CHAT] [Spawn][SA] <DisignusBlocks> Tru
[21:58:37] [Client thread/INFO]: [CHAT] [Spawn][SA] <DisignusBlocks> Aj[Spawn]
[21:58:52] [Client thread/INFO]: [CHAT] [Spawn][SA] <DisignusBlocks> Good thing vicki-[Spawn]
[21:58:55] [Client thread/INFO]: [CHAT] [Spawn][SA] <DisignusBlocks> U got it-[Spawn]
[21:58:57] [Client thread/INFO]: [CHAT] * xJayFox pls dont ban me on the forums i swear to god lol
[21:59:08] [Client thread/INFO]: [CHAT] [Spawn][SA] <DisignusBlocks> Hey guys go to spawn-[Spawn]
[21:59:13] [Client thread/INFO]: [CHAT] [MC][SC][DC] <xJayFox> im at spawn ffs
[21:59:16] [Client thread/INFO]: [CHAT] [SrA] <xfilez> We can't even do that
[21:59:20] [Client thread/INFO]: [CHAT] [SrA] <xfilez> only forum admins can
[21:59:23] [Client thread/INFO]: [CHAT] [MC][SC][DC] <xJayFox> ok
[21:59:32] [Client thread/INFO]: [CHAT] [Spawn][SA] <DisignusBlocks> xPotato7 do /spawn-[Spawn]
[21:59:37] [Client thread/INFO]: [CHAT] DisignusBlocks - Setting everyone's Worldedit block modification limit to 2500.
[21:59:50] [Client thread/INFO]: [CHAT] [Spawn][SA] <DisignusBlocks> Type something-[Spawn]
[21:59:54] [Client thread/INFO]: [CHAT] [Spawn][MC][SC][DC] <xJayFox> a-[Spawn]
[21:59:58] [Client thread/INFO]: [CHAT] [Spawn][MC][SC][DC] <xJayFox> oh wow-[Spawn]
[22:00:02] [Client thread/INFO]: [CHAT] [TotalFreedom] Save your builds by doing //wand then select the 2 points. Type //copy then type //schem save [name of build]. To spawn your build back, do //schem load [name of build]. Then, you are all set!
[22:00:02] [Client thread/INFO]: [CHAT] CONSOLE - Opping all players on the server
[22:00:02] [Client thread/INFO]: [CHAT] You are now op!
[22:00:02] [Client thread/INFO]: [CHAT] CONSOLE - Unloading unused chunks
[22:00:03] [Client thread/INFO]: [CHAT] CONSOLE - Purging all player data
[22:00:09] [Client thread/INFO]: [CHAT] DisignusBlocks - Blocking all redstone
[22:00:12] [Client thread/INFO]: [CHAT] DisignusBlocks - Unblocking all redstone
[22:00:46] [Client thread/INFO]: [CHAT] xfilez left the game
[22:01:09] [Client thread/INFO]: [CHAT] DisignusBlocks left the game
[22:01:09] [Client thread/INFO]: [CHAT] [SA] <Vicki> Video buddy
[22:01:13] [Client thread/INFO]: [CHAT] DisignusBlocks is sa
[22:01:13] [Client thread/INFO]: [CHAT] DisignusBlocks joined the game
[22:01:16] [Client thread/INFO]: [CHAT] [Spawn][SA] <DisignusBlocks> VideoGameSmash12-[Spawn]
[22:01:24] [Client thread/INFO]: [CHAT] [Spawn][MC][SC][DC] <xJayFox> a-[Spawn]
[22:01:48] [Client thread/INFO]: [CHAT] Ancheal has been a naughty, naughty boy.
[22:01:48] [Client thread/INFO]: [CHAT]   Reason: Do not disrespct please,
[22:01:48] [Client thread/INFO]: [CHAT]   Smitten by: Vicki145
[22:01:48] [Client thread/INFO]: [CHAT] Ancheal died
[22:01:50] [Client thread/INFO]: [CHAT] Vicki145 - Opping all players on the server
[22:01:50] [Client thread/INFO]: [CHAT] You are now op!
[22:01:53] [Client thread/INFO]: [CHAT] [Spawn][MC][SC][DC] <xJayFox> rip-[Spawn]
[22:01:54] [Client thread/INFO]: [CHAT] [Spawn][SA] <DisignusBlocks> Ban saler-[Spawn]
[22:01:55] [Client thread/INFO]: [CHAT] [Spawn][MC][SC][DC] <xJayFox> racism-[Spawn]
[22:02:07] [Client thread/INFO]: [CHAT] [Spawn][SA] <DisignusBlocks> Vicki145 also thats a noob-[Spawn]
[22:02:09] [Client thread/INFO]: [CHAT] [SA] <Vicki> How are you guys doing that?
[22:02:10] [Client thread/INFO]: [CHAT] [Spawn][SA] <DisignusBlocks> I believe-[Spawn]
[22:02:13] [Client thread/INFO]: [CHAT] [Spawn][MC][SC][DC] <xJayFox> i can fly-[Spawn]
[22:02:20] [Client thread/INFO]: [CHAT] [Spawn][SA] <DisignusBlocks> Vicki145 go to spawn-[Spawn]
[22:02:29] [Client thread/INFO]: [CHAT] Ancheal left the game
[22:02:31] [Client thread/INFO]: [CHAT] [Spawn][SA] <Vicki> K now what?-[Spawn]
[22:02:34] [Client thread/INFO]: [CHAT] [Spawn][SA] <Vicki> Oh yay!-[Spawn]
[22:02:36] [Client thread/INFO]: [CHAT] [Spawn][SA] <DisignusBlocks> Voila-[Spawn]
[22:02:37] [Client thread/INFO]: [CHAT] [Spawn][MC][SC][DC] <xJayFox> yay-[Spawn]
[22:02:39] [Client thread/INFO]: [CHAT] [Spawn][MC][SC][DC] <xJayFox> we are spawn-[Spawn]
[22:02:44] [Client thread/INFO]: [CHAT] [Spawn][MC][SC][DC] <xJayFox> we are part of spawn-[Spawn]
[22:02:53] [Client thread/INFO]: [CHAT] [Spawn][SA] <DisignusBlocks> .........…...........-[Spawn]
[22:02:55] [Client thread/INFO]: [CHAT] [SA] <Vicki> d
[22:03:01] [Client thread/INFO]: [CHAT] [Spawn][SA] <Vicki> df-[Spawn]
[22:03:07] [Client thread/INFO]: [CHAT] [MC][SC][DC] <xJayFox> ahah
[22:03:10] [Client thread/INFO]: [CHAT] [MC][SC][DC] <xJayFox> im not at spawn anymore