[16:25:48] [Client thread/INFO]: Connecting to play.totalfreedom.me., 25565
[16:25:49] [Client thread/INFO]: [CHAT] [LibsDisguises] There is a update ready to be downloaded! You are using v9.4.0-SNAPSHOT, the new version is v9.5.0!
[16:25:49] [Client thread/INFO]: [CHAT] VideoGameSmash12 joined the game
[16:25:50] [Client thread/INFO]: [CHAT] Welcome to TotalFreedom, VideoGameSmash12!
[16:25:50] [Client thread/INFO]: [CHAT] The server's name does not imply that we have no rules. Please read them (/rules)
[16:25:50] [Client thread/INFO]: [CHAT] Type /help for a list of commands.
[16:25:50] [Client thread/INFO]: [CHAT] Type /list to see who else is online.
[16:25:50] [Client thread/INFO]: [CHAT] Players online: 32 - World time: 12:00 PM
[16:25:50] [Client thread/INFO]: [CHAT] You have no new mail.
[16:25:50] [Client thread/INFO]: [CHAT] Welcome VideoGameSmash12 to TotalFreedom!
[16:25:50] [Client thread/INFO]: [CHAT] [AsyncWorldEdit] You have the latest version of the plugin.
[16:25:52] [Client thread/INFO]: [CHAT] <*Muffet> wb
[16:25:52] [Client thread/INFO]: [CHAT] LordofDragons1 has reached the goal [Sky's the Limit]
[16:25:53] [Client thread/INFO]: [CHAT] <*CosmicFX> Hi VideoGameSmash12
[16:25:54] [Client thread/INFO]: [CHAT] [SA] <HoverTechV3> hi video
[16:26:00] [Client thread/INFO]: [CHAT] splungenumpit left the game
[16:26:01] [Client thread/INFO]: [CHAT] <XDogeSkillz> and i think Youtubekid did
[16:26:02] [Client thread/INFO]: [CHAT] * FirestarTheCat u n f u n n y
[16:26:05] [Client thread/INFO]: [CHAT] [Helper] [DictyCrew] <sergio24m> XDogeSkillz stop arguying to others
[16:26:06] [Client thread/INFO]: [CHAT] <youtubekid> i didnt
[16:26:08] [Client thread/INFO]: [CHAT] <XDogeSkillz> hes just saying i did
[16:26:14] [Client thread/INFO]: [CHAT] [LC] [SC] everytime <speediv> back
[16:26:17] [Client thread/INFO]: [CHAT] <*Muffet> don't argay
[16:26:17] [Client thread/INFO]: [CHAT] <VideoGameSmash12> for some reason, I like to listen to the Weather Channel's music
[16:26:24] [Client thread/INFO]: [CHAT] [Helper] [DictyCrew] <sergio24m> stop the fight
[16:26:24] [Client thread/INFO]: [CHAT] <XDogeSkillz> here
[16:26:27] [Client thread/INFO]: [CHAT] DF_Crafted joined the game
[16:26:28] [Client thread/INFO]: [CHAT] Welcome DF_Crafted to TotalFreedom!
[16:26:28] [Client thread/INFO]: [CHAT] <XDogeSkillz> i dident even do it
[16:26:31] [Client thread/INFO]: [CHAT] <XDogeSkillz> ok
[16:26:31] [Client thread/INFO]: [CHAT] [Helper] [DictyCrew] <sergio24m> these chorus plants are mine
[16:26:31] [Client thread/INFO]: [CHAT] <*Muffet> spongebob: RADICAL
[16:26:32] [Client thread/INFO]: [CHAT] speediv - Opping DF_Crafted
[16:26:33] [Client thread/INFO]: [CHAT] <FirestarTheCat> VideoGameSmash12 intersting
[16:26:36] [Client thread/INFO]: [CHAT] <youtubekid> i really didnt i saw someone break it he was the closest
[16:26:39] [Client thread/INFO]: [CHAT] [Helper] [DictyCrew] <sergio24m> I dont mind if someone griefs them
[16:26:41] [Client thread/INFO]: [CHAT] <FirestarTheCat> Never heard of anyone doing that
[16:26:46] [Client thread/INFO]: [CHAT] <youtubekid> cool!
[16:26:46] [Client thread/INFO]: [CHAT] <FirestarTheCat> Your a first
[16:26:49] [Client thread/INFO]: [CHAT] [SA] <Untuned> GameBoy999
[16:26:51] [Client thread/INFO]: [CHAT] <XDogeSkillz> ohhhhhhhh ok
[16:26:56] [Client thread/INFO]: [CHAT] [SA] <Untuned> command blocks are disabled
[16:26:57] [Client thread/INFO]: [CHAT] <GameBoy999> Hey
[16:26:57] [Client thread/INFO]: [CHAT] [SA] <Untuned> lol
[16:26:58] [Client thread/INFO]: [CHAT] <*Muffet> withinn
[16:27:01] [Client thread/INFO]: [CHAT] <*Muffet> FAK
[16:27:01] [Client thread/INFO]: [CHAT] <GameBoy999> Yes Untuned
[16:27:09] [Client thread/INFO]: [CHAT] [LC] [SC] everytime <speediv> Nice compass
[16:27:11] [Client thread/INFO]: [CHAT] chokofranz has made the advancement [Cover Me With Diamonds]
[16:27:13] [Client thread/INFO]: [CHAT] [LC] [SC] everytime <speediv> Whoever made this
[16:27:21] [Client thread/INFO]: [CHAT] ThomasYoussef03 has been a naughty, naughty boy.
[16:27:21] [Client thread/INFO]: [CHAT]   Reason: don't tp others
[16:27:21] [Client thread/INFO]: [CHAT]   Smitten by: Untuned
[16:27:21] [Client thread/INFO]: [CHAT] ThomasYoussef03 died
[16:27:22] [Client thread/INFO]: [CHAT] Untuned - Opping all players on the server
[16:27:22] [Client thread/INFO]: [CHAT] You are now op!
[16:27:23] [Client thread/INFO]: [CHAT] [SA] <*Hsas> Guys, guess what?
[16:27:24] [Client thread/INFO]: [CHAT] Ok <FirestarTheCat> My tag tells me how I answer pretty much everyone
[16:27:25] [Client thread/INFO]: [CHAT] speediv - Opping ThomasYoussef03
[16:27:26] [Client thread/INFO]: [CHAT] [LC] [SC] everytime <speediv> What
[16:27:27] [Client thread/INFO]: [CHAT] [SA] <Untuned> ?
[16:27:29] [Client thread/INFO]: [CHAT] <XDogeSkillz> woah
[16:27:30] [Client thread/INFO]: [CHAT] <*Muffet> whattt!
[16:27:31] [Client thread/INFO]: [CHAT] <*TYTheBeast> Untuned, we're on skype
[16:27:35] [Client thread/INFO]: [CHAT] <*TYTheBeast> Get out of our business
[16:27:37] [Client thread/INFO]: [CHAT] [Super Admin] <Untuned> oh
[16:27:38] [Client thread/INFO]: [CHAT] [GameBoy999: Unable to summon object]
[16:27:38] [Client thread/INFO]: [CHAT] [Super Admin] <Untuned> sorry
[16:27:38] [Client thread/INFO]: [CHAT] <*Muffet> forget it.
[16:27:38] [Client thread/INFO]: [CHAT] <XDogeSkillz> you cant Tp to others
[16:27:42] [Client thread/INFO]: [CHAT] [SA] <*Hsas> Guess what?
[16:27:43] [Client thread/INFO]: [CHAT] <*TYTheBeast> Thx
[16:27:44] [Client thread/INFO]: [CHAT] [Super Admin] <Untuned> well
[16:27:45] [Client thread/INFO]: [CHAT] <XDogeSkillz> then dont allow /tp
[16:27:46] [Client thread/INFO]: [CHAT] <*Muffet> ?
[16:27:47] [Client thread/INFO]: [CHAT] [SA] <*Hsas> Crimson's a wild pug.
[16:27:47] [Client thread/INFO]: [CHAT] Youtubekid left the game
[16:27:47] [Client thread/INFO]: [CHAT] [Super Admin] <Untuned> have them tp to you
[16:27:49] [Client thread/INFO]: [CHAT] [LC] [SC] everytime <speediv> I can't guess
[16:27:49] [Client thread/INFO]: [CHAT] [GameBoy999: Unable to summon object]
[16:27:50] [Client thread/INFO]: [CHAT] [Super Admin] <Untuned> don't force it
[16:27:50] [Client thread/INFO]: [CHAT] [LC] [SC] everytime <speediv> Oh
[16:27:53] [Client thread/INFO]: [CHAT] [Helper] [DictyCrew] <sergio24m> they can
[16:27:53] [Client thread/INFO]: [CHAT] <*Muffet> H O L Y S H I T
[16:27:54] [Client thread/INFO]: [CHAT] <*CosmicFX> And Hsas4849 is a wilder pug.
[16:27:57] [Client thread/INFO]: [CHAT] [Helper] [DictyCrew] <sergio24m> they just can /tptoggle
[16:27:57] [Client thread/INFO]: [CHAT] <*CosmicFX> ;)
[16:28:00] [Client thread/INFO]: [CHAT] <XDogeSkillz> then dont allow /tp!! then
[16:28:00] [Client thread/INFO]: [CHAT] [SA] <*Hsas> "wilder"
[16:28:03] [Client thread/INFO]: [CHAT] * FirestarTheCat you wot
[16:28:04] [Client thread/INFO]: [CHAT] [Helper] [DictyCrew] <sergio24m> pr /tpa
[16:28:06] [Client thread/INFO]: [CHAT] <*Muffet> WILD :}
[16:28:08] [Client thread/INFO]: [CHAT] [SA] <*Hsas> I'm a human. :D
[16:28:10] [Client thread/INFO]: [CHAT] <*TYTheBeast> Yeah but Rqspberry can only play Wynncraft
[16:28:16] [Client thread/INFO]: [CHAT] [LC] [SC] everytime <speediv> I'm a rock
[16:28:20] [Client thread/INFO]: [CHAT] DF_Crafted left the game
[16:28:23] [Client thread/INFO]: [CHAT] <*Muffet> robot
[16:28:23] [Client thread/INFO]: [CHAT] Ok <FirestarTheCat> Last time I played on her was a few months ago
[16:28:24] [Client thread/INFO]: [CHAT] Ok <FirestarTheCat> ohhh
[16:28:29] [Client thread/INFO]: [CHAT] Ok <FirestarTheCat> how time has passed
[16:28:30] [Client thread/INFO]: [CHAT] <*TYTheBeast> She/He/They/Genderless/Attack helicopter can't use commands
[16:28:39] [Client thread/INFO]: [CHAT] [Helper] [DictyCrew] <sergio24m> ?
[16:28:44] [Client thread/INFO]: [CHAT] Tiny_Cheata has reached the goal [Sky's the Limit]
[16:28:45] [Client thread/INFO]: [CHAT] KID_JEFFER left the game
[16:28:45] [Client thread/INFO]: [CHAT] [LC] [SC] everytime <speediv> But can rocks use commands?
[16:28:55] [Client thread/INFO]: [CHAT] <*TYTheBeast> ( ?째 ?? ?째)
[16:28:58] [Client thread/INFO]: [CHAT] <*CosmicFX> Explain this: reallife_c++/earth/entities/pugs/Hsas4849
[16:29:04] [Client thread/INFO]: [CHAT] Ok <FirestarTheCat> Technically, gender is your mental thinking of what you are
[16:29:13] [Client thread/INFO]: [CHAT] <*TYTheBeast> ( 째 ?째)
[16:29:13] [Client thread/INFO]: [CHAT] <*CosmicFX> So I am a null?
[16:29:14] [Client thread/INFO]: [CHAT] IMGMyPeopleNeedMe <*Muffet> lol
[16:29:15] [Client thread/INFO]: [CHAT] <*CosmicFX> Cool.
[16:29:19] [Client thread/INFO]: [CHAT] [LC] [SC] everytime <speediv> lol
[16:29:21] [Client thread/INFO]: [CHAT] <GameBoy999> ./gms
[16:29:30] [Client thread/INFO]: [CHAT] [Helper] [DictyCrew] <sergio24m> WOW
[16:29:35] [Client thread/INFO]: [CHAT] [Helper] [DictyCrew] <sergio24m> it lags me
[16:29:35] [Client thread/INFO]: [CHAT] <chokofranz> Ye
[16:29:35] [Client thread/INFO]: [CHAT] IMGMyPeopleNeedMe <*Muffet> WOAH
[16:29:39] [Client thread/INFO]: [CHAT] [Helper] [DictyCrew] <sergio24m> AHH!!
[16:29:42] [Client thread/INFO]: [CHAT] <XDogeSkillz> holy mother of lord
[16:29:43] [Client thread/INFO]: [CHAT] Ok <FirestarTheCat> I have no lag
[16:29:45] [Client thread/INFO]: [CHAT] IMGMyPeopleNeedMe <*Muffet> r0b07
[16:29:48] [Client thread/INFO]: [CHAT] <*CosmicFX> ok then.
[16:29:49] [Client thread/INFO]: [CHAT] <*Robot> yes?
[16:29:52] [Client thread/INFO]: [CHAT] <chokofranz> eZpz
[16:29:53] [Client thread/INFO]: [CHAT] <XDogeSkillz> can i break it
[16:29:55] [Client thread/INFO]: [CHAT] Ok <FirestarTheCat> Because I have an awesome computer
[16:29:55] [Client thread/INFO]: [CHAT] [LC] [SC] everytime <speediv> Is spawn protected?
[16:29:56] [Client thread/INFO]: [CHAT] TrentPanda joined the game
[16:29:56] [Client thread/INFO]: [CHAT] Welcome TrentPanda to TotalFreedom!
[16:29:58] [Client thread/INFO]: [CHAT] IMGMyPeopleNeedMe <*Muffet> found a good r3d570n3 spot
[16:30:00] [Client thread/INFO]: [CHAT] <*TYTheBeast> Why are emotes only every 20 mins?
[16:30:00] [Client thread/INFO]: [CHAT] <XDogeSkillz> can i break it?
[16:30:02] [Client thread/INFO]: [CHAT] <*Robot> muffet
[16:30:05] [Client thread/INFO]: [CHAT] IMGMyPeopleNeedMe <*Muffet> ?
[16:30:06] [Client thread/INFO]: [CHAT] *CosmicFX hugs *CosmicFX
[16:30:08] [Client thread/INFO]: [CHAT] [SA] <*Hsas> #CrimsontheWildPug
[16:30:08] [Client thread/INFO]: [CHAT] <*Robot> im in the middle of making redstone :P
[16:30:11] [Client thread/INFO]: [CHAT] [SA] <*Hsas> Wild pugs
[16:30:15] [Client thread/INFO]: [CHAT] <XDogeSkillz> can i break it??
[16:30:19] [Client thread/INFO]: [CHAT] <DROJAS73> do /warp Lavender_Town_Theme to listen to the lavender town theme song recreated in mc!
[16:30:23] [Client thread/INFO]: [CHAT] IMGMyPeopleNeedMe <*Muffet> O K T H E N
[16:30:23] [Client thread/INFO]: [CHAT] [LC] [SC] everytime <speediv> #HsasTheNormalHumanBoy
[16:30:25] [Client thread/INFO]: [CHAT] <XDogeSkillz> holy mother of lord that made me kag
[16:30:27] [Client thread/INFO]: [CHAT] <XDogeSkillz> holy mother of lord that made me lag
[16:30:31] [Client thread/INFO]: [CHAT] ShinyYveltal674 tried to set their WorldEdit limit to 25001 and has been de-opped
[16:30:33] [Client thread/INFO]: [CHAT] IMGMyPeopleNeedMe <*Muffet> woops
[16:30:35] [Client thread/INFO]: [CHAT] speediv - Opping ShinyYveltal674
[16:30:36] [Client thread/INFO]: [CHAT] PokeIsAsian - Setting everyone's Worldedit block modification limit to 2500.
[16:30:39] [Client thread/INFO]: [CHAT] IMGMyPeopleNeedMe <*Muffet> i was going to do 2501
[16:30:40] [Client thread/INFO]: [CHAT] LordofDragons1 fell from a high place
[16:30:50] [Client thread/INFO]: [CHAT] [LC] [SC] everytime <speediv> er
[16:30:50] [Client thread/INFO]: [CHAT] <MasonandSkye> WOW
[16:30:50] [Client thread/INFO]: [CHAT] <*CosmicFX> "Block change limit set to 0."
[16:30:50] [Client thread/INFO]: [CHAT] [SA] <*Hsas> There's so many people.
[16:30:52] [Client thread/INFO]: [CHAT] * bearbat9 is now AFK.
[16:30:54] [Client thread/INFO]: [CHAT] [SA] <*Hsas> Holy shit. xD
[16:30:55] [Client thread/INFO]: [CHAT] * *TricoAN is now AFK.
[16:30:55] [Client thread/INFO]: [CHAT] ThomasYoussef03 tried to set their WorldEdit limit to 2976832 and has been de-opped
[16:30:57] [Client thread/INFO]: [CHAT] [LC] [SC] everytime <speediv> Why are the signs at spawn gone?
[16:30:58] [Client thread/INFO]: [CHAT] PokeIsAsian - Setting everyone's Worldedit block modification limit to 2500.
[16:30:59] [Client thread/INFO]: [CHAT] speediv - Opping ThomasYoussef03
[16:31:02] [Client thread/INFO]: [CHAT] IMGMyPeopleNeedMe <*Muffet> there.
[16:31:02] [Client thread/INFO]: [CHAT] ThomasYoussef03 has been a naughty, naughty boy.
[16:31:02] [Client thread/INFO]: [CHAT]   Reason: could you stop
[16:31:02] [Client thread/INFO]: [CHAT]   Smitten by: PokeIsAsian
[16:31:02] [Client thread/INFO]: [CHAT] ThomasYoussef03 died
[16:31:04] [Client thread/INFO]: [CHAT] sergio24m - Opping ThomasYoussef03
[16:31:06] [Client thread/INFO]: [CHAT] speediv - Opping ThomasYoussef03
[16:31:07] [Client thread/INFO]: [CHAT] <XDogeSkillz> well
[16:31:11] [Client thread/INFO]: [CHAT] <DROJAS73> Marjory_Pearce u press that other button
[16:31:16] [Client thread/INFO]: [CHAT] <*TYTheBeast> Let me un-opped
[16:31:17] [Client thread/INFO]: [CHAT] ThomasYoussef03 tried to set their WorldEdit limit to 2976832 and has been de-opped
[16:31:18] [Client thread/INFO]: [CHAT] chokofranz has been a naughty, naughty boy.
[16:31:18] [Client thread/INFO]: [CHAT]   Reason: stop spamming commands
[16:31:18] [Client thread/INFO]: [CHAT]   Smitten by: Untuned
[16:31:18] [Client thread/INFO]: [CHAT] chokofranz died
[16:31:20] [Client thread/INFO]: [CHAT] [LC] [SC] everytime <speediv> Anyone know what happened to the signs at spawn
[16:31:20] [Client thread/INFO]: [CHAT] Untuned - Setting everyone's Worldedit block modification limit to 2500.
[16:31:21] [Client thread/INFO]: [CHAT] chokofranz has been a VERY naughty, naughty boy.
[16:31:21] [Client thread/INFO]: [CHAT] Banning: chokofranz, IP: 112.202.*.* - Reason: lagging players with chorus fruit
[16:31:21] [Client thread/INFO]: [CHAT] chokofranz left the game
[16:31:22] [Client thread/INFO]: [CHAT] [Helper] [DictyCrew] <sergio24m> it lags
[16:31:23] [Client thread/INFO]: [CHAT] PokeIsAsian - Tempbanning: ThomasYoussef03 for 5 minutes.
[16:31:23] [Client thread/INFO]: [CHAT] ThomasYoussef03 left the game
[16:31:24] [Client thread/INFO]: [CHAT] * FirestarTheCat w h e r e i s m y s o n
[16:31:24] [Client thread/INFO]: [CHAT] LordofDragons1 fell from a high place
[16:31:28] [Client thread/INFO]: [CHAT] [SA] <*Poke> d e a d
[16:31:29] [Client thread/INFO]: [CHAT] IMGMyPeopleNeedMe <*Muffet> "Blocks processed: 1"
[16:31:29] [Client thread/INFO]: [CHAT] <Marjory_Pearce> sry, went back to building squid thing in random bay
[16:31:34] [Client thread/INFO]: [CHAT] [GameBoy999: Data tag parsing failed: Expected '}' but got '<EOF>' at: {Riding:{id:"EnderDragon"}<--[HERE]]
[16:31:37] [Client thread/INFO]: [CHAT] <*Robot> :P
[16:31:38] [Client thread/INFO]: [CHAT] <*CosmicFX> Poke, he wanted to be deopped.
[16:31:40] [Client thread/INFO]: [CHAT] [GameBoy999: Data tag parsing failed: Expected '}' but got '<EOF>' at: {Riding:{id:"EnderDragon"}<--[HERE]]
[16:31:43] [Client thread/INFO]: [CHAT] <DROJAS73> Gh05tF1yy the lavender town theme is right over there...
[16:31:43] [Client thread/INFO]: [CHAT] IMGMyPeopleNeedMe <*Muffet> shhatt
[16:31:44] [Client thread/INFO]: [CHAT] <*CosmicFX> That's why he was doing it.
[16:31:45] [Client thread/INFO]: [CHAT] [SA] <*Poke> i told him not to do it
[16:31:46] [Client thread/INFO]: [CHAT] <*Robot> wait what
[16:31:48] [Client thread/INFO]: [CHAT] [Server:Untuned] Ktoby verify via the forums
[16:31:49] [Client thread/INFO]: [CHAT] [Helper] [DictyCrew] <sergio24m> PokeIsAsian, can you turn to hard mode?
[16:31:50] [Client thread/INFO]: [CHAT] [SA] <*Poke> he wouldnt listens
[16:31:50] [Client thread/INFO]: [CHAT] <DROJAS73> if u wanna listen to it
[16:31:51] [Client thread/INFO]: [CHAT] <XDogeSkillz> laggy
[16:31:53] [Client thread/INFO]: [CHAT] LordofDragons1 was slain by GameBoy999
[16:31:54] [Client thread/INFO]: [CHAT] [SA] <*Poke> if he wanted deoped
[16:31:54] [Client thread/INFO]: [CHAT] [LC] [SC] everytime <speediv> wtf
[16:31:56] [Client thread/INFO]: [CHAT] [SA] <*Poke> he couldve asked
[16:31:58] [Client thread/INFO]: [CHAT] <Ktoby> As I said earlier.
[16:32:00] [Client thread/INFO]: [CHAT] [Super Admin] <Untuned> you are not ktoby
[16:32:04] [Client thread/INFO]: [CHAT] [Super Admin] <Untuned> he has a forum account
[16:32:06] [Client thread/INFO]: [CHAT] <Ktoby> I deleted my forum account.
[16:32:09] [Client thread/INFO]: [CHAT] IMGMyPeopleNeedMe <*Muffet> "deop me pls" - what he coud've said
[16:32:11] [Client thread/INFO]: [CHAT] Ktoby has been a VERY naughty, naughty boy.
[16:32:11] [Client thread/INFO]: [CHAT] Banning: Ktoby, IP: 68.235.*.* - Reason: impostor
[16:32:11] [Client thread/INFO]: [CHAT] Ktoby died
[16:32:11] [Client thread/INFO]: [CHAT] Ktoby left the game
[16:32:14] [Client thread/INFO]: [CHAT] [LC] [SC] everytime <speediv> The signs at spawn are gone and I can't place them back wth
[16:32:16] [Client thread/INFO]: [CHAT] [SA] <*Poke> the fuck