[12:46:07] [Client thread/INFO]: Connecting to play.totalfreedom.me., 25565
[12:46:08] [Client thread/INFO]: [CHAT] VideoGameSmash12 joined the game
[12:46:09] [Client thread/INFO]: [CHAT] Welcome VideoGameSmash12 to TotalFreedom!
[12:46:17] [Client thread/INFO]: [CHAT] You are now op!
[12:46:17] [Client thread/INFO]: [CHAT] Wyopia - Opping VideoGameSmash12
[12:46:27] [Client thread/INFO]: [CHAT] [Pvp Noob!!] <*ML4B> Wyopia can do that wtf?
[12:46:33] [Client thread/INFO]: [CHAT] [LC] <Wyopia> any op can.
[12:46:36] [Client thread/INFO]: [CHAT] [ShadeClan] <*Shyrix> You can op people yes
[12:46:44] [Client thread/INFO]: [CHAT] [ShadeClan] <*Shyrix> You can op multiple people with /qop sometimes
[12:46:46] [Client thread/INFO]: [CHAT] ML4B - Opping Wyopia
[12:46:48] [Client thread/INFO]: [CHAT] [Pvp Noob!!] <*ML4B> oh
[12:47:12] [Client thread/INFO]: [CHAT] [TotallyNotAdmin] <*Beta_Alpha> Holy shit...
[12:47:12] [Client thread/INFO]: [CHAT] Piggington joined the game
[12:47:12] [Client thread/INFO]: [CHAT] [Pvp Noob!!] <*ML4B> WHAT happened lol
[12:47:15] [Client thread/INFO]: [CHAT] [LC] <Wyopia> ?
[12:47:22] [Client thread/INFO]: [CHAT] [TotallyNotAdmin] <*Beta_Alpha> Did someone use a Nuker hack here?
[12:47:23] [Client thread/INFO]: [CHAT] [Pvp Noob!!] <*ML4B> who was tp tp me
[12:47:30] [Client thread/INFO]: [CHAT] [Pvp Noob!!] <*ML4B> tp me
[12:47:35] [Client thread/INFO]: [CHAT] [LC] <Wyopia> beta can i tp?
[12:47:47] [Client thread/INFO]: [CHAT] [TotallyNotAdmin] <*Beta_Alpha> yes
[12:47:47] [Client thread/INFO]: [CHAT] 6y6JlIK left the game
[12:47:55] [Client thread/INFO]: [CHAT] * *Ktoby is now AFK.
[12:47:57] [Client thread/INFO]: [CHAT] [LC] <Wyopia> holy h3ck
[12:48:01] [Client thread/INFO]: [CHAT] [Pvp Noob!!] <*ML4B> prob or ///wand
[12:48:10] [Client thread/INFO]: [CHAT] [LC] <Wyopia> or /sphere air
[12:48:15] [Client thread/INFO]: [CHAT] [Pvp Noob!!] <*ML4B> yeah
[12:48:30] [Client thread/INFO]: [CHAT] [TotallyNotAdmin] <*Beta_Alpha> i'd be suprised and scared if this was natural generation
[12:48:36] [Client thread/INFO]: [CHAT] [LC] <Wyopia> scared
[12:48:41] [Client thread/INFO]: [CHAT] [LC] <Wyopia> pu55y
[12:48:47] [Client thread/INFO]: [CHAT] [Pvp Noob!!] <*ML4B> who wanna pvp me thogh
[12:48:51] [Client thread/INFO]: [CHAT] [Pvp Noob!!] <*ML4B> whats LC?
[12:49:06] [Client thread/INFO]: [CHAT] fuzzy88 joined the game
[12:49:09] [Client thread/INFO]: [CHAT] [LC] <Wyopia> LiamCrew
[12:49:24] [Client thread/INFO]: [CHAT] [SA] <LightUk> Big_Daddy_Duck
[12:49:26] [Client thread/INFO]: [CHAT] [LC] <Wyopia> where's pvp?
[12:49:27] [Client thread/INFO]: [CHAT] [SA] <LightUk> busted
[12:49:28] [Client thread/INFO]: [CHAT] Big_Daddy_Duck has been a VERY naughty, naughty boy.
[12:49:28] [Client thread/INFO]: [CHAT] Banning: Big_Daddy_Duck, IP: 86.152.*.* - Reason: World edit that can't possibly be used beside lagging or crashing
[12:49:28] [Client thread/INFO]: [CHAT] Big_Daddy_Duck died
[12:49:28] [Client thread/INFO]: [CHAT] Big_Daddy_Duck left the game
[12:49:35] [Client thread/INFO]: [CHAT] [STA] <MelendoFX> also grief
[12:49:35] [Client thread/INFO]: [CHAT] [Pvp Noob!!] <*ML4B> txh and wanna pvp me
[12:49:38] [Client thread/INFO]: [CHAT] [SA] <LightUk> ...
[12:49:46] [Client thread/INFO]: [CHAT] [SA] <LightUk> thanks for stealing meh ban
[12:49:49] [Client thread/INFO]: [CHAT] <fuzzy88> what are cool kit?
[12:49:55] [Client thread/INFO]: [CHAT] [Pvp Noob!!] <*ML4B> lol
[12:50:18] [Client thread/INFO]: [CHAT] [LC] <Wyopia> was h***er a n**i?
[12:50:24] [Client thread/INFO]: [CHAT] [SA] <LightUk> huh?
[12:50:33] [Client thread/INFO]: [CHAT] marcocorriero joined the game
[12:50:37] [Client thread/INFO]: [CHAT] [SA] <LightUk> hey marcocorriero
[12:50:37] [Client thread/INFO]: [CHAT] [LC] <Wyopia> itl az
[12:50:48] [Client thread/INFO]: [CHAT] [SA] <LightUk> if real just dm on discord
[12:51:00] [Client thread/INFO]: [CHAT] <*PO> has this server got discord
[12:51:03] [Client thread/INFO]: [CHAT] [LC] <Wyopia> yee
[12:51:04] [Client thread/INFO]: [CHAT] [SA] <LightUk> yes
[12:51:05] [Client thread/INFO]: [CHAT] [Pvp Noob!!] <*ML4B> yea
[12:51:05] [Client thread/INFO]: [CHAT] SophieIsBae joined the game
[12:51:05] [Client thread/INFO]: [CHAT] Welcome SophieIsBae to TotalFreedom!
[12:51:07] [Client thread/INFO]: [CHAT] Wyopia - Opping SophieIsBae
[12:51:12] [Client thread/INFO]: [CHAT] <*PO> let me in
[12:51:12] [Client thread/INFO]: [CHAT] <SophieIsBae> hello
[12:51:21] [Client thread/INFO]: [CHAT] [SA] <LightUk> Po ill find link
[12:51:22] [Client thread/INFO]: [CHAT] LightUk fell out of the world
[12:51:22] [Client thread/INFO]: [CHAT] <SophieIsBae> Im axelvandeeplaymc
[12:51:25] [Client thread/INFO]: [CHAT] <SophieIsBae> if u remember it
[12:51:26] [Client thread/INFO]: [CHAT] Wyopia fell from a high place
[12:51:27] [Client thread/INFO]: [CHAT] [Pvp Noob!!] <*ML4B> we cna op but no deop lol
[12:51:32] [Client thread/INFO]: [CHAT] <SophieIsBae> @d
[12:51:40] [Client thread/INFO]: [CHAT] [TotallyNotAdmin] <*Beta_Alpha> LightUk, PvP?
[12:51:43] [Client thread/INFO]: [CHAT] * VideoGameSmash12 is now AFK.
[12:51:44] [Client thread/INFO]: [CHAT] <*PO> everyon do /warp pvp
[12:51:47] [Client thread/INFO]: [CHAT] [SA] <LightUk> Nah
[12:51:48] [Client thread/INFO]: [CHAT] <fuzzy88> what are the best of all kits?
[12:51:57] [Client thread/INFO]: [CHAT] Beta_Alpha was slain by fuzzy88 using [Notch Sword]
[12:51:58] [Client thread/INFO]: [CHAT] [Pvp Noob!!] <*ML4B> mine
[12:52:00] [Client thread/INFO]: [CHAT] [LC] <Wyopia> kit yt
[12:52:00] [Client thread/INFO]: [CHAT] <*PO> im not plzing
[12:52:02] [Client thread/INFO]: [CHAT] LightUk - Caging Piggington
[12:52:03] [Client thread/INFO]: [CHAT] [Pvp Noob!!] <*ML4B> lol
[12:52:05] [Client thread/INFO]: [CHAT] SophieIsBae has made the advancement [Cover Me With Diamonds]
[12:52:05] [Client thread/INFO]: [CHAT] SophieIsBae has reached the goal [Sky's the Limit]
[12:52:07] [Client thread/INFO]: [CHAT] <*PO> LOOK
[12:52:09] [Client thread/INFO]: [CHAT] [SA] <LightUk> Piggington what are u doing
[12:52:11] [Client thread/INFO]: [CHAT] fuzzy88 has been a naughty, naughty boy.
[12:52:11] [Client thread/INFO]: [CHAT]   Reason: GMC PvPing a admin? Are you insane?
[12:52:11] [Client thread/INFO]: [CHAT]   Smitten by: Beta_Alpha
[12:52:12] [Client thread/INFO]: [CHAT] fuzzy88 died
[12:52:19] [Client thread/INFO]: [CHAT] Beta_Alpha - Opping all players on the server
[12:52:19] [Client thread/INFO]: [CHAT] You are now op!
[12:52:21] [Client thread/INFO]: [CHAT] * *Poke is now AFK.
[12:52:23] [Client thread/INFO]: [CHAT] [SA] <LightUk> Piggington
[12:52:28] [Client thread/INFO]: [CHAT] Xx_F3l1x_xX joined the game
[12:52:30] [Client thread/INFO]: [CHAT] [SA] <LightUk> explain your self
[12:52:30] [Client thread/INFO]: [CHAT] fuzzy88 - Opping fuzzy88
[12:52:34] [Client thread/INFO]: [CHAT] fuzzy88 fell from a high place
[12:52:36] [Client thread/INFO]: [CHAT] [SA] <LightUk> Piggington
[12:52:40] [Client thread/INFO]: [CHAT] [TotallyNotAdmin] <*Beta_Alpha> Yourshelf
[12:52:41] [Client thread/INFO]: [CHAT] [LC] <Wyopia> yourself
[12:52:47] [Client thread/INFO]: [CHAT] <Piggington> im making something
[12:52:48] [Client thread/INFO]: [CHAT] [LC] <*shelf> what
[12:52:48] [Client thread/INFO]: [CHAT] <*F3l1x> hello everyone my name is PEWDIEP.... F3l1x!
[12:52:54] [Client thread/INFO]: [CHAT] [SA] <LightUk> yes explain your shelf
[12:52:57] [Client thread/INFO]: [CHAT] [SA] <LightUk> oka
[12:53:03] [Client thread/INFO]: [CHAT] [LC] <*shelf> who's your
[12:53:04] [Client thread/INFO]: [CHAT] [Pvp Noob!!] <*ML4B> who wants to pvp me and not Beta_Alpha
[12:53:08] [Client thread/INFO]: [CHAT] [SA] <LightUk> but why such a big hole
[12:53:09] [Client thread/INFO]: [CHAT] [TotallyNotAdmin] <*Beta_Alpha> i like the new burning sounds
[12:53:12] [Client thread/INFO]: [CHAT] [SA] <LightUk> huh?
[12:53:15] [Client thread/INFO]: [CHAT] <*F3l1x> ME!
[12:53:18] [Client thread/INFO]: [CHAT] <*F3l1x> me ml4b
[12:53:19] [Client thread/INFO]: [CHAT] Wyopia left the game
[12:53:28] [Client thread/INFO]: [CHAT] [SA] <LightUk> Piggington why such a huge world edit?
[12:53:30] [Client thread/INFO]: [CHAT] Wyopia joined the game
[12:53:32] [Client thread/INFO]: [CHAT] <*PO> HACKS
[12:53:37] [Client thread/INFO]: [CHAT] [SA] <LightUk> and huge hole..
[12:53:41] [Client thread/INFO]: [CHAT] [Pvp Noob!!] <*ML4B> op
[12:53:43] [Client thread/INFO]: [CHAT] [Pvp Noob!!] <*ML4B> ok
[12:53:49] [Client thread/INFO]: [CHAT] [Pvp Noob!!] <*ML4B> down
[12:53:52] [Client thread/INFO]: [CHAT] <*shelf> down boy
[12:53:53] [Client thread/INFO]: [CHAT] [SA] <LightUk> answer or banned
[12:53:53] [Client thread/INFO]: [CHAT] <Piggington> im making a sheep race
[12:53:55] [Client thread/INFO]: [CHAT] <*F3l1x> 1 moment
[12:53:55] [Client thread/INFO]: [CHAT] Beta_Alpha was shot by Beta_Alpha using [§6§l§oNERF §eN-Strike Bow™]
[12:53:59] [Client thread/INFO]: [CHAT] <*PO> i killing the hacking on gmc
[12:54:00] [Client thread/INFO]: [CHAT] [TotallyNotAdmin] <*Beta_Alpha> FUCK
[12:54:02] [Client thread/INFO]: [CHAT] [SA] <LightUk> sheep race -_-
[12:54:05] [Client thread/INFO]: [CHAT] <*PO> haahahha
[12:54:09] [Client thread/INFO]: [CHAT] <*F3l1x> WTF
[12:54:13] [Client thread/INFO]: [CHAT] [Pvp Noob!!] <*ML4B> where are you?
[12:54:23] [Client thread/INFO]: [CHAT] [TotallyNotAdmin] <*Beta_Alpha> I tried shooting someone who was in GMC, and the arrow bounced off and hit me!
[12:54:30] [Client thread/INFO]: [CHAT] <*F3l1x> i moment
[12:54:34] [Client thread/INFO]: [CHAT] <*PO> yea becuase you ahck
[12:54:34] [Client thread/INFO]: [CHAT] Piggington has been a VERY naughty, naughty boy.
[12:54:34] [Client thread/INFO]: [CHAT] Banning: Piggington, IP: 81.107.*.* - Reason: Pointless Huge W/E Causing lag -Light
[12:54:34] [Client thread/INFO]: [CHAT] Piggington died
[12:54:34] [Client thread/INFO]: [CHAT] Piggington left the game
[12:54:34] [Client thread/INFO]: [CHAT] * *Shyrix is now AFK.
[12:54:36] [Client thread/INFO]: [CHAT] <*F3l1x> 1
[12:54:36] [Client thread/INFO]: [CHAT] fuzzy88 was slain by ML4B using [Power of The Noobs]
[12:54:36] [Client thread/INFO]: [CHAT] ML4B was killed trying to hurt fuzzy88
[12:54:46] [Client thread/INFO]: [CHAT] [Pvp Noob!!] <*ML4B> lol
[12:54:56] [Client thread/INFO]: [CHAT] ML4B was slain by Beta_Alpha using [§6§l§oNERF §eN-Strike Bow™]
[12:55:00] [Client thread/INFO]: [CHAT] Anthony2306 joined the game
[12:55:00] [Client thread/INFO]: [CHAT] [TotallyNotAdmin] <*Beta_Alpha> DED
[12:55:11] [Client thread/INFO]: [CHAT] [Pvp Noob!!] <*ML4B> wtf dude
[12:55:12] [Client thread/INFO]: [CHAT] Wyopia fell from a high place
[12:55:14] [Client thread/INFO]: [CHAT] <*F3l1x> ok
[12:55:23] [Client thread/INFO]: [CHAT] [Pvp Noob!!] <*ML4B> go
[12:55:24] [Client thread/INFO]: [CHAT] <fuzzy88> ???
[12:55:35] [Client thread/INFO]: [CHAT] shrimpu is a Telnet Clan Admin
[12:55:35] [Client thread/INFO]: [CHAT] shrimpu joined the game
[12:55:35] [Client thread/INFO]: [CHAT] <Anthony2306> fake marco?
[12:55:35] [Client thread/INFO]: [CHAT] * marcocorriero is now AFK.
[12:55:38] [Client thread/INFO]: [CHAT] <fuzzy88> -_-
[12:55:41] [Client thread/INFO]: [CHAT] [SA] <LightUk> not sure
[12:55:48] [Client thread/INFO]: [CHAT] riobass123 has been a naughty, naughty boy.
[12:55:48] [Client thread/INFO]: [CHAT]   Reason: TPing/Warping me... You must be really smart...
[12:55:48] [Client thread/INFO]: [CHAT]   Smitten by: Beta_Alpha
[12:55:48] [Client thread/INFO]: [CHAT] riobass123 died
[12:55:51] [Client thread/INFO]: [CHAT] Xx_F3l1x_xX has completed the challenge [Great View From Up Here]
[12:55:52] [Client thread/INFO]: [CHAT] [Pvp Noob!!] <*ML4B> wtf thx
[12:55:55] [Client thread/INFO]: [CHAT] <Anthony2306> Because he doesn't have a rank
[12:55:55] [Client thread/INFO]: [CHAT] <*F3l1x> what?
[12:55:56] [Client thread/INFO]: [CHAT] [Pvp Noob!!] <*ML4B> he tped me too
[12:55:58] [Client thread/INFO]: [CHAT] Beta_Alpha - Opping all players on the server
[12:55:58] [Client thread/INFO]: [CHAT] You are now op!
[12:56:06] [Client thread/INFO]: [CHAT] <*F3l1x> dafaq
[12:56:25] [Client thread/INFO]: [CHAT] Wyopia was slain by Xx_F3l1x_xX using [Too Op 4 Every1]
[12:56:33] [Client thread/INFO]: [CHAT] ML4B was slain by Xx_F3l1x_xX using [Too Op 4 Every1]
[12:56:34] [Client thread/INFO]: [CHAT] [SA] <LightUk> i like how Beta_Alpha always roasts people in hes reasons.
[12:56:40] [Client thread/INFO]: [CHAT] Wyopia was slain by Xx_F3l1x_xX using [Too Op 4 Every1]
[12:56:43] [Client thread/INFO]: [CHAT] ML4B was slain by Xx_F3l1x_xX using [Too Op 4 Every1]
[12:56:43] [Client thread/INFO]: [CHAT] [TotallyNotAdmin] <*Beta_Alpha> i nearly smited PokeIsAsian cause the guy's nickname was PO, so it would've smitten him
[12:56:45] [Client thread/INFO]: [CHAT] <*PO> do /warp pv
[12:56:49] [Client thread/INFO]: [CHAT] Wyopia was slain by Xx_F3l1x_xX using [Too Op 4 Every1]
[12:57:01] [Client thread/INFO]: [CHAT] [Pvp Noob!!] <*ML4B> ghacks
[12:57:02] [Client thread/INFO]: [CHAT] fuzzy88 was slain by Xx_F3l1x_xX using [Too Op 4 Every1]
[12:57:07] [Client thread/INFO]: [CHAT] Wyopia was slain by fuzzy88 using [§3§l§k;;;§4§lSynflex§3§l§K;;;]
[12:57:13] [Client thread/INFO]: [CHAT] Beta_Alpha was slain by Xx_F3l1x_xX using [Too Op 4 Every1]
[12:57:15] [Client thread/INFO]: [CHAT] [SA] <LightUk> hacks are allowed just to let everyone know
[12:57:18] [Client thread/INFO]: [CHAT] * *Poke is no longer AFK.
[12:57:21] [Client thread/INFO]: [CHAT] [Pvp Noob!!] <*ML4B> lol ik
[12:57:24] [Client thread/INFO]: [CHAT] <*F3l1x> 1 moment
[12:57:35] [Client thread/INFO]: [CHAT] fuzzy88 was slain by Beta_Alpha using [§6§lEX§f§l-§e§lCalibur §8§l||| §7§lOld §f§lDesign]
[12:57:38] [Client thread/INFO]: [CHAT] SophieIsBae has made the advancement [Into Fire]
[12:57:39] [Client thread/INFO]: [CHAT] [Pvp Noob!!] <*ML4B> fly dude
[12:57:40] [Client thread/INFO]: [CHAT] ML4B was slain by Beta_Alpha using [§6§lEX§f§l-§e§lCalibur §8§l||| §7§lOld §f§lDesign]
[12:57:42] [Client thread/INFO]: [CHAT] <*Poke> you realise he wasnt talking to you specifically
[12:57:43] [Client thread/INFO]: [CHAT] ML4B was slain by fuzzy88 using [§3§l§k;;;§4§lSynflex§3§l§K;;;]
[12:57:44] [Client thread/INFO]: [CHAT] <*F3l1x> k
[12:57:46] [Client thread/INFO]: [CHAT] <Anthony2306> fuzzy88 spawn killer
[12:57:47] [Client thread/INFO]: [CHAT] fuzzy88 has been a naughty, naughty boy.
[12:57:47] [Client thread/INFO]: [CHAT]   Reason: Unwanted/spawn pvp -Ligh
[12:57:47] [Client thread/INFO]: [CHAT]   Smitten by: LightUk
[12:57:47] [Client thread/INFO]: [CHAT] fuzzy88 died
[12:57:54] [Client thread/INFO]: [CHAT] <*shelf> thats 3/3 for fuzzy
[12:57:57] [Client thread/INFO]: [CHAT] [SA] <LightUk> liugh
[12:58:01] [Client thread/INFO]: [CHAT] [Pvp Noob!!] <*ML4B> thx
[12:58:02] [Client thread/INFO]: [CHAT] [SA] <LightUk> is it?
[12:58:05] [Client thread/INFO]: [CHAT] <fuzzy88> is no FAIR
[12:58:11] [Client thread/INFO]: [CHAT] <Wyopia> well when you break the rules
[12:58:12] [Client thread/INFO]: [CHAT] <Wyopia> is fair
[12:58:15] [Client thread/INFO]: [CHAT] speediv joined the game
[12:58:15] [Client thread/INFO]: [CHAT] [SA] <LightUk> if you do it again fuzzy88 t ban
[12:58:17] [Client thread/INFO]: [CHAT] MrSmonicFanboy joined the game
[12:58:17] [Client thread/INFO]: [CHAT] Welcome MrSmonicFanboy to TotalFreedom!
[12:58:19] [Client thread/INFO]: [CHAT] LightUk - Opping all players on the server
[12:58:19] [Client thread/INFO]: [CHAT] You are now op!
[12:58:20] [Client thread/INFO]: [CHAT] <fuzzy88> you smitedd me of me no want pvp!
[12:58:20] [Client thread/INFO]: [CHAT] Anthony2306 - Opping MrSmonicFanboy
[12:58:20] [Client thread/INFO]: [CHAT] speediv - Opping MrSmonicFanboy
[12:58:24] [Client thread/INFO]: [CHAT] <Wyopia> oh so he gets /4?
[12:58:28] [Client thread/INFO]: [CHAT] [TotallyNotAdmin] <*Beta_Alpha> Felix, PVP like a man
[12:58:32] [Client thread/INFO]: [CHAT] <Anthony2306> Because you were breaking a rule
[12:58:35] [Client thread/INFO]: [CHAT] [LC] [SC] everytime <speediv> Hello.
[12:58:37] [Client thread/INFO]: [CHAT] [TotallyNotAdmin] <*Beta_Alpha> No totem, Dont be afraid of death!
[12:58:38] [Client thread/INFO]: [CHAT] [SA] <LightUk> hellp
[12:58:41] [Client thread/INFO]: [CHAT] [SA] <LightUk> hello*
[12:58:41] [Client thread/INFO]: [CHAT] <Wyopia> hey speediv
[12:58:44] [Client thread/INFO]: [CHAT] Beta_Alpha was slain by Xx_F3l1x_xX using [Too Op 4 Every1]
[12:58:44] [Client thread/INFO]: [CHAT] <MrSmonicFanboy> anyone miss me
[12:58:45] [Client thread/INFO]: [CHAT] <MrSmonicFanboy> no?
[12:58:46] [Client thread/INFO]: [CHAT] <MrSmonicFanboy> k
[12:58:48] [Client thread/INFO]: [CHAT] [SA] <LightUk> no
[12:58:49] [Client thread/INFO]: [CHAT] <*F3l1x> sorry
[12:58:52] [Client thread/INFO]: [CHAT] [Pvp Noob!!] <*ML4B> speediv og hi
[12:58:54] [Client thread/INFO]: [CHAT] <*F3l1x> i'm OP meow :3
[12:58:55] [Client thread/INFO]: [CHAT] [LC] [SC] everytime <speediv> hi light
[12:58:55] [Client thread/INFO]: [CHAT] [SA] <LightUk> jk of course we do
[12:58:59] [Client thread/INFO]: [CHAT] [SA] <LightUk> ey speed
[12:58:59] [Client thread/INFO]: [CHAT] [LC] [SC] everytime <speediv> hi Wyopia
[12:59:00] [Client thread/INFO]: [CHAT] Beta_Alpha was slain by Xx_F3l1x_xX using [Too Op 4 Every1]
[12:59:03] [Client thread/INFO]: [CHAT] ML4B was slain by Xx_F3l1x_xX using [Too Op 4 Every1]
[12:59:12] [Client thread/INFO]: [CHAT] [SA] <LightUk> speediv still working on the hotel?
[12:59:15] [Client thread/INFO]: [CHAT] splungenumpit joined the game
[12:59:15] [Client thread/INFO]: [CHAT] Welcome splungenumpit to TotalFreedom!
[12:59:18] [Client thread/INFO]: [CHAT] speediv - Opping splungenumpit
[12:59:19] [Client thread/INFO]: [CHAT] LightUk - Opping all players on the server
[12:59:19] [Client thread/INFO]: [CHAT] You are now op!
[12:59:19] [Client thread/INFO]: [CHAT] shrimpu left the game
[12:59:25] [Client thread/INFO]: [CHAT] [LC] [SC] everytime <speediv> my internet went down for a while yesterday
[12:59:26] [Client thread/INFO]: [CHAT] [LC] <Wyopia> wtf are these names
[12:59:28] [Client thread/INFO]: [CHAT] [LC] [SC] everytime <speediv> idk what happened
[12:59:31] [Client thread/INFO]: [CHAT] [TotallyNotAdmin] <*Beta_Alpha> I could smite you for Spawn-Camping in the PvP arena for that, felix...
[12:59:32] [Client thread/INFO]: [CHAT] [SA] <LightUk> speediv still working on the hotel??
[12:59:33] [Client thread/INFO]: [CHAT] ML4B was slain by Xx_F3l1x_xX using [Too Op 4 Every1]
[12:59:37] [Client thread/INFO]: [CHAT] <*SPPEDIV_> NO
[12:59:38] [Client thread/INFO]: [CHAT] <MrSmonicFanboy> who asked to make my server cracked
[12:59:43] [Client thread/INFO]: [CHAT] Beta_Alpha was slain by Xx_F3l1x_xX using [Too Op 4 Every1]
[12:59:44] [Client thread/INFO]: [CHAT] [LC] [SC] everytime <speediv> wth
[12:59:48] [Client thread/INFO]: [CHAT] <Anthony2306> riobass did that
[12:59:53] [Client thread/INFO]: [CHAT] [LC] [SC] everytime <speediv> "sppediv_"
[12:59:56] [Client thread/INFO]: [CHAT] [Pvp Noob!!] <*ML4B> lol
[12:59:57] [Client thread/INFO]: [CHAT] <MrSmonicFanboy> '
[13:00:00] [Client thread/INFO]: [CHAT] riobass123 has been a naughty, naughty boy.
[13:00:00] [Client thread/INFO]: [CHAT]   Reason: do not impersonate ops via /nick
[13:00:00] [Client thread/INFO]: [CHAT]   Smitten by: LightUk
[13:00:00] [Client thread/INFO]: [CHAT] riobass123 died
[13:00:01] [Client thread/INFO]: [CHAT] <*F3l1x> man
[13:00:06] [Client thread/INFO]: [CHAT] <*F3l1x> i'm invincible
[13:00:08] [Client thread/INFO]: [CHAT] [Pvp Noob!!] <*ML4B> gotteeee
[13:00:09] [Client thread/INFO]: [CHAT] <*SPPEDIV_> ok wait
[13:00:09] [Client thread/INFO]: [CHAT] speediv - Opping riobass123
[13:00:10] [Client thread/INFO]: [CHAT] LightUk - Opping all players on the server
[13:00:10] [Client thread/INFO]: [CHAT] You are now op!
[13:00:10] [Client thread/INFO]: [CHAT] [LC] <Wyopia> oops sorry LightUk
[13:00:15] [Client thread/INFO]: [CHAT] [LC] [SC] everytime <speediv> remove the nick please.
[13:00:17] [Client thread/INFO]: [CHAT] [LC] <Wyopia> didnt realise you already smitted him.
[13:00:18] [Client thread/INFO]: [CHAT] [SA] <LightUk> its ok
[13:00:21] [Client thread/INFO]: [CHAT] splungenumpit has reached the goal [Sky's the Limit]
[13:00:22] [Client thread/INFO]: [CHAT] [Pvp Noob!!] <*ML4B> omg the tombs
[13:00:27] [Client thread/INFO]: [CHAT] <*F3l1x> yes
[13:00:33] [Client thread/INFO]: [CHAT] * MelendoFX is now AFK.
[13:00:33] [Client thread/INFO]: [CHAT] <*F3l1x> i have 1 stack
[13:00:36] [Client thread/INFO]: [CHAT] [SA] <LightUk> speediv still working on the hotel???? in a world
[13:00:36] [Client thread/INFO]: [CHAT] [LC] [SC] everytime <speediv> LightUk what did andrew do with the hotel once I left?
[13:00:40] [Client thread/INFO]: [CHAT] Mnpn03 is a Senior Admin
[13:00:40] [Client thread/INFO]: [CHAT] Mnpn03 joined the game
[13:00:41] [Client thread/INFO]: [CHAT] riobass123 fell from a high place
[13:00:42] [Client thread/INFO]: [CHAT] [SA] <LightUk> idk
[13:00:46] [Client thread/INFO]: [CHAT] [LC] [SC] everytime <speediv> let me see it
[13:00:48] [Client thread/INFO]: [CHAT] [LC] [SC] everytime <speediv> hi Mnpn03
[13:00:51] [Client thread/INFO]: [CHAT] [Pvp Noob!!] <*ML4B> wtf!!!!!!!!
[13:00:53] [Client thread/INFO]: [CHAT] LightUk - AdminWorld guest added: speediv
[13:00:53] [Client thread/INFO]: [CHAT] [SrA] <Mnpn03> Hi.
[13:01:03] [Client thread/INFO]: [CHAT] Beta_Alpha has reached the goal [Postmortal]
[13:01:08] [Client thread/INFO]: [CHAT] [LC] [SC] everytime <speediv> hold on
[13:01:10] [Client thread/INFO]: [CHAT] Wyopia was slain by Xx_F3l1x_xX using [Too Op 4 Every1]
[13:01:10] [Client thread/INFO]: [CHAT] [LC] [SC] everytime <speediv> getting cords
[13:01:15] [Client thread/INFO]: [CHAT] [TotallyNotAdmin] <*Beta_Alpha> REVENG, MOTHAFUKA!!!!!!!!!!!!!!!
[13:01:21] [Client thread/INFO]: [CHAT] Wyopia left the game
[13:01:23] [Client thread/INFO]: [CHAT] <*F3l1x> 1 moment
[13:01:27] [Client thread/INFO]: [CHAT] <*F3l1x> 1 moment guys
[13:01:39] [Client thread/INFO]: [CHAT] <*F3l1x> i fix it :3
[13:01:42] [Client thread/INFO]: [CHAT] [LC] [SC] everytime <speediv> Light
[13:01:43] [Client thread/INFO]: [CHAT] [LC] [SC] everytime <speediv> tp
[13:01:45] [Client thread/INFO]: [CHAT] ML4B has reached the goal [Postmortal]
[13:01:45] [Client thread/INFO]: [CHAT] [LC] [SC] everytime <speediv> I found it
[13:01:52] [Client thread/INFO]: [CHAT] [SA] <LightUk> im inside you
[13:01:53] [Client thread/INFO]: [CHAT] ML4B was slain by Beta_Alpha using [§4§lRight §4§lBehind §4§lYou...]
[13:01:55] [Client thread/INFO]: [CHAT] splungenumpit left the game
[13:02:05] [Client thread/INFO]: [CHAT] * marcocorriero is no longer AFK.
[13:02:05] [Client thread/INFO]: [CHAT] <marcocorriero> Shyrix
[13:02:09] [Client thread/INFO]: [CHAT] [LC] [SC] everytime <speediv> Hi marco
[13:02:11] [Client thread/INFO]: [CHAT] <marcocorriero> y no supered?
[13:02:11] [Client thread/INFO]: [CHAT] CarelessTNT joined the game
[13:02:11] [Client thread/INFO]: [CHAT] Welcome CarelessTNT to TotalFreedom!
[13:02:12] [Client thread/INFO]: [CHAT] Beta_Alpha has completed the challenge [Great View From Up Here]
[13:02:14] [Client thread/INFO]: [CHAT] speediv - Opping CarelessTNT
[13:02:16] [Client thread/INFO]: [CHAT] Anthony2306 - Opping CarelessTNT
[13:02:18] [Client thread/INFO]: [CHAT] CoolMiner27 joined the game
[13:02:18] [Client thread/INFO]: [CHAT] Welcome CoolMiner27 to TotalFreedom!
[13:02:19] [Client thread/INFO]: [CHAT] [SrA] <Mnpn03> She removed herself temporarily
[13:02:20] [Client thread/INFO]: [CHAT] speediv - Opping CoolMiner27
[13:02:22] [Client thread/INFO]: [CHAT] [SA] <LightUk> marcocorriero are you real? contact on discord
[13:02:22] [Client thread/INFO]: [CHAT] <marcocorriero> oh, rip
[13:02:25] [Client thread/INFO]: [CHAT] Anthony2306 - Opping CoolMiner27
[13:02:29] [Client thread/INFO]: [CHAT] <marcocorriero> prob those logs
[13:02:29] [Client thread/INFO]: [CHAT] Erickpinto2017 joined the game
[13:02:29] [Client thread/INFO]: [CHAT] Welcome Erickpinto2017 to TotalFreedom!
[13:02:31] [Client thread/INFO]: [CHAT] speediv - Opping Erickpinto2017
[13:02:37] [Client thread/INFO]: [CHAT] CoolMiner27 has made the advancement [Cover Me With Diamonds]
[13:02:38] [Client thread/INFO]: [CHAT] CoolMiner27 has made the advancement [Into Fire]
[13:02:38] [Client thread/INFO]: [CHAT] MrDicty is a SUPER ADMIN and is wearing a GOLDEN Suit!
[13:02:38] [Client thread/INFO]: [CHAT] MrDicty joined the game
[13:02:39] [Client thread/INFO]: [CHAT] [LC] [SC] everytime <speediv> Light
[13:02:41] [Client thread/INFO]: [CHAT] [SA] <LightUk> ye
[13:02:41] [Client thread/INFO]: [CHAT] [LC] [SC] everytime <speediv> Hi MrDicty
[13:02:41] [Client thread/INFO]: [CHAT] CarelessTNT has made the advancement [Into Fire]
[13:02:44] [Client thread/INFO]: [CHAT] [SA] <*MrDicty> Hello
[13:02:48] [Client thread/INFO]: [CHAT] <marcocorriero> DICT
[13:02:49] [Client thread/INFO]: [CHAT] [LC] [SC] everytime <speediv> Can you help me build most or some of the rooms?
[13:02:50] [Client thread/INFO]: [CHAT] [SA] <*MrDicty> ?
[13:02:54] [Client thread/INFO]: [CHAT] <marcocorriero> wanna trow stuff again in vr?
[13:02:55] [Client thread/INFO]: [CHAT] ML4B was slain by Beta_Alpha using [§4§lRight §4§lBehind §4§lYou...]
[13:02:55] [Client thread/INFO]: [CHAT] <marcocorriero> XD
[13:02:56] [Client thread/INFO]: [CHAT] [SA] <LightUk> sure
[13:02:57] [Client thread/INFO]: [CHAT] <MrSmonicFanboy> can someone mute riobass123
[13:03:01] [Client thread/INFO]: [CHAT] [LC] [SC] everytime <speediv> hold on
[13:03:02] [Client thread/INFO]: [CHAT] <MrSmonicFanboy> he just said the n word
[13:03:02] [Client thread/INFO]: [CHAT] <*F3l1x> 1 moment guys
[13:03:03] [Client thread/INFO]: [CHAT] [SA] <LightUk> but im doing
[13:03:04] [Client thread/INFO]: [CHAT] [SA] <*MrDicty> Er
[13:03:07] [Client thread/INFO]: [CHAT] <marcocorriero> Lol
[13:03:09] [Client thread/INFO]: [CHAT] <riobass123> HAH
[13:03:14] [Client thread/INFO]: [CHAT] <marcocorriero> if ya want mrdict
[13:03:15] [Client thread/INFO]: [CHAT] <marcocorriero> xD
[13:03:15] [Client thread/INFO]: [CHAT] <riobass123> get out
[13:03:19] [Client thread/INFO]: [CHAT] CoolMiner27 has made the advancement [Take Aim]
[13:03:21] [Client thread/INFO]: [CHAT] TheMinecraft is the Owner
[13:03:21] [Client thread/INFO]: [CHAT] TheMinecraft joined the game
[13:03:23] [Client thread/INFO]: [CHAT] <marcocorriero> TheMinecraft
[13:03:24] [Client thread/INFO]: [CHAT] <Anthony2306> riobass123 not your house
[13:03:25] [Client thread/INFO]: [CHAT] [LC] [SC] everytime <speediv> Hi TheMinecraft
[13:03:25] [Client thread/INFO]: [CHAT] <*Poke> hey windows
[13:03:29] [Client thread/INFO]: [CHAT] * *Shyrix is no longer AFK.
[13:03:29] [Client thread/INFO]: [CHAT] [ShadeClan] <*Shyrix> TheMinecraft
[13:03:29] [Client thread/INFO]: [CHAT] [Owner] <TheMinecraft> hi
[13:03:30] [Client thread/INFO]: [CHAT] <MrSmonicFanboy> theminecraft
[13:03:32] [Client thread/INFO]: [CHAT] [ShadeClan] <*Shyrix> Check dms please
[13:03:33] [Client thread/INFO]: [CHAT] <Anthony2306> riobass123 grief?
[13:03:40] [Client thread/INFO]: [CHAT] Erickpinto2017 has made the advancement [Stone Age]
[13:03:43] [Client thread/INFO]: [CHAT] <*F3l1x> CoolMiner27 use /gms
[13:03:45] [Client thread/INFO]: [CHAT] <MrSmonicFanboy> theminecraft riobass123 is being racist
[13:03:53] [Client thread/INFO]: [CHAT] <*F3l1x> same thing for CarelessTNT
[13:03:53] [Client thread/INFO]: [CHAT] <Anthony2306> this isnt his house
[13:03:55] [Client thread/INFO]: [CHAT] <CoolMiner27> I am
[13:03:57] [Client thread/INFO]: [CHAT] <riobass123> NO
[13:03:58] [Client thread/INFO]: [CHAT] <*F3l1x> CoolMiner27 use /gms
[13:04:02] [Client thread/INFO]: [CHAT] CarelessTNT has made the advancement [Take Aim]
[13:04:04] [Client thread/INFO]: [CHAT] <CoolMiner27> Already in GMS
[13:04:08] [Client thread/INFO]: [CHAT] riobass123 has been a VERY naughty, naughty boy.
[13:04:08] [Client thread/INFO]: [CHAT] Banning: riobass123, IP: 31.50.*.* - Reason: Grief -Light
[13:04:08] [Client thread/INFO]: [CHAT] riobass123 died
[13:04:08] [Client thread/INFO]: [CHAT] riobass123 left the game
[13:04:08] [Client thread/INFO]: [CHAT] <*F3l1x> np
[13:04:10] [Client thread/INFO]: [CHAT] fuzzy88 was shot by Beta_Alpha using [§6§l§oNERF §eN-Strike Bow™]
[13:04:13] [Client thread/INFO]: [CHAT] <Anthony2306> ty dude
[13:04:15] [Client thread/INFO]: [CHAT] <MrSmonicFanboy> thanks lightuk
[13:04:18] [Client thread/INFO]: [CHAT] <*F3l1x> w8
[13:04:23] [Client thread/INFO]: [CHAT] [SA] <LightUk> np
[13:04:27] [Client thread/INFO]: [CHAT] [LC] [SC] everytime <speediv> So there are 10 rooms in the hotel
[13:04:28] [Client thread/INFO]: [CHAT] MrSmonicFanboy left the game
[13:04:32] [Client thread/INFO]: [CHAT] [LC] [SC] everytime <speediv> in a floor*
[13:04:36] [Client thread/INFO]: [CHAT] MrSmonicFanboy joined the game
[13:04:39] [Client thread/INFO]: [CHAT] <Anthony2306> House is owned by mario58, had it been him nothing would have happened
[13:04:42] [Client thread/INFO]: [CHAT] [SA] <LightUk> okay
[13:04:47] [Client thread/INFO]: [CHAT] <*F3l1x> wtf?
[13:04:48] [Client thread/INFO]: [CHAT] [LC] [SC] everytime <speediv> i'll be placing which room is what number
[13:04:49] [Client thread/INFO]: [CHAT] <*F3l1x> DUDE
[13:04:52] [Client thread/INFO]: [CHAT] LightUk - Blocking all commands for ML4B
[13:04:56] [Client thread/INFO]: [CHAT] <*F3l1x> w8
[13:04:58] [Client thread/INFO]: [CHAT] [Pvp Noob!!] <*ML4B> wht?
[13:05:03] [Client thread/INFO]: [CHAT] [Server:LightUk] ML4B please don't spam commands too much!
[13:05:04] [Client thread/INFO]: [CHAT] [Pvp Noob!!] <*ML4B> oh yeah
[13:05:09] [Client thread/INFO]: [CHAT] [Pvp Noob!!] <*ML4B> sorry just rem
[13:05:11] [Client thread/INFO]: [CHAT] LightUk - Unblocking commands for all players
[13:05:14] [Client thread/INFO]: [CHAT] <*F3l1x> plz
[13:05:15] [Client thread/INFO]: [CHAT] [LC] [SC] everytime <speediv> There's limited amounts of space but the executives of the server get the front rooms with special addons
[13:05:16] [Client thread/INFO]: [CHAT] [LC] [SC] everytime <speediv> Such as
[13:05:20] [Client thread/INFO]: [CHAT] <*F3l1x> don't use troll arrow
[13:05:30] [Client thread/INFO]: [CHAT] [LC] [SC] everytime <speediv> balconys
[13:05:37] [Client thread/INFO]: [CHAT] [LC] [SC] everytime <speediv> er
[13:05:37] [Client thread/INFO]: [CHAT] [SA] <LightUk> wut about helpers of this built
[13:05:46] [Client thread/INFO]: [CHAT] [SA] <LightUk> build*
[13:05:46] [Client thread/INFO]: [CHAT] [LC] [SC] everytime <speediv> admeda isn't on
[13:05:52] [Client thread/INFO]: [CHAT] [LC] [SC] everytime <speediv> the helpers
[13:05:56] [Client thread/INFO]: [CHAT] MrSmonicFanboy fell from a high place
[13:05:56] [Client thread/INFO]: [CHAT] <Anthony2306> going on my serv real quick
[13:05:57] [Client thread/INFO]: [CHAT] Anthony2306 left the game
[13:05:58] [Client thread/INFO]: [CHAT] [LC] [SC] everytime <speediv> get a room on the last floor
[13:06:02] [Client thread/INFO]: [CHAT] ArceCreeper is a Telnet Clan Admin and a Satan Worshipper
[13:06:02] [Client thread/INFO]: [CHAT] ArceCreeper joined the game
[13:06:02] [Client thread/INFO]: [CHAT] Welcome ArceCreeper to TotalFreedom!
[13:06:05] [Client thread/INFO]: [CHAT] [LC] [SC] everytime <speediv> Hi ArceCreeper
[13:06:05] [Client thread/INFO]: [CHAT] [SA] <LightUk> okay
[13:06:10] [Client thread/INFO]: [CHAT] [LC] [SC] everytime <speediv> +
[13:06:10] [Client thread/INFO]: [CHAT] Anthony2306 joined the game
[13:06:12] [Client thread/INFO]: [CHAT] [SA] <*MrDicty> carcomorriero
[13:06:16] [Client thread/INFO]: [CHAT] <marcocorriero> wat dicty?
[13:06:19] [Client thread/INFO]: [CHAT] [LC] [SC] everytime <speediv> the special addons that the executives have
[13:06:22] [Client thread/INFO]: [CHAT] [SA] <*MrDicty> Get it?
[13:06:23] [Client thread/INFO]: [CHAT] <MrSmonicFanboy> theminecraft
[13:06:25] [Client thread/INFO]: [CHAT] <marcocorriero> wut?
[13:06:29] [Client thread/INFO]: [CHAT] [Pvp Noob!!] <*ML4B> og no
[13:06:30] [Client thread/INFO]: [CHAT] <MrSmonicFanboy> are you using a host to host this server
[13:06:37] [Client thread/INFO]: [CHAT] <marcocorriero> da TFM copy is on developers developers developers
[13:06:39] [Client thread/INFO]: [CHAT] <marcocorriero> i believe
[13:06:39] [Client thread/INFO]: [CHAT] <marcocorriero> lel
[13:06:40] [Client thread/INFO]: [CHAT] [Owner] <TheMinecraft> Dedicated server
[13:06:52] [Client thread/INFO]: [CHAT] CarelessTNT has completed the challenge [Great View From Up Here]
[13:06:53] [Client thread/INFO]: [CHAT] * NosamH is no longer AFK.
[13:07:05] [Client thread/INFO]: [CHAT] <NosamH> Can i be added?
[13:07:10] [Client thread/INFO]: [CHAT] fuzzy88 was slain by CarelessTNT
[13:07:11] [Client thread/INFO]: [CHAT] [LC] [SC] everytime <speediv> forum administrators also get the top floor
[13:07:12] [Client thread/INFO]: [CHAT] <marcocorriero> y verify den
[13:07:13] [Client thread/INFO]: [CHAT] ML4B - Opping NosamH
[13:07:14] [Client thread/INFO]: [CHAT] [LC] [SC] everytime <speediv> such as mark
[13:07:15] [Client thread/INFO]: [CHAT] [STA] <ArceCreeper> Nosam, did you verify?
[13:07:21] [Client thread/INFO]: [CHAT] <NosamH> Yeah. three times.
[13:07:23] [Client thread/INFO]: [CHAT] [ShadeClan] <*Shyrix> He did
[13:07:32] [Client thread/INFO]: [CHAT] [STA] <ArceCreeper> Gimme a sec
[13:07:35] [Client thread/INFO]: [CHAT] fuzzy88 was slain by ML4B using [Da BYE BYE STICK]
[13:07:36] [Client thread/INFO]: [CHAT] Xx_F3l1x_xX has been a naughty, naughty boy.
[13:07:36] [Client thread/INFO]: [CHAT]   Reason: I saw that!!! :D - Using Troll arrows (Arrows with infanite/long lasting levatiation0
[13:07:36] [Client thread/INFO]: [CHAT]   Smitten by: Beta_Alpha
[13:07:36] [Client thread/INFO]: [CHAT] Xx_F3l1x_xX died
[13:07:39] [Client thread/INFO]: [CHAT] <Anthony2306> Shyrix aren't you admin too?
[13:07:40] [Client thread/INFO]: [CHAT] CONSOLE - Readding NosamH to the admin list
[13:07:43] [Client thread/INFO]: [CHAT] [ShadeClan] <*Shyrix> That's not a gtfo
[13:07:44] [Client thread/INFO]: [CHAT] [ShadeClan] <*Shyrix> -.-
[13:07:44] [Client thread/INFO]: [CHAT] [STA] <ArceCreeper> There
[13:07:48] [Client thread/INFO]: [CHAT] <*F3l1x> i use it 1 time!
[13:07:48] [Client thread/INFO]: [CHAT] [ShadeClan] <*Shyrix> I removed myself
[13:07:52] [Client thread/INFO]: [CHAT] Shyrix - Opping Xx_F3l1x_xX
[13:07:53] [Client thread/INFO]: [CHAT] <*F3l1x> sorry :p
[13:07:57] [Client thread/INFO]: [CHAT] [ShadeClan] <*Shyrix> Beta_Alpha
[13:07:59] [Client thread/INFO]: [CHAT] <Anthony2306> oh okay
[13:08:00] [Client thread/INFO]: [CHAT] [ShadeClan] <*Shyrix> That's not as gtfo
[13:08:06] [Client thread/INFO]: [CHAT] [TotallyNotAdmin] <*Beta_Alpha> Felix, max time is 3 seconds for it
[13:08:09] [Client thread/INFO]: [CHAT] [Owner] <TheMinecraft> That was a smite that happened
[13:08:14] [Client thread/INFO]: [CHAT] [TotallyNotAdmin] <*Beta_Alpha> that would be 75 ticks
[13:08:15] [Client thread/INFO]: [CHAT] [ShadeClan] <*Shyrix> o
[13:08:15] [Client thread/INFO]: [CHAT] [STA] <ArceCreeper> Troll arrows are a smite
[13:08:16] [Client thread/INFO]: [CHAT] [ShadeClan] <*Shyrix> lmfaoo
[13:08:19] [Client thread/INFO]: [CHAT] [ShadeClan] <*Shyrix> The colours confused me
[13:08:23] [Client thread/INFO]: [CHAT] [Owner] <TheMinecraft> It says smitten by
[13:08:25] [Client thread/INFO]: [CHAT] <*F3l1x> ok
[13:08:25] [Client thread/INFO]: [CHAT] * *Poke is now AFK.
[13:08:31] [Client thread/INFO]: [CHAT] <*F3l1x> i pick ut it
[13:08:31] [Client thread/INFO]: [CHAT] [STA] <ArceCreeper> Oh
[13:08:37] [Client thread/INFO]: [CHAT] [STA] <ArceCreeper> I thought it was a gtfo
[13:08:37] [Client thread/INFO]: [CHAT] [TotallyNotAdmin] <*Beta_Alpha> Shy, nowonder you quit XD
[13:08:39] [Client thread/INFO]: [CHAT] [STA] <ArceCreeper> Dummy me
[13:08:39] [Client thread/INFO]: [CHAT] <*F3l1x> and i shot it
[13:08:41] [Client thread/INFO]: [CHAT] [SA] <LightUk> speediv
[13:08:43] [Client thread/INFO]: [CHAT] [LC] [SC] everytime <speediv> ?
[13:08:45] [Client thread/INFO]: [CHAT] [ShadeClan] <*Shyrix> No I quit for other reasons
[13:08:46] [Client thread/INFO]: [CHAT] [SA] <LightUk> ill do the floors
[13:08:49] [Client thread/INFO]: [CHAT] [LC] [SC] everytime <speediv> Ok
[13:08:51] [Client thread/INFO]: [CHAT] <MrSmonicFanboy> my andconda
[13:08:58] [Client thread/INFO]: [CHAT] [ShadeClan] <*Shyrix> I need to be readded if I am permitted to be
[13:09:05] [Client thread/INFO]: [CHAT] fuzzy88 has made the advancement [Suit Up]
[13:09:06] [Client thread/INFO]: [CHAT] [LC] [SC] everytime <speediv> Light do you want me to PM you the cords on the forums
[13:09:14] [Client thread/INFO]: [CHAT] [LC] [SC] everytime <speediv> of the hotel
[13:09:24] [Client thread/INFO]: [CHAT] [ShadeClan] <*Shyrix> No extraelytra on this client
[13:09:25] [Client thread/INFO]: [CHAT] CrescenticRose joined the game
[13:09:25] [Client thread/INFO]: [CHAT] Welcome CrescenticRose to TotalFreedom!
[13:09:26] [Client thread/INFO]: [CHAT] [ShadeClan] <*Shyrix> kms
[13:09:28] [Client thread/INFO]: [CHAT] speediv - Opping CrescenticRose
[13:09:34] [Client thread/INFO]: [CHAT] Anthony2306 - Opping CrescenticRose
[13:09:41] [Client thread/INFO]: [CHAT] Skyslaw joined the game
[13:09:41] [Client thread/INFO]: [CHAT] Welcome Skyslaw to TotalFreedom!
[13:09:44] [Client thread/INFO]: [CHAT] speediv - Opping Skyslaw
[13:09:44] [Client thread/INFO]: [CHAT] Anthony2306 - Opping Skyslaw
[13:09:59] [Client thread/INFO]: [CHAT] CoolMiner27 has been a naughty, naughty boy.
[13:09:59] [Client thread/INFO]: [CHAT]   Reason: Using troll arrows to annoy players
[13:09:59] [Client thread/INFO]: [CHAT]   Smitten by: Beta_Alpha
[13:09:59] [Client thread/INFO]: [CHAT] CoolMiner27 was slain by Xx_F3l1x_xX using [Too Op 4 Every1]
[13:09:59] [Client thread/INFO]: [CHAT] MrSmonicFanboy was slain by CarelessTNT
[13:10:11] [Client thread/INFO]: [CHAT] MrSmonicFanboy was slain by CarelessTNT
[13:10:14] [Client thread/INFO]: [CHAT] shrimpu is a Telnet Clan Admin
[13:10:14] [Client thread/INFO]: [CHAT] shrimpu joined the game
[13:10:14] [Client thread/INFO]: [CHAT] [ShadeClan] <*Shyrix> TheMinecraft
[13:10:17] [Client thread/INFO]: [CHAT] * *Poke is no longer AFK.
[13:10:17] [Client thread/INFO]: [CHAT] [LC] [SC] everytime <speediv> wb.
[13:10:17] [Client thread/INFO]: [CHAT] ArceCreeper has reached the goal [Sky's the Limit]
[13:10:20] [Client thread/INFO]: [CHAT] MrSmonicFanboy was slain by CarelessTNT
[13:10:20] [Client thread/INFO]: [CHAT] [STA] <shrimpu> ty
[13:10:21] [Client thread/INFO]: [CHAT] <Skyslaw> heyheyhey!
[13:10:21] [Client thread/INFO]: [CHAT] Beta_Alpha - Opping all players on the server
[13:10:21] [Client thread/INFO]: [CHAT] You are now op!
[13:10:27] [Client thread/INFO]: [CHAT] <*F3l1x> meow :3
[13:10:36] [Client thread/INFO]: [CHAT] [LC] [SC] everytime <speediv> er
[13:10:37] [Client thread/INFO]: [CHAT] [LC] [SC] everytime <speediv> light
[13:10:45] [Client thread/INFO]: [CHAT] [LC] [SC] everytime <speediv> light?
[13:10:51] [Client thread/INFO]: [CHAT] fuzzy88 was slain by CarelessTNT
[13:10:56] [Client thread/INFO]: [CHAT] <MrSmonicFanboy> this server looks different
[13:11:04] [Client thread/INFO]: [CHAT] fuzzy88 was killed by magic
[13:11:04] [Client thread/INFO]: [CHAT] <*F3l1x> hey mr pig
[13:11:07] [Client thread/INFO]: [CHAT] CrescenticRose died
[13:11:07] [Client thread/INFO]: [CHAT] Player CrescenticRose took their own life.
[13:11:13] [Client thread/INFO]: [CHAT] <CrescenticRose> testing
[13:11:13] [Client thread/INFO]: [CHAT] [Server:Beta_Alpha] CoolMiner27, stop using those arrows
[13:11:14] [Client thread/INFO]: [CHAT] CrescenticRose died
[13:11:14] [Client thread/INFO]: [CHAT] Player CrescenticRose took their own life.
[13:11:16] [Client thread/INFO]: [CHAT] <*F3l1x> hey mr piggy
[13:11:18] [Client thread/INFO]: [CHAT] CoolMiner27 has completed the challenge [Great View From Up Here]
[13:11:22] [Client thread/INFO]: [CHAT] <CrescenticRose> so keepinventory is on
[13:11:23] [Client thread/INFO]: [CHAT] fuzzy88 was slain by ML4B using [Power of The Noobs]
[13:11:23] [Client thread/INFO]: [CHAT] <CrescenticRose> yay
[13:11:29] [Client thread/INFO]: [CHAT] <*F3l1x> ML4B
[13:11:34] [Client thread/INFO]: [CHAT] [Server:Beta_Alpha] If i see them with you again, your getting a second smite
[13:11:37] [Client thread/INFO]: [CHAT] fuzzy88 was slain by ML4B using [Power of The Noobs]
[13:11:38] [Client thread/INFO]: [CHAT] <*F3l1x> why YOU CAN USE /particles???
[13:11:44] [Client thread/INFO]: [CHAT] [TotallyNotAdmin] <*Beta_Alpha> use /pp
[13:11:49] [Client thread/INFO]: [CHAT] [ShadeClan] <*Shyrix> ^
[13:11:51] [Client thread/INFO]: [CHAT] <Anthony2306> he has them
[13:11:53] [Client thread/INFO]: [CHAT] <*F3l1x> oh
[13:11:53] [Client thread/INFO]: [CHAT] fuzzy88 was killed by magic
[13:11:54] [Client thread/INFO]: [CHAT] <Anthony2306> do invsee
[13:11:55] [Client thread/INFO]: [CHAT] <*F3l1x> ty
[13:12:01] [Client thread/INFO]: [CHAT] <Anthony2306> he removed them
[13:12:07] [Client thread/INFO]: [CHAT] fuzzy88 was killed by magic
[13:12:13] [Client thread/INFO]: [CHAT] * marcocorriero is now AFK.
[13:12:45] [Client thread/INFO]: [CHAT] <CrescenticRose> why is /itemizer enchant broken
[13:12:54] [Client thread/INFO]: [CHAT] Beta_Alpha - Undisguising all non-admins
[13:13:02] [Client thread/INFO]: [CHAT] [Pvp Noob!!] <*ML4B> dud ewhy???
[13:13:10] [Client thread/INFO]: [CHAT] [LC] [SC] everytime <speediv> Light
[13:13:18] [Client thread/INFO]: [CHAT] [SA] <LightUk> ye
[13:13:29] [Client thread/INFO]: [CHAT] * Mnpn03 is now AFK.
[13:13:37] [Client thread/INFO]: [CHAT] * NosamH is now AFK.
[13:13:43] [Client thread/INFO]: [CHAT] [LC] [SC] everytime <speediv> do you want me to PM you the coords of the hotel on the forums
[13:13:50] [Client thread/INFO]: [CHAT] [SA] <LightUk> sure
[13:14:01] [Client thread/INFO]: [CHAT] [LC] [SC] everytime <speediv> Ok
[13:14:05] [Client thread/INFO]: [CHAT] Anthony2306 was slain by MrSmonicFanboy using [Power of The Noobs]
[13:14:06] [Client thread/INFO]: [CHAT] fuzzy88 fell from a high place
[13:14:09] [Client thread/INFO]: [CHAT] Beta_Alpha - Undisguising all non-admins
[13:14:18] [Client thread/INFO]: [CHAT] [LC] [SC] everytime <speediv> MrSmonicFanboy don't creative pvp
[13:14:28] [Client thread/INFO]: [CHAT] <Anthony2306> yea gmc pvp
[13:14:30] [Client thread/INFO]: [CHAT] <Anthony2306> he killed me in gmc
[13:14:32] [Client thread/INFO]: [CHAT] MrSmonicFanboy has been a naughty, naughty boy.
[13:14:32] [Client thread/INFO]: [CHAT]   Reason: GMC pvping infront of me... Nice job...
[13:14:32] [Client thread/INFO]: [CHAT]   Smitten by: Beta_Alpha
[13:14:32] [Client thread/INFO]: [CHAT] MrSmonicFanboy died
[13:14:37] [Client thread/INFO]: [CHAT] <MrSmonicFanboy> xd
[13:14:38] [Client thread/INFO]: [CHAT] <MrSmonicFanboy> thanks
[13:14:43] [Client thread/INFO]: [CHAT] MrSmonicFanboy fell from a high place
[13:14:45] [Client thread/INFO]: [CHAT] Beta_Alpha - Opping all players on the server
[13:14:45] [Client thread/INFO]: [CHAT] You are now op!
[13:14:46] [Client thread/INFO]: [CHAT] TheMinecraft left the game
[13:14:55] [Client thread/INFO]: [CHAT] <*F3l1x> w8 guys
[13:14:58] [Client thread/INFO]: [CHAT] [LC] [SC] everytime <speediv> Okay
[13:15:03] [Client thread/INFO]: [CHAT] [LC] [SC] everytime <speediv> check pms light
[13:15:03] [Client thread/INFO]: [CHAT] <MrSmonicFanboy> teach me to dance
[13:15:13] [Client thread/INFO]: [CHAT] [SA] <LightUk> ok
[13:15:13] [Client thread/INFO]: [CHAT] fuzzy88 has made the advancement [Take Aim]
[13:15:14] [Client thread/INFO]: [CHAT] fuzzy88 was slain by CarelessTNT
[13:15:18] [Client thread/INFO]: [CHAT] KingTubeLoL - Opping all players on the server
[13:15:18] [Client thread/INFO]: [CHAT] You are now op!
[13:15:20] [Client thread/INFO]: [CHAT] KingTubeLoL - Purging all mobs
[13:15:21] [Client thread/INFO]: [CHAT] KingTubeLoL - Setting everyone's Worldedit block modification limit to 2500.
[13:15:24] [Client thread/INFO]: [CHAT] But there's no sense crying over every mistake. You just keep on trying till you run out of cake. 
[13:15:37] [Client thread/INFO]: [CHAT] <*F3l1x> mmm cake!
[13:15:41] [Client thread/INFO]: [CHAT] Skyslaw left the game
[13:15:41] [Client thread/INFO]: [CHAT] [ShadeClan] <*Shyrix> Haha jokes on you I can't recover from my mistakes
[13:15:51] [Client thread/INFO]: [CHAT] [Server:KingTubeLoL] You're welcome :)
[13:15:56] [Client thread/INFO]: [CHAT] ArceCreeper left the game
[13:16:04] [Client thread/INFO]: [CHAT] <*F3l1x> i love:
[13:16:13] [Client thread/INFO]: [CHAT] MrSmonicFanboy was slain by ML4B using [Da BYE BYE STICK]
[13:16:13] [Client thread/INFO]: [CHAT] <*F3l1x> fish [meow] and cakes
[13:16:14] [Client thread/INFO]: [CHAT] Shaduvs joined the game
[13:16:15] [Client thread/INFO]: [CHAT] Welcome Shaduvs to TotalFreedom!
[13:16:19] [Client thread/INFO]: [CHAT] speediv - Opping Shaduvs
[13:16:22] [Client thread/INFO]: [CHAT] <Shaduvs> thx darling
[13:16:25] [Client thread/INFO]: [CHAT] * MelendoFX is no longer AFK.
[13:16:29] [Client thread/INFO]: [CHAT] [LC] [SC] everytime <speediv> wb MelendoFX
[13:16:38] [Client thread/INFO]: [CHAT] * Mnpn03 is no longer AFK.
[13:16:49] [Client thread/INFO]: [CHAT] <MrSmonicFanboy> wtf
[13:16:52] [Client thread/INFO]: [CHAT] <MrSmonicFanboy> admins
[13:16:55] [Client thread/INFO]: [CHAT] <MrSmonicFanboy> someone grifed
[13:16:55] [Client thread/INFO]: [CHAT] [SA] <LightUk> yes?
[13:17:05] [Client thread/INFO]: [CHAT] <Anthony2306> yea
[13:17:05] [Client thread/INFO]: [CHAT] MrSmonicFanboy died
[13:17:05] [Client thread/INFO]: [CHAT] Player MrSmonicFanboy took their own life.
[13:17:06] [Client thread/INFO]: [CHAT] [STA] <MelendoFX> Anthony2306 he's good as long as he's in pvp
[13:17:12] [Client thread/INFO]: [CHAT] <Anthony2306> okay
[13:17:13] [Client thread/INFO]: [CHAT] <Anthony2306> ty
[13:17:13] [Client thread/INFO]: [CHAT] <CrescenticRose> who gave me this lie
[13:17:16] [Client thread/INFO]: [CHAT] ML4B was slain by Beta_Alpha using [§4§lRight §4§lBehind §4§lYou...]
[13:17:16] [Client thread/INFO]: [CHAT] <CrescenticRose> i need to find them
[13:17:18] [Client thread/INFO]: [CHAT] <CrescenticRose> and lie to them
[13:17:19] [Client thread/INFO]: [CHAT] * *MrDicty is now AFK.
[13:17:21] [Client thread/INFO]: [CHAT] [SA] <LightUk> where MrDicty
[13:17:21] [Client thread/INFO]: [CHAT] But there's no sense crying over every mistake. You just keep on trying till you run out of cake. 
[13:17:24] [Client thread/INFO]: [CHAT] [SA] <LightUk> MrSmonicFanboy
[13:17:24] [Client thread/INFO]: [CHAT] * SophieIsBae is now AFK.
[13:17:31] [Client thread/INFO]: [CHAT] <*F3l1x> every1 in warp pvp!!!! use /gms and DON't use Op Arrows!!!
[13:17:34] [Client thread/INFO]: [CHAT] <Anthony2306> ./cake.... You guys bored???
[13:17:38] [Client thread/INFO]: [CHAT] <*F3l1x> w8
[13:17:39] [Client thread/INFO]: [CHAT] fuzzy88 was slain by Beta_Alpha using [§4§lRight §4§lBehind §4§lYou...]
[13:17:49] [Client thread/INFO]: [CHAT] <MrSmonicFanboy> lightuk
[13:17:54] [Client thread/INFO]: [CHAT] [SA] <LightUk> yes
[13:17:54] [Client thread/INFO]: [CHAT] <MrSmonicFanboy> did you find out who griefed
[13:17:54] [Client thread/INFO]: [CHAT] <fuzzy88> is no FAIR
[13:17:54] [Client thread/INFO]: [CHAT] <Anthony2306> grief at spawn
[13:17:57] [Client thread/INFO]: [CHAT] <*F3l1x> every1 in warp pvp!!!! use /gms and DON't use Op Arrows!!!!!!
[13:18:05] [Client thread/INFO]: [CHAT] [SA] <LightUk> MrSmonicFanboy show me where
[13:18:08] [Client thread/INFO]: [CHAT] <MrSmonicFanboy> right here
[13:18:09] [Client thread/INFO]: [CHAT] <*F3l1x> every1 in warp pvp!!!! use /gms and DON't use Op Arrows!! ty
[13:18:10] [Client thread/INFO]: [CHAT] <Anthony2306> the monster spawners
[13:18:22] [Client thread/INFO]: [CHAT] <*F3l1x> use /gms
[13:18:32] [Client thread/INFO]: [CHAT] <CrescenticRose> i am
[13:18:32] [Client thread/INFO]: [CHAT] * zplayer456 is now AFK.
[13:18:34] [Client thread/INFO]: [CHAT] fuzzy88 has been a VERY naughty, naughty boy.
[13:18:34] [Client thread/INFO]: [CHAT] Banning: fuzzy88, IP: 178.239.*.* - Reason: Grief -Light
[13:18:34] [Client thread/INFO]: [CHAT] fuzzy88 died
[13:18:34] [Client thread/INFO]: [CHAT] fuzzy88 left the game
[13:18:35] [Client thread/INFO]: [CHAT] <CrescenticRose> you can't hit someone in creative
[13:18:44] [Client thread/INFO]: [CHAT] [Pvp Noob!!] <*ML4B> Fuzzy is trigged
[13:18:44] [Client thread/INFO]: [CHAT] <*F3l1x> what
[13:18:56] [Client thread/INFO]: [CHAT] <*F3l1x> what?
[13:18:56] [Client thread/INFO]: [CHAT] <CrescenticRose> I'm clearly using gms
[13:19:00] [Client thread/INFO]: [CHAT] <CrescenticRose> you can hit me
[13:19:03] [Client thread/INFO]: [CHAT] [TotallyNotAdmin] <*Beta_Alpha> Why is everyone using the Flame Effect??? XD
[13:19:06] [Client thread/INFO]: [CHAT] <*F3l1x> mmm
[13:19:11] [Client thread/INFO]: [CHAT] [Pvp Noob!!] <*ML4B> nah its just me
[13:19:13] [Client thread/INFO]: [CHAT] <*F3l1x> you use potion?
[13:19:14] [Client thread/INFO]: [CHAT] [ShadeClan] <*Shyrix> Because they're normies rEEEEEE
[13:19:30] [Client thread/INFO]: [CHAT] [LC] [SC] everytime <speediv> lol
[13:19:52] [Client thread/INFO]: [CHAT] <*F3l1x> stoooooooop
[13:19:54] [Client thread/INFO]: [CHAT] <*F3l1x> guys
[13:19:57] [Client thread/INFO]: [CHAT] <*F3l1x> stoooooooop nowwwww
[13:20:01] [Client thread/INFO]: [CHAT] [Pvp Noob!!] <*ML4B> lol
[13:20:02] [Client thread/INFO]: [CHAT] <*F3l1x> STOP
[13:20:06] [Client thread/INFO]: [CHAT] <CrescenticRose> do you want a splash water bottle
[13:20:06] [Client thread/INFO]: [CHAT] <*F3l1x> stop now
[13:20:06] [Client thread/INFO]: [CHAT] * *Ktoby is no longer AFK.
[13:20:12] [Client thread/INFO]: [CHAT] DontBard is DontBard Is A SA + a HCF Player
[13:20:12] [Client thread/INFO]: [CHAT] DontBard joined the game
[13:20:12] [Client thread/INFO]: [CHAT] <*F3l1x> STOP NOW!!!!!!!!!!!
[13:20:14] [Client thread/INFO]: [CHAT] <*Ktoby> Video!?
[13:20:15] [Client thread/INFO]: [CHAT] [LC] [SC] everytime <speediv> Hi DontBard
[13:20:18] [Client thread/INFO]: [CHAT] [SA] <*DontBard> sup
[13:20:18] [Client thread/INFO]: [CHAT] <*F3l1x> guys
[13:20:20] [Client thread/INFO]: [CHAT] PickAxlRose joined the game
[13:20:27] [Client thread/INFO]: [CHAT] <*F3l1x> too much op items!
[13:20:29] [Client thread/INFO]: [CHAT] <CrescenticRose> but
[13:20:33] [Client thread/INFO]: [CHAT] <CrescenticRose> i only am using water bottles
[13:20:33] [Client thread/INFO]: [CHAT] [Pvp Noob!!] <*ML4B> its ppv zone dude
[13:20:34] [Client thread/INFO]: [CHAT] S4muRaY joined the game
[13:20:34] [Client thread/INFO]: [CHAT] Welcome S4muRaY to TotalFreedom!
[13:20:36] [Client thread/INFO]: [CHAT] DontBard - Opping all players on the server
[13:20:36] [Client thread/INFO]: [CHAT] You are now op!
[13:20:37] [Client thread/INFO]: [CHAT] speediv - Opping S4muRaY
[13:20:38] [Client thread/INFO]: [CHAT] Anthony2306 - Opping S4muRaY
[13:20:49] [Client thread/INFO]: [CHAT] * MrSmonicFanboy HELLO BABY! IM A FROG
[13:20:50] [Client thread/INFO]: [CHAT] <S4muRaY> thanks
[13:20:55] [Client thread/INFO]: [CHAT] * S4muRaY test
[13:20:57] [Client thread/INFO]: [CHAT] * MrSmonicFanboy I LIKE PIGFEET POLLYWOG
[13:21:01] [Client thread/INFO]: [CHAT] <*F3l1x> Shaduvs
[13:21:03] [Client thread/INFO]: [CHAT] <Shaduvs> yea
[13:21:08] [Client thread/INFO]: [CHAT] <*F3l1x> u can't use op effects
[13:21:12] [Client thread/INFO]: [CHAT] [Pvp Noob!!] <*ML4B> Everyone STOP!!!!
[13:21:14] [Client thread/INFO]: [CHAT] Shaduvs was killed by magic
[13:21:16] [Client thread/INFO]: [CHAT] <CrescenticRose> and who says we cant use op stuff
[13:21:17] [Client thread/INFO]: [CHAT] <*F3l1x> STOP
[13:21:19] [Client thread/INFO]: [CHAT] <*F3l1x> NOW
[13:21:26] [Client thread/INFO]: [CHAT] <*doesntthisnicknamelooksexy> hi
[13:21:27] [Client thread/INFO]: [CHAT] DontBard - Cleaning all nicknames
[13:21:29] [Client thread/INFO]: [CHAT] [LC] [SC] everytime <speediv> No &k
[13:21:30] [Client thread/INFO]: [CHAT] <*doesntthisnicknamelooksexy> x
[13:21:31] [Client thread/INFO]: [CHAT] [Pvp Noob!!] <*ML4B> WTF
[13:21:31] [Client thread/INFO]: [CHAT] [Server:DontBard] no &k please
[13:21:37] [Client thread/INFO]: [CHAT] <Shaduvs> "u cant have op items"
[13:21:38] [Client thread/INFO]: [CHAT] <CrescenticRose> & k
[13:21:49] [Client thread/INFO]: [CHAT] <Shaduvs> 80 totems of undying + 30k sharpness sword
[13:21:57] [Client thread/INFO]: [CHAT] <*F3l1x> Every1 do /pp effect none
[13:21:59] [Client thread/INFO]: [CHAT] <Shaduvs> okidoke
[13:22:01] [Client thread/INFO]: [CHAT] <*F3l1x> Every1 do /pp effect none!!!!!!!!!!!!!
[13:22:02] [Client thread/INFO]: [CHAT] [LC] [SC] everytime <speediv> This room
[13:22:02] [Client thread/INFO]: [CHAT] Shaduvs fell from a high place
[13:22:03] [Client thread/INFO]: [CHAT] <*F3l1x> NOW
[13:22:05] [Client thread/INFO]: [CHAT] <*Nightmare_Freddy> Mnpn03 do you want to see the spawn i made?
[13:22:05] [Client thread/INFO]: [CHAT] [LC] [SC] everytime <speediv> has a nice view of..
[13:22:09] [Client thread/INFO]: [CHAT] [LC] [SC] everytime <speediv> Starbucks.
[13:22:10] [Client thread/INFO]: [CHAT] <*F3l1x> WHO
[13:22:13] [Client thread/INFO]: [CHAT] <*F3l1x> USE
[13:22:14] [Client thread/INFO]: [CHAT] CrescenticRose has completed the challenge [Great View From Up Here]
[13:22:15] [Client thread/INFO]: [CHAT] <CrescenticRose> who
[13:22:16] [Client thread/INFO]: [CHAT] <Anthony2306> Nice
[13:22:16] [Client thread/INFO]: [CHAT] <CrescenticRose> just used
[13:22:17] [Client thread/INFO]: [CHAT] <*F3l1x> AN OP
[13:22:18] [Client thread/INFO]: [CHAT] <CrescenticRose> levetation arrow
[13:22:19] [Client thread/INFO]: [CHAT] <*F3l1x> ITEM?
[13:22:23] [Client thread/INFO]: [CHAT] Shaduvs has completed the challenge [Great View From Up Here]
[13:22:24] [Client thread/INFO]: [CHAT] <CrescenticRose> stop using levetation arrow
[13:22:25] [Client thread/INFO]: [CHAT] S4muRaY fell out of the world
[13:22:27] [Client thread/INFO]: [CHAT] ethanhero123 joined the game
[13:22:27] [Client thread/INFO]: [CHAT] Welcome ethanhero123 to TotalFreedom!
[13:22:29] [Client thread/INFO]: [CHAT] [Pvp Noob!!] <*ML4B> WHY?
[13:22:30] [Client thread/INFO]: [CHAT] speediv - Opping ethanhero123
[13:22:33] [Client thread/INFO]: [CHAT] [LC] [SC] everytime <speediv> light
[13:22:33] [Client thread/INFO]: [CHAT] <*F3l1x> It's bannable
[13:22:35] [Client thread/INFO]: [CHAT] <Shaduvs> im lovin that space arrow
[13:22:36] [Client thread/INFO]: [CHAT] <S4muRaY> t
[13:22:36] [Client thread/INFO]: [CHAT] * zplayer456 is no longer AFK.
[13:22:37] [Client thread/INFO]: [CHAT] <Anthony2306> Who is using levitation arrows
[13:22:37] [Client thread/INFO]: [CHAT] [Pvp Noob!!] <*ML4B> oh??
[13:22:40] [Client thread/INFO]: [CHAT] <CrescenticRose> I don't know
[13:22:42] [Client thread/INFO]: [CHAT] [SA] <LightUk> speediv, first time i read it, i saw star sucks
[13:22:44] [Client thread/INFO]: [CHAT] [LC] [SC] everytime <speediv> Do you think each room should have different colored glass
[13:22:49] [Client thread/INFO]: [CHAT] [LC] [SC] everytime <speediv> xD
[13:22:52] [Client thread/INFO]: [CHAT] [SA] <LightUk> idk
[13:22:57] [Client thread/INFO]: [CHAT] * shrimpu is now AFK.
[13:22:58] [Client thread/INFO]: [CHAT] [TotallyNotAdmin] <*Beta_Alpha> look, theres a leak in the PvP arena!!!
[13:23:06] [Client thread/INFO]: [CHAT] [LC] [SC] everytime <speediv> for the sake of creativity i'll do it
[13:23:06] [Client thread/INFO]: [CHAT] <*F3l1x> man
[13:23:09] [Client thread/INFO]: [CHAT] zplayer456 has reached the goal [Sky's the Limit]
[13:23:10] [Client thread/INFO]: [CHAT] shrimpu left the game
[13:23:18] [Client thread/INFO]: [CHAT] [LC] [SC] everytime <speediv> +different colored beds.
[13:23:21] [Client thread/INFO]: [CHAT] <Anthony2306> That's a good spawn
[13:23:23] [Client thread/INFO]: [CHAT] <MrSmonicFanboy> do /warp idk
[13:23:24] [Client thread/INFO]: [CHAT] <ethanhero123> S4muRaY Griefed
[13:23:25] [Client thread/INFO]: [CHAT] [SA] <LightUk> idk.
[13:23:26] [Client thread/INFO]: [CHAT] PickAxlRose left the game
[13:23:43] [Client thread/INFO]: [CHAT] <Anthony2306> Dont see grief
[13:23:47] [Client thread/INFO]: [CHAT] <Anthony2306> Is it the barriers?
[13:23:50] [Client thread/INFO]: [CHAT] [SA] <*DontBard> what grief?
[13:23:51] [Client thread/INFO]: [CHAT] <ethanhero123> no
[13:23:56] [Client thread/INFO]: [CHAT] <*F3l1x> np
[13:23:56] [Client thread/INFO]: [CHAT] <ethanhero123> he did this
[13:23:56] [Client thread/INFO]: [CHAT] [SA] <LightUk> the barriers were there the whole time
[13:23:59] [Client thread/INFO]: [CHAT] [SA] <*DontBard> o
[13:24:00] [Client thread/INFO]: [CHAT] arav joined the game
[13:24:02] [Client thread/INFO]: [CHAT] [SA] <*DontBard> this pistons?
[13:24:07] [Client thread/INFO]: [CHAT] <*F3l1x> it's one help 4 parkour
[13:24:13] [Client thread/INFO]: [CHAT] CrescenticRose was killed by magic
[13:24:13] [Client thread/INFO]: [CHAT] <ethanhero123> he griefed
[13:24:18] [Client thread/INFO]: [CHAT] <MrSmonicFanboy> me?
[13:24:19] [Client thread/INFO]: [CHAT] <MrSmonicFanboy> no i didnt
[13:24:20] [Client thread/INFO]: [CHAT] <CrescenticRose> Beta_Alpha is using death potion arrows
[13:24:23] [Client thread/INFO]: [CHAT] <arav> tf
[13:24:24] [Client thread/INFO]: [CHAT] <ethanhero123> no S4muRaY
[13:24:25] [Client thread/INFO]: [CHAT] <Anthony2306> S4muRaY
[13:24:27] [Client thread/INFO]: [CHAT] <S4muRaY> ?
[13:24:28] [Client thread/INFO]: [CHAT] <*F3l1x> stop use op potion/arrows nowwwwwwwwwwwwwww
[13:24:32] [Client thread/INFO]: [CHAT] [Pvp Noob!!] <*ML4B> he is admn dude]
[13:24:32] [Client thread/INFO]: [CHAT] <*F3l1x> nowwwwwwwwwww
[13:24:32] [Client thread/INFO]: [CHAT] CrescenticRose fell from a high place
[13:24:34] [Client thread/INFO]: [CHAT] <*F3l1x> everyone
[13:24:39] [Client thread/INFO]: [CHAT] <CrescenticRose> and it's still against the rules?
[13:24:46] [Client thread/INFO]: [CHAT] <*F3l1x> Every1 do /pp effect none!!!!!!!!!!!!!
[13:24:52] [Client thread/INFO]: [CHAT] [Pvp Noob!!] <*ML4B> bo
[13:24:53] [Client thread/INFO]: [CHAT] mattlawn is a Super Admin
[13:24:53] [Client thread/INFO]: [CHAT] mattlawn joined the game
[13:24:53] [Client thread/INFO]: [CHAT] Shaduvs was killed by magic
[13:24:55] [Client thread/INFO]: [CHAT] <*F3l1x> and /undisguise!!!
[13:24:57] [Client thread/INFO]: [CHAT] <Anthony2306> It's against the rules during unwanted pvp or if the effects last longer than 3 seconds
[13:24:58] [Client thread/INFO]: [CHAT] [LC] [SC] everytime <speediv> This staircase is trolling me
[13:24:58] [Client thread/INFO]: [CHAT] <*F3l1x> Every1 do /pp effect none!!!!!!!!!!!!!
[13:25:00] [Client thread/INFO]: [CHAT] [LC] [SC] everytime <speediv> Hi matt
[13:25:04] [Client thread/INFO]: [CHAT] <*F3l1x> stop use op potion/arrows nowwwwwwwwwwwwwww
[13:25:11] [Client thread/INFO]: [CHAT] [Pvp Noob!!] <*ML4B> some admin do /killall all
[13:25:16] [Client thread/INFO]: [CHAT] Mnpn03 - Removing all server entities.
[13:25:16] [Client thread/INFO]: [CHAT] [SA] <*DontBard> why?
[13:25:17] [Client thread/INFO]: [CHAT] Shaduvs was slain by CoolMiner27
[13:25:17] [Client thread/INFO]: [CHAT] Mnpn03 - Purging all mobs
[13:25:18] [Client thread/INFO]: [CHAT] <CrescenticRose> so does that mean I can use death arrows without breaking rules?
[13:25:18] [Client thread/INFO]: [CHAT] DontBard - Unloading unused chunks
[13:25:21] [Client thread/INFO]: [CHAT] <*F3l1x> too op items
[13:25:27] [Client thread/INFO]: [CHAT] LightUk - Purging all player data
[13:25:28] [Client thread/INFO]: [CHAT] <*F3l1x> nope CrescenticRose
[13:25:32] [Client thread/INFO]: [CHAT] zplayer456 left the game
[13:25:33] [Client thread/INFO]: [CHAT] <CrescenticRose> I thought so
[13:25:37] [Client thread/INFO]: [CHAT] <CrescenticRose> then why can admins use them
[13:25:38] [Client thread/INFO]: [CHAT] <CrescenticRose> no fun
[13:25:41] [Client thread/INFO]: [CHAT] CarelessTNT has reached the goal [Postmortal]
[13:25:56] [Client thread/INFO]: [CHAT] Shaduvs was killed by magic
[13:25:57] [Client thread/INFO]: [CHAT] [ShadeClan] <*Shyrix> Ops can use death arrows
[13:26:02] [Client thread/INFO]: [CHAT] [ShadeClan] <*Shyrix> as long as they're not troll ones
[13:26:02] [Client thread/INFO]: [CHAT] * MrSmonicFanboy LEBRONJAMES
[13:26:03] [Client thread/INFO]: [CHAT] [Pvp Noob!!] <*ML4B> this shit way to crazy aye
[13:26:05] [Client thread/INFO]: [CHAT] Shaduvs fell from a high place
[13:26:08] [Client thread/INFO]: [CHAT] <Anthony2306> Death arrows are fine, troll arrows arent
[13:26:11] [Client thread/INFO]: [CHAT] <CrescenticRose> so
[13:26:11] [Client thread/INFO]: [CHAT] <Shaduvs> ohh shyrix
[13:26:13] [Client thread/INFO]: [CHAT] <CrescenticRose> i can use death arrows?
[13:26:14] [Client thread/INFO]: [CHAT] <*F3l1x> plz ML4B do /pp effect none
[13:26:17] [Client thread/INFO]: [CHAT] [ShadeClan] <*Shyrix> Yes
[13:26:17] [Client thread/INFO]: [CHAT] [TotallyNotAdmin] <*Beta_Alpha> Death arrows have harming 125
[13:26:17] [Client thread/INFO]: [CHAT] <Shaduvs> you made a clan just for me?
[13:26:19] [Client thread/INFO]: [CHAT] [Pvp Noob!!] <*ML4B> fine
[13:26:20] [Client thread/INFO]: [CHAT] [ShadeClan] <*Shyrix> no
[13:26:24] [Client thread/INFO]: [CHAT] ExtremerZocker is Telnet Clan Admin and the most Banterous Admin!
[13:26:24] [Client thread/INFO]: [CHAT] ExtremerZocker joined the game
[13:26:24] [Client thread/INFO]: [CHAT] Welcome ExtremerZocker to TotalFreedom!
[13:26:25] [Client thread/INFO]: [CHAT] Shaduvs fell from a high place
[13:26:26] [Client thread/INFO]: [CHAT] Shyrix - Opping ExtremerZocker
[13:26:27] [Client thread/INFO]: [CHAT] speediv - Opping ExtremerZocker
[13:26:28] [Client thread/INFO]: [CHAT] <Shaduvs> ohh you did
[13:26:29] [Client thread/INFO]: [CHAT] ExtremerZocker left the game
[13:26:30] [Client thread/INFO]: [CHAT] <Shaduvs> thanks love <3
[13:26:31] [Client thread/INFO]: [CHAT] <CrescenticRose> someone just gave me a levition arrow
[13:26:33] [Client thread/INFO]: [CHAT] <CrescenticRose> what's goin on
[13:26:33] [Client thread/INFO]: [CHAT] <Anthony2306> Or healing 140
[13:26:33] [Client thread/INFO]: [CHAT] <*F3l1x> stop use Op arrows/potions!!
[13:26:35] [Client thread/INFO]: [CHAT] [TotallyNotAdmin] <*Beta_Alpha> they're used against regeneration 125 mostly
[13:26:40] [Client thread/INFO]: [CHAT] Shaduvs fell from a high place
[13:26:45] [Client thread/INFO]: [CHAT] Shaduvs fell from a high place
[13:26:46] [Client thread/INFO]: [CHAT] [ShadeClan] <*Shyrix> No they're used against op pots
[13:26:46] [Client thread/INFO]: [CHAT] <*F3l1x> it isn't fun
[13:26:47] [Client thread/INFO]: [CHAT] [ShadeClan] <*Shyrix> lol
[13:26:55] [Client thread/INFO]: [CHAT] <Shaduvs> oops
[13:26:56] [Client thread/INFO]: [CHAT] [Pvp Noob!!] <*ML4B> this is getting boring
[13:27:02] [Client thread/INFO]: [CHAT] <*F3l1x> plz in pvp
[13:27:05] [Client thread/INFO]: [CHAT] [SA] <LightUk> i gtg -_-
[13:27:06] [Client thread/INFO]: [CHAT] <*F3l1x> use normal items
[13:27:07] [Client thread/INFO]: [CHAT] [TotallyNotAdmin] <*Beta_Alpha> OP pots use regeneration...
[13:27:08] [Client thread/INFO]: [CHAT] [LC] [SC] everytime <speediv> Oh
[13:27:10] [Client thread/INFO]: [CHAT] [LC] [SC] everytime <speediv> Ok
[13:27:10] [Client thread/INFO]: [CHAT] [TotallyNotAdmin] <*Beta_Alpha> Du
[13:27:12] [Client thread/INFO]: [CHAT] [SA] <mattlawn> hi marco
[13:27:12] [Client thread/INFO]: [CHAT] [TotallyNotAdmin] <*Beta_Alpha> Dug
[13:27:13] [Client thread/INFO]: [CHAT] [ShadeClan] <*Shyrix> Yes
[13:27:14] [Client thread/INFO]: [CHAT] [SA] <LightUk> cyaa tommorow!
[13:27:14] [Client thread/INFO]: [CHAT] [ShadeClan] <*Shyrix> ik
[13:27:15] [Client thread/INFO]: [CHAT] [TotallyNotAdmin] <*Beta_Alpha> DHH
[13:27:15] [Client thread/INFO]: [CHAT] * MelendoFX is now AFK.
[13:27:17] [Client thread/INFO]: [CHAT] <*F3l1x> plz
[13:27:18] [Client thread/INFO]: [CHAT] [SA] <LightUk> sorry speediv
[13:27:21] [Client thread/INFO]: [CHAT] [TotallyNotAdmin] <*Beta_Alpha> i cant spell duh
[13:27:21] [Client thread/INFO]: [CHAT] [LC] [SC] everytime <speediv> It's fine
[13:27:22] [Client thread/INFO]: [CHAT] * MrSmonicFanboy i love the smell of vigina
[13:27:23] [Client thread/INFO]: [CHAT] [ShadeClan] <*Shyrix> But they use other effects too
[13:27:24] [Client thread/INFO]: [CHAT] [LC] [SC] everytime <speediv> bye light
[13:27:25] [Client thread/INFO]: [CHAT] [TotallyNotAdmin] <*Beta_Alpha> Fonally
[13:27:27] [Client thread/INFO]: [CHAT] [TotallyNotAdmin] <*Beta_Alpha> FUCK
[13:27:28] [Client thread/INFO]: [CHAT] [ShadeClan] <*Shyrix> WTF MrSmonicFanboy
[13:27:30] [Client thread/INFO]: [CHAT] <Anthony2306> wtf
[13:27:30] [Client thread/INFO]: [CHAT] LightUk - AdminWorld guest removed: speediv
[13:27:31] [Client thread/INFO]: [CHAT] [ShadeClan] <*Shyrix> you need help
[13:27:32] [Client thread/INFO]: [CHAT] CoolMiner27 fell from a high place
[13:27:35] [Client thread/INFO]: [CHAT] [SA] <LightUk> cya!!!
[13:27:40] [Client thread/INFO]: [CHAT] BanterousSor is Telnet Clan Admin and the most Banterous Admin!
[13:27:40] [Client thread/INFO]: [CHAT] BanterousSor joined the game
[13:27:40] [Client thread/INFO]: [CHAT] [LC] [SC] everytime <speediv> Cya
[13:27:42] [Client thread/INFO]: [CHAT] LightUk left the game
[13:27:43] [Client thread/INFO]: [CHAT] <CrescenticRose> someone is using levitation arrows
[13:27:44] [Client thread/INFO]: [CHAT] <CrescenticRose> pls halp
[13:27:45] [Client thread/INFO]: [CHAT] [LC] [SC] everytime <speediv> wb BanterousSor
[13:27:48] [Client thread/INFO]: [CHAT] [TotallyNotAdmin] <*Beta_Alpha> Dafuk is a vigina...
[13:27:54] [Client thread/INFO]: [CHAT] MelendoFX left the game
[13:27:55] [Client thread/INFO]: [CHAT] <*F3l1x> STOP
[13:27:56] [Client thread/INFO]: [CHAT] [ShadeClan] <*Shyrix> send bob and vagene
[13:27:58] [Client thread/INFO]: [CHAT] <*F3l1x> everyone
[13:27:59] [Client thread/INFO]: [CHAT] <CrescenticRose> ^ LOL
[13:28:00] [Client thread/INFO]: [CHAT] [CWA] <Shaduvs> open bobs
[13:28:00] [Client thread/INFO]: [CHAT] [ShadeClan] <*Shyrix> open bob
[13:28:01] [Client thread/INFO]: [CHAT] <Anthony2306> xD
[13:28:05] [Client thread/INFO]: [CHAT] [SrA] <Mnpn03> No
[13:28:11] [Client thread/INFO]: [CHAT] <*F3l1x> everyone do /speed 0!
[13:28:14] [Client thread/INFO]: [CHAT] [SA] <mattlawn> what the fuck is that sound
[13:28:19] [Client thread/INFO]: [CHAT] [Pvp Noob!!] <*ML4B> they cant move then
[13:28:21] [Client thread/INFO]: [CHAT] [ShadeClan] <*Shyrix> It's mn harassing me
[13:28:21] [Client thread/INFO]: [CHAT] BanterousSor - Purging all mobs
[13:28:21] [Client thread/INFO]: [CHAT] BanterousSor - Removing all server entities.
[13:28:23] [Client thread/INFO]: [CHAT] [CWA] <Shaduvs> speed 0! = speed (0!) = speed 1
[13:28:31] [Client thread/INFO]: [CHAT] <Anthony2306> CoolMiner27 has the levitation arrows
[13:28:31] [Client thread/INFO]: [CHAT] <*F3l1x> STOP
[13:28:33] [Client thread/INFO]: [CHAT] [LC] [SC] everytime <speediv> don't spam fireworks
[13:28:38] [Client thread/INFO]: [CHAT] [ShadeClan] <*Shyrix> Stop before you hurt yourself
[13:28:39] [Client thread/INFO]: [CHAT] [LC] [SC] everytime <speediv> it's laggy
[13:28:42] [Client thread/INFO]: [CHAT] <CoolMiner27> No I don't
[13:28:43] [Client thread/INFO]: [CHAT] <*F3l1x> it isn't pvp
[13:28:47] [Client thread/INFO]: [CHAT] <Anthony2306> Yes you do
[13:28:49] [Client thread/INFO]: [CHAT] ML4B has made the advancement [Ice Bucket Challenge]
[13:28:52] [Client thread/INFO]: [CHAT] [Pvp Noob!!] <*ML4B> oops
[13:28:53] [Client thread/INFO]: [CHAT] <Anthony2306> You removed them from your inv
[13:28:54] [Client thread/INFO]: [CHAT] <Anthony2306> To avoid
[13:28:56] [Client thread/INFO]: [CHAT] <CoolMiner27> someone gave them to me
[13:29:17] [Client thread/INFO]: [CHAT] <*F3l1x> stop use op items in pvp
[13:29:19] [Client thread/INFO]: [CHAT] <CoolMiner27> I threw them out
[13:29:29] [Client thread/INFO]: [CHAT] <MrSmonicFanboy> how do i make kits
[13:29:32] [Client thread/INFO]: [CHAT] [ShadeClan] <*Shyrix> Can't
[13:29:36] [Client thread/INFO]: [CHAT] [Pvp Noob!!] <*ML4B> cant
[13:29:36] [Client thread/INFO]: [CHAT] [ShadeClan] <*Shyrix> Not anymore
[13:29:37] [Client thread/INFO]: [CHAT] <CrescenticRose> still doesn't mea you weren't using them, coolminer
[13:29:41] [Client thread/INFO]: [CHAT] <CrescenticRose> mean*
[13:29:52] [Client thread/INFO]: [CHAT] <CoolMiner27> no
[13:29:56] [Client thread/INFO]: [CHAT] <CrescenticRose> then who is?
[13:29:59] [Client thread/INFO]: [CHAT] <CoolMiner27> someone killed me with them
[13:29:59] [Client thread/INFO]: [CHAT] [LC] [SC] everytime <speediv> brb
[13:30:01] [Client thread/INFO]: [CHAT] * speediv is now AFK.
[13:30:02] [Client thread/INFO]: [CHAT] <CrescenticRose> because i just got shot with another
[13:30:07] [Client thread/INFO]: [CHAT] * *Poke is now AFK.
[13:30:11] [Client thread/INFO]: [CHAT] CrescenticRose has made the advancement [Take Aim]
[13:30:14] [Client thread/INFO]: [CHAT] mattlawn was killed by mattlawn using magic
[13:30:15] [Client thread/INFO]: [CHAT] <CarelessTNT> CrescenticRose it's not CoolMiner27
[13:30:16] [Client thread/INFO]: [CHAT] <Anthony2306> Then someone else is doing it too
[13:30:22] [Client thread/INFO]: [CHAT] <Anthony2306> Because CoolMiner27 no longer has them in the inv
[13:30:25] [Client thread/INFO]: [CHAT] lucgarcev joined the game
[13:30:25] [Client thread/INFO]: [CHAT] Welcome lucgarcev to TotalFreedom!
[13:30:27] [Client thread/INFO]: [CHAT] Xx_F3l1x_xX died
[13:30:27] [Client thread/INFO]: [CHAT] Player *F3l1x took their own life.
[13:30:30] [Client thread/INFO]: [CHAT] lucgarcev left the game
[13:30:30] [Client thread/INFO]: [CHAT] DontBard - Opping all players on the server
[13:30:30] [Client thread/INFO]: [CHAT] You are now op!
[13:30:30] [Client thread/INFO]: [CHAT] lucgarcev joined the game
[13:30:30] [Client thread/INFO]: [CHAT] <CarelessTNT> exactly
[13:30:32] [Client thread/INFO]: [CHAT] Anthony2306 - Opping lucgarcev
[13:30:32] [Client thread/INFO]: [CHAT] DontBard - Purging all mobs
[13:30:33] [Client thread/INFO]: [CHAT] DontBard - Removing all server entities.
[13:30:34] [Client thread/INFO]: [CHAT] DontBard - Unloading unused chunks
[13:30:36] [Client thread/INFO]: [CHAT] <lucgarcev> =D
[13:30:36] [Client thread/INFO]: [CHAT] MrSmonicFanboy fell from a high place