[21:01:58] [Client thread/INFO]: Connecting to play.totalfreedom.me., 25565
[21:01:59] [Client thread/INFO]: [CHAT] [LibsDisguises] There is a update ready to be downloaded! You are using v9.3.0-SNAPSHOT, the new version is v9.4.0!
[21:01:59] [Client thread/INFO]: [CHAT] VideoGameSmash12 is a Probationary Senior Admin and Internet Explorer has encountered a problem and needs to close.
[21:01:59] [Client thread/INFO]: [CHAT] VideoGameSmash12 joined the game
[21:01:59] [Client thread/INFO]: [CHAT] Welcome to TotalFreedom, VideoGameSmash12!
[21:01:59] [Client thread/INFO]: [CHAT] The server's name does not imply that we have no rules. Please read them (/rules)
[21:01:59] [Client thread/INFO]: [CHAT] Type /help for a list of commands.
[21:01:59] [Client thread/INFO]: [CHAT] Type /list to see who else is online.
[21:01:59] [Client thread/INFO]: [CHAT] Players online: 16 - World time: 12:00 PM
[21:01:59] [Client thread/INFO]: [CHAT] You have no new mail.
[21:01:59] [Client thread/INFO]: [CHAT] <SkyTime13> oh ok
[21:02:00] [Client thread/INFO]: [CHAT] [STA] < saturnturn> do u want a smorch
[21:02:02] [Client thread/INFO]: [CHAT] [TeamWindows] < ninten> yes
[21:02:05] [Client thread/INFO]: [CHAT] [TeamWindows] < ninten> ouch
[21:02:06] [Client thread/INFO]: [CHAT] [STA] < saturnturn> there u go
[21:02:09] [Client thread/INFO]: [CHAT] *  Sacul99 pls smite me
[21:02:09] [Client thread/INFO]: [CHAT] < 32767TeamWitherLeader32767> is &k the only one not allowed in nicks
[21:02:10] [Client thread/INFO]: [CHAT] [STA] < saturnturn> violent smorch
[21:02:11] [Client thread/INFO]: [CHAT] [TeamWindows] < ninten> that was a ponch
[21:02:13] [Client thread/INFO]: [CHAT] [SA] <Admeda> JammyGamer2
[21:02:14] [Client thread/INFO]: [CHAT] [ADMIN] saturnturn [STA]: video
[21:02:16] [Client thread/INFO]: [CHAT] [SA] <Admeda> Disable ur speed
[21:02:17] [Client thread/INFO]: [CHAT] [ADMIN] saturnturn [STA]: shit nevermind
[21:02:19] [Client thread/INFO]: [CHAT] < Jammy> ok
[21:02:20] [Client thread/INFO]: [CHAT] [ADMIN] VideoGameSmash12 [SrA]: ?
[21:02:26] [Client thread/INFO]: [CHAT] [TeamWindows] < ninten> wait
[21:02:27] [Client thread/INFO]: [CHAT] [TeamWindows] < ninten> admeda
[21:02:28] [Client thread/INFO]: [CHAT] [TeamWindows] < ninten> we should do tennis
[21:02:29] [Client thread/INFO]: [CHAT] [ADMIN] AcetoneAlligator [SA]: yo
[21:02:30] [Client thread/INFO]: [CHAT] [TeamWindows] < ninten> that would be fun
[21:02:33] [Client thread/INFO]: [CHAT] [Soccer Manager] <Admeda> maybe later
[21:02:35] [Client thread/INFO]: [CHAT] [ADMIN] saturnturn [STA]: haha autumn is sa
[21:02:35] [Client thread/INFO]: [CHAT] [ADMIN] AcetoneAlligator [SA]: what the heck
[21:02:36] [Client thread/INFO]: [CHAT] <SkyTime13> jumppads
[21:02:38] [Client thread/INFO]: [CHAT] [Soccer Manager] <Admeda> SkyTime13 go
[21:02:40] [Client thread/INFO]: [CHAT] lolafsloa2006 joined the game
[21:02:42] [Client thread/INFO]: [CHAT] [Soccer Manager] <Admeda> soccerpeople compete
[21:02:43] [Client thread/INFO]: [CHAT] [ADMIN] VideoGameSmash12 [SrA]: lmao
[21:02:46] [Client thread/INFO]: [CHAT] [TeamWindows] < ninten> wait
[21:02:47] [Client thread/INFO]: [CHAT] Unknown command. Type "/help" for help.
[21:02:47] [Client thread/INFO]: [CHAT] [ADMIN] AcetoneAlligator [SA]: fuck you tabby ass bitch
[21:02:48] [Client thread/INFO]: [CHAT] [ADMIN] saturnturn [STA]: what a normie
[21:02:49] [Client thread/INFO]: [CHAT] [TeamWindows] < ninten> oh yea
[21:02:49] [Client thread/INFO]: [CHAT] [ADMIN] saturnturn [STA]: askjgjksdf
[21:02:49] [Client thread/INFO]: [CHAT] [SrA] <VideoGameSmash12> ????
[21:02:51] [Client thread/INFO]: [CHAT] * Admeda Windows 2-0 Markbyron /warp soccer
[21:02:54] [Client thread/INFO]: [CHAT] [SrA] <VideoGameSmash12> ?? ???? ?? ????
[21:02:58] [Client thread/INFO]: [CHAT] [STA] < saturnturn> oh god
[21:02:58] [Client thread/INFO]: [CHAT] [TeamWindows] < ninten> the mark team has one person
[21:02:59] [Client thread/INFO]: [CHAT] XGreenPlayz12 left the game
[21:03:00] [Client thread/INFO]: [CHAT] < 32767TeamWitherLeader32767> Admeda is &k the only one besides &0 not allowed in nicks
[21:03:00] [Client thread/INFO]: [CHAT] XGreenPlayz12 is a Telnet Admin
[21:03:00] [Client thread/INFO]: [CHAT] XGreenPlayz12 joined the game
[21:03:01] [Client thread/INFO]: [CHAT] [STA] < saturnturn> don't be one of those people
[21:03:01] [Client thread/INFO]: [CHAT] XGreenPlayz12 left the game
[21:03:05] [Client thread/INFO]: [CHAT] [ADMIN] HitzzAF [Console]: sam is texting me
[21:03:05] [Client thread/INFO]: [CHAT] [ Jammy -> me] HAX
[21:03:10] [Client thread/INFO]: [CHAT] [ADMIN] AcetoneAlligator [SA]: katie I will use your femur as a pimp cane god help you
[21:03:11] [Client thread/INFO]: [CHAT] [Soccer Manager] <Admeda> &o, &m, &n
[21:03:13] [Client thread/INFO]: [CHAT] [TeamWindows] < ninten> jammy
[21:03:14] [Client thread/INFO]: [CHAT] [TeamWindows] < ninten> quit
[21:03:14] [Client thread/INFO]: [CHAT] [me ->  Jammy] no shit
[21:03:15] [Client thread/INFO]: [CHAT] [ADMIN] saturnturn [STA]: dsajgskjfda
[21:03:16] [Client thread/INFO]: [CHAT] * Admeda Windows 3-0 Markbyron /warp soccer
[21:03:17] [Client thread/INFO]: [CHAT] [me ->  Jammy] by the way
[21:03:18] [Client thread/INFO]: [CHAT] [ Jammy -> me] XD
[21:03:18] [Client thread/INFO]: [CHAT] [ADMIN] saturnturn [STA]: pls dadi
[21:03:22] [Client thread/INFO]: [CHAT] <SkyTime13> underlines and whats &.o?
[21:03:27] [Client thread/INFO]: [CHAT] [Soccer Manager] <Admeda> people
[21:03:28] [Client thread/INFO]: [CHAT] [Soccer Manager] <Admeda> go
[21:03:30] [Client thread/INFO]: [CHAT] [me ->  Jammy] lmao i was soi
[21:03:35] [Client thread/INFO]: [CHAT] [ADMIN] Vctr_ [SA]: can someone make a question mark here?
[21:03:36] [Client thread/INFO]: [CHAT] [me ->  Jammy] roflcoptergosoi
[21:03:36] [Client thread/INFO]: [CHAT] [Soccer Manager] <Admeda> &o is italicks
[21:03:38] [Client thread/INFO]: [CHAT] [ Jammy -> me] was you LOL
[21:03:40] [Client thread/INFO]: [CHAT] <SkyTime13> oooooh
[21:03:41] [Client thread/INFO]: [CHAT] * Admeda Windows 4-0 Markbyron /warp soccer
[21:03:44] [Client thread/INFO]: [CHAT] [ Jammy -> me] sorry i Voided you
[21:03:44] [Client thread/INFO]: [CHAT] [Server:HitzzAF] italdicks
[21:03:45] [Client thread/INFO]: [CHAT] [me ->  Jammy] that was me on my phone
[21:03:48] [Client thread/INFO]: [CHAT] [Soccer Manager] <Admeda> sp33kr You have been trasfered to markbyron
[21:03:49] [Client thread/INFO]: [CHAT] [ADMIN] saturnturn [STA]: do what
[21:03:50] [Client thread/INFO]: [CHAT] [me ->  Jammy] hey, it's fine
[21:03:51] [Client thread/INFO]: [CHAT] [TeamWindows] < ninten> ah
[21:03:52] [Client thread/INFO]: [CHAT] [TeamWindows] < ninten> fine
[21:03:53] [Client thread/INFO]: [CHAT] [ADMIN] Vctr_ [SA]: tpppp
[21:03:54] [Client thread/INFO]: [CHAT] <SkyTime13> shit
[21:03:56] [Client thread/INFO]: [CHAT] [me ->  Jammy] i got a good laugh
[21:03:58] [Client thread/INFO]: [CHAT] Untuned is a Super Admin
[21:03:58] [Client thread/INFO]: [CHAT] Untuned joined the game
[21:03:58] [Client thread/INFO]: [CHAT] [ADMIN] Vctr_ [SA]: make a question mark?
[21:04:00] [Client thread/INFO]: [CHAT] [ADMIN] saturnturn [STA]: heck
[21:04:01] [Client thread/INFO]: [CHAT] [ Jammy -> me] yep :P
[21:04:05] [Client thread/INFO]: [CHAT] <SkyTime13> well so has i guess
[21:04:06] [Client thread/INFO]: [CHAT] [Soccer Manager] <Admeda> uhh
[21:04:07] [Client thread/INFO]: [CHAT] [Soccer Manager] <Admeda> ppl go
[21:04:16] [Client thread/INFO]: [CHAT] [TeamMarkByron] < ninten> sticc attack
[21:04:17] [Client thread/INFO]: [CHAT] [ Jammy -> me] i thought you was a normal guy being nasty to the other admin
[21:04:18] [Client thread/INFO]: [CHAT] * Admeda Windows 4-1 Markbyron /warp soccer
[21:04:22] [Client thread/INFO]: [CHAT] [TeamMarkByron] < ninten> i inverted my tag
[21:04:24] [Client thread/INFO]: [CHAT] [TeamMarkByron] < ninten> isn't it kewl
[21:04:25] [Client thread/INFO]: [CHAT] [ADMIN] HitzzAF [Console]: sam is watching netflix right now
[21:04:26] [Client thread/INFO]: [CHAT] <SkyTime13> yes
[21:04:28] [Client thread/INFO]: [CHAT] [me ->  Jammy] i tried to make it that way
[21:04:32] [Client thread/INFO]: [CHAT] [me ->  Jammy] using mobile data
[21:04:35] [Client thread/INFO]: [CHAT] [TeamMarkByron] < ninten> jammy
[21:04:36] [Client thread/INFO]: [CHAT] * Admeda Windows 4-2 Markbyron /warp soccer
[21:04:36] [Client thread/INFO]: [CHAT] Untuned - Setting personal login message
[21:04:37] [Client thread/INFO]: [CHAT] [TeamMarkByron] < ninten> friendly fire m8
[21:04:37] [Client thread/INFO]: [CHAT] lolafsloa2006 left the game
[21:04:38] [Client thread/INFO]: [CHAT] Untuned left the game
[21:04:39] [Client thread/INFO]: [CHAT] Untuned is a Super Admin and is married to saturnturn. <3
[21:04:39] [Client thread/INFO]: [CHAT] Untuned joined the game
[21:04:40] [Client thread/INFO]: [CHAT] [ADMIN] HitzzAF [Console]: sam is idnc
[21:04:40] [Client thread/INFO]: [CHAT] [ADMIN] Vctr_ [SA]: wiat no
[21:04:43] [Client thread/INFO]: [CHAT] [ADMIN] saturnturn [STA]: oh ok
[21:04:43] [Client thread/INFO]: [CHAT] < Jammy> that time wasnt me
[21:04:44] [Client thread/INFO]: [CHAT] [ADMIN] Vctr_ [SA]: i got it, saturnturn.
[21:04:47] [Client thread/INFO]: [CHAT] [ADMIN] saturnturn [STA]: gj
[21:04:51] [Client thread/INFO]: [CHAT] [ADMIN] Vctr_ [SA]: MASTERPIECE
[21:04:52] [Client thread/INFO]: [CHAT] [TeamMarkByron] < ninten> sky
[21:04:52] [Client thread/INFO]: [CHAT] [ADMIN] saturnturn [STA]: brb my fucking cat is screaming again
[21:04:53] [Client thread/INFO]: [CHAT] [ADMIN] HitzzAF [Console]: anyone wanna
[21:04:53] [Client thread/INFO]: [CHAT] * Admeda Windows 5-2 Markbyron /warp soccer
[21:04:55] [Client thread/INFO]: [CHAT] [TeamMarkByron] < ninten> you're going in the wrong goal
[21:04:55] [Client thread/INFO]: [CHAT] [Soccer Manager] <Admeda> Going to ten!
[21:04:57] [Client thread/INFO]: [CHAT] [ADMIN] HitzzAF [Console]: netflix and chilli
[21:04:59] [Client thread/INFO]: [CHAT] [ADMIN] HitzzAF [Console]: ;)
[21:05:00] [Client thread/INFO]: [CHAT] <SkyTime13> it's still be a 2v1
[21:05:03] [Client thread/INFO]: [CHAT] dan joined the game
[21:05:03] [Client thread/INFO]: [CHAT] [ADMIN] saturnturn [STA]: oh my go
[21:05:05] [Client thread/INFO]: [CHAT] [CONSOLE]<HitzzAF> im in telnet heaven
[21:05:07] [Client thread/INFO]: [CHAT] [ADMIN] saturnturn [STA]: i'm gonna punc hehr
[21:05:11] [Client thread/INFO]: [CHAT] [TeamMarkByron] < ninten> mooo
[21:05:11] [Client thread/INFO]: [CHAT] [ADMIN] Vctr_ [SA]: k
[21:05:14] [Client thread/INFO]: [CHAT] [CONSOLE]<HitzzAF> does anyone want like
[21:05:14] [Client thread/INFO]: [CHAT] * Admeda Windows 5-3 Markbyron /warp soccer
[21:05:14] [Client thread/INFO]: [CHAT] [TeamMarkByron] < ninten> says the ball
[21:05:17] [Client thread/INFO]: [CHAT] [CONSOLE]<HitzzAF> cookies
[21:05:18] [Client thread/INFO]: [CHAT] [ADMIN] Vctr_ [SA]: calling animal services
[21:05:19] [Client thread/INFO]: [CHAT] [TeamMarkByron] < ninten> mee
[21:05:21] [Client thread/INFO]: [CHAT] [ADMIN] Vctr_ [SA]: or whatever
[21:05:21] [Client thread/INFO]: [CHAT] [SA] <Untuned> me
[21:05:23] [Client thread/INFO]: [CHAT] [ADMIN] saturnturn [STA]: oh ok
[21:05:24] [Client thread/INFO]: [CHAT] [ADMIN] saturnturn [STA]: peta
[21:05:26] [Client thread/INFO]: [CHAT] [TeamMarkByron] < ninten> i asked first
[21:05:28] [Client thread/INFO]: [CHAT] * Admeda Windows 5-4 Markbyron /warp soccer