[10:21:32] [Client thread/INFO]: Connecting to play.totalfreedom.me., 25565
[10:21:33] [Client thread/INFO]: [CHAT] [LibsDisguises] There is a update ready to be downloaded! You are using v9.3.0-SNAPSHOT, the new version is v9.5.0!
[10:21:33] [Client thread/INFO]: [CHAT] VideoGameSmash12 joined the game
[10:21:33] [Client thread/INFO]: [CHAT] Welcome to TotalFreedom, VideoGameSmash12!
[10:21:33] [Client thread/INFO]: [CHAT] The server's name does not imply that we have no rules. Please read them (/rules)
[10:21:33] [Client thread/INFO]: [CHAT] Type /help for a list of commands.
[10:21:33] [Client thread/INFO]: [CHAT] Type /list to see who else is online.
[10:21:33] [Client thread/INFO]: [CHAT] Players online: 26 - World time: 12:00 PM
[10:21:33] [Client thread/INFO]: [CHAT] You have no new mail.
[10:21:33] [Client thread/INFO]: [CHAT] <Zenreon> i am
[10:21:34] [Client thread/INFO]: [CHAT] <Zenreon> keks dee
[10:21:35] [Client thread/INFO]: [CHAT] <FuntimeFoxy> ive never seen him before.
[10:21:38] [Client thread/INFO]: [CHAT] [Server:Tango_Mango] Verify in the SHOUTBOX 2 minutes
[10:21:40] [Client thread/INFO]: [CHAT] FuccTrump is an Impostor
[10:21:40] [Client thread/INFO]: [CHAT] Warning: FuccTrump has been flagged as an impostor and has been frozen!
[10:21:40] [Client thread/INFO]: [CHAT] FuccTrump joined the game
[10:21:41] [Client thread/INFO]: [CHAT] <ItzAtomikHD> Tango_Mango!
[10:21:41] [Client thread/INFO]: [CHAT] <ShRules> caues hes irrelevant
[10:21:43] [Client thread/INFO]: [CHAT] <Zenreon> i just did wtf
[10:21:43] [Client thread/INFO]: [CHAT] <ItzAtomikHD> TANGO
[10:21:44] [Client thread/INFO]: [CHAT] <VideoGameSmash12> excuse me?
[10:21:46] [Client thread/INFO]: [CHAT] <ItzAtomikHD> zenreon verified
[10:21:46] [Client thread/INFO]: [CHAT] [Server:Tango_Mango] Why is everyone a imposter
[10:21:47] [Client thread/INFO]: [CHAT] < GalaxyPikachuPL> tp to me!
[10:21:48] [Client thread/INFO]: [CHAT] <kawaii_patato> thank you
[10:21:51] [Client thread/INFO]: [CHAT] FuntimeFoxy left the game
[10:21:51] [Client thread/INFO]: [CHAT] <Zenreon> aaa
[10:21:52] [Client thread/INFO]: [CHAT] There are 26 out of a maximum 45 players online.
[10:21:52] [Client thread/INFO]: [CHAT] Connected players: [OP]TheRickPower978, [OP]1212233, [OP]jose_95, [OP]Pixel_Crafter321, [OP]smoker, [OP]loveblue500, [OP]NiceAlex, [OP]XXUltimate2007XX, [OP]FloettetheIdiot, [OP]Wattha, [OP]Reflet, [OP]Ktoby, [OP]kawaii_patato, [OP]darkbob22, [OP]AtomikBOT, [OP]oliver1009921, [OP]mine200634, [OP]ItzAtomikHD, [OP]GalaxyPikachuPL, [OP]brunoprobrnoobvv, [STA]Tango_Mango, [Imp]ShRules, [OP]Klonmaciek, [OP]Zenreon, [OP]VideoGameSmash12, [Imp]FuccTrump
[10:21:52] [Client thread/INFO]: [CHAT] CONSOLE - Readding FuccTrump to the admin list
[10:21:58] [Client thread/INFO]: [CHAT] <Zenreon> add
[10:21:58] [Client thread/INFO]: [CHAT] < GalaxyPikachuPL> well i never imposed
[10:22:00] [Client thread/INFO]: [CHAT] [Server:Tango_Mango] Zenreon, ShRules, VideoGameSmash12, Verify
[10:22:01] [Client thread/INFO]: [CHAT] <VideoGameSmash12> tango i'm no imposter
[10:22:04] [Client thread/INFO]: [CHAT] <Wattha> Zenreon already verified
[10:22:04] [Client thread/INFO]: [CHAT] <ItzAtomikHD> TANGO
[10:22:04] [Client thread/INFO]: [CHAT] <ShRules> im not going to verify for the second time ok
[10:22:06] [Client thread/INFO]: [CHAT] <mine200634> how to verify?
[10:22:07] [Client thread/INFO]: [CHAT] <Zenreon> afk
[10:22:07] [Client thread/INFO]: [CHAT] Klonmaciek left the game
[10:22:08] [Client thread/INFO]: [CHAT] <Zenreon> add me
[10:22:09] [Client thread/INFO]: [CHAT] <ItzAtomikHD> zenreon fucking verified
[10:22:13] [Client thread/INFO]: [CHAT] <Reflet> zenreon literally verified
[10:22:13] [Client thread/INFO]: [CHAT] <VideoGameSmash12> I'm not an admin anymore.
[10:22:15] [Client thread/INFO]: [CHAT] [Server:Tango_Mango] VERIFY OF I'M BANNING YOU I SWEAR TO GOD DON'T PUSH ME
[10:22:16] [Client thread/INFO]: [CHAT] _flippy is a Charter Admin
[10:22:16] [Client thread/INFO]: [CHAT] _flippy joined the game
[10:22:19] [Client thread/INFO]: [CHAT] <Reflet> tango you're ignorant
[10:22:20] [Client thread/INFO]: [CHAT] <Wattha> hi flippy
[10:22:23] [Client thread/INFO]: [CHAT] loveblue500 left the game
[10:22:24] [Client thread/INFO]: [CHAT] <Reflet> zenreon posted
[10:22:24] [Client thread/INFO]: [CHAT] [SrA] <_flippy> Hello
[10:22:26] [Client thread/INFO]: [CHAT] <mine200634> tango how to verify
[10:22:27] [Client thread/INFO]: [CHAT] [Helper] < TheRickPower978> hi _flippy
[10:22:29] [Client thread/INFO]: [CHAT] <ShRules> give me admin
[10:22:30] [Client thread/INFO]: [CHAT] <mine200634> idk how
[10:22:34] [Client thread/INFO]: [CHAT] <ShRules> i NEED admin
[10:22:36] [Client thread/INFO]: [CHAT] <VideoGameSmash12> verified
[10:22:40] [Client thread/INFO]: [CHAT] <ShRules> oliver1009921
[10:22:41] [Client thread/INFO]: [CHAT] <ShRules> you dont
[10:22:41] [Client thread/INFO]: [CHAT] <ShRules> lol
[10:22:42] [Client thread/INFO]: [CHAT] Tango_Mango - Readding VideoGameSmash12 to the admin list
[10:22:43] [Client thread/INFO]: [CHAT] < GalaxyPikachuPL> coool items!
[10:22:45] [Client thread/INFO]: [CHAT] <mine200634> Tango
[10:22:46] [Client thread/INFO]: [CHAT] <ShRules> tango why
[10:22:47] [Client thread/INFO]: [CHAT] <ShRules> hes not an admin
[10:22:47] [Client thread/INFO]: [CHAT] <VideoGameSmash12> Tango no!
[10:22:48] [Client thread/INFO]: [CHAT] <ItzAtomikHD> shRules and Zenreon are real
[10:22:48] [Client thread/INFO]: [CHAT] <ItzAtomikHD> omg
[10:22:50] [Client thread/INFO]: [CHAT] [ADMIN] VideoGameSmash12 [SrA]: Tango
[10:22:50] [Client thread/INFO]: [CHAT] [STA] < Tango_Mango> He verified
[10:22:52] [Client thread/INFO]: [CHAT] <ShRules> so
[10:22:54] [Client thread/INFO]: [CHAT] <Reflet> tango you're a moron.
[10:22:55] [Client thread/INFO]: [CHAT] [ADMIN] _flippy [SrA]: What are you doing
[10:22:55] [Client thread/INFO]: [CHAT] <ShRules> he doesnt have admin status
[10:22:56] [Client thread/INFO]: [CHAT] [Helper] < TheRickPower978> lag
[10:22:57] [Client thread/INFO]: [CHAT] <ItzAtomikHD> TANGO
[10:22:57] [Client thread/INFO]: [CHAT] [ADMIN] VideoGameSmash12 [SrA]: I'm currently suspended!
[10:22:58] [Client thread/INFO]: [CHAT] *  Vlad is now AFK.
[10:22:58] [Client thread/INFO]: [CHAT] <Reflet> video isn't an admin.
[10:22:58] [Client thread/INFO]: [CHAT] OxLemonxO is a Senior Admin and an AFK God!
[10:22:58] [Client thread/INFO]: [CHAT] OxLemonxO joined the game
[10:22:59] [Client thread/INFO]: [CHAT] [ADMIN] _flippy [SrA]: Oh my god
[10:23:00] [Client thread/INFO]: [CHAT] [REPORTS] Wattha has reported Pixel_Crafter321 for trolling me by disguising as a fishing rod which is baiting me
[10:23:01] [Client thread/INFO]: [CHAT] <Reflet> lemon
[10:23:01] [Client thread/INFO]: [CHAT] <oliver1009921> tango am i ok
[10:23:04] [Client thread/INFO]: [CHAT] <ItzAtomikHD> shrules and zenreon have fucking verified
[10:23:05] [Client thread/INFO]: [CHAT] [Helper] < TheRickPower978> hi OxAfkxO
[10:23:05] [Client thread/INFO]: [CHAT] <Reflet> tango just added video
[10:23:06] [Client thread/INFO]: [CHAT] [REPORTS] Wattha has reported Pixel_Crafter321 for and now constantly is in my screen
[10:23:06] [Client thread/INFO]: [CHAT] <ItzAtomikHD> READ
[10:23:06] [Client thread/INFO]: [CHAT] <mine200634> how to verigy
[10:23:10] [Client thread/INFO]: [CHAT] [ADMIN] VideoGameSmash12 [SrA]: Someone, remove me quick1
[10:23:11] [Client thread/INFO]: [CHAT] <ShRules> i'm about to leave
[10:23:11] [Client thread/INFO]: [CHAT] * oliver1009921 is now AFK.
[10:23:12] [Client thread/INFO]: [CHAT] [ADMIN] Tango_Mango [STA]: I didn't know you were suspended
[10:23:12] [Client thread/INFO]: [CHAT] decyj145 - Removing VideoGameSmash12 from the admin list
[10:23:12] [Client thread/INFO]: [CHAT] <ItzAtomikHD> ¤?Zenreon?¤: verify 2 minutes agoShRules: Vrify
[10:23:13] [Client thread/INFO]: [CHAT] <ShRules> this is taking too long
[10:23:14] [Client thread/INFO]: [CHAT] * oliver1009921 is no longer AFK.
[10:23:18] [Client thread/INFO]: [CHAT] <VideoGameSmash12> That was too close!
[10:23:21] [Client thread/INFO]: [CHAT] <FuccTrump> video when do you get admin back?
[10:23:24] [Client thread/INFO]: [CHAT] FuccTrump - Opping FuccTrump
[10:23:26] [Client thread/INFO]: [CHAT] <mine200634> someome help me
[10:23:27] [Client thread/INFO]: [CHAT] <VideoGameSmash12> I don't know
[10:23:29] [Client thread/INFO]: [CHAT] < GalaxyPikachuPL> im eating missing texture
[10:23:30] [Client thread/INFO]: [CHAT] <Zenreon> ami added
[10:23:33] [Client thread/INFO]: [CHAT] Tango_Mango - Adding Zenreon to the admin list
[10:23:34] [Client thread/INFO]: [CHAT] <Zenreon> reee
[10:23:35] [Client thread/INFO]: [CHAT] <ShRules> getting ignored is funny
[10:23:35] [Client thread/INFO]: [CHAT] Tango_Mango - Readding ShRules to the admin list
[10:23:36] [Client thread/INFO]: [CHAT] <mine200634> how do i verigy
[10:23:37] [Client thread/INFO]: [CHAT] < GalaxyPikachuPL> yum
[10:23:38] [Client thread/INFO]: [CHAT] <ShRules> k
[10:23:42] [Client thread/INFO]: [CHAT] <Zenreon> thx
[10:23:44] [Client thread/INFO]: [CHAT] <Zenreon> keks
[10:23:45] [Client thread/INFO]: [CHAT] Zenreon left the game
[10:23:47] [Client thread/INFO]: [CHAT] Zenreon is a Super Admin
[10:23:47] [Client thread/INFO]: [CHAT] Zenreon joined the game
[10:23:49] [Client thread/INFO]: [CHAT] <mine200634> GUYS
[10:23:50] [Client thread/INFO]: [CHAT] [Helper] < TheRickPower978> ShRules relog
[10:23:52] [Client thread/INFO]: [CHAT] <ShRules> no
[10:23:52] [Client thread/INFO]: [CHAT] OxLemonxO left the game
[10:23:54] [Client thread/INFO]: [CHAT] <mine200634> tango
[10:24:00] [Client thread/INFO]: [CHAT] [Helper] < TheRickPower978> ShRules relog to get admin
[10:24:01] [Client thread/INFO]: [CHAT] <mine200634> how to verify
[10:24:03] [Client thread/INFO]: [CHAT] LEGEND+ < NiceAlex> what is this
[10:24:08] [Client thread/INFO]: [CHAT] <VideoGameSmash12> That's a bit scary to see but it's alright
[10:24:11] [Client thread/INFO]: [CHAT] <mine200634> OMG
[10:24:13] [Client thread/INFO]: [CHAT] LEGEND+ < NiceAlex> hmm
[10:24:13] [Client thread/INFO]: [CHAT] <mine200634> HEP
[10:24:14] [Client thread/INFO]: [CHAT] <oliver1009921> look what i can do
[10:24:17] [Client thread/INFO]: [CHAT] <mine200634> how to verigy
[10:24:21] [Client thread/INFO]: [CHAT] <mine200634> please
[10:24:21] [Client thread/INFO]: [CHAT] [Helper] < TheRickPower978> Zenreon pvp?
[10:24:24] [Client thread/INFO]: [CHAT] <mine200634> rick
[10:24:25] [Client thread/INFO]: [CHAT] <VideoGameSmash12> Tango didn't know I'm suspended - fine with me
[10:24:27] [Client thread/INFO]: [CHAT] LEGEND+ < NiceAlex> bird?
[10:24:29] [Client thread/INFO]: [CHAT] <ShRules> what's the ign of the guy that was spawn killing
[10:24:37] [Client thread/INFO]: [CHAT] LEGEND+ < NiceAlex> bird or eat?
[10:24:38] [Client thread/INFO]: [CHAT] <kawaii_patato> its a terrariam
[10:24:39] [Client thread/INFO]: [CHAT] [Helper] < TheRickPower978> mine200634
[10:24:39] [Client thread/INFO]: [CHAT] <Wattha> Pixel_Crafter321 can you stop doing tht?
[10:24:39] [Client thread/INFO]: [CHAT] [CONSOLE]<decyj145> You aren't an administrator, therefore you cannot verify, mine200634.
[10:24:42] [Client thread/INFO]: [CHAT] <Wattha> Pixel_Crafter321 can you stop doing that?
[10:24:43] [Client thread/INFO]: [CHAT] [Helper] < TheRickPower978> it's an admin thing
[10:24:44] [Client thread/INFO]: [CHAT] <Reflet> how do you not see that your name isnt an admin color
[10:24:48] [Client thread/INFO]: [CHAT] [Helper] < TheRickPower978> do /verify to see how
[10:24:50] [Client thread/INFO]: [CHAT] <mine200634> OH OK
[10:24:50] [Client thread/INFO]: [CHAT] [Server:ShRules] what's the ign of the guy that was spawn killing
[10:24:50] [Client thread/INFO]: [CHAT] <Pixel_Crafter321> i'm not doing tnt
[10:24:51] [Client thread/INFO]: [CHAT] < GalaxyPikachuPL> wooooo
[10:24:56] [Client thread/INFO]: [CHAT] WolfieTheWolf93 joined the game
[10:24:56] [Client thread/INFO]: [CHAT] Welcome WolfieTheWolf93 to TotalFreedom!
[10:24:57] [Client thread/INFO]: [CHAT] *  Vlad is no longer AFK.
[10:24:57] [Client thread/INFO]: [CHAT] < GalaxyPikachuPL> okay
[10:24:57] [Client thread/INFO]: [CHAT] <mine200634> thank you
[10:25:01] [Client thread/INFO]: [CHAT] <Reflet> thats what id like to know, vide clearly isnt supered unless someone is colorblind
[10:25:02] [Client thread/INFO]: [CHAT] ShRules - Opping all players on the server
[10:25:02] [Client thread/INFO]: [CHAT] You are now op!
[10:25:03] [Client thread/INFO]: [CHAT] < GalaxyPikachuPL> the bridges works
[10:25:04] [Client thread/INFO]: [CHAT] [Helper] < TheRickPower978> welcome WolfieTheWolf93
[10:25:08] [Client thread/INFO]: [CHAT] <Wattha> ShRules FakeDoNexosplays
[10:25:14] [Client thread/INFO]: [CHAT] < GalaxyPikachuPL> but they are not solid
[10:25:15] [Client thread/INFO]: [CHAT] <WolfieTheWolf93> hi
[10:25:15] [Client thread/INFO]: [CHAT] <ShRules> ty
[10:25:17] [Client thread/INFO]: [CHAT] <Wattha> np
[10:25:24] [Client thread/INFO]: [CHAT] < Vlad> ???? ?????? ??????
[10:25:31] [Client thread/INFO]: [CHAT] ShRules left the game
[10:25:31] [Client thread/INFO]: [CHAT] ShRules is a Telnet Admin
[10:25:31] [Client thread/INFO]: [CHAT] ShRules joined the game
[10:25:38] [Client thread/INFO]: [CHAT] <VideoGameSmash12> The dropped paste is delelted
[10:25:38] [Client thread/INFO]: [CHAT] *  smokersArenotCool is no longer AFK.
[10:25:43] [Client thread/INFO]: [CHAT] < GalaxyPikachuPL> if i could add water here
[10:25:43] [Client thread/INFO]: [CHAT] <VideoGameSmash12> I'm on my quest to return.
[10:25:44] [Client thread/INFO]: [CHAT] < Vlad> ?? ??
[10:25:50] [Client thread/INFO]: [CHAT] <mine200634> lol ill apply for admin soon
[10:25:54] [Client thread/INFO]: [CHAT] < Pro> ?????!
[10:25:57] [Client thread/INFO]: [CHAT] *  Wolfie is now AFK.
[10:25:57] [Client thread/INFO]: [CHAT] [Helper] < TheRickPower978> ItzAtomikHD
[10:26:04] [Client thread/INFO]: [CHAT] [SrA] <_flippy> Me too
[10:26:10] [Client thread/INFO]: [CHAT] ShRules - Setting personal login message
[10:26:10] [Client thread/INFO]: [CHAT] Klow_ joined the game
[10:26:11] [Client thread/INFO]: [CHAT] [Helper] < TheRickPower978> luna.runcode bot.chat('/gms')
[10:26:11] [Client thread/INFO]: [CHAT] LEGEND+ < NiceAlex> haaha
[10:26:13] [Client thread/INFO]: [CHAT] ShRules left the game
[10:26:14] [Client thread/INFO]: [CHAT] ShRules is is a Telnet Admin and a Relevant Newfriend!
[10:26:14] [Client thread/INFO]: [CHAT] ShRules joined the game
[10:26:19] [Client thread/INFO]: [CHAT] Klow_ left the game
[10:26:22] [Client thread/INFO]: [CHAT] < Vlad> ?? ?? ??
[10:26:29] [Client thread/INFO]: [CHAT] LEGEND+ < NiceAlex> smoker
[10:26:30] [Client thread/INFO]: [CHAT] < GalaxyPikachuPL> aww
[10:26:31] [Client thread/INFO]: [CHAT] LEGEND+ < NiceAlex> aut
[10:26:33] [Client thread/INFO]: [CHAT] < GalaxyPikachuPL> i cant use water
[10:26:33] [Client thread/INFO]: [CHAT] <ItzAtomikHD> luna.translate en ?? ?? ??
[10:26:34] [Client thread/INFO]: [CHAT] * AtomikBOT is no longer AFK.
[10:26:34] [Client thread/INFO]: [CHAT] <AtomikBOT> Translation: this is pzh
[10:26:35] [Client thread/INFO]: [CHAT] [STA] <ShRules> FakeDoNexosplays
[10:26:37] [Client thread/INFO]: [CHAT] [Helper] < TheRickPower978> it would be cool if players had personal login message xd
[10:26:41] [Client thread/INFO]: [CHAT] *  Wolfie is no longer AFK.
[10:26:41] [Client thread/INFO]: [CHAT] < Wolfie> hi how do i apply kind people
[10:26:44] [Client thread/INFO]: [CHAT] <ItzAtomikHD> Wolfie, /ai
[10:26:45] [Client thread/INFO]: [CHAT] < GalaxyPikachuPL> yes
[10:26:46] [Client thread/INFO]: [CHAT] LEGEND+ < NiceAlex> go aut
[10:26:47] [Client thread/INFO]: [CHAT] <VideoGameSmash12> no, that wouldn 't work
[10:26:48] [Client thread/INFO]: [CHAT] < GalaxyPikachuPL> it would be cool
[10:26:49] [Client thread/INFO]: [CHAT] Dtrays joined the game
[10:26:49] [Client thread/INFO]: [CHAT] <XXUltimate2007XX> lasst ein gruppe bilden
[10:26:49] [Client thread/INFO]: [CHAT] Welcome  Dtrays to TotalFreedom!
[10:26:50] [Client thread/INFO]: [CHAT] <ItzAtomikHD> You need recs and griefer reports.w
[10:26:51] [Client thread/INFO]: [CHAT] < Wolfie> thx
[10:26:53] [Client thread/INFO]: [CHAT] TheRickPower978 - Opping Dtrays
[10:26:53] [Client thread/INFO]: [CHAT] <ItzAtomikHD> Hey Dtrays.
[10:26:57] [Client thread/INFO]: [CHAT] < Dtrays> hi
[10:27:06] [Client thread/INFO]: [CHAT] <XXUltimate2007XX> lasst ein gruppe erstellem
[10:27:08] [Client thread/INFO]: [CHAT] <VideoGameSmash12> a troll could log in as another op and set their login message to something very offensive
[10:27:10] [Client thread/INFO]: [CHAT] [Helper] < TheRickPower978> guys, do you know a thing? it would be cool if players had personal login message xd
[10:27:11] [Client thread/INFO]: [CHAT] < GalaxyPikachuPL> oh
[10:27:13] [Client thread/INFO]: [CHAT] < GalaxyPikachuPL> XDDDD
[10:27:19] [Client thread/INFO]: [CHAT] <VideoGameSmash12> no it woulsn't
[10:27:23] [Client thread/INFO]: [CHAT] [Helper] < TheRickPower978> yes
[10:27:24] [Client thread/INFO]: [CHAT] [Helper] < TheRickPower978> VideoGameSmash12
[10:27:26] [Client thread/INFO]: [CHAT] LEGEND+ < NiceAlex> Tango_Mango
[10:27:26] [Client thread/INFO]: [CHAT] [Helper] < TheRickPower978> if you join
[10:27:28] [Client thread/INFO]: [CHAT] LEGEND+ < NiceAlex> sorry
[10:27:28] [Client thread/INFO]: [CHAT] <VideoGameSmash12> it would not work
[10:27:30] [Client thread/INFO]: [CHAT] swagsy joined the game
[10:27:30] [Client thread/INFO]: [CHAT] LEGEND+ < NiceAlex> TheRickPower978
[10:27:30] [Client thread/INFO]: [CHAT] [Helper] < TheRickPower978> and it says something like
[10:27:33] [Client thread/INFO]: [CHAT] *  Wolfie is now AFK.
[10:27:34] [Client thread/INFO]: [CHAT] < GalaxyPikachuPL> nothing happen'd XD
[10:27:34] [Client thread/INFO]: [CHAT] *  Wolfie is no longer AFK.
[10:27:37] [Client thread/INFO]: [CHAT] [Helper] < TheRickPower978> VideoGameSmash12 is an op and likes his mother
[10:27:39] [Client thread/INFO]: [CHAT] [Helper] < TheRickPower978> for example
[10:27:39] [Client thread/INFO]: [CHAT] <VideoGameSmash12> TheRickPower978, it wouldn't work
[10:27:39] [Client thread/INFO]: [CHAT] *  Wolfie is now AFK.
[10:27:41] [Client thread/INFO]: [CHAT] LEGEND+ < NiceAlex> are you real Helper
[10:27:42] [Client thread/INFO]: [CHAT] [Helper] < TheRickPower978> (it's an example)
[10:27:46] [Client thread/INFO]: [CHAT] * jose_95 Warp MiniPotionShop
[10:27:46] [Client thread/INFO]: [CHAT] <VideoGameSmash12> a troll could log in as another op and set their login message to something very offensive
[10:27:52] [Client thread/INFO]: [CHAT] BugraaK joined the game
[10:27:52] [Client thread/INFO]: [CHAT] Welcome BugraaK to TotalFreedom!
[10:27:53] [Client thread/INFO]: [CHAT] LEGEND+ < NiceAlex> are you real Helper?
[10:27:56] [Client thread/INFO]: [CHAT] [Helper] < TheRickPower978> VideoGameSmash12
[10:27:57] [Client thread/INFO]: [CHAT] ShRules - Opping all players on the server
[10:27:57] [Client thread/INFO]: [CHAT] You are now op!
[10:27:59] [Client thread/INFO]: [CHAT] *  Wolfie is no longer AFK.
[10:27:59] [Client thread/INFO]: [CHAT] < Wolfie> excuse but what can i apply for
[10:28:02] [Client thread/INFO]: [CHAT] * jose_95 Warp MiniPotionShop for an amazing little shop where you can buy potions for a golden nugget!
[10:28:04] [Client thread/INFO]: [CHAT] swagsy left the game
[10:28:04] [Client thread/INFO]: [CHAT] <BugraaK> Hi Guys
[10:28:05] [Client thread/INFO]: [CHAT] <jose_95> ItzAtomikHD
[10:28:05] [Client thread/INFO]: [CHAT] [STA] <ShRules> nothing
[10:28:07] [Client thread/INFO]: [CHAT] [Helper] < TheRickPower978> good point
[10:28:10] [Client thread/INFO]: [CHAT] <jose_95> Point the arrow
[10:28:10] [Client thread/INFO]: [CHAT] <BugraaK> ?m youtuber
[10:28:18] [Client thread/INFO]: [CHAT] LEGEND+ < NiceAlex> BugraaK
[10:28:20] [Client thread/INFO]: [CHAT] [Helper] < TheRickPower978> but if they make the server ip protected players
[10:28:24] [Client thread/INFO]: [CHAT] [TeamSoulDevour] < Dtrays> man making my team tag is hard
[10:28:25] [Client thread/INFO]: [CHAT] <mine200634> shrules can you apply for admin lol
[10:28:26] [Client thread/INFO]: [CHAT] <BugraaK> my channel is Mineraft Ei
[10:28:27] [Client thread/INFO]: [CHAT] [STA] <ShRules> no
[10:28:31] [Client thread/INFO]: [CHAT] <BugraaK> Please Subscribe
[10:28:35] [Client thread/INFO]: [CHAT] LEGEND+ < NiceAlex> Bugraa abi
[10:28:36] [Client thread/INFO]: [CHAT] <BugraaK> My Subs is 1m
[10:28:37] [Client thread/INFO]: [CHAT] <mine200634> it says in /ai
[10:28:40] [Client thread/INFO]: [CHAT] LEGEND+ < NiceAlex> amk fakesi
[10:28:41] [Client thread/INFO]: [CHAT] [STA] <ShRules> no.
[10:28:42] [Client thread/INFO]: [CHAT] <jose_95> FFS
[10:28:43] [Client thread/INFO]: [CHAT] [Helper] < TheRickPower978> darkrob
[10:28:43] [Client thread/INFO]: [CHAT] LEGEND+ < NiceAlex> veled
[10:28:44] [Client thread/INFO]: [CHAT] <BugraaK> o türklerdeemi ar?
[10:28:45] [Client thread/INFO]: [CHAT] [Helper] < TheRickPower978> no gmc pvp
[10:28:46] [Client thread/INFO]: [CHAT] LEGEND+ < NiceAlex> admin
[10:28:48] [Client thread/INFO]: [CHAT] <ItzAtomikHD> Cool.
[10:28:48] [Client thread/INFO]: [CHAT] <mine200634> ok
[10:28:51] [Client thread/INFO]: [CHAT] [Helper] < TheRickPower978> darkrob no creative pvp
[10:28:56] [Client thread/INFO]: [CHAT] LEGEND+ < NiceAlex> admin BugraaK is fake
[10:28:59] [Client thread/INFO]: [CHAT] [TeamSoulDevour] < Dtrays> BugraaK this is a english only server
[10:28:59] [Client thread/INFO]: [CHAT] [Helper] < TheRickPower978> ./gms
[10:29:01] [Client thread/INFO]: [CHAT] [STA] <ShRules> how are you so sure
[10:29:02] [Client thread/INFO]: [CHAT] <BugraaK> senin kanal?n?n ad? ne bakal?m bir yorum atal?m ?
[10:29:05] [Client thread/INFO]: [CHAT] Zenreon - Setting everyone's Worldedit block modification limit to 2500.
[10:29:05] [Client thread/INFO]: [CHAT] Zenreon - Setting everyone's Worldedit block modification limit to 2500.
[10:29:07] [Client thread/INFO]: [CHAT] [STA] <ShRules> lol turkish
[10:29:08] [Client thread/INFO]: [CHAT] [SA] <Zenreon> oh sorry
[10:29:10] [Client thread/INFO]: [CHAT] <jose_95> GalaxyPikachuPL
[10:29:11] [Client thread/INFO]: [CHAT] [SA] <Zenreon> i thought i lagged
[10:29:11] [Client thread/INFO]: [CHAT] <jose_95> Stop
[10:29:13] [Client thread/INFO]: [CHAT] <ItzAtomikHD> luna.translate en senin kanal?n?n ad? ne bakal?m bir yorum atal?m ?
[10:29:14] [Client thread/INFO]: [CHAT] LEGEND+ < NiceAlex> bugraa
[10:29:14] [Client thread/INFO]: [CHAT] <AtomikBOT> Translation: Let's take a look at the name of your channel.
[10:29:16] [Client thread/INFO]: [CHAT] LEGEND+ < NiceAlex> bey
[10:29:19] [Client thread/INFO]: [CHAT] LEGEND+ < NiceAlex> fake siniz
[10:29:21] [Client thread/INFO]: [CHAT] <jose_95> GalaxyPikachuPL
[10:29:21] [Client thread/INFO]: [CHAT] <BugraaK> Buyur ?
[10:29:21] [Client thread/INFO]: [CHAT] LEGEND+ < NiceAlex> iyi oyunlar
[10:29:23] [Client thread/INFO]: [CHAT] <jose_95> you are dead
[10:29:28] [Client thread/INFO]: [CHAT] [STA] <ShRules> lmao
[10:29:28] [Client thread/INFO]: [CHAT] < GalaxyPikachuPL> lol no
[10:29:29] [Client thread/INFO]: [CHAT] LEGEND+ < NiceAlex> Fake'siniz iyi oyunlar
[10:29:30] [Client thread/INFO]: [CHAT] [Helper] < TheRickPower978> lag
[10:29:30] [Client thread/INFO]: [CHAT] *  Wolfie is now AFK.
[10:29:30] [Client thread/INFO]: [CHAT] <BugraaK> nas?l oluyo o i? git bak kanal?ma?
[10:29:31] [Client thread/INFO]: [CHAT] Zenreon - Rolling back player: galaxypikachupl
[10:29:32] [Client thread/INFO]: [CHAT] [TeamSoulDevour] < Dtrays> BugraaK ENGLISH ONLY
[10:29:34] [Client thread/INFO]: [CHAT] [STA] <ShRules> fake'siniz iyi oyunlar
[10:29:35] [Client thread/INFO]: [CHAT] Zenreon - Reverting rollback for player: galaxypikachupl
[10:29:35] [Client thread/INFO]: [CHAT] [STA] <ShRules> what does that mena
[10:29:36] [Client thread/INFO]: [CHAT] [TeamSoulDevour] < Dtrays> do u speak english ?
[10:29:37] [Client thread/INFO]: [CHAT] <jose_95> you griefer ass
[10:29:38] [Client thread/INFO]: [CHAT] < Vlad> ???? ?? ??????
[10:29:40] [Client thread/INFO]: [CHAT] <BugraaK> okay
[10:29:41] [Client thread/INFO]: [CHAT] LEGEND+ < NiceAlex> ShRules
[10:29:43] [Client thread/INFO]: [CHAT] [STA] <ShRules> no
[10:29:44] [Client thread/INFO]: [CHAT] <ItzAtomikHD> luna.translate en fake'siniz iyi oyunlar
[10:29:44] [Client thread/INFO]: [CHAT] <AtomikBOT> Translation: you fake good games
[10:29:46] [Client thread/INFO]: [CHAT] LEGEND+ < NiceAlex> BugraaK its fake
[10:29:47] [Client thread/INFO]: [CHAT] <ItzAtomikHD> xD
[10:29:51] [Client thread/INFO]: [CHAT] < Vlad> ???? ?? ?????? ??? ???????? ?? ?? ??
[10:29:52] [Client thread/INFO]: [CHAT] < GalaxyPikachuPL> i was trying to find out what is inside of this house
[10:29:52] [Client thread/INFO]: [CHAT] [TeamSoulDevour] < Dtrays> ?????? ???? ??
[10:29:53] [Client thread/INFO]: [CHAT] LEGEND+ < NiceAlex> its 2 million subs
[10:29:58] [Client thread/INFO]: [CHAT] < GalaxyPikachuPL> i repaired it
[10:30:02] [Client thread/INFO]: [CHAT] Teleporting to  Vlad.
[10:30:03] [Client thread/INFO]: [CHAT] CONSOLE - Opping all players on the server
[10:30:03] [Client thread/INFO]: [CHAT] You are now op!
[10:30:06] [Client thread/INFO]: [CHAT] LEGEND+ < NiceAlex> its 2 million subs [BugraaK]
[10:30:08] [Client thread/INFO]: [CHAT] <VideoGameSmash12> hi vlad
[10:30:09] [Client thread/INFO]: [CHAT] *  Wolfie is no longer AFK.
[10:30:09] [Client thread/INFO]: [CHAT] LEGEND+ < NiceAlex> wtf
[10:30:10] [Client thread/INFO]: [CHAT] <mine200634> here ya go xd
[10:30:13] [Client thread/INFO]: [CHAT] ShRules - Rolling back player: shrules
[10:30:15] [Client thread/INFO]: [CHAT] Teleporting...
[10:30:19] [Client thread/INFO]: [CHAT] LEGEND+ < NiceAlex> mine200634
[10:30:22] [Client thread/INFO]: [CHAT] <mine200634> yes
[10:30:23] [Client thread/INFO]: [CHAT] LEGEND+ < NiceAlex> why?
[10:30:25] [Client thread/INFO]: [CHAT] [TeamSoulDevour] < Dtrays> i tought this is a english only server
[10:30:25] [Client thread/INFO]: [CHAT] < Vlad> ???? ?? ?????? ??? ???????? ?? ?? ?? ??
[10:30:27] [Client thread/INFO]: [CHAT] <Wattha> griefed
[10:30:27] [Client thread/INFO]: [CHAT] <Wattha> ?
[10:30:28] [Client thread/INFO]: [CHAT] <BugraaK> 1.7M abonem vard? özel video at?l?cak 2 miliyon
[10:30:28] [Client thread/INFO]: [CHAT] <mine200634> for fun xD
[10:30:31] [Client thread/INFO]: [CHAT] <jose_95> move ItzAtomikHD
[10:30:38] [Client thread/INFO]: [CHAT] <BugraaK> 2 milyon abone koca aile oldukmu
[10:30:39] [Client thread/INFO]: [CHAT] [STA] <ShRules> fist fight
[10:30:45] [Client thread/INFO]: [CHAT] Klonmaciek joined the game
[10:30:45] [Client thread/INFO]: [CHAT] <Wattha> k wait let me turn off hacks
[10:30:46] [Client thread/INFO]: [CHAT] LEGEND+ < NiceAlex> admin
[10:30:47] [Client thread/INFO]: [CHAT] [STA] <ShRules> 3
[10:30:48] [Client thread/INFO]: [CHAT] [STA] <ShRules> 2
[10:30:49] [Client thread/INFO]: [CHAT] ShRules was slain by Klonmaciek
[10:30:49] [Client thread/INFO]: [CHAT] LEGEND+ < NiceAlex> Mute Bugraak
[10:30:49] [Client thread/INFO]: [CHAT] <BugraaK> daha 1milyon lardayd?k
[10:30:52] [Client thread/INFO]: [CHAT] Wattha was slain by Klonmaciek
[10:30:53] [Client thread/INFO]: [CHAT] [STA] <ShRules> wtf faggot
[10:30:54] [Client thread/INFO]: [CHAT] LEGEND+ < NiceAlex> its fake
[10:30:57] [Client thread/INFO]: [CHAT] < Vlad> rblb celf
[10:31:05] [Client thread/INFO]: [CHAT] * _flippy is now AFK.
[10:31:05] [Client thread/INFO]: [CHAT] < Vlad> ??? ????
[10:31:11] [Client thread/INFO]: [CHAT] Cleared all inventory items from VideoGameSmash12.
[10:31:17] [Client thread/INFO]: [CHAT] [TeamSoulDevour] < Dtrays> if everyone starts talking in thier own langauge
[10:31:18] [Client thread/INFO]: [CHAT] *  DARKROB STOP GMC PVP OR BAN
[10:31:20] [Client thread/INFO]: [CHAT] *  Wolfie is now AFK.
[10:31:21] [Client thread/INFO]: [CHAT] <Wattha> is warp pvp griefed or is it just ugly?
[10:31:23] [Client thread/INFO]: [CHAT] [TeamSoulDevour] < Dtrays> atunci pot si eu
[10:31:31] [Client thread/INFO]: [CHAT] [TeamSoulDevour] < Dtrays> as if u understand what i said
[10:31:34] [Client thread/INFO]: [CHAT] < GalaxyPikachuPL> its ugly
[10:31:35] [Client thread/INFO]: [CHAT] <ItzAtomikHD> luna.translate en atunci pot si eu
[10:31:35] [Client thread/INFO]: [CHAT] [Helper] < TheRickPower978> Wattha
[10:31:35] [Client thread/INFO]: [CHAT] <AtomikBOT> Translation: then I can
[10:31:37] [Client thread/INFO]: [CHAT] < Pro> darkbob22 Grifer!
[10:31:38] [Client thread/INFO]: [CHAT] <ItzAtomikHD> well
[10:31:38] [Client thread/INFO]: [CHAT] < GalaxyPikachuPL> we need a new one
[10:31:39] [Client thread/INFO]: [CHAT] <ItzAtomikHD> that works.
[10:31:39] [Client thread/INFO]: [CHAT] <VideoGameSmash12> My suspension has gone far enough.
[10:31:40] [Client thread/INFO]: [CHAT] < Vlad> ??? ???? ??
[10:31:41] [Client thread/INFO]: [CHAT] [Helper] < TheRickPower978> don't Watthout
[10:31:51] [Client thread/INFO]: [CHAT] <Wattha> TheRickPower978 pls just stfu annoying dipshit
[10:31:57] [Client thread/INFO]: [CHAT] [Helper] < TheRickPower978> Wattha
[10:31:59] [Client thread/INFO]: [CHAT] [STA] <ShRules> no
[10:31:59] [Client thread/INFO]: [CHAT] <ItzAtomikHD> it gave me soda
[10:31:59] [Client thread/INFO]: [CHAT] Wattha, WolfieTheWolf93
[10:32:12] [Client thread/INFO]: [CHAT] [TeamSoulDevour] < Dtrays> ItzAtomikHD is luna translator better than google translator ?
[10:32:12] [Client thread/INFO]: [CHAT] [Helper] < TheRickPower978> think about yourself Wattha
[10:32:13] [Client thread/INFO]: [CHAT] <VideoGameSmash12> Wattha please just stfu annoying dipshit
[10:32:15] [Client thread/INFO]: [CHAT] <ItzAtomikHD> no
[10:32:16] [Client thread/INFO]: [CHAT] [Helper] < TheRickPower978> you don't even have the fuck
[10:32:17] [Client thread/INFO]: [CHAT] <ItzAtomikHD> its the same.
[10:32:18] [Client thread/INFO]: [CHAT] [Helper] < TheRickPower978> OHHHH
[10:32:20] [Client thread/INFO]: [CHAT] [Helper] < TheRickPower978> closed
[10:32:20] [Client thread/INFO]: [CHAT] <Wattha> ok VideoGameSmash12 i will
[10:32:21] [Client thread/INFO]: [CHAT] < Vlad> ??? ???? ??? ???
[10:32:22] [Client thread/INFO]: [CHAT] < Pro> ???
[10:32:24] [Client thread/INFO]: [CHAT] <VideoGameSmash12> :3
[10:32:24] [Client thread/INFO]: [CHAT] LEGEND+ < NiceAlex> XXUltimate2007XX
[10:32:24] [Client thread/INFO]: [CHAT] * jose_95 Warp MiniPotionShop for an amazing little shop where you can buy potions for a golden nugget!
[10:32:26] [Client thread/INFO]: [CHAT] LEGEND+ < NiceAlex> Okey?
[10:32:26] [Client thread/INFO]: [CHAT] <mine200634> luna/translate YO BOII
[10:32:28] [Client thread/INFO]: [CHAT] < Vlad> ?
[10:32:29] [Client thread/INFO]: [CHAT] < Pro> ???? ??
[10:32:33] [Client thread/INFO]: [CHAT] [Helper] < TheRickPower978> Wattha
[10:32:34] [Client thread/INFO]: [CHAT] < GalaxyPikachuPL> okay it wont do now
[10:32:36] [Client thread/INFO]: [CHAT] < Vlad> ?? ??
[10:32:41] [Client thread/INFO]: [CHAT] <mine200634> luna.tranlate yoo boiii
[10:32:44] [Client thread/INFO]: [CHAT] <ItzAtomikHD> luna.translate turkish hey boi
[10:32:45] [Client thread/INFO]: [CHAT] [Helper] < TheRickPower978> please just stvu annoying dipshit
[10:32:45] [Client thread/INFO]: [CHAT] <AtomikBOT> Translation: hey boi
[10:32:46] [Client thread/INFO]: [CHAT] [TeamSoulDevour] < Dtrays> darkbob22 i do not like russian
[10:32:47] [Client thread/INFO]: [CHAT] [Helper] < TheRickPower978> v = vagina
[10:32:56] [Client thread/INFO]: [CHAT] <Wattha> "shut the vagina up"? with my dick?
[10:32:59] [Client thread/INFO]: [CHAT] <ItzAtomikHD> luna.translate turkish Vagina Vagina vagina?
[10:32:59] [Client thread/INFO]: [CHAT] <AtomikBOT> Translation: Vajina Vajina vajina m??
[10:33:02] [Client thread/INFO]: [CHAT] [Helper] < TheRickPower978> Wattha
[10:33:02] [Client thread/INFO]: [CHAT] * _flippy is no longer AFK.
[10:33:03] [Client thread/INFO]: [CHAT] <ItzAtomikHD> xD
[10:33:06] [Client thread/INFO]: [CHAT] [TeamSoulDevour] < Dtrays> plez kill me
[10:33:06] [Client thread/INFO]: [CHAT] [Helper] < TheRickPower978> you don't have the dick
[10:33:09] [Client thread/INFO]: [CHAT] < Pro> ???
[10:33:09] [Client thread/INFO]: [CHAT] <mine200634> luna.translate hola
[10:33:11] [Client thread/INFO]: [CHAT] [STA] <ShRules> uhh
[10:33:14] [Client thread/INFO]: [CHAT] <Wattha> TheRickPower978 so you're looking at guy's dicks?
[10:33:16] [Client thread/INFO]: [CHAT] *  Dtrays  please end this horrible chat
[10:33:16] [Client thread/INFO]: [CHAT] <ItzAtomikHD> luna.translate EnGlIsH hola
[10:33:16] [Client thread/INFO]: [CHAT] [STA] <ShRules> stop being idiotic
[10:33:17] [Client thread/INFO]: [CHAT] <AtomikBOT> Translation: Hello
[10:33:17] [Client thread/INFO]: [CHAT] <Wattha> faggot
[10:33:18] [Client thread/INFO]: [CHAT] [Helper] < TheRickPower978> nope
[10:33:19] [Client thread/INFO]: [CHAT] <Klonmaciek> s
[10:33:20] [Client thread/INFO]: [CHAT] [Helper] < TheRickPower978> Wattha
[10:33:22] [Client thread/INFO]: [CHAT] * Klonmaciek s
[10:33:24] [Client thread/INFO]: [CHAT] [Helper] < TheRickPower978> I can't see anything there
[10:33:26] [Client thread/INFO]: [CHAT] <jose_95> yes he is
[10:33:26] [Client thread/INFO]: [CHAT] <Wattha> TheRickPower978 then stop the trashtalking
[10:33:27] [Client thread/INFO]: [CHAT] [STA] <ShRules> luna.translate english fawaka
[10:33:28] [Client thread/INFO]: [CHAT] Zenreon left the game
[10:33:29] [Client thread/INFO]: [CHAT] [Helper] < TheRickPower978> you dirty noob
[10:33:35] [Client thread/INFO]: [CHAT] <jose_95> Yes, TheRickPower978 is looking at people's dicks
[10:33:36] [Client thread/INFO]: [CHAT] <ItzAtomikHD> luna.translate english fawaka
[10:33:36] [Client thread/INFO]: [CHAT] <AtomikBOT> Translation: fawaka
[10:33:39] [Client thread/INFO]: [CHAT] <ItzAtomikHD> xD
[10:33:39] [Client thread/INFO]: [CHAT] <mine200634> luna.translate Chinese Hello
[10:33:41] [Client thread/INFO]: [CHAT] <jose_95> because he is jealous others have
[10:33:42] [Client thread/INFO]: [CHAT] <Wattha> TheRickPower978 i've requested you multiple times to not chat with me anymore
[10:33:45] [Client thread/INFO]: [CHAT] <ItzAtomikHD> luna.translate chinese hello
[10:33:45] [Client thread/INFO]: [CHAT] <AtomikBOT> Translation: hello
[10:33:46] [Client thread/INFO]: [CHAT] [Helper] < TheRickPower978> jose_95
[10:33:51] [Client thread/INFO]: [CHAT] <ItzAtomikHD> luna.translate chinese hi
[10:33:52] [Client thread/INFO]: [CHAT] <AtomikBOT> Translation: hi
[10:33:55] [Client thread/INFO]: [CHAT] [Helper] < TheRickPower978> we were friends, why do you do the noob now?
[10:33:56] [Client thread/INFO]: [CHAT] [TeamSoulDevour] < Dtrays> uhhh
[10:33:57] [Client thread/INFO]: [CHAT] < Pro> xD
[10:33:59] [Client thread/INFO]: [CHAT] Ktoby left the game
[10:34:00] [Client thread/INFO]: [CHAT] <jose_95> ol
[10:34:01] [Client thread/INFO]: [CHAT] <ItzAtomikHD> luna.translate chinesesimplified hi
[10:34:01] [Client thread/INFO]: [CHAT] <AtomikBOT> Translation: hi
[10:34:01] [Client thread/INFO]: [CHAT] [Helper] < TheRickPower978> Wattha is the only noob here
[10:34:02] [Client thread/INFO]: [CHAT] <jose_95> lol
[10:34:02] [Client thread/INFO]: [CHAT] [TeamSoulDevour] < Dtrays> plottatoes
[10:34:03] [Client thread/INFO]: [CHAT] <jose_95> its a joke...
[10:34:03] [Client thread/INFO]: [CHAT] < Bugrak> AtomikBOT sen gerçek bi bot deilsin?
[10:34:08] [Client thread/INFO]: [CHAT] <jose_95> y u no laugh
[10:34:08] [Client thread/INFO]: [CHAT] < GalaxyPikachuPL> luna.translate polish witam
[10:34:08] [Client thread/INFO]: [CHAT] < luna_translate> -_-
[10:34:09] [Client thread/INFO]: [CHAT] [Helper] < TheRickPower978> don't become like him
[10:34:12] [Client thread/INFO]: [CHAT] <ItzAtomikHD> luna.translate english sen gercek bi bot deilsin?
[10:34:13] [Client thread/INFO]: [CHAT] <AtomikBOT> Translation: Are not you a real bot?
[10:34:15] [Client thread/INFO]: [CHAT] [TeamSoulDevour] < Dtrays> UHHH
[10:34:16] [Client thread/INFO]: [CHAT] [TeamSoulDevour] < Dtrays> UHHHH
[10:34:17] [Client thread/INFO]: [CHAT] [Helper] < TheRickPower978> he's just a dirty dipshit
[10:34:27] [Client thread/INFO]: [CHAT] < luna_translate> -_-!
[10:34:28] [Client thread/INFO]: [CHAT] <Wattha> jose_95 isn't looking at who's side to choose, he's looking at what's right
[10:34:29] [Client thread/INFO]: [CHAT] [TeamSoulDevour] < Dtrays> the chat is complety ruine
[10:34:30] [Client thread/INFO]: [CHAT] < GalaxyPikachuPL> luna.translate polish hello
[10:34:32] [Client thread/INFO]: [CHAT] [Server:ShRules] stop talking any language apart from english
[10:34:34] [Client thread/INFO]: [CHAT] <jose_95> Yes
[10:34:35] [Client thread/INFO]: [CHAT] <jose_95> so I say
[10:34:37] [Client thread/INFO]: [CHAT] [Helper] < TheRickPower978> Wattha
[10:34:37] [Client thread/INFO]: [CHAT] < Vlad> ? ???? ??????
[10:34:38] [Client thread/INFO]: [CHAT] [TeamSoulDevour] < Dtrays> finnaly
[10:34:38] [Client thread/INFO]: [CHAT] < Bugrak> Atomik Bot sen daha ingilizceyi düzgün bilmiyorsun?
[10:34:40] [Client thread/INFO]: [CHAT] <jose_95> wattha is a dick
[10:34:43] [Client thread/INFO]: [CHAT] <Wattha> ^
[10:34:45] [Client thread/INFO]: [CHAT] < luna_translate> ???
[10:34:47] [Client thread/INFO]: [CHAT] < Bugrak> ben sana gerçek botmusun demedim
[10:34:48] [Client thread/INFO]: [CHAT] [Helper] < TheRickPower978> if he's looking at what's right for you he's looking wrong
[10:34:51] [Client thread/INFO]: [CHAT] < GalaxyPikachuPL> someone knows a schem for big hotel?
[10:34:52] [Client thread/INFO]: [CHAT] *  Dtrays wants to die
[10:34:53] [Client thread/INFO]: [CHAT] Dtrays died
[10:34:53] [Client thread/INFO]: [CHAT] Player  Dtrays took their own life.
[10:34:53] [Client thread/INFO]: [CHAT] *  Bunny is no longer AFK.
[10:34:57] [Client thread/INFO]: [CHAT] jose_95 left the game
[10:35:00] [Client thread/INFO]: [CHAT] < Bugrak> düzgün okuda konu?
[10:35:01] [Client thread/INFO]: [CHAT] <Wattha> someone just griefing warp pvp and getting away with it ok
[10:35:04] [Client thread/INFO]: [CHAT] <Wattha> ok ok ok ok ok ok ok ok
[10:35:10] [Client thread/INFO]: [CHAT] <Wattha> oh wow he undone it agian
[10:35:13] [Client thread/INFO]: [CHAT] [STA] <ShRules> wwattha
[10:35:14] [Client thread/INFO]: [CHAT] < GalaxyPikachuPL> whoa a new warp pvp
[10:35:14] [Client thread/INFO]: [CHAT] FloettetheIdiot left the game
[10:35:14] [Client thread/INFO]: [CHAT] <Wattha> wowowowow he's going to redo it again?
[10:35:14] [Client thread/INFO]: [CHAT] <VideoGameSmash12> ShRules stop trying to ruin the ops' curiosity
[10:35:15] [Client thread/INFO]: [CHAT] [STA] <ShRules> no they dont
[10:35:18] [Client thread/INFO]: [CHAT] <Wattha> wowowowowowowow he undoes it again?
[10:35:19] [Client thread/INFO]: [CHAT] [STA] <ShRules> what are you talking about VideoGameSmash12
[10:35:27] [Client thread/INFO]: [CHAT] *  Wolfie is no longer AFK.
[10:35:30] [Client thread/INFO]: [CHAT] [STA] <ShRules> This is what you are saying
[10:35:30] [Client thread/INFO]: [CHAT] <Wattha> Pixel_Crafter321 can you fucking not use that cancerous disguise?
[10:35:31] [Client thread/INFO]: [CHAT] <Wattha> you're just annoying
[10:35:32] [Client thread/INFO]: [CHAT] *  GalaxyPikachuPL NEW WARP PVP!!!
[10:35:32] [Client thread/INFO]: [CHAT] <VideoGameSmash12> i don't know
[10:35:34] [Client thread/INFO]: [CHAT] <oliver1009921> guys do /tp -695 34 28
[10:35:36] [Client thread/INFO]: [CHAT] [STA] <ShRules> >crashes server
[10:35:41] [Client thread/INFO]: [CHAT] <Wattha> and admins aren't even looking at reports probably
[10:35:41] [Client thread/INFO]: [CHAT] *  Warning : Wattha has been flagged as a noob, but has not been frozen. Too noob, I'm feeling bad at freezing him :(
[10:35:47] [Client thread/INFO]: [CHAT] Teleporting...
[10:35:49] [Client thread/INFO]: [CHAT] Error: Player not found.
[10:35:50] [Client thread/INFO]: [CHAT] < Bugrak> hah al i?te bana FAKE diyen çocuk geldi
[10:35:51] [Client thread/INFO]: [CHAT] [STA] <ShRules> >ShRules stop trying to ruin the ops' curiosity
[10:36:03] [Client thread/INFO]: [CHAT] [TeamSoulDevour] < Dtrays> i lost all items in my ender chest
[10:36:03] [Client thread/INFO]: [CHAT] [STA] <ShRules> i dont see any grief wattha
[10:36:04] [Client thread/INFO]: [CHAT] < GalaxyPikachuPL> hahahahahaha
[10:36:04] [Client thread/INFO]: [CHAT] *  Wolfie is now AFK.
[10:36:06] [Client thread/INFO]: [CHAT] [Helper] < TheRickPower978> Wattha
[10:36:10] [Client thread/INFO]: [CHAT] < Vlad> ?????
[10:36:11] [Client thread/INFO]: [CHAT] <Wattha> ShRules it was getting //undone //redone
[10:36:16] [Client thread/INFO]: [CHAT] [STA] <ShRules> k will check
[10:36:17] [Client thread/INFO]: [CHAT] Teleporting...
[10:36:19] [Client thread/INFO]: [CHAT] <Wattha> and this wall is just 50% gone
[10:36:36] [Client thread/INFO]: [CHAT] <Wattha> but no needs tho i dont think anyone gives a fuck
[10:36:37] [Client thread/INFO]: [CHAT] [Helper] < TheRickPower978> hi mine200634
[10:36:41] [Client thread/INFO]: [CHAT] <mine200634> lol hey
[10:36:47] [Client thread/INFO]: [CHAT] <mine200634> how u outlined
[10:36:49] [Client thread/INFO]: [CHAT] fellalli joined the game
[10:36:50] [Client thread/INFO]: [CHAT] Plugins (27): LetterHeads, CoreProtect, AsyncWorldEditInjector, Essentials, TF-itemizer, Lift, Capatchafy, BetterChairs, TFMUtil, Aero, ProtocolLib, LibsDisguises, ItemFixer, NoSploit, SkinsRestorer, AsyncWorldEdit, BukkitTelnet, BlocksHub, PermissionsEx, PlayerParticles, EssentialsSpawn, WorldEdit, TotalFreedomMod, WorldGuard, EmotesTF, WorldGuardExtraFlags, DaedalusMod
[10:36:52] [Client thread/INFO]: [CHAT]  Tango_Mango hugs FuccTrump
[10:36:55] [Client thread/INFO]: [CHAT] [Helper] < TheRickPower978> it's power
[10:36:55] [Client thread/INFO]: [CHAT] <VideoGameSmash12> what the fuck
[10:36:58] [Client thread/INFO]: [CHAT] FuccTrump hugs  Tango_Mango
[10:36:58] [Client thread/INFO]: [CHAT] ItzAtomikHD hugs  Tango_Mango
[10:37:00] [Client thread/INFO]: [CHAT] [Helper] < TheRickPower978> that is getting out
[10:37:00] [Client thread/INFO]: [CHAT] < Vlad> ????
[10:37:01] [Client thread/INFO]: [CHAT] [STA] <ShRules> oops
[10:37:02] [Client thread/INFO]: [CHAT] [STA] <ShRules> wait
[10:37:02] [Client thread/INFO]: [CHAT] <VideoGameSmash12> why are there so many fucking plugins
[10:37:05] [Client thread/INFO]: [CHAT] [Helper] < TheRickPower978> it can't be contained
[10:37:10] [Client thread/INFO]: [CHAT] *  Wolfie is no longer AFK.
[10:37:10] [Client thread/INFO]: [CHAT]  Wolfie hugs  Wolfie
[10:37:11] [Client thread/INFO]: [CHAT] <fellalli> I dont have op
[10:37:13] [Client thread/INFO]: [CHAT] Wattha - Opping fellalli
[10:37:16] [Client thread/INFO]: [CHAT] Klonmaciek - Opping fellalli
[10:37:17] [Client thread/INFO]: [CHAT] There are 26 out of a maximum 45 players online.
[10:37:17] [Client thread/INFO]: [CHAT] Connected players: [OP]Pixel_Crafter321, [OP]XXUltimate2007XX, [OP]Reflet, [OP]kawaii_patato, [OP]AtomikBOT, [OP]oliver1009921, [OP]mine200634, [OP]ItzAtomikHD, [OP]GalaxyPikachuPL, [OP]brunoprobrnoobvv, [STA]Tango_Mango, [SrA]FuccTrump, [SrA]_flippy, [OP]BugraaK, [OP]darkbob22, [OP]VideoGameSmash12, [OP]Klonmaciek, [OP]1212233, [OP]Wattha, [OP]WolfieTheWolf93, [OP]TheRickPower978, [OP]smoker, [OP]Dtrays, [OP]NiceAlex, [STA]ShRules, [OP]fellalli
[10:37:19] [Client thread/INFO]: [CHAT] <fellalli> ty
[10:37:20] [Client thread/INFO]: [CHAT] mine200634 - Opping fellalli
[10:37:23] [Client thread/INFO]: [CHAT] <oliver1009921> brb
[10:37:26] [Client thread/INFO]: [CHAT] LEGEND+ < NiceAlex> ben muteli de?ilim
[10:37:27] [Client thread/INFO]: [CHAT] *  GalaxyPikachuPL NEW WARP PVP!!!
[10:37:28] [Client thread/INFO]: [CHAT] [Helper] < TheRickPower978> lag
[10:37:28] [Client thread/INFO]: [CHAT] *  GalaxyPikachuPL NEW WARP PVP!!!
[10:37:31] [Client thread/INFO]: [CHAT] XXUltimate2007XX left the game
[10:37:36] [Client thread/INFO]: [CHAT] [Helper] < TheRickPower978> uhm
[10:37:37] [Client thread/INFO]: [CHAT] [youtuber] BugraaK < Wolfie> lag
[10:37:42] [Client thread/INFO]: [CHAT] [youtuber] BugraaK < Wolfie> alg
[10:37:43] [Client thread/INFO]: [CHAT] [youtuber] BugraaK < Wolfie> lag
[10:37:45] [Client thread/INFO]: [CHAT] AtomikBOT left the game
[10:37:45] [Client thread/INFO]: [CHAT] Giving 64 of step
[10:37:47] [Client thread/INFO]: [CHAT] [Helper] < TheRickPower978> freeze everyone
[10:37:47] [Client thread/INFO]: [CHAT] < GalaxyPikachuPL> too much people tping
[10:37:47] [Client thread/INFO]: [CHAT] <Wattha> yay lag
[10:37:55] [Client thread/INFO]: [CHAT] [Helper] < TheRickPower978> shit
[10:37:57] [Client thread/INFO]: [CHAT] [Helper] < TheRickPower978> it's crashing
[10:37:59] [Client thread/INFO]: [CHAT] [TeamSoulDevour] < Dtrays> oh my go
[10:38:00] [Client thread/INFO]: [CHAT] Uptime: 37 minutes 53 seconds
[10:38:00] [Client thread/INFO]: [CHAT] Current TPS = 16.17
[10:38:00] [Client thread/INFO]: [CHAT] Maximum memory: 3,730 MB.
[10:38:00] [Client thread/INFO]: [CHAT] Allocated memory: 2,071 MB.
[10:38:00] [Client thread/INFO]: [CHAT] Free memory: 415 MB.
[10:38:00] [Client thread/INFO]: [CHAT] World "world": 437 chunks, 33 entities, 149 tiles.
[10:38:00] [Client thread/INFO]: [CHAT] Nether "world_nether": 0 chunks, 0 entities, 0 tiles.
[10:38:00] [Client thread/INFO]: [CHAT] The End "world_the_end": 0 chunks, 0 entities, 0 tiles.
[10:38:00] [Client thread/INFO]: [CHAT] World "flatlands": 1,354 chunks, 77 entities, 53,968 tiles.
[10:38:00] [Client thread/INFO]: [CHAT] World "adminworld": 386 chunks, 7 entities, 4,591 tiles.
[10:38:06] [Client thread/INFO]: [CHAT] * _flippy is now AFK.
[10:38:07] [Client thread/INFO]: [CHAT] [TeamSoulDevour] < Dtrays> someone is spamming in pvp
[10:38:09] [Client thread/INFO]: [CHAT] [youtuber] BugraaK < Wolfie> someone sacrifise and leave
[10:38:13] [Client thread/INFO]: [CHAT] [Helper] < TheRickPower978> Wattha stop this
[10:38:15] [Client thread/INFO]: [CHAT] <Wattha> LOL
[10:38:16] [Client thread/INFO]: [CHAT] [Helper] < TheRickPower978> you're crashing the server
[10:38:17] [Client thread/INFO]: [CHAT] <Wattha> accusing me?
[10:38:24] [Client thread/INFO]: [CHAT] [Helper] < TheRickPower978> .servercmds fix
[10:38:24] [Client thread/INFO]: [CHAT] LEGEND+ < NiceAlex> bak abi
[10:38:25] [Client thread/INFO]: [CHAT] [Helper] < TheRickPower978> t
[10:38:26] [Client thread/INFO]: [CHAT] [STA] <ShRules> there
[10:38:26] [Client thread/INFO]: [CHAT] mine200634 left the game
[10:38:27] [Client thread/INFO]: [CHAT] <VideoGameSmash12> admins unload the chunks
[10:38:29] [Client thread/INFO]: [CHAT] <Wattha> lmaooo
[10:38:31] [Client thread/INFO]: [CHAT] [TeamSoulDevour] < Dtrays> i acuse everyone who is not english
[10:38:32] [Client thread/INFO]: [CHAT] [Helper] < TheRickPower978> it fixed
[10:38:35] [Client thread/INFO]: [CHAT] [STA] <ShRules> no its me
[10:38:36] [Client thread/INFO]: [CHAT] <Wattha> lel Dtrays
[10:38:37] [Client thread/INFO]: [CHAT] [TeamSoulDevour] < Dtrays> or well dont talk
[10:38:41] [Client thread/INFO]: [CHAT] Uptime: 38 minutes 32 seconds
[10:38:41] [Client thread/INFO]: [CHAT] Current TPS = 11.97
[10:38:41] [Client thread/INFO]: [CHAT] Maximum memory: 3,730 MB.
[10:38:41] [Client thread/INFO]: [CHAT] Allocated memory: 2,179 MB.
[10:38:41] [Client thread/INFO]: [CHAT] Free memory: 364 MB.
[10:38:41] [Client thread/INFO]: [CHAT] World "world": 437 chunks, 31 entities, 150 tiles.
[10:38:41] [Client thread/INFO]: [CHAT] Nether "world_nether": 0 chunks, 0 entities, 0 tiles.
[10:38:41] [Client thread/INFO]: [CHAT] The End "world_the_end": 0 chunks, 0 entities, 0 tiles.
[10:38:41] [Client thread/INFO]: [CHAT] World "flatlands": 1,629 chunks, 63 entities, 67,438 tiles.
[10:38:41] [Client thread/INFO]: [CHAT] World "adminworld": 386 chunks, 7 entities, 4,591 tiles.
[10:38:41] [Client thread/INFO]: [CHAT] [Helper] < TheRickPower978> t
[10:38:42] [Client thread/INFO]: [CHAT] [Helper] < TheRickPower978> *
[10:38:44] [Client thread/INFO]: [CHAT] ALL intensive server activity halted by ShRules.
[10:38:46] [Client thread/INFO]: [CHAT] <VideoGameSmash12> ShRules
[10:38:48] [Client thread/INFO]: [CHAT] [Helper] < TheRickPower978> ShRules
[10:38:50] [Client thread/INFO]: [CHAT] <VideoGameSmash12> unload the chunks
[10:38:54] [Client thread/INFO]: [CHAT] <Wattha> TheRickPower978 you're doing anything to get me banned aren't you?
[10:38:54] [Client thread/INFO]: [CHAT] Reflet left the game
[10:38:54] [Client thread/INFO]: [CHAT]  Wolfie kisses  Wolfie!
[10:38:56] [Client thread/INFO]: [CHAT] [Helper] < TheRickPower978> it's not lagging anymore
[10:38:59] [Client thread/INFO]: [CHAT] [Helper] < TheRickPower978> Wattha
[10:39:01] [Client thread/INFO]: [CHAT] Wattha, WolfieTheWolf93
[10:39:01] [Client thread/INFO]: [CHAT] Wattha, WolfieTheWolf93
[10:39:02] [Client thread/INFO]: [CHAT] Wattha, WolfieTheWolf93
[10:39:02] [Client thread/INFO]: [CHAT] Error: Wattha has teleportation disabled.
[10:39:04] [Client thread/INFO]: [CHAT] [Helper] < TheRickPower978> nope
[10:39:07] [Client thread/INFO]: [CHAT] <Wattha> sure sure
[10:39:12] [Client thread/INFO]: [CHAT] [Helper] < TheRickPower978> this is my favourite server
[10:39:12] [Client thread/INFO]: [CHAT]  ====== WhoIs: Wattha ======
[10:39:12] [Client thread/INFO]: [CHAT]  - Nick: Wattha
[10:39:12] [Client thread/INFO]: [CHAT]  - Health: 20/20
[10:39:12] [Client thread/INFO]: [CHAT]  - Hunger: 20/20 (+5 saturation)
[10:39:12] [Client thread/INFO]: [CHAT]  - Exp: 0 (Level 0)
[10:39:12] [Client thread/INFO]: [CHAT]  - Location: (flatlands, 4,845,130, 69, 382,757)
[10:39:12] [Client thread/INFO]: [CHAT]  - Money: $-10000
[10:39:12] [Client thread/INFO]: [CHAT]  - Gamemode: creative
[10:39:12] [Client thread/INFO]: [CHAT]  - God mode: false
[10:39:12] [Client thread/INFO]: [CHAT]  - OP: true
[10:39:12] [Client thread/INFO]: [CHAT]  - Fly mode: true (flying)
[10:39:12] [Client thread/INFO]: [CHAT]  - AFK: false
[10:39:12] [Client thread/INFO]: [CHAT]  - Jail: false
[10:39:12] [Client thread/INFO]: [CHAT]  - Muted: false
[10:39:16] [Client thread/INFO]: [CHAT] LEGEND+ < NiceAlex> gercekten kusura bakma
[10:39:17] [Client thread/INFO]: [CHAT] [Helper] < TheRickPower978> and you think I would crash it?
[10:39:20] [Client thread/INFO]: [CHAT] < GalaxyPikachuPL> mine too
[10:39:25] [Client thread/INFO]: [CHAT] [youtuber] BugraaK < Wolfie> GalaxyPikachuPL can i add stuff too pvp?
[10:39:27] [Client thread/INFO]: [CHAT] < GalaxyPikachuPL> but i love GodMC and TF
[10:39:29] [Client thread/INFO]: [CHAT] [TeamSoulDevour] < Dtrays> idk maybe XD
[10:39:30] [Client thread/INFO]: [CHAT] < GalaxyPikachuPL> yes
[10:39:30] [Client thread/INFO]: [CHAT] < luna_translate> ??
[10:39:30] [Client thread/INFO]: [CHAT] <Wattha> TheRickPower978 start to understand English please
[10:39:31] [Client thread/INFO]: [CHAT] [Helper] < TheRickPower978> get a life, wattha
[10:39:32] [Client thread/INFO]: [CHAT] < luna_translate> xD
[10:39:33] [Client thread/INFO]: [CHAT] < GalaxyPikachuPL> yes you can
[10:39:35] [Client thread/INFO]: [CHAT] Teleporting...
[10:39:35] [Client thread/INFO]: [CHAT] < Wolfie> ?
[10:39:36] [Client thread/INFO]: [CHAT] LucasLeprechaun is a Super Admin and uses ChatTriggers to get [YT] rank
[10:39:36] [Client thread/INFO]: [CHAT] LucasLeprechaun joined the game
[10:39:37] [Client thread/INFO]: [CHAT] <Wattha> TheRickPower978 why don't you?
[10:39:40] [Client thread/INFO]: [CHAT] [Helper] < TheRickPower978> you're too much time at computer Wattha
[10:39:41] [Client thread/INFO]: [CHAT] <Wattha> TheRickPower978 start to understand English please
[10:39:44] [Client thread/INFO]: [CHAT] [Helper] < TheRickPower978> you're only here
[10:39:45] [Client thread/INFO]: [CHAT] < GalaxyPikachuPL> yes you can add things to pvp
[10:39:49] [Client thread/INFO]: [CHAT] [Helper] < TheRickPower978> get a life
[10:39:52] [Client thread/INFO]: [CHAT] [Helper] < TheRickPower978> get a girlfriend
[10:39:53] [Client thread/INFO]: [CHAT] [Helper] < TheRickPower978> dipshit
[10:39:54] [Client thread/INFO]: [CHAT] <Wattha> TheRickPower978 you're more online than me so stfu lol
[10:39:58] [Client thread/INFO]: [CHAT] [Helper] < TheRickPower978> Wattha
[10:40:00] [Client thread/INFO]: [CHAT] <Wattha> TheRickPower978 you don't know anything about me XDDD
[10:40:02] [Client thread/INFO]: [CHAT] <VideoGameSmash12> get better english
[10:40:06] [Client thread/INFO]: [CHAT] [SA] <LucasLeprechaun> how's everyone doing?
[10:40:10] [Client thread/INFO]: [CHAT] [STA] <ShRules> Learn how to spell****
[10:40:11] [Client thread/INFO]: [CHAT] [Helper] < TheRickPower978> Wattha you don't have a girlfriend
[10:40:14] [Client thread/INFO]: [CHAT] <Klonmaciek> me rank pls
[10:40:15] [Client thread/INFO]: [CHAT] <Wattha> just lagging because someone is doing huge worldedit
[10:40:16] [Client thread/INFO]: [CHAT] [Helper] < TheRickPower978> wanna know a secret?
[10:40:20] [Client thread/INFO]: [CHAT] [Helper] < TheRickPower978> your parents adopted you
[10:40:24] [Client thread/INFO]: [CHAT] MrDicty is a SUPER ADMIN and is wearing a GOLDEN Suit!
[10:40:24] [Client thread/INFO]: [CHAT] MrDicty joined the game
[10:40:25] [Client thread/INFO]: [CHAT] <Wattha> i already knew that
[10:40:29] [Client thread/INFO]: [CHAT] [TeamSoulDevour] < Dtrays> TheRickPower978 now ur just playing dumb
[10:40:31] [Client thread/INFO]: [CHAT] <smoker> lagg
[10:40:34] [Client thread/INFO]: [CHAT] LucasLeprechaun - Removing all server entities.
[10:40:36] [Client thread/INFO]: [CHAT] LucasLeprechaun - Purging all mobs
[10:40:37] [Client thread/INFO]: [CHAT] LucasLeprechaun - Unloading unused chunks
[10:40:38] [Client thread/INFO]: [CHAT] [Helper] < TheRickPower978> Wattha
[10:40:40] [Client thread/INFO]: [CHAT] Tango_Mango, TheRickPower978
[10:40:40] [Client thread/INFO]: [CHAT] Tango_Mango, TheRickPower978
[10:40:44] [Client thread/INFO]: [CHAT] [TeamSoulDevour] < Dtrays> using an ur adopted joke is dead and bad meme
[10:40:47] [Client thread/INFO]: [CHAT] <VideoGameSmash12> TheRickPower978 get better english
[10:40:55] [Client thread/INFO]: [CHAT] [Helper] < TheRickPower978> what the heck
[10:41:01] [Client thread/INFO]: [CHAT] fanrota joined the game
[10:41:03] [Client thread/INFO]: [CHAT] [Helper] < TheRickPower978> I'm 3 fps
[10:41:09] [Client thread/INFO]: [CHAT] <Wattha> VideoGameSmash12 english is a little bit too hard for him
[10:41:09] [Client thread/INFO]: [CHAT] <smoker> undooo
[10:41:11] [Client thread/INFO]: [CHAT] arthurcraft_65 joined the game
[10:41:13] [Client thread/INFO]: [CHAT] < fanrota> hi
[10:41:13] [Client thread/INFO]: [CHAT] [Helper] < TheRickPower978> too many heads
[10:41:18] [Client thread/INFO]: [CHAT] [Helper] < TheRickPower978> who done that
[10:41:18] [Client thread/INFO]: [CHAT] < Bugrak> karde?
[10:41:25] [Client thread/INFO]: [CHAT] [SA] <LucasLeprechaun> rick, I've TPed you out of the area.
[10:41:25] [Client thread/INFO]: [CHAT] < Bugrak> o yalan
[10:41:27] [Client thread/INFO]: [CHAT] < Bugrak> onu bende yapar?m
[10:41:32] [Client thread/INFO]: [CHAT] < Wolfie> LAG
[10:41:32] [Client thread/INFO]: [CHAT] LEGEND+ < NiceAlex> yap bak?y?m
[10:41:33] [Client thread/INFO]: [CHAT] <Wattha> i was there too
[10:41:35] [Client thread/INFO]: [CHAT] < Bugrak> al nickime simdi bak
[10:41:43] [Client thread/INFO]: [CHAT] < GalaxyPikachuPL> no lag m8
[10:41:43] [Client thread/INFO]: [CHAT] [TeamSoulDevour] < Dtrays> oh my god
[10:41:43] [Client thread/INFO]: [CHAT] [TeamSoulDevour] < Dtrays> someone stop
[10:41:43] [Client thread/INFO]: [CHAT] LucasLeprechaun - Removing all SKULL within 50 blocks of all players... Brace for lag!
[10:41:44] [Client thread/INFO]: [CHAT] [TeamSoulDevour] < Dtrays> these unkown langage
[10:41:45] [Client thread/INFO]: [CHAT] LucasLeprechaun - Remove complete! 12868 blocks removed.
[10:41:50] [Client thread/INFO]: [CHAT] < GalaxyPikachuPL> omg how many
[10:41:54] [Client thread/INFO]: [CHAT] LEGEND+ < NiceAlex> hahah
[10:41:54] [Client thread/INFO]: [CHAT] <Klonmaciek> me rank yt
[10:41:57] [Client thread/INFO]: [CHAT] <VideoGameSmash12> oh jeez rick
[10:41:59] [Client thread/INFO]: [CHAT] <Wattha> besides, thecancer978, if i wanted to crash the server it already crashed
[10:42:01] [Client thread/INFO]: [CHAT] [Helper] < TheRickPower978> who done that?
[10:42:04] [Client thread/INFO]: [CHAT] LucasLeprechaun - Removing all SKULL within 50 blocks of all players... Brace for lag!
[10:42:05] [Client thread/INFO]: [CHAT] <arthurcraft_65> alguem me da op
[10:42:06] [Client thread/INFO]: [CHAT] LucasLeprechaun - Remove complete! 6 blocks removed.
[10:42:06] [Client thread/INFO]: [CHAT] Wattha - Opping arthurcraft_65
[10:42:09] [Client thread/INFO]: [CHAT] [TeamSoulDevour] < Dtrays> fa
[10:42:10] [Client thread/INFO]: [CHAT] [Helper] < TheRickPower978> wattha
[10:42:10] [Client thread/INFO]: [CHAT] [TeamSoulDevour] < Dtrays> fu
[10:42:12] [Client thread/INFO]: [CHAT] Klonmaciek - Opping arthurcraft_65
[10:42:12] [Client thread/INFO]: [CHAT] <arthurcraft_65> obrigado
[10:42:13] [Client thread/INFO]: [CHAT] [SA] <LucasLeprechaun> I did rick, just to stop you from crashing.
[10:42:15] [Client thread/INFO]: [CHAT] * ItzAtomikHD is now AFK.
[10:42:15] [Client thread/INFO]: [CHAT] < fanrota> lag
[10:42:18] [Client thread/INFO]: [CHAT] LucasLeprechaun - Removing all SKULL within 50 blocks of all players... Brace for lag!
[10:42:20] [Client thread/INFO]: [CHAT] LucasLeprechaun - Remove complete! 2522 blocks removed.
[10:42:21] [Client thread/INFO]: [CHAT] * fellalli is now AFK.
[10:42:23] [Client thread/INFO]: [CHAT] [Helper] < TheRickPower978> Wattha you troll everytime and don't help the server
[10:42:24] [Client thread/INFO]: [CHAT] oliver1009921 - Opping oliver1009921
[10:42:27] [Client thread/INFO]: [CHAT] <Wattha> LucasLeprechaun someone is redoing/undoing it with worldedit
[10:42:28] [Client thread/INFO]: [CHAT] [TeamSoulDevour] < Dtrays> holy szgmeoly
[10:42:32] [Client thread/INFO]: [CHAT] < GalaxyPikachuPL> you could remove this thing
[10:42:33] [Client thread/INFO]: [CHAT] [Helper] < TheRickPower978> now W
[10:42:34] [Client thread/INFO]: [CHAT] [Helper] < TheRickPower978> Wattha
[10:42:35] [Client thread/INFO]: [CHAT] <Wattha> TheRickPower978 tell me how i trolled
[10:42:49] [Client thread/INFO]: [CHAT] <Wattha> TheRickPower978 all you're doing on this server is trash talking
[10:42:49] [Client thread/INFO]: [CHAT] [Helper] < TheRickPower978> we could be friends if you weren't so bad with players
[10:42:50] [Client thread/INFO]: [CHAT] [Server:LucasLeprechaun] Sorry for the lag, I'm just erasing loads of skulls at the moment.
[10:42:50] [Client thread/INFO]: [CHAT] [smoker -> me] helpet pliz
[10:42:50] [Client thread/INFO]: [CHAT] LucasLeprechaun - Removing all SKULL within 50 blocks of all players... Brace for lag!
[10:42:51] [Client thread/INFO]: [CHAT] <Wattha> you're giving away basic help
[10:42:58] [Client thread/INFO]: [CHAT] LEGEND+ < NUB> s
[10:42:58] [Client thread/INFO]: [CHAT] <Wattha> basic help no1 even needs
[10:42:58] [Client thread/INFO]: [CHAT] LucasLeprechaun - Remove complete! 6012 blocks removed.
[10:42:59] [Client thread/INFO]: [CHAT] [smoker -> me] helpet pliz
[10:43:03] [Client thread/INFO]: [CHAT] [Helper] < TheRickPower978> Wattha
[10:43:05] [Client thread/INFO]: [CHAT] LEGEND+ < NUB> hey admin BugraaK is canged my nick
[10:43:05] [Client thread/INFO]: [CHAT] [TeamSoulDevour] < Dtrays> plez halp
[10:43:05] [Client thread/INFO]: [CHAT] < Bugrak> ?
[10:43:08] [Client thread/INFO]: [CHAT] LEGEND+ < NUB> hey admin BugraaK is canged my nick!!!!
[10:43:12] [Client thread/INFO]: [CHAT] * oliver1009921 Is now afk
[10:43:15] [Client thread/INFO]: [CHAT] < Bugrak> yes ?
[10:43:18] [Client thread/INFO]: [CHAT] LEGEND+ < NUB> hey admin BugraaK is canged my nick!!!!....!
[10:43:18] [Client thread/INFO]: [CHAT] BugraaK has been a naughty, naughty boy.
[10:43:18] [Client thread/INFO]: [CHAT]   Reason: dont change other players their nick
[10:43:18] [Client thread/INFO]: [CHAT]   Smitten by: ShRules
[10:43:18] [Client thread/INFO]: [CHAT] [TeamSoulDevour] < Dtrays> NiceAlex u sure ?
[10:43:18] [Client thread/INFO]: [CHAT] BugraaK died
[10:43:22] [Client thread/INFO]: [CHAT] [TeamSoulDevour] < Dtrays> oki
[10:43:23] [Client thread/INFO]: [CHAT] *  luna_translate is now AFK.
[10:43:25] [Client thread/INFO]: [CHAT] LEGEND+ < NUB> s
[10:43:26] [Client thread/INFO]: [CHAT] * oliver1009921 Is no longer afk
[10:43:27] [Client thread/INFO]: [CHAT] *  luna_translate is no longer AFK.
[10:43:27] [Client thread/INFO]: [CHAT] LucasLeprechaun - Removing all SKULL within 50 blocks of all players... Brace for lag!
[10:43:29] [Client thread/INFO]: [CHAT] LucasLeprechaun - Remove complete! 3546 blocks removed.
[10:43:29] [Client thread/INFO]: [CHAT] Crimson7200 joined the game
[10:43:30] [Client thread/INFO]: [CHAT] *  luna_translate is now AFK.
[10:43:31] [Client thread/INFO]: [CHAT] LEGEND+ < NUB> roll bakc
[10:43:34] [Client thread/INFO]: [CHAT] *  luna_translate is no longer AFK.
[10:43:37] [Client thread/INFO]: [CHAT] LEGEND+ <NiceAlex> thx
[10:43:37] [Client thread/INFO]: [CHAT] LucasLeprechaun - Removing all SKULL within 50 blocks of all players... Brace for lag!
[10:43:39] [Client thread/INFO]: [CHAT] LucasLeprechaun - Remove complete! 4384 blocks removed.
[10:43:43] [Client thread/INFO]: [CHAT] <Wattha> Crimson7200 where did you get your name from?
[10:43:45] [Client thread/INFO]: [CHAT] < GalaxyPikachuPL> i changed your nickname back
[10:43:47] [Client thread/INFO]: [CHAT] Klonmaciek has been a VERY naughty, naughty boy.
[10:43:47] [Client thread/INFO]: [CHAT] Banning: Klonmaciek, IP: 178.212.*.* - Reason: Griefing -Dicty
[10:43:47] [Client thread/INFO]: [CHAT] Klonmaciek died
[10:43:47] [Client thread/INFO]: [CHAT] Klonmaciek left the game
[10:43:48] [Client thread/INFO]: [CHAT] < GalaxyPikachuPL> Nick
[10:43:51] [Client thread/INFO]: [CHAT] LEGEND+ < NiceAlex> s
[10:44:01] [Client thread/INFO]: [CHAT] [TeamSoulDevour] < Dtrays> if anyone changes my name thier command will be DENIED by my client XD
[10:44:01] [Client thread/INFO]: [CHAT] < Vlad> x?? ????????
[10:44:03] [Client thread/INFO]: [CHAT] [TeamSoulDevour] < Dtrays> leag
[10:44:03] [Client thread/INFO]: [CHAT] [Helper] < TheRickPower978> lag
[10:44:12] [Client thread/INFO]: [CHAT] <Wattha> yay lag!
[10:44:12] [Client thread/INFO]: [CHAT] [Helper] < TheRickPower978> freeze everyone
[10:44:12] [Client thread/INFO]: [CHAT] < fanrota> alg
[10:44:12] [Client thread/INFO]: [CHAT] [Helper] < TheRickPower978> quickkkk
[10:44:12] [Client thread/INFO]: [CHAT] < Cookie> idk.
[10:44:12] [Client thread/INFO]: [CHAT] < fanrota> lag
[10:44:13] [Client thread/INFO]: [CHAT] < Bugrak> hiç bir ?ey olmaz ?
[10:44:13] [Client thread/INFO]: [CHAT] < fanrota> ``
[10:44:16] [Client thread/INFO]: [CHAT] MrDicty - Unloading unused chunks
[10:44:16] [Client thread/INFO]: [CHAT] [Helper] < TheRickPower978> lag
[10:44:17] [Client thread/INFO]: [CHAT] ALL intensive server activity halted by LucasLeprechaun.
[10:44:20] [Client thread/INFO]: [CHAT] [Helper] < TheRickPower978> phew
[10:44:21] [Client thread/INFO]: [CHAT] smoker left the game
[10:44:25] [Client thread/INFO]: [CHAT] < Bugrak> ?u anda banl? da deilim
[10:44:26] [Client thread/INFO]: [CHAT] [Helper] < TheRickPower978> Wattha
[10:44:27] [Client thread/INFO]: [CHAT] LucasLeprechaun - Removing all SKULL within 50 blocks of all players... Brace for lag!
[10:44:30] [Client thread/INFO]: [CHAT] [Helper] < TheRickPower978> as I said
[10:44:31] [Client thread/INFO]: [CHAT] LucasLeprechaun - Remove complete! 792 blocks removed.
[10:44:31] [Client thread/INFO]: [CHAT] <Wattha> stfu
[10:44:32] [Client thread/INFO]: [CHAT] <Wattha> pls
[10:44:33] [Client thread/INFO]: [CHAT] <Wattha> im begging you
[10:44:34] [Client thread/INFO]: [CHAT] <oliver1009921> um
[10:44:34] [Client thread/INFO]: [CHAT] <Wattha> o
[10:44:35] [Client thread/INFO]: [CHAT] <Wattha> to
[10:44:35] [Client thread/INFO]: [CHAT] LEGEND+ < NiceAlex> admin
[10:44:36] [Client thread/INFO]: [CHAT] <Wattha> shut
[10:44:36] [Client thread/INFO]: [CHAT] [TeamSoulDevour] < Dtrays> uh
[10:44:37] [Client thread/INFO]: [CHAT] <Wattha> the
[10:44:37] [Client thread/INFO]: [CHAT] <Wattha> fuck
[10:44:38] [Client thread/INFO]: [CHAT] <Wattha> up
[10:44:39] [Client thread/INFO]: [CHAT] <Wattha> please
[10:44:45] [Client thread/INFO]: [CHAT] [TeamSoulDevour] < Dtrays> if anyone tries to change my name they will fail
[10:44:45] [Client thread/INFO]: [CHAT] [Helper] < TheRickPower978> we could be friends if you weren't so bad player, so noob and dirty
[10:44:46] [Client thread/INFO]: [CHAT] LEGEND+ < NiceAlex> BugraaK is teleport to me
[10:45:01] [Client thread/INFO]: [CHAT] LEGEND+ < NiceAlex> is do /tp NiceAlex BugraaK
[10:45:01] [Client thread/INFO]: [CHAT] [CC][TFG] < Cookie> Wattha, don't spam plox
[10:45:02] [Client thread/INFO]: [CHAT] CONSOLE - Opping all players on the server
[10:45:02] [Client thread/INFO]: [CHAT] You are now op!
[10:45:04] [Client thread/INFO]: [CHAT] BugraaK was slain by arthurcraft_65
[10:45:08] [Client thread/INFO]: [CHAT] [TeamSoulDevour] < Dtrays> lol
[10:45:08] [Client thread/INFO]: [CHAT] [Helper] < TheRickPower978> I'm still having lag spikes
[10:45:08] [Client thread/INFO]: [CHAT] *  NiceAlex is now AFK.
[10:45:09] [Client thread/INFO]: [CHAT] < Bugrak> bi dur
[10:45:11] [Client thread/INFO]: [CHAT] <arthurcraft_65> desculp
[10:45:12] [Client thread/INFO]: [CHAT] [SA] < MrDicty> Wattha please no profanity in reports
[10:45:17] [Client thread/INFO]: [CHAT] < TheRickPower978> admin
[10:52:03] [Client thread/INFO]: Connecting to play.totalfreedom.me., 25565
[10:52:03] [Client thread/INFO]: [CHAT] [LibsDisguises] There is a update ready to be downloaded! You are using v9.3.0-SNAPSHOT, the new version is v9.5.0!
[10:52:03] [Client thread/INFO]: [CHAT] VideoGameSmash12 joined the game
[10:52:04] [Client thread/INFO]: [CHAT] Welcome to TotalFreedom, VideoGameSmash12!
[10:52:04] [Client thread/INFO]: [CHAT] The server's name does not imply that we have no rules. Please read them (/rules)
[10:52:04] [Client thread/INFO]: [CHAT] Type /help for a list of commands.
[10:52:04] [Client thread/INFO]: [CHAT] Type /list to see who else is online.
[10:52:04] [Client thread/INFO]: [CHAT] Players online: 17 - World time: 12:00 PM
[10:52:04] [Client thread/INFO]: [CHAT] You have no new mail.
[10:52:06] [Client thread/INFO]: [CHAT] < Premintex> hey video
[10:52:07] [Client thread/INFO]: [CHAT] CC][TFG] < Cookie> wb VideoGameSmash12
[10:52:09] [Client thread/INFO]: [CHAT] <VideoGameSmash12> I am making slow progress.
[10:52:10] [Client thread/INFO]: [CHAT] <Wattha> TheRickPower978 not that i just said that
[10:52:10] [Client thread/INFO]: [CHAT] < Premintex> i got suspended
[10:52:15] [Client thread/INFO]: [CHAT] <AtomikBOT> Heya crimson/
[10:52:19] [Client thread/INFO]: [CHAT] <VideoGameSmash12> what the fuck did you do
[10:52:22] [Client thread/INFO]: [CHAT] CC][TFG] < Cookie> Hello Atomik
[10:52:25] [Client thread/INFO]: [CHAT] < Premintex> nothing, someone impostered me
[10:52:29] [Client thread/INFO]: [CHAT] < Premintex> lol
[10:52:30] [Client thread/INFO]: [CHAT] <AtomikBOT> 'll be on in a bit
[10:52:35] [Client thread/INFO]: [CHAT] <VideoGameSmash12> get fucked kid
[10:52:42] [Client thread/INFO]: [CHAT] < Premintex> im not suspended lol
[10:52:42] [Client thread/INFO]: [CHAT] < Wolfie> GUYS i verifed now can i
[10:52:44] [Client thread/INFO]: [CHAT] <VideoGameSmash12> lol
[10:52:47] [Client thread/INFO]: [CHAT] <Wattha> Premintex that's what I used to do when someone wasn't added
[10:52:53] [Client thread/INFO]: [CHAT] < luna_translate> who you&
[10:52:54] [Client thread/INFO]: [CHAT] < Wolfie> can a staff aproval
[10:52:55] [Client thread/INFO]: [CHAT] < luna_translate> who you?
[10:53:01] [Client thread/INFO]: [CHAT] arthurcraft_65 teleported you to AtomikBOT.
[10:53:02] [Client thread/INFO]: [CHAT] Teleporting...
[10:53:05] [Client thread/INFO]: [CHAT] Returning to previous location.
[10:53:09] [Client thread/INFO]: [CHAT] < Wolfie> WolfieTheWolf93
[10:53:14] [Client thread/INFO]: [CHAT] [Helper] < TheRickPower978> Wattha
[10:53:16] [Client thread/INFO]: [CHAT] < luna_translate> -_-
[10:53:19] [Client thread/INFO]: [CHAT] <Wattha> TheRickPower978 hush
[10:53:20] [Client thread/INFO]: [CHAT] [Helper] < TheRickPower978> use your cheats to add Premintex
[10:53:27] [Client thread/INFO]: [CHAT] <Wattha> just stfu pls
[10:53:31] [Client thread/INFO]: [CHAT] CC][TFG] < Cookie> TheRickPower978, how about you be quiet.
[10:53:34] [Client thread/INFO]: [CHAT] *  luna_translate kille
[10:53:35] [Client thread/INFO]: [CHAT] *  luna_translate killed
[10:53:45] [Client thread/INFO]: [CHAT] < luna_translate> xD
[10:53:49] [Client thread/INFO]: [CHAT] < luna_translate> xD!
[10:53:50] [Client thread/INFO]: [CHAT] <Wattha> wow major lag spikes
[10:53:52] [Client thread/INFO]: [CHAT] [Helper] < TheRickPower978> Crimson7200 calm down!!!!!! don't panic!!!!!!!
[10:53:53] [Client thread/INFO]: [CHAT] < luna_translate> xD
[10:53:56] [Client thread/INFO]: [CHAT] < luna_translate> xD!
[10:53:57] [Client thread/INFO]: [CHAT] [Helper] < TheRickPower978> XD
[10:53:58] [Client thread/INFO]: [CHAT] < luna_translate> xD
[10:53:59] [Client thread/INFO]: [CHAT] < luna_translate> xD!
[10:54:02] [Client thread/INFO]: [CHAT] There are 17 out of a maximum 45 players online.
[10:54:02] [Client thread/INFO]: [CHAT] Connected players: [OP]TheRickPower978, [OP]WolfieTheWolf93, [OP]fanrota, [OP]Wattha, [OP]Crimson7200, [OP]GalaxyPikachuPL, [OP]panlong10, [OP]1212233, [OP]CrackIdek, [Imp]Premintex, [STA]Tango_Mango, [OP]brunoprobrnoobvv, [OP]smoker, [SA]MrDicty, [OP]AtomikBOT, [OP]arthurcraft_65, [OP]VideoGameSmash12
[10:54:05] [Client thread/INFO]: [CHAT] WolfieTheWolf93 left the game
[10:54:12] [Client thread/INFO]: [CHAT] < luna_translate> -_-
[10:54:15] [Client thread/INFO]: [CHAT] CC][TFG] < Cookie> 1212233 don't spam plox.
[10:54:23] [Client thread/INFO]: [CHAT] <Wattha> xD!
[10:54:23] [Client thread/INFO]: [CHAT] WolfieTheWolf93 joined the game
[10:54:37] [Client thread/INFO]: [CHAT] [Helper] < TheRickPower978> panlong10
[10:54:43] [Client thread/INFO]: [CHAT] < Wolfie> I verified acount waiting staff aproval pls
[10:54:43] [Client thread/INFO]: [CHAT] [Helper] < TheRickPower978> gg for the golden suit
[10:54:44] [Client thread/INFO]: [CHAT] < NiceliyGUY> yes?
[10:54:52] [Client thread/INFO]: [CHAT] < NiceliyGUY> hmm
[10:54:53] [Client thread/INFO]: [CHAT] < Premintex> wolfie]
[10:54:55] [Client thread/INFO]: [CHAT] < Premintex> you're not an admin
[10:54:59] [Client thread/INFO]: [CHAT] < NiceliyGUY> ?m a horror man :D
[10:55:00] [Client thread/INFO]: [CHAT] < Premintex> oh
[10:55:00] [Client thread/INFO]: [CHAT] *  GalaxyPikachuPL is now AFK.
[10:55:01] [Client thread/INFO]: [CHAT] < Premintex> nvm
[10:55:05] [Client thread/INFO]: [CHAT] < NiceliyGUY> xD
[10:55:07] [Client thread/INFO]: [CHAT] < Premintex> ignoer what i said
[10:55:14] [Client thread/INFO]: [CHAT] CC][TFG] < Cookie> WolfieTheWolf93, wait for your forum account to be added, don't keep shoving down our throat.
[10:55:19] [Client thread/INFO]: [CHAT] <Wattha> ignoer
[10:55:21] [Client thread/INFO]: [CHAT] PowerMMCYT joined the game
[10:55:24] [Client thread/INFO]: [CHAT] <PowerMMCYT> who has realms
[10:55:25] [Client thread/INFO]: [CHAT] < fanrota> lag
[10:55:26] [Client thread/INFO]: [CHAT] Wattha - Opping PowerMMCYT
[10:55:28] [Client thread/INFO]: [CHAT] <VideoGameSmash12> Nice meme.
[10:55:34] [Client thread/INFO]: [CHAT] [Helper] < TheRickPower978> Watthafack
[10:55:34] [Client thread/INFO]: [CHAT] <PowerMMCYT> what mem
[10:55:36] [Client thread/INFO]: [CHAT] CC][TFG] < Cookie> VideoGameSmash12, niceme.me
[10:55:37] [Client thread/INFO]: [CHAT] <PowerMMCYT> meme
[10:55:43] [Client thread/INFO]: [CHAT] <Wattha> ShutTheFackUp
[10:55:47] [Client thread/INFO]: [CHAT] < Wolfie> ill just view it as a guest
[10:55:53] [Client thread/INFO]: [CHAT] < Premintex> it's ShatthaFackup
[10:55:54] [Client thread/INFO]: [CHAT] <arthurcraft_65> P
[10:55:58] [Client thread/INFO]: [CHAT] <smoker> t
[10:55:59] [Client thread/INFO]: [CHAT] <Wattha> oh
[10:56:02] [Client thread/INFO]: [CHAT] CC][TFG] < Cookie> You can't WolfieTheWolf93
[10:56:04] [Client thread/INFO]: [CHAT] [Helper] < TheRickPower978> Wattha ShutTheFuck(Wattha has vagina instead)Up
[10:56:11] [Client thread/INFO]: [CHAT] <PowerMMCYT> who has fireworks
[10:56:11] [Client thread/INFO]: [CHAT] < Wolfie> oh
[10:56:19] [Client thread/INFO]: [CHAT] fanrota left the game
[10:56:29] [Client thread/INFO]: [CHAT] [Helper] < TheRickPower978> WolfieTheWolf93
[10:56:33] [Client thread/INFO]: [CHAT] [Helper] < TheRickPower978> Wattha*
[10:56:39] [Client thread/INFO]: [CHAT] <Wattha> WHAT the FUCK do YOU want?!
[10:56:39] [Client thread/INFO]: [CHAT] *  GalaxyPikachuPL is no longer AFK.
[10:56:39] [Client thread/INFO]: [CHAT] < GalaxyPikachuPL> why i cant make splash potion?
[10:56:45] [Client thread/INFO]: [CHAT] fanrota joined the game
[10:56:49] [Client thread/INFO]: [CHAT] CC][TFG] < Cookie> Splash Potions don't work.
[10:56:58] [Client thread/INFO]: [CHAT] [Helper] < TheRickPower978> don't call MrDicty MrDirty, it isn't a good thing
[10:57:00] [Client thread/INFO]: [CHAT] *  fanrota all warp pvp
[10:57:07] [Client thread/INFO]: [CHAT] < GalaxyPikachuPL> i want to make arrow
[10:57:14] [Client thread/INFO]: [CHAT] < GalaxyPikachuPL> make potion arrow
[10:57:22] [Client thread/INFO]: [CHAT] *  MrDicty is now AFK.
[10:57:22] [Client thread/INFO]: [CHAT] CC][TFG] < Cookie> ./i tipped_arrow
[10:57:22] [Client thread/INFO]: [CHAT] <smoker> tttt
[10:57:23] [Client thread/INFO]: [CHAT] <PowerMMCYT> put the potion on the arrowe
[10:57:26] [Client thread/INFO]: [CHAT] *  fanrota all warp pvp
[10:57:28] [Client thread/INFO]: [CHAT] < Premintex> use /ai to get a rank
[10:57:32] [Client thread/INFO]: [CHAT] * AtomikBOT is now AFK.
[10:57:32] [Client thread/INFO]: [CHAT] <PowerMMCYT> hand me the potion
[10:57:40] [Client thread/INFO]: [CHAT] <PowerMMCYT> i wanna try something
[10:57:49] [Client thread/INFO]: [CHAT] *  fanrota all warp pvp
[10:57:50] [Client thread/INFO]: [CHAT] <Wattha> TheRickPower978 I didn't even call MrDicty MrDirty
[10:57:52] [Client thread/INFO]: [CHAT] <Wattha> just stfu
[10:57:52] [Client thread/INFO]: [CHAT] <CrackIdek> ziabka
[10:57:54] [Client thread/INFO]: [CHAT] CC][TFG] < Cookie> Use //limit 10001 to get de-opped
[10:57:55] [Client thread/INFO]: [CHAT] <Wattha> i dont want you to trash talk
[10:57:59] [Client thread/INFO]: [CHAT] <Wattha> i dont want you to chat with me
[10:57:59] [Client thread/INFO]: [CHAT] < Premintex> dirty
[10:58:01] [Client thread/INFO]: [CHAT] [Helper] < TheRickPower978> Wattha
[10:58:02] [Client thread/INFO]: [CHAT] *  Tango_Mango is now AFK.
[10:58:05] [Client thread/INFO]: [CHAT] Admeda is a superadmin and a puggod
[10:58:05] [Client thread/INFO]: [CHAT] Admeda joined the game
[10:58:08] [Client thread/INFO]: [CHAT] <Wattha> hi Admeda
[10:58:09] [Client thread/INFO]: [CHAT] < Premintex> hey admeda
[10:58:11] [Client thread/INFO]: [CHAT] [CC][TFG] < Cookie> wb Admeda, the pug
[10:58:19] [Client thread/INFO]: [CHAT] *  fanrota all warp pvp
[10:58:19] [Client thread/INFO]: [CHAT] < GalaxyPikachuPL> griefer!!!
[10:58:22] [Client thread/INFO]: [CHAT] < GalaxyPikachuPL> HELP
[10:58:32] [Client thread/INFO]: [CHAT] MrDicty left the game
[10:58:32] [Client thread/INFO]: [CHAT] panlong10 was slain by brunoprobrnoobvv
[10:58:34] [Client thread/INFO]: [CHAT] <Wattha> k warp pvp is pretty much griefed already
[10:58:36] [Client thread/INFO]: [CHAT] [Helper] < TheRickPower978> Wattha why are you so bad here?
[10:58:38] [Client thread/INFO]: [CHAT] < GalaxyPikachuPL> HELP GRIEFER!!!!!!!!!!!!!!!!!!!!
[10:58:43] [Client thread/INFO]: [CHAT] [CC][TFG] < Cookie> ./report
[10:58:45] [Client thread/INFO]: [CHAT] <Wattha> TheRickPower978 why can't you stfu?
[10:58:48] [Client thread/INFO]: [CHAT] < Premintex> why the fuck are admins not doing shit
[10:58:49] [Client thread/INFO]: [CHAT] < GalaxyPikachuPL> idk what is it!
[10:58:50] [Client thread/INFO]: [CHAT] <CrackIdek> GalaxyPikachuPL, report him
[10:58:54] [Client thread/INFO]: [CHAT] [Helper] < TheRickPower978> the first time I wanted to be your friend
[10:58:56] [Client thread/INFO]: [CHAT] <Wattha> Premintex ikr
[10:58:56] [Client thread/INFO]: [CHAT] < GalaxyPikachuPL> idk who are the griefer
[10:58:58] [Client thread/INFO]: [CHAT] [Helper] < TheRickPower978> you can fix this
[10:59:10] [Client thread/INFO]: [CHAT] <Wattha> TheRickPower978 stfu
[10:59:13] [Client thread/INFO]: [CHAT] <Wattha> dont want to be ur friend
[10:59:15] [Client thread/INFO]: [CHAT] < fanrota> someone cleared my inv
[10:59:18] [Client thread/INFO]: [CHAT] < NiceliyGUY> hi ?m horror man :D
[10:59:20] [Client thread/INFO]: [CHAT] WolfieTheWolf93 left the game
[10:59:22] [Client thread/INFO]: [CHAT] Michael2960o is a Telnet Clan Admin
[10:59:22] [Client thread/INFO]: [CHAT] Michael2960o joined the game
[10:59:25] [Client thread/INFO]: [CHAT] <CrackIdek> ok, rlly
[10:59:26] [Client thread/INFO]: [CHAT] < Premintex> lion
[10:59:26] [Client thread/INFO]: [CHAT] < Premintex> add me
[10:59:26] [Client thread/INFO]: [CHAT] < NiceliyGUY> one minute
[10:59:28] [Client thread/INFO]: [CHAT] [STA] <Michael2960o> Wwhat
[10:59:29] [Client thread/INFO]: [CHAT] [STA] <Michael2960o> No
[10:59:29] [Client thread/INFO]: [CHAT] [STA] <Michael2960o> Jk
[10:59:30] [Client thread/INFO]: [CHAT] [CC][TFG] < Cookie> wb Michael2960o
[10:59:30] [Client thread/INFO]: [CHAT] < Premintex> 1234718902 griefers
[10:59:34] [Client thread/INFO]: [CHAT] < fanrota> Premintex
[10:59:38] [Client thread/INFO]: [CHAT] < Premintex> those 3 admins wont do shit
[10:59:39] [Client thread/INFO]: [CHAT] <Wattha> 1212233 griefers?
[10:59:43] [Client thread/INFO]: [CHAT] <CrackIdek> how you paritcle GalaxyPikachuPL?
[10:59:47] [Client thread/INFO]: [CHAT] < fanrota> Premintex.
[10:59:47] [Client thread/INFO]: [CHAT] <Wattha> Premintex seeeeeeeeeeeeeeeeeeeeeeee
[10:59:49] [Client thread/INFO]: [CHAT] [STA] <Michael2960o> Oh well..
[10:59:52] [Client thread/INFO]: [CHAT] [STA] <Michael2960o> Re-verify
[10:59:54] [Client thread/INFO]: [CHAT] < fanrota> Michael2960o
[10:59:55] [Client thread/INFO]: [CHAT] <Wattha> Premintex goodmin
[10:59:55] [Client thread/INFO]: [CHAT] < Premintex> k
[10:59:55] [Client thread/INFO]: [CHAT] < GalaxyPikachuPL> oh i forgot
[10:59:56] [Client thread/INFO]: [CHAT] [STA] <Michael2960o> Yes?
[11:00:00] [Client thread/INFO]: [CHAT] < fanrota> someone cleared my inv
[11:00:01] [Client thread/INFO]: [CHAT] Crimson7200 left the game
[11:00:02] [Client thread/INFO]: [CHAT] Admeda left the game
[11:00:02] [Client thread/INFO]: [CHAT] [TotalFreedom] Save your builds by doing //wand then select the 2 points. Type //copy then type //schem save [name of build]. To spawn your build back, do //schem load [name of build]. Then, you are all set!
[11:00:02] [Client thread/INFO]: [CHAT] CONSOLE - Opping all players on the server
[11:00:02] [Client thread/INFO]: [CHAT] You are now op!
[11:00:12] [Client thread/INFO]: [CHAT] < fanrota> PowerMMCYT is griefing
[11:00:14] [Client thread/INFO]: [CHAT] [STA] <Michael2960o> Do you really think I can know that?
[11:00:14] [Client thread/INFO]: [CHAT] <Wattha> warp pvp is ded
[11:00:14] [Client thread/INFO]: [CHAT] PowerMMCYT left the game
[11:00:16] [Client thread/INFO]: [CHAT] [STA] <Michael2960o> I just joined
[11:00:17] [Client thread/INFO]: [CHAT] < Premintex> verevefied
[11:00:22] [Client thread/INFO]: [CHAT] Crimson7200 joined the game