[11:08:57] [Client thread/INFO]: Connecting to play.totalfreedom.me., 28965
[11:08:58] [Client thread/INFO]: [CHAT] VideoGameSmash12 is a Super Telnet Admin
[11:08:58] [Client thread/INFO]: [CHAT] VideoGameSmash12 joined the game.
[11:08:58] [Client thread/INFO]: [CHAT] PMCce28dd0f68c70a25ab3288720dabafde
[11:08:58] [Client thread/INFO]: [CHAT] Server IP is changing soon! Only use play.totalfreedom.me
[11:08:58] [Client thread/INFO]: [CHAT] Type /help for a list of commands.
[11:08:58] [Client thread/INFO]: [CHAT] Save your builds with World Edit or lose them
[11:08:58] [Client thread/INFO]: [CHAT] Read our website at www.totalfreedom.me to find out how
[11:08:58] [Client thread/INFO]: [CHAT] Read the rules
[11:08:58] [Client thread/INFO]: [CHAT] Read our only authorized forum at www.totalfreedom.boards.net
[11:08:58] [Client thread/INFO]: [CHAT] You have no new mail.
[11:08:58] [Client thread/INFO]: [CHAT] Set fly mode enabled for VideoGameSmash12.
[11:08:59] [Client thread/INFO]: [CHAT] < LELLEL> :/
[11:09:04] [Client thread/INFO]: [CHAT] There are 12 out of a maximum 35 players online.
[11:09:04] [Client thread/INFO]: [CHAT] Connected admins: [SA]AnnikaKhot, [SA]_Pedo__Bear_, [STA]VideoGameSmash12
[11:09:05] [Client thread/INFO]: [CHAT] <[Op Helper] Skyler> there wings :D
[11:09:05] [Client thread/INFO]: [CHAT] DevinG1122 left the game.
[11:09:08] [Client thread/INFO]: [CHAT] [ADMIN] AnnikaKhot [SA]: Hi video
[11:09:14] [Client thread/INFO]: [CHAT] You have been given the skull of VideoGameSmash12.
[11:09:24] [Client thread/INFO]: [CHAT] Error: [Super Admin] AnnikaKhot has teleportation disabled.
[11:09:26] [Client thread/INFO]: [CHAT] AnnikaKhot - Cleared all potion effects from all players
[11:09:27] [Client thread/INFO]: [CHAT] Teleporting...
[11:09:42] [Client thread/INFO]: [CHAT] lucas051 joined the game.
[11:09:44] [Client thread/INFO]: [CHAT] lucas051 left the game.
[11:09:44] [Client thread/INFO]: [CHAT] CommandSpy enabled.
[11:09:47] [Client thread/INFO]: [CHAT] SupItsMike: /i head 1 397:3
[11:09:48] [Client thread/INFO]: [CHAT] Dr_Ballistic: /afk
[11:09:48] [Client thread/INFO]: [CHAT] *  Dr_Ballistic is now AFK.
[11:09:51] [Client thread/INFO]: [CHAT] Doomknight132: /friend list
[11:09:59] [Client thread/INFO]: [CHAT] [ADMIN] AnnikaKhot [SA]: Do we smite people who kill others in creative with a creative killing potion
[11:10:01] [Client thread/INFO]: [CHAT] procrafter288: /msg mr wanna make a video with backrounds and stuff beacuse i never been on youtube
[11:10:02] [Client thread/INFO]: [CHAT] elohel523: //sey 57
[11:10:02] [Client thread/INFO]: [CHAT] Dr_Ballistic: /afk
[11:10:02] [Client thread/INFO]: [CHAT] *  Dr_Ballistic is no longer AFK.
[11:10:04] [Client thread/INFO]: [CHAT] elohel523: //set 57
[11:10:05] [Client thread/INFO]: [CHAT] ShatteredExpert has been a naughty, naughty boy.
[11:10:05] [Client thread/INFO]: [CHAT] ShatteredExpert died
[11:10:06] [Client thread/INFO]: [CHAT] lanz13: /give lanz13 397 1 3 {skullowner:"deadlox"}
[11:10:08] [Client thread/INFO]: [CHAT] Dr_Ballistic: /give dr_ballistic 52 1
[11:10:08] [Client thread/INFO]: [CHAT] [ADMIN] VideoGameSmash12 [STA]: Yes
[11:10:09] [Client thread/INFO]: [CHAT] SupItsMike left the game.
[11:10:13] [Client thread/INFO]: [CHAT] <Rorona Zoro> top with the hacked potions geez
[11:10:13] [Client thread/INFO]: [CHAT] ShatteredExpert: /cretive
[11:10:14] [Client thread/INFO]: [CHAT] [ADMIN] AnnikaKhot [SA]: Okay.
[11:10:20] [Client thread/INFO]: [CHAT] Doomknight132: /gms
[11:10:20] [Client thread/INFO]: [CHAT] [Server:VideoGameSmash12] Don't use death potion
[11:10:22] [Client thread/INFO]: [CHAT] Doomknight132: /gmc
[11:10:23] [Client thread/INFO]: [CHAT] Doomknight132: /gms
[11:10:23] [Client thread/INFO]: [CHAT] ShatteredExpert: /cretive
[11:10:24] [Client thread/INFO]: [CHAT] elohel523: //set 57
[11:10:25] [Client thread/INFO]: [CHAT] SupItsMike joined the game.
[11:10:26] [Client thread/INFO]: [CHAT] SupItsMike left the game.
[11:10:26] [Client thread/INFO]: [CHAT] procrafter288: /msg dr can u return somthing back?
[11:10:27] [Client thread/INFO]: [CHAT] lanz13: /give lanz13 397 1 3 {skullowner:"truemu"}
[11:10:29] [Client thread/INFO]: [CHAT] ShatteredExpert: /creative
[11:10:34] [Client thread/INFO]: [CHAT] Doomknight132: /fly
[11:10:35] [Client thread/INFO]: [CHAT] Doomknight132: /god
[11:10:36] [Client thread/INFO]: [CHAT] Doomknight132: /god
[11:10:37] [Client thread/INFO]: [CHAT] elohel523: /up 1
[11:10:40] [Client thread/INFO]: [CHAT] Dr_Ballistic: /r ok
[11:10:46] [Client thread/INFO]: [CHAT] elohel523: //set 57
[11:10:50] [Client thread/INFO]: [CHAT] OxLemonxO joined the game.
[11:10:52] [Client thread/INFO]: [CHAT] Dr_Ballistic: /r do u know how to get a spawner
[11:10:59] [Client thread/INFO]: [CHAT] procrafter288: /msg dr no :(
[11:11:03] [Client thread/INFO]: [CHAT] Doomknight132: /i potion
[11:11:03] [Client thread/INFO]: [CHAT] Dr_Ballistic: /r ok il show u