[20:00:47] [Client thread/INFO]: Connecting to play.totalfreedom.me., 28965
[20:00:48] [Client thread/INFO]: [CHAT] VideoGameSmash12 is a Super Telnet Admin
[20:00:48] [Client thread/INFO]: [CHAT] VideoGameSmash12 joined the game.
[20:00:49] [Client thread/INFO]: [CHAT] Server IP is changing soon! Only use play.totalfreedom.me
[20:00:49] [Client thread/INFO]: [CHAT] Type /help for a list of commands.
[20:00:49] [Client thread/INFO]: [CHAT] Save your builds with World Edit or lose them
[20:00:49] [Client thread/INFO]: [CHAT] Read our website at www.totalfreedom.me to find out how
[20:00:49] [Client thread/INFO]: [CHAT] Read the rules
[20:00:49] [Client thread/INFO]: [CHAT] Read our only authorized forum at www.totalfreedom.boards.net
[20:00:49] [Client thread/INFO]: [CHAT] You have no new mail.
[20:00:49] [Client thread/INFO]: [CHAT] Welcome VideoGameSmash12 to the server!
[20:00:50] [Client thread/INFO]: [CHAT] deluxe1928 has been a naughty, naughty boy.
[20:00:50] [Client thread/INFO]: [CHAT] deluxe1928 died
[20:00:53] [Client thread/INFO]: [CHAT] [Server:Lead_Falcon] Don't nick others
[20:00:54] [Client thread/INFO]: [CHAT] There are 20 out of a maximum 35 players online.
[20:00:54] [Client thread/INFO]: [CHAT] Connected admins: [STA]Lead_Falcon, [STA]VideoGameSmash12
[20:00:55] [Client thread/INFO]: [CHAT] Lead_Falcon - Opping all players on the server
[20:00:55] [Client thread/INFO]: [CHAT] You are now op!
[20:00:56] [Client thread/INFO]: [CHAT] <[Helper] Stormed> wtf
[20:00:58] [Client thread/INFO]: [CHAT] <AlisonBlaze> Nguyen2 stop!
[20:00:59] [Client thread/INFO]: [CHAT] [ADMIN] VideoGameSmash12 [STA]: Hi lead
[20:00:59] [Client thread/INFO]: [CHAT] <Nguyen2> AlisonBlaze
[20:01:02] [Client thread/INFO]: [CHAT] <Nguyen2> build a house
[20:01:03] [Client thread/INFO]: [CHAT] <AlisonBlaze> what
[20:01:05] [Client thread/INFO]: [CHAT] jedimaster_27 left the game.
[20:01:06] [Client thread/INFO]: [CHAT] < Missingno> hey! Kirby!
[20:01:06] [Client thread/INFO]: [CHAT] <AlisonBlaze> FINE
[20:01:10] [Client thread/INFO]: [CHAT] <[Enforcer] Nicki_7400> Kirby?
[20:01:11] [Client thread/INFO]: [CHAT] <Nguyen2> use the wood axe for world edit
[20:01:14] [Client thread/INFO]: [CHAT] <GayPerson 1> yay im showing off that im gay'
[20:01:14] [Client thread/INFO]: [CHAT] [ADMIN] Lead_Falcon [STA]: Hia
[20:01:16] [Client thread/INFO]: [CHAT] < Missingno> tp for me
[20:01:18] [Client thread/INFO]: [CHAT] Lead_Falcon - Opping all players on the server
[20:01:18] [Client thread/INFO]: [CHAT] You are now op!
[20:01:24] [Client thread/INFO]: [CHAT] <[Enforcer] Nicki_7400> wow
[20:01:25] [Client thread/INFO]: [CHAT] < Missingno> tp to me
[20:01:27] [Client thread/INFO]: [CHAT] < Missingno> I mean
[20:01:28] [Client thread/INFO]: [CHAT] <[Enforcer] Nicki_7400> Kirby
[20:01:37] [Client thread/INFO]: [CHAT] <[Enforcer] Nicki_7400> Eveyone tp to me
[20:01:40] [Client thread/INFO]: [CHAT] <AlisonBlaze> no
[20:01:48] [Client thread/INFO]: [CHAT] Cleared all inventory items from VideoGameSmash12.
[20:01:49] [Client thread/INFO]: [CHAT] <[Enforcer] Nicki_7400> I accept it
[20:01:52] [Client thread/INFO]: [CHAT] < Missingno> guys, how do I make those planet things again with world edit?
[20:02:01] [Client thread/INFO]: [CHAT] <AlisonBlaze> sphere?
[20:02:02] [Client thread/INFO]: [CHAT] <[Telnet Admin] Lead_Falcon> .//sphere
[20:02:03] [Client thread/INFO]: [CHAT] <[Telnet Admin] Lead_Falcon> ?
[20:02:03] [Client thread/INFO]: [CHAT] < Missingno> yeah
[20:02:04] [Client thread/INFO]: [CHAT] Error: Player not found.
[20:02:06] [Client thread/INFO]: [CHAT] <AlisonBlaze> ?
[20:02:07] [Client thread/INFO]: [CHAT] <[Telnet Admin] Lead_Falcon> .//hshere
[20:02:07] [Client thread/INFO]: [CHAT] Error: Player not found.
[20:02:07] [Client thread/INFO]: [CHAT] <cheeseTastesGood cutezone_03> kirby!
[20:02:15] [Client thread/INFO]: [CHAT] <cheeseTastesGood cutezone_03> awesome!!!!!!
[20:02:15] [Client thread/INFO]: [CHAT] < Missingno> uuuuh
[20:02:20] [Client thread/INFO]: [CHAT] kieran3810 is a Super Admin
[20:02:20] [Client thread/INFO]: [CHAT] kieran3810 joined the game.
[20:02:21] [Client thread/INFO]: [CHAT] toby123879 joined the game.
[20:02:23] [Client thread/INFO]: [CHAT] sneakyninja2003 left the game.
[20:02:26] [Client thread/INFO]: [CHAT] [ADMIN] kieran3810 [SA]: yo
[20:02:29] [Client thread/INFO]: [CHAT] toby123879 left the game.
[20:02:30] [Client thread/INFO]: [CHAT] cutezone_03 left the game.
[20:02:31] [Client thread/INFO]: [CHAT] Alison20042004 joined the game.
[20:02:31] [Client thread/INFO]: [CHAT] Welcome Alison20042004 to the server!
[20:02:32] [Client thread/INFO]: [CHAT] <Nguyen2> Alison
[20:02:34] [Client thread/INFO]: [CHAT] <Nguyen2> build?
[20:02:34] [Client thread/INFO]: [CHAT] Nguyen2 has been a naughty, naughty boy.
[20:02:34] [Client thread/INFO]: [CHAT] Nguyen2 died
[20:02:36] [Client thread/INFO]: [CHAT] <AlisonBlaze> Nguyen2 STOP
[20:02:37] [Client thread/INFO]: [CHAT] [Server:kieran3810] Dont tp others
[20:02:40] [Client thread/INFO]: [CHAT] <AlisonBlaze> i DID
[20:02:45] [Client thread/INFO]: [CHAT] kieran3810 - Opping all players on the server
[20:02:45] [Client thread/INFO]: [CHAT] You are now op!
[20:02:51] [Client thread/INFO]: [CHAT] <Nguyen2> Alison
[20:02:51] [Client thread/INFO]: [CHAT] <Nguyen2> where
[20:02:58] [Client thread/INFO]: [CHAT] <AlisonBlaze> here
[20:02:59] [Client thread/INFO]: [CHAT] <Nguyen2> oh cool
[20:03:00] [Client thread/INFO]: [CHAT] <AlisonBlaze> :P
[20:03:03] [Client thread/INFO]: [CHAT] Alison20042004 - Opping Alison20042004
[20:03:04] [Client thread/INFO]: [CHAT] <AlisonBlaze> no lol
[20:03:07] [Client thread/INFO]: [CHAT] <AlisonBlaze> O_O
[20:03:09] [Client thread/INFO]: [CHAT] ChrisCuber123 - Opping carlitos900
[20:03:10] [Client thread/INFO]: [CHAT] <AlisonBlaze> WTH
[20:03:14] [Client thread/INFO]: [CHAT] ChrisCuber123 - Opping ChrisCuber123
[20:03:16] [Client thread/INFO]: [CHAT] <AlisonBlaze> someone is trying my account!
[20:03:22] [Client thread/INFO]: [CHAT] <AlisonBlaze> admini
[20:03:23] [Client thread/INFO]: [CHAT] < DoctorWhoviann> the diamond minecrat! :()
[20:03:24] [Client thread/INFO]: [CHAT] [ADMIN] kieran3810 [SA]: Ello
[20:03:26] [Client thread/INFO]: [CHAT] <[Telnet Admin] Lead_Falcon> Yea?
[20:03:29] [Client thread/INFO]: [CHAT] <Alison20042004> hi other Alison
[20:03:30] [Client thread/INFO]: [CHAT] [ADMIN] VideoGameSmash12 [STA]: Hi.
[20:03:31] [Client thread/INFO]: [CHAT] [Server:Lead_Falcon] ChrisCuber123 stop spamming
[20:03:34] [Client thread/INFO]: [CHAT] <Nguyen2> duia\
[20:03:35] [Client thread/INFO]: [CHAT] <AlisonBlaze> someone is giving allot of diamond for no reason
[20:03:36] [Client thread/INFO]: [CHAT] <GayPerson 1> im not spamming
[20:03:36] [Client thread/INFO]: [CHAT] [Server:Lead_Falcon] Next time it's a day long ban
[20:03:37] [Client thread/INFO]: [CHAT] <AlisonBlaze> ...
[20:03:37] [Client thread/INFO]: [CHAT] < DoctorWhoviann> *minecart
[20:03:43] [Client thread/INFO]: [CHAT] Lead_Falcon - Opping all players on the server
[20:03:43] [Client thread/INFO]: [CHAT] You are now op!
[20:03:49] [Client thread/INFO]: [CHAT] CommandSpy enabled.
[20:03:50] [Client thread/INFO]: [CHAT] Rayquaza239: /ptime 04:04
[20:03:50] [Client thread/INFO]: [CHAT] carlitos900: /tp carlitos900 to poop
[20:03:52] [Client thread/INFO]: [CHAT] Nguyen2: /invsee alison
[20:03:52] [Client thread/INFO]: [CHAT] ChrisCuber123: /ptime night
[20:03:54] [Client thread/INFO]: [CHAT] Stormed14490: /survival
[20:03:55] [Client thread/INFO]: [CHAT] VideoGameSmash12's time is normal and matches the server.
[20:03:56] [Client thread/INFO]: [CHAT] Nicki_7400: //hsphere glass 10
[20:03:58] [Client thread/INFO]: [CHAT] GanghamStyle34: /tp chriscuber123
[20:03:59] [Client thread/INFO]: [CHAT] Adjust player's client time. Add @ prefix to fix.
[20:03:59] [Client thread/INFO]: [CHAT] /ptime [list|reset|day|night|dawn|17:30|4pm|4000ticks] [player|*]
[20:04:01] [Client thread/INFO]: [CHAT] Stormed14490: /god
[20:04:02] [Client thread/INFO]: [CHAT] Rayquaza239: /ptime 03:57
[20:04:02] [Client thread/INFO]: [CHAT] Stormed14490 was slain by §e[§1Helper§e] §4Stormed
[20:04:02] [Client thread/INFO]: [CHAT] Nicki_7400: //undo
[20:04:04] [Client thread/INFO]: [CHAT] ChrisCuber123: /spawnmob creeper 10
[20:04:04] [Client thread/INFO]: [CHAT] AlisonBlaze: /ci
[20:04:04] [Client thread/INFO]: [CHAT] Player time is set to 20:00 or 8:00 PM or 14000ticks for: VideoGameSmash12.
[20:04:07] [Client thread/INFO]: [CHAT] Stormed14490: /back
[20:04:07] [Client thread/INFO]: [CHAT] Nicki_7400: //hsphere glass 5
[20:04:07] [Client thread/INFO]: [CHAT] AlisonBlaze: //wand
[20:04:10] [Client thread/INFO]: [CHAT] ChrisCuber123: /ptime day
[20:04:11] [Client thread/INFO]: [CHAT] Nguyen2: /give alisonblaze diamondblock 64
[20:04:12] [Client thread/INFO]: [CHAT] Nguyen2: /give alisonblaze diamondblock 64
[20:04:12] [Client thread/INFO]: [CHAT] polermine: /tp polermine
[20:04:12] [Client thread/INFO]: [CHAT] Nguyen2: /give alisonblaze diamondblock 64
[20:04:14] [Client thread/INFO]: [CHAT] <AlisonBlaze> STOP
[20:04:15] [Client thread/INFO]: [CHAT] <Nguyen2> t/ci
[20:04:16] [Client thread/INFO]: [CHAT] <AlisonBlaze> BITCH
[20:04:16] [Client thread/INFO]: [CHAT] Rayquaza239: /ptime 03:53
[20:04:17] [Client thread/INFO]: [CHAT] silvercreepers10: /spawn
[20:04:17] [Client thread/INFO]: [CHAT] ChrisCuber123: /ptime 3000
[20:04:17] [Client thread/INFO]: [CHAT] Stormed14490: /creative
[20:04:17] [Client thread/INFO]: [CHAT] /potion <list | clear [target name] | add <type> <duration> <amplifier> [target name]>
[20:04:18] [Client thread/INFO]: [CHAT] Stormed14490: /god
[20:04:20] [Client thread/INFO]: [CHAT] GanghamStyle34: /tp alison
[20:04:21] [Client thread/INFO]: [CHAT] Nicki_7400: /j
[20:04:22] [Client thread/INFO]: [CHAT] ChrisCuber123: /ptime
[20:04:22] [Client thread/INFO]: [CHAT] Nguyen2: /ci
[20:04:24] [Client thread/INFO]: [CHAT] Nguyen2: //wand
[20:04:24] [Client thread/INFO]: [CHAT] Rayquaza239: /ptime 03:48
[20:04:26] [Client thread/INFO]: [CHAT] <[Helper] Stormed> lol
[20:04:27] [Client thread/INFO]: [CHAT] Nguyen2 has been a naughty, naughty boy.
[20:04:27] [Client thread/INFO]: [CHAT] Nguyen2 died
[20:04:33] [Client thread/INFO]: [CHAT] Alison20042004: /enchant sll
[20:04:34] [Client thread/INFO]: [CHAT] <Nguyen2> stop
[20:04:37] [Client thread/INFO]: [CHAT] [Server:Lead_Falcon] Ok Nguyen2 this is your final warning
[20:04:39] [Client thread/INFO]: [CHAT] ChrisCuber123: /op nguyen2
[20:04:39] [Client thread/INFO]: [CHAT] ChrisCuber123 - Opping Nguyen2
[20:04:41] [Client thread/INFO]: [CHAT] Alison20042004: /enchant all
[20:04:41] [Client thread/INFO]: [CHAT] Rayquaza239: /i mbucket
[20:04:42] [Client thread/INFO]: [CHAT] polermine: //set planks
[20:04:43] [Client thread/INFO]: [CHAT] ChrisCuber123: /deop
[20:04:43] [Client thread/INFO]: [CHAT] Nguyen2: /gmc
[20:04:43] [Client thread/INFO]: [CHAT] Lead_Falcon - De-opping Nguyen2
[20:04:44] [Client thread/INFO]: [CHAT] Added potion effect: NIGHT_VISION, Duration: 1000000, Amplifier: 10 to yourself.
[20:04:46] [Client thread/INFO]: [CHAT] [Server:Lead_Falcon] Stop breaking rules
[20:04:47] [Client thread/INFO]: [CHAT] <Nguyen2> Lead_Falcon!
[20:04:49] [Client thread/INFO]: [CHAT] <Nguyen2> why
[20:04:55] [Client thread/INFO]: [CHAT] supermax1912 joined the game.
[20:04:55] [Client thread/INFO]: [CHAT] Welcome supermax1912 to the server!
[20:04:55] [Client thread/INFO]: [CHAT] [Server:Lead_Falcon] Review the rules at toalfreedom.me to avoid getting yourself banned
[20:04:57] [Client thread/INFO]: [CHAT] <AlisonBlaze> griefer!
[20:04:58] [Client thread/INFO]: [CHAT] Nguyen2: /msg lead_falcon please stop i will stop
[20:04:58] [Client thread/INFO]: [CHAT] Squiduin: /op
[20:04:59] [Client thread/INFO]: [CHAT] procrafter288: /spawn iron|golem
[20:04:59] [Client thread/INFO]: [CHAT] [Server:VideoGameSmash12] Stop complaining!
[20:05:00] [Client thread/INFO]: [CHAT] kieran3810 - Opping supermax1912
[20:05:01] [Client thread/INFO]: [CHAT] polermine: //set wood
[20:05:01] [Client thread/INFO]: [CHAT] <AlisonBlaze> oh
[20:05:01] [Client thread/INFO]: [CHAT] Lead_Falcon - Opping all players on the server
[20:05:01] [Client thread/INFO]: [CHAT] You are now op!
[20:05:02] [Client thread/INFO]: [CHAT] <AlisonBlaze> nvm
[20:05:05] [Client thread/INFO]: [CHAT] Nguyen2: /r i don't know why i am dieing
[20:05:08] [Client thread/INFO]: [CHAT] Nguyen2: //wand
[20:05:08] [Client thread/INFO]: [CHAT] polermine: //set log
[20:05:11] [Client thread/INFO]: [CHAT] silvercreepers10: /spawn
[20:05:11] [Client thread/INFO]: [CHAT] <AlisonBlaze> STOP
[20:05:14] [Client thread/INFO]: [CHAT] <AlisonBlaze> my house
[20:05:17] [Client thread/INFO]: [CHAT] ChrisCuber123: /msg lead_falcon how hard was it to get your rank?
[20:05:21] [Client thread/INFO]: [CHAT] Squiduin: /tp alison
[20:05:21] [Client thread/INFO]: [CHAT] polermine: //set log
[20:05:21] [Client thread/INFO]: [CHAT] Rayquaza239: /spawn
[20:05:23] [Client thread/INFO]: [CHAT] polermine has been a VERY naughty, naughty boy.
[20:05:23] [Client thread/INFO]: [CHAT] Banning: polermine, IP: 71.52.*.*.
[20:05:23] [Client thread/INFO]: [CHAT] polermine left the game.
[20:05:24] [Client thread/INFO]: [CHAT] <AlisonBlaze> :O
[20:05:24] [Client thread/INFO]: [CHAT] <[Enforcer] Nicki_7400> hey admin
[20:05:25] [Client thread/INFO]: [CHAT] supermax1912: /help
[20:05:32] [Client thread/INFO]: [CHAT] <AlisonBlaze> thx xD
[20:05:33] [Client thread/INFO]: [CHAT] ChrisCuber123: /r wow ok
[20:05:36] [Client thread/INFO]: [CHAT] <[Helper] Stormed> ill help
[20:05:37] [Client thread/INFO]: [CHAT] There are 19 out of a maximum 35 players online.
[20:05:37] [Client thread/INFO]: [CHAT] Connected admins: [STA]Lead_Falcon, [STA]VideoGameSmash12, [SA]kieran3810
[20:05:40] [Client thread/INFO]: [CHAT] *  Craft is now AFK.
[20:05:43] [Client thread/INFO]: [CHAT] < Tubby> thank god spawn got fixed
[20:05:43] [Client thread/INFO]: [CHAT] <[Enforcer] Nicki_7400> Is super admin stronger than Telent admin?
[20:05:43] [Client thread/INFO]: [CHAT] silvercreepers10: /tptoggle
[20:05:44] [Client thread/INFO]: [CHAT] Alison20042004: /invsee carlitos900
[20:05:46] [Client thread/INFO]: [CHAT] <[Telnet Admin] Lead_Falcon> no
[20:05:47] [Client thread/INFO]: [CHAT] < Tubby> no
[20:05:49] [Client thread/INFO]: [CHAT] <AlisonBlaze> no
[20:05:49] [Client thread/INFO]: [CHAT] silvercreepers10: /tptoggle
[20:05:49] [Client thread/INFO]: [CHAT] Stormed14490: /enchant ddall
[20:05:50] [Client thread/INFO]: [CHAT] <[Telnet Admin] Lead_Falcon> Telnet is a higher rank than super
[20:05:52] [Client thread/INFO]: [CHAT] supermax1912: /essentials
[20:05:52] [Client thread/INFO]: [CHAT] Nguyen2: //cut
[20:05:53] [Client thread/INFO]: [CHAT] ChiefFirestarter joined the game.
[20:05:53] [Client thread/INFO]: [CHAT] * deluxe1928 is now AFK.
[20:05:53] [Client thread/INFO]: [CHAT] Welcome ChiefFirestarter to the server!
[20:05:53] [Client thread/INFO]: [CHAT] <[Enforcer] Nicki_7400> wow
[20:05:53] [Client thread/INFO]: [CHAT] carlitos900: /tp carlitos900 to nicki_7400
[20:05:57] [Client thread/INFO]: [CHAT] <[Enforcer] Nicki_7400> Cool
[20:05:57] [Client thread/INFO]: [CHAT] <[Telnet Admin] Lead_Falcon> What?
[20:05:58] [Client thread/INFO]: [CHAT] <GayPerson 1> whats the highest rank?
[20:06:00] [Client thread/INFO]: [CHAT] Alison20042004: /invsee alisonblaze
[20:06:01] [Client thread/INFO]: [CHAT] <[Telnet Admin] Lead_Falcon> Owner
[20:06:02] [Client thread/INFO]: [CHAT] supermax1912: /help essentials
[20:06:02] [Client thread/INFO]: [CHAT] <[Enforcer] Nicki_7400> Owner
[20:06:03] [Client thread/INFO]: [CHAT] < Tubby> owner lol
[20:06:06] [Client thread/INFO]: [CHAT] <VideoGameSmash12> Senior is higher than telnet and super
[20:06:08] [Client thread/INFO]: [CHAT] <[Sheep] Wipper31> how i get rank
[20:06:08] [Client thread/INFO]: [CHAT] <[Enforcer] Nicki_7400> XD
[20:06:08] [Client thread/INFO]: [CHAT] Alison20042004: /invsee chieffirestarter
[20:06:09] [Client thread/INFO]: [CHAT] Stormed14490: //set 17
[20:06:12] [Client thread/INFO]: [CHAT] supermax1912: /balancetop
[20:06:15] [Client thread/INFO]: [CHAT] Alison20042004: /invsee
[20:06:16] [Client thread/INFO]: [CHAT] <[Enforcer] Nicki_7400> apply
[20:06:17] [Client thread/INFO]: [CHAT] Nguyen2: /enchant addall
[20:06:18] [Client thread/INFO]: [CHAT] procrafter288: //set wood2
[20:06:19] [Client thread/INFO]: [CHAT] <VideoGameSmash12> And Owner is the highest
[20:06:20] [Client thread/INFO]: [CHAT] Nguyen2: /gmc
[20:06:20] [Client thread/INFO]: [CHAT] <[Telnet Admin] Lead_Falcon> Super Admin -> Telnet Admin -> Telnet Clan admin -> Senior ->
[20:06:21] [Client thread/INFO]: [CHAT] Alison20042004: /invsee nicki_7400
[20:06:21] [Client thread/INFO]: [CHAT] <[Enforcer] Nicki_7400> I apply twice
[20:06:23] [Client thread/INFO]: [CHAT] Nguyen2: /gmc
[20:06:23] [Client thread/INFO]: [CHAT] < Tubby> apps aren't open
[20:06:24] [Client thread/INFO]: [CHAT] Stormed14490: //set 17
[20:06:24] [Client thread/INFO]: [CHAT] Nguyen2: /enchant addall
[20:06:25] [Client thread/INFO]: [CHAT] <[Sheep] Wipper31> im not old enough
[20:06:26] [Client thread/INFO]: [CHAT] <[Enforcer] Nicki_7400> And I did not get it
[20:06:28] [Client thread/INFO]: [CHAT] <AlisonBlaze> And Owner lol
[20:06:31] [Client thread/INFO]: [CHAT] supermax1912: /gm
[20:06:32] [Client thread/INFO]: [CHAT] ChrisCuber123: /nick &1a
[20:06:32] [Client thread/INFO]: [CHAT] Nguyen2: /tp
[20:06:33] [Client thread/INFO]: [CHAT] <[Telnet Admin] Lead_Falcon> -> Developer -> Executive Senior -> Owner
[20:06:36] [Client thread/INFO]: [CHAT] Nguyen2: /tp alison
[20:06:36] [Client thread/INFO]: [CHAT] GanghamStyle34: /tp chriscuber123
[20:06:36] [Client thread/INFO]: [CHAT] ChrisCuber123: /nick &2a
[20:06:38] [Client thread/INFO]: [CHAT] supermax1912: /gamemode
[20:06:41] [Client thread/INFO]: [CHAT] <Nguyen2> Alison
[20:06:41] [Client thread/INFO]: [CHAT] ChrisCuber123: /nick &3a
[20:06:41] [Client thread/INFO]: [CHAT] GanghamStyle34: /realname 1
[20:06:41] [Client thread/INFO]: [CHAT] procrafter288: //set wood2
[20:06:43] [Client thread/INFO]: [CHAT] ChrisCuber123: /nick &4a
[20:06:43] [Client thread/INFO]: [CHAT] GanghamStyle34: /realname a
[20:06:44] [Client thread/INFO]: [CHAT] supermax1912: /surviva;
[20:06:46] [Client thread/INFO]: [CHAT] <VideoGameSmash12> Unfortunately
[20:06:46] [Client thread/INFO]: [CHAT] ChrisCuber123: /nick &5a
[20:06:46] [Client thread/INFO]: [CHAT] carlitos900: /tp carlitos900 to nicki_7400
[20:06:47] [Client thread/INFO]: [CHAT] <Nguyen2> can I help u build?
[20:06:47] [Client thread/INFO]: [CHAT] < Tubby> so senior is basically co owner in a way
[20:06:48] [Client thread/INFO]: [CHAT] <AlisonBlaze> WHAT
[20:06:49] [Client thread/INFO]: [CHAT] supermax1912: /survival
[20:06:49] [Client thread/INFO]: [CHAT] ChrisCuber123: /nick &6a
[20:06:51] [Client thread/INFO]: [CHAT] Squiduin: //wand
[20:06:51] [Client thread/INFO]: [CHAT] <AlisonBlaze> sure
[20:06:51] [Client thread/INFO]: [CHAT] <VideoGameSmash12> You cannot get owner
[20:06:51] [Client thread/INFO]: [CHAT] ChrisCuber123: /nick &7a
[20:06:54] [Client thread/INFO]: [CHAT] <Nguyen2> ok
[20:06:55] [Client thread/INFO]: [CHAT] Alison20042004: //wand
[20:06:55] [Client thread/INFO]: [CHAT] ChrisCuber123: /nick &8a
[20:06:57] [Client thread/INFO]: [CHAT] <Nguyen2> woodlogs?
[20:06:58] [Client thread/INFO]: [CHAT] <AlisonBlaze> Admin!
[20:07:01] [Client thread/INFO]: [CHAT] <carlitos900> hii
[20:07:02] [Client thread/INFO]: [CHAT] supermax1912: /i
[20:07:02] [Client thread/INFO]: [CHAT] Nguyen2: /i woodlogg
[20:07:04] [Client thread/INFO]: [CHAT] <Nguyen2> what
[20:07:04] [Client thread/INFO]: [CHAT] GanghamStyle34: /tp alison
[20:07:04] [Client thread/INFO]: [CHAT] Squiduin: //set log
[20:07:07] [Client thread/INFO]: [CHAT] <VideoGameSmash12> It's MarkByron's hands only
[20:07:08] [Client thread/INFO]: [CHAT] <[Telnet Admin] Lead_Falcon> yea?
[20:07:08] [Client thread/INFO]: [CHAT] <AlisonBlaze> someone is editing my house AGAIN
[20:07:13] [Client thread/INFO]: [CHAT] procrafter288: //set wood2
[20:07:15] [Client thread/INFO]: [CHAT] <Nguyen2> Lead_Falcon
[20:07:16] [Client thread/INFO]: [CHAT] supermax1912: /i cobblestone
[20:07:17] [Client thread/INFO]: [CHAT] <AlisonBlaze> wierdly
[20:07:17] [Client thread/INFO]: [CHAT] <Nguyen2> Not me this time
[20:07:19] [Client thread/INFO]: [CHAT] ChrisCuber123: /tag &8[&2tenlet admin&8]
[20:07:20] [Client thread/INFO]: [CHAT] <[Telnet Admin] Lead_Falcon> im looking
[20:07:21] [Client thread/INFO]: [CHAT] <Nguyen2> I see it
[20:07:23] [Client thread/INFO]: [CHAT] ChiefFirestarter has been a naughty, naughty boy.
[20:07:23] [Client thread/INFO]: [CHAT] ChiefFirestarter died
[20:07:23] [Client thread/INFO]: [CHAT] ChrisCuber123: /tag set &8[&2tenlet admin&8]
[20:07:25] [Client thread/INFO]: [CHAT] <Nguyen2> It is GanghamStyle34!
[20:07:25] [Client thread/INFO]: [CHAT] ChrisCuber123 has been a naughty, naughty boy.
[20:07:25] [Client thread/INFO]: [CHAT] ChrisCuber123 died
[20:07:25] [Client thread/INFO]: [CHAT] procrafter288: //set wood2
[20:07:26] [Client thread/INFO]: [CHAT] [Server:VideoGameSmash12] GTF
[20:07:29] [Client thread/INFO]: [CHAT] [Server:VideoGameSmash12] No
[20:07:32] [Client thread/INFO]: [CHAT] <GayPerson a> what did i do
[20:07:36] [Client thread/INFO]: [CHAT] <GanghamStyle34> It is not me of it.
[20:07:36] [Client thread/INFO]: [CHAT] <[Enforcer] Nicki_7400> GTFO*
[20:07:37] [Client thread/INFO]: [CHAT] [Server:Lead_Falcon] Your not a telnet
[20:07:37] [Client thread/INFO]: [CHAT] [Server:VideoGameSmash12] You're not telnet
[20:07:38] [Client thread/INFO]: [CHAT] Lead_Falcon - Opping all players on the server
[20:07:38] [Client thread/INFO]: [CHAT] You are now op!
[20:07:39] [Client thread/INFO]: [CHAT] <ChiefFirestarter> ?
[20:07:42] [Client thread/INFO]: [CHAT] ChrisCuber123: /creative
[20:07:43] [Client thread/INFO]: [CHAT] <AlisonBlaze> can u make it back to normal
[20:07:44] [Client thread/INFO]: [CHAT] /tag <set <tag..> | off | clear <player> | clearall>
[20:07:45] [Client thread/INFO]: [CHAT] ChrisCuber123: /nick tenlet
[20:07:46] [Client thread/INFO]: [CHAT] Nguyen2: //wand
[20:07:49] [Client thread/INFO]: [CHAT] ChiefFirestarter, ChrisCuber123
[20:07:49] [Client thread/INFO]: [CHAT] Removed ChiefFirestarter's tag.
[20:07:51] [Client thread/INFO]: [CHAT] <GayPerson tenlet> what u gonna do bout it
[20:07:55] [Client thread/INFO]: [CHAT] supermax1912: /rules
[20:07:56] [Client thread/INFO]: [CHAT] Removed ChrisCuber123's tag.
[20:07:57] [Client thread/INFO]: [CHAT] < tenlet> i have freedom of speech
[20:07:58] [Client thread/INFO]: [CHAT] < tenlet> lol
[20:07:58] [Client thread/INFO]: [CHAT] <[Enforcer] Nicki_7400> -.-
[20:08:00] [Client thread/INFO]: [CHAT] Nguyen2: //copy
[20:08:01] [Client thread/INFO]: [CHAT] GanghamStyle34: /msg lead_falcon nguyen2 is blaming me for messing with the place of it,
[20:08:02] [Client thread/INFO]: [CHAT] <AlisonBlaze> Fake
[20:08:03] [Client thread/INFO]: [CHAT] Nguyen2: //copy
[20:08:06] [Client thread/INFO]: [CHAT] Nguyen2: //paste
[20:08:07] [Client thread/INFO]: [CHAT] *  Craft is no longer AFK.
[20:08:07] [Client thread/INFO]: [CHAT] <[SomeReallyLongTagDon'tevenreadthis] Craft> :/
[20:08:09] [Client thread/INFO]: [CHAT] [Server:Lead_Falcon] ChrisCuber123 stop
[20:08:10] [Client thread/INFO]: [CHAT] <AlisonBlaze> and wrong
[20:08:11] [Client thread/INFO]: [CHAT] ChiefFirestarter: /gm 1
[20:08:13] [Client thread/INFO]: [CHAT] Alison20042004: //sphere 1 15
[20:08:14] [Client thread/INFO]: [CHAT] <VideoGameSmash12> smite tenlet
[20:08:14] [Client thread/INFO]: [CHAT] <Nguyen2> al
[20:08:15] [Client thread/INFO]: [CHAT] [Server:Lead_Falcon] ChrisCuber123 Only and last warning
[20:08:16] [Client thread/INFO]: [CHAT] ChiefFirestarter: /creatuve
[20:08:17] [Client thread/INFO]: [CHAT] Nguyen2: /tpohere alison
[20:08:18] [Client thread/INFO]: [CHAT] < Tubby> this is minecraft not merica
[20:08:18] [Client thread/INFO]: [CHAT] <AlisonBlaze> this server is really mean.....
[20:08:19] [Client thread/INFO]: [CHAT] Player not found!
[20:08:20] [Client thread/INFO]: [CHAT] <Nguyen2> like this?
[20:08:20] [Client thread/INFO]: [CHAT] ChiefFirestarter: /creative
[20:08:20] [Client thread/INFO]: [CHAT] Alison20042004: /thur
[20:08:21] [Client thread/INFO]: [CHAT] Nguyen2 has been a naughty, naughty boy.
[20:08:22] [Client thread/INFO]: [CHAT] Nguyen2 died
[20:08:23] [Client thread/INFO]: [CHAT] Alison20042004: /thur
[20:08:23] [Client thread/INFO]: [CHAT] <AlisonBlaze> Nguyen2 stop it
[20:08:26] [Client thread/INFO]: [CHAT] supermax1912 fell from a high place
[20:08:26] [Client thread/INFO]: [CHAT] [Server:kieran3810] STOP TELEPORTING OTHERS!!!
[20:08:27] [Client thread/INFO]: [CHAT] <ChrisCuber123> but its freedom of speech
[20:08:27] [Client thread/INFO]: [CHAT] <AlisonBlaze> no
[20:08:28] [Client thread/INFO]: [CHAT] Alison20042004: /thru
[20:08:28] [Client thread/INFO]: [CHAT] <AlisonBlaze> gtg
[20:08:29] [Client thread/INFO]: [CHAT] <Nguyen2> Hey
[20:08:30] [Client thread/INFO]: [CHAT] AlisonBlaze left the game.
[20:08:33] [Client thread/INFO]: [CHAT] <[SomeReallyLongTagDon'tevenreadthis] Craft> lmao....
[20:08:33] [Client thread/INFO]: [CHAT] <Nguyen2> I was building
[20:08:35] [Client thread/INFO]: [CHAT] <ChrisCuber123> so i can say and nick myself what i want
[20:08:37] [Client thread/INFO]: [CHAT] [ADMIN] VideoGameSmash12 [STA]: Good god calm down brother!
[20:08:38] [Client thread/INFO]: [CHAT] kieran3810 - Opping all players on the server
[20:08:38] [Client thread/INFO]: [CHAT] You are now op!
[20:08:39] [Client thread/INFO]: [CHAT] supermax1912: /fly on
[20:08:41] [Client thread/INFO]: [CHAT] GanghamStyle34: /i cobblestone 1
[20:08:41] [Client thread/INFO]: [CHAT] <ChrisCuber123> this server is really freaking mean
[20:08:42] [Client thread/INFO]: [CHAT] [ADMIN] Lead_Falcon [STA]: video...
[20:08:43] [Client thread/INFO]: [CHAT] Nguyen2: /gmc
[20:08:45] [Client thread/INFO]: [CHAT] Nguyen2: /back
[20:08:48] [Client thread/INFO]: [CHAT] GanghamStyle34: /tp nguyen2
[20:08:48] [Client thread/INFO]: [CHAT] Alison20042004: //undo
[20:08:50] [Client thread/INFO]: [CHAT] <ChrisCuber123> taking away rights...
[20:08:52] [Client thread/INFO]: [CHAT] supermax1912: /fly off
[20:08:54] [Client thread/INFO]: [CHAT] <Nguyen2> Lead_Falcon
[20:08:54] [Client thread/INFO]: [CHAT] [Server:Lead_Falcon] No were enforcing the rules
[20:08:54] [Client thread/INFO]: [CHAT] supermax1912 fell from a high place
[20:08:55] [Client thread/INFO]: [CHAT] [ADMIN] VideoGameSmash12 [STA]: ??
[20:08:55] [Client thread/INFO]: [CHAT] < Tubby> read the rules. dont nick your self as a rank or someone else on the server
[20:08:57] [Client thread/INFO]: [CHAT] [ADMIN] Lead_Falcon [STA]: nvm
[20:08:57] [Client thread/INFO]: [CHAT] GanghamStyle34: /tp chriscuber123
[20:09:03] [Client thread/INFO]: [CHAT] <ChrisCuber123> ok
[20:09:05] [Client thread/INFO]: [CHAT] <Nguyen2> Lead_Falcon!
[20:09:06] [Client thread/INFO]: [CHAT] GanghamStyle34: /spawn
[20:09:06] [Client thread/INFO]: [CHAT] procrafter288: //set glass
[20:09:07] [Client thread/INFO]: [CHAT] [Server:Lead_Falcon] We have rules in place to prevent the server from running rampant
[20:09:08] [Client thread/INFO]: [CHAT] <[Telnet Admin] Lead_Falcon> What
[20:09:15] [Client thread/INFO]: [CHAT] <silvercreepers10> if anyone griefs my spawn im telling a admin
[20:09:18] [Client thread/INFO]: [CHAT] supermax1912: /rules
[20:09:19] [Client thread/INFO]: [CHAT] Alison20042004: /undo
[20:09:21] [Client thread/INFO]: [CHAT] <[SomeReallyLongTagDon'tevenreadthis] Craft> mka
[20:09:22] [Client thread/INFO]: [CHAT] < Tubby> be happy with what you guys can do
[20:09:23] [Client thread/INFO]: [CHAT] GanghamStyle34: /tp silvercreepers10
[20:09:23] [Client thread/INFO]: [CHAT] ChrisCuber123: /nick alison20042004
[20:09:23] [Client thread/INFO]: [CHAT] <[Sheep] Wipper31> wswww
[20:09:26] [Client thread/INFO]: [CHAT] Alison20042004: //cut
[20:09:26] [Client thread/INFO]: [CHAT] GanghamStyle34: /spawn
[20:09:27] [Client thread/INFO]: [CHAT] Minecraf7pro: /spawn
[20:09:29] [Client thread/INFO]: [CHAT] ChrisCuber123: /nick alison20042004
[20:09:29] [Client thread/INFO]: [CHAT] <Nguyen2> I am building for the a guy with wood logs and you made me die!
[20:09:32] [Client thread/INFO]: [CHAT] <[Sheep] Wipper31> this is not freedom
[20:09:34] [Client thread/INFO]: [CHAT] TheInfiniteCycle: /tpo silvercreepers10
[20:09:37] [Client thread/INFO]: [CHAT] Stormed14490: /afk
[20:09:37] [Client thread/INFO]: [CHAT] *  Stormed is now AFK.
[20:09:40] [Client thread/INFO]: [CHAT] supermax1912 left the game.
[20:09:40] [Client thread/INFO]: [CHAT] ChrisCuber123: /tag set &9a
[20:09:40] [Client thread/INFO]: [CHAT] [Server:VideoGameSmash12] Yes it is!
[20:09:41] [Client thread/INFO]: [CHAT] ChiefFirestarter: /tp nguyen2
[20:09:43] [Client thread/INFO]: [CHAT] procrafter288: //set wood|oak
[20:09:43] [Client thread/INFO]: [CHAT] ChrisCuber123: /tag set &10a
[20:09:45] [Client thread/INFO]: [CHAT] supermax1912 joined the game.
[20:09:47] [Client thread/INFO]: [CHAT] Alison20042004: /up 10
[20:09:49] [Client thread/INFO]: [CHAT] [Server:VideoGameSmash12] I hate to argue
[20:09:49] [Client thread/INFO]: [CHAT] <Nguyen2> ch
[20:09:50] [Client thread/INFO]: [CHAT] <ChiefFirestarter> need help?
[20:09:51] [Client thread/INFO]: [CHAT] ChrisCuber123: /tag set off
[20:09:52] [Client thread/INFO]: [CHAT] <Nguyen2> ChiefFirestarter
[20:09:53] [Client thread/INFO]: [CHAT] <off ChrisCuber123> a
[20:09:56] [Client thread/INFO]: [CHAT] <ChiefFirestarter> yes?
[20:09:56] [Client thread/INFO]: [CHAT] [Server:Lead_Falcon] We strive to give users the most amount of freedom
[20:09:56] [Client thread/INFO]: [CHAT] ChrisCuber123: /tag off
[20:09:57] [Client thread/INFO]: [CHAT] GanghamStyle34: /tp nguyen2
[20:10:04] [Client thread/INFO]: [CHAT] [Server:Lead_Falcon] However we must have rules to prevent total anarchy
[20:10:05] [Client thread/INFO]: [CHAT] <Nguyen2> tell the admin I am building but he is killing me
[20:10:09] [Client thread/INFO]: [CHAT] procrafter288: //set wood2
[20:10:10] [Client thread/INFO]: [CHAT] Minecraf7pro: //set lala
[20:10:10] [Client thread/INFO]: [CHAT] Minecraf7pro used a forbidden WorldEdit block type: lala
[20:10:15] [Client thread/INFO]: [CHAT] Alison20042004: //walls diamondblock
[20:10:18] [Client thread/INFO]: [CHAT] Squiduin: /me &8yomama
[20:10:18] [Client thread/INFO]: [CHAT] *  Wipper31 YOMAMA
[20:10:20] [Client thread/INFO]: [CHAT] procrafter288: //set wood2
[20:10:21] [Client thread/INFO]: [CHAT] <[SomeReallyLongTagDon'tevenreadthis] Craft> lala
[20:10:21] [Client thread/INFO]: [CHAT] ChrisCuber123: /nick lalaisnotlava
[20:10:22] [Client thread/INFO]: [CHAT] < Tubby> what is lala
[20:10:22] [Client thread/INFO]: [CHAT] Alison20042004: /undo
[20:10:23] [Client thread/INFO]: [CHAT] <[SomeReallyLongTagDon'tevenreadthis] Craft> lala ftw
[20:10:24] [Client thread/INFO]: [CHAT] <ChiefFirestarter> *shrug*
[20:10:30] [Client thread/INFO]: [CHAT] <[Sheep] Wipper31> LALA is lava
[20:10:30] [Client thread/INFO]: [CHAT] <ChiefFirestarter> how would i know?
[20:10:32] [Client thread/INFO]: [CHAT] <silvercreepers10> lala is lava
[20:10:35] [Client thread/INFO]: [CHAT] ChrisCuber123: /tag set [lalaisnotlava]
[20:10:35] [Client thread/INFO]: [CHAT] Alison20042004: /tag
[20:10:35] [Client thread/INFO]: [CHAT] <[Enforcer] Nicki_7400> did any admin read my apply?
[20:10:35] [Client thread/INFO]: [CHAT] procrafter288: //set wood2
[20:10:39] [Client thread/INFO]: [CHAT] <[Enforcer] Nicki_7400> I mean in here
[20:10:40] [Client thread/INFO]: [CHAT] ChiefFirestarter: //wand
[20:10:40] [Client thread/INFO]: [CHAT] <[LalaIsNotLava] LalaIsNotLava> read my name
[20:10:43] [Client thread/INFO]: [CHAT] [Server:Lead_Falcon] Nicki_7400 stop asking about your app in game
[20:10:49] [Client thread/INFO]: [CHAT] MCN02 joined the game.
[20:10:49] [Client thread/INFO]: [CHAT] Welcome MCN02 to the server!
[20:10:50] [Client thread/INFO]: [CHAT] [Server:Lead_Falcon] I already told you once
[20:10:51] [Client thread/INFO]: [CHAT] procrafter288: //set wood2
[20:10:52] [Client thread/INFO]: [CHAT] <[SomeReallyLongTagDon'tevenreadthis] Craft> Adminstraitors.... please do /opall
[20:10:55] [Client thread/INFO]: [CHAT] Lead_Falcon - Opping all players on the server
[20:10:55] [Client thread/INFO]: [CHAT] You are now op!
[20:10:57] [Client thread/INFO]: [CHAT] ChrisCuber123: /opall
[20:10:59] [Client thread/INFO]: [CHAT] Squiduin: /opall
[20:11:03] [Client thread/INFO]: [CHAT] <[SomeReallyLongTagDon'tevenreadthis] Craft> tanks
[20:11:04] [Client thread/INFO]: [CHAT] <[SomeReallyLongTagDon'tevenreadthis] Craft> :D
[20:11:08] [Client thread/INFO]: [CHAT] Squiduin: /op lead
[20:11:09] [Client thread/INFO]: [CHAT] Nicki_7400: /opall
[20:11:09] [Client thread/INFO]: [CHAT] supermax1912: /fly on
[20:11:11] [Client thread/INFO]: [CHAT] [ADMIN] kieran3810 [SA]: Brb
[20:11:12] [Client thread/INFO]: [CHAT] kieran3810 left the game.
[20:11:13] [Client thread/INFO]: [CHAT] ChrisCuber123: /realname craft
[20:11:14] [Client thread/INFO]: [CHAT] supermax1912: /creative
[20:11:14] [Client thread/INFO]: [CHAT] Minecraf7pro: /tag off
[20:11:23] [Client thread/INFO]: [CHAT] Squiduin: /op lead_falcon
[20:11:23] [Client thread/INFO]: [CHAT] Squiduin - Opping Lead_Falcon
[20:11:23] [Client thread/INFO]: [CHAT] <MCN02> hi
[20:11:26] [Client thread/INFO]: [CHAT] Alison20042004: //set gold
[20:11:27] [Client thread/INFO]: [CHAT] silvercreepers10: /msg lead_falcon
[20:11:32] [Client thread/INFO]: [CHAT] *  Stormed is no longer AFK.
[20:11:32] [Client thread/INFO]: [CHAT] ChrisCuber123: /op lead_falcon
[20:11:32] [Client thread/INFO]: [CHAT] ChrisCuber123 - Opping Lead_Falcon
[20:11:35] [Client thread/INFO]: [CHAT] MCN02: /afk
[20:11:35] [Client thread/INFO]: [CHAT] * MCN02 is now AFK.
[20:11:37] [Client thread/INFO]: [CHAT] * MCN02 is no longer AFK.
[20:11:38] [Client thread/INFO]: [CHAT] Alison20042004: /clear
[20:11:38] [Client thread/INFO]: [CHAT] ChrisCuber123: /op stormed
[20:11:39] [Client thread/INFO]: [CHAT] procrafter288: //setglass
[20:11:41] [Client thread/INFO]: [CHAT] Nicki_7400: /party
[20:11:41] [Client thread/INFO]: [CHAT] Nguyen2: /i woodlog
[20:11:42] [Client thread/INFO]: [CHAT] ChrisCuber123: /realname stormed
[20:11:44] [Client thread/INFO]: [CHAT] Nicki_7400: /help
[20:11:45] [Client thread/INFO]: [CHAT] Alison20042004: //undo
[20:11:45] [Client thread/INFO]: [CHAT] ChrisCuber123: /op stormed14490
[20:11:45] [Client thread/INFO]: [CHAT] ChrisCuber123 - Opping Stormed14490
[20:11:48] [Client thread/INFO]: [CHAT] procrafter288: //set glass
[20:11:50] [Client thread/INFO]: [CHAT] Nguyen2: /i oakwood
[20:11:50] [Client thread/INFO]: [CHAT] Alison20042004: //wand
[20:11:51] [Client thread/INFO]: [CHAT] Squiduin: /op
[20:11:51] [Client thread/INFO]: [CHAT] Nicki_7400: /emf
[20:11:51] [Client thread/INFO]: [CHAT] Rayquaza239: /me &7is now jfk
[20:11:51] [Client thread/INFO]: [CHAT] *  Tubby is now JFK
[20:11:52] [Client thread/INFO]: [CHAT] [Server:VideoGameSmash12] You can't s
[20:11:52] [Client thread/INFO]: [CHAT] silvercreepers10: /nick\
[20:11:57] [Client thread/INFO]: [CHAT] Nguyen2: /
[20:11:57] [Client thread/INFO]: [CHAT] ChrisCuber123: /s
[20:11:58] [Client thread/INFO]: [CHAT] Nicki_7400: /help 2
[20:11:58] [Client thread/INFO]: [CHAT] <Nguyen2> carlitos900
[20:12:00] [Client thread/INFO]: [CHAT] Squiduin: /op lead_falcon
[20:12:00] [Client thread/INFO]: [CHAT] Squiduin - Opping Lead_Falcon
[20:12:01] [Client thread/INFO]: [CHAT] Nicki_7400: /help 1
[20:12:02] [Client thread/INFO]: [CHAT] <Nguyen2> I will give you blocks
[20:12:02] [Client thread/INFO]: [CHAT] TheInfiniteCycle: /flyspeed 4
[20:12:02] [Client thread/INFO]: [CHAT] Alison20042004: /v
[20:12:04] [Client thread/INFO]: [CHAT] Nguyen2: /op lead_falcon
[20:12:04] [Client thread/INFO]: [CHAT] Nguyen2 - Opping Lead_Falcon
[20:12:06] [Client thread/INFO]: [CHAT] Nicki_7400: /acidfreedom
[20:12:08] [Client thread/INFO]: [CHAT] supermax1912: //
[20:12:08] [Client thread/INFO]: [CHAT] ChrisCuber123: /s silvercreepers10
[20:12:09] [Client thread/INFO]: [CHAT] SpecLeader is a Super Telnet Admin
[20:12:09] [Client thread/INFO]: [CHAT] SpecLeader joined the game.
[20:12:10] [Client thread/INFO]: [CHAT] TheInfiniteCycle: /flyspeed 10
[20:12:11] [Client thread/INFO]: [CHAT] [Server:VideoGameSmash12] darn it unfinished sentences
[20:12:11] [Client thread/INFO]: [CHAT] <[Sheep] Wipper31> op Lead_Falcon
[20:12:11] [Client thread/INFO]: [CHAT] [Server:Lead_Falcon] don't give other players items
[20:12:13] [Client thread/INFO]: [CHAT] ChrisCuber123: /s squiduin
[20:12:14] [Client thread/INFO]: [CHAT] Nguyen2: /give carlitos900 oakwood 1000000\
[20:12:14] [Client thread/INFO]: [CHAT] MCN02: /jump
[20:12:15] [Client thread/INFO]: [CHAT] Going to the AdminWorld.
[20:12:16] [Client thread/INFO]: [CHAT] Nguyen2: /give carlitos900 oakwood 1000000
[20:12:18] [Client thread/INFO]: [CHAT] Nguyen2: /give carlitos900 oakwood 1000
[20:12:20] [Client thread/INFO]: [CHAT] [ADMIN] SpecLeader [STA]: aye
[20:12:23] [Client thread/INFO]: [CHAT] Set flying speed to 10 for VideoGameSmash12.
[20:12:24] [Client thread/INFO]: [CHAT] Nguyen2: /ci carlitos900
[20:12:24] [Client thread/INFO]: [CHAT] ChrisCuber123: /give
[20:12:24] [Client thread/INFO]: [CHAT] MCN02: /jump
[20:12:25] [Client thread/INFO]: [CHAT] Nguyen2: /give carlitos900 oakwood 1000
[20:12:26] [Client thread/INFO]: [CHAT] <[Sheep] Wipper31> who just tped me
[20:12:27] [Client thread/INFO]: [CHAT] [ADMIN] Lead_Falcon [STA]: Holla master :)
[20:12:28] [Client thread/INFO]: [CHAT] Nguyen2: /give carlitos900 oakwood 1000
[20:12:29] [Client thread/INFO]: [CHAT] Nguyen2: /give carlitos900 oakwood 1000
[20:12:33] [Client thread/INFO]: [CHAT] Nguyen2: /give carlitos900 oakwood 633
[20:12:34] [Client thread/INFO]: [CHAT] ChrisCuber123: /give lead_falcon wool 9999
[20:12:35] [Client thread/INFO]: [CHAT] procrafter288: //set wood2
[20:12:35] [Client thread/INFO]: [CHAT] Lead_Falcon - Tempbanning: Nguyen2 for 5 minutes.
[20:12:35] [Client thread/INFO]: [CHAT] Nguyen2 left the game.
[20:12:38] [Client thread/INFO]: [CHAT] Lead_Falcon - Tempbanning: ChiefFirestarter for 5 minutes.
[20:12:38] [Client thread/INFO]: [CHAT] ChiefFirestarter left the game.
[20:12:38] [Client thread/INFO]: [CHAT] ChrisCuber123 left the game.
[20:12:41] [Client thread/INFO]: [CHAT] MCN02: /jump
[20:12:42] [Client thread/INFO]: [CHAT] ChrisCuber123 joined the game.
[20:12:44] [Client thread/INFO]: [CHAT] Lead_Falcon - Unbanning ChiefFirestarter and IPs: 67.177.19.225
[20:12:46] [Client thread/INFO]: [CHAT] Lead_Falcon - Tempbanning: ChrisCuber123 for 5 minutes.
[20:12:46] [Client thread/INFO]: [CHAT] ChrisCuber123 left the game.
[20:12:48] [Client thread/INFO]: [CHAT] supermax1912: /survival
[20:12:49] [Client thread/INFO]: [CHAT] MCN02: /jump
[20:12:49] [Client thread/INFO]: [CHAT] silvercreepers10: /ralname wipper31
[20:12:51] [Client thread/INFO]: [CHAT] Alison20042004: /give alison20042004 11
[20:12:53] [Client thread/INFO]: [CHAT] <[Enforcer] Nicki_7400> That scary
[20:12:56] [Client thread/INFO]: [CHAT] MCN02: /jump
[20:12:56] [Client thread/INFO]: [CHAT] [ADMIN] Lead_Falcon [STA]: So how you doing?
[20:12:57] [Client thread/INFO]: [CHAT] silvercreepers10: /ralname wipper31
[20:13:00] [Client thread/INFO]: [CHAT] MCN02: /gms
[20:13:03] [Client thread/INFO]: [CHAT] procrafter288: //set glass
[20:13:03] [Client thread/INFO]: [CHAT] MCN02: /jump
[20:13:06] [Client thread/INFO]: [CHAT] MCN02: /jump
[20:13:06] [Client thread/INFO]: [CHAT] supermax1912: /i oakwoodplanks 128
[20:13:06] [Client thread/INFO]: [CHAT] [ADMIN] VideoGameSmash12 [STA]: If I rememver, I made another statue
[20:13:07] [Client thread/INFO]: [CHAT] [ADMIN] SpecLeader [STA]: I really need to get a new FAN, it's like 35 degrees
[20:13:10] [Client thread/INFO]: [CHAT] <[Enforcer] Nicki_7400> My ear is broken
[20:13:10] [Client thread/INFO]: [CHAT] MCN02: /jump
[20:13:14] [Client thread/INFO]: [CHAT] MCN02: /jump
[20:13:15] [Client thread/INFO]: [CHAT] [ADMIN] Lead_Falcon [STA]: 0.o
[20:13:15] [Client thread/INFO]: [CHAT] <GanghamStyle34> Nyguyen2 was blaming me of by messing the of place of it
[20:13:17] [Client thread/INFO]: [CHAT] MCN02: /jump
[20:13:18] [Client thread/INFO]: [CHAT] MCN02: /jump
[20:13:20] [Client thread/INFO]: [CHAT] [ADMIN] VideoGameSmash12 [STA]: one old
[20:13:20] [Client thread/INFO]: [CHAT] Squiduin: /wand
[20:13:20] [Client thread/INFO]: [CHAT] MCN02: /jump
[20:13:22] [Client thread/INFO]: [CHAT] supermax1912: /i 00005 500
[20:13:22] [Client thread/INFO]: [CHAT] MCN02: /gmc
[20:13:23] [Client thread/INFO]: [CHAT] Alison20042004: /give alison20042004 9
[20:13:24] [Client thread/INFO]: [CHAT] Squiduin: //wand
[20:13:24] [Client thread/INFO]: [CHAT] MCN02 left the game.
[20:13:25] [Client thread/INFO]: [CHAT] [ADMIN] Lead_Falcon [STA]: You mean a new heater?
[20:13:27] [Client thread/INFO]: [CHAT] [ADMIN] Lead_Falcon [STA]: lo.l
[20:13:33] [Client thread/INFO]: [CHAT] Nicki_7400: /tpa lead_falcon
[20:13:36] [Client thread/INFO]: [CHAT] [ADMIN] SpecLeader [STA]: air condinatinano!
[20:13:38] [Client thread/INFO]: [CHAT] Squiduin: //set wood
[20:13:42] [Client thread/INFO]: [CHAT] [ADMIN] SpecLeader [STA]: lol
[20:13:44] [Client thread/INFO]: [CHAT] [ADMIN] VideoGameSmash12 [STA]: OMG ITS S COOL THAT I NEED A FNA
[20:13:45] [Client thread/INFO]: [CHAT] Alison20042004: /up 10
[20:13:55] [Client thread/INFO]: [CHAT] [ADMIN] SpecLeader [STA]: shut the fuck up
[20:13:57] [Client thread/INFO]: [CHAT] Nicki_7400: //set air
[20:13:59] [Client thread/INFO]: [CHAT] Alison20042004: //walls diamondblock
[20:14:01] [Client thread/INFO]: [CHAT] [ADMIN] VideoGameSmash12 [STA]: k
[20:14:01] [Client thread/INFO]: [CHAT] supermax1912: /i diamond_axe
[20:14:02] [Client thread/INFO]: [CHAT] [ADMIN] SpecLeader [STA]: It's not cool
[20:14:05] [Client thread/INFO]: [CHAT] [ADMIN] Lead_Falcon [STA]: ?
[20:14:06] [Client thread/INFO]: [CHAT] <[Enforcer] Nicki_7400> lead
[20:14:08] [Client thread/INFO]: [CHAT] <[Telnet Admin] Lead_Falcon> Yea?
[20:14:08] [Client thread/INFO]: [CHAT] Squiduin: //set wood
[20:14:09] [Client thread/INFO]: [CHAT] <[Enforcer] Nicki_7400> where are you?
[20:14:10] [Client thread/INFO]: [CHAT] [ADMIN] SpecLeader [STA]: And I don't appericiate that attitude.
[20:14:17] [Client thread/INFO]: [CHAT] supermax1912: /i lava 1
[20:14:21] [Client thread/INFO]: [CHAT] Alison20042004: //undo
[20:14:22] [Client thread/INFO]: [CHAT] GanghamStyle34: /spawn
[20:14:23] [Client thread/INFO]: [CHAT] <[Sheep] Wipper31> closeing the castle
[20:14:30] [Client thread/INFO]: [CHAT] <[Enforcer] Nicki_7400> -.- /ignore Nicki_7400
[20:14:37] [Client thread/INFO]: [CHAT] <supermax1912> Who Gave Me A Cookie?
[20:14:38] [Client thread/INFO]: [CHAT] procrafter288: //set wood2
[20:14:38] [Client thread/INFO]: [CHAT] Squiduin: //set wood
[20:14:39] [Client thread/INFO]: [CHAT] silvercreepers10: /isgnore
[20:14:42] [Client thread/INFO]: [CHAT] silvercreepers10: /ignore
[20:14:50] [Client thread/INFO]: [CHAT] [ADMIN] SpecLeader [STA]: what just happened? Video mouthing off to me thats what happened
[20:14:54] [Client thread/INFO]: [CHAT] Alison20042004: //set iron
[20:14:57] [Client thread/INFO]: [CHAT] <[Enforcer] Nicki_7400> Who want to be my friend
[20:15:02] [Client thread/INFO]: [CHAT] < DoctorWhoviann> me?
[20:15:03] [Client thread/INFO]: [CHAT] <[Sheep] Wipper31> me
[20:15:03] [Client thread/INFO]: [CHAT] [ADMIN] VideoGameSmash12 [STA]: ok
[20:15:08] [Client thread/INFO]: [CHAT] <[Enforcer] Nicki_7400> :)
[20:15:09] [Client thread/INFO]: [CHAT] Alison20042004: //undo
[20:15:09] [Client thread/INFO]: [CHAT] supermax1912: /clearinv
[20:15:14] [Client thread/INFO]: [CHAT] supermax1912: /ic
[20:15:15] [Client thread/INFO]: [CHAT] GanghamStyle34: /thru
[20:15:16] [Client thread/INFO]: [CHAT] Nicki_7400: /tp wipper31
[20:15:20] [Client thread/INFO]: [CHAT] [ADMIN] Lead_Falcon [STA]: spec you have a steam account?
[20:15:22] [Client thread/INFO]: [CHAT] supermax1912: /clearinventory
[20:15:23] [Client thread/INFO]: [CHAT] Alison20042004: /speed 10
[20:15:25] [Client thread/INFO]: [CHAT] [ADMIN] SpecLeader [STA]: no
[20:15:27] [Client thread/INFO]: [CHAT] [ADMIN] Lead_Falcon [STA]: ah ok
[20:15:33] [Client thread/INFO]: [CHAT] supermax1912: /i diamond_axe 1
[20:15:45] [Client thread/INFO]: [CHAT] Alison20042004: /speed 100000
[20:15:45] [Client thread/INFO]: [CHAT] Nicki_7400: /warp spleef
[20:15:46] [Client thread/INFO]: [CHAT] supermax1912: /i 00005 300
[20:15:47] [Client thread/INFO]: [CHAT] Squiduin: /clar
[20:15:49] [Client thread/INFO]: [CHAT] <[Enforcer] Nicki_7400> Hey
[20:15:50] [Client thread/INFO]: [CHAT] Squiduin: /clear
[20:15:51] [Client thread/INFO]: [CHAT] darkkiller244 joined the game.
[20:15:51] [Client thread/INFO]: [CHAT] Welcome darkkiller244 to the server!
[20:15:51] [Client thread/INFO]: [CHAT] Alison20042004: /speed 1
[20:15:55] [Client thread/INFO]: [CHAT] LouisLand123 joined the game.
[20:15:56] [Client thread/INFO]: [CHAT] <[Enforcer] Nicki_7400> Who want to create spleef with me?
[20:15:59] [Client thread/INFO]: [CHAT] [ADMIN] SpecLeader [STA]: Oh, you said steam, I thought you meant stream like twitch account.
[20:16:02] [Client thread/INFO]: [CHAT] carlitos900 left the game.
[20:16:03] [Client thread/INFO]: [CHAT] darkkiller244: /nick &4&lmax&c&la&4&lmillion
[20:16:03] [Client thread/INFO]: [CHAT] <[Enforcer] Nicki_7400> do /warp spleef
[20:16:05] [Client thread/INFO]: [CHAT] < MaxAMillion> Hey guys
[20:16:06] [Client thread/INFO]: [CHAT] GanghamStyle34: /spawn
[20:16:06] [Client thread/INFO]: [CHAT] [ADMIN] Lead_Falcon [STA]: ohh lol no :)
[20:16:10] [Client thread/INFO]: [CHAT] Alison20042004: /warp spleef
[20:16:11] [Client thread/INFO]: [CHAT] [ADMIN] Lead_Falcon [STA]: so is that a yes?
[20:16:11] [Client thread/INFO]: [CHAT] <[Enforcer] Nicki_7400> Hey :D
[20:16:14] [Client thread/INFO]: [CHAT] [ADMIN] SpecLeader [STA]: Yea
[20:16:14] [Client thread/INFO]: [CHAT] <LouisLand123> hi
[20:16:20] [Client thread/INFO]: [CHAT] ChiefFirestarter joined the game.
[20:16:20] [Client thread/INFO]: [CHAT] [ADMIN] Lead_Falcon [STA]: you have garrys mod?
[20:16:20] [Client thread/INFO]: [CHAT] <LouisLand123> Alison20042004 op me
[20:16:26] [Client thread/INFO]: [CHAT] Squiduin: /op louisland123
[20:16:26] [Client thread/INFO]: [CHAT] Squiduin - Opping LouisLand123
[20:16:26] [Client thread/INFO]: [CHAT] Giving 64 of grass
[20:16:26] [Client thread/INFO]: [CHAT] [ADMIN] SpecLeader [STA]: noap
[20:16:28] [Client thread/INFO]: [CHAT] Alison20042004: /op louisland123
[20:16:28] [Client thread/INFO]: [CHAT] Alison20042004 - Opping LouisLand123
[20:16:28] [Client thread/INFO]: [CHAT] <supermax1912> Hello!
[20:16:29] [Client thread/INFO]: [CHAT] <LouisLand123> thx
[20:16:29] [Client thread/INFO]: [CHAT] [ADMIN] Lead_Falcon [STA]: mkay
[20:16:32] [Client thread/INFO]: [CHAT] Nicki_7400: //set glowstone
[20:16:32] [Client thread/INFO]: [CHAT] < MaxAMillion> :L
[20:16:32] [Client thread/INFO]: [CHAT] Giving 64 of soul sand
[20:16:35] [Client thread/INFO]: [CHAT] *  Craft is now AFK.
[20:16:44] [Client thread/INFO]: [CHAT] supermax1912: /socialspy
[20:16:47] [Client thread/INFO]: [CHAT] GanghamStyle34: /spawn
[20:16:47] [Client thread/INFO]: [CHAT] Nicki_7400: //set snowblock
[20:16:48] [Client thread/INFO]: [CHAT] Squiduin: /f
[20:16:50] [Client thread/INFO]: [CHAT] LouisLand123: /tag set &4&l[helper]
[20:16:52] [Client thread/INFO]: [CHAT] <[Helper] LouisLand123> hi
[20:16:52] [Client thread/INFO]: [CHAT] procrafter288: //set oak
[20:16:52] [Client thread/INFO]: [CHAT] silvercreepers10: /spawn
[20:16:53] [Client thread/INFO]: [CHAT] *  Tubby is now AFK.
[20:16:54] [Client thread/INFO]: [CHAT] Nicki_7400: //set air
[20:16:57] [Client thread/INFO]: [CHAT] TheInfiniteCycle: /spawn
[20:17:01] [Client thread/INFO]: [CHAT] Alison20042004: /speed 10
[20:17:02] [Client thread/INFO]: [CHAT] LouisLand123: /tag set off
[20:17:03] [Client thread/INFO]: [CHAT] Nicki_7400: //set snowblock
[20:17:08] [Client thread/INFO]: [CHAT] <off LouisLand123> op
[20:17:09] [Client thread/INFO]: [CHAT] ChiefFirestarter: /spawn
[20:17:11] [Client thread/INFO]: [CHAT] Alison20042004: /speed 1
[20:17:12] [Client thread/INFO]: [CHAT] <[Telnet Admin] Lead_Falcon> You are op
[20:17:14] [Client thread/INFO]: [CHAT] LouisLand123: /tag set
[20:17:16] [Client thread/INFO]: [CHAT] <off LouisLand123> yes
[20:17:16] [Client thread/INFO]: [CHAT] darkkiller244: /op louisland123
[20:17:16] [Client thread/INFO]: [CHAT] darkkiller244 - Opping LouisLand123
[20:17:18] [Client thread/INFO]: [CHAT] Nicki_7400: //set snowblock
[20:17:19] [Client thread/INFO]: [CHAT] procrafter288: //set stairs
[20:17:23] [Client thread/INFO]: [CHAT] Nicki_7400: //set air
[20:17:29] [Client thread/INFO]: [CHAT] <off LouisLand123> Lead_Falcon how do i turn off my tag?
[20:17:37] [Client thread/INFO]: [CHAT] Nicki_7400: //set snowblcok
[20:17:38] [Client thread/INFO]: [CHAT] <off LouisLand123> it didnt work for me
[20:17:39] [Client thread/INFO]: [CHAT] <[Sheep] Wipper31> ./tag of
[20:17:40] [Client thread/INFO]: [CHAT] Nicki_7400: //set snowblock
[20:17:46] [Client thread/INFO]: [CHAT] silvercreepers10: /tag
[20:17:47] [Client thread/INFO]: [CHAT] Alison20042004: //sphere glass 16
[20:17:47] [Client thread/INFO]: [CHAT] darkkiller244: /tag
[20:17:48] [Client thread/INFO]: [CHAT] <[Telnet Admin] Lead_Falcon> ./tag off
[20:17:48] [Client thread/INFO]: [CHAT] LouisLand123: /tag off
[20:17:50] [Client thread/INFO]: [CHAT] <LouisLand123> :o
[20:17:53] [Client thread/INFO]: [CHAT] <[Enforcer] Nicki_7400> Lead
[20:17:53] [Client thread/INFO]: [CHAT] <LouisLand123> ok thx
[20:17:54] [Client thread/INFO]: [CHAT] Alison20042004: /thru
[20:17:56] [Client thread/INFO]: [CHAT] Set flying speed to 1 for VideoGameSmash12.
[20:17:57] [Client thread/INFO]: [CHAT] GanghamStyle34: /tag off
[20:18:01] [Client thread/INFO]: [CHAT] <[Enforcer] Nicki_7400> Can you set block limit for me to 1000
[20:18:02] [Client thread/INFO]: [CHAT] 123graybob joined the game.
[20:18:02] [Client thread/INFO]: [CHAT] Welcome 123graybob to the server!
[20:18:02] [Client thread/INFO]: [CHAT] Alison20042004: /thur
[20:18:07] [Client thread/INFO]: [CHAT] Endy8642 joined the game.
[20:18:08] [Client thread/INFO]: [CHAT] supermax1912: /fly on
[20:18:09] [Client thread/INFO]: [CHAT] <[Enforcer] Nicki_7400> To create an spleef
[20:18:09] [Client thread/INFO]: [CHAT] darkkiller244: /opal
[20:18:11] [Client thread/INFO]: [CHAT] darkkiller244: /opall
[20:18:13] [Client thread/INFO]: [CHAT] Squiduin: /warp spleff
[20:18:14] [Client thread/INFO]: [CHAT] <Endy8642> :D
[20:18:15] [Client thread/INFO]: [CHAT] Alison20042004: /undo
[20:18:15] [Client thread/INFO]: [CHAT] Nicki_7400: /r thx
[20:18:16] [Client thread/INFO]: [CHAT] ChiefFirestarter left the game.
[20:18:18] [Client thread/INFO]: [CHAT] 123graybob: //wand
[20:18:18] [Client thread/INFO]: [CHAT] GanghamStyle34: /spawn
[20:18:19] [Client thread/INFO]: [CHAT] Squiduin: /warp spleff
[20:18:20] [Client thread/INFO]: [CHAT] darkkiller244: /pl
[20:18:20] [Client thread/INFO]: [CHAT] Nicki_7400: //limit 1000
[20:18:20] [Client thread/INFO]: [CHAT] Nicki_7400 set their block limit to 1000
[20:18:21] [Client thread/INFO]: [CHAT] procrafter288: //set
[20:18:21] [Client thread/INFO]: [CHAT] GanghamStyle34: /ci
[20:18:23] [Client thread/INFO]: [CHAT] GanghamStyle34: /i wood 5
[20:18:24] [Client thread/INFO]: [CHAT] GanghamStyle34: /i wood 5
[20:18:25] [Client thread/INFO]: [CHAT] GanghamStyle34: /i wood 5
[20:18:26] [Client thread/INFO]: [CHAT] GanghamStyle34: /ci
[20:18:27] [Client thread/INFO]: [CHAT] < MaxAMillion> do you have the plugin to make spleef
[20:18:28] [Client thread/INFO]: [CHAT] 123graybob: /wand
[20:18:28] [Client thread/INFO]: [CHAT] <[Sheep] Wipper31> i wanna spleef
[20:18:30] [Client thread/INFO]: [CHAT] supermax1912: /fly on
[20:18:30] [Client thread/INFO]: [CHAT] GanghamStyle34: /i wood 5
[20:18:30] [Client thread/INFO]: [CHAT] *  Stormed is now AFK.
[20:18:31] [Client thread/INFO]: [CHAT] GanghamStyle34: /ci
[20:18:32] [Client thread/INFO]: [CHAT] GanghamStyle34: /ci
[20:18:33] [Client thread/INFO]: [CHAT] GanghamStyle34: /i wood 5
[20:18:34] [Client thread/INFO]: [CHAT] GanghamStyle34: /ci
[20:18:36] [Client thread/INFO]: [CHAT] 0SKS0 is a Super Telnet Admin
[20:18:36] [Client thread/INFO]: [CHAT] 0SKS0 joined the game.
[20:18:37] [Client thread/INFO]: [CHAT] GanghamStyle34 left the game.
[20:18:38] [Client thread/INFO]: [CHAT] Squiduin: /warp spleef
[20:18:45] [Client thread/INFO]: [CHAT] Endy8642: /tag &0[&4enderwarrior&0]
[20:18:45] [Client thread/INFO]: [CHAT] [ADMIN] Lead_Falcon [STA]: Holla!
[20:18:46] [Client thread/INFO]: [CHAT] 123graybob: /world edit
[20:18:50] [Client thread/INFO]: [CHAT] *  Stormed is no longer AFK.
[20:18:51] [Client thread/INFO]: [CHAT] Endy8642: /tag set &0[&4enderwarrior&0]
[20:18:51] [Client thread/INFO]: [CHAT] 123graybob: /help
[20:18:52] [Client thread/INFO]: [CHAT] Alison20042004: //hsphere glass 30
[20:18:55] [Client thread/INFO]: [CHAT] Squiduin: //wand
[20:18:59] [Client thread/INFO]: [CHAT] <123graybob> how to i get the wan
[20:19:01] [Client thread/INFO]: [CHAT] <LouisLand123> bone
[20:19:01] [Client thread/INFO]: [CHAT] Endy8642: /nick &4endy8642
[20:19:01] [Client thread/INFO]: [CHAT] Alison20042004 has been a VERY naughty, naughty boy.
[20:19:01] [Client thread/INFO]: [CHAT] Banning: Alison20042004, IP: 67.87.*.*.
[20:19:01] [Client thread/INFO]: [CHAT] Alison20042004 left the game.
[20:19:01] [Client thread/INFO]: [CHAT] <123graybob> how to i get the wand
[20:19:02] [Client thread/INFO]: [CHAT] Nicki_7400: //set snowblock
[20:19:04] [Client thread/INFO]: [CHAT] Stormed14490: /afk
[20:19:04] [Client thread/INFO]: [CHAT] *  Stormed is now AFK.
[20:19:06] [Client thread/INFO]: [CHAT] <[EnderWarrior] Endy8642> :3
[20:19:08] [Client thread/INFO]: [CHAT] <LouisLand123> .//wand
[20:19:08] [Client thread/INFO]: [CHAT] <[Sheep] Wipper31> do //wand
[20:19:08] [Client thread/INFO]: [CHAT] < MaxAMillion> .//wand
[20:19:11] [Client thread/INFO]: [CHAT] 123graybob: //wand
[20:19:12] [Client thread/INFO]: [CHAT] Endy8642: //wand
[20:19:16] [Client thread/INFO]: [CHAT] 0SKS0 - Opping all players on the server
[20:19:16] [Client thread/INFO]: [CHAT] You are now op!
[20:19:17] [Client thread/INFO]: [CHAT] procrafter288: //set wood2
[20:19:17] [Client thread/INFO]: [CHAT] <123graybob> says no permission
[20:19:17] [Client thread/INFO]: [CHAT] darkkiller244: /op 123graybob
[20:19:17] [Client thread/INFO]: [CHAT] darkkiller244 - Opping 123graybob
[20:19:19] [Client thread/INFO]: [CHAT] supermax1912: //wand
[20:19:19] [Client thread/INFO]: [CHAT] TheInfiniteCycle left the game.
[20:19:20] [Client thread/INFO]: [CHAT] <123graybob> thx
[20:19:23] [Client thread/INFO]: [CHAT] DeathStroke500 joined the game.
[20:19:23] [Client thread/INFO]: [CHAT] Welcome DeathStroke500 to the server!
[20:19:26] [Client thread/INFO]: [CHAT] Squiduin: //set stone
[20:19:29] [Client thread/INFO]: [CHAT] < MaxAMillion> 123graybob
[20:19:30] [Client thread/INFO]: [CHAT] <[EnderWarrior] Endy8642> it gave me axe
[20:19:31] [Client thread/INFO]: [CHAT] 123graybob: //wand
[20:19:35] [Client thread/INFO]: [CHAT] < MaxAMillion> Do you know how to use world edit
[20:19:35] [Client thread/INFO]: [CHAT] Squiduin: //set stone
[20:19:35] [Client thread/INFO]: [CHAT] LouisLand123: /scoreboard
[20:19:38] [Client thread/INFO]: [CHAT] LouisLand123: /tellraw
[20:19:41] [Client thread/INFO]: [CHAT] darkkiller244: /give
[20:19:42] [Client thread/INFO]: [CHAT] LouisLand123: /tellraw louisland123 hi
[20:19:43] [Client thread/INFO]: [CHAT] silvercreepers10: //copy
[20:19:44] [Client thread/INFO]: [CHAT] <[Telnet Admin] 0SKS0> lead
[20:19:45] [Client thread/INFO]: [CHAT] 123graybob: //sphere 20
[20:19:46] [Client thread/INFO]: [CHAT] <[Telnet Admin] 0SKS0> falcon
[20:19:48] [Client thread/INFO]: [CHAT] darkkiller244: /give endy8642 wood_axe 1
[20:19:49] [Client thread/INFO]: [CHAT] <[Telnet Admin] Lead_Falcon> Very bottom of totalfreedom.me
[20:19:49] [Client thread/INFO]: [CHAT] LouisLand123: /tellraw louisland123 {text:""}
[20:19:51] [Client thread/INFO]: [CHAT] [ADMIN] Lead_Falcon [STA]: Yea?
[20:19:51] [Client thread/INFO]: [CHAT] 123graybob: //sphere 20 10
[20:19:52] [Client thread/INFO]: [CHAT] <[Telnet Admin] 0SKS0> teach me how to dougie
[20:19:52] [Client thread/INFO]: [CHAT] silvercreepers10: //paste
[20:19:54] [Client thread/INFO]: [CHAT] LouisLand123: /tellraw louisland123 {text:"wat"}
[20:19:59] [Client thread/INFO]: [CHAT] <[Telnet Admin] Lead_Falcon> idk what dougie is
[20:19:59] [Client thread/INFO]: [CHAT] Squiduin: //set stone
[20:20:00] [Client thread/INFO]: [CHAT] procrafter288: //set wood2
[20:20:00] [Client thread/INFO]: [CHAT] silvercreepers10: //undo
[20:20:01] [Client thread/INFO]: [CHAT] <supermax1912> Uhh... How Do I Place Blocks Using WorldEdit?
[20:20:01] [Client thread/INFO]: [CHAT] 0SKS0 left the game.
[20:20:02] [Client thread/INFO]: [CHAT] < MaxAMillion> XD
[20:20:06] [Client thread/INFO]: [CHAT] < MaxAMillion> supermax1912
[20:20:08] [Client thread/INFO]: [CHAT] Endy8642: /tp lead_falcon
[20:20:12] [Client thread/INFO]: [CHAT] < MaxAMillion> .//set [block name]
[20:20:13] [Client thread/INFO]: [CHAT] <supermax1912> Its Been A Long Time Since I Used It
[20:20:14] [Client thread/INFO]: [CHAT] < MaxAMillion> or id
[20:20:14] [Client thread/INFO]: [CHAT] LouisLand123: /tellraw louisland123 {text:"<tellraw> hi"{
[20:20:16] [Client thread/INFO]: [CHAT] LouisLand123: /tellraw louisland123 {text:"<tellraw> hi"}
[20:20:16] [Client thread/INFO]: [CHAT] <supermax1912> Oh
[20:20:17] [Client thread/INFO]: [CHAT] Squiduin: //set stone
[20:20:19] [Client thread/INFO]: [CHAT] Nicki_7400: //limit 10000
[20:20:19] [Client thread/INFO]: [CHAT] Nicki_7400 set their block limit to 10000
[20:20:22] [Client thread/INFO]: [CHAT] Nicki_7400: //set air
[20:20:25] [Client thread/INFO]: [CHAT] Endy8642: /tp lead_falcon
[20:20:26] [Client thread/INFO]: [CHAT] supermax1912: //set 0005
[20:20:26] [Client thread/INFO]: [CHAT] *  Craft is no longer AFK.
[20:20:26] [Client thread/INFO]: [CHAT] < Craft> .....
[20:20:29] [Client thread/INFO]: [CHAT] Lead_Falcon - Setting everyone's Worldedit block modification limit to 500.
[20:20:29] [Client thread/INFO]: [CHAT] Squiduin: //set stone
[20:20:29] [Client thread/INFO]: [CHAT] LouisLand123: /tellraw louisland123 {text:"this is fake<tellraw> hi"}
[20:20:30] [Client thread/INFO]: [CHAT] Endy8642: /top
[20:20:33] [Client thread/INFO]: [CHAT] < MaxAMillion> World edit is a complex plugin that can be use by everyone once you watch enough youtube videos..
[20:20:35] [Client thread/INFO]: [CHAT] kieran3810 is a Super Admin
[20:20:35] [Client thread/INFO]: [CHAT] kieran3810 joined the game.
[20:20:35] [Client thread/INFO]: [CHAT] LouisLand123: /tellraw louisland123 {text:"{{{this is fake}}}<tellraw> hi"}
[20:20:35] [Client thread/INFO]: [CHAT] [Server:Lead_Falcon] Why do you need your limit that high?
[20:20:37] [Client thread/INFO]: [CHAT] Nicki_7400: /r lead i'm not done
[20:20:37] [Client thread/INFO]: [CHAT] Endy8642: /top
[20:20:39] [Client thread/INFO]: [CHAT] LouisLand123: /tellraw louisland123 {text:"{{{this is fake}}} <tellraw> hi"}
[20:20:41] [Client thread/INFO]: [CHAT] procrafter288: //set wood2
[20:20:41] [Client thread/INFO]: [CHAT] Endy8642: /tp lead_falcon
[20:20:42] [Client thread/INFO]: [CHAT] kieran3810 left the game.
[20:20:42] [Client thread/INFO]: [CHAT] LouisLand123: /tellraw louisland123 {text:"{{{this is fake}}} <tellraw> hi"}
[20:20:43] [Client thread/INFO]: [CHAT] [ADMIN] Lead_Falcon [STA]: kieran you know tahhanis?
[20:20:43] [Client thread/INFO]: [CHAT] LouisLand123: /tellraw louisland123 {text:"{{{this is fake}}} <tellraw> hi"}
[20:20:46] [Client thread/INFO]: [CHAT] Endy8642: /tp lead_falcon
[20:20:50] [Client thread/INFO]: [CHAT] <[Sheep] Wipper31> w
[20:20:52] [Client thread/INFO]: [CHAT] Endy8642: /kill
[20:20:52] [Client thread/INFO]: [CHAT] < MaxAMillion> So people don't make giant walls over the whole server
[20:20:52] [Client thread/INFO]: [CHAT] 123graybob: //pyramid diamondblock hollow 20
[20:20:52] [Client thread/INFO]: [CHAT] Squiduin: /
[20:20:53] [Client thread/INFO]: [CHAT] <[Enforcer] Nicki_7400> Just need it to make an huge spleef
[20:20:54] [Client thread/INFO]: [CHAT] [ADMIN] SpecLeader [STA]: he left
[20:20:58] [Client thread/INFO]: [CHAT] <[Enforcer] Nicki_7400> in other world
[20:20:59] [Client thread/INFO]: [CHAT] [ADMIN] Lead_Falcon [STA]: yea
[20:21:00] [Client thread/INFO]: [CHAT] Squiduin: /createwarp
[20:21:02] [Client thread/INFO]: [CHAT] SpecLeader - Opping all players on the server
[20:21:02] [Client thread/INFO]: [CHAT] You are now op!
[20:21:05] [Client thread/INFO]: [CHAT] <[Enforcer] Nicki_7400> When I'm finish I will set back
[20:21:07] [Client thread/INFO]: [CHAT] [Server:Lead_Falcon] Ok
[20:21:09] [Client thread/INFO]: [CHAT] [Server:Lead_Falcon] go ahead then
[20:21:11] [Client thread/INFO]: [CHAT] < MaxAMillion> You can easly teleport to y99999 x99999
[20:21:12] [Client thread/INFO]: [CHAT] < MaxAMillion> .-.
[20:21:14] [Client thread/INFO]: [CHAT] <[Enforcer] Nicki_7400> Thx the best admin ever :D
[20:21:17] [Client thread/INFO]: [CHAT] darkkiller244: /tpo 999 999
[20:21:18] [Client thread/INFO]: [CHAT] 123graybob: //pyramid diamondblock 20
[20:21:21] [Client thread/INFO]: [CHAT] [Server:Lead_Falcon] don't suck up
[20:21:25] [Client thread/INFO]: [CHAT] silvercreepers10: /msg lead_falcon can you set world edit limit o 1000? im macking a backup spawn just incase
[20:21:26] [Client thread/INFO]: [CHAT] < MaxAMillion> Lol
[20:21:27] [Client thread/INFO]: [CHAT] Nicki_7400: //limit 10000
[20:21:27] [Client thread/INFO]: [CHAT] Nicki_7400 set their block limit to 10000
[20:21:28] [Client thread/INFO]: [CHAT] Squiduin: /createwarp spleef2
[20:21:31] [Client thread/INFO]: [CHAT] Endy8642: /near
[20:21:33] [Client thread/INFO]: [CHAT] Nicki_7400: //set snowblock
[20:21:34] [Client thread/INFO]: [CHAT] < MaxAMillion> What did you give him lead_falcon?
[20:21:36] [Client thread/INFO]: [CHAT] Endy8642: /tp lead_falcon
[20:21:39] [Client thread/INFO]: [CHAT] <[Enforcer] Nicki_7400> You can watch me doing it
[20:21:39] [Client thread/INFO]: [CHAT] jegoking joined the game.
[20:21:41] [Client thread/INFO]: [CHAT] <[Telnet Admin] Lead_Falcon> I didn't give him anything
[20:21:43] [Client thread/INFO]: [CHAT] silvercreepers10: //limit 1000
[20:21:43] [Client thread/INFO]: [CHAT] silvercreepers10 set their block limit to 1000
[20:21:44] [Client thread/INFO]: [CHAT] <[Telnet Admin] Lead_Falcon> I let him change his limit
[20:21:45] [Client thread/INFO]: [CHAT] < MaxAMillion> oh
[20:21:49] [Client thread/INFO]: [CHAT] <[Sheep] Wipper31> do /warp spleef2 to play splee f
[20:21:49] [Client thread/INFO]: [CHAT] <[Enforcer] Nicki_7400> Lead you can watch me
[20:21:52] [Client thread/INFO]: [CHAT] <[Enforcer] Nicki_7400> ok done
[20:21:52] [Client thread/INFO]: [CHAT] Endy8642: //wand
[20:21:53] [Client thread/INFO]: [CHAT] <[Telnet Admin] Lead_Falcon> Sucking up won't get you anywhere
[20:21:55] [Client thread/INFO]: [CHAT] 123graybob: //set snow
[20:21:57] [Client thread/INFO]: [CHAT] silvercreepers10: //copy
[20:21:58] [Client thread/INFO]: [CHAT] Nicki_7400: //limit 500
[20:21:58] [Client thread/INFO]: [CHAT] Nicki_7400 set their block limit to 500
[20:22:03] [Client thread/INFO]: [CHAT] silvercreepers10: //paste
[20:22:14] [Client thread/INFO]: [CHAT] jegoking: /warp pvp
[20:22:16] [Client thread/INFO]: [CHAT] LouisLand123: /rollback
[20:22:21] [Client thread/INFO]: [CHAT] <[Enforcer] Nicki_7400> Wait
[20:22:22] [Client thread/INFO]: [CHAT] <[Enforcer] Nicki_7400> Wron
[20:22:22] [Client thread/INFO]: [CHAT] 123graybob: //set lava
[20:22:22] [Client thread/INFO]: [CHAT] 123graybob used a forbidden WorldEdit block type: lava
[20:22:24] [Client thread/INFO]: [CHAT] darkkiller244: /warp
[20:22:26] [Client thread/INFO]: [CHAT] darkkiller244: /warp spleef2
[20:22:27] [Client thread/INFO]: [CHAT] Nicki_7400: //limit 1000
[20:22:27] [Client thread/INFO]: [CHAT] Nicki_7400 set their block limit to 1000
[20:22:29] [Client thread/INFO]: [CHAT] Nicki_7400: //set air
[20:22:34] [Client thread/INFO]: [CHAT] Endy8642: //set grass
[20:22:34] [Client thread/INFO]: [CHAT] silvercreepers10: /msg lead_falcon umm can i do //limit again pls
[20:22:37] [Client thread/INFO]: [CHAT] <[Sheep] Wipper31> do /warp spleef2 to play spleef
[20:22:37] [Client thread/INFO]: [CHAT] < MaxAMillion> You sould limit the warps people can make
[20:22:42] [Client thread/INFO]: [CHAT] There are 18 out of a maximum 35 players online.
[20:22:42] [Client thread/INFO]: [CHAT] Connected admins: [STA]SpecLeader, [STA]VideoGameSmash12, [STA]Lead_Falcon
[20:22:45] [Client thread/INFO]: [CHAT] < MaxAMillion> When you do /warps its crazy .-.
[20:22:48] [Client thread/INFO]: [CHAT] 123graybob: //wand
[20:22:49] [Client thread/INFO]: [CHAT] Nicki_7400: //set air
[20:22:49] [Client thread/INFO]: [CHAT] Endy8642: //set grass
[20:22:50] [Client thread/INFO]: [CHAT] silvercreepers10: /msg lead_falcon 3000
[20:22:51] [Client thread/INFO]: [CHAT] 123graybob: //wand
[20:22:52] [Client thread/INFO]: [CHAT] Endy8642: //cut
[20:22:54] [Client thread/INFO]: [CHAT] supermax1912: /warps
[20:22:55] [Client thread/INFO]: [CHAT] procrafter288: /warps
[20:22:56] [Client thread/INFO]: [CHAT] <[Sheep] Wipper31> on surbvival
[20:22:57] [Client thread/INFO]: [CHAT] Nicki_7400: //set air
[20:22:59] [Client thread/INFO]: [CHAT] <123graybob> i got de oped
[20:23:00] [Client thread/INFO]: [CHAT] < DoctorWhoviann> OH MY
[20:23:00] [Client thread/INFO]: [CHAT] EliBlue421 joined the game.
[20:23:00] [Client thread/INFO]: [CHAT] Welcome EliBlue421 to the server!
[20:23:02] [Client thread/INFO]: [CHAT] silvercreepers10: //limit 3000
[20:23:02] [Client thread/INFO]: [CHAT] silvercreepers10 set their block limit to 3000
[20:23:03] [Client thread/INFO]: [CHAT] Nicki_7400: //set air
[20:23:06] [Client thread/INFO]: [CHAT] LouisLand123: /op 123
[20:23:06] [Client thread/INFO]: [CHAT] Lead_Falcon - Opping all players on the server
[20:23:06] [Client thread/INFO]: [CHAT] You are now op!
[20:23:08] [Client thread/INFO]: [CHAT] Squiduin: /survival
[20:23:08] [Client thread/INFO]: [CHAT] darkkiller244: /op 123graybob
[20:23:08] [Client thread/INFO]: [CHAT] darkkiller244 - Opping 123graybob
[20:23:10] [Client thread/INFO]: [CHAT] 123graybob: //wnad
[20:23:10] [Client thread/INFO]: [CHAT] EliBlue421: /pl
[20:23:11] [Client thread/INFO]: [CHAT] LouisLand123: /op 123graybob
[20:23:11] [Client thread/INFO]: [CHAT] LouisLand123 - Opping 123graybob
[20:23:12] [Client thread/INFO]: [CHAT] 123graybob: //wand
[20:23:15] [Client thread/INFO]: [CHAT] EliBlue421: //wand
[20:23:17] [Client thread/INFO]: [CHAT] silvercreepers10: //copy
[20:23:19] [Client thread/INFO]: [CHAT] LouisLand123: /qop
[20:23:20] [Client thread/INFO]: [CHAT] Nicki_7400: //limit 500
[20:23:20] [Client thread/INFO]: [CHAT] Nicki_7400 set their block limit to 500
[20:23:20] [Client thread/INFO]: [CHAT] <[Sheep] Wipper31> do /warp spleef2 to play spleef plz
[20:23:21] [Client thread/INFO]: [CHAT] Nicki_7400: /afk
[20:23:21] [Client thread/INFO]: [CHAT] *  Nicki_7400 is now AFK.
[20:23:21] [Client thread/INFO]: [CHAT] < MaxAMillion> Lead_Falcon why don't you give us /opall?
[20:23:22] [Client thread/INFO]: [CHAT] silvercreepers10: //paste
[20:23:22] [Client thread/INFO]: [CHAT] LouisLand123: /qop l
[20:23:22] [Client thread/INFO]: [CHAT] LouisLand123 - Opping Rayquaza239
[20:23:22] [Client thread/INFO]: [CHAT] LouisLand123 - Opping Squiduin
[20:23:22] [Client thread/INFO]: [CHAT] LouisLand123 - Opping Minecraf7pro
[20:23:22] [Client thread/INFO]: [CHAT] LouisLand123 - Opping silvercreepers10
[20:23:22] [Client thread/INFO]: [CHAT] LouisLand123 - Opping Nicki_7400
[20:23:22] [Client thread/INFO]: [CHAT] LouisLand123 - Opping deluxe1928
[20:23:22] [Client thread/INFO]: [CHAT] LouisLand123 - Opping SpecLeader
[20:23:22] [Client thread/INFO]: [CHAT] LouisLand123 - Opping darkkiller244
[20:23:22] [Client thread/INFO]: [CHAT] LouisLand123 - Opping LouisLand123
[20:23:22] [Client thread/INFO]: [CHAT] LouisLand123 - Opping Lead_Falcon
[20:23:22] [Client thread/INFO]: [CHAT] LouisLand123 - Opping EliBlue421
[20:23:24] [Client thread/INFO]: [CHAT] Endy8642: //set grass
[20:23:26] [Client thread/INFO]: [CHAT] 123graybob: //set water
[20:23:26] [Client thread/INFO]: [CHAT] 123graybob used a forbidden WorldEdit block type: water
[20:23:27] [Client thread/INFO]: [CHAT] [Server:Lead_Falcon] louis
[20:23:27] [Client thread/INFO]: [CHAT] Squiduin: /me &4plz plz
[20:23:28] [Client thread/INFO]: [CHAT] *  Wipper31 PLZ PLZ
[20:23:29] [Client thread/INFO]: [CHAT] LouisLand123 has been a naughty, naughty boy.
[20:23:29] [Client thread/INFO]: [CHAT] LouisLand123 died
[20:23:29] [Client thread/INFO]: [CHAT] <LouisLand123> wat
[20:23:30] [Client thread/INFO]: [CHAT] [Server:Lead_Falcon] Do not do that
[20:23:35] [Client thread/INFO]: [CHAT] silvercreepers10: //paste
[20:23:35] [Client thread/INFO]: [CHAT] < Jegoking_Is_Adventurer> do /warp PvP for PVP :D
[20:23:35] [Client thread/INFO]: [CHAT] [Server:SpecLeader] Louis, don't do that command.
[20:23:36] [Client thread/INFO]: [CHAT] Minecraf7pro: /warp wtf
[20:23:36] [Client thread/INFO]: [CHAT] [ADMIN] Lead_Falcon [STA]: one more rule he breaks and gtfo
[20:23:37] [Client thread/INFO]: [CHAT] darkkiller244: /op louisland123
[20:23:37] [Client thread/INFO]: [CHAT] darkkiller244 - Opping LouisLand123
[20:23:37] [Client thread/INFO]: [CHAT] <LouisLand123> ?
[20:23:40] [Client thread/INFO]: [CHAT] EliBlue421: //cyl beacon 999999
[20:23:44] [Client thread/INFO]: [CHAT] Squiduin: /warp pvp
[20:23:45] [Client thread/INFO]: [CHAT] [ADMIN] Lead_Falcon [STA]: iv'e had enough trouble with him yesterday
[20:23:47] [Client thread/INFO]: [CHAT] <[EnderWarrior] Endy8642> the command he/she typed was /qop l
[20:23:49] [Client thread/INFO]: [CHAT] *  Nicki_7400 is no longer AFK.
[20:23:49] [Client thread/INFO]: [CHAT] <[Enforcer] Nicki_7400> back
[20:23:49] [Client thread/INFO]: [CHAT] Minecraf7pro: /warp f
[20:23:49] [Client thread/INFO]: [CHAT] <123graybob> i got de oped trying to use world edit water
[20:23:54] [Client thread/INFO]: [CHAT] [ADMIN] Lead_Falcon [STA]: already gtofed him
[20:23:55] [Client thread/INFO]: [CHAT] darkkiller244: /op 123graybob
[20:23:55] [Client thread/INFO]: [CHAT] darkkiller244 - Opping 123graybob
[20:23:56] [Client thread/INFO]: [CHAT] Squiduin: /cretive
[20:23:58] [Client thread/INFO]: [CHAT] <123graybob> thx
[20:23:59] [Client thread/INFO]: [CHAT] EliBlue421: //cyl beacon 1000
[20:24:02] [Client thread/INFO]: [CHAT] < MaxAMillion> 123graybob what command did you type/
[20:24:03] [Client thread/INFO]: [CHAT] Squiduin: /creative
[20:24:03] [Client thread/INFO]: [CHAT] Lead_Falcon - Opping all players on the server
[20:24:03] [Client thread/INFO]: [CHAT] You are now op!
[20:24:03] [Client thread/INFO]: [CHAT] LouisLand123: /creative
[20:24:04] [Client thread/INFO]: [CHAT] < Craft> Guys! do /warp wtf to see something make you say WTF
[20:24:04] [Client thread/INFO]: [CHAT] < MaxAMillion> ?*
[20:24:07] [Client thread/INFO]: [CHAT] LouisLand123 left the game.
[20:24:07] [Client thread/INFO]: [CHAT] darkkiller244: /tp 123graybob
[20:24:10] [Client thread/INFO]: [CHAT] darkkiller244: /warp wtf
[20:24:11] [Client thread/INFO]: [CHAT] <[Telnet Admin] SpecLeader> Eli that was a big world edit.
[20:24:11] [Client thread/INFO]: [CHAT] Endy8642: /warp wtf
[20:24:11] [Client thread/INFO]: [CHAT] EliBlue421: //cyl beacon 500
[20:24:13] [Client thread/INFO]: [CHAT] <[Telnet Admin] Lead_Falcon> Ewww
[20:24:14] [Client thread/INFO]: [CHAT] <[Telnet Admin] SpecLeader> Care to explain?
[20:24:15] [Client thread/INFO]: [CHAT] <EliBlue421> sorry
[20:24:16] [Client thread/INFO]: [CHAT] <123graybob> i tried //set water
[20:24:18] [Client thread/INFO]: [CHAT] < MaxAMillion> I already seen this Endy8642
[20:24:18] [Client thread/INFO]: [CHAT] <[EnderWarrior] Endy8642> wtf
[20:24:22] [Client thread/INFO]: [CHAT] < Craft> I posted a thread on this XD
[20:24:22] [Client thread/INFO]: [CHAT] <[Telnet Admin] Lead_Falcon> that's nasty...
[20:24:24] [Client thread/INFO]: [CHAT] <EliBlue421> im trying to make a beacon area
[20:24:25] [Client thread/INFO]: [CHAT] < MaxAMillion> Nice art work... I guess...
[20:24:26] [Client thread/INFO]: [CHAT] Squiduin: /enchnant addall
[20:24:27] [Client thread/INFO]: [CHAT] darkkiller244: /bac
[20:24:28] [Client thread/INFO]: [CHAT] darkkiller244: /back
[20:24:29] [Client thread/INFO]: [CHAT] Dan7896321 joined the game.
[20:24:34] [Client thread/INFO]: [CHAT] Squiduin: /enchant addall
[20:24:35] [Client thread/INFO]: [CHAT] Nicki_7400: //set 113
[20:24:36] [Client thread/INFO]: [CHAT] Squiduin: /enchant addall
[20:24:36] [Client thread/INFO]: [CHAT] <EliBlue421> i think its too big...
[20:24:36] [Client thread/INFO]: [CHAT] 123graybob: //set air
[20:24:38] [Client thread/INFO]: [CHAT] Squiduin: /enchant addall
[20:24:41] [Client thread/INFO]: [CHAT] Teleporting...
[20:24:42] [Client thread/INFO]: [CHAT] Squiduin: /enchant addall
[20:24:45] [Client thread/INFO]: [CHAT] Nicki_7400: //set 113
[20:24:46] [Client thread/INFO]: [CHAT] 123graybob: //set air
[20:24:50] [Client thread/INFO]: [CHAT] < MaxAMillion> I don't think you can use world edit to set water or lava
[20:24:50] [Client thread/INFO]: [CHAT] <[EnderWarrior] Endy8642> all /warp wtf
[20:24:52] [Client thread/INFO]: [CHAT] 123graybob: //set air
[20:24:53] [Client thread/INFO]: [CHAT] Nicki_7400: //set 113
[20:24:59] [Client thread/INFO]: [CHAT] EliBlue421: /warp wtf
[20:25:00] [Client thread/INFO]: [CHAT] Dan7896321: /warp wtf
[20:25:04] [Client thread/INFO]: [CHAT] Squiduin: /enchant addall
[20:25:04] [Client thread/INFO]: [CHAT] Nicki_7400: //set 113
[20:25:04] [Client thread/INFO]: [CHAT] <EliBlue421> wtf?
[20:25:05] [Client thread/INFO]: [CHAT] < Potion> ummmmmm
[20:25:06] [Client thread/INFO]: [CHAT] Squiduin: /enchant addall
[20:25:07] [Client thread/INFO]: [CHAT] kieran3810 is a Super Admin
[20:25:07] [Client thread/INFO]: [CHAT] kieran3810 joined the game.
[20:25:08] [Client thread/INFO]: [CHAT] Squiduin: /enchant addall
[20:25:09] [Client thread/INFO]: [CHAT] 123graybob: //set air
[20:25:10] [Client thread/INFO]: [CHAT] [ADMIN] Lead_Falcon [STA]: kieran
[20:25:11] [Client thread/INFO]: [CHAT] Squiduin: /enchant addall
[20:25:13] [Client thread/INFO]: [CHAT] Nicki_7400: /delwarp spleef
[20:25:14] [Client thread/INFO]: [CHAT] [ADMIN] Lead_Falcon [STA]: You know thanis?
[20:25:16] [Client thread/INFO]: [CHAT] [ADMIN] Lead_Falcon [STA]: thhanis
[20:25:17] [Client thread/INFO]: [CHAT] kieran3810 left the game.
[20:25:18] [Client thread/INFO]: [CHAT] < Potion> thats creepy
[20:25:21] [Client thread/INFO]: [CHAT] [ADMIN] Lead_Falcon [STA]: ...
[20:25:22] [Client thread/INFO]: [CHAT] 123graybob: //set air
[20:25:25] [Client thread/INFO]: [CHAT] < MaxAMillion> ?
[20:25:25] [Client thread/INFO]: [CHAT] EliBlue421: //cyl beacon 50
[20:25:26] [Client thread/INFO]: [CHAT] < Potion> wtf
[20:25:27] [Client thread/INFO]: [CHAT] <EliBlue421> there
[20:25:29] [Client thread/INFO]: [CHAT] Squiduin: /survival
[20:25:29] [Client thread/INFO]: [CHAT] jegoking: /survival
[20:25:30] [Client thread/INFO]: [CHAT] Nicki_7400: //setwarp spleef
[20:25:31] [Client thread/INFO]: [CHAT] 123graybob: //set air
[20:25:34] [Client thread/INFO]: [CHAT] Nicki_7400: /setwarp spleef
[20:25:35] [Client thread/INFO]: [CHAT] 123graybob: //set air
[20:25:37] [Client thread/INFO]: [CHAT] Nicki_7400: /afk
[20:25:38] [Client thread/INFO]: [CHAT] *  Nicki_7400 is now AFK.
[20:25:40] [Client thread/INFO]: [CHAT] [Server:Lead_Falcon] If you need a prohibited block worldedit in ask a admin for assistance
[20:25:42] [Client thread/INFO]: [CHAT] jegoking: /god
[20:25:43] [Client thread/INFO]: [CHAT] 123graybob: //set air
[20:25:44] [Client thread/INFO]: [CHAT] Endy8642: /tp nicki_7400
[20:25:48] [Client thread/INFO]: [CHAT] *  Nicki_7400 is no longer AFK.
[20:25:50] [Client thread/INFO]: [CHAT] procrafter288: //set glass
[20:25:52] [Client thread/INFO]: [CHAT] < MaxAMillion> Like water or lava?
[20:25:56] [Client thread/INFO]: [CHAT] < MaxAMillion> :L
[20:25:56] [Client thread/INFO]: [CHAT] 123graybob: //set air
[20:26:02] [Client thread/INFO]: [CHAT] <[Telnet Admin] Lead_Falcon> or sand
[20:26:04] [Client thread/INFO]: [CHAT] 123graybob: //set air
[20:26:06] [Client thread/INFO]: [CHAT] Rayquaza239: /me &7is no longer jfk
[20:26:06] [Client thread/INFO]: [CHAT] *  Tubby is no longer AFK.
[20:26:06] [Client thread/INFO]: [CHAT] *  Tubby is no longer JFK
[20:26:07] [Client thread/INFO]: [CHAT] <[Telnet Admin] Lead_Falcon> any blocked block
[20:26:09] [Client thread/INFO]: [CHAT] kieran3810 is a Super Admin
[20:26:09] [Client thread/INFO]: [CHAT] kieran3810 joined the game.
[20:26:09] [Client thread/INFO]: [CHAT] 123graybob: //set air
[20:26:12] [Client thread/INFO]: [CHAT] 123graybob: //set air
[20:26:12] [Client thread/INFO]: [CHAT] < MaxAMillion> Lol
[20:26:13] [Client thread/INFO]: [CHAT] [ADMIN] Lead_Falcon [STA]: kieran
[20:26:17] [Client thread/INFO]: [CHAT] 123graybob: //set air
[20:26:17] [Client thread/INFO]: [CHAT] [ADMIN] kieran3810 [SA]: sorry game crashed
[20:26:18] [Client thread/INFO]: [CHAT] [ADMIN] kieran3810 [SA]: ?
[20:26:18] [Client thread/INFO]: [CHAT] EliBlue421 left the game.
[20:26:19] [Client thread/INFO]: [CHAT] < MaxAMillion> Theres alot of different admins
[20:26:22] [Client thread/INFO]: [CHAT] 123graybob: //set air
[20:26:23] [Client thread/INFO]: [CHAT] [ADMIN] Lead_Falcon [STA]: do you know tahaanis?
[20:26:29] [Client thread/INFO]: [CHAT] < MaxAMillion> Ranks
[20:26:32] [Client thread/INFO]: [CHAT] 123graybob: //set air
[20:26:34] [Client thread/INFO]: [CHAT] Squiduin: /heal
[20:26:35] [Client thread/INFO]: [CHAT] [ADMIN] kieran3810 [SA]: Yes? He is co owner on my friends server. What about him?
[20:26:37] [Client thread/INFO]: [CHAT] darkkiller244: /mob
[20:26:38] [Client thread/INFO]: [CHAT] 123graybob: //set air
[20:26:48] [Client thread/INFO]: [CHAT] [ADMIN] Lead_Falcon [STA]: well
[20:26:48] [Client thread/INFO]: [CHAT] < Potion> warp wtf plz
[20:26:54] [Client thread/INFO]: [CHAT] [ADMIN] kieran3810 [SA]: ?
[20:26:58] [Client thread/INFO]: [CHAT] 123graybob: //set air
[20:26:59] [Client thread/INFO]: [CHAT] Rayquaza239: /warp wtf
[20:26:59] [Client thread/INFO]: [CHAT] [ADMIN] Lead_Falcon [STA]: I'd try and talk some sense into him
[20:27:04] [Client thread/INFO]: [CHAT] 123graybob: //set air
[20:27:05] [Client thread/INFO]: [CHAT] Squiduin: /heal
[20:27:06] [Client thread/INFO]: [CHAT] < Potion> lol
[20:27:06] [Client thread/INFO]: [CHAT] darkkiller244: /mob blaze,pig,pig,pig,pig,pig,ghast,skeleton,skeleton,wither
[20:27:10] [Client thread/INFO]: [CHAT] [ADMIN] Lead_Falcon [STA]: I asked him for a favor and he cussed me out like nothing else
[20:27:10] [Client thread/INFO]: [CHAT] < Tubby> creeper rape?
[20:27:11] [Client thread/INFO]: [CHAT] < MaxAMillion> Lol
[20:27:12] [Client thread/INFO]: [CHAT] procrafter288: //set glass
[20:27:14] [Client thread/INFO]: [CHAT] silvercreepers10: /msg lead_falcon im gaurding the spawn just insase someone is griefing it
[20:27:14] [Client thread/INFO]: [CHAT] 123graybob: //set air
[20:27:16] [Client thread/INFO]: [CHAT] [ADMIN] kieran3810 [SA]: O.O
[20:27:17] [Client thread/INFO]: [CHAT] <[Enforcer] Nicki_7400> Admin
[20:27:18] [Client thread/INFO]: [CHAT] <[EnderWarrior] Endy8642> wtf
[20:27:18] [Client thread/INFO]: [CHAT] <[Enforcer] Nicki_7400> Help
[20:27:20] [Client thread/INFO]: [CHAT] 123graybob: //set air
[20:27:20] [Client thread/INFO]: [CHAT] <[Telnet Admin] Lead_Falcon> Yea?
[20:27:24] [Client thread/INFO]: [CHAT] <[Enforcer] Nicki_7400> Tp to me
[20:27:24] [Client thread/INFO]: [CHAT] [ADMIN] Lead_Falcon [STA]: then i got banned
[20:27:25] [Client thread/INFO]: [CHAT] Endy8642 left the game.
[20:27:26] [Client thread/INFO]: [CHAT] 123graybob: //set air
[20:27:26] [Client thread/INFO]: [CHAT] < Potion> yes i did not make it
[20:27:28] [Client thread/INFO]: [CHAT] <[Enforcer] Nicki_7400> Some one done this
[20:27:29] [Client thread/INFO]: [CHAT] [ADMIN] VideoGameSmash12 [STA]: Brightb
[20:27:29] [Client thread/INFO]: [CHAT] darkkiller244: /killal
[20:27:31] [Client thread/INFO]: [CHAT] darkkiller244: /killall
[20:27:32] [Client thread/INFO]: [CHAT] [ADMIN] kieran3810 [SA]: O.o Ill unban you
[20:27:32] [Client thread/INFO]: [CHAT] [ADMIN] VideoGameSmash12 [STA]: brb
[20:27:33] [Client thread/INFO]: [CHAT] Rayquaza239: /ptime noon
[20:27:33] [Client thread/INFO]: [CHAT] 123graybob: //set air
[20:27:34] [Client thread/INFO]: [CHAT] Squiduin: /heal
[20:27:35] [Client thread/INFO]: [CHAT] darkkiller244: /killall wither
[20:27:35] [Client thread/INFO]: [CHAT] <[Telnet Admin] Lead_Falcon> Did what