[14:13:34] [Client thread/INFO]: Connecting to 64.34.165.5, 28965
[14:13:35] [Client thread/INFO]: [CHAT] VideoGameSmash12 joined the game.
[14:13:35] [Client thread/INFO]: [CHAT] Type /help for a list of commands.
[14:13:35] [Client thread/INFO]: [CHAT] Save your builds with World Edit or lose them
[14:13:35] [Client thread/INFO]: [CHAT] Read our website at www.totalfreedom.me to find out how
[14:13:35] [Client thread/INFO]: [CHAT] Read the rules
[14:13:35] [Client thread/INFO]: [CHAT] Read our only authorized forum at www.totalfreedom.boards.net
[14:13:35] [Client thread/INFO]: [CHAT] You have no new mail.
[14:13:35] [Client thread/INFO]: [CHAT] Welcome VideoGameSmash12 to the server!
[14:13:37] [Client thread/INFO]: [CHAT] Wa1ternate has been a naughty, naughty boy.
[14:13:37] [Client thread/INFO]: [CHAT] Wa1ternate died
[14:13:39] [Client thread/INFO]: [CHAT] coole19 joined the game.
[14:13:41] [Client thread/INFO]: [CHAT] koogi123 left the game.
[14:13:41] [Client thread/INFO]: [CHAT] <JohnDog3112> &khi
[14:13:45] [Client thread/INFO]: [CHAT] < WTFHATKAS> WH?
[14:13:46] [Client thread/INFO]: [CHAT] koogi123 joined the game.
[14:13:51] [Client thread/INFO]: [CHAT] < Midna> t
[14:13:52] [Client thread/INFO]: [CHAT] < Olivia> Hey xD
[14:13:52] [Client thread/INFO]: [CHAT] DJM516 joined the game.
[14:13:53] [Client thread/INFO]: [CHAT] Welcome DJM516 to the server!
[14:13:54] [Client thread/INFO]: [CHAT] BenXwellyzz joined the game.
[14:13:55] [Client thread/INFO]: [CHAT] Welcome BenXwellyzz to the server!
[14:13:55] [Client thread/INFO]: [CHAT] <TrueMU's_Fan ttamir123> im here herobrine...
[14:13:57] [Client thread/INFO]: [CHAT] ItzBloop - Rolling back player: AeRmeVoL
[14:13:59] [Client thread/INFO]: [CHAT] AeRmeVoL has been a VERY naughty, naughty boy.
[14:13:59] [Client thread/INFO]: [CHAT] Banning: AeRmeVoL, IP: 172.56.*.*.
[14:14:00] [Client thread/INFO]: [CHAT] AeRmeVoL left the game.
[14:14:01] [Client thread/INFO]: [CHAT] ilikepie1109 joined the game.
[14:14:01] [Client thread/INFO]: [CHAT] Welcome ilikepie1109 to the server!
[14:14:01] [Client thread/INFO]: [CHAT] <BenXwellyzz> .
[14:14:04] [Client thread/INFO]: [CHAT] mmIII left the game.
[14:14:05] [Client thread/INFO]: [CHAT] <BenXwellyzz> oP ME
[14:14:07] [Client thread/INFO]: [CHAT] Wa1ternate was slain by VideoGameSmash12
[14:14:08] [Client thread/INFO]: [CHAT] ItzBloop - Opping all players on the server
[14:14:09] [Client thread/INFO]: [CHAT] You are now op!
[14:14:09] [Client thread/INFO]: [CHAT] <rainrod> op me, thunderstriiiiiiiike!
[14:14:11] [Client thread/INFO]: [CHAT] EcoGamerHD - Opping BenXwellyzz
[14:14:12] [Client thread/INFO]: [CHAT] imacksfield left the game.
[14:14:16] [Client thread/INFO]: [CHAT] peanutjackson joined the game.