[21:42:04] [Client thread/INFO]: Connecting to 64.34.165.5, 28965
[21:42:04] [Client thread/INFO]: [CHAT] VideoGameSmash12 joined the game.
[21:42:04] [Client thread/INFO]: [CHAT] Type /help for a list of commands.
[21:42:04] [Client thread/INFO]: [CHAT] Save your builds with World Edit or lose them
[21:42:04] [Client thread/INFO]: [CHAT] Read our website at www.totalfreedom.me to find out how
[21:42:04] [Client thread/INFO]: [CHAT] Read the rules
[21:42:04] [Client thread/INFO]: [CHAT] Read our only authorized forum at www.totalfreedom.boards.net
[21:42:04] [Client thread/INFO]: [CHAT] You have no new mail.
[21:42:05] [Client thread/INFO]: [CHAT] < FrostBlade> idk
[21:42:08] [Client thread/INFO]: [CHAT] < FrostBlade> how
[21:42:09] [Client thread/INFO]: [CHAT] < FrostBlade> ?
[21:42:11] [Client thread/INFO]: [CHAT] <qazxsw1321> Grab your spade!
[21:42:18] [Client thread/INFO]: [CHAT] < FrostBlade> do you know the number
[21:42:22] [Client thread/INFO]: [CHAT] < FrostBlade> of the pot
[21:42:23] [Client thread/INFO]: [CHAT] <qazxsw1321> Who wants to count?
[21:42:24] [Client thread/INFO]: [CHAT] [Budde2017: Set Budde2017's spawnpoint to -232.51540630408647, 95.0, 89.98694890330798]
[21:42:30] [Client thread/INFO]: [CHAT] [qazxsw1321: Set qazxsw1321's spawnpoint to -257.03518958945244, 95.0, 61.76249998807907]
[21:42:37] [Client thread/INFO]: [CHAT] <VideoGameSmash12> Now I finally made a new skin!
[21:42:37] [Client thread/INFO]: [CHAT] <qazxsw1321> =/
[21:42:39] [Client thread/INFO]: [CHAT] <Budde2017> ill count
[21:42:39] [Client thread/INFO]: [CHAT] <qazxsw1321> 3
[21:42:40] [Client thread/INFO]: [CHAT] <qazxsw1321> k
[21:42:43] [Client thread/INFO]: [CHAT] < FrostBlade> ok
[21:42:43] [Client thread/INFO]: [CHAT] <Budde2017> 3
[21:42:44] [Client thread/INFO]: [CHAT] < FrostBlade> start
[21:42:45] [Client thread/INFO]: [CHAT] <ricecake13> 2
[21:42:46] [Client thread/INFO]: [CHAT] <Budde2017> 2
[21:42:48] [Client thread/INFO]: [CHAT] <ricecake13> 1
[21:42:49] [Client thread/INFO]: [CHAT] <Budde2017> 1
[21:42:50] [Client thread/INFO]: [CHAT] StarDustPvP joined the game.
[21:42:50] [Client thread/INFO]: [CHAT] Welcome StarDustPvP to the server!
[21:42:50] [Client thread/INFO]: [CHAT] MonGarbak left the game.
[21:42:51] [Client thread/INFO]: [CHAT] <Budde2017> go
[21:42:51] [Client thread/INFO]: [CHAT] < FrostBlade> ztlynch
[21:42:57] [Client thread/INFO]: [CHAT] <ztlynch> wait
[21:42:59] [Client thread/INFO]: [CHAT] kawaiidfroggirl used a forbidden WorldEdit block type: dragon egg
[21:43:01] [Client thread/INFO]: [CHAT] zmey left the game.
[21:43:03] [Client thread/INFO]: [CHAT] <qazxsw1321> 1 sec
[21:43:04] [Client thread/INFO]: [CHAT] < FrostBlade> you got a stack?
[21:43:10] [Client thread/INFO]: [CHAT] <lyjasi> Someone wanna go to the Nether?
[21:43:10] [Client thread/INFO]: [CHAT] StarDustPvP left the game.
[21:43:12] [Client thread/INFO]: [CHAT] ricecake13 fell from a high place
[21:43:17] [Client thread/INFO]: [CHAT] rainbowpika13 left the game.
[21:43:18] [Client thread/INFO]: [CHAT] <qazxsw1321> o3o
[21:43:19] [Client thread/WARN]: Adding duplicate key 'minecraft:mob_spawner' to registry
[21:43:19] [Client thread/WARN]: Adding duplicate key 'minecraft:wheat' to registry
[21:43:19] [Client thread/WARN]: Adding duplicate key 'minecraft:nether_wart' to registry