[12:29:28] [Client thread/INFO]: Connecting to play.totalfreedom.me., 28965
[12:29:30] [Client thread/INFO]: [CHAT] VideoGameSmash12 is a Super Telnet Admin
[12:29:30] [Client thread/INFO]: [CHAT] VideoGameSmash12 joined the game.
[12:29:30] [Client thread/INFO]: [CHAT] [dangsys: Object successfully summoned]
[12:29:30] [Client thread/INFO]: [CHAT] PMCce28dd0f68c70a25ab3288720dabafde
[12:29:30] [Client thread/INFO]: [CHAT] Server IP is changing soon! Only use play.totalfreedom.me
[12:29:30] [Client thread/INFO]: [CHAT] Type /help for a list of commands.
[12:29:30] [Client thread/INFO]: [CHAT] Save your builds with World Edit or lose them
[12:29:30] [Client thread/INFO]: [CHAT] Read our website at www.totalfreedom.me to find out how
[12:29:30] [Client thread/INFO]: [CHAT] Read the rules
[12:29:30] [Client thread/INFO]: [CHAT] Read our only authorized forum at www.totalfreedom.boards.net
[12:29:30] [Client thread/INFO]: [CHAT] You have no new mail.
[12:29:32] [Client thread/INFO]: [CHAT] [dangsys: Object successfully summoned]
[12:29:33] [Client thread/INFO]: [CHAT] [dangsys: Object successfully summoned]
[12:29:34] [Client thread/INFO]: [CHAT] Statek735 died
[12:29:34] [Client thread/INFO]: [CHAT] Player Statek735 took their own life.
[12:29:34] [Client thread/INFO]: [CHAT] [ADMIN] Grenos [SA]: Hey video
[12:29:36] [Client thread/INFO]: [CHAT] dangsys has been a naughty, naughty boy.
[12:29:36] [Client thread/INFO]: [CHAT] dangsys died
[12:29:37] [Client thread/INFO]: [CHAT] [ADMIN] Flycoder [OP]: Yes, Thank you
[12:29:37] [Client thread/INFO]: [CHAT] [ADMIN] BuscusFan [STA]: hey video
[12:29:40] [Client thread/INFO]: [CHAT] Statek735 died
[12:29:40] [Client thread/INFO]: [CHAT] Player Statek735 took their own life.
[12:29:41] [Client thread/INFO]: [CHAT] <dangsys> ?!
[12:29:41] [Client thread/INFO]: [CHAT] [Server:aggelosQQ] No withers and it's spamming
[12:29:43] [Client thread/INFO]: [CHAT] <User_9219> is there powertools
[12:29:45] [Client thread/INFO]: [CHAT] <dangsys> oh
[12:29:47] [Client thread/INFO]: [CHAT] <[Telnet Admin] aggelosQQ> no
[12:29:50] [Client thread/INFO]: [CHAT] < Kinglanz> no
[12:29:51] [Client thread/INFO]: [CHAT] <Guard_Of_lanz13> i fixed it lanz :D
[12:29:51] [Client thread/INFO]: [CHAT] [ADMIN] VideoGameSmash12 [STA]: Who's flycoder
[12:29:52] [Client thread/INFO]: [CHAT] <dangsys> can i have op back then
[12:29:55] [Client thread/INFO]: [CHAT] * jared441 is now AFK.
[12:29:55] [Client thread/INFO]: [CHAT] [ADMIN] aggelosQQ [STA]: mark
[12:29:57] [Client thread/INFO]: [CHAT] < Kinglanz> ok
[12:29:57] [Client thread/INFO]: [CHAT] mrlazerbird - Opping dangsys
[12:29:57] [Client thread/INFO]: [CHAT] < QweenElohel523> cohlint do you want to be a guard?
[12:29:58] [Client thread/INFO]: [CHAT] [ADMIN] Flycoder [OP]: Me
[12:29:58] [Client thread/INFO]: [CHAT] [ADMIN] BuscusFan [STA]: my prisons looking pretty damn good if i do say so myself
[12:30:01] [Client thread/INFO]: [CHAT] [ADMIN] BuscusFan [STA]: vj on an alt
[12:30:01] [Client thread/INFO]: [CHAT] <User_9219> make pts
[12:30:08] [Client thread/INFO]: [CHAT] mcblaster04 joined the game.
[12:30:12] [Client thread/INFO]: [CHAT] [ADMIN] aggelosQQ [STA]: no buscus
[12:30:13] [Client thread/INFO]: [CHAT] [ADMIN] Flycoder [OP]: I'am
[12:30:14] [Client thread/INFO]: [CHAT] [ADMIN] aggelosQQ [STA]: it's mark :p
[12:30:16] [Client thread/INFO]: [CHAT] [ADMIN] BuscusFan [STA]: ah
[12:30:18] [Client thread/INFO]: [CHAT] [ADMIN] BuscusFan [STA]: xD
[12:30:22] [Client thread/INFO]: [CHAT] Player Flycoder has been online since 13 minutes 59 seconds.
[12:30:22] [Client thread/INFO]: [CHAT]  - IP Address: /178.148.12.186
[12:30:22] [Client thread/INFO]: [CHAT] <[?YouTuber?] Dr_Ballistic> qweenelohel
[12:30:23] [Client thread/INFO]: [CHAT] [ADMIN] Grenos [SA]: Hey mark~
[12:30:26] [Client thread/INFO]: [CHAT] < QweenElohel523> ya
[12:30:28] [Client thread/INFO]: [CHAT] [ADMIN] Grenos [SA]: *!
[12:30:30] [Client thread/INFO]: [CHAT] <[?YouTuber?] Dr_Ballistic> im ur guy
[12:30:32] [Client thread/INFO]: [CHAT] [ADMIN] Flycoder [OP]: agg tell him i won t
[12:30:32] [Client thread/INFO]: [CHAT] Running search for players matching '178.148.12.186' (this could take a little while).
[12:30:32] [Client thread/INFO]: [CHAT] The following players previously logged in from that IP address:
[12:30:32] [Client thread/INFO]: [CHAT] Flycoder, reekasmat, tamsakeer
[12:30:32] [Client thread/INFO]: [CHAT] <[?YouTuber?] Dr_Ballistic> pet
[12:30:33] [Client thread/INFO]: [CHAT] stripes355 has been a VERY naughty, naughty boy.
[12:30:33] [Client thread/INFO]: [CHAT] Banning: stripes355, IP: 68.111.*.*.
[12:30:33] [Client thread/INFO]: [CHAT] stripes355 left the game.
[12:30:37] [Client thread/INFO]: [CHAT] < QweenElohel523> ok
[12:30:39] [Client thread/INFO]: [CHAT] <[?YouTuber?] Dr_Ballistic> im both of ur guys pet
[12:30:40] [Client thread/INFO]: [CHAT] ShatteredExpert left the game.
[12:30:42] [Client thread/INFO]: [CHAT] <lolerpoper> who have skin?
[12:30:43] [Client thread/INFO]: [CHAT] [ADMIN] BuscusFan [STA]: thought you were vj the whole time xD
[12:30:43] [Client thread/INFO]: [CHAT] < QweenElohel523> oki
[12:30:43] [Client thread/INFO]: [CHAT] [ADMIN] Flycoder [OP]: hey Grenos
[12:30:46] [Client thread/INFO]: [CHAT] [ADMIN] VideoGameSmash12 [STA]: oh hi tamsakeer
[12:30:48] [Client thread/INFO]: [CHAT] <[?YouTuber?] Dr_Ballistic> can i have a pet bed
[12:30:48] [Client thread/INFO]: [CHAT] < QweenElohel523> ok~
[12:30:52] [Client thread/INFO]: [CHAT] < QweenElohel523> ok
[12:30:53] [Client thread/INFO]: [CHAT] [ADMIN] Flycoder [OP]: gg buscus
[12:30:54] [Client thread/INFO]: [CHAT] [ADMIN] aggelosQQ [STA]: lol xD
[12:30:54] [Client thread/INFO]: [CHAT] < Kinglanz> i hav skin
[12:30:55] [Client thread/INFO]: [CHAT] < TheMightyGuardoflanzania> all you needed was repeaters at the end, lanz13.
[12:30:55] [Client thread/INFO]: [CHAT] aggelosQQ - Opping all players on the server
[12:30:55] [Client thread/INFO]: [CHAT] You are now op!
[12:31:01] [Client thread/INFO]: [CHAT] [ADMIN] Flycoder [OP]: hai video
[12:31:01] [Client thread/INFO]: [CHAT] Grenos - Rolling back player: Dr_Ballistic
[12:31:06] [Client thread/INFO]: [CHAT] Grenos - Reverting rollback for player: Dr_Ballistic
[12:31:07] [Client thread/INFO]: [CHAT] <[?YouTuber?] Dr_Ballistic> woah
[12:31:09] [Client thread/INFO]: [CHAT] <[HELPER] [WARDEN] [CREATOR] SNIPERPRO> there
[12:31:10] [Client thread/INFO]: [CHAT] < TheMightyGuardoflanzania> you're welcome.
[12:31:12] [Client thread/INFO]: [CHAT] Flycoder - Opping all players on the server
[12:31:12] [Client thread/INFO]: [CHAT] You are now op!
[12:31:13] [Client thread/INFO]: [CHAT] <TAG Tails> im dead
[12:31:14] [Client thread/INFO]: [CHAT] tailsdoll27 fell out of the world
[12:31:15] [Client thread/INFO]: [CHAT] User_9219 left the game.
[12:31:18] [Client thread/INFO]: [CHAT] Teleporting...
[12:31:19] [Client thread/INFO]: [CHAT] 0SKS0 is a Super Telnet Admin
[12:31:19] [Client thread/INFO]: [CHAT] 0SKS0 joined the game.
[12:31:22] [Client thread/INFO]: [CHAT] <[?YouTuber?] Dr_Ballistic> :))
[12:31:22] [Client thread/INFO]: [CHAT] [ADMIN] Flycoder [OP]: this name is broken a bit
[12:31:25] [Client thread/INFO]: [CHAT] Going to the AdminWorld.
[12:31:38] [Client thread/INFO]: [CHAT] User_9219 joined the game.
[12:31:46] [Client thread/INFO]: [CHAT] tailsdoll27 left the game.
[12:31:47] [Client thread/INFO]: [CHAT] [ADMIN] 0SKS0 [STA]: its tammmm
[12:31:48] [Client thread/INFO]: [CHAT] You have been given the skull of VideoGameSmash12.
[12:31:54] [Client thread/INFO]: [CHAT] < Kinglanz> hi TheMightyGuardoflanzania
[12:31:59] [Client thread/INFO]: [CHAT] [ADMIN] Flycoder [OP]: What gave it away?
[12:32:03] [Client thread/INFO]: [CHAT] [ADMIN] 0SKS0 [STA]: ./seen
[12:32:03] [Client thread/INFO]: [CHAT] [ADMIN] VideoGameSmash12 [STA]: me
[12:32:04] [Client thread/INFO]: [CHAT] <User_9219> op
[12:32:09] [Client thread/INFO]: [CHAT] [ADMIN] Flycoder [OP]: ahhh
[12:32:09] [Client thread/INFO]: [CHAT] [ADMIN] aggelosQQ [STA]: flycoder is mark
[12:32:12] [Client thread/INFO]: [CHAT] < TheMightyGuardoflanzania> cohlint, that's not gonna do anything to the arrow system.
[12:32:13] [Client thread/INFO]: [CHAT] God mode enabled.
[12:32:14] [Client thread/INFO]: [CHAT] God mode disabled.
[12:32:16] [Client thread/INFO]: [CHAT] [ADMIN] BuscusFan [STA]: ohai sks
[12:32:18] [Client thread/INFO]: [CHAT] Setting VideoGameSmash12 to game mode 'Survival'.
[12:32:18] [Client thread/INFO]: [CHAT] VideoGameSmash12 set your game mode to 'Survival'.
[12:32:18] [Client thread/INFO]: [CHAT] Your game mode has been updated
[12:32:19] [Client thread/INFO]: [CHAT] <lolerpoper> who have skin?...
[12:32:22] [Client thread/INFO]: [CHAT] <[?YouTuber?] Dr_Ballistic> me
[12:32:25] [Client thread/INFO]: [CHAT] < Kinglanz> i hav
[12:32:26] [Client thread/INFO]: [CHAT] <mcblaster04> t
[12:32:30] [Client thread/INFO]: [CHAT] Rayquaza239 joined the game.
[12:32:31] [Client thread/INFO]: [CHAT] [ADMIN] 0SKS0 [STA]: and tsamp is aggelos
[12:32:35] [Client thread/INFO]: [CHAT] [ADMIN] aggelosQQ [STA]: nop
[12:32:36] [Client thread/INFO]: [CHAT] God mode enabled.
[12:32:37] [Client thread/INFO]: [CHAT] [ADMIN] aggelosQQ [STA]: ;p
[12:32:39] [Client thread/INFO]: [CHAT] [ADMIN] aggelosQQ [STA]: he's my friend
[12:32:41] [Client thread/INFO]: [CHAT] [ADMIN] aggelosQQ [STA]: on my house
[12:32:41] [Client thread/INFO]: [CHAT] <User_9219> op me
[12:32:42] [Client thread/INFO]: [CHAT] Set fly mode enabled for VideoGameSmash12.
[12:32:46] [Client thread/INFO]: [CHAT] [ADMIN] aggelosQQ [STA]: actually my cousin xD
[12:32:46] [Client thread/INFO]: [CHAT] [ADMIN] 0SKS0 [STA]: so hes half u
[12:32:48] [Client thread/INFO]: [CHAT] <[?YouTuber?] Dr_Ballistic> u are op
[12:32:54] [Client thread/INFO]: [CHAT] <User_9219> o
[12:32:55] [Client thread/INFO]: [CHAT] Dr_Ballistic - Opping User_9219
[12:33:02] [Client thread/INFO]: [CHAT] AnnikaKhot is a Super Admin
[12:33:02] [Client thread/INFO]: [CHAT] AnnikaKhot joined the game.
[12:33:02] [Client thread/INFO]: [CHAT] [ADMIN] VideoGameSmash12 [STA]: Installed java 32 bit insteaid of 64 bit
[12:33:04] [Client thread/INFO]: [CHAT] 0SKS0 - Opping all players on the server
[12:33:04] [Client thread/INFO]: [CHAT] You are now op!
[12:33:04] [Client thread/INFO]: [CHAT] Your game mode has been updated
[12:33:07] [Client thread/INFO]: [CHAT] [ADMIN] 0SKS0 [STA]: noob
[12:33:09] [Client thread/INFO]: [CHAT] [ADMIN] Grenos [SA]: mrlazerbird is getting on my nerves.
[12:33:10] [Client thread/INFO]: [CHAT] [ADMIN] VideoGameSmash12 [STA]: i need to fix that hold on