[16:13:07] [Client thread/INFO]: Connecting to 64.34.165.5, 28965
[16:13:08] [Client thread/INFO]: [CHAT] VideoGameSmash12 joined the game.
[16:13:08] [Client thread/INFO]: [CHAT] Type /help for a list of commands.
[16:13:08] [Client thread/INFO]: [CHAT] Save your builds with World Edit or lose them
[16:13:08] [Client thread/INFO]: [CHAT] Read our website at www.totalfreedom.me to find out how
[16:13:08] [Client thread/INFO]: [CHAT] Read the rules
[16:13:08] [Client thread/INFO]: [CHAT] Read our only authorized forum at www.totalfreedom.boards.net
[16:13:08] [Client thread/INFO]: [CHAT] You have no new mail.
[16:13:08] [Client thread/INFO]: [CHAT] * MiTurner is now AFK.
[16:13:08] [Client thread/INFO]: [CHAT] < Dead_Nightmare> who has a god sword plz can i have 1 just 1????
[16:13:13] [Client thread/INFO]: [CHAT] <sharkvenoms> give me the cape
[16:13:13] [Client thread/INFO]: [CHAT] ToXicStrawberry7 was doomed to fall by HackMod364
[16:13:17] [Client thread/INFO]: [CHAT] < weuhfeuhufe> whats up gys
[16:13:22] [Client thread/INFO]: [CHAT] < weuhfeuhufe> whats up gus
[16:13:23] [Client thread/INFO]: [CHAT] <awesomebuilderX> ?
[16:13:30] [Client thread/INFO]: [CHAT] < toxic> why am i i not op
[16:13:30] [Client thread/INFO]: [CHAT] <gamblerrx> stampy long nose !!!!!!!!!!!!!!!!!!!!!!!!!!!!!!1
[16:13:32] [Client thread/INFO]: [CHAT] <SkythekidRS> i will
[16:13:37] [Client thread/INFO]: [CHAT] <sharkvenoms> sky give me the cape
[16:13:46] [Client thread/INFO]: [CHAT] <Malembo> sharkvenoms
[16:13:48] [Client thread/INFO]: [CHAT] bradster_65 left the game.
[16:13:52] [Client thread/INFO]: [CHAT] awesomederpz joined the game.
[16:13:53] [Client thread/INFO]: [CHAT] <sharkvenoms> WHAT
[16:13:56] [Client thread/INFO]: [CHAT] <Malembo> u cant just give out capes
[16:13:58] [Client thread/INFO]: [CHAT] < toxic> who has skype
[16:13:58] [Client thread/INFO]: [CHAT] < OP> GG
[16:13:59] [Client thread/INFO]: [CHAT] <Malembo> you need to donate for one
[16:14:00] [Client thread/INFO]: [CHAT] <chief__chirpa> leeeeeeeee
[16:14:02] [Client thread/INFO]: [CHAT] < toxic> why am i i not op
[16:14:08] [Client thread/INFO]: [CHAT] < L_for_leeeeex> ya
[16:14:08] [Client thread/INFO]: [CHAT] <sharkvenoms> i know i want a cape
[16:14:13] [Client thread/INFO]: [CHAT] <G3N3R41xxP4TT0N> leave him alone. last thing he needs is to just be tortured by everyone
[16:14:13] [Client thread/INFO]: [CHAT] justzach15 - Opping ToXicStrawberry7
[16:14:15] [Client thread/INFO]: [CHAT] <Malembo> Then donate for one.
[16:14:19] [Client thread/INFO]: [CHAT] <[LegendaryPokemon] Mewtwo> who wants to be a part of the total freedom troll club
[16:14:24] [Client thread/INFO]: [CHAT] <Malembo> http://www.mineconcapes.com
[16:14:27] [Client thread/INFO]: [CHAT] <awesomederpz> idk how to use world edit i will do anything for someone to teach me how
[16:14:36] [Client thread/INFO]: [CHAT] <sharkvenoms> SKY
[16:14:37] [Client thread/INFO]: [CHAT] <SkythekidRS> do//wand
[16:14:42] [Client thread/INFO]: [CHAT] PopCornKid2004 left the game.
[16:14:47] [Client thread/INFO]: [CHAT] < ZAcky06> servers now 3$ per gb at ggservers.net
[16:14:47] [Client thread/INFO]: [CHAT] <awesomederpz> i cant
[16:14:48] [Client thread/INFO]: [CHAT] < ProPerson> I DO mewtwo!
[16:14:49] [Client thread/INFO]: [CHAT] inFAmas97 joined the game.
[16:14:49] [Client thread/INFO]: [CHAT] Welcome inFAmas97 to the server!
[16:14:54] [Client thread/INFO]: [CHAT] <xXWilee999Xx> infamas is not admin today
[16:14:55] [Client thread/INFO]: [CHAT] <[LegendaryPokemon] Mewtwo> ok
[16:14:59] [Client thread/INFO]: [CHAT] <Malembo> xXWilee999Xx
[16:15:05] [Client thread/INFO]: [CHAT] <awesomederpz> omg
[16:15:05] [Client thread/INFO]: [CHAT] <xXWilee999Xx> and must verify by pming me
[16:15:07] [Client thread/INFO]: [CHAT] < ProPerson> :D
[16:15:07] [Client thread/INFO]: [CHAT] <sharkvenoms> sky where did you go
[16:15:09] [Client thread/INFO]: [CHAT] <awesomederpz> hi sky
[16:15:09] [Client thread/INFO]: [CHAT] <bunnyluvscookie> omg a zombie is flying!!!!!!!!!
[16:15:10] [Client thread/INFO]: [CHAT] MiTurner left the game.
[16:15:13] [Client thread/INFO]: [CHAT] <Malembo> I need instructions on how to make a FreedomOP server.
[16:15:13] [Client thread/INFO]: [CHAT] PopCornKid2004 joined the game.
[16:15:16] [Client thread/INFO]: [CHAT] <mingama> thats a disguise
[16:15:19] [Client thread/INFO]: [CHAT] <inFAmas97> eh
[16:15:20] [Client thread/INFO]: [CHAT] <awesomederpz> ohj
[16:15:22] [Client thread/INFO]: [CHAT] <awesomederpz> oh
[16:15:23] [Client thread/INFO]: [CHAT] <[LegendaryPokemon] Mewtwo> We shall troll everybody in the totalfreedom place
[16:15:23] [Client thread/INFO]: [CHAT] <Malembo> I need instructions on how to make a FreedomOP server Wilee.
