[20:45:37] [Client thread/INFO]: Connecting to 64.34.165.5, 28965
[20:45:38] [Client thread/INFO]: [CHAT] VideoGameSmash12 joined the game.
[20:45:38] [Client thread/INFO]: [CHAT] Welcome  VideoGameSmash12 to the server!
[20:45:38] [Client thread/INFO]: [CHAT] Type /help for a list of commands.
[20:45:38] [Client thread/INFO]: [CHAT] Save your builds with World Edit or lose them
[20:45:38] [Client thread/INFO]: [CHAT] Read our website at www.totalfreedom.me to find out how
[20:45:38] [Client thread/INFO]: [CHAT] Read the rules
[20:45:38] [Client thread/INFO]: [CHAT] Read our only authorized forum at www.totalfreedom.boards.net
[20:45:38] [Client thread/INFO]: [CHAT] You have no new mail.
[20:45:49] [Client thread/INFO]: [CHAT] < VideoGameSmash12> How's the server?
[20:45:53] [Client thread/INFO]: [CHAT] <[Helper] GreenDrag> how do i register on the forums?
[20:45:55] [Client thread/INFO]: [CHAT] <qazxsw1321> Servery
[20:45:58] [Client thread/INFO]: [CHAT] <qazxsw1321> =P
[20:46:06] [Client thread/INFO]: [CHAT] < CreeperHater4444> Shadow, you are making it sound like Notch is dead
[20:46:14] [Client thread/INFO]: [CHAT] <stampy> hey
[20:46:16] [Client thread/WARN]: Adding duplicate key 'minecraft:mob_spawner' to registry
[20:46:16] [Client thread/WARN]: Adding duplicate key 'minecraft:wheat' to registry
[20:46:16] [Client thread/WARN]: Adding duplicate key 'minecraft:nether_wart' to registry
[20:46:17] [Client thread/INFO]: [CHAT] <qazxsw1321> xD
[20:46:18] [Client thread/INFO]: [CHAT] <stampy> e
[20:46:24] [Client thread/INFO]: [CHAT] hyperion510 joined the game.
[20:46:24] [Client thread/INFO]: [CHAT] Welcome hyperion510 to the server!
[20:46:25] [Client thread/INFO]: [CHAT] <TaiyoInferno> where did my stuff go
[20:46:28] [Client thread/INFO]: [CHAT] <Cameron334> how do u make fire works
[20:46:28] [Client thread/INFO]: [CHAT] Use the /back command to return to your death point.
[20:46:28] [Client thread/INFO]: [CHAT] VideoGameSmash12 died
[20:46:28] [Client thread/INFO]: [CHAT] Goodbye cruel world...
[20:46:28] [Client thread/INFO]: [CHAT]  VideoGameSmash12 took their own life.
[20:46:31] [Client thread/INFO]: [CHAT] < CreeperHater4444> "notch was the one with all the joke" *looks away*
[20:46:31] [Client thread/INFO]: [CHAT] <dragon DragongirlplaysMC> thank you for helping
[20:46:34] [Client thread/INFO]: [CHAT] <dragon DragongirlplaysMC> and what the
[20:46:36] [Client thread/INFO]: [CHAT] < CreeperHater4444> jokes*
[20:46:40] [Client thread/INFO]: [CHAT] wolftamer1122 left the game.
[20:46:43] [Client thread/INFO]: [CHAT] queentess01 has been a VERY naughty, naughty boy.
[20:46:43] [Client thread/INFO]: [CHAT] Banning: queentess01, IP: 76.84.*.*.
[20:46:43] [Client thread/INFO]: [CHAT] queentess01 left the game.
