[16:10:01] [Client thread/INFO]: Connecting to 64.34.165.5, 28965
[16:10:02] [Client thread/INFO]: [CHAT] VideoGameSmash12 joined the game.
[16:10:02] [Client thread/INFO]: [CHAT] Type /help for a list of commands.
[16:10:02] [Client thread/INFO]: [CHAT] Save your builds with World Edit or lose them
[16:10:02] [Client thread/INFO]: [CHAT] Read our website at www.totalfreedom.me to find out how
[16:10:02] [Client thread/INFO]: [CHAT] Read the rules
[16:10:02] [Client thread/INFO]: [CHAT] Read our only authorized forum at www.totalfreedom.boards.net
[16:10:02] [Client thread/INFO]: [CHAT] You have no new mail.
[16:10:02] [Client thread/INFO]: [CHAT] <awesomebuilderX> me?
[16:10:05] [Client thread/INFO]: [CHAT] <chief__chirpa> why
[16:10:05] [Client thread/INFO]: [CHAT] <RayOJarr> wat does god do
[16:10:07] [Client thread/INFO]: [CHAT] <stampylongnose> no lizzy
[16:10:07] [Client thread/INFO]: [CHAT] < OP> stampylongnose i did mcedit
[16:10:09] [Client thread/INFO]: [CHAT] 0sportguy0 is a Super Admin and a Redstoner
[16:10:09] [Client thread/INFO]: [CHAT] 0sportguy0 joined the game.
[16:10:11] [Client thread/INFO]: [CHAT] <0sportguy0> Hey!
[16:10:11] [Client thread/INFO]: [CHAT] <lizzylizzy123> why
[16:10:15] [Client thread/INFO]: [CHAT] sharkvenoms was slain by cufufy
[16:10:17] [Client thread/INFO]: [CHAT] <cufufy> gg
[16:10:20] [Client thread/INFO]: [CHAT] <SpiritWolfMC> .
[16:10:23] [Client thread/INFO]: [CHAT] < Dead_Nightmare> who has god sword msg me?
[16:10:24] [Client thread/INFO]: [CHAT] MasterDaBlaster left the game.
[16:10:24] [Client thread/INFO]: [CHAT] <stampylongnose> y dont no me
[16:10:25] [Client thread/INFO]: [CHAT] < toxic> hi
[16:10:27] [Client thread/INFO]: [CHAT] < ICanNickNameMyselfAnything> anybody have a warp????
[16:10:27] [Client thread/INFO]: [CHAT] Camden_Deadwolf left the game.
[16:10:31] [Client thread/INFO]: [CHAT] < toxic> who has skype
[16:10:39] [Client thread/INFO]: [CHAT] MasterTrainer8 joined the game.
[16:10:39] [Client thread/INFO]: [CHAT] Welcome MasterTrainer8 to the server!
[16:10:39] [Client thread/INFO]: [CHAT] chief__chirpa left the game.
[16:10:39] [Client thread/INFO]: [CHAT] ToXicStrawberry7 is breaking blocks too fast!
[16:10:39] [Client thread/INFO]: [CHAT] ToXicStrawberry7 has been banned for 1 minute.
[16:10:39] [Client thread/INFO]: [CHAT] ToXicStrawberry7 left the game.
[16:10:40] [Client thread/INFO]: [CHAT] <lizzylizzy123> what
[16:10:41] [Client thread/INFO]: [CHAT] chief__chirpa joined the game.
[16:10:43] [Client thread/INFO]: [CHAT] < Dead_Nightmare> p ICanNickMyselfAnything
[16:10:43] [Client thread/INFO]: [CHAT] <RayOJarr> how do i make a god sword
[16:10:44] [Client thread/INFO]: [CHAT] G3N3R41xxP4TT0N joined the game.
[16:10:44] [Client thread/INFO]: [CHAT] Welcome G3N3R41xxP4TT0N to the server!
[16:10:47] [Client thread/INFO]: [CHAT] < OP> stampylongnose do //wand and help me
[16:10:48] [Client thread/INFO]: [CHAT] XxzapperxX joined the game.
[16:10:49] [Client thread/INFO]: [CHAT] flanaganboystx was automatically kicked for spamming commands.
[16:10:49] [Client thread/INFO]: [CHAT] flanaganboystx has been banned for 1 minute.
[16:10:49] [Client thread/INFO]: [CHAT] flanaganboystx left the game.
[16:10:54] [Client thread/INFO]: [CHAT] <stampylongnose> u dont no me im A YOUTUBER
[16:10:59] [Client thread/INFO]: [CHAT] < John> any1 1v1
[16:11:10] [Client thread/INFO]: [CHAT] zackchris joined the game.
[16:11:10] [Client thread/INFO]: [CHAT] <bunnyluvscookie> me
[16:11:11] [Client thread/INFO]: [CHAT] <chief__chirpa> your not real
[16:11:14] [Client thread/INFO]: [CHAT] <gamblerrx> omg
[16:11:17] [Client thread/INFO]: [CHAT] <stampylongnose> im real
[16:11:17] [Client thread/INFO]: [CHAT] < ICanNickNameMyselfAnything> obviously
[16:11:18] [Client thread/INFO]: [CHAT] XxzapperxX - Opping bunnyluvscookie
[16:11:22] [Client thread/INFO]: [CHAT] < John> get ur stuff ready
[16:11:23] [Client thread/INFO]: [CHAT] <sharkvenoms> o god enderman
[16:11:24] [Client thread/INFO]: [CHAT] SpiritWolfMC left the game.
[16:11:24] [Client thread/INFO]: [CHAT] SkythekidRS joined the game.
[16:11:26] [Client thread/INFO]: [CHAT] <stampylongnose> so shut up
[16:11:27] [Client thread/INFO]: [CHAT] < ICanNickNameMyselfAnything> ok john
[16:11:27] [Client thread/INFO]: [CHAT] < hi> i dont have op
[16:11:30] [Client thread/INFO]: [CHAT] jessicaryan has been banned for 1 minute.
[16:11:30] [Client thread/INFO]: [CHAT] jessicaryan left the game.
[16:11:30] [Client thread/INFO]: [CHAT] jessicaryan was automatically kicked for using harmful commands.
[16:11:30] [Client thread/INFO]: [CHAT] warnerchap joined the game.
[16:11:33] [Client thread/INFO]: [CHAT] <chief__chirpa> fuc.k you stampy
[16:11:36] [Client thread/INFO]: [CHAT] <sharkvenoms> sky omg
[16:11:37] [Client thread/INFO]: [CHAT] <stampylongnose> lol
[16:11:41] [Client thread/INFO]: [CHAT] <G3N3R41xxP4TT0N> ...
[16:11:41] [Client thread/INFO]: [CHAT] <awesomebuilderX> HEY!
[16:11:42] [Client thread/INFO]: [CHAT] < ICanNickNameMyselfAnything> its not sky
[16:11:53] [Client thread/INFO]: [CHAT] 0sportguy0 left the game.
[16:11:54] [Client thread/INFO]: [CHAT] < SkythekidRS> hi
[16:11:57] [Client thread/INFO]: [CHAT] <Captainsign> dnfujnf
[16:12:03] [Client thread/INFO]: [CHAT] ToXicStrawberry7 joined the game.
[16:12:04] [Client thread/INFO]: [CHAT] <G3N3R41xxP4TT0N> Yes it is. he always gets on this server
[16:12:07] [Client thread/INFO]: [CHAT] <RayOJarr> how do yu make a god sword
[16:12:07] [Client thread/INFO]: [CHAT] ToXicStrawberry7 fell out of the world
[16:12:12] [Client thread/INFO]: [CHAT] justzach15 - Opping SkythekidRS
[16:12:13] [Client thread/INFO]: [CHAT] XxzapperxX left the game.
[16:12:14] [Client thread/INFO]: [CHAT] Captainsign fell out of the world
[16:12:16] [Client thread/INFO]: [CHAT] <SkythekidRS> thx
[16:12:18] [Client thread/INFO]: [CHAT] <chief__chirpa> hi is a FAKE
[16:12:18] [Client thread/INFO]: [CHAT] <mingama> yeah but people can hack so
[16:12:18] [Client thread/INFO]: [CHAT] <RayOJarr> sky
[16:12:20] [Client thread/INFO]: [CHAT] < OP> np
[16:12:20] [Client thread/INFO]: [CHAT] < L_for_leeeeex> hi
[16:12:22] [Client thread/INFO]: [CHAT] <awesomebuilderX> stampylongnose tpa to me please
[16:12:27] [Client thread/INFO]: [CHAT] <stampylongnose> im r e a l
[16:12:31] [Client thread/INFO]: [CHAT] < ProPerson> GUYS its not SkythekidRS this is a OFFLINE server and he is using a CRACKED launcher