[02:02:21] [Client thread/INFO]: Connecting to play.totalfreedom.me., 25565
[02:02:40] [Client thread/INFO]: [CHAT] < MasonandSkye> AxePick?
[02:02:47] [Client thread/INFO]: [CHAT] [LibsDisguises] There is a update ready to be downloaded! You are using v9.4.0-SNAPSHOT, the new version is v9.5.0!
[02:02:47] [Client thread/INFO]: [CHAT] VideoGameSmash12 joined the game
[02:02:47] [Client thread/INFO]: [CHAT] Welcome to TotalFreedom, VideoGameSmash12!
[02:02:47] [Client thread/INFO]: [CHAT] The server's name does not imply that we have no rules. Please read them (/rules)
[02:02:47] [Client thread/INFO]: [CHAT] Type /help for a list of commands.
[02:02:47] [Client thread/INFO]: [CHAT] Type /list to see who else is online.
[02:02:47] [Client thread/INFO]: [CHAT] Players online: 9 - World time: 12:00 PM
[02:02:47] [Client thread/INFO]: [CHAT] You have no new mail.
[02:02:47] [Client thread/INFO]: [CHAT] [BetterChairs] Find new update ! Version: 0.9.5
[02:02:47] [Client thread/INFO]: [CHAT] [UPDATE]
[02:02:47] [Client thread/INFO]: [CHAT] [AsyncWorldEdit] You have an old version of the plugin. Your version: 2.3.3, available version: 3.4.11
[02:02:47] [Client thread/INFO]: [CHAT] [STA] < Mangle> I'm a staff soft
[02:02:47] [Client thread/INFO]: [CHAT] < MasonandSkye> very soft
[02:02:47] [Client thread/INFO]: [CHAT] [STA] < Mangle> oh hai video
[02:02:51] [Client thread/INFO]: [CHAT] * TeknosQuet is now AFK.
[02:02:51] [Client thread/INFO]: [CHAT] < Soft> Mangle
[02:02:51] [Client thread/INFO]: [CHAT] [STA] < Mangle> whaz
[02:02:51] [Client thread/INFO]: [CHAT] [STA] < Mangle> what*
[02:02:51] [Client thread/INFO]: [CHAT] * TeknosQuet is no longer AFK.
[02:02:53] [Client thread/INFO]: [CHAT] * TeknosQuet is now AFK.
[02:03:47] [Client thread/INFO]: [CHAT] < Soft> If i build a warp pvp youll make a warp there xd?
[02:03:47] [Client thread/INFO]: [CHAT] *  Right_Hand slaps Butt.
[02:03:47] [Client thread/INFO]: [CHAT] [STA] < Mangle> ./setwarp
[02:03:47] [Client thread/INFO]: [CHAT] < Soft> everyone has access?
[02:03:47] [Client thread/INFO]: [CHAT] <MasonandSkye> sad left hand
[02:03:47] [Client thread/INFO]: [CHAT] < Soft> isnt that wrong xd?
[02:03:47] [Client thread/INFO]: [CHAT] [STA] < Mangle> probably
[02:04:57] [Client thread/INFO]: Connecting to play.totalfreedom.me., 25565
[02:04:58] [Client thread/INFO]: [CHAT] [LibsDisguises] There is a update ready to be downloaded! You are using v9.4.0-SNAPSHOT, the new version is v9.5.0!
[02:04:58] [Client thread/INFO]: [CHAT] VideoGameSmash12 joined the game
[02:04:58] [Client thread/INFO]: [CHAT] Welcome to TotalFreedom, VideoGameSmash12!
[02:04:58] [Client thread/INFO]: [CHAT] The server's name does not imply that we have no rules. Please read them (/rules)
[02:04:58] [Client thread/INFO]: [CHAT] Type /help for a list of commands.
[02:04:58] [Client thread/INFO]: [CHAT] Type /list to see who else is online.
[02:04:58] [Client thread/INFO]: [CHAT] Players online: 9 - World time: 12:00 PM
[02:04:58] [Client thread/INFO]: [CHAT] You have no new mail.
[02:04:58] [Client thread/INFO]: [CHAT] [AsyncWorldEdit] You have an old version of the plugin. Your version: 2.3.3, available version: 3.4.11
[02:04:58] [Client thread/INFO]: [CHAT] [BetterChairs] Find new update ! Version: 0.9.5
[02:04:58] [Client thread/INFO]: [CHAT] [UPDATE]
[02:05:03] [Client thread/INFO]: [CHAT] [STA] < Mangle> hai video
[02:05:04] [Client thread/INFO]: [CHAT] <2s1> Connected using PickaxeChat for Android
[02:05:04] [Client thread/INFO]: [CHAT] 2s1 is an Impostor
[02:05:04] [Client thread/INFO]: [CHAT] Warning: 2s1 has been flagged as an impostor and has been frozen!
[02:05:04] [Client thread/INFO]: [CHAT] 2s1 joined the game
[02:05:07] [Client thread/INFO]: [CHAT] <VideoGameSmash12> yo
[02:05:10] [Client thread/INFO]: [CHAT] < MasonamdSkye> ./warp grass is my favourite warp
[02:05:12] [Client thread/INFO]: [CHAT] <2s1> aye
[02:05:12] [Client thread/INFO]: [CHAT] < CoolJWB> oh
[02:05:15] [Client thread/INFO]: [CHAT] < Soft> 2s1 is an impostor xD
[02:05:21] [Client thread/INFO]: [CHAT] SuperSecretDude joined the game
[02:05:32] [Client thread/INFO]: [CHAT] <2s1> u find it funny?
[02:05:35] [Client thread/INFO]: [CHAT] < Watsupmypepshowisitgoing> .
[02:05:36] [Client thread/INFO]: [CHAT] [Server:xMangleMC] Verify please
[02:05:40] [Client thread/INFO]: [CHAT] xMangleMC - Opping all players on the server
[02:05:40] [Client thread/INFO]: [CHAT] You are now op!
[02:05:44] [Client thread/INFO]: [CHAT] NoodlesManGaming - Opping 2s1
[02:05:45] [Client thread/INFO]: [CHAT] <2s1> o mangle is an admin
[02:05:49] [Client thread/INFO]: [CHAT] [STA] < Mangle> lol yes
[02:05:50] [Client thread/INFO]: [CHAT] < Watsupmypepshowisitgoing> i was already opped
[02:05:50] [Client thread/INFO]: [CHAT] <VideoGameSmash12> Well no shit
[02:05:54] [Client thread/INFO]: [CHAT] < Soft> yes i do xd
[02:05:57] [Client thread/INFO]: [CHAT] DonutLoveMe joined the game
[02:05:59] [Client thread/INFO]: [CHAT] <2s1> verifying lol
[02:05:59] [Client thread/INFO]: [CHAT] < Soft> ive weird sense of humor
[02:06:09] [Client thread/INFO]: [CHAT] < CoolJWB> Buy 2s1
[02:06:13] [Client thread/INFO]: [CHAT] < CoolJWB> Bye 2s1
[02:06:18] [Client thread/INFO]: [CHAT] <VideoGameSmash12> Ding ding ding, you got the question right! Mangle is a fucking admin.
[02:06:22] [Client thread/INFO]: [CHAT] DonutLoveMe left the game
[02:06:25] [Client thread/INFO]: [CHAT] < CoolJWB> XP
[02:06:25] [Client thread/INFO]: [CHAT] [STA] < Mangle> is there any telnet client for phones out there?
[02:06:28] [Client thread/INFO]: [CHAT] waduhek_1337 left the game
[02:06:31] [Client thread/INFO]: [CHAT] * TeknosQuet is no longer AFK.
[02:06:35] [Client thread/INFO]: [CHAT] CoolJWB left the game
[02:06:38] [Client thread/INFO]: [CHAT] * 2s1 is now AFK.
[02:06:42] [Client thread/INFO]: [CHAT] <VideoGameSmash12> not any that are good
[02:06:45] [Client thread/INFO]: [CHAT] [STA] < Mangle> oh
[02:06:54] [Client thread/INFO]: [CHAT] [STA] < Mangle> well crap then
[02:07:16] [Client thread/INFO]: [CHAT] <NoodlesManGaming> 2s1?
[02:07:21] [Client thread/INFO]: [CHAT] SkullGC joined the game
[02:07:21] [Client thread/INFO]: [CHAT] Welcome SkullGC to TotalFreedom!
[02:07:27] [Client thread/INFO]: [CHAT] *  Imposter is no longer AFK.
[02:07:27] [Client thread/INFO]: [CHAT] < Imposter> dont nick me please
[02:07:29] [Client thread/INFO]: [CHAT] <SkullGC> Hey 1.8.8 Awesome Survival Server Its Called SpininCraft.mcnetwork.me Join Us sSurvival We Need Staf
[02:07:29] [Client thread/INFO]: [CHAT] xMangleMC - Opping all players on the server
[02:07:29] [Client thread/INFO]: [CHAT] You are now op!
[02:07:29] [Client thread/INFO]: [CHAT] <NoodlesManGaming> Welcome SkullGC!
[02:07:35] [Client thread/INFO]: [CHAT] < Imposter> whoever did that is an idiot lmao
[02:07:42] [Client thread/INFO]: [CHAT] <SkullGC> anybody here knows brhoomi13 before i go work on it
[02:07:51] [Client thread/INFO]: [CHAT] <NoodlesManGaming> Imposter who are you?
[02:07:57] [Client thread/INFO]: [CHAT] < Espanol> before you go work on brhoomi13?
[02:08:00] [Client thread/INFO]: [CHAT] <SkullGC> 2s1
[02:08:01] [Client thread/INFO]: [CHAT] [STA] < Mangle> please advertise only once every 10 minutes Skull
[02:08:04] [Client thread/INFO]: [CHAT] <VideoGameSmash12> who the fuck is brhoomi13
[02:08:05] [Client thread/INFO]: [CHAT] <SkullGC> yes i know mangle
[02:08:06] [Client thread/INFO]: [CHAT] < Imposter> Mangle
[02:08:07] [Client thread/INFO]: [CHAT] < Imposter> wtf
[02:08:09] [Client thread/INFO]: [CHAT] <SkullGC> im quite an og palyer
[02:08:10] [Client thread/INFO]: [CHAT] <SkullGC> player*
[02:08:15] [Client thread/INFO]: [CHAT] [STA] < Mangle> oh right
[02:08:17] [Client thread/INFO]: [CHAT] <NoodlesManGaming> Invisibility
[02:08:17] [Client thread/INFO]: [CHAT] < Imposter> do u have cmdspy on
[02:08:19] [Client thread/INFO]: [CHAT] <SkullGC> brhoomi13 since like 1 year ago i played this
[02:08:20] [Client thread/INFO]: [CHAT] [STA] < Mangle> yes
[02:08:27] [Client thread/INFO]: [CHAT] SkullGC left the game
[02:08:30] [Client thread/INFO]: [CHAT] < Imposter> then smite the one who nicked ne
[02:08:31] [Client thread/INFO]: [CHAT] < Imposter> me*
[02:08:32] [Client thread/INFO]: [CHAT] < Imposter> smh
[02:08:38] [Client thread/INFO]: [CHAT] <VideoGameSmash12> I've been playing here since the golden ages of TF.
[02:08:50] [Client thread/INFO]: [CHAT] keyhackers joined the game
[02:08:57] [Client thread/INFO]: [CHAT] NoodlesManGaming has been a naughty, naughty boy.
[02:08:57] [Client thread/INFO]: [CHAT]   Reason: Don't nick others, please.
[02:08:57] [Client thread/INFO]: [CHAT]   Smited by: xMangleMC
[02:08:57] [Client thread/INFO]: [CHAT] NoodlesManGaming died
[02:09:00] [Client thread/INFO]: [CHAT] < Espanol> i was here since 2014
[02:09:00] [Client thread/INFO]: [CHAT] xMangleMC - Opping all players on the server
[02:09:00] [Client thread/INFO]: [CHAT] You are now op!
[02:09:08] [Client thread/INFO]: [CHAT] Saved screenshot as 2018-01-08_02.09.08.png
[02:09:11] [Client thread/INFO]: [CHAT] Goldenkrew3000 joined the game
[02:09:13] [Client thread/INFO]: [CHAT] < Soft> lol
[02:09:13] [Client thread/INFO]: [CHAT] [STA] < Mangle> donee
[02:09:18] [Client thread/INFO]: [CHAT] <VideoGameSmash12> Do you recall me being an admin?
[02:09:24] [Client thread/INFO]: [CHAT] <2s1> Video reinstate
[02:09:30] [Client thread/INFO]: [CHAT] < Espanol> when i was around, you were a telnet admin
[02:09:31] [Client thread/INFO]: [CHAT] keyhackers left the game
[02:09:32] [Client thread/INFO]: [CHAT] [STA] < Mangle> yes please do it
[02:09:36] [Client thread/INFO]: [CHAT] <NoodlesManGaming> 2s1 IS FAKE
[02:09:39] [Client thread/INFO]: [CHAT] [STA] < Mangle> no
[02:09:44] [Client thread/INFO]: [CHAT] <MasonandSkye> 2s1 is 2s1
[02:09:46] [Client thread/INFO]: [CHAT] <NoodlesManGaming> au how do you know?
[02:09:47] [Client thread/INFO]: [CHAT] [STA] < Mangle> did you verify 2s1
[02:09:47] [Client thread/INFO]: [CHAT] <VideoGameSmash12> Yeah, I was indeed a telnet.
[02:09:56] [Client thread/INFO]: [CHAT] <2s1> yes
[02:10:06] [Client thread/INFO]: [CHAT] [STA] < Mangle> you weee a telnet clan and a prob. senior
[02:10:10] [Client thread/INFO]: [CHAT] <NoodlesManGaming> how to be verified
[02:10:25] [Client thread/INFO]: [CHAT] <2s1> 1. Open the forum
[02:10:26] [Client thread/INFO]: [CHAT] < kEspanol> probably with /verify
[02:10:29] [Client thread/INFO]: [CHAT] <2s1> 2. Log in
[02:10:30] [Client thread/INFO]: [CHAT] [STA] < Mangle> he didn't grief Aldrei
[02:10:32] [Client thread/INFO]: [CHAT] <VideoGameSmash12> 2s1: I will be reinstating on a date that I have already announced under my forum profile.
[02:10:42] [Client thread/INFO]: [CHAT] <2s1> oh
[02:10:55] [Client thread/INFO]: [CHAT] <2s1> 3. Verify via shoutbox
[02:10:59] [Client thread/INFO]: [CHAT] [STA] < Mangle> 2s1
[02:11:02] [Client thread/INFO]: [CHAT] [STA] < Mangle> did you
[02:11:04] [Client thread/INFO]: [CHAT] [STA] < Mangle> verify
[02:11:10] [Client thread/INFO]: [CHAT] <2s1> i said it 2 timed
[02:11:12] [Client thread/INFO]: [CHAT] <2s1> times*
[02:11:15] [Client thread/INFO]: [CHAT] <VideoGameSmash12> Remember: Verifying only works if you're an existing admin
[02:11:15] [Client thread/INFO]: [CHAT] < epsanoa> by Verifed -2SckhedMatWasoD-
[02:11:17] [Client thread/INFO]: [CHAT] xMangleMC - Rolling back player: supersecretdude
[02:11:29] [Client thread/INFO]: [CHAT] SuperSecretDude has been a VERY naughty, naughty boy.
[02:11:29] [Client thread/INFO]: [CHAT] xMangleMC - Banning SuperSecretDude, IP: 149.135.*.* - Reason: Grief.
[02:11:29] [Client thread/INFO]: [CHAT] SuperSecretDude died
[02:11:29] [Client thread/INFO]: [CHAT] SuperSecretDude left the game
[02:11:32] [Client thread/INFO]: [CHAT] xMangleMC - Opping all players on the server
[02:11:32] [Client thread/INFO]: [CHAT] You are now op!
[02:11:44] [Client thread/INFO]: [CHAT] < Soft> mangle
[02:11:44] [Client thread/INFO]: [CHAT] <2s1> Video
[02:11:52] [Client thread/INFO]: [CHAT] <VideoGameSmash12> Yes?
[02:11:54] [Client thread/INFO]: [CHAT] <2s1> Does /saconfig add work ingame?(Telnet Rank)
[02:12:02] [Client thread/INFO]: [CHAT] < Soft> what if my warp gets griefed xD
[02:12:03] [Client thread/INFO]: [CHAT] <2s1> Without using TC
[02:12:09] [Client thread/INFO]: [CHAT] [STA] < Mangle> Yes?
[02:12:17] [Client thread/INFO]: [CHAT] <AldreiGaming> ty mangle
[02:12:17] [Client thread/INFO]: [CHAT] <VideoGameSmash12> No.
[02:12:17] [Client thread/INFO]: [CHAT] [STA] < Mangle> No problem Aldrei
[02:12:22] [Client thread/INFO]: [CHAT] <2s1> oh damn
[02:12:43] [Client thread/INFO]: [CHAT] [STA] < Mangle> well if it gets griefed then you report it
[02:12:50] [Client thread/INFO]: [CHAT] <2s1> telnets should be allowed to add a specific rank
[02:12:53] [Client thread/INFO]: [CHAT] <2s1> aka impostor
[02:12:53] [Client thread/INFO]: [CHAT] <AldreiGaming> sure :D
[02:13:08] [Client thread/INFO]: [CHAT] <NoodlesManGaming> who create the server?
[02:13:09] [Client thread/INFO]: [CHAT] <VideoGameSmash12> The command /saconfig is accessible only to admins. As a Telnet and above, you have to use Telnet or the panel to use the add argument
[02:13:10] [Client thread/INFO]: [CHAT] <MasonandSkye> the painting will be cows
[02:13:18] [Client thread/INFO]: [CHAT] < Soft> and youll find the griefer?
[02:13:23] [Client thread/INFO]: [CHAT] <2s1> NoodlesManGaming Markbyron is the founder
[02:13:26] [Client thread/INFO]: [CHAT] [STA] < Mangle> MarkByron made the server
[02:13:28] [Client thread/INFO]: [CHAT] <2s1> _Windows is the ownet
[02:13:30] [Client thread/INFO]: [CHAT] <2s1> owner*
[02:13:33] [Client thread/INFO]: [CHAT] MrDunbar joined the game
[02:13:54] [Client thread/INFO]: [CHAT] <VideoGameSmash12> I have a question, 2s1.
[02:13:58] [Client thread/INFO]: [CHAT] <NoodlesManGaming> someone know ____sqaure____
[02:14:00] [Client thread/INFO]: [CHAT] < MasonandSkye> nick nick nick nick nick nick nick
[02:14:05] [Client thread/INFO]: [CHAT] <2s1> I know video, But why not allow telnets to use it ingame
[02:14:10] [Client thread/INFO]: [CHAT] < MasonamdSkye> sure
[02:14:19] [Client thread/INFO]: [CHAT] <VideoGameSmash12> You don't seem familiar. What was one of your previous identities?
[02:14:19] [Client thread/INFO]: [CHAT] [STA] < Mangle> because that would be op
[02:14:39] [Client thread/INFO]: [CHAT] [SilverCreeper05] <TeknosQuet> because someone could go rogue and then do that
[02:14:39] [Client thread/INFO]: [CHAT] < MasonamdSkye> i eat sheeps
[02:14:41] [Client thread/INFO]: [CHAT] <2s1> I have 25 past igns
[02:14:46] [Client thread/INFO]: [CHAT] [STA] < Mangle> oh shit
[02:14:56] [Client thread/INFO]: [CHAT] <VideoGameSmash12> jesus fucking christ
[02:14:57] [Client thread/INFO]: [CHAT] [SilverCreeper05] <TeknosQuet> or if someone logged into an admin account
[02:15:10] [Client thread/INFO]: [CHAT] <NoodlesManGaming> AldreiGaming destroy SPAWNT
[02:15:13] [Client thread/INFO]: [CHAT] <NoodlesManGaming> AldreiGaming destroy SPAWNT!!!!!
[02:15:14] [Client thread/INFO]: [CHAT] <NoodlesManGaming> AldreiGaming destroy SPAWNT!!!!!!!!!!!!!!
[02:15:16] [Client thread/INFO]: [CHAT] Teleporting...
[02:15:17] [Client thread/INFO]: [CHAT] <NoodlesManGaming> AldreiGaming destroy SPAWNT!!!!!!!!!!!!!!!!!!!!!!!!!!
[02:15:20] [Client thread/INFO]: [CHAT] [STA] < Mangle> the hell
[02:15:22] [Client thread/INFO]: [CHAT] <2s1> Noodles
[02:15:23] [Client thread/INFO]: [CHAT] <NoodlesManGaming> AldreiGaming destroy SPAWNT!!!!!!!!!!!!!!!!!!!!!!!!!!!!!!!!!!!!!!!!!
[02:15:26] [Client thread/INFO]: [CHAT] <2s1> Use /report please
[02:15:26] [Client thread/INFO]: [CHAT] <VideoGameSmash12> what?
[02:15:28] [Client thread/INFO]: [CHAT] [SilverCreeper05] <TeknosQuet> ./report
[02:15:29] [Client thread/INFO]: [CHAT] [Breathing Person] < MasonamdSkye> that is AldreiGaming's mission
[02:15:39] [Client thread/INFO]: [CHAT] [Breathing Person] <MasonandSkye> oops forgot to change my nick
[02:15:42] [Client thread/INFO]: [CHAT] < Soft> ahaha
[02:15:46] [Client thread/INFO]: [CHAT] [STA] < Mangle> is he fixing it or destroying it
[02:15:46] [Client thread/INFO]: [CHAT] <2s1> whats happening lmao
[02:15:48] [Client thread/INFO]: [CHAT] <VideoGameSmash12> AldreiGaming! DESTROY SPAWN!
[02:15:50] [Client thread/INFO]: [CHAT] [STA] < Mangle> I don't understand
[02:15:56] [Client thread/INFO]: [CHAT] <VideoGameSmash12> ./s
[02:15:57] [Client thread/INFO]: [CHAT] <AldreiGaming> im fixing it
[02:16:00] [Client thread/INFO]: [CHAT] <AldreiGaming> tss
[02:16:03] [Client thread/INFO]: [CHAT] [Breathing Person] <MasonandSkye> AldreiGaming: ill do anything for you master
[02:16:10] [Client thread/INFO]: [CHAT] [STA] < Mangle> video
[02:16:14] [Client thread/INFO]: [CHAT] [TeknosQuet: Object successfully summoned]
[02:16:18] [Client thread/INFO]: [CHAT] <VideoGameSmash12> ?
[02:16:21] [Client thread/INFO]: [CHAT] [Breathing Person] <MasonandSkye> NoodlesManGaming sounds like he is giving AldreiGaming a command
[02:16:25] [Client thread/INFO]: [CHAT] [STA] < Mangle> can you keep an eye on spawn for me please
[02:16:29] [Client thread/INFO]: [CHAT] [STA] < Mangle> I'm on my phone lol
[02:16:36] [Client thread/INFO]: [CHAT] <VideoGameSmash12> get on your fucking computer
[02:16:46] [Client thread/INFO]: [CHAT] [STA] < Mangle> it's fucking 10 in the morning
[02:16:47] [Client thread/INFO]: [CHAT] < Soft> mangle how to delete warps
[02:16:52] [Client thread/INFO]: [CHAT] < Soft> my warps
[02:16:54] [Client thread/INFO]: [CHAT] <VideoGameSmash12> boo fucking hoo
[02:16:55] [Client thread/INFO]: [CHAT] [STA] < Mangle> ./delwarp
[02:16:56] [Client thread/INFO]: [CHAT] NoodlesManGaming left the game
[02:16:58] [Client thread/INFO]: [CHAT] [Goldenkrew3000: Unable to summon object]
[02:16:59] [Client thread/INFO]: [CHAT] [Goldenkrew3000: Unable to summon object]
[02:17:08] [Client thread/INFO]: [CHAT] [Goldenkrew3000: Object successfully summoned]
[02:17:09] [Client thread/INFO]: [CHAT] <VideoGameSmash12> i'm currently using my PC at 2 AM
[02:17:12] [Client thread/INFO]: [CHAT] There are 1,907 warps. Showing page 6 of 96.
[02:17:12] [Client thread/INFO]: [CHAT] BATS, battle, Batut, BB, BBC, bcbc, beach, Beacon, BeaconTOWN, becomeasuperadmin, bed, BedHeadMeeting, bedrockhide, bedwars, beehive, beep, BeginOfTrain, BEGONETHOT, BEKFAST, Ben's_Shop
[02:17:13] [Client thread/INFO]: [CHAT] [MasonandSkye: Unable to locate any nope feature]
[02:17:15] [Client thread/INFO]: [CHAT] There are 1,907 warps. Showing page 63 of 96.
[02:17:15] [Client thread/INFO]: [CHAT] Poop, Poopie, PoopieDiaper, poopnpiss, PooStomach, popo, popt, portal, portal0.1, portal0.2, Portal\, portalboi, portals, portaltosomethingholyinhumans, Poss, PossibleSpawn, possiblespawn2, PossibleSpawnConfirmed, Post, pot
[02:17:19] [Client thread/INFO]: [CHAT] There are 1,907 warps. Showing page 1 of 96.
[02:17:19] [Client thread/INFO]: [CHAT] !@#$%^&*I-GOT-BOOGERS, !@#$%^&*UPCOMING-SPAWN-I-THINK, !@#$^&*I-GOTS-LEGIT-SCHEMATICS, "i, "i_give_up_hole', #Redstone, &1&lRoads, &5, &5Galaxy, 09sharkboy, 09Sharkglass, 1b, 251knockbackGAME, 8BITPIPE, ?, _random_, a, A.ElytraIntoPVP, a1b2c3d4, aaa
[02:17:20] [Client thread/INFO]: [CHAT] [MasonandSkye: Unable to summon object]
[02:17:32] [Client thread/INFO]: [CHAT] There are 1,907 warps. Showing page 2 of 96.
[02:17:32] [Client thread/INFO]: [CHAT] aaaa, AAAAA, aaaaaaaaahello, AARealEstate, abcdef, AbgeisGeilHD, ActualGreenGrass, ActualMattlawnSize, admedarealestate, Admedatown, admedatown-shiny'splace, AdmedaTownLink, admincave, AdminMine, AdminPanel, adminsroom, Advertiser, afk, AFKmachine, afkpoolnew
[02:17:38] [Client thread/INFO]: [CHAT] [STA] < Mangle> just
[02:17:40] [Client thread/INFO]: [CHAT] [MasonandSkye: Data tag parsing failed: Expected '}' but got 's' at: {CustomName:ay s<--[HERE]]
[02:17:41] [Client thread/INFO]: [CHAT] [STA] < Mangle> do it
[02:17:43] [Client thread/INFO]: [CHAT] [STA] < Mangle> pls
[02:17:57] [Client thread/INFO]: [CHAT] Goldenkrew3000 has reached the goal [Sky's the Limit]
[02:18:02] [Client thread/INFO]: [CHAT] <AldreiGaming> is spawn ok?
[02:18:08] [Client thread/INFO]: [CHAT] <VideoGameSmash12> It looks fine
[02:18:08] [Client thread/INFO]: [CHAT] lesbianheart is an Impostor
[02:18:08] [Client thread/INFO]: [CHAT] Warning: lesbianheart has been flagged as an impostor and has been frozen!
[02:18:08] [Client thread/INFO]: [CHAT] lesbianheart joined the game
[02:18:10] [Client thread/INFO]: [CHAT] [MasonandSkye: Data tag parsing failed: Expected '}' but got 'l' at: {wow:stop l<--[HERE]]
[02:18:11] [Client thread/INFO]: [CHAT] Peddzon is a Super Admin and a pianist.
[02:18:11] [Client thread/INFO]: [CHAT] Peddzon joined the game
[02:18:15] [Client thread/INFO]: [CHAT] [Server:xMangleMC] who you
[02:18:15] [Client thread/INFO]: [CHAT] < Lesbianheart> oh
[02:18:18] [Client thread/INFO]: [CHAT] < Lesbianheart> cool
[02:18:21] [Client thread/INFO]: [CHAT] <VideoGameSmash12> Verify, lesbianheart
[02:18:23] [Client thread/INFO]: [CHAT] [Breathing Person] <MasonandSkye> ahh
[02:18:23] [Client thread/INFO]: [CHAT] <2s1> pls readd me
[02:18:24] [Client thread/INFO]: [CHAT] <2s1> lol
[02:18:25] [Client thread/INFO]: [CHAT] [Server:xMangleMC] verify
[02:18:30] [Client thread/INFO]: [CHAT] <2s1> i did
[02:19:27] [Client thread/INFO]: [CHAT] < Lesbianheart> done
[02:19:27] [Client thread/INFO]: [CHAT] < Lesbianheart> uwu
[02:19:27] [Client thread/INFO]: [CHAT] xMangleMC left the game
[02:19:27] [Client thread/INFO]: [CHAT] <Goldenkrew3000> what r the coords of spawn?
[02:19:27] [Client thread/INFO]: [CHAT] [Breathing Person] <MasonandSkye> getting parrots
[02:19:27] [Client thread/INFO]: [CHAT] Peddzon - Removing all server entities.
[02:19:27] [Client thread/INFO]: [CHAT] Peddzon - Purging all mobs
[02:19:27] [Client thread/INFO]: [CHAT] Peddzon - Unloading unused chunks
[02:19:30] [Client thread/INFO]: [CHAT] MasonandSkye has made the advancement [Best Friends Forever]
[02:19:42] [Client thread/INFO]: [CHAT] <VideoGameSmash12> Anyone want to fuck up my toaster? 127.0.0.1
[02:19:50] [Client thread/INFO]: [CHAT] [SilverCreeper05] <TeknosQuet> no
[02:20:29] [Client thread/INFO]: [CHAT] < Lesbianheart> I uh verified
[02:20:38] [Client thread/INFO]: [CHAT] <VideoGameSmash12> Who are you, lesbianheart?
[02:20:40] [Client thread/INFO]: [CHAT] < Lesbianheart> big oof
[02:20:42] [Client thread/INFO]: [CHAT] <AldreiGaming> guys how to make colored sign??
[02:20:42] [Client thread/INFO]: [CHAT] < Lesbianheart> Anzu
[02:20:42] [Client thread/INFO]: [CHAT] < Mangle> Connected using PickaxeChat for Android
[02:20:43] [Client thread/INFO]: [CHAT] xMangleMC is a Telnet Admin
[02:20:43] [Client thread/INFO]: [CHAT] xMangleMC joined the game
[02:20:45] [Client thread/INFO]: [CHAT] <AldreiGaming> guys
[02:20:46] [Client thread/INFO]: [CHAT] <VideoGameSmash12> What?
[02:20:48] [Client thread/INFO]: [CHAT] [Breathing Person] <MasonandSkye> i uuhh verified
[02:20:51] [Client thread/INFO]: [CHAT] <AldreiGaming> how to make
[02:20:57] [Client thread/INFO]: [CHAT] <AldreiGaming> colored sign
[02:21:01] [Client thread/INFO]: [CHAT] [Breathing Person] <MasonandSkye> with
[02:21:02] [Client thread/INFO]: [CHAT] [Breathing Person] <MasonandSkye> magic
[02:21:02] [Client thread/INFO]: [CHAT] [Server:xMangleMC] you're both verified
[02:21:02] [Client thread/INFO]: [CHAT] lesbianheart left the game
[02:21:08] [Client thread/INFO]: [CHAT] [STA] < Mangle> oh
[02:21:10] [Client thread/INFO]: [CHAT] <VideoGameSmash12> Use the & sign and a number after it
[02:21:12] [Client thread/INFO]: [CHAT] speediv is an Impostor
[02:21:12] [Client thread/INFO]: [CHAT] Warning: speediv has been flagged as an impostor and has been frozen!
[02:21:12] [Client thread/INFO]: [CHAT] speediv joined the game
[02:21:15] [Client thread/INFO]: [CHAT] <VideoGameSmash12> so like &2
[02:21:19] [Client thread/INFO]: [CHAT] * MrDunbar is now AFK.
[02:21:22] [Client thread/INFO]: [CHAT] <speediv> HEY
[02:21:25] [Client thread/INFO]: [CHAT] <AldreiGaming> ok
[02:21:26] [Client thread/INFO]: [CHAT] Lachlanon1234567 joined the game
[02:21:27] [Client thread/INFO]: [CHAT] <AldreiGaming> ty
[02:21:28] [Client thread/INFO]: [CHAT] [SA] < Peddzon> Welcome back, Lachlanon1234567
[02:21:29] [Client thread/INFO]: [CHAT] <speediv> am verified
[02:21:30] [Client thread/INFO]: [CHAT] <speediv> am verified!
[02:21:42] [Client thread/INFO]: [CHAT] <VideoGameSmash12> Am verified?
[02:21:44] [Client thread/INFO]: [CHAT] Goldenkrew3000 fell from a high place
[02:21:49] [Client thread/INFO]: [CHAT] [SA] < Peddzon> speed
[02:21:51] [Client thread/INFO]: [CHAT] [SA] < Peddzon> re-verify
[02:21:55] [Client thread/INFO]: [CHAT] [SA] < Peddzon> that was 9 hours ago
[02:22:01] [Client thread/INFO]: [CHAT] <speediv> via shoutbox?
[02:22:03] [Client thread/INFO]: [CHAT] <VideoGameSmash12> NICE
[02:22:03] [Client thread/INFO]: [CHAT] [SA] < Peddzon> Yes
[02:22:05] [Client thread/INFO]: [CHAT] <Goldenkrew3000> yEEEt
[02:22:07] [Client thread/INFO]: [CHAT] Goldenkrew3000 fell from a high place
[02:22:10] [Client thread/INFO]: [CHAT] <speediv> how?
[02:22:11] [Client thread/INFO]: [CHAT] Goldenkrew3000 died
[02:22:11] [Client thread/INFO]: [CHAT] Player Goldenkrew3000 took their own life.
[02:22:15] [Client thread/INFO]: [CHAT] <VideoGameSmash12> Ban the bitch.
[02:22:16] [Client thread/INFO]: [CHAT] [SA] < Peddzon> Or really just use /forum gettoken
[02:22:22] [Client thread/INFO]: [CHAT] <VideoGameSmash12> Obvious fake.
[02:22:25] [Client thread/INFO]: [CHAT] <VideoGameSmash12> "how?"
[02:22:35] [Client thread/INFO]: [CHAT] speediv left the game
[02:22:42] [Client thread/INFO]: [CHAT] <VideoGameSmash12> Told ya
[02:22:45] [Client thread/INFO]: [CHAT] Peddzon - Banning speediv and IPs: 24.44.167.64
[02:22:48] [Client thread/INFO]: [CHAT] [SA] < Peddzon> checked from IP
[02:22:49] [Client thread/INFO]: [CHAT] xMangleMC - Banning NoodlesManGaming and IPs: 175.158.225.4
[02:23:13] [Client thread/INFO]: [CHAT] Admin joined the game
[02:23:13] [Client thread/INFO]: [CHAT] Welcome Admin to TotalFreedom!
[02:23:13] [Client thread/INFO]: [CHAT] [STA] < Mangle> did you just ban speediv
[02:23:15] [Client thread/INFO]: [CHAT] <Goldenkrew3000> a potatoe flew around my room before you came
[02:23:15] [Client thread/INFO]: [CHAT] [SA] < Peddzon> Welcome back, Admin
[02:23:16] [Client thread/INFO]: [CHAT] Peddzon - Opping all players on the server
[02:23:16] [Client thread/INFO]: [CHAT] You are now op!
[02:23:18] [Client thread/INFO]: [CHAT] <VideoGameSmash12> Yes.
[02:23:22] [Client thread/INFO]: [CHAT] Peddzon - Unbanning speediv and IPs: 24.44.167.64
[02:23:26] [Client thread/INFO]: [CHAT] <Admin> HELLO
[02:23:30] [Client thread/INFO]: [CHAT] * 2s1 is now AFK.
[02:23:32] [Client thread/INFO]: [CHAT] <Goldenkrew3000> HELLO
[02:23:34] [Client thread/INFO]: [CHAT] Peddzon - Kicking Admin - Reason: Change your name. =)
[02:23:34] [Client thread/INFO]: [CHAT] Admin left the game
[02:23:35] [Client thread/INFO]: [CHAT] <VideoGameSmash12> Because the Speediv was confirmed to be a retarded imposter
[02:23:39] [Client thread/INFO]: [CHAT] [Breathing Person] <MasonandSkye> HELLO
[02:23:43] [Client thread/INFO]: [CHAT] waduhek_1337 joined the game
[02:23:43] [Client thread/INFO]: [CHAT] xMangleMC - Banning NoodlesManGaming and IPs: 175.158.225.4
[02:23:43] [Client thread/INFO]: [CHAT] <Goldenkrew3000> HI
[02:23:45] [Client thread/INFO]: [CHAT] [SA] < Peddzon> Welcome back, waduhek_1337
[02:23:47] [Client thread/INFO]: [CHAT] Goldenkrew3000 left the game
[02:23:48] [Client thread/INFO]: [CHAT] [STA] < Mangle> well
[02:24:12] [Client thread/INFO]: [CHAT] Cahai11 joined the game
[02:24:12] [Client thread/INFO]: [CHAT] Welcome Cahai11 to TotalFreedom!
[02:24:14] [Client thread/INFO]: [CHAT] [SA] < Peddzon> Welcome back, Cahai11
[02:24:14] [Client thread/INFO]: [CHAT] Peddzon - Opping all players on the server
[02:24:14] [Client thread/INFO]: [CHAT] You are now op!
[02:24:16] [Client thread/INFO]: [CHAT] xMangleMC - Opping all players on the server
[02:24:16] [Client thread/INFO]: [CHAT] You are now op!
[02:24:20] [Client thread/INFO]: [CHAT] <Cahai11> my name is good now?
[02:24:25] [Client thread/INFO]: [CHAT] waduhek_1337 left the game
[02:24:55] [Client thread/INFO]: [CHAT] Cahai11 has been a VERY naughty, naughty boy.
[02:24:55] [Client thread/INFO]: [CHAT] Peddzon - Banning Cahai11, IP: 38.95.*.* - Reason: Bypassing bans
[02:24:55] [Client thread/INFO]: [CHAT] Cahai11 died
[02:24:55] [Client thread/INFO]: [CHAT] Cahai11 left the game
[02:25:53] [Client thread/INFO]: [CHAT] [STA] < Mangle> why is no telnet coming on
[02:25:55] [Client thread/INFO]: [CHAT] [STA] < Mangle> ffs
[02:26:32] [Client thread/INFO]: [CHAT] [STA] < Mangle> it very certainly got very silent
[02:26:35] [Client thread/INFO]: [CHAT] <Lachlanon1234567> lift
[02:26:44] [Client thread/INFO]: [CHAT] * 2s1 is no longer AFK.
[02:26:44] [Client thread/INFO]: [CHAT] <2s1> ye
[02:26:54] [Client thread/INFO]: [CHAT] [STA] < Mangle> 2s1
[02:26:57] [Client thread/INFO]: [CHAT] Tag set to 'Undertale Sucks IMO'.
[02:27:02] [Client thread/INFO]: [CHAT] Undertale Sucks IMO <VideoGameSmash12> best name in the world
[02:27:06] [Client thread/INFO]: [CHAT] [STA] < Mangle> what was your ign when you got admin
[02:27:07] [Client thread/INFO]: [CHAT] Undertale Sucks IMO <VideoGameSmash12> best tag in the world
[02:28:01] [Client thread/INFO]: [CHAT] ___Square___ joined the game
[02:28:01] [Client thread/INFO]: [CHAT] *  Square is now AFK.
[02:28:01] [Client thread/INFO]: [CHAT] Welcome  Square to TotalFreedom!
[02:28:03] [Client thread/INFO]: [CHAT] ___Square___ left the game
[02:28:03] [Client thread/INFO]: [CHAT] [SA] < Peddzon> Welcome back, ___Square___
[02:28:06] [Client thread/INFO]: [CHAT] xMangleMC - Opping all players on the server
[02:28:06] [Client thread/INFO]: [CHAT] You are now op!
[02:28:09] [Client thread/INFO]: [CHAT] [STA] < Mangle> lol
[02:28:15] [Client thread/INFO]: [CHAT] [STA] < Mangle> did you male it ped
[02:28:23] [Client thread/INFO]: [CHAT] Undertale Sucks IMO <VideoGameSmash12> hey what's up guys it's scarce here
[02:28:34] [Client thread/INFO]: [CHAT] [STA] < Mangle> that meme is dead af
[02:28:44] [Client thread/INFO]: [CHAT] Shiftinq_ is an Impostor
[02:28:44] [Client thread/INFO]: [CHAT] Warning: Shiftinq_ has been flagged as an impostor and has been frozen!
[02:28:44] [Client thread/INFO]: [CHAT] Shiftinq_ joined the game
[02:28:46] [Client thread/INFO]: [CHAT] [SA] < Peddzon> Welcome back, Shiftinq_
[02:28:50] [Client thread/INFO]: [CHAT] <2s1> iWhiteBird
[02:28:52] [Client thread/INFO]: [CHAT] <2s1> i think
[02:28:55] [Client thread/INFO]: [CHAT] [STA] < Mangle> Ohhh
[02:28:56] [Client thread/INFO]: [CHAT] Undertale Sucks IMO <VideoGameSmash12> your sex life is deaf af- no jk
[02:28:58] [Client thread/INFO]: [CHAT] [STA] < Mangle> k gotcha
[02:29:04] [Client thread/INFO]: [CHAT] <Shiftinq_> hi
[02:29:09] [Client thread/INFO]: [CHAT] <2s1> I'm xHelpful
[02:29:14] [Client thread/INFO]: [CHAT] <2s1> everyone knows me kek
[02:29:17] [Client thread/INFO]: [CHAT] [Server:xMangleMC] Verify
[02:29:18] [Client thread/INFO]: [CHAT] * 2s1 is now AFK.
[02:29:50] [Client thread/INFO]: [CHAT] MrDunbar left the game
[02:29:54] [Client thread/INFO]: [CHAT] <Shiftinq_> I'm real. Don't ban me.
[02:30:02] [Client thread/INFO]: [CHAT] [STA] < Mangle> can you verify please
[02:30:09] [Client thread/INFO]: [CHAT] <Shiftinq_> I wish i could
[02:30:18] [Client thread/INFO]: [CHAT] [STA] < Mangle> I did an IP check and you aren't on amy other names soooo
[02:30:19] [Client thread/INFO]: [CHAT] <Shiftinq_> As usual. Chrome is slow.
[02:30:40] [Client thread/INFO]: [CHAT] [STA] < Mangle> well do it when you can I guess
[02:30:45] [Client thread/INFO]: [CHAT] <Shiftinq_> Alright
[02:30:48] [Client thread/INFO]: [CHAT] < Espanol> does that mean the future is slow
[02:30:53] [Client thread/INFO]: [CHAT] [STA] < Mangle> no
[02:30:54] [Client thread/INFO]: [CHAT] <Shiftinq_> probably
[02:31:09] [Client thread/INFO]: [CHAT] <AldreiGaming> is the spawn ok??
[02:31:14] [Client thread/INFO]: [CHAT] [STA] < Mangle> yes
[02:31:15] [Client thread/INFO]: [CHAT] <AldreiGaming> ??
[02:31:25] [Client thread/INFO]: [CHAT] <AldreiGaming> ty
[02:31:57] [Client thread/INFO]: [CHAT] SkullGC joined the game
[02:32:00] [Client thread/INFO]: [CHAT] [SA] < Peddzon> Welcome back, SkullGC
[02:32:19] [Client thread/INFO]: [CHAT] < Espanol> can /warp SpawnPlease be spawn
[02:32:20] [Client thread/INFO]: [CHAT] <SkullGC> Hello Join This 1.8.8 Minecraft Server Its So Awesome And We Need Staff IP 167.114.118.74:41597
[02:32:21] [Client thread/INFO]: [CHAT] axtonius joined the game
[02:32:21] [Client thread/INFO]: [CHAT] Welcome axtonius to TotalFreedom!
[02:32:23] [Client thread/INFO]: [CHAT] [SA] < Peddzon> Welcome back, axtonius
[02:32:27] [Client thread/INFO]: [CHAT] <axtonius> OP
[02:32:29] [Client thread/INFO]: [CHAT] <axtonius> NOW
[02:32:30] [Client thread/INFO]: [CHAT] Peddzon - Opping all players on the server
[02:32:30] [Client thread/INFO]: [CHAT] You are now op!
[02:32:34] [Client thread/INFO]: [CHAT] TeknosQuet left the game
[02:32:40] [Client thread/INFO]: [CHAT] TeknosQuet joined the game
[02:32:42] [Client thread/INFO]: [CHAT] [SA] < Peddzon> Welcome back, TeknosQuet
[02:32:51] [Client thread/INFO]: [CHAT] <axtonius> thank you pedozon
[02:32:56] [Client thread/INFO]: [CHAT] TeknosQuet left the game
[02:32:59] [Client thread/INFO]: [CHAT] TeknosQuet joined the game
[02:33:07] [Client thread/INFO]: [CHAT] MasonandSkye left the game
[02:33:10] [Client thread/INFO]: [CHAT] MasonandSkye joined the game
[02:33:10] [Client thread/INFO]: [CHAT] <axtonius> how is shittinq_ today
[02:33:10] [Client thread/INFO]: [CHAT] <TeknosQuet> anyone know a tweety bird skin lol
[02:33:11] [Client thread/INFO]: [CHAT] MasonandSkye left the game
[02:33:12] [Client thread/INFO]: [CHAT] [SA] < Peddzon> Welcome back, MasonandSkye
[02:33:17] [Client thread/INFO]: [CHAT] <AldreiGaming> can you set world spawn here???
[02:33:18] [Client thread/INFO]: [CHAT] MasonandSkye joined the game
[02:33:21] [Client thread/INFO]: [CHAT] <AldreiGaming> please
[02:33:28] [Client thread/INFO]: [CHAT] <MasonandSkye> yay it didnt said welcome to me
[02:33:42] [Client thread/INFO]: [CHAT] <axtonius> yay you retarded, it did say welcome
[02:33:56] [Client thread/INFO]: [CHAT] <SkullGC> am i allowed to use /msg **
[02:34:00] [Client thread/INFO]: [CHAT] <Shiftinq_> no
[02:34:08] [Client thread/INFO]: [CHAT] <SkullGC> what was the command that like
[02:34:13] [Client thread/INFO]: [CHAT] <axtonius> shittinq wheres ur rank
[02:34:13] [Client thread/INFO]: [CHAT] <MasonandSkye> what if there is a player called ** - if its possible
[02:34:15] [Client thread/INFO]: [CHAT] <SkullGC> made everything in purple and it acted like something
[02:34:23] [Client thread/INFO]: [CHAT] Undertale Sucks IMO <VideoGameSmash12> send noods
[02:34:27] [Client thread/INFO]: [CHAT] < Brhoomi13> ay
[02:34:29] [Client thread/INFO]: [CHAT] <axtonius> open bob
[02:34:32] [Client thread/INFO]: [CHAT] <axtonius> send vagene
[02:34:41] [Client thread/INFO]: [CHAT] < Brhoomi13> Hello Join This 1.8.8 Minecraft Server Its So Awesome And We Need Staff IP 167.114.118.74:41597
[02:34:42] [Client thread/INFO]: [CHAT] [STA] < Mangle> ???? ?????
[02:34:43] [Client thread/INFO]: [CHAT] SkullGC left the game
[02:34:45] [Client thread/INFO]: [CHAT] * 2s1 is no longer AFK.
[02:34:45] [Client thread/INFO]: [CHAT] <2s1> hey retard
[02:34:48] [Client thread/INFO]: [CHAT] <2s1> i mean
[02:35:02] [Client thread/INFO]: [CHAT] <Shiftinq_> Who is 2s1?
[02:35:03] [Client thread/INFO]: [CHAT] [STA] < Mangle> no
[02:35:06] [Client thread/INFO]: [CHAT] [STA] < Mangle> he's
[02:35:08] [Client thread/INFO]: [CHAT] [STA] < Mangle> white
[02:35:14] [Client thread/INFO]: [CHAT] [STA] < Mangle> birdie
[02:35:16] [Client thread/INFO]: [CHAT] <2s1> yes im white
[02:35:26] [Client thread/INFO]: [CHAT] <2s1> smh im Xeody
[02:35:32] [Client thread/INFO]: [CHAT] [STA] < Mangle> ewno
[02:35:34] [Client thread/INFO]: [CHAT] TeknosQuet left the game
[02:35:36] [Client thread/INFO]: [CHAT] Hanky_Ghost joined the game
[02:35:36] [Client thread/INFO]: [CHAT] Welcome Hanky_Ghost to TotalFreedom!
[02:35:36] [Client thread/INFO]: [CHAT] <axtonius> wheres ur up xeo
[02:35:38] [Client thread/INFO]: [CHAT] TeknosQuet joined the game
[02:35:38] [Client thread/INFO]: [CHAT] [SA] < Peddzon> Welcome back, Hanky_Ghost
[02:35:40] [Client thread/INFO]: [CHAT] <axtonius> *op
[02:35:40] [Client thread/INFO]: [CHAT] [SA] < Peddzon> Welcome back, TeknosQuet
[02:35:41] [Client thread/INFO]: [CHAT] <Hanky_Ghost> hello
[02:35:43] [Client thread/INFO]: [CHAT] Undertale Sucks IMO <VideoGameSmash12> wait
[02:35:46] [Client thread/INFO]: [CHAT] <Shiftinq_> Peddzon
[02:35:47] [Client thread/INFO]: [CHAT] xMangleMC - Opping all players on the server
[02:35:47] [Client thread/INFO]: [CHAT] You are now op!
[02:35:48] [Client thread/INFO]: [CHAT] Undertale Sucks IMO <VideoGameSmash12> you're fucking typh?
[02:35:50] [Client thread/INFO]: [CHAT] [SA] < Peddzon> hi
[02:35:53] [Client thread/INFO]: [CHAT] <Shiftinq_> Are you using binds
[02:35:55] [Client thread/INFO]: [CHAT] <2s1> no lol
[02:35:55] [Client thread/INFO]: [CHAT] <axtonius> shittinq and xeody
[02:35:58] [Client thread/INFO]: [CHAT] [STA] < Mangle> no typh is Xeoda
[02:35:59] [Client thread/INFO]: [CHAT] [STA] < Mangle> lol
[02:35:59] [Client thread/INFO]: [CHAT] Undertale Sucks IMO <VideoGameSmash12> ????!!?
[02:36:00] [Client thread/INFO]: [CHAT] <axtonius> wheres ur ranks
[02:36:07] [Client thread/INFO]: [CHAT] <2s1> shitting
[02:36:08] [Client thread/INFO]: [CHAT] <2s1> wrg
[02:36:09] [Client thread/INFO]: [CHAT] <2s1> wtf*
[02:36:11] [Client thread/INFO]: [CHAT] [STA] < Mangle> with an a at the end
[02:36:12] [Client thread/INFO]: [CHAT] Undertale Sucks IMO <VideoGameSmash12> OHHH
[02:36:16] [Client thread/INFO]: [CHAT] <Shiftinq_> wow
[02:36:18] [Client thread/INFO]: [CHAT] [Peddzon: Added 1 player(s) to team STA: xMangleMC]
[02:36:18] [Client thread/INFO]: [CHAT] <Shiftinq_> wow ok
[02:36:43] [Client thread/INFO]: [CHAT] < CopyingLeftNRight> what is this
[02:36:51] [Client thread/INFO]: [CHAT] <axtonius> staff
[02:36:52] [Client thread/INFO]: [CHAT] <axtonius> AldreiGaming
[02:36:54] [Client thread/INFO]: [CHAT] <axtonius> is making
[02:36:56] [Client thread/INFO]: [CHAT] <axtonius> loads
[02:36:57] [Client thread/INFO]: [CHAT] <axtonius> of
[02:37:01] [Client thread/INFO]: [CHAT] <axtonius> worldedit copies
[02:37:06] [Client thread/INFO]: [CHAT] <axtonius> of spawn
[02:37:23] [Client thread/INFO]: [CHAT] <axtonius> and its laggy
[02:37:28] [Client thread/INFO]: [CHAT] <Shiftinq_> No it isn't
[16:16:31] [Client thread/INFO]: Connecting to 107.150.147.80, 28565