[16:41:48] [Client thread/INFO]: Connecting to play.totalfreedom.me., 25565
[16:41:49] [Client thread/INFO]: [CHAT] [LibsDisguises] There is a update ready to be downloaded! You are using v9.4.0-SNAPSHOT, the new version is v9.5.0!
[16:41:49] [Client thread/INFO]: [CHAT] VideoGameSmash12 joined the game
[16:41:49] [Client thread/INFO]: [CHAT] Welcome to TotalFreedom, VideoGameSmash12!
[16:41:49] [Client thread/INFO]: [CHAT] The server's name does not imply that we have no rules. Please read them (/rules)
[16:41:49] [Client thread/INFO]: [CHAT] Type /help for a list of commands.
[16:41:49] [Client thread/INFO]: [CHAT] Type /list to see who else is online.
[16:41:49] [Client thread/INFO]: [CHAT] Players online: 24 - World time: 12:00 PM
[16:41:49] [Client thread/INFO]: [CHAT] You have no new mail.
[16:41:49] [Client thread/INFO]: [CHAT] [BetterChairs] Find new update ! Version: 0.9.5
[16:41:49] [Client thread/INFO]: [CHAT] [UPDATE]
[16:41:49] [Client thread/INFO]: [CHAT] [AsyncWorldEdit] You have an old version of the plugin. Your version: 2.3.3, available version: 3.4.11
[16:41:53] [Client thread/INFO]: [CHAT] < Chara_> wot
[16:41:56] [Client thread/INFO]: [CHAT] [SA] <T0PTylerJoseph> Signs and wood?
[16:41:56] [Client thread/INFO]: [CHAT] <MR_K_BUILDER> How do you turn off your particles
[16:42:02] [Client thread/INFO]: [CHAT] Bed spawn set!
[16:42:03] [Client thread/INFO]: [CHAT] < Chara_> there was wood there
[16:42:06] [Client thread/INFO]: [CHAT] <MR_K_BUILDER> nevermind
[16:42:08] [Client thread/INFO]: [CHAT] < Chara_> and signs all around
[16:42:12] [Client thread/INFO]: [CHAT] < KyleIV> MR_K_BUILDER options, video settings, particles
[16:42:16] [Client thread/INFO]: [CHAT] T0PTylerJoseph - Banning TomSantos and IPs: 188.83.250.124
[16:42:16] [Client thread/INFO]: [CHAT] < Chara_> the bottom
[16:42:16] [Client thread/INFO]: [CHAT] < wecklerie> ,/effect
[16:42:17] [Client thread/INFO]: [CHAT] [SA] <T0PTylerJoseph> Sorted.
[16:42:20] [Client thread/INFO]: [CHAT] <MR_K_BUILDER> Ok thanks
[16:42:21] [Client thread/INFO]: [CHAT] MinecraftMstr48 joined the game
[16:42:23] [Client thread/INFO]: [CHAT] < Chara_> rollback?
[16:42:25] [Client thread/INFO]: [CHAT] < KyleIV> Mhm
[16:42:37] [Client thread/INFO]: [CHAT] [SA] <T0PTylerJoseph> yeah, give me a min
[16:42:43] [Client thread/INFO]: [CHAT] < Xander> ?
[16:42:47] [Client thread/INFO]: [CHAT] < wecklerie> ,/pp effect none to get rid of particles
[16:42:54] [Client thread/INFO]: [CHAT] <MR_K_BUILDER> thanks
[16:42:57] [Client thread/INFO]: [CHAT] * TheEpicMoney is now AFK.
[16:43:22] [Client thread/INFO]: [CHAT] TheEpicMoney left the game
[16:43:25] [Client thread/INFO]: [CHAT] [SA] <T0PTylerJoseph> PokezTLG
[16:43:27] [Client thread/INFO]: [CHAT] < Chara_> yes?
[16:43:29] [Client thread/INFO]: [CHAT] < Lizzy> hi
[16:43:35] [Client thread/INFO]: [CHAT] Mafrans is a Telnet Admin
[16:43:35] [Client thread/INFO]: [CHAT] Mafrans joined the game
[16:43:37] [Client thread/INFO]: [CHAT] < Xander> huh
[16:43:39] [Client thread/INFO]: [CHAT] <2cooljoshua> frick you sticky keys
[16:43:46] [Client thread/INFO]: [CHAT] < Lizzy> XD
[16:43:51] [Client thread/INFO]: [CHAT] < Chara_> wat is it?
[16:44:25] [Client thread/INFO]: [CHAT] [SA] <T0PTylerJoseph> ttcat1/
[16:44:27] [Client thread/INFO]: [CHAT] [SA] <T0PTylerJoseph> Problem?
[16:44:27] [Client thread/INFO]: [CHAT] < ttcat1> yes?
[16:44:28] [Client thread/INFO]: [CHAT] < Xander> wut is this place
[16:44:28] [Client thread/INFO]: [CHAT] < Chara_> thx
[16:44:32] [Client thread/INFO]: [CHAT] T0PTylerJoseph left the game
[16:44:34] [Client thread/INFO]: [CHAT] < ttcat1> i fixed it i gtg
[16:44:35] [Client thread/INFO]: [CHAT] HerobrinesSon joined the game
[16:44:35] [Client thread/INFO]: [CHAT] ttcat1 left the game
[16:44:45] [Client thread/INFO]: [CHAT] < wecklerie> who wants to see my fling horse
[16:44:48] [Client thread/INFO]: [CHAT] < wecklerie> flying*
[16:44:50] [Client thread/INFO]: [CHAT] T0PTylerJoseph - Banning AAZiggy and IPs: 24.35.220.20
[16:44:58] [Client thread/INFO]: [CHAT] <HerobrinesSon> hi lizzy
[16:45:02] [Client thread/INFO]: [CHAT] <HerobrinesSon> aka pinkypoo
[16:45:15] [Client thread/INFO]: [CHAT] T0PTylerJoseph is a Super Admin and Twenty One Pilots trash!
[16:45:15] [Client thread/INFO]: [CHAT] T0PTylerJoseph joined the game
[16:45:17] [Client thread/INFO]: [CHAT] T0PTylerJoseph left the game
[16:45:17] [Client thread/INFO]: [CHAT] < Lizzy> yup
[16:45:33] [Client thread/INFO]: [CHAT] < Lizzy> thanks
[16:45:36] [Client thread/INFO]: [CHAT] <HerobrinesSon> :)
[16:45:39] [Client thread/INFO]: [CHAT] < Xander> i once used nuker and got banned for 2 days.....it was a accedent with the WURST client ya see so i hate that client
[16:45:48] [Client thread/INFO]: [CHAT] < wecklerie> lol i get banned for 5 mins
[16:45:50] [Client thread/INFO]: [CHAT] < CommandsDude> I have Jigsaw
[16:45:52] [Client thread/INFO]: [CHAT] 2cooljoshua left the game
[16:45:56] [Client thread/INFO]: [CHAT] < wecklerie> everytime i accedentally click the key
[16:45:59] [Client thread/INFO]: [CHAT] < Lizzy> cool
[16:46:00] [Client thread/INFO]: [CHAT] <eddo12321> same
[16:46:00] [Client thread/INFO]: [CHAT] < Xander> im using Impact rn
[16:46:01] [Client thread/INFO]: [CHAT] < CommandsDude> Cool!
[16:46:07] [Client thread/INFO]: [CHAT] *  Chara_ is now AFK.
[16:46:11] [Client thread/INFO]: [CHAT] <HerobrinesSon> follow me
[16:46:11] [Client thread/INFO]: [CHAT] HollyJollyRacher has made the advancement [Suit Up]
[16:46:11] [Client thread/INFO]: [CHAT] HollyJollyRacher has made the advancement [Hot Stuff]
[16:46:12] [Client thread/INFO]: [CHAT] < Xander> the key "N" right?
[16:46:12] [Client thread/INFO]: [CHAT] KyleIV left the game
[16:46:15] [Client thread/INFO]: [CHAT] < Lizzy> kk
[16:46:22] [Client thread/INFO]: [CHAT] < CommandsDude> My Kill Aura keybind is 'K'
[16:46:28] [Client thread/INFO]: [CHAT] < wecklerie> nuker was the " `/~ " button
[16:46:28] [Client thread/INFO]: [CHAT] Admeda is a Super admin and a Super admin.
[16:46:28] [Client thread/INFO]: [CHAT] Admeda joined the game
[16:46:32] [Client thread/INFO]: [CHAT] ttcat1 joined the game
[16:46:34] [Client thread/INFO]: [CHAT] < wecklerie> i stiwched it to a numpad button
[16:46:34] [Client thread/INFO]: [CHAT] <VideoGameSmash12> i just got back from playing a lot of brutal doom
[16:46:43] [Client thread/INFO]: [CHAT] < Xander> Greetings Admeda
[16:46:43] [Client thread/INFO]: [CHAT] MinecraftMstr48 left the game
[16:46:45] [Client thread/INFO]: [CHAT] < ttcat1> im bacc
[16:46:48] [Client thread/INFO]: [CHAT] [SA] <Admeda> Greetings.
[16:46:48] [Client thread/INFO]: [CHAT] < Xander> wb
[16:47:00] [Client thread/INFO]: [CHAT] * Sheldy888 is now AFK.
[16:47:03] [Client thread/INFO]: [CHAT] MinecraftMstr48 joined the game
[16:47:08] [Client thread/INFO]: [CHAT] Panther joined the game
[16:47:08] [Client thread/INFO]: [CHAT] < Xander> im back after a few months since... my computer broke
[16:47:13] [Client thread/INFO]: [CHAT] < wecklerie> cool
[16:47:17] [Client thread/INFO]: [CHAT] <HerobrinesSon> look inside
[16:47:17] [Client thread/INFO]: [CHAT] <HerobrinesSon> :D
[16:47:22] [Client thread/INFO]: [CHAT] <HerobrinesSon> look at the name :LD
[16:47:24] [Client thread/INFO]: [CHAT] <HerobrinesSon> :D*
[16:47:24] [Client thread/INFO]: [CHAT] [SA] <Admeda> oh hi
[16:47:34] [Client thread/INFO]: [CHAT] ToaMataNui9 joined the game
[16:47:34] [Client thread/INFO]: [CHAT] Welcome ToaMataNui9 to TotalFreedom!
[16:47:35] [Client thread/INFO]: [CHAT] Brad_ZYX joined the game
[16:47:37] [Client thread/INFO]: [CHAT] betinasilva123 joined the game
[16:47:40] [Client thread/INFO]: [CHAT] HollyJollyRacher has made the advancement [Diamonds!]
[16:47:40] [Client thread/INFO]: [CHAT] [SA] <Admeda> hm
[16:47:48] [Client thread/INFO]: [CHAT] [SA] <Admeda> should I setup elytra competitions?
[16:47:50] [Client thread/INFO]: [CHAT] tmcyoda joined the game
[16:47:50] [Client thread/INFO]: [CHAT] Welcome tmcyoda to TotalFreedom!
[16:48:01] [Client thread/INFO]: [CHAT] < wecklerie> what is that
[16:48:07] [Client thread/INFO]: [CHAT] ttcat1 left the game
[16:48:07] [Client thread/INFO]: [CHAT] < wecklerie> oh wait
[16:48:08] [Client thread/INFO]: [CHAT] < wecklerie> nvm
[16:48:11] [Client thread/INFO]: [CHAT] Panther has been a VERY naughty, naughty boy.
[16:48:11] [Client thread/INFO]: [CHAT] Banning: Panther, IP: 141.126.*.* - Reason: fake
[16:48:11] [Client thread/INFO]: [CHAT] Panther died
[16:48:11] [Client thread/INFO]: [CHAT] Panther left the game
[16:48:11] [Client thread/INFO]: [CHAT] < wecklerie> i read it wrong
[16:48:13] [Client thread/INFO]: [CHAT] < Xander> Lag spike?
[16:48:16] [Client thread/INFO]: [CHAT] * Admeda If i setup an elytra competition, how many of you would compete
[16:48:19] [Client thread/INFO]: [CHAT] < CommandsDude> Dows anyone know how to make mob chains?
[16:48:20] [Client thread/INFO]: [CHAT] < wecklerie> me
[16:48:28] [Client thread/INFO]: [CHAT] HerobrinesSon left the game
[16:48:40] [Client thread/INFO]: [CHAT] < Xander> i would cheat cuz i have elytra+ so NAAAAH
[16:48:41] [Client thread/INFO]: [CHAT] TheEpicMoney joined the game
[16:48:41] [Client thread/INFO]: [CHAT] Mafrans left the game
[16:48:48] [Client thread/INFO]: [CHAT] < wecklerie> laggidy gaggidy
[16:48:58] [Client thread/INFO]: [CHAT] VoidGod joined the game
[16:49:01] [Client thread/INFO]: [CHAT] [SA] <Admeda> Enchantments don't affect flight
[16:49:10] [Client thread/INFO]: [CHAT] < Xander> no enchantments
[16:49:21] [Client thread/INFO]: [CHAT] roxypup8 joined the game
[16:49:25] [Client thread/INFO]: [CHAT] Chaotrix has reached the goal [Sky's the Limit]
[16:49:27] [Client thread/INFO]: [CHAT] RCpilot joined the game
[16:49:27] [Client thread/INFO]: [CHAT] RCpilot left the game
[16:49:35] [Client thread/INFO]: [CHAT] <tmcyoda> how do you type colored letters
[16:49:38] [Client thread/INFO]: [CHAT] <tmcyoda> ?
[16:49:47] [Client thread/INFO]: [CHAT] < wecklerie> ,/einfo colors
[16:49:49] [Client thread/INFO]: [CHAT] eddo12321 left the game
[16:49:49] [Client thread/INFO]: [CHAT] <roxypup8> ./einfo
[16:49:53] [Client thread/INFO]: [CHAT] amougies - Opping all players on the server
[16:49:53] [Client thread/INFO]: [CHAT] You are now op!
[16:49:54] [Client thread/INFO]: [CHAT] <MR_K_BUILDER> betinasilva123 get in
[16:49:54] [Client thread/INFO]: [CHAT] VoidGod - Opping tmcyoda
[16:49:57] [Client thread/INFO]: [CHAT] <MinecraftMstr48> & <insert letter or number nextr to it>
[16:50:03] [Client thread/INFO]: [CHAT] <MinecraftMstr48> &a&lButts
[16:50:07] [Client thread/INFO]: [CHAT] <MinecraftMstr48> well then
[16:50:08] [Client thread/INFO]: [CHAT] <Brad_ZYX> can like 1 person join Zyxcraft.krash.net to test if my port forwarding works?
[16:50:09] [Client thread/INFO]: [CHAT] Brad_ZYX left the game
[16:50:11] [Client thread/INFO]: [CHAT] [SA] <Admeda> Use /me
[16:50:13] [Client thread/INFO]: [CHAT] MinecraftMstr48 - Opping MinecraftMstr48
[16:50:17] [Client thread/INFO]: [CHAT] *  wecklerie hola
[16:50:18] [Client thread/INFO]: [CHAT] <MinecraftMstr48> &a&lButts
[16:50:21] [Client thread/INFO]: [CHAT] *  wecklerie yeethola
[16:50:29] [Client thread/INFO]: [CHAT] TheEpicMoney left the game
[16:50:30] [Client thread/INFO]: [CHAT] *  wecklerie butta
[16:50:30] [Client thread/INFO]: [CHAT] [SA] <Admeda> How far have you guys flown on a non-firework elytra fly
[16:50:31] [Client thread/INFO]: [CHAT] roxypup8 fell from a high place
[16:50:32] [Client thread/INFO]: [CHAT] decyj145 joined the game
[16:50:34] [Client thread/INFO]: [CHAT] < decyj145> Connected with MineShit for iOS 11
[16:50:35] [Client thread/INFO]: [CHAT] * VoidGod hola
[16:50:36] [Client thread/INFO]: [CHAT] *  Xander &Ilol
[16:50:39] [Client thread/INFO]: [CHAT] < wecklerie> idfk
[16:50:40] [Client thread/INFO]: [CHAT] * MinecraftMstr48 Butt
[16:50:56] [Client thread/INFO]: [CHAT] <VoidGod> anyone have any kits i can have?
[16:50:59] [Client thread/INFO]: [CHAT] < wecklerie> sure
[16:51:01] [Client thread/INFO]: [CHAT] < wecklerie> tp here
[16:51:12] [Client thread/INFO]: [CHAT] <VoidGod> u have tp disabled
[16:51:15] [Client thread/INFO]: [CHAT] roxypup8 fell from a high place
[16:51:20] [Client thread/INFO]: [CHAT] < wecklerie> oh
[16:51:25] [Client thread/INFO]: [CHAT] EdibleAutism joined the game
[16:51:26] [Client thread/INFO]: [CHAT] [SA] <Admeda> 1407 blocks
[16:51:28] [Client thread/INFO]: [CHAT] roxypup8 fell from a high place
[16:51:31] [Client thread/INFO]: [CHAT] [SA] <Admeda> non-firework elytra fly
[16:51:35] [Client thread/INFO]: [CHAT] < EdibleAutism> op
[16:51:36] [Client thread/INFO]: [CHAT] SoundCzech joined the game
[16:51:39] [Client thread/INFO]: [CHAT] < wecklerie> white one is best kit
[16:51:43] [Client thread/INFO]: [CHAT] < wecklerie> yellow is for speed
[16:51:45] [Client thread/INFO]: [CHAT] < EdibleAutism> wtf
[16:51:52] [Client thread/INFO]: [CHAT] < wecklerie> blue is just keys and crap
[16:51:54] [Client thread/INFO]: [CHAT] EdibleAutism left the game
[16:52:02] [Client thread/INFO]: [CHAT] VoidGod has made the advancement [Hot Stuff]
[16:52:07] [Client thread/INFO]: [CHAT] <VoidGod> wow thanks
[16:52:14] [Client thread/INFO]: [CHAT] eddo12321 joined the game
[16:52:14] [Client thread/INFO]: [CHAT] ZeroEpoch1969 - Banning IP: 192.241.181.199
[16:52:17] [Client thread/INFO]: [CHAT] *  Chara_ is no longer AFK.
[16:52:19] [Client thread/INFO]: [CHAT] < woooejios> hey
[16:52:20] [Client thread/INFO]: [CHAT] ZeroEpoch1969 - Kicking Spqce
[16:52:20] [Client thread/INFO]: [CHAT] Spqce left the game
[16:52:29] [Client thread/INFO]: [CHAT] < woooejios> who am I?
[16:52:33] [Client thread/INFO]: [CHAT] Admeda - Cleaning all nicknames
[16:52:35] [Client thread/INFO]: [CHAT] <betinasilva123> como que fax isso
[16:52:40] [Client thread/INFO]: [CHAT] < Xander> huh
[16:52:41] [Client thread/INFO]: [CHAT] <roxypup8> Wecklerie
[16:52:44] [Client thread/INFO]: [CHAT] < wecklerie> ay
[16:52:49] [Client thread/INFO]: [CHAT] [SA] <Admeda> hi tmcyoda
[16:52:51] [Client thread/INFO]: [CHAT] <roxypup8> how do u make all these op items in azimuths shop
[16:52:53] [Client thread/INFO]: [CHAT] [SA] <Admeda> &k isn't allowed
[16:52:58] [Client thread/INFO]: [CHAT] < Xander> in nicks
[16:53:02] [Client thread/INFO]: [CHAT] < walalalloooya> ok
[16:53:06] [Client thread/INFO]: [CHAT] Wyvernflies joined the game
[16:53:07] [Client thread/INFO]: [CHAT] < wecklerie> what
[16:53:07] [Client thread/INFO]: [CHAT] < walalalloooya> hahahahaha
[16:53:07] [Client thread/INFO]: [CHAT] < Xander> neither tags
[16:53:08] [Client thread/INFO]: [CHAT] Admeda - Cleaning all nicknames
[16:53:11] [Client thread/INFO]: [CHAT] Wyvernflies left the game
[16:53:12] [Client thread/INFO]: [CHAT] < wecklerie> i make them with commands
[16:53:13] [Client thread/INFO]: [CHAT] tmcyoda has been a naughty, naughty boy.
[16:53:13] [Client thread/INFO]: [CHAT]   Smited by: Admeda
[16:53:13] [Client thread/INFO]: [CHAT] tmcyoda died
[16:53:14] [Client thread/INFO]: [CHAT] NotAnyone joined the game
[16:53:14] [Client thread/INFO]: [CHAT] Welcome NotAnyone to TotalFreedom!
[16:53:17] [Client thread/INFO]: [CHAT] [Server:Admeda] Stop using &.k
[16:53:22] [Client thread/INFO]: [CHAT] Admeda - Opping all players on the server
[16:53:22] [Client thread/INFO]: [CHAT] You are now op!
[16:53:26] [Client thread/INFO]: [CHAT] <VoidGod> how do u lock a box?
[16:53:27] [Client thread/INFO]: [CHAT] <eddo12321> tp for a minecart with a grass block inside
[16:53:30] [Client thread/INFO]: [CHAT] < wecklerie> idk
[16:53:31] [Client thread/INFO]: [CHAT] roxypup8 has made the advancement [Suit Up]
[16:53:31] [Client thread/INFO]: [CHAT] roxypup8 has made the advancement [Hot Stuff]
[16:53:35] [Client thread/INFO]: [CHAT] <roxypup8> Wecklerie
[16:53:37] [Client thread/INFO]: [CHAT] < Xander> admeda tp to me
[16:53:39] [Client thread/INFO]: [CHAT] <roxypup8> how do u make all these op items in azimuths shop
[16:53:44] [Client thread/INFO]: [CHAT] < weee> but I didnt
[16:53:44] [Client thread/INFO]: [CHAT] < wecklerie> what do you mean
[16:53:46] [Client thread/INFO]: [CHAT] < decyj145> Hi
[16:53:49] [Client thread/INFO]: [CHAT] < wecklerie> i dont get Azimuths shop
[16:53:53] [Client thread/INFO]: [CHAT] [SA] <Admeda> but you did
[16:53:55] [Client thread/INFO]: [CHAT] <roxypup8> at cloudnine
[16:53:59] [Client thread/INFO]: [CHAT] <roxypup8> the opitems shop
[16:54:01] [Client thread/INFO]: [CHAT] tmcyoda fell from a high place
[16:54:06] [Client thread/INFO]: [CHAT] <VoidGod> how do you unlock these boxel?
[16:54:08] [Client thread/INFO]: [CHAT] <VoidGod> boxes?
[16:54:13] [Client thread/INFO]: [CHAT] betinasilva123 left the game
[16:54:17] [Client thread/INFO]: [CHAT] B3AST joined the game
[16:54:20] [Client thread/INFO]: [CHAT] <VoidGod> Azimuth
[16:54:20] [Client thread/INFO]: [CHAT] NotAnyone left the game
[16:54:29] [Client thread/INFO]: [CHAT] <roxypup8> all these items say made by ou
[16:54:31] [Client thread/INFO]: [CHAT] <roxypup8> you
[16:54:34] [Client thread/INFO]: [CHAT] <roxypup8> wecklerie
[16:54:36] [Client thread/INFO]: [CHAT] < weee> I use a hacking client, It stops you from un-nicking me
[16:54:41] [Client thread/INFO]: [CHAT] Goldenkrew3000 joined the game
[16:54:49] [Client thread/INFO]: [CHAT] < weee> you can un-nick me
[16:54:51] [Client thread/INFO]: [CHAT] <VoidGod> HOW do i unlock these?!?!?!
[16:54:55] [Client thread/INFO]: [CHAT] * amougies is now AFK.
[16:54:56] [Client thread/INFO]: [CHAT] < weee> cant
[16:54:58] [Client thread/INFO]: [CHAT] [i|PokezTLG|i] < Chara_> test
[16:54:59] [Client thread/INFO]: [CHAT] <VoidGod> ye
[16:55:01] [Client thread/INFO]: [CHAT] <VoidGod> i did
[16:55:04] [Client thread/INFO]: [CHAT] eddo12321 left the game
[16:55:06] [Client thread/INFO]: [CHAT] <roxypup8> Wecklerie!
[16:55:24] [Client thread/INFO]: [CHAT] <roxypup8> Wecklerie..
[16:55:28] [Client thread/INFO]: [CHAT] mattlawn - Unbanning panther and IPs: 31.3.251.197
[16:55:34] [Client thread/INFO]: [CHAT] < weee> nope
[16:55:41] [Client thread/INFO]: [CHAT] Spqce joined the game
[16:55:42] [Client thread/INFO]: [CHAT] B3AST left the game
[16:55:43] [Client thread/INFO]: [CHAT] < weee> you didnt do it
[16:55:47] [Client thread/INFO]: [CHAT] < PinkPanther> bloody imposters
[16:55:48] [Client thread/INFO]: [CHAT] <VoidGod> it would be better if all of these things didn't hav eur name on them XD
[16:55:51] [Client thread/INFO]: [CHAT] tmcyoda fell from a high place
[16:55:55] [Client thread/INFO]: [CHAT] B3AST joined the game
[16:56:07] [Client thread/INFO]: [CHAT] AmplifiedCode joined the game
[16:56:09] [Client thread/INFO]: [CHAT] Chaotrix has made the advancement [Cover Me With Diamonds]
[16:56:18] [Client thread/INFO]: [CHAT] < decyj145> Hey Panther
[16:56:21] [Client thread/INFO]: [CHAT] AmplifiedCode left the game
[16:56:22] [Client thread/INFO]: [CHAT] Goldenkrew3000 left the game
[16:56:30] [Client thread/INFO]: [CHAT] < CommandsDude> I'm gonna make the Schindlers!!!
[16:56:40] [Client thread/INFO]: [CHAT] <VoidGod> Anyone else have any kits that i could have?
[16:56:46] [Client thread/INFO]: [CHAT] < CommandsDude> What?
[16:56:46] [Client thread/INFO]: [CHAT] <roxypup8> kit opitems
[16:56:50] [Client thread/INFO]: [CHAT] * Admeda What should I build
[16:57:01] [Client thread/INFO]: [CHAT] <VoidGod> a butt
[16:57:07] [Client thread/INFO]: [CHAT] <roxypup8> wecklerie!
[16:57:07] [Client thread/INFO]: [CHAT] < wecklerie> k im back
[16:57:12] [Client thread/INFO]: [CHAT] <MR_K_BUILDER> A butt i suck
[16:57:15] [Client thread/INFO]: [CHAT] < wecklerie> what
[16:57:18] [Client thread/INFO]: [CHAT] <roxypup8> how'd u make those items at cloud nine the OP ones
[16:57:26] [Client thread/INFO]: [CHAT] < wecklerie> i make them with commands
[16:57:30] [Client thread/INFO]: [CHAT] <roxypup8> richard_cs
[16:57:35] [Client thread/INFO]: [CHAT] xfilez is a Senior Admin
[16:57:35] [Client thread/INFO]: [CHAT] xfilez joined the game
[16:57:35] [Client thread/INFO]: [CHAT] <roxypup8> get out of invis
[16:57:42] [Client thread/INFO]: [CHAT] < wecklerie> ew its xfile
[16:57:45] [Client thread/INFO]: [CHAT] <roxypup8> what commads wecklerie
[16:57:47] [Client thread/INFO]: [CHAT] [SrA] < coolfilez> das memememe
[16:57:48] [Client thread/INFO]: [CHAT] < wecklerie> ,/ii
[16:57:48] [Client thread/INFO]: [CHAT] B3AST left the game
[16:57:48] [Client thread/INFO]: [CHAT] Goldenkrew3000 joined the game
[16:57:52] [Client thread/INFO]: [CHAT] <roxypup8> ok
[16:57:56] [Client thread/INFO]: [CHAT] T0PTylerJoseph is a Super Admin and Twenty One Pilots trash!
[16:57:56] [Client thread/INFO]: [CHAT] T0PTylerJoseph joined the game
[16:57:56] [Client thread/INFO]: [CHAT] < Xander> *inhales*its xfiles again
[16:58:22] [Client thread/INFO]: [CHAT] <VoidGod> CLOUT
[16:58:24] [Client thread/INFO]: [CHAT] <VoidGod> NINE
[16:58:25] [Client thread/INFO]: [CHAT] < CommandsDude> OOF
[16:58:28] [Client thread/INFO]: [CHAT] <VoidGod> clout nein
[16:58:32] [Client thread/INFO]: [CHAT] < CommandsDude> Cloud
[16:58:35] [Client thread/INFO]: [CHAT] Goldenkrew3000 died
[16:58:35] [Client thread/INFO]: [CHAT] Player Goldenkrew3000 took their own life.
[16:58:35] [Client thread/INFO]: [CHAT] <VoidGod> nein
[16:58:42] [Client thread/INFO]: [CHAT] betinasilva123 joined the game
[16:58:44] [Client thread/INFO]: [CHAT] [SA] <T0PTylerJoseph> nein nein nein nein nein nein nein nein
[16:58:49] [Client thread/INFO]: [CHAT] §bT0PTylerJoseph§r has made the advancement [We Need to Go Deeper]
[16:58:50] [Client thread/INFO]: [CHAT] DisignusBlocks joined the game
[16:58:53] [Client thread/INFO]: [CHAT] < wecklerie> noin
[16:58:54] [Client thread/INFO]: [CHAT] <VoidGod> clout clout clout clout clout clout
[16:58:59] [Client thread/INFO]: [CHAT] < FriedDilds> nein
[16:59:00] [Client thread/INFO]: [CHAT] [SA] <T0PTylerJoseph> thats what she said
[16:59:04] [Client thread/INFO]: [CHAT] Deathboymaster joined the game
[16:59:07] [Client thread/INFO]: [CHAT] <VoidGod> lemme smash
[16:59:10] [Client thread/INFO]: [CHAT] < wecklerie> did anyone watch jumanji
[16:59:16] [Client thread/INFO]: [CHAT] <VoidGod> no
[16:59:20] [Client thread/INFO]: [CHAT] < Xander> nope.
[16:59:24] [Client thread/INFO]: [CHAT] <VoidGod> imma spoil the star wars movie
[16:59:27] [Client thread/INFO]: [CHAT] <VoidGod> for all of you
[16:59:30] [Client thread/INFO]: [CHAT] <VoidGod> >:D
[16:59:31] [Client thread/INFO]: [CHAT] < weee> if you want, i can clone this server as me an admin
[16:59:33] [Client thread/INFO]: [CHAT] Admeda - Muting VoidGod
[16:59:40] [Client thread/INFO]: [CHAT] < wecklerie> good job admeda
[16:59:40] [Client thread/INFO]: [CHAT] [Server:Admeda] please don't.
[16:59:42] [Client thread/INFO]: [CHAT] decyj145 left the game
[16:59:43] [Client thread/INFO]: [CHAT] Admeda - Unmuting all players.
[16:59:44] [Client thread/INFO]: [CHAT] < UnholySpirity> thats what you get
[16:59:45] [Client thread/INFO]: [CHAT] <VideoGameSmash12> oh great
[16:59:47] [Client thread/INFO]: [CHAT] <VoidGod> XD
[16:59:51] [Client thread/INFO]: [CHAT] <VideoGameSmash12> it's voidgod
[16:59:53] [Client thread/INFO]: [CHAT] < wecklerie> imma spoil...
[16:59:53] [Client thread/INFO]: [CHAT] T0PTylerJoseph left the game
[16:59:54] [Client thread/INFO]: [CHAT] < weee> ok fine
[16:59:55] [Client thread/INFO]: [CHAT] < wecklerie> your milk
[17:00:00] [Client thread/INFO]: [CHAT] <roxypup8> oooooooh rosed
[17:00:02] [Client thread/INFO]: [CHAT] <roxypup8> rosted
[17:00:05] [Client thread/INFO]: [CHAT] <VoidGod> what's wrong with me?
[17:00:05] [Client thread/INFO]: [CHAT] [SA] <Admeda> rosted
[17:00:08] [Client thread/INFO]: [CHAT] <roxypup8> yes
[17:00:09] [Client thread/INFO]: [CHAT] < wecklerie> rostes*
[17:00:11] [Client thread/INFO]: [CHAT] <roxypup8> very burned
[17:00:11] [Client thread/INFO]: [CHAT] Eternal < UnholySpirit> nothing
[17:00:13] [Client thread/INFO]: [CHAT] <roxypup8> burnted
[17:00:14] [Client thread/INFO]: [CHAT] [SA] <Admeda> rostes
[17:00:18] [Client thread/INFO]: [CHAT] <roxypup8> RostesChicken
[17:00:20] [Client thread/INFO]: [CHAT] <roxypup8> rostedh
[17:00:22] [Client thread/INFO]: [CHAT] < Xander> rostes xd
[17:00:24] [Client thread/INFO]: [CHAT] [SA] <Admeda> rosted.
[17:00:25] [Client thread/INFO]: [CHAT] < wecklerie> rosimetie chikent
[17:00:27] [Client thread/INFO]: [CHAT] <roxypup8> u just got roooooosted
[17:00:29] [Client thread/INFO]: [CHAT] <roxypup8> boidsad
[17:00:30] [Client thread/INFO]: [CHAT] <VoidGod> "oh great" "it's voidgod" ??? (wtf)
[17:00:32] [Client thread/INFO]: [CHAT] Eternal < UnholySpirit> hostess
[17:00:34] [Client thread/INFO]: [CHAT] < Xander> isnt it Roasted xd
[17:00:37] [Client thread/INFO]: [CHAT] <VideoGameSmash12> you're the fucker who made a warp that had a cross on it and promoted it for people that "need jesus".
[17:00:37] [Client thread/INFO]: [CHAT] <roxypup8> no
[17:00:39] [Client thread/INFO]: [CHAT] <roxypup8> tits rostless
[17:00:45] [Client thread/INFO]: [CHAT] < Xander> Roadsted
[17:00:45] [Client thread/INFO]: [CHAT] < weee> want to see me?
[17:00:45] [Client thread/INFO]: [CHAT] <VoidGod> hey
[17:00:48] [Client thread/INFO]: [CHAT] Eternal < UnholySpirit> kimi na yo kim nandayou oshiete fureta
[17:00:50] [Client thread/INFO]: [CHAT] <roxypup8> ROadsidetest
[17:00:52] [Client thread/INFO]: [CHAT] <VoidGod> i don't like to be called a fucker
[17:01:00] [Client thread/INFO]: [CHAT] [SA] <Admeda> ok
[17:01:02] [Client thread/INFO]: [CHAT] Eternal < UnholySpirit> ok
[17:01:06] [Client thread/INFO]: [CHAT] Eternal < UnholySpirit> fu-
[17:01:06] [Client thread/INFO]: [CHAT] <VideoGameSmash12> I don't like people who make offensive jokes
[17:01:11] [Client thread/INFO]: [CHAT] <VoidGod> i don't like you
[17:01:19] [Client thread/INFO]: [CHAT] [SA] <Admeda> i don't like you
[17:01:27] [Client thread/INFO]: [CHAT] Eternal < UnholySpirit> ha
[17:01:28] [Client thread/INFO]: [CHAT] < wecklerie> laggidy
[17:01:30] [Client thread/INFO]: [CHAT] Akaie_Red joined the game
[17:01:30] [Client thread/INFO]: [CHAT] roxypup8 was automatically kicked for spamming chat.
[17:01:30] [Client thread/INFO]: [CHAT] roxypup8 was automatically kicked for spamming chat.
[17:01:30] [Client thread/INFO]: [CHAT] roxypup8 was automatically kicked for spamming chat.
[17:01:30] [Client thread/INFO]: [CHAT] roxypup8 was automatically kicked for spamming chat.
[17:01:30] [Client thread/INFO]: [CHAT] roxypup8 was automatically kicked for spamming chat.
[17:01:30] [Client thread/INFO]: [CHAT] roxypup8 was automatically kicked for spamming chat.
[17:01:30] [Client thread/INFO]: [CHAT] roxypup8 has been banned for 5 minutes.
[17:01:30] [Client thread/INFO]: [CHAT] roxypup8 left the game
[17:01:30] [Client thread/INFO]: [CHAT] roxypup8 has been banned for 10 minutes.
[17:01:30] [Client thread/INFO]: [CHAT] roxypup8 has been banned.
[17:01:30] [Client thread/INFO]: [CHAT] roxypup8 has been banned.
[17:01:30] [Client thread/INFO]: [CHAT] roxypup8 has been banned.
[17:01:30] [Client thread/INFO]: [CHAT] roxypup8 has been banned.
[17:01:31] [Client thread/INFO]: [CHAT] <VideoGameSmash12> i like admeda (not in the homo sense)
[17:01:31] [Client thread/INFO]: [CHAT] CoreProtect - Finishing up data logging. Please wait...
[17:01:31] [Client thread/INFO]: [CHAT] irix left the game
[17:01:31] [Client thread/INFO]: [CHAT] amougies left the game
[17:01:31] [Client thread/INFO]: [CHAT] sequal11 left the game
[17:01:31] [Client thread/INFO]: [CHAT] richard_cs left the game
[17:01:31] [Client thread/INFO]: [CHAT] MrT_Builder left the game
[17:01:31] [Client thread/INFO]: [CHAT] MR_K_BUILDER left the game
[17:01:31] [Client thread/INFO]: [CHAT] planetaryy left the game
[17:01:31] [Client thread/INFO]: [CHAT] Emphacks left the game
[17:01:31] [Client thread/INFO]: [CHAT] Sheldy888 left the game
[17:01:31] [Client thread/INFO]: [CHAT] ZeroEpoch1969 left the game
[17:01:31] [Client thread/INFO]: [CHAT] Wecklerie left the game
[17:01:31] [Client thread/INFO]: [CHAT] HollyJollyRacher left the game
[17:01:31] [Client thread/INFO]: [CHAT] PokezTLG left the game
[17:01:31] [Client thread/INFO]: [CHAT] Chaotrix left the game
[17:01:31] [Client thread/INFO]: [CHAT] PinkyPoo374 left the game
[17:01:36] [Client thread/INFO]: Connecting to play.totalfreedom.me., 25565
[17:01:45] [Client thread/INFO]: Connecting to play.totalfreedom.me., 25565
[17:02:37] [Client thread/INFO]: Connecting to play.totalfreedom.me., 25565
[17:02:37] [Client thread/INFO]: [CHAT] [LibsDisguises] There is a update ready to be downloaded! You are using v9.4.0-SNAPSHOT, the new version is v9.5.0!
[17:02:37] [Client thread/INFO]: [CHAT] VideoGameSmash12 joined the game
[17:02:38] [Client thread/INFO]: [CHAT] [BetterChairs] Find new update ! Version: 0.9.5
[17:02:38] [Client thread/INFO]: [CHAT] [UPDATE]
[17:02:38] [Client thread/INFO]: [CHAT] Welcome to TotalFreedom, VideoGameSmash12!
[17:02:38] [Client thread/INFO]: [CHAT] The server's name does not imply that we have no rules. Please read them (/rules)
[17:02:38] [Client thread/INFO]: [CHAT] Type /help for a list of commands.
[17:02:38] [Client thread/INFO]: [CHAT] Type /list to see who else is online.
[17:02:38] [Client thread/INFO]: [CHAT] Players online: 11 - World time: 12:00 PM
[17:02:38] [Client thread/INFO]: [CHAT] You have no new mail.
[17:02:38] [Client thread/INFO]: [CHAT] [AsyncWorldEdit] You have an old version of the plugin. Your version: 2.3.3, available version: 3.4.11
[17:02:39] [Client thread/INFO]: [CHAT] <VideoGameSmash12> what
[17:02:41] [Client thread/INFO]: [CHAT] <VideoGameSmash12> the fuck
[17:02:46] [Client thread/INFO]: [CHAT] TheEpicMoney joined the game
[17:02:50] [Client thread/INFO]: [CHAT] <VideoGameSmash12> what the hell happened?
[17:02:51] [Client thread/INFO]: [CHAT] richard_cs joined the game
[17:02:57] [Client thread/INFO]: [CHAT] <VoidGod> sever closed dumbass
[17:02:59] [Client thread/INFO]: [CHAT] < Xander> a plugin updated i thoink
[17:03:01] [Client thread/INFO]: [CHAT] <VideoGameSmash12> Dumbass?
[17:03:02] [Client thread/INFO]: [CHAT] [SA] <Admeda> no duh
[17:03:04] [Client thread/INFO]: [CHAT] <VideoGameSmash12> Excuse me?
[17:03:08] [Client thread/INFO]: [CHAT] <VoidGod> XD
[17:03:31] [Client thread/INFO]: [CHAT] <VoidGod> i mean... u called me a fucker so... excuse yourself
[17:03:33] [Client thread/INFO]: [CHAT] <VideoGameSmash12> I did call you a "fucker", but does that give you the right to call me dumb?
[17:03:40] [Client thread/INFO]: [CHAT] <VideoGameSmash12> It makes you no better than me
[17:03:47] [Client thread/INFO]: [CHAT] TheEpicMoney left the game
[17:03:49] [Client thread/INFO]: [CHAT] Wecklerie joined the game
[17:03:53] [Client thread/INFO]: [CHAT] <VoidGod> i didn't call you anything, and that gives you no right to call me anything XD
[17:03:53] [Client thread/INFO]: [CHAT] *  wecklerie https://www.youtube.com/watch?v=ly3NNdeSjZ0
[17:04:01] [Client thread/INFO]: [CHAT] <VoidGod> when u called me a fucker
[17:04:05] [Client thread/INFO]: [CHAT] <VideoGameSmash12> You called me a "dumbass".
[17:04:09] [Client thread/INFO]: [CHAT] decyj145 joined the game
[17:04:09] [Client thread/INFO]: [CHAT] <betinasilva123> qlist [-a ;
[17:04:10] [Client thread/INFO]: [CHAT] <VoidGod> so....
[17:04:11] [Client thread/INFO]: [CHAT] < decyj145> Connected with MineShit for iOS 11
[17:04:18] [Client thread/INFO]: [CHAT] [SrA] < coolfilez> Weck noooo
[17:04:23] [Client thread/INFO]: [CHAT] < decyj145> xfilez
[17:04:28] [Client thread/INFO]: [CHAT] < decyj145> what’s your new login msg
[17:04:31] [Client thread/INFO]: [CHAT] [SrA] < coolfilez> nothing
[17:04:34] [Client thread/INFO]: [CHAT] < wecklerie> im gonna make a new kit. any ideas on what i should call/theme it?
[17:04:42] [Client thread/INFO]: [CHAT] PokezTLG joined the game
[17:04:42] [Client thread/INFO]: [CHAT] <VoidGod> end kit
[17:04:45] [Client thread/INFO]: [CHAT] <VoidGod> or nether
[17:04:45] [Client thread/INFO]: [CHAT] < decyj145> You seriously aren’t showing off your new role?
[17:04:48] [Client thread/INFO]: [CHAT] <VoidGod> no
[17:04:49] [Client thread/INFO]: [CHAT] [SA] <Admeda> Deadbush kit?
[17:04:51] [Client thread/INFO]: [CHAT] <VoidGod> satan kit
[17:04:52] [Client thread/INFO]: [CHAT] < wecklerie> wtf
[17:04:54] [Client thread/INFO]: [CHAT] [SA] <Admeda> Noob kit?
[17:05:03] [Client thread/INFO]: [CHAT] <VideoGameSmash12> https://cdn.discordapp.com/attachments/314914103153917956/397540714742939658/unknown.png
[17:05:05] [Client thread/INFO]: [CHAT] [SrA] < coolfilez> showing off? What's the point in that? xD
[17:05:08] [Client thread/INFO]: [CHAT] < wecklerie> make better ideas
[17:05:11] [Client thread/INFO]: [CHAT] < wecklerie> better names
[17:05:12] [Client thread/INFO]: [CHAT] <VideoGameSmash12> totally didn't call me anything
[17:05:13] [Client thread/INFO]: [CHAT] Danhelo joined the game
[17:05:13] [Client thread/INFO]: [CHAT] Welcome Danhelo to TotalFreedom!
[17:05:22] [Client thread/INFO]: [CHAT] < Xander> hoi admeda
[17:05:30] [Client thread/INFO]: [CHAT] < admedaa> hoi
[17:05:30] [Client thread/INFO]: [CHAT] < Chara_> wats with the z at the end of every admin name
[17:05:31] [Client thread/INFO]: [CHAT] < decyj145> “bitches I’m the new assistant executive creative designer get it up your arses”
[17:05:36] [Client thread/INFO]: [CHAT] Luigiteam joined the game
[17:05:36] [Client thread/INFO]: [CHAT] Welcome Luigiteam to TotalFreedom!
[17:05:39] [Client thread/INFO]: [CHAT] < Xander> this is what i meant by "Cheating"
[17:05:48] [Client thread/INFO]: [CHAT] < Chara_> XD
[17:05:48] [Client thread/INFO]: [CHAT] PokezTLG left the game
[17:05:49] [Client thread/INFO]: [CHAT] [SA] <Admeda> oh
[17:05:51] [Client thread/INFO]: [CHAT] [SA] <Admeda> ok
[17:05:51] [Client thread/INFO]: [CHAT] [SrA] < coolfilez> I get what you're saying but, meh
[17:05:51] [Client thread/INFO]: [CHAT] <Danhelo> who destroyed spawn
[17:06:00] [Client thread/INFO]: [CHAT] <Danhelo> may i get op? sorry
[17:06:03] [Client thread/INFO]: [CHAT] Admeda - Opping all players on the server
[17:06:03] [Client thread/INFO]: [CHAT] You are now op!
[17:06:03] [Client thread/INFO]: [CHAT] <VideoGameSmash12> can i just say one thing though?
[17:06:07] [Client thread/INFO]: [CHAT] < decyj145> do it before I ddos your toaster
[17:06:08] [Client thread/INFO]: [CHAT] ttcat1 joined the game
[17:06:09] [Client thread/INFO]: [CHAT] PokezTLG joined the game
[17:06:10] [Client thread/INFO]: [CHAT] <VideoGameSmash12> why are we letting savnith back on the server
[17:06:13] [Client thread/INFO]: [CHAT] < ttcat1> BACC
[17:06:14] [Client thread/INFO]: [CHAT] T0PTylerJoseph is a Super Admin and Twenty One Pilots trash!
[17:06:14] [Client thread/INFO]: [CHAT] T0PTylerJoseph joined the game
[17:06:22] [Client thread/INFO]: [CHAT] Doctor_Chicken joined the game
[17:06:22] [Client thread/INFO]: [CHAT] Welcome  Doc to TotalFreedom!
[17:06:24] [Client thread/INFO]: [CHAT] <VideoGameSmash12> he has no reason to be here
[17:06:25] [Client thread/INFO]: [CHAT] [SrA] < coolfilez> DDoS my toaster
[17:06:25] [Client thread/INFO]: [CHAT] [SAD] <VoidGod> :'(
[17:06:26] [Client thread/INFO]: [CHAT] [SrA] < coolfilez> do it
[17:06:27] [Client thread/INFO]: [CHAT] [SrA] < coolfilez> you won't
[17:06:31] [Client thread/INFO]: [CHAT] < decyj145> I will
[17:06:38] [Client thread/INFO]: [CHAT] [SrA] < coolfilez> you won't I know it
[17:06:40] [Client thread/INFO]: [CHAT] [SAD] <VoidGod> is this tag pushing it?
[17:06:41] [Client thread/INFO]: [CHAT] <VideoGameSmash12> ./ddus xfilezstoaster
[17:06:42] [Client thread/INFO]: [CHAT] < Xander> Admeda
[17:06:45] [Client thread/INFO]: [CHAT] < decyj145> True
[17:06:45] [Client thread/INFO]: [CHAT] Danhelo left the game
[17:06:46] [Client thread/INFO]: [CHAT] < decyj145> brb
[17:06:47] [Client thread/INFO]: [CHAT] < Chara_> that sounds oddly scary
[17:06:48] [Client thread/INFO]: [CHAT] [SrA] < coolfilez> holy fucking shit video id it
[17:06:49] [Client thread/INFO]: [CHAT] [SA] <Admeda> ?
[17:06:50] [Client thread/INFO]: [CHAT] Luigiteam left the game
[17:06:52] [Client thread/INFO]: [CHAT] < CommandsDude> NIO
[17:06:53] [Client thread/INFO]: [CHAT] < CommandsDude> NO
[17:06:54] [Client thread/INFO]: [CHAT] [CONSOLE]<DNACactus> hi
[17:06:54] [Client thread/INFO]: [CHAT] < wecklerie> "dus"
[17:06:55] [Client thread/INFO]: [CHAT] [SA] <Admeda> (:
[17:06:57] [Client thread/INFO]: [CHAT] Whoosh!
[17:07:02] [Client thread/INFO]: [CHAT] Spqce joined the game
[17:07:02] [Client thread/INFO]: [CHAT] < Xander> look at le enchants
[17:07:02] [Client thread/INFO]: [CHAT] [SA] <Admeda> put into ec
[17:07:03] [Client thread/INFO]: [CHAT] Whoosh!
[17:07:03] [Client thread/INFO]: [CHAT] [SAD] <VoidGod> im not SA im SAD :'(
[17:07:05] [Client thread/INFO]: [CHAT] Whoosh!
[17:07:10] [Client thread/INFO]: [CHAT] [SAD] <VoidGod> darkness my old friend......
[17:07:12] [Client thread/INFO]: [CHAT] < Chara_> XD
[17:07:16] [Client thread/INFO]: [CHAT] < CommandsDude> Brodokoffbog!
[17:07:19] [Client thread/INFO]: [CHAT] [SAD] <VoidGod> bork
[17:07:22] [Client thread/INFO]: [CHAT] < CommandsDude> Poop
[17:07:24] [Client thread/INFO]: [CHAT] < CommandsDude> OOF
[17:07:26] [Client thread/INFO]: [CHAT] < PinkPanther> baerk
[17:07:28] [Client thread/INFO]: [CHAT] < Doc> hey VoidGod
[17:07:31] [Client thread/INFO]: [CHAT] [SAG] < wecklerie> better
[17:07:33] [Client thread/INFO]: [CHAT] [SAD] <VoidGod> hey what
[17:07:35] [Client thread/INFO]: [CHAT] < decyj145> Panther
[17:07:36] [Client thread/INFO]: [CHAT] DisignusBlocks joined the game
[17:07:37] [Client thread/INFO]: [CHAT] < Doc> ever consider visiting sky city?
[17:07:38] [Client thread/INFO]: [CHAT] < PinkPanther> hm?
[17:07:41] [Client thread/INFO]: [CHAT] < Doc> it's real nice
[17:07:42] [Client thread/INFO]: [CHAT] < decyj145> Hi
[17:07:44] [Client thread/INFO]: [CHAT] < PinkPanther> Hey
[17:07:44] [Client thread/INFO]: [CHAT] < CommandsDude> SPOINK!!! MM! EEEE!
[17:07:44] [Client thread/INFO]: [CHAT] < UnholySpirit> admins
[17:07:45] [Client thread/INFO]: [CHAT] [SAD] <VoidGod> im considering it now
[17:07:47] [Client thread/INFO]: [CHAT] < UnholySpirit> can you help me
[17:07:48] [Client thread/INFO]: [CHAT] [CONSOLE]<DNACactus> hey decy
[17:07:48] [Client thread/INFO]: [CHAT] VideoGameSmash12 hugs  PinkPanther
[17:07:51] [Client thread/INFO]: [CHAT] [SAD] <VoidGod> how do i get there
[17:07:52] [Client thread/INFO]: [CHAT] < UnholySpirit> hey ryan
[17:07:52] [Client thread/INFO]: [CHAT] Teleporting to top.
[17:07:55] [Client thread/INFO]: [CHAT] < Doc> ./warp skycity
[17:07:57] [Client thread/INFO]: [CHAT] < CommandsDude> Let's go to the Schindlers!!
[17:07:58] [Client thread/INFO]: [CHAT] < UnholySpirit> get on!!!
[17:08:05] [Client thread/INFO]: [CHAT] < decyj145> Cacuts my main man
[17:08:08] [Client thread/INFO]: [CHAT] [CONSOLE]<DNACactus> I have to go in 1 hour lol
[17:08:10] [Client thread/INFO]: [CHAT] < CommandsDude> new elevator installed!
[17:08:10] [Client thread/INFO]: [CHAT] [SAD] <VoidGod> i did /warp thot
[17:08:11] [Client thread/INFO]: [CHAT] 2cooljoshua joined the game
[17:08:18] [Client thread/INFO]: [CHAT] < decyj145> Cacuts
[17:08:19] [Client thread/INFO]: [CHAT] < UnholySpirit> admeda
[17:08:21] [Client thread/INFO]: [CHAT] [SAD] <VoidGod> i think this is sky city tho XD
[17:08:21] [Client thread/INFO]: [CHAT] [SA] <Admeda> ?
[17:08:24] [Client thread/INFO]: [CHAT] [CONSOLE]<DNACactus> hi
[17:08:25] [Client thread/INFO]: [CHAT] [What's up] < Doc> it is
[17:08:25] [Client thread/INFO]: [CHAT] < UnholySpirit> can you help me stack this
[17:08:26] [Client thread/INFO]: [CHAT] < decyj145> Get your ass down from telnet heaven
[17:08:27] [Client thread/INFO]: [CHAT] Akira___Kurusu joined the game
[17:08:28] [Client thread/INFO]: [CHAT] [SAD] <VoidGod> xD
[17:08:28] [Client thread/INFO]: [CHAT] sequal11 joined the game
[17:08:32] [Client thread/INFO]: [CHAT] [CONSOLE]<DNACactus> fine
[17:08:34] [Client thread/INFO]: [CHAT] DNACactus is an Impostor
[17:08:34] [Client thread/INFO]: [CHAT] Warning: DNACactus has been flagged as an impostor and has been frozen!
[17:08:34] [Client thread/INFO]: [CHAT] DNACactus joined the game
[17:08:38] [Client thread/INFO]: [CHAT] [CONSOLE]<DNACactus> lol rip
[17:08:41] [Client thread/INFO]: [CHAT] [What's up] < Doc> heck
[17:08:41] [Client thread/INFO]: [CHAT] DNACactus - Readding DNACactus to the admin list
[17:08:46] [Client thread/INFO]: [CHAT] DNACactus left the game
[17:08:46] [Client thread/INFO]: [CHAT] DNACactus is a Tel[buffering]net A[buffering]dmin
[17:08:46] [Client thread/INFO]: [CHAT] DNACactus joined the game
[17:08:48] [Client thread/INFO]: [CHAT] Eternal < UnholySpirit> welcome
[17:08:49] [Client thread/INFO]: [CHAT] < decyj145> I find that funny you’re on telnet and you’re still flagged as imposter
[17:08:49] [Client thread/INFO]: [CHAT] Tyrus_46 joined the game
[17:08:49] [Client thread/INFO]: [CHAT] Welcome Tyrus_46 to TotalFreedom!
[17:08:53] [Client thread/INFO]: [CHAT] <Tyrus_46> Hello
[17:09:00] [Client thread/INFO]: [CHAT] [STA] <DNACactus> yeah that happens often
[17:09:03] [Client thread/INFO]: [CHAT] PinkyPoo374 left the game
[17:09:03] [Client thread/INFO]: [CHAT] DNACactus - Opping all players on the server
[17:09:03] [Client thread/INFO]: [CHAT] You are now op!
[17:09:04] [Client thread/INFO]: [CHAT] [SA] <Admeda> What's the current dominant town?
[17:09:06] [Client thread/INFO]: [CHAT] PinkyPoo374 joined the game
[17:09:07] [Client thread/INFO]: [CHAT] Eternal < UnholySpirit> ryan can you stack this for ma
[17:09:10] [Client thread/INFO]: [CHAT] [SAD] <VoidGod> WEED
[17:09:13] [Client thread/INFO]: [CHAT] [STA] <DNACactus> Admeda Adminworld
[17:09:15] [Client thread/INFO]: [CHAT] Eternal < UnholySpirit> disignus town
[17:09:21] [Client thread/INFO]: [CHAT] Eternal < UnholySpirit> and
[17:09:23] [Client thread/INFO]: [CHAT] [SA] <Admeda> adminworld is a world not a town
[17:09:25] [Client thread/INFO]: [CHAT] 2cooljoshua left the game
[17:09:29] [Client thread/INFO]: [CHAT] Eternal < UnholySpirit> galagher town!
[17:09:29] [Client thread/INFO]: [CHAT] [SrA] < coolfilez> *Admintown
[17:09:31] [Client thread/INFO]: [CHAT] < PinkPanther> admin town
[17:09:34] [Client thread/INFO]: [CHAT] [STA] <DNACactus> admintown then
[17:09:35] [Client thread/INFO]: [CHAT] [SA] <Admeda> eeee
[17:09:37] [Client thread/INFO]: [CHAT] [SAG] < wecklerie> &8&l[&f&lMade by &b&lWecklerie&8&l]
[17:09:40] [Client thread/INFO]: [CHAT] [SrA] < coolfilez> ,/admintown
[17:09:42] [Client thread/INFO]: [CHAT] [SAG] < wecklerie> that was test
[17:09:47] [Client thread/INFO]: [CHAT] <betinasilva123> oi
[17:09:48] [Client thread/INFO]: [CHAT] Eternal < UnholySpirit> filexz
[17:09:51] [Client thread/INFO]: [CHAT] [SrA] < coolfilez> das me
[17:09:52] [Client thread/INFO]: [CHAT] Eternal < UnholySpirit> hey ryannnnn
[17:10:04] [Client thread/INFO]: [CHAT] [STA] <DNACactus> who's ryannnnn
[17:10:04] [Client thread/INFO]: [CHAT] PipPet joined the game
[17:10:04] [Client thread/INFO]: [CHAT] [SA] <Admeda> is it time for a new town?
[17:10:04] [Client thread/INFO]: [CHAT] [SrA] < coolfilez> Oh wait
[17:10:04] [Client thread/INFO]: [CHAT] < ttcat1> lag
[17:10:10] [Client thread/INFO]: [CHAT] [STA] <DNACactus> well fuck
[17:10:11] [Client thread/INFO]: [CHAT] Eternal < UnholySpirit> admeda
[17:10:13] [Client thread/INFO]: [CHAT] [SA] <Admeda> ?
[17:10:19] [Client thread/INFO]: [CHAT] < Pip> herro
[17:10:20] [Client thread/INFO]: [CHAT] Eternal < UnholySpirit> wanna co own galagher town?
[17:10:22] [Client thread/INFO]: [CHAT] [SAD] <VoidGod> Wecklerie i have ur blood D:
[17:10:22] [Client thread/INFO]: [CHAT] GabrielJp joined the game
[17:10:23] [Client thread/INFO]: [CHAT] Welcome GabrielJp to TotalFreedom!
[17:10:25] [Client thread/INFO]: [CHAT] [SA] <Admeda> uh
[17:10:27] [Client thread/INFO]: [CHAT] < Xander> Admeda Here another item xd
[17:10:28] [Client thread/INFO]: [CHAT] xfilez - Setting personal login message
[17:10:28] [Client thread/INFO]: [CHAT] < Pip> Could someone add me ? I'll veridy
[17:10:32] [Client thread/INFO]: [CHAT] Eternal < UnholySpirit> because why the hell not
[17:10:34] [Client thread/INFO]: [CHAT] < Pip> verify
[17:10:39] [Client thread/INFO]: [CHAT] < decyj145> xfilez
[17:10:40] [Client thread/INFO]: [CHAT] [SAD] <VoidGod> eeeeeek
[17:10:43] [Client thread/INFO]: [CHAT] < decyj145> are you showing off now
[17:10:44] [Client thread/INFO]: [CHAT] [SAD] <VoidGod> bloooooood
[17:10:45] [Client thread/INFO]: [CHAT] *  ttcat1 is now AFK.
[17:10:48] [Client thread/INFO]: [CHAT] xfilez - Setting personal login message
[17:10:49] [Client thread/INFO]: [CHAT] [SAK] < Chara_> anybody here good at w/e copypasta?
[17:10:51] [Client thread/INFO]: [CHAT] < Pip> verfieddddd
[17:10:55] [Client thread/INFO]: [CHAT] [SA] <Admeda> where is galagher town
[17:10:57] [Client thread/INFO]: [CHAT] xfilez - Setting personal login message
[17:11:00] [Client thread/INFO]: [CHAT] [SAD] <VoidGod> impasta
[17:11:01] [Client thread/INFO]: [CHAT] Eternal < UnholySpirit> it's non existant
[17:11:02] [Client thread/INFO]: [CHAT] Spqce left the game
[17:11:03] [Client thread/INFO]: [CHAT] [STA] <DNACactus> somewhere in TF obviously
[17:11:03] [Client thread/INFO]: [CHAT] xfilez left the game
[17:11:04] [Client thread/INFO]: [CHAT] [SAK] < Chara_> i ned halp
[17:11:06] [Client thread/INFO]: [CHAT] xfilez is a Senior Admin and it's my birthday so get amongst it
[17:11:06] [Client thread/INFO]: [CHAT] xfilez joined the game
[17:11:06] [Client thread/INFO]: [CHAT] < decyj145> I’m an impasta
[17:11:11] [Client thread/INFO]: [CHAT] *  ttcat1 is no longer AFK.
[17:11:13] [Client thread/INFO]: [CHAT] [STA] <DNACactus> it's your birthday?
[17:11:16] [Client thread/INFO]: [CHAT] [SrA] < coolfilez> Yeah
[17:11:17] [Client thread/INFO]: [CHAT] [SrA] < coolfilez> woot
[17:11:18] [Client thread/INFO]: [CHAT] [SA] <Admeda> I want a town with a twist.
[17:11:18] [Client thread/INFO]: [CHAT] [SAD] <VoidGod> im spaghetti
[17:11:18] [Client thread/INFO]: [CHAT] < decyj145> xfilez you had me excited
[17:11:20] [Client thread/INFO]: [CHAT] Eternal < UnholySpirit> xfilez
[17:11:21] [Client thread/INFO]: [CHAT] [SrA] < coolfilez> nah
[17:11:22] [Client thread/INFO]: [CHAT] Eternal < UnholySpirit> das me
[17:11:22] [Client thread/INFO]: [CHAT] [SrA] < coolfilez> xD
[17:11:28] [Client thread/INFO]: [CHAT] [SrA] < coolfilez> xfilez das me
[17:11:28] [Client thread/INFO]: [CHAT] < decyj145> Filez
[17:11:29] [Client thread/INFO]: [CHAT] [SAD] <VoidGod> i have a twist
[17:11:33] [Client thread/INFO]: [CHAT] < decyj145> do you like me
[17:11:34] [Client thread/INFO]: [CHAT] < Xander> y
[17:11:34] [Client thread/INFO]: [CHAT] [SrA] < coolfilez> whats chilling
[17:11:38] [Client thread/INFO]: [CHAT] [SrA] < coolfilez> I am now one year older
[17:11:39] [Client thread/INFO]: [CHAT] [SA] <Admeda> Should Galaghertown be in the natureworld or end?
[17:11:40] [Client thread/INFO]: [CHAT] Eternal < UnholySpirit> cooler
[17:11:41] [Client thread/INFO]: [CHAT] [SrA] < coolfilez> than I was yesterday
[17:11:41] [Client thread/INFO]: [CHAT] [SAG] < wecklerie> i should make a god admin kit, with the items from the original admin kit, but overpower the items
[17:11:44] [Client thread/INFO]: [CHAT] [SA] <T0PTylerJoseph> cool filz
[17:11:45] [Client thread/INFO]: [CHAT] [SA] <T0PTylerJoseph> fuck
[17:11:47] [Client thread/INFO]: [CHAT] PokezTLG left the game
[17:11:49] [Client thread/INFO]: [CHAT] Eternal < UnholySpirit> you're one year closer to death
[17:11:49] [Client thread/INFO]: [CHAT] [STA] <DNACactus> you're also closer to death than ever before
[17:11:50] [Client thread/INFO]: [CHAT] [SrA] < coolfilez> toocoolfilez
[17:12:00] [Client thread/INFO]: [CHAT] Eternal < UnholySpirit> .annoy???? DNACactus
[17:12:03] [Client thread/INFO]: [CHAT] Akira___Kurusu left the game
[17:12:03] [Client thread/INFO]: [CHAT] [SrA] < coolfilez> Well if you wanna take a look down that road
[17:12:04] [Client thread/INFO]: [CHAT] <MR_K_BUILDER> Language T0PTylerJoseph
[17:12:04] [Client thread/INFO]: [CHAT] Zephinx joined the game
[17:12:05] [Client thread/INFO]: [CHAT] [SAD] <VoidGod> chillin' like a villin :> (killmeplease)
[17:12:10] [Client thread/INFO]: [CHAT] [STA] <DNACactus> fuck
[17:12:12] [Client thread/INFO]: [CHAT] [STA] <DNACactus> shit
[17:12:13] [Client thread/INFO]: [CHAT] [SA] <Admeda> Should Galaghertown be in the natureworld or end? "UnholySpirit"
[17:12:14] [Client thread/INFO]: [CHAT] [SrA] < coolfilez> I am now a few seconds closer to death than before I started typing this message
[17:12:16] [Client thread/INFO]: [CHAT] < CommandsDude> NO
[17:12:16] [Client thread/INFO]: [CHAT] [SrA] < coolfilez> so jokes on you
[17:12:24] [Client thread/INFO]: [CHAT] Doctor_Chicken left the game
[17:12:34] [Client thread/INFO]: [CHAT] Zephinx - Opping GabrielJp
[17:12:37] [Client thread/INFO]: [CHAT] [STA] <DNACactus> who wanna bet that 2018 is gonna be shit
[17:12:37] [Client thread/INFO]: [CHAT] Eternal < UnholySpirit> the galagher town which is owned by someone who has the last name galagher
[17:12:43] [Client thread/INFO]: [CHAT] Eternal < UnholySpirit> is located at the nature world
[17:12:45] [Client thread/INFO]: [CHAT] < Zephinx> I'll bet nothing will happen in 2018
[17:12:53] [Client thread/INFO]: [CHAT] [SA] <Admeda> actually
[17:12:55] [Client thread/INFO]: [CHAT] Eternal < UnholySpirit> unholy fidget spinners
[17:12:57] [Client thread/INFO]: [CHAT] [STA] <DNACactus> well something already happened
[17:13:02] [Client thread/INFO]: [CHAT] [SAD] <VoidGod> saturdays r 4 the bois
[17:13:05] [Client thread/INFO]: [CHAT] [SA] <Admeda> I think I want to be a normal citizen of a town
[17:13:06] [Client thread/INFO]: [CHAT] PokezTLG joined the game
[17:13:12] [Client thread/INFO]: [CHAT] [STA] <DNACactus> brb
[17:13:13] [Client thread/INFO]: [CHAT] * DNACactus is now AFK.
[17:13:16] [Client thread/INFO]: [CHAT] Zephinx left the game
[17:13:16] [Client thread/INFO]: [CHAT] *  ttcat1 do a dollop of daisy motherfucker
[17:13:19] [Client thread/INFO]: [CHAT] PipPet left the game
[17:13:20] [Client thread/INFO]: [CHAT] Akira___Kurusu joined the game
[17:13:21] [Client thread/INFO]: [CHAT] Eternal < UnholySpirit> you may start here
[17:13:21] [Client thread/INFO]: [CHAT] Porkchop15 joined the game
[17:13:23] [Client thread/INFO]: [CHAT] PipPet joined the game
[17:13:39] [Client thread/INFO]: [CHAT] PipPet left the game
[17:13:43] [Client thread/INFO]: [CHAT] [SA] <Admeda> what
[17:13:43] [Client thread/INFO]: [CHAT] PipPet joined the game
[17:13:49] [Client thread/INFO]: [CHAT] [SA] <Admeda> what is this supposed to be
[17:13:50] [Client thread/INFO]: [CHAT] Eternal < UnholySpirit> about 10?
[17:13:51] [Client thread/INFO]: [CHAT] [SA] <Admeda> galagher town?
[17:13:54] [Client thread/INFO]: [CHAT] [STD] <VoidGod> ye bois
[17:13:54] [Client thread/INFO]: [CHAT] Eternal < UnholySpirit> where
[17:14:01] [Client thread/INFO]: [CHAT] [STD] <VoidGod> is this tag too far?
[17:14:04] [Client thread/INFO]: [CHAT] Porkchop15 left the game
[17:14:06] [Client thread/INFO]: [CHAT] <Akira___Kurusu> \warp Cloudnine to visit the most magnificent city in the world!
[17:14:07] [Client thread/INFO]: [CHAT] Zephinx joined the game
[17:14:12] [Client thread/INFO]: [CHAT] puppy0401 joined the game
[17:14:37] [Client thread/INFO]: [CHAT] decyj145 left the game
[17:14:38] [Client thread/INFO]: [CHAT] mattlawn is a Telnet Admin
[17:14:38] [Client thread/INFO]: [CHAT] mattlawn joined the game
[17:14:47] [Client thread/INFO]: [CHAT] Spiral_Nebula joined the game
[17:14:53] [Client thread/INFO]: [CHAT] * Tyrus_46 is now AFK.
[17:14:58] [Client thread/INFO]: [CHAT] decyj145 joined the game
[17:15:00] [Client thread/INFO]: [CHAT] < decyj145> Connected with MineShit for iOS 11
[17:15:07] [Client thread/INFO]: [CHAT] [STD] <VoidGod> Guys /warp thot to see Thot Ville!
[17:15:09] [Client thread/INFO]: [CHAT] < decyj145> xfilez
[17:15:11] [Client thread/INFO]: [CHAT] PipPet left the game
[17:15:15] [Client thread/INFO]: [CHAT] [SrA] < coolfilez> ?
[17:15:15] [Client thread/INFO]: [CHAT] * VideoGameSmash12 is now AFK.
[17:15:20] [Client thread/INFO]: [CHAT] < decyj145> hi
[17:15:32] [Client thread/INFO]: [CHAT] mattlawn left the game
[17:15:41] [Client thread/INFO]: [CHAT] < decyj145> 12 days until I’m 1 year closer to death
[17:15:43] [Client thread/INFO]: [CHAT] * VoidGod BEGONE THOT
[17:15:48] [Client thread/INFO]: [CHAT] < ttcat1> lol
[17:15:58] [Client thread/INFO]: [CHAT] betinasilva123 left the game
[17:15:59] [Client thread/INFO]: [CHAT] [STD] <VoidGod> i am warding off the wild thots
[17:16:03] [Client thread/INFO]: [CHAT] [SAG] < wecklerie> COOL
[17:16:04] [Client thread/INFO]: [CHAT] < AzimuthAura> uhoh
[17:16:06] [Client thread/INFO]: [CHAT] [STD] <VoidGod> there's nothing to "lol" about
[17:16:08] [Client thread/INFO]: [CHAT] [TeamN2 CO-LEADER] < AzimuthAura> xd
[17:16:08] [Client thread/INFO]: [CHAT] [SAG] < wecklerie> ol std
[17:16:09] [Client thread/INFO]: [CHAT] < Xander> isnt that from Grab knife v4 Void?
[17:16:11] [Client thread/INFO]: [CHAT] < Lizzy> excuse meeee
[17:16:11] [Client thread/INFO]: [CHAT] [STD] <VoidGod> this is serious buisness
[17:16:13] [Client thread/INFO]: [CHAT] Eternal < UnholySpirit> lol
[17:16:26] [Client thread/INFO]: [CHAT] Spiral_Nebula left the game
[17:16:26] [Client thread/INFO]: [CHAT] [STD] <VoidGod> AAA
[17:16:29] [Client thread/INFO]: [CHAT] xfilez - Banning VectorPro and IPs: 75.174.202.102
[17:16:29] [Client thread/INFO]: [CHAT] [STD] <VoidGod> Another one!
[17:16:34] [Client thread/INFO]: [CHAT] xfilez left the game
[17:16:35] [Client thread/INFO]: [CHAT] * VoidGod BEGONE THOT
[17:16:39] [Client thread/INFO]: [CHAT] [LSD] < wecklerie> there i have a better tag now
[17:16:41] [Client thread/INFO]: [CHAT] [STD] <VoidGod> phew
[17:16:45] [Client thread/INFO]: [CHAT] [STD] <VoidGod> that was a close one
[17:16:45] [Client thread/INFO]: [CHAT] < Xander> *blockitnowhahaha*
[17:16:55] [Client thread/INFO]: [CHAT] * VideoGameSmash12 is no longer AFK.
[17:16:55] [Client thread/INFO]: [CHAT] [STD] <VoidGod> my tag is bae
[17:16:59] [Client thread/INFO]: [CHAT] * T0PTylerJoseph is now AFK.
[17:17:03] [Client thread/INFO]: [CHAT] [TeamN2 CO-LEADER] < AzimuthAura> hello
[17:17:04] [Client thread/INFO]: [CHAT] < Xander> ?
[17:17:06] [Client thread/INFO]: [CHAT] [TeamN2 CO-LEADER] < AzimuthAura> may i help you?
[17:17:08] [Client thread/INFO]: [CHAT] < Xander> hello
[17:17:08] [Client thread/INFO]: [CHAT] [STD] <VoidGod> Everyone do /tag set &8[&2STD&8]
[17:17:15] [Client thread/INFO]: [CHAT] [SA] <Admeda> no
[17:17:20] [Client thread/INFO]: [CHAT] <VideoGameSmash12> Why?
[17:17:25] [Client thread/INFO]: [CHAT] <VideoGameSmash12> Is it because you might have one?
[17:17:29] [Client thread/INFO]: [CHAT] [SA] <Admeda> ...
[17:17:31] [Client thread/INFO]: [CHAT] [STD] <VoidGod> whut
[17:17:35] [Client thread/INFO]: [CHAT] <VideoGameSmash12> jk
[17:17:38] [Client thread/INFO]: [CHAT] [STD] <VoidGod> ???
[17:17:43] [Client thread/INFO]: [CHAT] <VideoGameSmash12> idk
[17:17:45] [Client thread/INFO]: [CHAT] <MinecraftMstr48> yes
[17:17:51] [Client thread/INFO]: [CHAT] [STD] <VoidGod> k then
[17:18:04] [Client thread/INFO]: [CHAT] [STD] <VoidGod> PinkyPoo374
[17:18:10] [Client thread/INFO]: [CHAT] < Lizzy> YES
[17:18:10] [Client thread/INFO]: [CHAT] [GODFATHER] < Xander> lol
[17:18:16] [Client thread/INFO]: [CHAT] * VoidGod BEGONE THOT
[17:18:22] [Client thread/INFO]: [CHAT] [STD] <VoidGod> NO
[17:18:24] [Client thread/INFO]: [CHAT] <Akira___Kurusu> Remember when Rayquazeon would always go on a mass advertising spree?
[17:18:25] [Client thread/INFO]: [CHAT] [STD] <VoidGod> It's not working!
[17:18:26] [Client thread/INFO]: [CHAT] [TeamN2 CO-LEADER] < AzimuthAura> you ready?
[17:18:39] [Client thread/INFO]: [CHAT] [GODFATHER] < Xander> what are the weapons?
[17:18:55] [Client thread/INFO]: [CHAT] Eternal < UnholySpirit> someone's gonna say lag
[17:18:59] [Client thread/INFO]: [CHAT] <Akira___Kurusu> lag
[17:18:59] [Client thread/INFO]: [CHAT] [TeamN2 CO-LEADER] < AzimuthAura> Virus, pink alien space, apocalypse, fnaf, and visual
[17:19:02] [Client thread/INFO]: [CHAT] decyj145 left the game
[17:19:04] [Client thread/INFO]: [CHAT] CableProvider joined the game
[17:19:05] [Client thread/INFO]: [CHAT] PipPet joined the game
[17:19:11] [Client thread/INFO]: [CHAT] < Chara_> *than
[17:19:17] [Client thread/INFO]: [CHAT] [TeamN2 CO-LEADER] < AzimuthAura> after pink is a comma
[17:19:17] [Client thread/INFO]: [CHAT] < Pip> Cactus
[17:19:18] [Client thread/INFO]: [CHAT] [GODFATHER] < Xander> Virus costs?
[17:19:30] [Client thread/INFO]: [CHAT] [TeamN2 CO-LEADER] < AzimuthAura> you want the whole box?
[17:19:37] [Client thread/INFO]: [CHAT] [GODFATHER] < Xander> no
[17:19:38] [Client thread/INFO]: [CHAT] [TeamN2 CO-LEADER] < AzimuthAura> armor or weapons
[17:19:40] [Client thread/INFO]: [CHAT] SoundCzech joined the game
[17:19:45] [Client thread/INFO]: [CHAT] [GODFATHER] < Xander> weapons
[17:19:45] [Client thread/INFO]: [CHAT] PipPet left the game
[17:19:48] [Client thread/INFO]: [CHAT] *  ttcat1 BEGONE THOTTTTTTT
[17:19:48] [Client thread/INFO]: [CHAT] Eternal < UnholySpirit> can someone help
[17:19:49] [Client thread/INFO]: [CHAT] Eternal < UnholySpirit> me
[17:19:52] [Client thread/INFO]: [CHAT] [TeamN2 CO-LEADER] < AzimuthAura> the prices are below you
[17:19:54] [Client thread/INFO]: [CHAT] [STD] <VoidGod> tp to me for come cocaine of the gods
[17:20:02] [Client thread/INFO]: [CHAT] [GODFATHER] < Xander> what currency?
[17:20:11] [Client thread/INFO]: [CHAT] < CommandsDude> villager can ride elevators!!
[17:20:41] [Client thread/INFO]: [CHAT] Zephinx left the game
[17:20:43] [Client thread/INFO]: [CHAT] [GODFATHER] < Xander> uuh
[17:20:44] [Client thread/INFO]: [CHAT] [TeamN2 CO-LEADER] < AzimuthAura> back
[17:20:48] [Client thread/INFO]: [CHAT] < cablechan_> oo
[17:20:56] [Client thread/INFO]: [CHAT] [GODFATHER] < Xander> what are the currency`s?
[17:21:00] [Client thread/INFO]: [CHAT] [LSD] < wecklerie> admeda
[17:21:02] [Client thread/INFO]: [CHAT] [SA] <Admeda> ?
[17:21:03] [Client thread/INFO]: [CHAT] [LSD] < wecklerie> i made a new kit
[17:21:03] [Client thread/INFO]: [CHAT] [TeamN2 CO-LEADER] < AzimuthAura> look down
[17:21:05] [Client thread/INFO]: [CHAT] [LSD] < wecklerie> look at it
[17:21:07] [Client thread/INFO]: [CHAT] [TeamN2 CO-LEADER] < AzimuthAura> 300
[17:21:08] [Client thread/INFO]: [CHAT] Brad_ZYX joined the game
[17:21:09] [Client thread/INFO]: [CHAT] Tyrus_46 left the game
[17:21:10] [Client thread/INFO]: [CHAT] [GODFATHER] < Xander> (not price)
[17:21:13] [Client thread/INFO]: [CHAT] <Brad_ZYX> guys
[17:21:15] [Client thread/INFO]: [CHAT] <Brad_ZYX> my computer
[17:21:17] [Client thread/INFO]: [CHAT] <Brad_ZYX> is running shaders
[17:21:19] [Client thread/INFO]: [CHAT] [GODFATHER] < Xander> *facepalms*
[17:21:20] [Client thread/INFO]: [CHAT] <Brad_ZYX> 60 fps
[17:21:27] [Client thread/INFO]: [CHAT] [SA] <Admeda> ok
[17:21:29] [Client thread/INFO]: [CHAT] <Brad_ZYX> make that 30
[17:21:30] [Client thread/INFO]: [CHAT] <Brad_ZYX> fps
[17:21:32] [Client thread/INFO]: [CHAT] <Brad_ZYX> lol
[17:21:39] [Client thread/INFO]: [CHAT] <Brad_ZYX> but still this is so cool
[17:21:47] [Client thread/INFO]: [CHAT] [SA] <Admeda> My computer has trouble running minecraft for whatever reason
[17:21:51] [Client thread/INFO]: [CHAT] *  ttcat1 is now AFK.
[17:21:54] [Client thread/INFO]: [CHAT] *  ttcat1 is no longer AFK.
[17:21:55] [Client thread/INFO]: [CHAT] [SA] <Admeda> and it's not a terrible 2gb laptop
[17:21:59] [Client thread/INFO]: [CHAT] [TeamN2 CO-LEADER] < AzimuthAura> if your willing to get weapons, you do 300 dollars, all the items you get cost that
[17:22:07] [Client thread/INFO]: [CHAT] Brad_ZYX left the game
[17:22:11] [Client thread/INFO]: [CHAT] [TeamN2 CO-LEADER] < AzimuthAura> together
[17:22:14] [Client thread/INFO]: [CHAT] [GODFATHER] < Xander> oh dollars...
[17:22:30] [Client thread/INFO]: [CHAT] [GODFATHER] < Xander> bye!
[17:22:35] [Client thread/INFO]: [CHAT] [TeamN2 CO-LEADER] < AzimuthAura> ok bey
[17:22:37] [Client thread/INFO]: [CHAT] [TeamN2 CO-LEADER] < AzimuthAura> bye*
[17:22:44] [Client thread/INFO]: [CHAT] [LSD] < wecklerie> azmith do you like my tag
[17:22:51] [Client thread/INFO]: [CHAT] <GabrielJp> tfffff]
[17:22:54] [Client thread/INFO]: [CHAT] * VideoGameSmash12 is now AFK.
[17:22:56] [Client thread/INFO]: [CHAT] [STD] <VoidGod> my tag is betters
[17:22:57] [Client thread/INFO]: [CHAT] [TeamN2 CO-LEADER] < AzimuthAura> xd
[17:23:03] [Client thread/INFO]: [CHAT] Eternal < UnholySpirit> betters
[17:23:07] [Client thread/INFO]: [CHAT] [STD] <VoidGod> yes
[17:23:08] [Client thread/INFO]: [CHAT] [STD] <VoidGod> betters
[17:23:14] [Client thread/INFO]: [CHAT] Eternal < UnholySpirit> why not SRP
[17:23:15] [Client thread/INFO]: [CHAT] [LSD] < wecklerie> azi tp here look at my new kit
[17:23:17] [Client thread/INFO]: [CHAT] [STD] <VoidGod> mine is multiple better than urs
[17:23:21] [Client thread/INFO]: [CHAT] Eternal < UnholySpirit> suggested retail price
[17:23:25] [Client thread/INFO]: [CHAT] PinkyPoo374 left the game
[17:23:27] [Client thread/INFO]: [CHAT] [LSD] < wecklerie> mine is 10e1000 better
[17:23:31] [Client thread/INFO]: [CHAT] PinkyPoo374 joined the game
[17:23:42] [Client thread/INFO]: [CHAT] [STD] <VoidGod> mine is sexually transmitted disease better
[17:23:51] [Client thread/INFO]: [CHAT] [TeamN2 CO-LEADER] < AzimuthAura> umm
[17:23:54] [Client thread/INFO]: [CHAT] Eternal < UnholySpirit> mine is (googol.3.14)2
[17:23:56] [Client thread/INFO]: [CHAT] [TeamN2 CO-LEADER] < AzimuthAura> this is just the admin kit
[17:23:57] [Client thread/INFO]: [CHAT] <MR_K_BUILDER> MrT_Builder can you come here and tell me what is wrong on this elevator?
[17:24:02] [Client thread/INFO]: [CHAT] [TeamN2 CO-LEADER] < AzimuthAura> but enhanced
[17:24:07] [Client thread/INFO]: [CHAT] [LSD] < wecklerie> yes
[17:24:13] [Client thread/INFO]: [CHAT] [LSD] < wecklerie> dedicated to admeens
[17:24:20] [Client thread/INFO]: [CHAT] [LSD] < wecklerie> sorry for being an 8 year old thee
[17:24:21] [Client thread/INFO]: [CHAT] [TeamN2 CO-LEADER] < AzimuthAura> ooo
[17:24:22] [Client thread/INFO]: [CHAT] <MR_K_BUILDER> never mind
[17:24:32] [Client thread/INFO]: [CHAT] Barron100 joined the game
[17:24:45] [Client thread/INFO]: [CHAT] PokezTLG left the game
[17:24:52] [Client thread/INFO]: [CHAT] PokezTLG joined the game
[17:24:54] [Client thread/INFO]: [CHAT] [STD] <VoidGod> admeda
[17:24:56] [Client thread/INFO]: [CHAT] Eternal < UnholySpirit> someone messaged me on discord saying they're fapping
[17:24:59] [Client thread/INFO]: [CHAT] [STD] <VoidGod> take the cocaine of the gods
[17:25:00] [Client thread/INFO]: [CHAT] [SA] <Admeda> ?
[17:25:09] [Client thread/INFO]: [CHAT] [SA] <Admeda> no
[17:25:10] [Client thread/INFO]: [CHAT] [TeamN2 CO-LEADER] < AzimuthAura> all warp azitems for an op item shop need customers!
[17:25:15] [Client thread/INFO]: [CHAT] [STD] <VoidGod> where r u
[17:25:18] [Client thread/INFO]: [CHAT] [STD] <VoidGod> u need it
[17:25:18] [Client thread/INFO]: [CHAT] [SA] <Admeda> nowhere
[17:25:19] [Client thread/INFO]: [CHAT] Barron100 has made the advancement [Cover Me With Diamonds]
[17:25:21] [Client thread/INFO]: [CHAT] [LSD] < wecklerie> lol wtf is the floor
[17:25:23] [Client thread/INFO]: [CHAT] [STD] <VoidGod> JESUS
[17:25:26] [Client thread/INFO]: [CHAT] [STD] <VoidGod> HE
[17:25:27] [Client thread/INFO]: [CHAT] [STD] <VoidGod> IS
[17:25:28] [Client thread/INFO]: [CHAT] [STD] <VoidGod> A
[17:25:30] [Client thread/INFO]: [CHAT] [STD] <VoidGod> GOD
[17:25:35] [Client thread/INFO]: [CHAT] Eternal < UnholySpirit> Jesus
[17:25:38] [Client thread/INFO]: [CHAT] [STD] <VoidGod> now you MUST have this COCAINE
[17:25:39] [Client thread/INFO]: [CHAT] Eternal < UnholySpirit> is not my lord
[17:25:41] [Client thread/INFO]: [CHAT] <Akira___Kurusu> Who wants to join a group?
[17:25:44] [Client thread/INFO]: [CHAT] [GODFATHER] < Xander> huh
[17:25:45] [Client thread/INFO]: [CHAT] [STD] <VoidGod> me
[17:25:47] [Client thread/INFO]: [CHAT] <Barron100> me
[17:25:48] [Client thread/INFO]: [CHAT] [GODFATHER] < Xander> hmm
[17:25:51] [Client thread/INFO]: [CHAT] MinecraftMstr48 left the game
[17:25:53] [Client thread/INFO]: [CHAT] [TeamN2 CO-LEADER] < AzimuthAura> can i ahve the axe
[17:25:54] [Client thread/INFO]: [CHAT] [STD] <VoidGod> i want to join bhratva
[17:25:54] [Client thread/INFO]: [CHAT] ToaMataNui9 left the game
[17:25:57] [Client thread/INFO]: [CHAT] [STD] <VoidGod> brahtva
[17:25:58] [Client thread/INFO]: [CHAT] <richard_cs> me
[17:26:01] [Client thread/INFO]: [CHAT] [LSD] < wecklerie> its in the dark blue chest
[17:26:01] [Client thread/INFO]: [CHAT] [TeamN2 CO-LEADER] < AzimuthAura> my axe dont work anymore
[17:26:13] [Client thread/INFO]: [CHAT] [TeamN2 CO-LEADER] < AzimuthAura> oh xd
[17:26:23] [Client thread/INFO]: [CHAT] [TeamN2 CO-LEADER] < AzimuthAura> all warp azitems for an op item shop need customers!
[17:26:52] [Client thread/INFO]: [CHAT] [LSD] < wecklerie> am i lagging?
[17:26:55] [Client thread/INFO]: [CHAT] *  ttcat1 is now AFK.
[17:26:56] [Client thread/INFO]: [CHAT] [GODFATHER] < Xander> yes
[17:27:01] [Client thread/INFO]: [CHAT] [GODFATHER] < Xander> no
[17:27:03] [Client thread/INFO]: [CHAT] [GODFATHER] < Xander> idk
[17:27:03] [Client thread/INFO]: [CHAT] [STD] <VoidGod> tp to help build a gulag
[17:27:11] [Client thread/INFO]: [CHAT] [TeamN2 CO-LEADER] < AzimuthAura> what the f
[17:27:13] [Client thread/INFO]: [CHAT] [LSD] < wecklerie> wtf is a gulag
[17:27:21] [Client thread/INFO]: [CHAT] [TeamN2 CO-LEADER] < AzimuthAura> hi
[17:27:26] [Client thread/INFO]: [CHAT] Eternal < UnholySpirit> a character from gurren laggan
[17:27:31] [Client thread/INFO]: [CHAT] [GODFATHER] < Xander> here
[17:27:33] [Client thread/INFO]: [CHAT] [STD] <VoidGod> pretty much a russian torture camp XD
[17:27:37] [Client thread/INFO]: [CHAT] fabiogamer_pvp joined the game
[17:27:37] [Client thread/INFO]: [CHAT] [LSD] < wecklerie> wtf is gurren laggan
[17:27:44] [Client thread/INFO]: [CHAT] [GODFATHER] < Xander> a anime show xd
[17:27:44] [Client thread/INFO]: [CHAT] [TeamN2 CO-LEADER] < AzimuthAura> ok well
[17:27:45] [Client thread/INFO]: [CHAT] Eternal < UnholySpirit> an anime
[17:27:45] [Client thread/INFO]: [CHAT] [LSD] < wecklerie> o em
[17:27:51] [Client thread/INFO]: [CHAT] [TeamN2 CO-LEADER] < AzimuthAura> chao
[17:27:55] [Client thread/INFO]: [CHAT] Doctor_Chicken joined the game
[17:27:56] [Client thread/INFO]: [CHAT] [STD] <VoidGod> a gulag is a work camp
[17:27:56] [Client thread/INFO]: [CHAT] Eternal < UnholySpirit> admeda?
[17:27:58] [Client thread/INFO]: [CHAT] [GODFATHER] < Xander> ?
[17:28:01] [Client thread/INFO]: [CHAT] [STD] <VoidGod> tp to make a gulag
[17:28:01] [Client thread/INFO]: [CHAT] [SA] <Admeda> ?
[17:28:06] [Client thread/INFO]: [CHAT] [TeamN2 CO-LEADER] < AzimuthAura> read the data
[17:28:08] [Client thread/INFO]: [CHAT] Eternal < UnholySpirit> are you making the walls
[17:28:12] [Client thread/INFO]: [CHAT] [GODFATHER] < Xander> O_O
[17:28:14] [Client thread/INFO]: [CHAT] sequal11 left the game
[17:28:16] [Client thread/INFO]: [CHAT] [SA] <Admeda> I didn't understand the request.
[17:28:18] [Client thread/INFO]: [CHAT] sequal11 joined the game
[17:28:18] [Client thread/INFO]: [CHAT] * T0PTylerJoseph is no longer AFK.
[17:28:21] [Client thread/INFO]: [CHAT] < AzimuthAura> back\
[17:28:23] [Client thread/INFO]: [CHAT] Eternal < UnholySpirit> i just did a demonstration
[17:28:31] [Client thread/INFO]: [CHAT] [LSD] < wecklerie> yoooo wtf the images of gulag or horrific
[17:28:33] [Client thread/INFO]: [CHAT] Eternal < UnholySpirit> a wall
[17:28:33] [Client thread/INFO]: [CHAT] *  cablechan_ is now AFK.
[17:28:34] [Client thread/INFO]: [CHAT] [SA] <Admeda> Why do you even want walls?
[17:28:36] [Client thread/INFO]: [CHAT] * VideoGameSmash12 is no longer AFK.
[17:28:37] [Client thread/INFO]: [CHAT] sequal11 left the game