[21:03:13] [Client thread/INFO]: Connecting to play.totalfreedom.me., 25565
[21:03:14] [Client thread/INFO]: [CHAT] [LibsDisguises] There is a update ready to be downloaded! You are using v9.4.0-SNAPSHOT, the new version is v9.5.0!
[21:03:14] [Client thread/INFO]: [CHAT] VideoGameSmash12 joined the game
[21:03:14] [Client thread/INFO]: [CHAT] Welcome to TotalFreedom, VideoGameSmash12!
[21:03:14] [Client thread/INFO]: [CHAT] The server's name does not imply that we have no rules. Please read them (/rules)
[21:03:14] [Client thread/INFO]: [CHAT] Type /help for a list of commands.
[21:03:14] [Client thread/INFO]: [CHAT] Type /list to see who else is online.
[21:03:14] [Client thread/INFO]: [CHAT] Players online: 20 - World time: 12:00 PM
[21:03:14] [Client thread/INFO]: [CHAT] You have no new mail.
[21:03:15] [Client thread/INFO]: [CHAT] [BetterChairs] Find new update ! Version: 0.9.5
[21:03:15] [Client thread/INFO]: [CHAT] [UPDATE]
[21:03:15] [Client thread/INFO]: [CHAT] [AsyncWorldEdit] You have an old version of the plugin. Your version: 2.3.3, available version: 3.4.11
[21:03:20] [Client thread/INFO]: [CHAT] The_Dark_Embyro left the game
[21:03:28] [Client thread/INFO]: [CHAT] vanoss06 left the game
[21:03:30] [Client thread/INFO]: [CHAT] SkyCTDemon][SeaCTzen < Chara_> goddamn it
[21:03:35] [Client thread/INFO]: [CHAT] <VideoGameSmash12> oh hi MEGAF4IL
[21:03:39] [Client thread/INFO]: [CHAT] *  cablechan_ is now AFK.
[21:03:42] [Client thread/INFO]: [CHAT] < Bendy> well i am out my back is beginning to throw out laters m80s
[21:03:43] [Client thread/INFO]: [CHAT] Ink_God_Bendy left the game
[21:03:52] [Client thread/INFO]: [CHAT] < MEGAF4IL> Lmao I think i remember that taah, u werent that bad but I think you got annoying to some ppl?
[21:03:52] [Client thread/INFO]: [CHAT] SkyCTDemon][SeaCTzen < Chara_> his name was actually.../
[21:04:00] [Client thread/INFO]: [CHAT] < MEGAF4IL> Haii video!
[21:04:01] [Client thread/INFO]: [CHAT] <taahanis> ya
[21:04:10] [Client thread/INFO]: [CHAT] < MEGAF4IL> I don't really remember tho
[21:04:14] [Client thread/INFO]: [CHAT] TheHour is a STA and knows TheHour is drawing near
[21:04:14] [Client thread/INFO]: [CHAT] TheHour joined the game
[21:04:14] [Client thread/INFO]: [CHAT] *  AzimuthAura is now AFK.
[21:04:18] [Client thread/INFO]: [CHAT] [me ->  MEGAF4IL] you probably are wondering why the fuck happened to my rank
[21:04:26] [Client thread/INFO]: [CHAT] TheHour left the game
[21:04:28] [Client thread/INFO]: [CHAT] [ MEGAF4IL -> me] demotion?
[21:04:28] [Client thread/INFO]: [CHAT] <taahanis> i remember
[21:04:30] [Client thread/INFO]: [CHAT] [me ->  MEGAF4IL] Suspended
[21:04:32] [Client thread/INFO]: [CHAT] <taahanis> i banned prozza once
[21:04:36] [Client thread/INFO]: [CHAT] <taahanis> from my own server
[21:04:36] [Client thread/INFO]: [CHAT] *  JORDANDC19 is no longer AFK.
[21:04:38] [Client thread/INFO]: [CHAT] <VideoGameSmash12> wow so special
[21:04:39] [Client thread/INFO]: [CHAT] <taahanis> back in like
[21:04:40] [Client thread/INFO]: [CHAT] <taahanis> 2013
[21:04:44] [Client thread/INFO]: [CHAT] <taahanis> and then they frontdoored me
[21:04:48] [Client thread/INFO]: [CHAT] [ MEGAF4IL -> me] gj m8 (not really) what'd you do?
[21:04:53] [Client thread/INFO]: [CHAT] <taahanis> back when wilee999xxx was dev
[21:04:57] [Client thread/INFO]: [CHAT] [SA] < XxNathanielxX> Test
[21:05:38] [Client thread/INFO]: Connecting to play.totalfreedom.me., 25565
[21:06:35] [Client thread/INFO]: Connecting to play.totalfreedom.me., 25565
[21:07:15] [Client thread/INFO]: Connecting to play.totalfreedom.me., 25565
[21:09:03] [Client thread/INFO]: Connecting to play.totalfreedom.me., 25565
[21:09:04] [Client thread/INFO]: [CHAT] [LibsDisguises] There is a update ready to be downloaded! You are using v9.4.0-SNAPSHOT, the new version is v9.5.0!
[21:09:04] [Client thread/INFO]: [CHAT] VideoGameSmash12 joined the game
[21:09:04] [Client thread/INFO]: [CHAT] [BetterChairs] Find new update ! Version: 0.9.5
[21:09:04] [Client thread/INFO]: [CHAT] [UPDATE]
[21:09:04] [Client thread/INFO]: [CHAT] [AsyncWorldEdit] You have an old version of the plugin. Your version: 2.3.3, available version: 3.4.11
[21:09:04] [Client thread/INFO]: [CHAT] Welcome to TotalFreedom, VideoGameSmash12!
[21:09:04] [Client thread/INFO]: [CHAT] The server's name does not imply that we have no rules. Please read them (/rules)
[21:09:04] [Client thread/INFO]: [CHAT] Type /help for a list of commands.
[21:09:04] [Client thread/INFO]: [CHAT] Type /list to see who else is online.
[21:09:04] [Client thread/INFO]: [CHAT] Players online: 3 - World time: 12:00 PM
[21:09:04] [Client thread/INFO]: [CHAT] You have no new mail.
[21:09:07] [Client thread/INFO]: [CHAT] PokezTLG joined the game
[21:09:09] [Client thread/INFO]: [CHAT] <VideoGameSmash12> did tf just
[21:09:11] [Client thread/INFO]: [CHAT] DisignusBlocks joined the game
[21:09:12] [Client thread/INFO]: [CHAT] < Chara_> 4th
[21:09:15] [Client thread/INFO]: [CHAT] <VideoGameSmash12> shit itself
[21:09:33] [Client thread/INFO]: [CHAT] Vicki145 is a Telnet Admin
[21:09:33] [Client thread/INFO]: [CHAT] Vicki145 joined the game
[21:09:36] [Client thread/INFO]: [CHAT] < Chara_> heyo
[21:09:41] [Client thread/INFO]: [CHAT] RoboEx left the game
[21:09:44] [Client thread/INFO]: [CHAT] [STA] < Vicki> Hi Video brother.
[21:09:58] [Client thread/INFO]: [CHAT] <VideoGameSmash12> hi
[21:10:13] [Client thread/INFO]: [CHAT] jwmphall is a Telnet Admin
[21:10:13] [Client thread/INFO]: [CHAT] jwmphall joined the game
[21:10:34] [Client thread/INFO]: [CHAT] < Chara_> hey
[21:10:45] [Client thread/INFO]: [CHAT] < UnholySpirit> niba
[21:10:50] [Client thread/INFO]: [CHAT] < UnholySpirit> nigerian
[21:11:04] [Client thread/INFO]: [CHAT] SShadow1974 joined the game
[21:11:31] [Client thread/INFO]: [CHAT] Koslow joined the game
[21:11:35] [Client thread/INFO]: [CHAT] Shiftinq_ is a Super Admin
[21:11:35] [Client thread/INFO]: [CHAT] Shiftinq_ joined the game
[21:11:42] [Client thread/INFO]: [CHAT] < MEGAF4IL> Connected using PickaxeChat for Android
[21:11:42] [Client thread/INFO]: [CHAT] MEGAF4IL joined the game
[21:12:01] [Client thread/INFO]: [CHAT] SlavThatSquats joined the game
[21:12:02] [Client thread/INFO]: [CHAT] [STA] < Vicki> IS that MEga?! THE REAL MEGA?!!
[21:12:08] [Client thread/INFO]: [CHAT] [STA] <jwmphall> no
[21:12:12] [Client thread/INFO]: [CHAT] < MEGAF4IL> Yeaaa boii
[21:12:20] [Client thread/INFO]: [CHAT] [STA] < Vicki> OMG!!! Hi! Remember me?!
[21:12:20] [Client thread/INFO]: [CHAT] < MEGAF4IL> Takogrrl daniel0410
[21:12:21] [Client thread/INFO]: [CHAT] TheMinecraft is the Owner
[21:12:21] [Client thread/INFO]: [CHAT] TheMinecraft joined the game
[21:12:22] [Client thread/INFO]: [CHAT] Koslow fell from a high place
[21:12:30] [Client thread/INFO]: [CHAT] < UnholySpirit> hi windows
[21:12:31] [Client thread/INFO]: [CHAT] < MEGAF4IL> Vicki... Wat
[21:12:34] [Client thread/INFO]: [CHAT] < UnholySpirit> what's your real name
[21:12:34] [Client thread/INFO]: [CHAT] [Owner] <TheMinecraft> hi
[21:12:35] [Client thread/INFO]: [CHAT] < MEGAF4IL> New username?
[21:12:41] [Client thread/INFO]: [CHAT] [STA] < Vicki> You... forgot me :<
[21:12:44] [Client thread/INFO]: [CHAT] [Owner] <TheMinecraft> TheMinecraft is my real username
[21:12:46] [Client thread/INFO]: [CHAT] [STA] < Vicki> And yeah new username
[21:12:47] [Client thread/INFO]: [CHAT] Koslow fell from a high place
[21:12:49] [Client thread/INFO]: [CHAT] <VideoGameSmash12> oh hey look it's windows
[21:12:50] [Client thread/INFO]: [CHAT] < UnholySpirit> irl name
[21:12:58] [Client thread/INFO]: [CHAT] < Yatagarasu> some one op me
[21:12:58] [Client thread/INFO]: [CHAT] [Owner] <TheMinecraft> I dont give that out
[21:13:01] [Client thread/INFO]: [CHAT] < MEGAF4IL> Vicki145 idk maybe? Kinda?
[21:13:02] [Client thread/INFO]: [CHAT] < Chara_> wait
[21:13:02] [Client thread/INFO]: [CHAT] SuperGoldenMario joined the game
[21:13:03] [Client thread/INFO]: [CHAT] < UnholySpirit> me neither
[21:13:05] [Client thread/INFO]: [CHAT] Vicki145 - Opping all players on the server
[21:13:05] [Client thread/INFO]: [CHAT] You are now op!
[21:13:08] [Client thread/INFO]: [CHAT] < UnholySpirit> jake
[21:13:08] [Client thread/INFO]: [CHAT] < Chara_> is this the real owner
[21:13:10] [Client thread/INFO]: [CHAT] [STA] < Vicki> I was Vicki411
[21:13:11] [Client thread/INFO]: [CHAT] Koslow fell from a high place
[21:13:16] [Client thread/INFO]: [CHAT] [Owner] <TheMinecraft> yes
[21:13:20] [Client thread/INFO]: [CHAT] < Chara_> hello\
[21:13:24] [Client thread/INFO]: [CHAT] < FriskDreemurr> chara did tori get banned?
[21:13:24] [Client thread/INFO]: [CHAT] [Owner] <TheMinecraft> do /rank TheMinecraft
[21:13:25] [Client thread/INFO]: [CHAT] < MEGAF4IL> I think i remember you as an SA?
[21:13:31] [Client thread/INFO]: [CHAT] [STA] < Vicki> Yes!!!
[21:13:32] [Client thread/INFO]: [CHAT] < Chara_> yea
[21:13:36] [Client thread/INFO]: [CHAT] [STA] < Vicki> You remembered yay!
[21:13:41] [Client thread/INFO]: [CHAT] < Chara_> just for 5 mins tho
[21:13:42] [Client thread/INFO]: [CHAT] < MEGAF4IL> Ayy lol
[21:13:43] [Client thread/INFO]: [CHAT] < FriskDreemurr> the perm?
[21:13:46] [Client thread/INFO]: [CHAT] [me ->  MEGAF4IL] I was suspended for helping a rogue admin. I provided IPs for them to DDOS (which included Savnith and a dev's)
[21:13:48] [Client thread/INFO]: [CHAT] < FriskDreemurr> oh lol
[21:13:52] [Client thread/INFO]: [CHAT] Shiftinq_ left the game
[21:13:55] [Client thread/INFO]: [CHAT] < Chara_> TheMinecraft
[21:13:57] [Client thread/INFO]: [CHAT] <SShadow1974> TheMinecraft
[21:14:02] [Client thread/INFO]: [CHAT] [STA] < Vicki> Oh boy...
[21:14:04] [Client thread/INFO]: [CHAT] bearbat9 joined the game
[21:14:10] [Client thread/INFO]: [CHAT] < Chara_> i wanna suggest a LOGIN plugin
[21:14:11] [Client thread/INFO]: [CHAT] [Owner] <TheMinecraft> Last time I saw you MEGAF4IL I think my username was still Windows_i7_920 lol
[21:14:13] [Client thread/INFO]: [CHAT] [STA] < Vicki> Video, are you ever getting admin back?
[21:14:15] [Client thread/INFO]: [CHAT] < Chara_> plz dont ban me
[21:14:18] [Client thread/INFO]: [CHAT] < UnholySpirit> omg
[21:14:20] [Client thread/INFO]: [CHAT] <VideoGameSmash12> Yes.
[21:14:22] [Client thread/INFO]: [CHAT] < UnholySpirit> TheMinecraft used "lol"
[21:14:24] [Client thread/INFO]: [CHAT] < UnholySpirit> omg omg
[21:14:28] [Client thread/INFO]: [CHAT] < UnholySpirit> i shall screenie
[21:14:29] [Client thread/INFO]: [CHAT] <VideoGameSmash12> I plan on reinstating in 3 months
[21:14:31] [Client thread/INFO]: [CHAT] [SrA] <irix> I have an i7 920
[21:14:35] [Client thread/INFO]: [CHAT] [ MEGAF4IL -> me] there's really never any good justification to giving out people's info to be hacked or ddos'd, V
[21:14:41] [Client thread/INFO]: [CHAT] taahanis joined the game
[21:14:41] [Client thread/INFO]: [CHAT] [STA] < Vicki> Oh neato!! I'll vouch on it :>
[21:14:42] [Client thread/INFO]: [CHAT] Shiftinq_ is a Super Admin
[21:14:42] [Client thread/INFO]: [CHAT] Shiftinq_ joined the game
[21:14:44] [Client thread/INFO]: [CHAT] [me ->  MEGAF4IL] The rogue admin's name is UYScutix. You probably remember him as vj15373
[21:14:50] [Client thread/INFO]: [CHAT] <taahanis> on what
[21:14:57] [Client thread/INFO]: [CHAT] [Owner] <TheMinecraft> I still have my i7 920 too but I don't use it anymore
[21:14:59] [Client thread/INFO]: [CHAT] SuperGoldenMario left the game
[21:15:01] [Client thread/INFO]: [CHAT] <taahanis> window
[21:15:02] [Client thread/INFO]: [CHAT] [STA] < Vicki> Ur mum ._,.
[21:15:03] [Client thread/INFO]: [CHAT] <taahanis> send it to me
[21:15:04] [Client thread/INFO]: [CHAT] [Owner] <TheMinecraft> upgraded to a 4790k
[21:15:05] [Client thread/INFO]: [CHAT] < UnholySpirit> send it to me
[21:15:06] [Client thread/INFO]: [CHAT] HeyItsTai joined the game
[21:15:06] [Client thread/INFO]: [CHAT] [ MEGAF4IL -> me] I remember vj didn't think he'd become a lemon
[21:15:06] [Client thread/INFO]: [CHAT] [STA] < Vicki> Teehee
[21:15:06] [Client thread/INFO]: [CHAT] <taahanis> windows send it to me pls
[21:15:09] [Client thread/INFO]: [CHAT] <taahanis> plsplspls
[21:15:11] [Client thread/INFO]: [CHAT] <HeyItsTai> oof hey
[21:15:12] [Client thread/INFO]: [CHAT] < Chara_> and im ignored again -_-
[21:15:13] [Client thread/INFO]: [CHAT] [Owner] <TheMinecraft> Nope, keeping it
[21:15:13] [Client thread/INFO]: [CHAT] <taahanis> mail it pls
[21:15:15] [Client thread/INFO]: [CHAT] <taahanis> :(
[21:15:15] [Client thread/INFO]: [CHAT] [me ->  MEGAF4IL] He is a sour one.
[21:15:17] [Client thread/INFO]: [CHAT] <HeyItsTai> it kicked me sorry
[21:15:20] [Client thread/INFO]: [CHAT] [Owner] <TheMinecraft> that thing was a monster overclocker
[21:15:23] [Client thread/INFO]: [CHAT] [me ->  MEGAF4IL] Tends to write paragraphs
[21:15:27] [Client thread/INFO]: [CHAT] < MEGAF4IL> What's goin on y'all I'm missing out on this convo
[21:15:31] [Client thread/INFO]: [CHAT] [me ->  MEGAF4IL] and is an extreme sonic fan
[21:15:33] [Client thread/INFO]: [CHAT] SlavThatSquats left the game
[21:15:34] [Client thread/INFO]: [CHAT] <SShadow1974> TheMinecraft Can i have VIP Rank Please
[21:15:35] [Client thread/INFO]: [CHAT] [Owner] <TheMinecraft> I OC'd mine from 2.66 to 4.0 GHz
[21:15:38] [Client thread/INFO]: [CHAT] [SrA] <irix> I don't use mine that often either, but it still performs well.
[21:15:43] [Client thread/INFO]: [CHAT] <taahanis> windows i have a question can i talk to you on the forums
[21:15:46] [Client thread/INFO]: [CHAT] Sho122 joined the game
[21:16:03] [Client thread/INFO]: [CHAT] <VideoGameSmash12> windows said no
[21:16:06] [Client thread/INFO]: [CHAT] <VideoGameSmash12> lol jk
[21:16:07] [Client thread/INFO]: [CHAT] < MEGAF4IL> Btw welcome back taa!
[21:16:10] [Client thread/INFO]: [CHAT] <taahanis> TY
[21:16:13] [Client thread/INFO]: [CHAT] < UnholySpirit> windows tp to me and tell me what you think about this
[21:16:15] [Client thread/INFO]: [CHAT] [Owner] <TheMinecraft> yeah taahanis pm me
[21:16:17] [Client thread/INFO]: [CHAT] EdibleAutism joined the game
[21:16:25] [Client thread/INFO]: [CHAT] Coolman6002 joined the game
[21:16:25] [Client thread/INFO]: [CHAT] Welcome Coolman6002 to TotalFreedom!
[21:16:26] [Client thread/INFO]: [CHAT] < MEGAF4IL> Lol dat name
[21:16:27] [Client thread/INFO]: [CHAT] < Eder> jesus loves sweaty ballsacks
[21:16:27] [Client thread/INFO]: [CHAT] TheMinecraft - Opping all players on the server
[21:16:27] [Client thread/INFO]: [CHAT] You are now op!
[21:16:30] [Client thread/INFO]: [CHAT] < UnholySpirit> TheMinecraft i pmed you alot of times
[21:16:33] [Client thread/INFO]: [CHAT] < Eder> JESUS LOVES SWEATY BALLSACKSsssssssssss
[21:16:34] [Client thread/INFO]: [CHAT] < Eder> JESUS LOVES SWEATY BALLSACKSssssssssssss
[21:16:36] [Client thread/INFO]: [CHAT] <Coolman6002> hi
[21:16:41] [Client thread/INFO]: [CHAT] [me ->  MEGAF4IL] I still have your quote from when I was recovering in 2016.
[21:16:42] [Client thread/INFO]: [CHAT] jwmphall - Muting EdibleAutism
[21:16:46] [Client thread/INFO]: [CHAT] < MEGAF4IL> Eder ./stfu m9
[21:16:52] [Client thread/INFO]: [CHAT] < UnholySpirit> why are you not noticing my pms
[21:16:53] [Client thread/INFO]: [CHAT] <HeyItsTai> watch your profanity
[21:16:57] [Client thread/INFO]: [CHAT] *  Eder is now AFK.
[21:16:58] [Client thread/INFO]: [CHAT] *  Eder is no longer AFK.
[21:16:58] [Client thread/INFO]: [CHAT] <HeyItsTai> lmao
[21:17:03] [Client thread/INFO]: [CHAT] < MEGAF4IL> Ong storage wars
[21:17:07] [Client thread/INFO]: [CHAT] <DisignusBlocks> a
[21:17:14] [Client thread/INFO]: [CHAT] [Owner] <TheMinecraft> sometimes I miss them, but I try to respond to them all
[21:17:18] [Client thread/INFO]: [CHAT] EdibleAutism left the game
[21:17:29] [Client thread/INFO]: [CHAT] TheMinecraft - Kicking Sho122 - Reason: dont use that password hack, it spams commands
[21:17:29] [Client thread/INFO]: [CHAT] Sho122 left the game
[21:17:30] [Client thread/INFO]: [CHAT] Vicki145 - Banning Sentinel and IPs: 94.177.123.116
[21:17:31] [Client thread/INFO]: [CHAT] Sho122 joined the game
[21:17:32] [Client thread/INFO]: [CHAT] <DisignusBlocks> try seeing mine
[21:17:33] [Client thread/INFO]: [CHAT] <taahanis> windows
[21:17:35] [Client thread/INFO]: [CHAT] <taahanis> check your pms
[21:17:42] [Client thread/INFO]: [CHAT] < MEGAF4IL> Anybody remember Geckey24?
[21:17:46] [Client thread/INFO]: [CHAT] [Owner] <TheMinecraft> I do
[21:17:50] [Client thread/INFO]: [CHAT] [SrA] <irix> Yeah
[21:17:52] [Client thread/INFO]: [CHAT] < MEGAF4IL> What happened to him?
[21:17:53] [Client thread/INFO]: [CHAT] <VideoGameSmash12> Yes.
[21:17:57] [Client thread/INFO]: [CHAT] <VideoGameSmash12> I don't know
[21:18:00] [Client thread/INFO]: [CHAT] [me ->  MEGAF4IL] :[06:37:04 INFO]: [TotalFreedomMod] [ADMIN] MEGAF4IL [SrA]: The problem with old video is he was at 360p. Now he's at 720p
[21:18:13] [Client thread/INFO]: [CHAT] < MEGAF4IL> Lmao how old is that!?
[21:18:23] [Client thread/INFO]: [CHAT] <VideoGameSmash12> oh this?
[21:18:24] [Client thread/INFO]: [CHAT] <VideoGameSmash12> :[06:37:04 INFO]: [TotalFreedomMod] [ADMIN] MEGAF4IL [SrA]: The problem with old video is he was at 360p. Now he's at 720p
[21:18:29] [Client thread/INFO]: [CHAT] <VideoGameSmash12> 2016
[21:18:32] [Client thread/INFO]: [CHAT] < MEGAF4IL> Nahh what I said before that
[21:18:35] [Client thread/INFO]: [CHAT] < MEGAF4IL> Ofc that lol
[21:18:42] [Client thread/INFO]: [CHAT] <VideoGameSmash12> oh, gecky?
[21:18:42] [Client thread/INFO]: [CHAT] < MEGAF4IL> Ooh holy fk
[21:18:47] [Client thread/INFO]: [CHAT] [SrA] <irix> Now it would be 4K
[21:18:47] [Client thread/INFO]: [CHAT] < MEGAF4IL> Wait what
[21:19:03] [Client thread/INFO]: [CHAT] <VideoGameSmash12> what
[21:19:04] [Client thread/INFO]: [CHAT] Kash445 joined the game
[21:19:11] [Client thread/INFO]: [CHAT] Kash445, Koslow
[21:19:13] [Client thread/INFO]: [CHAT] <taahanis> KASH
[21:19:13] [Client thread/INFO]: [CHAT] [me -> Kash445] MEGAF4IL is on
[21:19:16] [Client thread/INFO]: [CHAT] <VideoGameSmash12> kashy!
[21:19:17] [Client thread/INFO]: [CHAT] <taahanis> whyd u resign
[21:19:17] [Client thread/INFO]: [CHAT] <taahanis> :(
[21:19:17] [Client thread/INFO]: [CHAT] < MEGAF4IL> Honestly I think geck & I had a thing
[21:19:23] [Client thread/INFO]: [CHAT] <taahanis> mega u remember kash right
[21:19:23] [Client thread/INFO]: [CHAT] <DisignusBlocks> a
[21:19:24] [Client thread/INFO]: [CHAT] §2jwmphall§r has made the advancement [A Seedy Place]
[21:19:25] [Client thread/INFO]: [CHAT] <DisignusBlocks> what
[21:19:26] [Client thread/INFO]: [CHAT] <taahanis> :D
[21:19:30] [Client thread/INFO]: [CHAT] <Kash445> RIP Kash's admin status 2k17
[21:19:34] [Client thread/INFO]: [CHAT] < MEGAF4IL> I remember kash!
[21:19:38] [Client thread/INFO]: [CHAT] <Kash445> Yes I remember MEGA of course
[21:19:53] [Client thread/INFO]: [CHAT] < MEGAF4IL> Kash is my kush niqqa
[21:19:55] [Client thread/INFO]: [CHAT] <Kash445> How you doing
[21:19:58] [Client thread/INFO]: [CHAT] [STA] < Vicki> Why isn't Kash a Senior? OH WAIT KASH COME BACK!!!
[21:20:00] [Client thread/INFO]: [CHAT] <taahanis> it's pronounced
[21:20:01] [Client thread/INFO]: [CHAT] <taahanis> nibba
[21:20:07] [Client thread/INFO]: [CHAT] < MEGAF4IL> Nibba~
[21:20:10] [Client thread/INFO]: [CHAT] <VideoGameSmash12> MEGAF4IL, were you admin in like 2013?
[21:20:14] [Client thread/INFO]: [CHAT] < MEGAF4IL> Make me your nibba~
[21:20:16] [Client thread/INFO]: [CHAT] irix - Kicking PokezTLG - Reason: Don't use that tab hack
[21:20:16] [Client thread/INFO]: [CHAT] PokezTLG left the game
[21:20:22] [Client thread/INFO]: [CHAT] PokezTLG joined the game
[21:20:26] [Client thread/INFO]: [CHAT] < Chara_> -_-
[21:20:28] [Client thread/INFO]: [CHAT] <taahanis> you dont call a boy your best friend
[21:20:30] [Client thread/INFO]: [CHAT] < MEGAF4IL> I been here since 2010/2011
[21:20:31] [Client thread/INFO]: [CHAT] <taahanis> you call him your nibba
[21:20:35] [Client thread/INFO]: [CHAT] greyfoxboy2 joined the game
[21:20:39] [Client thread/INFO]: [CHAT] <Kash445> Same MEGA
[21:20:46] [Client thread/INFO]: [CHAT] [STA] < Vicki> Kash my dear
[21:20:50] [Client thread/INFO]: [CHAT] <taahanis> >>when you've been on tf forums longer than the tf owne
[21:20:51] [Client thread/INFO]: [CHAT] <Kash445> Hi Vicki
[21:20:52] [Client thread/INFO]: [CHAT] Coolman6002 - Opping Coolman6002
[21:20:52] [Client thread/INFO]: [CHAT] <taahanis> owner*
[21:20:57] [Client thread/INFO]: [CHAT] [STA] < Vicki> Hellooo
[21:20:57] [Client thread/INFO]: [CHAT] <VideoGameSmash12> Kash is probably the oldest player
[21:20:59] [Client thread/INFO]: [CHAT] < MEGAF4IL> ??
[21:21:04] [Client thread/INFO]: [CHAT] [STA] < Vicki> I think he is Video
[21:21:15] [Client thread/INFO]: [CHAT] <HeyItsTai> sorryr
[21:21:15] [Client thread/INFO]: [CHAT] <Kash445> The oldest ACTIVE player
[21:21:15] [Client thread/INFO]: [CHAT] <Coolman6002> omg what have i done
[21:21:16] [Client thread/INFO]: [CHAT] [STA] < Vicki> He's an Senior or was....
[21:21:16] [Client thread/INFO]: [CHAT] < MEGAF4IL> There's no way Kash is the oldest on the server atm
[21:21:19] [Client thread/INFO]: [CHAT] [STA] < Vicki> Idk anymore
[21:21:21] [Client thread/INFO]: [CHAT] <VideoGameSmash12> well mega
[21:21:22] [Client thread/INFO]: [CHAT] [STA] < Vicki> Im confused
[21:21:31] [Client thread/INFO]: [CHAT] <taahanis> i call time travel
[21:21:31] [Client thread/INFO]: [CHAT] <VideoGameSmash12> a bunch of admins quit in like august 2016
[21:21:33] [Client thread/INFO]: [CHAT] <Kash445> markbyron is
[21:21:39] [Client thread/INFO]: [CHAT] <DisignusBlocks> windows
[21:21:41] [Client thread/INFO]: [CHAT] [STA] < Vicki> Mark is a Founder.
[21:21:43] [Client thread/INFO]: [CHAT] HeyItsTai is placing blocks too fast!
[21:21:43] [Client thread/INFO]: [CHAT] HeyItsTai has been banned for 5 minutes.
[21:21:43] [Client thread/INFO]: [CHAT] HeyItsTai left the game
[21:21:45] [Client thread/INFO]: [CHAT] jwmphall is placing blocks too fast!
[21:21:45] [Client thread/INFO]: [CHAT] jwmphall has been banned for 5 minutes.
[21:21:45] [Client thread/INFO]: [CHAT] jwmphall left the game
[21:21:49] [Client thread/INFO]: [CHAT] <DisignusBlocks> can you check this and tellme your opinion
[21:21:50] [Client thread/INFO]: [CHAT] [SA] <Shiftinq_> t
[21:21:59] [Client thread/INFO]: [CHAT] <VideoGameSmash12> great job tf
[21:22:00] [Client thread/INFO]: [CHAT] jwmphall is a Telnet Admin
[21:22:00] [Client thread/INFO]: [CHAT] jwmphall joined the game
[21:22:00] [Client thread/INFO]: [CHAT] < Chara_> XD
[21:22:00] [Client thread/INFO]: [CHAT] <taahanis> o yeah
[21:22:00] [Client thread/INFO]: [CHAT] <taahanis> mega
[21:22:00] [Client thread/INFO]: [CHAT] <taahanis> so while u've been gone
[21:22:00] [Client thread/INFO]: [CHAT] <taahanis> oh wait
[21:22:00] [Client thread/INFO]: [CHAT] < MEGAF4IL> I mean the oldest admin on the server atm
[21:22:00] [Client thread/INFO]: [CHAT] [STA] < Vicki> RIP Jwmp
[21:22:01] [Client thread/INFO]: [CHAT] < MEGAF4IL> Is there a new owner?
[21:22:01] [Client thread/INFO]: [CHAT] TheMinecraft - Banning Dimas123 and IPs: 31.8.102.189
[21:22:04] [Client thread/INFO]: [CHAT] <taahanis> yes
[21:22:05] [Client thread/INFO]: [CHAT] jwmphall - Opping jwmphall
[21:22:07] [Client thread/INFO]: [CHAT] <taahanis> TheMinecraft aka windows
[21:22:08] [Client thread/INFO]: [CHAT] <VideoGameSmash12> Yes.
[21:22:10] [Client thread/INFO]: [CHAT] <taahanis> aka old cjf senior
[21:22:12] [Client thread/INFO]: [CHAT] < MEGAF4IL> WAIT
[21:22:12] [Client thread/INFO]: [CHAT] <taahanis> is the new owner
[21:22:15] [Client thread/INFO]: [CHAT] <taahanis> mark is fouder
[21:22:15] [Client thread/INFO]: [CHAT] <VideoGameSmash12> Windows_i7_920
[21:22:21] [Client thread/INFO]: [CHAT] [STA] < Vicki> Mega lol
[21:22:21] [Client thread/INFO]: [CHAT] <taahanis> prozza quit
[21:22:22] [Client thread/INFO]: [CHAT] greyfoxboy2 left the game
[21:22:22] [Client thread/INFO]: [CHAT] <VideoGameSmash12> fouder
[21:22:25] [Client thread/INFO]: [CHAT] [STA] < Vicki> Windows ois the Owner
[21:22:25] [Client thread/INFO]: [CHAT] <VideoGameSmash12> ok
[21:22:26] [Client thread/INFO]: [CHAT] <taahanis> founder*
[21:22:27] [Client thread/INFO]: [CHAT] [STA] < Vicki> is*
[21:22:35] [Client thread/INFO]: [CHAT] [me ->  MEGAF4IL] got a discord?
[21:22:35] [Client thread/INFO]: [CHAT] < MEGAF4IL> WINDOWS THE SA FROM CJGFREEDOM is owner of TF now?
[21:22:37] [Client thread/INFO]: [CHAT] <Kash445> I could guarntee you
[21:22:38] [Client thread/INFO]: [CHAT] <taahanis> yes
[21:22:39] [Client thread/INFO]: [CHAT] [Owner] <TheMinecraft> yes
[21:22:40] [Client thread/INFO]: [CHAT] <VideoGameSmash12> YUP
[21:22:45] [Client thread/INFO]: [CHAT] <Kash445> At least half the OPs on right now were former admins
[21:22:49] [Client thread/INFO]: [CHAT] <taahanis> same
[21:23:14] [Client thread/INFO]: [CHAT] <VideoGameSmash12> silent
[21:23:17] [Client thread/INFO]: [CHAT] <DDiS> indedd
[21:23:22] [Client thread/INFO]: [CHAT] <VideoGameSmash12> oh and tf died
[21:23:25] [Client thread/INFO]: [CHAT] <VideoGameSmash12> great job tfm
[21:23:30] [Client thread/INFO]: [CHAT] <VideoGameSmash12> it legit shat itself
[21:23:43] [Client thread/INFO]: Connecting to play.totalfreedom.me., 25565
[21:23:48] [Client thread/INFO]: Connecting to play.totalfreedom.me., 25565
[21:23:51] [Client thread/INFO]: Connecting to play.totalfreedom.me., 25565
[21:23:55] [Client thread/INFO]: Connecting to play.totalfreedom.me., 25565
[21:24:02] [Client thread/INFO]: Connecting to play.totalfreedom.me., 25565
[21:24:20] [Client thread/INFO]: Connecting to play.totalfreedom.me., 25565
[21:24:51] [Client thread/INFO]: Connecting to play.totalfreedom.me., 25565
[21:25:31] [Client thread/INFO]: Connecting to play.totalfreedom.me., 25565
[21:25:51] [Client thread/INFO]: Connecting to play.totalfreedom.me., 25565
[21:26:29] [Client thread/INFO]: Connecting to play.totalfreedom.me., 25565
[21:27:08] [Client thread/INFO]: Connecting to play.totalfreedom.me., 25565
[21:27:16] [Client thread/INFO]: Connecting to play.totalfreedom.me., 25565
[21:27:17] [Client thread/INFO]: [CHAT] [LibsDisguises] There is a update ready to be downloaded! You are using v9.4.0-SNAPSHOT, the new version is v9.5.0!
[21:27:17] [Client thread/INFO]: [CHAT] VideoGameSmash12 joined the game
[21:27:18] [Client thread/INFO]: [CHAT] Welcome to TotalFreedom, VideoGameSmash12!
[21:27:18] [Client thread/INFO]: [CHAT] The server's name does not imply that we have no rules. Please read them (/rules)
[21:27:18] [Client thread/INFO]: [CHAT] Type /help for a list of commands.
[21:27:18] [Client thread/INFO]: [CHAT] Type /list to see who else is online.
[21:27:18] [Client thread/INFO]: [CHAT] Players online: 3 - World time: 12:00 PM
[21:27:18] [Client thread/INFO]: [CHAT] You have no new mail.
[21:27:18] [Client thread/INFO]: [CHAT] [BetterChairs] Find new update ! Version: 0.9.5
[21:27:18] [Client thread/INFO]: [CHAT] [UPDATE]
[21:27:18] [Client thread/INFO]: [CHAT] [AsyncWorldEdit] You have an old version of the plugin. Your version: 2.3.3, available version: 3.4.11
[21:27:18] [Client thread/INFO]: [CHAT] TheMinecraft is the Owner
[21:27:18] [Client thread/INFO]: [CHAT] TheMinecraft joined the game
[21:27:18] [Client thread/INFO]: [CHAT] Welcome VideoGameSmash12 to TotalFreedom!
[21:27:18] [Client thread/INFO]: [CHAT] DisignusBlocks joined the game
[21:27:18] [Client thread/INFO]: [CHAT] taahanis joined the game
[21:27:18] [Client thread/INFO]: [CHAT] Welcome taahanis to TotalFreedom!
[21:27:19] [Client thread/INFO]: [CHAT] BibleRule joined the game
[21:27:19] [Client thread/INFO]: [CHAT] Welcome BibleRule to TotalFreedom!
[21:27:21] [Client thread/INFO]: [CHAT] BibleRule left the game
[21:27:23] [Client thread/INFO]: [CHAT] < MEGAF4IL> Connected using PickaxeChat for Android
[21:27:23] [Client thread/INFO]: [CHAT] MEGAF4IL joined the game
[21:27:23] [Client thread/INFO]: [CHAT] Welcome  MEGAF4IL to TotalFreedom!
[21:27:23] [Client thread/INFO]: [CHAT] < Chara_> 2nd!
[21:27:24] [Client thread/INFO]: [CHAT] <DisignusBlocks> a
[21:27:26] [Client thread/INFO]: [CHAT] <VideoGameSmash12> fuck
[21:27:26] [Client thread/INFO]: [CHAT] <taahanis> windoes
[21:27:27] [Client thread/INFO]: [CHAT] BibleRule joined the game
[21:27:29] [Client thread/INFO]: [CHAT] DDiS joined the game
[21:27:29] [Client thread/INFO]: [CHAT] Welcome DDiS to TotalFreedom!
[21:27:30] [Client thread/INFO]: [CHAT] <VideoGameSmash12> rip video's house
[21:27:30] [Client thread/INFO]: [CHAT] BibleRule left the game
[21:27:33] [Client thread/INFO]: [CHAT] <taahanis> windows
[21:27:33] [Client thread/INFO]: [CHAT] <DDiS> indeed
[21:27:34] [Client thread/INFO]: [CHAT] ManMC joined the game
[21:27:34] [Client thread/INFO]: [CHAT] Welcome ManMC to TotalFreedom!
[21:27:40] [Client thread/INFO]: [CHAT] BibleRule joined the game
[21:27:43] [Client thread/INFO]: [CHAT] < MEGAF4IL> Why's the server keep sitting itself
[21:27:45] [Client thread/INFO]: [CHAT] Gamemode set to survival.
[21:27:46] [Client thread/INFO]: [CHAT] irix is a Senior Admin
[21:27:46] [Client thread/INFO]: [CHAT] irix joined the game
[21:27:46] [Client thread/INFO]: [CHAT] Welcome irix to TotalFreedom!
[21:27:47] [Client thread/INFO]: [CHAT] <taahanis> sitting
[21:27:48] [Client thread/INFO]: [CHAT] <taahanis> itself
[21:27:48] [Client thread/INFO]: [CHAT] [Owner] <TheMinecraft> Sorry but the old world was causing it
[21:27:51] [Client thread/INFO]: [CHAT] < MEGAF4IL> Yes
[21:27:51] [Client thread/INFO]: [CHAT] <DDiS> sittinng
[21:27:52] [Client thread/INFO]: [CHAT] <BibleRule> salutations, friends
[21:27:52] [Client thread/INFO]: [CHAT] Coolman6002 joined the game
[21:27:52] [Client thread/INFO]: [CHAT] Welcome Coolman6002 to TotalFreedom!
[21:27:56] [Client thread/INFO]: [CHAT] <DisignusBlocks> windows
[21:27:58] [Client thread/INFO]: [CHAT] < Chara_> well im lost now
[21:27:59] [Client thread/INFO]: [CHAT] ManMC - Opping irix
[21:28:00] [Client thread/INFO]: [CHAT] <VideoGameSmash12> shit those wolves
[21:28:00] [Client thread/INFO]: [CHAT] [Owner] <TheMinecraft> ?
[21:28:00] [Client thread/INFO]: [CHAT] <taahanis> how does a server sit itself
[21:28:02] [Client thread/INFO]: [CHAT] <DisignusBlocks> how do you found out these things
[21:28:05] [Client thread/INFO]: [CHAT] DDiS left the game
[21:28:05] [Client thread/INFO]: [CHAT] ManMC - Opping ManMC
[21:28:15] [Client thread/INFO]: [CHAT] <taahanis> windows is what we call
[21:28:16] [Client thread/INFO]: [CHAT] < MEGAF4IL> Inb4 windows checks his forums PM's~
[21:28:17] [Client thread/INFO]: [CHAT] <taahanis> a tech nerd
[21:28:19] [Client thread/INFO]: [CHAT] < Chara_> is anybody at the port
[21:28:20] [Client thread/INFO]: [CHAT] ManMC left the game
[21:28:22] [Client thread/INFO]: [CHAT] Spaceinvader11 left the game
[21:28:23] [Client thread/INFO]: [CHAT] < Chara_> the sea port
[21:28:23] [Client thread/INFO]: [CHAT] <VideoGameSmash12> fuck you too wolf
[21:28:25] [Client thread/INFO]: [CHAT] <DisignusBlocks> ya nerd
[21:28:39] [Client thread/INFO]: [CHAT] < MEGAF4IL> *cough* NERRD
[21:28:43] [Client thread/INFO]: [CHAT] < MEGAF4IL> Jk
[21:28:56] [Client thread/INFO]: [CHAT] <taahanis> windowsplsnopermbanifan
[21:28:58] [Client thread/INFO]: [CHAT] < MEGAF4IL> Taa when r u gonna be on Xbox?
[21:29:00] [Client thread/INFO]: [CHAT] < Chara_> but srsly where is it
[21:29:05] [Client thread/INFO]: [CHAT] <BibleRule> inanimate objects have feelings too
[21:29:05] [Client thread/INFO]: [CHAT] <DisignusBlocks> we suck up
[21:29:08] [Client thread/INFO]: [CHAT] <taahanis> when i finish my homework when i bother to actually focus on it
[21:29:10] [Client thread/INFO]: [CHAT] <taahanis> :D
[21:29:10] [Client thread/INFO]: [CHAT] [SrA] <irix> That's the best kind of nerd
[21:29:10] [Client thread/INFO]: [CHAT] <DisignusBlocks> we get opas'ed
[21:29:15] [Client thread/INFO]: [CHAT] You have been healed.
[21:29:17] [Client thread/INFO]: [CHAT] MR_K_BUILDER joined the game
[21:29:17] [Client thread/INFO]: [CHAT] Welcome MR_K_BUILDER to TotalFreedom!
[21:29:23] [Client thread/INFO]: [CHAT] < MEGAF4IL> Do ur homework for me~
[21:29:27] [Client thread/INFO]: [CHAT] <taahanis> ok daddy
[21:29:28] [Client thread/INFO]: [CHAT] * taahanis is now AFK.
[21:29:34] [Client thread/INFO]: [CHAT] < MEGAF4IL> Omg xD
[21:29:36] [Client thread/INFO]: [CHAT] * taahanis is no longer AFK.
[21:29:36] [Client thread/INFO]: [CHAT] <taahanis> XD
[21:29:43] [Client thread/INFO]: [CHAT] <BibleRule> do my ap bio for me my guy
[21:29:48] [Client thread/INFO]: [CHAT] <taahanis> no
[21:29:50] [Client thread/INFO]: [CHAT] <MR_K_BUILDER> what happend to our city?
[21:29:50] [Client thread/INFO]: [CHAT] <BibleRule> k
[21:29:54] [Client thread/INFO]: [CHAT] <taahanis> im only in 8th grade
[21:29:56] [Client thread/INFO]: [CHAT] * taahanis is now AFK.
[21:29:58] [Client thread/INFO]: [CHAT] <BibleRule> lol
[21:30:05] [Client thread/INFO]: [CHAT] <DisignusBlocks> eww
[21:30:11] [Client thread/INFO]: [CHAT] < MEGAF4IL> I have a 12th grade book of cheat sheets
[21:30:11] [Client thread/INFO]: [CHAT] <BibleRule> thats sad
[21:30:12] [Client thread/INFO]: [CHAT] Gamemode set to creative.
[21:30:13] [Client thread/INFO]: [CHAT] Vicki145 is a Telnet Admin
[21:30:13] [Client thread/INFO]: [CHAT] Vicki145 joined the game
[21:30:13] [Client thread/INFO]: [CHAT] RoboEx joined the game
[21:30:13] [Client thread/INFO]: [CHAT] Welcome  Vicki to TotalFreedom!
[21:30:13] [Client thread/INFO]: [CHAT] Welcome  RoboEx to TotalFreedom!
[21:30:20] [Client thread/INFO]: [CHAT] <BibleRule> hello vickster
[21:30:20] [Client thread/INFO]: [CHAT] Gamemode set to survival.
[21:30:20] [Client thread/INFO]: [CHAT] <DisignusBlocks> a
[21:30:23] [Client thread/INFO]: [CHAT] [STA] < Vicki> Taah I swear to god.
[21:30:26] [Client thread/INFO]: [CHAT] < MEGAF4IL> Vikki
[21:30:31] [Client thread/INFO]: [CHAT] [STA] < Vicki> Stop assuming me boi
[21:30:39] [Client thread/INFO]: [CHAT] < MEGAF4IL> Assuming waht?
[21:30:40] [Client thread/INFO]: [CHAT] <VideoGameSmash12> oh fuck
[21:30:44] [Client thread/INFO]: [CHAT] Piti'ed Souls < EternalTorture> hello
[21:30:51] [Client thread/INFO]: [CHAT] <VideoGameSmash12> I'm getting attacked by a pack of pissed off wolves
[21:30:55] [Client thread/INFO]: [CHAT] [STA] < Vicki> If you see the ShoutBox, you'll get it.
[21:31:02] [Client thread/INFO]: [CHAT] < Chara_> do /flatlands
[21:31:07] [Client thread/INFO]: [CHAT] < MEGAF4IL> Videos getting gangbaged by beastiakity
[21:31:16] [Client thread/INFO]: [CHAT] You have been healed.
[21:31:17] [Client thread/INFO]: [CHAT] Giving 1 of bow
[21:31:19] [Client thread/INFO]: [CHAT] <BibleRule> baged
[21:31:19] [Client thread/INFO]: [CHAT] Giving 420 of arrow
[21:31:21] [Client thread/INFO]: [CHAT] VideoGameSmash12 has made the advancement [Take Aim]
[21:31:32] [Client thread/INFO]: [CHAT] < MEGAF4IL> Lmao
[21:31:32] [Client thread/INFO]: [CHAT] < RoboEx> hi vicki
[21:31:37] [Client thread/INFO]: [CHAT] TrilluS joined the game
[21:31:37] [Client thread/INFO]: [CHAT] Welcome TrilluS to TotalFreedom!
[21:31:43] [Client thread/INFO]: [CHAT] Sho122 joined the game
[21:31:43] [Client thread/INFO]: [CHAT] Welcome  stop12 to TotalFreedom!
[21:31:51] [Client thread/INFO]: [CHAT] bearbat9 joined the game
[21:31:51] [Client thread/INFO]: [CHAT] Welcome bearbat9 to TotalFreedom!
[21:31:54] [Client thread/INFO]: [CHAT] <VideoGameSmash12> HELP
[21:31:58] [Client thread/INFO]: [CHAT] < MEGAF4IL> Gotta restart my chromebook cayse its freezing
[21:32:06] [Client thread/INFO]: [CHAT] FilluS joined the game
[21:32:06] [Client thread/INFO]: [CHAT] * taahanis is no longer AFK.
[21:32:06] [Client thread/INFO]: [CHAT] <taahanis> rip
[21:32:06] [Client thread/INFO]: [CHAT] Welcome FilluS to TotalFreedom!
[21:32:10] [Client thread/INFO]: [CHAT] < RoboEx> rop
[21:32:11] [Client thread/INFO]: [CHAT] < MEGAF4IL> ./help video
[21:32:12] [Client thread/INFO]: [CHAT] < RoboEx> rip*
[21:32:13] [Client thread/INFO]: [CHAT] <BibleRule> chromebook
[21:32:14] [Client thread/INFO]: [CHAT] * taahanis is now AFK.
[21:32:15] [Client thread/INFO]: [CHAT] [STA] < Vicki> Fuck ChromeBook
[21:32:23] [Client thread/INFO]: [CHAT] [STA] < Vicki> I used to have it and it sucks
[21:32:23] [Client thread/INFO]: [CHAT] < MEGAF4IL> Hey it's good for coding
[21:32:27] [Client thread/INFO]: [CHAT] < MEGAF4IL> But I never code
[21:32:28] [Client thread/INFO]: [CHAT] < MEGAF4IL> So idek
[21:32:29] [Client thread/INFO]: [CHAT] <BibleRule> throw out your chromebook
[21:32:31] [Client thread/INFO]: [CHAT] <BibleRule> and buy
[21:32:34] [Client thread/INFO]: [CHAT] <BibleRule> a palm pilot
[21:32:35] [Client thread/INFO]: [CHAT] Sho122 left the game
[21:32:36] [Client thread/INFO]: [CHAT] < RoboEx> no
[21:32:37] [Client thread/INFO]: [CHAT] < RoboEx> a macbook
[21:32:39] [Client thread/INFO]: [CHAT] < RoboEx> no wait
[21:32:40] [Client thread/INFO]: [CHAT] Sho122 joined the game
[21:32:42] [Client thread/INFO]: [CHAT] Sho122 left the game
[21:32:42] [Client thread/INFO]: [CHAT] < RoboEx> a windowbook
[21:32:45] [Client thread/INFO]: [CHAT] <BibleRule> no
[21:32:48] [Client thread/INFO]: [CHAT] [STA] < Vicki> I'll brb
[21:32:50] [Client thread/INFO]: [CHAT] Vicki145 left the game
[21:32:53] [Client thread/INFO]: [CHAT] <BibleRule> just buy a fucking book and read it
[21:32:56] [Client thread/INFO]: [CHAT] [CONSOLE]<Skoonk_and_Xeoda> Go get a $30,000 server like I have.
[21:32:58] [Client thread/INFO]: [CHAT] < MEGAF4IL> How about be my sugar daddy for a day and buy me a gaming laptop?
[21:32:59] [Client thread/INFO]: [CHAT] Vicki145 is a Telnet Admin
[21:32:59] [Client thread/INFO]: [CHAT] Vicki145 joined the game
[21:33:02] [Client thread/INFO]: [CHAT] <BibleRule> ok skoonk
[21:33:08] [Client thread/INFO]: [CHAT] <BibleRule> yours is bigger than ours
[21:33:10] [Client thread/INFO]: [CHAT] <BibleRule> we get it
[21:33:16] [Client thread/INFO]: [CHAT] Kash445 joined the game
[21:33:16] [Client thread/INFO]: [CHAT] Welcome Kash445 to TotalFreedom!
[21:33:21] [Client thread/INFO]: [CHAT] < MEGAF4IL> Lmao a windowbook
[21:33:23] [Client thread/INFO]: [CHAT] [STA] < Vicki> Hai Kashy!
[21:33:23] [Client thread/INFO]: [CHAT] < RoboEx> wait what?
[21:33:25] [Client thread/INFO]: [CHAT] Use the /back command to return to your death point.
[21:33:25] [Client thread/INFO]: [CHAT] VideoGameSmash12 was slain by Wolf
[21:33:25] [Client thread/INFO]: [CHAT] <Kash445> Hi
[21:33:28] [Client thread/INFO]: [CHAT] Oh, welcome. I see you've returned. 
[21:33:28] [Client thread/INFO]: [CHAT] PvP is disabled in this area.
[21:33:30] [Client thread/INFO]: [CHAT] <VideoGameSmash12> fuck
[21:33:31] [Client thread/INFO]: [CHAT] Returning to previous location.
[21:33:34] [Client thread/INFO]: [CHAT] [STA] < Vicki> My brother!! :D
[21:33:36] [Client thread/INFO]: [CHAT] FilluS left the game
[21:33:38] [Client thread/INFO]: [CHAT] <BibleRule> no thx VideoGameSmash12
[21:33:38] [Client thread/INFO]: [CHAT] < RoboEx> why would you buy a 30K server?
[21:33:39] [Client thread/INFO]: [CHAT] <Kash445> :)
[21:33:39] [Client thread/INFO]: [CHAT] Giving 1 of bow
[21:33:41] [Client thread/INFO]: [CHAT] FilluS joined the game
[21:33:41] [Client thread/INFO]: [CHAT] < MEGAF4IL> Lol video
[21:33:45] [Client thread/INFO]: [CHAT] <VideoGameSmash12> Why wouldn't you
[21:33:50] [Client thread/INFO]: [CHAT] < RoboEx> b/c im broke?
[21:33:54] [Client thread/INFO]: [CHAT] [STA] < Vicki> I finally got adopted by Kash! YAY
[21:33:57] [Client thread/INFO]: [CHAT] [CONSOLE]<Skoonk_and_Xeoda> because it outclasses all your shit lol
[21:33:59] [Client thread/INFO]: [CHAT] <VideoGameSmash12> fuck me
[21:34:01] [Client thread/INFO]: [CHAT] < MEGAF4IL> When you have a $30k server like Wild_1145
[21:34:03] [Client thread/INFO]: [CHAT] [Owner] <TheMinecraft> if I had $30k to spend it would not be a server
[21:34:05] [Client thread/INFO]: [CHAT] ZeroEpoch1969 is an Impostor
[21:34:05] [Client thread/INFO]: [CHAT] Warning: ZeroEpoch1969 has been flagged as an impostor and has been frozen!
[21:34:05] [Client thread/INFO]: [CHAT] ZeroEpoch1969 joined the game
[21:34:05] [Client thread/INFO]: [CHAT] Welcome ZeroEpoch1969 to TotalFreedom!
[21:34:07] [Client thread/INFO]: [CHAT] DJ_EnderMelon joined the game
[21:34:07] [Client thread/INFO]: [CHAT] Welcome DJ_EnderMelon to TotalFreedom!
[21:34:08] [Client thread/INFO]: [CHAT] <VideoGameSmash12> tp to see why i'm saying that
[21:34:08] [Client thread/INFO]: [CHAT] <ZeroEpoch1969> H
[21:34:10] [Client thread/INFO]: [CHAT] TheMinecraft - Opping all players on the server
[21:34:10] [Client thread/INFO]: [CHAT] You are now op!
[21:34:14] [Client thread/INFO]: [CHAT] <BibleRule> add urself u dummy
[21:34:15] [Client thread/INFO]: [CHAT] [STA] < Vicki> Seth my buddy! Verify?
[21:34:16] [Client thread/INFO]: [CHAT] [CONSOLE]<RobinGall2910> are u real white fucker
[21:34:20] [Client thread/INFO]: [CHAT] Pity'ed Souls < EternalTorture> diamond coated dildo
[21:34:26] [Client thread/INFO]: [CHAT] < MEGAF4IL> I am a real white fuchsia
[21:34:27] [Client thread/INFO]: [CHAT] <ZeroEpoch1969> yes im whiter than paper
[21:34:34] [Client thread/INFO]: [CHAT] ZeroEpoch1969 has verified themself!
[21:34:34] [Client thread/INFO]: [CHAT] TotalFreedom - Readding ZeroEpoch1969 to the staff list
[21:34:36] [Client thread/INFO]: [CHAT] Error: Unknown item name: wolf.
[21:34:36] [Client thread/INFO]: [CHAT] <BibleRule> ok
[21:34:38] [Client thread/INFO]: [CHAT] < MEGAF4IL> Writer than sour cream
[21:34:38] [Client thread/INFO]: [CHAT] Item: MONSTER_EGG - 383:95
[21:34:38] [Client thread/INFO]: [CHAT] Item short names: wolfegg, eggwolf
[21:34:39] [Client thread/INFO]: [CHAT] [CONSOLE]<RobinGall2910> wo fuck u
[21:34:42] [Client thread/INFO]: [CHAT] [CONSOLE]<RobinGall2910> i was gonna do that
[21:34:42] [Client thread/INFO]: [CHAT] Giving 64 of monster egg
[21:34:45] [Client thread/INFO]: [CHAT] <ZeroEpoch1969> <3
[21:34:46] [Client thread/INFO]: [CHAT] [Owner] <TheMinecraft> If I had $30k to spend, it'd be on a sports car of some sort
[21:34:52] [Client thread/INFO]: [CHAT] <BibleRule> whiter than my left cheek
[21:34:59] [Client thread/INFO]: [CHAT] [Owner] <TheMinecraft> probably an MX-5 Miata
[21:35:01] [Client thread/INFO]: [CHAT] <BibleRule> if i had 30k bucks
[21:35:01] [Client thread/INFO]: [CHAT] Pity'ed Souls < EternalTorture> how does that verifyme work
[21:35:04] [Client thread/INFO]: [CHAT] < MEGAF4IL> Imma kiss ur left cheek
[21:35:05] [Client thread/INFO]: [CHAT] < RoboEx> if i had 30k it would be saved for later
[21:35:05] [Client thread/INFO]: [CHAT] <MR_K_BUILDER> irix you there? I have a question.
[21:35:14] [Client thread/INFO]: [CHAT] < MEGAF4IL> Jk idk you
[21:35:20] [Client thread/INFO]: [CHAT] DJ_EnderMelon left the game
[21:35:21] [Client thread/INFO]: [CHAT] <BibleRule> id get $30k worth of chicken mcnuggets
[21:35:27] [Client thread/INFO]: [CHAT] Unknown command. Type "/help" for help.
[21:35:28] [Client thread/INFO]: [CHAT] You have been healed.
[21:35:41] [Client thread/INFO]: [CHAT] < RoboEx> that would be a bathtub full of nuggets
[21:35:46] [Client thread/INFO]: [CHAT] <BibleRule> no
[21:35:48] [Client thread/INFO]: [CHAT] Pity'ed Souls < EternalTorture> nibbets
[21:35:52] [Client thread/INFO]: [CHAT] <BibleRule> five saunas
[21:35:54] [Client thread/INFO]: [CHAT] < MEGAF4IL> Bathe in nugget grease
[21:36:02] [Client thread/INFO]: [CHAT] < RoboEx> more than a tub obviously
[21:36:07] [Client thread/INFO]: [CHAT] < RoboEx> a limo worth of nuggets?
[21:36:13] [Client thread/INFO]: [CHAT] < MEGAF4IL> Where'd my nibba Taah go?~
[21:36:28] [Client thread/INFO]: [CHAT] <VideoGameSmash12> probably making out with commissionerhoe
[21:36:30] [Client thread/INFO]: [CHAT] <VideoGameSmash12> wait
[21:36:31] [Client thread/INFO]: [CHAT] [STA] < Vicki> Im your mum's ass, Mega,
[21:36:32] [Client thread/INFO]: [CHAT] <VideoGameSmash12> no that's fucked up
[21:36:35] [Client thread/INFO]: [CHAT] < RoboEx> lol
[21:36:36] [Client thread/INFO]: [CHAT] [STA] < Vicki> Wheeeo
[21:36:39] [Client thread/INFO]: [CHAT] <BibleRule> i get it cuz white people cant say the n word
[21:36:39] [Client thread/INFO]: [CHAT] DisignusBlocks left the game
[21:36:42] [Client thread/INFO]: [CHAT] Shiftinq_ is a Super Admin
[21:36:42] [Client thread/INFO]: [CHAT] Shiftinq_ joined the game
[21:36:42] [Client thread/INFO]: [CHAT] Welcome Shiftinq_ to TotalFreedom!
[21:36:43] [Client thread/INFO]: [CHAT] <BibleRule> funny
[21:36:44] [Client thread/INFO]: [CHAT] [STA] < Vicki> in*
[21:36:46] [Client thread/INFO]: [CHAT] [SA] <Shiftinq_> What?
[21:36:46] [Client thread/INFO]: [CHAT] * irix is now AFK.
[21:36:47] [Client thread/INFO]: [CHAT] * irix is no longer AFK.
[21:36:47] [Client thread/INFO]: [CHAT] <BibleRule> wb shifty
[21:36:55] [Client thread/INFO]: [CHAT] < RoboEx> shiftyq
[21:36:58] [Client thread/INFO]: [CHAT] irix left the game
[21:36:59] [Client thread/INFO]: [CHAT] < MEGAF4IL> You're my mom's ass, vicki?
[21:36:59] [Client thread/INFO]: [CHAT] TheMinecraft left the game
[21:36:59] [Client thread/INFO]: [CHAT] [SA] <Shiftinq_> nooo
[21:37:01] [Client thread/INFO]: [CHAT] [SA] <Shiftinq_> my house!
[21:37:03] [Client thread/INFO]: [CHAT] < MEGAF4IL> Straange
[21:37:03] [Client thread/INFO]: [CHAT] * taahanis is no longer AFK.
[21:37:03] [Client thread/INFO]: [CHAT] <taahanis> nibba
[21:37:04] [Client thread/INFO]: [CHAT] < RoboEx> ?
[21:37:04] [Client thread/INFO]: [CHAT] wills21 joined the game
[21:37:04] [Client thread/INFO]: [CHAT] Welcome wills21 to TotalFreedom!
[21:37:09] [Client thread/INFO]: [CHAT] Kash445 - Opping wills21
[21:37:09] [Client thread/INFO]: [CHAT] Vicki145 - Opping all players on the server
[21:37:09] [Client thread/INFO]: [CHAT] You are now op!
[21:37:09] [Client thread/INFO]: [CHAT] <BibleRule> brb
[21:37:12] [Client thread/INFO]: [CHAT] <MR_K_BUILDER> irix you there? I have a question PLEASE
[21:37:13] [Client thread/INFO]: [CHAT] BibleRule left the game
[21:37:14] [Client thread/INFO]: [CHAT] < MEGAF4IL> Mah nibba Wicke back!
[21:37:16] [Client thread/INFO]: [CHAT] [SA] <Shiftinq_> Robo
[21:37:17] [Client thread/INFO]: [CHAT] < MEGAF4IL> Welcome*
[21:37:19] [Client thread/INFO]: [CHAT] [STA] < Vicki> Aww Kashy you beat me :p
[21:37:19] [Client thread/INFO]: [CHAT] <taahanis> ROBO
[21:37:20] [Client thread/INFO]: [CHAT] < RoboEx> yes?
[21:37:24] [Client thread/INFO]: [CHAT] <Kash445> lol
[21:37:25] [Client thread/INFO]: [CHAT] <taahanis> i learnt metalcables
[21:37:28] [Client thread/INFO]: [CHAT] [SA] <Shiftinq_> I died in megacrafting
[21:37:29] [Client thread/INFO]: [CHAT] < RoboEx> :D
[21:37:31] [Client thread/INFO]: [CHAT] < RoboEx> aww
[21:37:32] [Client thread/INFO]: [CHAT] [SA] <Shiftinq_> I lost stuff
[21:37:35] [Client thread/INFO]: [CHAT] <taahanis> lets get on
[21:37:39] [Client thread/INFO]: [CHAT] <Kash445> I don't have to be an admin and I still can beat you lol
[21:37:44] [Client thread/INFO]: [CHAT] Giving 420 of arrow
[21:37:47] [Client thread/INFO]: [CHAT] < RoboEx> sure
[21:37:48] [Client thread/INFO]: [CHAT] <taahanis> ill beat u my nibba
[21:37:51] [Client thread/INFO]: [CHAT] [SA] <Shiftinq_> I died because of an elite zombie, enderman, skeleton
[21:37:58] [Client thread/INFO]: [CHAT] <taahanis> MEGAF4IL's my nibba
[21:38:03] [Client thread/INFO]: [CHAT] < MEGAF4IL> Wahts metalcables? .-.
[21:38:07] [Client thread/INFO]: [CHAT] <taahanis> bending server
[21:38:09] [Client thread/INFO]: [CHAT] Use the /back command to return to your death point.
[21:38:09] [Client thread/INFO]: [CHAT] VideoGameSmash12 was slain by Wolf
[21:38:11] [Client thread/INFO]: [CHAT] <taahanis> its a move
[21:38:11] [Client thread/INFO]: [CHAT] Oh, welcome. I see you've returned. 
[21:38:11] [Client thread/INFO]: [CHAT] PvP is disabled in this area.
[21:38:13] [Client thread/INFO]: [CHAT] <VideoGameSmash12> dammit
[21:38:14] [Client thread/INFO]: [CHAT] Gamemode set to creative.
[21:38:18] [Client thread/INFO]: [CHAT] < MEGAF4IL> For ppp like Bender?
[21:38:20] [Client thread/INFO]: [CHAT] < MEGAF4IL> Ppl*
[21:38:22] [Client thread/INFO]: [CHAT] < RoboEx> man thats real ruff VideoGameSmash12
[21:38:22] [Client thread/INFO]: [CHAT] BibleRule joined the game
[21:38:25] [Client thread/INFO]: [CHAT] [SA] <Shiftinq_> Yes.
[21:38:26] [Client thread/INFO]: [CHAT] <taahanis> avatar server basically
[21:38:26] [Client thread/INFO]: [CHAT] <VideoGameSmash12> goddammit
[21:38:28] [Client thread/INFO]: [CHAT] <BibleRule> back
[21:38:29] [Client thread/INFO]: [CHAT] <VideoGameSmash12> your fucking puns
[21:38:32] [Client thread/INFO]: [CHAT] < RoboEx> lol
[21:38:32] [Client thread/INFO]: [CHAT] [SA] <Shiftinq_> Legend of korra
[21:38:33] [Client thread/INFO]: [CHAT] < MEGAF4IL> Lmao
[21:38:34] [Client thread/INFO]: [CHAT] [SA] <Shiftinq_> HMMM
[21:38:35] [Client thread/INFO]: [CHAT] <BibleRule> seth
[21:38:40] [Client thread/INFO]: [CHAT] < MEGAF4IL> OHHH
[21:38:41] [Client thread/INFO]: [CHAT] <taahanis> robo
[21:38:42] [Client thread/INFO]: [CHAT] <taahanis> lets go
[21:38:43] [Client thread/INFO]: [CHAT] <taahanis> wetzu
[21:38:45] [Client thread/INFO]: [CHAT] < RoboEx> ok
[21:38:45] [Client thread/INFO]: [CHAT] <taahanis> lets go
[21:38:46] [Client thread/INFO]: [CHAT] <taahanis> mega
[21:38:46] [Client thread/INFO]: [CHAT] [STA] < Vicki> Shiftinq_
[21:38:48] [Client thread/INFO]: [CHAT] Shiftinq_ left the game
[21:38:48] [Client thread/INFO]: [CHAT] < RoboEx> lets-a go
[21:38:49] [Client thread/INFO]: [CHAT] BeBoparenna joined the game
[21:38:49] [Client thread/INFO]: [CHAT] Welcome BeBoparenna to TotalFreedom!
[21:38:50] [Client thread/INFO]: [CHAT] <taahanis> if i finish hw
[21:38:50] [Client thread/INFO]: [CHAT] < MEGAF4IL> ??
[21:38:54] [Client thread/INFO]: [CHAT] <taahanis> i'll talk to u on xbox
[21:38:55] [Client thread/INFO]: [CHAT] <taahanis> <3
[21:38:56] [Client thread/INFO]: [CHAT] RoboEx left the game
[21:38:57] [Client thread/INFO]: [CHAT] * bearbat9 is now AFK.
[21:39:01] [Client thread/INFO]: [CHAT] < MEGAF4IL> Mmkay bby xD
[21:39:03] [Client thread/INFO]: [CHAT] taahanis left the game
[21:39:13] [Client thread/INFO]: [CHAT] < MEGAF4IL> He left D:
[21:39:17] [Client thread/INFO]: [CHAT] <Kash445> Rip
[21:39:18] [Client thread/INFO]: [CHAT] < MEGAF4IL> Lmaoo
[21:39:19] [Client thread/INFO]: [CHAT] [STA] < Vicki> Lol betrayed
[21:39:25] [Client thread/INFO]: [CHAT] <Coolman6002> oh god what have i done
[21:39:25] [Client thread/INFO]: [CHAT] jackemjess889 joined the game
[21:39:25] [Client thread/INFO]: [CHAT] Welcome jackemjess889 to TotalFreedom!
[21:39:26] [Client thread/INFO]: [CHAT] <BibleRule> catfished
[21:39:28] [Client thread/INFO]: [CHAT] Vicki145 - Opping all players on the server
[21:39:28] [Client thread/INFO]: [CHAT] You are now op!
[21:39:39] [Client thread/INFO]: [CHAT] MR_K_BUILDER - Opping bearbat9
[21:39:43] [Client thread/INFO]: [CHAT] MR_K_BUILDER - Opping BeBoparenna
[21:39:44] [Client thread/INFO]: [CHAT] [STA] < Vicki> Offended, Mega? IF so I can track Taah down and beat him up
[21:39:53] [Client thread/INFO]: [CHAT] < MEGAF4IL> Don't hurt em!
[21:40:00] [Client thread/INFO]: [CHAT] <BibleRule> whos em
[21:40:08] [Client thread/INFO]: [CHAT] PokezTLG has reached the goal [Sky's the Limit]
[21:40:08] [Client thread/INFO]: [CHAT] <BibleRule> we r only gonna hurt taahanis
[21:40:11] [Client thread/INFO]: [CHAT] <BibleRule> not em
[21:40:15] [Client thread/INFO]: [CHAT] [STA] < Vicki> Ayy
[21:40:17] [Client thread/INFO]: [CHAT] <VideoGameSmash12> you're going to hurt taahanis?
[21:40:18] [Client thread/INFO]: [CHAT] <BibleRule> idk who em is
[21:40:22] [Client thread/INFO]: [CHAT] [STA] < Vicki> Yes Video
[21:40:24] [Client thread/INFO]: [CHAT] <jackemjess889> are builds grief proff here
[21:40:25] [Client thread/INFO]: [CHAT] <VideoGameSmash12> can i join in?
[21:40:26] [Client thread/INFO]: [CHAT] < MEGAF4IL> Idk if taah's a guy or girl do I say 'em for now
[21:40:28] [Client thread/INFO]: [CHAT] [STA] < Vicki> For betraying MEga.
[21:40:40] [Client thread/INFO]: [CHAT] < MEGAF4IL> So I say*
[21:40:43] [Client thread/INFO]: [CHAT] [STA] < Vicki> Taah is def a boy
[21:40:54] [Client thread/INFO]: [CHAT] < MEGAF4IL> Yeaa boiii
[21:40:55] [Client thread/INFO]: [CHAT] <BibleRule> claims to be in 8th grade
[21:40:55] [Client thread/INFO]: [CHAT] <VideoGameSmash12> taah is a guy who is in love with a guy named joemnb
[21:40:57] [Client thread/INFO]: [CHAT] < MEGAF4IL> Lol
[21:40:58] [Client thread/INFO]: [CHAT] [STA] < Vicki> Yes I assumed his gender
[21:41:04] [Client thread/INFO]: [CHAT] [STA] < Vicki> Got a problem with it?
[21:41:18] [Client thread/INFO]: [CHAT] [STA] < Vicki> joemnb?
[21:41:23] [Client thread/INFO]: [CHAT] <BibleRule> imma go now
[21:41:24] [Client thread/INFO]: [CHAT] <VideoGameSmash12> commissionerjoe
[21:41:26] [Client thread/INFO]: [CHAT] [STA] < Vicki> Ok Video you're... drunk
[21:41:29] [Client thread/INFO]: [CHAT] <BibleRule> for reals
[21:41:32] [Client thread/INFO]: [CHAT] [STA] < Vicki> OH GOD not him!
[21:41:32] [Client thread/INFO]: [CHAT] BibleRule left the game
[21:41:36] [Client thread/INFO]: [CHAT] ZeroEpoch1969 left the game
[21:41:39] [Client thread/INFO]: [CHAT] ZeroEpoch1969 is a ban happy Telnet Admin
[21:41:39] [Client thread/INFO]: [CHAT] ZeroEpoch1969 joined the game
[21:41:45] [Client thread/INFO]: [CHAT] < Chara_> yay
[21:41:45] [Client thread/INFO]: [CHAT] <Kash445> Welcome back Seth
[21:41:50] [Client thread/INFO]: [CHAT] HeyItsTai joined the game
[21:41:50] [Client thread/INFO]: [CHAT] Welcome HeyItsTai to TotalFreedom!
[21:41:53] [Client thread/INFO]: [CHAT] < Chara_> skycity's still here :)
[21:41:57] [Client thread/INFO]: [CHAT] [STA] < Vicki> "ban happy" really Seth? Trying to be funny?
[21:41:58] [Client thread/INFO]: [CHAT] <VideoGameSmash12> well it's true vicki
[21:42:11] [Client thread/INFO]: [CHAT] <VideoGameSmash12> taah likes joe
[21:42:16] [Client thread/INFO]: [CHAT] < MEGAF4IL> Nuu
[21:42:20] [Client thread/INFO]: [CHAT] < MEGAF4IL> Lmao
[21:42:20] [Client thread/INFO]: [CHAT] <HeyItsTai> what happened oml
[21:42:22] [Client thread/INFO]: [CHAT] [STA] < Vicki> Joe's like 12 and Taah is... idk
[21:42:24] [Client thread/INFO]: [CHAT] Jordandc19 joined the game
[21:42:24] [Client thread/INFO]: [CHAT] * bearbat9 is no longer AFK.
[21:42:24] [Client thread/INFO]: [CHAT] Welcome  JORDANDC19 to TotalFreedom!
[21:42:40] [Client thread/INFO]: [CHAT] <HeyItsTai> uh can i plz be opped?
[21:42:43] [Client thread/INFO]: [CHAT] Vicki145 - Opping all players on the server
[21:42:43] [Client thread/INFO]: [CHAT] You are now op!
[21:42:45] [Client thread/INFO]: [CHAT] [STA] < Vicki> First!
[21:42:47] [Client thread/INFO]: [CHAT] bearbat9 - Opping HeyItsTai
[21:42:49] [Client thread/INFO]: [CHAT] <HeyItsTai> thx
[21:43:03] [Client thread/INFO]: [CHAT] <HeyItsTai> chara where is my house?
[21:43:12] [Client thread/INFO]: [CHAT] < MEGAF4IL> Rip opall is admin only
[21:43:14] [Client thread/INFO]: [CHAT] jackemjess889 left the game
[21:43:17] [Client thread/INFO]: [CHAT] <HeyItsTai> I got banned for placing blocks to fast?
[21:43:18] [Client thread/INFO]: [CHAT] Skoonk_and_Xeoda is a Senior Admin
[21:43:18] [Client thread/INFO]: [CHAT] Skoonk_and_Xeoda joined the game
[21:43:19] [Client thread/INFO]: [CHAT] Welcome  Riley to TotalFreedom!
[21:43:26] [Client thread/INFO]: [CHAT] [STA] < Vicki> You do realize how drunk Video is right now :p
[21:43:29] [Client thread/INFO]: [CHAT] < MEGAF4IL> U smell like skoonk
[21:43:33] [Client thread/INFO]: [CHAT] [SrA] < Riley> ik
[21:43:33] [Client thread/INFO]: [CHAT] [STA] <ZeroEpoch1969> yes
[21:43:35] [Client thread/INFO]: [CHAT] <MR_K_BUILDER> Admin I have a question
[21:43:37] [Client thread/INFO]: [CHAT] [STA] <ZeroEpoch1969> im trying to be funny
[21:43:41] [Client thread/INFO]: [CHAT] < MEGAF4IL> Lol
[21:43:41] [Client thread/INFO]: [CHAT] < Chara_> hey
[21:43:45] [Client thread/INFO]: [CHAT] < Chara_> tai
[21:43:48] [Client thread/INFO]: [CHAT] <HeyItsTai> hi..
[21:43:51] [Client thread/INFO]: [CHAT] < MEGAF4IL> Is video actually dunk?
[21:43:53] [Client thread/INFO]: [CHAT] < MEGAF4IL> Dunno?
[21:43:55] [Client thread/INFO]: [CHAT] < Chara_> its my other city!
[21:43:56] [Client thread/INFO]: [CHAT] [SrA] < Riley> :shrug:
[21:43:56] [Client thread/INFO]: [CHAT] < MEGAF4IL> Drunk*
[21:43:57] [Client thread/INFO]: [CHAT] [STA] < Vicki> No he's not
[21:43:59] [Client thread/INFO]: [CHAT] <HeyItsTai> nice!!
[21:43:59] [Client thread/INFO]: [CHAT] < Chara_> sky city!
[21:44:06] [Client thread/INFO]: [CHAT] < MEGAF4IL> Ok
[21:44:08] [Client thread/INFO]: [CHAT] EdibleAutism joined the game
[21:44:08] [Client thread/INFO]: [CHAT] Welcome  Eder to TotalFreedom!
[21:44:09] [Client thread/INFO]: [CHAT] [STA] < Vicki> Im being sac something
[21:44:09] [Client thread/INFO]: [CHAT] <VideoGameSmash12> i'm not drunk
[21:44:10] [Client thread/INFO]: [CHAT] < Chara_> same house
[21:44:12] [Client thread/INFO]: [CHAT] <VideoGameSmash12> Okay?
[21:44:13] [Client thread/INFO]: [CHAT] [STA] < Vicki> Isdks how to spell
[21:44:13] [Client thread/INFO]: [CHAT] < Eder> suck a cock
[21:44:13] [Client thread/INFO]: [CHAT] <HeyItsTai> where is water city?
[21:44:18] [Client thread/INFO]: [CHAT] < Chara_> idk :(
[21:44:20] [Client thread/INFO]: [CHAT] [STA] < Vicki> Spell... sarc?
[21:44:21] [Client thread/INFO]: [CHAT] MR_K_BUILDER has made the advancement [Into Fire]
[21:44:24] [Client thread/INFO]: [CHAT] < MEGAF4IL> I been drinking the past 3 days
[21:44:24] [Client thread/INFO]: [CHAT] DisignusBlocks joined the game
[21:44:25] [Client thread/INFO]: [CHAT] <HeyItsTai> oop
[21:44:26] [Client thread/INFO]: [CHAT] <HeyItsTai> of
[21:44:26] [Client thread/INFO]: [CHAT] < Eder> wanna eat some ass?
[21:44:27] [Client thread/INFO]: [CHAT] < JORDANDC19> wtf
[21:44:28] [Client thread/INFO]: [CHAT] <HeyItsTai> ok
[21:44:32] [Client thread/INFO]: [CHAT] <VideoGameSmash12> I'm not even legally old enough to drink
[21:44:35] [Client thread/INFO]: [CHAT] < Eder> Ill blow your cock
[21:44:35] [Client thread/INFO]: [CHAT] *  Chara_ is now AFK.
[21:44:39] [Client thread/INFO]: [CHAT] < MEGAF4IL> I'm not hungover anymore rn so that's good
[21:44:41] [Client thread/INFO]: [CHAT] < EternalTorture> wot
[21:44:45] [Client thread/INFO]: [CHAT] *  Chara_ is no longer AFK.
[21:44:46] [Client thread/INFO]: [CHAT] < JORDANDC19> lol the water city
[21:44:48] [Client thread/INFO]: [CHAT] < MEGAF4IL> Eder that's my job!
[21:44:50] [Client thread/INFO]: [CHAT] [STA] < Vicki> What Controuny you in?
[21:44:53] [Client thread/INFO]: [CHAT] [STA] < Vicki> Country*
[21:44:56] [Client thread/INFO]: [CHAT] < Eder> fuck you
[21:44:57] [Client thread/INFO]: [CHAT] < EternalTorture> enlund
[21:44:57] [Client thread/INFO]: [CHAT] < MEGAF4IL> Me?
[21:44:58] [Client thread/INFO]: [CHAT] < JORDANDC19> water city is now flying city
[21:45:01] [Client thread/INFO]: [CHAT] < Eder> Shove your cock in my ass
[21:45:02] [Client thread/INFO]: [CHAT] [STA] < Vicki> No, Video
[21:45:04] [Client thread/INFO]: [CHAT] < MEGAF4IL> Ooh
[21:45:07] [Client thread/INFO]: [CHAT] DisignusBlocks left the game
[21:45:08] [Client thread/INFO]: [CHAT] [SrA] < Riley> When and where?
[21:45:09] [Client thread/INFO]: [CHAT] < Chara_> oi guy
[21:45:11] [Client thread/INFO]: [CHAT] < Chara_> guys
[21:45:12] [Client thread/INFO]: [CHAT] <VideoGameSmash12> Taah x joe http://prntscr.com/huztra
[21:45:15] [Client thread/INFO]: [CHAT] < MEGAF4IL> Lol Riley
[21:45:17] [Client thread/INFO]: [CHAT] < MEGAF4IL> So direct
[21:45:18] [Client thread/INFO]: [CHAT] [STA] < Vicki> Video
[21:45:19] [Client thread/INFO]: [CHAT] [SrA] < Riley> lmfao
[21:45:20] [Client thread/INFO]: [CHAT] <bearbat9> can i join an admin crew?
[21:45:22] [Client thread/INFO]: [CHAT] [STA] < Vicki> Answer boi
[21:45:22] [Client thread/INFO]: [CHAT] [SrA] < Riley> tis me
[21:45:28] [Client thread/INFO]: [CHAT] <VideoGameSmash12> what
[21:45:33] [Client thread/INFO]: [CHAT] *  Chara_ : SeaCity is dead!
[21:45:34] [Client thread/INFO]: [CHAT] <VideoGameSmash12> i'm in the fucking usa
[21:45:36] [Client thread/INFO]: [CHAT] [STA] < Vicki> Which Country are you in?
[21:45:42] [Client thread/INFO]: [CHAT] HeyItsTai left the game
[21:46:01] [Client thread/INFO]: [CHAT] *  Chara_ : SkyCity lives on!
[21:46:03] [Client thread/INFO]: [CHAT] < Eder> fuck an ass
[21:46:03] [Client thread/INFO]: [CHAT] [STA] < Vicki> You better not be from Russia or I will murder you
[21:46:06] [Client thread/INFO]: [CHAT] wills21 left the game
[21:46:15] [Client thread/INFO]: [CHAT] DisignusBlocks joined the game
[21:46:16] [Client thread/INFO]: [CHAT] [SrA] < Riley> he said he's from the u s of a
[21:46:18] [Client thread/INFO]: [CHAT] <VideoGameSmash12> i'm in the fucking usa...
[21:46:22] [Client thread/INFO]: [CHAT] [SrA] < Riley> genius
[21:46:23] [Client thread/INFO]: [CHAT] < Eder> Horny looking to fuck go to www.geico.com
[21:46:24] [Client thread/INFO]: [CHAT] hiro joined the game
[21:46:24] [Client thread/INFO]: [CHAT] Welcome hiro to TotalFreedom!
[21:46:24] [Client thread/INFO]: [CHAT] < MEGAF4IL> I'm in Canadia
[21:46:29] [Client thread/INFO]: [CHAT] [SrA] < Riley> [/s]
[21:46:31] [Client thread/INFO]: [CHAT] < JORDANDC19> da ba dee dabba dai
[21:46:31] [Client thread/INFO]: [CHAT] [STA] < Vicki> Oh ok, some States have drinking ages
[21:46:34] [Client thread/INFO]: [CHAT] < EternalTorture> im from englaid
[21:46:36] [Client thread/INFO]: [CHAT] [STA] < Vicki> Some can be 21 or 18
[21:46:39] [Client thread/INFO]: [CHAT] [STA] < Vicki> Just saying
[21:46:42] [Client thread/INFO]: [CHAT] <VideoGameSmash12> http://prntscr.com/huztr - taah and joe's love
[21:46:42] [Client thread/INFO]: [CHAT] < JORDANDC19> england is my city
[21:46:53] [Client thread/INFO]: [CHAT] [SrA] < Riley> get out
[21:46:57] [Client thread/INFO]: [CHAT] DisignusBlocks left the game
[21:46:59] [Client thread/INFO]: [CHAT] < MEGAF4IL> 18 is my province's minimum drinking age
[21:47:00] [Client thread/INFO]: [CHAT] <hiro> op me
[21:47:00] [Client thread/INFO]: [CHAT] *  Chara_ is now AFK.
[21:47:06] [Client thread/INFO]: [CHAT] < Eder> Horny looking to fuck till you cum? go to https://www.geico.com for a free milf fuck service
[21:47:06] [Client thread/INFO]: [CHAT] <VideoGameSmash12> in b4 taah says "shut the fuck up"
[21:47:15] [Client thread/INFO]: [CHAT] < MEGAF4IL> Lol video
[21:47:19] [Client thread/INFO]: [CHAT] <hiro> am not op
[21:47:20] [Client thread/INFO]: [CHAT] <VideoGameSmash12> actually
[21:47:22] [Client thread/INFO]: [CHAT] Skoonk_and_Xeoda - Opping all players on the server
[21:47:22] [Client thread/INFO]: [CHAT] You are now op!
[21:47:29] [Client thread/INFO]: [CHAT] < MEGAF4IL> Quit tryna get me jelly
[21:47:34] [Client thread/INFO]: [CHAT] Horny < Horny> Horny HornyHornyHornyHornyHornyHornyHornyHornyHornyHornyHornyHornyHornyHornyHornyHornyHornyHornyHornyHornyHornyHornyHornyHornyHornyHornyHornyHornyHornyHornyHornyHornyHornyHornyHornyHornyHornyHornyHornyv
[21:47:39] [Client thread/INFO]: [CHAT] < MEGAF4IL> Dafuq
[21:47:50] [Client thread/INFO]: [CHAT] <Coolman6002> what is a grass_blocks id
[21:47:54] [Client thread/INFO]: [CHAT] *  Chara_ is no longer AFK.
[21:47:54] [Client thread/INFO]: [CHAT] < Chara_> grass
[21:48:00] [Client thread/INFO]: [CHAT] <VideoGameSmash12> taahanis once abused his admin powers on me (during my suspension) because i brought up the joke
[21:48:00] [Client thread/INFO]: [CHAT] <Coolman6002> what is a grass_blocks id?
[21:48:01] [Client thread/INFO]: [CHAT] < Chara_> just write grass
[21:48:04] [Client thread/INFO]: [CHAT] <VideoGameSmash12> banned and kicked me
[21:48:05] [Client thread/INFO]: [CHAT] Vicki145 - Muting EdibleAutism
[21:48:08] [Client thread/INFO]: [CHAT] *  Horny is now AFK.
[21:48:09] [Client thread/INFO]: [CHAT] *  Horny is no longer AFK.
[21:48:09] [Client thread/INFO]: [CHAT] < Chara_> grass will do
[21:48:15] [Client thread/INFO]: [CHAT] <Coolman6002> ok
[21:48:18] [Client thread/INFO]: [CHAT] [Server:Vicki145] Muted for 5 minutes due of saying Imapproicate shit
[21:48:18] [Client thread/INFO]: [CHAT] *  AfkInMyAss is now AFK.
[21:48:21] [Client thread/INFO]: [CHAT] *  AfkInMyAss is no longer AFK.
[21:48:36] [Client thread/INFO]: [CHAT] [STA] < Vicki> Idk how to spell anymore
[21:48:40] [Client thread/INFO]: [CHAT] [STA] < Vicki> Goddd
[21:48:41] [Client thread/INFO]: [CHAT] < MEGAF4IL> Lol
[21:48:41] [Client thread/INFO]: [CHAT] littlebear_ joined the game
[21:48:41] [Client thread/INFO]: [CHAT] Welcome littlebear_ to TotalFreedom!
[21:48:43] [Client thread/INFO]: [CHAT] < MEGAF4IL> I noticed
[21:48:44] [Client thread/INFO]: [CHAT] Vicki145 - Opping all players on the server
[21:48:44] [Client thread/INFO]: [CHAT] You are now op!
[21:48:46] [Client thread/INFO]: [CHAT] *  NoYouDont is now AFK.
[21:48:46] [Client thread/INFO]: [CHAT] *  NoYouDont is no longer AFK.
[21:48:49] [Client thread/INFO]: [CHAT] <littlebear_> HI
[21:48:52] [Client thread/INFO]: [CHAT] <FilluS> folome
[21:48:53] [Client thread/INFO]: [CHAT] < MEGAF4IL> Hallo
[21:49:09] [Client thread/INFO]: [CHAT] Vicki145 - Tempbanning: EdibleAutism for 5 minutes.
[21:49:09] [Client thread/INFO]: [CHAT] EdibleAutism left the game
[21:49:19] [Client thread/INFO]: [CHAT] < MEGAF4IL> Why can't I get a special tag for my login message
[21:49:20] [Client thread/INFO]: [CHAT] * BeBoparenna is now AFK.
[21:49:23] [Client thread/INFO]: [CHAT] [Server:Vicki145] Insulting me and saying inapproicate things
[21:49:24] [Client thread/INFO]: [CHAT] < MEGAF4IL> What should it be if I get one
[21:49:24] [Client thread/INFO]: [CHAT] <littlebear_> dammit I was hoping this was a survival server haha
[21:49:29] [Client thread/INFO]: [CHAT] [SrA] < Riley> the more I join, the less braincells I leave with.
[21:49:39] [Client thread/INFO]: [CHAT] < Chara_> me too
[21:49:41] [Client thread/INFO]: [CHAT] < MEGAF4IL> Omfg xD
[21:49:51] [Client thread/INFO]: [CHAT] <littlebear_> anyone want an op item?
[21:49:53] [Client thread/INFO]: [CHAT] DisignusBlocks joined the game
[21:50:02] [Client thread/INFO]: [CHAT] < Chara_> littlebear_
[21:50:04] [Client thread/INFO]: [CHAT] [STA] < Vicki> This guy
[21:50:12] [Client thread/INFO]: [CHAT] [STA] < Vicki> YEs Im pointing at you DisignusBlocks
[21:50:19] [Client thread/INFO]: [CHAT] < EternalTorture> fuck you
[21:50:26] [Client thread/INFO]: [CHAT] < MEGAF4IL> It's gotta be a humorous title that reps me
[21:50:26] [Client thread/INFO]: [CHAT] naomiella123 joined the game
[21:50:26] [Client thread/INFO]: [CHAT] Welcome naomiella123 to TotalFreedom!
[21:50:27] [Client thread/INFO]: [CHAT] [SrA] < Riley> when and where?
[21:50:34] [Client thread/INFO]: [CHAT] [STA] < Vicki> Oh look I find my big brother! Hi Kash!
[21:50:36] [Client thread/INFO]: [CHAT] <littlebear_> in here
[21:50:37] [Client thread/INFO]: [CHAT] < EternalTorture> Vicki145
[21:50:38] [Client thread/INFO]: [CHAT] < EternalTorture> what
[21:50:55] [Client thread/INFO]: [CHAT] < EternalTorture> h
[21:50:58] [Client thread/INFO]: [CHAT] [STA] < Vicki> Kash behind ya!!
[21:51:00] [Client thread/INFO]: [CHAT] Plugin specific commands are disabled.
[21:51:01] [Client thread/INFO]: [CHAT] < MEGAF4IL> Idek what I'd make it
[21:51:02] [Client thread/INFO]: [CHAT] <VideoGameSmash12> http://prntscr.com/huzuz2
[21:51:06] [Client thread/INFO]: [CHAT] [STA] < Vicki> Oh, a pig!
[21:51:18] [Client thread/INFO]: [CHAT] naomiella123 left the game
[21:51:25] [Client thread/INFO]: [CHAT] [STA] < Vicki> Mr. Pig Mr. Pig hello!
[21:51:31] [Client thread/INFO]: [CHAT] < MEGAF4IL> Good job video you got kicked by Taa long ago lol
[21:51:33] [Client thread/INFO]: [CHAT] < Chara_> test it on me
[21:51:38] [Client thread/INFO]: [CHAT] Vicki145 - Blocking all commands for Coolman6002
[21:51:40] [Client thread/INFO]: [CHAT] < Chara_> test the sword
[21:51:51] [Client thread/INFO]: [CHAT] <VideoGameSmash12> yeah back when taah was still admin
[21:51:55] [Client thread/INFO]: [CHAT] [Server:Vicki145] Stop spamming commands, do //undo (amounts)
[21:51:57] [Client thread/INFO]: [CHAT] Vicki145 - Unblocking all commands for Coolman6002
[21:52:01] [Client thread/INFO]: [CHAT] irix is a Senior Admin
[21:52:01] [Client thread/INFO]: [CHAT] irix joined the game
[21:52:02] [Client thread/INFO]: [CHAT] < MEGAF4IL> I'll test the sword on you but I won't use it on you because I'm saving it for someone else~
[21:52:02] [Client thread/INFO]: [CHAT] <Coolman6002> why have my commands been blocked?
[21:52:14] [Client thread/INFO]: [CHAT] Hey! Sorry, but you can't use that here.
[21:52:15] [Client thread/INFO]: [CHAT] Hey! Sorry, but you can't use that here.
[21:52:16] [Client thread/INFO]: [CHAT] Hey! Sorry, but you can't use that here.
[21:52:17] [Client thread/INFO]: [CHAT] Hey! Sorry, but you can't use that here.
[21:52:17] [Client thread/INFO]: [CHAT] Hey! Sorry, but you can't use that here.
[21:52:18] [Client thread/INFO]: [CHAT] Hey! Sorry, but you can't use that here.
[21:52:28] [Client thread/INFO]: [CHAT] * ZeroEpoch1969 is now AFK.
[21:52:35] [Client thread/INFO]: [CHAT] Hey! Sorry, but you can't use that here.
[21:52:36] [Client thread/INFO]: [CHAT] Hey! Sorry, but you can't use that here.
[21:52:37] [Client thread/INFO]: [CHAT] Hey! Sorry, but you can't use that here.
[21:52:37] [Client thread/INFO]: [CHAT] Hey! Sorry, but you can't use that here.
[21:52:38] [Client thread/INFO]: [CHAT] Hey! Sorry, but you can't use that here.
[21:52:41] [Client thread/INFO]: [CHAT] < MEGAF4IL> Because.. just because
[21:52:50] [Client thread/INFO]: [CHAT] < EternalTorture> .//undo 100$?
[21:52:56] [Client thread/INFO]: [CHAT] < EternalTorture> (amounts)?
[21:53:00] [Client thread/INFO]: [CHAT] < MEGAF4IL> Lol
[21:53:05] [Client thread/INFO]: [CHAT] [STA] < Vicki> Umm...
[21:53:09] [Client thread/INFO]: [CHAT] < EternalTorture> so like
[21:53:09] [Client thread/INFO]: [CHAT] [STA] < Vicki> Yes
[21:53:13] [Client thread/INFO]: [CHAT] < EternalTorture> php 50
[21:53:18] [Client thread/INFO]: [CHAT] <VideoGameSmash12> vicki
[21:53:26] [Client thread/INFO]: [CHAT] [STA] < Vicki> Any numbers, whatever DisignusBlocks!! Stop judging me!
[21:53:26] [Client thread/INFO]: [CHAT] <littlebear_> xD
[21:53:28] [Client thread/INFO]: [CHAT] <VideoGameSmash12> am i really drunk
[21:53:30] [Client thread/INFO]: [CHAT] Hey! Sorry, but you can't use that here.
[21:53:30] [Client thread/INFO]: [CHAT] Warping to Mountainville.
[21:53:33] [Client thread/INFO]: [CHAT] < EternalTorture> im not
[21:53:37] [Client thread/INFO]: [CHAT] [STA] < Vicki> No Video, why you ask
[21:53:39] [Client thread/INFO]: [CHAT] < EternalTorture> im just pointing it
[21:53:50] [Client thread/INFO]: [CHAT] [SrA] < Riley> oh god not php adasmnrwejkan
[21:53:53] [Client thread/INFO]: [CHAT] <VideoGameSmash12> then why do i see colors
[21:53:59] [Client thread/INFO]: [CHAT] [STA] < Vicki> What does beer taste like?
[21:54:05] [Client thread/INFO]: [CHAT] <littlebear_> HAHA
[21:54:07] [Client thread/INFO]: [CHAT] < MEGAF4IL> Rich af boi
[21:54:07] [Client thread/INFO]: [CHAT] <VideoGameSmash12> shit
[21:54:07] [Client thread/INFO]: [CHAT] < EternalTorture> bitter
[21:54:10] [Client thread/INFO]: [CHAT] <VideoGameSmash12> aka savnith
[21:54:11] [Client thread/INFO]: [CHAT] *  Chara_ is now AFK.
[21:54:15] [Client thread/INFO]: [CHAT] < EternalTorture> aka mason
[21:54:20] [Client thread/INFO]: [CHAT] [STA] < Vicki> So beer tastes like Sav?
[21:54:23] [Client thread/INFO]: [CHAT] [STA] < Vicki> Eww
[21:54:27] [Client thread/INFO]: [CHAT] <VideoGameSmash12> yeah
[21:54:33] [Client thread/INFO]: [CHAT] <VideoGameSmash12> tastes like sav
[21:54:33] [Client thread/INFO]: [CHAT] [STA] < Vicki> Soo gross!
[21:54:40] [Client thread/INFO]: [CHAT] <littlebear_> vicki want an op potion?
[21:54:41] [Client thread/INFO]: [CHAT] [SrA] < Riley> beer is actually disgusting tbh
[21:54:45] [Client thread/INFO]: [CHAT] <littlebear_> HEY
[21:54:46] [Client thread/INFO]: [CHAT] < EternalTorture> it's not
[21:54:46] [Client thread/INFO]: [CHAT] <littlebear_> RILEY
[21:54:48] [Client thread/INFO]: [CHAT] < EternalTorture> it's sweet
[21:54:50] [Client thread/INFO]: [CHAT] <VideoGameSmash12> yeah i heard if you drank it you get aids
[21:54:51] [Client thread/INFO]: [CHAT] <littlebear_> im not disgusting!
[21:54:55] [Client thread/INFO]: [CHAT] [SrA] < Riley> so is alcohol entirely
[21:54:55] [Client thread/INFO]: [CHAT] DisignusBlocks left the game
[21:54:59] [Client thread/INFO]: [CHAT] [SrA] < Riley> I said beer you twat
[21:55:03] [Client thread/INFO]: [CHAT] < MEGAF4IL> How do you know how sav tastes like huh?
[21:55:03] [Client thread/INFO]: [CHAT] [STA] < Vicki> IS getting AIDS ok?
[21:55:06] [Client thread/INFO]: [CHAT] <littlebear_> ik but thats my twin brother
[21:55:07] [Client thread/INFO]: [CHAT] [STA] < Vicki> Eh...
[21:55:16] [Client thread/INFO]: [CHAT] [SrA] < Riley> like I care
[21:55:24] [Client thread/INFO]: [CHAT] jwmphall is a Telnet Admin
[21:55:24] [Client thread/INFO]: [CHAT] jwmphall joined the game
[21:55:24] [Client thread/INFO]: [CHAT] Welcome jwmphall to TotalFreedom!
[21:55:34] [Client thread/INFO]: [CHAT] < MEGAF4IL> How do you know what Sav tastes like, video?~
[21:55:36] [Client thread/INFO]: [CHAT] [STA] < Vicki> As long as you don't get Cancer, you're safe.
[21:55:37] [Client thread/INFO]: [CHAT] [STA] < Vicki> :P
[21:55:44] [Client thread/INFO]: [CHAT] [STA] <jwmphall> ~~~~~~~~~~~~
[21:55:58] [Client thread/INFO]: [CHAT] < MEGAF4IL> ~~~~doki jwmph
[21:56:04] [Client thread/INFO]: [CHAT] [STA] <jwmphall> jwmph
[21:56:22] [Client thread/INFO]: [CHAT] *  Chara_ is no longer AFK.
[21:56:23] [Client thread/INFO]: [CHAT] < MEGAF4IL> Doki doki dokkaebi
[21:56:27] [Client thread/INFO]: [CHAT] [STA] < Vicki> I thought I read it as jwmphigh
[21:56:29] [Client thread/INFO]: [CHAT] [STA] < Vicki> WHAT
[21:56:30] [Client thread/INFO]: [CHAT] <MR_K_BUILDER> Admin I need help
[21:56:38] [Client thread/INFO]: [CHAT] < MEGAF4IL> Nyet
[21:56:44] [Client thread/INFO]: [CHAT] littlebear_ left the game
[21:56:47] [Client thread/INFO]: [CHAT] littlebear_ joined the game
[21:56:49] [Client thread/INFO]: [CHAT] < MEGAF4IL> Moi brat eta nyet cyka blyat
[21:56:51] [Client thread/INFO]: [CHAT] [STA] < Vicki> Jwmnphigh? IDk why Im saying that
[21:56:58] [Client thread/INFO]: [CHAT] <MR_K_BUILDER> No not with that
[21:57:03] [Client thread/INFO]: [CHAT] [STA] < Vicki> Man Im tired
[21:57:09] [Client thread/INFO]: [CHAT] * irix is now AFK.
[21:57:14] [Client thread/INFO]: [CHAT] < MEGAF4IL> Jemphigh af boi
[21:57:17] [Client thread/INFO]: [CHAT] ItsZekrom is me.totalfreedom.totalfreedommod.admin.rank
[21:57:17] [Client thread/INFO]: [CHAT] ItsZekrom joined the game
[21:57:17] [Client thread/INFO]: [CHAT] Welcome ItsZekrom to TotalFreedom!
[21:57:23] [Client thread/INFO]: [CHAT] [SA] <ItsZekrom> Connected via a toaster on a telegraph.
[21:57:24] [Client thread/INFO]: [CHAT] [STA] < Vicki> But he's not high, he's a hall
[21:57:28] [Client thread/INFO]: [CHAT] [STA] < Vicki> Get it?
[21:57:45] [Client thread/INFO]: [CHAT] < MEGAF4IL> He's not taking the high way he's taking the hallway
[21:57:46] [Client thread/INFO]: [CHAT] Kash445 left the game
[21:57:49] [Client thread/INFO]: [CHAT] <bearbat9> pvp anyone?
[21:57:52] [Client thread/INFO]: [CHAT] < Chara_> me\
[21:57:55] [Client thread/INFO]: [CHAT] [STA] < Vicki> Haha very funny
[21:57:57] [Client thread/INFO]: [CHAT] EdibleAutism joined the game
[21:58:02] [Client thread/INFO]: [CHAT] < NoYouDont> u/ignore EdibleAutism/ignore EdibleAutism/ignore EdibleAutism/ignore EdibleAutism/ignore EdibleAutism/ignore EdibleAutism/ignore EdibleAutism/ignore EdibleAutism/ignore EdibleAutism/ignore EdibleAutism/ignore EdibleAutism/ignore EdibleAutism/ignore EdibleA
[21:58:02] [Client thread/INFO]: [CHAT] < MEGAF4IL> Ayy
[21:58:04] [Client thread/INFO]: [CHAT] < MEGAF4IL> I'm funny
[21:58:04] [Client thread/INFO]: [CHAT] <MR_K_BUILDER> Admin Can YOu please awnser me?
[21:58:08] [Client thread/INFO]: [CHAT] < NoYouDont> oops
[21:58:09] [Client thread/INFO]: [CHAT] EdibleAutism left the game
[21:58:14] [Client thread/INFO]: [CHAT] [SA] <ItsZekrom> oof
[21:58:29] [Client thread/INFO]: [CHAT] < MEGAF4IL> How do you fuuk that up noudon't
[21:58:37] [Client thread/INFO]: [CHAT] [SA] <ItsZekrom> like that
[21:58:37] [Client thread/INFO]: [CHAT] Vicki145 - Banning EdibleAutism and IPs: 97.82.224.74
[21:58:58] [Client thread/INFO]: [CHAT] < MEGAF4IL> Yea just like that daddy~
[21:59:04] [Client thread/INFO]: [CHAT] [STA] < Vicki> MR_K_BUILDER what is the problem?
[21:59:06] [Client thread/INFO]: [CHAT] <littlebear_> hey Vicki145
[21:59:09] [Client thread/INFO]: [CHAT] <littlebear_> is raiding bannable? xD
[21:59:16] [Client thread/INFO]: [CHAT] [STA] < Vicki> Yes.
[21:59:20] [Client thread/INFO]: [CHAT] <littlebear_> Dammit haha
[21:59:55] [Client thread/INFO]: [CHAT] * BeBoparenna is no longer AFK.
[22:00:01] [Client thread/INFO]: [CHAT] Server is going offline!
[22:00:01] [Client thread/INFO]: [CHAT] MEGAF4IL left the game
[22:00:01] [Client thread/INFO]: [CHAT] PokezTLG left the game
[22:00:01] [Client thread/INFO]: [CHAT] Coolman6002 left the game
[22:00:01] [Client thread/INFO]: [CHAT] MR_K_BUILDER left the game
[22:00:01] [Client thread/INFO]: [CHAT] FilluS left the game
[22:00:01] [Client thread/INFO]: [CHAT] TrilluS left the game
[22:00:01] [Client thread/INFO]: [CHAT] BeBoparenna left the game
[22:00:01] [Client thread/INFO]: [CHAT] ZeroEpoch1969 left the game
[22:00:01] [Client thread/INFO]: [CHAT] Jordandc19 left the game
[22:00:01] [Client thread/INFO]: [CHAT] hiro left the game
[22:00:01] [Client thread/INFO]: [CHAT] Skoonk_and_Xeoda left the game
[22:00:01] [Client thread/INFO]: [CHAT] irix left the game
[22:01:41] [Client thread/INFO]: Connecting to play.totalfreedom.me., 25565
[22:01:41] [Client thread/INFO]: [CHAT] [LibsDisguises] There is a update ready to be downloaded! You are using v9.4.0-SNAPSHOT, the new version is v9.5.0!
[22:01:41] [Client thread/INFO]: [CHAT] VideoGameSmash12 joined the game
[22:01:41] [Client thread/INFO]: [CHAT] Welcome to TotalFreedom, VideoGameSmash12!
[22:01:41] [Client thread/INFO]: [CHAT] The server's name does not imply that we have no rules. Please read them (/rules)
[22:01:41] [Client thread/INFO]: [CHAT] Type /help for a list of commands.
[22:01:41] [Client thread/INFO]: [CHAT] Type /list to see who else is online.
[22:01:41] [Client thread/INFO]: [CHAT] Players online: 13 - World time: 12:00 PM
[22:01:41] [Client thread/INFO]: [CHAT] You have no new mail.
[22:01:42] [Client thread/INFO]: [CHAT] [BetterChairs] Find new update ! Version: 0.9.5
[22:01:42] [Client thread/INFO]: [CHAT] [UPDATE]
[22:01:42] [Client thread/INFO]: [CHAT] [AsyncWorldEdit] You have an old version of the plugin. Your version: 2.3.3, available version: 3.4.11
[22:01:47] [Client thread/INFO]: [CHAT] < MEGAF4IL> What model is it?
[22:01:52] [Client thread/INFO]: [CHAT] Vicki145 is a Telnet Admin
[22:01:52] [Client thread/INFO]: [CHAT] Vicki145 joined the game
[22:01:55] [Client thread/INFO]: [CHAT] FilluS joined the game
[22:06:54] [Client thread/INFO]: Connecting to play.totalfreedom.me., 25565
[22:06:55] [Client thread/INFO]: [CHAT] [LibsDisguises] There is a update ready to be downloaded! You are using v9.4.0-SNAPSHOT, the new version is v9.5.0!
[22:06:55] [Client thread/INFO]: [CHAT] VideoGameSmash12 joined the game
[22:06:55] [Client thread/INFO]: [CHAT] Welcome to TotalFreedom, VideoGameSmash12!
[22:06:55] [Client thread/INFO]: [CHAT] The server's name does not imply that we have no rules. Please read them (/rules)
[22:06:55] [Client thread/INFO]: [CHAT] Type /help for a list of commands.
[22:06:55] [Client thread/INFO]: [CHAT] Type /list to see who else is online.
[22:06:55] [Client thread/INFO]: [CHAT] Players online: 17 - World time: 12:00 PM
[22:06:55] [Client thread/INFO]: [CHAT] You have no new mail.
[22:06:55] [Client thread/INFO]: [CHAT] [BetterChairs] Find new update ! Version: 0.9.5
[22:06:55] [Client thread/INFO]: [CHAT] [UPDATE]
[22:06:55] [Client thread/INFO]: [CHAT] [AsyncWorldEdit] You have an old version of the plugin. Your version: 2.3.3, available version: 3.4.11
[22:07:15] [Client thread/INFO]: [CHAT] <Btean_Screen> do any of you make maps
[22:07:27] [Client thread/INFO]: [CHAT] < Chara_> i can help
[22:07:34] [Client thread/INFO]: [CHAT] <VideoGameSmash12> ...
[22:07:34] [Client thread/INFO]: [CHAT] < Chara_> i havent made any
[22:07:36] [Client thread/INFO]: [CHAT] ItsZekrom - Removing all WOOL within 10 blocks of ItsZekrom
[22:07:36] [Client thread/INFO]: [CHAT] ItsZekrom - Remove complete! 0 blocks removed.
[22:07:48] [Client thread/INFO]: [CHAT] jwmphall left the game
[22:07:50] [Client thread/INFO]: [CHAT] Vicki145 - Rolling back player: trillus
[22:08:05] [Client thread/INFO]: [CHAT] <Btean_Screen> i was just wondering so i could play them for my channel
[22:08:21] [Client thread/INFO]: [CHAT] < NoNoEspanol> what channel
[22:08:29] [Client thread/INFO]: [CHAT] <VideoGameSmash12> https://media.discordapp.net/attachments/386674910938005504/394218997282766848/2017-12-23_13.05.24.png?width=1276&height=684
[22:08:29] [Client thread/INFO]: [CHAT] <Btean_Screen> same as my name
[22:08:36] [Client thread/INFO]: [CHAT] TrilluS left the game
[22:08:38] [Client thread/INFO]: [CHAT] <Btean_Screen> on youtube
[22:08:39] [Client thread/INFO]: [CHAT] < Koishi> When you use Discord as an image host
[22:09:03] [Client thread/INFO]: [CHAT] TrilluS joined the game
[22:09:34] [Client thread/INFO]: [CHAT] TrilluS left the game
[22:09:44] [Client thread/INFO]: [CHAT] TrilluS joined the game
[22:10:04] [Client thread/INFO]: [CHAT] FilluS left the game
[22:10:07] [Client thread/INFO]: [CHAT] TrilluS left the game
[22:10:10] [Client thread/INFO]: [CHAT] Shakabletax210 joined the game
[22:10:10] [Client thread/INFO]: [CHAT] Welcome Shakabletax210 to TotalFreedom!
[22:10:11] [Client thread/INFO]: [CHAT] ItsZekrom - Opping all players on the server
[22:10:11] [Client thread/INFO]: [CHAT] You are now op!
[22:10:27] [Client thread/INFO]: [CHAT] koolcities11 joined the game
[22:10:27] [Client thread/INFO]: [CHAT] Welcome koolcities11 to TotalFreedom!
[22:10:29] [Client thread/INFO]: [CHAT] ItsZekrom - Opping all players on the server
[22:10:29] [Client thread/INFO]: [CHAT] You are now op!