[17:39:20] [Client thread/INFO]: Connecting to play.totalfreedom.me., 25565
[17:39:57] [Client thread/INFO]: Connecting to play.totalfreedom.me., 25565
[17:40:09] [Client thread/INFO]: Connecting to play.totalfreedom.me., 25565
[17:41:07] [Client thread/INFO]: Connecting to play.totalfreedom.me., 25565
[17:41:49] [Client thread/INFO]: Connecting to play.totalfreedom.me., 25565
[17:42:22] [Client thread/INFO]: Connecting to play.totalfreedom.me., 25565
[17:44:48] [Client thread/INFO]: Connecting to play.totalfreedom.me., 25565
[17:45:22] [Client thread/INFO]: Connecting to play.totalfreedom.me., 25565
[17:45:39] [Client thread/INFO]: Connecting to play.totalfreedom.me., 25565
[17:46:14] [Client thread/INFO]: Connecting to play.totalfreedom.me., 25565
[17:46:30] [Client thread/INFO]: Connecting to play.totalfreedom.me., 25565
[17:47:04] [Client thread/INFO]: Connecting to play.totalfreedom.me., 25565
[17:48:29] [Client thread/INFO]: Connecting to play.totalfreedom.me., 25565
[17:51:46] [Client thread/INFO]: Connecting to play.totalfreedom.me., 25565
[17:55:46] [Client thread/INFO]: Connecting to play.totalfreedom.me., 25565
[17:56:23] [Client thread/INFO]: Connecting to play.totalfreedom.me., 25565
[18:12:15] [Client thread/INFO]: Connecting to play.totalfreedom.me., 25565
[18:18:57] [Client thread/INFO]: Connecting to play.totalfreedom.me., 25565
[18:19:22] [Client thread/INFO]: Connecting to play.totalfreedom.me., 25565
[18:27:47] [Client thread/INFO]: Connecting to play.totalfreedom.me., 25565
[18:28:45] [Client thread/INFO]: Connecting to play.totalfreedom.me., 25565
[18:28:50] [Client thread/INFO]: Connecting to play.totalfreedom.me., 25565
[18:35:22] [Client thread/INFO]: Connecting to play.totalfreedom.me., 25565
[18:39:48] [Client thread/INFO]: Connecting to play.totalfreedom.me., 25565
[18:39:58] [Client thread/INFO]: Connecting to play.totalfreedom.me., 25565
[18:40:53] [Client thread/INFO]: Connecting to play.totalfreedom.me., 25565
[18:43:31] [Client thread/INFO]: Connecting to play.totalfreedom.me., 25565
[18:44:40] [Client thread/INFO]: Connecting to play.totalfreedom.me., 25565
[18:47:48] [Client thread/INFO]: Connecting to play.totalfreedom.me., 25565
[18:50:06] [Client thread/INFO]: Connecting to play.totalfreedom.me., 25565
[18:50:21] [Client thread/INFO]: Connecting to play.totalfreedom.me., 25565
[18:52:16] [Client thread/INFO]: Connecting to play.totalfreedom.me., 25565
[18:54:53] [Client thread/INFO]: Connecting to play.totalfreedom.me., 25565
[18:54:57] [Client thread/INFO]: Connecting to play.totalfreedom.me., 25565
[18:55:01] [Client thread/INFO]: Connecting to play.totalfreedom.me., 25565
[18:55:55] [Client thread/INFO]: Connecting to play.totalfreedom.me., 25565
[18:56:22] [Client thread/INFO]: Connecting to play.totalfreedom.me., 25565
[22:03:56] [Client thread/INFO]: Connecting to play.totalfreedom.me., 25565
[22:04:01] [Client thread/INFO]: [CHAT] [LibsDisguises] There is a update ready to be downloaded! You are using v9.4.0-SNAPSHOT, the new version is v9.5.0!
[22:04:01] [Client thread/INFO]: [CHAT] VideoGameSmash12 joined the game
[22:04:02] [Client thread/INFO]: [CHAT] Welcome to TotalFreedom, VideoGameSmash12!
[22:04:02] [Client thread/INFO]: [CHAT] The server's name does not imply that we have no rules. Please read them (/rules)
[22:04:02] [Client thread/INFO]: [CHAT] Type /help for a list of commands.
[22:04:02] [Client thread/INFO]: [CHAT] Type /list to see who else is online.
[22:04:02] [Client thread/INFO]: [CHAT] Players online: 13 - World time: 12:00 PM
[22:04:02] [Client thread/INFO]: [CHAT] You have no new mail.
[22:04:02] [Client thread/INFO]: [CHAT] [BetterChairs] Find new update ! Version: 0.9.5
[22:04:02] [Client thread/INFO]: [CHAT] [UPDATE]
[22:04:02] [Client thread/INFO]: [CHAT] [AsyncWorldEdit] You have an old version of the plugin. Your version: 2.3.3, available version: 3.4.11
[22:04:02] [Client thread/INFO]: [CHAT] < Xander> yeah
[22:04:02] [Client thread/INFO]: [CHAT] [SrA] <irix> Has who been on recently?
[22:04:05] [Client thread/INFO]: [CHAT] Chaotrix fell from a high place
[22:04:06] [Client thread/INFO]: [CHAT] <reple> FileExtension
[22:04:08] [Client thread/INFO]: [CHAT] <reple> the player
[22:04:10] [Client thread/INFO]: [CHAT] <Only2Genders> yeah
[22:04:11] [Client thread/INFO]: [CHAT] [SrA] <irix> Is that a person?
[22:04:15] [Client thread/INFO]: [CHAT] <Only2Genders> last night
[22:04:17] [Client thread/INFO]: [CHAT] <reple> well, a player I guess
[22:04:19] [Client thread/INFO]: [CHAT] <EinOdMilvado> reple do /gmc
[22:04:24] [Client thread/INFO]: [CHAT] [SrA] <irix> I haven't seen them.
[22:04:28] [Client thread/INFO]: [CHAT] <EinOdMilvado> reple do /gms!!! pls
[22:04:29] [Client thread/INFO]: [CHAT] <reple> I mean, a person in minecraft, yes xd
[22:04:29] [Client thread/INFO]: [CHAT] <ttcat1> how do i create a shulker box with a custom colored name???
[22:04:36] [Client thread/INFO]: [CHAT] * EinOdMilvado reple do /gms
[22:04:36] [Client thread/INFO]: [CHAT] <reple> EinOdMilvado you'll kill me
[22:04:46] [Client thread/INFO]: [CHAT] <EinOdMilvado> Ima test my KB slime
[22:04:47] [Client thread/INFO]: [CHAT] < Xander> lag
[22:04:50] [Client thread/INFO]: [CHAT] <reple> o
[22:04:55] [Client thread/INFO]: [CHAT] <reple> try me den
[22:04:58] [Client thread/INFO]: [CHAT] elementgermanium has made the advancement [Into Fire]
[22:05:07] [Client thread/INFO]: [CHAT] enderkid753 has completed the challenge [A Furious Cocktail]
[22:05:07] [Client thread/INFO]: [CHAT] enderkid753 has completed the challenge [How Did We Get Here?]
[22:05:13] [Client thread/INFO]: [CHAT] Chaotrix left the game
[22:05:13] [Client thread/INFO]: [CHAT] elementgermanium has made the advancement [Cover Me With Diamonds]
[22:05:16] [Client thread/INFO]: [CHAT] falceso is a Super Admin
[22:05:16] [Client thread/INFO]: [CHAT] falceso joined the game
[22:05:18] [Client thread/INFO]: [CHAT] Chaotrix joined the game
[22:05:19] [Client thread/INFO]: [CHAT] <reple> damn file got famous on this server
[22:05:29] [Client thread/INFO]: [CHAT] <reple> his weapons are everywhere
[22:05:34] [Client thread/INFO]: [CHAT] < Xander> java.lang.nullpointerexception crash >.>
[22:05:37] [Client thread/INFO]: [CHAT] <VideoGameSmash12> yo irix, what was your first experience with the Emergency Alert System?
[22:05:39] [Client thread/INFO]: [CHAT] <Only2Genders> his weapons are at spawn
[22:05:45] [Client thread/INFO]: [CHAT] [SrA] <irix> I think that's because he puts them everywhere.
[22:05:59] [Client thread/INFO]: [CHAT] <reple> well someone else put these here, quite sure
[22:06:00] [Client thread/INFO]: [CHAT] <EinOdMilvado> reple do /gms Plsssssssssss
[22:06:01] [Client thread/INFO]: [CHAT] <Only2Genders> no i put them there XD he gave them to be
[22:06:02] [Client thread/INFO]: [CHAT] Chaotrix fell from a high place
[22:06:05] [Client thread/INFO]: [CHAT] <reple> since clearly, nobody has seen him here recently
[22:06:09] [Client thread/INFO]: [CHAT] <Only2Genders> me*
[22:06:09] [Client thread/INFO]: [CHAT] <hi529> I got the key
[22:06:11] [Client thread/INFO]: [CHAT] Chaotrix left the game
[22:06:18] [Client thread/INFO]: [CHAT] <hi529> visual basic axe
[22:06:23] [Client thread/INFO]: [CHAT] [SrA] <irix> My first experience with the Emergency Alert System was when the EAS was implemented.
[22:06:34] [Client thread/INFO]: [CHAT] <EinOdMilvado> hi529 pls do /gms i wanna test my KB slime ball plssssss
[22:06:35] [Client thread/INFO]: [CHAT] <reple> I asked FileExtension if I could give out his discord, and he said yes
[22:06:41] [Client thread/INFO]: [CHAT] <reple> for some apparent reason
[22:06:44] [Client thread/INFO]: [CHAT] <hi529> ok
[22:06:48] [Client thread/INFO]: [CHAT] <VideoGameSmash12> What is the earliest alert that you remember?
[22:06:52] [Client thread/INFO]: [CHAT] <reple> So, with that being said, who wants his discord, he likes talking so
[22:06:55] [Client thread/INFO]: [CHAT] EinOdMilvado has completed the challenge [A Furious Cocktail]
[22:06:55] [Client thread/INFO]: [CHAT] EinOdMilvado has completed the challenge [How Did We Get Here?]
[22:06:55] [Client thread/INFO]: [CHAT] hi529 has completed the challenge [A Furious Cocktail]
[22:06:55] [Client thread/INFO]: [CHAT] hi529 has completed the challenge [How Did We Get Here?]
[22:06:56] [Client thread/INFO]: [CHAT] hi529 has completed the challenge [Great View From Up Here]
[22:06:56] [Client thread/INFO]: [CHAT] EinOdMilvado has completed the challenge [Great View From Up Here]
[22:07:01] [Client thread/INFO]: [CHAT] <hi529> trollpotter
[22:07:28] [Client thread/INFO]: [CHAT] < Entity> Ein
[22:07:39] [Client thread/INFO]: [CHAT] Error: Unknown item name: waterbucker.
[22:07:41] [Client thread/INFO]: [CHAT] Giving 1 of water bucket
[22:07:42] [Client thread/INFO]: [CHAT] Water buckets are currently disabled.
[22:07:49] [Client thread/INFO]: [CHAT] First position set to (100728.0, 62.0, 99201.0).
[22:07:50] [Client thread/INFO]: [CHAT] First position set to (100728.0, 62.0, 99202.0).
[22:07:51] [Client thread/INFO]: [CHAT] First position set to (100728.0, 62.0, 99201.0).
[22:07:51] [Client thread/INFO]: [CHAT] Second position set to (100728.0, 62.0, 99202.0) (2).
[22:07:52] [Client thread/INFO]: [CHAT] <EinOdMilvado> shitty troller
[22:07:55] [Client thread/INFO]: [CHAT] Operation completed (0 blocks affected).
[22:07:55] [Client thread/INFO]: [CHAT] Running setBlocks in full async mode.
[22:07:55] [Client thread/INFO]: [CHAT] Blocks processed: 2
[22:07:55] [Client thread/INFO]: [CHAT] Job [0] setBlocks - placing blocks
[22:07:55] [Client thread/INFO]: [CHAT] Job [0] setBlocks - done
[22:07:56] [Client thread/INFO]: [CHAT] <hi529> now try ein
[22:07:57] [Client thread/INFO]: [CHAT] <reple> oh yeah irix, FileExtension said he was banned by you, and that he should've been unbanned by now
[22:08:03] [Client thread/INFO]: [CHAT] <EinOdMilvado> it wont let me
[22:08:07] [Client thread/INFO]: [CHAT] elementgermanium has made the advancement [Take Aim]
[22:08:07] [Client thread/INFO]: [CHAT] elementgermanium was killed trying to hurt hi529
[22:08:07] [Client thread/INFO]: [CHAT] hi529 was killed by magic
[22:08:07] [Client thread/INFO]: [CHAT] <EinOdMilvado> ur in gmc
[22:08:09] [Client thread/INFO]: [CHAT] <reple> because gtfos are purged everyday right
[22:08:15] [Client thread/INFO]: [CHAT] <hi529> im not in gmc
[22:08:25] [Client thread/INFO]: [CHAT] <enderkid753> same irix
[22:08:35] [Client thread/INFO]: [CHAT] <EinOdMilvado> hi529 do /gms pls but tp o me now
[22:08:41] [Client thread/INFO]: [CHAT] Teleporting...
[22:08:41] [Client thread/INFO]: [CHAT] elementgermanium has reached the goal [Sky's the Limit]
[22:08:44] [Client thread/INFO]: [CHAT] Cleared all inventory items from VideoGameSmash12.
[22:08:47] [Client thread/INFO]: [CHAT] [SrA] <irix> I've been thinking, and my [likely] first experience with the EAS/EBS would be local weather.
[22:08:54] [Client thread/INFO]: [CHAT] ttcat1 has made the advancement [Isn't It Iron Pick]
[22:09:06] [Client thread/INFO]: [CHAT] < Entity> pvp gmc is not allowed
[22:09:11] [Client thread/INFO]: [CHAT] <enderkid753> how do you lock your own chest hi529?
[22:09:13] [Client thread/INFO]: [CHAT] EinOdMilvado has been a VERY naughty, naughty boy.
[22:09:13] [Client thread/INFO]: [CHAT] falceso - Banning EinOdMilvado, IP: 104.35.*.* - Reason: Griefing // falceso
[22:09:13] [Client thread/INFO]: [CHAT] <VideoGameSmash12> What was the alert about?
[22:09:13] [Client thread/INFO]: [CHAT] EinOdMilvado died
[22:09:13] [Client thread/INFO]: [CHAT] EinOdMilvado left the game
[22:09:16] [Client thread/INFO]: [CHAT] jwmphall is a Telnet Admin
[22:09:16] [Client thread/INFO]: [CHAT] jwmphall joined the game
[22:09:18] [Client thread/INFO]: [CHAT] <reple> elementgermanium you're using the outdated key, use the newer version
[22:09:20] [Client thread/INFO]: [CHAT] * Only2Genders CRATES WITH OP ITEMS AT SPAWN
[22:09:22] [Client thread/INFO]: [CHAT] <VideoGameSmash12> A tornado? A severe thunderstorm?
[22:09:29] [Client thread/INFO]: [CHAT] [SrA] <irix> The latter.
[22:09:30] [Client thread/INFO]: [CHAT] <enderkid753> how do you lock your own chest hi529
[22:09:34] [Client thread/INFO]: [CHAT] GioVarquez was killed by magic
[22:09:35] [Client thread/INFO]: [CHAT] <VideoGameSmash12> Oh.
[22:09:36] [Client thread/INFO]: [CHAT] <hi529> item data
[22:09:40] [Client thread/INFO]: [CHAT] <reple> you have some out dated crates
[22:09:42] [Client thread/INFO]: [CHAT] <VideoGameSmash12> I've seen countless alerts
[22:09:48] [Client thread/INFO]: [CHAT] [SrA] <irix> brb
[22:09:50] [Client thread/INFO]: [CHAT] <reple> hi529
[22:10:01] [Client thread/INFO]: [CHAT] * ttcat1 how do i fill a shulker box with items, name it with colors, and lock/unlock it?
[22:10:07] [Client thread/INFO]: [CHAT] <enderkid753> ^
[22:10:15] [Client thread/INFO]: [CHAT] <VideoGameSmash12> Flash flood warnings, tornado warnings, blizzard warnings, regular tests, and some severe thunderstorm warnings
[22:10:38] [Client thread/INFO]: [CHAT] * ttcat1 how do i fill a shulker box with items, name it with colors, and lock/unlock it?
[22:10:41] [Client thread/INFO]: [CHAT] <reple> hi529 you have the outdated crates silly
[22:10:46] [Client thread/INFO]: [CHAT] <reple> use these ones, that he gave me
[22:10:48] [Client thread/INFO]: [CHAT] <VideoGameSmash12> I've captured an audio clip of a Severe Thunderstorm Warning once
[22:10:57] [Client thread/INFO]: [CHAT] < Entity> antone want pvp
[22:10:58] [Client thread/INFO]: [CHAT] [STA] <jwmphall> pft
[22:11:00] [Client thread/INFO]: [CHAT] §bfalceso§r has completed the challenge [Great View From Up Here]
[22:11:10] [Client thread/INFO]: [CHAT] [SA] <falceso> ..
[22:11:11] [Client thread/INFO]: [CHAT] <reple> Only2Genders
[22:11:23] [Client thread/INFO]: [CHAT] < Entity> reple
[22:11:27] [Client thread/INFO]: [CHAT] * ttcat1 how do i fill a shulker box with items, name it with colors, and lock/unlock it? Can an admin please tell me?
[22:11:29] [Client thread/INFO]: [CHAT] [SA] <falceso> hi529 did you attempt to give me LINGERING 127?
[22:11:35] [Client thread/INFO]: [CHAT] §bfalceso§r has completed the challenge [A Furious Cocktail]
[22:11:35] [Client thread/INFO]: [CHAT] §bfalceso§r has completed the challenge [How Did We Get Here?]
[22:11:37] [Client thread/INFO]: [CHAT] elementgermanium was slain by GioVarquez using [§0§k§l?§4§lVIRUS_ROD§0§k§l?]
[22:11:43] [Client thread/INFO]: [CHAT] < Entity> im gms pvp
[22:11:45] [Client thread/INFO]: [CHAT] <hi529> no
[22:12:02] [Client thread/INFO]: [CHAT] <hi529> misclicked with it in my inventorty
[22:12:06] [Client thread/INFO]: [CHAT] <hi529> do what you must
[22:12:19] [Client thread/INFO]: [CHAT] Only2Genders has completed the challenge [A Furious Cocktail]
[22:12:19] [Client thread/INFO]: [CHAT] Only2Genders has completed the challenge [How Did We Get Here?]
[22:12:20] [Client thread/INFO]: [CHAT] Only2Genders has completed the challenge [Great View From Up Here]
[22:12:23] [Client thread/INFO]: [CHAT] <Only2Genders> fuck off
[22:12:24] [Client thread/INFO]: [CHAT] reple has completed the challenge [A Furious Cocktail]
[22:12:24] [Client thread/INFO]: [CHAT] reple has completed the challenge [How Did We Get Here?]
[22:12:28] [Client thread/INFO]: [CHAT] enderkid753 has been a VERY naughty, naughty boy.
[22:12:28] [Client thread/INFO]: [CHAT] falceso - Banning enderkid753, IP: 97.92.*.* - Reason: Troll Potion // falceso
[22:12:28] [Client thread/INFO]: [CHAT] enderkid753 died
[22:12:28] [Client thread/INFO]: [CHAT] enderkid753 left the game
[22:12:45] [Client thread/INFO]: [CHAT] [Server:falceso] Please make sure to clear your inventory of Troll Pots.
[22:12:58] [Client thread/INFO]: [CHAT] Skoonk_and_Xeoda is the only one and only Skunk and is a Senior Admin!
[22:12:58] [Client thread/INFO]: [CHAT] Skoonk_and_Xeoda joined the game
[22:13:06] [Client thread/INFO]: [CHAT] <reple> well one things for sure, Wecklerie is catching up to FileExtension in terms of the weapon industry
[22:13:08] [Client thread/INFO]: [CHAT] falceso - Unbanning MHF_Mooshroom and IPs: 71.56.200.235
[22:13:13] [Client thread/INFO]: [CHAT] MHF_Mooshroom joined the game
[22:13:14] [Client thread/INFO]: [CHAT] hi529 has reached the goal [Postmortal]
[22:13:15] [Client thread/INFO]: [CHAT] W00fless joined the game
[22:13:15] [Client thread/INFO]: [CHAT] Welcome W00fless to TotalFreedom!
[22:13:22] [Client thread/INFO]: [CHAT] <W00fless> hey
[22:13:24] [Client thread/INFO]: [CHAT] falceso - Opping all players on the server
[22:13:24] [Client thread/INFO]: [CHAT] You are now op!
[22:13:32] [Client thread/INFO]: [CHAT] W00fless - Opping W00fless
[22:13:33] [Client thread/INFO]: [CHAT] W00fless - Opping W00fless
[22:13:33] [Client thread/INFO]: [CHAT] W00fless - Opping W00fless
[22:13:43] [Client thread/INFO]: [CHAT] W00fless has made the advancement [The End?]
[22:13:56] [Client thread/INFO]: [CHAT] markbyron - Purging the ban list
[22:14:01] [Client thread/INFO]: [CHAT] [Server:markbyron] shoutbox cleared!
[22:14:02] [Client thread/INFO]: [CHAT] <reple> hello
[22:14:02] [Client thread/INFO]: [CHAT] jwmphall left the game
[22:14:04] [Client thread/INFO]: [CHAT] *  Entity GioVarquz - Opping GioVarquez
[22:14:09] [Client thread/INFO]: [CHAT] markbyron - Opping all players on the server
[22:14:09] [Client thread/INFO]: [CHAT] You are now op!
[22:14:09] [Client thread/INFO]: [CHAT] <reple> markbyron give us your money
[22:14:17] [Client thread/INFO]: [CHAT] $1000000 has been added to your account.
[22:14:23] [Client thread/INFO]: [CHAT] [Server:markbyron] have my cash
[22:14:27] [Client thread/INFO]: [CHAT] <Only2Genders> mark doesnt this include ip bans
[22:14:28] [Client thread/INFO]: [CHAT] <reple> xd
[22:14:29] [Client thread/INFO]: [CHAT] W00fless has made the advancement [Cover Me With Diamonds]
[22:14:29] [Client thread/INFO]: [CHAT] W00fless has reached the goal [Sky's the Limit]
[22:14:36] [Client thread/INFO]: [CHAT] <reple> Only2Genders yes that includes ip bans
[22:14:39] [Client thread/INFO]: [CHAT] elementgermanium has reached the goal [Postmortal]
[22:14:40] [Client thread/INFO]: [CHAT] <Only2Genders> perm bans?
[22:14:43] [Client thread/INFO]: [CHAT] <reple> no
[22:14:44] [Client thread/INFO]: [CHAT] [Server:markbyron] daily bans cleared - new perm bans added
[22:14:54] [Client thread/INFO]: [CHAT] <reple> perm bans are removed once a year
[22:15:00] [Client thread/INFO]: [CHAT] <Only2Genders> ah
[22:15:01] [Client thread/INFO]: [CHAT] <reple> I think, I dunno
[22:15:02] [Client thread/INFO]: [CHAT] HeyItsTai joined the game
[22:15:14] [Client thread/INFO]: [CHAT] <reple> brb
[22:15:15] [Client thread/INFO]: [CHAT] reple left the game
[22:15:23] [Client thread/INFO]: [CHAT] <Only2Genders> markbyron when is the next perm ban reset
[22:15:24] [Client thread/INFO]: [CHAT] < Console> XD
[22:15:47] [Client thread/INFO]: [CHAT] Staff < Console> :)
[22:15:50] [Client thread/INFO]: [CHAT] MasonDaCat joined the game
[22:15:50] [Client thread/INFO]: [CHAT] Welcome MasonDaCat to TotalFreedom!
[22:16:01] [Client thread/INFO]: [CHAT] jwmphall is a Telnet Admin
[22:16:01] [Client thread/INFO]: [CHAT] jwmphall joined the game
[22:16:03] [Client thread/INFO]: [CHAT] HeyItsTai left the game
[22:16:04] [Client thread/INFO]: [CHAT] <Only2Genders> can you unban 24.64.149.14
[22:16:11] [Client thread/INFO]: [CHAT] GioVarquez was killed by magic
[22:16:19] [Client thread/INFO]: [CHAT] [SA] <falceso> The whole ban list was cleared
[22:16:24] [Client thread/INFO]: [CHAT] <MasonDaCat> yES
[22:16:26] [Client thread/INFO]: [CHAT] <MasonDaCat> hahahah
[22:16:28] [Client thread/INFO]: [CHAT] * fluffycatisfat I identify as a apache helicopter
[22:16:30] [Client thread/INFO]: [CHAT] <MasonDaCat> lol jk
[22:16:31] [Client thread/INFO]: [CHAT] [STA] <jwmphall> ?
[22:16:34] [Client thread/INFO]: [CHAT] <MasonDaCat> op me pls
[22:16:37] [Client thread/INFO]: [CHAT] jwmphall - Opping all players on the server
[22:16:37] [Client thread/INFO]: [CHAT] You are now op!
[22:16:41] [Client thread/INFO]: [CHAT] fluffycatisfat - Opping MasonDaCat
[22:16:41] [Client thread/INFO]: [CHAT] Only2Genders - Opping MasonDaCat
[22:16:46] [Client thread/INFO]: [CHAT] Staff < Console> .
[22:16:52] [Client thread/INFO]: [CHAT] elementgermanium left the game
[22:17:08] [Client thread/INFO]: [CHAT] Unknqwn__ joined the game
[22:17:09] [Client thread/INFO]: [CHAT] johyn1234 joined the game
[22:17:13] [Client thread/INFO]: [CHAT] johyn1234 left the game
[22:17:13] [Client thread/INFO]: [CHAT] MasonDaCat - Opping Unknqwn__
[22:17:14] [Client thread/INFO]: [CHAT] < Unkqwn> irix
[22:17:18] [Client thread/INFO]: [CHAT] [SrA] <irix> Yeah?
[22:17:20] [Client thread/INFO]: [CHAT] < Unkqwn> Why did you ban me?
[22:17:24] [Client thread/INFO]: [CHAT] FileExtension joined the game
[22:17:26] [Client thread/INFO]: [CHAT] [SrA] <irix> Who are you?
[22:17:29] [Client thread/INFO]: [CHAT] <Only2Genders> hey file
[22:17:39] [Client thread/INFO]: [CHAT] <FileExtension> Well that time for sure, irix used a /gtfo
[22:17:40] [Client thread/INFO]: [CHAT] MasonDaCat - Opping FileExtension
[22:17:42] [Client thread/INFO]: [CHAT] * VideoGameSmash12 is now AFK.
[22:17:43] [Client thread/INFO]: [CHAT] < Entity> hiro get out
[22:17:46] [Client thread/INFO]: [CHAT] <FileExtension> because temp bans don't kill you
[22:17:48] [Client thread/INFO]: [CHAT] Staff < Bae> xdddddddddddddd
[22:17:49] [Client thread/INFO]: [CHAT] < Unkqwn> I was on a while ago
[22:17:50] [Client thread/INFO]: [CHAT] < Entity> irix
[22:17:52] [Client thread/INFO]: [CHAT] Only2Genders - Opping FileExtension
[22:17:55] [Client thread/INFO]: [CHAT] HelpIsHere <MasonDaCat> anyone need help?
[22:17:56] [Client thread/INFO]: [CHAT] < Unkqwn> And you banned me
[22:17:57] [Client thread/INFO]: [CHAT] <FileExtension> thank u
[22:17:57] [Client thread/INFO]: [CHAT] < Entity> irix!
[22:18:01] [Client thread/INFO]: [CHAT] elementgermanium joined the game
[22:18:05] [Client thread/INFO]: [CHAT] MasonDaCat - Opping elementgermanium
[22:18:06] [Client thread/INFO]: [CHAT] Staff < Bae> m8
[22:18:15] [Client thread/INFO]: [CHAT] Unknqwn__ left the game
[22:18:19] [Client thread/INFO]: [CHAT] < Entity> helppp
[22:18:21] [Client thread/INFO]: [CHAT] < Entity> helpppppppppppp
[22:18:23] [Client thread/INFO]: [CHAT] HelpIsHere <MasonDaCat> Bae remove the staff tag please
[22:18:29] [Client thread/INFO]: [CHAT] < Entity> iseeplayer go in my home
[22:18:33] [Client thread/INFO]: [CHAT] < Entity> helpppp
[22:18:37] [Client thread/INFO]: [CHAT] HelpIsHere <MasonDaCat> what is it
[22:18:39] [Client thread/INFO]: [CHAT] < Entity> everyone get outtttttttttt
[22:18:42] [Client thread/INFO]: [CHAT] < Bae> k
[22:18:44] [Client thread/INFO]: [CHAT] Sphinx0023 joined the game
[22:18:45] [Client thread/INFO]: [CHAT] < Entity> you pig get out
[22:18:47] [Client thread/INFO]: [CHAT] MasonDaCat - Opping Sphinx0023
[22:18:50] [Client thread/INFO]: [CHAT] <Sphinx0023> im unbanned yay
[22:18:59] [Client thread/INFO]: [CHAT] HelpIsHere <MasonDaCat> can I come in pks
[22:19:03] [Client thread/INFO]: [CHAT] < Entity> get out or i report
[22:19:03] [Client thread/INFO]: [CHAT] HelpIsHere <MasonDaCat> pls*
[22:19:10] [Client thread/INFO]: [CHAT] < Entity> 3
[22:19:10] [Client thread/INFO]: [CHAT] HelpIsHere <MasonDaCat> im nice
[22:19:12] [Client thread/INFO]: [CHAT] < Entity> 2
[22:19:14] [Client thread/INFO]: [CHAT] < Entity> 1
[22:19:25] [Client thread/INFO]: [CHAT] HelpIsHere <MasonDaCat> im not in ur house
[22:19:42] [Client thread/INFO]: [CHAT] HelpIsHere <MasonDaCat> Cool house btw
[22:19:51] [Client thread/INFO]: [CHAT] <FileExtension> did reple leave?
[22:20:14] [Client thread/INFO]: [CHAT] <FileExtension> shit reple left
[22:20:18] [Client thread/INFO]: [CHAT] <FileExtension> rip
[22:20:28] [Client thread/INFO]: [CHAT] HelpIsHere <MasonDaCat> Admin
[22:20:29] [Client thread/INFO]: [CHAT] fluffycatisfat left the game
[22:20:38] [Client thread/INFO]: [CHAT] <Sphinx0023> whats the server's discord?
[22:20:52] [Client thread/INFO]: [CHAT] <FileExtension> so guys, good news
[22:20:53] [Client thread/INFO]: [CHAT] <Only2Genders> Sphinx0023 discord.gg/fuck
[22:20:53] [Client thread/INFO]: [CHAT] PrismaticYT joined the game
[22:20:55] [Client thread/INFO]: [CHAT] HelpIsHere <MasonDaCat> hold on ill give u the link
[22:20:58] [Client thread/INFO]: [CHAT] <Sphinx0023> thats mean
[22:20:59] [Client thread/INFO]: [CHAT] <FileExtension> I have seen many people use my crates and weapons
[22:21:03] [Client thread/INFO]: [CHAT] <Sphinx0023> thats mean Only2Genders
[22:21:05] [Client thread/INFO]: [CHAT] <FileExtension> so, as a rewar
[22:21:06] [Client thread/INFO]: [CHAT] <FileExtension> reward*
[22:21:26] [Client thread/INFO]: [CHAT] <PrismaticYT> System faliure: WHERE THE FUCK IS THIS FILESYSTEM'S /CORE?!
[22:21:37] [Client thread/INFO]: [CHAT] GioVarquez was killed by magic
[22:21:39] [Client thread/INFO]: [CHAT] <FileExtension> Here is my reward: To lock your crates, go to singleplayer, and type this command in
[22:21:42] [Client thread/INFO]: [CHAT] * ttcat1 How do i give a shulker box a colored name?
[22:21:48] [Client thread/INFO]: [CHAT] [Virus] < Entity> adminnnn
[22:21:51] [Client thread/INFO]: [CHAT] [SA] <falceso> Yes?
[22:22:04] [Client thread/INFO]: [CHAT] <FileExtension> ./setblock ~ ~ ~ minecraft:white_shulker_box 1 1 {Lock:"<Lock Name>"}
[22:22:13] [Client thread/INFO]: [CHAT] [Virus] < Entity> adminnnn hiro dont want get out in my home!
[22:22:18] [Client thread/INFO]: [CHAT] <FileExtension> put whatever name you want in there, that will be your key
[22:22:24] [Client thread/INFO]: [CHAT] HelpIsHere <MasonDaCat> https://discordapp.com/invite/vqQU55x
[22:22:32] [Client thread/INFO]: [CHAT] <FileExtension> now, place that, open the crate, put whatever the hell you want in it
[22:22:34] [Client thread/INFO]: [CHAT] [SA] <falceso> How do you force unlock a shulker :P
[22:22:36] [Client thread/INFO]: [CHAT] HelpIsHere <MasonDaCat> thats the link
[22:22:42] [Client thread/INFO]: [CHAT] [Virus] < Entity> idk
[22:22:43] [Client thread/INFO]: [CHAT] <FileExtension> To force unlock a shulker, you need to use NBTExplorer
[22:22:46] [Client thread/INFO]: [CHAT] HelpIsHere <MasonDaCat> im not sure falceso
[22:22:55] [Client thread/INFO]: [CHAT] [Virus] < Entity> Get outttt
[22:22:55] [Client thread/INFO]: [CHAT] <FileExtension> go to the saved toolbars file (if you haven't stored your crate in there already, do it now)
[22:23:01] [Client thread/INFO]: [CHAT] <FileExtension> and then go to the "Lock" and remove it
[22:23:02] [Client thread/INFO]: [CHAT] [Virus] < Entity> adminn plz smite hor
[22:23:04] [Client thread/INFO]: [CHAT] elementgermanium left the game
[22:23:09] [Client thread/INFO]: [CHAT] [Virus] < Entity> adminn plz smite hi529
[22:23:11] [Client thread/INFO]: [CHAT] <FileExtension> Thank you for using my weapons.
[22:23:17] [Client thread/INFO]: [CHAT] <hi529> why entity
[22:23:33] [Client thread/INFO]: [CHAT] <hi529> no problem file
[22:23:33] [Client thread/INFO]: [CHAT] * ttcat1 but if i cant retrieve the shulker box with the items in it, then how the hell do i get the items back?
[22:23:34] [Client thread/INFO]: [CHAT] [Virus] < Entity> you dont want get out in my home
[22:23:36] [Client thread/INFO]: [CHAT] <FileExtension> :^)
[22:23:56] [Client thread/INFO]: [CHAT] <FileExtension> just hope that the items you put in there were backed up
[22:24:01] [Client thread/INFO]: [CHAT] [Virus] < Entity> ughhh
[22:24:02] [Client thread/INFO]: [CHAT] HelpIsHere <MasonDaCat> falceso can you give me admin training
[22:24:10] [Client thread/INFO]: [CHAT] elementgermanium joined the game
[22:24:14] [Client thread/INFO]: [CHAT] MasonDaCat - Opping elementgermanium
[22:24:16] [Client thread/INFO]: [CHAT] <FileExtension> to copy shulkers and keep the NBT tag, press CTRL + Scroll Lock
[22:24:16] [Client thread/INFO]: [CHAT] [SA] <falceso> uh maybe..
[22:24:19] [Client thread/INFO]: [CHAT] <FileExtension> while looking at the box
[22:24:22] [Client thread/INFO]: [CHAT] HelpIsHere <MasonDaCat> on discord
[22:24:29] [Client thread/INFO]: [CHAT] [Virus] < Entity> ()()()()()()()()()(()()()()()()()
[22:24:39] [Client thread/INFO]: [CHAT] <FileExtension> Damn it Wecklerie
[22:24:57] [Client thread/INFO]: [CHAT] <ttcat1> cmere
[22:24:59] [Client thread/INFO]: [CHAT] Lololool joined the game
[22:25:00] [Client thread/INFO]: [CHAT] [Virus] < Entity> im Virus player
[22:25:15] [Client thread/INFO]: [CHAT] * LightningFlare7 is now AFK.
[22:25:19] [Client thread/INFO]: [CHAT] [Virus] < Entity> ()()()()()()()))()()()()()
[22:25:22] [Client thread/INFO]: [CHAT] * LightningFlare7 is no longer AFK.
[22:25:27] [Client thread/INFO]: [CHAT] LightningFlare7 has completed the challenge [Great View From Up Here]
[22:25:35] [Client thread/INFO]: [CHAT] jwmphall left the game
[22:25:38] [Client thread/INFO]: [CHAT] Only2Genders left the game
[22:25:40] [Client thread/INFO]: [CHAT] elementgermanium left the game
[22:25:47] [Client thread/INFO]: [CHAT] * ttcat1 how do i retrieve a shulker box with my items in it?
[22:25:51] [Client thread/INFO]: [CHAT] [SA] <falceso> MasonDaCat dm me too had to find your name in many users :/
[22:25:54] [Client thread/INFO]: [CHAT] Lololool has made the advancement [We Need to Go Deeper]
[22:25:59] [Client thread/INFO]: [CHAT] HelpIsHere <MasonDaCat> kk
[22:26:15] [Client thread/INFO]: [CHAT] * Sphinx0023 TOO BAD HOMIE (srry for saying that i didnt make it mean)
[22:26:19] [Client thread/INFO]: [CHAT] [Team [V]isual] <FileExtension> t
[22:26:28] [Client thread/INFO]: [CHAT] HelpIsHere <MasonDaCat> k i dmed u
[22:26:34] [Client thread/INFO]: [CHAT] HelpIsHere <MasonDaCat> my name is RubberDuckie
[22:26:54] [Client thread/INFO]: [CHAT] Lololool left the game
[22:27:04] [Client thread/INFO]: [CHAT] elementgermanium joined the game
[22:27:08] [Client thread/INFO]: [CHAT] HelpIsHere <MasonDaCat> irix do you hate me?
[22:27:09] [Client thread/INFO]: [CHAT] RabbitDeGamer joined the game
[22:27:13] [Client thread/INFO]: [CHAT] MasonDaCat - Opping RabbitDeGamer
[22:27:35] [Client thread/INFO]: [CHAT] [Team [V]isual] <FileExtension> Guys, don't rename the key, the name on the axe is the key
[22:27:40] [Client thread/INFO]: [CHAT] [Team [V]isual] <FileExtension> if you rename it, well rip u man
[22:27:43] [Client thread/INFO]: [CHAT] [Virus] < Entity> ssss
[22:28:08] [Client thread/INFO]: [CHAT] [Team [V]isual] <FileExtension> sombody enable mobs :v:
[22:28:12] [Client thread/INFO]: [CHAT] <MHF_Mooshroom> ya
[22:28:13] [Client thread/INFO]: [CHAT] * PrismaticYT is now AFK.
[22:28:15] [Client thread/INFO]: [CHAT] <MHF_Mooshroom> enable mobs!
[22:28:20] [Client thread/INFO]: [CHAT] Sphinx0023 left the game
[22:28:31] [Client thread/INFO]: [CHAT] JoshaBoyy joined the game
[22:28:33] [Client thread/INFO]: [CHAT] MasonDaCat - Opping JoshaBoyy
[22:28:49] [Client thread/INFO]: [CHAT] [Team [V]isual] <FileExtension> awww shit
[22:28:57] [Client thread/INFO]: [CHAT] MotokoKusanagi is a Telnet Clanforge Admin and the Melon King
[22:28:57] [Client thread/INFO]: [CHAT] MotokoKusanagi joined the game
[22:29:06] [Client thread/INFO]: [CHAT] [falceso: Set game difficulty to Easy]
[22:29:17] [Client thread/INFO]: [CHAT] < Lol> XD
[22:29:18] [Client thread/INFO]: [CHAT] falceso - Cleaning all nicknames
[22:29:20] [Client thread/INFO]: [CHAT] [Team [V]isual] <FileExtension> yall ready?
[22:29:25] [Client thread/INFO]: [CHAT] [Team [V]isual] <FileExtension> watch this
[22:29:27] [Client thread/INFO]: [CHAT] [SA] <falceso> I'm concern :|
[22:29:30] [Client thread/INFO]: [CHAT] FileExtension was slain by §c§lLinus §c§lTech §c§lTips §c§l- §c§lHOLY §c§lS**T §c§lSeries
[22:29:55] [Client thread/INFO]: [CHAT] [STA] <MotokoKusanagi> I'm concern too
[22:29:59] [Client thread/INFO]: [CHAT] hi529 has made the advancement [Monster Hunter]
[22:30:01] [Client thread/INFO]: [CHAT] FileExtension was slain by §a§lThis video was sponsored by Synergy, an app that allows you to use multiple computers at once, with only one mouse and keyboard, check them out now in the link in the description below.
[22:30:10] [Client thread/INFO]: [CHAT] elementgermanium left the game
[22:30:13] [Client thread/INFO]: [CHAT] < SarahcasticRabbit> wtf lol
[22:30:18] [Client thread/INFO]: [CHAT] [Team [V]isual] <FileExtension> what
[22:30:27] [Client thread/INFO]: [CHAT] < SarahcasticRabbit> slain by what?
[22:30:32] [Client thread/INFO]: [CHAT] < SarahcasticRabbit> ;-;
[22:30:33] [Client thread/INFO]: [CHAT] MotokoKusanagi - Purging all player data
[22:30:39] [Client thread/INFO]: [CHAT] [Team [V]isual] <FileExtension> an advertisement, I was slain by an advertisement
[22:30:41] [Client thread/INFO]: [CHAT] [Virus] < Entity> im cow
[22:30:52] [Client thread/INFO]: [CHAT] < SarahcasticRabbit> im kinda confused tbh
[22:31:06] [Client thread/INFO]: [CHAT] XxGamerDudexX joined the game
[22:31:06] [Client thread/INFO]: [CHAT] MotokoKusanagi left the game
[22:31:07] [Client thread/INFO]: [CHAT] [Batman] < Entity> wew
[22:31:09] [Client thread/INFO]: [CHAT] XxGamerDudexX left the game
[23:30:04] [Client thread/INFO]: Connecting to play.totalfreedom.me., 25565
[23:30:06] [Client thread/INFO]: [CHAT] [LibsDisguises] There is a update ready to be downloaded! You are using v9.4.0-SNAPSHOT, the new version is v9.5.0!
[23:30:06] [Client thread/INFO]: [CHAT] VideoGameSmash12 joined the game
[23:30:06] [Client thread/INFO]: [CHAT] [BetterChairs] Find new update ! Version: 0.9.5
[23:30:06] [Client thread/INFO]: [CHAT] [UPDATE]
[23:30:06] [Client thread/INFO]: [CHAT] Welcome to TotalFreedom, VideoGameSmash12!
[23:30:06] [Client thread/INFO]: [CHAT] The server's name does not imply that we have no rules. Please read them (/rules)
[23:30:06] [Client thread/INFO]: [CHAT] Type /help for a list of commands.
[23:30:06] [Client thread/INFO]: [CHAT] Type /list to see who else is online.
[23:30:06] [Client thread/INFO]: [CHAT] Players online: 15 - World time: 12:00 PM
[23:30:06] [Client thread/INFO]: [CHAT] You have no new mail.
[23:30:06] [Client thread/INFO]: [CHAT] Set fly mode enabled for VideoGameSmash12.
[23:30:06] [Client thread/INFO]: [CHAT] [AsyncWorldEdit] You have an old version of the plugin. Your version: 2.3.3, available version: 3.4.11
[23:30:06] [Client thread/INFO]: [CHAT] AjitPaj <MasonDaCat> Cool coaster btw
[23:30:08] [Client thread/INFO]: [CHAT] MasonDaCat - Opping thekingcreeper12
[23:30:12] [Client thread/INFO]: [CHAT] MasonDaCat - Opping VideoGameSmash12
[23:30:20] [Client thread/INFO]: [CHAT] <XxGamerDudexX> Anyone want my op sword?
[23:30:21] [Client thread/INFO]: [CHAT] * hiro is now AFK.
[23:30:26] [Client thread/INFO]: [CHAT] < Unkqwn> Tf
[23:30:27] [Client thread/INFO]: [CHAT] *  SarahcasticRabbit is no longer AFK.
[23:30:27] [Client thread/INFO]: [CHAT] < SarahcasticRabbit> .
[23:30:28] [Client thread/INFO]: [CHAT] FileExtension left the game
[23:30:28] [Client thread/INFO]: [CHAT] < Unkqwn> Who are you
[23:30:36] [Client thread/INFO]: [CHAT] <XxGamerDudexX> who?
[23:30:36] [Client thread/INFO]: [CHAT] < SarahcasticRabbit> anyone here want a mans not hot plugin
[23:30:39] [Client thread/INFO]: [CHAT] < SarahcasticRabbit> that i created
[23:30:39] [Client thread/INFO]: [CHAT] <VideoGameSmash12> Hockey?
[23:30:41] [Client thread/INFO]: [CHAT] < SarahcasticRabbit> they type
[23:30:47] [Client thread/INFO]: [CHAT] < not_a_creeper> what?
[23:30:47] [Client thread/INFO]: [CHAT] < SarahcasticRabbit> ./mansnothot
[23:30:48] [Client thread/INFO]: [CHAT] < SarahcasticRabbit> and
[23:30:58] [Client thread/INFO]: [CHAT] < SarahcasticRabbit> the mans not hot song begins
[23:30:59] [Client thread/INFO]: [CHAT]  ====== WhoIs: Hockeyfan360 ======
[23:30:59] [Client thread/INFO]: [CHAT]  - Nick:  Hockeyfan360
[23:30:59] [Client thread/INFO]: [CHAT]  - Health: 20/20
[23:30:59] [Client thread/INFO]: [CHAT]  - Hunger: 20/20 (+5 saturation)
[23:30:59] [Client thread/INFO]: [CHAT]  - Exp: 0 (Level 0)
[23:30:59] [Client thread/INFO]: [CHAT]  - Location: (flatlands, 1,028, 134, 77)
[23:30:59] [Client thread/INFO]: [CHAT]  - Money: $0
[23:30:59] [Client thread/INFO]: [CHAT]  - Gamemode: Spectator
[23:30:59] [Client thread/INFO]: [CHAT]  - God mode: true
[23:30:59] [Client thread/INFO]: [CHAT]  - OP: true
[23:30:59] [Client thread/INFO]: [CHAT]  - Fly mode: true (flying)
[23:30:59] [Client thread/INFO]: [CHAT]  - AFK: true
[23:30:59] [Client thread/INFO]: [CHAT]  - Jail: false
[23:30:59] [Client thread/INFO]: [CHAT]  - Muted: false
[23:31:00] [Client thread/INFO]: [CHAT] < SarahcasticRabbit> lol
[23:31:01] [Client thread/INFO]: [CHAT] <VideoGameSmash12> oh
[23:31:03] [Client thread/INFO]: [CHAT] Teleporting...
[23:31:03] [Client thread/INFO]: [CHAT] VideoGameSmash12 has made the advancement [We Need to Go Deeper]
[23:31:03] [Client thread/INFO]: [CHAT] VideoGameSmash12 has made the advancement [The End?]
[23:31:06] [Client thread/INFO]: [CHAT] *  SarahcasticRabbit is now AFK.
[23:31:19] [Client thread/INFO]: [CHAT] < not_a_creeper> i just wanted sugar
[23:31:20] [Client thread/INFO]: [CHAT] zanderthebunny was slain by Unknqwn__
[23:31:35] [Client thread/INFO]: [CHAT] < Unkqwn> Sorr <2
[23:31:41] [Client thread/INFO]: [CHAT] demonglad has made the advancement [We Need to Go Deeper]
[23:31:41] [Client thread/INFO]: [CHAT] demonglad has made the advancement [The End?]
[23:31:54] [Client thread/INFO]: [CHAT] xXSopuavueXx has made the advancement [Take Aim]
[23:31:55] [Client thread/INFO]: [CHAT] <coip> Neyyyyy ride me
[23:31:56] [Client thread/INFO]: [CHAT] XxGamerDudexX was slain by xXSopuavueXx using [§8§l[§4?? ???? ???§8§l]]
[23:31:57] [Client thread/INFO]: [CHAT] XxGamerDudexX has made the advancement [We Need to Go Deeper]
[23:31:57] [Client thread/INFO]: [CHAT] XxGamerDudexX has made the advancement [The End?]
[23:32:05] [Client thread/INFO]: [CHAT] Cleared all inventory items from VideoGameSmash12.
[23:32:05] [Client thread/INFO]: [CHAT] * toptom23 is no longer AFK.
[23:32:18] [Client thread/INFO]: [CHAT] < not_a_creeper> ahhhh,imma guess imma go fishing
[23:32:40] [Client thread/INFO]: [CHAT] <toptom23> hi
[23:33:15] [Client thread/INFO]: [CHAT] <coip> Im possesed
[23:33:28] [Client thread/INFO]: [CHAT] Knoqw joined the game
[23:33:31] [Client thread/INFO]: [CHAT] Lololool has made the advancement [The End?]
[23:33:36] [Client thread/INFO]: [CHAT] MasonDaCat - Opping Knoqw
[23:33:41] [Client thread/INFO]: [CHAT] <XxGamerDudexX> oops
[23:33:50] [Client thread/INFO]: [CHAT] demonglad has made the advancement [Cover Me With Diamonds]
[23:34:00] [Client thread/INFO]: [CHAT] Knoqw left the game
[23:34:04] [Client thread/INFO]: [CHAT] Knoqw joined the game
[23:34:18] [Client thread/INFO]: [CHAT] MasonDaCat - Opping Knoqw
[23:34:22] [Client thread/INFO]: [CHAT] Knoqw left the game
[23:34:25] [Client thread/INFO]: [CHAT] Knoqw joined the game
[23:34:29] [Client thread/INFO]: [CHAT] MasonDaCat - Opping Knoqw
[23:34:30] [Client thread/INFO]: [CHAT] xXSopuavueXx was slain by XxGamerDudexX using [§8§l[§4?? ???? ???§8§l]]
[23:34:41] [Client thread/INFO]: [CHAT] zanderthebunny has made the advancement [Cover Me With Diamonds]
[23:34:41] [Client thread/INFO]: [CHAT] Knoqw left the game
[23:34:44] [Client thread/INFO]: [CHAT] Knoqw joined the game
[23:34:53] [Client thread/INFO]: [CHAT] AjitPaj <MasonDaCat> Knoqw do you want to be deop?
[23:35:01] [Client thread/INFO]: [CHAT] < Unkqwn> Who wanted to pvp?
[23:35:05] [Client thread/INFO]: [CHAT] <Knoqw> no xD
[23:35:06] [Client thread/INFO]: [CHAT] <coip> me. the pig
[23:35:09] [Client thread/INFO]: [CHAT] < hahahhahahahah> Unknqwn__ me
[23:35:20] [Client thread/INFO]: [CHAT] <Knoqw> and mason do not deop me xD
[23:35:21] [Client thread/INFO]: [CHAT] < hahahhahahahah> i wanted to
[23:35:22] [Client thread/INFO]: [CHAT] < hahahhahahahah> brb
[23:35:25] [Client thread/INFO]: [CHAT] <coip> t
[23:35:25] [Client thread/INFO]: [CHAT] < Unkqwn> youre Name is a blurr
[23:35:25] [Client thread/INFO]: [CHAT] <coip> me. the pig
[23:35:29] [Client thread/INFO]: [CHAT] <coip> No
[23:35:31] [Client thread/INFO]: [CHAT] <XxGamerDudexX> demonglad get in gms
[23:35:34] [Client thread/INFO]: [CHAT] <coip> i dont want to be blurr
[23:35:45] [Client thread/INFO]: [CHAT] Knoqw left the game
[23:35:48] [Client thread/INFO]: [CHAT] < Unkqwn> im making armor for pvp
[23:35:49] [Client thread/INFO]: [CHAT] Knoqw joined the game
[23:36:14] [Client thread/INFO]: [CHAT] Knoqw has made the advancement [The End?]
[23:36:17] [Client thread/INFO]: [CHAT] < XxGamerDudexX> hi
[23:37:00] [Client thread/ERROR]: Can't ping play.totalfreedom.me: Timed out