[21:12:33] [Client thread/INFO]: Connecting to play.totalfreedom.me., 25565
[21:12:33] [Client thread/INFO]: [CHAT] [LibsDisguises] There is a update ready to be downloaded! You are using v9.4.0-SNAPSHOT, the new version is v9.5.0!
[21:12:33] [Client thread/INFO]: [CHAT] VideoGameSmash12 joined the game
[21:12:34] [Client thread/INFO]: [CHAT] Welcome to TotalFreedom, VideoGameSmash12!
[21:12:34] [Client thread/INFO]: [CHAT] The server's name does not imply that we have no rules. Please read them (/rules)
[21:12:34] [Client thread/INFO]: [CHAT] Type /help for a list of commands.
[21:12:34] [Client thread/INFO]: [CHAT] Type /list to see who else is online.
[21:12:34] [Client thread/INFO]: [CHAT] Players online: 9 - World time: 12:00 PM
[21:12:34] [Client thread/INFO]: [CHAT] You have no new mail.
[21:12:34] [Client thread/INFO]: [CHAT] [BetterChairs] Find new update ! Version: 0.9.5
[21:12:34] [Client thread/INFO]: [CHAT] [UPDATE]
[21:12:34] [Client thread/INFO]: [CHAT] [AsyncWorldEdit] You have an old version of the plugin. Your version: 2.3.3, available version: 3.4.11
[21:12:34] [Client thread/INFO]: [CHAT] [SrA] <irix> That is not a programming language
[21:12:40] [Client thread/INFO]: [CHAT] [Super Coder!] <KillFurySixteen> yes it is
[21:12:41] [Client thread/INFO]: [CHAT] <VideoGameSmash12> sup cool kids
[21:12:44] [Client thread/INFO]: [CHAT] [SrA] <irix> No... it isn't
[21:12:51] [Client thread/INFO]: [CHAT] <VideoGameSmash12> What isn't?
[21:12:55] [Client thread/INFO]: [CHAT] [SrA] <irix> "binary"
[21:13:27] [Client thread/INFO]: [CHAT] CONSOLE - Unbanning _flippy and IPs: 101.181.59.211
[21:13:32] [Client thread/INFO]: [CHAT] KunoBot joined the game
[21:13:33] [Client thread/INFO]: [CHAT] Welcome KunoBot to TotalFreedom!
[21:13:37] [Client thread/INFO]: [CHAT] [MD] < Stinkay> Flippy was banned?
[21:13:48] [Client thread/INFO]: [CHAT] KillFurySixteen - Opping KunoBot
[21:13:57] [Client thread/INFO]: [CHAT] <KunoBot> AHHH
[21:13:59] [Client thread/INFO]: [CHAT] <KunoBot> finally
[21:14:02] [Client thread/INFO]: [CHAT] [CONSOLE]<CONSOLE> irix banned my Filipino ip
[21:14:11] [Client thread/INFO]: [CHAT] [MD] < Stinkay> oah
[21:14:13] [Client thread/INFO]: [CHAT] <KunoBot> helo?
[21:14:15] [Client thread/INFO]: [CHAT] [SrA] <irix> You didn't verify or add yourself, and left
[21:14:22] [Client thread/INFO]: [CHAT] <KunoBot> is sans here?
[21:14:28] [Client thread/INFO]: [CHAT] [Super Coder!] <KillFurySixteen> yes
[21:14:28] [Client thread/INFO]: [CHAT] [SrA] <irix> He's online yeah
[21:14:32] [Client thread/INFO]: [CHAT] [Super Coder!] <KillFurySixteen> Sans_UT?
[21:14:33] [Client thread/INFO]: [CHAT] <KunoBot> SANS
[21:14:35] [Client thread/INFO]: [CHAT] [SrA] <irix> So Sixteen
[21:14:37] [Client thread/INFO]: [CHAT] TwoShot has made the advancement [Hot Stuff]
[21:14:38] [Client thread/INFO]: [CHAT] <KunoBot> Im NOT dead!
[21:14:41] [Client thread/INFO]: [CHAT] [SrA] <irix> Are you going to properly answer my question or not?
[21:14:47] [Client thread/INFO]: [CHAT] [Super Coder!] <KillFurySixteen> yes?
[21:14:52] [Client thread/INFO]: [CHAT] [SrA] <irix> What do you code in?
[21:15:10] [Client thread/INFO]: [CHAT] <KunoBot> pascal
[21:15:10] [Client thread/INFO]: [CHAT] <KunoBot> lmao
[21:15:25] [Client thread/INFO]: [CHAT] [Super Coder!] <KillFurySixteen> java, c++, c#, #idk anothers, #mrmemeanditscodes
[21:15:33] [Client thread/INFO]: [CHAT] [SrA] <irix> Java?
[21:15:37] [Client thread/INFO]: [CHAT] [SrA] <irix> What have you made with Java?
[21:15:39] [Client thread/INFO]: [CHAT] [Super Coder!] <KillFurySixteen> well java c++ c#
[21:15:46] [Client thread/INFO]: [CHAT] KunoBot left the game
[21:15:47] [Client thread/INFO]: [CHAT] [SrA] <irix> What have you made with C#?
[21:15:54] [Client thread/INFO]: [CHAT] [Super Coder!] <KillFurySixteen> games and hacks in all these
[21:15:54] [Client thread/INFO]: [CHAT] KunoBot joined the game
[21:16:15] [Client thread/INFO]: [CHAT] CONSOLE - Unbanning IP: 112.200.202.94
[21:16:23] [Client thread/INFO]: [CHAT] <KunoBot> San
[21:16:26] [Client thread/INFO]: [CHAT] _flippy is an Impostor
[21:16:26] [Client thread/INFO]: [CHAT] Warning: _flippy has been flagged as an impostor and has been frozen!
[21:16:26] [Client thread/INFO]: [CHAT] _flippy joined the game
[21:16:26] [Client thread/INFO]: [CHAT] <_flippy> Connected using PickaxeChat for Android
[21:16:27] [Client thread/INFO]: [CHAT] <KunoBot> SANS
[21:16:32] [Client thread/INFO]: [CHAT] [SrA] <irix> So you created a Minecraft hack using C#, even though Minecraft is a Java game
[21:16:34] [Client thread/INFO]: [CHAT] <_flippy> K I'm back dads
[21:16:38] [Client thread/INFO]: [CHAT] irix - Opping all players on the server
[21:16:38] [Client thread/INFO]: [CHAT] You are now op!
[21:16:40] [Client thread/INFO]: [CHAT] KillFurySixteen - Opping _flippy
[21:16:43] [Client thread/INFO]: [CHAT] <KunoBot> LOL
[21:16:54] [Client thread/INFO]: [CHAT] <_flippy> And I'm 24 today ew
[21:16:59] [Client thread/INFO]: [CHAT] <_flippy> Old as fuck
[21:17:04] [Client thread/INFO]: [CHAT] <TwoShot> yep
[21:17:09] [Client thread/INFO]: [CHAT] [Super Coder!] <KillFurySixteen> no, i create a java hack in java obvious
[21:17:25] [Client thread/INFO]: [CHAT] [SrA] <irix> So what did you create using C#?
[21:17:29] [Client thread/INFO]: [CHAT] * BD6 is no longer AFK.
[21:17:29] [Client thread/INFO]: [CHAT] <BD6> i'm back
[21:17:31] [Client thread/INFO]: [CHAT] KunoBot left the game
[21:17:34] [Client thread/INFO]: [CHAT] <BD6> i know you all missed me
[21:17:37] [Client thread/INFO]: [CHAT] <_flippy> Elite hax
[21:17:39] [Client thread/INFO]: [CHAT] KunoBot joined the game
[21:17:52] [Client thread/INFO]: [CHAT] [Super Coder!] <KillFurySixteen> a command generator
[21:17:53] [Client thread/INFO]: [CHAT] * VideoGameSmash12 is now AFK.
[21:18:05] [Client thread/INFO]: [CHAT] [SrA] <irix> Do you have any open repositories?
[21:18:17] [Client thread/INFO]: [CHAT] [Super Coder!] <KillFurySixteen> and a maincra meme masher maker justkidding
[21:18:18] [Client thread/INFO]: [CHAT] CONSOLE - Readding _flippy to the admin list
[21:18:24] [Client thread/INFO]: [CHAT] <KunoBot> ark
[21:18:26] [Client thread/INFO]: [CHAT] _flippy left the game
[21:18:29] [Client thread/INFO]: [CHAT] _flippy is a Charter Admin
[21:18:29] [Client thread/INFO]: [CHAT] _flippy joined the game
[21:18:29] [Client thread/INFO]: [CHAT] <KunoBot> lag
[21:18:32] [Client thread/INFO]: [CHAT] [SrA] <_flippy> Ayy lmao
[21:18:37] [Client thread/INFO]: [CHAT] KunoBot teleported you to Sans_UT.
[21:18:37] [Client thread/INFO]: [CHAT] Teleporting...
[21:18:38] [Client thread/INFO]: [CHAT] [SrA] <_flippy> Yeah I shouldn't super this ip
[21:18:48] [Client thread/INFO]: [CHAT] _flippy - Clearing my supered IPs
[21:18:58] [Client thread/INFO]: [CHAT] KunoBot left the game
[21:19:04] [Client thread/INFO]: [CHAT] <BD6> why is everyone building peope
[21:19:06] [Client thread/INFO]: [CHAT] <BD6> people
[21:19:08] [Client thread/INFO]: [CHAT] [SrA] <_flippy> I know
[21:19:16] [Client thread/INFO]: [CHAT] [SrA] <_flippy> Just cleared my aussie one
[21:19:21] [Client thread/INFO]: [CHAT] <BD6> nice skin
[21:19:25] [Client thread/INFO]: [CHAT] <BD6> mind if i steal it
[21:19:33] [Client thread/INFO]: [CHAT] [SrA] <_flippy> whu
[21:19:38] [Client thread/INFO]: [CHAT] [Super Coder!] <KillFurySixteen> yay
[21:19:52] [Client thread/INFO]: [CHAT] [Super Coder!] <KillFurySixteen> traveling on a maincar
[21:20:31] [Client thread/INFO]: [CHAT] * VideoGameSmash12 is no longer AFK.
[21:20:42] [Client thread/INFO]: [CHAT] [Super Coder!] <KillFurySixteen> traveling on a maincart
[21:20:42] [Client thread/INFO]: [CHAT] Sans_UT, Stinky7896
[21:20:45] [Client thread/INFO]: [CHAT] [SrA] <_flippy> Nah my skin is speshul
[21:20:52] [Client thread/INFO]: [CHAT] <BD6> not anymore
[21:20:54] [Client thread/INFO]: [CHAT] [Super Coder!] <KillFurySixteen> Crushful
[21:20:57] [Client thread/INFO]: [CHAT] [me -> Sans_UT] yo if you want it to look good
[21:21:02] [Client thread/INFO]: [CHAT] [me -> Sans_UT] make it pixel-perfect
[21:21:12] [Client thread/INFO]: [CHAT] [SrA] <_flippy> but y
[21:21:34] [Client thread/INFO]: [CHAT] <BD6> damn it
[21:21:55] [Client thread/INFO]: [CHAT] <BD6> what color is the opposite of yellow
[21:21:57] [Client thread/INFO]: [CHAT] DragonBlaze420 joined the game
[21:21:57] [Client thread/INFO]: [CHAT] Welcome DragonBlaze420 to TotalFreedom!
[21:22:03] [Client thread/INFO]: [CHAT] [Super Coder!] <KillFurySixteen> non-yellow
[21:22:11] [Client thread/INFO]: [CHAT] <BD6> thanks for the help
[21:22:18] [Client thread/INFO]: [CHAT] [Super Coder!] <KillFurySixteen> :V
[21:22:28] [Client thread/INFO]: [CHAT] <BD6> spanish confirmed
[21:22:51] [Client thread/INFO]: [CHAT] DragonBlaze420 left the game
[21:23:46] [Client thread/INFO]: [CHAT] [MD] < Stinkay> emp
[21:23:47] [Client thread/INFO]: [CHAT] [MD] < Stinkay> pls no?
[21:23:55] [Client thread/INFO]: [CHAT] [MD] < Stinkay> Emp
[21:23:58] [Client thread/INFO]: [CHAT] [MD] < Stinkay> stop.
[21:24:01] [Client thread/INFO]: [CHAT] < XTPMMDEmphacks> lmao srry
[21:24:08] [Client thread/INFO]: [CHAT]                      <BD6> ew sans
[21:24:25] [Client thread/INFO]: [CHAT] * irix is now AFK.
[21:24:33] [Client thread/INFO]: [CHAT] CONSOLE - Removing _flippy from the admin list
[21:25:22] [Client thread/INFO]: [CHAT]                      <BD6> what did flippy do
[21:25:37] [Client thread/INFO]: [CHAT] [CONSOLE]<CONSOLE> he's a fake
[21:25:43] [Client thread/INFO]: [CHAT] <TwoShot> flippy is a admin in hiding so dont tell anyone
[21:25:55] [Client thread/INFO]: [CHAT] <_flippy> damn exposed
[21:26:00] [Client thread/INFO]: [CHAT] * VideoGameSmash12 is now AFK.
[21:26:45] [Client thread/INFO]: [CHAT]                      <BD6> you should give him admin tho cuz it's fun to say flippy
[21:26:47] [Client thread/INFO]: [CHAT] <TwoShot> _flippy you have acsese to the console how dumb do you think we are?
[21:27:19] [Client thread/INFO]: [CHAT] [MD] < Stinkay> acsese....
[21:27:28] [Client thread/INFO]: [CHAT] <_flippy> clearly dumb enough to not know how to spell access
[21:27:32] [Client thread/INFO]: [CHAT] [MD] < Stinkay> ^
[21:27:33] [Client thread/INFO]: [CHAT] [MD] < Stinkay> hehe
[21:27:33] [Client thread/INFO]: [CHAT] <TwoShot> lel
[21:27:46] [Client thread/INFO]: [CHAT] <Sans_UT> no
[21:27:51] [Client thread/INFO]: [CHAT] < XTPMMDEmphacks> 3d?
[21:28:02] [Client thread/INFO]: [CHAT] sinkme joined the game
[21:28:02] [Client thread/INFO]: [CHAT] Welcome sinkme to TotalFreedom!
[21:28:11] [Client thread/INFO]: [CHAT] KillFurySixteen - Opping sinkme
[21:28:12] [Client thread/INFO]: [CHAT] <_flippy> I'm a senior admin of course I have access to console
[21:28:56] [Client thread/INFO]: [CHAT] _flippy left the game