[16:11:06] [Client thread/INFO]: Connecting to play.totalfreedom.me., 25565
[16:11:24] [Client thread/INFO]: [CHAT] [LibsDisguises] There is a update ready to be downloaded! You are using v9.4.0-SNAPSHOT, the new version is v9.5.0!
[16:11:24] [Client thread/INFO]: [CHAT] VideoGameSmash12 joined the game
[16:11:24] [Client thread/INFO]: [CHAT] Welcome to TotalFreedom,  VideoGameSmash12!
[16:11:24] [Client thread/INFO]: [CHAT] The server's name does not imply that we have no rules. Please read them (/rules)
[16:11:24] [Client thread/INFO]: [CHAT] Type /help for a list of commands.
[16:11:24] [Client thread/INFO]: [CHAT] Type /list to see who else is online.
[16:11:24] [Client thread/INFO]: [CHAT] Players online: 15 - World time: 12:00 PM
[16:11:24] [Client thread/INFO]: [CHAT] You have no new mail.
[16:11:24] [Client thread/INFO]: [CHAT] [BetterChairs] Find new update ! Version: 0.9.5
[16:11:24] [Client thread/INFO]: [CHAT] [UPDATE]
[16:11:24] [Client thread/INFO]: [CHAT] [AsyncWorldEdit] You have an old version of the plugin. Your version: 2.3.3, available version: 3.4.11
[16:11:24] [Client thread/INFO]: [CHAT] mattlawn - Opping all players on the server
[16:11:24] [Client thread/INFO]: [CHAT] You are now op!
[16:11:33] [Client thread/INFO]: [CHAT] < Ben> Herobrine move
[16:11:35] [Client thread/INFO]: [CHAT] <MrT_Builder> Sup, LittleTechyyy
[16:11:37] [Client thread/INFO]: [CHAT] <LittleTechyyy> hi
[16:11:48] [Client thread/INFO]: [CHAT] <LittleTechyyy> o shet
[16:11:50] [Client thread/INFO]: [CHAT] <scplaguedoctor> who plays gmod
[16:11:51] [Client thread/INFO]: [CHAT] Welcome to TotalFreedom. Please ensure to read the rules.
[16:11:53] [Client thread/INFO]: [CHAT] JelloPvP joined the game
[16:11:53] [Client thread/INFO]: [CHAT] <MrT_Builder> What?
[16:11:56] [Client thread/INFO]: [CHAT] < VideoGameSmash12> I'm in a good mood right now
[16:11:58] [Client thread/INFO]: [CHAT] <Herobrine> i do
[16:12:00] [Client thread/INFO]: [CHAT] <LittleTechyyy> forgot my speed hax were on
[16:12:00] [Client thread/INFO]: [CHAT] <LittleTechyyy> lol
[16:12:02] [Client thread/INFO]: [CHAT] Emphacks left the game
[16:12:04] [Client thread/INFO]: [CHAT] <MrT_Builder> Lol
[16:12:06] [Client thread/INFO]: [CHAT] Emphacks joined the game
[16:12:09] [Client thread/INFO]: [CHAT] <scplaguedoctor> haxs are allowed thot
[16:16:06] [Client thread/INFO]: Connecting to play.totalfreedom.me., 25565
[16:16:07] [Client thread/INFO]: [CHAT] [LibsDisguises] There is a update ready to be downloaded! You are using v9.4.0-SNAPSHOT, the new version is v9.5.0!
[16:16:07] [Client thread/INFO]: [CHAT] VideoGameSmash12 joined the game
[16:16:08] [Client thread/INFO]: [CHAT] Welcome to TotalFreedom,  VideoGameSmash12!
[16:16:08] [Client thread/INFO]: [CHAT] The server's name does not imply that we have no rules. Please read them (/rules)
[16:16:08] [Client thread/INFO]: [CHAT] Type /help for a list of commands.
[16:16:08] [Client thread/INFO]: [CHAT] Type /list to see who else is online.
[16:16:08] [Client thread/INFO]: [CHAT] Players online: 19 - World time: 12:00 PM
[16:16:08] [Client thread/INFO]: [CHAT] You have no new mail.
[16:16:08] [Client thread/INFO]: [CHAT] [AsyncWorldEdit] You have an old version of the plugin. Your version: 2.3.3, available version: 3.4.11
[16:16:08] [Client thread/INFO]: [CHAT] [BetterChairs] Find new update ! Version: 0.9.5
[16:16:08] [Client thread/INFO]: [CHAT] [UPDATE]
[16:16:21] [Client thread/INFO]: [CHAT] *  Ben is no longer AFK.
[16:16:22] [Client thread/INFO]: [CHAT] Teleporting...
[16:16:22] [Client thread/INFO]: [CHAT] You are now leaving TotalFreedom's spawn. Player-versus-player and building has been enabled.
[16:16:33] [Client thread/INFO]: [CHAT] Your skin has been changed.
[16:16:37] [Client thread/INFO]: [CHAT] Use the /back command to return to your death point.
[16:16:37] [Client thread/INFO]: [CHAT] VideoGameSmash12 died
[16:16:37] [Client thread/INFO]: [CHAT] Goodbye cruel world...
[16:16:37] [Client thread/INFO]: [CHAT] Player  VideoGameSmash12 took their own life.
[16:17:43] [Client thread/INFO]: Connecting to play.totalfreedom.me, 25565
[16:18:57] [Client thread/INFO]: Connecting to play.totalfreedom.me., 25565
[16:18:58] [Client thread/INFO]: [CHAT] [LibsDisguises] There is a update ready to be downloaded! You are using v9.4.0-SNAPSHOT, the new version is v9.5.0!
[16:18:58] [Client thread/INFO]: [CHAT] VideoGameSmash12 joined the game
[16:18:58] [Client thread/INFO]: [CHAT] Welcome to TotalFreedom,  VideoGameSmash12!
[16:18:58] [Client thread/INFO]: [CHAT] The server's name does not imply that we have no rules. Please read them (/rules)
[16:18:58] [Client thread/INFO]: [CHAT] Type /help for a list of commands.
[16:18:58] [Client thread/INFO]: [CHAT] Type /list to see who else is online.
[16:18:58] [Client thread/INFO]: [CHAT] Players online: 20 - World time: 12:00 PM
[16:18:58] [Client thread/INFO]: [CHAT] You have no new mail.
[16:18:58] [Client thread/INFO]: [CHAT] [BetterChairs] Find new update ! Version: 0.9.5
[16:18:58] [Client thread/INFO]: [CHAT] [UPDATE]
[16:18:58] [Client thread/INFO]: [CHAT] [AsyncWorldEdit] You have an old version of the plugin. Your version: 2.3.3, available version: 3.4.11
[16:19:00] [Client thread/INFO]: [CHAT] roi_alonzo has made the advancement [Hot Stuff]
[16:19:05] [Client thread/INFO]: [CHAT] < VideoGameSmash12> the skins are being weird
[16:19:14] [Client thread/INFO]: [CHAT] Admins is it okay for me to have a tag this long it's ok if no < Ben> hi
[16:19:16] [Client thread/INFO]: [CHAT] FileExtension left the game
[16:19:18] [Client thread/INFO]: [CHAT] [SA] <Admeda> No.
[16:19:22] [Client thread/INFO]: [CHAT] [STA] <V0LT1X> No
[16:19:24] [Client thread/INFO]: [CHAT] [STA] <V0LT1X> Change it
[16:19:27] [Client thread/INFO]: [CHAT] < Ben> k
[16:19:29] [Client thread/INFO]: [CHAT] [TechMind Inc.] <LittleTechyyy> lol
[16:19:30] [Client thread/INFO]: [CHAT] FileExtension joined the game
[16:19:34] [Client thread/INFO]: [CHAT] roi_alonzo left the game
[16:19:40] [Client thread/INFO]: [CHAT] [TechMind Inc.] <LittleTechyyy> brb
[16:19:41] [Client thread/INFO]: [CHAT] LittleTechyyy left the game
[16:19:49] [Client thread/INFO]: [CHAT] Alekthegamer56 died
[16:19:49] [Client thread/INFO]: [CHAT] Player Alekthegamer56 took their own life.
[16:19:53] [Client thread/INFO]: [CHAT] <Hypnotiqfate> :tpa 760 65 1699
[16:19:57] [Client thread/INFO]: [CHAT] Kailoo7 has been a naughty, naughty boy.
[16:19:57] [Client thread/INFO]: [CHAT]   Reason: Nicking others is not allowed.
[16:19:57] [Client thread/INFO]: [CHAT]   Smited by: Admeda
[16:19:57] [Client thread/INFO]: [CHAT] Kailoo7 died
[16:20:02] [Client thread/INFO]: [CHAT] Admeda - Opping all players on the server
[16:20:02] [Client thread/INFO]: [CHAT] You are now op!
[16:20:02] [Client thread/INFO]: [CHAT] [BowBeforeTheReaper] < TheGrimReaper> what happened to VideoGameSmash12 being an admin?
[16:20:07] [Client thread/INFO]: [CHAT] < truman> lel
[16:20:09] [Client thread/INFO]: [CHAT] [BowBeforeTheReaper] < TheGrimReaper> retirement
[16:20:14] [Client thread/INFO]: [CHAT] [BowBeforeTheReaper] < TheGrimReaper> or demotion :l
[16:20:28] [Client thread/INFO]: [CHAT] Hypnotiqfate has been a naughty, naughty boy.
[16:20:28] [Client thread/INFO]: [CHAT]   Smited by: V0LT1X
[16:20:28] [Client thread/INFO]: [CHAT] Hypnotiqfate died
[16:20:29] [Client thread/INFO]: [CHAT] Hypnotiqfate left the game
[16:20:30] [Client thread/INFO]: [CHAT] Hypnotiqfate joined the game
[16:20:32] [Client thread/INFO]: [CHAT] < Stinkay> Admeda how do u do it so well
[16:20:34] [Client thread/INFO]: [CHAT] [Server:V0LT1X] Stop tping to Admins
[16:20:37] [Client thread/INFO]: [CHAT] V0LT1X - Opping all players on the server
[16:20:37] [Client thread/INFO]: [CHAT] You are now op!
[16:20:41] [Client thread/INFO]: [CHAT] [SA] <Admeda> Practice makes perfect.
[16:20:49] [Client thread/INFO]: [CHAT] < Stinkay> true, im a practice later on
[16:20:56] [Client thread/INFO]: [CHAT] < Stinkay> ima*
[16:21:00] [Client thread/INFO]: [CHAT] Hypnotiqfate left the game
[16:21:01] [Client thread/INFO]: [CHAT] Hypnotiqfate joined the game
[16:21:12] [Client thread/INFO]: [CHAT] Hypnotiqfate left the game
[16:22:18] [Client thread/INFO]: Connecting to play.totalfreedom.me., 25565
[16:22:50] [Client thread/INFO]: Connecting to play.totalfreedom.me., 25565
[16:22:51] [Client thread/INFO]: [CHAT] [LibsDisguises] There is a update ready to be downloaded! You are using v9.4.0-SNAPSHOT, the new version is v9.5.0!
[16:22:51] [Client thread/INFO]: [CHAT] VideoGameSmash12 joined the game
[16:22:51] [Client thread/INFO]: [CHAT] Welcome to TotalFreedom,  VideoGameSmash12!
[16:22:51] [Client thread/INFO]: [CHAT] The server's name does not imply that we have no rules. Please read them (/rules)
[16:22:51] [Client thread/INFO]: [CHAT] Type /help for a list of commands.
[16:22:51] [Client thread/INFO]: [CHAT] Type /list to see who else is online.
[16:22:51] [Client thread/INFO]: [CHAT] Players online: 6 - World time: 12:00 PM
[16:22:51] [Client thread/INFO]: [CHAT] You have no new mail.
[16:22:51] [Client thread/INFO]: [CHAT] Set fly mode enabled for  VideoGameSmash12.
[16:22:51] [Client thread/INFO]: [CHAT] [BetterChairs] Find new update ! Version: 0.9.5
[16:22:51] [Client thread/INFO]: [CHAT] [UPDATE]
[16:22:51] [Client thread/INFO]: [CHAT] [AsyncWorldEdit] You have an old version of the plugin. Your version: 2.3.3, available version: 3.4.11
[16:22:53] [Client thread/INFO]: [CHAT] Emphacks joined the game
[16:23:00] [Client thread/INFO]: [CHAT] < Grimlock> m
[16:23:02] [Client thread/INFO]: [CHAT] MrT_Builder left the game
[16:23:05] [Client thread/INFO]: [CHAT] MrT_Builder joined the game
[16:23:10] [Client thread/INFO]: [CHAT] <FileExtension> I lost the sword
[16:23:14] [Client thread/INFO]: [CHAT] <MrT_Builder> Why my skin Steve?
[16:23:17] [Client thread/INFO]: [CHAT] [SA] <Admeda> I've pasted it.
[16:23:24] [Client thread/INFO]: [CHAT] < Grimlock> crap
[16:23:25] [Client thread/INFO]: [CHAT] Your skin has been changed.
[16:23:30] [Client thread/INFO]: [CHAT] X_PureSkill_X joined the game
[16:23:30] [Client thread/INFO]: [CHAT] Use the /back command to return to your death point.
[16:23:30] [Client thread/INFO]: [CHAT] VideoGameSmash12 died
[16:23:30] [Client thread/INFO]: [CHAT] Goodbye cruel world...
[16:23:30] [Client thread/INFO]: [CHAT] Player  VideoGameSmash12 took their own life.
[16:23:32] [Client thread/INFO]: [CHAT] <FileExtension> MrT_Builder this is an offline server, it does not connect to Minecraft.net's servers
[16:23:39] [Client thread/INFO]: [CHAT] < TheGrimReaper> why does this happen ;-;
[16:23:44] [Client thread/INFO]: [CHAT] <FileExtension> so you may use any nickname you want
[16:23:44] [Client thread/INFO]: [CHAT] _ShellFearliss_ joined the game
[16:23:50] [Client thread/INFO]: [CHAT] [SA] <Admeda> FileExtension, it's worked with skins on offline mode before, I believe.
[16:23:51] [Client thread/INFO]: [CHAT] < TheGrimReaper> oh hey file
[16:23:52] [Client thread/INFO]: [CHAT] < VideoGameSmash12> Well what about SkinsRestorer?
[16:23:56] [Client thread/INFO]: [CHAT] TheEnderKill joined the game
[16:24:03] [Client thread/INFO]: [CHAT] < TheGrimReaper> I dun need a skin, Im the reaper xD
[16:24:05] [Client thread/INFO]: [CHAT] < Stinkay> im doing it!
[16:24:08] [Client thread/INFO]: [CHAT] < Stinkay> admeda i did it
[16:24:10] [Client thread/INFO]: [CHAT] Alekthegamer56 joined the game
[16:24:10] [Client thread/INFO]: [CHAT] [SA] <Admeda> (:
[16:24:13] [Client thread/INFO]: [CHAT] <FileExtension> SkinsRestorer should've fixed it, but that must be having an issue...? (Well no shit :v)
[16:24:13] [Client thread/INFO]: [CHAT] < Stinkay> i learned how to paste it perfectly
[16:24:15] [Client thread/INFO]: [CHAT] AntiCheatTester joined the game
[16:24:15] [Client thread/INFO]: [CHAT] Welcome AntiCheatTester to TotalFreedom!
[16:24:20] [Client thread/INFO]: [CHAT] < Stinkay> its how u copy it
[16:24:26] [Client thread/INFO]: [CHAT] < TheGrimReaper> file
[16:24:28] [Client thread/INFO]: [CHAT] <FileExtension> wot
[16:24:31] [Client thread/INFO]: [CHAT] That command is blocked.
[16:24:35] [Client thread/INFO]: [CHAT] <Alekthegamer56> how do you protect what you build?
[16:24:35] [Client thread/INFO]: [CHAT] [SA] <Admeda> Yes, the place you copy it from is the origin of the copy.
[16:24:38] [Client thread/INFO]: [CHAT] < TheGrimReaper> did our kit come out successfully
[16:24:39] [Client thread/INFO]: [CHAT] < Stinkay> yeah
[16:24:45] [Client thread/INFO]: [CHAT] < VideoGameSmash12> You don't.
[16:24:46] [Client thread/INFO]: [CHAT] [Meltdown] <FileExtension> t
[16:24:47] [Client thread/INFO]: [CHAT] [Meltdown] <FileExtension> yes
[16:24:50] [Client thread/INFO]: [CHAT] < TheGrimReaper> noice
[16:25:00] [Client thread/INFO]: [CHAT] [Meltdown] < TheGrimReaper> :l
[16:25:09] [Client thread/INFO]: [CHAT] <AntiCheatTester> tf is this shit
[16:25:16] [Client thread/INFO]: [CHAT] [Meltdown] <FileExtension> here, just so you know who everyone is, use a different color for the brackets
[16:25:17] [Client thread/INFO]: [CHAT] Admeda - Opping all players on the server
[16:25:17] [Client thread/INFO]: [CHAT] You are now op!
[16:25:19] [Client thread/INFO]: [CHAT] [Meltdown] < TheGrimReaper> wait, Ademeda took part in the kit?!
[16:25:20] [Client thread/INFO]: [CHAT] [Meltdown] <FileExtension> so we know who is who
[16:25:23] [Client thread/INFO]: [CHAT] [SA] <Admeda> no
[16:25:26] [Client thread/INFO]: [CHAT] [Meltdown] < TheGrimReaper> Admeda*
[16:25:27] [Client thread/INFO]: [CHAT] [Meltdown] < TheGrimReaper> wut
[16:25:32] [Client thread/INFO]: [CHAT] [Meltdown] < TheGrimReaper> it says ur name on teh sword
[16:25:33] [Client thread/INFO]: [CHAT] [Meltdown] <FileExtension> I added it because he's part of the team
[16:25:35] [Client thread/INFO]: [CHAT] [SA] <Admeda> oh
[16:25:37] [Client thread/INFO]: [CHAT] <AntiCheatTester> wait i get op
[16:25:37] [Client thread/INFO]: [CHAT] <AntiCheatTester> wtf
[16:25:43] [Client thread/INFO]: [CHAT] < Stinkay> hey uhm
[16:25:45] [Client thread/INFO]: [CHAT] [Meltdown] < TheGrimReaper> xD
[16:25:46] [Client thread/INFO]: [CHAT] < Stinkay> Admeda
[16:25:47] [Client thread/INFO]: [CHAT] Vykig joined the game
[16:25:48] [Client thread/INFO]: [CHAT] X_PureSkill_X - Opping AntiCheatTester
[16:25:48] [Client thread/INFO]: [CHAT] [SA] <Admeda> ?
[16:25:49] [Client thread/INFO]: [CHAT] < Stinkay> this part is not good
[16:25:49] [Client thread/INFO]: [CHAT] [Meltdown] < TheGrimReaper> :l
[16:25:51] [Client thread/INFO]: [CHAT] < Stinkay> come
[16:25:58] [Client thread/INFO]: [CHAT] [SA] <Admeda> *sigh*
[16:25:59] [Client thread/INFO]: [CHAT] [SA] <Admeda> no
[16:25:59] [Client thread/INFO]: [CHAT] [Meltdown] <FileExtension> ./tag set &f&l[&6&lMelt&b&ldown&f&l]
[16:26:02] [Client thread/INFO]: [CHAT] [SA] <Admeda> it's not
[16:26:04] [Client thread/INFO]: [CHAT] < Stinkay> its not the right hight
[16:26:05] [Client thread/INFO]: [CHAT] <AntiCheatTester> welcome to the fuck waterpark
[16:26:06] [Client thread/INFO]: [CHAT] < Stinkay> height*
[16:26:20] [Client thread/INFO]: [CHAT] littleconnor1 joined the game
[16:26:23] [Client thread/INFO]: [CHAT] < Stinkay> sorry for the hard work
[16:26:26] [Client thread/INFO]: [CHAT] < Stinkay> im just pointing it out
[16:26:30] [Client thread/INFO]: [CHAT] [Meltdown] <Vykig> meltdown dont fergot to set ur nick to md and ur ign
[16:26:34] [Client thread/INFO]: [CHAT] [Meltdown] <FileExtension> oh
[16:26:35] [Client thread/INFO]: [CHAT] [Meltdown] <FileExtension> rite
[16:26:37] [Client thread/INFO]: [CHAT] [Meltdown] <Vykig> forget*
[16:26:42] [Client thread/INFO]: [CHAT] < CharaDreemurrMD> hey guys
[16:26:42] [Client thread/INFO]: [CHAT] < Stinkay> how do i rotate
[16:26:43] [Client thread/INFO]: [CHAT] AntiCheatTester left the game
[16:26:43] [Client thread/INFO]: [CHAT] [Meltdown] < MDFileExtension> t
[16:26:49] [Client thread/INFO]: [CHAT] < CharaDreemurrMD> wait file
[16:26:49] [Client thread/INFO]: [CHAT] [Meltdown] < LegitzzHack> d
[16:26:52] [Client thread/INFO]: [CHAT] [Meltdown] < MDFileExtension> yes
[16:26:57] [Client thread/INFO]: [CHAT] [Meltdown] < MDVykig> there
[16:27:00] [Client thread/INFO]: [CHAT] < CharaDreemurrMD> can i have the chat type for the meltdown tag
[16:27:06] [Client thread/INFO]: [CHAT] [Meltdown] < MDFileExtension> ./tag set &f&l[&6&lMelt&b&ldown&f&l]
[16:27:07] [Client thread/INFO]: [CHAT] < Stinkay> Admeda how do i rotate it
[16:27:14] [Client thread/INFO]: [CHAT] [SA] <Admeda> .//rotate <angle>
[16:27:23] [Client thread/INFO]: [CHAT] < Stinkay> uhh whats the angle i have no idea
[16:27:24] [Client thread/INFO]: [CHAT] [Meltdown] <TheEnderKill> how to make MD
[16:27:29] [Client thread/INFO]: [CHAT] enderkid753 joined the game
[16:27:30] [Client thread/INFO]: [CHAT] [SA] <Admeda> 90
[16:27:33] [Client thread/INFO]: [CHAT] < Stinkay> okay thanks
[16:27:37] [Client thread/INFO]: [CHAT] [Meltdown] < MDFileExtension> ./nick &6&lM&b&lD&c<Username>
[16:27:43] [Client thread/INFO]: [CHAT] < enderkid753> anyone got op shulkers?
[16:27:47] [Client thread/INFO]: [CHAT] [Meltdown] < MDFileExtension> me
[16:27:49] [Client thread/INFO]: [CHAT] [Meltdown] < CharaDreemurrMD> wait
[16:27:53] [Client thread/INFO]: [CHAT] [Meltdown] < CharaDreemurrMD> but mine is after
[16:27:56] [Client thread/INFO]: [CHAT] [Meltdown] < MDFileExtension> that works
[16:28:08] [Client thread/INFO]: [CHAT] _ShellFearliss_ left the game
[16:28:13] [Client thread/INFO]: [CHAT] [SA] <Admeda> .//rotate 180
[16:28:13] [Client thread/INFO]: [CHAT] [Meltdown] < CharaDreemurrMD> im currently making a meat grinder/crusher/death thing
[16:28:15] [Client thread/INFO]: [CHAT] < Stinkay> ok
[16:28:19] [Client thread/INFO]: [CHAT] [Meltdown] < MDTheEnderKill> d