[16:38:20] [Client thread/INFO]: Connecting to play.totalfreedom.me., 25565
[16:39:45] [Client thread/INFO]: Connecting to play.totalfreedom.me., 25565
[16:39:46] [Client thread/INFO]: [CHAT] [LibsDisguises] There is a update ready to be downloaded! You are using v9.4.0-SNAPSHOT, the new version is v9.5.0!
[16:39:46] [Client thread/INFO]: [CHAT] VideoGameSmash12 joined the game
[16:39:46] [Client thread/INFO]: [CHAT] Welcome to TotalFreedom, VideoGameSmash12!
[16:39:46] [Client thread/INFO]: [CHAT] The server's name does not imply that we have no rules. Please read them (/rules)
[16:39:46] [Client thread/INFO]: [CHAT] Type /help for a list of commands.
[16:39:46] [Client thread/INFO]: [CHAT] Type /list to see who else is online.
[16:39:46] [Client thread/INFO]: [CHAT] Players online: 13 - World time: 12:00 PM
[16:39:46] [Client thread/INFO]: [CHAT] You have no new mail.
[16:39:46] [Client thread/INFO]: [CHAT] Set fly mode enabled for VideoGameSmash12.
[16:39:46] [Client thread/INFO]: [CHAT] xiryhS[SrC][STC][CA] <*Flowey> plotting his opression
[16:39:46] [Client thread/INFO]: [CHAT] [BetterChairs] Find new update ! Version: <html>
[16:39:46] [Client thread/INFO]: [CHAT] [UPDATE]
[16:39:47] [Client thread/INFO]: [CHAT] [ChestAssociation] <SansIsABeast> the association of /warp pvpview
[16:39:51] [Client thread/INFO]: [CHAT] /warp KrustyKrab <SpongeBob> the warp should be fixed
[16:39:54] [Client thread/INFO]: [CHAT] <amethyst_eye> smh
[16:39:59] [Client thread/INFO]: [CHAT] <VideoGameSmash12> The case is closed.
[16:40:02] [Client thread/INFO]: [CHAT] xiryhS[SrC][STC][CA] <*Flowey> accurate
[16:40:04] [Client thread/INFO]: [CHAT] [ChestAssociation] <SansIsABeast> McBoix sure
[16:40:05] [Client thread/INFO]: [CHAT] <amethyst_eye> some admin you are
[16:40:23] [Client thread/INFO]: [CHAT] [ChestAssociation] <SansIsABeast> just set your tag to &8[&3Chest&4Association&8] and you're in!
[16:40:27] [Client thread/INFO]: [CHAT] /warp KrustyKrab <SpongeBob> after my hundreds of hours of studying spongebob episodes i present you this
[16:40:31] [Client thread/INFO]: [CHAT] [STA] <Deterno> amethyst_eye
[16:40:32] [Client thread/INFO]: [CHAT] xiryhS[SrC][STC][CA] <*SquadWerd> what
[16:40:35] [Client thread/INFO]: [CHAT] [STA] <Deterno> Don't use holypotions
[16:40:36] [Client thread/INFO]: [CHAT] <*123456789James123456789> how??
[16:40:39] [Client thread/INFO]: [CHAT] [STA] <Deterno> they do the exact same thing
[16:40:39] [Client thread/INFO]: [CHAT] xiryhS[SrC][STC][CA] <*SquadWerd> lol
[16:40:46] [Client thread/INFO]: [CHAT] <*123456789James123456789> ./nick??
[16:40:50] [Client thread/INFO]: [CHAT] xiryhS[SrC][STC][CA] <*Flowey> yea
[16:40:54] [Client thread/INFO]: [CHAT] <amethyst_eye> wow a strict admin
[16:40:55] [Client thread/INFO]: [CHAT] [ChestAssociation] <SansIsABeast> do /tag set &8[&3Chest&4Association&8]
[16:40:56] [Client thread/INFO]: [CHAT] StevenNL2000 is a Senior Admin
[16:40:56] [Client thread/INFO]: [CHAT] StevenNL2000 joined the game
[16:40:56] [Client thread/INFO]: [CHAT] xiryhS[SrC][STC][CA] <*Flowey> how what
[16:40:58] [Client thread/INFO]: [CHAT] [CloverCollage] <*DragonMarly> hi
[16:41:01] [Client thread/INFO]: [CHAT] [Zoidberg] <*Typex> Wb, Steven.
[16:41:03] [Client thread/INFO]: [CHAT] [CloverCollage] <*DragonMarly> there we go
[16:41:06] [Client thread/INFO]: [CHAT] xiryhS[SrC][STC][CA] <*Flowey> you mean things before nicks?
[16:41:14] [Client thread/INFO]: [CHAT] xiryhS[SrC][STC][CA] <*Flowey> ./tag set [tag]
[16:41:22] [Client thread/INFO]: [CHAT] <VideoGameSmash12> Well steven
[16:41:30] [Client thread/INFO]: [CHAT] xiryhS[SrC][STC][CA] <*Flowey> hi video
[16:41:33] [Client thread/INFO]: [CHAT] [ChestAssociation] <*123456789James123456789> ok done
[16:41:34] [Client thread/INFO]: [CHAT] [SrA] <*StevenNL2000> ?
[16:41:41] [Client thread/INFO]: [CHAT] xiryhS[SrC][STC][CA] <*Flowey> steven is in spectator!
[16:41:48] [Client thread/INFO]: [CHAT] /warp KrustyKrab <SpongeBob> so
[16:41:51] [Client thread/INFO]: [CHAT] xiryhS[SrC][STC][CA] <*Flowey> so
[16:41:56] [Client thread/INFO]: [CHAT] xiryhS[SrC][STC][CA] <*Flowey> he can be
[16:41:59] [Client thread/INFO]: [CHAT] <*mountaindew> ok
[16:42:10] [Client thread/INFO]: [CHAT] <VideoGameSmash12> I would like to talk via discord.
[16:42:16] [Client thread/INFO]: [CHAT] <*mountaindew> one sec
[16:42:27] [Client thread/INFO]: [CHAT] [SrA] <*StevenNL2000> I don't have Discord, my apologies
[16:42:30] [Client thread/INFO]: [CHAT] xiryhS[SrC][STC][CA] <*Flowey> you forgot the pole in the middle
[16:42:39] [Client thread/INFO]: [CHAT] xiryhS[SrC][STC][CA] <*Flowey> and the tables!
[16:42:55] [Client thread/INFO]: [CHAT] <VideoGameSmash12> What do you have then?
[16:42:59] [Client thread/INFO]: [CHAT] [STA] <Deterno> Amethyst
[16:43:00] [Client thread/INFO]: [CHAT] [STA] <Deterno> fight me
[16:43:01] [Client thread/INFO]: [CHAT] [Zoidberg] <*Typex> Skype?
[16:43:02] [Client thread/INFO]: [CHAT] [SrA] <*StevenNL2000> Skype
[16:43:11] [Client thread/INFO]: [CHAT] [CloverCollage] <*DragonMarly> hi
[16:43:17] [Client thread/INFO]: [CHAT] * *Poke is now AFK.
[16:43:18] [Client thread/INFO]: [CHAT] <amethyst_eye> Deterno if i do ur just gonna heal me
[16:43:26] [Client thread/INFO]: [CHAT] [STA] <Deterno> No i wont
[16:43:33] [Client thread/INFO]: [CHAT] <amethyst_eye> sure
[16:43:33] [Client thread/INFO]: [CHAT] [me -> *StevenNL2000] Add me - you can get my name by just searching for my IGN in the skype directory
[16:43:35] [Client thread/INFO]: [CHAT] * Foxxy is now AFK.
[16:43:35] [Client thread/INFO]: [CHAT] [STA] <Deterno> I want to see if i patched the flame potion
[16:43:42] [Client thread/INFO]: [CHAT] [ChestAssociation] <SansIsABeast> here is your key
[16:43:42] [Client thread/INFO]: [CHAT] [STA] <Deterno> Come kill me
[16:43:44] [Client thread/INFO]: [CHAT] <amethyst_eye> suuuuuuuuuuuuuuuuuuruueeeeeeee
[16:43:47] [Client thread/INFO]: [CHAT] [STA] <Deterno> Amethyst
[16:43:49] [Client thread/INFO]: [CHAT] * Foxxy is no longer AFK.
[16:43:51] [Client thread/INFO]: [CHAT] * Foxxy is now AFK.
[16:43:51] [Client thread/INFO]: [CHAT] [STA] <Deterno> Listen to what I'm saying
[16:43:53] [Client thread/INFO]: [CHAT] * Foxxy is no longer AFK.
[16:43:54] [Client thread/INFO]: [CHAT] [STA] <Deterno> Come.
[16:43:55] [Client thread/INFO]: [CHAT] <amethyst_eye> lol
[16:43:55] [Client thread/INFO]: [CHAT] [STA] <Deterno> Kill me.
[16:44:12] [Client thread/INFO]: [CHAT] Foxxy left the game
[16:44:12] [Client thread/INFO]: [CHAT] mattlawn is a Super Admin
[16:44:12] [Client thread/INFO]: [CHAT] mattlawn joined the game
[16:44:15] [Client thread/INFO]: [CHAT] [ChestAssociation] <SansIsABeast> hey matt
[16:44:21] [Client thread/INFO]: [CHAT] [Zoidberg] <*Typex> Hi, mat.
[16:44:24] [Client thread/INFO]: [CHAT] [Zoidberg] <*Typex> matt*
[16:44:24] [Client thread/INFO]: [CHAT] [STA] <Deterno> nope not fixed .-.
[16:44:25] [Client thread/INFO]: [CHAT] [SA] <mattlawn> hi
[16:44:36] [Client thread/INFO]: [CHAT] /warp KrustyKrab <SpongeBob> matt warp krustykrab is done for now
[16:44:44] [Client thread/INFO]: [CHAT] PickAxlRose joined the game
[16:44:45] [Client thread/INFO]: [CHAT] [me -> *StevenNL2000] If that isn't quick enough, it's live:calebsmash3
[16:45:02] [Client thread/INFO]: [CHAT] CONSOLE - Opping all players on the server
[16:45:02] [Client thread/INFO]: [CHAT] You are now op!
[16:45:10] [Client thread/INFO]: [CHAT] [*StevenNL2000 -> me] That one actually didn't show up in the list
[16:45:12] [Client thread/INFO]: [CHAT] devilishgamer06 left the game
[16:45:39] [Client thread/INFO]: [CHAT] Capatcha-based verification has been disabled.
[16:45:45] [Client thread/INFO]: [CHAT] xiryhS[SrC][STC][CA] <*Flowey> thank god
[16:45:46] [Client thread/INFO]: [CHAT] [STA] <Deterno> Amethyst
[16:45:49] [Client thread/INFO]: [CHAT] [STA] <Deterno> read the rules
[16:45:53] [Client thread/INFO]: [CHAT] [STA] <Deterno> God potions aren't allowed
[16:46:03] [Client thread/INFO]: [CHAT] DoggyKing joined the game
[16:46:08] [Client thread/INFO]: [CHAT] santadeath is a Telnet Admin
[16:46:08] [Client thread/INFO]: [CHAT] santadeath joined the game
[16:46:09] [Client thread/INFO]: [CHAT] <DoggyKing> hallo
[16:46:12] [Client thread/INFO]: [CHAT] StevenNL2000 - Opping all players on the server
[16:46:12] [Client thread/INFO]: [CHAT] You are now op!
[16:46:14] [Client thread/INFO]: [CHAT] [Zoidberg] <*Typex> Wb, santadeath!
[16:46:15] [Client thread/INFO]: [CHAT] [me -> *StevenNL2000] hmm
[16:46:19] [Client thread/INFO]: [CHAT] [STA] <santadeath> Thank you.
[16:46:22] [Client thread/INFO]: [CHAT] <amethyst_eye> omfg
[16:46:25] [Client thread/INFO]: [CHAT] [STA] <Deterno> ?
[16:46:34] [Client thread/INFO]: [CHAT] <amethyst_eye> nvm im not pvping here
[16:46:39] [Client thread/INFO]: [CHAT] [STA] <Deterno> Okay, don't.
[16:47:29] [Client thread/INFO]: [CHAT] [CloverCollage] <*DragonMarly> anyone want to help me build a collage?
[16:47:41] [Client thread/INFO]: [CHAT] [ChestAssociation] <*2GoldenGayBoyx2> sure
[16:47:41] [Client thread/INFO]: [CHAT] Foxxy joined the game
[16:47:51] [Client thread/INFO]: [CHAT] [10.31.15] <*Nightmare_Foxy> Or me?
[16:47:52] [Client thread/INFO]: [CHAT] <amethyst_eye> no &k
[16:47:53] [Client thread/INFO]: [CHAT] xiryhS[SrC][STC][CA] <*Flowey> guys
[16:47:58] [Client thread/INFO]: [CHAT] xiryhS[SrC][STC][CA] <*Flowey> mix or cereal
[16:48:06] [Client thread/INFO]: [CHAT] mattlawn - Cleaning all nicknames
[16:48:09] [Client thread/INFO]: [CHAT] [ChestAssociation] <*2GoldenGayBoyx2> how do you get the outline on your body??
[16:48:20] [Client thread/INFO]: [CHAT] xiryhS[SrC][STC][CA] <*Flowey> ./potion add glowing 10000000 255
[16:48:20] [Client thread/INFO]: [CHAT] [Server:mattlawn] no &k please
[16:48:33] [Client thread/INFO]: [CHAT] [ChestAssociation] <*2GoldenGayBoyx2> mattlawn can i pleeeeeeease keep my &k its only 1 on each sside
[16:48:37] [Client thread/INFO]: [CHAT] [SA] <mattlawn> no
[16:48:37] [Client thread/INFO]: [CHAT] /warp KrustyKrab <SpongeBob> no
[16:48:39] [Client thread/INFO]: [CHAT] [SA] <mattlawn> sorry
[16:48:41] [Client thread/INFO]: [CHAT] [ChestAssociation] <*2GoldenGayBoyx2> why not
[16:48:49] [Client thread/INFO]: [CHAT] §eDeterno§r fell from a high place
[16:48:50] [Client thread/INFO]: [CHAT] /warp KrustyKrab <SpongeBob> its on /rules
[16:48:54] [Client thread/INFO]: [CHAT] /warp KrustyKrab <SpongeBob> no &k in nicks
[16:48:54] [Client thread/INFO]: [CHAT] Kash445 is a Senior Admin
[16:48:54] [Client thread/INFO]: [CHAT] Kash445 joined the game
[16:48:57] [Client thread/INFO]: [CHAT] * ConIsAsian is no longer AFK.
[16:48:57] [Client thread/INFO]: [CHAT] [SA] <mattlawn> its hard to read and could cause lag
[16:48:58] [Client thread/INFO]: [CHAT] [Zoidberg] <*Typex> Hi, Kash.
[16:48:58] [Client thread/INFO]: [CHAT] [ChestAssociation] <*2GoldenGayBoyx2> fine
[16:49:00] [Client thread/INFO]: [CHAT] Deterno - Cleaning all nicknames
[16:49:03] [Client thread/INFO]: [CHAT] xiryhS[SrC][STC][CA] <*Flowey> wb kashhh!
[16:49:06] [Client thread/INFO]: [CHAT] [SrA] <Kash445> hey
[16:49:08] [Client thread/INFO]: [CHAT] *Flowey highfives Kash445!
[16:49:14] [Client thread/INFO]: [CHAT] [Zoidberg] <*Typex> oops.
[16:49:16] [Client thread/INFO]: [CHAT] * *DragonMarly hi
[16:49:21] [Client thread/INFO]: [CHAT] [Zoidberg] <*Typex> Forgot that i'm not an admin, lol.
[16:49:22] [Client thread/INFO]: [CHAT] Wetzu joined the game
[16:49:28] [Client thread/INFO]: [CHAT] [STA] <Deterno> typex
[16:49:30] [Client thread/INFO]: [CHAT] * *2GoldenGayBoyx2 clears his fucking nickname for some stupid fucking reason
[16:49:30] [Client thread/INFO]: [CHAT] <DoggyKing> ./warp pvp
[16:49:31] [Client thread/INFO]: [CHAT] [Zoidberg] <*Typex> yea?
[16:49:32] [Client thread/INFO]: [CHAT] [STA] <Deterno> I don't even remember you being admin
[16:49:33] [Client thread/INFO]: [CHAT] [STA] <Deterno> xd\
[16:49:35] [Client thread/INFO]: [CHAT] xiryhS[SrC][STC][CA] <*Flowey> you we're admin?
[16:49:42] [Client thread/INFO]: [CHAT] [Zoidberg] <*Typex> Yea, I was.
[16:49:46] [Client thread/INFO]: [CHAT] [STA] <Deterno> Under what name?
[16:49:47] [Client thread/INFO]: [CHAT] xiryhS[SrC][STC][CA] <*Flowey> were* -facepalm-
[16:49:48] [Client thread/INFO]: [CHAT] DoggyKing was slain by amethyst_eye using [§4§l§n§oNO. FUCKING. §4§l§n§oTOTEMS.]
[16:49:48] [Client thread/INFO]: [CHAT] amethyst_eye was killed trying to hurt DoggyKing
[16:49:48] [Client thread/INFO]: [CHAT] <Wetzu> What the f...
[16:49:51] [Client thread/INFO]: [CHAT] /cage, /cake, /call, /capatchafy, /capatchafy:capatchafy, /cartsit, /cbtool, /cdis, /cdisguise, /ceil, /changems, /cheer, /chestspy, /chspy, /chunk, /chunkinfo, /ci, /clean, /clear, /clearclipboard, /clearhistory, /clearinvent, /clearinventory, /clone, /clonedis, /clonedisguise, /cmdlist, /cmdspy, /co, /colorme, /commandlist, /commandspy, /compact, /compass, /condense, /consolesay, /coords, /core, /coreprotect, /coreprotect:co, /coreprotect:core, /coreprotect:coreprotect, /craft, /createhome, /createjail, /createwarp, /creative, /cry, /cs, /csay, /customtext, /cycler
[16:49:51] [Client thread/INFO]: [CHAT] /cage, /cake, /call, /capatchafy, /capatchafy:capatchafy, /cartsit, /cbtool, /cdis, /cdisguise, /ceil, /changems, /cheer, /chestspy, /chspy, /chunk, /chunkinfo, /ci, /clean, /clear, /clearclipboard, /clearhistory, /clearinvent, /clearinventory, /clone, /clonedis, /clonedisguise, /cmdlist, /cmdspy, /co, /colorme, /commandlist, /commandspy, /compact, /compass, /condense, /consolesay, /coords, /core, /coreprotect, /coreprotect:co, /coreprotect:core, /coreprotect:coreprotect, /craft, /createhome, /createjail, /createwarp, /creative, /cry, /cs, /csay, /customtext, /cycler
[16:49:54] [Client thread/INFO]: [CHAT] /cage, /cake, /call, /capatchafy, /capatchafy:capatchafy, /cartsit
[16:49:54] [Client thread/INFO]: [CHAT] /cage, /cake, /call, /capatchafy, /capatchafy:capatchafy, /cartsit
[16:49:55] [Client thread/INFO]: [CHAT] /cage, /cake, /call, /capatchafy, /capatchafy:capatchafy, /cartsit
[16:49:55] [Client thread/INFO]: [CHAT] /cage, /cake, /call, /capatchafy, /capatchafy:capatchafy, /cartsit
[16:49:56] [Client thread/INFO]: [CHAT] <Wetzu> Deterno
[16:49:57] [Client thread/INFO]: [CHAT] ConIsAsian, Deterno, DoggyKing, Dragonmarly, Foxxy, Kash445, McBoix, PickAxlRose, PokeIsAsian, SansIsABeast, ShinyYveltal674, SpongeBob, StevenNL2000, Typex46, VideoGameSmash12, Wetzu, amethyst_eye, mattlawn, santadeath
[16:49:57] [Client thread/INFO]: [CHAT] ConIsAsian, Deterno, DoggyKing, Dragonmarly, Foxxy, Kash445, McBoix, PickAxlRose, PokeIsAsian, SansIsABeast, ShinyYveltal674, SpongeBob, StevenNL2000, Typex46, VideoGameSmash12, Wetzu, amethyst_eye, mattlawn, santadeath
[16:49:58] [Client thread/INFO]: [CHAT] §eDeterno§r fell from a high place
[16:50:01] [Client thread/INFO]: [CHAT] [STA] <Deterno> ?
[16:50:02] [Client thread/INFO]: [CHAT] cage, cake, call, capatchafy, cartsit, cbtool, cdis, cdisguise, ceil, changems, cheer, chestspy, chspy, chunk, chunkinfo, ci, clean, clear, clearclipboard, clearhistory, clearinvent, clearinventory, clone, clonedis, clonedisguise, cmdlist, cmdspy, co, colorme, commandlist, commandspy, compact, compass, condense, consolesay, coords, core, coreprotect, craft, createhome, createjail, createwarp, creative, cry, cs, csay, customtext, cycler
[16:50:02] [Client thread/INFO]: [CHAT] cage, cake, call, capatchafy, cartsit, cbtool, cdis, cdisguise, ceil, changems, cheer, chestspy, chspy, chunk, chunkinfo, ci, clean, clear, clearclipboard, clearhistory, clearinvent, clearinventory, clone, clonedis, clonedisguise, cmdlist, cmdspy, co, colorme, commandlist, commandspy, compact, compass, condense, consolesay, coords, core, coreprotect, craft, createhome, createjail, createwarp, creative, cry, cs, csay, customtext, cycler
[16:50:05] [Client thread/INFO]: [CHAT] --------- Help: Capatchafy ----------------------
[16:50:05] [Client thread/INFO]: [CHAT] Below is a list of all Capatchafy commands:
[16:50:05] [Client thread/INFO]: [CHAT] /capatchafy: 
[16:50:09] [Client thread/INFO]: [CHAT] <amethyst_eye> huh a tie
[16:50:11] [Client thread/INFO]: [CHAT] [Zoidberg] <*Typex> If you want to get more info about me, then go check my threads.
[16:50:13] [Client thread/INFO]: [CHAT] <Wetzu> I spawned in a wierd place that i never have been to...
[16:50:14] [Client thread/INFO]: [CHAT] [STA] <Deterno> Hi video.
[16:50:34] [Client thread/INFO]: [CHAT] <amethyst_eye> huh
[16:50:38] [Client thread/INFO]: [CHAT] <amethyst_eye> a town
[16:50:46] [Client thread/INFO]: [CHAT] omq_UGLY joined the game
[16:50:50] [Client thread/INFO]: [CHAT] <amethyst_eye> or the old spawn
[16:50:51] [Client thread/INFO]: [CHAT] xiryhS[SrC][STC][CA] <*Flowey> what isn't on the rules that should be a rule:
[16:50:57] [Client thread/INFO]: [CHAT] [ChestAssociation] <*2GoldenGayBoyx2> admin how do i name my sword something
[16:50:58] [Client thread/INFO]: [CHAT] xiryhS[SrC][STC][CA] <*Flowey> toggling other's spawnpoint
[16:51:04] [Client thread/INFO]: [CHAT] <Wetzu> ./ii name.
[16:51:06] [Client thread/INFO]: [CHAT] <amethyst_eye> ./ii name
[16:51:09] [Client thread/INFO]: [CHAT] [ChestAssociation] <*2GoldenGayBoyx2> ok
[16:51:09] [Client thread/INFO]: [CHAT] [STA] <Deterno> Just block spawnpoint in general tbh
[16:51:10] [Client thread/INFO]: [CHAT] <Wetzu> ./ii name (Name)
[16:51:15] [Client thread/INFO]: [CHAT] xiryhS[SrC][STC][CA] <*Flowey> eh
[16:51:16] [Client thread/INFO]: [CHAT] <omq_UGLY> .......
[16:51:19] [Client thread/INFO]: [CHAT] Deterno - Opping all players on the server
[16:51:19] [Client thread/INFO]: [CHAT] You are now op!
[16:51:23] [Client thread/INFO]: [CHAT] xiryhS[SrC][STC][CA] <*Flowey> LOL
[16:51:24] [Client thread/INFO]: [CHAT] amethyst_eye was slain by DoggyKing using [§6§l§n§oSpringtrap! [Forged by: §a§l§n§oVisualC§a§l§n§oPlusPlus]]
[16:51:29] [Client thread/INFO]: [CHAT] Dragonmarly was slain by DoggyKing using [§6§l§n§oSpringtrap! [Forged by: §a§l§n§oVisualC§a§l§n§oPlusPlus]]
[16:51:31] [Client thread/INFO]: [CHAT] xiryhS[SrC][STC][CA] <*Flowey> ^ e[B]ic IGN
[16:51:34] [Client thread/INFO]: [CHAT] ConIsAsian left the game
[16:51:51] [Client thread/INFO]: [CHAT] xiryhS[SrC][STC][CA] <*Flowey> admin talk
[16:51:57] [Client thread/INFO]: [CHAT] [STA] <Deterno> ?
[16:51:58] [Client thread/INFO]: [CHAT] xiryhS[SrC][STC][CA] <*Flowey> ^ ADM00n!
[16:52:00] [Client thread/INFO]: [CHAT] xiryhS[SrC][STC][CA] <*Flowey> lol
[16:52:05] [Client thread/INFO]: [CHAT] <*Wetzu> Moon?
[16:52:10] [Client thread/INFO]: [CHAT] xiryhS[SrC][STC][CA] <*Flowey> yes.
[16:52:13] [Client thread/INFO]: [CHAT] xiryhS[SrC][STC][CA] <*Flowey> adm00n
[16:52:21] [Client thread/INFO]: [CHAT] [ChestAssociation] <*2GoldenGayBoyx2> can i test my sword on someone??
[16:52:21] [Client thread/INFO]: [CHAT] xiryhS[SrC][STC][CA] <*Flowey> did i spell it wranfg?
[16:52:25] [Client thread/INFO]: [CHAT] <*Wetzu> ShinyYveltal674
[16:52:30] [Client thread/INFO]: [CHAT] Foxxy left the game
[16:52:33] [Client thread/INFO]: [CHAT] xiryhS[SrC][STC][CA] <*Flowey> my typing skillllz are over 0000
[16:52:36] [Client thread/INFO]: [CHAT] xiryhS[SrC][STC][CA] <*Flowey> what
[16:52:42] [Client thread/INFO]: [CHAT] <*Wetzu> Did you see me play yesterday?
[16:52:46] [Client thread/INFO]: [CHAT] xiryhS[SrC][STC][CA] <*Flowey> yes
[16:52:49] [Client thread/INFO]: [CHAT] <*Wetzu> Oh shit
[16:52:54] [Client thread/INFO]: [CHAT] <*Wetzu> I didn't even play yesterday
[16:52:55] [Client thread/INFO]: [CHAT] xiryhS[SrC][STC][CA] <*Flowey> i think
[16:52:59] [Client thread/INFO]: [CHAT] xiryhS[SrC][STC][CA] <*Flowey> LOL
[16:53:04] [Client thread/INFO]: [CHAT] /warp KrustyKrab <SpongeBob> dont mess with my hopper lines
[16:53:08] [Client thread/INFO]: [CHAT] <*Wetzu> Who tf used my acc
[16:53:13] [Client thread/INFO]: [CHAT] xiryhS[SrC][STC][CA] <*Flowey> nvm i didnt
[16:53:30] [Client thread/INFO]: [CHAT] xiryhS[SrC][STC][CA] <*Flowey> i thot it was like 2 days ago, you were playing
[16:53:31] [Client thread/INFO]: [CHAT] [CloverCollage] <*DragonMarly> go to warp pvp for cocain
[16:53:56] [Client thread/INFO]: [CHAT] omq_UGLY left the game
[16:53:58] [Client thread/INFO]: [CHAT] [ChestAssociation] <SansIsABeast> If anyone would like to help me make Standford Town (the town that is built by SansIsABeast) then do /warp stownhall
[16:54:12] [Client thread/INFO]: [CHAT] <amethyst_eye> some good shit Dragonmarly
[16:54:20] [Client thread/INFO]: [CHAT] [ChestAssociation] <SansIsABeast> wow
[16:54:20] [Client thread/INFO]: [CHAT] [69] <*2GoldenGayBoyx2> im so bored
[16:54:22] [Client thread/INFO]: [CHAT] [ChestAssociation] <SansIsABeast> lots of people
[16:54:23] [Client thread/INFO]: [CHAT] xiryhS[SrC][STC][CA] <*Flowey> ooh
[16:54:27] [Client thread/INFO]: [CHAT] * santadeath is now AFK.
[16:54:28] [Client thread/INFO]: [CHAT] [ChestAssociation] <SansIsABeast> dragonmarly
[16:54:30] [Client thread/INFO]: [CHAT] [STA] <Deterno> I'm a master builder
[16:54:30] [Client thread/INFO]: [CHAT] [ChestAssociation] <SansIsABeast> whatever
[16:54:31] [Client thread/INFO]: [CHAT] [STA] <Deterno> Sans :)
[16:54:31] [Client thread/INFO]: [CHAT] * *2GoldenGayBoyx2 is now AFK.
[16:54:32] [Client thread/INFO]: [CHAT] [ChestAssociation] <SansIsABeast> well
[16:54:34] [Client thread/INFO]: [CHAT] * santadeath is no longer AFK.
[16:54:35] [Client thread/INFO]: [CHAT] xiryhS[SrC][STC][CA] <*Flowey> i just wanna see the outcome!
[16:54:36] [Client thread/INFO]: [CHAT] [ChestAssociation] <SansIsABeast> anyways
[16:54:36] [Client thread/INFO]: [CHAT] * *2GoldenGayBoyx2 is no longer AFK.
[16:54:36] [Client thread/INFO]: [CHAT] * *2GoldenGayBoyx2 coon
[16:54:37] [Client thread/INFO]: [CHAT] ShinyYveltal674 left the game
[16:54:39] [Client thread/INFO]: [CHAT] [ChestAssociation] <SansIsABeast> everyone here
[16:54:55] [Client thread/INFO]: [CHAT] [69] <*2GoldenGayBoyx2> admin
[16:55:05] [Client thread/INFO]: [CHAT] [ChestAssociation] <SansIsABeast> please do /tag set &8[&3Chest&4Association&8] if you would like to help!
[16:55:09] [Client thread/INFO]: [CHAT] [STA] <Deterno> ?
[16:55:16] [Client thread/INFO]: [CHAT] [69] <*2GoldenGayBoyx2> how do i get the outline on my body
[16:55:24] [Client thread/INFO]: [CHAT] [STA] <Deterno> google.com
[16:55:27] [Client thread/INFO]: [CHAT] [SC] <*Wetzu> It's a potion effect.
[16:55:27] [Client thread/INFO]: [CHAT] [STA] <Deterno> 'glowing effect'
[16:55:32] [Client thread/INFO]: [CHAT] DoggyKing left the game
[16:55:37] [Client thread/INFO]: [CHAT] [SC] <*Wetzu> google xD
[16:55:39] [Client thread/INFO]: [CHAT] [Zoidberg] <*Typex> ./potion add GLOWING 100000 10000 <ign>
[16:55:39] [Client thread/INFO]: [CHAT] [SC] <*Wetzu> nice one.
[16:56:00] [Client thread/INFO]: [CHAT] [SC] <*Wetzu> Who needs help?
[16:56:02] [Client thread/INFO]: [CHAT] /warp KrustyKrab <SpongeBob> pickaxlrose
[16:56:04] [Client thread/INFO]: [CHAT] /warp KrustyKrab <SpongeBob> pls stop
[16:56:12] [Client thread/INFO]: [CHAT] Kash445 left the game
[16:56:16] [Client thread/INFO]: [CHAT] [FNAF4] <*Nightmare_Foxy> i'm i'm improving
[16:56:17] [Client thread/INFO]: [CHAT] [ChestAssociation] <SansIsABeast> did you guys set tag?
[16:56:22] [Client thread/INFO]: [CHAT] /warp KrustyKrab <SpongeBob> change it back
[16:56:31] [Client thread/INFO]: [CHAT] [STA] <Deterno> McBoix
[16:56:37] [Client thread/INFO]: [CHAT] [STA] <Deterno> do /potion add Glowing 1000000 1000000
[16:56:38] [Client thread/INFO]: [CHAT] [69] <*2GoldenGayBoyx2> yeah\
[16:56:42] [Client thread/INFO]: [CHAT] [69] <*2GoldenGayBoyx2> ok
[16:56:53] [Client thread/INFO]: [CHAT] [SC] <*Wetzu> SpongeBob
[16:56:55] [Client thread/INFO]: [CHAT] /warp KrustyKrab <SpongeBob> what
[16:56:56] [Client thread/INFO]: [CHAT] [CloverCollage] <*DragonMarly> sry
[16:56:58] [Client thread/INFO]: [CHAT] [SC] <*Wetzu> Do you need help building?
[16:57:00] [Client thread/INFO]: [CHAT] /warp KrustyKrab <SpongeBob> no
[16:57:02] [Client thread/INFO]: [CHAT] [SC] <*Wetzu> Okay.
[16:57:02] [Client thread/INFO]: [CHAT] [ChestAssociation] <SansIsABeast> umm
[16:57:03] [Client thread/INFO]: [CHAT] [ChestAssociation] <SansIsABeast> ok
[16:57:09] [Client thread/INFO]: [CHAT] [69] <*2GoldenGayBoyx2> mkay thanks so much
[16:57:16] [Client thread/INFO]: [CHAT] [ChestAssociation] <SansIsABeast> well
[16:57:17] [Client thread/INFO]: [CHAT] [69] <*2GoldenGayBoyx2> how do i get the colors though?
[16:57:22] [Client thread/INFO]: [CHAT] [ChestAssociation] <SansIsABeast> lets start making roads bois!
[16:57:32] [Client thread/INFO]: [CHAT] /warp KrustyKrab <SpongeBob> whoever is here pls move
[16:57:57] [Client thread/INFO]: [CHAT] [69] <*2GoldenGayBoyx2> what the heck i that black stuff
[16:58:04] [Client thread/INFO]: [CHAT] [SC] <*Wetzu> It's a particle.
[16:58:05] [Client thread/INFO]: [CHAT] ShinyYveltal674 joined the game
[16:58:06] [Client thread/INFO]: [CHAT] [SC] <*Wetzu> ./pp
[16:58:08] [Client thread/INFO]: [CHAT] [69] <*2GoldenGayBoyx2> around you
[16:58:12] [Client thread/INFO]: [CHAT] [ChestAssociation] <SansIsABeast> alright
[16:58:14] [Client thread/INFO]: [CHAT] [ChestAssociation] <SansIsABeast> everyone here
[16:58:18] [Client thread/INFO]: [CHAT] [ChestAssociation] <SansIsABeast> would you like to help?
[16:58:20] [Client thread/INFO]: [CHAT] [SC] <*Wetzu> It's a trail and a particle mixed.
[16:58:21] [Client thread/INFO]: [CHAT] /warp KrustyKrab <SpongeBob> matt can you smite invis
[16:58:25] [Client thread/INFO]: [CHAT] <amethyst_eye> lol ChessAss
[16:58:25] [Client thread/INFO]: [CHAT] [69] <*2GoldenGayBoyx2> ok
[16:58:34] [Client thread/INFO]: [CHAT] [SC] <*Wetzu> If you want it do /pp
[16:58:37] [Client thread/INFO]: [CHAT] [SC] <*Wetzu> If you want it do /pp help*
[16:58:47] [Client thread/INFO]: [CHAT] [69] <*2GoldenGayBoyx2> and then what command after that?
[16:58:56] [Client thread/INFO]: [CHAT] [SC] <*Wetzu> ./pp style orbit
[16:59:05] [Client thread/INFO]: [CHAT] [69] <*2GoldenGayBoyx2> ok thx
[16:59:09] [Client thread/INFO]: [CHAT] [SC] <*Wetzu> after /pp effect fallingdust
[16:59:20] [Client thread/INFO]: [CHAT] [SC] <*Wetzu> and last /pp data wool:15
[16:59:22] [Client thread/INFO]: [CHAT] LichLach joined the game
[16:59:22] [Client thread/INFO]: [CHAT] Welcome LichLach to TotalFreedom!
[16:59:26] [Client thread/INFO]: [CHAT] Wetzu - Opping LichLach
[16:59:26] [Client thread/INFO]: [CHAT] [69] <*2GoldenGayBoyx2> thx
[16:59:30] [Client thread/INFO]: [CHAT] Kanye2020_ joined the game
[16:59:32] [Client thread/INFO]: [CHAT] StevenNL2000 - Opping all players on the server
[16:59:32] [Client thread/INFO]: [CHAT] You are now op!
[16:59:39] [Client thread/INFO]: [CHAT] <Kanye2020_> lets pee in the same toilet
[16:59:43] [Client thread/INFO]: [CHAT] /warp KrustyKrab <SpongeBob> ^ wtf
[16:59:46] [Client thread/INFO]: [CHAT] <amethyst_eye> XD
[16:59:49] [Client thread/INFO]: [CHAT] [SC] <*Wetzu> You can change the color with /pp data wool:(number)
[16:59:50] [Client thread/INFO]: [CHAT] RockyBrocky10 joined the game
[16:59:50] [Client thread/INFO]: [CHAT] Welcome RockyBrocky10 to TotalFreedom!
[16:59:54] [Client thread/INFO]: [CHAT] <Kanye2020_> pp data
[16:59:56] [Client thread/INFO]: [CHAT] <Kanye2020_> ahahaha
[16:59:56] [Client thread/INFO]: [CHAT] [STA] <Deterno> wetzu
[16:59:57] [Client thread/INFO]: [CHAT] StevenNL2000 - Opping all players on the server
[16:59:57] [Client thread/INFO]: [CHAT] You are now op!
[16:59:58] [Client thread/INFO]: [CHAT] santadeath - Opping all players on the server
[16:59:58] [Client thread/INFO]: [CHAT] You are now op!
[16:59:59] [Client thread/INFO]: [CHAT] [STA] <Deterno> it doesnt have to be wool
[17:00:01] [Client thread/INFO]: [CHAT] [STA] <Deterno> I used gold block
[17:00:02] [Client thread/INFO]: [CHAT] [TotalFreedom] Save your builds by doing //wand then select the 2 points. Type //copy then type //schem save [name of build]. To spawn your build back, do //schem load [name of build]. Then, you are all set!
[17:00:02] [Client thread/INFO]: [CHAT] CONSOLE - Opping all players on the server
[17:00:02] [Client thread/INFO]: [CHAT] You are now op!
[17:00:02] [Client thread/INFO]: [CHAT] <amethyst_eye> Kanye2020_ Lol
[17:00:03] [Client thread/INFO]: [CHAT] [STA] <Deterno> gold_block
[17:00:07] [Client thread/INFO]: [CHAT] [SC] <*Wetzu> It's better ;-;
[17:00:09] [Client thread/INFO]: [CHAT] <Kanye2020_> lets have pp data in the same toilet deterno
[17:00:10] [Client thread/INFO]: [CHAT] [STA] <Deterno> nah
[17:00:13] [Client thread/INFO]: [CHAT] [STA] <Deterno> concrete is better
[17:00:16] [Client thread/INFO]: [CHAT] <amethyst_eye> Lmao
[17:00:20] [Client thread/INFO]: [CHAT] [SC] <*Wetzu> okay..
[17:00:23] [Client thread/INFO]: [CHAT] Untuned is a Super Admin
[17:00:23] [Client thread/INFO]: [CHAT] Untuned joined the game
[17:00:36] [Client thread/INFO]: [CHAT] RockyBrocky10 has made the advancement [Cover Me With Diamonds]
[17:00:37] [Client thread/INFO]: [CHAT] [SA] <Untuned> anyone griefing
[17:00:37] [Client thread/INFO]: [CHAT] <Kanye2020_> hi untuned welcome to the minecraft christianserver
[17:00:42] [Client thread/INFO]: [CHAT] [STA] <Deterno> xd
[17:00:42] [Client thread/INFO]: [CHAT] [SA] <Untuned> fuck
[17:00:50] [Client thread/INFO]: [CHAT] [SA] <Untuned> i'm in a shitty christian server
[17:00:56] [Client thread/INFO]: [CHAT] <amethyst_eye> huh
[17:00:58] [Client thread/INFO]: [CHAT] Typex46 left the game
[17:00:59] [Client thread/INFO]: [CHAT] [SA] <Untuned> kidding
[17:01:00] [Client thread/INFO]: [CHAT] <Kanye2020_> sorry sir christian minecraft server so no swearing
[17:01:11] [Client thread/INFO]: [CHAT] [SA] <Untuned> fuck you (kidding ily pls)
[17:01:11] [Client thread/INFO]: [CHAT] [STA] <Deterno> Kanye
[17:01:14] [Client thread/INFO]: [CHAT] Elephants111 is a Telnet Admin
[17:01:14] [Client thread/INFO]: [CHAT] Elephants111 joined the game
[17:01:16] [Client thread/INFO]: [CHAT] [STA] <Elephants111> Connected with MineChat
[17:01:20] [Client thread/INFO]: [CHAT] [STA] <Deterno> Try not to be offensive please
[17:01:24] [Client thread/INFO]: [CHAT] <*pickle> hi
[17:01:30] [Client thread/INFO]: [CHAT] [STA] <Deterno> Not all people are christian
[17:01:32] [Client thread/INFO]: [CHAT] <LichLach> hi
[17:01:34] [Client thread/INFO]: [CHAT] FakeDoZDoritos joined the game
[17:01:40] [Client thread/INFO]: [CHAT] <FakeDoZDoritos> hi
[17:01:44] [Client thread/INFO]: [CHAT] <Kanye2020_> i didnt know that was offensive :(
[17:01:47] [Client thread/INFO]: [CHAT] [STA] <Deterno> Not saying I'm not christian but you should respect people's religion
[17:01:52] [Client thread/INFO]: [CHAT] McBoix left the game
[17:01:54] [Client thread/INFO]: [CHAT] [SC] <*Wetzu> Thats kinda racist.
[17:01:58] [Client thread/INFO]: [CHAT] McBoix joined the game
[17:01:59] [Client thread/INFO]: [CHAT] [SA] <Untuned> he's following a meme
[17:02:01] [Client thread/INFO]: [CHAT] <Kanye2020_> ^^^
[17:02:07] [Client thread/INFO]: [CHAT] [SA] <Untuned> so stop
[17:02:10] [Client thread/INFO]: [CHAT] <Kanye2020_> i mean 3 up
[17:02:16] [Client thread/INFO]: [CHAT] LichLach left the game
[17:02:25] [Client thread/INFO]: [CHAT] <Kanye2020_> i respect ur religion and ur religion and ur not religion
[17:02:29] [Client thread/INFO]: [CHAT] <*Pickle> I am a Pickle!
[17:02:36] [Client thread/INFO]: [CHAT] [STA] <santadeath> Is pickle a religion?
[17:02:40] [Client thread/INFO]: [CHAT] <*Flowey> rick
[17:02:40] [Client thread/INFO]: [CHAT] <Kanye2020_> just like i respect wamen
[17:02:41] [Client thread/INFO]: [CHAT] <amethyst_eye> Pickle riiiiiiick
[17:02:45] [Client thread/INFO]: [CHAT] <Kanye2020_> and boneless pizza
[17:02:47] [Client thread/INFO]: [CHAT] [CloverCollage] <*DragonMarly> Pickle RIIIICk
[17:02:49] [Client thread/INFO]: [CHAT] <*Flowey> did it first amethyst.
[17:02:58] [Client thread/INFO]: [CHAT] [SC] <*Wetzu> I wan't a boneless pizza!
[17:03:04] [Client thread/INFO]: [CHAT] <Kanye2020_> hey Elephants111 are you a gentile or a jew?
[17:03:10] [Client thread/INFO]: [CHAT] <amethyst_eye> Idrc flowey
[17:03:15] [Client thread/INFO]: [CHAT] PokeIsAsian left the game
[17:03:23] [Client thread/INFO]: [CHAT] <*RedPickle> I am a Red Pickle!
[17:03:28] [Client thread/INFO]: [CHAT] NarnianDryad joined the game
[17:03:30] [Client thread/INFO]: [CHAT] <*Flowey> blockdust ftw
[17:03:37] [Client thread/INFO]: [CHAT] <amethyst_eye> red riiick
[17:03:39] [Client thread/INFO]: [CHAT] [STA] <Deterno> blockdust?
[17:03:40] [Client thread/INFO]: [CHAT] <Kanye2020_> narniandryad welcome to the minecraft christian server
[17:03:41] [Client thread/INFO]: [CHAT] <*Flowey> yea
[17:03:42] [Client thread/INFO]: [CHAT] [STA] <Deterno> wdym
[17:03:46] [Client thread/INFO]: [CHAT] xiryhS[SrC][STC][CA] <*Flowey> this effect
[17:03:48] [Client thread/INFO]: [CHAT] [STA] <Deterno> that looks ugly
[17:03:49] [Client thread/INFO]: [CHAT] <*2GoldenGayBoyx2> how tf do i add an effect agin
[17:03:54] [Client thread/INFO]: [CHAT] <*2GoldenGayBoyx2> its hard
[17:03:54] [Client thread/INFO]: [CHAT] xiryhS[SrC][STC][CA] <*Flowey> i like it :P
[17:03:56] [Client thread/INFO]: [CHAT] <Kanye2020_> you do /affect deist
[17:03:59] [Client thread/INFO]: [CHAT] [STA] <Deterno> use either reddust
[17:04:01] [Client thread/INFO]: [CHAT] [STA] <Deterno> or fallingdust
[17:04:02] [Client thread/INFO]: [CHAT] [STA] <Deterno> ;)
[17:04:03] [Client thread/INFO]: [CHAT] [SC] <*Wetzu> ./pp effects
[17:04:04] [Client thread/INFO]: [CHAT] <Kanye2020_> you cant affect if youre a deist
[17:04:08] [Client thread/INFO]: [CHAT] [SC] <*Wetzu> to see the list.
[17:04:10] [Client thread/INFO]: [CHAT] [STA] <Deterno> Shiny
[17:04:10] [Client thread/INFO]: [CHAT] amethyst_eye left the game
[17:04:14] [Client thread/INFO]: [CHAT] [STA] <Deterno> If you use reddust
[17:04:15] [Client thread/INFO]: [CHAT] xiryhS[SrC][STC][CA] <*Flowey> mobspell!
[17:04:16] [Client thread/INFO]: [CHAT] [STA] <Deterno> you can choose to do it rainbow
[17:04:20] [Client thread/INFO]: [CHAT] xiryhS[SrC][STC][CA] <*Flowey> idc
[17:04:24] [Client thread/INFO]: [CHAT] xiryhS[SrC][STC][CA] <*Flowey> same with mobspell
[17:04:24] [Client thread/INFO]: [CHAT] <Kanye2020_> im sorry if im being disrespectful to religion but deists are not allowed to use creative mode on minecraft
[17:04:29] [Client thread/INFO]: [CHAT] <*2GoldenGayBoyx2> no i want the invisibilty, night vision and the speed and jump..
[17:04:30] [Client thread/INFO]: [CHAT] <Kanye2020_> too much creative intervention
[17:04:32] [Client thread/INFO]: [CHAT] mattlawn left the game
[17:04:37] [Client thread/INFO]: [CHAT] amethyst_eye joined the game
[17:04:50] [Client thread/INFO]: [CHAT] LichLach joined the game
[17:04:50] [Client thread/INFO]: [CHAT] <Kanye2020_> you cant use supernature in minecraft if ur god thats just sinful
[17:04:57] [Client thread/INFO]: [CHAT] <amethyst_eye> i fucking at my graphics card
[17:04:59] [Client thread/INFO]: [CHAT] <LichLach> hi
[17:05:03] [Client thread/INFO]: [CHAT] santadeath left the game
[17:05:04] [Client thread/INFO]: [CHAT] <amethyst_eye> hate*
[17:05:06] [Client thread/INFO]: [CHAT] [SC] <*Wetzu> ./potion Speed add 100000000 2 McBoix
[17:05:12] [Client thread/INFO]: [CHAT] <amethyst_eye> rip grammar
[17:05:17] [Client thread/INFO]: [CHAT] [SC] <*Wetzu> oops wrong...
[17:05:20] [Client thread/INFO]: [CHAT] <amethyst_eye> and spelling
[17:05:20] [Client thread/INFO]: [CHAT] * VideoGameSmash12 is now AFK.
[17:05:24] [Client thread/INFO]: [CHAT] LichLach left the game
[17:05:25] [Client thread/INFO]: [CHAT] xiryhS[SrC][STC][CA] <*Flowey> yay
[17:05:29] [Client thread/INFO]: [CHAT] <*RedPickle> I am a the Red Pickle of the world
[17:05:34] [Client thread/INFO]: [CHAT] <*RedPickle> !!
[17:05:38] [Client thread/INFO]: [CHAT] <*adminobeyme> be quiet
[17:05:41] [Client thread/INFO]: [CHAT] <*adminobeyme> turn green again
[17:05:45] [Client thread/INFO]: [CHAT] <amethyst_eye> stfu
[17:05:48] [Client thread/INFO]: [CHAT] <*adminobeyme> i am admin obey me
[17:05:52] [Client thread/INFO]: [CHAT] [SC] <*Wetzu> ./potion Speed add 10000 10000 McBoix
[17:05:55] [Client thread/INFO]: [CHAT] [STA] <Elephants111> red pickle = poisoning
[17:05:58] [Client thread/INFO]: [CHAT] Elephants111 left the game
[17:06:00] [Client thread/INFO]: [CHAT] <*adminobeyme> elephants left
[17:06:01] [Client thread/INFO]: [CHAT] [ChestAssociation] <SansIsABeast> do you guys wanna help or what
[17:06:03] [Client thread/INFO]: [CHAT] Deterno - Banning OddArms and IPs: 174.130.208.118
[17:06:04] [Client thread/INFO]: [CHAT] <*adminobeyme> i do
[17:06:07] [Client thread/INFO]: [CHAT] xiryhS[SrC][STC][CA] <*Flowey> i did yellow mobspell
[17:06:14] [Client thread/INFO]: [CHAT] <*adminobeyme> guys dont griefa
[17:06:14] [Client thread/INFO]: [CHAT] [SC] <*Wetzu> SansIsABeast i'll help.
[17:06:14] [Client thread/INFO]: [CHAT] [ChestAssociation] <SansIsABeast> then can you start working on the roads
[17:06:22] [Client thread/INFO]: [CHAT] <*2GoldenGayBoyx2> potion speed add 100000000 2 mcboix
[17:06:26] [Client thread/INFO]: [CHAT] <*adminobeyme> i said ill help you religion racister
[17:06:27] [Client thread/INFO]: [CHAT] Elephants111 is a Telnet Admin
[17:06:27] [Client thread/INFO]: [CHAT] Elephants111 joined the game
[17:06:27] [Client thread/INFO]: [CHAT] <*2GoldenGayBoyx2> it doesnt work
[17:06:33] [Client thread/INFO]: [CHAT] <*adminobeyme> Elephants111 are you gentile or jew?
[17:06:34] [Client thread/INFO]: [CHAT] [SC] <*Wetzu> ./potion Speed add 10000 10000 McBoix
[17:06:41] [Client thread/INFO]: [CHAT] xiryhS[SrC][STC][CA] <*Flowey> ./potion add speed 1000000 2147483647
[17:06:43] [Client thread/INFO]: [CHAT] <*adminobeyme> Elephants111 are you slave or free?
[17:06:47] [Client thread/INFO]: [CHAT] [STA] <Elephants111> Are you juding?
[17:06:53] [Client thread/INFO]: [CHAT] xiryhS[SrC][STC][CA] <*Flowey> that's what you want
[17:06:56] [Client thread/INFO]: [CHAT] RockyBrocky10 left the game
[17:06:58] [Client thread/INFO]: [CHAT] <*adminobeyme> Yes I am juicing
[17:07:04] [Client thread/INFO]: [CHAT] [SC] <*Wetzu> SansIsABeast
[17:07:08] [Client thread/INFO]: [CHAT] <*mrkooolaidman> thats a sin to juice
[17:07:10] [Client thread/INFO]: [CHAT] [SC] <*Wetzu> Do you want me to make a better road?
[17:07:11] [Client thread/INFO]: [CHAT] [STA] <Elephants111> you can't judge me but only father in heaven.
[17:07:13] [Client thread/INFO]: [CHAT] [STA] <Elephants111> so...
[17:07:14] [Client thread/INFO]: [CHAT] <*adminobeyme> but im an admin
[17:07:23] [Client thread/INFO]: [CHAT] <amethyst_eye> s0?
[17:07:23] [Client thread/INFO]: [CHAT] <*adminobeyme> elephant did u hear me
[17:07:27] [Client thread/INFO]: [CHAT] <*adminobeyme> r u gentile or jew
[17:07:28] [Client thread/INFO]: [CHAT] [SC] <*Wetzu> Kanye2020_. Don't nick as an admin.
[17:07:30] [Client thread/INFO]: [CHAT] <*adminobeyme> r u slave or free
[17:07:31] [Client thread/INFO]: [CHAT] <*adminobeyme> ok
[17:07:33] [Client thread/INFO]: [CHAT] * Untuned is now AFK.
[17:07:35] [Client thread/INFO]: [CHAT] <*pee> better now?
[17:07:35] [Client thread/INFO]: [CHAT] FaZeDogeYT joined the game
[17:07:35] [Client thread/INFO]: [CHAT] Welcome FaZeDogeYT to TotalFreedom!
[17:07:36] [Client thread/INFO]: [CHAT] [SC] <*Wetzu> SansIsABeast
[17:07:37] [Client thread/INFO]: [CHAT] StevenNL2000 - Opping all players on the server
[17:07:37] [Client thread/INFO]: [CHAT] You are now op!
[17:07:41] [Client thread/INFO]: [CHAT] [SC] <*Wetzu> I can make your road better
[17:07:41] [Client thread/INFO]: [CHAT] [ChestAssociation] <SansIsABeast> yes
[17:07:42] [Client thread/INFO]: [CHAT] [STA] <Elephants111> Don't need ask me
[17:07:44] [Client thread/INFO]: [CHAT] [ChestAssociation] <SansIsABeast> ok
[17:07:44] [Client thread/INFO]: [CHAT] [STA] <Elephants111> kthx
[17:07:44] [Client thread/INFO]: [CHAT] <amethyst_eye> o nose
[17:07:45] [Client thread/INFO]: [CHAT] [SC] <*Wetzu> Should i?
[17:07:46] [Client thread/INFO]: [CHAT] [ChestAssociation] <SansIsABeast> do it
[17:07:49] [Client thread/INFO]: [CHAT] xiryhS[SrC][STC][CA] <*Flowey> cheese!
[17:07:55] [Client thread/INFO]: [CHAT] <*2GoldenGayBoyx2> nope it says /potion <list : clear [target name] : add <type> duration <amplifier> [target name]>
[17:07:57] [Client thread/INFO]: [CHAT] * *pee The statement below is false
[17:07:58] [Client thread/INFO]: [CHAT] xiryhS[SrC][STC][CA] <*Flowey> ./pp effect cheesespell
[17:08:00] [Client thread/INFO]: [CHAT] * *pee the statement above is true
[17:08:01] [Client thread/INFO]: [CHAT] [ChestAssociation] <SansIsABeast> what about lines
[17:08:02] [Client thread/INFO]: [CHAT] Deterno - Unbanning IP: 209.54.5.149
[17:08:16] [Client thread/INFO]: [CHAT] <*pee> guys no ddosing that ip
[17:08:19] [Client thread/INFO]: [CHAT] <*pee> its christian
[17:08:19] [Client thread/INFO]: [CHAT] <amethyst_eye> false statement
[17:08:21] [Client thread/INFO]: [CHAT] [ChestAssociation] <SansIsABeast> Wetzu
[17:08:24] [Client thread/INFO]: [CHAT] * *Flowey <---- is he weird or cool? you decide!
[17:08:25] [Client thread/INFO]: [CHAT] [SC] <*Wetzu> hmm?
[17:08:27] [Client thread/INFO]: [CHAT] [STA] <Deterno> Pee
[17:08:28] [Client thread/INFO]: [CHAT] [ChestAssociation] <SansIsABeast> can you make roads and i do sidewalks
[17:08:28] [Client thread/INFO]: [CHAT] [STA] <Deterno> stop.
[17:08:32] [Client thread/INFO]: [CHAT] [SC] <*Wetzu> Okay.
[17:08:37] [Client thread/INFO]: [CHAT] <*pee> the opposite of stop is go
[17:08:37] [Client thread/INFO]: [CHAT] <amethyst_eye> flowey is weird
[17:08:40] [Client thread/INFO]: [CHAT] xiryhS[SrC][STC][CA] <*Flowey> ^
[17:08:42] [Client thread/INFO]: [CHAT] * Untuned is no longer AFK.
[17:08:47] [Client thread/INFO]: [CHAT] <*pee> flowey the flower
[17:08:54] [Client thread/INFO]: [CHAT] xiryhS[SrC][STC][CA] <*Flowey> H O W D Y
[17:08:59] [Client thread/INFO]: [CHAT] <*2GoldenGayBoyx2> what the fuck just happened
[17:08:59] [Client thread/INFO]: [CHAT] <amethyst_eye> the undertale person
[17:09:15] [Client thread/INFO]: [CHAT] xiryhS[SrC][STC][CA] <*Flowey> OMG!
[17:09:19] [Client thread/INFO]: [CHAT] xiryhS[SrC][STC][CA] <*Flowey> an elephant
[17:09:22] [Client thread/INFO]: [CHAT] Kanye2020_ died
[17:09:22] [Client thread/INFO]: [CHAT] Player *FlowersAreStupidRicegumJakePaul took their own life.
[17:09:24] [Client thread/INFO]: [CHAT] Deterno - Banning Hellnaze and IPs: 209.76.173.118
[17:09:26] [Client thread/INFO]: [CHAT] <amethyst_eye> thats a rock
[17:09:33] [Client thread/INFO]: [CHAT] xiryhS[SrC][STC][CA] <*Flowey> ^ false name
[17:09:34] [Client thread/INFO]: [CHAT] <*FlowersAreStupidRicegumJakePaul> wow public ips are sad
[17:09:37] [Client thread/INFO]: [CHAT] santadeath is a Telnet Admin
[17:09:37] [Client thread/INFO]: [CHAT] santadeath joined the game
[17:09:38] [Client thread/INFO]: [CHAT] [STA] <santadeath> SpongeBob!
[17:09:41] [Client thread/INFO]: [CHAT] Elephants111 left the game
[17:09:50] [Client thread/INFO]: [CHAT] santadeath left the game
[17:09:51] [Client thread/INFO]: [CHAT] Elephants111 is a Telnet Admin
[17:09:51] [Client thread/INFO]: [CHAT] Elephants111 joined the game
[17:09:52] [Client thread/INFO]: [CHAT] <*FlowersAreStupidRicegumJakePaul> i mean its not like we can do anything with the ip
[17:10:02] [Client thread/INFO]: [CHAT] MasterVelyk joined the game
[17:10:03] [Client thread/INFO]: [CHAT] <*FlowersAreStupidRicegumJakePaul> we can see it
[17:10:03] [Client thread/INFO]: [CHAT] 4sordy joined the game
[17:10:04] [Client thread/INFO]: [CHAT] <*FlowersAreStupidRicegumJakePaul> thats true
[17:10:05] [Client thread/INFO]: [CHAT] chrisk11 joined the game
[17:10:05] [Client thread/INFO]: [CHAT] Welcome chrisk11 to TotalFreedom!
[17:10:06] [Client thread/INFO]: [CHAT] whiskers20 joined the game
[17:10:06] [Client thread/INFO]: [CHAT] <whiskers20> 20FreeSavnith - savyysavnithhh!
[17:10:06] [Client thread/INFO]: [CHAT] FaZeDogeYT left the game
[17:10:07] [Client thread/INFO]: [CHAT] <chrisk11> 19FreeSavnith - savyysavnithhh!
[17:10:07] [Client thread/INFO]: [CHAT] <chrisk11> 44FreeSavnith - savyysavnithhh!!
[17:10:08] [Client thread/INFO]: [CHAT] MasterVelyk - Opping chrisk11
[17:10:08] [Client thread/INFO]: [CHAT] xiryhS[SrC][STC][CA] <*Flowey> wb kyle
[17:10:09] [Client thread/INFO]: [CHAT] <chrisk11> 16FreeSavnith - savyysavnithhh!
[17:10:09] [Client thread/INFO]: [CHAT] <chrisk11> 21FreeSavnith - savyysavnithhh!
[17:10:09] [Client thread/INFO]: [CHAT] <chrisk11> 39FreeSavnith - savyysavnithhh!
[17:10:09] [Client thread/INFO]: [CHAT] <chrisk11> 11FreeSavnith - savyysavnithhh!
[17:10:09] [Client thread/INFO]: [CHAT] <chrisk11> 32FreeSavnith - savyysavnithhh!
[17:10:09] [Client thread/INFO]: [CHAT] <chrisk11> 24FreeSavnith - savyysavnithhh!
[17:10:09] [Client thread/INFO]: [CHAT] <chrisk11> 7FreeSavnith - savyysavnithhh!
[17:10:09] [Client thread/INFO]: [CHAT] <chrisk11> 15FreeSavnith - savyysavnithhh!
[17:10:09] [Client thread/INFO]: [CHAT] <chrisk11> 18FreeSavnith - savyysavnithhh!
[17:10:09] [Client thread/INFO]: [CHAT] <chrisk11> 14FreeSavnith - savyysavnithhh!
[17:10:09] [Client thread/INFO]: [CHAT] <chrisk11> 41FreeSavnith - savyysavnithhh!
[17:10:09] [Client thread/INFO]: [CHAT] <chrisk11> 44FreeSavnith - savyysavnithhh!
[17:10:09] [Client thread/INFO]: [CHAT] chrisk11 was automatically kicked for spamming chat.
[17:10:09] [Client thread/INFO]: [CHAT] <chrisk11> 32FreeSavnith - savyysavnithhh!
[17:10:09] [Client thread/INFO]: [CHAT] <chrisk11> 24FreeSavnith - savyysavnithhh!
[17:10:09] [Client thread/INFO]: [CHAT] <chrisk11> 23FreeSavnith - savyysavnithhh!
[17:10:09] [Client thread/INFO]: [CHAT] <chrisk11> 5FreeSavnith - savyysavnithhh!
[17:10:09] [Client thread/INFO]: [CHAT] <chrisk11> 4FreeSavnith - savyysavnithhh!
[17:10:09] [Client thread/INFO]: [CHAT] <chrisk11> 36FreeSavnith - savyysavnithhh!
[17:10:09] [Client thread/INFO]: [CHAT] <chrisk11> 19FreeSavnith - savyysavnithhh!
[17:10:09] [Client thread/INFO]: [CHAT] <chrisk11> 28FreeSavnith - savyysavnithhh!
[17:10:09] [Client thread/INFO]: [CHAT] <chrisk11> 16FreeSavnith - savyysavnithhh!
[17:10:09] [Client thread/INFO]: [CHAT] <chrisk11> 35FreeSavnith - savyysavnithhh!
[17:10:09] [Client thread/INFO]: [CHAT] <chrisk11> 44FreeSavnith - savyysavnithhh!
[17:10:09] [Client thread/INFO]: [CHAT] <chrisk11> 21FreeSavnith - savyysavnithhh!
[17:10:09] [Client thread/INFO]: [CHAT] <chrisk11> 1FreeSavnith - savyysavnithhh!
[17:10:09] [Client thread/INFO]: [CHAT] chrisk11 has been banned for 5 minutes.
[17:10:09] [Client thread/INFO]: [CHAT] <chrisk11> 43FreeSavnith - savyysavnithhh!
[17:10:09] [Client thread/INFO]: [CHAT] <chrisk11> 14FreeSavnith - savyysavnithhh!
[17:10:09] [Client thread/INFO]: [CHAT] <chrisk11> 21FreeSavnith - savyysavnithhh!
[17:10:09] [Client thread/INFO]: [CHAT] <chrisk11> 39FreeSavnith - savyysavnithhh!
[17:10:09] [Client thread/INFO]: [CHAT] <chrisk11> 15FreeSavnith - savyysavnithhh!
[17:10:09] [Client thread/INFO]: [CHAT] <chrisk11> 20FreeSavnith - savyysavnithhh!
[17:10:09] [Client thread/INFO]: [CHAT] <chrisk11> 8FreeSavnith - savyysavnithhh!
[17:10:09] [Client thread/INFO]: [CHAT] <chrisk11> 34FreeSavnith - savyysavnithhh!
[17:10:09] [Client thread/INFO]: [CHAT] <chrisk11> 18FreeSavnith - savyysavnithhh!
[17:10:09] [Client thread/INFO]: [CHAT] <chrisk11> 28FreeSavnith - savyysavnithhh!
[17:10:09] [Client thread/INFO]: [CHAT] <chrisk11> 1FreeSavnith - savyysavnithhh!
[17:10:09] [Client thread/INFO]: [CHAT] <chrisk11> 3FreeSavnith - savyysavnithhh!
[17:10:09] [Client thread/INFO]: [CHAT] chrisk11 left the game
[17:10:09] [Client thread/INFO]: [CHAT] chrisk11 was automatically kicked for spamming chat.
[17:10:09] [Client thread/INFO]: [CHAT] chrisk11 has been banned for 10 minutes.
[17:10:09] [Client thread/INFO]: [CHAT] chrisk11 was automatically kicked for spamming chat.
[17:10:09] [Client thread/INFO]: [CHAT] chrisk11 has been banned.
[17:10:09] [Client thread/INFO]: [CHAT] chrisk11 was automatically kicked for spamming chat.
[17:10:09] [Client thread/INFO]: [CHAT] chrisk11 has been banned.
[17:10:11] [Client thread/INFO]: [CHAT] ArinaChan23 joined the game
[17:10:12] [Client thread/INFO]: [CHAT] <ArinaChan23> 28FreeSavnith - savyysavnithhh!
[17:10:13] [Client thread/INFO]: [CHAT] ShinyYveltal674 - Opping MasterVelyk
[17:10:14] [Client thread/INFO]: [CHAT] bailout00 joined the game
[17:10:14] [Client thread/INFO]: [CHAT] Welcome bailout00 to TotalFreedom!
[17:10:14] [Client thread/INFO]: [CHAT] <bailout00> 34FreeSavnith - savyysavnithhh!
[17:10:14] [Client thread/INFO]: [CHAT] <MasterVelyk> ._.
[17:10:15] [Client thread/INFO]: [CHAT] Paldiu - Banning chrisk11 and IPs: 177.91.74.138
[17:10:15] [Client thread/INFO]: [CHAT] <bailout00> 10FreeSavnith - savyysavnithhh!!
[17:10:16] [Client thread/INFO]: [CHAT] ArinaChan23 left the game
[17:10:17] [Client thread/INFO]: [CHAT] MasterVelyk - Opping bailout00
[17:10:18] [Client thread/INFO]: [CHAT] [SC] <*Wetzu> A spam bow eh?
[17:10:18] [Client thread/INFO]: [CHAT] crazyjake123 joined the game
[17:10:21] [Client thread/INFO]: [CHAT] <crazyjake123> 16FreeSavnith - savyysavnithhh!
[17:10:21] [Client thread/INFO]: [CHAT] <crazyjake123> 27FreeSavnith - savyysavnithhh!!
[17:10:21] [Client thread/INFO]: [CHAT] crazyjake123 left the game
[17:10:22] [Client thread/INFO]: [CHAT] Capatcha-based verification has been enabled.
[17:10:26] [Client thread/INFO]: [CHAT] <*Kyle> Not savnith ;-;
[17:10:27] [Client thread/INFO]: [CHAT] <*FlowersAreStupidRicegumJakePaul> wow 2 much exposure for ip addresses
[17:10:28] [Client thread/INFO]: [CHAT] Deterno - Banning crazyjake123 and IPs: 213.184.226.68
[17:10:29] [Client thread/INFO]: [CHAT] [CloverCollage] <*DragonMarly> NOOOO
[17:10:29] [Client thread/INFO]: [CHAT] StevenNL2000 - Opping all players on the server
[17:10:29] [Client thread/INFO]: [CHAT] You are now op!
[17:10:31] [Client thread/INFO]: [CHAT] Elephants111 left the game
[17:10:32] [Client thread/INFO]: [CHAT] /warp KrustyKrab <SpongeBob> are you seriously building another krusty krab 10 blocks away from mine
[17:10:32] [Client thread/INFO]: [CHAT] 4sordy left the game
[17:10:33] [Client thread/INFO]: [CHAT] <amethyst_eye> sav
[17:10:36] [Client thread/INFO]: [CHAT] whiskers20 left the game
[17:10:36] [Client thread/INFO]: [CHAT] Untuned - Banning bailout00 and IPs: 185.177.73.201
[17:10:37] [Client thread/INFO]: [CHAT] bailout00 left the game
[17:10:38] [Client thread/INFO]: [CHAT] <amethyst_eye> is
[17:10:40] [Client thread/INFO]: [CHAT] Paldiu - Banning ArinaChan23 and IPs: 173.230.94.50
[17:10:40] [Client thread/INFO]: [CHAT] <amethyst_eye> cool
[17:10:41] [Client thread/INFO]: [CHAT] <*Kyle> What
[17:10:41] [Client thread/INFO]: [CHAT] <*FlowersAreStupidRicegumJakePaul> ok
[17:10:41] [Client thread/INFO]: [CHAT] * *FlowersAreStupidRicegumJakePaul take screenshots of the spams before they clear chat
[17:10:41] [Client thread/INFO]: [CHAT] Elephants111 is a Telnet Admin
[17:10:41] [Client thread/INFO]: [CHAT] Elephants111 joined the game
[17:10:45] [Client thread/INFO]: [CHAT] <*Kyle> KrustyKrab 2
[17:10:51] [Client thread/INFO]: [CHAT] <*Kyle> didn't you hear of it in that one movie?
[17:10:51] [Client thread/INFO]: [CHAT] Untuned - Banning ArinaChan23 and IPs: 173.230.94.50
[17:10:54] [Client thread/INFO]: [CHAT] xiryhS[SrC][STC][CA] <*Flowey> yea
[17:10:57] [Client thread/INFO]: [CHAT] [ChestAssociation] <SansIsABeast> this is probably gonna be one of the longest roads i make
[17:10:58] [Client thread/INFO]: [CHAT] <*FlowersAreStupidRicegumJakePaul> so many people are being banned df
[17:11:07] [Client thread/INFO]: [CHAT] xiryhS[SrC][STC][CA] <*Flowey> hi kyle
[17:11:07] [Client thread/INFO]: [CHAT] <amethyst_eye> df?
[17:11:08] [Client thread/INFO]: [CHAT] Untuned - Banning chrisk11 and IPs: 177.91.74.138
[17:11:09] [Client thread/INFO]: [CHAT] <*Kyle> Hello
[17:11:14] [Client thread/INFO]: [CHAT] xiryhS[SrC][STC][CA] <*Flowey> im the one in orenge
[17:11:20] [Client thread/INFO]: [CHAT] xiryhS[SrC][STC][CA] <*Flowey> particles
[17:11:22] [Client thread/INFO]: [CHAT] <*Kyle> Yes I can see you
[17:11:22] [Client thread/INFO]: [CHAT] PokeIsAsian joined the game
[17:11:22] [Client thread/INFO]: [CHAT] * *FlowersAreStupidRicegumJakePaul kill all the
[17:11:22] [Client thread/INFO]: [CHAT] Elephants111 - Unloading unused chunks
[17:11:26] [Client thread/INFO]: [CHAT] xiryhS[SrC][STC][CA] <*Flowey> lol
[17:11:30] [Client thread/INFO]: [CHAT] <*2GoldenGayBoyx2> lol
[17:11:31] [Client thread/INFO]: [CHAT] * *FlowersAreStupidRicegumJakePaul elephants
[17:11:34] [Client thread/INFO]: [CHAT] <*2GoldenGayBoyx2> lag
[17:11:37] [Client thread/INFO]: [CHAT] xiryhS[SrC][STC][CA] <*Flowey> i'm stylish in this
[17:11:37] [Client thread/INFO]: [CHAT] <*FlowersAreStupidRicegumJakePaul> no lag
[17:11:39] [Client thread/INFO]: [CHAT] <*FlowersAreStupidRicegumJakePaul> im not lagging
[17:11:55] [Client thread/INFO]: [CHAT] <*FlowersAreStupidRicegumJakePaul> guys its so easy to grief this server no jokes 100%
[17:11:59] [Client thread/INFO]: [CHAT] Elephants111 left the game
[17:12:03] [Client thread/INFO]: [CHAT] [STA] <Deterno> hi
[17:12:05] [Client thread/INFO]: [CHAT] <*Kyle> but it's not easy to get away with it
[17:12:09] [Client thread/INFO]: [CHAT] <*FlowersAreStupidRicegumJakePaul> no i did lsat time
[17:12:13] [Client thread/INFO]: [CHAT] xiryhS[SrC][STC][CA] <*Flowey> dont grewgeergefrefreeee
[17:12:18] [Client thread/INFO]: [CHAT] <*Kyle> That doesn't mean it's easy
[17:12:19] [Client thread/INFO]: [CHAT] <*FlowersAreStupidRicegumJakePaul> i got away with griefing spawn
[17:12:20] [Client thread/INFO]: [CHAT] /warp KrustyKrab <SpongeBob> you cant build your krusty krab right next to mien
[17:12:24] [Client thread/INFO]: [CHAT] [STA] <Deterno> unlucky
[17:12:24] [Client thread/INFO]: [CHAT] <*FlowersAreStupidRicegumJakePaul> it was easy
[17:12:30] [Client thread/INFO]: [CHAT] <*FlowersAreStupidRicegumJakePaul> just pretendedlike a normal chat guy
[17:12:32] [Client thread/INFO]: [CHAT] <*Kyle> It's easy to grief it
[17:12:32] [Client thread/INFO]: [CHAT] /warp KrustyKrab <SpongeBob> you cant build your krusty krab right next to mine
[17:12:35] [Client thread/INFO]: [CHAT] <*Kyle> hard to get away with it
[17:12:35] [Client thread/INFO]: [CHAT] /warp KrustyKrab <SpongeBob> you cant build your krusty krab right next to mine.
[17:12:35] [Client thread/INFO]: [CHAT] [Helper] <*FakeDoZDoritos> hi my friends
[17:12:36] [Client thread/INFO]: [CHAT] [STA] <Deterno> ./warp rustykra b
[17:12:40] [Client thread/INFO]: [CHAT] /warp KrustyKrab <SpongeBob> you cant build your krusty krab right next to mine!
[17:12:40] [Client thread/INFO]: [CHAT] xiryhS[SrC][STC][CA] <*Flowey> Krusty krab 2 in the spongebob movie!
[17:12:41] [Client thread/INFO]: [CHAT] <*FlowersAreStupidRicegumJakePaul> it was easy to get way with it though
[17:12:41] [Client thread/INFO]: [CHAT] <*Kyle> especially since they can log the place.
[17:12:46] [Client thread/INFO]: [CHAT] [SC] <*Wetzu> Don't spam SpongeBob.
[17:12:47] [Client thread/INFO]: [CHAT] Untuned - Muting SpongeBob
[17:12:50] [Client thread/INFO]: [CHAT] [Server:Untuned] don't spam ty
[17:12:51] [Client thread/INFO]: [CHAT] StevenNL2000 left the game
[17:12:51] [Client thread/INFO]: [CHAT] Untuned - Unmuting SpongeBob
[17:12:58] [Client thread/INFO]: [CHAT] Elephants111 is a Telnet Admin
[17:12:58] [Client thread/INFO]: [CHAT] Elephants111 joined the game
[17:13:01] [Client thread/INFO]: [CHAT] <amethyst_eye> everytime I report someone, some admins dont do nothing
[17:13:06] [Client thread/INFO]: [CHAT] /warp KrustyKrab <SpongeBob> seriously y can he just build his krusty krab right there
[17:13:06] [Client thread/INFO]: [CHAT] [STA] <Deterno> Amethyst
[17:13:07] [Client thread/INFO]: [CHAT] <*FlowersAreStupidRicegumJakePaul> no it was easy but then i got banned for saying bad words so yeah
[17:13:09] [Client thread/INFO]: [CHAT] [STA] <Deterno> I don't see you reporting anyuone
[17:13:11] [Client thread/INFO]: [CHAT] [STA] <Deterno> ./report
[17:13:12] [Client thread/INFO]: [CHAT] <*Kyle> o_o
[17:13:15] [Client thread/INFO]: [CHAT] xiryhS[SrC][STC][CA] <*Flowey> "don't spam ty" - Untuned's gr8 warning
[17:13:15] [Client thread/INFO]: [CHAT] <*FlowersAreStupidRicegumJakePaul> they didnt rollback me though
[17:13:18] [Client thread/INFO]: [CHAT] <*Kyle> cursing/swearing is allowed.
[17:13:20] [Client thread/INFO]: [CHAT] [SA] <Untuned> yes
[17:13:25] [Client thread/INFO]: [CHAT] <amethyst_eye> Deterno can u stfu plz?
[17:13:27] [Client thread/INFO]: [CHAT] <*FlowersAreStupidRicegumJakePaul> no kyle
[17:13:31] [Client thread/INFO]: [CHAT] [CloverCollage] <*DragonMarly> fuck yea
[17:13:31] [Client thread/INFO]: [CHAT] <*FlowersAreStupidRicegumJakePaul> not all language though
[17:13:33] [Client thread/INFO]: [CHAT] [STA] <Deterno> Spongebob
[17:13:35] [Client thread/INFO]: [CHAT] /warp KrustyKrab <SpongeBob> what
[17:13:36] [Client thread/INFO]: [CHAT] [STA] <Deterno> what's so bad about that?
[17:13:42] [Client thread/INFO]: [CHAT] [STA] <Deterno> It's not on yours or anything
[17:13:42] [Client thread/INFO]: [CHAT] /warp KrustyKrab <SpongeBob> its right next to mien
[17:13:45] [Client thread/INFO]: [CHAT] <*FlowersAreStupidRicegumJakePaul> penisidkc
[17:13:46] [Client thread/INFO]: [CHAT] Elephants111 left the game
[17:13:50] [Client thread/INFO]: [CHAT] [STA] <Deterno> And it looks better
[17:13:53] [Client thread/INFO]: [CHAT] [STA] <Deterno> ;')
[17:13:54] [Client thread/INFO]: [CHAT] /warp KrustyKrab <SpongeBob> stfu
[17:13:54] [Client thread/INFO]: [CHAT] Elephants111 is a Telnet Admin
[17:13:54] [Client thread/INFO]: [CHAT] Elephants111 joined the game
[17:13:54] [Client thread/INFO]: [CHAT] <*Kyle> exactly.
[17:13:56] [Client thread/INFO]: [CHAT] [STA] <Elephants111> Connected with MineChat
[17:14:00] [Client thread/INFO]: [CHAT] <*FlowersAreStupidRicegumJakePaul> the penis is between the legs
[17:14:04] [Client thread/INFO]: [CHAT] [STA] <Deterno> well
[17:14:06] [Client thread/INFO]: [CHAT] [STA] <Deterno> Imma go now
[17:14:08] [Client thread/INFO]: [CHAT] SpudAlien joined the game
[17:14:09] [Client thread/INFO]: [CHAT] [STA] <Deterno> going to the city
[17:14:10] [Client thread/INFO]: [CHAT] <*FlowersAreStupidRicegumJakePaul> oh crap
[17:14:10] [Client thread/INFO]: [CHAT] [STA] <Deterno> ciao
[17:14:10] [Client thread/INFO]: [CHAT] [CloverCollage] <*DragonMarly> ._.
[17:14:12] [Client thread/INFO]: [CHAT] <amethyst_eye> finally
[17:14:14] [Client thread/INFO]: [CHAT] <*2GoldenGayBoyx2> who is lagging the server so much
[17:14:15] [Client thread/INFO]: [CHAT] <*FlowersAreStupidRicegumJakePaul> I SEE innopropiate build now
[17:14:19] [Client thread/INFO]: [CHAT] <*FlowersAreStupidRicegumJakePaul> wooow
[17:14:29] [Client thread/INFO]: [CHAT] [STA] <Deterno> that aint innapropriate
[17:14:32] [Client thread/INFO]: [CHAT] Elephants111 left the game
[17:14:33] [Client thread/INFO]: [CHAT] <*Kyle> well
[17:14:35] [Client thread/INFO]: [CHAT] xiryhS[SrC][STC][CA] <*Flowey> \report ShinyYveltal674 being weird
[17:14:37] [Client thread/INFO]: [CHAT] <*Kyle> it was just removed
[17:14:38] [Client thread/INFO]: [CHAT] Elephants111 is a Telnet Admin
[17:14:38] [Client thread/INFO]: [CHAT] Elephants111 joined the game
[17:14:40] [Client thread/INFO]: [CHAT] [STA] <Deterno> its just a bunch of blocks
[17:14:42] [Client thread/INFO]: [CHAT] <*FlowersAreStupidRicegumJakePaul> wait it isnt
[17:14:45] [Client thread/INFO]: [CHAT] <*FlowersAreStupidRicegumJakePaul> so i can make my own?
[17:14:45] [Client thread/INFO]: [CHAT] [STA] <Elephants111> stupid stream
[17:14:49] [Client thread/INFO]: [CHAT] [STA] <Deterno> no
[17:14:50] [Client thread/INFO]: [CHAT] SpudAlien left the game
[17:14:50] [Client thread/INFO]: [CHAT] Deterno left the game
[17:14:57] [Client thread/INFO]: [CHAT] xiryhS[SrC][STC][CA] <*Flowey> omg!
[17:14:59] [Client thread/INFO]: [CHAT] xiryhS[SrC][STC][CA] <*Flowey> an untuned
[17:15:02] [Client thread/INFO]: [CHAT] CONSOLE - Opping all players on the server
[17:15:02] [Client thread/INFO]: [CHAT] You are now op!
[17:15:06] [Client thread/INFO]: [CHAT] /warp KrustyKrab <SpongeBob> you cant build your krusty krab right next to mine
[17:15:12] [Client thread/INFO]: [CHAT] Elephants111 left the game
[17:15:15] [Client thread/INFO]: [CHAT] <amethyst_eye> l.l
[17:15:17] [Client thread/INFO]: [CHAT] <*2GoldenGayBoyx2> how do i clear my speed now
[17:15:19] [Client thread/INFO]: [CHAT] Elephants111 is a Telnet Admin
[17:15:19] [Client thread/INFO]: [CHAT] Elephants111 joined the game
[17:15:21] [Client thread/INFO]: [CHAT] [STA] <Elephants111> Connected with MineChat
[17:15:22] [Client thread/INFO]: [CHAT] [CloverCollage] <*DragonMarly> ./heal
[17:15:24] [Client thread/INFO]: [CHAT] <*Kyle> ./smite MasterVelyk #BlameJohn
[17:15:26] [Client thread/INFO]: [CHAT] FakeDoZDoritos left the game
[17:15:32] [Client thread/INFO]: [CHAT] [STA] <Elephants111> test
[17:15:34] [Client thread/INFO]: [CHAT] [STA] <Elephants111> ok
[17:15:46] [Client thread/INFO]: [CHAT] *JakePaul kisses *FlowersAreStupidRicegumJakePaul!
[17:15:51] [Client thread/INFO]: [CHAT] <amethyst_eye> its a cross.
[17:16:06] [Client thread/INFO]: [CHAT] iwin1302 joined the game