[19:03:34] [Client thread/INFO]: Connecting to play.totalfreedom.me, 28965
[19:03:45] [Client thread/INFO]: [CHAT] [BetterChairs] Find new update ! Version: 0.9.0
[19:03:45] [Client thread/INFO]: [CHAT] [UPDATE]
[19:03:45] [Client thread/INFO]: [CHAT] [LibsDisguises] There is a update ready to be downloaded! You are using v9.0.9, the new version is v9.1.2!
[19:03:45] [Client thread/INFO]: [CHAT] VideoGameSmash12 is a Telnet Admin
[19:03:45] [Client thread/INFO]: [CHAT] VideoGameSmash12 joined the game
[19:03:46] [Client thread/INFO]: [CHAT] Welcome, VideoGameSmash12!
[19:03:46] [Client thread/INFO]: [CHAT] Type /help for a list of commands.
[19:03:46] [Client thread/INFO]: [CHAT] Do NOT open any books given to you by other players or you might be perm banned.
[19:03:46] [Client thread/INFO]: [CHAT] Do NOT click on signs that you didn’t make or you might be perm banned.
[19:03:46] [Client thread/INFO]: [CHAT] Remember to save your builds with World Edit or they’ll be lost.
[19:03:46] [Client thread/INFO]: [CHAT] You have no new mail.
[19:03:46] [Client thread/INFO]: [CHAT] Welcome VideoGameSmash12 to the server!
[19:03:46] [Client thread/INFO]: [CHAT] <NCaltMC> what it said
[19:03:46] [Client thread/INFO]: [CHAT] < Lizzy> yey
[19:03:46] [Client thread/INFO]: [CHAT] <JustRambo> Now we shall go to Europe
[19:03:47] [Client thread/INFO]: [CHAT] kryork7 left the game.
[19:03:50] [Client thread/INFO]: [CHAT] [ADMIN] truff [SA]: Who?
[19:03:51] [Client thread/INFO]: [CHAT] Teleporting...
[19:03:53] [Client thread/INFO]: [CHAT] <NCaltMC> part of script:
[19:03:54] [Client thread/INFO]: [CHAT] [SA] <ScarletRebellion> guys he is going to haxor me hard with his command prompt!111111111111111
[19:03:54] [Client thread/INFO]: [CHAT] *  Rabbit makes rabbit sounds
[19:03:55] [Client thread/INFO]: [CHAT] < Brett> op me plz
[19:03:55] [Client thread/INFO]: [CHAT] <NCaltMC> ds to wait for each reply. -R Use routing header to test reverse route also (IPv6-onl
[19:04:00] [Client thread/INFO]: [CHAT] <Jcat49er> hey guys im not opped
[19:04:03] [Client thread/INFO]: [CHAT] markbyron - Opping all players on the server
[19:04:03] [Client thread/INFO]: [CHAT] You are now op!
[19:04:07] [Client thread/INFO]: [CHAT] <Jcat49er> yay
[19:04:08] [Client thread/INFO]: [CHAT] < Brett> t
[19:04:10] [Client thread/INFO]: [CHAT] $10000000 has been added to your account.
[19:04:10] [Client thread/INFO]: [CHAT] [SA] <truff> So
[19:04:11] [Client thread/INFO]: [CHAT] [STA] <VideoGameSmash12> Oh.
[19:04:13] [Client thread/INFO]: [CHAT] <NCaltMC> Header). -r count Record route for count hops (IPv4-only). -s count Timestamp for
[19:04:13] [Client thread/INFO]: [CHAT] <JustRambo> we will go to Austria and take a trip take pictures and have fun!
[19:04:14] [Client thread/INFO]: [CHAT] [Server:markbyron] have my money!
[19:04:14] [Client thread/INFO]: [CHAT] < Brett> yea
[19:04:14] [Client thread/INFO]: [CHAT] [STA] <VideoGameSmash12> Hi mark
[19:04:16] [Client thread/INFO]: [CHAT] [SA] <ScarletRebellion> Dude you couldn't hit me off if I gave you my IP and paid for a booter
[19:04:16] [Client thread/INFO]: [CHAT] < Noot> hi mark
[19:04:19] [Client thread/INFO]: [CHAT] [ADMIN] markbyron [Console]: hello admins!
[19:04:20] [Client thread/INFO]: [CHAT] <NCaltMC> hi mark
[19:04:20] [Client thread/INFO]: [CHAT] [Server:truff] Hai mark
[19:04:22] [Client thread/INFO]: [CHAT] [ADMIN] ScarletRebellion [SA]: hi mark
[19:04:24] [Client thread/INFO]: [CHAT] [ADMIN] truff [SA]: Hi
[19:04:24] [Client thread/INFO]: [CHAT] [ADMIN] VideoGameSmash12 [STA]: Hi mark
[19:04:26] [Client thread/INFO]: [CHAT] <JustRambo> YAY
[19:04:26] [Client thread/INFO]: [CHAT] [ADMIN] VideoGameSmash12 [STA]: I'm sick
[19:04:26] [Client thread/INFO]: [CHAT] Mocomochi joined the game
[19:04:27] [Client thread/INFO]: [CHAT] < Noot> have some mountain dew truff
[19:04:27] [Client thread/INFO]: [CHAT] <JustRambo> MONEU
[19:04:29] [Client thread/INFO]: [CHAT] < GabeTheDog> lol
[19:04:30] [Client thread/INFO]: [CHAT] [ADMIN] markbyron [Console]: sorry to hear it
[19:04:31] [Client thread/INFO]: [CHAT] <NCaltMC> im trying to hack somthingg here
[19:04:32] [Client thread/INFO]: [CHAT] <JustRambo> *MONEY....
[19:04:34] [Client thread/INFO]: [CHAT] <NCaltMC> so
[19:04:36] [Client thread/INFO]: [CHAT] <NCaltMC> just go
[19:04:38] [Client thread/INFO]: [CHAT] < Noot> okay break is over
[19:04:38] [Client thread/INFO]: [CHAT] < Cube_HYTZI> i waited and i coulden't make a Oh - Naff joke...
[19:04:39] [Client thread/INFO]: [CHAT] <NCaltMC> ok
[19:04:40] [Client thread/INFO]: [CHAT] Mocomochi left the game.
[19:04:40] [Client thread/INFO]: [CHAT] [ADMIN] markbyron [Console]: hope you get better
[19:04:41] [Client thread/INFO]: [CHAT] [ADMIN] ScarletRebellion [SA]: go on ahead and perm ban NCaltMC. He's been gloating about how he is going to hack the server
[19:04:42] [Client thread/INFO]: [CHAT] <JustRambo> Yes the spicy memes
[19:04:44] [Client thread/INFO]: [CHAT] <NCaltMC> Header). -r count Record route for count hops (IPv4-only). -s count Timestamp for
[19:04:47] [Client thread/INFO]: [CHAT] [ADMIN] ScarletRebellion [SA]: or hack the console or some shit
[19:04:50] [Client thread/INFO]: [CHAT] [ADMIN] VideoGameSmash12 [STA]: script kiddie
[19:04:57] [Client thread/INFO]: [CHAT] markbyron - Banning NCaltMC and IPs: 45.36.202.242
[19:04:57] [Client thread/INFO]: [CHAT] NCaltMC left the game.
[19:04:59] [Client thread/INFO]: [CHAT] [ADMIN] ScarletRebellion [SA]: Script kiddie, he's also been talking about DDoSing the server
[19:05:00] [Client thread/INFO]: [CHAT] *  Rabbit makes rabbit sounds
[19:05:05] [Client thread/INFO]: [CHAT] < Noot> xD
[19:05:06] [Client thread/INFO]: [CHAT] [ADMIN] ScarletRebellion [SA]: If you need proof, I'll send it to you.
[19:05:09] [Client thread/INFO]: [CHAT] <JustRambo> have spicy memes guys be energized for this trip
[19:05:14] [Client thread/INFO]: [CHAT] <GAMING_G09> ddos ncaltmc's ip
[19:05:17] [Client thread/INFO]: [CHAT] SforStefan000 left the game.
[19:05:20] [Client thread/INFO]: [CHAT] < Noot> na
[19:05:21] [Client thread/INFO]: [CHAT] [ADMIN] truff [SA]: Yeah AND on top of all of THAT, he's been telling others to "ask the admins how to DDoS"
[19:05:22] [Client thread/INFO]: [CHAT] [ADMIN] VideoGameSmash12 [STA]: He's probably going to use Command Prompt to "DDoS" the server
[19:05:25] [Client thread/INFO]: [CHAT] <JustRambo> why
[19:05:27] [Client thread/INFO]: [CHAT] <JustRambo> =(
[19:05:27] [Client thread/INFO]: [CHAT] < Noot> break is over
[19:05:29] [Client thread/INFO]: [CHAT] [SA] <ScarletRebellion> GAMING_G09 saying things like that will get you on the list too.
[19:05:31] [Client thread/INFO]: [CHAT] [ADMIN] ScarletRebellion [SA]: Lmao
[19:05:37] [Client thread/INFO]: [CHAT] <GAMING_G09> im jk dont
[19:05:43] [Client thread/INFO]: [CHAT] [ADMIN] ScarletRebellion [SA]: he was like "I'm going to hack you, I'm working on it"
[19:05:43] [Client thread/INFO]: [CHAT] < Noot> GAAHH
[19:05:47] [Client thread/INFO]: [CHAT] <JustRambo> xD
[19:05:48] [Client thread/INFO]: [CHAT] < Noot> 9wjrewpio3ewiwek2
[19:05:54] [Client thread/INFO]: [CHAT] [Server:markbyron] watch what you say
[19:05:54] [Client thread/INFO]: [CHAT] KingBrett6000 left the game.
[19:05:54] [Client thread/INFO]: [CHAT] [ADMIN] ScarletRebellion [SA]: and then he was like "I'm in command prompt right now"
[19:05:55] [Client thread/INFO]: [CHAT] [SA] <truff> I gotta go home now
[19:05:55] [Client thread/INFO]: [CHAT] [ADMIN] VideoGameSmash12 [STA]: You know what he needs to be working on
[19:05:57] [Client thread/INFO]: [CHAT] < Lizzy> everyone do /warp morecandy!
[19:05:58] [Client thread/INFO]: [CHAT] < Noot> ohh
[19:06:01] [Client thread/INFO]: [CHAT] [ADMIN] ScarletRebellion [SA]: getting a life
[19:06:02] [Client thread/INFO]: [CHAT] [ADMIN] VideoGameSmash12 [STA]: getting friends
[19:06:04] [Client thread/INFO]: [CHAT] <JustRambo> Bye truff!
[19:06:04] [Client thread/INFO]: [CHAT] [ADMIN] ScarletRebellion [SA]: lmao
[19:06:06] [Client thread/INFO]: [CHAT] < Lizzy> Please
[19:06:08] [Client thread/INFO]: [CHAT] < Noot> rate us on rapevan.com
[19:06:12] [Client thread/INFO]: [CHAT] [STA] <VideoGameSmash12> mark
[19:06:17] [Client thread/INFO]: [CHAT] [ADMIN] markbyron [Console]: yeah?
[19:06:17] [Client thread/INFO]: [CHAT] [STA] <VideoGameSmash12> I can't see what I'm saying
[19:06:19] [Client thread/INFO]: [CHAT] <JustRambo> rate us!
[19:06:19] [Client thread/INFO]: [CHAT] Mocomochi joined the game
[19:06:20] [Client thread/INFO]: [CHAT] [ADMIN] ScarletRebellion [SA]: mark
[19:06:21] [Client thread/INFO]: [CHAT] [ADMIN] VideoGameSmash12 [STA]: :3
[19:06:26] [Client thread/INFO]: [CHAT] [ADMIN] ScarletRebellion [SA]: can you scarlet my rebellion
[19:06:29] [Client thread/INFO]: [CHAT] Mocomochi left the game.
[19:06:30] [Client thread/INFO]: [CHAT] [ADMIN] VideoGameSmash12 [STA]: lol
[19:06:31] [Client thread/INFO]: [CHAT] [ADMIN] truff [SA]: i will
[19:06:35] [Client thread/INFO]: [CHAT] [ADMIN] VideoGameSmash12 [STA]: Oh shit
[19:06:39] [Client thread/INFO]: [CHAT] [Server:markbyron] afk
[19:06:41] [Client thread/INFO]: [CHAT] < GabeTheDog> can some1 set their gamemode to survival
[19:06:42] [Client thread/INFO]: [CHAT] <GAMING_G09> ahhhhhhhhh imma get raped
[19:06:46] [Client thread/INFO]: [CHAT] < Noot> gaming_g09
[19:06:49] [Client thread/INFO]: [CHAT] [ADMIN] ScarletRebellion [SA]: come to my address
[19:06:51] [Client thread/INFO]: [CHAT] [ADMIN] truff [SA]: Any way you like it Scarlet
[19:06:51] [Client thread/INFO]: [CHAT] < Noot> stay down there
[19:06:51] [Client thread/INFO]: [CHAT] <GAMING_G09> what?
[19:06:53] [Client thread/INFO]: [CHAT] [ADMIN] ScarletRebellion [SA]: 127.0.0.1
[19:06:55] [Client thread/INFO]: [CHAT] [ADMIN] truff [SA]: I got u fam
[19:07:00] [Client thread/INFO]: [CHAT] < Noot> GAHHH
[19:07:05] [Client thread/INFO]: [CHAT] < Noot> hfyrhe3jws
[19:07:07] [Client thread/INFO]: [CHAT] <GAMING_G09> killlll me
[19:07:12] [Client thread/INFO]: [CHAT] PepperShaker53 died
[19:07:12] [Client thread/INFO]: [CHAT] Player  Noot took their own life.
[19:07:14] [Client thread/INFO]: [CHAT] [SA] <truff> PepperShaker53
[19:07:15] [Client thread/INFO]: [CHAT] < GabeTheDog> can someone go to survival mode
[19:07:19] [Client thread/INFO]: [CHAT] < Noot> yes
[19:07:20] [Client thread/INFO]: [CHAT] [SA] <truff> I never got that candy :(
[19:07:20] [Client thread/INFO]: [CHAT] [ADMIN] VideoGameSmash12 [STA]: I just realised in like a month and 3 weeks my anniversary will happen
[19:07:21] [Client thread/INFO]: [CHAT] < Lizzy> ok
[19:07:22] [Client thread/INFO]: [CHAT] <Jcat49er> can we get a /kys
[19:07:23] [Client thread/INFO]: [CHAT] [ADMIN] VideoGameSmash12 [STA]: woo hoo.
[19:07:29] [Client thread/INFO]: [CHAT] [ADMIN] truff [SA]: How long?
[19:07:30] [Client thread/INFO]: [CHAT] < Cube_HYTZI> did any of ya'll see the fight between pink guy and hitler's son?
[19:07:32] [Client thread/INFO]: [CHAT] <JustRambo> you get rapes which is better than candy
[19:07:33] [Client thread/INFO]: [CHAT] [ADMIN] VideoGameSmash12 [STA]: 3 goddamn years
[19:07:34] [Client thread/INFO]: [CHAT] [ADMIN] truff [SA]: + congrats.
[19:07:36] [Client thread/INFO]: [CHAT] < Noot> I never promised any candy..
[19:07:40] [Client thread/INFO]: [CHAT] < GabeTheDog> r u in survival
[19:07:42] [Client thread/INFO]: [CHAT] [ADMIN] ScarletRebellion [SA]: I can't wait till march
[19:07:44] [Client thread/INFO]: [CHAT] <JustRambo> rapes are good!
[19:07:46] [Client thread/INFO]: [CHAT] [ADMIN] truff [SA]: How come?
[19:07:47] [Client thread/INFO]: [CHAT] Lego_Rey joined the game
[19:07:47] [Client thread/INFO]: [CHAT] Welcome Lego_Rey to the server!
[19:07:48] [Client thread/INFO]: [CHAT] < Noot> *clap* *dab*
[19:07:49] [Client thread/INFO]: [CHAT] < Lizzy> ye
[19:07:49] [Client thread/INFO]: [CHAT] [ADMIN] truff [SA]: Telnet app?
[19:07:51] [Client thread/INFO]: [CHAT] PepperShaker53 - Opping Lego_Rey
[19:07:52] [Client thread/INFO]: [CHAT] [ADMIN] ScarletRebellion [SA]: Track starts finally
[19:07:52] [Client thread/INFO]: [CHAT] <JustRambo> you should be happy
[19:07:53] [Client thread/INFO]: [CHAT] [ADMIN] ScarletRebellion [SA]: and that
[19:07:55] [Client thread/INFO]: [CHAT] [ADMIN] truff [SA]: Oh lmao
[19:08:01] [Client thread/INFO]: [CHAT] Trail enabled. Use "/trail off" to disable.
[19:08:02] [Client thread/INFO]: [CHAT] [ADMIN] ScarletRebellion [SA]: but honestly, I don't even think I'm gonna apply then
[19:08:06] [Client thread/INFO]: [CHAT] JustRambo smiles.
[19:08:08] [Client thread/INFO]: [CHAT] [ADMIN] ScarletRebellion [SA]: Unless I don't make the team
[19:08:16] [Client thread/INFO]: [CHAT] [ADMIN] truff [SA]: i'm gonna wait till june or july probs
[19:08:17] [Client thread/INFO]: [CHAT] < GabeTheDog> wtf/
[19:08:17] [Client thread/INFO]: [CHAT] [ADMIN] ScarletRebellion [SA]: I say honestly to much
[19:08:24] [Client thread/INFO]: [CHAT] < GabeTheDog> GUYS
[19:08:24] [Client thread/INFO]: [CHAT] [ADMIN] truff [SA]: Honestly you do
[19:08:27] [Client thread/INFO]: [CHAT] [ADMIN] ScarletRebellion [SA]: lmao
[19:08:29] [Client thread/INFO]: [CHAT] <JustRambo> hey gabethedog do /warp candy
[19:08:29] [Client thread/INFO]: [CHAT] < Noot> wut
[19:08:32] [Client thread/INFO]: [CHAT] < GabeTheDog> dafuq
[19:08:43] [Client thread/INFO]: [CHAT] GAMING_G09 left the game.
[19:08:44] [Client thread/INFO]: [CHAT] <JustRambo> yea it has candy and tobbaco and rapes
[19:08:46] [Client thread/INFO]: [CHAT] [ADMIN] truff [SA]: VideoGameSmash12 I'm loving the artwork
[19:08:47] [Client thread/INFO]: [CHAT] [ADMIN] ScarletRebellion [SA]: I'm trying to talk to Falceso about hosting a domain on his server
[19:08:48] [Client thread/INFO]: [CHAT] GAMING_G09 joined the game
[19:08:53] [Client thread/INFO]: [CHAT] [ADMIN] VideoGameSmash12 [STA]: thanks
[19:09:05] [Client thread/INFO]: [CHAT] [ADMIN] ScarletRebellion [SA]: and using it for the IP of my server, since I've got it
[19:09:10] [Client thread/INFO]: [CHAT] < GabeTheDog> go to survival mode
[19:09:11] [Client thread/INFO]: [CHAT] [ADMIN] ScarletRebellion [SA]: Thank god to LyfeIsGood
[19:09:13] [Client thread/INFO]: [CHAT] <JustRambo> bad grammar again correction yea it has candy,tobbaco and rapes
[19:09:13] [Client thread/INFO]: [CHAT] [ADMIN] ScarletRebellion [SA]: he was so nice
[19:09:14] [Client thread/INFO]: [CHAT] < Lizzy> i am
[19:09:16] [Client thread/INFO]: [CHAT] < GabeTheDog> pls
[19:09:21] [Client thread/INFO]: [CHAT] < Sphinx> Hi twin Sphinx0023
[19:09:21] [Client thread/INFO]: [CHAT] [ADMIN] truff [SA]: Lyfe is prob thicc
[19:09:25] [Client thread/INFO]: [CHAT] LeiNZ13 joined the game
[19:09:25] [Client thread/INFO]: [CHAT] Welcome LeiNZ13 to the server!
[19:09:30] [Client thread/INFO]: [CHAT] < Lizzy> you dont look like me
[19:09:32] [Client thread/INFO]: [CHAT] Clock_Man joined the game
[19:09:33] [Client thread/INFO]: [CHAT] Welcome Clock_Man to the server!
[19:09:35] [Client thread/INFO]: [CHAT] [ADMIN] truff [SA]: I know I'm thicc
[19:09:37] [Client thread/INFO]: [CHAT] <LeiNZ13> a
[19:09:39] [Client thread/INFO]: [CHAT] [ADMIN] truff [SA]: Scar are you thicc?
[19:09:41] [Client thread/INFO]: [CHAT] Lakeey joined the game
[19:09:43] [Client thread/INFO]: [CHAT] [ADMIN] ScarletRebellion [SA]: are you a girl
[19:09:43] [Client thread/INFO]: [CHAT] JustRambo died
[19:09:43] [Client thread/INFO]: [CHAT] Player JustRambo took their own life.
[19:09:43] [Client thread/INFO]: [CHAT] LeiNZ13 - Opping LeiNZ13
[19:09:46] [Client thread/INFO]: [CHAT] < Noot> ;C
[19:09:49] [Client thread/INFO]: [CHAT] Mocomochi joined the game
[19:09:51] [Client thread/INFO]: [CHAT] < Noot> truff want your candy
[19:09:52] [Client thread/INFO]: [CHAT] <Jcat49er> hey guys theres a new spawn
[19:09:53] [Client thread/INFO]: [CHAT] [ADMIN] truff [SA]: Did you just assume my gender
[19:09:54] [Client thread/INFO]: [CHAT] < GabeTheDog> pls i want 2 kil u
[19:09:55] [Client thread/INFO]: [CHAT] Officincy joined the game
[19:09:55] [Client thread/INFO]: [CHAT] Welcome Officincy to the server!
[19:09:55] [Client thread/INFO]: [CHAT] Lakeey - Opping Lakeey
[19:09:56] [Client thread/INFO]: [CHAT] Mocomochi left the game.
[19:09:57] [Client thread/INFO]: [CHAT] [ADMIN] truff [SA]: Jk no
[19:09:59] [Client thread/INFO]: [CHAT] Officincy left the game.
[19:10:00] [Client thread/INFO]: [CHAT] Trail disabled.
[19:10:00] [Client thread/INFO]: [CHAT] [SA] <ScarletRebellion> Hello Officincy
[19:10:06] [Client thread/INFO]: [CHAT] [SA] <ScarletRebellion> nvm
[19:10:08] [Client thread/INFO]: [CHAT] <MineRobber___T> and they left
[19:10:11] [Client thread/INFO]: [CHAT] [SA] <truff> RIP
[19:10:15] [Client thread/INFO]: [CHAT] < Noot> truff gahhh
[19:10:15] [Client thread/INFO]: [CHAT] LaPanda101 joined the game
[19:10:16] [Client thread/INFO]: [CHAT] Welcome LaPanda101 to the server!
[19:10:17] [Client thread/INFO]: [CHAT] PepperShaker53 - Opping Clock_Man, LaPanda101
[19:10:19] [Client thread/INFO]: [CHAT] [TotalFreedom] If you are not OP, be sure to ask!
[19:10:20] [Client thread/INFO]: [CHAT] <JustRambo> xD Welcome to 4CHAN
[19:10:21] [Client thread/INFO]: [CHAT] [SA] <truff> GAHH
[19:10:21] [Client thread/INFO]: [CHAT] < NOT4CHAN> Pepper
[19:10:22] [Client thread/INFO]: [CHAT] [ADMIN] ScarletRebellion [SA]: thats a name I haven't heard in a while
[19:10:24] [Client thread/INFO]: [CHAT] < Noot> WHAT]
[19:10:26] [Client thread/INFO]: [CHAT] < NOT4CHAN> why are you me
[19:10:27] [Client thread/INFO]: [CHAT] Lakeey left the game.
[19:10:32] [Client thread/INFO]: [CHAT] [ADMIN] truff [SA]: That's a name I've never heard of lmao
[19:10:32] [Client thread/INFO]: [CHAT] <JustRambo> It says that
[19:10:38] [Client thread/INFO]: [CHAT] < Noot> because why not gahhh
[19:10:39] [Client thread/INFO]: [CHAT] [ADMIN] ScarletRebellion [SA]: Officincy
[19:10:40] [Client thread/INFO]: [CHAT] VideoGameSmash12 - Opping me
[19:10:41] [Client thread/INFO]: [CHAT] KCocco joined the game
[19:10:42] [Client thread/INFO]: [CHAT] [ADMIN] ScarletRebellion [SA]: EthanYT?
[19:10:45] [Client thread/INFO]: [CHAT] <LaPanda101> Hi player
[19:10:47] [Client thread/INFO]: [CHAT] Mast3rf0g joined the game
[19:10:47] [Client thread/INFO]: [CHAT] OfficerWade_x joined the game
[19:10:47] [Client thread/INFO]: [CHAT] Welcome OfficerWade_x to the server!
[19:10:47] [Client thread/INFO]: [CHAT] mattlainisaking is a Super Admin
[19:10:47] [Client thread/INFO]: [CHAT] mattlainisaking joined the game
[19:10:48] [Client thread/INFO]: [CHAT] [ADMIN] truff [SA]: Noope
[19:10:51] [Client thread/INFO]: [CHAT] <JustRambo> i know nothing against it
[19:10:51] [Client thread/INFO]: [CHAT] < Noot> gahh free candy
[19:10:53] [Client thread/INFO]: [CHAT] [ADMIN] ScarletRebellion [SA]: well alright
[19:10:54] [Client thread/INFO]: [CHAT] mattlainisaking left the game.
[19:10:55] [Client thread/INFO]: [CHAT] [ADMIN] truff [SA]: ugh when is mark gonna be backk
[19:10:58] [Client thread/INFO]: [CHAT] <OfficerWade_x> Is there a Dev on?
[19:11:00] [Client thread/INFO]: [CHAT] PepperShaker53 - Opping OfficerWade_x
[19:11:01] [Client thread/INFO]: [CHAT] [SA] <ScarletRebellion> sure
[19:11:01] [Client thread/INFO]: [CHAT] truff - Opping all players on the server
[19:11:01] [Client thread/INFO]: [CHAT] You are now op!
[19:11:01] [Client thread/INFO]: [CHAT] <OfficerWade_x> I have a question
[19:11:02] [Client thread/INFO]: [CHAT] <JustRambo> imma be back
[19:11:03] [Client thread/INFO]: [CHAT] LaPanda101 left the game.
[19:11:03] [Client thread/INFO]: [CHAT] JustRambo left the game.
[19:11:06] [Client thread/INFO]: [CHAT] < xCocoHoe> no
[19:11:06] [Client thread/INFO]: [CHAT] /op <playername>
[19:11:07] [Client thread/INFO]: [CHAT] [SA] <truff> Well...
[19:11:10] [Client thread/INFO]: [CHAT] < Sphinx> GrippyZippy gmc pvp
[19:11:14] [Client thread/INFO]: [CHAT] VideoGameSmash12 - Opping VideoGame5mash12
[19:11:15] [Client thread/INFO]: [CHAT] [ADMIN] ScarletRebellion [SA]: I got this
[19:11:16] [Client thread/INFO]: [CHAT] [SA] <truff> My body is still developing so I'm a dev?
[19:11:18] [Client thread/INFO]: [CHAT] [STA] <VideoGameSmash12> lol
[19:11:18] [Client thread/INFO]: [CHAT] < Noot> GrippyZippy
[19:11:19] [Client thread/INFO]: [CHAT] [SA] <truff> :3
[19:11:20] [Client thread/INFO]: [CHAT] [ADMIN] ScarletRebellion [SA]: lets see what he wants
[19:11:20] [Client thread/INFO]: [CHAT] < Noot> stop gmc pvping
[19:11:20] [Client thread/INFO]: [CHAT] < xCocoHoe> ayyy just leaked a new resource :)
[19:11:23] [Client thread/INFO]: [CHAT] < xCocoHoe> http://blackspigotmc.xyz/resources/the-hypernova-website-template.2663/
[19:11:25] [Client thread/INFO]: [CHAT] Mast3rf0g died
[19:11:25] [Client thread/INFO]: [CHAT] Player Mast3rf0g took their own life.
[19:11:26] [Client thread/INFO]: [CHAT] puggleswag144 left the game.
[19:11:37] [Client thread/INFO]: [CHAT] < Sphinx> free candy?
[19:11:37] [Client thread/INFO]: [CHAT] < Noot> yes
[19:11:37] [Client thread/INFO]: [CHAT] ShadowArmadyl is a Senior Admin
[19:11:37] [Client thread/INFO]: [CHAT] ShadowArmadyl joined the game
[19:11:37] [Client thread/INFO]: [CHAT] LeiNZ13 left the game.
[19:11:40] [Client thread/INFO]: [CHAT] < Sphinx> i have to go in
[19:11:41] [Client thread/INFO]: [CHAT] < Cube_HYTZI> do /warp OH
[19:11:42] [Client thread/INFO]: [CHAT] [ADMIN] truff [SA]: Hi Shadow
[19:11:50] [Client thread/INFO]: [CHAT] Lego_Rey left the game.
[19:11:51] [Client thread/INFO]: [CHAT] < GabeTheDog> all of u set ur gamemode to survival /gms
[19:12:02] [Client thread/INFO]: [CHAT] < Sphinx> wheres my candy -_-
[19:12:06] [Client thread/INFO]: [CHAT] < Noot> GrippyZippy
[19:12:07] [Client thread/INFO]: [CHAT] Mast3rf0g died
[19:12:07] [Client thread/INFO]: [CHAT] Player Mast3rf0g took their own life.
[19:12:08] [Client thread/INFO]: [CHAT] < SphinxJr> Heyyyy
[19:12:12] [Client thread/INFO]: [CHAT] < GabeTheDog> wat
[19:12:16] [Client thread/INFO]: [CHAT] GrantG2004 joined the game
[19:12:17] [Client thread/INFO]: [CHAT] OfficerWade_x left the game.
[19:12:17] [Client thread/INFO]: [CHAT] < Noot> stap
[19:12:21] [Client thread/INFO]: [CHAT] <Mast3rf0g> hi grant
[19:12:21] [Client thread/INFO]: [CHAT] * jackson5212003 is no longer AFK.
[19:12:21] [Client thread/INFO]: [CHAT] <jackson5212003> Omg someone is DDOSing the server its SOOO laggy
[19:12:24] [Client thread/INFO]: [CHAT] [SA] <ScarletRebellion> no
[19:12:25] [Client thread/INFO]: [CHAT] < Cube_HYTZI> do /warp OH to get rick rolled
[19:12:27] [Client thread/INFO]: [CHAT] [SA] <ScarletRebellion> no one is ddosing the server
[19:12:27] [Client thread/INFO]: [CHAT] < Lizzy> GrippyZippy is mean
[19:12:28] [Client thread/INFO]: [CHAT] [SA] <ScarletRebellion> lmao
[19:12:30] [Client thread/INFO]: [CHAT] [SA] <truff> No DDoS
[19:12:31] [Client thread/INFO]: [CHAT] < GabeTheDog> i wanna kill you with my cell phonee
[19:12:33] [Client thread/INFO]: [CHAT] [SA] <ScarletRebellion> The lag is you buddy
[19:12:35] [Client thread/INFO]: [CHAT] < Noot> no
[19:12:36] [Client thread/INFO]: [CHAT] GAMING_G09 left the game.
[19:12:36] [Client thread/INFO]: [CHAT] < Noot> stop
[19:12:39] [Client thread/INFO]: [CHAT] [SA] <truff> And it's not lagging for us
[19:12:41] [Client thread/INFO]: [CHAT] [SA] <truff> That's your end
[19:12:41] [Client thread/INFO]: [CHAT] < xCocoHoe> they sadly hthey sadly have ddos protection
[19:12:45] [Client thread/INFO]: [CHAT] GAMING_G09 joined the game
[19:12:46] [Client thread/INFO]: [CHAT] < xCocoHoe> ffs my lag
[19:12:46] [Client thread/INFO]: [CHAT] < GabeTheDog> wat about DEEZ NUTS
[19:12:46] [Client thread/INFO]: [CHAT] <Jessica_Pugs326> i'm not laggy
[19:12:47] [Client thread/INFO]: [CHAT] [SA] <ScarletRebellion> You've been complaining about it all day, I haven't had a spike of lag.
[19:12:48] [Client thread/INFO]: [CHAT] Mocomochi joined the game
[19:12:57] [Client thread/INFO]: [CHAT] Mocomochi left the game.
[19:12:58] [Client thread/INFO]: [CHAT] <Jessica_Pugs326> me too no lag
[19:12:58] [Client thread/INFO]: [CHAT] kookoo4kitties joined the game
[19:12:58] [Client thread/INFO]: [CHAT] Welcome kookoo4kitties to the server!
[19:12:59] [Client thread/INFO]: [CHAT] < xCocoHoe> cuz u got a spike of dik
[19:13:03] [Client thread/INFO]: [CHAT] KCocco - Opping kookoo4kitties
[19:13:06] [Client thread/INFO]: [CHAT] [SA] <ScarletRebellion> I've got a spiked coke
[19:13:09] [Client thread/INFO]: [CHAT] [SA] <truff> Wtf dik ain't no word boi
[19:13:13] [Client thread/INFO]: [CHAT] [STA] <VideoGameSmash12> so you're talking about something you don't have, xCocoHoe?
[19:13:14] [Client thread/INFO]: [CHAT] [SA] <ScarletRebellion> I'm an alchoholic
[19:13:14] [Client thread/INFO]: [CHAT] < xCocoHoe> it is now
[19:13:17] [Client thread/INFO]: [CHAT] LaPanda101 joined the game
[19:13:22] [Client thread/INFO]: [CHAT] [SA] <truff> Oh shit Video
[19:13:23] [Client thread/INFO]: [CHAT] *  SLVR12 is now AFK.
[19:13:23] [Client thread/INFO]: [CHAT] [SA] <truff> Savage
[19:13:24] [Client thread/INFO]: [CHAT] < xCocoHoe> 'VideoGameSmash'
[19:13:24] [Client thread/INFO]: [CHAT] < xCocoHoe> autistic
[19:13:30] [Client thread/INFO]: [CHAT] [STA] <VideoGameSmash12> Want to know something
[19:13:32] [Client thread/INFO]: [CHAT] [SA] <truff> Oh what a comeback! lmao
[19:13:34] [Client thread/INFO]: [CHAT] < xCocoHoe> ur adopted
[19:13:37] [Client thread/INFO]: [CHAT] < xCocoHoe> i do know
[19:13:38] [Client thread/INFO]: [CHAT] < xCocoHoe> tx anyway
[19:13:40] [Client thread/INFO]: [CHAT] [SA] <truff> Oh dang
[19:13:44] [Client thread/INFO]: [CHAT] [SA] <ScarletRebellion> Ur is a citystate in Mesopatamia
[19:13:45] [Client thread/INFO]: [CHAT] Clock_Man left the game.
[19:13:45] [Client thread/INFO]: [CHAT] [SA] <truff> U finna take dat
[19:13:50] [Client thread/INFO]: [CHAT] < GabeTheDog> All of you do /spawn and look outside
[19:13:53] [Client thread/INFO]: [CHAT] [STA] <VideoGameSmash12> The reason my name has "Smash" in is because of what I did to your mother a few hours ago.
[19:13:55] [Client thread/INFO]: [CHAT] < GabeTheDog> skittles wowowowowo
[19:13:56] [Client thread/INFO]: [CHAT] <MineRobber___T> I'm stuck :P
[19:13:59] [Client thread/INFO]: [CHAT] < GabeTheDog> xd
[19:14:01] [Client thread/INFO]: [CHAT] [SA] <truff> OH shit
[19:14:04] [Client thread/INFO]: [CHAT] [SA] <truff> No chill
[19:14:06] [Client thread/INFO]: [CHAT] < Lizzy> oh my god
[19:14:06] [Client thread/INFO]: [CHAT] < xCocoHoe> its cuz ur fatness suffocated her u fat mess
[19:14:07] [Client thread/INFO]: [CHAT] [SA] <truff> 21 savage
[19:14:13] [Client thread/INFO]: [CHAT] [STA] <VideoGameSmash12> I mean
[19:14:15] [Client thread/INFO]: [CHAT] < LaPanda101> Hi
[19:14:17] [Client thread/INFO]: [CHAT] < Sphinx> i want my free candy
[19:14:17] [Client thread/INFO]: [CHAT] [STA] <VideoGameSmash12> If I was so fat
[19:14:17] [Client thread/INFO]: [CHAT] < Lizzy> wheres the end of it
[19:14:29] [Client thread/INFO]: [CHAT] < xCocoHoe> and if you werent african
[19:14:31] [Client thread/INFO]: [CHAT] [STA] <VideoGameSmash12> How come you aren't any lighter
[19:14:32] [Client thread/INFO]: [CHAT] [SA] <truff> Ya'll be spittin' fire
[19:14:40] [Client thread/INFO]: [CHAT] < xCocoHoe> cuz im Co2
[19:14:41] [Client thread/INFO]: [CHAT] [STA] <VideoGameSmash12> Hold up hold up
[19:14:44] [Client thread/INFO]: [CHAT] [SA] <ScarletRebellion> xCoco is that a racist joke?
[19:14:47] [Client thread/INFO]: [CHAT] < NOT4CHAN> Welcome to 4chan
[19:14:50] [Client thread/INFO]: [CHAT] [STA] <VideoGameSmash12> You're calling me African?
[19:14:52] [Client thread/INFO]: [CHAT] < xCocoHoe> ofc not..................................................................
[19:14:54] [Client thread/INFO]: [CHAT] [SA] <ScarletRebellion> Is there a problem with being African?
[19:15:02] [Client thread/INFO]: [CHAT] [STA] <VideoGameSmash12> Oh your asshole is getting roasted
[19:15:03] [Client thread/INFO]: [CHAT] < xCocoHoe> k ill call you north korean
[19:15:04] [Client thread/INFO]: [CHAT] [SA] <truff> Okay Coco no racism man you ruined the contest...
[19:15:10] [Client thread/INFO]: [CHAT] < Cube_HYTZI> aids joe incoming..?
[19:15:13] [Client thread/INFO]: [CHAT] < xCocoHoe> xD
[19:15:14] [Client thread/INFO]: [CHAT] JustRambo joined the game
[19:15:15] [Client thread/INFO]: [CHAT] < Cube_HYTZI> *joke
[19:15:21] [Client thread/INFO]: [CHAT] < GabeTheDog> pls turn ur gamemode to survival do /gms
[19:15:24] [Client thread/INFO]: [CHAT] [SA] <truff> We're allowed to be savage with no racism
[19:15:25] [Client thread/INFO]: [CHAT] [ADMIN] VideoGameSmash12 [STA]: Roast coco
[19:15:29] [Client thread/INFO]: [CHAT] [ADMIN] truff [SA]: Lool
[19:15:43] [Client thread/INFO]: [CHAT] [STA] <VideoGameSmash12> xCocoHoe, what's the difference between you and a penny?
[19:15:45] [Client thread/INFO]: [CHAT] JustRambo died
[19:15:45] [Client thread/INFO]: [CHAT] Player JustRambo took their own life.
[19:15:47] [Client thread/INFO]: [CHAT] < GabeTheDog> if u say /gms ill give u somethng
[19:15:47] [Client thread/INFO]: [CHAT] Patsterr_ is a Telnet Admin
[19:15:47] [Client thread/INFO]: [CHAT] Patsterr_ joined the game
[19:15:49] [Client thread/INFO]: [CHAT] <kookoo4kitties> help
[19:15:50] [Client thread/INFO]: [CHAT] [STA] <VideoGameSmash12> The penny is actually worth something.
[19:15:53] [Client thread/INFO]: [CHAT] < Cube_HYTZI> a penny is still worth more
[19:15:54] [Client thread/INFO]: [CHAT] <MineRobber___T> omg guys did you see the rabbit? :P
[19:15:54] [Client thread/INFO]: [CHAT] [SA] <truff> Oh shite
[19:15:56] [Client thread/INFO]: [CHAT] < LaPanda101> Hi guys
[19:16:02] [Client thread/INFO]: [CHAT] [STA] <Patsterr_> rip
[19:16:02] [Client thread/INFO]: [CHAT] [ADMIN] VideoGameSmash12 [STA]: Shots fucking fired.
[19:16:06] [Client thread/INFO]: [CHAT] Mast3rf0g left the game.
[19:16:07] [Client thread/INFO]: [CHAT] [STA] <Patsterr_> i lost my torture chambe
[19:16:13] [Client thread/INFO]: [CHAT] < Noot> rambo what is that guy
[19:16:13] [Client thread/INFO]: [CHAT] [ADMIN] truff [SA]: Bang bang bang
[19:16:14] [Client thread/INFO]: [CHAT] < Noot> is that pingus bro
[19:16:14] [Client thread/INFO]: [CHAT] [ADMIN] Patsterr_ [STA]: is pack or tele on?
[19:16:17] [Client thread/INFO]: [CHAT] [ADMIN] truff [SA]: Hai paster
[19:16:18] [Client thread/INFO]: [CHAT] X_MelonGaming_X joined the game
[19:16:20] [Client thread/INFO]: [CHAT] [ADMIN] truff [SA]: Idk
[19:16:24] [Client thread/INFO]: [CHAT] [ADMIN] Patsterr_ [STA]: ho
[19:16:28] [Client thread/INFO]: [CHAT] [ADMIN] ScarletRebellion [SA]: you wanna hurt someone really bad?
[19:16:30] [Client thread/INFO]: [CHAT] < xCocoHoe> cool now im tryna read news
[19:16:34] [Client thread/INFO]: [CHAT] kookoo4kitties left the game.
[19:16:34] [Client thread/INFO]: [CHAT] [ADMIN] ScarletRebellion [SA]: Ammonia and Clorox in a bucket
[19:16:37] [Client thread/INFO]: [CHAT] <JustRambo> a bitch a rulebreaker a socially awkward guy
[19:16:39] [Client thread/INFO]: [CHAT] < xCocoHoe> about north korea not lighting up at night LOL
[19:16:39] [Client thread/INFO]: [CHAT] [STA] <VideoGameSmash12> Here's some news for you.
[19:16:40] [Client thread/INFO]: [CHAT] [ADMIN] tohgamer [Console]: Hello.
[19:16:43] [Client thread/INFO]: [CHAT] [ADMIN] Patsterr_ [STA]: so you act all mature scarlet
[19:16:44] [Client thread/INFO]: [CHAT] [ADMIN] truff [SA]: Hai
[19:16:45] [Client thread/INFO]: [CHAT] [STA] <VideoGameSmash12> You're a failed abortion.
[19:16:46] [Client thread/INFO]: [CHAT] [ADMIN] Patsterr_ [STA]: then you bring up this
[19:16:46] [Client thread/INFO]: [CHAT] [ADMIN] Patsterr_ [STA]: wtf
[19:16:49] [Client thread/INFO]: [CHAT] < Noot> oh
[19:16:49] [Client thread/INFO]: [CHAT] [ADMIN] tohgamer [Console]: Just came on.
[19:16:52] [Client thread/INFO]: [CHAT] [ADMIN] ScarletRebellion [SA]: what do you mean?
[19:16:54] [Client thread/INFO]: [CHAT] OfficerWade_x joined the game
[19:16:54] [Client thread/INFO]: [CHAT] <JustRambo> yea
[19:16:57] [Client thread/INFO]: [CHAT] [ADMIN] Patsterr_ [STA]: this morning -_-
[19:16:59] [Client thread/INFO]: [CHAT] BananaWarrior360 joined the game
[19:17:00] [Client thread/INFO]: [CHAT] LyfeIsFyne is a Telnet Admin
[19:17:00] [Client thread/INFO]: [CHAT] LyfeIsFyne joined the game
[19:17:04] [Client thread/INFO]: [CHAT] [ADMIN] Patsterr_ [STA]: you were acting all mature
[19:17:07] [Client thread/INFO]: [CHAT] BananaWarrior360 left the game.
[19:17:11] [Client thread/INFO]: [CHAT] [ADMIN] Patsterr_ [STA]: then you teach us how to kms kk
[19:17:14] [Client thread/INFO]: [CHAT] < Noot> 3
[19:17:15] [Client thread/INFO]: [CHAT] < Noot> 2
[19:17:16] [Client thread/INFO]: [CHAT] < xCocoHoe> Ur steven hawkin's brother
[19:17:16] [Client thread/INFO]: [CHAT] < Noot> 1
[19:17:16] [Client thread/INFO]: [CHAT] [ADMIN] ScarletRebellion [SA]: When maturity is needed, I'm mature.
[19:17:18] [Client thread/INFO]: [CHAT] PepperShaker53 left the game.
[19:17:18] [Client thread/INFO]: [CHAT] [STA] <VideoGameSmash12> When you are sleeping, you get hit by your father with a belt.
[19:17:24] [Client thread/INFO]: [CHAT] [ADMIN] ScarletRebellion [SA]: When there isn't anything to do, I goof off.
[19:17:24] [Client thread/INFO]: [CHAT] < BabyZombie> nope nope nope
[19:17:28] [Client thread/INFO]: [CHAT] <JustRambo> nope little bitch please dont kill me
[19:17:33] [Client thread/INFO]: [CHAT] < GabeTheDog> set ur game to survival (/gms) and i give u something
[19:17:34] [Client thread/INFO]: [CHAT] [ADMIN] ScarletRebellion [SA]: I'm not a strict admin who is always being strict
[19:17:35] [Client thread/INFO]: [CHAT] < GabeTheDog> xd
[19:17:38] [Client thread/INFO]: [CHAT] <OfficerWade_x> ScarletRebellion
[19:17:38] [Client thread/INFO]: [CHAT] <JustRambo> i give you all my money
[19:17:38] [Client thread/INFO]: [CHAT] [ADMIN] ScarletRebellion [SA]: I need to be fun sometimes
[19:17:40] [Client thread/INFO]: [CHAT] < Zombie> I wont kill you JustRambo
[19:17:42] [Client thread/INFO]: [CHAT] < xCocoHoe> you get boned by your brother in a wheelchair...
[19:17:46] [Client thread/INFO]: [CHAT] [ADMIN] LyfeIsFyne [STA]: ScarletRebellion
[19:17:46] [Client thread/INFO]: [CHAT] [ADMIN] Patsterr_ [STA]: Lol, me too
[19:17:46] [Client thread/INFO]: [CHAT] < xCocoHoe> http://www.independent.co.uk/news/world/asia/north-korea-its-not-a-problem-that-country-goes-dark-at
[19:17:49] [Client thread/INFO]: [CHAT] < xCocoHoe> faq
[19:17:51] [Client thread/INFO]: [CHAT] < xCocoHoe> fail
[19:17:52] [Client thread/INFO]: [CHAT] OfficerWade_x left the game.
[19:17:53] [Client thread/INFO]: [CHAT] [ADMIN] Patsterr_ [STA]: and you're telling me to act mature all the time
[19:17:55] [Client thread/INFO]: [CHAT] <JustRambo> i will give you all my money
[19:17:57] [Client thread/INFO]: [CHAT] < Zombie> Im lost will u be my owner
[19:17:59] [Client thread/INFO]: [CHAT] [ADMIN] ScarletRebellion [SA]: I never said that.
[19:18:00] [Client thread/INFO]: [CHAT] <JustRambo> just please
[19:18:00] [Client thread/INFO]: [CHAT] [SA] <truff> I sleep with two pairs of pants on because the monster under my bed always pulls down a paie
[19:18:01] [Client thread/INFO]: [CHAT] * GrantG2004 is now AFK.
[19:18:02] [Client thread/INFO]: [CHAT] <JustRambo> no
[19:18:03] [Client thread/INFO]: [CHAT] [ADMIN] LyfeIsFyne [STA]: ScarletRebellion
[19:18:03] [Client thread/INFO]: [CHAT] legen_dairysoul joined the game
[19:18:03] [Client thread/INFO]: [CHAT] [STA] <VideoGameSmash12> I don't have a brother. But you will in 9 months.
[19:18:09] [Client thread/INFO]: [CHAT] [SA] <ScarletRebellion> what
[19:18:13] [Client thread/INFO]: [CHAT] [SA] <truff> Shite
[19:18:13] [Client thread/INFO]: [CHAT] < BabyZombie> oooh savage
[19:18:21] [Client thread/INFO]: [CHAT] * jackson5212003 is now AFK.
[19:18:21] [Client thread/INFO]: [CHAT] <JustRambo> im a bitch im a rulebreaker im a socially awkward guy
[19:18:22] [Client thread/INFO]: [CHAT] antgame11 joined the game
[19:18:24] [Client thread/INFO]: [CHAT] [ADMIN] ScarletRebellion [SA]: Yes?
[19:18:24] [Client thread/INFO]: [CHAT] < Cube_HYTZI> so when did your father's condom break, XCocoHoe?
[19:18:24] [Client thread/INFO]: [CHAT] < GabeTheDog> guys say /gms
[19:18:24] [Client thread/INFO]: [CHAT] antgame11 left the game.
[19:18:26] [Client thread/INFO]: [CHAT] [ADMIN] Patsterr_ [STA]: #supposedtobedoingthehomeworkonaweekend
[19:18:26] [Client thread/INFO]: [CHAT] < xCocoHoe> so ur tryna say
[19:18:27] [Client thread/INFO]: [CHAT] <JustRambo> No
[19:18:29] [Client thread/INFO]: [CHAT] < xCocoHoe> you attempted to be my dad
[19:18:30] [Client thread/INFO]: [CHAT] <JustRambo> so No
[19:18:31] [Client thread/INFO]: [CHAT] [ADMIN] LyfeIsFyne [STA]: ScarletRebellion, did you accept the invite to be manager (No 1 ask, this is private )
[19:18:32] [Client thread/INFO]: [CHAT] < xCocoHoe> ped0
[19:18:36] [Client thread/INFO]: [CHAT] [STA] <VideoGameSmash12> No.
[19:18:36] [Client thread/INFO]: [CHAT] [ADMIN] tohgamer [Console]: coming on with Pickaxe Chat.
[19:18:38] [Client thread/INFO]: [CHAT] < Cute_Dog> :(
[19:18:39] [Client thread/INFO]: [CHAT] [ADMIN] ScarletRebellion [SA]: Yes
[19:18:44] [Client thread/INFO]: [CHAT] [STA] <VideoGameSmash12> I just fucked your mother without a condom
[19:18:47] [Client thread/INFO]: [CHAT] tohgamer is A Telnet Admin and A Hyperdimension Neptunia Gamer!
[19:18:47] [Client thread/INFO]: [CHAT] tohgamer joined the game
[19:18:47] [Client thread/INFO]: [CHAT] [ADMIN] LyfeIsFyne [STA]: ah i got tomorrow to do 80mins of homework
[19:18:49] [Client thread/INFO]: [CHAT] [ADMIN] ScarletRebellion [SA]: fun fact: Telnet goes by ranges
[19:18:52] [Client thread/INFO]: [CHAT] < xCocoHoe> you were the condom probs
[19:18:53] [Client thread/INFO]: [CHAT] [STA] <VideoGameSmash12> in hopes of creating something better than you
[19:18:55] [Client thread/INFO]: [CHAT] X_MelonGaming_X left the game.
[19:18:57] [Client thread/INFO]: [CHAT] <JustRambo> man what happended with the rape van?
[19:18:58] [Client thread/INFO]: [CHAT] BC TC CC STA <tohgamer> Hello.
[19:18:59] [Client thread/INFO]: [CHAT] [SA] <truff> Woah
[19:19:00] [Client thread/INFO]: [CHAT] [ADMIN] LyfeIsFyne [STA]: ScarletRebellion, go to ur server?
[19:19:03] [Client thread/INFO]: [CHAT] <JustRambo> bad grammar
[19:19:03] [Client thread/INFO]: [CHAT] < Cute_Dog> Jcat49er will you be my owner?
[19:19:04] [Client thread/INFO]: [CHAT] [ADMIN] Patsterr_ [STA]: ip?
[19:19:05] [Client thread/INFO]: [CHAT] < xCocoHoe> he bought them all
[19:19:06] [Client thread/INFO]: [CHAT] < xCocoHoe> rip
[19:19:09] [Client thread/INFO]: [CHAT] < NOT4CHAN> uhh
[19:19:10] [Client thread/INFO]: [CHAT] LaPanda101 left the game.
[19:19:13] [Client thread/INFO]: [CHAT] [ADMIN] ScarletRebellion [SA]: hold on
[19:19:18] [Client thread/INFO]: [CHAT] <JustRambo> omg 4chan!
[19:19:18] [Client thread/INFO]: [CHAT] < Cube_HYTZI> if only you knew which sperm he was.
[19:19:23] [Client thread/INFO]: [CHAT] < GabeTheDog> GUYS DO /gms AND I GIVE U STUFF
[19:19:26] [Client thread/INFO]: [CHAT] [ADMIN] LyfeIsFyne [STA]: Patsterr_, i need to talk with him/her privately on there (If thats fine, scarlet)
[19:19:27] [Client thread/INFO]: [CHAT] [ADMIN] ScarletRebellion [SA]: sure Lyfe
[19:19:27] [Client thread/INFO]: [CHAT] [STA] <VideoGameSmash12> xCocoHoe, you're a waste of semen.
[19:19:29] [Client thread/INFO]: [CHAT] [ADMIN] LyfeIsFyne [STA]: k
[19:19:31] [Client thread/INFO]: [CHAT] < NOT4CHAN> no im not 4chan
[19:19:32] [Client thread/INFO]: [CHAT] [ADMIN] ScarletRebellion [SA]: I'll meet you there
[19:19:34] [Client thread/INFO]: [CHAT] [ADMIN] Patsterr_ [STA]: can I have the ip
[19:19:34] [Client thread/INFO]: [CHAT] [ADMIN] LyfeIsFyne [STA]: k
[19:19:36] [Client thread/INFO]: [CHAT] [ADMIN] Patsterr_ [STA]: i wont join
[19:19:36] [Client thread/INFO]: [CHAT] < xCocoHoe> Cube_HYTZI who the fuck are you again
[19:19:36] [Client thread/INFO]: [CHAT] [SA] <truff> Coco he brought so much to the plate, u finna take dat?
[19:19:37] [Client thread/INFO]: [CHAT] [ADMIN] tohgamer [STA]: Should I watch SAO?
[19:19:39] [Client thread/INFO]: [CHAT] [ADMIN] ScarletRebellion [SA]: I'll give you the IP later Pat
[19:19:40] [Client thread/INFO]: [CHAT] LyfeIsFyne left the game.
[19:19:41] [Client thread/INFO]: [CHAT] ScarletRebellion left the game.
[19:19:41] [Client thread/INFO]: [CHAT] [ADMIN] Patsterr_ [STA]: until you join and tel me
[19:19:43] [Client thread/INFO]: [CHAT]  Cute_Dog barks!
[19:19:45] [Client thread/INFO]: [CHAT] < xCocoHoe> u eat semen
[19:19:52] [Client thread/INFO]: [CHAT] [STA] <VideoGameSmash12> No, but your mother does.
[19:19:53] [Client thread/INFO]: [CHAT] [SA] <truff> You don't eat semen
[19:19:55] [Client thread/INFO]: [CHAT] legen_dairysoul left the game.
[19:19:55] [Client thread/INFO]: [CHAT] [SA] <truff> You drink it
[19:19:57] [Client thread/INFO]: [CHAT] [SA] <truff> duh
[19:20:02] [Client thread/INFO]: [CHAT] < NOT4CHAN> im just enjoying my 4chan party van
[19:20:06] [Client thread/INFO]: [CHAT] [STA] <VideoGameSmash12> Explain the reason why your mother is in the strip club?
[19:20:07] [Client thread/INFO]: [CHAT] < xCocoHoe> u mix it with ur bleach
[19:20:11] [Client thread/INFO]: [CHAT] < Cute_Dog> who wants to be my owner?
[19:20:15] [Client thread/INFO]: [CHAT] < xCocoHoe> cuz its fun
[19:20:16] [Client thread/INFO]: [CHAT] [STA] <Patsterr_> stop it
[19:20:16] [Client thread/INFO]: [CHAT] Sphinx0023 fell out of the world
[19:20:17] [Client thread/INFO]: [CHAT] < xCocoHoe> got a problem
[19:20:20] [Client thread/INFO]: [CHAT] < xCocoHoe> i go der
[19:20:20] [Client thread/INFO]: [CHAT] [STA] <Patsterr_> you're making me orgasm
[19:20:21] [Client thread/INFO]: [CHAT] [STA] <VideoGameSmash12> I know what else is fun
[19:20:21] [Client thread/INFO]: [CHAT] < Cube_HYTZI> last time i checked, you don't eat semen. I won't judge you for doing it, though.
[19:20:26] [Client thread/INFO]: [CHAT] < xCocoHoe> ur sister
[19:20:26] [Client thread/INFO]: [CHAT] [STA] <VideoGameSmash12> Sticking my dick into your mother
[19:20:28] [Client thread/INFO]: [CHAT] < xCocoHoe> if shes 18+
[19:20:31] [Client thread/INFO]: [CHAT] [TotalFreedom] Somebody breaking the rules? Report it! /report <user> <reason>
[19:20:31] [Client thread/INFO]: [CHAT] [SA] <truff> I finna nut
[19:20:43] [Client thread/INFO]: [CHAT] < Cute_Dog> anyone wanna be my owner
[19:20:46] [Client thread/INFO]: [CHAT] *  SLVR12 is no longer AFK.
[19:20:46] [Client thread/INFO]: [CHAT]  Cute_Dog barks at JustRambo!
[19:20:50] [Client thread/INFO]: [CHAT] truff - Rolling back player: sphinx0023
[19:20:53] [Client thread/INFO]: [CHAT] < NOT4CHAN> well /warp spawn is intrestring, to say the least
[19:20:56] [Client thread/INFO]: [CHAT] [SA] <truff> Sphinx0023, don't.
[19:20:56] [Client thread/INFO]: [CHAT] legen_dairysoul joined the game
[19:20:59] [Client thread/INFO]: [CHAT] < Lizzy> im fixing it
[19:21:03] [Client thread/INFO]: [CHAT] [STA] <VideoGameSmash12> You'll never forget my roasts, because elephants never forget.
[19:21:04] [Client thread/INFO]: [CHAT] < GabeTheDog> everyone just set ur gamemode to survival do /gms
[19:21:09] [Client thread/INFO]: [CHAT] < Lizzy> i adding beacons
[19:21:20] [Client thread/INFO]: [CHAT] < xCocoHoe> never forghetti
[19:21:20] [Client thread/INFO]: [CHAT] [SA] <truff> okay fine
[19:21:22] [Client thread/INFO]: [CHAT] [SA] <truff> go ahead
[19:21:22] [Client thread/INFO]: [CHAT] < Lizzy> to spawn
[19:21:33] [Client thread/INFO]: [CHAT] * jackson5212003 is no longer AFK.
[19:21:34] [Client thread/INFO]: [CHAT] < Cube_HYTZI> we need some sauce for this hot roast
[19:21:40] [Client thread/INFO]: [CHAT] < GabeTheDog> i wanna kill harambe
[19:21:44] [Client thread/INFO]: [CHAT] < xCocoHoe> look up never forghetti it's there
[19:21:45] [Client thread/INFO]: [CHAT] [STA] <VideoGameSmash12> xCocoHoe, your parents forgot about you when they dropped you off at the park
[19:21:48] [Client thread/INFO]: [CHAT] [SA] <truff> Hara,be is already dead
[19:21:52] [Client thread/INFO]: [CHAT] <JustRambo> Hes already dead Gabe =(
[19:21:54] [Client thread/INFO]: [CHAT] < Cute_Dog> tohgamer can you be my owner *woof*
[19:21:59] [Client thread/INFO]: [CHAT] < xCocoHoe> https://ih1.redbubble.net/image.22754941.8652/raf,750x1000,075,t,fafafa:ca443f4786.u5.jpg
[19:22:00] [Client thread/INFO]: [CHAT] [STA] <VideoGameSmash12> either that, or their got in trouble for littering
[19:22:04] [Client thread/INFO]: [CHAT] [STA] <VideoGameSmash12> they*
[19:22:07] [Client thread/INFO]: [CHAT] [SA] <truff> I played hide n' seek w/ my dad. haven't found him in 17 years.
[19:22:07] [Client thread/INFO]: [CHAT]  Cute_Dog barks!
[19:22:15] [Client thread/INFO]: [CHAT] [STA] <Patsterr_> damn
[19:22:17] [Client thread/INFO]: [CHAT] [STA] <Patsterr_> you're good
[19:22:22] [Client thread/INFO]: [CHAT] Jcat49er left the game.
[19:22:22] [Client thread/INFO]: [CHAT] [SA] <truff> No, he's good
[19:22:23] [Client thread/INFO]: [CHAT] * Jessica_Pugs326 is now AFK.
[19:22:27] [Client thread/INFO]: [CHAT] [SA] <truff> I can't find him!
[19:22:27] [Client thread/INFO]: [CHAT] [STA] <Patsterr_> lol
[19:22:29] [Client thread/INFO]: [CHAT] hi <MineRobber___T> :P
[19:22:34] [Client thread/INFO]: [CHAT] Your nickname is now  AnIdiotWithPoo.
[19:22:38] [Client thread/INFO]: [CHAT] < xCocoHoe> welp ima go back to my server cuz its quiet bye
[19:22:38] [Client thread/INFO]: [CHAT] < Cube_HYTZI> ali, fisher, bowie, and prince didn't die to see you live, xCocoHoe
[19:22:39] [Client thread/INFO]: [CHAT] < GabeTheDog> lol
[19:22:40] [Client thread/INFO]: [CHAT] You no longer have a nickname.
[19:22:40] [Client thread/INFO]: [CHAT] KCocco left the game.
[19:22:41] [Client thread/INFO]: [CHAT] CommandSpy enabled.
[19:22:48] [Client thread/INFO]: [CHAT] [SA] <truff> He couldn't take the FIRE!
[19:22:49] [Client thread/INFO]: [CHAT] [SA] <truff> He LEFT!
[19:22:54] [Client thread/INFO]: [CHAT] < Lizzy> hmm
[19:22:56] [Client thread/INFO]: [CHAT] MineRobber___T: /tag set &f[&aSKWAAD&f]
[19:22:57] [Client thread/INFO]: [CHAT] [SA] <truff> And I was roasting MYSELF!
[19:22:58] [Client thread/INFO]: [CHAT] <JustRambo> Im just a kid who is 4 CALIOU
[19:23:00] [Client thread/INFO]: [CHAT] [SA] <truff> What?
[19:23:07] [Client thread/INFO]: [CHAT] <JustRambo> *cailou
[19:23:07] [Client thread/INFO]: [CHAT] [STA] <VideoGameSmash12> xCocoHoe you are so unspecial I wouldn't recognize you in a 2 person crowd
[19:23:09] [Client thread/INFO]: [CHAT] MineRobber___T: /tag set &f[&cVidya&f]
[19:23:13] [Client thread/INFO]: [CHAT] [SA] <truff> VideoGameSmash12 he's gone.
[19:23:14] [Client thread/INFO]: [CHAT] [CONSOLE]<Explosives> each day i grow some more
[19:23:16] [Client thread/INFO]: [CHAT] GrippyZippy: /nick truff trufff
[19:23:17] [Client thread/INFO]: [CHAT] BC TC CC STA < Nepgear> Oh.
[19:23:18] [Client thread/INFO]: [CHAT] [CONSOLE]<Explosives> caillooooou
[19:23:21] [Client thread/INFO]: [CHAT] BC TC CC STA < Nepgear> Sweet cheese.
[19:23:21] [Client thread/INFO]: [CHAT] [STA] <VideoGameSmash12> Couldn't take the fire
[19:23:23] [Client thread/INFO]: [CHAT] GrippyZippy has been a naughty, naughty boy.
[19:23:23] [Client thread/INFO]: [CHAT] GrippyZippy died
[19:23:23] [Client thread/INFO]: [CHAT] [Vidya] <MineRobber___T> oh boy
[19:23:24] [Client thread/INFO]: [CHAT] < Lizzy> isnt lighting up
[19:23:29] [Client thread/INFO]: [CHAT] [Server:truff] How dare you change my name?
[19:23:31] [Client thread/INFO]: [CHAT] [STA] <Patsterr_> say something sexual
[19:23:35] [Client thread/INFO]: [CHAT] truff - Opping all players on the server
[19:23:35] [Client thread/INFO]: [CHAT] You are now op!
[19:23:36] [Client thread/INFO]: [CHAT] [STA] <VideoGameSmash12> something sexual
[19:23:36] [Client thread/INFO]: [CHAT] <JustRambo> cailou cailou cailou!
[19:23:37] [Client thread/INFO]: [CHAT] [CONSOLE]<Explosives> burrito
[19:23:37] [Client thread/INFO]: [CHAT] [SA] <truff> Okay
[19:23:37] [Client thread/INFO]: [CHAT] < Cube_HYTZI> Nya!
[19:23:40] [Client thread/INFO]: [CHAT] [SA] <truff> Uhm
[19:23:42] [Client thread/INFO]: [CHAT] [STA] <Patsterr_> lol
[19:23:45] [Client thread/INFO]: [CHAT] < Cube_HYTZI> harder daddy!
[19:23:46] [Client thread/INFO]: [CHAT] [SA] <truff> I finna nut
[19:23:47] [Client thread/INFO]: [CHAT] <JustRambo> cailou
[19:23:49] [Client thread/INFO]: [CHAT] [ADMIN] tohgamer [STA]: VideoGameSmash12, savage roast on xcocohoe......
[19:23:50] [Client thread/INFO]: [CHAT] Sphinx0023: /tp GrippyZippy Sphinx0023
[19:23:50] [Client thread/INFO]: [CHAT] * GrantG2004 is no longer AFK.
[19:23:51] [Client thread/INFO]: [CHAT] <JustRambo> =d
[19:23:53] [Client thread/INFO]: [CHAT] GrippyZippy: /gmc
[19:23:59] [Client thread/INFO]: [CHAT] <JustRambo> =DD
[19:24:01] [Client thread/INFO]: [CHAT] <JustRambo> =DDDD
[19:24:01] [Client thread/INFO]: [CHAT] [ADMIN] VideoGameSmash12 [STA]: I've kind of learned from some of the ops
[19:24:02] [Client thread/INFO]: [CHAT] Sphinx0023 has been a naughty, naughty boy.
[19:24:02] [Client thread/INFO]: [CHAT] Sphinx0023 died
[19:24:03] [Client thread/INFO]: [CHAT] <JustRambo> =D
[19:24:05] [Client thread/INFO]: [CHAT] < GabeTheDog> Oh no i lost DEEZ NUTS
[19:24:05] [Client thread/INFO]: [CHAT] legen_dairysoul: /warp pvp
[19:24:07] [Client thread/INFO]: [CHAT] GrippyZippy: /summon ArmorStand ~ ~ ~ {CustomName:"XD",Invulnerable:1b,NoGravity:1b,Invisible:1b,CustomNameVisibl
[19:24:07] [Client thread/INFO]: [CHAT] [ADMIN] truff [SA]: Lol
[19:24:11] [Client thread/INFO]: [CHAT] Sphinx0023: /gmc
[19:24:11] [Client thread/INFO]: [CHAT] < GabeTheDog> rip
[19:24:11] [Client thread/INFO]: [CHAT] [Server:tohgamer] Do not teleport others! Do /tpahere!
[19:24:13] [Client thread/INFO]: [CHAT] MineRobber___T: /u
[19:24:14] [Client thread/INFO]: [CHAT] [ADMIN] VideoGameSmash12 [STA]: that littering one was from an op
[19:24:15] [Client thread/INFO]: [CHAT] Sphinx0023: /op sphinx0023
[19:24:15] [Client thread/INFO]: [CHAT] tohgamer - Opping all players on the server
[19:24:15] [Client thread/INFO]: [CHAT] You are now op!
[19:24:15] [Client thread/INFO]: [CHAT] legen_dairysoul: /gms
[19:24:18] [Client thread/INFO]: [CHAT] [ADMIN] tohgamer [STA]: Nice.
[19:24:19] [Client thread/INFO]: [CHAT] [ADMIN] truff [SA]: haha
[19:24:21] [Client thread/INFO]: [CHAT] <JustRambo> Boi Gabe....
[19:24:27] [Client thread/INFO]: [CHAT] Sphinx0023: /tp JustRambo
[19:24:28] [Client thread/INFO]: [CHAT] [ADMIN] VideoGameSmash12 [STA]: but I kind of borrowed it because
[19:24:28] [Client thread/INFO]: [CHAT] [Vidya] <MineRobber___T> voy
[19:24:29] [Client thread/INFO]: [CHAT] < Cube_HYTZI> ou lost your testicles? how do you loose your testicles?
[19:24:29] [Client thread/INFO]: [CHAT] Sphinx0023: /gmc
[19:24:31] [Client thread/INFO]: [CHAT] [Vidya] <MineRobber___T> :P
[19:24:31] [Client thread/INFO]: [CHAT] [ADMIN] VideoGameSmash12 [STA]: let's be honest
[19:24:36] [Client thread/INFO]: [CHAT] [ADMIN] VideoGameSmash12 [STA]: it was pretty good
[19:24:36] [Client thread/INFO]: [CHAT] Sphinx0023: /tp JustRambo
[19:24:37] [Client thread/INFO]: [CHAT] <JustRambo> deez nuts is a old meme
[19:24:41] [Client thread/INFO]: [CHAT] [ADMIN] truff [SA]: Uh huhu
[19:24:43] [Client thread/INFO]: [CHAT] [ADMIN] tohgamer [STA]: *Laughs* true.
[19:24:49] [Client thread/INFO]: [CHAT] MineRobber___T: /speed 4
[19:24:51] [Client thread/INFO]: [CHAT] <JustRambo> nobody says that anymore
[19:24:53] [Client thread/INFO]: [CHAT] MineRobber___T: /d Rabbit
[19:24:57] [Client thread/INFO]: [CHAT] [CONSOLE]<Explosives> deez nuts
[19:24:59] [Client thread/INFO]: [CHAT] [ADMIN] truff [SA]: So tohgamer how you liking telnet?
[19:25:00] [Client thread/INFO]: [CHAT] [CONSOLE]<Explosives> i said it
[19:25:00] [Client thread/INFO]: [CHAT] [ADMIN] truff [SA]: Lol
[19:25:00] [Client thread/INFO]: [CHAT] * ShadowArmadyl is now AFK.
[19:25:03] [Client thread/INFO]: [CHAT] MineRobber___T: /potion
[19:25:07] [Client thread/INFO]: [CHAT] legen_dairysoul: /spawn
[19:25:08] [Client thread/INFO]: [CHAT] [ADMIN] tohgamer [STA]: Not bad.
[19:25:15] [Client thread/INFO]: [CHAT] [ADMIN] tohgamer [STA]: Could use some more practice though.
[19:25:16] [Client thread/INFO]: [CHAT] Sphinx0023: /warp elytrapvp
[19:25:18] [Client thread/INFO]: [CHAT] legen_dairysoul: /fly
[19:25:20] [Client thread/INFO]: [CHAT] [ADMIN] tohgamer [STA]: was messier than I thought.
[19:25:21] [Client thread/INFO]: [CHAT] <JustRambo> well your only 1 person who said deez nuts
[19:25:26] [Client thread/INFO]: [CHAT] MineRobber___T: /potion add jump_boost 9999 127
[19:25:31] [Client thread/INFO]: [CHAT] JustRambo: /realname Explosives
[19:25:32] [Client thread/INFO]: [CHAT] MineRobber___T: /potion add 1 9999 127
[19:25:35] [Client thread/INFO]: [CHAT] < Cube_HYTZI> in memory of the old memes, damn daniel, deez nuts, harambe, any others in honorable menton?
[19:25:35] [Client thread/INFO]: [CHAT] MineRobber___T: /potion add
[19:25:43] [Client thread/INFO]: [CHAT] [STA] <Patsterr_> my dad
[19:25:47] [Client thread/INFO]: [CHAT] [ADMIN] tohgamer [STA]: Thank you for asking truff.
[19:25:47] [Client thread/INFO]: [CHAT] [SA] <truff> is gone
[19:25:48] [Client thread/INFO]: [CHAT] *  SLVR12 is now AFK.
[19:25:52] [Client thread/INFO]: [CHAT] [STA] <Patsterr_> forever.
[19:25:53] [Client thread/INFO]: [CHAT] * truff deez nuts
[19:25:53] [Client thread/INFO]: [CHAT] [Vidya] <MineRobber___T> a not-so-old meme: woah technolgy
[19:25:53] [Client thread/INFO]: [CHAT] < Cube_HYTZI> that took a dark turn.
[19:25:57] [Client thread/INFO]: [CHAT] [Vidya] <MineRobber___T> *technology
[19:25:57] [Client thread/INFO]: [CHAT] <JustRambo> Thomas The Train?
[19:25:58] [Client thread/INFO]: [CHAT] [ADMIN] truff [SA]: Np just checking in on ya
[19:26:06] [Client thread/INFO]: [CHAT] < GabeTheDog> 1n9duefref
[19:26:10] [Client thread/INFO]: [CHAT] MineRobber___T: /d Rabbit
[19:26:29] [Client thread/INFO]: [CHAT] <JustRambo> 9 + 10 is a pretty old meme too
[19:26:41] [Client thread/INFO]: [CHAT] [CONSOLE]<Explosives> 2016 was a long time ago
[19:26:46] [Client thread/INFO]: [CHAT] [SA] <truff> My dad left quicker than Usain Bolt on the 100m dash
[19:26:52] [Client thread/INFO]: [CHAT] [STA] <Patsterr_> 2016 was a long timer agaoer
[19:27:08] [Client thread/INFO]: [CHAT] [SA] <truff> 2016 was only last year
[19:27:09] [Client thread/INFO]: [CHAT] [ADMIN] tohgamer [STA]: Next step -> Clanforge......
[19:27:12] [Client thread/INFO]: [CHAT] < Cube_HYTZI> very old meme list: it's over 9000, darude sandstorm, I'ma firin mah lazer, and Toni Bamanaboni.
[19:27:15] [Client thread/INFO]: [CHAT] [ADMIN] truff [SA]: Yep
[19:27:22] [Client thread/INFO]: [CHAT] *  Cute_Dog is now AFK.
[19:27:23] [Client thread/INFO]: [CHAT] [ADMIN] tohgamer [STA]: This might be awhile.
[19:27:25] [Client thread/INFO]: [CHAT] MagnumManWomanPa joined the game
[19:27:31] [Client thread/INFO]: [CHAT] <JustRambo> 1989:People Got Drunk 2017:People have tobbaco
[19:27:33] [Client thread/INFO]: [CHAT] < Cube_HYTZI> also we are number one but that was pretty recent
[19:27:33] [Client thread/INFO]: [CHAT] [ADMIN] tohgamer [STA]: Probably a year or so.
[19:27:43] [Client thread/INFO]: [CHAT] harrykabom left the game.