[21:36:54] [Client thread/INFO]: Connecting to play.totalfreedom.me, 28965
[21:36:55] [Client thread/INFO]: [CHAT] [BetterChairs] Find new update ! Version: 0.9.0
[21:36:55] [Client thread/INFO]: [CHAT] [UPDATE]
[21:36:55] [Client thread/INFO]: [CHAT] [LibsDisguises] There is a update ready to be downloaded! You are using v9.0.9, the new version is v9.1.2!
[21:36:55] [Client thread/INFO]: [CHAT] VideoGameSmash12 is a Telnet Admin
[21:36:55] [Client thread/INFO]: [CHAT] VideoGameSmash12 joined the game
[21:36:56] [Client thread/INFO]: [CHAT] Welcome, VideoGameSmash12!
[21:36:56] [Client thread/INFO]: [CHAT] Type /help for a list of commands.
[21:36:56] [Client thread/INFO]: [CHAT] Do NOT open any books given to you by other players or you might be perm banned.
[21:36:56] [Client thread/INFO]: [CHAT] Do NOT click on signs that you didn’t make or you might be perm banned.
[21:36:56] [Client thread/INFO]: [CHAT] Remember to save your builds with World Edit or they’ll be lost.
[21:36:56] [Client thread/INFO]: [CHAT] You have no new mail.
[21:36:56] [Client thread/INFO]: [CHAT] Welcome VideoGameSmash12 to the server!
[21:37:01] [Client thread/INFO]: [CHAT] <JeremiesTitten> VideoGameSmash12 Love me dady
[21:37:03] [Client thread/INFO]: [CHAT] <JeremiesTitten> DADDY
[21:37:16] [Client thread/INFO]: [CHAT] [STA] <VideoGameSmash12> That's a very strange welcome.
[21:37:22] [Client thread/INFO]: [CHAT] tohgamer is an Impostor
[21:37:22] [Client thread/INFO]: [CHAT] Warning: tohgamer has been flagged as an impostor and has been frozen!
[21:37:22] [Client thread/INFO]: [CHAT] tohgamer joined the game
[21:37:23] [Client thread/INFO]: [CHAT] <FFEND> yep
[21:37:23] [Client thread/INFO]: [CHAT] <JeremiesTitten> welcome
[21:37:25] [Client thread/INFO]: [CHAT] tohgamer left the game.
[21:37:26] [Client thread/INFO]: [CHAT] <FFEND> it's weird
[21:37:27] [Client thread/INFO]: [CHAT] <JeremiesTitten> So love me....
[21:37:30] [Client thread/INFO]: [CHAT] Player tohgamer has been offline since 6 seconds.
[21:37:30] [Client thread/INFO]: [CHAT]  - IP Address: 183.90.36.157
[21:37:30] [Client thread/INFO]: [CHAT]  - Location: (flatlands, -21, 57, -104)
[21:37:36] [Client thread/INFO]: [CHAT] Running search for players matching '183.90.36.157' (this could take a little while).
[21:37:36] [Client thread/INFO]: [CHAT] The following players previously logged in from that IP address:
[21:37:36] [Client thread/INFO]: [CHAT] tohgamer
[21:37:42] [Client thread/INFO]: [CHAT] <555Faiz555> omg
[21:37:45] [Client thread/INFO]: [CHAT] Player not found!
[21:37:47] [Client thread/INFO]: [CHAT] Teleporting...
[21:37:49] [Client thread/INFO]: [CHAT] <555Faiz555> the chicken is actually shooting
[21:37:58] [Client thread/INFO]: [CHAT] [STA] <VideoGameSmash12> It's nothing special.
[21:37:59] [Client thread/INFO]: [CHAT] <FFEND> VideoGameSmash12 do you good at parkour
[21:38:03] [Client thread/INFO]: [CHAT] [STA] <VideoGameSmash12> We have LibsDisguises.
[21:38:03] [Client thread/INFO]: [CHAT] <555Faiz555> JK
[21:38:17] [Client thread/INFO]: [CHAT] SpringPhoenix is a tca, is choking on a lego, and is in MT's rp team
[21:38:17] [Client thread/INFO]: [CHAT] SpringPhoenix joined the game
[21:38:19] [Client thread/INFO]: [CHAT] [STA] <VideoGameSmash12> FFEND, I'm not bad but I'm not good either.
[21:38:27] [Client thread/INFO]: [CHAT] <FFEND> then which one
[21:38:33] [Client thread/INFO]: [CHAT] [STA] <VideoGameSmash12> IDK.
[21:38:43] [Client thread/INFO]: [CHAT] [ADMIN] VideoGameSmash12 [STA]: SpringPhoenix, did you spill the beans?
[21:39:00] [Client thread/INFO]: [CHAT] FFEND left the game.
[21:39:01] [Client thread/INFO]: [CHAT] CommandSpy enabled.
[21:39:03] [Client thread/INFO]: [CHAT] [ADMIN] SpringPhoenix [STA]: idk
[21:39:05] [Client thread/INFO]: [CHAT] < Hitler> new /warp pvp! come now!
[21:39:07] [Client thread/INFO]: [CHAT] [ADMIN] SpringPhoenix [STA]: did i
[21:39:09] [Client thread/INFO]: [CHAT] [ADMIN] VideoGameSmash12 [STA]: Whatevr.
[21:39:09] [Client thread/INFO]: [CHAT] <555Faiz555> what are you doing!
[21:39:16] [Client thread/INFO]: [CHAT] ThugWaffle_: /warp pvp
[21:39:17] [Client thread/INFO]: [CHAT] [ADMIN] SpringPhoenix [STA]: i think i did i spilled the garbanzo beans on the floor
[21:39:19] [Client thread/INFO]: [CHAT] [STA] <VideoGameSmash12> I feel sick as fuck.
[21:39:20] [Client thread/INFO]: [CHAT] <JeremiesTitten> perrrfect
[21:39:24] [Client thread/INFO]: [CHAT] <JeremiesTitten> Good daddy
[21:39:34] [Client thread/INFO]: [CHAT] Teleporting...
[21:39:35] [Client thread/INFO]: [CHAT] ThugWaffle_: /tp 555Faiz555
[21:39:37] [Client thread/INFO]: [CHAT] Warping to PVP.
[21:39:42] [Client thread/INFO]: [CHAT] Warping to pvp.
[21:39:44] [Client thread/INFO]: [CHAT] ThugWaffle_: //wand
[21:40:09] [Client thread/INFO]: [CHAT] < Hitler> can i copy the nazi with world edit
[21:40:14] [Client thread/INFO]: [CHAT] < Hitler> :3
[21:40:21] [Client thread/INFO]: [CHAT] <JeremiesTitten> Yus
[21:40:28] [Client thread/INFO]: [CHAT] ThugWaffle_: /me
[21:40:32] [Client thread/INFO]: [CHAT] ThugWaffle_: /add
[21:40:36] [Client thread/INFO]: [CHAT] ThugWaffle_: /clone
[21:40:38] [Client thread/INFO]: [CHAT] watermelon623: /gms
[21:40:38] [Client thread/INFO]: [CHAT] ThugWaffle_: /person
[21:40:42] [Client thread/INFO]: [CHAT] watermelon623: /gmc
[21:40:47] [Client thread/INFO]: [CHAT] [TotalFreedom] You may contact TotalFreedom support on Twitter! https://tiny.re/tfsupport
[21:41:18] [Client thread/INFO]: [CHAT] Unknown command. Type "/help" for help.
[21:41:20] [Client thread/INFO]: [CHAT] Teleporting...
[21:41:28] [Client thread/INFO]: [CHAT] [ADMIN] VideoGameSmash12 [STA]: Lemon?
[21:41:40] [Client thread/INFO]: [CHAT] [STA] <VideoGameSmash12> Oh.
[21:41:42] [Client thread/INFO]: [CHAT] [STA] <VideoGameSmash12> This.
[21:41:53] [Client thread/INFO]: [CHAT] JeremiesTitten: /tp VideoGameSmash12
[21:41:58] [Client thread/INFO]: [CHAT] <555Faiz555> see
[21:42:02] [Client thread/INFO]: [CHAT] xiStarDust is a Super Admin. Definitely not UNDERTALE trash
[21:42:02] [Client thread/INFO]: [CHAT] xiStarDust joined the game
[21:42:02] [Client thread/INFO]: [CHAT] Welcome xiStarDust to the server!
[21:42:10] [Client thread/INFO]: [CHAT] <555Faiz555> but it causes quite a racket
[21:42:17] [Client thread/INFO]: [CHAT] <555Faiz555> but its still cool
[21:42:18] [Client thread/INFO]: [CHAT] * OxLemonxO is no longer AFK.
[21:42:18] [Client thread/INFO]: [CHAT] [ADMIN] OxLemonxO [SrA]: im
[21:42:18] [Client thread/INFO]: [CHAT] [ADMIN] OxLemonxO [SrA]: here
[21:42:19] [Client thread/INFO]: [CHAT] [ADMIN] OxLemonxO [SrA]: now
[21:42:29] [Client thread/INFO]: [CHAT] [ADMIN] OxLemonxO [SrA]: taah
[21:42:30] [Client thread/INFO]: [CHAT] [ADMIN] OxLemonxO [SrA]: proof
[21:42:42] [Client thread/INFO]: [CHAT] Teleporting to top.
[21:42:45] [Client thread/INFO]: [CHAT] No free spot ahead of you found.
[21:42:46] [Client thread/INFO]: [CHAT] [ADMIN] OxLemonxO [SrA]: taaah
[21:42:46] [Client thread/INFO]: [CHAT] Whoosh!
[21:42:53] [Client thread/INFO]: [CHAT] xiStarDust - Opping all players on the server
[21:42:53] [Client thread/INFO]: [CHAT] You are now op!
[21:42:56] [Client thread/INFO]: [CHAT] xiStarDust - Clearing my supered IPs
[21:42:58] [Client thread/INFO]: [CHAT] [ADMIN] xiStarDust [SA]: hi lemon
[21:42:58] [Client thread/INFO]: [CHAT] savykilo joined the game
[21:43:02] [Client thread/INFO]: [CHAT] savykilo: /
[21:43:05] [Client thread/INFO]: [CHAT] <savykilo> VideoGameSmash12!
[21:43:08] [Client thread/INFO]: [CHAT] ThugWaffle_: //copy
[21:43:10] [Client thread/INFO]: [CHAT] <savykilo> Hey man
[21:43:11] [Client thread/INFO]: [CHAT] <555Faiz555> it shoots golden bullets
[21:43:12] [Client thread/INFO]: [CHAT] [STA] <VideoGameSmash12> oi
[21:43:13] [Client thread/INFO]: [CHAT] ThugWaffle_: //paste
[21:43:14] [Client thread/INFO]: [CHAT] <savykilo> Join my server 167.114.208.2:41515
[21:43:16] [Client thread/INFO]: [CHAT] <savykilo> Ok
[21:43:17] [Client thread/INFO]: [CHAT] <555Faiz555> how more cooler can it get
[21:43:24] [Client thread/INFO]: [CHAT] [STA] <VideoGameSmash12> 555Faiz555, it's running low on ammo
[21:43:27] [Client thread/INFO]: [CHAT] <savykilo> I need help with testing & shit like that
[21:43:28] [Client thread/INFO]: [CHAT] ThugWaffle_: //copy
[21:43:30] [Client thread/INFO]: [CHAT] <555Faiz555> i reloaded it
[21:43:30] [Client thread/INFO]: [CHAT] BananaWarrior360 joined the game
[21:43:31] [Client thread/INFO]: [CHAT] [ADMIN] OxLemonxO [SrA]: ohai sav nith
[21:43:31] [Client thread/INFO]: [CHAT] savykilo left the game.
[21:43:34] [Client thread/INFO]: [CHAT] ThugWaffle_: //undo
[21:43:37] [Client thread/INFO]: [CHAT] <BananaWarrior360> can i adv once?
[21:43:37] [Client thread/INFO]: [CHAT] ThugWaffle_: //paste
[21:43:39] [Client thread/INFO]: [CHAT] [ADMIN] SpringPhoenix [STA]: lemon
[21:43:43] [Client thread/INFO]: [CHAT] ThugWaffle_: //undo
[21:43:44] [Client thread/INFO]: [CHAT] [ADMIN] OxLemonxO [SrA]: wat
[21:43:45] [Client thread/INFO]: [CHAT] [ADMIN] SpringPhoenix [STA]: wat
[21:43:45] [Client thread/INFO]: [CHAT] ThugWaffle_: //paste
[21:43:47] [Client thread/INFO]: [CHAT] [ADMIN] OxLemonxO [SrA]: wat
[21:43:50] [Client thread/INFO]: [CHAT] [ADMIN] VideoGameSmash12 [STA]: the
[21:43:51] [Client thread/INFO]: [CHAT] [ADMIN] xiStarDust [SA]: taw
[21:43:57] [Client thread/INFO]: [CHAT] watermelon623 left the game.
[21:43:59] [Client thread/INFO]: [CHAT] * GrantG2004 is no longer AFK.
[21:43:59] [Client thread/INFO]: [CHAT] <GrantG2004> ya u can adv once per 10 min
[21:44:05] [Client thread/INFO]: [CHAT] [STA] <VideoGameSmash12> slow the fucker down
[21:44:06] [Client thread/INFO]: [CHAT] <JeremiesTitten> GrantG2004.com
[21:44:10] [Client thread/INFO]: [CHAT] <555Faiz555> kay
[21:44:12] [Client thread/INFO]: [CHAT] [ADMIN] OxLemonxO [SrA]: wat
[21:44:20] [Client thread/INFO]: [CHAT] BananaWarrior360: /me &4&l&oJOIN millitaryfreedom.serv.nu for a new free op server so go and join :)
[21:44:20] [Client thread/INFO]: [CHAT] * BananaWarrior360 JOIN millitaryfreedom.serv.nu for a new free op server so go and join :)
[21:44:23] [Client thread/INFO]: [CHAT] BananaWarrior360 left the game.
[21:44:31] [Client thread/INFO]: [CHAT] <555Faiz555> thats good
[21:44:37] [Client thread/INFO]: [CHAT] Block edits at (x32, y65, z-111):
[21:44:37] [Client thread/INFO]: [CHAT]  - JeremiesTitten broke Wool
[21:44:37] [Client thread/INFO]: [CHAT]  - VideoGameSmash12 placed Wood
[21:44:39] [Client thread/INFO]: [CHAT] <JeremiesTitten> Ban me
[21:44:40] [Client thread/INFO]: [CHAT] <555Faiz555> JeremiesTitten griefing
[21:44:40] [Client thread/INFO]: [CHAT] [ADMIN] xiStarDust [SA]: I hate it when my puppies fight each other
[21:44:40] [Client thread/INFO]: [CHAT] JavaLox, JeremiesTitten
[21:44:41] [Client thread/INFO]: [CHAT] <JeremiesTitten> Pls
[21:44:41] [Client thread/INFO]: [CHAT] JavaLox, JeremiesTitten
[21:44:48] [Client thread/INFO]: [CHAT] <JeremiesTitten> Ban me
[21:44:48] [Client thread/INFO]: [CHAT] <555Faiz555> roll back
[21:44:49] [Client thread/INFO]: [CHAT] <JeremiesTitten> Please
[21:44:50] [Client thread/INFO]: [CHAT] <555Faiz555> plz
[21:44:52] [Client thread/INFO]: [CHAT] xiStarDust - Rolling back player: jeremiestitten
[21:44:55] [Client thread/INFO]: [CHAT] JeremiesTitten has been a VERY naughty, naughty boy.
[21:44:55] [Client thread/INFO]: [CHAT] Banning: JeremiesTitten, IP: 73.240.*.* - Reason: Wish granted. Griefing. @videogamesm12
[21:44:55] [Client thread/INFO]: [CHAT] JeremiesTitten left the game.
[21:45:00] [Client thread/INFO]: [CHAT] [ADMIN] VideoGameSmash12 [STA]: Ban stolen.
[21:45:04] [Client thread/INFO]: [CHAT] xiStarDust slaps VideoGameSmash12!
[21:45:11] [Client thread/INFO]: [CHAT] [ADMIN] VideoGameSmash12 [STA]: bitch
[21:45:15] [Client thread/INFO]: [CHAT] BananaWarrior360 joined the game
[21:45:17] [Client thread/INFO]: [CHAT] [ADMIN] OxLemonxO [SrA]: lmao
[21:45:17] [Client thread/INFO]: [CHAT] xiStarDust - Removing all server entities.
[21:45:25] [Client thread/INFO]: [CHAT] Gall_Bladder joined the game
[21:45:32] [Client thread/INFO]: [CHAT] BananaWarrior360 left the game.
[21:45:55] [Client thread/INFO]: [CHAT] xiStarDust left the game.
[21:45:56] [Client thread/INFO]: [CHAT] [ADMIN] Incolumis [Console]: *peeks*
[21:45:57] [Client thread/INFO]: [CHAT] [ADMIN] OxLemonxO [SrA]: .
[21:45:57] [Client thread/INFO]: [CHAT] xiStarDust is a Super Admin. Definitely not UNDERTALE trash
[21:45:57] [Client thread/INFO]: [CHAT] xiStarDust joined the game
[21:46:03] [Client thread/INFO]: [CHAT] [ADMIN] OxLemonxO [SrA]: eW its pAldiu
[21:46:13] [Client thread/INFO]: [CHAT] [ADMIN] Incolumis [Console]: *slowly backs away*
[21:46:19] [Client thread/INFO]: [CHAT] [ADMIN] OxLemonxO [SrA]: *pulls paldiu back*
[21:46:20] [Client thread/INFO]: [CHAT] Mast3rf0g joined the game
[21:46:20] [Client thread/INFO]: [CHAT] [STA] <VideoGameSmash12> you should make it look more like a gun than a rusty trash can
[21:46:24] [Client thread/INFO]: [CHAT] < Google> hi
[21:46:27] [Client thread/INFO]: [CHAT] [ADMIN] Incolumis [Console]: oSHIT BOSS FIGHT
[21:46:28] [Client thread/INFO]: [CHAT] Mast3rf0g: /warp pvp
[21:46:41] [Client thread/INFO]: [CHAT] Mast3rf0g: /spawn
[21:46:46] [Client thread/INFO]: [CHAT] [ADMIN] Incolumis [Console]: *flails arms*
[21:46:46] [Client thread/INFO]: [CHAT] No block edits at that location.
[21:46:47] [Client thread/INFO]: [CHAT] No block edits at that location.
[21:46:53] [Client thread/INFO]: [CHAT] [STA] <VideoGameSmash12> 555Faiz555
[21:46:58] [Client thread/INFO]: [CHAT] [STA] <VideoGameSmash12> can I make this more like a gun?
[21:47:03] [Client thread/INFO]: [CHAT] Mast3rf0g: /potion add damage_resistance 1000000 255 mast3rf0g
[21:47:06] [Client thread/INFO]: [CHAT] <555Faiz555> its not even mine
[21:47:07] [Client thread/INFO]: [CHAT] [CONSOLE]<Incolumis> make me a m1911
[21:47:16] [Client thread/INFO]: [CHAT] <555Faiz555> i just made the gun actually work
[21:47:17] [Client thread/INFO]: [CHAT] ThugWaffle_: //wand
[21:47:17] [Client thread/INFO]: [CHAT] [STA] <VideoGameSmash12> ok
[21:47:34] [Client thread/INFO]: [CHAT] ThugWaffle_: /up 1
[21:47:34] [Client thread/INFO]: [CHAT] ThugWaffle_: /up 1
[21:47:34] [Client thread/INFO]: [CHAT] <555Faiz555> can i have permission to modify the protected bits btw
[21:47:38] [Client thread/INFO]: [CHAT] [STA] <VideoGameSmash12> ehhh
[21:47:39] [Client thread/INFO]: [CHAT] Mast3rf0g: /tp 555
[21:47:40] [Client thread/INFO]: [CHAT] ThugWaffle_: //set red_wool
[21:47:40] [Client thread/INFO]: [CHAT] [STA] <VideoGameSmash12> idk
[21:47:40] [Client thread/INFO]: [CHAT] <555Faiz555> i want to tweak its helmet
[21:47:43] [Client thread/INFO]: [CHAT] ThugWaffle_: //undo
[21:47:44] [Client thread/INFO]: [CHAT] Mast3rf0g: /fly
[21:47:46] [Client thread/INFO]: [CHAT] [ADMIN] OxLemonxO [SrA]: *shoots*
[21:47:46] [Client thread/INFO]: [CHAT] [STA] <VideoGameSmash12> go ahead??
[21:47:53] [Client thread/INFO]: [CHAT] <555Faiz555> tks
[21:48:03] [Client thread/INFO]: [CHAT] XTrueBalloraX joined the game
[21:48:03] [Client thread/INFO]: [CHAT] Welcome XTrueBalloraX to the server!
[21:48:04] [Client thread/INFO]: [CHAT] ThugWaffle_: //set 35
[21:48:10] [Client thread/INFO]: [CHAT] ThugWaffle_: //undo
[21:48:11] [Client thread/INFO]: [CHAT] <555Faiz555> damin
[21:48:12] [Client thread/INFO]: [CHAT] ThugWaffle_: //set 14
[21:48:13] [Client thread/INFO]: [CHAT] [SrA] <OxLemonxO> nice chiiicken
[21:48:14] [Client thread/INFO]: [CHAT] XTrueBalloraX: /undis
[21:48:15] [Client thread/INFO]: [CHAT] ThugWaffle_: //undo
[21:48:15] [Client thread/INFO]: [CHAT] <555Faiz555> *admin
[21:48:15] [Client thread/INFO]: [CHAT] < Google> hum
[21:48:15] [Client thread/INFO]: [CHAT] XTrueBalloraX: /warp
[21:48:18] [Client thread/INFO]: [CHAT] XTrueBalloraX: /warp 2
[21:48:20] [Client thread/INFO]: [CHAT] <555Faiz555> i cant destory those parts
[21:48:21] [Client thread/INFO]: [CHAT] < Google> why is there nazi signs ?
[21:48:23] [Client thread/INFO]: [CHAT] <XTrueBalloraX> my fnaf is gone/
[21:48:31] [Client thread/INFO]: [CHAT] ThugWaffle_: //cut
[21:48:34] [Client thread/INFO]: [CHAT] <XTrueBalloraX> .
[21:48:37] [Client thread/INFO]: [CHAT] <555Faiz555> admin i cant tweak the helmet
[21:48:38] [Client thread/INFO]: [CHAT] ThugWaffle_: //cut
[21:48:39] [Client thread/INFO]: [CHAT] XTrueBalloraX: /worl 0
[21:48:41] [Client thread/INFO]: [CHAT] <555Faiz555> its protected
[21:48:44] [Client thread/INFO]: [CHAT] XTrueBalloraX: /world 0
[21:48:46] [Client thread/INFO]: [CHAT] XTrueBalloraX: /world 0
[21:48:46] [Client thread/INFO]: [CHAT] ThugWaffle_: //cut
[21:48:48] [Client thread/INFO]: [CHAT] <XTrueBalloraX> 1
[21:48:49] [Client thread/INFO]: [CHAT] Mast3rf0g: /gmc
[21:48:50] [Client thread/INFO]: [CHAT] XTrueBalloraX: /world 1
[21:48:53] [Client thread/INFO]: [CHAT] XTrueBalloraX: /world 2
[21:48:57] [Client thread/INFO]: [CHAT] XTrueBalloraX: /world 3
[21:48:59] [Client thread/INFO]: [CHAT] XTrueBalloraX: /world 3
[21:49:00] [Client thread/INFO]: [CHAT] * GrantG2004 is now AFK.
[21:49:02] [Client thread/INFO]: [CHAT] XTrueBalloraX: /world 4
[21:49:07] [Client thread/INFO]: [CHAT] <555Faiz555> request permission to change build, sir
[21:49:11] [Client thread/INFO]: [CHAT] XTrueBalloraX: /world 2
[21:49:12] [Client thread/INFO]: [CHAT] XTrueBalloraX: /world 1
[21:49:22] [Client thread/INFO]: [CHAT] Gall_Bladder left the game.
[21:49:34] [Client thread/INFO]: [CHAT] [ADMIN] VideoGameSmash12 [STA]: I'm debating on if I should apply for Senior this round or not
[21:49:40] [Client thread/INFO]: [CHAT] TheBloodArrow joined the game
[21:49:40] [Client thread/INFO]: [CHAT] TheBloodArrow left the game.
[21:49:44] [Client thread/INFO]: [CHAT] <555Faiz555> is permission granted?
[21:49:46] [Client thread/INFO]: [CHAT] TheBloodArrow joined the game
[21:49:46] [Client thread/INFO]: [CHAT] TheBloodArrow left the game.
[21:49:48] [Client thread/INFO]: [CHAT] [STA] <VideoGameSmash12> ok
[21:49:50] [Client thread/INFO]: [CHAT] xFreezingBlair_ joined the game
[21:49:51] [Client thread/INFO]: [CHAT] TheBloodArrow joined the game
[21:49:51] [Client thread/INFO]: [CHAT] TheBloodArrow left the game.
[21:49:58] [Client thread/INFO]: [CHAT] TheBloodArrow joined the game
[21:49:58] [Client thread/INFO]: [CHAT] TheBloodArrow left the game.
[21:50:00] [Client thread/INFO]: [CHAT] <555Faiz555> erm
[21:50:02] [Client thread/INFO]: [CHAT] < Google> ?
[21:50:02] [Client thread/INFO]: [CHAT] [STA] <VideoGameSmash12> great
[21:50:03] [Client thread/INFO]: [CHAT] TheBloodArrow joined the game
[21:50:03] [Client thread/INFO]: [CHAT] TheBloodArrow left the game.
[21:50:04] [Client thread/INFO]: [CHAT] <555Faiz555> i still cant build sir
[21:50:06] [Client thread/INFO]: [CHAT] < Google> hi video
[21:50:08] [Client thread/INFO]: [CHAT] TheBloodArrow joined the game
[21:50:08] [Client thread/INFO]: [CHAT] TheBloodArrow left the game.
[21:50:08] [Client thread/INFO]: [CHAT] [STA] <VideoGameSmash12> fuck
[21:50:09] [Client thread/INFO]: [CHAT] <XTrueBalloraX> ermm
[21:50:11] [Client thread/INFO]: [CHAT] < Google> hum video
[21:50:13] [Client thread/INFO]: [CHAT] TheBloodArrow joined the game
[21:50:13] [Client thread/INFO]: [CHAT] TheBloodArrow left the game.
[21:50:15] [Client thread/INFO]: [CHAT] <XTrueBalloraX> wells hit
[21:50:16] [Client thread/INFO]: [CHAT] <555Faiz555> area is restricted, sir
[21:50:18] [Client thread/INFO]: [CHAT] <XTrueBalloraX> well shit
[21:50:19] [Client thread/INFO]: [CHAT] TheBloodArrow joined the game
[21:50:19] [Client thread/INFO]: [CHAT] TheBloodArrow left the game.
[21:50:19] [Client thread/INFO]: [CHAT] <555Faiz555> thanks
[21:50:25] [Client thread/INFO]: [CHAT] TheBloodArrow joined the game
[21:50:25] [Client thread/INFO]: [CHAT] TheBloodArrow left the game.
[21:50:54] [Client thread/INFO]: [CHAT] <555Faiz555> niceee
[21:50:55] [Client thread/INFO]: [CHAT] <555Faiz555> thanks
[21:50:58] [Client thread/INFO]: [CHAT] * xiStarDust is now AFK.
[21:50:58] [Client thread/INFO]: [CHAT] [TotalFreedom] You may download TotalFreedomMod here: https://tiny.re/tfm+
[21:50:59] [Client thread/INFO]: [CHAT] [STA] <VideoGameSmash12> no prob
[21:51:01] [Client thread/INFO]: [CHAT] ZachyBrown joined the game
[21:51:01] [Client thread/INFO]: [CHAT] Welcome ZachyBrown to the server!
[21:51:21] [Client thread/INFO]: [CHAT] Going to the AdminWorld.
[21:52:07] [Client thread/INFO]: [CHAT] LittleDerpyTimmy joined the game
[21:52:12] [Client thread/INFO]: [CHAT] [ADMIN] VideoGameSmash12 [STA]: should I?
[21:52:20] [Client thread/INFO]: [CHAT] [ADMIN] VideoGameSmash12 [STA]: I mean I feel ready
[21:52:26] [Client thread/INFO]: [CHAT] KawaiiKurama is a Telnet Admin
[21:52:26] [Client thread/INFO]: [CHAT] KawaiiKurama joined the game
[21:52:26] [Client thread/INFO]: [CHAT] Welcome KawaiiKurama to the server!
[21:52:30] [Client thread/INFO]: [CHAT] [STA] <VideoGameSmash12> but for whatever reason, I also don't
[21:52:33] [Client thread/INFO]: [CHAT] _KauanTheBoy_ joined the game
[21:52:34] [Client thread/INFO]: [CHAT] [STA] <VideoGameSmash12> Fuck.
[21:52:39] [Client thread/INFO]: [CHAT] [ADMIN] VideoGameSmash12 [STA]: but for whatever reason, I also don't
[21:52:43] [Client thread/INFO]: [CHAT] [STA] <VideoGameSmash12> wrong chat
[21:52:44] [Client thread/INFO]: [CHAT] _KauanTheBoy_: /clear
[21:52:45] [Client thread/INFO]: [CHAT] <XTrueBalloraX> making a spawn.
[21:52:49] [Client thread/INFO]: [CHAT] <_KauanTheBoy_> p-p
[21:52:51] [Client thread/INFO]: [CHAT] mangleXballora joined the game
[21:52:52] [Client thread/INFO]: [CHAT] Welcome mangleXballora to the server!
[21:52:55] [Client thread/INFO]: [CHAT] _KauanTheBoy_: /tp xFreezingBlair_
[21:52:59] [Client thread/INFO]: [CHAT] LittleDerpyTimmy: /tp XTrueBalloraX
[21:53:00] [Client thread/INFO]: [CHAT] <XTrueBalloraX> q_p
[21:53:03] [Client thread/INFO]: [CHAT] _KauanTheBoy_: /tp XTrueBalloraX
[21:53:03] [Client thread/INFO]: [CHAT] < xFreezingBlair_> ...
[21:53:03] [Client thread/INFO]: [CHAT] * xiStarDust is no longer AFK.
[21:53:03] [Client thread/INFO]: [CHAT] xiStarDust - Opping all players on the server
[21:53:03] [Client thread/INFO]: [CHAT] You are now op!
[21:53:04] [Client thread/INFO]: [CHAT] <mangleXballora> hi
[21:53:05] [Client thread/INFO]: [CHAT] < NyanShrubBruno> cool!
[21:53:06] [Client thread/INFO]: [CHAT] xiStarDust - Clearing my supered IPs
[21:53:07] [Client thread/INFO]: [CHAT] <XTrueBalloraX> ...
[21:53:09] [Client thread/INFO]: [CHAT] xiStarDust - Purging all player data
[21:53:11] [Client thread/INFO]: [CHAT] <_KauanTheBoy_> cool!
[21:53:13] [Client thread/INFO]: [CHAT] ZachyBrown: /tp KawaiiKurama
[21:53:19] [Client thread/INFO]: [CHAT] [SA] <xiStarDust> ok
[21:53:20] [Client thread/INFO]: [CHAT] ZachyBrown: /back
[21:53:23] [Client thread/INFO]: [CHAT] <555Faiz555> bruh
[21:53:27] [Client thread/INFO]: [CHAT] _KauanTheBoy_: /brush
[21:53:27] [Client thread/INFO]: [CHAT] <555Faiz555> ur clogging the barrel
[21:53:31] [Client thread/INFO]: [CHAT] ZachyBrown: /tpahere KawaiiKurama
[21:53:33] [Client thread/INFO]: [CHAT] LittleDerpyTimmy: /setwarp spawn
[21:53:33] [Client thread/INFO]: [CHAT] Mast3rf0g: /speed 1
[21:53:35] [Client thread/INFO]: [CHAT] <ZachyBrown> Hi Star
[21:53:41] [Client thread/INFO]: [CHAT] _KauanTheBoy_: /getpos
[21:53:43] [Client thread/INFO]: [CHAT] [SA] <xiStarDust> hi
[21:53:44] [Client thread/INFO]: [CHAT] < NyanShrubBruno> dop /warp spawn for spawn
[21:53:44] [Client thread/INFO]: [CHAT] _KauanTheBoy_: /getpos 1
[21:53:51] [Client thread/INFO]: [CHAT] < NyanShrubBruno> do*
[21:54:08] [Client thread/INFO]: [CHAT] * SpringPhoenix is now AFK.
[21:54:12] [Client thread/INFO]: [CHAT] <ZachyBrown> Star can you log things?
[21:54:13] [Client thread/INFO]: [CHAT] 1234567890 joined the game
[21:54:13] [Client thread/INFO]: [CHAT] [ADMIN] xiStarDust [SA]: 6 degrees
[21:54:20] [Client thread/INFO]: [CHAT] _KauanTheBoy_: //copy
[21:54:31] [Client thread/INFO]: [CHAT] < NyanShrubBruno> hi
[21:54:32] [Client thread/INFO]: [CHAT] _KauanTheBoy_: //paste
[21:54:35] [Client thread/INFO]: [CHAT] [SA] <xiStarDust> no
[21:54:45] [Client thread/INFO]: [CHAT] _KauanTheBoy_: //undo
[21:55:00] [Client thread/INFO]: [CHAT] <ZachyBrown> yo admins
[21:55:02] [Client thread/INFO]: [CHAT] 1234567890: /afk
[21:55:02] [Client thread/INFO]: [CHAT] *  NyanShrubBruno is now AFK.
[21:55:02] [Client thread/INFO]: [CHAT] Mast3rf0g: /d experience_orb
[21:55:03] [Client thread/INFO]: [CHAT] _KauanTheBoy_: //save
[21:55:04] [Client thread/INFO]: [CHAT] <ZachyBrown> there is grief here
[21:55:08] [Client thread/INFO]: [CHAT] _KauanTheBoy_: //schem
[21:55:11] [Client thread/INFO]: [CHAT] Mast3rf0g: /tp zach
[21:55:12] [Client thread/INFO]: [CHAT] XTrueBalloraX: /nick &lAdmins
[21:55:14] [Client thread/INFO]: [CHAT] _KauanTheBoy_: //schem save
[21:55:15] [Client thread/INFO]: [CHAT] savykilo joined the game
[21:55:16] [Client thread/INFO]: [CHAT] XTrueBalloraX: /afk
[21:55:16] [Client thread/INFO]: [CHAT] *  Admins is now AFK.
[21:55:17] [Client thread/INFO]: [CHAT] Mast3rf0g: /ud
[21:55:17] [Client thread/INFO]: [CHAT] savykilo left the game.
[21:55:19] [Client thread/INFO]: [CHAT] Mast3rf0g: /und
[21:55:21] [Client thread/INFO]: [CHAT] mangleXballora left the game.
[21:55:21] [Client thread/INFO]: [CHAT] *  Admins is no longer AFK.
[21:55:21] [Client thread/INFO]: [CHAT] XTrueBalloraX: /unnick
[21:55:23] [Client thread/INFO]: [CHAT] XTrueBalloraX: /nocl pff
[21:55:24] [Client thread/INFO]: [CHAT] * GrantG2004 is no longer AFK.
[21:55:24] [Client thread/INFO]: [CHAT] <GrantG2004> join millitaryfreedom.serv.nu staff needed everyone who joins gets op
[21:55:26] [Client thread/INFO]: [CHAT] _KauanTheBoy_: //schematic load
[21:55:26] [Client thread/INFO]: [CHAT] XTrueBalloraX: /nick off
[21:55:30] [Client thread/INFO]: [CHAT] savykilo joined the game
[21:55:32] [Client thread/INFO]: [CHAT] ZachyBrown: /whois admins
[21:55:34] [Client thread/INFO]: [CHAT] [ADMIN] OxLemonxO [SrA]: 29 degrees
[21:55:36] [Client thread/INFO]: [CHAT] ZachyBrown: /whois admi
[21:55:37] [Client thread/INFO]: [CHAT] ThugWaffle_ left the game.
[21:55:38] [Client thread/INFO]: [CHAT] <_KauanTheBoy_> !how A create a schematic?
[21:55:40] [Client thread/INFO]: [CHAT] 1234567890 left the game.
[21:55:40] [Client thread/INFO]: [CHAT] LittleDerpyTimmy left the game.
[21:55:41] [Client thread/INFO]: [CHAT] XTrueBalloraX: /msg GrantG2004 only if im dah co owner and if its a roleplay server
[21:55:42] [Client thread/INFO]: [CHAT] ZachyBrown: /whois Admins
[21:55:46] [Client thread/INFO]: [CHAT] savykilo: /m VideoGameSmash12 Hey
[21:55:46] [Client thread/INFO]: [CHAT] [savykilo -> me] Hey
[21:55:50] [Client thread/INFO]: [CHAT] <_KauanTheBoy_> !how create a schematic?
[21:55:51] [Client thread/INFO]: [CHAT] OxLemonxO - Disabling Jumppads
[21:55:52] [Client thread/INFO]: [CHAT] GrantG2004: /m mast i switched my server to freeo
[21:55:53] [Client thread/INFO]: [CHAT] [ADMIN] xiStarDust [SA]: next friday max is gonna be -1 degrees ;-;
[21:55:59] [Client thread/INFO]: [CHAT] Mast3rf0g: /w grant what?
[21:56:00] [Client thread/INFO]: [CHAT] AcidicCyanide is a Senior Admin
[21:56:00] [Client thread/INFO]: [CHAT] AcidicCyanide joined the game
[21:56:00] [Client thread/INFO]: [CHAT] Welcome AcidicCyanide to the server!
[21:56:01] [Client thread/INFO]: [CHAT] <GrantG2004> no and no
[21:56:03] [Client thread/INFO]: [CHAT] [ADMIN] OxLemonxO [SrA]: hey acid
[21:56:07] [Client thread/INFO]: [CHAT] [ADMIN] AcidicCyanide [SrA]: hi
[21:56:08] [Client thread/INFO]: [CHAT] ZachyBrown: /i compass 1
[21:56:09] [Client thread/INFO]: [CHAT] [ADMIN] xiStarDust [SA]: hi acid
[21:56:11] [Client thread/INFO]: [CHAT] Mast3rf0g: /w grant what?
[21:56:18] [Client thread/INFO]: [CHAT] XTrueBalloraX: /spawn _KauanTheBoy_
[21:56:34] [Client thread/INFO]: [CHAT] savykilo: /me &a&lJOIN apexfreedom! It is in beta stages there are still some bugs, Join now! 167.114.208.2:41
[21:56:34] [Client thread/INFO]: [CHAT] * savykilo JOIN apexfreedom! It is in beta stages there are still some bugs, Join now! 167.114.208.2:41
[21:56:39] [Client thread/INFO]: [CHAT] [ADMIN] xiStarDust [SA]: i hate cold weather
[21:56:40] [Client thread/INFO]: [CHAT] <_KauanTheBoy_> XTrueBalloraX you teleported me to spawn!
[21:56:43] [Client thread/INFO]: [CHAT] savykilo: /me &a&l167.114.208.2:41515
[21:56:43] [Client thread/INFO]: [CHAT] * savykilo 167.114.208.2:41515
[21:56:48] [Client thread/INFO]: [CHAT] xiStarDust - Muting savykilo
[21:56:52] [Client thread/INFO]: [CHAT] <XTrueBalloraX> i only join servers if i can have highest rank and if its a roleplay server :P :P
[21:56:53] [Client thread/INFO]: [CHAT] [Server:xiStarDust] ads once per 10 minutes.
[21:56:55] [Client thread/INFO]: [CHAT] xiStarDust - Unmuting all players.
[21:56:56] [Client thread/INFO]: [CHAT] <savykilo> xiStarDust
[21:57:02] [Client thread/INFO]: [CHAT] <savykilo> It didnt put the full ip
[21:57:10] [Client thread/INFO]: [CHAT] <savykilo> sorry :(
[21:57:21] [Client thread/INFO]: [CHAT] Typhlosion147 is a Senior Admin and Gay Furry Trash!
[21:57:21] [Client thread/INFO]: [CHAT] Typhlosion147 joined the game
[21:57:21] [Client thread/INFO]: [CHAT] Welcome Typhlosion147 to the server!
[21:57:25] [Client thread/INFO]: [CHAT] Mast3rf0g: /tp grant
[21:57:26] [Client thread/INFO]: [CHAT] [ADMIN] xiStarDust [SA]: 3 seniors
[21:57:31] [Client thread/INFO]: [CHAT] _KauanTheBoy_: /nbt
[21:57:32] [Client thread/INFO]: [CHAT] savykilo left the game.
[21:57:33] [Client thread/INFO]: [CHAT] < Google> ok, cya guys
[21:57:37] [Client thread/INFO]: [CHAT] _KauanTheBoy_: /block
[21:57:39] [Client thread/INFO]: [CHAT] _KauanTheBoy_: /blockdata
[21:57:42] [Client thread/INFO]: [CHAT] XTrueBalloraX: /msg Typhlosion147 i have a spawn can u set it as spawn
[21:57:42] [Client thread/INFO]: [CHAT] < Google> ima get off
[21:57:44] [Client thread/INFO]: [CHAT] Mast3rf0g left the game.
[21:57:48] [Client thread/INFO]: [CHAT] [ADMIN] OxLemonxO [SrA]: hi typh
[21:57:53] [Client thread/INFO]: [CHAT] Typhlosion147 left the game.
[21:57:53] [Client thread/INFO]: [CHAT] [ADMIN] OxLemonxO [SrA]: i hate hot weather
[21:58:01] [Client thread/INFO]: [CHAT] [ADMIN] xiStarDust [SA]: "why did you try to call me at 1 in the morning"
[21:58:03] [Client thread/INFO]: [CHAT] _KauanTheBoy_: /setwarp spawnll
[21:58:05] [Client thread/INFO]: [CHAT] [ADMIN] OxLemonxO [SrA]: lmao
[21:58:05] [Client thread/INFO]: [CHAT] [ADMIN] Typhlosion147 [Console]: ffs my internet keeps disconnecting me
[21:58:06] [Client thread/INFO]: [CHAT] XTrueBalloraX: /skin off
[21:58:10] [Client thread/INFO]: [CHAT] [ADMIN] OxLemonxO [SrA]: o
[21:58:12] [Client thread/INFO]: [CHAT] XTrueBalloraX: /skin XTrueBalloraX
[21:58:16] [Client thread/INFO]: [CHAT] _KauanTheBoy_: /d player
[21:58:23] [Client thread/INFO]: [CHAT] _KauanTheBoy_: /d player Bibi_br
[21:58:24] [Client thread/INFO]: [CHAT] XTrueBalloraX: /setwarp Spawn
[21:58:28] [Client thread/INFO]: [CHAT] xFreezingBlair_ left the game.
[21:58:28] [Client thread/INFO]: [CHAT] _KauanTheBoy_: /d 555Faiz555
[21:58:30] [Client thread/INFO]: [CHAT] * VideoGameSmash12 is now AFK.
[21:58:31] [Client thread/INFO]: [CHAT] XTrueBalloraX: /suicide
[21:58:31] [Client thread/INFO]: [CHAT] XTrueBalloraX died
[21:58:31] [Client thread/INFO]: [CHAT] Player XTrueBalloraX took their own life.
[21:58:37] [Client thread/INFO]: [CHAT] XTrueBalloraX: /warp spawn
[21:58:55] [Client thread/INFO]: [CHAT] ZachyBrown: /tpa KawaiiKurama
[21:58:58] [Client thread/INFO]: [CHAT] XTrueBalloraX: /msg xiStarDust i have a spawn can u set it
[21:58:59] [Client thread/INFO]: [CHAT] ZachyBrown: /tp KawaiiKurama
[21:59:04] [Client thread/INFO]: [CHAT] [ADMIN] xiStarDust [SA]: winters here in Seoul are long and dry
[21:59:26] [Client thread/INFO]: [CHAT] XTrueBalloraX: /spawn
[21:59:28] [Client thread/INFO]: [CHAT] XTrueBalloraX: /spawn
[21:59:31] [Client thread/INFO]: [CHAT] [Server:xiStarDust] New spawn! /spawn
[21:59:35] [Client thread/INFO]: [CHAT] 555Faiz555: /spawn
[21:59:39] [Client thread/INFO]: [CHAT] <_KauanTheBoy_> my parkour =D
[21:59:40] [Client thread/INFO]: [CHAT] GrantG2004: /SAY YAY
[21:59:40] [Client thread/INFO]: [CHAT] <555Faiz555> WAIT
[21:59:44] [Client thread/INFO]: [CHAT] <555Faiz555> thats it!?
[22:00:03] [Client thread/INFO]: [CHAT] [OxLemonxO: Unable to summon object]
[22:00:03] [Client thread/INFO]: [CHAT] [ADMIN] xiStarDust [SA]: using vpn rn
[22:00:04] [Client thread/INFO]: [CHAT] XTrueBalloraX: /r lemme edit
[22:00:08] [Client thread/INFO]: [CHAT] [ADMIN] OxLemonxO [SrA]: y
[22:00:10] [Client thread/INFO]: [CHAT] _KauanTheBoy_: /summon
[22:00:18] [Client thread/INFO]: [CHAT] FFEND joined the game
[22:00:20] [Client thread/INFO]: [CHAT] [ADMIN] xiStarDust [SA]: privacy reasons, im still at uni tho
[22:00:24] [Client thread/INFO]: [CHAT] [ADMIN] OxLemonxO [SrA]: o
[22:00:27] [Client thread/INFO]: [CHAT] FFEND: /list
[22:00:40] [Client thread/INFO]: [CHAT] XTrueBalloraX: /r i forgot the ceiling and the other rooms and the pillars -,-
[22:00:42] [Client thread/INFO]: [CHAT] XTrueBalloraX: //wand
[22:00:47] [Client thread/INFO]: [CHAT] KawaiiKurama left the game.
[22:00:52] [Client thread/INFO]: [CHAT] XTrueBalloraX: //copy
[22:00:57] [Client thread/INFO]: [CHAT] XTrueBalloraX: /r it wont
[22:01:08] [Client thread/INFO]: [CHAT] [TotalFreedom] MarkByron is the owner of TotalFreedom.
[22:01:10] [Client thread/INFO]: [CHAT] <ZachyBrown> ?
[22:01:13] [Client thread/INFO]: [CHAT] * AcidicCyanide is now AFK.
[22:01:17] [Client thread/INFO]: [CHAT] <ZachyBrown> what's wrong with him lemon?
[22:01:17] [Client thread/INFO]: [CHAT] XTrueBalloraX: /r u can set spawn in /world 2 and then come back when im done
[22:01:22] [Client thread/INFO]: [CHAT] GrantG2004 left the game.
[22:01:23] [Client thread/INFO]: [CHAT] [SrA] <OxLemonxO> whats wrong with what
[22:01:29] [Client thread/INFO]: [CHAT] <ZachyBrown> he is derping
[22:01:31] [Client thread/INFO]: [CHAT] <ZachyBrown> the golem
[22:01:33] [Client thread/INFO]: [CHAT] [SrA] <OxLemonxO> no?
[22:01:35] [Client thread/INFO]: [CHAT] FFEND: /sethome
[22:01:38] [Client thread/INFO]: [CHAT] FFEND: /tp 555Faiz555
[22:01:39] [Client thread/INFO]: [CHAT] * AcidicCyanide is no longer AFK.
[22:01:49] [Client thread/INFO]: [CHAT] <555Faiz555> i cant seem to make the top and bottom alternate
[22:01:52] [Client thread/INFO]: [CHAT] [ADMIN] xiStarDust [SA]: macs
[22:01:55] [Client thread/INFO]: [CHAT] [SrA] <AcidicCyanide> Lol stupid server. I wasn't afk
[22:02:00] [Client thread/INFO]: [CHAT] _KauanTheBoy_: /warps
[22:02:16] [Client thread/INFO]: [CHAT] <555Faiz555> bro
[22:02:18] [Client thread/INFO]: [CHAT] [ADMIN] xiStarDust [SA]: i hate it when someone leaves their velociraptor in my laptop bag
[22:02:20] [Client thread/INFO]: [CHAT] <555Faiz555> git
[22:02:22] [Client thread/INFO]: [CHAT] [ADMIN] OxLemonxO [SrA]: lmao
[22:02:25] [Client thread/INFO]: [CHAT] <_KauanTheBoy_> Parkour! /warp quartzparkour !
[22:02:30] [Client thread/INFO]: [CHAT] FFEND: /home
[22:02:32] [Client thread/INFO]: [CHAT] <555Faiz555> fuck off
[22:02:32] [Client thread/INFO]: [CHAT] _KauanTheBoy_: /warp quartzparkour
[22:02:36] [Client thread/INFO]: [CHAT] FFEND: /tp _KauanTheBoy_
[22:02:47] [Client thread/INFO]: [CHAT] <FFEND> cool
[22:02:51] [Client thread/INFO]: [CHAT] <_KauanTheBoy_> THX =d
[22:02:56] [Client thread/INFO]: [CHAT] <FFEND> but i made one too :3
[22:02:56] [Client thread/INFO]: [CHAT] ZachyBrown: /status
[22:02:58] [Client thread/INFO]: [CHAT] tohgamer is an Impostor
[22:02:58] [Client thread/INFO]: [CHAT] Warning: tohgamer has been flagged as an impostor and has been frozen!
[22:02:58] [Client thread/INFO]: [CHAT] tohgamer joined the game
[22:02:58] [Client thread/INFO]: [CHAT] tohgamer: /tag set &1&lB&6&lC &b&lT&e&lC &b&lC&6&lC &2&lSTA
[22:03:00] [Client thread/INFO]: [CHAT] tohgamer: /spawn
[22:03:03] [Client thread/INFO]: [CHAT] tohgamer: /List
[22:03:04] [Client thread/INFO]: [CHAT] [SrA] <AcidicCyanide> Verify
[22:03:07] [Client thread/INFO]: [CHAT] < Nepgear> Verifying.
[22:03:19] [Client thread/INFO]: [CHAT] * VideoGameSmash12 is no longer AFK.
[22:03:19] [Client thread/INFO]: [CHAT] [ADMIN] VideoGameSmash12 [STA]: Oh hey Acid
[22:03:26] [Client thread/INFO]: [CHAT] [ADMIN] AcidicCyanide [SrA]: hi
[22:03:28] [Client thread/INFO]: [CHAT] <XTrueBalloraX> tohgamer like my spawn
[22:03:33] [Client thread/INFO]: [CHAT] FFEND: /home
[22:03:34] [Client thread/INFO]: [CHAT] <_KauanTheBoy_> Pressure plates=checkpoint
[22:03:34] [Client thread/INFO]: [CHAT] [ADMIN] xiStarDust [SA]: does bruno mars is gay
[22:03:35] [Client thread/INFO]: [CHAT] <555Faiz555> darn
[22:03:38] [Client thread/INFO]: [CHAT] [ADMIN] OxLemonxO [SrA]: yes
[22:03:39] [Client thread/INFO]: [CHAT] Teleporting...
[22:03:41] [Client thread/INFO]: [CHAT] ZachyBrown left the game.
[22:03:41] [Client thread/INFO]: [CHAT] 555Faiz555 left the game.
[22:03:42] [Client thread/INFO]: [CHAT] <FFEND> _KauanTheBoy_ wanna play this one
[22:03:43] [Client thread/INFO]: [CHAT] <FFEND> tp
[22:03:47] [Client thread/INFO]: [CHAT] _KauanTheBoy_: /tp FFEND
[22:03:50] [Client thread/INFO]: [CHAT] < Nepgear> Verified.
[22:03:51] [Client thread/INFO]: [CHAT] Block edits at (x-407, y49, z-235):
[22:03:51] [Client thread/INFO]: [CHAT]  - XTrueBalloraX broke Grass
[22:03:51] [Client thread/INFO]: [CHAT]  - XTrueBalloraX placed Prismarine
[22:03:51] [Client thread/INFO]: [CHAT] Block edits at (x-407, y49, z-234):
[22:03:51] [Client thread/INFO]: [CHAT]  - XTrueBalloraX broke Grass
[22:03:51] [Client thread/INFO]: [CHAT]  - XTrueBalloraX placed Prismarine:1
[22:03:59] [Client thread/INFO]: [CHAT] Gamemode set to spectator.
[22:04:04] [Client thread/INFO]: [CHAT] Gamemode set to creative.
[22:04:08] [Client thread/INFO]: [CHAT] Block edits at (x-406, y54, z-246):
[22:04:08] [Client thread/INFO]: [CHAT]  - XTrueBalloraX placed Step:7
[22:04:09] [Client thread/INFO]: [CHAT] No block edits at that location.
[22:04:43] [Client thread/INFO]: [CHAT] [ADMIN] xiStarDust [SA]: cold weather is not my kind of weather
[22:05:03] [Client thread/INFO]: [CHAT] [ADMIN] OxLemonxO [SrA]: y
[22:05:06] [Client thread/INFO]: [CHAT] <_KauanTheBoy_> OMG! PARKour in water is very hard!
[22:05:09] [Client thread/INFO]: [CHAT] [SrA] <AcidicCyanide> I can't find my telnet client
[22:05:11] [Client thread/INFO]: [CHAT] [SrA] <AcidicCyanide> give me a sec
[22:05:21] [Client thread/INFO]: [CHAT] <FFEND> omg you pass it :3
[22:05:25] [Client thread/INFO]: [CHAT] OxLemonxO - Readding tohgamer to the admin list
[22:05:26] [Client thread/INFO]: [CHAT] <_KauanTheBoy_> =D
[22:05:28] [Client thread/INFO]: [CHAT] <FFEND> this is left
[22:05:31] [Client thread/INFO]: [CHAT] <FFEND> this is right
[22:05:32] [Client thread/INFO]: [CHAT] [ADMIN] tohgamer [STA]: Lemon did it acidic.
[22:05:32] [Client thread/INFO]: [CHAT] [SrA] <AcidicCyanide> God damnit.
[22:05:32] [Client thread/INFO]: [CHAT] [ADMIN] xiStarDust [SA]: it really isn't
[22:05:36] [Client thread/INFO]: [CHAT] [ADMIN] tohgamer [STA]: Thank you.
[22:05:46] [Client thread/INFO]: [CHAT] <_KauanTheBoy_> this? or there?
[22:05:49] [Client thread/INFO]: [CHAT] Teleporting...
[22:05:50] [Client thread/INFO]: [CHAT] <FFEND> left.
[22:05:54] [Client thread/INFO]: [CHAT] <FFEND> trust me
[22:05:57] [Client thread/INFO]: [CHAT] <FFEND> don't go right
[22:06:01] [Client thread/INFO]: [CHAT] <FFEND> right is dead
[22:06:10] [Client thread/INFO]: [CHAT] <FFEND> i told you
[22:06:12] [Client thread/INFO]: [CHAT] [ADMIN] OxLemonxO [SrA]: what is this iron golem doing
[22:06:19] [Client thread/INFO]: [CHAT] zxcv98741 joined the game
[22:06:19] [Client thread/INFO]: [CHAT] Welcome zxcv98741 to the server!
[22:06:28] [Client thread/INFO]: [CHAT] <XTrueBalloraX> is it good
[22:06:33] [Client thread/INFO]: [CHAT] FFEND: /msg _KauanTheBoy_ do /warp Restart
[22:06:33] [Client thread/INFO]: [CHAT] [ADMIN] AcidicCyanide [SrA]: haha, he's being a turret
[22:06:36] [Client thread/INFO]: [CHAT] <_KauanTheBoy_> I From Brail
[22:06:36] [Client thread/INFO]: [CHAT] [ADMIN] xiStarDust [SA]: I'm still wondering if I'm one of the youngest female admins
[22:06:37] [Client thread/INFO]: [CHAT] [ADMIN] OxLemonxO [SrA]: lol
[22:06:39] [Client thread/INFO]: [CHAT] <_KauanTheBoy_> *brazil
[22:06:45] [Client thread/INFO]: [CHAT] _KauanTheBoy_: /warp restart
[22:06:58] [Client thread/INFO]: [CHAT] [ADMIN] OxLemonxO [SrA]: he cant even hit me
[22:07:14] [Client thread/INFO]: [CHAT] ThugWaffle_ joined the game
[22:07:20] [Client thread/INFO]: [CHAT] < Hitler> Hey
[22:07:26] [Client thread/INFO]: [CHAT] [ADMIN] AcidicCyanide [SrA]: stupid ass golem.
[22:07:28] [Client thread/INFO]: [CHAT] ThugWaffle_: //wand
[22:07:35] [Client thread/INFO]: [CHAT] [ADMIN] xiStarDust [SA]: brb
[22:07:35] [Client thread/INFO]: [CHAT] ThugWaffle_: /spawn
[22:07:37] [Client thread/INFO]: [CHAT] xiStarDust left the game.
[22:07:40] [Client thread/INFO]: [CHAT] _KauanTheBoy_: /warp restart
[22:07:44] [Client thread/INFO]: [CHAT] ThugWaffle_: //cut
[22:07:47] [Client thread/INFO]: [CHAT] <XTrueBalloraX> GRIEF
[22:07:48] [Client thread/INFO]: [CHAT] ThugWaffle_: //cut
[22:07:50] [Client thread/INFO]: [CHAT] ThugWaffle_: //undo
[22:07:51] [Client thread/INFO]: [CHAT] ThugWaffle_: //udno
[22:07:52] [Client thread/INFO]: [CHAT] ThugWaffle_: //undo
[22:07:54] [Client thread/INFO]: [CHAT] < Hitler> jk
[22:07:58] [Client thread/INFO]: [CHAT] < Hitler> i fix
[22:07:59] [Client thread/INFO]: [CHAT] <XTrueBalloraX> ThugWaffle_ = griefing
[22:07:59] [Client thread/INFO]: [CHAT] _KauanTheBoy_: /warp restart
[22:08:02] [Client thread/INFO]: [CHAT] < Hitler> :D
[22:08:07] [Client thread/INFO]: [CHAT] < Hitler> see
[22:08:14] [Client thread/INFO]: [CHAT] ThugWaffle_: /warp pvp
[22:08:15] [Client thread/INFO]: [CHAT] AcidicCyanide - Undisguising all non-admins
[22:08:15] [Client thread/INFO]: [CHAT] _KauanTheBoy_: /warp restart
[22:08:21] [Client thread/INFO]: [CHAT] ThugWaffle_ has been a VERY naughty, naughty boy.
[22:08:21] [Client thread/INFO]: [CHAT] Banning: ThugWaffle_, IP: 174.66.*.* - Reason: Griefing with World edit ~@tohgamer (Griefing is Griefing even if you fix it)
[22:08:21] [Client thread/INFO]: [CHAT] ThugWaffle_ left the game.
[22:08:40] [Client thread/INFO]: [CHAT] [ADMIN] OxLemonxO [SrA]: the zombies cant attack it
[22:08:44] [Client thread/INFO]: [CHAT] [ADMIN] OxLemonxO [SrA]: it cant attack the zombies
[22:09:19] [Client thread/INFO]: [CHAT] _KauanTheBoy_: /warp restart
[22:09:25] [Client thread/INFO]: [CHAT] _KauanTheBoy_: /warp restart
[22:09:29] [Client thread/INFO]: [CHAT] _KauanTheBoy_: /warp restart
[22:09:34] [Client thread/INFO]: [CHAT] [ADMIN] OxLemonxO [SrA]: all dead
[22:09:44] [Client thread/INFO]: [CHAT] XTrueBalloraX: /r ok done
[22:09:50] [Client thread/INFO]: [CHAT] <_KauanTheBoy_> is there?
[22:09:53] [Client thread/INFO]: [CHAT] <FFEND> ye
[22:10:08] [Client thread/INFO]: [CHAT] <XTrueBalloraX> can somone protect my spawn so theres no grief
[22:10:34] [Client thread/INFO]: [CHAT] [ADMIN] AcidicCyanide [SrA]: aren't golems supposed to give flowers to baby villagers lol
[22:10:34] [Client thread/INFO]: [CHAT] <FFEND> you win
[22:10:36] [Client thread/INFO]: [CHAT] <_KauanTheBoy_> =D
[22:10:40] [Client thread/INFO]: [CHAT] [ADMIN] OxLemonxO [SrA]: sometimes they do
[22:10:46] [Client thread/INFO]: [CHAT] FFEND: /spawn
[22:10:54] [Client thread/INFO]: [CHAT] [ADMIN] AcidicCyanide [SrA]: lol this is fun to watch
[22:10:57] [Client thread/INFO]: [CHAT] zxcv98741 fell out of the world
[22:10:59] [Client thread/INFO]: [CHAT] XTrueBalloraX left the game.
[22:11:04] [Client thread/INFO]: [CHAT] floAuction joined the game
[22:11:04] [Client thread/INFO]: [CHAT] Welcome floAuction to the server!
[22:11:07] [Client thread/INFO]: [CHAT] <FFEND> wut
[22:11:09] [Client thread/INFO]: [CHAT] AcidicCyanide - Purging all player data
[22:11:10] [Client thread/INFO]: [CHAT] [ADMIN] OxLemonxO [SrA]: this guy is like a zombie attractor
[22:11:13] [Client thread/INFO]: [CHAT] <FFEND> floAuction
[22:11:16] [Client thread/INFO]: [CHAT] <floAuction> ?
[22:11:18] [Client thread/INFO]: [CHAT] [TotalFreedom] Server lagging?  Check the lag via "/tps"
[22:11:19] [Client thread/INFO]: [CHAT] <_KauanTheBoy_> FFEND how I teleport with sign?
[22:11:24] [Client thread/INFO]: [CHAT] <FFEND> you should be a plugin why are you a player
[22:11:26] [Client thread/INFO]: [CHAT] XTrueBalloraX joined the game
[22:11:28] [Client thread/INFO]: [CHAT] <FFEND> right click
[22:11:39] [Client thread/INFO]: [CHAT] <floAuction> im both..
[22:11:44] [Client thread/INFO]: [CHAT] floAuction: /spawn
[22:11:54] [Client thread/INFO]: [CHAT] [ADMIN] OxLemonxO [SrA]: boom
[22:12:00] [Client thread/INFO]: [CHAT] < Nepgear> Sign commands are disabled
[22:12:02] [Client thread/INFO]: [CHAT] floAuction: /gms
[22:12:08] [Client thread/INFO]: [CHAT] floAuction: /heal
[22:12:08] [Client thread/INFO]: [CHAT] <FFEND> nope
[22:12:09] [Client thread/INFO]: [CHAT] [ADMIN] OxLemonxO [SrA]: This is like a zombie attractor
[22:12:11] [Client thread/INFO]: [CHAT] [ADMIN] OxLemonxO [SrA]: Attracts zombies
[22:12:12] [Client thread/INFO]: [CHAT] < Nepgear> They are.
[22:12:12] [Client thread/INFO]: [CHAT] floAuction: /heal
[22:12:14] [Client thread/INFO]: [CHAT] <FFEND> sign commands [warp]
[22:12:16] [Client thread/INFO]: [CHAT] omar joined the game
[22:12:17] [Client thread/INFO]: [CHAT] Welcome omar to the server!
[22:12:17] [Client thread/INFO]: [CHAT] [ADMIN] OxLemonxO [SrA]: But can't kill them
[22:12:17] [Client thread/INFO]: [CHAT] floAuction: /heal
[22:12:19] [Client thread/INFO]: [CHAT] XTrueBalloraX: /gms
[22:12:19] [Client thread/INFO]: [CHAT] <_KauanTheBoy_> ohh
[22:12:24] [Client thread/INFO]: [CHAT] XTrueBalloraX: /god
[22:12:25] [Client thread/INFO]: [CHAT] <XTrueBalloraX> :D
[22:12:26] [Client thread/INFO]: [CHAT] floAuction: /heal
[22:12:27] [Client thread/INFO]: [CHAT] XTrueBalloraX: /god
[22:12:29] [Client thread/INFO]: [CHAT] floAuction: /heal
[22:12:30] [Client thread/INFO]: [CHAT] <FFEND> ye it's not disable
[22:12:31] [Client thread/INFO]: [CHAT] floAuction: /heal
[22:12:32] [Client thread/INFO]: [CHAT] floAuction: /heal
[22:12:35] [Client thread/INFO]: [CHAT] <_KauanTheBoy_> NOW I understant!
[22:12:35] [Client thread/INFO]: [CHAT] floAuction: /gmc
[22:12:38] [Client thread/INFO]: [CHAT] XTrueBalloraX: /gmc
[22:12:39] [Client thread/INFO]: [CHAT] <_KauanTheBoy_> understand
[22:12:41] [Client thread/INFO]: [CHAT] floAuction: /gm0
[22:12:42] [Client thread/INFO]: [CHAT] FFEND: /tp _KauanTheBoy_
[22:12:44] [Client thread/INFO]: [CHAT] floAuction: /gamemode
[22:12:46] [Client thread/INFO]: [CHAT] floAuction: /gamemode 0
[22:12:52] [Client thread/INFO]: [CHAT] XTrueBalloraX: /potion add
[22:12:54] [Client thread/INFO]: [CHAT] <_KauanTheBoy_> this word is..
[22:13:00] [Client thread/INFO]: [CHAT] floAuction: /more
[22:13:01] [Client thread/INFO]: [CHAT] floAuction: /more
[22:13:01] [Client thread/INFO]: [CHAT] floAuction: /more
[22:13:01] [Client thread/INFO]: [CHAT] XTrueBalloraX: /potion add 255 999999 glowing
[22:13:09] [Client thread/INFO]: [CHAT] XTrueBalloraX: /potion add glowing 255 999999
[22:13:12] [Client thread/INFO]: [CHAT] floAuction: /more
[22:13:12] [Client thread/INFO]: [CHAT] [ADMIN] OxLemonxO [SrA]: all the villagers died
[22:13:13] [Client thread/INFO]: [CHAT] floAuction: /more
[22:13:14] [Client thread/INFO]: [CHAT] FFEND: /tp _KauanTheBoy_
[22:13:14] [Client thread/INFO]: [CHAT] floAuction: /more
[22:13:15] [Client thread/INFO]: [CHAT] floAuction: /more
[22:13:16] [Client thread/INFO]: [CHAT] <XTrueBalloraX> i got glowing
[22:13:17] [Client thread/INFO]: [CHAT] floAuction: /more
[22:13:19] [Client thread/INFO]: [CHAT] floAuction: /more
[22:13:20] [Client thread/INFO]: [CHAT] floAuction: /more
[22:13:21] [Client thread/INFO]: [CHAT] floAuction: /more
[22:13:23] [Client thread/INFO]: [CHAT] floAuction: /more
[22:13:24] [Client thread/INFO]: [CHAT] XTrueBalloraX: /i barrier
[22:13:25] [Client thread/INFO]: [CHAT] [ADMIN] AcidicCyanide [SrA]: why isnt this villager a zombie
[22:13:28] [Client thread/INFO]: [CHAT] floAuction has been a naughty, naughty boy.
[22:13:28] [Client thread/INFO]: [CHAT] floAuction died
[22:13:31] [Client thread/INFO]: [CHAT] FFEND: /spawn
[22:13:32] [Client thread/INFO]: [CHAT] _KauanTheBoy_: /warp S2
[22:13:33] [Client thread/INFO]: [CHAT] [Server:tohgamer] Do not spam commands!
[22:13:33] [Client thread/INFO]: [CHAT] <floAuction> wtf
[22:13:34] [Client thread/INFO]: [CHAT] tohgamer - Opping all players on the server
[22:13:34] [Client thread/INFO]: [CHAT] You are now op!
[22:13:37] [Client thread/INFO]: [CHAT] XTrueBalloraX: /potion add glowing 255 999999
[22:13:37] [Client thread/INFO]: [CHAT] <floAuction> chill
[22:13:39] [Client thread/INFO]: [CHAT] HowBadCanItBe joined the game
[22:13:39] [Client thread/INFO]: [CHAT] Welcome HowBadCanItBe to the server!
[22:13:43] [Client thread/INFO]: [CHAT] floAuction: /gmc
[22:13:47] [Client thread/INFO]: [CHAT] watermelon623 joined the game
[22:13:50] [Client thread/INFO]: [CHAT] <FFEND> why sta would make lag machine lel
[22:13:56] [Client thread/INFO]: [CHAT] [STA] <VideoGameSmash12> I'm just testing
[22:14:00] [Client thread/INFO]: [CHAT] _KauanTheBoy_: /tp FFEND
[22:14:01] [Client thread/INFO]: [CHAT] [STA] <VideoGameSmash12> IDK how they are made
[22:14:12] [Client thread/INFO]: [CHAT] <FFEND> i know but i am afraid i will ban for do it
[22:14:13] [Client thread/INFO]: [CHAT] [ADMIN] tohgamer [STA]: Basically a redstone clock connected to many pistons.
[22:14:25] [Client thread/INFO]: [CHAT] [ADMIN] tohgamer [STA]: activating and de-activating simultaneously.
[22:14:27] [Client thread/INFO]: [CHAT] HowBadCanItBe: /
[22:14:32] [Client thread/INFO]: [CHAT] [ADMIN] tohgamer [STA]: When done correctly, lags the server.
[22:14:47] [Client thread/INFO]: [CHAT] omar: /gamemode 0
[22:14:57] [Client thread/INFO]: [CHAT] [STA] <VideoGameSmash12> that almost worked
[22:15:01] [Client thread/INFO]: [CHAT] floAuction: /thru
[22:15:01] [Client thread/INFO]: [CHAT] floAuction: /thru
[22:15:04] [Client thread/INFO]: [CHAT] watermelon623: /tp VideoGameSmash12
[22:15:13] [Client thread/INFO]: [CHAT] <watermelon623> wot?
[22:15:21] [Client thread/INFO]: [CHAT] [SrA] <AcidicCyanide> u wut m8
[22:15:24] [Client thread/INFO]: [CHAT] [ADMIN] OxLemonxO [SrA]: lmao
[22:15:25] [Client thread/INFO]: [CHAT] <FFEND> video are testing lag machine , watermelon623
[22:15:33] [Client thread/INFO]: [CHAT] <watermelon623> why?
[22:15:42] [Client thread/INFO]: [CHAT] <FFEND> phew lel
[22:15:45] [Client thread/INFO]: [CHAT] [STA] <VideoGameSmash12> I'm just fucking curious
[22:15:58] [Client thread/INFO]: [CHAT] <FFEND> don't place block on this machine!!
[22:16:07] [Client thread/INFO]: [CHAT] AcidicCyanide - Purging all player data
[22:16:09] [Client thread/INFO]: [CHAT] <_KauanTheBoy_> okay
[22:16:15] [Client thread/INFO]: [CHAT] <FFEND> place a block would be launch
[22:16:19] [Client thread/INFO]: [CHAT] <watermelon623> like this
[22:16:30] [Client thread/INFO]: [CHAT] <watermelon623> ?
[22:16:31] [Client thread/INFO]: [CHAT] <FFEND> watermelon623
[22:16:33] [Client thread/INFO]: [CHAT] <watermelon623> yeah
[22:16:33] [Client thread/INFO]: [CHAT] [ADMIN] OxLemonxO [SrA]: https://plug.dj/totalfreedom-hangout-v2-0
[22:16:33] [Client thread/INFO]: [CHAT] <_KauanTheBoy_> see it
[22:16:37] [Client thread/INFO]: [CHAT] <FFEND> ;-;
[22:16:50] [Client thread/INFO]: [CHAT] [ADMIN] tohgamer [STA]: Oh, plug.dj
[22:17:06] [Client thread/INFO]: [CHAT] <HowBadCanItBe> mykeybodisbokenintdospes
[22:17:15] [Client thread/INFO]: [CHAT] <FFEND> shit
[22:17:18] [Client thread/INFO]: [CHAT] [ADMIN] OxLemonxO [SrA]: yes
[22:17:18] [Client thread/INFO]: [CHAT] <FFEND> epic fail
[22:17:25] [Client thread/INFO]: [CHAT] <HowBadCanItBe> mhe¬pme
[22:17:29] [Client thread/INFO]: [CHAT] <HowBadCanItBe> he¬pme
[22:17:30] [Client thread/INFO]: [CHAT] [ADMIN] tohgamer [STA]: I used it to listen to music while on Hypixel.
[22:17:31] [Client thread/INFO]: [CHAT] XTrueBalloraX left the game.
[22:17:32] [Client thread/INFO]: [CHAT] [ADMIN] OxLemonxO [SrA]: come on :P
[22:17:36] [Client thread/INFO]: [CHAT] <HowBadCanItBe> keybod
[22:17:38] [Client thread/INFO]: [CHAT] [ADMIN] tohgamer [STA]: Mobile.
[22:17:40] [Client thread/INFO]: [CHAT] [ADMIN] OxLemonxO [SrA]: o
[22:17:43] [Client thread/INFO]: [CHAT] <HowBadCanItBe> boken
[22:17:46] [Client thread/INFO]: [CHAT] [ADMIN] tohgamer [STA]: Maybe I will when I get home to my small laptop.
[22:17:57] [Client thread/INFO]: [CHAT] [ADMIN] tohgamer [STA]: which runs minecraft at 10 fps.
[22:17:57] [Client thread/INFO]: [CHAT] AngelxS joined the game
[22:17:57] [Client thread/INFO]: [CHAT] Welcome AngelxS to the server!
[22:18:29] [Client thread/INFO]: [CHAT] <HowBadCanItBe> thisisntwoking
[22:18:33] [Client thread/INFO]: [CHAT] <HowBadCanItBe> D:
[22:18:34] [Client thread/INFO]: [CHAT] floAuction: /tp FFEND
[22:19:00] [Client thread/INFO]: [CHAT] AngelxS: /nick &0ImSuchaLoser
[22:19:07] [Client thread/INFO]: [CHAT] floAuction: /d
[22:19:11] [Client thread/INFO]: [CHAT] floAuction: /d armor_stand
[22:19:17] [Client thread/INFO]: [CHAT] AngelxS: /spawn
[22:19:19] [Client thread/INFO]: [CHAT] <HowBadCanItBe> ¬ ¬
[22:19:22] [Client thread/INFO]: [CHAT] <FFEND> ¬_¬
[22:19:24] [Client thread/INFO]: [CHAT] floAuction: /d
[22:19:28] [Client thread/INFO]: [CHAT] floAuction: /dc
[22:19:29] [Client thread/INFO]: [CHAT] floAuction left the game.
[22:19:31] [Client thread/INFO]: [CHAT] watermelon623: //set packedica
[22:19:33] [Client thread/INFO]: [CHAT] floAuction joined the game
[22:19:42] [Client thread/INFO]: [CHAT] watermelon623: //set packedica
[22:19:43] [Client thread/INFO]: [CHAT] [ADMIN] OxLemonxO [SrA]: lol
[22:19:49] [Client thread/INFO]: [CHAT] Inparsian joined the game
[22:19:49] [Client thread/INFO]: [CHAT] Welcome Inparsian to the server!
[22:19:57] [Client thread/INFO]: [CHAT] watermelon623: //set packedica