[01:19:27] [Client thread/INFO]: Connecting to play.totalfreedom.me., 25565
[01:19:29] [Client thread/INFO]: Connecting to play.totalfreedom.me., 25565
[01:19:30] [Client thread/INFO]: [CHAT] [LibsDisguises] There is a update ready to be downloaded! You are using v9.3.0-SNAPSHOT, the new version is v9.5.0!
[01:19:30] [Client thread/INFO]: [CHAT] VideoGameSmash12 joined the game
[01:19:30] [Client thread/INFO]: [CHAT] Welcome to TotalFreedom, VideoGameSmash12!
[01:19:30] [Client thread/INFO]: [CHAT] The server's name does not imply that we have no rules. Please read them (/rules)
[01:19:30] [Client thread/INFO]: [CHAT] Type /help for a list of commands.
[01:19:30] [Client thread/INFO]: [CHAT] Type /list to see who else is online.
[01:19:30] [Client thread/INFO]: [CHAT] Players online: 20 - World time: 12:00 PM
[01:19:30] [Client thread/INFO]: [CHAT] You have no new mail.
[01:19:30] [Client thread/INFO]: [CHAT] < Wolf_LuLu> Back here
[01:19:34] [Client thread/INFO]: [CHAT] [Purple Sister] [TCA] < Nepgear> Video.
[01:19:35] [Client thread/INFO]: [CHAT] < LyricaPrismriver> Do you think I'll waste braincells and time on some random lil shit who decides to call people cancer and disrespects all people
[01:19:36] [Client thread/INFO]: [CHAT] [SA] < Disignus> the thing is, piolo kiss his 18 year old son on the LIPS
[01:19:37] [Client thread/INFO]: [CHAT] < AristocraticBane> thank thank
[01:19:38] [Client thread/INFO]: [CHAT] < Wolf_LuLu> sit down and wait
[01:19:38] [Client thread/INFO]: [CHAT] < LyricaPrismriver> @amethyst_eye
[01:19:42] [Client thread/INFO]: [CHAT] <sleetgrout> rg
[01:19:43] [Client thread/INFO]: [CHAT] <VideoGameSmash12> ?
[01:19:44] [Client thread/INFO]: [CHAT] < AristocraticBane> Oh
[01:19:46] [Client thread/INFO]: [CHAT] GeneralGuruGamer left the game
[01:19:47] [Client thread/INFO]: [CHAT] [Purple Sister] [TCA] < Nepgear> You can verify for me that NathanTheAussie was using troll potions right?
[01:19:54] [Client thread/INFO]: [CHAT] < AmethystForTheEye> LyricaPrismriver u could just say amethyst_eye
[01:20:00] [Client thread/INFO]: [CHAT] < AmethystForTheEye> this is not discord
[01:20:01] [Client thread/INFO]: [CHAT] [SA] < RainFall> Nathan is innocent
[01:20:05] [Client thread/INFO]: [CHAT] [SA] < Disignus> ^
[01:20:05] [Client thread/INFO]: [CHAT] <VideoGameSmash12> well sort of
[01:20:07] [Client thread/INFO]: [CHAT] * Charlotte474747 is no longer AFK.
[01:20:07] [Client thread/INFO]: [CHAT] [STA] <Charlotte474747> AmethystForTheEye
[01:20:08] [Client thread/INFO]: [CHAT] [Purple Sister] [TCA] < Nepgear> NathanTheAussie, not Nathaniel.
[01:20:10] [Client thread/INFO]: [CHAT] [Purple Sister] [TCA] < Nepgear> Yeesh, relax.
[01:20:11] [Client thread/INFO]: [CHAT] <VideoGameSmash12> he had one of the potions
[01:20:11] [Client thread/INFO]: [CHAT] [S4v is king] <UnlimitedNinjas> DisignusBlocks
[01:20:15] [Client thread/INFO]: [CHAT] [SA] < Disignus> ?
[01:20:18] [Client thread/INFO]: [CHAT] [STA] <Charlotte474747> I am going to call you AmethystForTheEye cause I'm savage
[01:20:22] [Client thread/INFO]: [CHAT] <VideoGameSmash12> but wasn't spamming them - i was about to tell you that
[01:20:28] [Client thread/INFO]: [CHAT] < AmethystForTheEye> on what?
[01:20:38] [Client thread/INFO]: [CHAT] < Wolf_LuLu> Now Stay here
[01:20:46] [Client thread/INFO]: [CHAT] Gamemode set to creative.
[01:20:47] [Client thread/INFO]: [CHAT] [S4v is king] <UnlimitedNinjas> soo amethyst_eye
[01:20:49] [Client thread/INFO]: [CHAT] < AmethystForTheEye> if ur trying to call me on discord my mic dont work
[01:20:52] [Client thread/INFO]: [CHAT] [S4v is king] <UnlimitedNinjas> you wanna 1v1 still
[01:20:59] [Client thread/INFO]: [CHAT] < AmethystForTheEye> without arrows
[01:21:02] [Client thread/INFO]: [CHAT] < AmethystForTheEye> or bows
[02:04:19] [Client thread/INFO]: Connecting to play.totalfreedom.me., 25565
[02:04:20] [Client thread/INFO]: [CHAT] VideoGameSmash12 joined the game
[02:04:20] [Client thread/INFO]: [CHAT] Welcome to TotalFreedom, VideoGameSmash12!
[02:04:20] [Client thread/INFO]: [CHAT] The server's name does not imply that we have no rules. Please read them (/rules)
[02:04:20] [Client thread/INFO]: [CHAT] Type /help for a list of commands.
[02:04:20] [Client thread/INFO]: [CHAT] Type /list to see who else is online.
[02:04:20] [Client thread/INFO]: [CHAT] Players online: 11 - World time: 12:00 PM
[02:04:20] [Client thread/INFO]: [CHAT] You have no new mail.
[02:04:20] [Client thread/INFO]: [CHAT] Set fly mode enabled for VideoGameSmash12.
[02:04:20] [Client thread/INFO]: [CHAT] <habahabalos> ??????? ??????????
[02:04:23] [Client thread/INFO]: [CHAT] <UnlimitedNinjas> no op swords lol
[02:04:25] [Client thread/INFO]: [CHAT] Stampy100 joined the game
[02:04:25] [Client thread/INFO]: [CHAT] Welcome Stampy100 to TotalFreedom!
[02:04:31] [Client thread/INFO]: [CHAT] <VideoGameSmash12> yeah
[02:04:33] [Client thread/INFO]: [CHAT] < Deivuxas> t
[02:04:34] [Client thread/INFO]: [CHAT] <Stampy100> what's up bitch asses
[02:04:34] [Client thread/INFO]: [CHAT] < Wolf_LuLu> =3
[02:04:37] [Client thread/INFO]: [CHAT] Maulwurst - Opping Stampy100
[02:04:38] [Client thread/INFO]: [CHAT] < Deivuxas> tm
[02:04:47] [Client thread/INFO]: [CHAT] [ AristocraticBane -> me] Why are you not an admin?
[02:04:49] [Client thread/INFO]: [CHAT] < Deivuxas> give op armour h
[02:04:52] [Client thread/INFO]: [CHAT] [me ->  AristocraticBane] Suspended
[02:04:53] [Client thread/INFO]: [CHAT] <habahabalos> ?? ? ???????? ??????????
[02:04:54] [Client thread/INFO]: [CHAT] <UnlimitedNinjas> lol they not op
[02:04:56] [Client thread/INFO]: [CHAT] [ AristocraticBane -> me] Why
[02:05:00] [Client thread/INFO]: [CHAT] <UnlimitedNinjas> antipotion?
[02:05:02] [Client thread/INFO]: [CHAT] [SA] < RainFall> so many people talking in Discord Voice Chat O.o
[02:05:03] [Client thread/INFO]: [CHAT] <habahabalos> ??
[02:05:03] [Client thread/INFO]: [CHAT] <UnlimitedNinjas> dude
[02:05:06] [Client thread/INFO]: [CHAT] <UnlimitedNinjas> can you not troll arrowS?
[02:05:06] [Client thread/INFO]: [CHAT] < Deivuxas> warp free do it UnlimitedNinjas
[02:05:08] [Client thread/INFO]: [CHAT] <habahabalos> ?? ??????
[02:05:10] [Client thread/INFO]: [CHAT] habahabalos was killed by magic
[02:05:12] [Client thread/INFO]: [CHAT] <Stampy100> you want some more?
[02:05:37] [Client thread/INFO]: [CHAT] <habahabalos> ??? ?????????? ?????? ????
[02:05:43] [Client thread/INFO]: [CHAT] <UnlimitedNinjas> wym?
[02:05:44] [Client thread/INFO]: [CHAT] < Maulwurst> :(
[02:05:48] [Client thread/INFO]: [CHAT] <UnlimitedNinjas> im pro
[02:05:52] [Client thread/INFO]: [CHAT] < AmethystForTheEye> u wish
[02:06:05] [Client thread/INFO]: [CHAT] <habahabalos> ???
[02:06:06] [Client thread/INFO]: [CHAT] <habahabalos> ???
[02:06:15] [Client thread/INFO]: [CHAT] < AmethystForTheEye> lol
[02:06:18] [Client thread/INFO]: [CHAT] < Wolf_LuLu> ggfg do /spawn nOW
[02:06:22] [Client thread/INFO]: [CHAT] <habahabalos> ???? ??
[02:06:29] [Client thread/INFO]: [CHAT] <habahabalos> ?? ???? ???? ? ?? ??????
[02:06:29] [Client thread/INFO]: [CHAT] < Wolf_LuLu> ggfg Leave by doing /spawn Now
[02:06:30] [Client thread/INFO]: [CHAT] < Deivuxas> UnlimitedNinjas u chetating with bow
[02:06:31] [Client thread/INFO]: [CHAT] < Maulwurst> habahabalos where is your sans skin
[02:06:34] [Client thread/INFO]: [CHAT] <UnlimitedNinjas> deivuxas
[02:06:35] [Client thread/INFO]: [CHAT] <habahabalos> ????
[02:06:35] [Client thread/INFO]: [CHAT] < Deivuxas> ok
[02:06:37] [Client thread/INFO]: [CHAT] < AmethystForTheEye> hes a bow noob
[02:06:38] [Client thread/INFO]: [CHAT] <UnlimitedNinjas> i am op
[02:06:40] [Client thread/INFO]: [CHAT] habahabalos left the game
[02:06:43] [Client thread/INFO]: [CHAT] habahabalos joined the game
[02:06:45] [Client thread/INFO]: [CHAT] <habahabalos> ????
[02:06:47] [Client thread/INFO]: [CHAT] UnlimitedNinjas was killed by magic
[02:06:48] [Client thread/INFO]: [CHAT] < Maulwurst> xD
[02:06:52] [Client thread/INFO]: [CHAT] < Deivuxas> where
[02:06:54] [Client thread/INFO]: [CHAT] < Maulwurst> can we play your server
[02:06:55] [Client thread/INFO]: [CHAT] <habahabalos> ?? ????? ????????
[02:06:57] [Client thread/INFO]: [CHAT] < AmethystForTheEye> lol i got his stuff
[02:06:59] [Client thread/INFO]: [CHAT] <habahabalos> ??
[02:07:00] [Client thread/INFO]: [CHAT] xPotato7 joined the game
[02:07:01] [Client thread/INFO]: [CHAT] < Deivuxas> meee
[02:07:01] [Client thread/INFO]: [CHAT] <UnlimitedNinjas> i killed myself xd
[02:07:04] [Client thread/INFO]: [CHAT] < AristocraticBane> Ooops
[02:07:04] [Client thread/INFO]: [CHAT] < Maulwurst> ip ?
[02:07:05] [Client thread/INFO]: [CHAT] <habahabalos> ??? ?? ?????????? ????? ????????
[02:07:08] [Client thread/INFO]: [CHAT] < AristocraticBane> Tried to summon a wolf
[02:07:14] [Client thread/INFO]: [CHAT] < Maulwurst> i forgot the ip
[02:07:20] [Client thread/INFO]: [CHAT] < MrPakAyz> hi
[02:07:34] [Client thread/INFO]: [CHAT] < Deivuxas> u
[02:07:39] [Client thread/INFO]: [CHAT] < Deivuxas> UnlimitedNinjas no bow
[02:07:39] [Client thread/INFO]: [CHAT] Going to world: world_nether
[02:07:45] [Client thread/INFO]: [CHAT] <habahabalos> ????
[02:07:50] [Client thread/INFO]: [CHAT] <UnlimitedNinjas> you wont tell me what to do deivuxas
[02:08:13] [Client thread/INFO]: [CHAT] < Deivuxas> n because u win like that and thats no fair
[02:08:15] [Client thread/INFO]: [CHAT] < Deivuxas> noob
[02:08:20] [Client thread/INFO]: [CHAT] ggfg has been a VERY naughty, naughty boy.
[02:08:20] [Client thread/INFO]: [CHAT] Banning: ggfg, IP: 5.76.*.* - Reason: Griefing ~KINQ
[02:08:20] [Client thread/INFO]: [CHAT] ggfg died
[02:08:20] [Client thread/INFO]: [CHAT] ggfg left the game
[02:08:22] [Client thread/INFO]: [CHAT] deivuxas was killed by magic
[02:08:25] [Client thread/INFO]: [CHAT] <Stampy100> kingqwhite
[02:08:26] [Client thread/INFO]: [CHAT] UnlimitedNinjas was killed by magic
[02:08:28] [Client thread/INFO]: [CHAT] < Deivuxas> seee
[02:08:29] [Client thread/INFO]: [CHAT] <Stampy100> do you remember me
[02:08:31] [Client thread/INFO]: [CHAT] < AmethystForTheEye> lol
[02:08:37] [Client thread/INFO]: [CHAT] <UnlimitedNinjas> i hit myself XD
[02:08:41] [Client thread/INFO]: [CHAT] < AmethystForTheEye> thx
[02:08:45] [Client thread/INFO]: [CHAT] <UnlimitedNinjas> fuckoff
[02:08:51] [Client thread/INFO]: [CHAT] < AmethystForTheEye> lmao
[02:08:55] [Client thread/INFO]: [CHAT] < MrPakAyz> lag
[02:08:55] [Client thread/INFO]: [CHAT] [SA] < RainFall> someone is raging in discord voice channel
[02:08:57] [Client thread/INFO]: [CHAT] < Deivuxas> cheater gmc pvp amethyst_eye
[02:09:00] [Client thread/INFO]: [CHAT] < AristocraticBane> Who
[02:09:01] [Client thread/INFO]: [CHAT] habahabalos withered away
[02:09:04] [Client thread/INFO]: [CHAT] [SA] < RainFall> its ear rape
[02:09:08] [Client thread/INFO]: [CHAT] < AristocraticBane> Lol
[02:09:12] [Client thread/INFO]: [CHAT] [SA] < RainFall> talking about roblox
[02:09:20] [Client thread/INFO]: [CHAT] < MrPakAyz> lagg
[02:09:20] [Client thread/INFO]: [CHAT] < Maulwurst> im playing roblox
[02:09:22] [Client thread/INFO]: [CHAT] < AristocraticBane> ...
[02:09:23] [Client thread/INFO]: [CHAT] < MrPakAyz> oh its gone
[02:09:24] [Client thread/INFO]: [CHAT] <VideoGameSmash12> roblox is shitr
[02:09:26] [Client thread/INFO]: [CHAT] <VideoGameSmash12> roblox is shit
[02:09:28] [Client thread/INFO]: [CHAT] < MrPakAyz> ikr
[02:09:31] [Client thread/INFO]: [CHAT] <Stampy100> roblox is good stfu
[02:09:34] [Client thread/INFO]: [CHAT] <Stampy100> banned
[02:09:37] [Client thread/INFO]: [CHAT] [SA] < RainFall> https://discord.gg/9xGnKJ
[02:09:37] [Client thread/INFO]: [CHAT] <Stampy100> i,m hacking you rn
[02:09:48] [Client thread/INFO]: [CHAT] <Stampy100> video im remote hacking you with command prompt
[02:09:51] [Client thread/INFO]: [CHAT] < AristocraticBane> I'm aready there
[02:09:56] [Client thread/INFO]: [CHAT] < AristocraticBane> Lol
[02:10:01] [Client thread/INFO]: [CHAT] < AmethystForTheEye> roblox sucks
[02:10:04] [Client thread/INFO]: [CHAT] [SA] < RainFall> oh lmao
[02:10:04] [Client thread/INFO]: [CHAT] < Maulwurst> yo usuck
[02:10:08] [Client thread/INFO]: [CHAT] < Maulwurst> you suck you noob
[02:10:11] [Client thread/INFO]: [CHAT] <habahabalos> ??
[02:10:12] [Client thread/INFO]: [CHAT] < AmethystForTheEye> lol
[02:10:13] [Client thread/INFO]: [CHAT] [S4v Is King] <UnlimitedNinjas> who suck?
[02:10:14] [Client thread/INFO]: [CHAT] <habahabalos> ?????? ??? ?????
[02:10:19] [Client thread/INFO]: [CHAT] < AmethystForTheEye> it does
[02:10:20] [Client thread/INFO]: [CHAT] [SA] < RainFall> go to General #2
[02:10:23] [Client thread/INFO]: [CHAT] < Maulwurst> it doesnt!
[02:10:24] [Client thread/INFO]: [CHAT] < AristocraticBane> K
[02:10:37] [Client thread/INFO]: [CHAT] <habahabalos> ????????? ??????? ?? ????
[02:10:38] [Client thread/INFO]: [CHAT] [SA] < RainFall> nvm they moved to another vc
[02:10:42] [Client thread/INFO]: [CHAT] < Deivuxas> me
[02:10:43] [Client thread/INFO]: [CHAT] < AristocraticBane> ...
[02:10:46] [Client thread/INFO]: [CHAT] [SA] < RainFall> General #3 lmao
[02:10:49] [Client thread/INFO]: [CHAT] < AristocraticBane> K
[02:10:56] [Client thread/INFO]: [CHAT] ItzMeDuck joined the game
[02:10:57] [Client thread/INFO]: [CHAT] *  Cosmic CosmicFactions.mcnetwork.me is back
[02:11:05] [Client thread/INFO]: [CHAT] [S4v Is King] <UnlimitedNinjas> ItzMeDuck HII
[02:11:07] [Client thread/INFO]: [CHAT] < NoHacksJoustCake> hello
[02:11:11] [Client thread/INFO]: [CHAT] < NoHacksJoustCake> hi
[02:11:12] [Client thread/INFO]: [CHAT] < Deivuxas> thnks Maulwurst
[02:11:14] [Client thread/INFO]: [CHAT] < MrPakAyz> duck more like doni bobes
[02:11:17] [Client thread/INFO]: [CHAT] [S4v Is King] <UnlimitedNinjas> fuckoff
[02:11:18] [Client thread/INFO]: [CHAT] <habahabalos> ????????? ??????? ?? ???? ??? ?????? ??????? ?? ????
[02:11:24] [Client thread/INFO]: [CHAT] <habahabalos> ? ???? ?????? ?? ????
[02:11:32] [Client thread/INFO]: [CHAT] [S4v Is King] <UnlimitedNinjas> roblox is noob
[02:11:33] [Client thread/INFO]: [CHAT] That command is blocked.
[02:11:34] [Client thread/INFO]: [CHAT] < AmethystForTheEye> cool but it still sucks
[02:11:36] [Client thread/INFO]: [CHAT] <habahabalos> ??? ??? ????
[02:11:39] [Client thread/INFO]: [CHAT] < MrPakAyz> sav for admin
[02:11:40] [Client thread/INFO]: [CHAT] < AmethystForTheEye> roblox is cancer
[02:11:42] [Client thread/INFO]: [CHAT] That command is blocked.
[02:11:43] [Client thread/INFO]: [CHAT] * ComsatPlays is now AFK.
[02:11:45] [Client thread/INFO]: [CHAT] Teleporting to Stampy100.
[02:11:46] [Client thread/INFO]: [CHAT] [S4v Is King] <UnlimitedNinjas> ^
[02:11:54] [Client thread/INFO]: [CHAT] <habahabalos> ??
[02:11:55] [Client thread/INFO]: [CHAT] < Wolf_LuLu> Kinq
[02:11:57] [Client thread/INFO]: [CHAT] <Stampy100> hey guys
[02:11:57] [Client thread/INFO]: [CHAT] [SA] < RainFall> hm?
[02:11:58] [Client thread/INFO]: [CHAT] *  Maulwurst is now AFK.
[02:11:58] [Client thread/INFO]: [CHAT] <habahabalos> ? ?????? ??? ?????
[02:12:00] [Client thread/INFO]: [CHAT] < NoHacksJoustCake> KinqWhite why we cant create regions?
[02:12:03] [Client thread/INFO]: [CHAT] xPotato7 left the game
[02:12:04] [Client thread/INFO]: [CHAT] <Stampy100> i linked cheat engine and this game and im using speed hacks
[02:12:06] [Client thread/INFO]: [CHAT] xPotato7 joined the game
[02:12:06] [Client thread/INFO]: [CHAT] < AmethystForTheEye> habahabalos are u mad/
[02:12:11] [Client thread/INFO]: [CHAT] < AmethystForTheEye> ?
[02:12:17] [Client thread/INFO]: [CHAT] [S4v Is King] <UnlimitedNinjas> VideoGameSmash12
[02:12:18] [Client thread/INFO]: [CHAT] < Wolf_LuLu> nvm?
[02:12:21] [Client thread/INFO]: [CHAT] [S4v Is King] <UnlimitedNinjas> arent you STA?
[02:12:26] [Client thread/INFO]: [CHAT] < AmethystForTheEye> he got promoted
[02:12:28] [Client thread/INFO]: [CHAT] < Wolf_LuLu> wait i remembered
[02:12:30] [Client thread/INFO]: [CHAT] [S4v Is King] <UnlimitedNinjas> to op?
[02:12:32] [Client thread/INFO]: [CHAT] <Stampy100> he got banned for smoking crack
[02:12:36] [Client thread/INFO]: [CHAT] < AmethystForTheEye> ya
[02:12:40] [Client thread/INFO]: [CHAT] < Wolf_LuLu> Kinq can i extend my W/e limit to 9000 plz?
[02:12:44] [Client thread/INFO]: [CHAT] [SA] < RainFall> sure
[02:12:44] [Client thread/INFO]: [CHAT] [S4v Is King] <UnlimitedNinjas> *claps*
[02:12:46] [Client thread/INFO]: [CHAT] <Stampy100> gtfo hackers
[02:12:53] [Client thread/INFO]: [CHAT] xPotato7 left the game
[02:12:54] [Client thread/INFO]: [CHAT] <Stampy100> fuck all of you hackers
[02:12:57] [Client thread/INFO]: [CHAT] xPotato7 joined the game
[02:12:58] [Client thread/INFO]: [CHAT] < AmethystForTheEye> lol
[02:13:01] [Client thread/INFO]: [CHAT] [S4v Is King] <UnlimitedNinjas> Stampy100 why so mad?
[02:13:02] [Client thread/INFO]: [CHAT] < Wolf_LuLu> ugh
[02:13:04] [Client thread/INFO]: [CHAT] GeneralGuruGamer left the game
[02:13:06] [Client thread/INFO]: [CHAT] < MrPakAyz> im lagging aahhh
[02:13:06] [Client thread/INFO]: [CHAT] < NoHacksJoustCake> KinqWhite can u make a npc with armor please ?
[02:13:09] [Client thread/INFO]: [CHAT] <Stampy100> because I don't have enough meth
[02:13:21] [Client thread/INFO]: [CHAT] < Wolf_LuLu> .-. lag
[02:13:27] [Client thread/INFO]: [CHAT] < NoHacksJoustCake> no
[02:13:27] [Client thread/INFO]: [CHAT] <Stampy100> lag my butt
[02:13:32] [Client thread/INFO]: [CHAT] [S4v Is King] <UnlimitedNinjas> lag your ass
[02:13:35] [Client thread/INFO]: [CHAT] That command is blocked.
[02:13:36] [Client thread/INFO]: [CHAT] < AmethystForTheEye> Stampy100 no one cares
[02:13:36] [Client thread/INFO]: [CHAT] <Stampy100> ikr
[02:13:37] [Client thread/INFO]: [CHAT] Teleporting to Stampy100.
[02:13:40] [Client thread/INFO]: [CHAT] xPotato7 left the game
[02:13:43] [Client thread/INFO]: [CHAT] <Stampy100> amethyst gtfo
[02:13:48] [Client thread/INFO]: [CHAT] < AmethystForTheEye> cant
[02:13:49] [Client thread/INFO]: [CHAT] <Stampy100> if u don't like it
[02:13:50] [Client thread/INFO]: [CHAT] <VideoGameSmash12> rekt
[02:13:55] [Client thread/INFO]: [CHAT] <Stampy100> don't look at my chat msgs
[02:13:59] [Client thread/INFO]: [CHAT] xPotato7 joined the game
[02:14:00] [Client thread/INFO]: [CHAT] < NoHacksJoustCake> KinqWhite can u make a npc with armor please ?
[02:14:23] [Client thread/INFO]: [CHAT] *  Maulwurst is no longer AFK.
[02:14:25] [Client thread/INFO]: [CHAT] < Maulwurst> backi back
[02:14:43] [Client thread/INFO]: [CHAT] xPotato7 left the game
[02:14:44] [Client thread/INFO]: [CHAT] * UnlimitedNinjas I LOVE COSMICFACTIONS
[02:14:45] [Client thread/INFO]: [CHAT] <habahabalos> ?????????
[02:14:47] [Client thread/INFO]: [CHAT] <habahabalos> ??? ? ??
[02:14:55] [Client thread/INFO]: [CHAT] <habahabalos> ??? ? ??
[02:15:00] [Client thread/INFO]: [CHAT] CONSOLE - Opping all players on the server
[02:15:00] [Client thread/INFO]: [CHAT] You are now op!
[02:15:03] [Client thread/INFO]: [CHAT] *  Maulwurst I LOVE ROBLOX AND MINECRAFT
[02:15:09] [Client thread/INFO]: [CHAT] [S4v Is King] <UnlimitedNinjas> i love cosmicfactions
[02:15:12] [Client thread/INFO]: [CHAT] * VideoGameSmash12 I LOVE CANCER
[02:15:16] [Client thread/INFO]: [CHAT] <Stampy100> kingqwhite
[02:15:28] [Client thread/INFO]: [CHAT] <Stampy100> can you paste in my coffeeshop
[02:15:36] [Client thread/INFO]: [CHAT] < AmethystForTheEye> no
[02:15:38] [Client thread/INFO]: [CHAT] *  Wolf_LuLu is now AFK.
[02:15:39] [Client thread/INFO]: [CHAT] <Stampy100> fuck off
[02:15:45] [Client thread/INFO]: [CHAT] Schematic stampycoffee does not exist!
[02:15:49] [Client thread/INFO]: [CHAT] < AmethystForTheEye> shut up u bag of dicks
[02:15:51] [Client thread/INFO]: [CHAT] Schematic Coffee does not exist!
[02:15:51] [Client thread/INFO]: [CHAT] <Stampy100> amethyst im hacking you if you don't fuck off
[02:15:55] [Client thread/INFO]: [CHAT] Schematic coffee does not exist!
[02:15:56] [Client thread/INFO]: [CHAT] < AmethystForTheEye> hack meh
[02:16:08] [Client thread/INFO]: [CHAT] [S4v Is King] <UnlimitedNinjas> Stampy100 dont be salty
[02:16:13] [Client thread/INFO]: [CHAT] < AmethystForTheEye> hes pepper
[02:16:34] [Client thread/INFO]: [CHAT] habahabalos fell from a high place
[02:16:37] [Client thread/INFO]: [CHAT] < AmethystForTheEye> p habahabalos
[02:16:44] [Client thread/INFO]: [CHAT] < AmethystForTheEye> ::;;;;;lllllllllll
[02:16:45] [Client thread/INFO]: [CHAT] Maulwurst left the game
[02:16:46] [Client thread/INFO]: [CHAT] deivuxas left the game
[02:16:51] [Client thread/INFO]: [CHAT] deivuxas joined the game
[02:16:52] [Client thread/INFO]: [CHAT] [SA] < RainFall> did someone said my name
[02:16:55] [Client thread/INFO]: [CHAT] [SA] < RainFall> i got nudged
[02:16:58] [Client thread/INFO]: [CHAT] <habahabalos> Kinq
[02:17:01] [Client thread/INFO]: [CHAT] [SA] < RainFall> ?
[02:17:05] [Client thread/INFO]: [CHAT] [S4v Is King] <UnlimitedNinjas> Cyka nuggets
[02:17:09] [Client thread/INFO]: [CHAT] <habahabalos> can i tp
[02:17:12] [Client thread/INFO]: [CHAT] < AmethystForTheEye> no
[02:17:16] [Client thread/INFO]: [CHAT] < AmethystForTheEye> jk
[02:17:26] [Client thread/INFO]: [CHAT] [S4v Is King] <UnlimitedNinjas> who wants cyka nuggets?
[02:17:31] [Client thread/INFO]: [CHAT] < NoHacksJoustCake> me
[02:17:32] [Client thread/INFO]: [CHAT] < Deivuxas> mee
[02:17:35] [Client thread/INFO]: [CHAT] <Stampy100> fuck you all
[02:17:40] [Client thread/INFO]: [CHAT] habahabalos fell from a high place
[02:17:46] [Client thread/INFO]: [CHAT] <habahabalos> what the
[02:17:47] [Client thread/INFO]: [CHAT] < Deivuxas> meeeee
[02:17:49] [Client thread/INFO]: [CHAT] < Deivuxas> UnlimitedNinjas
[02:17:50] [Client thread/INFO]: [CHAT] < NoHacksJoustCake> Stampy100 stop
[02:17:56] [Client thread/INFO]: [CHAT] < AmethystForTheEye> Stampy100 is a nazi
[02:18:13] [Client thread/INFO]: [CHAT] * UnlimitedNinjas /WARP CYKA FOR FREE CYKA NUGGETS
[02:18:24] [Client thread/INFO]: [CHAT]  RainFall hugs  Wolf_LuLu
[02:18:49] [Client thread/INFO]: [CHAT] * UnlimitedNinjas /WARP CYKA FOR FREE CYKA NUGGETS
[02:19:01] [Client thread/INFO]: [CHAT] < NoHacksJoustCake> im makin a ship
[02:19:01] [Client thread/INFO]: [CHAT] [SA] < RainFall> i want cookies
[02:19:08] [Client thread/INFO]: [CHAT] [S4v Is King] <UnlimitedNinjas> CYKA
[02:19:10] [Client thread/INFO]: [CHAT] [S4v Is King] <UnlimitedNinjas> nuggets
[02:19:12] [Client thread/INFO]: [CHAT] [S4v Is King] <UnlimitedNinjas> 4 lyfe
[02:19:17] [Client thread/INFO]: [CHAT] <Stampy100> im banning you
[02:19:24] [Client thread/INFO]: [CHAT] < AmethystForTheEye> cool
[02:19:25] [Client thread/INFO]: [CHAT] That command is blocked.
[02:19:26] [Client thread/INFO]: [CHAT] < AmethystForTheEye> ban me
[02:19:28] [Client thread/INFO]: [CHAT] Teleporting to Stampy100.
[02:19:30] [Client thread/INFO]: [CHAT] <Stampy100> banned
[02:19:32] [Client thread/INFO]: [CHAT] [S4v Is King] <UnlimitedNinjas> lol
[02:19:32] [Client thread/INFO]: [CHAT] <VideoGameSmash12> ./doom
[02:19:34] [Client thread/INFO]: [CHAT] < AmethystForTheEye> im here
[02:19:34] [Client thread/INFO]: [CHAT] [S4v Is King] <UnlimitedNinjas> XD
[02:19:40] [Client thread/INFO]: [CHAT] <Stampy100> happy?
[02:19:40] [Client thread/INFO]: [CHAT] [S4v Is King] <UnlimitedNinjas> Stampy100 sooooooo salty
[02:19:42] [Client thread/INFO]: [CHAT] <habahabalos> i stole some
[02:19:49] [Client thread/INFO]: [CHAT] <Stampy100> hey man
[02:19:54] [Client thread/INFO]: [CHAT] < Deivuxas> how
[02:19:54] [Client thread/INFO]: [CHAT] <Stampy100> im just on minecraft talking shit
[02:19:57] [Client thread/INFO]: [CHAT] <Stampy100> i ain't salty
[02:20:03] [Client thread/INFO]: [CHAT] [S4v Is King] <UnlimitedNinjas> Stampy100 sooooooo salty!
[02:20:08] [Client thread/INFO]: [CHAT] habahabalos was slain by deivuxas using [§6§lBan Nugget]
[02:20:10] [Client thread/INFO]: [CHAT] [me -> Stampy100] Big namer
[02:20:11] [Client thread/INFO]: [CHAT] [SA] < RainFall> wf
[02:20:12] [Client thread/INFO]: [CHAT] [S4v Is King] <UnlimitedNinjas> LKOL
[02:20:12] [Client thread/INFO]: [CHAT] [SA] < RainFall> wtf
[02:20:12] [Client thread/INFO]: [CHAT] <Stampy100> unlimitedninjas so GAY
[02:20:19] [Client thread/INFO]: [CHAT] [S4v Is King] <UnlimitedNinjas> desrespect
[02:20:20] [Client thread/INFO]: [CHAT] deivuxas has been a naughty, naughty boy.
[02:20:20] [Client thread/INFO]: [CHAT]   Smitten by: KinqWhite
[02:20:20] [Client thread/INFO]: [CHAT] deivuxas died
[02:20:26] [Client thread/INFO]: [CHAT] [Server:KinqWhite] Don't Unwanted pvp
[02:20:26] [Client thread/INFO]: [CHAT] habahabalos was slain by amethyst_eye using [§6§lCyka nuggets]
[02:20:28] [Client thread/INFO]: [CHAT] <VideoGameSmash12> UnlimitedNinjas he has the salt but you have the meth
[02:20:31] [Client thread/INFO]: [CHAT] <Stampy100> kinqwhite so /smite UnlimitedNinjas
[02:20:36] [Client thread/INFO]: [CHAT] <habahabalos> Spawn PVP not allowed
[02:20:37] [Client thread/INFO]: [CHAT] < Deivuxas> op me
[02:20:41] [Client thread/INFO]: [CHAT] <Stampy100> or /glist
[02:20:41] [Client thread/INFO]: [CHAT] < NoHacksJoustCake> Stampy100 STOP
[02:20:41] [Client thread/INFO]: [CHAT] amethyst_eye - Opping deivuxas
[02:20:46] [Client thread/INFO]: [CHAT] <Stampy100> stop what
[02:20:46] [Client thread/INFO]: [CHAT] KinqWhite - Removing all server entities.
[02:20:58] [Client thread/INFO]: [CHAT] [SA] < RainFall> uhm, what is going on
[02:21:01] [Client thread/INFO]: [CHAT] <Stampy100> nothing
[02:21:05] [Client thread/INFO]: [CHAT] < AmethystForTheEye> Stampy100 is being a dick
[02:21:09] [Client thread/INFO]: [CHAT] [S4v Is King] <UnlimitedNinjas> yes ^
[02:21:09] [Client thread/INFO]: [CHAT] <Stampy100> no
[02:21:12] [Client thread/INFO]: [CHAT] [SA] < RainFall> how is he being a dick
[02:21:13] [Client thread/INFO]: [CHAT] *  AD Join TheMasterSans.serv.gs only 10 can join! cuz its free! ONLINE IS IT!
[02:21:17] [Client thread/INFO]: [CHAT] < Deivuxas> UnlimitedNinjas invsee me
[02:21:19] [Client thread/INFO]: [CHAT] <Stampy100> stop talking shit
[02:21:24] [Client thread/INFO]: [CHAT] <habahabalos> byeeeeeeeeeeeeeeeeeeeee
[02:21:24] [Client thread/INFO]: [CHAT] < AmethystForTheEye> first hes saying everyone to fuckoff and shit
[02:21:29] [Client thread/INFO]: [CHAT] < Deivuxas> bye
[02:21:29] [Client thread/INFO]: [CHAT] <Stampy100> im messing with yall lmfao
[02:21:31] [Client thread/INFO]: [CHAT] <habahabalos> join me guys!
[02:21:33] [Client thread/INFO]: [CHAT] <VideoGameSmash12> lol
[02:21:33] [Client thread/INFO]: [CHAT] < AmethystForTheEye> how?
[02:21:34] [Client thread/INFO]: [CHAT] [S4v Is King] <UnlimitedNinjas> yee cyka nuggets
[02:21:36] [Client thread/INFO]: [CHAT] <Stampy100> im just talking shit
[02:21:39] [Client thread/INFO]: [CHAT] < AmethystForTheEye> habahabalos
[02:21:43] [Client thread/INFO]: [CHAT] <habahabalos> wat
[02:21:48] [Client thread/INFO]: [CHAT] [SA] < RainFall> that doesn't make any sense
[02:21:50] [Client thread/INFO]: [CHAT] < AmethystForTheEye> ur using server.pro lol
[02:21:52] [Client thread/INFO]: [CHAT] <habahabalos> ya
[02:21:52] [Client thread/INFO]: [CHAT] [S4v Is King] <UnlimitedNinjas> the mighty cyka nuggets
[02:21:53] [Client thread/INFO]: [CHAT] < Deivuxas> cool UnlimitedNinjas
[02:21:54] [Client thread/INFO]: [CHAT] <Stampy100> if you can't take someone talking shit on mc than gtfo
[02:21:56] [Client thread/INFO]: [CHAT] <habahabalos> but PLZ PLAY
[02:22:00] [Client thread/INFO]: [CHAT] <habahabalos> it worked
[02:22:01] [Client thread/INFO]: [CHAT] < AmethystForTheEye> no
[02:22:08] [Client thread/INFO]: [CHAT] <habahabalos> my friends played it
[02:22:15] [Client thread/INFO]: [CHAT] Premintex is a Telnet Clan Admin and a Senior Applicant
[02:22:15] [Client thread/INFO]: [CHAT] Premintex joined the game
[02:22:15] [Client thread/INFO]: [CHAT] < AmethystForTheEye> well ur friends can join
[02:22:18] [Client thread/INFO]: [CHAT] <habahabalos> UnlimitedNinjas can u join me
[02:22:19] [Client thread/INFO]: [CHAT] [STA] < Premintex> hello!
[02:22:23] [Client thread/INFO]: [CHAT] <habahabalos> Premintex
[02:22:24] [Client thread/INFO]: [CHAT] < NoHacksJoustCake> hey
[02:22:25] [Client thread/INFO]: [CHAT] [STA] < Premintex> yes
[02:22:25] [Client thread/INFO]: [CHAT] [S4v Is King] <UnlimitedNinjas> habahabalos ?
[02:22:29] [Client thread/INFO]: [CHAT] [S4v Is King] <UnlimitedNinjas> on what?
[02:22:33] [Client thread/INFO]: [CHAT] <habahabalos> why keepInventory is false
[02:22:34] [Client thread/INFO]: [CHAT] < AmethystForTheEye> on his srver
[02:22:36] [Client thread/INFO]: [CHAT] < AmethystForTheEye> server*
[02:22:53] [Client thread/INFO]: [CHAT] < NoHacksJoustCake> Premintex can u protect my ship but i will still have permisson to build?
[02:22:58] [Client thread/INFO]: [CHAT] [STA] < Premintex> ok
[02:23:02] [Client thread/INFO]: [CHAT] <Stampy100> guys
[02:23:06] [Client thread/INFO]: [CHAT] <Stampy100> VideoGameSmash12 is hacking
[02:23:10] [Client thread/INFO]: [CHAT] UnlimitedNinjas left the game
[02:23:10] [Client thread/INFO]: [CHAT] [STA] < Premintex> thats a shuttle but k
[02:23:11] [Client thread/INFO]: [CHAT] <habahabalos> Hacks allowed
[02:23:16] [Client thread/INFO]: [CHAT] < NoHacksJoustCake> jes
[02:23:34] [Client thread/INFO]: [CHAT] <Stampy100> why the fuck is worldguard on this server
[02:23:38] [Client thread/INFO]: [CHAT] [STA] < Premintex> ok
[02:23:38] [Client thread/INFO]: [CHAT] [STA] < Premintex> done
[02:23:41] [Client thread/INFO]: [CHAT] < NoHacksJoustCake> ty
[02:23:43] [Client thread/INFO]: [CHAT] [STA] < Premintex> yw
[02:23:45] [Client thread/INFO]: [CHAT] <habahabalos> cuz its protecting
[02:23:49] [Client thread/INFO]: [CHAT] <Stampy100> ugh]
[02:23:52] [Client thread/INFO]: [CHAT] <Stampy100> *uh
[02:23:55] [Client thread/INFO]: [CHAT] <habahabalos> guys
[02:24:01] [Client thread/INFO]: [CHAT] <Stampy100> so coreprotect isn't protecting?
[02:24:02] [Client thread/INFO]: [CHAT] [STA] < Premintex> yes
[02:24:08] [Client thread/INFO]: [CHAT] [STA] < Premintex> coreprotect
[02:24:10] [Client thread/INFO]: [CHAT] <habahabalos> U Dont know about day later _JustMeNick (SA) Playing with me
[02:24:13] [Client thread/INFO]: [CHAT] [STA] < Premintex> rollbacks and stuff
[02:24:18] [Client thread/INFO]: [CHAT] [SA] < RainFall> habahabalos
[02:24:20] [Client thread/INFO]: [CHAT] <habahabalos> wat
[02:24:24] [Client thread/INFO]: [CHAT] [SA] < RainFall> JustMeNick is Sav
[02:24:27] [Client thread/INFO]: [CHAT] <habahabalos> oh
[02:24:32] [Client thread/INFO]: [CHAT] <habahabalos> but
[02:24:35] [Client thread/INFO]: [CHAT] <habahabalos> about this
[02:24:40] [Client thread/INFO]: [CHAT] <habahabalos> i have coreprotect on server
[02:24:48] [Client thread/INFO]: [CHAT] <habahabalos> and How to protect..
[02:24:54] [Client thread/INFO]: [CHAT] <Stampy100> coreprotect > worldgaurd
[02:24:55] [Client thread/INFO]: [CHAT] <habahabalos> that im protect my spawn
[02:24:58] [Client thread/INFO]: [CHAT] [STA] < Premintex> worldguard is the thing that protects builds
[02:25:00] [Client thread/INFO]: [CHAT] <Stampy100> worldguard is gay
[02:25:02] [Client thread/INFO]: [CHAT] [STA] < Premintex> coreprotect doesnt
[02:25:02] [Client thread/INFO]: [CHAT] [SA] < RainFall> idk why its called "CoreProtect"
[02:25:07] [Client thread/INFO]: [CHAT] <habahabalos> i have world guard
[02:25:09] [Client thread/INFO]: [CHAT] <VideoGameSmash12> worldguard should fuck off
[02:25:13] [Client thread/INFO]: [CHAT] [STA] < Premintex> then use worldguard
[02:25:14] [Client thread/INFO]: [CHAT] <Stampy100> ikr
[02:25:18] [Client thread/INFO]: [CHAT] <habahabalos> but how
[02:25:24] [Client thread/INFO]: [CHAT] <Stampy100> permban me from life pls
[02:25:26] [Client thread/INFO]: [CHAT] [STA] < Premintex> tutorials on youtube
[02:25:30] [Client thread/INFO]: [CHAT] <habahabalos> ok
[02:25:35] [Client thread/INFO]: [CHAT] UnlimitedNinjas joined the game
[02:25:38] [Client thread/INFO]: [CHAT] <Stampy100> who ever is near me im hacking the fuck out of you
[02:25:45] [Client thread/INFO]: [CHAT] <VideoGameSmash12> unregistered hypercam 2
[02:26:03] [Client thread/INFO]: [CHAT] < AmethystForTheEye> do it m8
[02:26:04] [Client thread/INFO]: [CHAT] <Stampy100> unlimitedninjas give me unlimitedblowjobs
[02:26:12] [Client thread/INFO]: [CHAT] <VideoGameSmash12> LOL
[02:26:13] [Client thread/INFO]: [CHAT] [S4v Is King] <UnlimitedNinjas> give me your pussy then
[02:26:15] [Client thread/INFO]: [CHAT] [STA] < Premintex> wtf?
[02:26:18] [Client thread/INFO]: [CHAT] [SA] < RainFall> wtf
[02:26:19] [Client thread/INFO]: [CHAT] <Stampy100> k
[02:26:20] [Client thread/INFO]: [CHAT] < AmethystForTheEye> wtf
[02:26:22] [Client thread/INFO]: [CHAT] <Stampy100> wtf
[02:26:22] [Client thread/INFO]: [CHAT] [SA] < RainFall> you guys are being sexual
[02:26:27] [Client thread/INFO]: [CHAT] [S4v Is King] <UnlimitedNinjas> not me
[02:26:28] [Client thread/INFO]: [CHAT] <VideoGameSmash12> UnlimitedNinjas, why his? is it because you can't get any other pussy?
[02:26:33] [Client thread/INFO]: [CHAT] < AmethystForTheEye> oh wow
[02:26:34] [Client thread/INFO]: [CHAT] [SA] < RainFall> LOL
[02:26:38] [Client thread/INFO]: [CHAT] [S4v Is King] <UnlimitedNinjas> yes VideoGameSmash12
[02:26:38] [Client thread/INFO]: [CHAT] <habahabalos> bye
[02:26:41] [Client thread/INFO]: [CHAT] [S4v Is King] <UnlimitedNinjas> that is true
[02:26:41] [Client thread/INFO]: [CHAT] habahabalos left the game
[02:26:44] [Client thread/INFO]: [CHAT] <Stampy100> e-pussy
[02:26:50] [Client thread/INFO]: [CHAT] [S4v Is King] <UnlimitedNinjas> i only want gud Stampy100 pussy
[02:26:52] [Client thread/INFO]: [CHAT] <Stampy100> im not even a girl but lmao
[02:27:01] [Client thread/INFO]: [CHAT] [S4v Is King] <UnlimitedNinjas> sure you are :P
[02:27:02] [Client thread/INFO]: [CHAT] <Stampy100> traps are gay
[02:27:06] [Client thread/INFO]: [CHAT] habahabalos joined the game
[02:27:06] [Client thread/INFO]: [CHAT] <VideoGameSmash12> how would you gve a girl a blowjob
[02:27:11] [Client thread/INFO]: [CHAT] <habahabalos> UnlimitedNinjas Join plz
[02:27:12] [Client thread/INFO]: [CHAT] <Stampy100> exactly
[02:27:14] [Client thread/INFO]: [CHAT] <habahabalos> im joining now
[02:27:14] [Client thread/INFO]: [CHAT] < Deivuxas> clear the lagg
[02:27:19] [Client thread/INFO]: [CHAT] [S4v Is King] <UnlimitedNinjas> habahabalos
[02:27:23] [Client thread/INFO]: [CHAT] <Stampy100> can someone send me fps
[02:27:25] [Client thread/INFO]: [CHAT] Premintex - Removing all server entities.
[02:27:26] [Client thread/INFO]: [CHAT] Premintex - Purging all mobs
[02:27:26] [Client thread/INFO]: [CHAT] [S4v Is King] <UnlimitedNinjas> im working on me server
[02:27:26] [Client thread/INFO]: [CHAT] Premintex - Unloading unused chunks
[02:27:27] [Client thread/INFO]: [CHAT] < AmethystForTheEye> no
[02:27:28] [Client thread/INFO]: [CHAT] <Stampy100> like can someone email me fps
[02:27:29] [Client thread/INFO]: [CHAT] <habahabalos> i know u not.
[02:27:29] [Client thread/INFO]: [CHAT] < Deivuxas> lagg cleaar it thanks
[02:27:34] [Client thread/INFO]: [CHAT] < AmethystForTheEye> Stampy100 nope
[02:27:39] [Client thread/INFO]: [CHAT] <habahabalos> if u dont want play
[02:27:41] [Client thread/INFO]: [CHAT] <Stampy100> f u then
[02:27:43] [Client thread/INFO]: [CHAT] <habahabalos> DE-Admining
[02:27:48] [Client thread/INFO]: [CHAT] < AmethystForTheEye> get a good pc than boi
[02:27:54] [Client thread/INFO]: [CHAT] [CF Own3r] <UnlimitedNinjas> is this ok>? <----
[02:27:59] [Client thread/INFO]: [CHAT] <habahabalos> Resetting server
[02:28:12] [Client thread/INFO]: [CHAT] [CF Own3r] <UnlimitedNinjas> I love
[02:28:16] [Client thread/INFO]: [CHAT] <Stampy100> dicks
[02:28:18] [Client thread/INFO]: [CHAT] [SA] < RainFall> UnlimitedNinjas
[02:28:19] [Client thread/INFO]: [CHAT] [CF Own3r] <UnlimitedNinjas> lel
[02:28:20] [Client thread/INFO]: [CHAT] [STA] < Premintex> LOL
[02:28:22] [Client thread/INFO]: [CHAT] [SA] < RainFall> that contains a forbidden word
[02:28:28] [Client thread/INFO]: [CHAT] [CF Own3r] <UnlimitedNinjas> ermm Own3r?
[02:28:30] [Client thread/INFO]: [CHAT] <habahabalos> admin DEOP Me for 1 test
[02:28:33] [Client thread/INFO]: [CHAT] [CF Own3r] <UnlimitedNinjas> is forbidden
[02:28:33] [Client thread/INFO]: [CHAT] Premintex - De-opping habahabalos
[02:28:35] [Client thread/INFO]: [CHAT] deivuxas left the game
[02:28:35] [Client thread/INFO]: [CHAT] <Stampy100> racism is not allowed right?
[02:28:37] [Client thread/INFO]: [CHAT] <habahabalos> thx
[02:28:40] [Client thread/INFO]: [CHAT] <Stampy100> unlimited niBBas
[02:28:41] [Client thread/INFO]: [CHAT] [SA] < RainFall> its still considered as "Owner"
[02:28:48] [Client thread/INFO]: [CHAT] <Stampy100> rainfall
[02:28:54] [Client thread/INFO]: [CHAT] <Stampy100> what about the tag ''owning''
[02:28:54] [Client thread/INFO]: [CHAT] ItzMeDuck left the game
[02:29:00] [Client thread/INFO]: [CHAT] [SA] < RainFall> uh
[02:29:01] [Client thread/INFO]: [CHAT] [SA] < RainFall> ._.
[02:29:04] [Client thread/INFO]: [CHAT] <Stampy100> like
[02:29:07] [Client thread/INFO]: [CHAT] <Stampy100> im owning u bitches
[02:29:11] [Client thread/INFO]: [CHAT] <habahabalos> wait
[02:29:13] [Client thread/INFO]: [CHAT] [CF 0wn3r] <UnlimitedNinjas> there
[02:29:14] [Client thread/INFO]: [CHAT] [CF 0wn3r] <UnlimitedNinjas> fixed
[02:29:20] [Client thread/INFO]: [CHAT] [SA] < RainFall> how is that supposed to be on a ag
[02:29:21] [Client thread/INFO]: [CHAT] [SA] < RainFall> tag*
[02:29:22] [Client thread/INFO]: [CHAT] < tabby> Connected using PickaxeChat for Android
[02:29:22] [Client thread/INFO]: [CHAT] saturnturn is a Telnet Clan. and is gay for Heather Chandler
[02:29:22] [Client thread/INFO]: [CHAT] saturnturn joined the game
[02:29:29] [Client thread/INFO]: [CHAT] You do not have permission to use this command.
[02:29:30] [Client thread/INFO]: [CHAT] [CF 0wn3r] <UnlimitedNinjas> saturnturn
[02:29:31] [Client thread/INFO]: [CHAT] [SA] < RainFall> Fatteh
[02:29:33] [Client thread/INFO]: [CHAT] [STA] < tabby> ?
[02:29:34] [Client thread/INFO]: [CHAT] <habahabalos> op me back -_- test not work
[02:29:35] [Client thread/INFO]: [CHAT] [CF 0wn3r] <UnlimitedNinjas> ahh
[02:29:36] [Client thread/INFO]: [CHAT] [SA] < RainFall> fatty
[02:29:38] [Client thread/INFO]: [CHAT] UnlimitedNinjas - Opping habahabalos
[02:29:39] [Client thread/INFO]: [CHAT] amethyst_eye - Opping habahabalos
[02:29:39] [Client thread/INFO]: [CHAT] [SA] < RainFall> Furry
[02:29:39] [Client thread/INFO]: [CHAT] saturnturn - Opping all players on the server
[02:29:39] [Client thread/INFO]: [CHAT] You are now op!
[02:29:47] [Client thread/INFO]: [CHAT] [SA] < RainFall> Fatteh the furreh
[02:29:49] [Client thread/INFO]: [CHAT] [CF 0wn3r] <UnlimitedNinjas> i needc sav to join
[02:29:52] [Client thread/INFO]: [CHAT] [CF 0wn3r] <UnlimitedNinjas> cuz sav is king
[02:29:57] [Client thread/INFO]: [CHAT] < AmethystForTheEye> .-.
[02:29:58] [Client thread/INFO]: [CHAT] <Stampy100> sav is gay
[02:30:00] [Client thread/INFO]: [CHAT] CONSOLE - Opping all players on the server
[02:30:00] [Client thread/INFO]: [CHAT] You are now op!
[02:30:02] [Client thread/INFO]: [CHAT] <Stampy100> legit begs for admin
[02:30:03] [Client thread/INFO]: [CHAT] [STA] < tabby> k well i don't have contact w/ him
[02:30:06] [Client thread/INFO]: [CHAT] < AmethystForTheEye> Stampy100 ur right about that one
[02:30:10] [Client thread/INFO]: [CHAT] <VideoGameSmash12> UnlimitedNinjas no he isn't you illiterate fuck
[02:30:12] [Client thread/INFO]: [CHAT] [CONSOLE]<CONSOLE> <Commodore64x> Hello there!
[02:30:15] [Client thread/INFO]: [CHAT] deivuxas joined the game
[02:30:16] [Client thread/INFO]: [CHAT] [STA] < Premintex> hi
[02:30:20] [Client thread/INFO]: [CHAT] [CF 0wn3r] <UnlimitedNinjas> VideoGameSmash12
[02:30:23] [Client thread/INFO]: [CHAT] <habahabalos> h
[02:30:24] [Client thread/INFO]: [CHAT] [CF 0wn3r] <UnlimitedNinjas> why are you not sta?
[02:30:25] [Client thread/INFO]: [CHAT] <habahabalos> ah
[02:30:33] [Client thread/INFO]: [CHAT] <VideoGameSmash12> I'm suspende
[02:30:33] [Client thread/INFO]: [CHAT] <Stampy100> cause he smoked to much
[02:30:40] [Client thread/INFO]: [CHAT] [STA] < tabby> im tirwd
[02:30:40] [Client thread/INFO]: [CHAT] [CF 0wn3r] <UnlimitedNinjas> VideoGameSmash12 why?
[02:30:43] [Client thread/INFO]: [CHAT] [CF 0wn3r] <UnlimitedNinjas> what you do?
[02:30:45] [Client thread/INFO]: [CHAT] <habahabalos> <habahabalos> This sucks?
[02:30:46] [Client thread/INFO]: [CHAT] [CF 0wn3r] <UnlimitedNinjas> i mean
[02:30:46] [Client thread/INFO]: [CHAT] <VideoGameSmash12> I don't fucking know!
[02:30:47] [Client thread/INFO]: [CHAT] < AmethystForTheEye> alright come one someone ban Stampy100
[02:30:53] [Client thread/INFO]: [CHAT] <Stampy100> video game didn't even do shit
[02:30:53] [Client thread/INFO]: [CHAT] [CF 0wn3r] <UnlimitedNinjas> yes ^
[02:30:58] [Client thread/INFO]: [CHAT] <habahabalos> <habahabalos> guys look at me
[02:30:59] [Client thread/INFO]: [CHAT] [CF 0wn3r] <UnlimitedNinjas> no
[02:31:01] [Client thread/INFO]: [CHAT] [CF 0wn3r] <UnlimitedNinjas> VideoGameSmash12
[02:31:07] [Client thread/INFO]: [CHAT] [CF 0wn3r] <UnlimitedNinjas> what you did?
[02:31:09] [Client thread/INFO]: [CHAT] <Stampy100> he got suspended for some stupid shit
[02:31:11] [Client thread/INFO]: [CHAT] [CF 0wn3r] <UnlimitedNinjas> to get suspended?s
[02:31:13] [Client thread/INFO]: [CHAT] <VideoGameSmash12> i didn't even do shit
[02:31:20] [Client thread/INFO]: [CHAT] [CF 0wn3r] <UnlimitedNinjas> Then why you got suspendded?
[02:31:22] [Client thread/INFO]: [CHAT] [CF 0wn3r] <UnlimitedNinjas> ddded D
[02:31:24] [Client thread/INFO]: [CHAT] [CF 0wn3r] <UnlimitedNinjas> XD
[02:31:29] [Client thread/INFO]: [CHAT] * VideoGameSmash12 DOES IT LOOK LIKE I KNOW?!
[02:31:36] [Client thread/INFO]: [CHAT] * UnlimitedNinjas .....
[02:31:39] [Client thread/INFO]: [CHAT] * UnlimitedNinjas YES
[02:31:41] [Client thread/INFO]: [CHAT] [STA] < tabby> ok well
[02:31:42] [Client thread/INFO]: [CHAT] * UnlimitedNinjas My friend
[02:31:45] [Client thread/INFO]: [CHAT] [STA] < tabby> bye im going to sleep
[02:31:49] [Client thread/INFO]: [CHAT] <VideoGameSmash12> you are the most illiterate fuck
[02:31:53] [Client thread/INFO]: [CHAT] saturnturn left the game
[02:31:55] [Client thread/INFO]: [CHAT] [CF 0wn3r] < Yuri_tarded> read my name
[02:31:57] [Client thread/INFO]: [CHAT] <VideoGameSmash12> just saying
[02:31:57] [Client thread/INFO]: [CHAT] <habahabalos> <habahabalos> hello
[02:31:58] [Client thread/INFO]: [CHAT] <Stampy100> who wants me to talk more shit
[02:32:02] [Client thread/INFO]: [CHAT] <VideoGameSmash12> me
[02:32:03] [Client thread/INFO]: [CHAT] [CF 0wn3r] < Yuri_tarded> read my name!
[02:32:11] [Client thread/INFO]: [CHAT] [CF 0wn3r] < Yuri_tarded> talking shit......
[02:32:13] [Client thread/INFO]: [CHAT] Giving 1 of sign
[02:32:15] [Client thread/INFO]: [CHAT] < AmethystForTheEye> lol
[02:32:16] [Client thread/INFO]: [CHAT] Sign interaction is currently disabled.
[02:32:19] [Client thread/INFO]: [CHAT] <Stampy100> that name is gay
[02:32:23] [Client thread/INFO]: [CHAT] <Stampy100> straight up
[02:32:23] [Client thread/INFO]: [CHAT] < AmethystForTheEye> ur gay
[02:32:24] [Client thread/INFO]: [CHAT] <Stampy100> it's gay
[02:32:25] [Client thread/INFO]: [CHAT] [CF 0wn3r] < Yuri_tarded> gay is ok
[02:32:30] [Client thread/INFO]: [CHAT] GeneralGuruGamer joined the game
[02:32:31] [Client thread/INFO]: [CHAT] <habahabalos> <habahabalos> VideoGameSmash12 can u join me
[02:32:34] [Client thread/INFO]: [CHAT] <habahabalos> <habahabalos> ima give admin
[02:32:35] [Client thread/INFO]: [CHAT] <VideoGameSmash12> no
[02:32:35] [Client thread/INFO]: [CHAT] <Stampy100> no fuck u
[02:32:41] [Client thread/INFO]: [CHAT] < AmethystForTheEye> Stampy100 are u gay/
[02:32:41] [Client thread/INFO]: [CHAT] ItzMeDuck joined the game
[02:32:42] [Client thread/INFO]: [CHAT] Sign interaction is currently disabled.
[02:32:43] [Client thread/INFO]: [CHAT] Please do not repeat messages.
[02:32:46] [Client thread/INFO]: [CHAT] <Stampy100> habanero gtfo
[02:32:46] [Client thread/INFO]: [CHAT] <VideoGameSmash12> no he isn't
[02:32:48] [Client thread/INFO]: [CHAT] Sign interaction is currently disabled.
[02:32:52] [Client thread/INFO]: [CHAT] <Stampy100> im straight
[02:32:56] [Client thread/INFO]: [CHAT] <habahabalos> <habahabalos> Fuckpy GTFO
[02:32:59] [Client thread/INFO]: [CHAT] GeneralGuruGamer left the game
[02:33:02] [Client thread/INFO]: [CHAT] <Stampy100> amethyst gtfo steven universe fan
[02:33:17] [Client thread/INFO]: [CHAT] < AmethystForTheEye> umm im not actually
[02:33:19] [Client thread/INFO]: [CHAT] Sign interaction is currently disabled.
[02:33:22] [Client thread/INFO]: [CHAT] [SA] < RainFall> apparently, video has been removed due to suspected breach security
[02:33:30] [Client thread/INFO]: [CHAT] <Stampy100> ^ basically for stupid shit
[02:33:33] [Client thread/INFO]: [CHAT] < NoHacksJoustCake> im goona build a spce shim anyone wanna help?
[02:33:35] [Client thread/INFO]: [CHAT] <VideoGameSmash12> makes no fucking sense
[02:33:42] [Client thread/INFO]: [CHAT] GeneralGuruGamer joined the game
[02:33:43] [Client thread/INFO]: [CHAT] [SA] < RainFall> wild1445 posted it
[02:33:44] [Client thread/INFO]: [CHAT] < AmethystForTheEye> i had this name before steven universe came out Stampy100
[02:33:44] [Client thread/INFO]: [CHAT] [SA] < RainFall> or Ryan
[02:33:54] [Client thread/INFO]: [CHAT] <Stampy100> amethyst how long u been playing
[02:34:09] [Client thread/INFO]: [CHAT] < AmethystForTheEye> 5 years no lie
[02:34:14] [Client thread/INFO]: [CHAT] Kriserino joined the game
[02:34:17] [Client thread/INFO]: [CHAT] Sign interaction is currently disabled.
[02:34:19] [Client thread/INFO]: [CHAT] <Stampy100> I've been here since 2013
[02:34:22] [Client thread/INFO]: [CHAT] < NoHacksJoustCake> im goona build a spce shim anyone wanna help? msg me
[02:34:29] [Client thread/INFO]: [CHAT] < AmethystForTheEye> well Stampy100 idc
[02:34:32] [Client thread/INFO]: [CHAT] Sign interaction is currently disabled.
[02:34:35] [Client thread/INFO]: [CHAT] <Stampy100> i don't want you to care lmao
[02:34:38] [Client thread/INFO]: [CHAT] _Jg joined the game
[02:34:43] [Client thread/INFO]: [CHAT] < _Jg> su[
[02:34:45] [Client thread/INFO]: [CHAT] < _Jg> sup
[02:34:46] [Client thread/INFO]: [CHAT] < AmethystForTheEye> i still dont care
[02:34:49] [Client thread/INFO]: [CHAT] <Stampy100> i don't live for your attention
[02:34:52] [Client thread/INFO]: [CHAT] < MaxGamingLV> hi
[02:34:55] [Client thread/INFO]: [CHAT] [CF 0wn3r] < Yuri_tarded> what rimes with bae?
[02:34:55] [Client thread/INFO]: [CHAT] < _Jg> hi
[02:34:58] [Client thread/INFO]: [CHAT] Sign interaction is currently disabled.
[02:34:58] [Client thread/INFO]: [CHAT] < AmethystForTheEye> still dont care
[02:35:00] [Client thread/INFO]: [CHAT] Sign interaction is currently disabled.
[02:35:00] [Client thread/INFO]: [CHAT] Sign interaction is currently disabled.
[02:35:01] [Client thread/INFO]: [CHAT] < AristocraticBane> hay
[02:35:01] [Client thread/INFO]: [CHAT] [CF 0wn3r] < Yuri_tarded> what rimes with bae??
[02:35:04] [Client thread/INFO]: [CHAT] [SA] < RainFall> Day bay hay
[02:35:04] [Client thread/INFO]: [CHAT] < MaxGamingLV> someone op me
[02:35:05] [Client thread/INFO]: [CHAT] [SA] < RainFall> gay
[02:35:07] [Client thread/INFO]: [CHAT] [SA] < RainFall> lay
[02:35:08] [Client thread/INFO]: [CHAT] [SA] < RainFall> ray
[02:35:16] [Client thread/INFO]: [CHAT] GeneralGuruGamer - Opping Kriserino
[02:35:18] [Client thread/INFO]: [CHAT] Sign interaction is currently disabled.
[02:35:20] [Client thread/INFO]: [CHAT] < MaxGamingLV> thx
[02:35:24] [Client thread/INFO]: [CHAT] floweyteflower joined the game
[02:35:29] [Client thread/INFO]: [CHAT] That command is blocked.
[02:35:31] [Client thread/INFO]: [CHAT] <floweyteflower> h-hi mates
[02:35:32] [Client thread/INFO]: [CHAT] Unknown command. Type "/help" for help.
[02:35:33] [Client thread/INFO]: [CHAT] Teleport to a player.
[02:35:33] [Client thread/INFO]: [CHAT] /etp <player> [otherplayer]
[02:35:34] [Client thread/INFO]: [CHAT] ComsatPlays left the game
[02:35:35] [Client thread/INFO]: [CHAT] GeneralGuruGamer - Opping floweyteflower
[02:35:37] [Client thread/INFO]: [CHAT] That command is blocked.
[02:35:40] [Client thread/INFO]: [CHAT] < AristocraticBane> R u aussie?
[02:35:41] [Client thread/INFO]: [CHAT] <Stampy100> I think amethyst sucks cock
[02:35:44] [Client thread/INFO]: [CHAT] < Deivuxas> all /warp shop op shop
[02:35:55] [Client thread/INFO]: [CHAT] Kriserino left the game
[02:35:55] [Client thread/INFO]: [CHAT] <floweyteflower> i just speak using slang
[02:35:55] [Client thread/INFO]: [CHAT] <Stampy100> probably has an xbox
[02:36:01] [Client thread/INFO]: [CHAT] < AristocraticBane> Said the guy that vomits rainbows
[02:36:04] [Client thread/INFO]: [CHAT] < Deivuxas> u have to buy
[02:36:05] [Client thread/INFO]: [CHAT] ComsatPlays joined the game
[02:36:06] [Client thread/INFO]: [CHAT] < NoHacksJoustCake> lamo this is not op
[02:36:06] [Client thread/INFO]: [CHAT] < AmethystForTheEye> umm
[02:36:11] [Client thread/INFO]: [CHAT] < AristocraticBane> and has the name "Stampy"
[02:36:17] [Client thread/INFO]: [CHAT] < AmethystForTheEye> Stampy100 i have a ps4
[02:36:19] [Client thread/INFO]: [CHAT] <VideoGameSmash12> well stampy was a former admin
[02:36:20] [Client thread/INFO]: [CHAT] Nathaniel joined the game
[02:36:22] [Client thread/INFO]: [CHAT] <Stampy100> aristocraticbane gtfo
[02:36:23] [Client thread/INFO]: [CHAT] < AristocraticBane> Yuuus
[02:36:25] [Client thread/INFO]: [CHAT] < NoHacksJoustCake> this is op
[02:36:28] [Client thread/INFO]: [CHAT] [CF 0wn3r] < Yuri_tarded> Stampy100 is gay, amethyst_eye is bae, today is a good day, i will eat hay, cuz jake paul is shitty and ENGLAND IS MY CT!
[02:36:29] [Client thread/INFO]: [CHAT] <Stampy100> ps4 is gay too
[02:36:34] [Client thread/INFO]: [CHAT] < AmethystForTheEye> eh
[02:36:37] [Client thread/INFO]: [CHAT] < Deivuxas> omg
[02:36:40] [Client thread/INFO]: [CHAT] <Stampy100> england is my citi niBBa
[02:36:43] [Client thread/INFO]: [CHAT] < AmethystForTheEye> Stampy100 why are u gay?
[02:36:44] [Client thread/INFO]: [CHAT] < NoHacksJoustCake> lamoe here
[02:36:51] [Client thread/INFO]: [CHAT] [CF 0wn3r] < Yuri_tarded> that poem
[02:36:53] [Client thread/INFO]: [CHAT] <VideoGameSmash12> he isn't gay
[02:36:55] [Client thread/INFO]: [CHAT] <Stampy100> stfu amethyst lame ass
[02:36:57] [Client thread/INFO]: [CHAT] < Deivuxas> thanks bye
[02:37:02] [Client thread/INFO]: [CHAT] <Stampy100> weak as mf
[02:37:05] [Client thread/INFO]: [CHAT] < NoHacksJoustCake> go gms and put cake on
[02:37:08] [Client thread/INFO]: [CHAT] [CF 0wn3r] < Yuri_tarded> what do you think of my poem?
[02:37:08] [Client thread/INFO]: [CHAT] < AristocraticBane> Its hard to believe he was an admin at one point'w
[02:37:16] [Client thread/INFO]: [CHAT] Marshmello joined the game
[02:37:16] [Client thread/INFO]: [CHAT] Welcome Marshmello to TotalFreedom!
[02:37:20] [Client thread/INFO]: [CHAT] < AmethystForTheEye> Stampy100 go back to being jake pauls boyfriend
[02:37:21] [Client thread/INFO]: [CHAT] <VideoGameSmash12> it's hard to beleive you can get a girlfriend, bane
[02:37:23] [Client thread/INFO]: [CHAT] < Deivuxas> can an admin protect my house plz tp
[02:37:24] [Client thread/INFO]: [CHAT] <VideoGameSmash12> believe*
[02:37:27] [Client thread/INFO]: [CHAT] <Stampy100> aristocratic bane if you don't believe it search for my app]
[02:37:27] [Client thread/INFO]: [CHAT] < Deivuxas> Premintex
[02:37:29] [Client thread/INFO]: [CHAT] < Deivuxas> plz
[02:37:33] [Client thread/INFO]: [CHAT] [CF 0wn3r] < Yuri_tarded> Burn
[02:37:33] [Client thread/INFO]: [CHAT] [ AristocraticBane -> me] Why?
[02:37:34] [Client thread/INFO]: [CHAT] <Stampy100> not that I care if you believe it or not
[02:37:43] [Client thread/INFO]: [CHAT] [CF 0wn3r] < Yuri_tarded> <------ READ IT 3 TIMES
[02:37:46] [Client thread/INFO]: [CHAT] < Deivuxas> protectit
[02:37:46] [Client thread/INFO]: [CHAT] [me ->  AristocraticBane] idk
[02:37:49] [Client thread/INFO]: [CHAT] < AristocraticBane> Ummm I swore off relationships till I'm married
[02:37:49] [Client thread/INFO]: [CHAT] [CF 0wn3r] < Yuri_tarded> <------ READ IT 3 TIMES fast
[02:37:49] [Client thread/INFO]: [CHAT] <habahabalos> <habahabalos> Guys
[02:37:59] [Client thread/INFO]: [CHAT] <floweyteflower> what
[02:37:59] [Client thread/INFO]: [CHAT] [ AristocraticBane -> me] Ummm I swore off relationships till I'm married
[02:38:02] [Client thread/INFO]: [CHAT] <habahabalos> <habahabalos> I Have Total Freedom Mod on my own server!
[02:38:05] [Client thread/INFO]: [CHAT] [CF 0wn3r] < Yuri_tarded> <------ READ IT 3 TIMES fast!1 JUST DO IT
[02:38:05] [Client thread/INFO]: [CHAT] [me ->  AristocraticBane] k
[02:38:06] [Client thread/INFO]: [CHAT] < Deivuxas> protectet
[02:38:09] [Client thread/INFO]: [CHAT] < Deivuxas> plz Premintex
[02:38:10] [Client thread/INFO]: [CHAT] <Stampy100> that's called stealing haba
[02:38:10] [Client thread/INFO]: [CHAT] <VideoGameSmash12> ur retarded
[02:38:13] [Client thread/INFO]: [CHAT] [CF 0wn3r] < Yuri_tarded> habahabalos
[02:38:14] [Client thread/INFO]: [CHAT] <floweyteflower> thx for the compliment mate
[02:38:17] [Client thread/INFO]: [CHAT] [CF 0wn3r] < Yuri_tarded> i have a factions server :P
[02:38:23] [Client thread/INFO]: [CHAT] <habahabalos> <habahabalos> Stampy100
[02:38:24] [Client thread/INFO]: [CHAT] <habahabalos> <habahabalos> lol no
[02:38:25] [Client thread/INFO]: [CHAT] [ AristocraticBane -> me] Lol but a girl was crazy af
[02:38:25] [Client thread/INFO]: [CHAT] <Stampy100> ?
[02:38:27] [Client thread/INFO]: [CHAT] <habahabalos> <habahabalos> everybody stealing
[02:38:30] [Client thread/INFO]: [CHAT] <habahabalos> <habahabalos> you such an idiot
[02:38:34] [Client thread/INFO]: [CHAT] <Stampy100> i such an idiot
[02:38:38] [Client thread/INFO]: [CHAT] [me ->  AristocraticBane] they were acting
[02:38:39] [Client thread/INFO]: [CHAT] < AristocraticBane> Tru
[02:38:40] [Client thread/INFO]: [CHAT] <Stampy100> you mean you're?
[02:38:46] [Client thread/INFO]: [CHAT] < Deivuxas> protect
[02:38:49] [Client thread/INFO]: [CHAT] < Deivuxas> it Premintex
[02:38:53] [Client thread/INFO]: [CHAT] [ AristocraticBane -> me] Why so mean all of a sudden?
[02:38:58] [Client thread/INFO]: [CHAT] <VideoGameSmash12> this white frosting on this cake isn't real frosting
[02:39:02] [Client thread/INFO]: [CHAT] <floweyteflower> stampy,habahabalos actually can't speak english very well though
[02:39:02] [Client thread/INFO]: [CHAT] <habahabalos> <habahabalos> see ya at my server! IP: TheMasterSans.serv.gs
[02:39:03] [Client thread/INFO]: [CHAT] [me ->  AristocraticBane] sorry, got mood swings
[02:39:04] [Client thread/INFO]: [CHAT] habahabalos left the game
[02:39:08] [Client thread/INFO]: [CHAT] [ AristocraticBane -> me] Why did you get suspended
[02:39:08] [Client thread/INFO]: [CHAT] < _Jg> ew aternos
[02:39:08] [Client thread/INFO]: [CHAT] MrDicty is a SUPER ADMIN and is wearing a GOLDEN Suit!
[02:39:08] [Client thread/INFO]: [CHAT] MrDicty joined the game
[02:39:09] [Client thread/INFO]: [CHAT] < Deivuxas> can an admin plz tp to me and protect my house plzzzzzzzz
[02:39:09] [Client thread/INFO]: [CHAT] < _Jg> lol
[02:39:12] [Client thread/INFO]: [CHAT] [CF 0wn3r] < Yuri_tarded> thats a ban!
[02:39:12] [Client thread/INFO]: [CHAT] [ AristocraticBane -> me] Alright
[02:39:13] [Client thread/INFO]: [CHAT] [me ->  AristocraticBane] well
[02:39:13] [Client thread/INFO]: [CHAT] Premintex - Kicking: KinqWhite.
[02:39:13] [Client thread/INFO]: [CHAT] KinqWhite left the game
[02:39:18] [Client thread/INFO]: [CHAT] < AristocraticBane> Lololol
[02:39:19] [Client thread/INFO]: [CHAT] <Stampy100> hey if someone can't speak english I won't talk shit about that
[02:39:20] [Client thread/INFO]: [CHAT] amethyst_eye left the game
[02:39:20] [Client thread/INFO]: [CHAT] [Server:Premintex] Kicked for inactivity
[02:39:21] [Client thread/INFO]: [CHAT] KinqWhite is a Super Admin
[02:39:21] [Client thread/INFO]: [CHAT] KinqWhite joined the game
[02:39:21] [Client thread/INFO]: [CHAT] [me ->  AristocraticBane] it was because "security reasons"
[02:39:27] [Client thread/INFO]: [CHAT] <floweyteflower> hi premintex
[02:39:29] [Client thread/INFO]: [CHAT] <VideoGameSmash12> ./kick premintex
[02:39:30] [Client thread/INFO]: [CHAT] <Stampy100> but f u amethyst
[02:39:30] [Client thread/INFO]: [CHAT] [ AristocraticBane -> me] Rogue?
[02:39:33] [Client thread/INFO]: [CHAT] [me ->  AristocraticBane] no
[02:39:33] [Client thread/INFO]: [CHAT] < Nathaniel> no
[02:39:33] [Client thread/INFO]: [CHAT] [SA] < RainFall> Somebody once told me the world is gonna roll me
[02:39:40] [Client thread/INFO]: [CHAT] [ AristocraticBane -> me] So I guess you're pissed
[02:39:40] [Client thread/INFO]: [CHAT] < Nathaniel> kinqwhite
[02:39:43] [Client thread/INFO]: [CHAT] <floweyteflower> I ain't the shapest tool in the shed
[02:39:43] [Client thread/INFO]: [CHAT] [SA] < MrDicty> VideoGameSmash12
[02:39:46] [Client thread/INFO]: [CHAT] [me ->  AristocraticBane] i would be permbanned if i was rogue
[02:39:48] [Client thread/INFO]: [CHAT] <VideoGameSmash12> ?
[02:39:49] [Client thread/INFO]: [CHAT] < AristocraticBane> By roll, Rick Roll
[02:39:51] [Client thread/INFO]: [CHAT] <floweyteflower> She was loo-ok i'm done
[02:39:51] [Client thread/INFO]: [CHAT] [ AristocraticBane -> me] Oh
[02:39:52] [Client thread/INFO]: [CHAT] [SA] < MrDicty> You verified
[02:39:53] [Client thread/INFO]: [CHAT] [SA] < RainFall> She was looking kind of dumb with her finger and her thumb
[02:39:57] [Client thread/INFO]: [CHAT] <VideoGameSmash12> excuse me
[02:39:59] [Client thread/INFO]: [CHAT] <VideoGameSmash12> what
[02:40:01] [Client thread/INFO]: [CHAT] Premintex - Banning habahabalos and IPs: 89.231.94.1
[02:40:06] [Client thread/INFO]: [CHAT] <Stampy100> LMFAO
[02:40:07] [Client thread/INFO]: [CHAT] <Stampy100> banned
[02:40:10] [Client thread/INFO]: [CHAT] [ AristocraticBane -> me] R u going to get reinstated soon
[02:40:10] [Client thread/INFO]: [CHAT] < NoHacksJoustCake> anyone have server and need staff msg me
[02:40:10] [Client thread/INFO]: [CHAT] [SA] < MrDicty> Nathaniel do you hate me?
[02:40:11] [Client thread/INFO]: [CHAT] Charlotte474747 is a Telnet Admin
[02:40:11] [Client thread/INFO]: [CHAT] Charlotte474747 joined the game
[02:40:13] [Client thread/INFO]: [CHAT] [me ->  AristocraticBane] idk
[02:40:13] [Client thread/INFO]: [CHAT] < Nathaniel> no
[02:40:14] [Client thread/INFO]: [CHAT] Charlotte474747 left the game
[02:40:15] [Client thread/INFO]: [CHAT] < _Jg> wb
[02:40:17] [Client thread/INFO]: [CHAT] < Nathaniel> wb
[02:40:21] [Client thread/INFO]: [CHAT] [SA] < MrDicty> Ok
[02:40:21] [Client thread/INFO]: [CHAT] < Deivuxas> plz
[02:40:23] [Client thread/INFO]: [CHAT] [SA] < RainFall> char
[02:40:24] [Client thread/INFO]: [CHAT] [SA] < RainFall> char!
[02:40:24] [Client thread/INFO]: [CHAT] < Nathaniel> i dont hate anyone
[02:40:25] [Client thread/INFO]: [CHAT] [SA] < RainFall> char!1
[02:40:26] [Client thread/INFO]: [CHAT] * VideoGameSmash12 somebody once told me the world is going to roll me
[02:40:26] [Client thread/INFO]: [CHAT] [SA] < RainFall> char!1!
[02:40:27] [Client thread/INFO]: [CHAT] <floweyteflower> charlotte?
[02:40:28] [Client thread/INFO]: [CHAT] * Stampy100 is now AFK.
[02:40:30] [Client thread/INFO]: [CHAT] [CF 0wn3r] < Yuri_tarded> <------ READ IT 3 TIMES fast!1 JUST DO IT
[02:40:31] [Client thread/INFO]: [CHAT] < Nathaniel> dont spamm kinq
[02:40:35] [Client thread/INFO]: [CHAT] < Deivuxas> and add me then
[02:40:41] [Client thread/INFO]: [CHAT] < Deivuxas> no only this one
[02:40:46] [Client thread/INFO]: [CHAT] <floweyteflower> charlotte? remember lightwarp?
[02:41:01] [Client thread/INFO]: [CHAT] Premintex left the game
[02:41:06] [Client thread/INFO]: [CHAT] [CF 0wn3r] < Yuri_tarded> i love
[02:41:09] [Client thread/INFO]: [CHAT] [CF 0wn3r] < Yuri_tarded> my server
[02:41:12] [Client thread/INFO]: [CHAT] < Nathaniel> he left :(
[02:41:18] [Client thread/INFO]: [CHAT] < Nathaniel> or she?
[02:41:18] [Client thread/INFO]: [CHAT] < AristocraticBane> She*
[02:41:18] [Client thread/INFO]: [CHAT] Charlotte474747 is a Telnet Admin
[02:41:18] [Client thread/INFO]: [CHAT] Charlotte474747 joined the game
[02:41:20] [Client thread/INFO]: [CHAT] <floweyteflower> hi nathaniel
[02:41:22] [Client thread/INFO]: [CHAT] Charlotte474747 left the game
[02:41:24] [Client thread/INFO]: [CHAT] CrazyEyesYT joined the game
[02:41:24] [Client thread/INFO]: [CHAT] Welcome CrazyEyesYT to TotalFreedom!
[02:41:27] [Client thread/INFO]: [CHAT] [CF 0wn3r] < Yuri_tarded> Nathaniel a
[02:41:31] [Client thread/INFO]: [CHAT] < Nathaniel> >
[02:41:32] [Client thread/INFO]: [CHAT] < Nathaniel> ?
[02:41:34] [Client thread/INFO]: [CHAT] <CrazyEyesYT> tt
[02:41:38] [Client thread/INFO]: [CHAT] [CF 0wn3r] < Yuri_tarded> Nathaniel your Nathaniel999?
[02:41:40] [Client thread/INFO]: [CHAT] VideoGameSmash12 hugs Stampy100
[02:41:42] [Client thread/INFO]: [CHAT] GeneralGuruGamer - Opping ComsatPlays
[02:41:42] [Client thread/INFO]: [CHAT] UnlimitedNinjas - Opping CrazyEyesYT
[02:41:44] [Client thread/INFO]: [CHAT] < Nathaniel> yes :P
[02:42:00] [Client thread/INFO]: [CHAT] < Deivuxas> sne it
[02:42:02] [Client thread/INFO]: [CHAT] Sign interaction is currently disabled.
[02:42:04] [Client thread/INFO]: [CHAT] * Stampy100 is no longer AFK.
[02:42:04] [Client thread/INFO]: [CHAT] <Stampy100> gtfo lives in a fucking trailer park
[02:42:04] [Client thread/INFO]: [CHAT] Sign interaction is currently disabled.
[02:42:05] [Client thread/INFO]: [CHAT]  Yuri_tarded hugs  NoHacksJoustCake
[02:42:06] [Client thread/INFO]: [CHAT] Sign interaction is currently disabled.
[02:42:06] [Client thread/INFO]: [CHAT] < Deivuxas> done it
[02:42:08] [Client thread/INFO]: [CHAT] Sign interaction is currently disabled.
[02:42:09] [Client thread/INFO]: [CHAT] < Deivuxas> Marshmello
[02:42:11] [Client thread/INFO]: [CHAT] < Deivuxas> MrDicty
[02:42:19] [Client thread/INFO]: [CHAT] Cleared all inventory items from VideoGameSmash12.
[02:42:22] [Client thread/INFO]: [CHAT] Giving 1 of cake
[02:42:22] [Client thread/INFO]: [CHAT] [CF 0wn3r] < Yuri_tarded> MrDicty
[02:42:24] [Client thread/INFO]: [CHAT] < Nathaniel> premintex?
[02:42:24] [Client thread/INFO]: [CHAT] CrazyEyesYT left the game
[02:42:26] [Client thread/INFO]: [CHAT] [CF 0wn3r] < Yuri_tarded> is kinda salty
[02:42:31] [Client thread/INFO]: [CHAT] *  Wolf_LuLu is no longer AFK.
[02:42:31] [Client thread/INFO]: [CHAT] < Wolf_LuLu> ?
[02:42:37] [Client thread/INFO]: [CHAT] [CF 0wn3r] < Yuri_tarded> WILF
[02:42:40] [Client thread/INFO]: [CHAT] <Stampy100> fuck u all
[02:42:40] [Client thread/INFO]: [CHAT] < Nathaniel> hi WolfieIsHere
[02:42:44] [Client thread/INFO]: [CHAT] <Stampy100> ur all hacked
[02:42:45] [Client thread/INFO]: [CHAT] [CF 0wn3r] < Yuri_tarded> Stampy100 fuck you too
[02:42:47] [Client thread/INFO]: [CHAT] <floweyteflower> what
[21:42:56] [Client thread/INFO]: Connecting to play.totalfreedom.me., 25565
[21:42:57] [Client thread/INFO]: [CHAT] VideoGameSmash12 joined the game
[21:42:57] [Client thread/INFO]: [CHAT] Welcome to TotalFreedom, VideoGameSmash12!
[21:42:57] [Client thread/INFO]: [CHAT] The server's name does not imply that we have no rules. Please read them (/rules)
[21:42:57] [Client thread/INFO]: [CHAT] Type /help for a list of commands.
[21:42:57] [Client thread/INFO]: [CHAT] Type /list to see who else is online.
[21:42:57] [Client thread/INFO]: [CHAT] Players online: 7 - World time: 12:00 PM
[21:42:57] [Client thread/INFO]: [CHAT] You have no new mail.
[21:43:01] [Client thread/INFO]: [CHAT] < JohnRich119> Felipe is trolling
[21:43:06] [Client thread/INFO]: [CHAT] Teleporting...
[21:43:08] [Client thread/INFO]: [CHAT] Galog05 joined the game
[21:43:14] [Client thread/INFO]: [CHAT] You do not have permission to use this command.
[21:43:17] [Client thread/INFO]: [CHAT] < JohnRich119> felipe grief!
[21:43:21] [Client thread/INFO]: [CHAT] JeonRuby1 - Opping all players on the server
[21:43:21] [Client thread/INFO]: [CHAT] You are now op!
[21:43:28] [Client thread/INFO]: [CHAT] < JohnRich119> is there any admin can help players?
[21:43:34] [Client thread/INFO]: [CHAT] [SA] < MaknaeRuby> im om phone
[21:43:37] [Client thread/INFO]: [CHAT] Galog05 died
[21:43:37] [Client thread/INFO]: [CHAT] Player Galog05 took their own life.
[21:43:38] [Client thread/INFO]: [CHAT] [SA] < MaknaeRuby> on*
[21:43:51] [Client thread/INFO]: [CHAT] < JohnRich119> can u just smite him?
[21:43:52] [Client thread/INFO]: [CHAT] Galog05 left the game
[21:43:55] [Client thread/INFO]: [CHAT] [SA] < MaknaeRuby> felipe, just leave john alone lol
[21:44:12] [Client thread/INFO]: [CHAT] < JohnRich119> Its Called Privacy Invading
[21:44:16] [Client thread/INFO]: [CHAT] < JohnRich119> Its bannable
[21:44:24] [Client thread/INFO]: [CHAT] <FelipeChiriboga> no hablo ingles
[21:44:37] [Client thread/INFO]: [CHAT] <FelipeChiriboga> &4hola
[21:44:40] [Client thread/INFO]: [CHAT] [SA] < MaknaeRuby> not bannable. if they were not listening to go away
[21:45:06] [Client thread/INFO]: [CHAT] < JohnRich119> ¿crees que im tonto?
[21:45:14] [Client thread/INFO]: [CHAT] < JohnRich119> ¿quieres ser baneado?
[21:45:41] [Client thread/INFO]: [CHAT] JeonRuby1 left the game
[21:45:42] [Client thread/INFO]: [CHAT] < JohnRich119> Su invasión de mi privacidad, la cual es bannable/smitabble
[21:45:59] [Client thread/INFO]: [CHAT] < JohnRich119> no el dolor
[21:46:02] [Client thread/INFO]: [CHAT] CONSOLE - Opping all players on the server
[21:46:02] [Client thread/INFO]: [CHAT] You are now op!
[21:46:06] [Client thread/INFO]: [CHAT] < JohnRich119> saturn
[21:46:12] [Client thread/INFO]: [CHAT] Teleporting...
[21:46:12] [Client thread/INFO]: [CHAT] < JohnRich119> did u see what he said?
[21:46:18] [Client thread/INFO]: [CHAT] VideoGameSmash12 hugs saturnturn
[21:46:22] [Client thread/INFO]: [CHAT] Unknown command. Type "/help" for help.
[21:46:23] [Client thread/INFO]: [CHAT] /op <playername>
[21:46:25] [Client thread/INFO]: [CHAT] VideoGameSmash12 - Opping VideoGameSmash12
[21:46:28] [Client thread/INFO]: [CHAT] <VideoGameSmash12> ok
[21:46:31] [Client thread/INFO]: [CHAT] * saturnturn is now AFK.
[21:46:34] [Client thread/INFO]: [CHAT] You are only allowed to use emotes every 20 seconds!
[21:46:38] [Client thread/INFO]: [CHAT] You are only allowed to use emotes every 20 seconds!
[21:46:40] [Client thread/INFO]: [CHAT] < JohnRich119> felipe ¿sabe español o no?
[21:46:45] [Client thread/INFO]: [CHAT] <FelipeChiriboga> si
[21:46:51] [Client thread/INFO]: [CHAT] <FelipeChiriboga> perdon no quiero que me banen
[21:46:56] [Client thread/INFO]: [CHAT] < JohnRich119> me entiendes o no?
[21:46:59] [Client thread/INFO]: [CHAT] <VideoGameSmash12> holy shit
[21:47:09] [Client thread/INFO]: [CHAT] < JohnRich119> bien, no la pena
[21:47:12] [Client thread/INFO]: [CHAT] * saturnturn is no longer AFK.
[21:47:12] [Client thread/INFO]: [CHAT] [STA] <saturnturn> aaa fuck
[21:47:20] [Client thread/INFO]: [CHAT] < JohnRich119> saturn
[21:47:23] [Client thread/INFO]: [CHAT] [STA] <saturnturn> what
[21:47:26] [Client thread/INFO]: [CHAT] VideoGameSmash12 hugs saturnturn
[21:47:29] [Client thread/INFO]: [CHAT] saturnturn hugs VideoGameSmash12
[21:47:30] [Client thread/INFO]: [CHAT] < JohnRich119> felipe privacy invading
[21:47:39] [Client thread/INFO]: [CHAT] [STA] <saturnturn> then tell him to get the fuck out
[21:47:42] [Client thread/INFO]: [CHAT] < JohnRich119> gmc pvp, unwanted pvped my bot
[21:47:43] [Client thread/INFO]: [CHAT] You are only allowed to use emotes every 20 seconds!
[21:47:45] [Client thread/INFO]: [CHAT] Drager_ joined the game
[21:47:46] [Client thread/INFO]: [CHAT] <VideoGameSmash12> fack
[21:48:05] [Client thread/INFO]: [CHAT] < JohnRich119> and w/e grief
[21:48:10] [Client thread/INFO]: [CHAT] < JohnRich119> come tp
[21:48:14] [Client thread/INFO]: [CHAT] <FelipeChiriboga> bot
[21:48:15] [Client thread/INFO]: [CHAT] [STA] <saturnturn> where
[21:48:21] [Client thread/INFO]: [CHAT] <FelipeChiriboga> que es bot
[21:48:23] [Client thread/INFO]: [CHAT] <FelipeChiriboga> ?
[21:48:25] [Client thread/INFO]: [CHAT] < JohnRich119> this glass
[21:48:34] [Client thread/INFO]: [CHAT] < JohnRich119> check at your telnet client
[21:48:45] [Client thread/INFO]: [CHAT] [STA] <saturnturn> i don't really see this as grief but ok
[21:48:51] [Client thread/INFO]: [CHAT] [STA] <saturnturn> unless something was here
[21:48:51] [Client thread/INFO]: [CHAT] < JohnRich119> w/e grief
[21:49:06] [Client thread/INFO]: [CHAT] <Drager_> Any builders? msg me
[21:49:09] [Client thread/INFO]: [CHAT] JeonRuby1 left the game
[21:49:09] [Client thread/INFO]: [CHAT] < JohnRich119> isn't privacy invading bannable/smitable?
[21:49:11] [Client thread/INFO]: [CHAT] saturnturn - Opping all players on the server
[21:49:11] [Client thread/INFO]: [CHAT] You are now op!
[21:49:15] [Client thread/INFO]: [CHAT] [STA] <saturnturn> smitable
[21:49:18] [Client thread/INFO]: [CHAT] < JohnRich119> ok
[21:49:21] [Client thread/INFO]: [CHAT] [STA] <saturnturn> if he does it again i'll tban him
[21:49:33] [Client thread/INFO]: [CHAT] < JohnRich119> ok.
[21:49:35] [Client thread/INFO]: [CHAT] <FelipeChiriboga> ok
[21:49:40] [Client thread/INFO]: [CHAT] <FelipeChiriboga> here?
[21:49:44] [Client thread/INFO]: [CHAT] <Drager_> No
[21:49:48] [Client thread/INFO]: [CHAT] <Drager_> For my server?
[21:49:51] [Client thread/INFO]: [CHAT] < JohnRich119> así que usted entiende inglés?
[21:50:08] [Client thread/INFO]: [CHAT] <FelipeChiriboga> yes i speak english men
[21:50:18] [Client thread/INFO]: [CHAT] < JohnRich119> Then why did you lie?
[21:50:34] [Client thread/INFO]: [CHAT] EdiTheBacon joined the game
[21:50:34] [Client thread/INFO]: [CHAT] Welcome EdiTheBacon to TotalFreedom!
[21:50:39] [Client thread/INFO]: [CHAT] <FelipeChiriboga> you are funny men
[21:50:42] [Client thread/INFO]: [CHAT] [STA] < tab> video
[21:50:49] [Client thread/INFO]: [CHAT] FelipeChiriboga left the game
[21:50:49] [Client thread/INFO]: [CHAT] [STA] < tab> can you like get unsuspended i don't wanna admin anymore
[21:50:51] [Client thread/INFO]: [CHAT] <EdiTheBacon> are we allowed to destroy :D
[21:50:54] [Client thread/INFO]: [CHAT] saturnturn - Opping all players on the server
[21:50:54] [Client thread/INFO]: [CHAT] You are now op!
[21:50:57] [Client thread/INFO]: [CHAT] < JohnRich119> Sé que cada idioma
[21:51:18] [Client thread/INFO]: [CHAT] < JohnRich119> Sé ruso
[21:51:27] [Client thread/INFO]: [CHAT] VideoGameSmash12 kisses  tab!
[21:51:43] [Client thread/INFO]: [CHAT] [STA] < tab> that's a dick oops
[21:51:46] [Client thread/INFO]: [CHAT] <VideoGameSmash12> looks like a deformed penis
[21:51:51] [Client thread/INFO]: [CHAT] <VideoGameSmash12> lol
[21:52:05] [Client thread/INFO]: [CHAT] [STA] < tab> fuck i have a song stuck in my head
[21:52:12] [Client thread/INFO]: [CHAT] EdiTheBacon has been a naughty, naughty boy.
[21:52:12] [Client thread/INFO]: [CHAT]   Smitten by: saturnturn
[21:52:12] [Client thread/INFO]: [CHAT] EdiTheBacon died
[21:52:15] [Client thread/INFO]: [CHAT] [Server:saturnturn] don't spam commands
[21:52:16] [Client thread/INFO]: [CHAT] saturnturn - Opping all players on the server
[21:52:16] [Client thread/INFO]: [CHAT] You are now op!
[21:52:17] [Client thread/INFO]: [CHAT] * VideoGameSmash12 hi my name is jake paul and i worked for the disney channel because otherwise i would be unpopular
[21:52:18] [Client thread/INFO]: [CHAT] saturnturn - Purging all mobs
[21:52:26] [Client thread/INFO]: [CHAT] <VideoGameSmash12> huhhhhh
[21:52:31] [Client thread/INFO]: [CHAT] [Server:saturnturn] m i c h e a l i n t h e b a t h r o o m
[21:52:49] [Client thread/INFO]: [CHAT] EdiTheBacon left the game
[21:53:01] [Client thread/INFO]: [CHAT] [STA] < tab> m i c heal that you DON'T KNOW
[21:53:03] [Client thread/INFO]: [CHAT] JohnRichBOT dabs at VideoGameSmash12
[21:53:05] [Client thread/INFO]: [CHAT] [STA] < tab> mic heal FLYING SOLO
[21:53:16] [Client thread/INFO]: [CHAT]  JohnRich119 dabs at VideoGameSmash12
[21:53:20] [Client thread/INFO]: [CHAT] JohnRichBOT left the game
[21:54:03] [Client thread/INFO]: [CHAT] < JohnRich119> relog
[21:54:04] [Client thread/INFO]: [CHAT] JohnRich119 left the game
[21:54:09] [Client thread/INFO]: [CHAT] JohnRich119 joined the game
[21:54:10] [Client thread/INFO]: [CHAT] < JohnRich119> Connected using PickaxeController for Android
[21:54:25] [Client thread/INFO]: [CHAT] < JohnRich119> btw im using pickaxecontroller
[21:54:27] [Client thread/INFO]: [CHAT] * VideoGameSmash12 i t s _ e v e r y d a y _ b r o _ w i t h _ t h e _ s h i t _ v i d e o s
[21:55:45] [Client thread/INFO]: [CHAT] * Drager_ is now AFK.
[21:55:55] [Client thread/INFO]: [CHAT] [STA] < tab> perfect
[21:56:24] [Client thread/INFO]: [CHAT] < JohnRich119> its everyday bro
[21:56:40] [Client thread/INFO]: [CHAT] < JohnRich119> anyone know how to make a bot?
[21:56:55] [Client thread/INFO]: [CHAT] Xicad joined the game
[21:56:56] [Client thread/INFO]: [CHAT] Welcome Xicad to TotalFreedom!
[21:57:03] [Client thread/INFO]: [CHAT] <Xicad> poopyu
[21:57:10] [Client thread/INFO]: [CHAT] saturnturn - Opping all players on the server
[21:57:10] [Client thread/INFO]: [CHAT] You are now op!
[21:57:19] [Client thread/INFO]: [CHAT] <Xicad> your're are be a ploupya
[21:57:26] [Client thread/INFO]: [CHAT] <Xicad> >:)
[21:57:28] [Client thread/INFO]: [CHAT] <Xicad> jk
[21:57:36] [Client thread/INFO]: [CHAT] <Xicad> lol idk why i was talking like that
[21:57:38] [Client thread/INFO]: [CHAT] <Xicad> i got bored
[21:57:59] [Client thread/INFO]: [CHAT] <Xicad> VideoGameSmash12 didnt you used to be staff
[21:58:05] [Client thread/INFO]: [CHAT] [STA] < tab> yes he's dead now
[21:58:09] [Client thread/INFO]: [CHAT] <Xicad> o
[21:58:47] [Client thread/INFO]: [CHAT] <VideoGameSmash12> i'm suspended
[21:58:49] [Client thread/INFO]: [CHAT] < JohnRich119> ./warp spawn
[21:59:02] [Client thread/INFO]: [CHAT] aidandritsas joined the game
[21:59:02] [Client thread/INFO]: [CHAT] Welcome aidandritsas to TotalFreedom!
[21:59:05] [Client thread/INFO]: [CHAT] [STA] < tab> wow i'm a higher rank than video for once
[21:59:05] [Client thread/INFO]: [CHAT] <VideoGameSmash12> and have been unable to know why
[21:59:06] [Client thread/INFO]: [CHAT] <Xicad> hi
[21:59:14] [Client thread/INFO]: [CHAT] <VideoGameSmash12> fuck you too dj
[21:59:16] [Client thread/INFO]: [CHAT] [STA] < tab> fdafdsfs
[21:59:23] [Client thread/INFO]: [CHAT] <Xicad> who wants to join my server
[21:59:32] [Client thread/INFO]: [CHAT] <Xicad> i took it over today >:)
[21:59:32] [Client thread/INFO]: [CHAT] < JohnRich119> me
[21:59:35] [Client thread/INFO]: [CHAT] <Xicad> ok
[21:59:38] [Client thread/INFO]: [CHAT] < JohnRich119> ip?
[21:59:42] [Client thread/INFO]: [CHAT] < JohnRich119> premium?
[21:59:42] [Client thread/INFO]: [CHAT] <Xicad> its 198.12.116.216:25665
[21:59:46] [Client thread/INFO]: [CHAT] <Xicad> yes premium
[21:59:48] [Client thread/INFO]: [CHAT] <Xicad> 1.12
[21:59:54] [Client thread/INFO]: [CHAT] < JohnRich119> im not premium
[22:00:05] [Client thread/INFO]: [CHAT] <Xicad> oh
[22:00:11] [Client thread/INFO]: [CHAT] <Xicad> who wants to join my server?
[22:00:14] [Client thread/INFO]: [CHAT] < JohnRich119> why u made it premium?
[22:00:17] [Client thread/INFO]: [CHAT] <Xicad> bc
[22:00:26] [Client thread/INFO]: [CHAT] < JohnRich119> why?
[22:00:30] [Client thread/INFO]: [CHAT] <Xicad> i didnt
[22:00:35] [Client thread/INFO]: [CHAT] <Xicad> i took it over today
[22:00:38] [Client thread/INFO]: [CHAT] <Xicad> the server
[22:00:40] [Client thread/INFO]: [CHAT] xTweto joined the game
[22:00:40] [Client thread/INFO]: [CHAT] <xTweto> Connected using PickaxeChat for Android
[22:00:42] [Client thread/INFO]: [CHAT] < JohnRich119> you can make it not premium
[22:00:45] [Client thread/INFO]: [CHAT] <Xicad> how
[22:00:54] [Client thread/INFO]: [CHAT] < JohnRich119> making the online-mode to false
[22:00:59] [Client thread/INFO]: [CHAT] <Xicad> k
[22:01:02] [Client thread/INFO]: [CHAT] [TotalFreedom] Save your builds by doing //wand then select the 2 points. Type //copy then type //schem save [name of build]. To spawn your build back, do //schem load [name of build]. Then, you are all set!
[22:01:02] [Client thread/INFO]: [CHAT] CONSOLE - Opping all players on the server
[22:01:02] [Client thread/INFO]: [CHAT] You are now op!
[22:01:02] [Client thread/INFO]: [CHAT] CONSOLE - Unloading unused chunks
[22:01:02] [Client thread/INFO]: [CHAT] CONSOLE - Purging all player data
[22:01:02] [Client thread/INFO]: [CHAT] <Xicad> where is that
[22:01:04] [Client thread/INFO]: [CHAT] <Xicad> config?
[22:01:10] [Client thread/INFO]: [CHAT] < JohnRich119> on the server.properties
[22:01:52] [Client thread/INFO]: [CHAT] Saunit joined the game
[22:02:20] [Client thread/INFO]: [CHAT] <Saunit> can i get op?
[22:02:28] [Client thread/INFO]: [CHAT] aidandritsas - Opping Saunit
[22:02:31] [Client thread/INFO]: [CHAT] <Saunit> thx
[22:02:41] [Client thread/INFO]: [CHAT] <aidandritsas> your welcome
[22:02:47] [Client thread/INFO]: [CHAT] dannyy_28 joined the game
[22:02:53] [Client thread/INFO]: [CHAT] <dannyy_28> hi
[22:02:57] [Client thread/INFO]: [CHAT] VideoGameSmash12 kisses  tab!
[22:02:59] [Client thread/INFO]: [CHAT] Saunit - Opping dannyy_28
[22:03:27] [Client thread/INFO]: [CHAT] Saunit left the game
[22:04:01] [Client thread/INFO]: [CHAT] <Xicad> there now its at false
[22:04:06] [Client thread/INFO]: [CHAT] <Xicad> so you can join
[22:04:08] [Client thread/INFO]: [CHAT] < JohnRich119> did u reset it?
[22:04:15] [Client thread/INFO]: [CHAT] <Xicad> i just need to /rl
[22:04:16] [Client thread/INFO]: [CHAT] <Xicad> 1 sec
[22:04:20] [Client thread/INFO]: [CHAT] < JohnRich119> ok
[22:04:41] [Client thread/INFO]: [CHAT] <Xicad> ok
[22:04:48] [Client thread/INFO]: [CHAT] < JohnRich119> ok im joining
[22:04:49] [Client thread/INFO]: [CHAT] JohnRich119 left the game
[22:05:20] [Client thread/INFO]: [CHAT] saturnturn left the game
[22:05:42] [Client thread/INFO]: [CHAT] * xTweto is now AFK.
[22:07:33] [Client thread/INFO]: [CHAT] <dannyy_28> woah
[22:07:40] [Client thread/INFO]: [CHAT] <Xicad> i created a time rift
[22:08:33] [Client thread/INFO]: [CHAT] < 09sharkboy> hi
[22:08:50] [Client thread/INFO]: [CHAT] * VideoGameSmash12 is now AFK.