[15:12:55] [Client thread/INFO]: Connecting to play.totalfreedom.me., 28965
[15:12:56] [Client thread/INFO]: [CHAT] PhantomOediv215 is a Telnet Admin and a gamer!
[15:12:56] [Client thread/INFO]: [CHAT] PhantomOediv215 joined the game.
[15:12:56] [Client thread/INFO]: [CHAT] Welcome, PhantomOediv215!
[15:12:56] [Client thread/INFO]: [CHAT] Type /help for a list of commands.
[15:12:56] [Client thread/INFO]: [CHAT] Type /list to see who else is online.
[15:12:56] [Client thread/INFO]: [CHAT] Remember to save your builds with World Edit or they’ll be lost.
[15:12:56] [Client thread/INFO]: [CHAT] You have no new mail.
[15:12:56] [Client thread/INFO]: [CHAT] Welcome PhantomOediv215 to the server!
[15:12:57] [Client thread/INFO]: [CHAT] Masterfire22YT has been a VERY naughty, naughty boy.
[15:12:58] [Client thread/INFO]: [CHAT] Banning: Masterfire22YT, IP: 82.167.*.* - Reason: Server crash attempt. -ImALuckyGuy
[15:12:58] [Client thread/INFO]: [CHAT] Masterfire22YT left the game.
[15:12:59] [Client thread/INFO]: [CHAT] [ADMIN] Hockeyfan360 [SrA]: Hello
[15:13:04] [Client thread/INFO]: [CHAT] XxxHaDessXxx left the game.
[15:13:05] [Client thread/INFO]: [CHAT] [ADMIN] ImALuckyGuy [STA]: Hello hockey
[15:13:05] [Client thread/INFO]: [CHAT] SniperPlayzIt has been a VERY naughty, naughty boy.
[15:13:05] [Client thread/INFO]: [CHAT] Banning: SniperPlayzIt, IP: 73.220.*.* - Reason: Grief
[15:13:05] [Client thread/INFO]: [CHAT] SniperPlayzIt left the game.
[15:13:07] [Client thread/INFO]: [CHAT] MegaBlaze100 joined the game.
[15:13:08] [Client thread/INFO]: [CHAT] [ADMIN] PhantomOediv215 [STA]: Hello.
[15:13:08] [Client thread/INFO]: [CHAT] [ADMIN] ShrekNamedTubby [SA]: so many staff memebers :)
[15:13:10] [Client thread/INFO]: [CHAT] <Rainbows4367> say 123 if you have a server day needs staff
[15:13:13] [Client thread/INFO]: [CHAT] GuitarHDX has been a VERY naughty, naughty boy.
[15:13:14] [Client thread/INFO]: [CHAT] Banning: GuitarHDX, IP: 73.220.*.* - Reason: Grief (looperXD)
[15:13:14] [Client thread/INFO]: [CHAT] GuitarHDX left the game.
[15:13:16] [Client thread/INFO]: [CHAT] <Rainbows4367> dat*
[15:13:25] [Client thread/INFO]: [CHAT] [ADMIN] PhantomOediv215 [STA]: Wait...
[15:13:28] [Client thread/INFO]: [CHAT] Arilolio00 joined the game.
[15:13:30] [Client thread/INFO]: [CHAT] [ADMIN] Hockeyfan360 [SrA]: Shrek, who are you?
[15:13:30] [Client thread/INFO]: [CHAT] [ADMIN] PhantomOediv215 [STA]: looper got admin?
[15:13:31] [Client thread/INFO]: [CHAT] StairwayWarning joined the game.
[15:13:32] [Client thread/INFO]: [CHAT] Welcome StairwayWarning to the server!
[15:13:32] [Client thread/INFO]: [CHAT] <[hacker]  ImaFanBoyThatsWhyIlikedisname> YA
[15:13:33] [Client thread/INFO]: [CHAT] [ADMIN] looperXD [SA]: yes
[15:13:33] [Client thread/INFO]: [CHAT] [ADMIN] Hockeyfan360 [SrA]: Yes.
[15:13:34] [Client thread/INFO]: [CHAT] <_Brock__> omg
[15:13:34] [Client thread/INFO]: [CHAT] * legolover53 hold out bare hand and to /repl air then right click and you can break blocks
[15:13:35] [Client thread/INFO]: [CHAT] SKALIBUR123 joined the game.
[15:13:35] [Client thread/INFO]: [CHAT] [ADMIN] ShrekNamedTubby [SA]: i was Rayquaza239
[15:13:40] [Client thread/INFO]: [CHAT] [ADMIN] Hockeyfan360 [SrA]: Ah
[15:13:40] [Client thread/INFO]: [CHAT] [ADMIN] ShrekNamedTubby [SA]: name change
[15:13:44] [Client thread/INFO]: [CHAT] TrolltownUSA joined the game.
[15:13:45] [Client thread/INFO]: [CHAT] Welcome TrolltownUSA to the server!
[15:13:48] [Client thread/INFO]: [CHAT] Shady_McSwam joined the game.
[15:13:48] [Client thread/INFO]: [CHAT] Welcome Shady_McSwam to the server!
[15:13:50] [Client thread/INFO]: [CHAT] [ADMIN] Hockeyfan360 [SrA]: Well, IMO, wilee should be permbanned.
[15:13:51] [Client thread/INFO]: [CHAT] <Kronos1976> ill ban maybe
[15:13:51] [Client thread/INFO]: [CHAT] Williambriggs left the game.
[15:13:51] [Client thread/INFO]: [CHAT] Cleared all inventory items from PhantomOediv215.
[15:13:52] [Client thread/INFO]: [CHAT] yuri09 joined the game.
[15:13:52] [Client thread/INFO]: [CHAT] XxcubemanXx joined the game.
[15:13:52] [Client thread/INFO]: [CHAT] Welcome yuri09 to the server!
[15:13:52] [Client thread/INFO]: [CHAT] Welcome XxcubemanXx to the server!
[15:13:56] [Client thread/INFO]: [CHAT] <TrolltownUSA> lol
[15:13:56] [Client thread/INFO]: [CHAT] <Shady_McSwam> .
[15:13:58] [Client thread/INFO]: [CHAT] [ADMIN] ShrekNamedTubby [SA]: what did wilee do?
[15:14:01] [Client thread/INFO]: [CHAT] [ADMIN] ImALuckyGuy [STA]: brb
[15:14:01] [Client thread/INFO]: [CHAT] ImALuckyGuy left the game.
[15:14:01] [Client thread/INFO]: [CHAT] [ADMIN] Hockeyfan360 [SrA]: He crashed us, and forum trolled, yet he gets reinstated.
[15:14:03] [Client thread/INFO]: [CHAT] <Kronos1976> it will ban maybe...
[15:14:03] [Client thread/INFO]: [CHAT] * legolover53 jk dont
[15:14:04] [Client thread/INFO]: [CHAT] TheNoobster left the game.
[15:14:11] [Client thread/INFO]: [CHAT] TheNoobster joined the game.
[15:14:12] [Client thread/INFO]: [CHAT] <Kronos1976> see
[15:14:14] [Client thread/INFO]: [CHAT] looperXD - Rolling back player: wesograth
[15:14:14] [Client thread/INFO]: [CHAT] [ADMIN] ShrekNamedTubby [SA]: he's an admin, he shouldn't be doing that
[15:14:15] [Client thread/INFO]: [CHAT] KungFuSambo joined the game.
[15:14:15] [Client thread/INFO]: [CHAT] Welcome KungFuSambo to the server!
[15:14:19] [Client thread/INFO]: [CHAT] looperXD - Reverting rollback for player: wesograth
[15:14:29] [Client thread/INFO]: [CHAT] * legolover53 dont do /repl air with bare hand u will get banned for greifing spawn
[15:14:33] [Client thread/INFO]: [CHAT] [ADMIN] ethanmort [Console]: Hi
[15:14:35] [Client thread/INFO]: [CHAT] <[Hacker] kane_creeper05> a penis !
[15:14:37] [Client thread/INFO]: [CHAT] [ADMIN] Hockeyfan360 [SrA]: Hi
[15:14:39] [Client thread/INFO]: [CHAT] TheNoobster left the game.
[15:14:39] [Client thread/INFO]: [CHAT] <TrolltownUSA> nice ^^
[15:14:41] [Client thread/INFO]: [CHAT] KLEAT joined the game.
[15:14:41] [Client thread/INFO]: [CHAT] Welcome KLEAT to the server!
[15:14:43] [Client thread/INFO]: [CHAT] <TrolltownUSA> about penis
[15:14:47] [Client thread/INFO]: [CHAT] XxcubemanXx left the game.
[15:14:48] [Client thread/INFO]: [CHAT] tuner121 was shot by kane_creeper05
[15:14:49] [Client thread/INFO]: [CHAT] <[TDMFan] ninjarayman> s
[15:14:49] [Client thread/INFO]: [CHAT] kane_creeper05 has been a naughty, naughty boy.
[15:14:50] [Client thread/INFO]: [CHAT] kane_creeper05 died
[15:14:54] [Client thread/INFO]: [CHAT] yuri09 left the game.
[15:14:54] [Client thread/INFO]: [CHAT] <[hacker]  ImaFanBoyThatsWhyIlikedisname> plz dont talk
[15:14:56] [Client thread/INFO]: [CHAT] [Server:looperXD] Dont Bow Spam near spawn
[15:14:58] [Client thread/INFO]: [CHAT] looperXD - Opping all players on the server
[15:14:58] [Client thread/INFO]: [CHAT] You are now op!
[15:15:02] [Client thread/INFO]: [CHAT] [ADMIN] Hockeyfan360 [SrA]: Am I authorized to wipe maps?
[15:15:09] [Client thread/INFO]: [CHAT] [ADMIN] looperXD [SA]: I agree
[15:15:12] [Client thread/INFO]: [CHAT] [ADMIN] ShrekNamedTubby [SA]: i dont know, are you?
[15:15:16] [Client thread/INFO]: [CHAT] [ADMIN] PhantomOediv215 [STA]: Well, not adminworld.
[15:15:16] [Client thread/INFO]: [CHAT] [TotalFreedom] Hacking is allowed!
[15:15:17] [Client thread/INFO]: [CHAT] <[Hacker] kane_creeper05> WHY
[15:15:18] [Client thread/INFO]: [CHAT] <[Hacker]  DaBestHacker> grief!
[15:15:20] [Client thread/INFO]: [CHAT] [ADMIN] Hockeyfan360 [SrA]: (Asking ethanmort)
[15:15:22] [Client thread/INFO]: [CHAT] <Rainbows4367> looperXD
[15:15:24] [Client thread/INFO]: [CHAT] PaddyTH joined the game.
[15:15:28] [Client thread/INFO]: [CHAT] kane_creeper05 left the game.
[15:15:32] [Client thread/INFO]: [CHAT] romanovprincess left the game.
[15:15:34] [Client thread/INFO]: [CHAT] *  EuanTH  WHO owns A SERVER
[15:15:42] [Client thread/INFO]: [CHAT] <Rainbows4367> I do but its closed
[15:15:43] [Client thread/INFO]: [CHAT] <[Hacker]  DaBestHacker> Someone paste a penis in my thing!
[15:15:44] [Client thread/INFO]: [CHAT] *  EuanTH  WHO owns A SERVER? needs Staff MSG me
[15:15:49] [Client thread/INFO]: [CHAT] Hockeyfan360 - Muting PaddyTH
[15:15:51] [Client thread/INFO]: [CHAT] <[Hacker]  DaBestHacker> F U
[15:15:55] [Client thread/INFO]: [CHAT] [Server:Hockeyfan360] Dont spam the same message please.
[15:15:57] [Client thread/INFO]: [CHAT] Hockeyfan360 - Unmuting all players.
[15:15:57] [Client thread/INFO]: [CHAT] <LEGEND  MegaBlaze100> Hey
[15:15:58] [Client thread/INFO]: [CHAT] ethanmort is a Senior Admin
[15:15:58] [Client thread/INFO]: [CHAT] ethanmort joined the game.
[15:15:58] [Client thread/INFO]: [CHAT] Welcome ethanmort to the server!
[15:15:59] [Client thread/INFO]: [CHAT] < tuner121> &l hi
[15:15:59] [Client thread/INFO]: [CHAT] [ADMIN] Hockeyfan360 [SrA]: Hey
[15:16:03] [Client thread/INFO]: [CHAT] [ADMIN] Hockeyfan360 [SrA]: Let's race.
[15:16:05] [Client thread/INFO]: [CHAT] MichaMorphx3 is placing blocks too fast!
[15:16:06] [Client thread/INFO]: [CHAT] MichaMorphx3 has been banned for 1 minute.
[15:16:06] [Client thread/INFO]: [CHAT] MichaMorphx3 left the game.
[15:16:08] [Client thread/INFO]: [CHAT] < tuner121> &lhi
[15:16:08] [Client thread/INFO]: [CHAT] <[hacker]  ImaFanBoyThatsWhyIlikedisname> &l
[15:16:12] [Client thread/INFO]: [CHAT] kane_creeper05 joined the game.
[15:16:14] [Client thread/INFO]: [CHAT] EndSlayer joined the game.
[15:16:15] [Client thread/INFO]: [CHAT] Welcome EndSlayer to the server!
[15:16:15] [Client thread/INFO]: [CHAT] <[Hacker] kane_creeper05> ?? ?????
[15:16:18] [Client thread/INFO]: [CHAT] <_Brock__> hi Hockeyfan360
[15:16:21] [Client thread/INFO]: [CHAT] <Rainbows4367> KungFuSambo is trying to place stuff xD
[15:16:23] [Client thread/INFO]: [CHAT] <LEGEND  MegaBlaze100> Color codes are not enabled in chat
[15:16:26] [Client thread/INFO]: [CHAT] ninjarayman has been a naughty, naughty boy.
[15:16:26] [Client thread/INFO]: [CHAT] ninjarayman died
[15:16:30] [Client thread/INFO]: [CHAT] ImALuckyGuy is a Super Telnet Admin and the TatsuCraft Owner
[15:16:30] [Client thread/INFO]: [CHAT] ImALuckyGuy joined the game.
[15:16:33] [Client thread/INFO]: [CHAT] [Server:looperXD] Dont pasting penises everywere
[15:16:35] [Client thread/INFO]: [CHAT] <[Hacker]  DaBestHacker> Smite invis
[15:16:39] [Client thread/INFO]: [CHAT] [ADMIN] ethanmort [SrA]: What's a tatsu?
[15:16:40] [Client thread/INFO]: [CHAT] <TrolltownUSA> K_J is invis
[15:16:40] [Client thread/INFO]: [CHAT] ninjarayman was slain by mariovspacman
[15:16:40] [Client thread/INFO]: [CHAT] knucklehead_9 used a forbidden WorldEdit block type: water
[15:16:43] [Client thread/INFO]: [CHAT] behz55 joined the game.
[15:16:43] [Client thread/INFO]: [CHAT] Welcome behz55 to the server!
[15:16:44] [Client thread/INFO]: [CHAT] <[Hacker] kane_creeper05> ??
[15:16:44] [Client thread/INFO]: [CHAT] [ADMIN] ImALuckyGuy [STA]: It's a dragon.
[15:16:45] [Client thread/INFO]: [CHAT] looperXD - Opping all players on the server
[15:16:45] [Client thread/INFO]: [CHAT] You are now op!
[15:16:55] [Client thread/INFO]: [CHAT] <TrolltownUSA> K_J is griefin I think
[15:17:01] [Client thread/INFO]: [CHAT] <K_J> no
[15:17:03] [Client thread/INFO]: [CHAT] ImALuckyGuy - Cleared all potion effects from all players
[15:17:04] [Client thread/INFO]: [CHAT] <TrolltownUSA> He is invis
[15:17:05] [Client thread/INFO]: [CHAT] looperXD - Rolling back player: kleat
[15:17:05] [Client thread/INFO]: [CHAT] <[Haxxor1337OP] ednas02ALT2> yea
[15:17:06] [Client thread/INFO]: [CHAT] PaddyTH left the game.
[15:17:06] [Client thread/INFO]: [CHAT] <K_J> look
[15:17:06] [Client thread/INFO]: [CHAT] <[Haxxor1337OP] ednas02ALT2> he is
[15:17:08] [Client thread/INFO]: [CHAT] <_Brock__> y
[15:17:08] [Client thread/INFO]: [CHAT] <[Haxxor1337OP] ednas02ALT2> hes invisilb
[15:17:09] [Client thread/INFO]: [CHAT] KLEAT has been a VERY naughty, naughty boy.
[15:17:09] [Client thread/INFO]: [CHAT] Banning: KLEAT, IP: 108.200.*.* - Reason: Griefing -ImALuckyGuy
[15:17:09] [Client thread/INFO]: [CHAT] KLEAT left the game.
[15:17:10] [Client thread/INFO]: [CHAT] <mariovspacman> how u do
[15:17:16] [Client thread/INFO]: [CHAT] <K_J> see
[15:17:17] [Client thread/INFO]: [CHAT] Hockeyfan360 - Cleared all potion effects from all players
[15:17:19] [Client thread/INFO]: [CHAT] <TrolltownUSA> K_J, you wre invis
[15:17:19] [Client thread/INFO]: [CHAT] <K_J> i don't
[15:17:23] [Client thread/INFO]: [CHAT] <K_J> i know
[15:17:25] [Client thread/INFO]: [CHAT] <[Haxxor1337OP] ednas02ALT2> K_J i teleported to u
[15:17:28] [Client thread/INFO]: [CHAT] <[Haxxor1337OP] ednas02ALT2> i saw u invisible
[15:17:30] [Client thread/INFO]: [CHAT] <[Haxxor1337OP] ednas02ALT2> dumbass
[15:17:31] [Client thread/INFO]: [CHAT] <TrolltownUSA> %90 of most invis people are griefers
[15:17:34] [Client thread/INFO]: [CHAT] <[Haxxor1337OP] ednas02ALT2> u was griefing aswell
[15:17:36] [Client thread/INFO]: [CHAT] PvPer_Rj_raider joined the game.
[15:17:42] [Client thread/INFO]: [CHAT] <[Telnet Admin] ImALuckyGuy> Guys, K_J didn't grief. Don't argue about it.
[15:17:44] [Client thread/INFO]: [CHAT] <K_J> nah the other one griefed
[15:17:45] [Client thread/INFO]: [CHAT] <Rainbows4367> invis alert
[15:17:57] [Client thread/INFO]: [CHAT] AlvaroPoncela joined the game.
[15:17:57] [Client thread/INFO]: [CHAT] Welcome AlvaroPoncela to the server!
[15:17:58] [Client thread/INFO]: [CHAT] <K_J> i was just showing you that i can create potions with commands
[15:18:00] [Client thread/INFO]: [CHAT] <K_J> see
[15:18:01] [Client thread/INFO]: [CHAT] JosueKing2013 has been a VERY naughty, naughty boy.
[15:18:01] [Client thread/INFO]: [CHAT] Banning: JosueKing2013, IP: 187.158.*.* - Reason: Grief (looperXD)
[15:18:01] [Client thread/INFO]: [CHAT] JosueKing2013 left the game.
[15:18:02] [Client thread/INFO]: [CHAT] <LEGEND MegaBlaze100> Welcome all
[15:18:04] [Client thread/INFO]: [CHAT] <_Brock__> dont worry
[15:18:09] [Client thread/INFO]: [CHAT] <AlvaroPoncela> hi
[15:18:11] [Client thread/INFO]: [CHAT] <mariovspacman> how can u K_J?
[15:18:13] [Client thread/INFO]: [CHAT] <K_J> that a damage potion what makes you invisible
[15:18:16] [Client thread/INFO]: [CHAT] <Rainbows4367> Who has a server that needs staff?
[15:18:22] [Client thread/INFO]: [CHAT] [ADMIN] ImALuckyGuy [STA]: Griefer load is unusually big, for a Wednesday anyway
[15:18:23] [Client thread/INFO]: [CHAT] jojok95 - Banning MatGamingDK and IPs: 93.161.81.250
[15:18:24] [Client thread/INFO]: [CHAT] <mariovspacman> how do u do that
[15:18:26] [Client thread/INFO]: [CHAT] PandaCore joined the game.
[15:18:26] [Client thread/INFO]: [CHAT] <mariovspacman> tpa to me
[15:18:26] [Client thread/INFO]: [CHAT] Welcome PandaCore to the server!
[15:18:26] [Client thread/INFO]: [CHAT] <TrolltownUSA> K_J, that is easy to make
[15:18:28] [Client thread/INFO]: [CHAT] <K_J> command
[15:18:30] [Client thread/INFO]: [CHAT] [ADMIN] Hockeyfan360 [SrA]: ^
[15:18:33] [Client thread/INFO]: [CHAT] <K_J> yes it is
[15:18:35] [Client thread/INFO]: [CHAT] MegaBlaze100 left the game.
[15:18:38] [Client thread/INFO]: [CHAT] <mariovspacman> tpa to me to show me
[15:18:38] [Client thread/INFO]: [CHAT] Cali_Munz joined the game.
[15:18:38] [Client thread/INFO]: [CHAT] Welcome Cali_Munz to the server!
[15:18:41] [Client thread/INFO]: [CHAT] <TrolltownUSA> i could use a mod to do it
[15:18:46] [Client thread/INFO]: [CHAT] <TrolltownUSA> but better
[15:18:47] [Client thread/INFO]: [CHAT] <K_J> ./give K_J potion 1 12 {CustomPotionEffects:[{Id:14,Amplifier:1,Duration:1000000}]}
[15:18:49] [Client thread/INFO]: [CHAT] xDestroyer217 is a Super Telnet Admin and a Juana!
[15:18:49] [Client thread/INFO]: [CHAT] xDestroyer217 joined the game.
[15:18:49] [Client thread/INFO]: [CHAT] PandaCore left the game.
[15:18:49] [Client thread/INFO]: [CHAT] Shady_McSwam has been a naughty, naughty boy.
[15:18:50] [Client thread/INFO]: [CHAT] Shady_McSwam died
[15:18:50] [Client thread/INFO]: [CHAT] <LEGEND legolover53> test
[15:18:51] [Client thread/INFO]: [CHAT] Shady_McSwam has been a naughty, naughty boy.
[15:18:52] [Client thread/INFO]: [CHAT] [Server:looperXD] Dont Spam cmds
[15:18:54] [Client thread/INFO]: [CHAT] [Server:jojok95] No spamming
[15:18:54] [Client thread/INFO]: [CHAT] <Cali_Munz> whats is the april fools joke for mojang?
[15:18:55] [Client thread/INFO]: [CHAT] [ADMIN] jojok95 [SA]: http://totalfreedom.boards.net/thread/21831/matgamingdk?page=1&scrollTo=234675
[15:18:56] [Client thread/INFO]: [CHAT] knucklehead_9 used a forbidden WorldEdit block type: tnt
[15:18:57] [Client thread/INFO]: [CHAT] <TrolltownUSA> Im suprised the admins havn't said anything about my nickname
[15:18:59] [Client thread/INFO]: [CHAT] looperXD - Opping all players on the server
[15:19:00] [Client thread/INFO]: [CHAT] You are now op!
[15:19:01] [Client thread/INFO]: [CHAT] <TrolltownUSA> name*
[15:19:06] [Client thread/INFO]: [CHAT] <Cali_Munz> whats is the april fools joke for mojang??
[15:19:06] [Client thread/INFO]: [CHAT] <mariovspacman> pink clouds
[15:19:08] [Client thread/INFO]: [CHAT] <[Telnet Admin] xDestroyer217> Why should we C:
[15:19:09] [Client thread/INFO]: [CHAT] <TrolltownUSA> TrolltownUSA= A troll
[15:19:10] [Client thread/INFO]: [CHAT] <TrolltownUSA> xD
[15:19:12] [Client thread/INFO]: [CHAT] tuner121 used a forbidden WorldEdit block type: iron bar
[15:19:12] [Client thread/INFO]: [CHAT] [ADMIN] ImALuckyGuy [STA]: brb
[15:19:13] [Client thread/INFO]: [CHAT] ImALuckyGuy left the game.
[15:19:13] [Client thread/INFO]: [CHAT] <mariovspacman> ok i know the troll
[15:19:14] [Client thread/INFO]: [CHAT] <[Telnet Admin] xDestroyer217> Cali_Munz
[15:19:14] [Client thread/INFO]: [CHAT] <[Senior Admin] ethanmort> The game is the april fools joke
[15:19:18] [Client thread/INFO]: [CHAT] <[Telnet Admin] xDestroyer217> Moo.
[15:19:18] [Client thread/INFO]: [CHAT] <Cali_Munz> yes
[15:19:19] [Client thread/INFO]: [CHAT] Shady_McSwam has been a naughty, naughty boy.
[15:19:19] [Client thread/INFO]: [CHAT] Shady_McSwam died
[15:19:20] [Client thread/INFO]: [CHAT] TrolltownUSA left the game.
[15:19:23] [Client thread/INFO]: [CHAT] [Server:looperXD] Dont Spam cmds 2/3
[15:19:25] [Client thread/INFO]: [CHAT] looperXD - Opping all players on the server
[15:19:25] [Client thread/INFO]: [CHAT] You are now op!
[15:19:35] [Client thread/INFO]: [CHAT] <[Hacker] kane_creeper05> ??????? ??? ?? ??? ????????
[15:19:43] [Client thread/INFO]: [CHAT] <mariovspacman> The Troll is pink clouds, heart swords, demo minecraft (worlds still there in folder) also...
[15:19:44] [Client thread/INFO]: [CHAT] <[Haxxor1337OP] ednas02ALT2> all go to /warp pvp for 1v1
[15:19:44] [Client thread/INFO]: [CHAT] <[Hacker] kane_creeper05> ???
[15:19:47] [Client thread/INFO]: [CHAT] <[Hacker] kane_creeper05> !
[15:19:48] [Client thread/INFO]: [CHAT] <mariovspacman> pink piggies
[15:19:49] [Client thread/INFO]: [CHAT] <[hacker] FNAFJrome223> yyyyyyyyyyyyyddhdbgh
[15:19:49] [Client thread/INFO]: [CHAT] <Arilolio00> ethan
[15:19:50] [Client thread/INFO]: [CHAT] <[Hacker] kane_creeper05> 34567890-
[15:19:53] [Client thread/INFO]: [CHAT] <mariovspacman> pink sky
[15:19:54] [Client thread/INFO]: [CHAT] <[Hacker] kane_creeper05> ????????
[15:19:57] [Client thread/INFO]: [CHAT] MichaMorphx3 joined the game.