[22:35:30] [Client thread/INFO]: Connecting to play.totalfreedom.me., 28965
[22:35:33] [Client thread/INFO]: [CHAT] VideoSmash512 is a Telnet Admin and a gamer!
[22:35:33] [Client thread/INFO]: [CHAT] VideoSmash512 joined the game.
[22:35:33] [Client thread/INFO]: [CHAT] Welcome, VideoSmash512!
[22:35:33] [Client thread/INFO]: [CHAT] Type /help for a list of commands.
[22:35:33] [Client thread/INFO]: [CHAT] Type /list to see who else is online.
[22:35:33] [Client thread/INFO]: [CHAT] Remember to save your builds with World Edit or they’ll be lost.
[22:35:33] [Client thread/INFO]: [CHAT] You have no new mail.
[22:35:33] [Client thread/INFO]: [CHAT] Set fly mode enabled for VideoSmash512.
[22:35:33] [Client thread/INFO]: [CHAT] HEROKILLER555: /tree
[22:35:33] [Client thread/INFO]: [CHAT] HEROKILLER555: /tree
[22:35:33] [Client thread/INFO]: [CHAT] daniellovibond: //replace air
[22:35:33] [Client thread/INFO]: [CHAT] <mitcheyman7000> ./commandspy Dirazi
[22:35:34] [Client thread/INFO]: [CHAT] <[Helper] lambobeats> clear all potions effects
[22:35:34] [Client thread/INFO]: [CHAT] Jacob474747: /msg xraininggamingx okay i will give u time i will practise
[22:35:38] [Client thread/INFO]: [CHAT] <Agent_L> wb
[22:35:39] [Client thread/INFO]: [CHAT] wogboy_98: /i 397:3
[22:35:40] [Client thread/INFO]: [CHAT] *  Goku is no longer AFK.
[22:35:40] [Client thread/INFO]: [CHAT] HEROKILLER555: /tree
[22:35:40] [Client thread/INFO]: [CHAT] HEROKILLER555: /tree
[22:35:40] [Client thread/INFO]: [CHAT] bavindecator: /me anyone have a server i can be staff on
[22:35:40] [Client thread/INFO]: [CHAT] * bavindecator Anyone have a server i can be staff on
[22:35:40] [Client thread/INFO]: [CHAT] NightmareSoul: /commandspy dirazi
[22:35:41] [Client thread/INFO]: [CHAT] <[Super Admin] Dirazi> Welcome back Video
[22:35:43] [Client thread/INFO]: [CHAT] bavindecator: /me anyone have a server i can be staff on
[22:35:43] [Client thread/INFO]: [CHAT] * bavindecator Anyone have a server i can be staff on
[22:35:43] [Client thread/INFO]: [CHAT] maxxpulse10001: /worldedit <pyramid 200 200>
[22:35:43] [Client thread/INFO]: [CHAT] moanamassive: /survival
[22:35:43] [Client thread/INFO]: [CHAT] bavindecator: /me anyone have a server i can be staff on
[22:35:43] [Client thread/INFO]: [CHAT] * bavindecator Anyone have a server i can be staff on
[22:35:45] [Client thread/INFO]: [CHAT] bavindecator: /me anyone have a server i can be staff on
[22:35:45] [Client thread/INFO]: [CHAT] * bavindecator Anyone have a server i can be staff on
[22:35:45] [Client thread/INFO]: [CHAT] bavindecator: /me anyone have a server i can be staff on
[22:35:45] [Client thread/INFO]: [CHAT] * bavindecator Anyone have a server i can be staff on
[22:35:45] [Client thread/INFO]: [CHAT] bavindecator: /me anyone have a server i can be staff on
[22:35:45] [Client thread/INFO]: [CHAT] * bavindecator Anyone have a server i can be staff on
[22:35:48] [Client thread/INFO]: [CHAT] Jacob474747: /msg xraininggamingx okay
[22:35:49] [Client thread/INFO]: [CHAT] mitcheyman7000: //limit 509
[22:35:49] [Client thread/INFO]: [CHAT] mitcheyman7000 set their block limit to 509
[22:35:51] [Client thread/INFO]: [CHAT] HEROKILLER555: /tree
[22:35:51] [Client thread/INFO]: [CHAT] HEROKILLER555: /tree
[22:35:51] [Client thread/INFO]: [CHAT] daniellovibond: /skull daniellovibond
[22:35:52] [Client thread/INFO]: [CHAT] maxxpulse10001: /we pyramid
[22:35:54] [Client thread/INFO]: [CHAT] LeoGamer19 left the game.
[22:35:56] [Client thread/INFO]: [CHAT] mitcheyman7000: //paste
[22:35:57] [Client thread/INFO]: [CHAT] HEROKILLER555: /tree
[22:35:57] [Client thread/INFO]: [CHAT] HEROKILLER555: /tree
[22:35:58] [Client thread/INFO]: [CHAT] LukeVsGaming253: /commandspy dirazi
[22:35:59] [Client thread/INFO]: [CHAT] NightmareSoul: /me &4anyone here has a gratisserver server??
[22:35:59] [Client thread/INFO]: [CHAT] *  JustJenn Anyone here has a GratisServer server??
[22:35:59] [Client thread/INFO]: [CHAT] <Agent_L> Do not spwam plz
[22:36:01] [Client thread/INFO]: [CHAT] moanamassive: /creative
[22:36:02] [Client thread/INFO]: [CHAT] maxxpulse10001: /worldedit
[22:36:04] [Client thread/INFO]: [CHAT] HEROKILLER555: //help
[22:36:06] [Client thread/INFO]: [CHAT] Sp00n5: /heal
[22:36:06] [Client thread/INFO]: [CHAT] animexjenna: /skull
[22:36:06] [Client thread/INFO]: [CHAT] SpecZy: /realname j
[22:36:06] [Client thread/INFO]: [CHAT] wogboy_98: /i 397:3 1
[22:36:08] [Client thread/INFO]: [CHAT] LukeVsGaming253: //wand
[22:36:09] [Client thread/INFO]: [CHAT] MasterAndrew joined the game.
[22:36:09] [Client thread/INFO]: [CHAT] mitcheyman7000: //limit 519
[22:36:09] [Client thread/INFO]: [CHAT] mitcheyman7000 set their block limit to 519
[22:36:11] [Client thread/INFO]: [CHAT] mitcheyman7000: //paste
[22:36:11] [Client thread/INFO]: [CHAT] maxxpulse10001: /worldedit help
[22:36:12] [Client thread/INFO]: [CHAT] SpecZy: /msg nightmaresoul i dont
[22:36:14] [Client thread/INFO]: [CHAT] MasterAndrew: /i bow
[22:36:14] [Client thread/INFO]: [CHAT] HEROKILLER555: //helpfast
[22:36:18] [Client thread/INFO]: [CHAT] HEROKILLER555: //fast
[22:36:18] [Client thread/INFO]: [CHAT] SpecZy: /msg nightmaresoul but im a staff on it tho
[22:36:19] [Client thread/INFO]: [CHAT] daniellovibond: //replace air
[22:36:19] [Client thread/INFO]: [CHAT] <[YouTuber]  Goku> how
[22:36:21] [Client thread/INFO]: [CHAT] mitcheyman7000: //limit 530
[22:36:21] [Client thread/INFO]: [CHAT] mitcheyman7000 set their block limit to 530
[22:36:23] [Client thread/INFO]: [CHAT] Jacob474747: /setl
[22:36:23] [Client thread/INFO]: [CHAT] <Agent_L> im bored :C
[22:36:24] [Client thread/INFO]: [CHAT] < AlphaHax> look at my head hack
[22:36:26] [Client thread/INFO]: [CHAT] lambobeats: /set block limit 5000
[22:36:27] [Client thread/INFO]: [CHAT] mitcheyman7000: //paste
[22:36:27] [Client thread/INFO]: [CHAT] LukeVsGaming253: /limit 100
[22:36:28] [Client thread/INFO]: [CHAT] daniellovibond: //replace air
[22:36:30] [Client thread/INFO]: [CHAT] Jacob474747 left the game.
[22:36:31] [Client thread/INFO]: [CHAT] Sp00n5: /heal
[22:36:32] [Client thread/INFO]: [CHAT] HEROKILLER555: //sphere
[22:36:32] [Client thread/INFO]: [CHAT] bavindecator left the game.
[22:36:33] [Client thread/INFO]: [CHAT] daniellovibond: //replace air
[22:36:33] [Client thread/INFO]: [CHAT] LukeVsGaming253: /block limit 1000
[22:36:33] [Client thread/INFO]: [CHAT] daniellovibond: //replace air
[22:36:33] [Client thread/INFO]: [CHAT] mitcheyman7000: //paste
[22:36:35] [Client thread/INFO]: [CHAT] daniellovibond: //replace air
[22:36:35] [Client thread/INFO]: [CHAT] daniellovibond: //replace air
[22:36:35] [Client thread/INFO]: [CHAT] daniellovibond: //replace air
[22:36:36] [Client thread/INFO]: [CHAT] daniellovibond: //replace air
[22:36:37] [Client thread/INFO]: [CHAT] daniellovibond: //replace air
[22:36:38] [Client thread/INFO]: [CHAT] daniellovibond: //replace air
[22:36:39] [Client thread/INFO]: [CHAT] daniellovibond: //replace air
[22:36:39] [Client thread/INFO]: [CHAT] moanamassive: /r my tag to youtuber please
[22:36:39] [Client thread/INFO]: [CHAT] daniellovibond: //replace air
[22:36:40] [Client thread/INFO]: [CHAT] daniellovibond: //replace air
[22:36:40] [Client thread/INFO]: [CHAT] daniellovibond: //replace air
[22:36:40] [Client thread/INFO]: [CHAT] wogboy_98: /i 397:3 1 wogboy_98
[22:36:40] [Client thread/INFO]: [CHAT] daniellovibond: //replace air
[22:36:43] [Client thread/INFO]: [CHAT] <[Helper] lambobeats> can some1 clear all potions effects
[22:36:43] [Client thread/INFO]: [CHAT] < JustJenn> stop giving potions
[22:36:44] [Client thread/INFO]: [CHAT] Sp00n5: /hat
[22:36:44] [Client thread/INFO]: [CHAT] daniellovibond: //replace air
[22:36:44] [Client thread/INFO]: [CHAT] daniellovibond: //replace air
[22:36:44] [Client thread/INFO]: [CHAT] LukeVsGaming253: /landmine
[22:36:44] [Client thread/INFO]: [CHAT] daniellovibond: //replace air
[22:36:45] [Client thread/INFO]: [CHAT] daniellovibond: //replace air
[22:36:45] [Client thread/INFO]: [CHAT] daniellovibond was automatically kicked for spamming commands.
[22:36:45] [Client thread/INFO]: [CHAT] daniellovibond has been banned for 1 minute.
[22:36:45] [Client thread/INFO]: [CHAT] daniellovibond left the game.
[22:36:45] [Client thread/INFO]: [CHAT] mitcheyman7000: //limit 550
[22:36:45] [Client thread/INFO]: [CHAT] mitcheyman7000 set their block limit to 550
[22:36:45] [Client thread/INFO]: [CHAT] MasterAndrew left the game.
[22:36:48] [Client thread/INFO]: [CHAT] PacksGamingHD is a Super Admin and Owner of PacksNetwork!
[22:36:48] [Client thread/INFO]: [CHAT] PacksGamingHD joined the game.
[22:36:48] [Client thread/INFO]: [CHAT] Welcome PacksGamingHD to the server!
[22:36:48] [Client thread/INFO]: [CHAT] mitcheyman7000: //paste
[22:36:51] [Client thread/INFO]: [CHAT] < AlphaHax> someoen is spamminf potions and invis smit invis plz
[22:36:51] [Client thread/INFO]: [CHAT] <Agent_L> wub
[22:36:51] [Client thread/INFO]: [CHAT] maxxpulse10001: /worldedit //pyramid 2 500
[22:36:52] [Client thread/INFO]: [CHAT] wogboy_98: /i 397:3 wogboy_8 `
[22:36:53] [Client thread/INFO]: [CHAT] [ADMIN] Dirazi [SA]: Welcome back
[22:36:57] [Client thread/INFO]: [CHAT] LukeVsGaming253: /launchpads
[22:37:01] [Client thread/INFO]: [CHAT] wogboy_98: /i 397:3 wogboy_98 1
[22:37:02] [Client thread/INFO]: [CHAT] Sp00n5: /heal
[22:37:02] [Client thread/INFO]: [CHAT] maxxpulse10001: /we /pyramid
[22:37:02] [Client thread/INFO]: [CHAT] SpecZy: //wand
[22:37:02] [Client thread/INFO]: [CHAT] HEROKILLER555: //sphere stone 5,5,5
[22:37:03] [Client thread/INFO]: [CHAT] mitcheyman7000: //limit 650
[22:37:03] [Client thread/INFO]: [CHAT] mitcheyman7000 set their block limit to 650
[22:37:03] [Client thread/INFO]: [CHAT] Sp00n5: /clear
[22:37:03] [Client thread/INFO]: [CHAT] lambobeats: /skull
[22:37:13] [Client thread/INFO]: [CHAT] Sp00n5: /clear
[22:37:13] [Client thread/INFO]: [CHAT] Sp00n5: /heal
[22:37:13] [Client thread/INFO]: [CHAT] mitcheyman7000: //paste
[22:37:13] [Client thread/INFO]: [CHAT] mitcheyman7000: //replace air grass
[22:37:13] [Client thread/INFO]: [CHAT] LukeVsGaming253: /lockup
[22:37:14] [Client thread/INFO]: [CHAT] HEROKILLER555: //sphere stone 5,5,5
[22:37:17] [Client thread/INFO]: [CHAT] maxxpulse10001: /worldedit //pyramid
[22:37:17] [Client thread/INFO]: [CHAT] SpecZy: /afk
[22:37:17] [Client thread/INFO]: [CHAT] * SpecZy is now AFK.
[22:37:17] [Client thread/INFO]: [CHAT] HEROKILLER555: //sphere stone 5,5,5
[22:37:17] [Client thread/INFO]: [CHAT] Jacob474747 joined the game.
[22:37:22] [Client thread/INFO]: [CHAT] Chriskc2: /give chriskc2 minecraft:potion 64 16420
[22:37:22] [Client thread/INFO]: [CHAT] HEROKILLER555: //sphere stone 5,5,5
[22:37:25] [Client thread/INFO]: [CHAT] wogboy_98: /i 397:3 1 wogboy_98
[22:37:25] [Client thread/INFO]: [CHAT] Sp00n5: /skull horse
[22:37:25] [Client thread/INFO]: [CHAT] maxxpulse10001: /worldedit
[22:37:27] [Client thread/INFO]: [CHAT] LukeVsGaming253: /lag
[22:37:28] [Client thread/INFO]: [CHAT] HEROKILLER555: //sphere stone 5,5,5
[22:37:29] [Client thread/INFO]: [CHAT] <mitcheyman7000> Lambo Dont edit spawn
[22:37:32] [Client thread/INFO]: [CHAT] HEROKILLER555 has been a VERY naughty, naughty boy.
[22:37:32] [Client thread/INFO]: [CHAT] < lol> g
[22:37:33] [Client thread/INFO]: [CHAT] Banning: HEROKILLER555, IP: 118.93.*.* - Reason: Griefing
[22:37:33] [Client thread/INFO]: [CHAT] HEROKILLER555 left the game.
[22:37:33] [Client thread/INFO]: [CHAT] wogboy_98: /i 397 :3 1 wogboy_98
[22:37:33] [Client thread/INFO]: [CHAT] maxxpulse10001: //pyramid
[22:37:34] [Client thread/INFO]: [CHAT] LeoGamer19 joined the game.
[22:37:34] [Client thread/INFO]: [CHAT] <[Helper]  animexjenna> yea
[22:37:40] [Client thread/INFO]: [CHAT] lambobeats: /msg apphla how do u do dat
[22:37:40] [Client thread/INFO]: [CHAT] Jacob474747: /nickname off
[22:37:42] [Client thread/INFO]: [CHAT] <[Helper] lambobeats> it isnt me
[22:37:43] [Client thread/INFO]: [CHAT] mitcheyman7000: //paste
[22:37:48] [Client thread/INFO]: [CHAT] AlphaDeity left the game.
[22:37:49] [Client thread/INFO]: [CHAT] LeoGamer19: /nick &1leogamer19
[22:37:50] [Client thread/INFO]: [CHAT] maxxpulse10001: //pyramid 1 200
[22:37:52] [Client thread/INFO]: [CHAT] < JustJenn> Who is griefing spawn omg -_-
[22:37:56] [Client thread/INFO]: [CHAT] <[Helper]  animexjenna> helper use white tag
[22:37:59] [Client thread/INFO]: [CHAT] maxxpulse10001: /we 5 50
[22:37:59] [Client thread/INFO]: [CHAT] <mitcheyman7000> You put a different head there
[22:38:00] [Client thread/INFO]: [CHAT] < JustJenn> trying to read the rules..
[22:38:00] [Client thread/INFO]: [CHAT] <Chriskc2> Who wants to 1v1
[22:38:00] [Client thread/INFO]: [CHAT] Jacob474747: /msg xraininggamingx i will give u time to think it through see u soon
[22:38:01] [Client thread/INFO]: [CHAT] Sp00n5: /i cactusgreen
[22:38:04] [Client thread/INFO]: [CHAT] Agent_L: /seen thedarknesschild
[22:38:05] [Client thread/INFO]: [CHAT] <mitcheyman7000> (The head is the spawn builders)
[22:38:07] [Client thread/INFO]: [CHAT] maxxpulse10001: //pyramid 54 50
[22:38:07] [Client thread/INFO]: [CHAT] SpecZy: /nick &f&lspec&0&lzy
[22:38:08] [Client thread/INFO]: [CHAT] * SpecZy is no longer AFK.
[22:38:14] [Client thread/INFO]: [CHAT] Sp00n5: /i craftingtable
[22:38:14] [Client thread/INFO]: [CHAT] <[Helper] lambobeats> i am telling u clear all potions effects
[22:38:15] [Client thread/INFO]: [CHAT] [Server:Dirazi] There is no helpers, if you have 'Helper' as your tag please remove it.
[22:38:15] [Client thread/INFO]: [CHAT] wogboy_98: //set wood
[22:38:17] [Client thread/INFO]: [CHAT] Sp00n5: /heal
[22:38:20] [Client thread/INFO]: [CHAT] LukeVsGaming253: //replace air,grass gold_block
[22:38:21] [Client thread/INFO]: [CHAT] mitcheyman7000: /seen notchytheocelot
[22:38:24] [Client thread/INFO]: [CHAT] <[Helper] lambobeats> awww
[22:38:25] [Client thread/INFO]: [CHAT] Jacob474747: /tag
[22:38:25] [Client thread/INFO]: [CHAT] AlphaDeity joined the game.
[22:38:29] [Client thread/INFO]: [CHAT] moanamassive: /r do /i 397:3 1 player:wogboy_98
[22:38:31] [Client thread/INFO]: [CHAT] [ADMIN] VideoSmash512 [STA]: They can have it...
[22:38:33] [Client thread/INFO]: [CHAT] NightmareSoul: /skull notchytheocelot
[22:38:33] [Client thread/INFO]: [CHAT] collaid34 joined the game.
[22:38:35] [Client thread/INFO]: [CHAT] Bloody_Viber joined the game.
[22:38:36] [Client thread/INFO]: [CHAT] Jacob474747: /tag jacob474747 &bhelper
[22:38:38] [Client thread/INFO]: [CHAT] Sp00n5: /clear
[22:38:38] [Client thread/INFO]: [CHAT] animexjenna: /tag [staff]
[22:38:40] [Client thread/INFO]: [CHAT] <[Telnet Admin] VideoSmash512> You can have it on
[22:38:40] [Client thread/INFO]: [CHAT] PacksGamingHD - Removing all server entities.
[22:38:41] [Client thread/INFO]: [CHAT] NightmareSoul: /skull
[22:38:41] [Client thread/INFO]: [CHAT] collaid34: /
[22:38:41] [Client thread/INFO]: [CHAT] maxxpulse10001: //pyramid 100 50
[22:38:43] [Client thread/INFO]: [CHAT] mitcheyman7000: //paste
[22:38:43] [Client thread/INFO]: [CHAT] collaid34 left the game.
[22:38:45] [Client thread/INFO]: [CHAT] PacksGamingHD - Cleared all potion effects from all players
[22:38:46] [Client thread/INFO]: [CHAT] animexjenna: /tag set [staff]
[22:38:48] [Client thread/INFO]: [CHAT] Aether_360, Agent_L, AlphaDeity, animexjenna
[22:38:48] [Client thread/INFO]: [CHAT] Aether_360, Agent_L, AlphaDeity, animexjenna
[22:38:49] [Client thread/INFO]: [CHAT] < Bloody_Viber> hi guys i m back
[22:38:49] [Client thread/INFO]: [CHAT] <[Staff]  animexjenna> hi
[22:38:49] [Client thread/INFO]: [CHAT] < AlphaHax> how
[22:38:49] [Client thread/INFO]: [CHAT] Aether_360, Agent_L, AlphaDeity, animexjenna
[22:38:50] [Client thread/INFO]: [CHAT] Aether_360, Agent_L, AlphaDeity, animexjenna
[22:38:50] [Client thread/INFO]: [CHAT] wogboy_98: /msg moanamassive stop
[22:38:51] [Client thread/INFO]: [CHAT] Poopooroopoo joined the game.
[22:38:52] [Client thread/INFO]: [CHAT] [ADMIN] Dirazi [SA]: I've been told by different people they can and can't :l
[22:38:52] [Client thread/INFO]: [CHAT] Welcome Poopooroopoo to the server!
[22:38:52] [Client thread/INFO]: [CHAT] Poopooroopoo is breaking blocks too fast!
[22:38:52] [Client thread/INFO]: [CHAT] Poopooroopoo has been banned for 3 minutes.
[22:38:52] [Client thread/INFO]: [CHAT] Poopooroopoo left the game.
[22:38:52] [Client thread/INFO]: [CHAT] lambobeats: /tag set &8[&bthe beast&8]
[22:38:55] [Client thread/INFO]: [CHAT] animexjenna has been a naughty, naughty boy.
[22:38:55] [Client thread/INFO]: [CHAT] animexjenna died
[22:38:55] [Client thread/INFO]: [CHAT] PacksGamingHD - Cleared all potion effects from all players
[22:38:55] [Client thread/INFO]: [CHAT] < AlphaHax> ow
[22:38:56] [Client thread/INFO]: [CHAT] mitcheyman7000: /heal
[22:38:56] [Client thread/INFO]: [CHAT] <[THE BEAST] lambobeats> D\
[22:38:58] [Client thread/INFO]: [CHAT] < JustJenn> no potions
[22:38:58] [Client thread/INFO]: [CHAT] <Agent_L> .
[22:39:01] [Client thread/INFO]: [CHAT] PacksGamingHD left the game.
[22:39:03] [Client thread/INFO]: [CHAT] mitcheyman7000: //paste
[22:39:03] [Client thread/INFO]: [CHAT] <Chriskc2> WHO wants to 1v1!!??
[22:39:03] [Client thread/INFO]: [CHAT] Bloody_Viber: //wand
[22:39:05] [Client thread/INFO]: [CHAT] [Server:VideoSmash512] You are not an admin
[22:39:05] [Client thread/INFO]: [CHAT] animexjenna: /skull
[22:39:08] [Client thread/INFO]: [CHAT] <[THE BEAST] lambobeats> ME
[22:39:09] [Client thread/INFO]: [CHAT] collaid34 joined the game.
[22:39:11] [Client thread/INFO]: [CHAT] [ADMIN] VideoSmash512 [STA]: I call it a rule
[22:39:12] [Client thread/INFO]: [CHAT] moanamassive: /i 397:3 1 player:agent_l
[22:39:14] [Client thread/INFO]: [CHAT] Bloody_Viber: /tp chriskc2
[22:39:15] [Client thread/INFO]: [CHAT] wogboy_98: //set wood
[22:39:16] [Client thread/INFO]: [CHAT] <LukeVsGaming253> tp LukeVsGaming253 lambobeats
[22:39:16] [Client thread/INFO]: [CHAT] < Serenity> animexjenna stop with the potions
[22:39:16] [Client thread/INFO]: [CHAT] <Chriskc2> LAMBO
[22:39:17] [Client thread/INFO]: [CHAT] Jacob474747: /tag set &bsuper admin jacob474747
[22:39:17] [Client thread/INFO]: [CHAT] <[Staff]  animexjenna> op
[22:39:20] [Client thread/INFO]: [CHAT] <[THE BEAST] lambobeats> chri me
[22:39:20] [Client thread/INFO]: [CHAT] <Agent_L> tkj3e
[22:39:22] [Client thread/INFO]: [CHAT] wogboy_98: /speed 1
[22:39:22] [Client thread/INFO]: [CHAT] < AlphaHax> wtf is foxgirl doing in the floor
[22:39:22] [Client thread/INFO]: [CHAT] NightmareSoul: /me &4anyone here has a gratisserver server??
[22:39:22] [Client thread/INFO]: [CHAT] *  JustJenn Anyone here has a GratisServer server??
[22:39:23] [Client thread/INFO]: [CHAT] mitcheyman7000: /realname justjenn
[22:39:23] [Client thread/INFO]: [CHAT] lambobeats: /tp luke
[22:39:28] [Client thread/INFO]: [CHAT] LukeVsGaming253: /tp lukevsgaming253 lambobeats
[22:39:28] [Client thread/INFO]: [CHAT] < AlphaHax> i have
[22:39:31] [Client thread/INFO]: [CHAT] < AlphaHax> but
[22:39:31] [Client thread/INFO]: [CHAT] moanamassive: /agent l i have your head all over ground come see
[22:39:31] [Client thread/INFO]: [CHAT] Chriskc2: /msg lambobeats ok
[22:39:32] [Client thread/INFO]: [CHAT] [ADMIN] VideoSmash512 [STA]: Higher-level admins may set the allowance of things
[22:39:33] [Client thread/INFO]: [CHAT] < JustJenn> ,,
[22:39:33] [Client thread/INFO]: [CHAT] Sp00n5: /spawn
[22:39:34] [Client thread/INFO]: [CHAT] Jacob474747: /tag set &bsuper admin
[22:39:36] [Client thread/INFO]: [CHAT] Chriskc2: /r tp
[22:39:36] [Client thread/INFO]: [CHAT] <[Staff]  animexjenna> we have water now
[22:39:36] [Client thread/INFO]: [CHAT] < JustJenn> ..*
[22:39:37] [Client thread/INFO]: [CHAT] < 11thDoctor> agent L i have your head all over ground come see
[22:39:37] [Client thread/INFO]: [CHAT] Bloody_Viber: /spawn
[22:39:39] [Client thread/INFO]: [CHAT] Jacob474747: /tag set &bsuper
[22:39:39] [Client thread/INFO]: [CHAT] < AlphaHax> it stoped
[22:39:44] [Client thread/INFO]: [CHAT] Sp00n5: /tphere foxgirl
[22:39:45] [Client thread/INFO]: [CHAT] Jacob474747: /tag set &bsuper_admin
[22:39:48] [Client thread/INFO]: [CHAT] Jacob474747 has been a naughty, naughty boy.
[22:39:48] [Client thread/INFO]: [CHAT] Jacob474747 died
[22:39:48] [Client thread/INFO]: [CHAT] < LeoGamer19> Omg!
[22:39:50] [Client thread/INFO]: [CHAT] Sp00n5: /tpherefoxgirl
[22:39:50] [Client thread/INFO]: [CHAT] <LukeVsGaming253> TheBAjanCanadian head
[22:39:50] [Client thread/INFO]: [CHAT] [Server:VideoSmash512] You are not an admin.
[22:39:54] [Client thread/INFO]: [CHAT] < LeoGamer19> look at me!
[22:39:55] [Client thread/INFO]: [CHAT] lambobeats: /r wait i am pvping some1 esla
[22:39:57] [Client thread/INFO]: [CHAT] Sp00n5: /say yes i am
[22:39:58] [Client thread/INFO]: [CHAT] <Super Jacob474747> ummmmm
[22:39:59] [Client thread/INFO]: [CHAT] <[Staff]  animexjenna> plz op again
[22:40:00] [Client thread/INFO]: [CHAT] NightmareSoul left the game.
[22:40:00] [Client thread/INFO]: [CHAT] Sp00n5: /me i am
[22:40:00] [Client thread/INFO]: [CHAT] *  Serenity i am
[22:40:03] [Client thread/INFO]: [CHAT] collaid34: /me &4hey guys thers a awesome server cald wildcraft.hosthorde.net its free build omg its so awesome
[22:40:03] [Client thread/INFO]: [CHAT] *  WikkedGammer hey guys thers a awesome server cald wildcraft.hosthorde.net its free build omg its so awesome
[22:40:05] [Client thread/INFO]: [CHAT] Bloody_Viber: //set 20
[22:41:00] [Client thread/INFO]: Connecting to play.totalfreedom.me., 28965
[22:41:01] [Client thread/INFO]: [CHAT] VideoSmash512 is a Telnet Admin and a gamer!
[22:41:01] [Client thread/INFO]: [CHAT] VideoSmash512 joined the game.
[22:41:01] [Client thread/INFO]: [CHAT] Welcome, VideoSmash512!
[22:41:01] [Client thread/INFO]: [CHAT] Type /help for a list of commands.
[22:41:01] [Client thread/INFO]: [CHAT] Type /list to see who else is online.
[22:41:01] [Client thread/INFO]: [CHAT] Remember to save your builds with World Edit or they’ll be lost.
[22:41:01] [Client thread/INFO]: [CHAT] You have no new mail.
[22:41:01] [Client thread/INFO]: [CHAT] Set fly mode enabled for VideoSmash512.
[22:41:01] [Client thread/INFO]: [CHAT] mitcheyman7000: /r sure
[22:41:06] [Client thread/INFO]: [CHAT] bavindecator joined the game.
[22:41:07] [Client thread/INFO]: [CHAT] Chriskc2: /r
[22:41:09] [Client thread/INFO]: [CHAT] Chriskc2: /r 3
[22:41:09] [Client thread/INFO]: [CHAT] Jacob474747: /msg mitcheyman7000 ip?
[22:41:09] [Client thread/INFO]: [CHAT] animexjenna: /creative
[22:41:10] [Client thread/INFO]: [CHAT] [ADMIN] VideoSmash512 [STA]: Waiting for mark...
[22:41:10] [Client thread/INFO]: [CHAT] Aether_360 left the game.
[22:41:13] [Client thread/INFO]: [CHAT] animexjenna: /creative
[22:41:13] [Client thread/INFO]: [CHAT] AlphaDeity: /skull nothcythe
[22:41:16] [Client thread/INFO]: [CHAT] Chriskc2: /r 2
[22:41:17] [Client thread/INFO]: [CHAT] lambobeats: /r 2
[22:41:18] [Client thread/INFO]: [CHAT] [ADMIN] Dirazi [SA]: To?
[22:41:19] [Client thread/INFO]: [CHAT] mitcheyman7000: /r mitcheyman7000.g-s.nu
[22:41:20] [Client thread/INFO]: [CHAT] LukeVsGaming253 joined the game.
[22:41:21] [Client thread/INFO]: [CHAT] mitcheyman7000: //paste
[22:41:23] [Client thread/INFO]: [CHAT] Chriskc2: /survival
[22:41:26] [Client thread/INFO]: [CHAT] vslashj joined the game.
[22:41:26] [Client thread/INFO]: [CHAT] < 11thDoctor> agent l tpa to me
[22:41:27] [Client thread/INFO]: [CHAT] [ADMIN] VideoSmash512 [STA]: Discuss a few things
[22:41:29] [Client thread/INFO]: [CHAT] Chriskc2: /r survival
[22:41:29] [Client thread/INFO]: [CHAT] LukeVsGaming253 left the game.
[22:41:30] [Client thread/INFO]: [CHAT] Mvaka left the game.
[22:41:32] [Client thread/INFO]: [CHAT] lambobeats: /gms
[22:41:34] [Client thread/INFO]: [CHAT] Chriskc2: /r go
[22:41:36] [Client thread/INFO]: [CHAT] bavindecator left the game.
[22:41:36] [Client thread/INFO]: [CHAT] Jacob474747: /creative
[22:41:37] [Client thread/INFO]: [CHAT] * XRainingGamingX is no longer AFK.
[22:41:37] [Client thread/INFO]: [CHAT] <XRainingGamingX> agentl
[22:41:38] [Client thread/INFO]: [CHAT] [ADMIN] Dirazi [SA]: Oh he was on just a minute ago.
[22:41:40] [Client thread/INFO]: [CHAT] <Super Jacob474747> OP
[22:41:44] [Client thread/INFO]: [CHAT] Chriskc2 was slain by lambobeats
[22:41:44] [Client thread/INFO]: [CHAT] <[Staff]  animexjenna> who fast bow me
[22:41:45] [Client thread/INFO]: [CHAT] [ADMIN] VideoSmash512 [STA]: WHAt
[22:41:48] [Client thread/INFO]: [CHAT] animexjenna was shot by AlphaDeity
[22:41:51] [Client thread/INFO]: [CHAT] Chriskc2: /back
[22:41:51] [Client thread/INFO]: [CHAT] [ADMIN] VideoSmash512 [STA]: DANGIT
[22:41:51] [Client thread/INFO]: [CHAT] < AlphaHax> hey
[22:41:53] [Client thread/INFO]: [CHAT] Jacob474747 was slain by maxxpulse10001
[22:41:53] [Client thread/INFO]: [CHAT] <Super Jacob474747> hurry
[22:41:55] [Client thread/INFO]: [CHAT] vslashj: /creative
[22:41:55] [Client thread/INFO]: [CHAT] XRainingGamingX: /tp agent
[22:41:58] [Client thread/INFO]: [CHAT] < AlphaHax> why did you go in there
[22:41:58] [Client thread/INFO]: [CHAT] <[THE BEAST] lambobeats> i won gg
[22:41:58] [Client thread/INFO]: [CHAT] Mvaka joined the game.
[22:42:02] [Client thread/INFO]: [CHAT] [ADMIN] Dirazi [SA]: Yea, purged the ban list added bans, ect.
[22:42:03] [Client thread/INFO]: [CHAT] <vslashj> im not op
[22:42:06] [Client thread/INFO]: [CHAT] mitcheyman7000: /r mitcheyman7000.g-s.nu is the ip
[22:42:07] [Client thread/INFO]: [CHAT] Jacob474747 was slain by maxxpulse10001
[22:42:07] [Client thread/INFO]: [CHAT] Dirazi - Opping all players on the server
[22:42:07] [Client thread/INFO]: [CHAT] You are now op!
[22:42:07] [Client thread/INFO]: [CHAT] Chriskc2: /give chriskc2 minecraft:potion 64 16428
[22:42:11] [Client thread/INFO]: [CHAT] <XRainingGamingX> Dirazi
[22:42:15] [Client thread/INFO]: [CHAT] Chriskc2: /survival
[22:42:15] [Client thread/INFO]: [CHAT] NightmareSoul joined the game.
[22:42:21] [Client thread/INFO]: [CHAT] <Mvaka> is all you want mod allowed
[22:42:21] [Client thread/INFO]: [CHAT] <[Staff]  animexjenna> ?
[22:42:21] [Client thread/INFO]: [CHAT] <XRainingGamingX> can i download your skin dirazi :3
[22:42:21] [Client thread/INFO]: [CHAT] Chriskc2 was killed by Chriskc2 using magic
[22:42:22] [Client thread/INFO]: [CHAT] lambobeats: /r wanna go afain
[22:42:24] [Client thread/INFO]: [CHAT] VideoSmash512 - Cleaning all nicknames.
[22:42:24] [Client thread/INFO]: [CHAT] SpecZy: "SpecZy" -> "SpecZy".
[22:42:26] [Client thread/INFO]: [CHAT] AlphaDeity: /op jacob474747
[22:42:26] [Client thread/INFO]: [CHAT] AlphaDeity - Opping Jacob474747
[22:42:28] [Client thread/INFO]: [CHAT] <[Super Admin] Dirazi> Eh
[22:42:28] [Client thread/INFO]: [CHAT] < JustJenn> mitcheyman7000
[22:42:28] [Client thread/INFO]: [CHAT] SpecZy: //cut
[22:42:29] [Client thread/INFO]: [CHAT] vslashj: /survival
[22:42:31] [Client thread/INFO]: [CHAT] mitcheyman7000: /me &b&ltrolololololololololololololololololololololololol
[22:42:31] [Client thread/INFO]: [CHAT] * mitcheyman7000 TROLOLOLOLOLOLOLOLOLOLOLOLOLOLOLOLOLOLOLOLOLOLOLOL
[22:42:31] [Client thread/INFO]: [CHAT] <[Super Admin] Dirazi> Go for it
[22:42:31] [Client thread/INFO]: [CHAT] Agent_L, AlphaDeity, animexjenna
[22:42:31] [Client thread/INFO]: [CHAT] Agent_L, AlphaDeity, animexjenna
[22:42:31] [Client thread/INFO]: [CHAT] Agent_L, AlphaDeity, animexjenna
[22:42:33] [Client thread/INFO]: [CHAT] Agent_L, AlphaDeity, animexjenna
[22:42:33] [Client thread/INFO]: [CHAT] SpecZy: //cut
[22:42:33] [Client thread/INFO]: [CHAT] Agent_L, AlphaDeity, animexjenna
[22:42:34] [Client thread/INFO]: [CHAT] Chriskc2: /creative
[22:42:34] [Client thread/INFO]: [CHAT] Agent_L, AlphaDeity, animexjenna
[22:42:34] [Client thread/INFO]: [CHAT] maxxpulse10001: /nickname
[22:42:35] [Client thread/INFO]: [CHAT] bavindecator joined the game.
[22:42:35] [Client thread/INFO]: [CHAT] vslashj: /creative
[22:42:35] [Client thread/INFO]: [CHAT] animexjenna: /skull
[22:42:38] [Client thread/INFO]: [CHAT] animexjenna has been a naughty, naughty boy.
[22:42:38] [Client thread/INFO]: [CHAT] animexjenna died
[22:42:38] [Client thread/INFO]: [CHAT] <XRainingGamingX> ?
[22:42:40] [Client thread/INFO]: [CHAT] SpecZy: /nick &f&lspec&0&lzy
[22:42:41] [Client thread/INFO]: [CHAT] <Mvaka> is all you want mod allowed?
[22:42:41] [Client thread/INFO]: [CHAT] SpecZy: /near
[22:42:43] [Client thread/INFO]: [CHAT] < 11thDoctor> agentL come to me now
[22:42:43] [Client thread/INFO]: [CHAT] mitcheyman7000: /me &b&ltrololololololololololol
[22:42:43] [Client thread/INFO]: [CHAT] * mitcheyman7000 TROLOLOLOLOLOLOLOLOLOLOL
[22:42:44] [Client thread/INFO]: [CHAT] <[Staff]  animexjenna> what
[22:42:44] [Client thread/INFO]: [CHAT] [Server:VideoSmash512] You are not staff.
[22:42:51] [Client thread/INFO]: [CHAT] SpecZy: /warp newspawn
[22:42:55] [Client thread/INFO]: [CHAT] <[Telnet Admin] VideoSmash512> All-U-Want doesn't work...
[22:42:55] [Client thread/INFO]: [CHAT] wogboy_98: /tp moanamassive
[22:42:58] [Client thread/INFO]: [CHAT] animexjenna: /tag [staffff]
[22:42:58] [Client thread/INFO]: [CHAT] bavindecator: /me can anyone join my server and i will op you from console and can u unban me
[22:42:58] [Client thread/INFO]: [CHAT] * bavindecator Can anyone join my server and i will OP you from console and can u unban me
[22:42:59] [Client thread/INFO]: [CHAT] <[THE BEAST] lambobeats> any1 wanna pvp
[22:43:01] [Client thread/INFO]: [CHAT] vslashj: //wand
[22:43:01] [Client thread/INFO]: [CHAT] animexjenna: /tag [staff]
[22:43:02] [Client thread/INFO]: [CHAT] Jacob474747: /msg mitcheyman7000 see u there
[22:43:02] [Client thread/INFO]: [CHAT] maxxpulse10001: /nickname xraininggamingx get cancer
[22:43:05] [Client thread/INFO]: [CHAT] Jacob474747 left the game.
[22:43:05] [Client thread/INFO]: [CHAT] <[Staff]  animexjenna> hey
[22:43:05] [Client thread/INFO]: [CHAT] mitcheyman7000: /r ok
[22:43:11] [Client thread/INFO]: [CHAT] < AlphaHax> not meh
[22:43:12] [Client thread/INFO]: [CHAT] Sp00n5: /.thru
[22:43:13] [Client thread/INFO]: [CHAT] maxxpulse10001 has been a naughty, naughty boy.
[22:43:13] [Client thread/INFO]: [CHAT] maxxpulse10001 died
[22:43:14] [Client thread/INFO]: [CHAT] NightmareSoul: /msg bavindecator sure ip?
[22:43:14] [Client thread/INFO]: [CHAT] mitcheyman7000: /me &b&ltrololololololololololol lel
[22:43:14] [Client thread/INFO]: [CHAT] * mitcheyman7000 TROLOLOLOLOLOLOLOLOLOLOL LEL
[22:43:14] [Client thread/INFO]: [CHAT] maxxpulse10001, mitcheyman7000, moanamassive, Mvaka
[22:43:15] [Client thread/INFO]: [CHAT] [Server:Dirazi] Don't nick others
[22:43:16] [Client thread/INFO]: [CHAT] Sp00n5: /thru
[22:43:16] [Client thread/INFO]: [CHAT] <[Staff]  animexjenna> op me to change
[22:43:20] [Client thread/INFO]: [CHAT] [Server:VideoSmash512] Do not nick others.
[22:43:20] [Client thread/INFO]: [CHAT] lambobeats: /msg bavindecator me
[22:43:20] [Client thread/INFO]: [CHAT] Mvaka: /spawn
[22:43:20] [Client thread/INFO]: [CHAT] < AlphaHax> no
[22:43:20] [Client thread/INFO]: [CHAT] vslashj: //expand 100 up
[22:43:24] [Client thread/INFO]: [CHAT] Chriskc2: /give chriskc2 minecraft:potion 64 16428
[22:43:25] [Client thread/INFO]: [CHAT] < Serenity> d
[22:43:26] [Client thread/INFO]: [CHAT] SpecZy: /op animexjenna
[22:43:26] [Client thread/INFO]: [CHAT] SpecZy - Opping animexjenna
[22:43:27] [Client thread/INFO]: [CHAT] Chriskc2: /give chriskc2 minecraft:potion 64 16420
[22:43:27] [Client thread/INFO]: [CHAT] <maxxpulse10001> op me
[22:43:29] [Client thread/INFO]: [CHAT] SpecZy: /list
[22:43:29] [Client thread/INFO]: [CHAT] vslashj: //replace dirt
[22:43:31] [Client thread/INFO]: [CHAT] animexjenna was killed by Chriskc2 using magic
[22:43:33] [Client thread/INFO]: [CHAT] SpecZy: /op maxxpulse10001
[22:43:33] [Client thread/INFO]: [CHAT] SpecZy - Opping maxxpulse10001
[22:43:35] [Client thread/INFO]: [CHAT] Sp00n5 left the game.
[22:43:41] [Client thread/INFO]: [CHAT] Jacob474747 joined the game.
[22:43:42] [Client thread/INFO]: [CHAT] * Vishanka is now AFK.
[22:43:42] [Client thread/INFO]: [CHAT] wogboy_98: /i 397:3 player:wogboy_98
[22:43:44] [Client thread/INFO]: [CHAT] moanamassive: /tp agent_l moanamassive
[22:43:46] [Client thread/INFO]: [CHAT] animexjenna was killed by Chriskc2 using magic
[22:43:47] [Client thread/INFO]: [CHAT] NightmareSoul: /tag set &0[&8&ldarkness&0]
[22:43:48] [Client thread/INFO]: [CHAT] vslashj: //sexpand 100 u
[22:43:50] [Client thread/INFO]: [CHAT] animexjenna was slain by Mvaka
[22:43:52] [Client thread/INFO]: [CHAT] mitcheyman7000: /r &b&ltrololololololololololol
[22:43:54] [Client thread/INFO]: [CHAT] Jacob474747: /msg mitcheyman7000 it not work
[22:43:54] [Client thread/INFO]: [CHAT] AlphaDeity: /op animexjenna
[22:43:54] [Client thread/INFO]: [CHAT] AlphaDeity - Opping animexjenna
[22:43:56] [Client thread/INFO]: [CHAT] wogboy_98: /i 397:3 player:wogboy_98
[22:43:56] [Client thread/INFO]: [CHAT] animexjenna was killed by Chriskc2 using magic
[22:43:58] [Client thread/INFO]: [CHAT] vslashj: //expand 100 up
[22:43:59] [Client thread/INFO]: [CHAT] bavindecator: /tell justjenn 108.170.49.122:25825
[22:44:00] [Client thread/INFO]: [CHAT] lambobeats: /r send me the the ip
[22:44:01] [Client thread/INFO]: [CHAT] <XRainingGamingX> VideoSmash you said All-U-Want doesn't work?
[22:44:02] [Client thread/INFO]: [CHAT] <maxxpulse10001> please op me
[22:44:03] [Client thread/INFO]: [CHAT] vslashj: //replace dirt
[22:44:05] [Client thread/INFO]: [CHAT] AlphaDeity: /ci crisk
[22:44:10] [Client thread/INFO]: [CHAT] mitcheyman7000: /r &b&ltrololololololololololololololololololololololololol (dont have a server)
[22:44:14] [Client thread/INFO]: [CHAT] wogboy_98: /i 397:3 1 player:wogboy_98
[22:44:14] [Client thread/INFO]: [CHAT] <[Telnet Admin] VideoSmash512> Yes.
[22:44:14] [Client thread/INFO]: [CHAT] animexjenna was killed by Chriskc2 using magic
[22:44:17] [Client thread/INFO]: [CHAT] bavindecator: /r got it
[22:44:20] [Client thread/INFO]: [CHAT] LeoGamer19: /skull kokue
[22:44:20] [Client thread/INFO]: [CHAT] vslashj: //replace dirt
[22:44:20] [Client thread/INFO]: [CHAT] animexjenna: /tp videosmash512
[22:44:21] [Client thread/INFO]: [CHAT] <XRainingGamingX> Its like All-I-Hate
[22:44:22] [Client thread/INFO]: [CHAT] lambobeats: /tp vhris
[22:44:25] [Client thread/INFO]: [CHAT] LeoGamer19: /skull goku
[22:44:25] [Client thread/INFO]: [CHAT] lambobeats: /r ok
[22:44:25] [Client thread/INFO]: [CHAT] bavindecator: /r sorry wrong person
[22:44:27] [Client thread/INFO]: [CHAT] animexjenna: /creative
[22:44:29] [Client thread/INFO]: [CHAT] mitcheyman7000: /r &b&lthats why so many staff spots are open
[22:44:30] [Client thread/INFO]: [CHAT] animexjenna: /spawn
[22:44:31] [Client thread/INFO]: [CHAT] lambobeats: /r o
[22:44:34] [Client thread/INFO]: [CHAT] <maxxpulse10001> op me now
[22:44:35] [Client thread/INFO]: [CHAT] bavindecator: /tell justjenn got it
[22:44:36] [Client thread/INFO]: [CHAT] NightmareSoul: /r k c u there if u b there
[22:44:39] [Client thread/INFO]: [CHAT] Jacob474747: /msg mitcheyman7000 nice one dude
[22:44:40] [Client thread/INFO]: [CHAT] vslashj: //expand 100 u
[22:44:40] [Client thread/INFO]: [CHAT] bavindecator: /r wait
[22:44:41] [Client thread/INFO]: [CHAT] NightmareSoul left the game.
[22:44:41] [Client thread/INFO]: [CHAT] animexjenna: /tag [donor]
[22:44:42] [Client thread/INFO]: [CHAT] < AlphaHax> IM GONNNA /ci ou inv Chrinsc2 because your creatve pvping
[22:44:42] [Client thread/INFO]: [CHAT] Uptime: 2 hours 20 minutes 33 seconds
[22:44:42] [Client thread/INFO]: [CHAT] Current TPS = 19.72
[22:44:42] [Client thread/INFO]: [CHAT] Maximum memory: 2,035 MB.
[22:44:42] [Client thread/INFO]: [CHAT] Allocated memory: 1,541 MB.
[22:44:42] [Client thread/INFO]: [CHAT] Free memory: 346 MB.
[22:44:42] [Client thread/INFO]: [CHAT] World "Yog-Olympics": 647 chunks, 9 entities, 1,112 tiles.
[22:44:42] [Client thread/INFO]: [CHAT] World "flatlands": 1,101 chunks, 19 entities, 711 tiles.
[22:44:42] [Client thread/INFO]: [CHAT] World "adminworld": 256 chunks, 54 entities, 1,303 tiles.
[22:44:45] [Client thread/INFO]: [CHAT] LeoGamer19: /skull cupcake
[22:44:45] [Client thread/INFO]: [CHAT] mitcheyman7000: /r thanks
[22:44:47] [Client thread/INFO]: [CHAT] maxxpulse10001: /op
[22:44:48] [Client thread/INFO]: [CHAT] vslashj: //replace dirt
[22:44:48] [Client thread/INFO]: [CHAT] animexjenna: /tag set [donor]
[22:44:51] [Client thread/INFO]: [CHAT] <[Donor]  animexjenna> hey
[22:44:53] [Client thread/INFO]: [CHAT] XRainingGamingX: /ci
[22:44:55] [Client thread/INFO]: [CHAT] iSte joined the game.
[22:44:55] [Client thread/INFO]: [CHAT] maxxpulse10001: /op maxxpulse1001
[22:44:55] [Client thread/INFO]: [CHAT] Welcome iSte to the server!
[22:44:56] [Client thread/INFO]: [CHAT] bavindecator: /r get on the i will op you then do /unban bavindecator
[22:44:58] [Client thread/INFO]: [CHAT] animexjenna: /skull
[22:45:00] [Client thread/INFO]: [CHAT] <XRainingGamingX> .
[22:45:03] [Client thread/INFO]: [CHAT] vslashj: //expand 10 u
[22:45:04] [Client thread/INFO]: [CHAT] <iSte> op please?
[22:45:05] [Client thread/INFO]: [CHAT] < AlphaHax> lol donor
[22:45:05] [Client thread/INFO]: [CHAT] maxxpulse10001: /op maxpulse10001
[22:45:06] [Client thread/INFO]: [CHAT] < 11thDoctor> agent l i have your head every where imma tp u to me
[22:45:07] [Client thread/INFO]: [CHAT] vslashj: //replace dirt
[22:45:09] [Client thread/INFO]: [CHAT] Jacob474747: /op iste
[22:45:09] [Client thread/INFO]: [CHAT] Jacob474747 - Opping iSte
[22:45:09] [Client thread/INFO]: [CHAT] moanamassive: /tp agent_l moanamassive
[22:45:11] [Client thread/INFO]: [CHAT] AlphaDeity: /op iste
[22:45:11] [Client thread/INFO]: [CHAT] AlphaDeity - Opping iSte
[22:45:14] [Client thread/INFO]: [CHAT] <iSte> thx
[22:45:14] [Client thread/INFO]: [CHAT] <Agent_L> stop
[22:45:16] [Client thread/INFO]: [CHAT] <[Donor]  animexjenna> lol
[22:45:16] [Client thread/INFO]: [CHAT] maxxpulse10001: /op maxxpulse10001
[22:45:16] [Client thread/INFO]: [CHAT] maxxpulse10001 - Opping maxxpulse10001
[22:45:18] [Client thread/INFO]: [CHAT] <Agent_L> it
[22:45:19] [Client thread/INFO]: [CHAT] Sp00n5 joined the game.
[22:45:19] [Client thread/INFO]: [CHAT] < 11thDoctor> ok
[22:45:21] [Client thread/INFO]: [CHAT] vslashj: //replace dirt
[22:45:21] [Client thread/INFO]: [CHAT] [TotalFreedom] You can always review the server rules here: http://totalfreedom.me/
[22:45:22] [Client thread/INFO]: [CHAT] mitcheyman7000: /skull agent_l
[22:45:24] [Client thread/INFO]: [CHAT] maxxpulse10001: /gamemode 1
[22:45:31] [Client thread/INFO]: [CHAT] vslashj: //set dirt
[22:45:32] [Client thread/INFO]: [CHAT] <Agent_L> SROP!
[22:45:33] [Client thread/INFO]: [CHAT] wogboy_98: /i 397:3 1 player:iste
[22:45:33] [Client thread/INFO]: [CHAT] maxxpulse10001: /gamemode creative
[22:45:33] [Client thread/INFO]: [CHAT] [ADMIN] VideoSmash512 [STA]: I wish to see Kash again...
[22:45:34] [Client thread/INFO]: [CHAT] <Agent_L> STOP!
[22:45:37] [Client thread/INFO]: [CHAT] <Mvaka> how can i color my sword name
[22:45:39] [Client thread/INFO]: [CHAT] LeoGamer19: /tp agent_l
[22:45:39] [Client thread/INFO]: [CHAT] <[Donor]  animexjenna> stop potion
[22:45:39] [Client thread/INFO]: [CHAT] AlphaDeity: /tp agent
[22:45:39] [Client thread/INFO]: [CHAT] maxxpulse10001: /creative
[22:45:39] [Client thread/INFO]: [CHAT] iSte: /spawn
[22:45:39] [Client thread/INFO]: [CHAT] kiyahi joined the game.
[22:45:41] [Client thread/INFO]: [CHAT] SpecZy: //cut
[22:45:41] [Client thread/INFO]: [CHAT] LeoGamer19: /tp agent_l
[22:45:44] [Client thread/INFO]: [CHAT] < LeoGamer19> ?
[22:45:47] [Client thread/INFO]: [CHAT] SpecZy: //set diamond_block
[22:45:48] [Client thread/INFO]: [CHAT] <[Donor]  animexjenna> regenaration
[22:45:50] [Client thread/INFO]: [CHAT] lambobeats: /r so the ip?
[22:45:52] [Client thread/INFO]: [CHAT] Sp00n5: /sapwn
[22:45:55] [Client thread/INFO]: [CHAT] iSte: /home
[22:45:55] [Client thread/INFO]: [CHAT] <maxxpulse10001> LOL i op'ed myself
[22:45:55] [Client thread/INFO]: [CHAT] AlphaDeity: /tp anime
[22:45:56] [Client thread/INFO]: [CHAT] < Serenity> h
[22:45:56] [Client thread/INFO]: [CHAT] wogboy_98: /i 397:3 1 player:ssundee
[22:45:57] [Client thread/INFO]: [CHAT] moanamassive: /i 397:3 1 player:pewdiepie
[22:45:59] [Client thread/INFO]: [CHAT] [ADMIN] VideoSmash512 [STA]: Kashy...
[22:45:59] [Client thread/INFO]: [CHAT] <Mvaka> how can i color my sword name?
[22:46:00] [Client thread/INFO]: [CHAT] vslashj: //replace dirt
[22:46:05] [Client thread/INFO]: [CHAT] [ADMIN] VideoSmash512 [STA]: ;_;
[22:46:07] [Client thread/INFO]: [CHAT] Jacob474747: /msg xraininggamingx is your account cracked or premium
[22:46:07] [Client thread/INFO]: [CHAT] <[Donor]  animexjenna> what if i use my speed 100000 on server
[22:46:14] [Client thread/INFO]: [CHAT] < AlphaHax> nonononoonononon
[22:46:19] [Client thread/INFO]: [CHAT] XRainingGamingX: /r premium
[22:46:20] [Client thread/INFO]: [CHAT] wogboy_98: /i 397:3 1 player:pewdiepie
[22:46:20] [Client thread/INFO]: [CHAT] iSte: /i bow 1
[22:46:21] [Client thread/INFO]: [CHAT] moanamassive: /i 397:3 1 player:ssundee
[22:46:23] [Client thread/INFO]: [CHAT] lambobeats: /r so the ip? plz
[22:46:24] [Client thread/INFO]: [CHAT] vslashj: //expand vert
[22:46:25] [Client thread/INFO]: [CHAT] LeoGamer19: /skull goku
[22:46:26] [Client thread/INFO]: [CHAT] maxxpulse10001 has been a VERY naughty, naughty boy.
[22:46:26] [Client thread/INFO]: [CHAT] Banning: maxxpulse10001, IP: 110.146.*.* - Reason: Griefing
[22:46:26] [Client thread/INFO]: [CHAT] maxxpulse10001 left the game.
[22:46:27] [Client thread/INFO]: [CHAT] <[Donor]  animexjenna> there is a head hacker
[22:46:27] [Client thread/INFO]: [CHAT] Jacob474747: /msg xraininggamingx do u want a skin
[22:46:28] [Client thread/INFO]: [CHAT] < AlphaHax> I Ad one :join AlphaDeity.aternos.me plz
[22:46:30] [Client thread/INFO]: [CHAT] moanamassive: /i 397:3 1 player:55undee
[22:46:31] [Client thread/INFO]: [CHAT] iSte: /home
[22:46:31] [Client thread/INFO]: [CHAT] vslashj: //replace dirt
[22:46:31] [Client thread/INFO]: [CHAT] wogboy_98: /i 397:3 1 player:jacksepticeye
[22:46:33] [Client thread/INFO]: [CHAT] XRainingGamingX: /r k
[22:46:40] [Client thread/INFO]: [CHAT] Sp00n5: /clear
[22:46:41] [Client thread/INFO]: [CHAT] <XRainingGamingX> Dirazi can i steal your skin? plz :3
[22:46:42] [Client thread/INFO]: [CHAT] SpecZy left the game.
[22:46:43] [Client thread/INFO]: [CHAT] < AlphaHax> its cracked and first 3 will get free op
[22:46:47] [Client thread/INFO]: [CHAT] <[Super Admin] Dirazi> pls nu
[22:46:47] [Client thread/INFO]: [CHAT] LeoGamer19: /skull pewdiepie
[22:46:48] [Client thread/INFO]: [CHAT] <kiyahi> nick leogamer19 aids
[22:46:50] [Client thread/INFO]: [CHAT] vslashj: //expand 10 down
[22:46:50] [Client thread/INFO]: [CHAT] <XRainingGamingX> k ;-;
[22:46:51] [Client thread/INFO]: [CHAT] iSte: /home
[22:46:53] [Client thread/INFO]: [CHAT] <[YouTuber]  Goku> tp me for head partyyyyyyyy
[22:46:53] [Client thread/INFO]: [CHAT] Sp00n5 left the game.
[22:46:57] [Client thread/INFO]: [CHAT] mitcheyman7000 left the game.
[22:46:57] [Client thread/INFO]: [CHAT] moanamassive: /i 397:3 1 player:5sundee
[22:46:57] [Client thread/INFO]: [CHAT] <[Super Admin] Dirazi> It's meh first good skin ;-;
[22:46:57] [Client thread/INFO]: [CHAT] iSte: /tp goku
[22:46:57] [Client thread/INFO]: [CHAT] vslashj: //replace dirt
[22:46:58] [Client thread/INFO]: [CHAT] AlphaDeity: /tp goku
[22:46:58] [Client thread/INFO]: [CHAT] animexjenna: /
[22:46:59] [Client thread/INFO]: [CHAT] animexjenna left the game.
[22:47:00] [Client thread/INFO]: [CHAT] Jacob474747: /msg xraininggamingx go on skindex and click on skins and click the skin u want
[22:47:02] [Client thread/INFO]: [CHAT] <[Super Admin] Dirazi> That I made
[22:47:04] [Client thread/INFO]: [CHAT] <XRainingGamingX> clones :3w
[22:47:06] [Client thread/INFO]: [CHAT] iSte: /speed 10
[22:47:10] [Client thread/INFO]: [CHAT] *  DaToast is no longer AFK.
[22:47:10] [Client thread/INFO]: [CHAT] <[Super Admin]  DaToast> Back
[22:47:10] [Client thread/INFO]: [CHAT] <Agent_L> someone is placing my head ;p
[22:47:10] [Client thread/INFO]: [CHAT] XRainingGamingX: /r i already know that
[22:47:11] [Client thread/INFO]: [CHAT] wogboy_98: /tpall
[22:47:12] [Client thread/INFO]: [CHAT] XRainingGamingX: /r all skin is penis..
[22:47:15] [Client thread/INFO]: [CHAT] iSte: /speed 1
[22:47:17] [Client thread/INFO]: [CHAT] wogboy_98: /tp all
[22:47:18] [Client thread/INFO]: [CHAT] Jacob474747: /msg xraininggamingx lol
[22:47:20] [Client thread/INFO]: [CHAT] lambobeats: /r &bso the ip? plz ip ip ip ip ip
[22:47:20] [Client thread/INFO]: [CHAT] vslashj: //replace dirt
[22:47:21] [Client thread/INFO]: [CHAT] <[Super Admin]  DaToast> Back eat lol
[22:47:24] [Client thread/INFO]: [CHAT] <Agent_L> .
[22:47:24] [Client thread/INFO]: [CHAT] moanamassive: /i 397:3 1 player:moanamassive
[22:47:27] [Client thread/INFO]: [CHAT] wogboy_98 left the game.
[22:47:27] [Client thread/INFO]: [CHAT] <Agent_L> k
[22:47:29] [Client thread/INFO]: [CHAT] Jacob474747: /msg xraininggamingx click upload to minecraft
[22:47:30] [Client thread/INFO]: [CHAT] moanamassive: /i 397:3 1 player:moanamassive
[22:47:30] [Client thread/INFO]: [CHAT] mitcheyman7000 joined the game.
[22:47:33] [Client thread/INFO]: [CHAT] <Agent_L> *eats DaToast k?*
[22:47:36] [Client thread/INFO]: [CHAT] vslashj: //expand 10 down
[22:47:38] [Client thread/INFO]: [CHAT] lambobeats: /r brb
[22:47:46] [Client thread/INFO]: [CHAT] bavindecator: /r ok just when you log in i will op you then do /unban bavindecator
[22:47:46] [Client thread/INFO]: [CHAT] <[Super Admin]  DaToast> *no eating lweeya*
[22:47:46] [Client thread/INFO]: [CHAT] moanamassive: /i 397:3 1 player:skythekidrs
[22:47:51] [Client thread/INFO]: [CHAT] mitcheyman7000: /setwarp awesomeness
[22:47:51] [Client thread/INFO]: [CHAT] < AlphaHax> lol
[22:47:51] [Client thread/INFO]: [CHAT] Jacob474747: /msg dirazi you are the golden admin
[22:47:53] [Client thread/INFO]: [CHAT] <Agent_L> :(
[22:47:56] [Client thread/INFO]: [CHAT] Mvaka left the game.
[22:47:56] [Client thread/INFO]: [CHAT] mitcheyman7000: /setwarp bestplace
[22:47:58] [Client thread/INFO]: [CHAT] Chriskc2: /ebchant addall
[22:47:59] [Client thread/INFO]: [CHAT] vslashj: //replace dirt
[22:48:00] [Client thread/INFO]: [CHAT] kiyahi was slain by LeoGamer19
[22:48:01] [Client thread/INFO]: [CHAT] <Agent_L> *crys*
[22:48:05] [Client thread/INFO]: [CHAT] <mitcheyman7000> Do /warp Best
[22:48:06] [Client thread/INFO]: [CHAT] bavindecator: /r are ya there
[22:48:06] [Client thread/INFO]: [CHAT] wogboy_98 joined the game.
[22:48:07] [Client thread/INFO]: [CHAT] mitcheyman7000: /setwarp best
[22:48:08] [Client thread/INFO]: [CHAT] <[Super Admin]  DaToast> *hugs and eats*
[22:48:09] [Client thread/INFO]: [CHAT] <XRainingGamingX> agentl
[22:48:09] [Client thread/INFO]: [CHAT] <[Super Admin]  DaToast> :P
[22:48:10] [Client thread/INFO]: [CHAT] <[YouTuber]  Goku> .
[22:48:11] [Client thread/INFO]: [CHAT] AlphaDeity: /warp best
[22:48:11] [Client thread/INFO]: [CHAT] [ADMIN] Dirazi [SA]: I've never really explored adminworld .-.
[22:48:12] [Client thread/INFO]: [CHAT] Chriskc2: /enchant addall
[22:48:12] [Client thread/INFO]: [CHAT] <Agent_L> LOL
[22:48:16] [Client thread/INFO]: [CHAT] moanamassive: /i 397:3 1 player:bashur
[22:48:17] [Client thread/INFO]: [CHAT] Jacob474747: /msg dirazi the golden admin of totalfreedom
[22:48:19] [Client thread/INFO]: [CHAT] Chriskc2: /enchant addall
[22:48:26] [Client thread/INFO]: [CHAT] AlphaDeity: /warp sex
[22:48:26] [Client thread/INFO]: [CHAT] Jacob474747: /skull jacob474747
[22:48:28] [Client thread/INFO]: [CHAT] [ADMIN] foxgirl1144 [SA]: Then go explore. c;
[22:48:30] [Client thread/INFO]: [CHAT] vslashj: //replace dirt
[22:48:32] [Client thread/INFO]: [CHAT] AlphaDeity: /warp poop
[22:48:37] [Client thread/INFO]: [CHAT] collaid34 joined the game.
[22:48:37] [Client thread/INFO]: [CHAT] wogboy_98: /i 397:3 1 player:subzero
[22:48:40] [Client thread/INFO]: [CHAT] collaid34 left the game.
[22:48:40] [Client thread/INFO]: [CHAT] Mvaka joined the game.
[22:48:42] [Client thread/INFO]: [CHAT] <Chriskc2> WHO WANTS TO 1v1
[22:48:42] [Client thread/INFO]: [CHAT] moanamassive: /i 397:3 1 player:markiplier
[22:48:42] [Client thread/INFO]: [CHAT] iSte: /spawn
[22:48:45] [Client thread/INFO]: [CHAT] <XRainingGamingX> .nuke leeeya
[22:48:47] [Client thread/INFO]: [CHAT] <XRainingGamingX> jk
[22:48:49] [Client thread/INFO]: [CHAT] <[Super Admin]  DaToast> llol
[22:48:49] [Client thread/INFO]: [CHAT] < AlphaHax> warp to poop plz
[22:48:52] [Client thread/INFO]: [CHAT] wogboy_98: /i 397:3 1 player:markiplier
[22:48:53] [Client thread/INFO]: [CHAT] Mvaka: /invsee chr
[22:48:53] [Client thread/INFO]: [CHAT] vslashj: //expand 10 down
[22:48:54] [Client thread/INFO]: [CHAT] AlphaDeity: /nixk leeeya
[22:48:54] [Client thread/INFO]: [CHAT] [ADMIN] VideoSmash512 [STA]: Be Dora The Explorer!
[22:48:55] [Client thread/INFO]: [CHAT] <XRainingGamingX> I dont use Hack client
[22:48:56] [Client thread/INFO]: [CHAT] lambobeats: /r u havent gave me the ip
[22:48:56] [Client thread/INFO]: [CHAT] LeoGamer19: /tp kiyahi
[22:48:57] [Client thread/INFO]: [CHAT] vslashj: //replace dirt
[22:48:59] [Client thread/INFO]: [CHAT] <Agent_L> .kill XRainingGamingX
[22:48:59] [Client thread/INFO]: [CHAT] < AlphaHax> i do
[22:49:00] [Client thread/INFO]: [CHAT] <XRainingGamingX> Iste.. wtf
[22:49:00] [Client thread/INFO]: [CHAT] <Agent_L> .
[22:49:05] [Client thread/INFO]: [CHAT] bavindecator: /r ok just when you log in i will op you then do /unban bavindecator
[22:49:05] [Client thread/INFO]: [CHAT] iSte: /home
[22:49:05] [Client thread/INFO]: [CHAT] < AlphaHax> i do hacked client
[22:49:06] [Client thread/INFO]: [CHAT] iSte: /home
[22:49:06] [Client thread/INFO]: [CHAT] <XRainingGamingX> .murder Agent_L
[22:49:07] [Client thread/INFO]: [CHAT] Agent_L: /spawn
[22:49:09] [Client thread/INFO]: [CHAT] <XRainingGamingX> (same thing)
[22:49:09] [Client thread/INFO]: [CHAT] bavindecator: /r ok
[22:49:09] [Client thread/INFO]: [CHAT] moanamassive: /i 397:3 1 player:pewdiepie
[22:49:11] [Client thread/INFO]: [CHAT] <Agent_L> eat XRainingGamingX.
[22:49:14] [Client thread/INFO]: [CHAT] AlphaDeity: /murder agent_l
[22:49:17] [Client thread/INFO]: [CHAT] [ADMIN] Dirazi [SA]: But- I don't wanna D:
[22:49:19] [Client thread/INFO]: [CHAT] lambobeats: /r ok
[22:49:20] [Client thread/INFO]: [CHAT] Mvaka: /msg alphahax ur server dosent work
[22:49:22] [Client thread/INFO]: [CHAT] <XRainingGamingX> *hugs Agent_L Kiss Agent_L eats Agent_L*
[22:49:25] [Client thread/INFO]: [CHAT] wogboy_98: /i 397:3 1 player:moanamassive
[22:49:25] [Client thread/INFO]: [CHAT] <XRainingGamingX> new trick :P
[22:49:28] [Client thread/INFO]: [CHAT] animexjenna joined the game.
[22:49:29] [Client thread/INFO]: [CHAT] Mvaka: /hat
[22:49:30] [Client thread/INFO]: [CHAT] <XRainingGamingX> no homo ;-;
[22:49:30] [Client thread/INFO]: [CHAT] MUSTANGxDUDE1919 joined the game.
[22:49:31] [Client thread/INFO]: [CHAT] bavindecator: /r and if its succesful i will give you op
[22:49:31] [Client thread/INFO]: [CHAT] Welcome MUSTANGxDUDE1919 to the server!
[22:49:32] [Client thread/INFO]: [CHAT] LeoGamer19: /tp kiyahi
[22:49:37] [Client thread/INFO]: [CHAT] AlphaDeity: /tell mvaka i forgot to renew wait for a sec
[22:49:37] [Client thread/INFO]: [CHAT] Agent_L: /op mustangxdude1919
[22:49:37] [Client thread/INFO]: [CHAT] Agent_L - Opping MUSTANGxDUDE1919
[22:49:37] [Client thread/INFO]: [CHAT] <[Super Admin] Dirazi> What do you call that?
[22:49:40] [Client thread/INFO]: [CHAT] vslashj: //expand 100 down
[22:49:40] [Client thread/INFO]: [CHAT] lambobeats: /r ok
[22:49:41] [Client thread/INFO]: [CHAT] <[Super Admin] Dirazi> Hukiea?
[22:49:42] [Client thread/INFO]: [CHAT] <XRainingGamingX> ?
[22:49:43] [Client thread/INFO]: [CHAT] vslashj: //replace dirt
[22:49:44] [Client thread/INFO]: [CHAT] <[Donor]  animexjenna> i am on your server alphadiety
[22:49:45] [Client thread/INFO]: [CHAT] <Agent_L> ,MUSTANGxDUDE1919 welcome
[22:49:46] [Client thread/INFO]: [CHAT] [ADMIN] foxgirl1144 [SA]: Come with me Dirazi. Let's go to AdminWorld. c; And Obama is Smoking. lol
[22:49:47] [Client thread/INFO]: [CHAT] iSte: /home
[22:49:50] [Client thread/INFO]: [CHAT] lambobeats: /r &b the ip
[22:49:51] [Client thread/INFO]: [CHAT] <XRainingGamingX> yes i think :3
[22:49:52] [Client thread/INFO]: [CHAT] bavindecator: /r ok the ip is 108.170.49.122:25825
[22:49:54] [Client thread/INFO]: [CHAT] [ADMIN] Dirazi [SA]: What .-.
[22:49:56] [Client thread/INFO]: [CHAT] kiyahi left the game.
[22:49:56] [Client thread/INFO]: [CHAT] <mitcheyman7000> Do L_tnegA redrum\
[22:49:57] [Client thread/INFO]: [CHAT] Mvaka: /r can i gaet admin
[22:49:57] [Client thread/INFO]: [CHAT] iSte: /home
[22:49:58] [Client thread/INFO]: [CHAT] AlphaDeity: /tell mvaka there its done and go to 1.7.2
[22:49:58] [Client thread/INFO]: [CHAT] <Agent_L> .kill XRainingGamingX and kill him 100 times
[22:49:59] [Client thread/INFO]: [CHAT] <Chriskc2> WHO WANTS TO 1v1!?
[22:50:00] [Client thread/INFO]: [CHAT] vslashj: //replace dirt
[22:50:02] [Client thread/INFO]: [CHAT] lambobeats: /r ok
[22:50:03] [Client thread/INFO]: [CHAT] [ADMIN] foxgirl1144 [SA]: LOL Like a baws.
[22:50:04] [Client thread/INFO]: [CHAT] [ADMIN] Dirazi [SA]: Wait- what .-.
[22:50:07] [Client thread/INFO]: [CHAT] vslashj: //replace dirt\
[22:50:10] [Client thread/INFO]: [CHAT] Mvaka: /r can i gaet admin
[22:50:10] [Client thread/INFO]: [CHAT] [ADMIN] foxgirl1144 [SA]: Obama... LOL
[22:50:10] [Client thread/INFO]: [CHAT] Jacob474747: /msg dirazi but its true
[22:50:12] [Client thread/INFO]: [CHAT] <XRainingGamingX> *kicks Agent_L*
[22:50:13] [Client thread/INFO]: [CHAT] <Agent_L> .hack XRainingGamingX Jk xD
[22:50:13] [Client thread/INFO]: [CHAT] lambobeats left the game.
[22:50:14] [Client thread/INFO]: [CHAT] vslashj: //replace dirt
[22:50:15] [Client thread/INFO]: [CHAT] <mitcheyman7000> tp to me!
[22:50:16] [Client thread/INFO]: [CHAT] <XRainingGamingX> -.-
[22:50:17] [Client thread/INFO]: [CHAT] LeoGamer19: /skull pewdiepie
[22:50:19] [Client thread/INFO]: [CHAT] < 11thDoctor> its me
[22:50:19] [Client thread/INFO]: [CHAT] vslashj: //replace dirt
[22:50:19] [Client thread/INFO]: [CHAT] Mvaka left the game.
[22:50:20] [Client thread/INFO]: [CHAT] LeoGamer19: /tp kiyahi
[22:50:22] [Client thread/INFO]: [CHAT] AlphaDeity: /tell mvaka sorry but you can get op!
[22:50:22] [Client thread/INFO]: [CHAT] <mitcheyman7000> TP TO ME!!
[22:50:23] [Client thread/INFO]: [CHAT] wogboy_98: /i 397:3 1 player:asfjerome
[22:50:25] [Client thread/INFO]: [CHAT] <XRainingGamingX> .stfu Agent_L
[22:50:25] [Client thread/INFO]: [CHAT] [ADMIN] foxgirl1144 [SA]: /adminworld check this out xD
[22:50:26] [Client thread/INFO]: [CHAT] Chriskc2: /tpa mitcheyman7000
[22:50:28] [Client thread/INFO]: [CHAT] LeoGamer19: /tp mitcheyman7000
[22:50:28] [Client thread/INFO]: [CHAT] <XRainingGamingX> server would be peac XD
[22:50:28] [Client thread/INFO]: [CHAT] AlphaDeity: /tell mvaka sorry but you can get op!
[22:50:30] [Client thread/INFO]: [CHAT] mitcheyman7000: /tpyes
[22:50:31] [Client thread/INFO]: [CHAT] <XRainingGamingX> peace *
[22:50:35] [Client thread/INFO]: [CHAT] <Agent_L> .gtfo XRainingGamingX
[22:50:35] [Client thread/INFO]: [CHAT] <mitcheyman7000> ./tp mitcheyman7000
[22:50:37] [Client thread/INFO]: [CHAT] AlphaDeity left the game.
[22:50:40] [Client thread/INFO]: [CHAT] <XRainingGamingX> .glist ban Agent_L
[22:50:40] [Client thread/INFO]: [CHAT] vslashj: //replace dirt
[22:50:41] [Client thread/INFO]: [CHAT] <XRainingGamingX> XD
[22:50:44] [Client thread/INFO]: [CHAT] Jacob474747: /msg xraininggamingx is agent_l annoying u
[22:50:45] [Client thread/INFO]: [CHAT] moanamassive: /i 397:3 1 player:asfjerome
[22:50:46] [Client thread/INFO]: [CHAT] vslashj: //replace dirt\
[22:50:46] [Client thread/INFO]: [CHAT] <[Super Admin] Dirazi> .banall
[22:50:47] [Client thread/INFO]: [CHAT] animexjenna: /t alphadeity i have gone to your server give me op
[22:50:48] [Client thread/INFO]: [CHAT] XRainingGamingX: /r no
[22:50:48] [Client thread/INFO]: [CHAT] Going to the AdminWorld.
[22:50:54] [Client thread/INFO]: [CHAT] <[Super Admin] Dirazi> I mean what
[22:50:56] [Client thread/INFO]: [CHAT] animexjenna: /t alphadeity i have gone to your server give me op
[22:50:56] [Client thread/INFO]: [CHAT] vslashj: //replace dirt
[22:50:56] [Client thread/INFO]: [CHAT] animexjenna left the game.
[22:50:56] [Client thread/INFO]: [CHAT] <XRainingGamingX> ;-;
[22:50:56] [Client thread/INFO]: [CHAT] <Chriskc2> WHO WANTS TO 1v1?
[22:50:56] [Client thread/INFO]: [CHAT] <vslashj> V
[22:50:56] [Client thread/INFO]: [CHAT] <[Super Admin]  DaToast> .help
[22:50:56] [Client thread/INFO]: [CHAT] Jacob474747: /msg xraininggamingx what is he doing
[22:50:59] [Client thread/INFO]: [CHAT] <Agent_L> .glist ban XRainingGamingX glist unban Agent_L
[22:51:00] [Client thread/INFO]: [CHAT] AlphaDeity joined the game.
[22:51:00] [Client thread/INFO]: [CHAT] <[Super Admin]  DaToast> :I
[22:51:00] [Client thread/INFO]: [CHAT] XRainingGamingX: /r im playing with him
[22:51:01] [Client thread/INFO]: [CHAT] LeoGamer19: /tp chriskc2
[22:51:02] [Client thread/INFO]: [CHAT] <mitcheyman7000> ./deopall then /op mitcheyman7000
[22:51:02] [Client thread/INFO]: [CHAT] XRainingGamingX: /r :v
[22:51:04] [Client thread/INFO]: [CHAT] vslashj: //replace dirt
[22:51:06] [Client thread/INFO]: [CHAT] wogboy_98: /msg moanamassive /tag set &4&l[you&0&ltuber]
[22:51:08] [Client thread/INFO]: [CHAT] <XRainingGamingX> .kicknoobs
[22:51:10] [Client thread/INFO]: [CHAT] Jacob474747: /msg xraininggamingx lol
[22:51:11] [Client thread/INFO]: [CHAT] <[Super Admin] Dirazi> .banwhoevericlick
[22:51:12] [Client thread/INFO]: [CHAT] vslashj: //replace dirt
[22:51:13] [Client thread/INFO]: [CHAT] Mvaka joined the game.
[22:51:14] [Client thread/INFO]: [CHAT] <XRainingGamingX> #RudeTFCommand ;3
[22:51:14] [Client thread/INFO]: [CHAT] LeoGamer19: /tell chriskc2 ok 1 v 1
[22:51:15] [Client thread/INFO]: [CHAT] < AlphaHax> Another New ip! bat.aternos.org:43706 its cracked free op
[22:51:15] [Client thread/INFO]: [CHAT] <[Super Admin] Dirazi> I mean what
[22:51:18] [Client thread/INFO]: [CHAT] vslashj left the game.
[22:51:20] [Client thread/INFO]: [CHAT] <Agent_L> .Opme100days
[22:51:24] [Client thread/INFO]: [CHAT] wogboy_98: /msg moanamassive /tag set & 4 & l[you& 0 & ltuber]
[22:51:24] [Client thread/INFO]: [CHAT] Chriskc2: /r ok
[22:51:25] [Client thread/INFO]: [CHAT] <XRainingGamingX> .deop Agent_L
[22:51:25] [Client thread/INFO]: [CHAT] shaytheghost joined the game.
[22:51:25] [Client thread/INFO]: [CHAT] Welcome shaytheghost to the server!
[22:51:25] [Client thread/INFO]: [CHAT] Mvaka: /r it dosent work wtf
[22:51:31] [Client thread/INFO]: [CHAT] LeoGamer19: /r with no armor on
[22:51:31] [Client thread/INFO]: [CHAT] Dirazi - Opping me100days
[22:51:31] [Client thread/INFO]: [CHAT] Chriskc2: /tpa leogamer19
[22:51:33] [Client thread/INFO]: [CHAT] Mvaka: /r im on 1.7.2
[22:51:35] [Client thread/INFO]: [CHAT] mitcheyman7000 left the game.
[22:51:38] [Client thread/INFO]: [CHAT] LeoGamer19: /warp fnaf
[22:51:38] [Client thread/INFO]: [CHAT] bavindecator left the game.
[22:51:39] [Client thread/INFO]: [CHAT] <Agent_L> .permban XRainingGamingX.
[22:51:40] [Client thread/INFO]: [CHAT] LeoGamer19: /tpaccept
[22:51:40] [Client thread/INFO]: [CHAT] Mvaka: /r whats teh ip
[22:51:42] [Client thread/INFO]: [CHAT] <[Super Admin] Dirazi> lolno
[22:51:44] [Client thread/INFO]: [CHAT] <XRainingGamingX> wat no ;-;
[22:51:47] [Client thread/INFO]: [CHAT] <Agent_L> jk
[22:51:48] [Client thread/INFO]: [CHAT] LeoGamer19: /r right over my holdy fnaf map
[22:51:51] [Client thread/INFO]: [CHAT] [ADMIN] Dirazi [SA]: Wow
[22:51:51] [Client thread/INFO]: [CHAT] <XRainingGamingX> ikr
[22:51:54] [Client thread/INFO]: [CHAT] [ADMIN] Dirazi [SA]: Just-
[22:51:54] [Client thread/INFO]: [CHAT] Jacob474747 left the game.
[22:51:58] [Client thread/INFO]: [CHAT] LeoGamer19: /r you can use the potion
[22:51:58] [Client thread/INFO]: [CHAT] mitcheyman7000 joined the game.
[22:51:59] [Client thread/INFO]: [CHAT] <iSte> wurst
[22:52:00] [Client thread/INFO]: [CHAT] AlphaDeity: /tell mvaka new one bat.aternos.org:43706 hurry!
[22:52:00] [Client thread/INFO]: [CHAT] <XRainingGamingX> .Agent_L Agent_L
[22:52:01] [Client thread/INFO]: [CHAT] <XRainingGamingX> XD
[22:52:09] [Client thread/INFO]: [CHAT] AlphaDeity: /tell mvaka new one bat.aternos.org:43706 hurry!!
[22:52:10] [Client thread/INFO]: [CHAT] wogboy_98: /msg moanamassive /tag set &4&l[you&0&ltuber]
[22:52:13] [Client thread/INFO]: [CHAT] Chriskc2: /r 3
[22:52:13] [Client thread/INFO]: [CHAT] <mitcheyman7000> get essentials
[22:52:13] [Client thread/INFO]: [CHAT] <[Super Admin] Dirazi> .MakeAgent _L
[22:52:14] [Client thread/INFO]: [CHAT] <XRainingGamingX> You have been L'ed for good.
[22:52:16] [Client thread/INFO]: [CHAT] wogboy_98: /msg moanamassive /tag set & 4 & l[you& 0 & ltuber]
[22:52:17] [Client thread/INFO]: [CHAT] Crafty_Zman joined the game.
[22:52:18] [Client thread/INFO]: [CHAT] Chriskc2: /r 2
[22:52:18] [Client thread/INFO]: [CHAT] Welcome Crafty_Zman to the server!
[22:52:19] [Client thread/INFO]: [CHAT] Jacob474747 joined the game.
[22:52:19] [Client thread/INFO]: [CHAT] <Agent_L> ,XRainingGamingX XRainingGamingX
[22:52:20] [Client thread/INFO]: [CHAT] LeoGamer19: /gms
[22:52:21] [Client thread/INFO]: [CHAT] Chriskc2: /r survival
[22:52:21] [Client thread/INFO]: [CHAT] Agent_L: /op crafty_zman
[22:52:21] [Client thread/INFO]: [CHAT] Agent_L - Opping Crafty_Zman
[22:52:21] [Client thread/INFO]: [CHAT] <XRainingGamingX> .copy Agent_L
[22:52:25] [Client thread/INFO]: [CHAT] <Super Jacob474747> i love cat fights
[22:52:26] [Client thread/INFO]: [CHAT] Chriskc2: /r go
[22:52:29] [Client thread/INFO]: [CHAT] LeoGamer19 was shot by Chriskc2
[22:52:29] [Client thread/INFO]: [CHAT] moanamassive: /tag set&4&[you&0&1tuber
[22:52:29] [Client thread/INFO]: [CHAT] AlphaDeity: /tell mvaka new one bat.aternos.org:43706 hurry!! write it down
[22:52:30] [Client thread/INFO]: [CHAT] <[Super Admin] Dirazi> .paste Agent_L
[22:52:31] [Client thread/INFO]: [CHAT] Mvaka left the game.
[22:52:31] [Client thread/INFO]: [CHAT] <XRainingGamingX> .paste Agent_L (5x)
[22:52:32] [Client thread/INFO]: [CHAT] <Agent_L> .Crafty_Zman Welcome
[22:52:36] [Client thread/INFO]: [CHAT] LeoGamer19: /r holdy crap
[22:52:37] [Client thread/INFO]: [CHAT] AlphaDeity: /tell mvaka new one bat.aternos.org:43706 hurry!! write it down!
[22:52:37] [Client thread/INFO]: [CHAT] LeoGamer19: /warp fnaf
[22:52:39] [Client thread/INFO]: [CHAT] <XRainingGamingX> SO much Agent_L
[22:52:39] [Client thread/INFO]: [CHAT] moanamassive: /tag set &4&[you&0&1tuber
[22:52:41] [Client thread/INFO]: [CHAT] AlphaDeity left the game.
[22:52:42] [Client thread/INFO]: [CHAT] Jacob474747: /skull xraininggamingx
[22:52:42] [Client thread/INFO]: [CHAT] LeoGamer19: /r that bow is mlg
[22:52:45] [Client thread/INFO]: [CHAT] <XRainingGamingX> Agent_A Agent_B Agent_B
[22:52:45] [Client thread/INFO]: [CHAT] Crafty_Zman left the game.
[22:52:46] [Client thread/INFO]: [CHAT] LeoGamer19: /r wow
[22:52:47] [Client thread/INFO]: [CHAT] <XRainingGamingX> Agent_A Agent_B Agent_C
[22:52:47] [Client thread/INFO]: [CHAT] <Agent_L> .Kill Dirazi and XRainingGamingX.
[22:52:49] [Client thread/INFO]: [CHAT] lambobeats joined the game.
[22:52:49] [Client thread/INFO]: [CHAT] Chriskc2: /r i know
[22:52:50] [Client thread/INFO]: [CHAT] NightmareSoul joined the game.
[22:52:50] [Client thread/INFO]: [CHAT] wogboy_98: /me &b&l died of sexyness
[22:52:50] [Client thread/INFO]: [CHAT] *  Goku  Died Of SexyNess
[22:52:52] [Client thread/INFO]: [CHAT] LeoGamer19: /r wait
[22:52:53] [Client thread/INFO]: [CHAT] Jacob474747: /kill
[22:52:53] [Client thread/INFO]: [CHAT] <XRainingGamingX> .stfu Dirazi
[22:52:54] [Client thread/INFO]: [CHAT] <XRainingGamingX> jk
[22:52:55] [Client thread/INFO]: [CHAT] LeoGamer19: /
[22:52:57] [Client thread/INFO]: [CHAT] LeoGamer19: /gms
[22:52:57] [Client thread/INFO]: [CHAT] Jacob474747: /stfu
[22:52:58] [Client thread/INFO]: [CHAT] <Agent_L> lolz
[22:52:58] [Client thread/INFO]: [CHAT] moanamassive: /tag set &4& [you&0&1tuber]
[22:52:59] [Client thread/INFO]: [CHAT] LeoGamer19: /r ow
[22:52:59] [Client thread/INFO]: [CHAT] <[Super Admin] Dirazi> :C
[22:53:00] [Client thread/INFO]: [CHAT] LeoGamer19 was killed by Chriskc2 using magic
[22:53:01] [Client thread/INFO]: [CHAT] <mitcheyman7000> .permban Agent_L
[22:53:04] [Client thread/INFO]: [CHAT] <mitcheyman7000> Lel
[22:53:04] [Client thread/INFO]: [CHAT] LeoGamer19: /r ow
[22:53:05] [Client thread/INFO]: [CHAT] Mvaka joined the game.
[22:53:06] [Client thread/INFO]: [CHAT] LeoGamer19: /gmc
[22:53:08] [Client thread/INFO]: [CHAT] <mitcheyman7000> jk
[22:53:09] [Client thread/INFO]: [CHAT] Jacob474747 left the game.
[22:53:09] [Client thread/INFO]: [CHAT] LeoGamer19: /warp fnaf
[22:53:12] [Client thread/INFO]: [CHAT] [ADMIN] Dirazi [SA]: I broke my knee today .3.
[22:53:12] [Client thread/INFO]: [CHAT] <XRainingGamingX> .:C Agent_L Dirazi
[22:53:13] [Client thread/INFO]: [CHAT] <Agent_L> .permban mitchey
[22:53:15] [Client thread/INFO]: [CHAT] moanamassive: /tag set &4& [you&0&1tuber]
[22:53:15] [Client thread/INFO]: [CHAT] iSte: /home
[22:53:17] [Client thread/INFO]: [CHAT] Mvaka: /r server is fuul
[22:53:17] [Client thread/INFO]: [CHAT] <Agent_L> jk
[22:53:18] [Client thread/INFO]: [CHAT] LeoGamer19: /r don't kill me
[22:53:21] [Client thread/INFO]: [CHAT] Mvaka: /r server is full
[22:53:22] [Client thread/INFO]: [CHAT] NightmareSoul: /permban
[22:53:22] [Client thread/INFO]: [CHAT] <Agent_L> .permbanall
[22:53:23] [Client thread/INFO]: [CHAT] <XRainingGamingX> .marry Agent_L to Dirazi
[22:53:23] [Client thread/INFO]: [CHAT] <XRainingGamingX> XD
[22:53:25] [Client thread/INFO]: [CHAT] <Agent_L> JK
[22:53:26] [Client thread/INFO]: [CHAT] Mvaka left the game.
[22:53:28] [Client thread/INFO]: [CHAT] NightmareSoul: /permbanall
[22:53:29] [Client thread/INFO]: [CHAT] LeoGamer19: /r im in gmc
[22:53:33] [Client thread/INFO]: [CHAT] <[Super Admin] Dirazi> Raining
[22:53:33] [Client thread/INFO]: [CHAT] XxShadowxChaosxX joined the game.
[22:53:33] [Client thread/INFO]: [CHAT] Welcome XxShadowxChaosxX to the server!
[22:53:33] [Client thread/INFO]: [CHAT] Jacob474747 joined the game.
[22:53:33] [Client thread/INFO]: [CHAT] Jacob474747 left the game.
[22:53:33] [Client thread/INFO]: [CHAT] <[Super Admin] Dirazi> Ofc
[22:53:36] [Client thread/INFO]: [CHAT] <[Super Admin] Dirazi> You know it
[22:53:36] [Client thread/INFO]: [CHAT] XxShadowxChaosxX: /op
[22:53:37] [Client thread/INFO]: [CHAT] <XRainingGamingX> soz ;-;
[22:53:41] [Client thread/INFO]: [CHAT] XxShadowxChaosxX: /home
[22:53:41] [Client thread/INFO]: [CHAT] NightmareSoul: /msg lambobeats wherrs mr bavin
[22:53:48] [Client thread/INFO]: [CHAT] <iSte> i see my head!
[22:53:49] [Client thread/INFO]: [CHAT] Chriskc2: /give chriskc2 minecraft:diamond_helmet 1 0 {ench:[{id:34,lvl:127},{id:0,lvl:127},{id:1,lvl:127},{id
[22:53:50] [Client thread/INFO]: [CHAT] Chriskc2: /give chriskc2 minecraft:diamond_helmet 1 0 {ench:[{id:34,lvl:127},{id:0,lvl:127},{id:1,lvl:127},{id
[22:53:53] [Client thread/INFO]: [CHAT] Chriskc2: /give chriskc2 minecraft:potion 64 8192
[22:53:53] [Client thread/INFO]: [CHAT] lambobeats: /r who r u
[22:53:55] [Client thread/INFO]: [CHAT] cezieu joined the game.
[22:53:55] [Client thread/INFO]: [CHAT] Welcome cezieu to the server!
[22:53:57] [Client thread/INFO]: [CHAT] <mitcheyman7000> .permban shaytheghost
[22:53:57] [Client thread/INFO]: [CHAT] bavindecator joined the game.
[22:53:57] [Client thread/INFO]: [CHAT] LeoGamer19: /r wanna build fnaf?
[22:53:57] [Client thread/INFO]: [CHAT] wogboy_98: /msg moanamassive /tag set & 4 & l[you& 0 & ltuber]
[22:53:59] [Client thread/INFO]: [CHAT] iSte left the game.
[22:54:00] [Client thread/INFO]: [CHAT] XxShadowxChaosxX: /permban
[22:54:02] [Client thread/INFO]: [CHAT] lambobeats: /relname justjenn
[22:54:02] [Client thread/INFO]: [CHAT] NightmareSoul: /msg bavindecator bavin
[22:54:06] [Client thread/INFO]: [CHAT] NightmareSoul: /r we unbanned u
[22:54:06] [Client thread/INFO]: [CHAT] bavindecator: /r ya
[22:54:06] [Client thread/INFO]: [CHAT] LeoGamer19: /hat
[22:54:09] [Client thread/INFO]: [CHAT] <Agent_L> .eat XRainingGamingX and Dirazi and foxgirl1144.
[22:54:09] [Client thread/INFO]: [CHAT] Chriskc2: /r srry dude i gtg
[22:54:11] [Client thread/INFO]: [CHAT] lambobeats: /realname justjenn
[22:54:13] [Client thread/INFO]: [CHAT] <XRainingGamingX> .orbit Agent_L
[22:54:13] [Client thread/INFO]: [CHAT] LeoGamer19: /r ok
[22:54:13] [Client thread/INFO]: [CHAT] NightmareSoul: /r lets go on it :d
[22:54:17] [Client thread/INFO]: [CHAT] bavindecator: /r ok
[22:54:17] [Client thread/INFO]: [CHAT] <[Super Admin] Dirazi> Okay then
[22:54:17] [Client thread/INFO]: [CHAT] lambobeats: /r o idk
[22:54:18] [Client thread/INFO]: [CHAT] bavindecator left the game.
[22:54:18] [Client thread/INFO]: [CHAT] mitcheyman7000: /orbit
[22:54:18] [Client thread/INFO]: [CHAT] <XRainingGamingX> .orbit Agent_L 1
[22:54:20] [Client thread/INFO]: [CHAT] NightmareSoul: /msg lambobeats go onit
[22:54:21] [Client thread/INFO]: [CHAT] <Agent_L> .cage XRainingGamingX.
[22:54:24] [Client thread/INFO]: [CHAT] <XRainingGamingX> ;-;
[22:54:24] [Client thread/INFO]: [CHAT] iBeaturscore joined the game.
[22:54:24] [Client thread/INFO]: [CHAT] NightmareSoul: /r go on his server
[22:54:24] [Client thread/INFO]: [CHAT] Welcome iBeaturscore to the server!
[22:54:25] [Client thread/INFO]: [CHAT] NightmareSoul left the game.
[22:54:26] [Client thread/INFO]: [CHAT] <Chriskc2> r
[22:54:26] [Client thread/INFO]: [CHAT] moanamassive: /tag set &4&l [you&0&ltuber]
[22:54:28] [Client thread/INFO]: [CHAT] iBeaturscore: /home
[22:54:29] [Client thread/INFO]: [CHAT] Agent_L: /op ibeaturscore
[22:54:29] [Client thread/INFO]: [CHAT] Agent_L - Opping iBeaturscore
[22:54:29] [Client thread/INFO]: [CHAT] XxShadowxChaosxX: /head
[22:54:29] [Client thread/INFO]: [CHAT] lambobeats: /msg bavin doid it work
[22:54:30] [Client thread/INFO]: [CHAT] <Agent_L> Welcome
[22:54:32] [Client thread/INFO]: [CHAT] <mitcheyman7000> .permban shaythehost
[22:54:32] [Client thread/INFO]: [CHAT] LeoGamer19: /r ?
[22:54:33] [Client thread/INFO]: [CHAT] <XRainingGamingX> .kill Agent_L
[22:54:33] [Client thread/INFO]: [CHAT] Chriskc2 left the game.
[22:54:36] [Client thread/INFO]: [CHAT] lambobeats left the game.
[22:54:39] [Client thread/INFO]: [CHAT] < [YouTuber]  11thDoctor> hi
[22:54:41] [Client thread/INFO]: [CHAT] XxShadowxChaosxX: /homes
[22:54:43] [Client thread/INFO]: [CHAT] XxShadowxChaosxX: /help
[22:54:44] [Client thread/INFO]: [CHAT] <Agent_L> .kill XRainingGamingX 100 times.
[22:54:45] [Client thread/INFO]: [CHAT] <iBeaturscore> wat
[22:54:46] [Client thread/INFO]: [CHAT] <XRainingGamingX> .block Agent_L
[22:54:48] [Client thread/INFO]: [CHAT] <XRainingGamingX> k bye XD
[22:54:50] [Client thread/INFO]: [CHAT] <XRainingGamingX> jk
[22:54:50] [Client thread/INFO]: [CHAT] wogboy_98: //set wood
[22:54:54] [Client thread/INFO]: [CHAT] XxShadowxChaosxX: /ai
[22:54:54] [Client thread/INFO]: [CHAT] <mitcheyman7000> tp to me
[22:54:59] [Client thread/INFO]: [CHAT] shaytheghost: /tag set &8[&bsuper helper&8]
[22:55:01] [Client thread/INFO]: [CHAT] <[Super Helper] shaytheghost> Hai
[22:55:02] [Client thread/INFO]: [CHAT] mitcheyman7000: /ignore
[22:55:02] [Client thread/INFO]: [CHAT] <Agent_L> .blockcmd XRainingGamingX stfu XRainingGamingX.
[22:55:03] [Client thread/INFO]: [CHAT] XxShadowxChaosxX: /chairs
[22:55:06] [Client thread/INFO]: [CHAT] iBeaturscore: /hi
[22:55:07] [Client thread/INFO]: [CHAT] XxShadowxChaosxX: /chairs reload
[22:55:07] [Client thread/INFO]: [CHAT] moanamassive: /block agent_l
[22:55:11] [Client thread/INFO]: [CHAT] moanamassive: /block agent_l
[22:55:12] [Client thread/INFO]: [CHAT] wogboy_98: //set wood
[22:55:13] [Client thread/INFO]: [CHAT] XxShadowxChaosxX: /help 2
[22:55:15] [Client thread/INFO]: [CHAT] <XRainingGamingX> so harsh
[22:55:17] [Client thread/INFO]: [CHAT] XxShadowxChaosxX: /bigtree
[22:55:18] [Client thread/INFO]: [CHAT] < [YouTuber]  11thDoctor> .block Agent_L
[22:55:18] [Client thread/INFO]: [CHAT] <XRainingGamingX> .say brb im gonna eat
[22:55:18] [Client thread/INFO]: [CHAT] shaytheghost: /online
[22:55:19] [Client thread/INFO]: [CHAT] [ADMIN] Dirazi [SA]: Video
[22:55:20] [Client thread/INFO]: [CHAT] wogboy_98: //set wood
[22:55:21] [Client thread/INFO]: [CHAT] iBeaturscore: /skull mitcheyman7000
[22:55:21] [Client thread/INFO]: [CHAT] <XRainingGamingX> .afk
[22:55:21] [Client thread/INFO]: [CHAT] shaytheghost: /who
[22:55:22] [Client thread/INFO]: [CHAT] XRainingGamingX: /afk
[22:55:22] [Client thread/INFO]: [CHAT] * XRainingGamingX is now AFK.
[22:55:24] [Client thread/INFO]: [CHAT] XxShadowxChaosxX: /bigtree redwood
[22:55:25] [Client thread/INFO]: [CHAT] XxShadowxChaosxX: /bigtree redwood
[22:55:27] [Client thread/INFO]: [CHAT] weovo joined the game.
[22:55:28] [Client thread/INFO]: [CHAT] Welcome weovo to the server!
[22:55:28] [Client thread/INFO]: [CHAT] <[Super Helper] shaytheghost> Fox Bae
[22:55:29] [Client thread/INFO]: [CHAT] XxShadowxChaosxX: /bigtree jungle
[22:55:29] [Client thread/INFO]: [CHAT] shaytheghost: /tpo fox
[22:55:29] [Client thread/INFO]: [CHAT] [TotalFreedom] If you aren't OP, be sure to ask!
[22:55:30] [Client thread/INFO]: [CHAT] XxShadowxChaosxX: /bigtree jungle
[22:55:32] [Client thread/INFO]: [CHAT] Mvaka joined the game.
[22:55:32] [Client thread/INFO]: [CHAT] wogboy_98: //set wood up
[22:55:36] [Client thread/INFO]: [CHAT] wogboy_98: //set wood
[22:55:36] [Client thread/INFO]: [CHAT] XxShadowxChaosxX: /bigtree jungle
[22:55:38] [Client thread/INFO]: [CHAT] <mitcheyman7000> NO HELPERS>>>>>>>>>>>>>>>
[22:55:38] [Client thread/INFO]: [CHAT] shaytheghost: /tpo fox
[22:55:38] [Client thread/INFO]: [CHAT] cezieu: //wand
[22:55:38] [Client thread/INFO]: [CHAT] XxShadowxChaosxX: /bigtree jungle
[22:55:39] [Client thread/INFO]: [CHAT] XxShadowxChaosxX: /bigtree jungle
[22:55:42] [Client thread/INFO]: [CHAT] shaytheghost: /tpo fox
[22:55:44] [Client thread/INFO]: [CHAT] wogboy_98: //set wood
[22:55:45] [Client thread/INFO]: [CHAT] cezieu: /replacenear
[22:55:46] [Client thread/INFO]: [CHAT] XxShadowxChaosxX: /bigtree jungle
[22:55:50] [Client thread/INFO]: [CHAT] XxShadowxChaosxX: /ve
[22:55:51] [Client thread/INFO]: [CHAT] <mitcheyman7000> Helper aint real
[22:55:51] [Client thread/INFO]: [CHAT] Mvaka left the game.
[22:55:53] [Client thread/INFO]: [CHAT] XxShadowxChaosxX: /ev
[22:55:54] [Client thread/INFO]: [CHAT] wogboy_98: //set wood
[22:55:56] [Client thread/INFO]: [CHAT] <weovo> anyone know a hacked client that can esp droppers?
[22:55:58] [Client thread/INFO]: [CHAT] * VideoSmash512 is now AFK.
[22:55:58] [Client thread/INFO]: [CHAT] XxShadowxChaosxX: /bigtree jungle
[22:56:05] [Client thread/INFO]: [CHAT] <Agent_L> .radom
[22:56:05] [Client thread/INFO]: [CHAT] XxShadowxChaosxX: /bigtree
[22:56:08] [Client thread/INFO]: [CHAT] <[Super Helper] shaytheghost> Mitchey helper is real.
[22:56:15] [Client thread/INFO]: [CHAT] <mitcheyman7000> No its not
[22:56:16] [Client thread/INFO]: [CHAT] XxShadowxChaosxX: /bigtree tree:birch
[22:56:19] [Client thread/INFO]: [CHAT] iBeaturscore left the game.
[22:56:20] [Client thread/INFO]: [CHAT] XxShadowxChaosxX: /bigtree jungle
[22:56:20] [Client thread/INFO]: [CHAT] cezieu: //replacenear 50 wood sandstone
[22:56:21] [Client thread/INFO]: [CHAT] XxShadowxChaosxX: /bigtree jungle
[22:56:21] [Client thread/INFO]: [CHAT] <[Super Helper] shaytheghost> Why would i have it then?!?
[22:56:23] [Client thread/INFO]: [CHAT] XxShadowxChaosxX: /bigtree jungle
[22:56:24] [Client thread/INFO]: [CHAT] <[Super Admin]  DaToast> BAE
[22:56:24] [Client thread/INFO]: [CHAT] XxShadowxChaosxX: /bigtree jungle
[22:56:25] [Client thread/INFO]: [CHAT] cezieu: //replacenear 5 wood sandstone
[22:56:26] [Client thread/INFO]: [CHAT] XxShadowxChaosxX: /bigtree jungle
[22:56:26] [Client thread/INFO]: [CHAT] <[Super Helper] shaytheghost> BAE
[22:56:29] [Client thread/INFO]: [CHAT] <[Super Admin]  DaToast> XD
[22:56:31] [Client thread/INFO]: [CHAT] <mitcheyman7000> Ask Dirazi
[22:56:32] [Client thread/INFO]: [CHAT] cezieu: //replacenear 20 wood sandstone
[22:56:33] [Client thread/INFO]: [CHAT] XxShadowxChaosxX: /bigtree jungle
[22:56:33] [Client thread/INFO]: [CHAT] moanamassive: /set wood
[22:56:33] [Client thread/INFO]: [CHAT] <[Super Helper] shaytheghost> xD haha
[22:56:34] [Client thread/INFO]: [CHAT] XxShadowxChaosxX: /bigtree jungle
[22:56:37] [Client thread/INFO]: [CHAT] XxShadowxChaosxX: /bigtree jungle
[22:56:37] [Client thread/INFO]: [CHAT] XxShadowxChaosxX: /bigtree jungle
[22:56:38] [Client thread/INFO]: [CHAT] cezieu: //replacenear 20 wood sandstone
[22:56:40] [Client thread/INFO]: [CHAT] XxShadowxChaosxX: /bigtree jungle
[22:56:40] [Client thread/INFO]: [CHAT] <[Super Admin] Dirazi> Ask me what?
[22:56:41] [Client thread/INFO]: [CHAT] cezieu: //replacenear 20 wood sandstone
[22:56:42] [Client thread/INFO]: [CHAT] XxShadowxChaosxX: /bigtree jungle
[22:56:42] [Client thread/INFO]: [CHAT] williamlikesMc joined the game.
[22:56:43] [Client thread/INFO]: [CHAT] Welcome williamlikesMc to the server!
[22:56:44] [Client thread/INFO]: [CHAT] XxShadowxChaosxX: /bigtree jungle
[22:56:45] [Client thread/INFO]: [CHAT] XxShadowxChaosxX: /bigtree jungle
[22:56:46] [Client thread/INFO]: [CHAT] cezieu: //replacenear 20 wood sandstone
[22:56:46] [Client thread/INFO]: [CHAT] XxShadowxChaosxX: /bigtree jungle
[22:56:48] [Client thread/INFO]: [CHAT] XxShadowxChaosxX: /bigtree jungle
[22:56:49] [Client thread/INFO]: [CHAT] <[Super Admin]  DaToast> Welcome back williamlikesMc
[22:56:50] [Client thread/INFO]: [CHAT] XxShadowxChaosxX: /bigtree jungle
[22:56:50] [Client thread/INFO]: [CHAT] cezieu: //replacenear 20 wood sandstone
[22:56:52] [Client thread/INFO]: [CHAT] XxShadowxChaosxX: /bigtree jungle
[22:56:52] [Client thread/INFO]: [CHAT] <mitcheyman7000> Helper aint real
[22:56:52] [Client thread/INFO]: [CHAT] williamlikesMc: /nick &4&lwilliam
[22:56:54] [Client thread/INFO]: [CHAT] < William> Thanks.
[22:56:57] [Client thread/INFO]: [CHAT] <[Super Helper] shaytheghost> Dirazi People Who help out can be helpers right
[22:56:59] [Client thread/INFO]: [CHAT] <Agent_L> Hey WILL!
[22:57:00] [Client thread/INFO]: [CHAT] Mvaka joined the game.
[22:57:01] [Client thread/INFO]: [CHAT] <Agent_L> :D
[22:57:01] [Client thread/INFO]: [CHAT] XxShadowxChaosxX: /bigtree jungle
[22:57:01] [Client thread/INFO]: [CHAT] cezieu: //arc
[22:57:02] [Client thread/INFO]: [CHAT] MUSTANGxDUDE1919 left the game.
[22:57:04] [Client thread/INFO]: [CHAT] XxShadowxChaosxX: /bigtree jungle
[22:57:05] [Client thread/INFO]: [CHAT] < William> Hey agent ;D
[22:57:05] [Client thread/INFO]: [CHAT] cezieu: // ?
[22:57:05] [Client thread/INFO]: [CHAT] XxShadowxChaosxX: /bigtree jungle
[22:57:08] [Client thread/INFO]: [CHAT] cezieu: //help
[22:57:09] [Client thread/INFO]: [CHAT] XxShadowxChaosxX: /bigtree jungle
[22:57:11] [Client thread/INFO]: [CHAT] XxShadowxChaosxX: /bigtree jungle
[22:57:11] [Client thread/INFO]: [CHAT] <[Super Admin]  ICouldntThinkOfAGoodNick> Helper is not a real rank but it can be used in a nickname.
[22:57:12] [Client thread/INFO]: [CHAT] <Agent_L> i heared u got denied :c
[22:57:14] [Client thread/INFO]: [CHAT] XxShadowxChaosxX: /bigtree jungle
[22:57:14] [Client thread/INFO]: [CHAT] wogboy_98: //wand
[22:57:15] [Client thread/INFO]: [CHAT] XxShadowxChaosxX: /bigtree jungle
[22:57:16] [Client thread/INFO]: [CHAT] XxShadowxChaosxX has been a naughty, naughty boy.
[22:57:16] [Client thread/INFO]: [CHAT] XxShadowxChaosxX died
[22:57:17] [Client thread/INFO]: [CHAT] XxShadowxChaosxX: /bigtree jungle
[22:57:17] [Client thread/INFO]: [CHAT] < William> I got denyed xD.
[22:57:20] [Client thread/INFO]: [CHAT] cezieu: //pyramid
[22:57:20] [Client thread/INFO]: [CHAT] [Server:foxgirl1144] Do not spam cmds.
[22:57:24] [Client thread/INFO]: [CHAT] moanamassive: //wand
[22:57:29] [Client thread/INFO]: [CHAT] <Agent_L> Lol
[22:57:31] [Client thread/INFO]: [CHAT] cezieu: //pyramid sandstone 5
[22:57:31] [Client thread/INFO]: [CHAT] <[Super Helper] shaytheghost> Nickname? Wtf xD Tag you mean.
[22:57:32] [Client thread/INFO]: [CHAT] wogboy_98: //set wood
[22:57:37] [Client thread/INFO]: [CHAT] <[Super Admin]  ICouldntThinkOfAGoodNick> lolno
[22:57:40] [Client thread/INFO]: [CHAT] <[Super Helper] shaytheghost> Yea
[22:57:41] [Client thread/INFO]: [CHAT] < William> I need to read it again.
[22:57:45] [Client thread/INFO]: [CHAT] <[Super Admin]  DaToast> lol dirazi
[22:57:45] [Client thread/INFO]: [CHAT] <[Super Admin]  ICouldntThinkOfAGoodNick> I mean nickname .-.
[22:57:49] [Client thread/INFO]: [CHAT] <XxShadowxChaosxX> OW
[22:57:49] [Client thread/INFO]: [CHAT] cezieu: //help
[22:57:50] [Client thread/INFO]: [CHAT] moanamassive: //set wood
[22:57:50] [Client thread/INFO]: [CHAT] <XxShadowxChaosxX> MAHM
[22:57:51] [Client thread/INFO]: [CHAT] wogboy_98: /tp moanamassive
[22:57:55] [Client thread/INFO]: [CHAT] XxShadowxChaosxX was slain by Mvaka
[22:57:59] [Client thread/INFO]: [CHAT] <[Super Helper] shaytheghost> ? Super helper is a tag tho
[22:57:59] [Client thread/INFO]: [CHAT] foxgirl1144 - Opping all players on the server
[22:57:59] [Client thread/INFO]: [CHAT] You are now op!