[21:56:15] [Client thread/INFO]: Connecting to play.totalfreedom.me., 28965
[21:56:17] [Client thread/INFO]: [CHAT] PhantomOediv215 is a Telnet Admin and a gamer!
[21:56:17] [Client thread/INFO]: [CHAT] PhantomOediv215 joined the game.
[21:56:19] [Client thread/INFO]: [CHAT] Welcome, PhantomOediv215!
[21:56:19] [Client thread/INFO]: [CHAT] Type /help for a list of commands.
[21:56:19] [Client thread/INFO]: [CHAT] Type /list to see who else is online.
[21:56:20] [Client thread/INFO]: [CHAT] Remember to save your builds with World Edit or they’ll be lost.
[21:56:20] [Client thread/INFO]: [CHAT] You have no new mail.
[21:56:28] [Client thread/INFO]: [CHAT] < schwuler> Schariq ist schwul
[21:56:28] [Client thread/INFO]: [CHAT] brandondo96821 joined the game.
[21:56:36] [Client thread/INFO]: [CHAT] [ADMIN] Sardenarin [SrA]: When he's on tomorrow...
[21:56:37] [Client thread/INFO]: [CHAT] <[EXPLOSION PVPER]  HarerMyAssISInFlames> hey Phantom
[21:56:37] [Client thread/INFO]: [CHAT] carcaravar used a forbidden WorldEdit block type: gravel
[21:56:37] [Client thread/INFO]: [CHAT] < SkyDoseMinecraft> &ehi
[21:56:37] [Client thread/INFO]: [CHAT] <[EXPLOSION PVPER]  HarerMyAssISInFlames> some one is NICKING ME
[21:56:37] [Client thread/INFO]: [CHAT] [ADMIN] cowgomooo12 [SrA]: Zangle is Michigan's system for grading. It's the grade-book.
[21:56:37] [Client thread/INFO]: [CHAT] [ADMIN] DarkHorse108 [STA]: Video!
[21:56:37] [Client thread/INFO]: [CHAT] [ADMIN] DarkHorse108 [STA]: :3
[21:56:37] [Client thread/INFO]: [CHAT] [ADMIN] Sardenarin [SrA]: SQLi vuln?
[21:56:37] [Client thread/INFO]: [CHAT] <Jerome38> And ME
[21:56:37] [Client thread/INFO]: [CHAT] < SkyDoseMinecraft> can u op me
[21:56:47] [Client thread/INFO]: [CHAT] <Bacca102FTW> come to /warp Carshow + GIANT GOLDEN PENIS!
[21:56:47] [Client thread/INFO]: [CHAT] <Jerome38> Someone Nicked Me
[21:56:47] [Client thread/INFO]: [CHAT] <ultracowslayer> Anyone wanna help me on my server?
[21:56:53] [Client thread/INFO]: [CHAT] CS32038 joined the game.
[21:56:53] [Client thread/INFO]: [CHAT] Welcome CS32038 to the server!
[21:56:54] [Client thread/INFO]: [CHAT] [ADMIN] cowgomooo12 [SrA]: No, XSS then keylogger
[21:56:55] [Client thread/INFO]: [CHAT] [ADMIN] Sardenarin [SrA]: oh lmao
[21:56:55] [Client thread/INFO]: [CHAT] Brandon38189 has been banned for 1 minute.
[21:56:55] [Client thread/INFO]: [CHAT] Brandon38189 left the game.
[21:56:55] [Client thread/INFO]: [CHAT] Brandon38189 was automatically kicked for using harmful commands.
[21:56:55] [Client thread/INFO]: [CHAT] [ADMIN] cowgomooo12 [SrA]: :D
[21:56:55] [Client thread/INFO]: [CHAT] CS32038 left the game.
[21:56:58] [Client thread/INFO]: [CHAT] [ADMIN] PhantomOediv215 [STA]: This is my last night of being on TF for a bit.
[21:57:08] [Client thread/INFO]: [CHAT] [ADMIN] xDestroyer217 [STA]: We have the GCPS gradebook, all we have to do is keylog inside the network.
[21:57:08] [Client thread/INFO]: [CHAT] <Jerome38> VaderNJ
[21:57:08] [Client thread/INFO]: [CHAT] <ultracowslayer> Anyone wanna help me on my server??
[21:57:08] [Client thread/INFO]: [CHAT] <[EXPLOSION PVPER]  JACK> done
[21:57:08] [Client thread/INFO]: [CHAT] *  1_1 JOIN 198,27,80,98:10029 STAFF MAYBE NEEDED!!!!
[21:57:08] [Client thread/INFO]: [CHAT] *  1_1 JOIN 198,27,80,98:10029 STAFF MAYBE NEEDED!!!!
[21:57:08] [Client thread/INFO]: [CHAT] *  1_1 JOIN 198,27,80,98:10029 STAFF MAYBE NEEDED!!!!
[21:57:08] [Client thread/INFO]: [CHAT] brandondo96821 left the game.
[21:57:08] [Client thread/INFO]: [CHAT] Explosives is a Super Admin and a H4XX0R
[21:57:08] [Client thread/INFO]: [CHAT] Explosives joined the game.
[21:57:08] [Client thread/INFO]: [CHAT] [ADMIN] cowgomooo12 [SrA]: SQL, hell mate. That's like 10,000 kids
[21:57:11] [Client thread/INFO]: [CHAT] xDestroyer217 - Banning brandondo96821 and IPs: 72.234.15.136
[21:57:11] [Client thread/INFO]: [CHAT] Explosives left the game.
[21:57:12] [Client thread/INFO]: [CHAT] Tyrell333 left the game.
[21:57:12] [Client thread/INFO]: [CHAT] <[EXPLOSION PVPER]  JACK> lllol a H4XXOR
[21:57:14] [Client thread/INFO]: [CHAT] [ADMIN] xDestroyer217 [STA]: ikr
[21:57:15] [Client thread/INFO]: [CHAT] Schariq left the game.
[21:57:19] [Client thread/INFO]: [CHAT] [ADMIN] cowgomooo12 [SrA]: You think I'm typing all that data? Fuck no.
[21:57:27] [Client thread/INFO]: [CHAT] [ADMIN] xDestroyer217 [STA]: well ours is onna be 80k+
[21:57:27] [Client thread/INFO]: [CHAT] [me -> DarkHorse108] VF?
[21:57:29] [Client thread/INFO]: [CHAT] [ADMIN] cowgomooo12 [SrA]: I'm stealing the IT's passwords :D
[21:57:31] [Client thread/INFO]: [CHAT] [ADMIN] xDestroyer217 [STA]: gonna*
[21:57:33] [Client thread/INFO]: [CHAT] [ADMIN] xDestroyer217 [STA]: omfg
[21:57:37] [Client thread/INFO]: [CHAT] [DarkHorse108 -> me] meet you on vf :3
[21:57:40] [Client thread/INFO]: [CHAT] [ADMIN] xDestroyer217 [STA]: we only have 2 in our school
[21:57:44] [Client thread/INFO]: [CHAT] <[EXPLOSION PVPER]  JACK> whho come pvp
[21:57:46] [Client thread/INFO]: [CHAT] Tyrell333 joined the game.
[21:57:46] [Client thread/INFO]: [CHAT] <[FlameDev] PCTests> baE
[21:57:47] [Client thread/INFO]: [CHAT] nati_dublin left the game.