[15:06:52] [Client thread/INFO]: Connecting to 64.34.165.5, 28965
[15:06:52] [Client thread/INFO]: [CHAT] VideoGameSmash12 joined the game.
[15:06:52] [Client thread/INFO]: [CHAT] Welcome VideoGameSmash12 to the server!
[15:06:52] [Client thread/INFO]: [CHAT] Type /help for a list of commands.
[15:06:52] [Client thread/INFO]: [CHAT] Save your builds with World Edit or lose them
[15:06:52] [Client thread/INFO]: [CHAT] Read our website at www.totalfreedom.me to find out how
[15:06:52] [Client thread/INFO]: [CHAT] Read the rules
[15:06:52] [Client thread/INFO]: [CHAT] Read our only authorized forum at www.totalfreedom.boards.net
[15:06:52] [Client thread/INFO]: [CHAT] You have no new mail.
[15:06:54] [Client thread/INFO]: [CHAT] Alpha988 joined the game.
[15:06:54] [Client thread/INFO]: [CHAT] Welcome Alpha988 to the server!
[15:06:55] [Client thread/INFO]: [CHAT] williy2004 joined the game.
[15:07:00] [Client thread/INFO]: [CHAT] <VideoGameSmash12> am i op still?
[15:07:06] [Client thread/INFO]: [CHAT] < Longway> yeas
[15:07:09] [Client thread/INFO]: [CHAT] < SkythekidRS> hey guys
[15:07:10] [Client thread/INFO]: [CHAT] <VideoGameSmash12> yay!
[15:07:11] [Client thread/INFO]: [CHAT] < Longway> yes*
[15:07:13] [Client thread/INFO]: [CHAT] Jasonk930 joined the game.
[15:07:17] [Client thread/INFO]: [CHAT] <[Pokemon-Staff] Derpinater9000> RCON
[15:07:18] [Client thread/INFO]: [CHAT] <VideoGameSmash12> sake sky
[15:07:20] [Client thread/INFO]: [CHAT] < > shygolkP42I59
[15:07:21] [Client thread/INFO]: [CHAT] <Rcon> yes?
[15:07:23] [Client thread/INFO]: [CHAT] <VideoGameSmash12> fake sky
[15:07:28] [Client thread/INFO]: [CHAT] Left click: select pos #1; Right click: select pos #2
[15:07:39] [Client thread/INFO]: [CHAT] < SkythekidRS> yea my mc name is williy2004
[15:07:40] [Client thread/INFO]: [CHAT] <[Pokemon-Staff] Derpinater9000> Rcon u SuperADMin?
[15:07:45] [Client thread/INFO]: [CHAT] First position set to (1965.0, 49.0, 92.0).
[15:07:48] [Client thread/INFO]: [CHAT] <Rcon> what do you think?
[15:07:48] [Client thread/INFO]: [CHAT] Second position set to (1965.0, 49.0, 100.0) (9).
[15:07:49] [Client thread/INFO]: [CHAT] Harpuitan joined the game.
[15:07:53] [Client thread/INFO]: [CHAT] Second position set to (1958.0, 49.0, 100.0) (72).
[15:07:55] [Client thread/INFO]: [CHAT] <[Pokemon-Staff] Derpinater9000> Yes?
[15:07:55] [Client thread/INFO]: [CHAT] Krazy_Kat57 joined the game.
[15:07:56] [Client thread/INFO]: [CHAT] Welcome  KrazyKat to the server!
[15:07:58] [Client thread/INFO]: [CHAT] First position set to (1958.0, 49.0, 92.0) (9).
[15:08:04] [Client thread/INFO]: [CHAT] SpecLeader - Tempbanning: Alpha988 for 5 minutes.
[15:08:04] [Client thread/INFO]: [CHAT] Alpha988 left the game.
[15:08:07] [Client thread/INFO]: [CHAT] williy2004 left the game.
[15:08:08] [Client thread/INFO]: [CHAT] 0 block(s) have been replaced.
[15:08:11] [Client thread/INFO]: [CHAT] <ninjaunicorn57> What happened to disguisecraft
[15:08:14] [Client thread/INFO]: [CHAT] <[Pokemon-Staff] Derpinater9000> IDK
[15:08:17] [Client thread/INFO]: [CHAT] < fOOSOOS> JSKER
[15:08:25] [Client thread/INFO]: [CHAT] 9 block(s) have been replaced.
[15:08:27] [Client thread/INFO]: [CHAT] Jasonk930 left the game.
[15:08:32] [Client thread/INFO]: [CHAT] First position set to (1960.0, 50.0, 98.0) (18).
[15:08:34] [Client thread/INFO]: [CHAT] First position set to (1962.0, 50.0, 98.0) (30).
[15:08:35] [Client thread/INFO]: [CHAT] < Redstoner> i have to repair
[15:08:36] [Client thread/INFO]: [CHAT] Second position set to (1962.0, 51.0, 98.0) (2).
[15:08:36] [Client thread/INFO]: [CHAT] jpman11 joined the game.
[15:08:36] [Client thread/INFO]: [CHAT] Second position set to (1960.0, 51.0, 98.0) (6).
[15:08:40] [Client thread/INFO]: [CHAT] Jasonk930 joined the game.
[15:08:46] [Client thread/INFO]: [CHAT] <The_Best_Titan> do /repair all
[15:08:47] [Client thread/INFO]: [CHAT] < KrazyKat> Hey people
[15:08:52] [Client thread/INFO]: [CHAT] Block name 'stone bricks' was not recognized.
[15:09:02] [Client thread/INFO]: [CHAT] <VideoGameSmash12> :D
[15:09:14] [Client thread/INFO]: [CHAT] Honeydew joined the game.
[15:09:14] [Client thread/INFO]: [CHAT] Welcome Honeydew to the server!
[15:09:14] [Client thread/INFO]: [CHAT] <Rcon> who -a doesn't show me admins anymore?
[15:09:23] [Client thread/INFO]: [CHAT] < KrazyKat> Hey honey
[15:09:24] [Client thread/INFO]: [CHAT] <xXWilee999Xx> rcon
[15:09:26] [Client thread/INFO]: [CHAT] <xXWilee999Xx> who the heck are you?
[15:09:27] [Client thread/INFO]: [CHAT] <Rcon> yes?
[15:09:27] [Client thread/INFO]: [CHAT] <[Pokemon-Staff] Derpinater9000> XD
[15:09:28] [Client thread/INFO]: [CHAT] < KrazyKat> Hey honeydew...
[15:09:33] [Client thread/INFO]: [CHAT] jspeedy222 has requested that you teleport to them.
[15:09:33] [Client thread/INFO]: [CHAT] To teleport, type /tpaccept.
[15:09:33] [Client thread/INFO]: [CHAT] To deny this request, type /tpdeny.
[15:09:35] [Client thread/INFO]: [CHAT] <Rcon> I'm a player who logged in to troll.
[15:09:36] [Client thread/INFO]: [CHAT] < FoosBallz01> jvgfgthrue6856'
[15:09:37] [Client thread/INFO]: [CHAT] jspeedy222 has requested that you teleport to them.
[15:09:37] [Client thread/INFO]: [CHAT] To teleport, type /tpaccept.
[15:09:37] [Client thread/INFO]: [CHAT] To deny this request, type /tpdeny.
[15:09:39] [Client thread/INFO]: [CHAT] <[BossOfLongShop] Longway> Stop Universe
[15:09:42] [Client thread/INFO]: [CHAT] [Server:xXWilee999Xx] WAIT A MINUTE!
[15:09:43] [Client thread/INFO]: [CHAT] Teleport request accepted.
[15:09:46] [Client thread/INFO]: [CHAT] <[Pokemon-Staff] Derpinater9000> WHAT
[15:09:46] [Client thread/INFO]: [CHAT] <xXWilee999Xx> only mark would use /who
[15:09:51] [Client thread/INFO]: [CHAT] Universepeeps left the game.
[15:09:51] [Client thread/INFO]: [CHAT] Dynamic_Alex is a Super Admin.
[15:09:51] [Client thread/INFO]: [CHAT] Dynamic_Alex joined the game.
[15:09:51] [Client thread/INFO]: [CHAT] Welcome Dynamic_Alex to the server!
[15:09:53] [Client thread/WARN]: Adding duplicate key 'minecraft:mob_spawner' to registry
[15:09:53] [Client thread/WARN]: Adding duplicate key 'minecraft:wheat' to registry
[15:09:53] [Client thread/WARN]: Adding duplicate key 'minecraft:nether_wart' to registry
[15:09:53] [Client thread/INFO]: [CHAT] <Rcon> eh?
[15:09:54] [Client thread/INFO]: [CHAT] < FoosBallz01> tttttttr
[15:09:59] [Client thread/INFO]: [CHAT] <Rcon> tp, someone's using invis
[15:10:00] [Client thread/INFO]: [CHAT] inFAmas97 - Cleared all potion effects from all players
[15:10:00] [Client thread/INFO]: [CHAT] <twilightkira> how do u make a region selection??
[15:10:05] [Client thread/INFO]: [CHAT] <xXWilee999Xx> only mark would say eh
[15:10:07] [Client thread/INFO]: [CHAT] luke_and_drome has been a naughty, naughty boy.
[15:10:10] [Client thread/INFO]: [CHAT] <Rcon> eh?
[15:10:14] [Client thread/INFO]: [CHAT] crashanator - Tempbanning: luke_and_drome for 5 minutes.
[15:10:14] [Client thread/INFO]: [CHAT] luke_and_drome left the game.
[15:10:14] [Client thread/INFO]: [CHAT] Jasonk930 has been a naughty, naughty boy.
[15:10:15] [Client thread/INFO]: [CHAT] VideoGamer46 joined the game.
[15:10:16] [Client thread/INFO]: [CHAT] Welcome VideoGamer46 to the server!
[15:10:16] [Client thread/INFO]: [CHAT] Derpinater9000 - Opping Honeydew
[15:10:17] [Client thread/INFO]: [CHAT] < FoosBallz01> Ummmm?????????????
[15:10:21] [Client thread/INFO]: [CHAT] geckey24 - Tempbanning: Jasonk930 for 5 minutes.
[15:10:21] [Client thread/INFO]: [CHAT] Jasonk930 left the game.
[15:10:25] [Client thread/INFO]: [CHAT] <Rcon> would I not be supered if I was really mark?
[15:10:33] [Client thread/INFO]: [CHAT] <xXWilee999Xx> yep its mark
[15:10:39] [Client thread/INFO]: [CHAT] Derpinater9000 has been banned for 1 minute.
[15:10:39] [Client thread/INFO]: [CHAT] Derpinater9000 left the game.
[15:10:39] [Client thread/INFO]: [CHAT] Derpinater9000 was automatically kicked for using harmful commands.
[15:10:43] [Client thread/INFO]: [CHAT] < FoosBallz01> tttttttttttttttttttttt
[15:10:43] [Client thread/INFO]: [CHAT] <xXWilee999Xx> mark has vpn's
[15:10:49] [Client thread/INFO]: [CHAT] <Rcon> no bold.
[15:10:58] [Client thread/INFO]: [CHAT] < crashanator> no &l nicks FoosBallz01
[15:10:59] [Client thread/INFO]: [CHAT] alexfubear joined the game.
[15:10:59] [Client thread/INFO]: [CHAT] Welcome alexfubear to the server!
[15:10:59] [Client thread/INFO]: [CHAT] Error: Unknown item name: minecraft:potion.
[15:11:01] [Client thread/INFO]: [CHAT] <FoosBallz01> kil530ty856
[15:11:03] [Client thread/INFO]: [CHAT] nooblie1 joined the game.
[15:11:08] [Client thread/INFO]: [CHAT] guardiaodudu left the game.
[15:11:12] [Client thread/INFO]: [CHAT] <FoosBallz01> sorry bold
[15:11:26] [Client thread/INFO]: [CHAT] <FoosBallz01> can i have my user pink
[15:11:32] [Client thread/INFO]: [CHAT] Dynamic_Alex left the game.
[15:11:34] [Client thread/INFO]: [CHAT] <FoosBallz01> can i have my user the pink
[15:11:35] [Client thread/INFO]: [CHAT] <Rcon> if you admins want the truth, I'm just a hopeful OP who's currently trolling.
[15:11:37] [Client thread/INFO]: [CHAT] crashanator - Rolling back player: jspeedy222
[15:11:43] [Client thread/INFO]: [CHAT] <inFAmas97> :3
[15:11:44] [Client thread/INFO]: [CHAT] <FoosBallz01> can i have my user the color pink
[15:11:50] [Client thread/INFO]: [CHAT] inFAmas97 - Cleared all potion effects from all players
[15:11:52] [Client thread/INFO]: [CHAT] <Rcon> hopeful to be promoted
[15:12:01] [Client thread/INFO]: [CHAT] crashanator - Tempbanning: VideoGamer46 for 5 minutes.
[15:12:01] [Client thread/INFO]: [CHAT] VideoGamer46 left the game.
[15:12:02] [Client thread/INFO]: [CHAT] < FoosBallz01> :D
[15:12:03] [Client thread/INFO]: [CHAT] <xXWilee999Xx> whats your real ign
[15:12:05] [Client thread/INFO]: [CHAT] Honeydew took their own life.
[15:12:08] [Client thread/INFO]: [CHAT] Teleporting...
[15:12:09] [Client thread/INFO]: [CHAT] inFAmas97 - Cleared all potion effects from all players
[15:12:11] [Client thread/INFO]: [CHAT] < FoosBallz01> i ment blue?
[15:12:18] [Client thread/INFO]: [CHAT] <Rcon> Well, this is the first server I've playe don
[15:12:23] [Client thread/INFO]: [CHAT] <Rcon> *played on
[15:12:26] [Client thread/INFO]: [CHAT] crashanator - Unbanning videogamer46 and IPs: 96.251.184.81
[15:12:26] [Client thread/INFO]: [CHAT] VideoGamer46 joined the game.
[15:12:28] [Client thread/INFO]: [CHAT] FoosBallz01 - Opping Rcon
[15:12:33] [Client thread/INFO]: [CHAT] crashanator - Opping all players on the server
[15:12:33] [Client thread/INFO]: [CHAT] You are now op!
[15:12:33] [Client thread/INFO]: [CHAT] FoosBallz01 left the game.
[15:12:34] [Client thread/INFO]: [CHAT] oreogirl7878 - Opping all players on the server
[15:12:34] [Client thread/INFO]: [CHAT] You are now op!
[15:12:37] [Client thread/INFO]: [CHAT] <VideoGameSmash12> crash you benned a different person
[15:12:39] [Client thread/INFO]: [CHAT] < Redstoner> I won!
[15:12:45] [Client thread/INFO]: [CHAT] <xXWilee999Xx> but whats your real ign?
[15:12:46] [Client thread/INFO]: [CHAT] [Server:crashanator] i know
[15:12:48] [Client thread/INFO]: [CHAT] < Sonic> Omergawd dun't Op Rcon, You might keel him!
[15:12:50] [Client thread/INFO]: [CHAT] BlackTheDude joined the game.
[15:12:50] [Client thread/INFO]: [CHAT] jumbomuffin07 joined the game.
[15:12:50] [Client thread/INFO]: [CHAT] Welcome jumbomuffin07 to the server!
[15:12:51] [Client thread/INFO]: [CHAT] jumbomuffin07 left the game.
[15:12:54] [Client thread/INFO]: [CHAT] inFAmas97 - Cleared all potion effects from all players
[15:12:55] [Client thread/INFO]: [CHAT] <VideoGameSmash12> was it a mistake?
[15:12:55] [Client thread/INFO]: [CHAT] nooblie1 left the game.
[15:12:56] [Client thread/INFO]: [CHAT] <Rcon> that's the thing, I don't have one.
[15:12:57] [Client thread/INFO]: [CHAT] <The_Best_Titan> Rematch I had to repair my armor
[15:12:59] [Client thread/INFO]: [CHAT] angie_adris joined the game.
[15:12:59] [Client thread/INFO]: [CHAT] Welcome angie_adris to the server!
[15:13:00] [Client thread/INFO]: [CHAT] Dynamic_Alex is a Super Admin.
[15:13:00] [Client thread/INFO]: [CHAT] Dynamic_Alex joined the game.
[15:13:12] [Client thread/INFO]: [CHAT] fabio100 left the game.
[15:13:13] [Client thread/INFO]: [CHAT] <Rcon> hello dynamic
[15:13:14] [Client thread/INFO]: [CHAT] <BlackTheDude> WTF People broke my spawn
[15:13:14] [Client thread/INFO]: [CHAT] <xXWilee999Xx> so you are a cracked user?
[15:13:14] [Client thread/INFO]: [CHAT] fabio100 joined the game.
[15:13:20] [Client thread/INFO]: [CHAT] <Rcon> cracked?
[15:13:30] [Client thread/INFO]: [CHAT] SpecLeader - Opping angie_adris
[15:13:32] [Client thread/INFO]: [CHAT] Balance: $0
[15:13:35] [Client thread/INFO]: [CHAT] <xXWilee999Xx> um...
[15:13:38] [Client thread/INFO]: [CHAT] oreogirl7878 - Cleared all potion effects from all players
[15:14:20] [Client thread/INFO]: Connecting to 64.34.165.5, 28965
[15:14:20] [Client thread/INFO]: Connecting to 64.34.165.5, 28965
[15:14:26] [Client thread/INFO]: Connecting to 64.34.165.5, 28965
[15:19:48] [Client thread/INFO]: Connecting to 64.34.165.5, 28965
[15:19:49] [Client thread/INFO]: [CHAT] VideoGameSmash12 joined the game.
[15:19:49] [Client thread/INFO]: [CHAT] Type /help for a list of commands.
[15:19:49] [Client thread/INFO]: [CHAT] Save your builds with World Edit or lose them
[15:19:49] [Client thread/INFO]: [CHAT] Read our website at www.totalfreedom.me to find out how
[15:19:49] [Client thread/INFO]: [CHAT] Read the rules
[15:19:49] [Client thread/INFO]: [CHAT] Read our only authorized forum at www.totalfreedom.boards.net
[15:19:49] [Client thread/INFO]: [CHAT] You have no new mail.
[15:19:49] [Client thread/INFO]: [CHAT] DonorDude joined the game.
[15:19:53] [Client thread/INFO]: [CHAT] <mdlp0716> am i the only one who didnt leave
[15:19:54] [Client thread/INFO]: [CHAT] Yoshi41023 is a Super Admin.
[15:19:54] [Client thread/INFO]: [CHAT] Yoshi41023 joined the game.
[15:19:55] [Client thread/INFO]: [CHAT] <Rcon> was that TMI?
[15:19:58] [Client thread/INFO]: [CHAT] Edu left the game.
[15:19:58] [Client thread/INFO]: [CHAT] <Rcon> I didn't leave...
[15:19:59] [Client thread/INFO]: [CHAT] <VideoGameSmash12> never do that agaub/
[15:20:05] [Client thread/INFO]: [CHAT] BlackTheDude joined the game.
[15:20:07] [Client thread/INFO]: [CHAT] BlackTheDude left the game.
[15:20:13] [Client thread/INFO]: [CHAT] Unknown command. Type "/help" for help.
[15:20:13] [Client thread/INFO]: [CHAT] < KrazyKat> i wanna pumpkin head
[15:20:18] [Client thread/INFO]: [CHAT] <hjftffdsf> god damn it
[15:20:23] [Client thread/INFO]: [CHAT] <bugboy19> how do u make heads?
[15:20:25] [Client thread/INFO]: [CHAT] paldiu - Banning twilightkira and IPs: 174.55.64.8
[15:20:25] [Client thread/INFO]: [CHAT] <fabio100> wat
[15:20:26] [Client thread/INFO]: [CHAT] saoirse100 joined the game.
[15:20:26] [Client thread/INFO]: [CHAT] Welcome saoirse100 to the server!
[15:20:29] [Client thread/INFO]: [CHAT] alex22803 has been a VERY naughty, naughty boy.
[15:20:29] [Client thread/INFO]: [CHAT] Banning: alex22803, IP: 68.35.*.*.
[15:20:29] [Client thread/INFO]: [CHAT] alex22803 left the game.
[15:20:34] [Client thread/INFO]: [CHAT] BlackTheDude joined the game.
[15:20:34] [Client thread/INFO]: [CHAT] <[SuperAdmin] Sonic> Hi Derpy.
[15:20:37] [Client thread/INFO]: [CHAT] jpman11 left the game.
[15:20:37] [Client thread/INFO]: [CHAT] <Rcon> brb
[15:20:39] [Client thread/INFO]: [CHAT] Rcon left the game.
[15:20:40] [Client thread/INFO]: [CHAT] <burkemtn> hi
[15:20:43] [Client thread/INFO]: [CHAT] <bugboy19> hi
[15:20:44] [Client thread/INFO]: [CHAT] < SaoTheBudderFairy> ;D hi sonic
[15:20:44] [Client thread/INFO]: [CHAT] brofam joined the game.
[15:20:47] [Client thread/INFO]: [CHAT] DonorDude left the game.
[15:20:47] [Client thread/INFO]: [CHAT] [crashanator: Kicked player DonorDude. With reason:
dont spam heads]
[15:20:49] [Client thread/INFO]: [CHAT] <burkemtn> i baaca
[15:20:50] [Client thread/INFO]: [CHAT] * VideoGameSmash12 was slain by Herobrine
[15:20:51] [Client thread/INFO]: [CHAT] DonorDude joined the game.
[15:20:52] [Client thread/INFO]: [CHAT] crashanator - Rolling back player: DonorDude
[15:20:59] [Client thread/INFO]: [CHAT] < SaoTheBudderFairy> ...Sonic?
[15:21:00] [Client thread/INFO]: [CHAT] <burkemtn> you mithc
[15:21:01] [Client thread/INFO]: [CHAT] <bugboy19> i Benja
[15:21:01] [Client thread/INFO]: [CHAT] bill4202000 joined the game.
[15:21:02] [Client thread/INFO]: [CHAT] Welcome bill4202000 to the server!
[15:21:02] [Client thread/INFO]: [CHAT] <[SuperAdmin] Sonic> ?
[15:21:05] [Client thread/INFO]: [CHAT] < SaoTheBudderFairy> HIII
[15:21:05] [Client thread/INFO]: [CHAT] <VideoGameSmash12> hi crash
[15:21:08] [Client thread/INFO]: [CHAT] < SaoTheBudderFairy> X3
[15:21:10] [Client thread/INFO]: [CHAT] < crashanator> hai
[15:21:10] [Client thread/INFO]: [CHAT] <[SuperAdmin] Sonic> Halo.
[15:21:14] [Client thread/INFO]: [CHAT] <mdlp0716> sonic tpo to me
[15:21:17] [Client thread/INFO]: [CHAT] < SaoTheBudderFairy> Hidere crash
[15:21:20] [Client thread/INFO]: [CHAT] oreogirl7878 left the game.
[15:21:23] [Client thread/INFO]: [CHAT] <mdlp0716> nvm
[15:21:24] [Client thread/INFO]: [CHAT] wangfire42 joined the game.
[15:21:24] [Client thread/INFO]: [CHAT] Welcome wangfire42 to the server!
[15:21:24] [Client thread/INFO]: [CHAT] < PANDA> have no fear panda is here
[15:21:25] [Client thread/INFO]: [CHAT] * mdlp0716 is now AFK.
[15:21:26] [Client thread/INFO]: [CHAT] <VideoGameSmash12> sorry for doing that
[15:21:40] [Client thread/INFO]: [CHAT] fabio100 has been a VERY naughty, naughty boy.
[15:21:40] [Client thread/INFO]: [CHAT] Banning: fabio100, IP: 173.176.*.*.
[15:21:40] [Client thread/INFO]: [CHAT] fabio100 left the game.
[15:21:42] [Client thread/INFO]: [CHAT] < crashanator> good.... noinvis
[15:21:44] [Client thread/INFO]: [CHAT] <bugboy19> i cant disguise player
[15:21:48] [Client thread/INFO]: [CHAT] bugboy19 has been a naughty, naughty boy.
[15:21:59] [Client thread/INFO]: [CHAT] < SaoTheBudderFairy> SONIC y so quiet x3
[15:22:01] [Client thread/INFO]: [CHAT] <BlackTheDude> How can i wear a block on my head_
[15:22:02] [Client thread/INFO]: [CHAT] <bugboy19> ?
[15:22:05] [Client thread/INFO]: [CHAT] < crashanator> no iinvis
[15:22:06] [Client thread/INFO]: [CHAT] * bill4202000 is now AFK.
[15:22:10] [Client thread/INFO]: [CHAT] inFAmas97 - Opping all players on the server
[15:22:10] [Client thread/INFO]: [CHAT] You are now op!
[15:22:11] [Client thread/INFO]: [CHAT] First position set to (1973.0, 49.0, 74.0) (1050).
[15:22:13] [Client thread/INFO]: [CHAT] First position set to (1971.0, 49.0, 74.0) (900).
[15:22:14] [Client thread/INFO]: [CHAT] <bugboy19> how did i die for no reason right
[15:22:14] [Client thread/INFO]: [CHAT] Second position set to (1971.0, 49.0, 75.0) (2).
[15:22:15] [Client thread/INFO]: [CHAT] Second position set to (1973.0, 49.0, 75.0) (6).
[15:22:16] [Client thread/INFO]: [CHAT] thejustice08 joined the game.
[15:22:16] [Client thread/INFO]: [CHAT] thejustice08 left the game.
[15:22:19] [Client thread/INFO]: [CHAT] thejustice08 joined the game.
[15:22:23] [Client thread/INFO]: [CHAT] JJ_Jaguar2000 is a Super Admin.
[15:22:23] [Client thread/INFO]: [CHAT] JJ_Jaguar2000 joined the game.
[15:22:26] [Client thread/INFO]: [CHAT] 6 block(s) have been replaced.
[15:22:33] [Client thread/INFO]: [CHAT] < SaoTheBudderFairy> ._>
[15:22:33] [Client thread/INFO]: [CHAT] <williy2004> -----------------------------------------------<SkythekidRS>op
[15:22:40] [Client thread/INFO]: [CHAT] [Server:crashanator] bugboy19 you died because you using invis potions
[15:22:44] [Client thread/INFO]: [CHAT] 35Longway joined the game.
[15:22:48] [Client thread/INFO]: [CHAT] <williy2004> -------------------------------------------------------------------------------------<SkythekidRS>op
[15:22:49] [Client thread/INFO]: [CHAT] BlackTheDude left the game.
[15:22:51] [Client thread/INFO]: [CHAT] <VideoGameSmash12> admin kick willy
[15:22:54] [Client thread/INFO]: [CHAT] [Server:xXWilee999Xx] williy shut up
[15:22:56] [Client thread/INFO]: [CHAT] Mattmcmatt - Muting williy2004
[15:22:56] [Client thread/INFO]: [CHAT] <jumbomuffin07> gage dont grief!
[15:23:00] [Client thread/INFO]: [CHAT] [Server:Mattmcmatt] williy2004 don't do that
[15:23:07] [Client thread/INFO]: [CHAT] * bill4202000 is no longer AFK.
[15:23:07] [Client thread/INFO]: [CHAT] cuddlybearjoe joined the game.
[15:23:08] [Client thread/INFO]: [CHAT] <GageR198> im not
[15:23:10] [Client thread/INFO]: [CHAT] < SaoTheBudderFairy> ...
[15:23:10] [Client thread/INFO]: [CHAT] <jumbomuffin07> ok
[15:23:11] [Client thread/INFO]: [CHAT] <VideoGameSmash12> ah much better
[15:23:12] [Client thread/INFO]: [CHAT] < SaoTheBudderFairy> sonic?
[15:23:20] [Client thread/INFO]: [CHAT] You do not have permission to use this command.
[15:23:24] [Client thread/INFO]: [CHAT] <[SuperAdmin] Sonic> Yessss?
[15:23:26] [Client thread/INFO]: [CHAT] mdlp0716 left the game.
[15:23:26] [Client thread/INFO]: [CHAT] Honeydew left the game.
[15:23:30] [Client thread/INFO]: [CHAT] Lucas7yoshi joined the game.
[15:23:30] [Client thread/INFO]: [CHAT] mattlawn joined the game.
[15:23:30] [Client thread/INFO]: [CHAT] <[BossOfLongShop] Longway> we
[15:23:30] [Client thread/INFO]: [CHAT] Welcome mattlawn to the server!
[15:23:30] [Client thread/INFO]: [CHAT] <GageR198> its a car
[15:23:35] [Client thread/INFO]: [CHAT] *  SaoTheBudderFairy Y U SO QUIET!?
[15:23:36] [Client thread/INFO]: [CHAT] < SaoTheBudderFairy> ;3
[15:23:38] [Client thread/INFO]: [CHAT] < Redstoner> my hands hurt
[15:23:38] [Client thread/INFO]: [CHAT] <jumbomuffin07> Actually a van
[15:23:42] [Client thread/INFO]: [CHAT] <VideoGameSmash12> by the way crash if you see herobrine thats me
[15:23:45] [Client thread/INFO]: [CHAT] *  Lucas7yoshi lol
[15:23:47] [Client thread/INFO]: [CHAT] <[SuperAdmin] Sonic> Skype msgs.
[15:23:51] [Client thread/INFO]: [CHAT] < SaoTheBudderFairy> Owhhh okey
[15:23:56] [Client thread/INFO]: [CHAT] mattlawn left the game.
[15:23:57] [Client thread/INFO]: [CHAT] < SaoTheBudderFairy> i thought sumthing wuz wrong
[15:23:58] [Client thread/INFO]: [CHAT] cowgomooo12 - Unbanning bodil_4tree and IPs: 90.199.124.98,81.5.158.121
[15:24:04] [Client thread/INFO]: [CHAT] <moltenmap2> honeydew can you help me build a good house
[15:24:12] [Client thread/INFO]: [CHAT] GangsterCheese left the game.
[15:24:12] [Client thread/INFO]: [CHAT] williy2004 left the game.
[15:24:13] [Client thread/INFO]: [CHAT] Scottis1337 joined the game.
[15:24:13] [Client thread/INFO]: [CHAT] Welcome Scottis1337 to the server!
[15:24:15] [Client thread/INFO]: [CHAT] <jumbomuffin07> gage wanna help me make an RV?
[15:24:15] [Client thread/INFO]: [CHAT] hjftffdsf left the game.
[15:24:15] [Client thread/INFO]: [CHAT] cuddlybearjoe has been a naughty, naughty boy.
[15:24:20] [Client thread/INFO]: [CHAT] [Server:SpecLeader] No invisible
[15:24:23] [Client thread/INFO]: [CHAT] < PANDA> y do u want meh
[15:24:24] [Client thread/INFO]: [CHAT] <VideoGameSmash12> lol faill
[15:24:24] [Client thread/INFO]: [CHAT] <burkemtn> how do make heads
[15:24:37] [Client thread/INFO]: [CHAT] SpecLeader - Opping all players on the server
[15:24:37] [Client thread/INFO]: [CHAT] You are now op!
[15:24:37] [Client thread/INFO]: [CHAT] brofam left the game.
[15:24:41] [Client thread/INFO]: [CHAT] xXWilee999Xx left the game.
[15:24:45] [Client thread/INFO]: [CHAT] < Redstoner> wah
[15:24:53] [Client thread/INFO]: [CHAT] VideoGameSmash12 - Opping VideoGameSmash12
[15:24:53] [Client thread/INFO]: [CHAT] <jumbomuffin07> Who wants to help me make an RV?
[15:25:06] [Client thread/INFO]: [CHAT] < Redstoner> restart
[15:25:06] [Client thread/INFO]: [CHAT] < Lucas7yoshi> Scottis1337 is craetive pvping
[15:25:09] [Client thread/INFO]: [CHAT] <burkemtn> how do make heads plz tell
[15:25:16] [Client thread/INFO]: [CHAT] wangfire42 left the game.
[15:25:16] [Client thread/INFO]: [CHAT] Teleporting...
[15:25:19] [Client thread/INFO]: [CHAT] <Scottis1337> no this is not pvp
[15:25:21] [Client thread/INFO]: [CHAT] sonicgoods left the game.
[15:25:22] [Client thread/INFO]: [CHAT] < KrazyKat> How do you make heads?
[15:25:22] [Client thread/INFO]: [CHAT] [JJ_Jaguar2000: Set difficulty to EASY]
[15:25:27] [Client thread/INFO]: [CHAT] sonicgoods is a Super Admin.
[15:25:27] [Client thread/INFO]: [CHAT] sonicgoods joined the game.
[15:25:36] [Client thread/INFO]: [CHAT] < SaoTheBudderFairy> Lolhai
[15:25:37] [Client thread/INFO]: [CHAT] moltenmap2 left the game.
[15:25:40] [Client thread/INFO]: [CHAT] <The_Best_Titan> gg
[15:25:48] [Client thread/INFO]: [CHAT] < Redstoner> stop with dem potions
[15:25:54] [Client thread/INFO]: [CHAT] <jumbomuffin07> HEY!
[15:25:57] [Client thread/INFO]: [CHAT] <The_Best_Titan> kk ill throw dem out
[15:26:02] [Client thread/INFO]: [CHAT] geckey24 is a Super Admin.
[15:26:02] [Client thread/INFO]: [CHAT] geckey24 joined the game.
[15:26:07] [Client thread/INFO]: [CHAT] < KrazyKat> Wtf...
[15:26:09] [Client thread/INFO]: [CHAT] bugboy19 has been a naughty, naughty boy.
[15:26:12] [Client thread/INFO]: [CHAT] geckey24 left the game.
[15:26:12] [Client thread/INFO]: [CHAT] Michael_M1612 joined the game.
[15:26:14] [Client thread/INFO]: [CHAT] [Server:inFAmas97] bugboy19 No invis
[15:26:14] [Client thread/INFO]: [CHAT] <DonorDude> :P
[15:26:16] [Client thread/INFO]: [CHAT] < IAdminIMichael> HMMM
[15:26:22] [Client thread/INFO]: [CHAT] < KrazyKat> Um...
[15:26:22] [Client thread/INFO]: [CHAT] Michael_M1612 has been a naughty, naughty boy.
[15:26:28] [Client thread/INFO]: [CHAT] < IAdminIMichael> ok really?
[15:26:31] [Client thread/INFO]: [CHAT] [Server:SpecLeader] Michael No admin nicks
[15:26:31] [Client thread/INFO]: [CHAT] <bugboy19> Why?
[15:26:34] [Client thread/INFO]: [CHAT] guardiaodudu joined the game.
[15:26:34] [Client thread/INFO]: [CHAT] GageR198 left the game.
[15:26:34] [Client thread/INFO]: [CHAT] <inFAmas97> DonorDude Please dont TP me
[15:26:35] [Client thread/INFO]: [CHAT] < IAdminIMichael> op me
[15:26:41] [Client thread/INFO]: [CHAT] < IAdminIMichael> il turn off
[15:26:42] [Client thread/INFO]: [CHAT] <bugboy19> Why? no invis.
[15:26:43] [Client thread/INFO]: [CHAT] SpecLeader - Opping all players on the server
[15:26:43] [Client thread/INFO]: [CHAT] You are now op!
[15:26:43] [Client thread/INFO]: [CHAT] inFAmas97 - Opping all players on the server
[15:26:43] [Client thread/INFO]: [CHAT] You are now op!
[15:26:44] [Client thread/INFO]: [CHAT] < PANDA> no admin nicks
[15:26:45] [Client thread/INFO]: [CHAT] <Michael_M1612> ty
[15:26:46] [Client thread/INFO]: [CHAT] Dabid joined the game.
[15:26:46] [Client thread/INFO]: [CHAT] Welcome Dabid to the server!
[15:26:48] [Client thread/INFO]: [CHAT] <VideoGameSmash12> admin cuddly needs to be tempbanned
[15:26:52] [Client thread/INFO]: [CHAT] <[Sky's_Daughter] SaoTheBudderFairy> yah no admin nicks XD
[15:26:54] [Client thread/INFO]: [CHAT] Error: Unknown item name: minecraft:bedrock.
[15:26:57] [Client thread/INFO]: [CHAT] < KrazyKat> Do you guys stalk me or something...
[15:27:00] [Client thread/INFO]: [CHAT] <VideoGamer46> yay
[15:27:00] [Client thread/INFO]: [CHAT] dragonminer2502 joined the game.
[15:27:00] [Client thread/INFO]: [CHAT] Welcome dragonminer2502 to the server!
[15:27:06] [Client thread/INFO]: [CHAT] <cuddlybearjoe> why
[15:27:07] [Client thread/INFO]: [CHAT] paldiu - Blocking all commands for twoshoes100
[15:27:09] [Client thread/INFO]: [CHAT] BlackTheDude joined the game.
[15:27:14] [Client thread/INFO]: [CHAT] xxMrcow joined the game.
[15:27:14] [Client thread/INFO]: [CHAT] < Redstoner> WTF
[15:27:15] [Client thread/INFO]: [CHAT] < IModIMike> better? jk
[15:27:15] [Client thread/INFO]: [CHAT] <[BossOfLongShop] Longway> it is Butter
[15:27:16] [Client thread/INFO]: [CHAT] < KrazyKat> This is just fricken creepy
[15:27:18] [Client thread/INFO]: [CHAT] bugboy19 left the game.
[15:27:18] [Client thread/INFO]: [CHAT] JJ_Jaguar2000 - Unblocking commands for all players
[15:27:20] [Client thread/INFO]: [CHAT] <JJ_Jaguar2000> oops
[15:27:20] [Client thread/INFO]: [CHAT] <[BossOfLongShop] Longway> not budder
[15:27:23] [Client thread/INFO]: [CHAT] guardiaodudu has been a naughty, naughty boy.
[15:27:24] [Client thread/INFO]: [CHAT] < ILordIMike> ..
[15:27:24] [Client thread/INFO]: [CHAT] JJ_Jaguar2000 - Blocking all commands for twoshoes100
[15:27:24] [Client thread/INFO]: [CHAT] <jumbomuffin07> How do you put armor on zombies or skelletons?
[15:27:25] [Client thread/INFO]: [CHAT] <Scottis1337> how do you get your own heads?
[15:27:25] [Client thread/INFO]: [CHAT] <[Sky's_Daughter] SaoTheBudderFairy> thats creepeh
[15:27:25] [Client thread/INFO]: [CHAT] Unknown command. Type "/help" for help.
[15:27:27] [Client thread/INFO]: [CHAT] <xxMrcow> hi
[15:27:27] [Client thread/INFO]: [CHAT] [Server:SpecLeader] No Invisible
[15:27:28] [Client thread/INFO]: [CHAT] GageR198 joined the game.
[15:27:30] [Client thread/INFO]: [CHAT] Set fly mode disabled for cuddlybearjoe.
[15:27:30] [Client thread/INFO]: [CHAT] < Redstoner> STOP
[15:27:32] [Client thread/INFO]: [CHAT] xxMrcow left the game.
[15:27:34] [Client thread/INFO]: [CHAT] SpecLeader - Opping all players on the server
[15:27:34] [Client thread/INFO]: [CHAT] You are now op!
[15:27:37] [Client thread/INFO]: [CHAT] ithinkpuppysare joined the game.
[15:27:37] [Client thread/INFO]: [CHAT] Welcome ithinkpuppysare to the server!
[15:27:39] [Client thread/INFO]: [CHAT] < Lucas7yoshi> how do i get a car paste?
[15:27:40] [Client thread/INFO]: [CHAT] * Yoshi41023 is now AFK.
[15:27:41] [Client thread/INFO]: [CHAT] < Redstoner> blocking commands
[15:27:41] [Client thread/INFO]: [CHAT] < Lucas7yoshi> how do i get a car paste??
[15:27:42] [Client thread/INFO]: [CHAT] <dragonminer2502> what is this server is about
[15:27:45] [Client thread/INFO]: [CHAT] Michael_M1612 - Opping inFAmas97
[15:27:48] [Client thread/INFO]: [CHAT] Michael_M1612 - Opping burkemtn
[15:27:51] [Client thread/INFO]: [CHAT] <VideoGameSmash12> admin cuddly is using potions
[15:27:53] [Client thread/INFO]: [CHAT] < Redstoner> stop blocking commands
[15:27:55] [Client thread/INFO]: [CHAT] xxMrcow joined the game.
[15:28:00] [Client thread/INFO]: [CHAT] The_Best_Titan left the game.
[15:28:08] [Client thread/INFO]: [CHAT] NVortex73 joined the game.
[15:28:08] [Client thread/INFO]: [CHAT] Welcome NVortex73 to the server!
[15:28:10] [Client thread/INFO]: [CHAT] SLM2005 left the game.
[15:28:15] [Client thread/INFO]: [CHAT] < Lucas7yoshi> inFAmas97
[15:28:20] [Client thread/INFO]: [CHAT] Set fly mode disabled for cuddlybearjoe.
[15:28:22] [Client thread/INFO]: [CHAT] GageR198 left the game.
[15:28:27] [Client thread/INFO]: [CHAT] Set fly mode disabled for cuddlybearjoe.
[15:28:31] [Client thread/INFO]: [CHAT] Set fly mode disabled for cuddlybearjoe.
[15:28:34] [Client thread/INFO]: [CHAT] Set fly mode disabled for cuddlybearjoe.
[15:28:36] [Client thread/INFO]: [CHAT] <dragonminer2502> i have read online that cavemanfilms sometimes goes on this server
[15:28:37] [Client thread/INFO]: [CHAT] Set fly mode disabled for cuddlybearjoe.
[15:28:39] [Client thread/INFO]: [CHAT] < Redstoner> JJ_Jaguar2000 stop blocking commands
[15:28:39] [Client thread/INFO]: [CHAT] Set fly mode disabled for cuddlybearjoe.
[15:28:40] [Client thread/INFO]: [CHAT] < Lucas7yoshi> sonicgoods
[15:28:41] [Client thread/INFO]: [CHAT] xxMrcow has been a naughty, naughty boy.
[15:28:42] [Client thread/INFO]: [CHAT] Set fly mode enabled for cuddlybearjoe.
[15:28:44] [Client thread/INFO]: [CHAT] <[SuperAdmin] Sonic> Yes?
[15:28:46] [Client thread/INFO]: [CHAT] Set fly mode disabled for cuddlybearjoe.
[15:28:46] [Client thread/INFO]: [CHAT] [Server:SpecLeader] No invis potions
[15:28:47] [Client thread/INFO]: [CHAT] <Mattmcmatt> don't tell admins what to do
[15:28:49] [Client thread/INFO]: [CHAT] JJ_Jaguar2000 - Unblocking commands for all players
[15:28:52] [Client thread/INFO]: [CHAT] SantaDude101 joined the game.
[15:28:52] [Client thread/INFO]: [CHAT] Welcome SantaDude101 to the server!
[15:28:55] [Client thread/INFO]: [CHAT] SpecLeader - Opping all players on the server
[15:28:55] [Client thread/INFO]: [CHAT] You are now op!
[15:28:56] [Client thread/INFO]: [CHAT] NVortex73 left the game.
[15:28:57] [Client thread/INFO]: [CHAT] < Lucas7yoshi> how do i get pastes that are not my?
[15:28:59] [Client thread/INFO]: [CHAT] <VideoGameSmash12> cuddly is using potions!!!!!
[15:28:59] [Client thread/INFO]: [CHAT] matthewpbetit joined the game.
[15:29:05] [Client thread/INFO]: [CHAT] <dragonminer2502> who opped me
[15:29:06] [Client thread/INFO]: [CHAT] felix69251 joined the game.
[15:29:06] [Client thread/INFO]: [CHAT] Welcome felix69251 to the server!
[15:29:08] [Client thread/INFO]: [CHAT] felix69251 left the game.
[15:29:10] [Client thread/INFO]: [CHAT] < Matthew1234> hi
[15:29:14] [Client thread/INFO]: [CHAT] felix69251 joined the game.
[15:29:21] [Client thread/INFO]: [CHAT] <ithinkpuppysare> anybody know a hunger gmes servah?
[15:29:24] [Client thread/INFO]: [CHAT] <[SuperAdmin] Sonic> .//schem load <WhatEverNameSchematicItIs>
[15:29:26] [Client thread/INFO]: [CHAT] Michael_M1612 left the game.
[15:29:27] [Client thread/INFO]: [CHAT] <dragonminer2502> me
[15:29:28] [Client thread/INFO]: [CHAT] JJ_Jaguar2000 - Temporarily banned twoshoes100 until 2013-11-04 at 22:34:26 GMT, Reason: "Don't tell me what I can and can't do I am an admin (JJ_Jaguar2000)"
[15:29:28] [Client thread/INFO]: [CHAT] twoshoes100 left the game.
[15:29:33] [Client thread/INFO]: [CHAT] <[Sky's_Daughter] SaoTheBudderFairy> lol
[15:29:33] [Client thread/INFO]: [CHAT] d13511 joined the game.
[15:29:33] [Client thread/INFO]: [CHAT] Welcome d13511 to the server!
[15:29:33] [Client thread/INFO]: [CHAT] <ithinkpuppysare> wat is it?
[15:29:33] [Client thread/INFO]: [CHAT] <burkemtn> im lev
[15:29:36] [Client thread/INFO]: [CHAT] Raelog0 joined the game.
[15:29:36] [Client thread/INFO]: [CHAT] Welcome Raelog0 to the server!
[15:29:39] [Client thread/INFO]: [CHAT] <jumbomuffin07> sorry!
[15:29:55] [Client thread/INFO]: [CHAT] <dragonminer2502> who is opped right now
[15:30:01] [Client thread/INFO]: [CHAT] <VideoGameSmash12> me
[15:30:01] [Client thread/INFO]: [CHAT] <jumbomuffin07> me
[15:30:01] [Client thread/INFO]: [CHAT] <[BossOfLongShop] Longway> you
[15:30:03] [Client thread/INFO]: [CHAT] < KrazyKat> Everyone
[15:30:04] [Client thread/INFO]: [CHAT] xxMrcow has been a naughty, naughty boy.
[15:30:04] [Client thread/INFO]: [CHAT] Raelog0 has been a naughty, naughty boy.
[15:30:08] [Client thread/INFO]: [CHAT] [Server:inFAmas97] No Invis
[15:30:11] [Client thread/INFO]: [CHAT] JJ_Jaguar2000 - Cleared all potion effects from all players
[15:30:30] [Client thread/INFO]: [CHAT] <xxMrcow> can i have op
[15:30:32] [Client thread/INFO]: [CHAT] <VideoGameSmash12> infamas97 cuddly was using putions
[15:30:33] [Client thread/INFO]: [CHAT] SpecLeader - Opping all players on the server
[15:30:33] [Client thread/INFO]: [CHAT] You are now op!
[15:30:36] [Client thread/INFO]: [CHAT] [Server:Mattmcmatt] BlackTheDude
[15:30:39] [Client thread/INFO]: [CHAT] [Server:Mattmcmatt] what the fuck are you doing
[15:30:42] [Client thread/INFO]: [CHAT] matthewpbetit left the game.
[15:30:43] [Client thread/INFO]: [CHAT] wangfire42 joined the game.
[15:30:47] [Client thread/INFO]: [CHAT] <[BossOfLongShop] Longway> GRiefers
[15:30:49] [Client thread/INFO]: [CHAT] <[BossOfLongShop] Longway> D:
[15:30:55] [Client thread/INFO]: [CHAT] <dragonminer2502> i am a op!
[15:31:00] [Client thread/INFO]: [CHAT] Teleporting...
[15:31:13] [Client thread/INFO]: [CHAT] BlackTheDude has been a VERY naughty, naughty boy.
[15:31:13] [Client thread/INFO]: [CHAT] Banning: BlackTheDude, IP: 64.237.*.*.
[15:31:13] [Client thread/INFO]: [CHAT] BlackTheDude left the game.
[15:31:31] [Client thread/INFO]: [CHAT] wangfire42 left the game.
[15:31:33] [Client thread/INFO]: [CHAT] cuddlybearjoe left the game.
[15:31:34] [Client thread/INFO]: [CHAT] <VideoGamer46> g
[15:31:39] [Client thread/INFO]: [CHAT] <VideoGameSmash12> hi videogamer :)
[15:31:40] [Client thread/INFO]: [CHAT] thejustice08 left the game.
[15:31:40] [Client thread/INFO]: [CHAT] <felix69251> donor dude
[15:31:42] [Client thread/INFO]: [CHAT] <VideoGamer46> hai
[15:31:48] [Client thread/INFO]: [CHAT] wangfire42 joined the game.
[15:31:51] [Client thread/INFO]: [CHAT] <felix69251> can i have one of these heads
[15:32:06] [Client thread/INFO]: [CHAT] SpecLeader - Rolling back player: SantaDude101
[15:32:12] [Client thread/INFO]: [CHAT] <JJ_Jaguar2000> Don't worry 35Longway me and sonic will help fix this :)
[15:32:19] [Client thread/INFO]: [CHAT] xxMrcow used a forbidden WorldEdit block type: 143
[15:32:23] [Client thread/INFO]: [CHAT] <[SuperAdmin] Sonic> I know who did it
[15:32:25] [Client thread/INFO]: [CHAT] <jumbomuffin07> ok
[15:32:27] [Client thread/INFO]: [CHAT] GabeSuarez joined the game.
[15:32:31] [Client thread/INFO]: [CHAT] Added all possible enchantments for this item.
[15:32:32] [Client thread/INFO]: [CHAT] SantaDude101 has been a VERY naughty, naughty boy.
[15:32:32] [Client thread/INFO]: [CHAT] Banning: SantaDude101, IP: 68.57.*.*.
[15:32:32] [Client thread/INFO]: [CHAT] <burkemtn> 1
[15:32:32] [Client thread/INFO]: [CHAT] SantaDude101 left the game.
[15:32:33] [Client thread/INFO]: [CHAT] <felix69251> it discuize craft on/
[15:32:35] [Client thread/INFO]: [CHAT] <burkemtn> 2
[15:32:36] [Client thread/INFO]: [CHAT] <burkemtn> 3
[15:32:40] [Client thread/INFO]: [CHAT] <burkemtn> go
[15:32:57] [Client thread/INFO]: [CHAT] <burkemtn> ok
[15:32:59] [Client thread/INFO]: [CHAT] <burkemtn> go
[15:33:00] [Client thread/INFO]: [CHAT] ithinkpuppysare left the game.
[15:33:02] [Client thread/INFO]: [CHAT] <jumbomuffin07> Burkemtn was creative pvping!
[15:33:03] [Client thread/INFO]: Warning: Clientside chunk ticking took 312 ms
[15:33:03] [Client thread/INFO]: [CHAT] <Scottis1337> hiay
[15:33:06] [Client thread/INFO]: [CHAT] xxMrcow left the game.
[15:33:07] [Client thread/INFO]: [CHAT] <Scottis1337> hiya
[15:33:10] [Client thread/INFO]: [CHAT] <[Trusted] GabeSuarez> htapq;
[15:33:14] [Client thread/INFO]: [CHAT] [Server:SpecLeader] Donor what the fuck are you doing?
[15:33:15] [Client thread/INFO]: [CHAT] <[Trusted] GabeSuarez> Hey guys
[15:33:21] [Client thread/INFO]: [CHAT] <VideoGameSmash12> brb
[15:33:21] [Client thread/INFO]: [CHAT] <jumbomuffin07> Burkemtn was creative pvping!!
[15:33:21] [Client thread/INFO]: [CHAT] <burkemtn> no
[15:33:24] [Client thread/INFO]: [CHAT] <VideoGamer46> k
[15:33:26] [Client thread/INFO]: [CHAT] <DonorDude> my beloved katy heads
[15:33:26] [Client thread/INFO]: [CHAT] xxMrcow joined the game.
[15:33:26] [Client thread/INFO]: [CHAT] <burkemtn> im not
[15:33:28] [Client thread/INFO]: [CHAT] <jumbomuffin07> Yes!
[15:33:33] [Client thread/INFO]: [CHAT] rock548 joined the game.
[15:33:33] [Client thread/INFO]: [CHAT] Welcome rock548 to the server!
[15:33:33] [Client thread/INFO]: [CHAT] <jumbomuffin07> YOu lier!
[15:33:35] [Client thread/INFO]: [CHAT] <burkemtn> no
[15:33:36] [Client thread/INFO]: [CHAT] <VideoGameSmash12> btw the gold sword is for you videogamer
[15:33:38] [Client thread/INFO]: [CHAT] GabeSuarez - Opping rock548
[15:33:43] [Client thread/INFO]: [CHAT] <[Sky's_Daughter] SaoTheBudderFairy> -/warp FFortress if u are a Sky/Deadlox/Fluffy/TrueMU/Bajan fan to help make something awesome-
[15:33:43] [Client thread/INFO]: [CHAT] <[Trusted] GabeSuarez> DOOBY
[15:33:47] [Client thread/INFO]: [CHAT] <DonorDude> head fashion :)
[15:33:47] [Client thread/INFO]: [CHAT] mdlp0716 joined the game.
[15:33:49] [Client thread/INFO]: [CHAT] Teleporting...
[15:33:53] [Client thread/WARN]: Unable to play unknown soundEvent: minecraft:damage.hit
[15:33:54] [Client thread/WARN]: Unable to play unknown soundEvent: minecraft:damage.hit
[15:33:57] [Client thread/INFO]: [CHAT] <xxMrcow> can i have op!!
[15:33:57] [Client thread/INFO]: [CHAT] BULDMEUP joined the game.
[15:33:57] [Client thread/INFO]: [CHAT] Welcome BULDMEUP to the server!
[15:34:03] [Client thread/INFO]: [CHAT] inFAmas97 - Opping all players on the server
[15:34:03] [Client thread/INFO]: [CHAT] You are now op!
[15:34:04] [Client thread/INFO]: [CHAT] Harpuitan joined the game.
[15:34:04] [Client thread/INFO]: [CHAT] dragonminer2502 - Opping mdlp0716
[15:34:09] [Client thread/INFO]: [CHAT] <BULDMEUP> Notch played on here?
[15:34:12] [Client thread/INFO]: Warning: Clientside chunk ticking took 625 ms
[15:34:15] [Client thread/INFO]: [CHAT] Teleporting...
[15:34:15] [Client thread/INFO]: [CHAT] <[Sky's_Daughter] SaoTheBudderFairy> shii
[15:34:18] [Client thread/INFO]: [CHAT] Added all possible enchantments for this item.
[15:34:19] [Client thread/INFO]: [CHAT] Added all possible enchantments for this item.
[15:34:21] [Client thread/INFO]: [CHAT] Added all possible enchantments for this item.
[15:34:22] [Client thread/INFO]: [CHAT] Added all possible enchantments for this item.
[15:34:23] [Client thread/INFO]: [CHAT] Coffeepony joined the game.
[15:34:23] [Client thread/INFO]: [CHAT] Welcome Coffeepony to the server!
[15:34:25] [Client thread/INFO]: [CHAT] <mdlp0716> wait
[15:34:25] [Client thread/INFO]: [CHAT] Added all possible enchantments for this item.
[15:34:26] [Client thread/INFO]: [CHAT] Yoshi41023 left the game.
[15:34:26] [Client thread/INFO]: [CHAT] guardiaodudu left the game.
[15:34:29] [Client thread/INFO]: [CHAT] <jumbomuffin07> Ok then wanna go again!
[15:34:32] [Client thread/INFO]: [CHAT] Use /creative and /survival to set your gamemode.
[15:34:35] [Client thread/INFO]: [CHAT] <VideoGamer46> can i help
[15:34:36] [Client thread/INFO]: [CHAT] Coffeepony left the game.
[15:34:37] [Client thread/INFO]: [CHAT] <dragonminer2502> has cavemanfilms played on here
[15:34:38] [Client thread/INFO]: [CHAT] Teleporting...
[15:34:39] [Client thread/INFO]: [CHAT] <SpecLeader> Hia sao
[15:34:40] [Client thread/INFO]: [CHAT] <felix69251> warp FFortress
[15:34:45] [Client thread/WARN]: Unable to play unknown soundEvent: minecraft:damage.hit
[15:34:51] [Client thread/INFO]: [CHAT] Error: Player not found.
[15:34:52] [Client thread/WARN]: Unable to play unknown soundEvent: minecraft:damage.hit
[15:34:55] [Client thread/INFO]: [CHAT] <VideoGamer46> you guys need help?
[15:34:58] [Client thread/INFO]: [CHAT] BULDMEUP used a forbidden WorldEdit block type: lava
[15:34:59] [Client thread/INFO]: [CHAT] Set fly mode disabled for burkemtn.
[15:35:06] [Client thread/INFO]: [CHAT] <BULDMEUP> im not opped
[15:35:08] [Client thread/INFO]: [CHAT] God mode enabled.
[15:35:08] [Client thread/INFO]: [CHAT] SkythekidRS joined the game.
[15:35:11] [Client thread/INFO]: [CHAT] <[Sky's_Daughter] SaoTheBudderFairy> IF YOU ARE A HATER: I will personally feed you to a great white shark.
[15:35:13] [Client thread/INFO]: [CHAT] crashanator - Opping all players on the server
[15:35:13] [Client thread/INFO]: [CHAT] You are now op!
[15:35:14] [Client thread/INFO]: [CHAT] 35Longway - Opping BULDMEUP
[15:35:16] [Client thread/INFO]: [CHAT] <VideoGamer46> omg
[15:35:18] [Client thread/INFO]: [CHAT] Setting VideoGameSmash12 to game mode 'Survival'.
[15:35:18] [Client thread/INFO]: [CHAT] VideoGameSmash12 set your game mode to 'Survival'.
[15:35:18] [Client thread/INFO]: [CHAT] Your game mode has been updated
[15:35:18] [Client thread/INFO]: [CHAT] Link77773 joined the game.
[15:35:18] [Client thread/INFO]: [CHAT] <BULDMEUP> thanks
[15:35:18] [Client thread/INFO]: [CHAT] Welcome Link77773 to the server!
[15:35:19] [Client thread/INFO]: [CHAT] sugarbear61704 joined the game.
[15:35:19] [Client thread/INFO]: [CHAT] Welcome sugarbear61704 to the server!
[15:35:19] [Client thread/INFO]: [CHAT] < KrazyKat> HEYYY sky
[15:35:21] [Client thread/INFO]: [CHAT] <[Trusted] GabeSuarez> SkythekidRS
[15:35:21] [Client thread/INFO]: [CHAT] wangfire42 left the game.
[15:35:23] [Client thread/INFO]: [CHAT] <SkythekidRS> Hello.
[15:35:27] [Client thread/INFO]: [CHAT] <VideoGamer46> hai
[15:35:33] [Client thread/INFO]: [CHAT] <SpecLeader> Infamas
[15:35:34] [Client thread/INFO]: [CHAT] < KrazyKat> aDAM
[15:35:38] [Client thread/INFO]: [CHAT] <VideoGameSmash12> burk is creative pvping
[15:35:38] [Client thread/INFO]: [CHAT] <dragonminer2502> holy crap sky is here
[15:35:40] [Client thread/INFO]: [CHAT] <mdlp0716> this is a test
[15:35:42] [Client thread/INFO]: [CHAT] < KrazyKat> Do /warp FFortress
[15:35:42] [Client thread/INFO]: [CHAT] <[BossOfLongShop] Longway> Real SKythekidRS
[15:35:45] [Client thread/INFO]: [CHAT] <burkemtn> no you are
[15:35:50] [Client thread/INFO]: [CHAT] <mdlp0716> cwait until i oull the lever
[15:35:51] [Client thread/INFO]: [CHAT] jspeedy222 left the game.
[15:35:51] [Client thread/INFO]: [CHAT] JJ_Jaguar2000 left the game.
[15:35:54] [Client thread/INFO]: [CHAT] <BULDMEUP> Hey Sky
[15:36:00] [Client thread/INFO]: [CHAT] Hackerbro1 joined the game.
[15:36:00] [Client thread/INFO]: [CHAT] <VideoGameSmash12> you are in god mode are you?
[15:36:00] [Client thread/INFO]: [CHAT] Welcome Hackerbro1 to the server!
[15:36:00] [Client thread/INFO]: [CHAT] <burkemtn> no you are noob
[15:36:02] [Client thread/INFO]: [CHAT] The_Best_Titan joined the game.
[15:36:04] [Client thread/WARN]: Unable to play unknown soundEvent: minecraft:damage.hit
[15:36:05] [Client thread/INFO]: [CHAT] xXWilee999Xx is a Super Admin.
[15:36:05] [Client thread/INFO]: [CHAT] xXWilee999Xx joined the game.
[15:36:13] [Client thread/INFO]: [CHAT] < deadlox> hi
[15:36:14] [Client thread/INFO]: [CHAT] <jumbomuffin07> Burk i wanna fight!
[15:36:15] [Client thread/INFO]: [CHAT] crashanator - Rolling back player: dragonminer2502
[15:36:17] [Client thread/WARN]: Unable to play unknown soundEvent: minecraft:damage.hit
[15:36:19] [Client thread/INFO]: [CHAT] <felix69251> whats the command to get player heads again
[15:36:25] [Client thread/INFO]: [CHAT] <[BossOfLongShop] Longway> FAke deadlox
[15:36:28] [Client thread/WARN]: Unable to play unknown soundEvent: minecraft:damage.hit
[15:36:30] [Client thread/INFO]: [CHAT] <sugarbear61704> my Sims 3 game wont FUCKING LOAD PIECE OF CRAP IT IS
[15:36:30] [Client thread/INFO]: [CHAT] <VideoGameSmash12> hey sky
[15:36:32] [Client thread/INFO]: [CHAT] [Server:crashanator] NO lag machines
[15:36:35] [Client thread/INFO]: [CHAT] <[Sky's_Daughter] SaoTheBudderFairy> HEY! Do i get help or sumthing?
[15:36:37] [Client thread/INFO]: [CHAT] <dragonminer2502> hello guys this is awesome
[15:36:40] [Client thread/INFO]: [CHAT] <Scottis1337> im king xD
[15:36:43] [Client thread/INFO]: [CHAT] Setting VideoGameSmash12 to game mode 'Creative'.
[15:36:43] [Client thread/INFO]: [CHAT] VideoGameSmash12 set your game mode to 'Creative'.
[15:36:43] [Client thread/INFO]: [CHAT] Your game mode has been updated
[15:36:45] [Client thread/INFO]: [CHAT] <Mattmcmatt> sugarbear61704 it's a sims game
[15:36:46] [Client thread/WARN]: Unable to play unknown soundEvent: minecraft:damage.hit
[15:36:48] [Client thread/INFO]: [CHAT] <Mattmcmatt> of course it'll be bad
[15:36:49] [Client thread/INFO]: [CHAT] < Lucas7yoshi> wat
[15:36:51] [Client thread/WARN]: Unable to play unknown soundEvent: minecraft:damage.thorns
[15:36:52] [Client thread/WARN]: Unable to play unknown soundEvent: minecraft:damage.thorns
[15:36:52] [Client thread/WARN]: Unable to play unknown soundEvent: minecraft:damage.thorns
[15:36:52] [Client thread/WARN]: Unable to play unknown soundEvent: minecraft:damage.hit
[15:36:52] [Client thread/WARN]: Unable to play unknown soundEvent: minecraft:damage.thorns
[15:36:54] [Client thread/WARN]: Unable to play unknown soundEvent: minecraft:damage.hit
[15:37:00] [Client thread/INFO]: [CHAT] <BULDMEUP> hey sky i have a question
[15:37:01] [Client thread/INFO]: [CHAT] <VideoGameSmash12> butter is better than diamond
[15:37:05] [Client thread/INFO]: [CHAT] xXWilee999Xx left the game.
[15:37:05] [Client thread/INFO]: [CHAT] <[Sky's_Daughter] SaoTheBudderFairy> yep
[15:37:06] [Client thread/INFO]: [CHAT] Dakotaflower12 joined the game.
[15:37:06] [Client thread/WARN]: Unable to play unknown soundEvent: minecraft:damage.thorns
[15:37:06] [Client thread/WARN]: Unable to play unknown soundEvent: minecraft:damage.thorns
[15:37:06] [Client thread/WARN]: Unable to play unknown soundEvent: minecraft:damage.thorns
[15:37:07] [Client thread/INFO]: [CHAT] SpecLeader - Unbanning santadude101 and IPs: 68.57.129.16
[15:37:10] [Client thread/WARN]: Unable to play unknown soundEvent: minecraft:damage.hit
[15:37:11] [Client thread/WARN]: Unable to play unknown soundEvent: minecraft:damage.hit
[15:37:12] [Client thread/INFO]: [CHAT] <VideoGamer46> y do baca hate me
[15:37:14] [Client thread/WARN]: Unable to play unknown soundEvent: minecraft:damage.hit
[15:37:16] [Client thread/INFO]: [CHAT] Setting VideoGameSmash12 to game mode 'Creative'.
[15:37:16] [Client thread/INFO]: [CHAT] VideoGameSmash12 set your game mode to 'Creative'.
[15:37:17] [Client thread/INFO]: [CHAT] <BULDMEUP> hey sky i have a question!
[15:37:17] [Client thread/INFO]: [CHAT] <Mattmcmatt> if only butter were actually in the game VideoGameSmash12
[15:37:20] [Client thread/INFO]: [CHAT] 9 + 9 = not9
[15:37:21] [Client thread/INFO]: [CHAT] <[Sky's_Daughter] SaoTheBudderFairy> hey any help or something?
[15:37:23] [Client thread/INFO]: [CHAT] Setting VideoGameSmash12 to game mode 'Survival'.
[15:37:23] [Client thread/INFO]: [CHAT] VideoGameSmash12 set your game mode to 'Survival'.
[15:37:23] [Client thread/INFO]: [CHAT] Your game mode has been updated
[15:37:28] [Client thread/INFO]: [CHAT] < KrazyKat> Sky
[15:37:31] [Client thread/INFO]: [CHAT] <VideoGamer46> btb
[15:37:31] [Client thread/INFO]: [CHAT] <burkemtn> i dont me sorry panda is cool
[15:37:32] [Client thread/INFO]: [CHAT] <VideoGamer46> brb
[15:37:39] [Client thread/INFO]: [CHAT] Harpuitan left the game.
[15:37:40] [Client thread/INFO]: [CHAT] epicball joined the game.
[15:37:40] [Client thread/INFO]: [CHAT] epicball left the game.
[15:37:40] [Client thread/INFO]: [CHAT] Error: Unknown item name: gold.
[15:37:40] [Client thread/INFO]: [CHAT] epicball joined the game.
[15:37:40] [Client thread/INFO]: [CHAT] * Link77773 is now AFK.
[15:37:41] [Client thread/INFO]: [CHAT] epicball left the game.
[15:37:42] [Client thread/INFO]: [CHAT] epicball joined the game.
[15:37:43] [Client thread/INFO]: [CHAT] * Link77773 is no longer AFK.
[15:37:44] [Client thread/INFO]: [CHAT] epicball left the game.
[15:37:44] [Client thread/INFO]: [CHAT] epicball joined the game.
[15:37:44] [Client thread/INFO]: [CHAT] Giving 64 of gold ingot to VideoGameSmash12.
[15:37:46] [Client thread/INFO]: [CHAT] <VideoGamer46> i have epic jump map 9 texture on
[15:37:49] [Client thread/INFO]: [CHAT] <[Head-Designer] Donor> all staff
[15:37:49] [Client thread/INFO]: [CHAT] * Link77773 is now AFK.
[15:37:49] [Client thread/INFO]: [CHAT] <felix69251> are you fucking retarded its gold not butter stop being retarded
[15:37:50] [Client thread/INFO]: [CHAT] <Scottis1337> hey sky were you at minecon i think i saw you
[15:37:51] [Client thread/INFO]: [CHAT] * Link77773 is no longer AFK.
[15:37:53] [Client thread/INFO]: [CHAT] dragonminer2502 left the game.
[15:37:54] [Client thread/INFO]: [CHAT] <[Head-Designer] Donor> plz tp to me
[15:37:57] [Client thread/INFO]: [CHAT] < IMFAKE> Cool
[15:37:57] [Client thread/INFO]: [CHAT] burkemtn left the game.
[15:37:59] [Client thread/INFO]: [CHAT] dragonminer2502 joined the game.
[15:38:00] [Client thread/INFO]: [CHAT] burkemtn joined the game.
[15:38:01] [Client thread/INFO]: [CHAT] inFAmas97 - Opping all players on the server
[15:38:01] [Client thread/INFO]: [CHAT] You are now op!
[15:38:01] [Client thread/INFO]: [CHAT] Your game mode has been updated
[15:38:01] [Client thread/INFO]: [CHAT] <sugarbear61704> yeah but i havent played it for a while last night it could load now its acting like a piece of crap
[15:38:03] [Client thread/INFO]: [CHAT] <[Head-Designer] Donor> &4all staff plz tp to me thx you
[15:38:05] [Client thread/INFO]: [CHAT] <VideoGamer46> new fishies
[15:38:09] [Client thread/INFO]: [CHAT] <felix69251> donordude
[15:38:13] [Client thread/INFO]: [CHAT] <[Sky's_Daughter] SaoTheBudderFairy> hey...
[15:38:14] [Client thread/INFO]: [CHAT] <jumbomuffin07> Burk fight!
[15:38:16] [Client thread/INFO]: [CHAT] <[Sky's_Daughter] SaoTheBudderFairy> No help? really?
[15:38:18] [Client thread/INFO]: [CHAT] <felix69251> whats the command to get player heads again
[15:38:22] [Client thread/INFO]: [CHAT] <[Sky's_Daughter] SaoTheBudderFairy> Cheapskates ._.
[15:38:23] [Client thread/INFO]: [CHAT] felix69251 left the game.
[15:38:28] [Client thread/INFO]: [CHAT] <SpecLeader> hai hacker.
[15:38:31] [Client thread/INFO]: [CHAT] <[Head-Designer] Donor> hai
[15:38:32] [Client thread/INFO]: [CHAT] <Hackerbro1> hey
[15:38:33] [Client thread/INFO]: [CHAT] <[SuperAdmin] Sonic> What the crap is this?
[15:38:37] [Client thread/INFO]: [CHAT] burkemtn left the game.
[15:38:40] [Client thread/INFO]: [CHAT] burkemtn joined the game.
[15:38:41] [Client thread/INFO]: [CHAT] <[Head-Designer] Donor> Head Fashion!
[15:38:42] [Client thread/INFO]: [CHAT] Giving 64 of gold ingot to VideoGameSmash12.
[15:38:43] [Client thread/INFO]: [CHAT] <dragonminer2502> how do i get out of ffortress
[15:38:45] [Client thread/INFO]: [CHAT] <[SuperAdmin] Sonic> Ewwwwwww
[15:38:46] [Client thread/INFO]: [CHAT] <jumbomuffin07> sure!
[15:38:47] [Client thread/WARN]: Unable to play unknown soundEvent: minecraft:damage.hit
[15:38:47] [Client thread/WARN]: Unable to play unknown soundEvent: minecraft:damage.thorns
[15:38:48] [Client thread/WARN]: Unable to play unknown soundEvent: minecraft:damage.hit
[15:38:49] [Client thread/INFO]: [CHAT] Link77773 left the game.
[15:38:49] [Client thread/INFO]: [CHAT] Giving 64 of gold ingot to VideoGameSmash12.
[15:38:50] [Client thread/INFO]: [CHAT] <[Head-Designer] Donor> the lastest in our TIME
[15:38:50] [Client thread/INFO]: [CHAT] Giving 64 of gold ingot to VideoGameSmash12.
[15:38:52] [Client thread/INFO]: [CHAT] Giving 64 of gold ingot to VideoGameSmash12.
[15:38:56] [Client thread/WARN]: Unable to play unknown soundEvent: minecraft:damage.hit
[15:38:56] [Client thread/WARN]: Unable to play unknown soundEvent: minecraft:damage.thorns
[15:39:01] [Client thread/INFO]: [CHAT] Error: Unknown item name: gold.
[15:39:02] [Client thread/INFO]: [CHAT] <Scottis1337> chicken nugget butter
[15:39:03] [Client thread/INFO]: [CHAT] Giving 64 of gold ingot to VideoGameSmash12.
[15:39:05] [Client thread/INFO]: [CHAT] notnyancat joined the game.
[15:39:05] [Client thread/INFO]: [CHAT] Welcome notnyancat to the server!
[15:39:06] [Client thread/INFO]: [CHAT] <[Sky's_Daughter] SaoTheBudderFairy> D; cheapskatez
[15:39:08] [Client thread/INFO]: [CHAT] < ASFjermome> hi
[15:39:08] [Client thread/INFO]: [CHAT] rock548 has been a naughty, naughty boy.
[15:39:08] [Client thread/INFO]: [CHAT] The_Best_Titan left the game.
[15:39:11] [Client thread/INFO]: [CHAT] <[BossOfLongShop Longway> hm
[15:39:12] [Client thread/INFO]: [CHAT] [Server:SpecLeader] No Invis
[15:39:14] [Client thread/INFO]: [CHAT] <BULDMEUP> XD
[15:39:16] [Client thread/INFO]: [CHAT] <sugarbear61704> fake jerome
[15:39:17] [Client thread/INFO]: [CHAT] Teleporting...
[15:39:19] [Client thread/INFO]: [CHAT] wangfire42 joined the game.
[15:39:21] [Client thread/WARN]: Unable to play unknown soundEvent: minecraft:step.anvil
[15:39:21] [Client thread/WARN]: Unable to play unknown soundEvent: minecraft:step.anvil
[15:39:22] [Client thread/INFO]: [CHAT] xxMrcow - Opping rock548
[15:39:24] [Client thread/INFO]: [CHAT] jumbomuffin07 left the game.
[15:39:25] [Client thread/INFO]: [CHAT] <[BossOfLongShop Longway> now
[15:39:25] [Client thread/INFO]: [CHAT] DonorDude has been a VERY naughty, naughty boy.
[15:39:25] [Client thread/INFO]: [CHAT] Banning: DonorDude, IP: 70.92.*.*.
[15:39:25] [Client thread/INFO]: [CHAT] DonorDude left the game.
[15:39:27] [Client thread/INFO]: [CHAT] <[Sky's_Daughter] SaoTheBudderFairy> -/warp FFortress if u are a Sky/Deadlox/Fluffy/TrueMU/Bajan fan to help make something awesome-
[15:39:28] [Client thread/INFO]: [CHAT] <Scottis1337> hi sky
[15:39:29] [Client thread/INFO]: [CHAT] < KrazyKat> Leave sky alone people
[15:39:29] [Client thread/WARN]: Unable to play unknown soundEvent: minecraft:step.anvil
[15:39:32] [Client thread/INFO]: [CHAT] Michael_M1612 joined the game.
[15:39:35] [Client thread/WARN]: Unable to play unknown soundEvent: minecraft:step.anvil
[15:39:35] [Client thread/INFO]: [CHAT] <[BossOfLongShop Longway> ?
[15:39:37] [Client thread/INFO]: [CHAT] xXWilee999Xx is a Super Admin.
[15:39:37] [Client thread/INFO]: [CHAT] xXWilee999Xx joined the game.
[15:39:37] [Client thread/INFO]: [CHAT] crashanator - Rolling back player: Dabid
[15:39:39] [Client thread/INFO]: [CHAT] < KrazyKat> Let him do what he needs to
[15:39:40] [Client thread/WARN]: Unable to play unknown soundEvent: minecraft:step.anvil
[15:39:41] [Client thread/WARN]: Unable to play unknown soundEvent: minecraft:step.anvil
[15:39:41] [Client thread/WARN]: Unable to play unknown soundEvent: minecraft:step.anvil
[15:39:42] [Client thread/INFO]: [CHAT] <Mattmcmatt> skythekidrs sucks anyway
[15:39:42] [Client thread/WARN]: Unable to play unknown soundEvent: minecraft:damage.thorns
[15:39:42] [Client thread/WARN]: Unable to play unknown soundEvent: minecraft:damage.thorns
[15:39:42] [Client thread/WARN]: Unable to play unknown soundEvent: minecraft:damage.thorns
[15:39:44] [Client thread/INFO]: [CHAT] mdlp0716 left the game.
[15:39:45] [Client thread/INFO]: [CHAT] <[YouTuber] GabeSuarez> poop
[15:39:48] [Client thread/INFO]: [CHAT] < ASFjermome> sup
[15:39:49] [Client thread/INFO]: [CHAT] <[BossOfLongShop Longway> This work
[15:39:50] [Client thread/INFO]: [CHAT] Left click: select pos #1; Right click: select pos #2
[15:39:52] [Client thread/INFO]: [CHAT] JediPow joined the game.
[15:39:57] [Client thread/INFO]: [CHAT] First position set to (1913.0, 49.0, -5.0) (4941).
[15:39:58] [Client thread/INFO]: [CHAT] <Scottis1337> hi
[15:39:59] [Client thread/INFO]: [CHAT] First position set to (1915.0, 49.0, -5.0) (4779).
[15:40:00] [Client thread/INFO]: [CHAT] Second position set to (1915.0, 49.0, -3.0) (3).
[15:40:01] [Client thread/INFO]: [CHAT] Second position set to (1913.0, 49.0, -3.0) (9).
[15:40:02] [Client thread/INFO]: [CHAT] JediPow left the game.
[15:40:03] [Client thread/INFO]: [CHAT] rock548 has been a naughty, naughty boy.
[15:40:04] [Client thread/INFO]: [CHAT] Michael_M1612 - Opping GabeSuarez
[15:40:05] [Client thread/INFO]: [CHAT] inFAmas97 - Opping all players on the server
[15:40:05] [Client thread/INFO]: [CHAT] You are now op!
[15:40:07] [Client thread/INFO]: [CHAT] < ILordIMike> hi
[15:40:08] [Client thread/INFO]: [CHAT] xxMrcow - Opping rock548
[15:40:08] [Client thread/INFO]: [CHAT] [Server:SpecLeader] Rock strike 2 No invis
[15:40:13] [Client thread/INFO]: [CHAT] 9 block(s) have been replaced.
[15:40:16] [Client thread/INFO]: [CHAT] Second position set to (1909.0, 50.0, -3.0) (42).
[15:40:22] [Client thread/INFO]: [CHAT] <sugarbear61704> why r people nicking Sky
[15:40:28] [Client thread/INFO]: [CHAT] <[YouTuber] GabeSuarez> fu
[15:40:28] [Client thread/INFO]: [CHAT] < ILordIMike> [
[15:40:31] [Client thread/INFO]: [CHAT] < BearGirl1117> burkemtn is faking ASFJerome
[15:40:34] [Client thread/INFO]: [CHAT] <[SuperAdmin] Sonic> Yep!
[15:40:36] [Client thread/INFO]: [CHAT] < poop> what nick?
[15:40:41] [Client thread/INFO]: [CHAT] < poop> uhm
[15:40:42] [Client thread/INFO]: [CHAT] Giving 64 of gold ingot to VideoGameSmash12.
[15:40:42] [Client thread/INFO]: [CHAT] < Antvenom> hi
[15:40:47] [Client thread/INFO]: [CHAT] Typhlosion147 joined the game.
[15:40:47] [Client thread/INFO]: [CHAT] Welcome  Typh to the server!
[15:40:57] [Client thread/INFO]: [CHAT] < SkythekidRS> ok
[15:41:04] [Client thread/INFO]: [CHAT] < ASFjermome> tpa to me
[15:41:04] [Client thread/INFO]: [CHAT] <Dabid> sentaos
[15:41:05] [Client thread/INFO]: [CHAT] <dragonminer2502> dude ant me friend is your biggest fan
[15:41:10] [Client thread/INFO]: [CHAT] Unknown command. Type "/help" for help.
[15:41:10] [Client thread/INFO]: [CHAT] <dragonminer2502> my
[15:41:12] [Client thread/INFO]: [CHAT] < BearGirl1117> xxMrcow is faking Antvenom
[15:41:15] [Client thread/INFO]: [CHAT] Added all possible enchantments for this item.
[15:41:17] [Client thread/INFO]: [CHAT] Added all possible enchantments for this item.
[15:41:18] [Client thread/INFO]: [CHAT] < BajanCandian> ..
[15:41:21] [Client thread/INFO]: [CHAT] Added all possible enchantments for this item.
[15:41:22] [Client thread/INFO]: [CHAT] Added all possible enchantments for this item.
[15:41:22] [Client thread/INFO]: [CHAT] < ASFjermome> tpa to me to pvp
[15:41:23] [Client thread/INFO]: [CHAT] Added all possible enchantments for this item.
[15:41:25] [Client thread/INFO]: [CHAT] xxMrcow has been a naughty, naughty boy.
[15:41:25] [Client thread/INFO]: [CHAT] rock548 has been a naughty, naughty boy.
[15:41:26] [Client thread/INFO]: [CHAT] <Dabid> yea
[15:41:27] [Client thread/INFO]: [CHAT] < crashanator> sugarbear61704 no &l nicks or tags
[15:41:28] [Client thread/INFO]: [CHAT] People nearby in flatlands:
[15:41:28] [Client thread/INFO]: [CHAT] SkythekidRS - 2
[15:41:28] [Client thread/INFO]: [CHAT] Scottis1337 - 2
[15:41:28] [Client thread/INFO]: [CHAT] Krazy_Kat57 - 2
[15:41:28] [Client thread/INFO]: [CHAT] VideoGamer46 - 4
[15:41:28] [Client thread/INFO]: [CHAT] d13511 - 4
[15:41:28] [Client thread/INFO]: [CHAT] <Scottis1337> what enchant gives you evry thing on a sertan tool
[15:41:31] [Client thread/INFO]: [CHAT] [Server:SpecLeader] Rock Strike 3 you're out
[15:41:34] [Client thread/INFO]: [CHAT] GabeSuarez - Opping rock548
[15:41:37] [Client thread/INFO]: [CHAT] SpecLeader - Tempbanning: rock548 for 5 minutes.
[15:41:37] [Client thread/INFO]: [CHAT] rock548 left the game.
[15:41:40] [Client thread/INFO]: [CHAT] < FAKE> ok go
[15:41:43] [Client thread/INFO]: [CHAT] Lucas7yoshi left the game.
[15:41:44] [Client thread/WARN]: Unable to play unknown soundEvent: minecraft:damage.hit
[15:41:44] [Client thread/INFO]: [CHAT] < SkythekidRS> hey
[15:41:50] [Client thread/INFO]: [CHAT] GabeSuarez - Opping xxMrcow
[15:41:54] [Client thread/WARN]: Unable to play unknown soundEvent: minecraft:damage.hit
[15:41:55] [Client thread/INFO]: [CHAT] nooblie1 left the game.
[15:41:55] [Client thread/WARN]: Unable to play unknown soundEvent: minecraft:damage.hit
[15:41:56] [Client thread/INFO]: [CHAT] < FAKE> go to survival
[15:41:57] [Client thread/INFO]: [CHAT] < HappyLivie> ok
[15:41:58] [Client thread/INFO]: [CHAT] <BULDMEUP> hey sky
[15:41:59] [Client thread/INFO]: [CHAT] SuperMan926 joined the game.
[15:41:59] [Client thread/INFO]: [CHAT] Error: Unknown item name: golden_sword.
[15:41:59] [Client thread/INFO]: [CHAT] Welcome SuperMan926 to the server!
[15:42:00] [Client thread/INFO]: [CHAT] epicball left the game.
[15:42:04] [Client thread/INFO]: [CHAT] <dragonminer2502> where are you guys
[15:42:05] [Client thread/INFO]: [CHAT] <VideoGamer46> me get killed
[15:42:06] [Client thread/INFO]: [CHAT] < FAKE> ok go
[15:42:07] [Client thread/INFO]: [CHAT] xxMrcow left the game.
[15:42:09] [Client thread/INFO]: [CHAT] Mizollie joined the game.
[15:42:09] [Client thread/INFO]: [CHAT] Welcome Mizollie to the server!
[15:42:11] [Client thread/INFO]: [CHAT] < BearGirl1117> Michael_M1612 is fakin BajanCanadian
[15:42:14] [Client thread/INFO]: [CHAT] Jjesse123 joined the game.
[15:42:15] [Client thread/INFO]: [CHAT] Welcome Jjesse123 to the server!
[15:42:17] [Client thread/INFO]: [CHAT] Giving 64 of gold sword to VideoGameSmash12.
[15:42:20] [Client thread/INFO]: [CHAT] <Michael_M1612> wat
[15:42:22] [Client thread/INFO]: [CHAT] gnommmmmmmmmm joined the game.
[15:42:23] [Client thread/INFO]: [CHAT] Welcome  pvpLOVER to the server!
[15:42:24] [Client thread/INFO]: [CHAT] Added all possible enchantments for this item.
[15:42:26] [Client thread/INFO]: [CHAT] <Jjesse123> hi
[15:42:26] [Client thread/INFO]: [CHAT] < HappyLivie> Sky i remember when i first started IG you followed me
[15:42:30] [Client thread/INFO]: [CHAT] < FAKE> go to survival Michael_M1612
[15:42:30] [Client thread/INFO]: [CHAT] <Jjesse123> up me
[15:42:32] [Client thread/WARN]: Unable to play unknown soundEvent: minecraft:damage.hit
[15:42:34] [Client thread/WARN]: Unable to play unknown soundEvent: minecraft:damage.hit
[15:42:35] [Client thread/WARN]: Unable to play unknown soundEvent: minecraft:damage.hit
[15:42:38] [Client thread/INFO]: [CHAT] GabeSuarez - Opping Michael_M1612
[15:42:38] [Client thread/INFO]: [CHAT] ronnieboywonder1 joined the game.
[15:42:38] [Client thread/INFO]: [CHAT] <Jjesse123> op me
[15:42:40] [Client thread/INFO]: [CHAT] <SkythekidRS> Who wants to play PvP?
[15:42:40] [Client thread/INFO]: [CHAT] <VideoGameSmash12> omg butter
[15:42:40] [Client thread/INFO]: [CHAT] inFAmas97 - Opping all players on the server
[15:42:40] [Client thread/INFO]: [CHAT] You are now op!
[15:42:43] [Client thread/INFO]: [CHAT] Michael_M1612 - Opping 35Longway
[15:42:43] [Client thread/WARN]: Unable to play unknown soundEvent: minecraft:damage.hit
[15:42:44] [Client thread/WARN]: Unable to play unknown soundEvent: minecraft:damage.hit
[15:42:48] [Client thread/INFO]: [CHAT] <SuperMan926> me
[15:42:48] [Client thread/INFO]: [CHAT] <[YouTuber] GabeSuarez> ME
[15:42:49] [Client thread/WARN]: Unable to play unknown soundEvent: minecraft:damage.hit
[15:42:49] [Client thread/WARN]: Unable to play unknown soundEvent: minecraft:damage.hit
[15:42:50] [Client thread/WARN]: Unable to play unknown soundEvent: minecraft:damage.hit
[15:42:55] [Client thread/INFO]: [CHAT] <Michael_M1612> ./realname skythekidrs
[15:42:59] [Client thread/INFO]: [CHAT] <VideoGameSmash12> sky the butter will never die!
[15:42:59] [Client thread/INFO]: [CHAT] <Jjesse123> Gabe your not a youtube
[15:43:00] [Client thread/INFO]: [CHAT] < HappyLivie> My sis is an ASSHOE
[15:43:04] [Client thread/INFO]: [CHAT] <[Sky's_Daughter] SaoTheBudderFairy> .
[15:43:05] [Client thread/INFO]: [CHAT] <[YouTuber] GabeSuarez> red iam
[15:43:05] [Client thread/INFO]: [CHAT] < FAKE> nemo is fire aspect
[15:43:05] [Client thread/INFO]: [CHAT] <[Sky's_Daughter] SaoTheBudderFairy> -/warp FFortress if u are a Sky/Deadlox/Fluffy/TrueMU/Bajan fan to help make something awesome-
[15:43:08] [Client thread/INFO]: [CHAT] < crashanator> hes fake
[15:43:10] [Client thread/WARN]: Unable to play unknown soundEvent: minecraft:damage.hit
[15:43:11] [Client thread/WARN]: Unable to play unknown soundEvent: minecraft:damage.hit
[15:43:11] [Client thread/INFO]: [CHAT] <[YouTuber] GabeSuarez> yes i'am
[15:43:13] [Client thread/INFO]: [CHAT] <[YouTuber] GabeSuarez> im real
[15:43:17] [Client thread/INFO]: [CHAT] <Scottis1337> sky your awesome!
[15:43:20] [Client thread/WARN]: Unable to play unknown soundEvent: minecraft:damage.hit
[15:43:24] [Client thread/WARN]: Unable to play unknown soundEvent: minecraft:damage.hit
[15:43:24] [Client thread/WARN]: Unable to play unknown soundEvent: minecraft:damage.hit
[15:43:24] [Client thread/WARN]: Unable to play unknown soundEvent: minecraft:damage.thorns
[15:43:25] [Client thread/INFO]: [CHAT] <[Jr_Sky] LongthebudderHawk> ye
[15:43:26] [Client thread/INFO]: [CHAT] <[Sky's_Daughter] SaoTheBudderFairy> hmm
[15:43:26] [Client thread/INFO]: [CHAT] <Mattmcmatt> ,
[15:43:28] [Client thread/INFO]: [CHAT] < KrazyKat> Sky do you want peace?
[15:43:28] [Client thread/INFO]: [CHAT] <Mattmcmatt> skythekidrs sucks anyway
[15:43:30] [Client thread/INFO]: [CHAT] <dragonminer2502> hello
[15:43:31] [Client thread/WARN]: Unable to play unknown soundEvent: minecraft:damage.hit
[15:43:31] [Client thread/WARN]: Unable to play unknown soundEvent: minecraft:damage.hit
[15:43:32] [Client thread/INFO]: [CHAT] Error: Unknown item name: gold_apple.
[15:43:35] [Client thread/WARN]: Unable to play unknown soundEvent: minecraft:damage.hit
[15:43:35] [Client thread/WARN]: Unable to play unknown soundEvent: minecraft:damage.hit
[15:43:36] [Client thread/WARN]: Unable to play unknown soundEvent: minecraft:damage.hit
[15:43:37] [Client thread/WARN]: Unable to play unknown soundEvent: minecraft:damage.hit
[15:43:37] [Client thread/WARN]: Unable to play unknown soundEvent: minecraft:damage.hit
[15:43:38] [Client thread/INFO]: [CHAT] <[Sky's_Daughter] SaoTheBudderFairy> Ok.. OH i got it ;D
[15:43:38] [Client thread/WARN]: Unable to play unknown soundEvent: minecraft:damage.hit
[15:43:38] [Client thread/WARN]: Unable to play unknown soundEvent: minecraft:damage.thorns
[15:43:39] [Client thread/WARN]: Unable to play unknown soundEvent: minecraft:damage.hit
[15:43:41] [Client thread/INFO]: [CHAT] BULDMEUP used a forbidden WorldEdit block type: water
[15:43:41] [Client thread/WARN]: Unable to play unknown soundEvent: minecraft:damage.hit
[15:43:42] [Client thread/INFO]: [CHAT] Mizollie left the game.
[15:43:43] [Client thread/INFO]: [CHAT] <Mattmcmatt> i don't know why people even watch him
[15:43:43] [Client thread/WARN]: Unable to play unknown soundEvent: minecraft:damage.hit
[15:43:44] [Client thread/INFO]: [CHAT] <[Sky's_Daughter] SaoTheBudderFairy> Michael is griefing
[15:43:47] [Client thread/INFO]: [CHAT] <[Sky's_Daughter] SaoTheBudderFairy> ADMIN ;(
[15:43:49] [Client thread/INFO]: [CHAT] moltenmap2 joined the game.
[15:43:50] [Client thread/INFO]: [CHAT] Typhlosion147 left the game.
[15:43:51] [Client thread/INFO]: [CHAT] <Mattmcmatt> it's just some idiot yelling butter all day
[15:43:51] [Client thread/INFO]: [CHAT] <[Jr_Sky] LongthebudderHawk> oo
[15:43:51] [Client thread/WARN]: Unable to play unknown soundEvent: minecraft:damage.hit
[15:43:52] [Client thread/WARN]: Unable to play unknown soundEvent: minecraft:damage.thorns
[15:43:53] [Client thread/WARN]: Unable to play unknown soundEvent: minecraft:damage.hit
[15:43:54] [Client thread/WARN]: Unable to play unknown soundEvent: minecraft:damage.hit
[15:43:54] [Client thread/INFO]: [CHAT] < KrazyKat> Sky tell them to leave. They'll do it too.
[15:43:55] [Client thread/WARN]: Unable to play unknown soundEvent: minecraft:damage.hit
[15:43:56] [Client thread/WARN]: Unable to play unknown soundEvent: minecraft:damage.hit
[15:43:56] [Client thread/WARN]: Unable to play unknown soundEvent: minecraft:damage.thorns
[15:43:56] [Client thread/WARN]: Unable to play unknown soundEvent: minecraft:damage.thorns
[15:43:57] [Client thread/INFO]: [CHAT] You cannot use this item as a hat!
[15:43:57] [Client thread/INFO]: [CHAT] Michael_M1612 has been a VERY naughty, naughty boy.
[15:43:57] [Client thread/INFO]: [CHAT] Banning: Michael_M1612, IP: 96.224.*.*.
[15:43:57] [Client thread/INFO]: [CHAT] Michael_M1612 left the game.
[15:43:57] [Client thread/INFO]: [CHAT] sonicgoods - Rolling back player: michael_m1612
[15:44:02] [Client thread/INFO]: [CHAT] < BearGirl1117> Mattmcmatt STOP SkythekisRS is AWESOME STFU
[15:44:02] [Client thread/INFO]: [CHAT] <[Sky's_Daughter] SaoTheBudderFairy> thanks sonic <3
[15:44:06] [Client thread/INFO]: [CHAT] SuperMan926 left the game.
[15:44:07] [Client thread/INFO]: [CHAT] <VideoGamer46> hi
[15:44:08] [Client thread/INFO]: [CHAT] <BULDMEUP> i cant use worldedit
[15:44:08] [Client thread/INFO]: [CHAT] < FAKE> is nemo hurt
[15:44:11] [Client thread/INFO]: [CHAT] <VideoGamer46> aww
[15:44:11] [Client thread/INFO]: [CHAT] Enjoy your new hat!
[15:44:11] [Client thread/INFO]: [CHAT] <Scottis1337> burkman is creative pvping
[15:44:13] [Client thread/INFO]: [CHAT] < FAKE> is nemo hurting you
[15:44:14] [Client thread/INFO]: [CHAT] <[SuperAdmin] Sonic> :L
[15:44:16] [Client thread/INFO]: [CHAT] < FAKE> NO
[15:44:16] [Client thread/INFO]: [CHAT] <[SuperAdmin] Sonic> Noat me
[15:44:17] [Client thread/INFO]: [CHAT] <BULDMEUP> im not opper
[15:44:19] [Client thread/INFO]: [CHAT] <Mattmcmatt> and that's another thing
[15:44:21] [Client thread/INFO]: [CHAT] <BULDMEUP> im not oppe
[15:44:21] [Client thread/INFO]: [CHAT] <[SuperAdmin] Sonic> Lol olol
[15:44:23] [Client thread/INFO]: [CHAT] creeper20042 joined the game.
[15:44:23] [Client thread/INFO]: [CHAT] Welcome creeper20042 to the server!
[15:44:23] [Client thread/INFO]: [CHAT] SpecLeader - Opping all players on the server
[15:44:23] [Client thread/INFO]: [CHAT] You are now op!
[15:44:25] [Client thread/INFO]: [CHAT] <dragonminer2502> it is the sky because of the cape
[15:44:26] [Client thread/WARN]: Unable to play unknown soundEvent: minecraft:damage.hit
[15:44:26] [Client thread/INFO]: [CHAT] voidline joined the game.
[15:44:26] [Client thread/INFO]: [CHAT] Welcome voidline to the server!
[15:44:28] [Client thread/INFO]: [CHAT] <[Sky's_Daughter] SaoTheBudderFairy> Five floors ;D
[15:44:29] [Client thread/INFO]: [CHAT] <creeper20042> g
[15:44:31] [Client thread/WARN]: Unable to play unknown soundEvent: minecraft:damage.hit
[15:44:31] [Client thread/INFO]: [CHAT] craftcreeper01 joined the game.
[15:44:31] [Client thread/INFO]: [CHAT] Welcome craftcreeper01 to the server!
[15:44:32] [Client thread/INFO]: [CHAT] <Mattmcmatt> the idiot fans who keep calling gold budder
[15:44:33] [Client thread/WARN]: Unable to play unknown soundEvent: minecraft:damage.hit
[15:44:34] [Client thread/INFO]: [CHAT] <[YouTuber] GabeSuarez> SkythekidRS
[15:44:34] [Client thread/INFO]: [CHAT] Guwwi joined the game.
[15:44:34] [Client thread/INFO]: [CHAT] Welcome Guwwi to the server!
[15:44:35] [Client thread/INFO]: [CHAT] xXWilee999Xx left the game.
[15:44:42] [Client thread/INFO]: [CHAT] SLM2005 joined the game.
[15:44:45] [Client thread/INFO]: [CHAT] Teleporting...
[15:44:48] [Client thread/INFO]: [CHAT] <[YouTuber] GabeSuarez> gh
[15:44:49] [Client thread/WARN]: Unable to play unknown soundEvent: minecraft:damage.hit
[15:44:49] [Client thread/INFO]: [CHAT] < BearGirl1117> oh hi
[15:44:50] [Client thread/WARN]: Unable to play unknown soundEvent: minecraft:damage.hit
[15:44:50] [Client thread/WARN]: Unable to play unknown soundEvent: minecraft:damage.thorns
[15:44:50] [Client thread/WARN]: Unable to play unknown soundEvent: minecraft:damage.hit
[15:44:52] [Client thread/WARN]: Unable to play unknown soundEvent: minecraft:damage.hit
[15:44:52] [Client thread/WARN]: Unable to play unknown soundEvent: minecraft:damage.thorns
[15:44:52] [Client thread/INFO]: [CHAT] < pvpLOVER> k0
[15:44:52] [Client thread/INFO]: [CHAT] <moltenmap2> yo guys whats up hpw are yall
[15:44:53] [Client thread/WARN]: Unable to play unknown soundEvent: minecraft:damage.hit
[15:44:54] [Client thread/WARN]: Unable to play unknown soundEvent: minecraft:damage.thorns
[15:44:54] [Client thread/WARN]: Unable to play unknown soundEvent: minecraft:damage.thorns
[15:44:54] [Client thread/WARN]: Unable to play unknown soundEvent: minecraft:damage.hit
[15:44:58] [Client thread/INFO]: [CHAT] < FAKE> hi
[15:45:02] [Client thread/INFO]: [CHAT] * creeper20042 is now AFK.
[15:45:03] [Client thread/WARN]: Unable to play unknown soundEvent: minecraft:damage.hit
[15:45:03] [Client thread/WARN]: Unable to play unknown soundEvent: minecraft:damage.hit
[15:45:05] [Client thread/INFO]: [CHAT] <[YouTuber] GabeSuarez> Who wants to be in my vid?
[15:45:06] [Client thread/WARN]: Unable to play unknown soundEvent: minecraft:damage.hit
[15:45:10] [Client thread/INFO]: [CHAT] Error:  poop has teleportation disabled.
[15:45:10] [Client thread/INFO]: [CHAT] <wangfire42> me
[15:45:14] [Client thread/INFO]: [CHAT] Error:  poop has teleportation disabled.
[15:45:15] [Client thread/INFO]: [CHAT] <Jjesse123> who knows how icna get a cape for minecraft cause irealy want 1
[15:45:15] [Client thread/INFO]: [CHAT] <[YouTuber] GabeSuarez> ok wangfire42
[15:45:17] [Client thread/INFO]: [CHAT] * creeper20042 is no longer AFK.
[15:45:20] [Client thread/INFO]: [CHAT] SpecLeader - Tempbanning: BULDMEUP for 5 minutes.
[15:45:20] [Client thread/INFO]: [CHAT] BULDMEUP left the game.
[15:45:23] [Client thread/INFO]: [CHAT] <Jjesse123> me gabe
[15:45:23] [Client thread/INFO]: [CHAT] *  creeper20042 is now AFK.
[15:45:27] [Client thread/INFO]: [CHAT] <[YouTuber] GabeSuarez> k
[15:45:27] [Client thread/INFO]: [CHAT] <moltenmap2> i just got finished recording I finally REACHED 1,110 SUBS YAYAYAYAY
[15:45:46] [Client thread/INFO]: [CHAT] bugboy19 joined the game.
[15:45:47] [Client thread/INFO]: [CHAT] <[YouTuber] GabeSuarez> I have 10,100 subs :OOOO
[15:45:52] [Client thread/INFO]: [CHAT] <moltenmap2> Good job man
[15:45:53] [Client thread/INFO]: [CHAT] < FAKE> sup peeps
[15:45:53] [Client thread/INFO]: [CHAT] <Jjesse123> bul shit
[15:45:56] [Client thread/INFO]: [CHAT] <wangfire42> where do i need to go
[15:45:57] [Client thread/INFO]: [CHAT] <Hackerbro1> I have 7 :P
[15:46:00] [Client thread/INFO]: [CHAT] <VideoGameSmash12> sky isnt on! :*
[15:46:01] [Client thread/INFO]: [CHAT] <Scottis1337> people are creative pvping
[15:46:05] [Client thread/INFO]: [CHAT] <[YouTuber] GabeSuarez> SkythekidRS
[15:46:08] [Client thread/INFO]: [CHAT] Error: SkythekidRS has teleportation disabled.
[15:46:10] [Client thread/INFO]: [CHAT] <Jjesse123> what is the video gonna be calles
[15:46:12] [Client thread/INFO]: [CHAT] <bugboy19> Im on survival
[15:46:14] [Client thread/INFO]: [CHAT] < PVPKING> sup pvpers
[15:46:19] [Client thread/INFO]: [CHAT] Teleporting...
[15:46:23] [Client thread/INFO]: [CHAT] <[YouTuber] GabeSuarez> Minecraft troll
[15:46:26] [Client thread/INFO]: [CHAT] <VideoGameSmash12> hi sky
[15:46:28] [Client thread/INFO]: [CHAT] <Hackerbro1> I'm epic at minecraft pe redstone
[15:46:36] [Client thread/WARN]: Unable to play unknown soundEvent: minecraft:damage.hit
[15:46:37] [Client thread/WARN]: Unable to play unknown soundEvent: minecraft:damage.hit
[15:46:39] [Client thread/INFO]: [CHAT] <SkythekidRS> Picture?
[15:46:42] [Client thread/INFO]: [CHAT] <[Sky's_Daughter] SaoTheBudderFairy> OH i got it ;D
[15:46:44] [Client thread/INFO]: [CHAT] sonicgoods left the game.
[15:46:46] [Client thread/INFO]: [CHAT] <Dabid> nadie abla espaol
[15:46:47] [Client thread/INFO]: [CHAT] spaceship77 joined the game.
[15:46:47] [Client thread/INFO]: [CHAT] Welcome spaceship77 to the server!
[15:46:48] [Client thread/INFO]: [CHAT] <[Jr_Sky] LongthebutterHawk> Bu-d-dd-er HOtel
[15:46:50] [Client thread/WARN]: Unable to play unknown soundEvent: minecraft:damage.hit
[15:46:56] [Client thread/INFO]: [CHAT] < PVPKING> hi
[15:46:59] [Client thread/INFO]: [CHAT] < KrazyKat> Shit
[15:46:59] [Client thread/INFO]: [CHAT] craftcreeper01 left the game.
[15:47:00] [Client thread/INFO]: [CHAT] swaggermuffinman joined the game.
[15:47:00] [Client thread/INFO]: [CHAT] Welcome swaggermuffinman to the server!
[15:47:01] [Client thread/WARN]: Unable to play unknown soundEvent: minecraft:damage.hit
[15:47:02] [Client thread/WARN]: Unable to play unknown soundEvent: minecraft:damage.hit
[15:47:02] [Client thread/INFO]: [CHAT] < PVPKING> i have nemo
[15:47:03] [Client thread/WARN]: Unable to play unknown soundEvent: minecraft:damage.hit
[15:47:03] [Client thread/WARN]: Unable to play unknown soundEvent: minecraft:damage.hit
[15:47:03] [Client thread/INFO]: [CHAT] <dragonminer2502> yes i have a snapshot but not a good one
[15:47:04] [Client thread/INFO]: [CHAT] <[Sky's_Daughter] SaoTheBudderFairy> Okey
[15:47:04] [Client thread/WARN]: Unable to play unknown soundEvent: minecraft:damage.hit
[15:47:04] [Client thread/ERROR]: Item entity 165015 has no item?!
[15:47:04] [Client thread/ERROR]: Item entity 165015 has no item?!
[15:47:04] [Client thread/ERROR]: Item entity 165015 has no item?!
[15:47:04] [Client thread/ERROR]: Item entity 165015 has no item?!
[15:47:04] [Client thread/ERROR]: Item entity 165015 has no item?!
[15:47:04] [Client thread/ERROR]: Item entity 165015 has no item?!
[15:47:04] [Client thread/ERROR]: Item entity 165015 has no item?!
[15:47:05] [Client thread/INFO]: [CHAT] <Mattmcmatt> next person to say budder gets slapped
[15:47:05] [Client thread/INFO]: [CHAT] inFAmas97 - Opping all players on the server
[15:47:05] [Client thread/INFO]: [CHAT] You are now op!
[15:47:05] [Client thread/INFO]: [CHAT] <notnyancat> sky wat up
[15:47:06] [Client thread/INFO]: [CHAT] <bugboy19> hi
[15:47:14] [Client thread/INFO]: [CHAT] <SkythekidRS> Who Killed me?
[15:47:14] [Client thread/INFO]: [CHAT] <[Sky's_Daughter] SaoTheBudderFairy> Good.
[15:47:16] [Client thread/INFO]: [CHAT] <VideoGameSmash12> trololollolo
[15:47:20] [Client thread/INFO]: [CHAT] <[Sky's_Daughter] SaoTheBudderFairy> Now the indoor pewl first
[15:47:21] [Client thread/INFO]: [CHAT] <[YouTuber] GabeSuarez> VideoGamer46 did
[15:47:21] [Client thread/INFO]: [CHAT] creeper20042 left the game.
[15:47:22] [Client thread/INFO]: [CHAT] <Guwwi> sky is that really you
[15:47:26] [Client thread/INFO]: [CHAT] <VideoGameSmash12> no
[15:47:31] [Client thread/INFO]: [CHAT] <VideoGamer46> y u blame on meh
[15:47:31] [Client thread/INFO]: [CHAT] * SkythekidRS i'm fake
[15:47:38] [Client thread/INFO]: [CHAT] <Guwwi> oh
[15:47:42] [Client thread/INFO]: [CHAT] Unknown command. Type "/help" for help.
[15:47:43] [Client thread/INFO]: [CHAT] <VideoGamer46> me no do nothin
[15:47:45] [Client thread/INFO]: [CHAT] * SkythekidRS why?
[15:47:46] [Client thread/INFO]: [CHAT] inFAmas97 - Cleared all potion effects from all players
[15:47:55] [Client thread/INFO]: [CHAT] <[Jr_Sky] LongthebutterHawk> this hotel is awesome
[15:47:58] [Client thread/INFO]: [CHAT] d13511 has been a VERY naughty, naughty boy.
[15:47:59] [Client thread/INFO]: [CHAT] Banning: d13511, IP: 71.80.*.*.
[15:47:59] [Client thread/INFO]: [CHAT] d13511 left the game.
[15:47:59] [Client thread/INFO]: [CHAT] crashanator - Freezing all players
[15:47:59] [Client thread/INFO]: [CHAT] <[Sky's_Daughter] SaoTheBudderFairy> its not a hotel ;3
[15:48:01] [Client thread/INFO]: [CHAT] <Guwwi> just asking
[15:48:01] [Client thread/INFO]: [CHAT] crashanator - Unfreezing all players
[15:48:02] [Client thread/INFO]: [CHAT] inFAmas97 - Cleared all potion effects from all players
[15:48:04] [Client thread/INFO]: [CHAT] <[Sky's_Daughter] SaoTheBudderFairy> Itz a little fanclub X\3
[15:48:08] [Client thread/INFO]: [CHAT] Firestar_Drew is an impostor!
[15:48:08] [Client thread/INFO]: [CHAT] Warning: Firestar_Drew has been flagged as an impostor!
[15:48:08] [Client thread/INFO]: [CHAT] Firestar_Drew joined the game.
[15:48:08] [Client thread/INFO]: [CHAT] Welcome  Drew to the server!
[15:48:12] [Client thread/INFO]: [CHAT] junemary joined the game.
[15:48:12] [Client thread/INFO]: [CHAT] Welcome junemary to the server!
[15:48:12] [Client thread/INFO]: [CHAT] < PVPKING> i have nemo fire aspeks v sharp v
[15:48:12] [Client thread/INFO]: [CHAT] <Jjesse123> brb
[15:48:13] [Client thread/INFO]: [CHAT] Error: SkythekidRS has teleportation disabled.
[15:48:14] [Client thread/INFO]: [CHAT] Jjesse123 left the game.
[15:48:15] [Client thread/INFO]: [CHAT] <[Sky's_Daughter] SaoTheBudderFairy> jk im just bored- OMG HI DREW longtimenosee
[15:48:15] [Client thread/INFO]: [CHAT] <wangfire42> i found you
[15:48:18] [Client thread/INFO]: [CHAT] <moltenmap2> sky can spaare me some advice for youtube
[15:48:18] [Client thread/INFO]: [CHAT] Error: SkythekidRS has teleportation disabled.
[15:48:19] [Client thread/INFO]: [CHAT] <SkythekidRS> Well, im not going to be in this "zoo
[15:48:20] [Client thread/INFO]: [CHAT] < Drew> who the FUCK banned me?
[15:48:21] [Client thread/INFO]: [CHAT] <bugboy19> Pvp
[15:48:23] [Client thread/INFO]: [CHAT] SkythekidRS left the game.
[15:48:23] [Client thread/INFO]: [CHAT] [Server:crashanator] Fire Verify on the fourms
[15:48:26] [Client thread/INFO]: [CHAT] <Mattmcmatt> wadn't me
[15:48:30] [Client thread/INFO]: [CHAT] <bugboy19> Bacca Pvp
[15:48:30] [Client thread/INFO]: [CHAT] spaceship77 left the game.
[15:48:33] [Client thread/INFO]: [CHAT] Raelog0 left the game.
[15:48:36] [Client thread/INFO]: [CHAT] [CONSOLE]<Rcon> TwitterBot - Authenticated Firestar_Drew as a SuperAdmin
[15:48:36] [Client thread/INFO]: [CHAT] Rcon - Adding Firestar_Drew to the superadmin list.
[15:48:41] [Client thread/INFO]: [CHAT] Firestar_Drew - Opping Firestar_Drew
[15:48:41] [Client thread/INFO]: [CHAT] [Server:crashanator] or do that
[15:48:42] [Client thread/INFO]: [CHAT] < PVPKING> here
[15:48:43] [Client thread/INFO]: [CHAT] Jjesse123 joined the game.
[15:48:47] [Client thread/INFO]: [CHAT] spaceship77 joined the game.
[15:48:48] [Client thread/INFO]: [CHAT] <VideoGameSmash12> can you super admin me?
[15:48:49] [Client thread/INFO]: [CHAT] Dakotaflower12 has been a VERY naughty, naughty boy.
[15:48:49] [Client thread/INFO]: [CHAT] Banning: Dakotaflower12, IP: 72.193.*.*.
[15:48:49] [Client thread/INFO]: [CHAT] Dakotaflower12 left the game.
[15:48:50] [Client thread/INFO]: [CHAT] GreyWolf64 joined the game.
[15:48:51] [Client thread/INFO]: [CHAT] Welcome GreyWolf64 to the server!
[15:48:53] [Client thread/INFO]: [CHAT] gnommmmmmmmmm has been a VERY naughty, naughty boy.
[15:48:53] [Client thread/INFO]: [CHAT] Banning: gnommmmmmmmmm, IP: 58.175.*.*.
[15:48:53] [Client thread/INFO]: [CHAT] gnommmmmmmmmm left the game.
[15:48:57] [Client thread/INFO]: [CHAT] <wangfire42> game now what
[15:49:10] [Client thread/INFO]: [CHAT] dragonminer2502 left the game.
[15:49:10] [Client thread/INFO]: [CHAT] <wangfire42> gabe*
[15:49:14] [Client thread/INFO]: [CHAT] spaceship77 left the game.
[15:49:17] [Client thread/INFO]: [CHAT] There are 219 warps. Showing page 1 of 11.
[15:49:17] [Client thread/INFO]: [CHAT] (Admin), (all, 1.7.2_Mansion, [butter2], ADMINPIDAR, ambulance, autohouse, awesome, Awsome, AzamInuzuka, BaseDome, BaseDomeRules, Bhushan, BlindPvP, Budder, budderbank, Butterfairybiome, butterpyrimid, cafe, CarDealer
[15:49:22] [Client thread/INFO]: [CHAT] Error: That warp does not exist.
[15:49:23] [Client thread/INFO]: [CHAT] <[Sky's_Daughter] SaoTheBudderFairy> and ill wait for that
[15:49:24] [Client thread/INFO]: [CHAT] <Scottis1337> cool house
[15:49:28] [Client thread/INFO]: [CHAT] <bugboy19> in survival
[15:49:29] [Client thread/INFO]: [CHAT] Warping to budder.
[15:49:31] [Client thread/INFO]: [CHAT] swaggermuffinman left the game.
[15:49:31] [Client thread/INFO]: [CHAT] < PVPKING> is nemo hurt
[15:49:35] [Client thread/INFO]: [CHAT] Jjesse123 left the game.
[15:49:36] [Client thread/INFO]: [CHAT] < PVPKING> IS NEMO HURTing you
[15:49:37] [Client thread/INFO]: [CHAT] megaf4il - Unbanning Firestar_Drew and IPs: 72.64.41.159
[15:49:38] [Client thread/INFO]: [CHAT] <[Sky's_Daughter] SaoTheBudderFairy> And naow storagez ok
[15:49:39] [Client thread/INFO]: [CHAT] < KrazyKat> Nice girls
[15:49:49] [Client thread/INFO]: [CHAT] <VideoGameSmash12> super admin me now
[15:49:50] [Client thread/INFO]: [CHAT] <[Sky's_Daughter] SaoTheBudderFairy> Oh thx bill
[15:49:50] [Client thread/INFO]: [CHAT] Unknown command. Type "/help" for help.
[15:49:54] [Client thread/INFO]: [CHAT] Unknown command. Type "/help" for help.
[15:49:56] [Client thread/INFO]: [CHAT] crashanator - Muting VideoGameSmash12
[15:49:56] [Client thread/INFO]: [CHAT] voidline left the game.
[15:50:00] [Client thread/INFO]: [CHAT] VideoGameSmash12 has been a VERY naughty, naughty boy.