[17:44:02] [Client thread/INFO]: Connecting to 64.34.165.5, 28965
[17:44:03] [Client thread/INFO]: [CHAT] VideoGameSmash12 joined the game.
[17:44:03] [Client thread/INFO]: [CHAT] Type /help for a list of commands.
[17:44:03] [Client thread/INFO]: [CHAT] Save your builds with World Edit or lose them
[17:44:03] [Client thread/INFO]: [CHAT] Read our website at www.totalfreedom.me to find out how
[17:44:03] [Client thread/INFO]: [CHAT] Read the rules
[17:44:03] [Client thread/INFO]: [CHAT] Read our only authorized forum at www.totalfreedom.boards.net
[17:44:03] [Client thread/INFO]: [CHAT] You have 7 messages! Type /mail read to view your mail.
[17:44:03] [Client thread/INFO]: [CHAT] <puppykinz45> o shit lagging the shit out of myself XD
[17:44:04] [Client thread/INFO]: [CHAT] <SpecLeader> Hello Waffletrix
[17:44:12] [Client thread/INFO]: [CHAT] IMERICANO left the game.
[17:44:15] [Client thread/INFO]: [CHAT] Mattmcmatt is a Super Admin.
[17:44:15] [Client thread/INFO]: [CHAT] Mattmcmatt joined the game.
[17:44:17] [Client thread/INFO]: [CHAT] <tidus46> i am d butcherer
[17:44:18] [Client thread/INFO]: [CHAT] < Leader> Hia matt
[17:44:19] [Client thread/INFO]: [CHAT] ASFjerome04 joined the game.
[17:44:19] [Client thread/INFO]: [CHAT] Welcome ASFjerome04 to the server!
[17:44:20] [Client thread/INFO]: [CHAT] <Survivalology> oh god it's so laggy//t
[17:44:20] [Client thread/INFO]: [CHAT] <Survivalology> oh god it's so laggy
[17:44:23] [Client thread/INFO]: [CHAT] IMERICANO joined the game.
[17:44:25] [Client thread/INFO]: [CHAT] <Survivalology> ignore that
[17:44:26] [Client thread/INFO]: [CHAT] < VideoGameSmash12> LAG
[17:44:31] [Client thread/INFO]: [CHAT] <IMERICANO> hi
[17:44:36] [Client thread/INFO]: [CHAT] Captainsign left the game.
[17:44:42] [Client thread/INFO]: [CHAT] puppykinz45 left the game.
[17:44:44] [Client thread/INFO]: [CHAT] < VideoGameSmash12> too mucj lag
[17:44:45] [Client thread/INFO]: [CHAT] RileyPlaysMC1 left the game.
[17:44:47] [Client thread/INFO]: Stopping!
