[17:39:15] [Client thread/INFO]: Connecting to 64.34.165.5, 28965
[17:39:16] [Client thread/INFO]: [CHAT] VideoGameSmash12 joined the game.
[17:39:16] [Client thread/INFO]: [CHAT] <(WC) ItzBloop> ajisawesome13.
[17:39:16] [Client thread/INFO]: [CHAT] Type /help for a list of commands.
[17:39:16] [Client thread/INFO]: [CHAT] Save your builds with World Edit or lose them
[17:39:16] [Client thread/INFO]: [CHAT] Read our website at www.totalfreedom.me to find out how
[17:39:16] [Client thread/INFO]: [CHAT] Read the rules
[17:39:16] [Client thread/INFO]: [CHAT] Read our only authorized forum at www.totalfreedom.boards.net
[17:39:16] [Client thread/INFO]: [CHAT] You have no new mail.
[17:39:16] [Client thread/INFO]: [CHAT] Welcome VideoGameSmash12 to the server!
[17:39:16] [Client thread/INFO]: [CHAT] KingDragonRider - Blocking all commands for ajisawesome13
[17:39:17] [Client thread/INFO]: [CHAT] < IBashurI> Hello
[17:39:18] [Client thread/INFO]: [CHAT] KidJamel - Unblocking all commands for ajisawesome13
[17:39:19] [Client thread/INFO]: [CHAT] <Jamesvega111203> tp here pls now look at it
[17:39:21] [Client thread/INFO]: [CHAT] KingDragonRider - Blocking all commands for ajisawesome13
[17:39:22] [Client thread/INFO]: [CHAT] KidJamel - Caging ajisawesome13
[17:39:23] [Client thread/INFO]: [CHAT] < IBashurI> im Lgleason7
[17:39:27] [Client thread/INFO]: [CHAT] <kane_creeper05> ESpeka In Doutch
[17:39:28] [Client thread/INFO]: [CHAT] KidJamel - Orbiting ajisawesome13.
[17:39:29] [Client thread/INFO]: [CHAT] soraplaysmc left the game.
[17:39:29] [Client thread/INFO]: [CHAT] suprmn is a Super Admin.
[17:39:29] [Client thread/INFO]: [CHAT] suprmn joined the game.
[17:39:31] [Client thread/INFO]: [CHAT] <Jamesvega111203> now here
[17:39:32] [Client thread/INFO]: [CHAT] <(WC) ItzBloop> hey sypmn
[17:39:35] [Client thread/INFO]: [CHAT] <(WC) ItzBloop> suprmn*
[17:39:36] [Client thread/INFO]: [CHAT] <suprmn> hello
[17:39:45] [Client thread/INFO]: [CHAT] <[InfintyGuard] InfinityGod> hello suprmn
[17:39:45] [Client thread/INFO]: [CHAT] <(WC) ItzBloop> Sorry, I can't spell today :(
[17:39:45] [Client thread/INFO]: [CHAT] ashtonrocksgod has been a VERY naughty, naughty boy.
[17:39:45] [Client thread/INFO]: [CHAT] Banning: ashtonrocksgod, IP: 107.210.*.*.
[17:39:45] [Client thread/INFO]: [CHAT] ashtonrocksgod left the game.
[17:39:49] [Client thread/INFO]: [CHAT] < Onnowhere> wait what did i do
[17:39:49] [Client thread/INFO]: [CHAT] [Server:KidJamel] Ajsi
[17:39:57] [Client thread/INFO]: [CHAT] <why4tgf168> hi moltenmap!
[17:39:57] [Client thread/INFO]: [CHAT] KingDragonRider - Reverting rollback for player: ashtonrocksgod
[17:39:58] [Client thread/INFO]: [CHAT] <kane_creeper05> bloop unban me from piecraft
[17:39:58] [Client thread/INFO]: [CHAT] <(MrPumpkin) Lgleason123> Tests
[17:39:59] [Client thread/INFO]: [CHAT] <[InfintyGuard] InfinityGod> who needs a bf xD
[17:39:59] [Client thread/INFO]: [CHAT] [Server:KidJamel] Stop trying to set your limit
[17:40:00] [Client thread/INFO]: [CHAT] <(WC) ItzBloop> no
[17:40:01] [Client thread/INFO]: [CHAT] < aj> go fuck yourself
[17:40:05] [Client thread/INFO]: [CHAT] <[InfintyGuard] InfinityGod> who needs a bf xD?
[17:40:43] [Client thread/INFO]: Connecting to 64.34.165.5, 28965
[17:40:44] [Client thread/INFO]: [CHAT] VideoGameSmash12 joined the game.
[17:40:44] [Client thread/INFO]: [CHAT] Type /help for a list of commands.
[17:40:44] [Client thread/INFO]: [CHAT] Save your builds with World Edit or lose them
[17:40:44] [Client thread/INFO]: [CHAT] Read our website at www.totalfreedom.me to find out how
[17:40:44] [Client thread/INFO]: [CHAT] Read the rules
[17:40:44] [Client thread/INFO]: [CHAT] Read our only authorized forum at www.totalfreedom.boards.net
[17:40:44] [Client thread/INFO]: [CHAT] You have no new mail.
[17:40:46] [Client thread/INFO]: [CHAT] < BatMan> How do I turn Tp off?
[17:40:48] [Client thread/INFO]: [CHAT] <Jamesvega111203> sa is a sever
[17:40:57] [Client thread/INFO]: Connecting to 64.34.165.5, 28965
[17:40:58] [Client thread/INFO]: [CHAT] VideoGameSmash12 joined the game.
[17:40:58] [Client thread/INFO]: [CHAT] Type /help for a list of commands.
[17:40:58] [Client thread/INFO]: [CHAT] Save your builds with World Edit or lose them
[17:40:58] [Client thread/INFO]: [CHAT] Read our website at www.totalfreedom.me to find out how
[17:40:58] [Client thread/INFO]: [CHAT] Read the rules
[17:40:58] [Client thread/INFO]: [CHAT] Read our only authorized forum at www.totalfreedom.boards.net
[17:40:58] [Client thread/INFO]: [CHAT] You have no new mail.
[17:40:58] [Client thread/INFO]: [CHAT] < BatMan> thanks
[17:40:58] [Client thread/INFO]: [CHAT] ace_verco joined the game.
[17:40:59] [Client thread/INFO]: [CHAT] Rainbowlicious3 joined the game.
[17:41:04] [Client thread/INFO]: [CHAT] <[InfintyGuard] InfinityGod> No probelms
[17:41:05] [Client thread/INFO]: [CHAT] < Michael> Yea bloop?
[17:41:13] [Client thread/INFO]: [CHAT] <[InfintyGuard] InfinityGod> probelm*
[17:41:14] [Client thread/INFO]: [CHAT] <(WC) ItzBloop> I think they're creative pvping
[17:41:18] [Client thread/INFO]: [CHAT] < Michael> Who?
[17:41:19] [Client thread/INFO]: [CHAT] <kane_creeper05> yea
[17:41:25] [Client thread/INFO]: [CHAT] <(WC) ItzBloop> Are they?
[17:41:26] [Client thread/INFO]: [CHAT] cutiedude4 left the game.
[17:41:32] [Client thread/INFO]: [CHAT] <Jamesvega111203> yea sa is a owner
[17:41:38] [Client thread/INFO]: [CHAT] <(WC) ItzBloop> SA isn't owner.
[17:41:40] [Client thread/INFO]: [CHAT] <[InfintyGuard] InfinityGod> see ya later guys
[17:41:44] [Client thread/INFO]: [CHAT] Dynamic_Alex - Banning cutiedude4 and IPs: 70.54.49.186
[17:41:45] [Client thread/INFO]: [CHAT] < Michael> No one's creative pvping
[17:41:48] [Client thread/INFO]: [CHAT] < Michael> I checked
[17:41:49] [Client thread/INFO]: [CHAT] Unknown command. Type "/help" for help.
[17:41:49] [Client thread/INFO]: [CHAT] <(WC) ItzBloop> markbryon is the owner of this server, and isn't online
[17:41:50] [Client thread/INFO]: [CHAT] <[InfintyGuard] InfinityGod> bye
[17:41:51] [Client thread/INFO]: [CHAT] Unknown command. Type "/help" for help.
[17:41:53] [Client thread/INFO]: [CHAT] <(WC) ItzBloop> kk spec
[17:41:53] [Client thread/INFO]: [CHAT] < The_Best_Titan> they were a minute ago
[17:41:53] [Client thread/INFO]: [CHAT] < Onnowhere> bye
[17:41:56] [Client thread/INFO]: [CHAT] jaysgerard joined the game.
[17:41:57] [Client thread/INFO]: [CHAT] <kane_creeper05> jamesvega u shit
[17:42:39] [Client thread/INFO]: Connecting to 64.34.165.5, 28965
[17:42:40] [Client thread/INFO]: [CHAT] VideoGameSmash12 joined the game.
[17:42:40] [Client thread/INFO]: [CHAT] Type /help for a list of commands.
[17:42:40] [Client thread/INFO]: [CHAT] Save your builds with World Edit or lose them
[17:42:40] [Client thread/INFO]: [CHAT] Read our website at www.totalfreedom.me to find out how
[17:42:40] [Client thread/INFO]: [CHAT] Read the rules
[17:42:40] [Client thread/INFO]: [CHAT] Read our only authorized forum at www.totalfreedom.boards.net
[17:42:40] [Client thread/INFO]: [CHAT] You have no new mail.
[17:42:40] [Client thread/INFO]: [CHAT] <jaysgerard> op pls
[17:42:46] [Client thread/INFO]: [CHAT] * xsupergames0987x I DID
[17:42:46] [Client thread/INFO]: [CHAT] <Jamesvega111203> blood will run up your bad thing happy now sa
[17:42:47] [Client thread/INFO]: [CHAT] DickieHead101 left the game.
[17:42:50] [Client thread/INFO]: [CHAT] <jaysgerard> op
[17:42:51] [Client thread/INFO]: [CHAT] <VideoGameSmash12> im a op right?
[17:42:57] [Client thread/INFO]: [CHAT] <VideoGameSmash12> op me plz
[17:43:02] [Client thread/INFO]: [CHAT] ItzBloop - Opping VideoGameSmash12
[17:43:04] [Client thread/INFO]: [CHAT] ItzBloop - Opping jaysgerard
[17:43:07] [Client thread/INFO]: [CHAT] ItzBloop - Opping marioman4567
[17:43:08] [Client thread/INFO]: [CHAT] <DavisT15> tp for disco party
[17:43:08] [Client thread/INFO]: [CHAT] VideoGameSmash12 - Opping marioman4567
[17:43:09] [Client thread/INFO]: [CHAT] <curlieboy> mattymine3 is creative pvping with potions nad sword
[17:43:12] [Client thread/INFO]: [CHAT] <Jamesvega111203> op me
[17:43:12] [Client thread/INFO]: [CHAT] pigfeed123 joined the game.
[17:43:13] [Client thread/INFO]: [CHAT] <jaysgerard> op me
[17:43:14] [Client thread/INFO]: [CHAT] <DavisT15> tp for disco party!!!
[17:43:15] [Client thread/INFO]: [CHAT] <(WC) ItzBloop> matty
[17:43:18] [Client thread/INFO]: [CHAT] < Onnowhere> hmmm
[17:43:22] [Client thread/INFO]: [CHAT] <Gabnico> G
[17:43:23] [Client thread/INFO]: [CHAT] marioman4567 has been a VERY naughty, naughty boy.
[17:43:23] [Client thread/INFO]: [CHAT] Banning: marioman4567, IP: 71.211.*.*.
[17:43:23] [Client thread/INFO]: [CHAT] marioman4567 left the game.
[17:43:25] [Client thread/INFO]: [CHAT] <Jamesvega111203> op me now
[17:43:32] [Client thread/INFO]: [CHAT] Dynamic_Alex - Opping all players on the server
[17:43:32] [Client thread/INFO]: [CHAT] You are now op!
[17:43:35] [Client thread/INFO]: [CHAT] [Server:KidJamel] Spaming commands
[17:43:38] [Client thread/INFO]: [CHAT] < IBashurI> The_Best_Titan team
[17:43:39] [Client thread/INFO]: [CHAT] <LUKEWHAL> Who knows Ajisawesome irl
[17:43:43] [Client thread/INFO]: [CHAT] BlueyoshiZY has been a naughty, naughty boy.
[17:43:45] [Client thread/INFO]: [CHAT] <LUKEWHAL> Who knows Ajisawesome13 irl
[17:43:51] [Client thread/INFO]: [CHAT] [Server:SpecLeader] No Invisible please - thanks much
[17:43:53] [Client thread/INFO]: [CHAT] <BlueyoshiZY> op me
[17:43:55] [Client thread/INFO]: [CHAT] saoirse100 joined the game.
[17:43:55] [Client thread/INFO]: [CHAT] <(WC) ItzBloop> curlis
[17:44:02] [Client thread/INFO]: [CHAT] <(WC) ItzBloop> I hope you're not creative pvping with those potions
[17:44:02] [Client thread/INFO]: [CHAT] SpecLeader - Opping all players on the server
[17:44:02] [Client thread/INFO]: [CHAT] You are now op!
[17:44:02] [Client thread/INFO]: [CHAT] <(MrPumpkin) _PumkinLordLgl123_> TestZ
[17:44:03] [Client thread/INFO]: [CHAT] < The_Best_Titan> gg
[17:44:04] [Client thread/INFO]: [CHAT] < Michael> Hi sao :)
[17:44:09] [Client thread/INFO]: [CHAT] curlieboy has been a naughty, naughty boy.
[17:44:13] [Client thread/INFO]: [CHAT] [Server:KidJamel] Stop spamming commands
[17:44:14] [Client thread/INFO]: [CHAT] < The_Best_Titan> gg why4tgf168
[17:44:14] [Client thread/INFO]: [CHAT] <curlieboy> dude!
[17:44:16] [Client thread/INFO]: [CHAT] < Reebecca> Hi!
[17:44:16] [Client thread/INFO]: [CHAT] Dr007 joined the game.
[17:44:21] [Client thread/INFO]: [CHAT] <(WC) ItzBloop> hey dr007
[17:44:24] [Client thread/INFO]: [CHAT] <Dr007> Hi
[17:44:24] [Client thread/INFO]: [CHAT] KidJamel - Opping all players on the server
[17:44:24] [Client thread/INFO]: [CHAT] You are now op!
[17:44:25] [Client thread/INFO]: [CHAT] <curlieboy> i only did it 3 times..
[17:44:25] [Client thread/INFO]: [CHAT] <VideoGameSmash12> Who GTFO'd marioman4567
[17:44:25] [Client thread/INFO]: [CHAT] < Michael> hello dr007
[17:44:26] [Client thread/INFO]: [CHAT] ItzBloop - Opping curlieboy
[17:44:52] [Client thread/INFO]: [CHAT] <(MrPumpkin) _Lord_Lgleason123_> There
[17:44:55] [Client thread/INFO]: [CHAT] <xsupergames0987x> tp to me if you wanna have s.......e.......x
[17:44:56] [Client thread/INFO]: [CHAT] <(WC) ItzBloop> Makesure you're not pvping in creative guys.
[17:44:58] [Client thread/INFO]: [CHAT] ntcrazy123 left the game.
[17:44:59] [Client thread/INFO]: [CHAT] <[BudderTwin] Reebecca> Ok im really exited!! My channel just got loaded up on2 utube :D
[17:45:04] [Client thread/INFO]: [CHAT] [ColinPvP: Set  ColinPvP's spawnpoint to 1000.3489803395754, 2.0, 1000.5851206911486]
[17:45:09] [Client thread/INFO]: [CHAT] curlieboy has been a naughty, naughty boy.
[17:45:10] [Client thread/INFO]: [CHAT] pigfeed123 left the game.
[17:45:11] [Client thread/INFO]: [CHAT] [Server:KidJamel] Stop spamming commands
[17:45:12] [Client thread/INFO]: [CHAT] <Jamesvega111203> sa ban now youre self ;\
[17:45:15] [Client thread/INFO]: [CHAT] [Server:KidJamel] Second warning
[17:45:15] [Client thread/INFO]: [CHAT] pigfeed123 joined the game.
[17:45:15] [Client thread/INFO]: [CHAT] <curlieboy> im not
[17:45:17] [Client thread/INFO]: [CHAT] KidJamel - Opping all players on the server
[17:45:17] [Client thread/INFO]: [CHAT] You are now op!
[17:45:24] [Client thread/INFO]: [CHAT] [Server:KidJamel] Stop lying
[17:45:25] [Client thread/INFO]: [CHAT] <Jamesvega111203> f
[17:45:26] [Client thread/INFO]: [CHAT] Error: Nicknames must be alphanumeric.
[17:45:29] [Client thread/INFO]: [CHAT] <curlieboy> im not doing anything im in my ender fixing armour