[22:21:44] [Client thread/INFO]: Connecting to 64.34.165.5, 28965
[22:21:45] [Client thread/INFO]: [CHAT] VideoGameSmash12 joined the game.
[22:21:45] [Client thread/INFO]: [CHAT] Welcome VideoGameSmash12 to the server!
[22:21:45] [Client thread/INFO]: [CHAT] Type /help for a list of commands.
[22:21:45] [Client thread/INFO]: [CHAT] Save your builds with World Edit or lose them
[22:21:45] [Client thread/INFO]: [CHAT] Read our website at www.totalfreedom.me to find out how
[22:21:45] [Client thread/INFO]: [CHAT] Read the rules
[22:21:45] [Client thread/INFO]: [CHAT] Read our only authorized forum at www.totalfreedom.boards.net
[22:21:45] [Client thread/INFO]: [CHAT] You have no new mail.
[22:21:52] [Client thread/INFO]: [CHAT] * erickpinto2012 is no longer AFK.
[22:22:01] [Client thread/INFO]: [CHAT] <VideoGameSmash12> Hi everyone!
[22:22:08] [Client thread/INFO]: [CHAT] < rose> hii
[22:22:09] [Client thread/INFO]: [CHAT] <NoahCrapFTW> fight me mexiacn
[22:22:14] [Client thread/INFO]: [CHAT] <VideoGameSmash12> can i be op?
[22:22:18] [Client thread/INFO]: [CHAT] < rose> racies
[22:22:25] [Client thread/INFO]: [CHAT] <NoahCrapFTW> fight
[22:22:29] [Client thread/INFO]: [CHAT] <NoahCrapFTW> surviva
[22:22:30] [Client thread/INFO]: [CHAT] <[PokemonTrainer] PancakesAndEggs> hey estate :D
[22:22:38] [Client thread/INFO]: [CHAT] bluemoon1214 - Opping VideoGameSmash12
[22:22:38] [Client thread/INFO]: [CHAT] Unknown command. Type "/help" for help.
[22:22:43] [Client thread/INFO]: [CHAT] <VideoGameSmash12> Thank you
[22:22:44] [Client thread/INFO]: [CHAT] < IlegalMexican> my armor
[22:22:48] [Client thread/INFO]: [CHAT] Left click: select pos #1; Right click: select pos #2
[22:22:52] [Client thread/INFO]: [CHAT] < IlegalMexican> why NoahCrapFTW
[22:22:54] [Client thread/INFO]: [CHAT] <regor10> bluemoon1214 matthewpbetit BlackTheDude
[22:22:56] [Client thread/INFO]: [CHAT] <regor10> bluemoon1214 matthewpbetit BlackTheDude mir
[22:22:56] [Client thread/INFO]: [CHAT] xLegendPandax joined the game.
[22:22:56] [Client thread/INFO]: [CHAT] Welcome xLegendPandax to the server!
[22:22:58] [Client thread/INFO]: [CHAT] <regor10> bluemoon1214 matthewpbetit BlackTheDude
[22:23:00] [Client thread/INFO]: [CHAT] <regor10> bluemoon1214 matthewpbetit BlackTheDude mir
[22:23:01] [Client thread/INFO]: [CHAT] <regor10> bluemoon1214 matthewpbetit BlackTheDude
[22:23:02] [Client thread/INFO]: [CHAT] <NoahCrapFTW> too much ppl
[22:23:03] [Client thread/INFO]: [CHAT] Trick2002 joined the game.
[22:23:03] [Client thread/INFO]: [CHAT] Welcome  Pikachu to the server!
[22:23:09] [Client thread/INFO]: [CHAT] < IlegalMexican> you were in gm1
[22:23:22] [Client thread/INFO]: [CHAT] neroblackcat - Muting regor10
[22:23:22] [Client thread/INFO]: [CHAT] <NoahCrapFTW> how do u disable tp mexican
[22:23:23] [Client thread/INFO]: [CHAT] *  rose is now AFK.
[22:23:27] [Client thread/INFO]: [CHAT] First position set to (326.0, 34.0, -108.0).
[22:23:28] [Client thread/INFO]: [CHAT] [Server:neroblackcat] 1min
[22:23:28] [Client thread/INFO]: [CHAT] First position set to (326.0, 34.0, -110.0).
[22:23:29] [Client thread/INFO]: [CHAT] <NoahCrapFTW> tell me please
[22:23:29] [Client thread/INFO]: [CHAT] < IlegalMexican> do /tp toggle
[22:23:31] [Client thread/INFO]: [CHAT] Second position set to (324.0, 34.0, -110.0) (3).
[22:23:34] [Client thread/INFO]: [CHAT] Second position set to (324.0, 34.0, -108.0) (9).
[22:23:39] [Client thread/INFO]: [CHAT] Error: Player not found.
[22:23:42] [Client thread/INFO]: [CHAT] cowgomooo12 is a Senior Admin.
[22:23:42] [Client thread/INFO]: [CHAT] cowgomooo12 joined the game.
[22:23:42] [Client thread/INFO]: [CHAT] Welcome cowgomooo12 to the server!
[22:23:43] [Client thread/INFO]: [CHAT] yoitsronald joined the game.
[22:23:43] [Client thread/INFO]: [CHAT] Welcome yoitsronald to the server!
[22:23:43] [Client thread/INFO]: [CHAT] Teleportation disabled.
[22:23:44] [Client thread/INFO]: [CHAT] <xLegendPandax> Why no wolrd edot
[22:23:46] [Client thread/INFO]: [CHAT] <duncand12> Bye
[22:23:48] [Client thread/INFO]: [CHAT] duncand12 left the game.
[22:23:51] [Client thread/INFO]: [CHAT] <yoitsronald> wut
[22:23:57] [Client thread/INFO]: [CHAT] 0 block(s) have been replaced.
[22:23:59] [Client thread/INFO]: [CHAT] <NoahCrapFTW> ok
[22:24:05] [Client thread/INFO]: [CHAT] <Herobrine yoitsronald> Ok
[22:24:05] [Client thread/INFO]: [CHAT] <cowgomooo12> Hello, how are you all doing?
[22:24:10] [Client thread/INFO]: [CHAT] < IlegalMexican> someone is using invi pots
[22:24:13] [Client thread/INFO]: [CHAT] *  Trainer_Estate_Level_100 searches on computer raichu cat
[22:24:14] [Client thread/INFO]: [CHAT] <[PokemonTrainer] PancakesAndEggs> estate look
[22:24:19] [Client thread/INFO]: [CHAT] GiaMinh left the game.
[22:24:19] [Client thread/INFO]: [CHAT] cowgomooo12 - Opping all players on the server
[22:24:19] [Client thread/INFO]: [CHAT] You are now op!
[22:24:21] [Client thread/INFO]: [CHAT] neroblackcat - Unmuting regor10
[22:24:25] [Client thread/INFO]: [CHAT] <VideoGameSmash12> try tping me mother fuckahs!
[22:24:29] [Client thread/INFO]: [CHAT] < SkyTheKidRS> hey
[22:24:29] [Client thread/INFO]: [CHAT] <[PokemonTrainer] PancakesAndEggs> estate look turn around
[22:24:32] [Client thread/INFO]: [CHAT] *  Trainer_Estate_Level_100 covers screen and makes sure raichu does not see
[22:24:36] [Client thread/INFO]: [CHAT] xLegendPandax left the game.
[22:24:37] [Client thread/INFO]: [CHAT] <VideoGameSmash12> fake sky!
[22:24:41] [Client thread/INFO]: [CHAT] bluemoon1214 left the game.
[22:24:44] [Client thread/INFO]: [CHAT] bluemoon1214 joined the game.
[22:24:44] [Client thread/INFO]: [CHAT] <regor10> herobrine
[22:24:48] [Client thread/INFO]: [CHAT] bluemoon1214 left the game.
[22:24:49] [Client thread/INFO]: [CHAT] < SkyTheKidRS> i like budder
[22:24:50] [Client thread/INFO]: [CHAT] < SkyTheKidRS> lame
[22:24:53] [Client thread/INFO]: [CHAT] mibbzz is a Super Admin.
[22:24:53] [Client thread/INFO]: [CHAT] mibbzz joined the game.
[22:24:53] [Client thread/INFO]: [CHAT] Welcome mibbzz to the server!
[22:24:54] [Client thread/INFO]: [CHAT] <regor10> herobrine mir
[22:24:57] [Client thread/INFO]: [CHAT] Sir_Creepity joined the game.
[22:24:57] [Client thread/INFO]: [CHAT] Welcome Sir_Creepity to the server!
[22:24:58] [Client thread/INFO]: [CHAT] <VideoGameSmash12> Sky your fake!
[22:25:01] [Client thread/INFO]: [CHAT] <VideoGameSmash12> XD
[22:25:04] [Client thread/INFO]: [CHAT] <[Herobrine] yoitsronald> Wut
[22:25:11] [Client thread/INFO]: [CHAT] <VideoGameSmash12> he is the imoster!
[22:25:12] [Client thread/INFO]: [CHAT] <[PokemonTrainer] PancakesAndEggs> ilegalmexican, really?
[22:25:13] [Client thread/INFO]: [CHAT] *  Trainer_Estate_Level_100 goes on minecraft
[22:25:17] [Client thread/INFO]: [CHAT] < SkyTheKidRS> wut
[22:25:18] [Client thread/INFO]: [CHAT] AssassinL joined the game.
[22:25:18] [Client thread/INFO]: [CHAT] Welcome AssassinL to the server!
[22:25:21] [Client thread/INFO]: [CHAT] < SkyTheKidRS> wow
[22:25:22] [Client thread/INFO]: [CHAT] bluemoon1214 joined the game.
[22:25:22] [Client thread/INFO]: [CHAT] *  Trainer_Estate_Level_100 role plays
[22:25:22] [Client thread/INFO]: [CHAT] olatek joined the game.
[22:25:22] [Client thread/INFO]: [CHAT] Welcome olatek to the server!
[22:25:23] [Client thread/INFO]: [CHAT] Change your nickname or that of another player.
[22:25:23] [Client thread/INFO]: [CHAT] /nickname [player] <nickname|off>
[22:25:24] [Client thread/INFO]: [CHAT] Trick2002 has been a VERY naughty, naughty boy.
[22:25:24] [Client thread/INFO]: [CHAT] Banning: Trick2002, IP: 120.147.*.*.
[22:25:24] [Client thread/INFO]: [CHAT] Trick2002 left the game.
[22:25:25] [Client thread/INFO]: [CHAT] mayajoy joined the game.
[22:25:25] [Client thread/INFO]: [CHAT] Welcome mayajoy to the server!
[22:25:27] [Client thread/INFO]: [CHAT] < SkyTheKidRS> i know
[22:25:29] [Client thread/INFO]: [CHAT] <NoahCrapFTW> lets pvp
[22:25:30] [Client thread/INFO]: [CHAT] olatek left the game.
[22:25:31] [Client thread/INFO]: [CHAT] <scaffinator> sky
[22:25:31] [Client thread/INFO]: [CHAT] Your nickname is now  Skythekid.
[22:25:32] [Client thread/INFO]: [CHAT] < RaichuILevel100> "Slaps estate in back of head"
[22:25:34] [Client thread/INFO]: [CHAT] < SkyTheKidRS> ok
[22:25:36] [Client thread/INFO]: [CHAT] Error: Player not found.
[22:25:38] [Client thread/INFO]: [CHAT] < Skythekid> no
[22:25:41] [Client thread/INFO]: [CHAT] < Skythekid> nonoonnoononon
[22:25:45] [Client thread/INFO]: [CHAT] <AssassinL> can someone op me
[22:25:49] [Client thread/INFO]: [CHAT] <AssassinL> can someone op me?
[22:25:50] [Client thread/INFO]: [CHAT] < Skythekid> damn keyboard!
[22:25:51] [Client thread/INFO]: [CHAT] ImmortalSp00n joined the game.
[22:25:51] [Client thread/INFO]: [CHAT] Welcome ImmortalSp00n to the server!
[22:25:51] [Client thread/INFO]: [CHAT] <AssassinL> can someone op me? [;z
[22:25:53] [Client thread/INFO]: [CHAT] bluemoon1214 - Opping AssassinL
[22:25:57] [Client thread/INFO]: [CHAT] <AssassinL> thx
[22:25:57] [Client thread/INFO]: [CHAT] < RaichuILevel100> Estate Only nurse joy can use that computer
[22:26:06] [Client thread/INFO]: [CHAT] < SkyTheKidRS> really
[22:26:10] [Client thread/INFO]: [CHAT] <NoahCrapFTW> lag
[22:26:13] [Client thread/INFO]: [CHAT] < Skythekid> ugh
[22:26:14] [Client thread/INFO]: [CHAT] <[Herobrine] yoitsronald> yes
[22:26:18] [Client thread/INFO]: [CHAT] <NoahCrapFTW> llaggg
[22:26:21] [Client thread/INFO]: [CHAT] Error: Player not found.
[22:26:21] [Client thread/INFO]: [CHAT] You no longer have a nickname.
[22:26:21] [Client thread/INFO]: [CHAT] You no longer have a nickname.
[22:26:21] [Client thread/INFO]: [CHAT] Nickname changed.
[22:26:21] [Client thread/INFO]: [CHAT] You no longer have a nickname.
[22:26:21] [Client thread/INFO]: [CHAT] Nickname changed.
[22:26:21] [Client thread/INFO]: [CHAT] mibbzz - Opping all players on the server
[22:26:21] [Client thread/INFO]: [CHAT] You are now op!
[22:26:21] [Client thread/INFO]: [CHAT] bluemoon1214 left the game.
[22:26:21] [Client thread/INFO]: [CHAT] mayajoy left the game.
[22:26:21] [Client thread/INFO]: [CHAT] herobrine5951 joined the game.
[22:26:22] [Client thread/INFO]: [CHAT] *  Trainer_Estate_Level_100 forgot to exit and raichu sees picture of raichu cat
[22:26:22] [Client thread/INFO]: [CHAT] Welcome herobrine5951 to the server!
[22:26:23] [Client thread/INFO]: [CHAT] Sir_Creepity left the game.
[22:26:23] [Client thread/INFO]: [CHAT] THEFOXDEMON joined the game.
[22:26:23] [Client thread/INFO]: [CHAT] Welcome  INarutoI to the server!
[22:26:24] [Client thread/INFO]: [CHAT] <NoahCrapFTW> is it laging
[22:26:25] [Client thread/INFO]: [CHAT] < SkyTheKidRS> -_-
[22:26:26] [Client thread/INFO]: [CHAT] bluemoon1214 joined the game.
[22:26:27] [Client thread/INFO]: [CHAT] You no longer have a nickname.
[22:26:27] [Client thread/INFO]: [CHAT] Nickname changed.
[22:26:30] [Client thread/INFO]: [CHAT] *  DakSen is no longer AFK.
[22:26:30] [Client thread/INFO]: [CHAT] <[PokemonTrainer] DakSen> Im back
[22:26:35] [Client thread/INFO]: [CHAT] < INarutoI> herro
[22:26:35] [Client thread/INFO]: [CHAT] <[Herobrine] yoitsronald> WTF
[22:26:39] [Client thread/INFO]: [CHAT] <[Herobrine] yoitsronald> .??????
[22:26:39] [Client thread/INFO]: [CHAT] <NoahCrapFTW> how did i win
[22:26:39] [Client thread/INFO]: [CHAT] ImmortalSp00n left the game.
[22:26:40] [Client thread/INFO]: [CHAT] NinjaMiner6677 joined the game.
[22:26:40] [Client thread/INFO]: [CHAT] Welcome NinjaMiner6677 to the server!
[22:26:43] [Client thread/INFO]: [CHAT] cowgomooo12 left the game.
[22:26:43] [Client thread/INFO]: [CHAT] Sir_Creepity joined the game.
[22:26:45] [Client thread/INFO]: [CHAT] Sir_Creepity left the game.
[22:26:47] [Client thread/INFO]: [CHAT] <VideoGameSmash12> admin can you remove all nicknames!
[22:26:50] [Client thread/INFO]: [CHAT] *  Trainer_Estate_Level_100 forgot to exit and raichu sees picture of raichu cat
[22:26:53] [Client thread/INFO]: [CHAT] * erickpinto2012 is now AFK.
[22:27:01] [Client thread/INFO]: [CHAT] < RaichuILevel100> ...
[22:27:04] [Client thread/INFO]: [CHAT] Sir_Creepity joined the game.
[22:27:06] [Client thread/INFO]: [CHAT] Sir_Creepity left the game.
[22:27:07] [Client thread/INFO]: [CHAT] First position set to (640.0, 48.0, 15.0) (589620).
[22:27:09] [Client thread/INFO]: [CHAT] < RaichuILevel100> "Uses irontail on estate
[22:27:09] [Client thread/INFO]: [CHAT] First position set to (640.0, 45.0, 15.0) (471696).
[22:27:12] [Client thread/INFO]: [CHAT] < BlackTheDude> enable mob spawning please
[22:27:12] [Client thread/INFO]: [CHAT] < SkyTheKidRS> NoahCrapFTW you hack
[22:27:13] [Client thread/INFO]: [CHAT] First position set to (640.0, 45.0, 21.0) (494520).
[22:27:14] [Client thread/INFO]: [CHAT] < Trainer_Estate_Level_100> OW
[22:27:14] [Client thread/INFO]: [CHAT] < RaichuILevel100> "Goes easy
[22:27:19] [Client thread/INFO]: [CHAT] Second position set to (640.0, 44.0, 21.0) (2).
[22:27:19] [Client thread/INFO]: [CHAT] <NoahCrapFTW> i dont i swear
[22:27:21] [Client thread/INFO]: [CHAT] Second position set to (640.0, 45.0, 21.0) (1).
[22:27:22] [Client thread/INFO]: [CHAT] < INarutoI> now ive got u giratina
[22:27:23] [Client thread/INFO]: [CHAT] <IlegalMexican> yes you do
[22:27:25] [Client thread/INFO]: [CHAT] <[PokemonTrainer] DakSen> Pokemon?
[22:27:26] [Client thread/INFO]: [CHAT] Second position set to (640.0, 48.0, 21.0) (4).
[22:27:26] [Client thread/INFO]: [CHAT] *  Trainer_Estate_Level_100 looks up kitten
[22:27:29] [Client thread/INFO]: [CHAT] <[PokemonTrainer] DakSen> Longway
[22:27:30] [Client thread/INFO]: [CHAT] <IlegalMexican> you one hit me
[22:27:33] [Client thread/INFO]: [CHAT] <[Herobrine] yoitsronald> Pokemon? :D
[22:27:34] [Client thread/INFO]: [CHAT] <NoahCrapFTW> tp to me
[22:27:40] [Client thread/INFO]: [CHAT] <VideoGameSmash12> someone is impersonating sky
[22:27:40] [Client thread/INFO]: [CHAT] <NoahCrapFTW> i give armor back
[22:27:43] [Client thread/INFO]: [CHAT] <IlegalMexican> i cant
[22:27:47] [Client thread/INFO]: [CHAT] < INarutoI> wtf is that block doing
[22:27:52] [Client thread/INFO]: [CHAT] *  Trainer_Estate_Level_100 goes on minecraft
[22:27:52] [Client thread/INFO]: [CHAT] Error: null
[22:27:53] [Client thread/INFO]: [CHAT] <NoahCrapFTW> now
[22:27:55] [Client thread/INFO]: [CHAT] <[Level60] Giratina> I'm cycling it :D
[22:27:55] [Client thread/INFO]: [CHAT] Error: null
[22:27:55] [Client thread/INFO]: [CHAT] <AssassinL> STOP
[22:28:01] [Client thread/INFO]: [CHAT] Use the /back command to return to your death point.
[22:28:01] [Client thread/INFO]: [CHAT] Goodbye cruel world...
[22:28:01] [Client thread/INFO]: [CHAT] VideoGameSmash12 took their own life.
[22:28:01] [Client thread/INFO]: [CHAT] *  Trainer_Estate_Level_100 sees koogi123 on minecraft
[22:28:03] [Client thread/INFO]: [CHAT] VassiliZaitsev28 joined the game.
[22:28:03] [Client thread/INFO]: [CHAT] Welcome VassiliZaitsev28 to the server!
[22:28:07] [Client thread/INFO]: [CHAT] neroblackcat left the game.
[22:28:09] [Client thread/INFO]: [CHAT] Home set.
[22:28:09] [Client thread/INFO]: [CHAT] <IlegalMexican> where
[22:28:09] [Client thread/INFO]: [CHAT] < INarutoI> how
[22:28:11] [Client thread/INFO]: [CHAT] *  Trainer_Estate_Level_100 goes on minecraft and goes on pc
[22:28:14] [Client thread/INFO]: [CHAT] <[Level60] Giratina> ./cycler
[22:28:21] [Client thread/INFO]: [CHAT] <[Level60] Giratina> Dont use it on your hand
[22:28:27] [Client thread/INFO]: [CHAT] Unknown command. Type "/help" for help.
[22:28:30] [Client thread/INFO]: [CHAT] <[Level60] Giratina> Use it on a blaze rod
[22:28:33] [Client thread/INFO]: [CHAT] < RaichuILevel100> :D
[22:28:33] [Client thread/INFO]: [CHAT] sagecarr joined the game.
[22:28:33] [Client thread/INFO]: [CHAT] Welcome sagecarr to the server!
[22:28:38] [Client thread/INFO]: [CHAT] Your nickname is now  Dinnerbone.
[22:28:40] [Client thread/INFO]: [CHAT] < RaichuILevel100> ...
[22:28:40] [Client thread/INFO]: [CHAT] <[PokemonTrainer] DakSen> Hello there
[22:28:46] [Client thread/INFO]: [CHAT] <NoahCrapFTW> tp to me for pvp
[22:28:48] [Client thread/INFO]: [CHAT] < INarutoI> i caught a giratina
[22:28:49] [Client thread/INFO]: [CHAT] * IlegalMexican Reminder not to 1v1 NoahCrapFTW he hacks
[22:28:51] [Client thread/INFO]: [CHAT] <NoahCrapFTW> tp to me for pvps
[22:28:54] [Client thread/INFO]: [CHAT] <NoahCrapFTW> tp to me for pvp
[22:28:55] [Client thread/INFO]: [CHAT] < Dinnerbone> Welcome to Minecraft everyone.
[22:28:58] [Client thread/INFO]: [CHAT] < RaichuILevel100> -_-
[22:28:58] [Client thread/INFO]: [CHAT] <NoahCrapFTW> tp to me for pvps
[22:28:59] [Client thread/INFO]: [CHAT] < INarutoI> giratina return
[22:29:06] [Client thread/INFO]: [CHAT] <[Level60] Giratina> -.-
[22:29:08] [Client thread/INFO]: [CHAT] < RaichuILevel100> STOP
[22:29:08] [Client thread/INFO]: [CHAT] <scaffinator> dinnerbone?
[22:29:11] [Client thread/INFO]: [CHAT] NoahCrapFTW left the game.
[22:29:14] [Client thread/INFO]: [CHAT] < Dinnerbone> Yes?
[22:29:18] [Client thread/INFO]: [CHAT] <[Level60] Giratina> Naruto, I'm not yours to catch.
[22:29:20] [Client thread/INFO]: [CHAT] < Herobrine> ahahaah im coming for you
[22:29:22] [Client thread/INFO]: [CHAT] AssassinL left the game.
[22:29:26] [Client thread/INFO]: [CHAT] <[Level60] Giratina> So fuck off.
[22:29:27] [Client thread/INFO]: [CHAT] yoitsronald left the game.
[22:29:30] [Client thread/INFO]: [CHAT] < INarutoI> well i just CAUGHT YOU
[22:29:34] [Client thread/INFO]: [CHAT] < Trainer_Estate_Level_100> ill fuck off XD
[22:29:35] [Client thread/INFO]: [CHAT] < Dinnerbone> Herobrine what are you doing on my game!
[22:29:37] [Client thread/INFO]: [CHAT] <[PokemonTrainer] PancakesAndEggs> -.-
[22:29:41] [Client thread/INFO]: [CHAT] <[Level60] Giratina> -.-
[22:29:45] [Client thread/INFO]: [CHAT] < Trainer_Estate_Level_100> -.-
[22:29:50] [Client thread/INFO]: [CHAT] suprmn is a Super Admin.
[22:29:50] [Client thread/INFO]: [CHAT] suprmn joined the game.
[22:29:51] [Client thread/INFO]: [CHAT] <[Level60] Giratina> Just go...
[22:29:52] [Client thread/INFO]: [CHAT] yoitsronald joined the game.
[22:29:52] [Client thread/INFO]: [CHAT] <[PokemonTrainer] PancakesAndEggs> Naruto, just, just shut the fuck up
[22:29:55] [Client thread/INFO]: [CHAT] < INarutoI> i used a master ball so it had to work
[22:30:00] [Client thread/INFO]: [CHAT] KingJayden23 joined the game.
[22:30:00] [Client thread/INFO]: [CHAT] Welcome KingJayden23 to the server!
[22:30:01] [Client thread/INFO]: [CHAT] <(OwnedByEstate) RaichuILevel100> ...
[22:30:03] [Client thread/INFO]: [CHAT] Sir_Creepity joined the game.
[22:30:04] [Client thread/INFO]: [CHAT] *  Trainer_Estate_Level_100 sleeps
[22:30:04] [Client thread/INFO]: [CHAT] Sir_Creepity left the game.
[22:30:04] [Client thread/INFO]: [CHAT] <[PokemonTrainer] PancakesAndEggs> dude, just leave
[22:30:04] [Client thread/INFO]: [CHAT] < Herobrine> VideoGameSmash12 ill come and get ya
[22:30:05] [Client thread/INFO]: [CHAT] <[Herobrine] yoitsronald> ,??????
[22:30:07] [Client thread/INFO]: [CHAT] <[Level60] Giratina> Naruto, STFU.
[22:30:09] [Client thread/INFO]: [CHAT] <(OwnedByEstate) RaichuILevel100> Arceus is owned by estate
[22:30:10] [Client thread/INFO]: [CHAT] <(OwnedByEstate) RaichuILevel100> BTW
[22:30:15] [Client thread/INFO]: [CHAT] <[Level60] Giratina> You're not part of this RP.
[22:30:21] [Client thread/INFO]: [CHAT] <(OwnedByEstate) RaichuILevel100> I mean
[22:30:23] [Client thread/INFO]: [CHAT] <(OwnedByEstate) RaichuILevel100> not arcus
[22:30:27] [Client thread/INFO]: [CHAT] <(OwnedByEstate) RaichuILevel100> Giratina
[22:30:29] [Client thread/INFO]: [CHAT] ImmortalSp00n joined the game.
[22:30:30] [Client thread/INFO]: [CHAT] < INarutoI> wat if i change my name and skin
[22:30:34] [Client thread/INFO]: [CHAT] ImmortalSp00n left the game.
[22:30:39] [Client thread/INFO]: [CHAT] < Dinnerbone> Naruto Just shut up or your account wil be removed!
[22:30:45] [Client thread/INFO]: [CHAT] < Trainer_Estate_Level_100> yay
[22:30:47] [Client thread/INFO]: [CHAT] < INarutoI> you cant do that
[22:30:49] [Client thread/INFO]: [CHAT] emboe joined the game.
[22:30:49] [Client thread/INFO]: [CHAT] Welcome emboe to the server!
[22:30:53] [Client thread/INFO]: [CHAT] < Trainer_Estate_Level_100> i have two pokemon
[22:30:54] [Client thread/INFO]: [CHAT] *  Herobrine  hahahaha let the master of trolls(ZexyZek come an troll your a$$ ahah
[22:30:56] [Client thread/INFO]: [CHAT] < Trainer_Estate_Level_100> LD
[22:30:58] [Client thread/INFO]: [CHAT] < Trainer_Estate_Level_100> :D