[10:13:43] [Client thread/INFO]: Connecting to 64.34.165.5, 28965
[10:13:44] [Client thread/INFO]: [CHAT] Migwig joined the game.
[10:13:44] [Client thread/INFO]: [CHAT] Welcome Migwig to the server!
[10:13:44] [Client thread/INFO]: [CHAT] Type /help for a list of commands.
[10:13:44] [Client thread/INFO]: [CHAT] Save your builds with World Edit or lose them
[10:13:44] [Client thread/INFO]: [CHAT] Read our website at www.totalfreedom.me to find out how
[10:13:44] [Client thread/INFO]: [CHAT] Read the rules
[10:13:44] [Client thread/INFO]: [CHAT] Read our only authorized forum at www.totalfreedom.boards.net
[10:13:44] [Client thread/INFO]: [CHAT] You have no new mail.
[10:13:45] [Client thread/INFO]: [CHAT] <[Plasmaslime] IHelperInactonium> this kinda looks more like a diamond than a ball...
[10:13:45] [Client thread/INFO]: [CHAT] < TROLOLOLOLOLOLOLOLOLOLOLOLOLOL> :D
[10:13:46] [Client thread/INFO]: [CHAT] <CorbanJ> what is the point of funpark
[10:13:47] [Client thread/INFO]: [CHAT] < Arceus> yea xD
[10:13:50] [Client thread/INFO]: [CHAT] 01MCfan joined the game.
[10:13:50] [Client thread/INFO]: [CHAT] santeeeno left the game.
[10:13:50] [Client thread/INFO]: [CHAT] inFAmas97 is a Senior Admin.
[10:13:50] [Client thread/INFO]: [CHAT] inFAmas97 joined the game.
[10:13:50] [Client thread/INFO]: [CHAT] < Arceus> a little
[10:13:52] [Client thread/INFO]: [CHAT] <[Plasmaslime] IHelperInactonium> i know how to fix it
[10:13:52] [Client thread/INFO]: [CHAT] <Da_master09> op me?
[10:13:54] [Client thread/INFO]: [CHAT] inFAmas97 - Opping all players on the server
[10:13:54] [Client thread/INFO]: [CHAT] You are now op!
[10:13:54] [Client thread/INFO]: [CHAT] <TheLiar26> the point is to have FUN!
[10:13:55] [Client thread/INFO]: [CHAT] <Da_master09> o thanks
[10:13:55] [Client thread/INFO]: [CHAT] < TROLOLOLOLOLOLOLOLOLOLOLOLOLOL> ?
[10:13:55] [Client thread/INFO]: [CHAT] <Extremeawesome> Someone
[10:13:57] [Client thread/INFO]: [CHAT] <Extremeawesome> Come here
[10:14:03] [Client thread/INFO]: [CHAT] <[Plasmaslime] IHelperInactonium> can i make this pokeball round?
[10:14:03] [Client thread/INFO]: [CHAT] <CorbanJ> ok. there should be more levels
[10:14:05] [Client thread/INFO]: [CHAT] <pitta88> im still not op
[10:14:05] [Client thread/INFO]: [CHAT] < Arceus> ok!
[10:14:06] [Client thread/INFO]: [CHAT] Enjoy your new hat!
[10:14:06] [Client thread/INFO]: [CHAT] <CorbanJ> :)
[10:14:07] [Client thread/INFO]: [CHAT] ralphfuoco left the game.
[10:14:09] [Client thread/INFO]: [CHAT] PaintKirby2002 left the game.
[10:14:09] [Client thread/INFO]: [CHAT] <[Plasmaslime] IHelperInactonium> Mew?
[10:14:09] [Client thread/INFO]: [CHAT] * GamjaKid is no longer AFK.
[10:14:10] [Client thread/INFO]: [CHAT] <Extremeawesome> TheLiar26
[10:14:12] [Client thread/INFO]: [CHAT] <Extremeawesome> Look
[10:14:13] [Client thread/INFO]: [CHAT] <toonces26> i love cake
[10:14:16] [Client thread/INFO]: [CHAT] < Arceus> mewww?
[10:14:19] [Client thread/INFO]: [CHAT] <[Plasmaslime] IHelperInactonium> ok, i am turning it round now..
[10:14:20] [Client thread/INFO]: [CHAT] < Mew> huh?
[10:14:20] [Client thread/INFO]: [CHAT] <TheLiar26> comment on what funpark is the best! 1 2 3 4 5 6 7 or 8!!! :D
[10:14:25] [Client thread/INFO]: [CHAT] < Arceus> can the pokeball be round?
[10:14:29] [Client thread/INFO]: [CHAT] Enjoy your new hat!
[10:14:30] [Client thread/INFO]: [CHAT] <CorbanJ> HOw dO yOu CreatE a WaRp
[10:14:31] [Client thread/INFO]: [CHAT] <[Plasmaslime] IHelperInactonium> like rounder
[10:14:32] [Client thread/INFO]: [CHAT] <Extremeawesome> Follow me someone
[10:14:33] [Client thread/INFO]: [CHAT] < Mew> it is round
[10:14:33] [Client thread/INFO]: [CHAT] Fanceh joined the game.
[10:14:33] [Client thread/INFO]: [CHAT] Welcome Fanceh to the server!
[10:14:34] [Client thread/INFO]: [CHAT] < Arceus> ok
[10:14:36] [Client thread/INFO]: [CHAT] < Mew> I did the best I could
[10:14:38] [Client thread/INFO]: [CHAT] <Fanceh> .
[10:14:38] [Client thread/INFO]: [CHAT] <[Plasmaslime] IHelperInactonium> i can make it rounder
[10:14:39] [Client thread/INFO]: [CHAT] FodboldpigenDK left the game.
[10:14:41] [Client thread/INFO]: [CHAT] < Arceus> kk
[10:14:48] [Client thread/INFO]: [CHAT] * DonutsandBacon is no longer AFK.
[10:14:48] [Client thread/INFO]: [CHAT] <DonutsandBacon> hi
[10:14:50] [Client thread/INFO]: [CHAT] <[Plasmaslime] IHelperInactonium> should i make rounder
[10:15:07] [Client thread/INFO]: [CHAT] <Extremeawesome> Follow me
[10:15:10] [Client thread/INFO]: [CHAT] <CorbanJ> how do you creata a warp
[10:15:26] [Client thread/INFO]: [CHAT] <Extremeawesome> Someone
[10:15:49] [Client thread/INFO]: [CHAT] <TheLiar26> ryan why wont u accept skype
[10:23:00] [Client thread/INFO]: Connecting to 64.34.165.5, 28965
[10:23:01] [Client thread/INFO]: [CHAT] Migwig joined the game.
[10:23:01] [Client thread/INFO]: [CHAT] Type /help for a list of commands.
[10:23:01] [Client thread/INFO]: [CHAT] Save your builds with World Edit or lose them
[10:23:01] [Client thread/INFO]: [CHAT] Read our website at www.totalfreedom.me to find out how
[10:23:01] [Client thread/INFO]: [CHAT] Read the rules
[10:23:01] [Client thread/INFO]: [CHAT] Read our only authorized forum at www.totalfreedom.boards.net
[10:23:01] [Client thread/INFO]: [CHAT] You have no new mail.
[10:23:03] [Client thread/INFO]: [CHAT] <[Plasmaslime] IHelperInactonium> wait
[10:23:05] [Client thread/INFO]: [CHAT] <[Plasmaslime] IHelperInactonium> bubbl
[10:23:05] [Client thread/INFO]: [CHAT] <sonicgoods> We see that matthewpbetit.
[10:23:06] [Client thread/INFO]: [CHAT] Server is going offline.
[10:23:06] [Client thread/INFO]: [CHAT] noob left the game.
[10:23:06] [Client thread/INFO]: [CHAT] qazxsw1321 left the game.
[10:23:06] [Client thread/INFO]: [CHAT] sonicgoods left the game.
[10:23:06] [Client thread/INFO]: [CHAT] pitta88 left the game.
[10:23:06] [Client thread/INFO]: [CHAT] shanny2003 left the game.
[10:23:06] [Client thread/INFO]: [CHAT] cooldude161 left the game.
[10:23:06] [Client thread/INFO]: [CHAT] Thundergun1234 left the game.
[10:23:06] [Client thread/INFO]: [CHAT] BlackTheDude left the game.
[10:23:06] [Client thread/INFO]: [CHAT] bubbleman134 left the game.
[10:23:06] [Client thread/INFO]: [CHAT] matthewpbetit left the game.
[10:23:06] [Client thread/INFO]: [CHAT] Babula01 left the game.
[10:23:06] [Client thread/INFO]: [CHAT] DeputyLamona left the game.
[10:23:06] [Client thread/INFO]: [CHAT] inFAmas97 left the game.
[10:23:06] [Client thread/INFO]: [CHAT] Tekkit_Tyler left the game.
[10:23:06] [Client thread/INFO]: [CHAT] nactonium left the game.
[10:23:06] [Client thread/INFO]: [CHAT] artur4 left the game.
[10:23:06] [Client thread/INFO]: [CHAT] Zekrom1644763 left the game.
[10:23:06] [Client thread/INFO]: [CHAT] sofini left the game.
[10:23:06] [Client thread/INFO]: [CHAT] CorbanJ left the game.
[10:23:06] [Client thread/INFO]: [CHAT] GamjaKid left the game.
[10:23:06] [Client thread/INFO]: [CHAT] squid776 left the game.
[10:23:06] [Client thread/INFO]: [CHAT] Gorzoid left the game.
[10:23:06] [Client thread/INFO]: [CHAT] Infination118432 left the game.
[10:23:06] [Client thread/INFO]: [CHAT] SupItsDillon left the game.
[10:23:06] [Client thread/INFO]: [CHAT] Hickerbop left the game.
[10:23:06] [Client thread/INFO]: [CHAT] ralphfuoco left the game.
[10:23:06] [Client thread/INFO]: [CHAT] Alchao left the game.
[10:23:15] [Client thread/INFO]: Connecting to 64.34.165.5, 28965
[10:23:34] [Client thread/INFO]: Connecting to 64.34.165.5, 28965
[10:23:36] [Client thread/INFO]: [CHAT] Migwig joined the game.
[10:23:36] [Client thread/INFO]: [CHAT] BlackTheDude joined the game.
[10:23:36] [Client thread/INFO]: [CHAT] Type /help for a list of commands.
[10:23:36] [Client thread/INFO]: [CHAT] Save your builds with World Edit or lose them
[10:23:36] [Client thread/INFO]: [CHAT] Read our website at www.totalfreedom.me to find out how
[10:23:36] [Client thread/INFO]: [CHAT] Read the rules
[10:23:36] [Client thread/INFO]: [CHAT] Read our only authorized forum at www.totalfreedom.boards.net
[10:23:36] [Client thread/INFO]: [CHAT] You have no new mail.
[10:23:37] [Client thread/INFO]: [CHAT] bubbleman134 joined the game.
[10:23:37] [Client thread/INFO]: [CHAT] Gorzoid left the game.
[10:23:37] [Client thread/INFO]: [CHAT] matthewpbetit joined the game.
[10:23:37] [Client thread/INFO]: [CHAT] shanny2003 joined the game.
[10:23:38] [Client thread/INFO]: [CHAT] Babula01 joined the game.
[10:23:39] [Client thread/INFO]: [CHAT] Gorzoid joined the game.
[10:23:39] [Client thread/INFO]: [CHAT] KSA joined the game.
[10:23:40] [Client thread/INFO]: [CHAT] pitta88 joined the game.
[10:23:40] [Client thread/INFO]: [CHAT] SupItsDillon is an impostor!
[10:23:40] [Client thread/INFO]: [CHAT] Warning: SupItsDillon has been flagged as an impostor!
[10:23:40] [Client thread/INFO]: [CHAT] SupItsDillon joined the game.
[10:23:42] [Client thread/INFO]: [CHAT] Zekrom1644763 joined the game.
[10:23:42] [Client thread/INFO]: [CHAT] squid776 joined the game.
[10:23:43] [Client thread/INFO]: [CHAT] ralphfuoco joined the game.
[10:23:43] [Client thread/INFO]: [CHAT] inFAmas97 - Opping all players on the server
[10:23:43] [Client thread/INFO]: [CHAT] You are now op!
[10:23:43] [Client thread/INFO]: [CHAT] Thundergun1234 joined the game.
[10:23:43] [Client thread/INFO]: [CHAT] GamjaKid joined the game.
[10:23:44] [Client thread/INFO]: [CHAT] Giving 1 of portal to Migwig.
[10:23:44] [Client thread/INFO]: [CHAT] Captainsign joined the game.
[10:23:45] [Client thread/INFO]: [CHAT] < Arceus> wdf?
[10:23:45] [Client thread/INFO]: [CHAT] <SupItsDillon> Cole, shoutbox
[10:23:46] [Client thread/INFO]: [CHAT] Enjoy your new hat!
[10:23:46] [Client thread/INFO]: [CHAT] <shanny2003> so smooth
[10:23:46] [Client thread/INFO]: [CHAT] sonicgoods is a Super Admin.
[10:23:46] [Client thread/INFO]: [CHAT] sonicgoods joined the game.
[10:23:47] [Client thread/INFO]: [CHAT] sofini joined the game.
[10:23:47] [Client thread/INFO]: [CHAT] Tekkit_Tyler joined the game.
[10:23:48] [Client thread/INFO]: [CHAT] <inFAmas97> i saw ;D
[10:23:48] [Client thread/INFO]: [CHAT] ronlde1 joined the game.
[10:23:51] [Client thread/INFO]: [CHAT] <cooldude161> :?
[10:23:54] [Client thread/INFO]: [CHAT] Gorzoid is breaking blocks too fast!
[10:23:54] [Client thread/INFO]: [CHAT] Gorzoid has been banned for 1 minute.
[10:23:54] [Client thread/INFO]: [CHAT] Gorzoid left the game.
[10:23:55] [Client thread/INFO]: [CHAT] qazxsw1321 joined the game.
[10:23:56] [Client thread/INFO]: [CHAT] < Arceus> yep Sup is op xD
[10:23:58] [Client thread/INFO]: [CHAT] CorbanJ joined the game.
[10:23:58] [Client thread/INFO]: [CHAT] <pitta88> dick stop
[10:23:59] [Client thread/INFO]: [CHAT] zachary064 joined the game.
[10:23:59] [Client thread/INFO]: [CHAT] Welcome  Zack to the server!
[10:24:00] [Client thread/INFO]: [CHAT] <shanny2003> like it?
[10:24:00] [Client thread/INFO]: [CHAT] Infination118432 joined the game.
[10:24:02] [Client thread/INFO]: [CHAT] *  General_Thundergun1234 > Hi Everyone
[10:24:04] [Client thread/INFO]: [CHAT] <[Helper++] BlockBoy> Only Shootin' Stars Break A Molold
[10:24:04] [Client thread/INFO]: [CHAT] *  Arceus Hi!
[10:24:05] [Client thread/INFO]: [CHAT] <qazxsw1321> C:
[10:24:06] [Client thread/INFO]: [CHAT] <cooldude161> hello
[10:24:07] [Client thread/INFO]: [CHAT] Coffeepony joined the game.
[10:24:07] [Client thread/INFO]: [CHAT] Coffeepony left the game.
[10:24:07] [Client thread/INFO]: [CHAT] < Mew> hyper digging activated!
[10:24:10] [Client thread/INFO]: [CHAT] NMAN919 joined the game.
[10:24:10] [Client thread/INFO]: [CHAT] [CONSOLE]<Rcon> TwitterBot - Authenticated SupItsDillon as a SuperAdmin
[10:24:12] [Client thread/INFO]: [CHAT] Twilink125 joined the game.
[10:24:12] [Client thread/INFO]: [CHAT] Urb2nhero joined the game.
[10:24:12] [Client thread/INFO]: [CHAT] Welcome NMAN919 to the server!
[10:24:12] [Client thread/INFO]: [CHAT] Rcon - Adding SupItsDillon to the superadmin list.
[10:24:14] [Client thread/INFO]: [CHAT] xXRaffaTheBestXx joined the game.
[10:24:16] [Client thread/INFO]: [CHAT] <pitta88> addy180 is greffing
[10:24:16] [Client thread/INFO]: [CHAT] nactonium joined the game.
[10:24:16] [Client thread/INFO]: [CHAT] Welcome xXRaffaTheBestXx to the server!
[10:24:17] [Client thread/INFO]: [CHAT] < Zack> hi
[10:24:18] [Client thread/INFO]: [CHAT] < IHelperInactonium> buhh
[10:24:18] [Client thread/INFO]: [CHAT] HugsandKittens66 joined the game.
[10:24:18] [Client thread/INFO]: [CHAT] HugsandKittens66 left the game.
[10:24:19] [Client thread/INFO]: [CHAT] <CorbanJ> sstopppppppppppppppppppppppppppppppppppppppppppp this laggggggggggggggggggggg
[10:24:20] [Client thread/INFO]: [CHAT] < Mew> LAG!
[10:24:21] [Client thread/INFO]: [CHAT] < HardcoreKid> buiddder
[10:24:23] [Client thread/INFO]: [CHAT] < Arceus> hai nact
[10:24:23] [Client thread/INFO]: [CHAT] < TheRoseMistress> D:
[10:24:24] [Client thread/INFO]: [CHAT] < HardcoreKid> uh oh
[10:24:26] [Client thread/INFO]: [CHAT] < HardcoreKid> supe mew
[10:24:27] [Client thread/INFO]: [CHAT] < Mew> fuck fuck fuckyty fuck!
[10:24:27] [Client thread/INFO]: [CHAT] inFAmas97 - Opping all players on the server
[10:24:27] [Client thread/INFO]: [CHAT] You are now op!
[10:24:30] [Client thread/INFO]: [CHAT] <xXRaffaTheBestXx> LOL!
[10:24:32] [Client thread/INFO]: [CHAT] < HardcoreKid> its me urb2nhero
[10:24:35] [Client thread/INFO]: [CHAT] < Mew> fuuuuuuuuuuuck!
[10:24:38] [Client thread/INFO]: [CHAT] zachary064 left the game.
[10:24:38] [Client thread/INFO]: [CHAT] <CorbanJ> stop the lagggggggggggg
[10:24:38] [Client thread/INFO]: [CHAT] <xXRaffaTheBestXx> total freedom
[10:24:39] [Client thread/INFO]: [CHAT] < Arceus> fuuuuuuuuuuuuu
[10:24:40] [Client thread/INFO]: [CHAT] <inFAmas97> why the lag wtf
[10:24:42] [Client thread/INFO]: [CHAT] Babula01 left the game.
[10:24:42] [Client thread/INFO]: [CHAT] lynxlps - Removing all server entities.
[10:24:43] [Client thread/INFO]: [CHAT] <[Helper++] BlockBoy> inFAmas97 Is A Loler
[10:24:44] [Client thread/INFO]: [CHAT] < Arceus> YAY
[10:24:44] [Client thread/INFO]: [CHAT] < Mew> arceus i cant fucking take it!
[10:24:45] [Client thread/INFO]: [CHAT] < IHelperInactonium> WHY
[10:24:46] [Client thread/INFO]: [CHAT] < General_Thundergun1234> im just fine
[10:24:46] [Client thread/INFO]: [CHAT] < Arceus> mew
[10:24:46] [Client thread/INFO]: [CHAT] <RANDOMNESSCLANN TheRoseMistress> Why deh laggz?
[10:24:46] [Client thread/INFO]: [CHAT] [Server:lynxlps] HOLY SHIT
[10:24:46] [Client thread/INFO]: [CHAT] <inFAmas97> lol
[10:24:48] [Client thread/INFO]: [CHAT] < IHelperInactonium> LAG
[10:24:48] [Client thread/INFO]: [CHAT] < Arceus> they removed the lag!
[10:24:48] [Client thread/INFO]: [CHAT] inFAmas97 - Removing all server entities.
[10:24:48] [Client thread/INFO]: [CHAT] [Server:lynxlps] 22000 entities
[10:24:48] [Client thread/INFO]: [CHAT] lynxlps - Removing all server entities.
[10:24:49] [Client thread/INFO]: [CHAT] <cooldude161> guys i thinkits the one iwthj low connection
[10:24:50] [Client thread/INFO]: [CHAT] lynxlps - Removing all server entities.
[10:24:52] [Client thread/INFO]: [CHAT] <inFAmas97> DAMNG
[10:24:53] [Client thread/INFO]: [CHAT] SupItsDillon - Removing all server entities.
[10:24:53] [Client thread/INFO]: [CHAT] < IHelperInactonium> 0_o
[10:24:54] [Client thread/INFO]: [CHAT] [Server:lynxlps] LAG Machine is inbound
[10:24:55] [Client thread/INFO]: [CHAT] <sonicgoods> Dayum
[10:24:56] [Client thread/INFO]: [CHAT] [Server:lynxlps] Search for it
[10:24:56] [Client thread/INFO]: [CHAT] <Infination118432> bleh
[10:24:56] [Client thread/INFO]: [CHAT] SupItsDillon - Removing all server entities.
[10:24:57] [Client thread/INFO]: [CHAT] lynxlps - Removing all server entities.
[10:25:00] [Client thread/INFO]: [CHAT] SupItsDillon - Freezing all players
[10:25:00] [Client thread/INFO]: [CHAT] lynxlps - Removing all server entities.
[10:25:01] [Client thread/INFO]: [CHAT] <CorbanJ> total freedom is the laggiest server io have ever had the displesure of going on
[10:25:01] [Client thread/INFO]: [CHAT] SupItsDillon - Halting all non-superadmins.
[10:25:01] [Client thread/INFO]: [CHAT] Your game mode has been updated
[10:25:01] [Client thread/INFO]: [CHAT] You have been halted, don't move!
[10:25:03] [Client thread/INFO]: [CHAT] lynxlps - Removing all server entities.
[10:25:03] [Client thread/INFO]: [CHAT] <inFAmas97> found him
[10:25:04] [Client thread/INFO]: [CHAT] Twilink125 has been a VERY naughty, naughty boy.
[10:25:04] [Client thread/INFO]: [CHAT] Banning: Twilink125, IP: 23.28.*.*.
[10:25:04] [Client thread/INFO]: [CHAT] Twilink125 left the game.
[10:25:06] [Client thread/INFO]: [CHAT] lynxlps - Removing all server entities.
[10:25:08] [Client thread/INFO]: [CHAT] NMAN919 left the game.
[10:25:09] [Client thread/INFO]: [CHAT] pitta88 left the game.
[10:25:10] [Client thread/INFO]: [CHAT] ralphfuoco left the game.
[10:25:11] [Client thread/INFO]: [CHAT] inFAmas97 - Lifting all global and player freezes
[10:25:11] [Client thread/INFO]: [CHAT] SupItsDillon - Unhalting all players.
[10:25:11] [Client thread/INFO]: [CHAT] Your game mode has been updated
[10:25:11] [Client thread/INFO]: [CHAT] You are no longer halted.
[10:25:12] [Client thread/INFO]: [CHAT] <[Helper++] BlockBoy> Unfreez Me
[10:25:12] [Client thread/INFO]: [CHAT] lynxlps - Removing all server entities.
[10:25:13] [Client thread/INFO]: [CHAT] < HardcoreKid> mew
[10:25:13] [Client thread/INFO]: [CHAT] < Mew> WHAT THE HELL?!?!
[10:25:14] [Client thread/INFO]: [CHAT] ralphfuoco joined the game.
[10:25:15] [Client thread/INFO]: [CHAT] <CorbanJ> no lag
[10:25:17] [Client thread/INFO]: [CHAT] < Mew> i was muted!
[10:25:19] [Client thread/INFO]: [CHAT] < Arceus> You are muted, STFU! jk LOL
[10:25:20] [Client thread/INFO]: [CHAT] *  General_Thundergun1234 > Lag Machine Gone
[10:25:21] [Client thread/INFO]: [CHAT] csperry001 joined the game.
[10:25:22] [Client thread/INFO]: [CHAT] <cooldude161> alright its btn
[10:25:24] [Client thread/INFO]: [CHAT] <Infination118432> :D
[10:25:25] [Client thread/INFO]: [CHAT] HugsandKittens66 joined the game.
[10:25:27] [Client thread/INFO]: [CHAT] <CorbanJ> THERE was A lag MACHINE
[10:25:27] [Client thread/INFO]: [CHAT] lynxlps is a Super Admin.
[10:25:27] [Client thread/INFO]: [CHAT] lynxlps joined the game.
[10:25:29] [Client thread/INFO]: [CHAT] < IHelperInactonium> ahhhh lag machine...
[10:25:29] [Client thread/INFO]: [CHAT] <cooldude161> *back to normal*
[10:25:30] [Client thread/INFO]: [CHAT] koogi123 joined the game.
[10:25:31] [Client thread/INFO]: [CHAT] RequiemDestiny is a Senior Admin.
[10:25:31] [Client thread/INFO]: [CHAT] RequiemDestiny joined the game.
[10:25:32] [Client thread/INFO]: [CHAT] < IHelperInactonium> those $*^%)(*.
[10:25:33] [Client thread/INFO]: [CHAT] FliatzoGoji joined the game.
[10:25:35] [Client thread/INFO]: [CHAT] < Arceus> koogi :D
[10:25:35] [Client thread/INFO]: [CHAT] spygirl00 joined the game.
[10:25:35] [Client thread/INFO]: [CHAT] <CorbanJ> sick