[00:20:48] [Client thread/INFO]: Connecting to 64.34.165.5, 28965
[00:20:49] [Client thread/INFO]: [CHAT] VideoGameSmash12 joined the game.
[00:20:49] [Client thread/INFO]: [CHAT] Type /help for a list of commands.
[00:20:49] [Client thread/INFO]: [CHAT] Save your builds with World Edit or lose them
[00:20:49] [Client thread/INFO]: [CHAT] Read our website at www.totalfreedom.me to find out how
[00:20:49] [Client thread/INFO]: [CHAT] Read the rules
[00:20:49] [Client thread/INFO]: [CHAT] Read our only authorized forum at www.totalfreedom.boards.net
[00:20:49] [Client thread/INFO]: [CHAT] You have no new mail.
[00:20:49] [Client thread/INFO]: [CHAT] megaman1975 joined the game.
[00:20:50] [Client thread/INFO]: [CHAT] Welcome megaman1975 to the server!
[00:20:52] [Client thread/INFO]: [CHAT] oreogirl7878 - Tempbanning: Luki2332 for 5 minutes.
[00:20:52] [Client thread/INFO]: [CHAT] Luki2332 left the game.
[00:20:53] [Client thread/INFO]: [CHAT] <delaney426> Racist
[00:20:56] [Client thread/INFO]: [CHAT] <ruari> op me pliz
[00:20:59] [Client thread/INFO]: [CHAT] < MillieYoloXD> oreo are u mod now :D
[00:20:59] [Client thread/INFO]: [CHAT] <Doicraft_Waffle> is this the dedodated wam kids server
[00:20:59] [Client thread/INFO]: [CHAT] <Doicraft_Waffle> lol
[00:21:00] [Client thread/INFO]: [CHAT] allanisgeckomego - Opping ruari
[00:21:03] [Client thread/INFO]: [CHAT] delaney426 - Opping ruari
[00:21:04] [Client thread/INFO]: [CHAT] Yonkerbonk joined the game.
[00:21:04] [Client thread/INFO]: [CHAT] < MillieYoloXD> yea
[00:21:05] [Client thread/INFO]: [CHAT] <megaman1975> Hello
[00:21:07] [Client thread/INFO]: [CHAT] oreogirl7878 - Opping all players on the server
[00:21:07] [Client thread/INFO]: [CHAT] You are now op!
[00:21:08] [Client thread/INFO]: [CHAT] <ruari> sankyou
[00:21:08] [Client thread/INFO]: [CHAT] <Doicraft_Waffle> fucking pathetic
[00:21:08] [Client thread/INFO]: [CHAT] <megaman1975> I am new :D
[00:21:12] [Client thread/INFO]: [CHAT] <brayan3d> any1 wanna pvp
[00:21:13] [Client thread/INFO]: [CHAT] Yonkerbonk left the game.
[00:21:13] [Client thread/INFO]: [CHAT] Yonkerbonk joined the game.
[00:21:14] [Client thread/INFO]: [CHAT] < MillieYoloXD> you get banned if you do one thing wrong
[00:21:17] [Client thread/INFO]: [CHAT] Yonkerbonk left the game.
[00:21:18] [Client thread/INFO]: [CHAT] <Doicraft_Waffle> oh really
[00:21:20] [Client thread/INFO]: [CHAT] procrafter1338 joined the game.
[00:21:20] [Client thread/INFO]: [CHAT] <Doicraft_Waffle> so he gives us all op
[00:21:20] [Client thread/INFO]: [CHAT] < MillieYoloXD> its stupid
[00:21:21] [Client thread/INFO]: [CHAT] <Doicraft_Waffle> makes sense
[00:21:22] [Client thread/INFO]: [CHAT] procrafter1338 left the game.
[00:21:22] [Client thread/INFO]: [CHAT] [Server:oreogirl7878] millie?
[00:21:26] [Client thread/INFO]: [CHAT] Giving 64 of fire to VideoGameSmash12.
[00:21:27] [Client thread/INFO]: [CHAT] < MillieYoloXD> oreogirl ?
[00:21:28] [Client thread/INFO]: [CHAT] < Fluffy> poma123krn
[00:21:29] [Client thread/INFO]: [CHAT] [Server:oreogirl7878] please, enough]
[00:21:30] [Client thread/INFO]: [CHAT] < Fluffy> NO GRIEF!!!!!!!!!!!
[00:21:31] [Client thread/INFO]: [CHAT] <IHappyGamer> ??? ???????
[00:21:32] [Client thread/INFO]: [CHAT] < Fluffy> AHRHG
[00:21:32] [Client thread/INFO]: [CHAT] Enjoy your new hat!
[00:21:32] [Client thread/INFO]: [CHAT] [Server:oreogirl7878] *please, enough
[00:21:34] [Client thread/INFO]: [CHAT] < CaptinSparkelz> &9what does the fox say
[00:21:34] [Client thread/INFO]: [CHAT] < Delaney> Hi
[00:21:35] [Client thread/INFO]: [CHAT] <Msanroman> hello guys
[00:21:37] [Client thread/INFO]: [CHAT] < CaptinSparkelz> what does the fox say
[00:21:38] [Client thread/INFO]: [CHAT] < MillieYoloXD> Just cause your mod, doesnt mean you can act all smart
[00:21:40] [Client thread/INFO]: [CHAT] <FallowDoe> hello
[00:21:40] [Client thread/INFO]: [CHAT] <Doicraft_Waffle> you're*
[00:21:41] [Client thread/INFO]: [CHAT] SONIYA2004 joined the game.
[00:21:42] [Client thread/INFO]: [CHAT] Welcome SONIYA2004 to the server!
[00:21:42] [Client thread/INFO]: [CHAT] [Server:oreogirl7878] Orly?
[00:21:42] [Client thread/INFO]: [CHAT] mrRobot left the game.
[00:21:44] [Client thread/INFO]: [CHAT] < MillieYoloXD> ?
[00:21:48] [Client thread/INFO]: [CHAT] < Fluffy> Millie
[00:21:48] [Client thread/INFO]: [CHAT] < MillieYoloXD> you cant even spell
[00:21:51] [Client thread/INFO]: [CHAT] [Server:oreogirl7878] Last warning
[00:21:51] [Client thread/INFO]: [CHAT] < Fluffy> STFU
[00:21:54] [Client thread/INFO]: [CHAT] Doicraft_Waffle has been a VERY naughty, naughty boy.
[00:21:55] [Client thread/INFO]: [CHAT] < MillieYoloXD> srsly
[00:21:55] [Client thread/INFO]: [CHAT] <brayan3d> soniya2004 u grifer
[00:21:55] [Client thread/INFO]: [CHAT] Banning: Doicraft_Waffle, IP: 198.14.*.*.
[00:21:55] [Client thread/INFO]: [CHAT] Doicraft_Waffle left the game.
[00:21:56] [Client thread/INFO]: [CHAT] <brayan3d> STOP
[00:22:00] [Client thread/INFO]: [CHAT] [Server:ItzBloop] banned for massive worldedits
[00:22:01] [Client thread/INFO]: [CHAT] <brayan3d> u litlle fuck
[00:22:01] [Client thread/INFO]: [CHAT] [Server:oreogirl7878] yep
[00:22:02] [Client thread/INFO]: [CHAT] < MillieYoloXD> stop banning everyone
[00:22:03] [Client thread/INFO]: [CHAT] allanisgeckomego has been a VERY naughty, naughty boy.
[00:22:03] [Client thread/INFO]: [CHAT] Banning: allanisgeckomego, IP: 71.107.*.*.
[00:22:03] [Client thread/INFO]: [CHAT] allanisgeckomego left the game.
[00:22:04] [Client thread/INFO]: [CHAT] <brayan3d> stop
[00:22:06] [Client thread/INFO]: [CHAT] < FallowDoe> dun dun duuuun!
[00:22:07] [Client thread/INFO]: [CHAT] [Server:oreogirl7878] We have the right
[00:22:11] [Client thread/INFO]: [CHAT] [Server:oreogirl7878] Millie?
[00:22:11] [Client thread/INFO]: [CHAT] < Fluffy> To party?
[00:22:11] [Client thread/INFO]: [CHAT] < MillieYoloXD> stop or I report you
[00:22:13] [Client thread/INFO]: [CHAT] <brayan3d> HElp SONIYA2004 grifed me
[00:22:14] [Client thread/INFO]: [CHAT] ItzBloop - Cleared all potion effects from all players
[00:22:16] [Client thread/INFO]: [CHAT] <brayan3d> PLs
[00:22:18] [Client thread/INFO]: [CHAT] <brayan3d> ban him
[00:22:19] [Client thread/INFO]: [CHAT] ruari used a forbidden WorldEdit block type: 105
[00:22:19] [Client thread/INFO]: [CHAT] [Server:oreogirl7878] Want to be next? They were banned for a reason.
[00:22:21] [Client thread/INFO]: [CHAT] <zxz_creeper_zxz> do it then millie
[00:22:24] [Client thread/INFO]: [CHAT] <brayan3d> ban him!
[00:22:24] [Client thread/INFO]: [CHAT] <IHappyGamer> PLEAS brayan3d I NEED CREATIVE PLEAS
[00:22:26] [Client thread/INFO]: [CHAT] poma123krn left the game.
[00:22:26] [Client thread/INFO]: [CHAT] lil_souley2 joined the game.
[00:22:26] [Client thread/INFO]: [CHAT] <ruari> why no op
[00:22:26] [Client thread/INFO]: [CHAT] [Server:oreogirl7878] Go ahead.
[00:22:27] [Client thread/INFO]: [CHAT] <brayan3d> HElp SONIYA2004 grifed me
[00:22:29] [Client thread/INFO]: [CHAT] oreogirl7878 - Opping all players on the server
[00:22:29] [Client thread/INFO]: [CHAT] You are now op!
[00:22:29] [Client thread/INFO]: [CHAT] < MillieYoloXD> Thats it, I am reporting.
[00:22:32] [Client thread/INFO]: [CHAT] <brayan3d> PLS
[00:22:33] [Client thread/INFO]: [CHAT] <zxz_creeper_zxz> k do it
[00:22:41] [Client thread/INFO]: [CHAT] < MillieYoloXD> you cant ban everyone for weak reasons
[00:22:43] [Client thread/INFO]: [CHAT] zxz_creeper_zxz - Rolling back player: SONIYA2004
[00:22:44] [Client thread/INFO]: [CHAT] MillieMinecraft_ has been a VERY naughty, naughty boy.
[00:22:44] [Client thread/INFO]: [CHAT] Banning: MillieMinecraft_, IP: 122.60.*.*.
[00:22:44] [Client thread/INFO]: [CHAT] MillieMinecraft_ left the game.
[00:22:44] [Client thread/INFO]: [CHAT] <IHappyGamer> PLEAS brayan3d I NEED CREATIVE PLEA
[00:22:45] [Client thread/INFO]: [CHAT] <lil_souley2> anyone wanna skype
[00:22:45] [Client thread/INFO]: [CHAT] La335 joined the game.
[00:22:45] [Client thread/INFO]: [CHAT] Welcome La335 to the server!
[00:22:46] [Client thread/INFO]: [CHAT] SONIYA2004 has been a VERY naughty, naughty boy.
[00:22:46] [Client thread/INFO]: [CHAT] Banning: SONIYA2004, IP: 87.238.*.*.
[00:22:46] [Client thread/INFO]: [CHAT] SONIYA2004 left the game.
[00:22:50] [Client thread/INFO]: [CHAT] megaman1975 has been a naughty, naughty boy.
[00:22:53] [Client thread/INFO]: [CHAT] Player left the game.
[00:22:55] [Client thread/INFO]: [CHAT] [Server:oreogirl7878] Don't try and deop me
[00:22:57] [Client thread/INFO]: [CHAT] <megaman1975> :o
[00:22:58] [Client thread/INFO]: [CHAT] 070Dima joined the game.
[00:22:58] [Client thread/INFO]: [CHAT] Welcome 070Dima to the server!
[00:22:59] [Client thread/INFO]: [CHAT] <IHappyGamer> ????? ???????
[00:22:59] [Client thread/INFO]: [CHAT] [Server:oreogirl7878] I am doing my jjob
[00:22:59] [Client thread/INFO]: [CHAT] <megaman1975> Why?
[00:23:00] [Client thread/INFO]: [CHAT] <La335> op me please
[00:23:02] [Client thread/INFO]: [CHAT] <ItzBloop> Mega?!?
[00:23:02] [Client thread/INFO]: [CHAT] zxz_creeper_zxz - De-opping oreogirl7878
[00:23:03] [Client thread/INFO]: [CHAT] sasha11 joined the game.
[00:23:03] [Client thread/INFO]: [CHAT] Welcome sasha11 to the server!
[00:23:06] [Client thread/INFO]: [CHAT] oreogirl7878 - Opping oreogirl7878
[00:23:06] [Client thread/INFO]: [CHAT] zxz_creeper_zxz - Opping all players on the server
[00:23:06] [Client thread/INFO]: [CHAT] You are now op!
[00:23:06] [Client thread/INFO]: [CHAT] <megaman1975> Bloop? :o
[00:23:07] [Client thread/INFO]: [CHAT] <IHappyGamer> ????? ??????? temoha1452
[00:23:07] [Client thread/INFO]: [CHAT] <ItzBloop> MEGA!!!!!!!!!!!!!!!!!!!!!!!
[00:23:08] [Client thread/INFO]: [CHAT] lil_souley2 - Opping La335
[00:23:08] [Client thread/INFO]: [CHAT] <ItzBloop> <3
[00:23:09] [Client thread/INFO]: [CHAT] <megaman1975> BLOOP
[00:23:10] [Client thread/INFO]: [CHAT] jackisawesome3 joined the game.
[00:23:11] [Client thread/INFO]: [CHAT] [Server:zxz_creeper_zxz] xD
[00:23:12] [Client thread/INFO]: [CHAT] <La335> thdx
[00:23:12] [Client thread/INFO]: [CHAT] <megaman1975> holy shit m8 xd
[00:23:13] [Client thread/INFO]: [CHAT] <La335> thx*
[00:23:14] [Client thread/INFO]: [CHAT] < Delaney> whatcha makin'?
[00:23:14] [Client thread/INFO]: [CHAT] [Server:oreogirl7878] :P
[00:23:16] [Client thread/INFO]: [CHAT] [Server:zxz_creeper_zxz] i has to oreo :3
[00:23:16] [Client thread/INFO]: [CHAT] lalka left the game.
[00:23:20] [Client thread/INFO]: [CHAT] <megaman1975> long time no see xD
[00:23:20] [Client thread/INFO]: [CHAT] <ItzBloop> HI
[00:23:23] [Client thread/INFO]: [CHAT] <IHappyGamer> ????? ??????? temoha145
[00:23:23] [Client thread/INFO]: [CHAT] <megaman1975> hey
[00:23:24] [Client thread/INFO]: [CHAT] < Bloop> haha
[00:23:25] [Client thread/INFO]: [CHAT] Enjoy your new hat!
[00:23:25] [Client thread/INFO]: [CHAT] < Fluffy> How did a 12 yr old make a server?
[00:23:25] [Client thread/INFO]: [CHAT] < Bloop> i got banned from uber
[00:23:27] [Client thread/INFO]: [CHAT] oreogirl7878 is sick of IHappyGamer not speaking English! 
[00:23:27] [Client thread/INFO]: [CHAT] zxz_creeper_zxz is sick of IHappyGamer not speaking English! 
[00:23:28] [Client thread/INFO]: [CHAT] Maradona_999 joined the game.
[00:23:28] [Client thread/INFO]: [CHAT] Welcome Maradona_999 to the server!
[00:23:28] [Client thread/INFO]: [CHAT] zxz_creeper_zxz - Opping all players on the server
[00:23:28] [Client thread/INFO]: [CHAT] You are now op!
[00:23:31] [Client thread/INFO]: [CHAT] oreogirl7878 - Opping all players on the server
[00:23:31] [Client thread/INFO]: [CHAT] You are now op!
[00:23:31] [Client thread/INFO]: [CHAT] <megaman1975> so did i :/
[00:23:33] [Client thread/INFO]: [CHAT] Msanroman left the game.
[00:23:34] [Client thread/INFO]: [CHAT] <IHappyGamer> PLEAS brayan3d I NEED CREATIVE PLEA
[00:23:35] [Client thread/INFO]: [CHAT] <_7_7> ?? ??? ????? ???????
[00:23:36] [Client thread/INFO]: [CHAT] [Server:oreogirl7878] Any griefed builds?
[00:23:37] [Client thread/INFO]: [CHAT] ItzBloop - Changing everyone's gamemode to creative
[00:23:38] [Client thread/INFO]: [CHAT] ItzBloop - Opping all players on the server
[00:23:38] [Client thread/INFO]: [CHAT] You are now op!
[00:23:41] [Client thread/INFO]: [CHAT] poma123krn joined the game.
[00:23:43] [Client thread/INFO]: [CHAT] < Fluffy> I caught 3 griefers today
[00:23:43] [Client thread/INFO]: [CHAT] poma123krn left the game.
[00:23:44] [Client thread/INFO]: [CHAT] oreogirl7878 - Opping all players on the server
[00:23:44] [Client thread/INFO]: [CHAT] You are now op!
[00:23:45] [Client thread/INFO]: [CHAT] lil_souley2 has been a naughty, naughty boy.
[00:23:49] [Client thread/INFO]: [CHAT] zxz_creeper_zxz - Opping all players on the server
[00:23:49] [Client thread/INFO]: [CHAT] You are now op!
[00:23:51] [Client thread/INFO]: [CHAT] <_7_7> ??? ????? ??????? ??? ????????? ? ???????? ?? ?? ???
[00:23:57] [Client thread/INFO]: [CHAT] zxz_creeper_zxz is sick of _7_7 not speaking English! 
[00:23:59] [Client thread/INFO]: [CHAT] < FallowDoe> yo
[00:24:01] [Client thread/INFO]: [CHAT] zxz_creeper_zxz - Opping all players on the server
[00:24:01] [Client thread/INFO]: [CHAT] You are now op!
[00:24:03] [Client thread/INFO]: [CHAT] < Fluffy> hi
[00:24:04] [Client thread/INFO]: [CHAT] <brayan3d> why cant u use 1.7.2 stuff?
[00:24:05] [Client thread/INFO]: [CHAT] WhiteShadow103 joined the game.
[00:24:05] [Client thread/INFO]: [CHAT] Welcome  WhiteShadow to the server!
[00:24:06] [Client thread/INFO]: [CHAT] < Fluffy> NO
[00:24:07] [Client thread/INFO]: [CHAT] < Fluffy> not hi
[00:24:16] [Client thread/INFO]: [CHAT] jackisawesome3 left the game.
[00:24:23] [Client thread/INFO]: [CHAT] jackisawesome3 joined the game.
[00:24:26] [Client thread/INFO]: [CHAT] <ruari> ban 070Dima
[00:24:26] [Client thread/INFO]: [CHAT] < Fluffy> Wolf
[00:24:29] [Client thread/INFO]: [CHAT] <zxz_creeper_zxz> .smite jackis
[00:24:30] [Client thread/INFO]: [CHAT] <_7_7> ????? ?? ????
[00:24:31] [Client thread/INFO]: [CHAT] jackisawesome3 left the game.
[00:24:33] [Client thread/INFO]: [CHAT] < Fluffy> Shouldn't people get smited for nicking OTHERZ?
[00:24:33] [Client thread/INFO]: [CHAT] <sasha11> ?????? ?? ??????
[00:24:36] [Client thread/INFO]: [CHAT] [Server:oreogirl7878] yes?
[00:24:39] [Client thread/INFO]: [CHAT] <ruari> ??? ???????
[00:24:40] [Client thread/INFO]: [CHAT] <zxz_creeper_zxz> i was tryinvg to smite but i fails
[00:24:43] [Client thread/INFO]: [CHAT] oreogirl7878 is sick of sasha11 not speaking English! 
[00:24:44] [Client thread/INFO]: [CHAT] < Fluffy> Doesn't seem like that happens very often
[00:24:47] [Client thread/INFO]: [CHAT] <zxz_creeper_zxz> _7 this is your last warning
[00:24:48] [Client thread/INFO]: [CHAT] [Server:oreogirl7878] gtg in a few
[00:24:50] [Client thread/INFO]: [CHAT] <zxz_creeper_zxz> speak english
[00:24:51] [Client thread/INFO]: [CHAT] <zxz_creeper_zxz> please
[00:24:57] [Client thread/INFO]: [CHAT] sasha11 left the game.
[00:24:59] [Client thread/INFO]: [CHAT] <brayan3d> how do i copy my builds
[00:25:00] [Client thread/INFO]: [CHAT] sasha11 joined the game.
[00:25:02] [Client thread/INFO]: [CHAT] megaman1975 left the game.
[00:25:06] [Client thread/INFO]: [CHAT] ItzBloop left the game.
[00:25:07] [Client thread/INFO]: [CHAT] < Fluffy> She did it
[00:25:11] [Client thread/INFO]: [CHAT] temoha1452 left the game.
[00:25:11] [Client thread/INFO]: [CHAT] <brayan3d> sasha11
[00:25:12] [Client thread/INFO]: [CHAT] < Fluffy> Wolf
[00:25:12] [Client thread/INFO]: [CHAT] temoha1452 joined the game.
[00:25:14] [Client thread/INFO]: [CHAT] < Fluffy> Griefed build
[00:25:14] [Client thread/INFO]: [CHAT] <brayan3d> Stop griefing
[00:25:18] [Client thread/INFO]: [CHAT] [Server:oreogirl7878] Who griefed it?
[00:25:19] [Client thread/INFO]: [CHAT] < Fluffy> Idk
[00:25:19] [Client thread/INFO]: [CHAT] ruari used a forbidden WorldEdit block type: 11
[00:25:21] [Client thread/INFO]: [CHAT] < Fluffy> I saw it vanish
[00:25:23] [Client thread/INFO]: [CHAT] <brayan3d> it was sasha11
[00:25:23] [Client thread/INFO]: [CHAT] megaman1975 joined the game.
[00:25:24] [Client thread/INFO]: [CHAT] megaman1975 is breaking blocks too fast!
[00:25:24] [Client thread/INFO]: [CHAT] megaman1975 has been banned for 1 minute.
[00:25:24] [Client thread/INFO]: [CHAT] megaman1975 left the game.
[00:25:24] [Client thread/INFO]: [CHAT] <ruari> why no op
[00:25:27] [Client thread/INFO]: [CHAT] < Fluffy> It was there then it wasn't there
[00:25:28] [Client thread/INFO]: [CHAT] WhiteShadow103 left the game.
[00:25:28] [Client thread/INFO]: [CHAT] <VideoGameSmash12> i think lord did that!
[00:25:32] [Client thread/INFO]: [CHAT] ManoloDorgas13 joined the game.
[00:25:32] [Client thread/INFO]: [CHAT] Welcome ManoloDorgas13 to the server!
[00:25:34] [Client thread/INFO]: [CHAT] delaney426 left the game.
[00:25:35] [Client thread/INFO]: [CHAT] <VideoGameSmash12> he has a axe
[00:25:37] [Client thread/INFO]: [CHAT] zxz_creeper_zxz left the game.
[00:25:39] [Client thread/INFO]: [CHAT] <ruari> op servers
[00:25:39] [Client thread/INFO]: [CHAT] <brayan3d> how do i /copy and past stuff
[00:25:39] [Client thread/INFO]: [CHAT] <_7_7> ????? ???? ????? ??????? ???? ????? ?????? ????????
[00:25:44] [Client thread/INFO]: [CHAT] oreogirl7878 - Tempbanning: _7_7 for 5 minutes.
[00:25:44] [Client thread/INFO]: [CHAT] _7_7 left the game.
[00:25:46] [Client thread/INFO]: [CHAT] <brayan3d> i whant to copy my build
[00:26:19] [Client thread/INFO]: Connecting to 64.34.165.5, 28965
[00:26:20] [Client thread/INFO]: [CHAT] VideoGameSmash12 joined the game.
[00:26:20] [Client thread/INFO]: [CHAT] Type /help for a list of commands.
[00:26:20] [Client thread/INFO]: [CHAT] Save your builds with World Edit or lose them
[00:26:20] [Client thread/INFO]: [CHAT] Read our website at www.totalfreedom.me to find out how
[00:26:20] [Client thread/INFO]: [CHAT] Read the rules
[00:26:20] [Client thread/INFO]: [CHAT] Read our only authorized forum at www.totalfreedom.boards.net
[00:26:20] [Client thread/INFO]: [CHAT] You have no new mail.
[00:26:22] [Client thread/INFO]: [CHAT] 070Dima joined the game.
[00:26:23] [Client thread/INFO]: [CHAT] swampdonkey14 joined the game.
[00:26:23] [Client thread/INFO]: [CHAT] oreogirl7878 - Setting everyone's Worldedit block modification limit to 500.
[00:26:28] [Client thread/INFO]: [CHAT] <brayan3d> how do i /copy and past stuff i whant to copy and past my build pls
[00:26:30] [Client thread/INFO]: [CHAT] Logdotzip joined the game.
[00:26:30] [Client thread/INFO]: [CHAT] Welcome Logdotzip to the server!
[00:26:32] [Client thread/INFO]: [CHAT] Logdotzip is breaking blocks too fast!
[00:26:32] [Client thread/INFO]: [CHAT] Logdotzip has been banned for 1 minute.
[00:26:32] [Client thread/INFO]: [CHAT] Logdotzip left the game.
[00:26:34] [Client thread/INFO]: [CHAT] <swampdonkey14> someone look at my self made skin
[00:26:36] [Client thread/INFO]: [CHAT] [Server:oreogirl7878] Can't find the grieferers edit
[00:26:36] [Client thread/INFO]: [CHAT] <VideoGameSmash12> oreo you are awesome
[00:26:37] [Client thread/INFO]: [CHAT] oreogirl7878 - Opping all players on the server
[00:26:37] [Client thread/INFO]: [CHAT] You are now op!
[00:26:41] [Client thread/INFO]: [CHAT] [Server:oreogirl7878] thank you
[00:26:47] [Client thread/INFO]: [CHAT] [Server:oreogirl7878] I can not find the griefer BUT
[00:26:49] [Client thread/INFO]: [CHAT] delaney426 joined the game.
[00:26:50] [Client thread/INFO]: [CHAT] <brayan3d> how do i /copy and past stuff i whant to copy and past my build pls!!!
[00:26:51] [Client thread/INFO]: [CHAT] IHappyGamer joined the game.
[00:26:56] [Client thread/INFO]: [CHAT] [Server:oreogirl7878] anymore problems, contact me
[00:26:59] [Client thread/INFO]: [CHAT] [Server:oreogirl7878] gtg peeps, bai
[00:27:00] [Client thread/INFO]: [CHAT] <VideoGameSmash12> alright
[00:27:01] [Client thread/INFO]: [CHAT] <brayan3d> oreogirl7878 can u help me
[00:27:03] [Client thread/INFO]: [CHAT] swampdonkey14 left the game.
[00:27:03] [Client thread/INFO]: [CHAT] oreogirl7878 left the game.
[00:27:03] [Client thread/INFO]: [CHAT] ArcheYT joined the game.
[00:27:03] [Client thread/INFO]: [CHAT] Welcome ArcheYT to the server!
[00:27:08] [Client thread/INFO]: [CHAT] <brayan3d> and sa can help me pls
[00:27:15] [Client thread/INFO]: [CHAT] <brayan3d> omg no admins
[00:27:19] [Client thread/INFO]: [CHAT] <brayan3d> fuck ya
[00:27:25] [Client thread/INFO]: [CHAT] acergamer007 joined the game.
[00:27:25] [Client thread/INFO]: [CHAT] Welcome acergamer007 to the server!
[00:27:29] [Client thread/INFO]: [CHAT] emle03 joined the game.
[00:27:29] [Client thread/INFO]: [CHAT] Welcome emle03 to the server!
[00:27:31] [Client thread/INFO]: [CHAT] 070Dima left the game.
[00:27:32] [Client thread/INFO]: [CHAT] jamdog26 joined the game.
[00:27:32] [Client thread/INFO]: [CHAT] Welcome jamdog26 to the server!
[00:27:33] [Client thread/INFO]: [CHAT] Logdotzip joined the game.
[00:27:38] [Client thread/INFO]: [CHAT] <Logdotzip> hello
[00:27:42] [Client thread/INFO]: [CHAT] <jamdog26> lol
[00:27:47] [Client thread/INFO]: [CHAT] tw8251 joined the game.
[00:27:47] [Client thread/INFO]: [CHAT] Welcome tw8251 to the server!
[00:27:48] [Client thread/INFO]: [CHAT] AdepilotYT joined the game.
[00:27:48] [Client thread/INFO]: [CHAT] Welcome AdepilotYT to the server!
[00:27:48] [Client thread/INFO]: [CHAT] Aiden099 joined the game.
[00:27:49] [Client thread/INFO]: [CHAT] FallowDoe - Opping Logdotzip
[00:27:52] [Client thread/INFO]: [CHAT] <tw8251> Hi
[00:27:52] [Client thread/INFO]: [CHAT] 070Dima joined the game.
[00:27:52] [Client thread/INFO]: [CHAT] <Logdotzip> :o
[00:27:53] [Client thread/INFO]: [CHAT] <Logdotzip> op?
[00:27:56] [Client thread/INFO]: [CHAT] <Logdotzip> for me?
[00:28:01] [Client thread/INFO]: [CHAT] emle03 left the game.
[00:28:03] [Client thread/INFO]: [CHAT] < FallowDoe> Everyone gets op
[00:28:03] [Client thread/INFO]: [CHAT] Enjoy your new hat!
[00:28:09] [Client thread/INFO]: [CHAT] temoha1452 joined the game.
[00:28:10] [Client thread/INFO]: [CHAT] <Aiden099> who wantz to join my server????
[00:28:11] [Client thread/INFO]: [CHAT] LopcrafterHD joined the game.
[00:28:11] [Client thread/INFO]: [CHAT] Welcome LopcrafterHD to the server!
[00:28:14] [Client thread/INFO]: [CHAT] 42qre joined the game.
[00:28:14] [Client thread/INFO]: [CHAT] Welcome 42qre to the server!
[00:28:15] [Client thread/INFO]: [CHAT] <tw8251> Could i have OP
[00:28:15] [Client thread/INFO]: [CHAT] <acergamer007> brayan?
[00:28:16] [Client thread/INFO]: [CHAT] Enjoy your new hat!
[00:28:16] [Client thread/INFO]: [CHAT] <jamdog26> op me
[00:28:17] [Client thread/INFO]: [CHAT] Enjoy your new hat!
[00:28:20] [Client thread/INFO]: [CHAT] <jamdog26> give me op!
[00:28:23] [Client thread/INFO]: [CHAT] FallowDoe - Opping tw8251
[00:28:26] [Client thread/INFO]: [CHAT] <tw8251> Thnx
[00:28:26] [Client thread/INFO]: [CHAT] delaney426 - Opping jamdog26
[00:28:28] [Client thread/INFO]: [CHAT] Logdotzip - Opping jamdog26
[00:28:28] [Client thread/INFO]: [CHAT] <jamdog26> ty
[00:28:29] [Client thread/INFO]: [CHAT] emle03 joined the game.
[00:28:30] [Client thread/INFO]: [CHAT] <acergamer007> ho wants firework?
[00:28:30] [Client thread/INFO]: [CHAT] markuslem joined the game.
[00:28:30] [Client thread/INFO]: [CHAT] <Aiden099> who wantz to join my server????!!!!????!!?
[00:28:32] [Client thread/INFO]: [CHAT] LopcrafterHD - Opping jamdog26
[00:28:33] [Client thread/INFO]: [CHAT] Logdotzip - Opping Logdotzip
[00:28:34] [Client thread/INFO]: [CHAT] < Delaney> NP
[00:28:39] [Client thread/INFO]: [CHAT] Msanroman joined the game.
[00:28:41] [Client thread/INFO]: [CHAT] < iiiiiiiiiiiiiiiiiiiii> i
[00:28:44] [Client thread/INFO]: [CHAT] <jamdog26> nick
[00:28:46] [Client thread/INFO]: [CHAT] FallowDoe - Opping acergamer007
[00:28:47] [Client thread/INFO]: [CHAT] Herobrine joined the game.
[00:28:49] [Client thread/INFO]: [CHAT] Msanroman left the game.
[00:28:50] [Client thread/INFO]: [CHAT] < iiiiiiiiiiiiiiiiiiiiiuui> LOL
[00:28:51] [Client thread/INFO]: [CHAT] < Sweg> t
[00:28:52] [Client thread/INFO]: [CHAT] < aaaaaaaaaa> lel
[00:28:53] [Client thread/INFO]: [CHAT] tw8251 used a forbidden WorldEdit block type: tnt
[00:28:55] [Client thread/INFO]: [CHAT] poma123krn joined the game.
[00:28:57] [Client thread/INFO]: [CHAT] poma123krn left the game.
[00:29:02] [Client thread/INFO]: [CHAT] < hi> who wantz to join my server????!!!!????!!?!!
[00:29:02] [Client thread/INFO]: [CHAT] < FallowDoe> please do not use & k
[00:29:05] [Client thread/INFO]: [CHAT] Error: Unknown item name: minecraft:portal.
[00:29:08] [Client thread/INFO]: [CHAT] emle03 left the game.
[00:29:10] [Client thread/INFO]: [CHAT] < aaaaa> hi :)
[00:29:13] [Client thread/INFO]: [CHAT] 070Dima left the game.
[00:29:14] [Client thread/INFO]: [CHAT] < Aiden> who wantz to join my server????!!!!????!!?!!?
[00:29:15] [Client thread/INFO]: [CHAT] < aaaaa> :)
[00:29:17] [Client thread/INFO]: [CHAT] Giving 64 of portal to VideoGameSmash12.
[00:29:19] [Client thread/INFO]: [CHAT] Enjoy your new hat!
[00:29:20] [Client thread/INFO]: [CHAT] < dfesfgv> Hello
[00:29:24] [Client thread/INFO]: [CHAT] < aaaaaaaaaaaaaaaaaaaaaaa> hey
[00:29:29] [Client thread/INFO]: [CHAT] < HEROBRINE> .
[00:29:33] [Client thread/INFO]: [CHAT] Giving 64 of ender portal to VideoGameSmash12.
[00:29:34] [Client thread/INFO]: [CHAT] Enjoy your new hat!
[00:29:36] [Client thread/INFO]: [CHAT] <tw8251> &k u mad
[00:29:37] [Client thread/INFO]: [CHAT] Logdotzip is breaking blocks too fast!
[00:29:37] [Client thread/INFO]: [CHAT] Logdotzip has been banned for 3 minutes.
[00:29:37] [Client thread/INFO]: [CHAT] Logdotzip left the game.
[00:29:46] [Client thread/INFO]: [CHAT] <tw8251> *ktt
[00:29:48] [Client thread/INFO]: [CHAT] <tw8251> &ktt
[00:29:55] [Client thread/INFO]: [CHAT] markuslem left the game.
[00:30:03] [Client thread/INFO]: [CHAT] <tw8251> Who is the owner
[00:30:05] [Client thread/INFO]: [CHAT] Yonkerbonk joined the game.
[00:30:09] [Client thread/INFO]: [CHAT] < Aiden> who wantz to join my server????!!!!????!!?!!?????
[00:30:10] [Client thread/INFO]: [CHAT] Yonkerbonk left the game.
[00:30:10] [Client thread/INFO]: [CHAT] _7_7 joined the game.
[00:30:15] [Client thread/INFO]: [CHAT] tw8251 left the game.
[00:30:16] [Client thread/INFO]: [CHAT] < FallowDoe> Honestly I don't care if use & k yet the admin does. :P
[00:30:18] [Client thread/INFO]: [CHAT] <acergamer007> get me out of this
[00:30:18] [Client thread/INFO]: [CHAT] Enjoy your new hat!
[00:30:19] [Client thread/INFO]: [CHAT] acergamer007 left the game.
[00:30:21] [Client thread/INFO]: [CHAT] acergamer007 joined the game.
[00:30:24] [Client thread/INFO]: [CHAT] < aaaaaaaaaaaaaaaaaaaaaaa> :)
[00:30:26] [Client thread/INFO]: [CHAT] < Aiden> who wantz to join my server????!!!!????!!?!!????? Say I
[00:30:27] [Client thread/INFO]: [CHAT] < FallowDoe> Just warning you. ;3
[00:30:37] [Client thread/INFO]: [CHAT] <VideoGameSmash12> suicdie
[00:30:43] [Client thread/INFO]: [CHAT] LopcrafterHD left the game.
[00:30:43] [Client thread/INFO]: [CHAT] Unknown command. Type "/help" for help.
[00:30:49] [Client thread/INFO]: [CHAT] /suicide, /survival
[00:30:50] [Client thread/INFO]: [CHAT] Use the /back command to return to your death point.
[00:30:50] [Client thread/INFO]: [CHAT] Goodbye cruel world...
[00:30:50] [Client thread/INFO]: [CHAT] VideoGameSmash12 took their own life.
[00:30:50] [Client thread/INFO]: [CHAT] <_7_7> ee
[00:30:50] [Client thread/INFO]: [CHAT] <AdepilotYT> archeyt sucks
[00:30:54] [Client thread/INFO]: [CHAT] cocomoco44 joined the game.
[00:30:59] [Client thread/INFO]: [CHAT] <ArcheYT> who cares nigga
[00:31:01] [Client thread/INFO]: [CHAT] acergamer007 left the game.
[00:31:03] [Client thread/INFO]: [CHAT] _Masyaka_ joined the game.
[00:31:03] [Client thread/INFO]: [CHAT] Welcome _Masyaka_ to the server!
[00:31:12] [Client thread/INFO]: [CHAT] 070Dima joined the game.
[00:31:20] [Client thread/INFO]: [CHAT] < Aiden> who wantz to join my server????!!!!????!!?!!????? Say I!
[00:31:29] [Client thread/INFO]: [CHAT] <42qre> EHO
[00:31:30] [Client thread/INFO]: [CHAT] ArcheYT left the game.
[00:31:38] [Client thread/INFO]: [CHAT] <42qre> Andreas
[00:31:42] [Client thread/INFO]: [CHAT] <AdepilotYT> t
[00:31:44] [Client thread/INFO]: [CHAT] <IHappyGamer> ???
[00:31:48] [Client thread/INFO]: [CHAT] Aiden099 left the game.
[00:31:49] [Client thread/INFO]: [CHAT] SuperDJD joined the game.
[00:32:02] [Client thread/INFO]: [CHAT] <_7_7> IHappyGamer ? ???? ????? ???????? ????? ???????? ??????? ?? ?? ?????
[00:32:04] [Client thread/INFO]: [CHAT] pro100V1per joined the game.
[00:32:04] [Client thread/INFO]: [CHAT] Welcome pro100V1per to the server!
[00:32:04] [Client thread/INFO]: [CHAT] 070Dima left the game.
[00:32:07] [Client thread/INFO]: [CHAT] <IHappyGamer> ??
[00:32:09] [Client thread/INFO]: [CHAT]  ---- Help -- Page 1/10 ----
[00:32:09] [Client thread/INFO]: [CHAT] AcidFreedom: Plugin Help: /help acidfreedom
[00:32:09] [Client thread/INFO]: [CHAT] Essentials: Plugin Help: /help essentials
[00:32:09] [Client thread/INFO]: [CHAT] EssentialsSpawn: Plugin Help: /help essentialsspawn
[00:32:09] [Client thread/INFO]: [CHAT] /acidfreedom: Info about AcidFreedom.
[00:32:09] [Client thread/INFO]: [CHAT] /ai: Info about getting admin.
[00:32:09] [Client thread/INFO]: [CHAT] /emf: Tells the user to speak english. Do not use against people of other nations.
[00:32:09] [Client thread/INFO]: [CHAT] /link: Links for important TF sites and stuff.
[00:32:09] [Client thread/INFO]: [CHAT] /afk: Marks you as away-from-keyboard.
[00:32:09] [Client thread/INFO]: [CHAT] /back: Teleports you to your location prior to tp/spawn/warp.
[00:32:09] [Client thread/INFO]: [CHAT] Type /help 2 to read the next page.
[00:32:12] [Client thread/INFO]: [CHAT] acergamer007 joined the game.
[00:32:12] [Client thread/INFO]: [CHAT] 070Dima joined the game.
[00:32:13] [Client thread/INFO]: [CHAT] okman12 joined the game.
[00:32:13] [Client thread/INFO]: [CHAT] Welcome okman12 to the server!
[00:32:14] [Client thread/INFO]: [CHAT] You do not have permission to use this command.
[00:32:15] [Client thread/INFO]: [CHAT] acergamer007 left the game.
[00:32:16] [Client thread/INFO]: [CHAT] *  iiiiiiiiiiiiiiiiiiiiiuui is now AFK.
[00:32:20] [Client thread/INFO]: [CHAT] <Andreas> stop
[00:32:21] [Client thread/INFO]: [CHAT] swampdonkey14 joined the game.
[00:32:22] [Client thread/INFO]: [CHAT] <pro100V1per> ???? ??
[00:32:24] [Client thread/INFO]: [CHAT] <_7_7> ??? ? ?????? ??????? ???? ?????? ????????
[00:32:30] [Client thread/INFO]: [CHAT] Stonedflame joined the game.
[00:32:30] [Client thread/INFO]: [CHAT] Welcome Stonedflame to the server!
[00:32:34] [Client thread/INFO]: [CHAT] Your nickname is now: VideoGameSmash12
[00:32:37] [Client thread/INFO]: [CHAT] <Stonedflame> t
[00:32:38] [Client thread/INFO]: [CHAT] *  iiiiiiiiiiiiiiiiiiiiiuui is no longer AFK.
[00:32:44] [Client thread/INFO]: [CHAT] <Stonedflame> Hello
[00:32:44] [Client thread/INFO]: [CHAT] <IHappyGamer> ???? ? ??????
[00:32:44] [Client thread/INFO]: [CHAT] lalka joined the game.
[00:32:45] [Client thread/INFO]: [CHAT] <swampdonkey14> andreas is griefing
[00:32:46] [Client thread/INFO]: [CHAT] untamed81 joined the game.
[00:32:47] [Client thread/INFO]: [CHAT] <_7_7> ???
[00:32:51] [Client thread/INFO]: [CHAT] Yonkerbonk joined the game.
[00:32:54] [Client thread/INFO]: [CHAT] <IHappyGamer> ? ???
[00:32:55] [Client thread/INFO]: [CHAT] <lalka> d
[00:32:55] [Client thread/INFO]: [CHAT] Yonkerbonk left the game.
[00:33:00] [Client thread/INFO]: [CHAT] Giving 1 of skull item
[00:33:04] [Client thread/INFO]: [CHAT] und3aduser joined the game.
[00:33:07] [Client thread/INFO]: [CHAT] Giving 1 of skull item
[00:33:11] [Client thread/INFO]: [CHAT] < MTV> Where is baazla
[00:33:14] [Client thread/INFO]: [CHAT] < Delaney> Where?
[00:33:15] [Client thread/INFO]: [CHAT] ArcheYT joined the game.
[00:33:18] [Client thread/INFO]: [CHAT] jabalu7 joined the game.
[00:33:20] [Client thread/INFO]: [CHAT] <Stonedflame> can i be op?
[00:33:20] [Client thread/INFO]: [CHAT] <Stonedflame> Plz
[00:33:21] [Client thread/INFO]: [CHAT] <swampdonkey14> follow me
[00:33:22] [Client thread/INFO]: [CHAT] < Delaney> this was already griefed
[00:33:23] [Client thread/INFO]: [CHAT] jabalu7 left the game.
[00:33:24] [Client thread/INFO]: [CHAT] <SuperDJD> OP plz
[00:33:26] [Client thread/INFO]: [CHAT] azfanatic11 joined the game.
[00:33:26] [Client thread/INFO]: [CHAT] Welcome azfanatic11 to the server!
[00:33:27] [Client thread/INFO]: [CHAT] Herobrine - Opping Stonedflame
[00:33:28] [Client thread/INFO]: [CHAT] <Stonedflame> someone op me?
[00:33:28] [Client thread/INFO]: [CHAT] <okman12> ??? ???????
[00:33:29] [Client thread/INFO]: [CHAT] <swampdonkey14> here
[00:33:30] [Client thread/INFO]: [CHAT] <Stonedflame> thank u
[00:33:30] [Client thread/INFO]: [CHAT] AdepilotYT left the game.
[00:33:31] [Client thread/INFO]: [CHAT] <070Dima> what the hell is going on i cant place white coloured glass whi
[00:33:31] [Client thread/INFO]: [CHAT] jabalu7 joined the game.
[00:33:33] [Client thread/INFO]: [CHAT] < Delaney> o
[00:33:33] [Client thread/INFO]: [CHAT] <SuperDJD> OP plz!
[00:33:35] [Client thread/INFO]: [CHAT] emle03 joined the game.
[00:33:36] [Client thread/INFO]: [CHAT] FallowDoe - Opping SuperDJD
[00:33:37] [Client thread/INFO]: [CHAT] jabalu7 left the game.
[00:33:38] [Client thread/INFO]: [CHAT] <070Dima> why
[00:33:39] [Client thread/INFO]: [CHAT] ArcheYT left the game.
[00:33:40] [Client thread/INFO]: Warning: Clientside chunk ticking took 265 ms
[00:33:42] [Client thread/INFO]: [CHAT] Cake_Sergeant joined the game.
[00:33:42] [Client thread/INFO]: [CHAT] Welcome Cake_Sergeant to the server!
[00:33:50] [Client thread/INFO]: [CHAT] < Delaney> ill tell a admin when they come on
[00:33:53] [Client thread/INFO]: [CHAT] Yonkerbonk joined the game.
[00:33:55] [Client thread/INFO]: [CHAT] <swampdonkey14> ok
[00:34:00] [Client thread/INFO]: [CHAT] jabalu7 joined the game.
[00:34:04] [Client thread/INFO]: [CHAT] <Cake_Sergeant> What is ddos?
[00:34:07] [Client thread/INFO]: [CHAT] Msanroman joined the game.
[00:34:09] [Client thread/INFO]: [CHAT] * La335 is now AFK.
[00:34:11] [Client thread/INFO]: [CHAT] Yonkerbonk left the game.
[00:34:13] [Client thread/INFO]: [CHAT] <jabalu7> am i op
[00:34:14] [Client thread/INFO]: [CHAT] Stonedflame used a forbidden WorldEdit block type: 10
[00:34:15] [Client thread/INFO]: [CHAT] mark07040 joined the game.
[00:34:15] [Client thread/INFO]: [CHAT] Welcome mark07040 to the server!
[00:34:15] [Client thread/INFO]: [CHAT] FallowDoe - Opping Cake_Sergeant
[00:34:15] [Client thread/INFO]: [CHAT] <jabalu7> ok
[00:34:17] [Client thread/INFO]: [CHAT] 070Dima left the game.
[00:34:17] [Client thread/INFO]: [CHAT] ArcheYT joined the game.
[00:34:18] [Client thread/INFO]: [CHAT] SuperDJD left the game.
[00:34:18] [Client thread/INFO]: [CHAT] < aaaaaaaaaaaaaaaaaaaaaaa> Everyone COme to /warp #sex
[00:34:19] [Client thread/INFO]: [CHAT] < aaaaaaaaaaaaaaaaaaaaaaa> Everyone COme to /warp #sex !!!!!!!!!!!!!!!!!!!!!!!!!!!!!!!!!!!!!!!
[00:34:25] [Client thread/INFO]: [CHAT] lee17 joined the game.
[00:34:25] [Client thread/INFO]: [CHAT] Welcome  Lee17 to the server!
[00:34:26] [Client thread/INFO]: [CHAT] Warping to #sex.
[00:34:28] [Client thread/INFO]: [CHAT] RequiemDestiny is a Senior Admin.
[00:34:28] [Client thread/INFO]: [CHAT] RequiemDestiny joined the game.
[00:34:28] [Client thread/INFO]: [CHAT] Welcome RequiemDestiny to the server!
[00:34:31] [Client thread/INFO]: [CHAT] RequiemDestiny - Opping all players on the server
[00:34:31] [Client thread/INFO]: [CHAT] You are now op!
[00:34:33] [Client thread/INFO]: [CHAT] < aaaaaaaaaaaaaaaaaaaaaaa> Everyone COme to /warp #sex !!!!!!!!!!!!!!!!!!!!!!!!!!!!!!!!!!!!!!! !!!
[00:34:34] [Client thread/INFO]: [CHAT] emle03 left the game.
[00:34:37] [Client thread/INFO]: [CHAT] emle03 joined the game.
[00:34:38] [Client thread/INFO]: [CHAT] ArcheYT left the game.
[00:34:39] [Client thread/INFO]: [CHAT] emle03 left the game.
[00:34:41] [Client thread/INFO]: [CHAT] emle03 joined the game.
[00:34:47] [Client thread/INFO]: [CHAT] untamed81 left the game.
[00:34:53] [Client thread/INFO]: [CHAT] < FallowDoe> Oh hurray an admin. :3
[00:34:54] [Client thread/INFO]: [CHAT] [Server:RequiemDestiny] Stonedflame, remove you &k nick or be subject to sanctions.
[00:34:56] [Client thread/INFO]: [CHAT] < Lee17> Hello
[00:35:01] [Client thread/INFO]: [CHAT] jabalu7 has been a naughty, naughty boy.
[00:35:03] [Client thread/INFO]: [CHAT] Stonedflame used a forbidden WorldEdit block type: water
[00:35:04] [Client thread/INFO]: [CHAT] Luki2332 joined the game.
[00:35:06] [Client thread/INFO]: [CHAT] <jabalu7> what
[00:35:07] [Client thread/INFO]: [CHAT] < sgbd> it isnt? :/
[00:35:08] [Client thread/INFO]: [CHAT] [Server:RequiemDestiny] No &k nicks
[00:35:10] [Client thread/INFO]: [CHAT] RequiemDestiny - Opping all players on the server
[00:35:10] [Client thread/INFO]: [CHAT] You are now op!
[00:35:11] [Client thread/INFO]: [CHAT] < lol> t
[00:35:15] [Client thread/INFO]: [CHAT] < lol> xDw
[00:35:17] [Client thread/INFO]: [CHAT] < Lee17> :P
[00:35:20] [Client thread/INFO]: [CHAT] < brayan3d> t
[00:35:21] [Client thread/INFO]: [CHAT] RequiemDestiny left the game.
[00:35:21] [Client thread/INFO]: [CHAT] <Andreas> 42 ER STOP
[00:35:23] [Client thread/INFO]: Stopping!