[05:31:59] [Client thread/INFO]: Connecting to 64.34.165.5, 28965
[05:32:00] [Client thread/INFO]: [CHAT] VideoGameSmash12 joined the game.
[05:32:00] [Client thread/INFO]: [CHAT] Type /help for a list of commands.
[05:32:00] [Client thread/INFO]: [CHAT] Save your builds with World Edit or lose them
[05:32:00] [Client thread/INFO]: [CHAT] Read our website at www.totalfreedom.me to find out how
[05:32:00] [Client thread/INFO]: [CHAT] Read the rules
[05:32:00] [Client thread/INFO]: [CHAT] Read our only authorized forum at www.totalfreedom.boards.net
[05:32:00] [Client thread/INFO]: [CHAT] You have no new mail.
[05:32:01] [Client thread/INFO]: [CHAT] andybravec - Opping duncand12
[05:32:02] [Client thread/INFO]: [CHAT] < Fluffy> You're in trouble
[05:32:03] [Client thread/INFO]: [CHAT] < Fluffy> Now
[05:32:05] [Client thread/INFO]: [CHAT] < r> ok
[05:32:06] [Client thread/INFO]: [CHAT] <duncand12> Thanks
[05:32:07] [Client thread/INFO]: [CHAT] Warping to hunger.
[05:32:12] [Client thread/INFO]: [CHAT] HAS10401 left the game.
[05:32:13] [Client thread/INFO]: [CHAT] < Fluffy> Wtf is wrong with you?
[05:32:13] [Client thread/INFO]: [CHAT] < FPSGameR> you again Op Me Please Fluffy Op me please
[05:32:15] [Client thread/INFO]: [CHAT] < andybravec> no problem pal?
[05:32:17] [Client thread/INFO]: [CHAT] < andybravec> no problem pal
[05:32:20] [Client thread/INFO]: [CHAT] < r> everything
[05:32:20] [Client thread/INFO]: [CHAT] < Fluffy> Are you metally fucked up?
[05:32:25] [Client thread/INFO]: [CHAT] < r> yes
[05:32:36] [Client thread/INFO]: [CHAT] < FPSGameR> Op me Please They
[05:32:45] [Client thread/INFO]: [CHAT] PhillipMahkawk left the game.
[05:32:50] [Client thread/INFO]: [CHAT] < aggelosQQ> ok i report joonas7
[05:32:55] [Client thread/INFO]: [CHAT] < r> budder