[22:21:42] [Client thread/INFO]: Connecting to 64.34.165.5, 28965
[22:21:43] [Client thread/INFO]: [CHAT] <[MarryChristmas] LunarIsReady> -_-
[22:21:43] [Client thread/INFO]: [CHAT] VideoGameSmash12 joined the game.
[22:21:43] [Client thread/INFO]: [CHAT] Welcome VideoGameSmash12 to the server!
[22:21:43] [Client thread/INFO]: [CHAT] Type /help for a list of commands.
[22:21:43] [Client thread/INFO]: [CHAT] Save your builds with World Edit or lose them
[22:21:43] [Client thread/INFO]: [CHAT] Read our website at www.totalfreedom.me to find out how
[22:21:43] [Client thread/INFO]: [CHAT] Read the rules
[22:21:43] [Client thread/INFO]: [CHAT] Read our only authorized forum at www.totalfreedom.boards.net
[22:21:43] [Client thread/INFO]: [CHAT] You have no new mail.
[22:21:47] [Client thread/INFO]: [CHAT] < Dylan> hes an admin isnt he?
[22:21:58] [Client thread/INFO]: [CHAT] Change your nickname or that of another player.
[22:21:58] [Client thread/INFO]: [CHAT] /nick [player] <nickname|off>
[22:21:59] [Client thread/INFO]: [CHAT] < aggelosQQ> ok Done.
[22:21:59] [Client thread/INFO]: [CHAT]  ---- Help -- Page 1/5 ----
[22:21:59] [Client thread/INFO]: [CHAT] Essentials: Plugin Help: /help essentials
[22:21:59] [Client thread/INFO]: [CHAT] EssentialsSpawn: Plugin Help: /help essentialsspawn
[22:21:59] [Client thread/INFO]: [CHAT] /afk: Marks you as away-from-keyboard.
[22:21:59] [Client thread/INFO]: [CHAT] /back: Teleports you to your location prior to tp/spawn/warp.
[22:21:59] [Client thread/INFO]: [CHAT] /balance: States the current balance of a player.
[22:21:59] [Client thread/INFO]: [CHAT] /balancetop: Gets the top balance values.
[22:21:59] [Client thread/INFO]: [CHAT] /clearinventory: Clear all items in your inventory.
[22:21:59] [Client thread/INFO]: [CHAT] /compass: Describes your current bearing.
[22:21:59] [Client thread/INFO]: [CHAT] /delhome: Removes a home.
[22:21:59] [Client thread/INFO]: [CHAT] Type /help 2 to read the next page.
[22:22:02] [Client thread/INFO]: [CHAT] Change your nickname or that of another player.
[22:22:02] [Client thread/INFO]: [CHAT] /nick [player] <nickname|off>
[22:22:05] [Client thread/INFO]: [CHAT] <[MarryChristmas] LunarIsReady> good
[22:22:09] [Client thread/INFO]: [CHAT] You no longer have a nickname.
[22:22:10] [Client thread/INFO]: [CHAT] <[MarryChristmas] LunarIsReady> what are u building?
[22:22:17] [Client thread/INFO]: [CHAT] < aggelosQQ> ok guys BB
[22:22:21] [Client thread/INFO]: [CHAT] < aggelosQQ> i have school ;p
[22:22:21] [Client thread/INFO]: [CHAT] <[MarryChristmas] LunarIsReady> ok
[22:22:23] [Client thread/INFO]: [CHAT] < aggelosQQ> bye
[22:22:26] [Client thread/INFO]: [CHAT] <[MarryChristmas] LunarIsReady> bye
[22:22:27] [Client thread/INFO]: [CHAT] * MetalBL is now AFK.
[22:22:28] [Client thread/INFO]: [CHAT] <advent112> no idea
[22:22:31] [Client thread/INFO]: [CHAT] aggelosQQ left the game.
[22:22:33] [Client thread/INFO]: [CHAT] * MetalBL is no longer AFK.
[22:22:35] [Client thread/INFO]: [CHAT] david1LoL joined the game.
[22:22:35] [Client thread/INFO]: [CHAT] Welcome david1LoL to the server!
[22:22:38] [Client thread/INFO]: [CHAT] < Jaykill17> its a house
[22:22:55] [Client thread/INFO]: [CHAT] <advent112> O.O
[22:23:10] [Client thread/INFO]: [CHAT] ItzBloop - Removing all server entities.
[22:23:41] [Client thread/INFO]: [CHAT] tombri12345 left the game.
[22:24:27] [Client thread/INFO]: [CHAT] Unknown command. Type "/help" for help.
[22:24:34] [Client thread/INFO]: [CHAT] <[MonsterEnergy] Dylan> some one invis and they greifed the parkour i helped build D:
[22:24:42] [Client thread/INFO]: [CHAT] <[MarryChristmas] LunarIsReady> =D
[22:24:42] [Client thread/INFO]: [CHAT] You do not have access to that command.
[22:24:44] [Client thread/INFO]: [CHAT] Notrong2000 has been a naughty, naughty boy.
[22:24:44] [Client thread/INFO]: [CHAT] Notrong2000 died
[22:24:44] [Client thread/INFO]: [CHAT] epic_diamondz has been a naughty, naughty boy.
[22:24:44] [Client thread/INFO]: [CHAT] epic_diamondz died
[22:24:44] [Client thread/INFO]: [CHAT] Remmi has been a naughty, naughty boy.
[22:24:44] [Client thread/INFO]: [CHAT] Remmi died
[22:24:44] [Client thread/INFO]: [CHAT] david1LoL has been a naughty, naughty boy.
[22:24:44] [Client thread/INFO]: [CHAT] david1LoL died
[22:24:46] [Client thread/INFO]: [CHAT] <VideoGameSmash12> i need op
[22:24:50] [Client thread/INFO]: [CHAT] [Server:ItzBloop] no invis.
[22:24:52] [Client thread/INFO]: [CHAT] ItzBloop - Opping all players on the server
[22:24:52] [Client thread/INFO]: [CHAT] You are now op!
[22:24:55] [Client thread/INFO]: [CHAT] < Bloop> dylan, where?
[22:25:00] [Client thread/INFO]: [CHAT] <VideoGameSmash12> :D
[22:25:06] [Client thread/INFO]: [CHAT] <[MonsterEnergy] Dylan> it was here
[22:25:08] [Client thread/INFO]: [CHAT] <advent112> y are the buckets disabled
[22:25:10] [Client thread/INFO]: [CHAT] tombri12345 joined the game.
[22:25:14] [Client thread/INFO]: [CHAT] <[Tammy] WOLFSTER> no invis
[22:25:41] [Client thread/INFO]: [CHAT] Notrong2000 has been a naughty, naughty boy.
[22:25:41] [Client thread/INFO]: [CHAT] Notrong2000 died
[22:25:44] [Client thread/INFO]: [CHAT] ItzBloop - Cleared all potion effects from all players
[22:25:52] [Client thread/INFO]: [CHAT] [Server:ItzBloop] no invis potions
[22:25:57] [Client thread/INFO]: [CHAT] Notrong2000 fell from a high place
[22:26:05] [Client thread/INFO]: [CHAT] Teleporting...
[22:26:15] [Client thread/INFO]: [CHAT] Notrong2000 fell from a high place
[22:26:15] [Client thread/INFO]: [CHAT] ItzBloop - Disabling Jumppads
[22:26:29] [Client thread/INFO]: [CHAT] ItzBloop - Opping all players on the server
[22:26:29] [Client thread/INFO]: [CHAT] You are now op!
[22:26:59] [Client thread/INFO]: [CHAT] Notrong2000 left the game.
[22:27:12] [Client thread/INFO]: [CHAT] <[MonsterEnergy] Dylan> nice
[22:27:22] [Client thread/INFO]: [CHAT] ItzBloop - Setting everyone's Worldedit block modification limit to 500.
[22:27:23] [Client thread/INFO]: [CHAT] <VideoGameSmash12> wow that's clever
[22:27:52] [Client thread/INFO]: [CHAT] < i3rian> Bloop REdstone Clocks are aloud?
[22:28:07] [Client thread/INFO]: [CHAT] <[MonsterEnergy] Dylan> they make the server lag
[22:28:08] [Client thread/INFO]: [CHAT] <VideoGameSmash12> its not
[22:28:14] [Client thread/INFO]: [CHAT] < Bloop> brian, they aren't
[22:28:15] [Client thread/INFO]: [CHAT] < i3rian> oh darn alright
[22:28:15] [Client thread/INFO]: [CHAT] <VideoGameSmash12> it will crash the server
[22:28:27] [Client thread/INFO]: [CHAT] <VideoGameSmash12> maybe cause a client crash
[22:28:33] [Client thread/INFO]: [CHAT] Lolo359 joined the game.
[22:28:33] [Client thread/INFO]: [CHAT] Welcome Lolo359 to the server!
[22:28:36] [Client thread/INFO]: [CHAT] ItzBloop - Opping all players on the server
[22:28:36] [Client thread/INFO]: [CHAT] You are now op!
[22:28:37] [Client thread/INFO]: [CHAT] <VideoGameSmash12> or f**k with your speakers
[22:29:03] [Client thread/INFO]: [CHAT] < Bloop> nice minecon cape ;)
[22:29:35] [Client thread/INFO]: [CHAT] <VideoGameSmash12> admin
[22:29:44] [Client thread/INFO]: [CHAT] <VideoGameSmash12> I have a recommendation.
[22:30:00] [Client thread/INFO]: [CHAT] gooman left the game.
[22:30:02] [Client thread/INFO]: [CHAT] <VideoGameSmash12> Never use Forge
[22:30:07] [Client thread/INFO]: [CHAT] <swarswar_13> why
[22:30:15] [Client thread/INFO]: [CHAT] <VideoGameSmash12> only offline
[22:30:22] [Client thread/INFO]: [CHAT] <swarswar_13> why?
[22:30:29] [Client thread/INFO]: [CHAT] < Jaykill17> how do i unset my home
[22:30:32] [Client thread/INFO]: [CHAT] <VideoGameSmash12> It f**ks with servers
[22:30:37] [Client thread/INFO]: [CHAT] <swarswar_13> lol
[22:30:43] [Client thread/INFO]: [CHAT] <VideoGameSmash12> only use it on singleplayer
[22:30:45] [Client thread/INFO]: [CHAT] < i3rian> lol
[22:30:52] [Client thread/INFO]: [CHAT] < Bloop> hm?
[22:30:59] [Client thread/INFO]: [CHAT] < i3rian> the inf Hopper :p
[22:31:06] [Client thread/INFO]: [CHAT] <VideoGameSmash12> Never install forge on a server
[22:31:12] [Client thread/INFO]: [CHAT] ruler82 joined the game.
[22:31:12] [Client thread/INFO]: [CHAT] Welcome ruler82 to the server!
[22:31:12] [Client thread/INFO]: [CHAT] < Jaykill17> why?
[22:31:22] [Client thread/INFO]: [CHAT] <[Tammy] WOLFSTER> who here is senior admin?
[22:31:23] [Client thread/INFO]: [CHAT] <VideoGameSmash12> It will f**k with the settings
[22:31:24] [Client thread/INFO]: [CHAT] <ruler82> op me please
[22:31:33] [Client thread/INFO]: [CHAT] <VideoGameSmash12> and FORCES you to install the mods
[22:31:39] [Client thread/INFO]: [CHAT] swarswar_13 - Opping ruler82
[22:31:40] [Client thread/INFO]: [CHAT] champian22 joined the game.
[22:31:40] [Client thread/INFO]: [CHAT] Welcome  PrettyGirl to the server!
[22:31:40] [Client thread/INFO]: [CHAT] ItzBloop - Setting everyone's Worldedit block modification limit to 500.
[22:31:42] [Client thread/INFO]: [CHAT] ItzBloop - Opping all players on the server
[22:31:42] [Client thread/INFO]: [CHAT] You are now op!
[22:31:42] [Client thread/INFO]: [CHAT] <[Tammy] WOLFSTER> no invis
[22:31:44] [Client thread/INFO]: [CHAT] <ruler82> thanks
[22:31:51] [Client thread/INFO]: [CHAT] Remmi has been a naughty, naughty boy.
[22:31:51] [Client thread/INFO]: [CHAT] Remmi died
[22:31:58] [Client thread/INFO]: [CHAT] [Server:ItzBloop] No invisibilty.
[22:32:01] [Client thread/INFO]: [CHAT] ItzBloop - Opping all players on the server
[22:32:01] [Client thread/INFO]: [CHAT] You are now op!
[22:32:01] [Client thread/INFO]: [CHAT] < i3rian> is the command /smite invis?
[22:32:02] [Client thread/INFO]: [CHAT] < i3rian> or
[22:32:04] [Client thread/INFO]: [CHAT] < PrettyGirl> someone why im banned im not do anything
[22:32:07] [Client thread/INFO]: [CHAT] < i3rian> ./invis smite
[22:32:11] [Client thread/INFO]: [CHAT] xSlushy joined the game.
[22:32:11] [Client thread/INFO]: [CHAT] Welcome xSlushy to the server!
[22:32:12] [Client thread/INFO]: [CHAT] < Bloop> yes, brian
[22:32:16] [Client thread/INFO]: [CHAT] <[MonsterEnergy] Dylan> ./invis smite
[22:32:17] [Client thread/INFO]: [CHAT] <VideoGameSmash12> .
[22:32:19] [Client thread/INFO]: [CHAT] < i3rian> Been a While :p
[22:32:24] [Client thread/INFO]: [CHAT] ItzBloop - Banning b1g_bananna and IPs: 46.165.220.194
[22:32:31] [Client thread/INFO]: [CHAT] ruler82 left the game.
[22:32:37] [Client thread/INFO]: [CHAT] <[Tammy] WOLFSTER> remmi wtf is with ur name
[22:32:47] [Client thread/INFO]: [CHAT] Finest95 is a Senior Admin
[22:32:47] [Client thread/INFO]: [CHAT] Finest95 joined the game.
[22:32:48] [Client thread/INFO]: [CHAT] Welcome Finest95 to the server!
[22:32:49] [Client thread/INFO]: [CHAT] Remmi has been a naughty, naughty boy.
[22:32:49] [Client thread/INFO]: [CHAT] Remmi died
[22:32:58] [Client thread/INFO]: [CHAT] Jaykill17 left the game.
[22:32:59] [Client thread/INFO]: [CHAT] [Server:ItzBloop] No invisibilty, Strike 2.
[22:33:01] [Client thread/INFO]: [CHAT] ItzBloop - Opping all players on the server
[22:33:01] [Client thread/INFO]: [CHAT] You are now op!
[22:33:10] [Client thread/INFO]: [CHAT] Jaykill17 joined the game.
[22:33:14] [Client thread/INFO]: [CHAT] < Jaykill17> hi
[22:33:22] [Client thread/INFO]: [CHAT] < i3rian> ('v')
[22:33:49] [Client thread/INFO]: [CHAT] <[MonsterEnergy] Dylan> thanks for helping me rebuild the parkour :D
[22:33:56] [Client thread/INFO]: [CHAT] <[Tammy] WOLFSTER> no invis
[22:33:58] [Client thread/INFO]: [CHAT] <VideoGameSmash12> ADMIN
[22:34:03] [Client thread/INFO]: [CHAT] <VideoGameSmash12> look
[22:34:06] [Client thread/INFO]: [CHAT] ItzBloop - Temporarily banned Remmi until 2013-12-04 at 05:39:02 GMT, Reason: "No invis, Strike 3. (ItzBloop)"
[22:34:06] [Client thread/INFO]: [CHAT] Remmi left the game.
[22:34:18] [Client thread/INFO]: [CHAT] ItzBloop - Opping all players on the server
[22:34:18] [Client thread/INFO]: [CHAT] You are now op!
[22:34:19] [Client thread/INFO]: [CHAT] <VideoGameSmash12> thank you
[22:34:20] [Client thread/INFO]: [CHAT] <[MonsterEnergy] Dylan> lol
[22:34:24] [Client thread/INFO]: [CHAT] <[Tammy] WOLFSTER> ty
[22:34:31] [Client thread/INFO]: [CHAT] <[MonsterEnergy] Dylan> cool
[22:34:38] [Client thread/INFO]: [CHAT] <xSlushy> i win
[22:34:47] [Client thread/INFO]: [CHAT] <VideoGameSmash12> so yeah never screw with an admin
[22:34:52] [Client thread/INFO]: [CHAT] <[MonsterEnergy] Dylan> lol
[22:35:10] [Client thread/INFO]: [CHAT] < Bloop> Tammy
[22:35:12] [Client thread/INFO]: [CHAT] < Bloop> Read /ai
[22:35:16] [Client thread/INFO]: [CHAT] To apply to become an admin, you must have 1 of the following:
[22:35:16] [Client thread/INFO]: [CHAT] One Senior recommendation or be registered on the forums for 30 days
[22:35:16] [Client thread/INFO]: [CHAT] Next, follow the guidelines here for your application: http://bit.ly/YWjw3c
[22:35:16] [Client thread/INFO]: [CHAT] Warning: Do NOT bug admins for votes on your application!
[22:35:19] [Client thread/INFO]: [CHAT] <[Tammy] WOLFSTER> ik i did
[22:35:40] [Client thread/INFO]: [CHAT] < Bloop> ...
[22:36:03] [Client thread/INFO]: [CHAT] <VideoGameSmash12> Something wrong my leader?
[22:36:13] [Client thread/INFO]: [CHAT] ItzBloop - Enabling Jumppads
[22:36:14] [Client thread/INFO]: [CHAT] <4TECH36> ????
[22:36:17] [Client thread/INFO]: [CHAT] ItzBloop - Setting Jumppads strength to: 10.0
[22:36:24] [Client thread/INFO]: [CHAT] < PrettyGirl> fly
[22:36:33] [Client thread/INFO]: [CHAT] < Jaykill17> no powertools?
[22:36:35] [Client thread/INFO]: [CHAT] ItzBloop - Setting Jumppads mode to: Normal and Sideways
[22:36:36] [Client thread/INFO]: [CHAT] < Bloop> tammy
[22:36:40] [Client thread/INFO]: [CHAT] <[Tammy] WOLFSTER> yes
[22:36:41] [Client thread/INFO]: [CHAT] < Bloop> Don't ask admins for recs..
[22:36:44] [Client thread/INFO]: [CHAT] < PrettyGirl> someone pvp me
[22:36:45] [Client thread/INFO]: [CHAT] <[Tammy] WOLFSTER> why
[22:37:01] [Client thread/INFO]: [CHAT] <VideoGameSmash12> weeee
[22:37:02] [Client thread/INFO]: [CHAT] WashDaysDevice joined the game.
[22:37:02] [Client thread/INFO]: [CHAT] Welcome  Wash to the server!
[22:37:05] [Client thread/INFO]: [CHAT] < Bloop> That makes your application even worst
[22:37:09] [Client thread/INFO]: [CHAT] <[Tammy] WOLFSTER> oh kk
[22:37:21] [Client thread/INFO]: [CHAT] <[Tammy] WOLFSTER> i didnt know it just says that
[22:37:27] [Client thread/INFO]: [CHAT] < Wash> lol
[22:37:28] [Client thread/INFO]: [CHAT] <[MonsterEnergy] Dylan> wee
[22:37:32] [Client thread/INFO]: [CHAT] < PrettyGirl> evryone see me
[22:37:44] [Client thread/INFO]: [CHAT] <[MonsterEnergy] Dylan> ?
[22:37:47] [Client thread/INFO]: [CHAT] <[Tammy] WOLFSTER> wtf
[22:37:50] [Client thread/INFO]: [CHAT] <VideoGameSmash12> Wow ItzBloop
[22:37:55] [Client thread/INFO]: [CHAT] <VideoGameSmash12> awesome!
[22:38:03] [Client thread/INFO]: [CHAT] < i3rian> Rocket Ship :D