[20:11:17] [Client thread/INFO]: Connecting to 64.34.165.5, 28965
[20:11:17] [Client thread/INFO]: [CHAT] VideoGameSmash12 joined the game.
[20:11:17] [Client thread/INFO]: [CHAT] Welcome VideoGameSmash12 to the server!
[20:11:17] [Client thread/INFO]: [CHAT] Type /help for a list of commands.
[20:11:17] [Client thread/INFO]: [CHAT] Save your builds with World Edit or lose them
[20:11:17] [Client thread/INFO]: [CHAT] Read our website at www.totalfreedom.me to find out how
[20:11:17] [Client thread/INFO]: [CHAT] Read the rules
[20:11:17] [Client thread/INFO]: [CHAT] Read our only authorized forum at www.totalfreedom.boards.net
[20:11:17] [Client thread/INFO]: [CHAT] You have no new mail.
[20:11:18] [Client thread/INFO]: [CHAT] <inFAmas97> its spelled babies not babes
[20:11:18] [Client thread/INFO]: [CHAT] <Immurtle> its a bit dull for your daily cutting
[20:11:18] [Client thread/INFO]: [CHAT] MCCaveCrafter joined the game.
[20:11:19] [Client thread/INFO]: [CHAT] <[Demented_Rank] Jeffery> read yours
[20:11:19] [Client thread/INFO]: [CHAT] <Immurtle> brb
[20:11:19] [Client thread/INFO]: [CHAT] johnnyboy004 joined the game.
[20:11:20] [Client thread/INFO]: [CHAT] <inFAmas97> lol
[20:11:20] [Client thread/INFO]: [CHAT] superjacobxavier left the game.
[20:11:20] [Client thread/INFO]: [CHAT] <amerrycangirl115> get away from me
[20:11:21] [Client thread/INFO]: [CHAT] MCCaveCrafter left the game.
[20:11:22] [Client thread/INFO]: [CHAT] <Xs0urskittl3X> ooo
[20:11:22] [Client thread/INFO]: [CHAT] <[Demented_Rank] Jeffery> ik
[20:11:23] [Client thread/INFO]: [CHAT] <Xs0urskittl3X> im hurt
[20:11:25] [Client thread/INFO]: [CHAT] CateeB joined the game.
[20:11:26] [Client thread/INFO]: [CHAT] <[Demented_Rank] Jeffery> xD
[20:11:27] [Client thread/INFO]: [CHAT] MCCaveCrafter joined the game.
[20:11:31] [Client thread/INFO]: [CHAT] <inFAmas97> wow