[18:17:55] [Client thread/INFO]: Connecting to 64.34.165.5, 28965
[18:17:56] [Client thread/INFO]: [CHAT] VideoGameSmash12 joined the game.
[18:17:56] [Client thread/INFO]: [CHAT] Type /help for a list of commands.
[18:17:56] [Client thread/INFO]: [CHAT] Save your builds with World Edit or lose them
[18:17:56] [Client thread/INFO]: [CHAT] Read our website at www.totalfreedom.me to find out how
[18:17:56] [Client thread/INFO]: [CHAT] Read the rules
[18:17:56] [Client thread/INFO]: [CHAT] Read our only authorized forum at www.totalfreedom.boards.net
[18:17:56] [Client thread/INFO]: [CHAT] You have 5 messages! Type /mail read to view your mail.
[18:17:56] [Client thread/INFO]: [CHAT] Set fly mode enabled for VideoGameSmash12.
[18:17:57] [Client thread/INFO]: [CHAT] smg515 - Opping all players on the server
[18:17:57] [Client thread/INFO]: [CHAT] You are now op!
[18:17:58] [Client thread/INFO]: [CHAT] AVIN2810 left the game.
[18:17:59] [Client thread/INFO]: [CHAT] <[Black_ops_Leader] Ghost> lol
[18:17:59] [Client thread/INFO]: [CHAT] <[UltimateLifeForm] Shadow> wat
[18:18:04] [Client thread/INFO]: [CHAT] <[SuperAdmin] sonicgoods> I don't follow orders from you.
[18:18:04] [Client thread/INFO]: [CHAT] < Mewthree> i haz berry
[18:18:06] [Client thread/INFO]: [CHAT] < RaichuILevel100> "finds berry bush"
[18:18:07] [Client thread/INFO]: [CHAT] <antrobot123> \
[18:18:09] [Client thread/INFO]: [CHAT] <[UltimateLifeForm] Shadow> ok
[18:18:12] [Client thread/INFO]: [CHAT] You have 5 messages! Type /mail read to view your mail.
[18:18:12] [Client thread/INFO]: [CHAT] Teleport to a player.
[18:18:12] [Client thread/INFO]: [CHAT] /tp <player> [otherplayer]
[18:18:18] [Client thread/INFO]: [CHAT] AVIN2810 joined the game.
[18:18:18] [Client thread/INFO]: [CHAT] < RaichuILevel100> "thinks about eating one"
[18:18:18] [Client thread/INFO]: [CHAT] Unknown command. Type "/help" for help.
[18:18:20] [Client thread/INFO]: [CHAT] logantronx88 has been a VERY naughty, naughty boy.
[18:18:20] [Client thread/INFO]: [CHAT] Banning: logantronx88, IP: 72.68.*.*.
[18:18:20] [Client thread/INFO]: [CHAT] logantronx88 left the game.
[18:18:24] [Client thread/INFO]: [CHAT] < RaichuILevel100> "takes a bite"
[18:18:25] [Client thread/INFO]: [CHAT] <smg515> Banned for griefing
[18:18:29] [Client thread/INFO]: [CHAT] <[UltimateLifeForm] Shadow> raichu, do /me and put a message
[18:18:31] [Client thread/INFO]: [CHAT] AVIN2810 left the game.
[18:18:33] [Client thread/INFO]: [CHAT] < RaichuILevel100> "chews"
[18:18:34] [Client thread/INFO]: [CHAT] Estate22 joined the game.
[18:18:35] [Client thread/INFO]: [CHAT] <BajanCanadian> how do u get off super secret settings?
[18:18:36] [Client thread/INFO]: [CHAT] < RaichuILevel100> :D
[18:18:37] [Client thread/INFO]: [CHAT] < Mewthree> eat's whole thing
[18:18:43] [Client thread/INFO]: [CHAT] <BajanCanadian> ita really annoying
[18:18:44] [Client thread/INFO]: [CHAT] <smg515> Just keep clicking till it's normal
[18:18:46] [Client thread/INFO]: [CHAT] < Mewthree> so gooooooooooood
[18:18:47] [Client thread/INFO]: [CHAT] [CONSOLE]<mattmcmatt> bajan keep cycling them until you hit the default one
[18:18:49] [Client thread/INFO]: [CHAT] < RaichuILevel100> Shadow i dont like to spam /me so i dont do it
[18:18:50] [Client thread/INFO]: [CHAT] < RaichuILevel100> as much
[18:18:51] [Client thread/INFO]: [CHAT] <BajanCanadian> ot dodnt work
[18:18:52] [Client thread/INFO]: [CHAT] <[UltimateLifeForm] Shadow> sonic where's tails and knuckles
[18:18:54] [Client thread/INFO]: [CHAT] yoshibowser28 left the game.
[18:18:55] [Client thread/INFO]: [CHAT] You have 5 messages! Type /mail read to view your mail.
[18:18:55] [Client thread/INFO]: [CHAT] Error: smg515 has teleportation disabled.
[18:18:56] [Client thread/INFO]: [CHAT] mrwealthyhobo joined the game.
[18:18:56] [Client thread/INFO]: [CHAT] Welcome mrwealthyhobo to the server!
[18:18:57] [Client thread/INFO]: [CHAT] <BajanCanadian> it didnt work
[18:18:58] [Client thread/INFO]: [CHAT] smg515 - Opping all players on the server
[18:18:58] [Client thread/INFO]: [CHAT] You are now op!
[18:19:00] [Client thread/INFO]: [CHAT] < tiosso> f3 and when the bottom thing dissapears its regular
[18:19:01] [Client thread/INFO]: [CHAT] You have 5 messages! Type /mail read to view your mail.
[18:19:01] [Client thread/INFO]: [CHAT] Teleporting...
[18:19:01] [Client thread/INFO]: [CHAT] < RaichuILevel100> "ate whole thing"
[18:19:02] [Client thread/INFO]: [CHAT] <smg515> I love the trippy setting of it
[18:19:09] [Client thread/INFO]: [CHAT] <smg515> It makes me feel all warm and gooey.
[18:19:10] [Client thread/INFO]: [CHAT] *  Mewthree eats like 20
[18:19:16] [Client thread/INFO]: [CHAT] <[Black_ops_Leader] Ghost> im a ghost
[18:19:22] [Client thread/INFO]: [CHAT] <[Black_ops_Leader] Ghost> with mah dog
[18:19:27] [Client thread/INFO]: [CHAT] <[Black_ops_Leader] Ghost> dont kill my dog
[18:19:29] [Client thread/INFO]: [CHAT] braybray564 joined the game.
[18:19:29] [Client thread/INFO]: [CHAT] Welcome  SkyDoesMinecraft to the server!
[18:19:31] [Client thread/INFO]: [CHAT] *  Trainer_Estate gives koogi a bitter poffin
[18:19:32] [Client thread/INFO]: [CHAT] smg515 - Opping all players on the server
[18:19:32] [Client thread/INFO]: [CHAT] You are now op!
[18:19:34] [Client thread/INFO]: [CHAT] <VideoGameSmash12> i am so mad
[18:19:39] [Client thread/INFO]: [CHAT] NuclearL left the game.
[18:19:41] [Client thread/INFO]: [CHAT] < RaichuILevel100> "gets kind of poisioned but not too bad" "Eats healing berry"
[18:19:42] [Client thread/INFO]: [CHAT] <[Black_ops_Leader] Ghost> why?
[18:19:43] [Client thread/INFO]: [CHAT] NuclearL joined the game.
[18:19:46] [Client thread/INFO]: [CHAT] NuclearL left the game.
[18:19:51] [Client thread/INFO]: [CHAT] < RaichuILevel100> :D
[18:19:56] [Client thread/INFO]: [CHAT] Unknown command. Type "/help" for help.
[18:19:56] [Client thread/INFO]: [CHAT] *  Zeus iker Lets make a rollercoaster together k?
[18:19:59] [Client thread/INFO]: [CHAT] Unknown command. Type "/help" for help.
[18:20:06] [Client thread/INFO]: [CHAT] sonicgoods left the game.
[18:20:09] [Client thread/INFO]: [CHAT] < RaichuILevel100> "refuses to eat bitter poffin but gives to mewthree"
[18:20:13] [Client thread/INFO]: [CHAT] *  Mewthree feels sick
[18:20:19] [Client thread/INFO]: [CHAT] angie_adris joined the game.
[18:20:19] [Client thread/INFO]: [CHAT] Welcome angie_adris to the server!
[18:20:19] [Client thread/INFO]: [CHAT] mrwealthyhobo has been banned for 1 minute.
[18:20:19] [Client thread/INFO]: [CHAT] mrwealthyhobo left the game.
[18:20:19] [Client thread/INFO]: [CHAT] mrwealthyhobo was automatically kicked for using harmful commands.
[18:20:26] [Client thread/INFO]: [CHAT] smg515 - Opping all players on the server
[18:20:26] [Client thread/INFO]: [CHAT] You are now op!
[18:20:26] [Client thread/INFO]: [CHAT] bladerunner4u joined the game.
[18:20:27] [Client thread/INFO]: [CHAT] Welcome bladerunner4u to the server!
[18:20:28] [Client thread/INFO]: [CHAT] smg515 - Opping all players on the server
[18:20:28] [Client thread/INFO]: [CHAT] You are now op!
[18:20:33] [Client thread/INFO]: [CHAT] <VideoGameSmash12> i had a bad day!
[18:20:36] [Client thread/INFO]: [CHAT] < Mewthree> i ate them all!
[18:20:38] [Client thread/INFO]: [CHAT] antrobot123 left the game.
[18:20:42] [Client thread/INFO]: [CHAT] <smg515> Are you taking one down?
[18:20:46] [Client thread/INFO]: [CHAT] <smg515> lolsongreference
[18:20:52] [Client thread/INFO]: [CHAT] *  Trainer_Estate gives raichu a sweet poffin
[18:20:52] [Client thread/INFO]: [CHAT] <ace_verco> sorry
[18:20:54] [Client thread/INFO]: [CHAT] You have 5 messages! Type /mail read to view your mail.
[18:20:55] [Client thread/INFO]: [CHAT] randomspam123 left the game.
[18:20:55] [Client thread/INFO]: [CHAT] *  Mewthree hurls
[18:20:59] [Client thread/INFO]: [CHAT] Mattmcmatt is a Super Admin.
[18:20:59] [Client thread/INFO]: [CHAT] Mattmcmatt joined the game.
[18:21:00] [Client thread/INFO]: [CHAT] < RaichuILevel100> "eats up" :3
[18:21:11] [Client thread/INFO]: [CHAT] * ace_verco builds a watchtower
[18:21:12] [Client thread/INFO]: [CHAT] [CONSOLE]<mattmcmatt> hi mattmcmatt
[18:21:12] [Client thread/INFO]: [CHAT] *  Mewthree is sick
[18:21:14] [Client thread/INFO]: [CHAT] < RaichuILevel100> ri ri! ...i mean..Tasty! "walks away"
[18:21:14] [Client thread/INFO]: [CHAT] SelinaMae left the game.
[18:21:17] [Client thread/INFO]: [CHAT] <Mattmcmatt> oh hey mattmcmatt
[18:21:21] [Client thread/INFO]: [CHAT] yoshibowser28 joined the game.
[18:21:22] [Client thread/INFO]: [CHAT] bladerunner4u used a forbidden WorldEdit block type: 10
[18:21:23] [Client thread/INFO]: [CHAT] yoshibowser28 left the game.
[18:21:24] [Client thread/INFO]: [CHAT] < WildSnorlax> mewthree!
[18:21:25] [Client thread/INFO]: [CHAT] <bladerunner4u> fg
[18:21:27] [Client thread/INFO]: [CHAT] bladerunner4u left the game.
[18:21:31] [Client thread/INFO]: [CHAT] < WildSnorlax> are you ok?
[18:21:32] [Client thread/INFO]: [CHAT] yoshibowser28 joined the game.
[18:21:35] [Client thread/INFO]: [CHAT] <[UltimateLifeForm] Shadow> ok
[18:21:37] [Client thread/INFO]: [CHAT] < WildSnorlax> your coughing alot.
[18:21:37] [Client thread/INFO]: [CHAT] *  Mewthree falls in to hole
[18:21:39] [Client thread/INFO]: [CHAT] <smg515> Woah water looks colourful
[18:21:39] [Client thread/INFO]: [CHAT] <[UltimateLifeForm] Shadow> back
[18:21:42] [Client thread/INFO]: [CHAT] < Mewthree> ow
[18:21:46] [Client thread/INFO]: [CHAT] <[Black_ops_Leader] Ghost> water?
[18:21:49] [Client thread/INFO]: [CHAT] *  Shadow kills Mewthree
[18:21:52] [Client thread/INFO]: [CHAT] <[Black_ops_Leader] Ghost> tp me to u
[18:21:53] [Client thread/INFO]: [CHAT] *  Mewthree sleeps
[18:21:57] [Client thread/INFO]: [CHAT] cassius147 joined the game.
[18:21:57] [Client thread/INFO]: [CHAT] <[Black_ops_Leader] Ghost> i wanna see water
[18:21:58] [Client thread/INFO]: [CHAT] You have 5 messages! Type /mail read to view your mail.
[18:21:58] [Client thread/INFO]: [CHAT] Use the /back command to return to your death point.
[18:21:58] [Client thread/INFO]: [CHAT] Goodbye cruel world...
[18:21:58] [Client thread/INFO]: [CHAT] VideoGameSmash12 took their own life.
[18:22:09] [Client thread/INFO]: [CHAT] pitta88 left the game.
[18:22:09] [Client thread/INFO]: [CHAT] *  Shadow kills Mewthree and shoves his tail down his windpipe.
[18:22:11] [Client thread/INFO]: [CHAT] <unicornunleashed> can i build with u
[18:22:12] [Client thread/INFO]: [CHAT] <VideoGameSmash12> I HAD A BAD DAY Everyone.
[18:22:20] [Client thread/INFO]: [CHAT] <[Black_ops_Leader] Ghost> good for u
[18:22:20] [Client thread/INFO]: [CHAT] danial1212 joined the game.
[18:22:20] [Client thread/INFO]: [CHAT] Welcome danial1212 to the server!
[18:22:22] [Client thread/INFO]: [CHAT] danial1212 left the game.
[18:22:23] [Client thread/INFO]: [CHAT] < Mewthree> ate a poptart
[18:22:27] [Client thread/INFO]: [CHAT] snakebite1238 joined the game.
[18:22:28] [Client thread/INFO]: [CHAT] smg515 - Opping all players on the server
[18:22:28] [Client thread/INFO]: [CHAT] You are now op!
[18:22:37] [Client thread/INFO]: [CHAT] *  Trainer_Estate uses thunder on deadbush
[18:22:52] [Client thread/INFO]: [CHAT] <unicornunleashed> can i build with u ikerÉ
[18:22:53] [Client thread/INFO]: [CHAT] < Mewthree> hade some beans that made me fart i hade a bad day oh i hade a bad day
[18:22:56] [Client thread/INFO]: [CHAT] johnnyboy004 joined the game.
[18:22:58] [Client thread/INFO]: [CHAT] You do not have permission to use this command.
[18:23:01] [Client thread/INFO]: [CHAT] You do not have permission to use this command.
[18:23:01] [Client thread/INFO]: [CHAT] <unicornunleashed> iker
[18:23:01] [Client thread/INFO]: [CHAT] MattRocks2205 joined the game.
[18:23:03] [Client thread/INFO]: [CHAT] <iker> oki
[18:23:06] [Client thread/INFO]: [CHAT] <VideoGameSmash12> D: