[15:43:46] [Client thread/INFO]: Connecting to 64.34.165.5, 28965
[15:43:47] [Client thread/INFO]: [CHAT] VideoGameSmash12 joined the game.
[15:43:47] [Client thread/INFO]: [CHAT] Welcome VideoGameSmash12 to the server!
[15:43:47] [Client thread/INFO]: [CHAT] Type /help for a list of commands.
[15:43:47] [Client thread/INFO]: [CHAT] Save your builds with World Edit or lose them
[15:43:47] [Client thread/INFO]: [CHAT] Read our website at www.totalfreedom.me to find out how
[15:43:47] [Client thread/INFO]: [CHAT] Read the rules
[15:43:47] [Client thread/INFO]: [CHAT] Read our only authorized forum at www.totalfreedom.boards.net
[15:43:47] [Client thread/INFO]: [CHAT] You have no new mail.
[15:43:48] [Client thread/INFO]: [CHAT] <[ChatMod] mysticcreeper813> am i allowed to have this tag?
[15:43:48] [Client thread/INFO]: [CHAT] xXWilee999Xx left the game.
[15:43:55] [Client thread/INFO]: [CHAT] <SkepticalEye> anyways how did you do that oneepicminer
[15:44:03] [Client thread/INFO]: [CHAT] < Thunder> wtf?!
[15:44:06] [Client thread/INFO]: [CHAT] inFAmas97 - Opping all players on the server
[15:44:06] [Client thread/INFO]: [CHAT] You are now op!
[15:44:09] [Client thread/INFO]: [CHAT] <[ChatMod] mysticcreeper813> do what
[15:44:12] [Client thread/INFO]: [CHAT] bugboy19 was killed by Captainsign using magic
[15:44:12] [Client thread/INFO]: [CHAT] <[MasterAssassin] SwiftFoxx> It looks as if it was rolled back to while I was building it........
[15:44:13] [Client thread/INFO]: [CHAT] < Thunder> nvm
[15:44:15] [Client thread/INFO]: [CHAT] browniechris fell out of the world
[15:44:17] [Client thread/INFO]: [CHAT] <MrJohnnySix> do/warp entertainment
[15:44:19] [Client thread/INFO]: [CHAT] Noel31750 joined the game.
[15:44:19] [Client thread/INFO]: [CHAT] Unknown command. Type "/help" for help.
[15:44:20] [Client thread/INFO]: [CHAT] Welcome  Noel to the server!
[15:44:22] [Client thread/INFO]: [CHAT] <[MasterAssassin] SwiftFoxx> I had used /up for this
[15:44:22] [Client thread/INFO]: [CHAT] Unknown command. Type "/help" for help.
[15:44:23] [Client thread/INFO]: [CHAT] < klopfuhjr> oooo my nick
[15:44:32] [Client thread/INFO]: [CHAT] <[MasterAssassin] SwiftFoxx> Buuuttt how?