[15:21:10] [Client thread/INFO]: Connecting to 64.34.165.5, 28965
[15:21:10] [Client thread/INFO]: [CHAT] VideoGameSmash12 joined the game.
[15:21:10] [Client thread/INFO]: [CHAT] Type /help for a list of commands.
[15:21:10] [Client thread/INFO]: [CHAT] Save your builds with World Edit or lose them
[15:21:10] [Client thread/INFO]: [CHAT] Read our website at www.totalfreedom.me to find out how
[15:21:10] [Client thread/INFO]: [CHAT] Read the rules
[15:21:10] [Client thread/INFO]: [CHAT] Read our only authorized forum at www.totalfreedom.boards.net
[15:21:10] [Client thread/INFO]: [CHAT] You have no new mail.
[15:21:10] [Client thread/INFO]: [CHAT] Set fly mode enabled for VideoGameSmash12.
[15:21:11] [Client thread/INFO]: [CHAT] <MaxCrafted> can someone plz op me
[15:21:11] [Client thread/INFO]: [CHAT] <[lordghost'sPokemon] Arceus> omg everything looks halloweeny~~!
[15:21:12] [Client thread/INFO]: [CHAT] Setiron left the game.
[15:21:19] [Client thread/INFO]: [CHAT] thundercraft558 - Opping MaxCrafted
[15:21:21] [Client thread/INFO]: [CHAT] Survivalology joined the game.
[15:21:21] [Client thread/INFO]: [CHAT] Welcome Survivalology to the server!
[15:21:22] [Client thread/INFO]: [CHAT] <MaxCrafted> tanks
[15:21:24] [Client thread/INFO]: [CHAT] <[endermanarmy] 90ben> how is this freedom the stupid staff dont let us do anything 8====) <------ omg its staff
[15:21:27] [Client thread/INFO]: [CHAT] <ItzBloop> Knulla TF Admins
[15:21:27] [Client thread/INFO]: [CHAT] < Saoirse100> hiya survival
[15:21:28] [Client thread/INFO]: [CHAT] Setiron joined the game.
[15:21:28] [Client thread/INFO]: [CHAT] < Butts> welcxmon
[15:21:34] [Client thread/INFO]: [CHAT] <Survivalology> hi
[15:21:46] [Client thread/INFO]: [CHAT] <ItzBloop> mibbzz
[15:21:49] [Client thread/INFO]: [CHAT] <ItzBloop> mibbzz knulla
[15:21:50] [Client thread/INFO]: [CHAT] <Survivalology> why is the superadmin a different color in /list?
[15:21:53] [Client thread/INFO]: [CHAT] Error: Player not found.
[15:22:03] [Client thread/INFO]: [CHAT] JCoates47 left the game.
[15:22:04] [Client thread/INFO]: [CHAT] There are 19 out of a maximum 35 players online.
[15:22:04] [Client thread/INFO]: [CHAT] Connected players: [OP]Zekrom1644763, [OP]QuasiRigby, [OP]miner1boy, [OP]jeb, [SA]mibbzz, [OP]qatardead, [OP]stipe48, [OP]35Longway, [OP]thundercraft558, [OP]Grantalanche, [OP]Dant1435, [OP]90ben, [OP]ItzBloop, [OP]saoirse100, [OP]MaxCrafted, [OP]VideoGameSmash12, [OP]Survivalology, [OP]Setiron, [OP]PigMan072803
[15:22:09] [Client thread/INFO]: [CHAT] <[endermanarmy] 90ben> how is this freedom the stupid staff dont let us do anything 8====) <------ omg its staff [DIC
[15:22:09] [Client thread/INFO]: [CHAT] JCoates47 joined the game.
[15:22:10] [Client thread/INFO]: [CHAT] 90ben left the game.
[15:22:13] [Client thread/INFO]: [CHAT] <Setiron> Je weet dat ik haat jullie allemaal je homo nobs neuken nu uit voordat ik fuck u omhoog
[15:22:22] [Client thread/INFO]: [CHAT] <thundercraft558> hello
[15:22:25] [Client thread/INFO]: [CHAT] <QuasiRigby> does anyone get bored of flatlands say I
[15:22:29] [Client thread/INFO]: [CHAT] < Saoirse100> i sumtimes
[15:22:41] [Client thread/INFO]: [CHAT] <ItzBloop> mibbzz knulla u
[15:22:43] [Client thread/INFO]: [CHAT] < Stipe48> DONT
[15:22:43] [Client thread/INFO]: [CHAT] <[lordghost'sPokemon] Arceus> Jeezus christ now everything looks like minecraft2k!!!!!
[15:22:47] [Client thread/INFO]: [CHAT] < Stipe48> Grief
[15:23:04] [Client thread/INFO]: [CHAT] <[lordghost'sPokemon] Arceus> now its b&w!
[15:23:08] [Client thread/INFO]: [CHAT] <QuasiRigby> ok
[15:23:09] [Client thread/INFO]: [CHAT] *  Mibbzz is now AFK.
[15:23:09] [Client thread/INFO]: [CHAT] Unknown command. Type "/help" for help.
[15:23:18] [Client thread/INFO]: [CHAT] Owen3717 joined the game.
[15:23:18] [Client thread/INFO]: [CHAT] Welcome Owen3717 to the server!
[15:23:18] [Client thread/INFO]: [CHAT] <VideoGameSmash12> im still op? cool!
[15:23:22] [Client thread/INFO]: [CHAT] < Double0negative> :O
[15:23:22] [Client thread/INFO]: [CHAT] j4ck_lee2011 joined the game.
[15:23:22] [Client thread/INFO]: [CHAT] Welcome j4ck_lee2011 to the server!
[15:23:24] [Client thread/INFO]: [CHAT] < Saoirse100> ello
[15:23:25] [Client thread/INFO]: [CHAT] <Survivalology> messing with the Super Secret Settings, eh?
[15:23:31] [Client thread/INFO]: [CHAT] <[lordghost'sPokemon] Arceus> yep XD
[15:23:33] [Client thread/INFO]: [CHAT] <Owen3717> Hi!
[15:23:33] [Client thread/INFO]: [CHAT] Your nickname is now  VideoGameSmash12.
[15:23:33] [Client thread/INFO]: [CHAT] < Saoirse100> i LUUUV supersecret
[15:23:33] [Client thread/INFO]: [CHAT] MaxCrafted left the game.
[15:23:34] [Client thread/INFO]: [CHAT] *  Mibbzz is no longer AFK.
[15:23:35] [Client thread/INFO]: [CHAT] < Saoirse100> lemme try!
[15:23:37] [Client thread/INFO]: [CHAT] <ItzBloop> mibbzz
[15:23:41] [Client thread/INFO]: [CHAT] <Survivalology> honestly, it sucks.
[15:23:41] [Client thread/INFO]: [CHAT] k111211 joined the game.
[15:23:42] [Client thread/INFO]: [CHAT] Welcome k111211 to the server!
[15:23:42] [Client thread/INFO]: [CHAT] <Setiron> mibbzz, je bent echt homo, ik haat je je weet, je lelijk stukje fuck, nu pissen uit voordat ik je
[15:23:45] [Client thread/INFO]: [CHAT] <ItzBloop> javla later sorg
[15:23:46] [Client thread/INFO]: [CHAT] <[lordghost'sPokemon] Arceus> now im a little blind with the effect XD its soo blurrryyy
[15:23:49] [Client thread/INFO]: [CHAT] < Mibbzz> Sounds hawt af
[15:23:53] [Client thread/INFO]: [CHAT] <Survivalology> they are just ugly shaders that lag up your computer
[15:23:54] [Client thread/INFO]: [CHAT] <Setiron> Vermoorden!
[15:23:57] [Client thread/INFO]: [CHAT] <Setiron> Vermoorden!!!!
[15:23:59] [Client thread/INFO]: [CHAT] <Setiron> Vermoorden!
[15:24:00] [Client thread/INFO]: [CHAT] Grantalanche left the game.
[15:24:01] [Client thread/INFO]: [CHAT] < Owen> That's better
[15:24:02] [Client thread/INFO]: [CHAT] <[lordghost'sPokemon] Arceus> omg rainbows!!!!
[15:24:03] [Client thread/INFO]: [CHAT] <Survivalology> and you cant tell if it is back to normal or not
[15:24:04] [Client thread/INFO]: [CHAT] JaviRox joined the game.
[15:24:07] [Client thread/INFO]: [CHAT] abilex9999 joined the game.
[15:24:08] [Client thread/INFO]: [CHAT] <[lordghost'sPokemon] Arceus> nyan nyan
[15:24:11] [Client thread/INFO]: [CHAT] JCoates47 left the game.
[15:24:18] [Client thread/INFO]: [CHAT] <abilex9999> hi
[15:24:20] [Client thread/INFO]: [CHAT] <ItzBloop> Knulla dig mibz ikr?
[15:24:22] [Client thread/INFO]: [CHAT] Unknown command. Type "/help" for help.
[15:24:37] [Client thread/INFO]: [CHAT] <Setiron> Nyan cat! is gay als een grote penis
[15:24:48] [Client thread/INFO]: [CHAT] < Longway> Bye guys
[15:24:48] [Client thread/INFO]: [CHAT] <abilex9999> aetiron ur so rude
[15:24:50] [Client thread/INFO]: [CHAT] <[lordghost'sPokemon] Arceus> survivology your flashing rainbow colors XD
[15:24:56] [Client thread/INFO]: [CHAT] < Saoirse100> cool how?
[15:24:57] [Client thread/INFO]: [CHAT] 35Longway left the game.
[15:24:59] [Client thread/INFO]: [CHAT] <Setiron> grote penis
[15:25:01] [Client thread/INFO]: [CHAT] <Setiron> grote penis!
[15:25:03] [Client thread/INFO]: [CHAT] <Setiron> grote penis!!!!!!!!!!!!!!!!!
[15:25:04] [Client thread/INFO]: [CHAT] <ItzBloop> din alla gay alltfor ny kort
[15:25:06] [Client thread/INFO]: [CHAT] < Owen> Why is there a huge redstone wall?
[15:25:13] [Client thread/INFO]: [CHAT] <abilex9999> i meen setiron stop it
[15:25:13] [Client thread/INFO]: [CHAT] < Saoirse100> am i flashin rainbow
[15:25:20] [Client thread/INFO]: [CHAT] <ItzBloop> abli
[15:25:22] [Client thread/INFO]: [CHAT] <ItzBloop> abilex9999
[15:25:25] [Client thread/INFO]: [CHAT] paragonxx99 joined the game.
[15:25:25] [Client thread/INFO]: [CHAT] Welcome paragonxx99 to the server!
[15:25:26] [Client thread/INFO]: [CHAT] < Saoirse100> .ci
[15:25:28] [Client thread/INFO]: [CHAT] < Saoirse100> fail
[15:25:32] [Client thread/INFO]: [CHAT] <JaviRox> hey paragon!
[15:25:33] [Client thread/INFO]: [CHAT] <Setiron> Ik ben België Zwarte mensen!
[15:25:36] [Client thread/INFO]: [CHAT] PigMan072803 left the game.
[15:25:37] [Client thread/INFO]: [CHAT] < Saoirse100> make me flash rainbow x3
[15:25:44] [Client thread/INFO]: [CHAT] JaviRox - Opping paragonxx99
[15:25:46] [Client thread/INFO]: [CHAT] paragonxx99 left the game.
[15:25:46] [Client thread/INFO]: [CHAT] <Setiron> Geen stelen van mijn swag fuckers!
[15:25:57] [Client thread/INFO]: [CHAT] < Owen> excuse me?
[15:26:03] [Client thread/INFO]: [CHAT] <abilex9999> itzbloop what do u want
[15:26:03] [Client thread/INFO]: [CHAT] <ItzBloop> kaften!
[15:26:07] [Client thread/INFO]: [CHAT] paragonxx99 joined the game.
[15:26:11] [Client thread/INFO]: [CHAT] <ItzBloop> kaften!!
[15:26:15] [Client thread/INFO]: [CHAT] <Setiron> Deze server wordt griefed as fuck. Dat is wat ik haat erover
[15:26:21] [Client thread/INFO]: [CHAT] <abilex9999> kaften wht does tht meen
[15:26:29] [Client thread/INFO]: [CHAT] <QuasiRigby> survival can you make a new spawn
[15:26:36] [Client thread/INFO]: [CHAT] *  VideoGameSmash12 was slain by Herobrine
[15:26:39] [Client thread/INFO]: [CHAT] <paragonxx99> i think hes trying to communicate with us...
[15:26:46] [Client thread/INFO]: [CHAT] < qatardead> QuasiRigby
[15:26:48] [Client thread/INFO]: [CHAT] <Setiron> Ga weg!
[15:26:50] [Client thread/INFO]: [CHAT] * jeb is now AFK.
[15:26:50] [Client thread/INFO]: [CHAT] <QuasiRigby> what
[15:26:50] [Client thread/INFO]: [CHAT] <Setiron> Ga weg!!
[15:26:53] [Client thread/INFO]: [CHAT] <Setiron> Ga weg!!!!!!!!!!!!!
[15:26:58] [Client thread/INFO]: [CHAT] *  Dant was slain by  @@@@@@@@@@@@@@@@@@@@@@@@@@@@@@@
[15:27:00] [Client thread/INFO]: [CHAT] < Saoirse100> D'AWW!! some little kids just came to my door!! THEYRE SO CUUUTE
[15:27:00] [Client thread/INFO]: [CHAT] <ItzBloop> mibbzz u full av shut
[15:27:02] [Client thread/INFO]: [CHAT] xXgorrillaXx joined the game.
[15:27:04] [Client thread/INFO]: [CHAT] Zekrom1644763 left the game.
[15:27:06] [Client thread/INFO]: [CHAT] hary72396 joined the game.
[15:27:06] [Client thread/INFO]: [CHAT] Welcome hary72396 to the server!
[15:27:06] [Client thread/INFO]: [CHAT] < qatardead> QuasiRigby!!!!!!!!!!!!!!!!!!!!!!
[15:27:06] [Client thread/INFO]: [CHAT] < Owen> this thing looks cool
[15:27:09] [Client thread/INFO]: [CHAT] *  Dant was slain by @@@@@@@@@@@@@@@@@@@@@@@@@@@@@@@
[15:27:09] [Client thread/INFO]: [CHAT] < Saoirse100> D'AWW!! some little kids just came to my door!! THEYRE SO CUUUTE when the trickortreat ;3
[15:27:13] [Client thread/INFO]: [CHAT] <paragonxx99> another one?
[15:27:14] [Client thread/INFO]: [CHAT] JoshSmoove1 joined the game.
[15:27:14] [Client thread/INFO]: [CHAT] DSlacky joined the game.
[15:27:16] [Client thread/INFO]: [CHAT] <hary72396> op
[15:27:17] [Client thread/INFO]: [CHAT] < Saoirse100> *they trickortreat
[15:27:20] [Client thread/INFO]: [CHAT] < JoshSmoove1> hi
[15:27:21] [Client thread/INFO]: [CHAT] Lars joined the game.
[15:27:23] [Client thread/INFO]: [CHAT] < DSlacky> Im back
[15:27:24] [Client thread/INFO]: [CHAT] < qatardead> hary72396
[15:27:26] [Client thread/INFO]: [CHAT] < Saoirse100> anyway i should be going soon..
[15:27:26] [Client thread/INFO]: [CHAT] < FUCKYOU> LOL
[15:27:27] [Client thread/INFO]: [CHAT] DMan268 joined the game.
[15:27:27] [Client thread/INFO]: [CHAT] nucleargummybear joined the game.
[15:27:27] [Client thread/INFO]: [CHAT] Welcome nucleargummybear to the server!
[15:27:28] [Client thread/INFO]: [CHAT] <Setiron> Ga sterven in een gat Saoirse1000
[15:27:30] [Client thread/INFO]: [CHAT] <hary72396> wat
[15:27:30] [Client thread/INFO]: [CHAT] < FUCKYOU> mibz
[15:27:32] [Client thread/INFO]: [CHAT] < Saoirse100> ?
[15:27:34] [Client thread/INFO]: [CHAT] < ii> hai
[15:27:35] [Client thread/INFO]: [CHAT] < Mibbzz> Yes
[15:27:36] [Client thread/INFO]: [CHAT] < FUCKYOU> talar svenska motherfucker
[15:27:37] [Client thread/INFO]: [CHAT] < Dant> trick-or-treat TRICK mwuahahhahahahahahahhaaaaaaaaaa
[15:27:42] [Client thread/INFO]: [CHAT] < Mibbzz> sounds hawt
[15:27:42] [Client thread/INFO]: [CHAT] *  Mibbzz is now AFK.
[15:27:43] [Client thread/INFO]: [CHAT] < FUCKYOU> mibbz
[15:27:43] [Client thread/INFO]: [CHAT] paragonxx99 left the game.
[15:27:43] [Client thread/INFO]: [CHAT] < Saoirse100> i always trick them
[15:27:44] [Client thread/INFO]: [CHAT] <Setiron> Welcoem om mijn penis nucleargummybear
[15:27:45] [Client thread/INFO]: [CHAT] < Saoirse100> lawl
[15:27:53] [Client thread/INFO]: [CHAT] <abilex9999> saoirse100 i cant belive tht kids are out at this tim of night
[15:27:55] [Client thread/INFO]: [CHAT] < Saoirse100> well i need 2 get my reaper costume on! Bye
[15:28:02] [Client thread/INFO]: [CHAT] < Saoirse100> dude its only 5:28 PM
[15:28:05] [Client thread/INFO]: [CHAT] < Saoirse100> wut are u talking about
[15:28:13] [Client thread/INFO]: [CHAT] < NIGGA> nigga nigga nigga nigga im 100% nigga
[15:28:17] [Client thread/INFO]: [CHAT] < Dant> lawl
[15:28:20] [Client thread/INFO]: [CHAT] < Saoirse100> wut are u talking about!?!!??!?!!? LOl
[15:28:23] [Client thread/INFO]: [CHAT] < Saoirse100> wut are u talking about
[15:28:24] [Client thread/INFO]: [CHAT] < Owen> wth?
[15:28:25] [Client thread/INFO]: [CHAT] < Saoirse100> dude its only 5:28 PM
[15:28:27] [Client thread/INFO]: [CHAT] < NIGGA> nigga nigga nigga nigga im 200% nigga nigga