[19:45:53] [Client thread/INFO]: Connecting to 64.34.165.5, 28965
[19:45:54] [Client thread/INFO]: [CHAT] VideoGameSmash12 joined the game.
[19:45:54] [Client thread/INFO]: [CHAT] Type /help for a list of commands.
[19:45:54] [Client thread/INFO]: [CHAT] Save your builds with World Edit or lose them
[19:45:54] [Client thread/INFO]: [CHAT] Read our website at www.totalfreedom.me to find out how
[19:45:54] [Client thread/INFO]: [CHAT] Read the rules
[19:45:54] [Client thread/INFO]: [CHAT] Read our only authorized forum at www.totalfreedom.boards.net
[19:45:54] [Client thread/INFO]: [CHAT] You have no new mail.
[19:46:03] [Client thread/INFO]: [CHAT] [Server:SpecLeader] Isn't yoshi a pokemon? <--- no
[19:46:06] [Client thread/INFO]: [CHAT] <VideoGameSmash12> My minecraft crashed
[19:46:11] [Client thread/INFO]: [CHAT] < KingofTheCoke> Dude, I'm getting huge lag spikes
[19:46:21] [Client thread/INFO]: [CHAT] <benturnervic> yoshi eats pokemon
[19:46:21] [Client thread/INFO]: [CHAT] NeonSkittlez01 left the game.
[19:46:21] [Client thread/INFO]: [CHAT] Compertop joined the game.
[19:46:22] [Client thread/INFO]: [CHAT] Welcome Compertop to the server!
[19:46:24] [Client thread/INFO]: [CHAT] SpecLeader - Opping all players on the server
[19:46:24] [Client thread/INFO]: [CHAT] You are now op!
[19:46:27] [Client thread/INFO]: [CHAT] < Chim> wut pokemon starter should i be?
[19:46:30] [Client thread/INFO]: [CHAT] <[SaHlpr] Jamel> Its very hard to get an anvil kill on spec
[19:46:43] [Client thread/INFO]: [CHAT] CrafterSmith12 is a Super Admin.
[19:46:43] [Client thread/INFO]: [CHAT] CrafterSmith12 joined the game.
[19:46:43] [Client thread/INFO]: [CHAT] Welcome CrafterSmith12 to the server!
[19:46:46] [Client thread/INFO]: [CHAT] <[SaHlpr] Jamel> NOOO
[19:46:51] [Client thread/INFO]: [CHAT] <SpecLeader> why are you changing my fly?
[19:47:00] [Client thread/INFO]: [CHAT] <[SaHlpr] Jamel> I was trying to get an anvil kil on you lol
[19:47:01] [Client thread/INFO]: [CHAT] *  Poseidon is now AFK.
[19:47:03] [Client thread/INFO]: [CHAT] <SpecLeader> fine
[19:47:03] [Client thread/INFO]: [CHAT] 2013Vlad19 is placing blocks too fast!
[19:47:03] [Client thread/INFO]: [CHAT] 2013Vlad19 has been banned for 1 minute.
[19:47:03] [Client thread/INFO]: [CHAT] 2013Vlad19 left the game.
[19:47:06] [Client thread/INFO]: [CHAT] Tronex joined the game.
[19:47:06] [Client thread/INFO]: [CHAT] Welcome Tronex to the server!
[19:47:06] [Client thread/INFO]: [CHAT] <SpecLeader> you have my permission
[19:47:08] [Client thread/INFO]: [CHAT] mikaeljacksn8 joined the game.
[19:47:08] [Client thread/INFO]: [CHAT] Welcome mikaeljacksn8 to the server!
[19:47:09] [Client thread/INFO]: [CHAT] <[SaHlpr] Jamel> Wait stay there
[19:47:14] [Client thread/INFO]: [CHAT] CrafterSmith12 - Opping all players on the server
[19:47:14] [Client thread/INFO]: [CHAT] You are now op!
[19:47:15] [Client thread/INFO]: [CHAT] <BUBBY22827> stop
[19:47:20] [Client thread/INFO]: [CHAT] < Chim> mudkipp