[21:04:38] [Client thread/INFO]: Connecting to 64.34.165.5, 28965
[21:04:39] [Client thread/INFO]: [CHAT] VideoGameSmash12 joined the game.
[21:04:39] [Client thread/INFO]: [CHAT] Type /help for a list of commands.
[21:04:39] [Client thread/INFO]: [CHAT] Save your builds with World Edit or lose them
[21:04:39] [Client thread/INFO]: [CHAT] Read our website at www.totalfreedom.me to find out how
[21:04:39] [Client thread/INFO]: [CHAT] Read the rules
[21:04:39] [Client thread/INFO]: [CHAT] Read our only authorized forum at www.totalfreedom.boards.net
[21:04:39] [Client thread/INFO]: [CHAT] You have no new mail.
[21:04:39] [Client thread/INFO]: [CHAT] Welcome VideoGameSmash12 to the server!
[21:04:43] [Client thread/INFO]: [CHAT] <Countypo> you're the one with a 100mil+ we limit
[21:04:43] [Client thread/INFO]: [CHAT] Henhoo has been banned for 1 minute.
[21:04:43] [Client thread/INFO]: [CHAT] Henhoo was automatically kicked for using harmful commands.
[21:04:43] [Client thread/INFO]: [CHAT] Henhoo left the game.
[21:04:48] [Client thread/INFO]: [CHAT] <Countypo> SEE
[21:04:51] [Client thread/INFO]: [CHAT] < SantaEpicz> hi
[21:05:07] [Client thread/INFO]: [CHAT] < Herro> .
[21:05:19] [Client thread/INFO]: [CHAT] You do not have access to that command.
[21:05:22] [Client thread/INFO]: [CHAT] You do not have access to that command.
[21:05:26] [Client thread/INFO]: [CHAT] <VideoGameSmash12> can someone op me?
[21:05:30] [Client thread/INFO]: [CHAT] Countypo left the game.
[21:05:34] [Client thread/INFO]: [CHAT] CreeperRaider97 - Opping VideoGameSmash12
[21:05:37] [Client thread/INFO]: [CHAT] skythekidMA - Opping VideoGameSmash12
[21:05:38] [Client thread/INFO]: [CHAT] <VideoGameSmash12> thanks
[21:05:44] [Client thread/INFO]: [CHAT] Error: Player not found.
[21:05:45] [Client thread/INFO]: [CHAT] < Creeper> np
[21:05:48] [Client thread/INFO]: [CHAT] <skythekidMA> np
[21:05:52] [Client thread/INFO]: [CHAT] < SantaEpicz> can some on op ne
[21:05:53] [Client thread/INFO]: [CHAT] Error: null
[21:05:54] [Client thread/INFO]: [CHAT] < SantaEpicz> can some on op me
[21:06:01] [Client thread/INFO]: [CHAT] < Creeper> Santa
[21:06:04] [Client thread/INFO]: [CHAT] < SantaEpicz> can some on op me!!!!!!!!!!!!!!!!!!!!!!!!!!!!!!!!
[21:06:07] [Client thread/INFO]: [CHAT] < Creeper> whats ur in game name
[21:06:09] [Client thread/INFO]: [CHAT] Shashz fell out of the world
[21:06:13] [Client thread/INFO]: [CHAT] < SantaEpicz> DsxDeo93
[21:06:17] [Client thread/INFO]: [CHAT] Countypo joined the game.
[21:06:17] [Client thread/INFO]: [CHAT] CreeperRaider97 - Opping DsxDeo93
[21:06:19] [Client thread/INFO]: [CHAT] skythekidMA - Opping DsxDeo93
[21:06:19] [Client thread/INFO]: [CHAT]  ---- Help -- Page 1/10 ----
[21:06:19] [Client thread/INFO]: [CHAT] AcidFreedom: Plugin Help: /help acidfreedom
[21:06:19] [Client thread/INFO]: [CHAT] Essentials: Plugin Help: /help essentials
[21:06:19] [Client thread/INFO]: [CHAT] EssentialsSpawn: Plugin Help: /help essentialsspawn
[21:06:19] [Client thread/INFO]: [CHAT] /acidfreedom: Info about AcidFreedom.
[21:06:19] [Client thread/INFO]: [CHAT] /ai: Info about getting admin.
[21:06:19] [Client thread/INFO]: [CHAT] /emf: Tells the user to speak english. Do not use against people of other nations.
[21:06:19] [Client thread/INFO]: [CHAT] /link: Links for important TF sites and stuff.
[21:06:19] [Client thread/INFO]: [CHAT] /afk: Marks you as away-from-keyboard.
[21:06:19] [Client thread/INFO]: [CHAT] /back: Teleports you to your location prior to tp/spawn/warp.
[21:06:19] [Client thread/INFO]: [CHAT] Type /help 2 to read the next page.
[21:06:20] [Client thread/INFO]: [CHAT] coole19 joined the game.
[21:06:20] [Client thread/INFO]: [CHAT] Welcome coole19 to the server!
[21:06:20] [Client thread/INFO]: [CHAT] Unknown command. Type "/help" for help.
[21:06:26] [Client thread/INFO]: [CHAT] CreeperRaider97 - Opping Countypo
[21:06:26] [Client thread/INFO]: [CHAT] < SantaEpicz> thanks
[21:06:30] [Client thread/INFO]: [CHAT] CreeperRaider97 - Opping coole19
[21:06:32] [Client thread/INFO]: [CHAT] DsxDeo93 - Opping coole19
[21:06:37] [Client thread/INFO]: [CHAT] <coole19> whats op
[21:06:49] [Client thread/INFO]: [CHAT] < SantaEpicz> oporator
[21:06:49] [Client thread/INFO]: [CHAT] <skythekidMA> im gonna fuck you up creeper
[21:06:52] [Client thread/INFO]: [CHAT] <[Builder++] Shashz> operator i think
[21:07:02] [Client thread/INFO]: [CHAT] < SantaEpicz> oporator!
[21:07:13] [Client thread/INFO]: [CHAT] < YoshiMan> gtg bye
[21:07:15] [Client thread/INFO]: [CHAT] FireYoshi59 left the game.
[21:07:17] [Client thread/INFO]: [CHAT] < SantaEpicz> bye
[21:07:29] [Client thread/INFO]: [CHAT] CreeperRaider97 fell out of the world
[21:07:35] [Client thread/INFO]: [CHAT] supersayian2 joined the game.
[21:07:35] [Client thread/INFO]: [CHAT] Welcome supersayian2 to the server!
[21:07:39] [Client thread/INFO]: [CHAT] Left click: select pos #1; Right click: select pos #2
[21:07:41] [Client thread/INFO]: [CHAT] <skythekidMA> have a taste of that bitch
[21:07:44] [Client thread/INFO]: [CHAT] CreeperRaider97 fell out of the world
[21:07:46] [Client thread/INFO]: [CHAT] <coole19> i was stuck
[21:07:59] [Client thread/INFO]: [CHAT] TrentSpokane joined the game.
[21:08:00] [Client thread/INFO]: [CHAT] Welcome TrentSpokane to the server!
[21:08:09] [Client thread/INFO]: [CHAT] <coole19> i have powers
[21:08:15] [Client thread/INFO]: [CHAT] <skythekidMA> like what
[21:08:22] [Client thread/INFO]: [CHAT] <skythekidMA> going to the toilet
[21:08:23] [Client thread/INFO]: [CHAT] < Creeper> tpohere skythekidMA
[21:08:23] [Client thread/INFO]: [CHAT] <skythekidMA> lol
[21:08:27] [Client thread/INFO]: [CHAT] DsxDeo93 - Opping TrentSpokane
[21:08:32] [Client thread/INFO]: [CHAT] <[Builder++] Shashz> i am riding a zombie with villager
[21:08:37] [Client thread/INFO]: [CHAT] yoctillion - Opping Dauq
[21:08:39] [Client thread/INFO]: [CHAT] KmanCrazy joined the game.
[21:08:39] [Client thread/INFO]: [CHAT] Welcome KmanCrazy to the server!
[21:08:40] [Client thread/INFO]: [CHAT] <[Builder++] Shashz> tp to me
[21:08:54] [Client thread/INFO]: [CHAT] Your nickname is now  Santa_VideoGameSmash12.
[21:08:57] [Client thread/INFO]: [CHAT] CreeperRaider97 left the game.
[21:09:01] [Client thread/INFO]: [CHAT] <coole19> watch
[21:09:03] [Client thread/INFO]: [CHAT] <KmanCrazy> hello
[21:09:05] [Client thread/INFO]: [CHAT] yoctillion - Opping Shashz
[21:09:07] [Client thread/INFO]: [CHAT] < SantaEpicz> hi
[21:09:08] [Client thread/INFO]: [CHAT] < Santa_VideoGameSmash12> :0
[21:09:10] [Client thread/INFO]: [CHAT] < Santa_VideoGameSmash12> :)
[21:09:25] [Client thread/INFO]: [CHAT] <skythekidMA> getting ready for the holidays
[21:09:28] [Client thread/INFO]: [CHAT] <Countypo> oh my god
[21:09:32] [Client thread/INFO]: [CHAT] <Countypo> there's no end to the damn dirt
[21:09:32] [Client thread/INFO]: [CHAT] juicemonk joined the game.
[21:09:49] [Client thread/INFO]: [CHAT] <supersayian2> sorry
[21:09:59] [Client thread/INFO]: [CHAT] <juicemonk> ????????? ?????? ????
[21:10:00] [Client thread/INFO]: [CHAT] OliverTigerShark joined the game.
[21:10:00] [Client thread/INFO]: [CHAT] Welcome  TheMiningNinja to the server!
[21:10:03] [Client thread/INFO]: [CHAT] < TheMiningNinja> d
[21:10:07] [Client thread/INFO]: [CHAT] KmanCrazy left the game.
[21:10:15] [Client thread/INFO]: [CHAT] < TheMiningNinja> can someone op me
[21:10:15] [Client thread/INFO]: [CHAT] supersayian2 left the game.
[21:10:24] [Client thread/INFO]: [CHAT] < TheMiningNinja> ?
[21:10:32] [Client thread/INFO]: [CHAT] < TheMiningNinja> op oliver
[21:10:32] [Client thread/INFO]: [CHAT] <skythekidMA> my house now
[21:10:35] [Client thread/INFO]: [CHAT] <juicemonk> ?????? ????
[21:10:37] [Client thread/INFO]: [CHAT] kiti left the game.
[21:10:39] [Client thread/INFO]: [CHAT] <skythekidMA> oh a ride
[21:10:43] [Client thread/INFO]: [CHAT] <skythekidMA> i know that
[21:10:51] [Client thread/INFO]: [CHAT] <skythekidMA> do minecart on endermen
[21:10:52] [Client thread/INFO]: [CHAT] DsxDeo93 - Opping Dauq
[21:10:54] [Client thread/INFO]: [CHAT] CreeperRaider97 joined the game.
[21:10:56] [Client thread/INFO]: [CHAT] < TheMiningNinja> can someone op me plz
[21:10:56] [Client thread/INFO]: [CHAT] <coole19> me
[21:10:59] [Client thread/INFO]: [CHAT] <juicemonk> ????????? ?????? ????
[21:11:02] [Client thread/INFO]: [CHAT] Rezden joined the game.
[21:11:02] [Client thread/INFO]: [CHAT] Welcome  PrincessZelda_From_ALBW to the server!
[21:11:06] [Client thread/INFO]: [CHAT] CreeperRaider97 - Opping CreeperRaider97
[21:11:11] [Client thread/INFO]: [CHAT] <juicemonk> ?????? ????
[21:11:13] [Client thread/INFO]: [CHAT] < PrincessZelda_From_ALBW> \what?
[21:11:15] [Client thread/INFO]: [CHAT] < Creeper> spawner
[21:11:24] [Client thread/INFO]: [CHAT] < Santa_VideoGameSmash12> admin
[21:11:43] [Client thread/INFO]: [CHAT] < Santa_VideoGameSmash12> juicemonk is not speaking english
[21:11:46] [Client thread/INFO]: [CHAT] <coole19> villager sounds get a little annyoiing
[21:11:51] [Client thread/INFO]: [CHAT] CreeperRaider97 used a forbidden WorldEdit block type: water
[21:11:53] [Client thread/INFO]: [CHAT] < TheMiningNinja> can someone do/op oliver
[21:12:03] [Client thread/INFO]: [CHAT] Henhoo joined the game.
[21:12:10] [Client thread/INFO]: [CHAT] <juicemonk> ????????? ?????? ????
[21:12:11] [Client thread/INFO]: [CHAT] < SantaEpicz> wha
[21:12:13] [Client thread/INFO]: [CHAT] < TheMiningNinja> op plz op plz
[21:12:17] [Client thread/INFO]: [CHAT] < TheMiningNinja> plz
[21:12:31] [Client thread/INFO]: [CHAT] < TheMiningNinja> its a nickname theminingninja plz
[21:12:34] [Client thread/INFO]: [CHAT] <juicemonk> ?????? ????
[21:12:37] [Client thread/INFO]: [CHAT] Shashz - Opping OliverTigerShark
[21:12:38] [Client thread/INFO]: [CHAT] KOSTA5NUKES joined the game.
[21:12:40] [Client thread/INFO]: [CHAT] Notrong2000 joined the game.
[21:12:41] [Client thread/INFO]: [CHAT] < Santa_VideoGameSmash12> ADMIN
[21:12:42] [Client thread/INFO]: [CHAT] < TheMiningNinja> thx dood
[21:12:43] [Client thread/INFO]: [CHAT] <KOSTA5NUKES> hey guys
[21:12:43] [Client thread/INFO]: [CHAT] < Creeper> f
[21:12:45] [Client thread/INFO]: [CHAT] DsxDeo93 - Opping Dauq
[21:12:45] [Client thread/INFO]: [CHAT] yoctillion - Opping Henhoo
[21:12:50] [Client thread/INFO]: [CHAT] < Creeper> Op me
[21:12:52] [Client thread/INFO]: [CHAT] coole19 left the game.
[21:12:54] [Client thread/INFO]: [CHAT] [skythekidMA: Set difficulty to EASY]
[21:12:56] [Client thread/INFO]: [CHAT] <KOSTA5NUKES> guys
[21:12:59] [Client thread/INFO]: [CHAT] <OliverTigerShark> wazzap
[21:13:04] [Client thread/INFO]: [CHAT] Henhoo changed their WorldEdit block limit to 999999999 and will need to be re-op'd.
[21:13:11] [Client thread/INFO]: [CHAT] yoctillion - Opping Henhoo
[21:13:11] [Client thread/INFO]: [CHAT] <KOSTA5NUKES> who wants to join a new server?
[21:13:13] [Client thread/INFO]: [CHAT] <Countypo> don't fucking op him Yoctillon
[21:13:14] [Client thread/INFO]: [CHAT] <juicemonk> ????????? ?????? ????
[21:13:15] [Client thread/INFO]: [CHAT] <Countypo> oh christ
[21:13:21] [Client thread/INFO]: [CHAT] BuscusFan joined the game.
[21:13:24] [Client thread/INFO]: [CHAT] KOSTA5NUKES - Opping Henhoo
[21:13:27] [Client thread/INFO]: [CHAT] Please do not repeat messages.
[21:13:28] [Client thread/INFO]: [CHAT] <juicemonk> ?????? ????
[21:13:30] [Client thread/INFO]: [CHAT] < Santa_VideoGameSmash12> ADMIN!!!
[21:13:30] [Client thread/INFO]: [CHAT] <juicemonk> ????????? ?????? ????
[21:13:33] [Client thread/INFO]: [CHAT] <juicemonk> ?????? ????
[21:13:33] [Client thread/INFO]: [CHAT] <CreeperRaider97> dd
[21:13:35] [Client thread/INFO]: [CHAT] <CreeperRaider97> Op me
[21:13:35] [Client thread/INFO]: [CHAT] <CreeperRaider97> PLS
[21:13:38] [Client thread/INFO]: [CHAT] <juicemonk> ????????? ?????? ????
[21:13:42] [Client thread/INFO]: [CHAT] BuscusFan left the game.
[21:13:44] [Client thread/INFO]: [CHAT] <CreeperRaider97> op me pls
[21:13:45] [Client thread/INFO]: [CHAT] Rezden left the game.
[21:13:47] [Client thread/INFO]: [CHAT] < Santa_VideoGameSmash12> NOOOO
[21:14:01] [Client thread/INFO]: [CHAT] < TheMiningNinja> f
[21:14:01] [Client thread/INFO]: [CHAT] < TheMiningNinja> lagrg
[21:14:05] [Client thread/INFO]: [CHAT] < TheMiningNinja> hi
[21:14:09] [Client thread/INFO]: [CHAT] <skythekidMA> trent
[21:14:09] [Client thread/INFO]: [CHAT] < TheMiningNinja> lol
[21:14:13] [Client thread/INFO]: [CHAT] <skythekidMA> dsx
[21:14:18] [Client thread/INFO]: [CHAT] <KOSTA5NUKES> guys
[21:14:30] [Client thread/INFO]: [CHAT] <skythekidMA> fuck this
[21:14:30] [Client thread/INFO]: [CHAT] <KOSTA5NUKES> can u join my new mc server?
[21:14:39] [Client thread/INFO]: [CHAT] <KOSTA5NUKES> up to 40 people
[21:14:51] [Client thread/INFO]: [CHAT] <KOSTA5NUKES> i will pick 1 new admin mod
[21:14:51] [Client thread/INFO]: [CHAT] < TheMiningNinja> im lagging
[21:14:59] [Client thread/INFO]: [CHAT] <KOSTA5NUKES> i will pick 1 new admin and mod
[21:15:08] [Client thread/INFO]: [CHAT] < TheMiningNinja> wtf
[21:15:14] [Client thread/INFO]: [CHAT] < Santa_VideoGameSmash12> admin
[21:15:14] [Client thread/INFO]: [CHAT] < TheMiningNinja> r
[21:15:23] [Client thread/INFO]: [CHAT] <KOSTA5NUKES> who wants the ip
[21:16:03] [Client thread/INFO]: Connecting to 64.34.165.5, 28965
[21:16:04] [Client thread/INFO]: [CHAT] VideoGameSmash12 joined the game.
[21:16:04] [Client thread/INFO]: [CHAT] Type /help for a list of commands.
[21:16:04] [Client thread/INFO]: [CHAT] Save your builds with World Edit or lose them
[21:16:04] [Client thread/INFO]: [CHAT] Read our website at www.totalfreedom.me to find out how
[21:16:04] [Client thread/INFO]: [CHAT] Read the rules
[21:16:04] [Client thread/INFO]: [CHAT] Read our only authorized forum at www.totalfreedom.boards.net
[21:16:04] [Client thread/INFO]: [CHAT] You have no new mail.
[21:16:04] [Client thread/INFO]: [CHAT] Set fly mode enabled for  Santa_VideoGameSmash12.
[21:16:13] [Client thread/INFO]: [CHAT] < Santa_VideoGameSmash12> admin?
[21:16:14] [Client thread/INFO]: [CHAT] <KOSTA5NUKES> Henhoo wanna join my new mc public server?
[21:16:21] [Client thread/INFO]: [CHAT] <Henhoo> ok
[21:16:42] [Client thread/INFO]: [CHAT] <KOSTA5NUKES> u want the ip
[21:16:49] [Client thread/INFO]: [CHAT] <Henhoo> yeah
[21:16:53] [Client thread/INFO]: [CHAT] <KOSTA5NUKES> 1 sec