[21:27:38] [Client thread/INFO]: Connecting to 64.34.165.5, 28965
[21:27:38] [Client thread/INFO]: [CHAT] VideoGameSmash12 joined the game.
[21:27:38] [Client thread/INFO]: [CHAT] Welcome  Herobrine to the server!
[21:27:38] [Client thread/INFO]: [CHAT] Type /help for a list of commands.
[21:27:38] [Client thread/INFO]: [CHAT] Save your builds with World Edit or lose them
[21:27:38] [Client thread/INFO]: [CHAT] Read our website at www.totalfreedom.me to find out how
[21:27:38] [Client thread/INFO]: [CHAT] Read the rules
[21:27:38] [Client thread/INFO]: [CHAT] Read our only authorized forum at www.totalfreedom.boards.net
[21:27:38] [Client thread/INFO]: [CHAT] You have 11 messages! Type /mail read to view your mail.
[21:27:55] [Client thread/INFO]: [CHAT] papasha joined the game.
[21:27:57] [Client thread/INFO]: [CHAT] <sonomavc_012> lah
[21:27:58] [Client thread/INFO]: [CHAT] <papasha> as spawning the heads of the players
[21:28:00] [Client thread/INFO]: [CHAT] <sonomavc_012> lag*
[21:28:02] [Client thread/INFO]: [CHAT] <sonomavc_012> nvm
[21:28:27] [Client thread/INFO]: [CHAT] <daj2211> how can i put my head or find it?
[21:28:30] [Client thread/INFO]: [CHAT] <daj2211> please help
[21:28:32] [Client thread/INFO]: [CHAT] <[Advertiser+] BaccaFTW> idk
[21:28:59] [Client thread/INFO]: [CHAT] < GAB> hey!
[21:29:00] [Client thread/INFO]: [CHAT] <daj2211> please
[21:29:00] [Client thread/INFO]: [CHAT] Left click: select pos #1; Right click: select pos #2
[21:29:06] [Client thread/INFO]: [CHAT] First position set to (-288.0, 54.0, -248.0).
[21:29:12] [Client thread/INFO]: [CHAT] Second position set to (-278.0, 54.0, -259.0) (132).
[21:29:16] [Client thread/INFO]: [CHAT] 9 block(s) have been replaced.
[21:29:18] [Client thread/INFO]: [CHAT] <daj2211> how