[02:20:09] [Client thread/INFO]: Connecting to 64.34.165.5, 28965
[02:20:09] [Client thread/INFO]: [CHAT] VideoGameSmash12 joined the game.
[02:20:09] [Client thread/INFO]: [CHAT] Type /help for a list of commands.
[02:20:09] [Client thread/INFO]: [CHAT] Save your builds with World Edit or lose them
[02:20:09] [Client thread/INFO]: [CHAT] Read our website at www.totalfreedom.me to find out how
[02:20:09] [Client thread/INFO]: [CHAT] Read the rules
[02:20:09] [Client thread/INFO]: [CHAT] Read our only authorized forum at www.totalfreedom.boards.net
[02:20:09] [Client thread/INFO]: [CHAT] You have 5 messages! Type /mail read to view your mail.
[02:20:11] [Client thread/INFO]: [CHAT] <[Helper++] Darryl> Okay
[02:20:16] [Client thread/INFO]: [CHAT] sethy13 joined the game.
[02:20:16] [Client thread/INFO]: [CHAT] Welcome sethy13 to the server!
[02:20:28] [Client thread/INFO]: [CHAT] <[Helper++] Darryl> Look
[02:20:28] [Client thread/INFO]: [CHAT] < Party_VideoGameSmash12> Hi Marioo
[02:20:38] [Client thread/INFO]: [CHAT] Unknown command. Type "/help" for help.
[02:20:40] [Client thread/INFO]: [CHAT] DarrylJRA - Opping sethy13
[02:20:41] [Client thread/INFO]: [CHAT] <ziyad180> some one op me
[02:20:44] [Client thread/INFO]: [CHAT] westy454 joined the game.
[02:20:44] [Client thread/INFO]: [CHAT] Welcome westy454 to the server!
[02:20:47] [Client thread/INFO]: [CHAT] < YOLOSWAG> &3
[02:20:49] [Client thread/INFO]: [CHAT] <Mario> lets make something
[02:20:51] [Client thread/INFO]: [CHAT] < YOLOSWAG> &3 h
[02:20:54] [Client thread/INFO]: [CHAT] < YOLOSWAG> &3h
[02:20:56] [Client thread/INFO]: [CHAT] Bhushan joined the game.
[02:20:57] [Client thread/INFO]: [CHAT] DarrylJRA - Opping westy454
[02:21:01] [Client thread/INFO]: [CHAT] <Bhushan> Hiya Huys
[02:21:01] [Client thread/INFO]: [CHAT] <[Helper++] Darryl> Hi Bhush
[02:21:04] [Client thread/INFO]: [CHAT] <Bhushan> Guys*
[02:21:10] [Client thread/INFO]: [CHAT] <Bhushan> Darryl Are you guy?
[02:21:12] [Client thread/INFO]: [CHAT] <Bhushan> ?!
[02:21:17] [Client thread/INFO]: [CHAT] <Bhushan> XD
[02:21:18] [Client thread/INFO]: [CHAT] <Bhushan> Jk
[02:21:20] [Client thread/INFO]: [CHAT] Left click: select pos #1; Right click: select pos #2
[02:21:21] [Client thread/INFO]: [CHAT] <Bhushan> Hie
[02:21:24] [Client thread/INFO]: [CHAT] Left click: select pos #1; Right click: select pos #2
[02:21:41] [Client thread/INFO]: [CHAT] <Mario> stio darj]
[02:21:45] [Client thread/INFO]: [CHAT] First position set to (-49.0, 49.0, 36.0).
[02:21:53] [Client thread/INFO]: [CHAT] First position set to (-49.0, 49.0, 0.0).
[02:21:55] [Client thread/INFO]: [CHAT] <[Helper++] Darryl> Neh
[02:21:59] [Client thread/INFO]: [CHAT] Second position set to (-84.0, 49.0, 0.0) (36).
[02:21:59] [Client thread/INFO]: [CHAT] The region that you selected contained a protected area. Selection cleared.
[02:22:08] [Client thread/INFO]: [CHAT] <[Helper++] Darryl> Should we need more builders
[02:22:10] [Client thread/INFO]: [CHAT] ziyad180 left the game.
[02:22:10] [Client thread/INFO]: [CHAT] ziyad180 joined the game.
[02:22:12] [Client thread/INFO]: [CHAT] < Bhushan> XD
[02:22:15] [Client thread/INFO]: [CHAT] < Bhushan> Lul
[02:22:15] [Client thread/INFO]: [CHAT] <Mario> No
[02:22:18] [Client thread/INFO]: [CHAT] First position set to (-155.0, 49.0, 78.0).
[02:22:23] [Client thread/INFO]: [CHAT] First position set to (-184.0, 49.0, 78.0).
[02:22:25] [Client thread/INFO]: [CHAT] < SkythekidRS> hi minecraft
[02:22:30] [Client thread/INFO]: [CHAT] Second position set to (-184.0, 49.0, 107.0) (30).
[02:22:30] [Client thread/INFO]: [CHAT] bazzLa is a Super Admin.
[02:22:30] [Client thread/INFO]: [CHAT] bazzLa joined the game.
[02:22:32] [Client thread/INFO]: [CHAT] < Bhushan> Builders?
[02:22:34] [Client thread/INFO]: [CHAT] < Party_VideoGameSmash12> fake sky
[02:22:34] [Client thread/INFO]: [CHAT] < Bhushan> For what?
[02:22:38] [Client thread/INFO]: [CHAT] <Mario> Yo Bazz
[02:22:39] [Client thread/INFO]: [CHAT] Second position set to (-155.0, 49.0, 107.0) (900).
[02:22:42] [Client thread/INFO]: [CHAT] <bazzLa> Hey
[02:22:43] [Client thread/INFO]: [CHAT] < YOLOSWAG> r
[02:22:52] [Client thread/INFO]: [CHAT] Block name 'blue wool' was not recognized.
[02:22:55] [Client thread/INFO]: [CHAT] Block name 'blue wool' was not recognized.
[02:22:56] [Client thread/INFO]: [CHAT] <jonnyclarck> bazzLa, tp
[02:22:57] [Client thread/INFO]: [CHAT] < YOLOSWAG> how to make my own head..
[02:23:05] [Client thread/INFO]: [CHAT] < Swag> YOLO!
[02:23:06] [Client thread/INFO]: [CHAT] westy454 - Opping sethy13
[02:23:07] [Client thread/INFO]: [CHAT] 85 block(s) have been replaced.
[02:23:12] [Client thread/INFO]: [CHAT] <bazzLa> Lol
[02:23:12] [Client thread/INFO]: [CHAT] < YOLOSWAG> swag
[02:23:14] [Client thread/INFO]: [CHAT] <bazzLa> I like it
[02:23:16] [Client thread/INFO]: [CHAT] <jonnyclarck> for DarrylJRA
[02:23:19] [Client thread/INFO]: [CHAT] 294 block(s) have been replaced.
[02:23:21] [Client thread/INFO]: [CHAT] <Bhushan> ?
[02:23:27] [Client thread/INFO]: [CHAT] <Mario> ok
[02:23:30] [Client thread/INFO]: [CHAT] <bazzLa> Hwy Bhush
[02:23:32] [Client thread/INFO]: [CHAT] 520 block(s) have been replaced.
[02:23:34] [Client thread/INFO]: [CHAT] <bazzLa> Hey*
[02:23:36] [Client thread/INFO]: [CHAT] < SkythekidRS> hey guys
[02:23:36] [Client thread/INFO]: [CHAT] Undo successful.
[02:23:36] [Client thread/INFO]: [CHAT] <Mario> lets make something
[02:23:39] [Client thread/INFO]: [CHAT] <Bhushan> Hey!
[02:23:41] [Client thread/INFO]: [CHAT] <Mario> make your houses
[02:23:42] [Client thread/INFO]: [CHAT] 302 block(s) have been replaced.
[02:23:42] [Client thread/INFO]: [CHAT] < YOLOSWAG> fake
[02:23:44] [Client thread/INFO]: [CHAT] <Bhushan> :D
[02:23:47] [Client thread/INFO]: [CHAT] <Bhushan> Bazz
[02:23:50] [Client thread/INFO]: [CHAT] <bazzLa> ?
[02:23:55] [Client thread/INFO]: [CHAT] <Bhushan> yesterday's story?
[02:23:57] [Client thread/INFO]: [CHAT] 38 block(s) have been replaced.
[02:24:00] [Client thread/INFO]: [CHAT] <bazzLa> Uh
[02:24:02] [Client thread/INFO]: [CHAT] < SkythekidRS> hi
[02:24:03] [Client thread/INFO]: [CHAT] <bazzLa> What about ti?
[02:24:05] [Client thread/INFO]: [CHAT] <bazzLa> it*
[02:24:05] [Client thread/INFO]: [CHAT] < YOLOSWAG> hi westy454
[02:24:08] [Client thread/INFO]: [CHAT] <Bhushan> Continue?
[02:24:11] [Client thread/INFO]: [CHAT] <bazzLa> Nah
[02:24:13] [Client thread/INFO]: [CHAT] <Bhushan> Nah, right?
[02:24:18] [Client thread/INFO]: [CHAT] 64 block(s) have been replaced.
[02:24:23] [Client thread/INFO]: [CHAT] <bazzLa> We'll do it when darryl's on
[02:24:26] [Client thread/INFO]: [CHAT] First position set to (-156.0, 50.0, 79.0) (116).
[02:24:28] [Client thread/INFO]: [CHAT] <Bhushan> Too Boring, Right?
[02:24:29] [Client thread/INFO]: [CHAT] Luis_Angelo joined the game.
[02:24:32] [Client thread/INFO]: [CHAT] First position set to (-156.0, 50.0, 106.0) (8).
[02:24:32] [Client thread/INFO]: [CHAT] <Bhushan> She's On...
[02:24:33] [Client thread/INFO]: [CHAT] <[Helper++] Darryl> :3
[02:24:38] [Client thread/INFO]: [CHAT] Second position set to (-183.0, 50.0, 106.0) (28).
[02:24:38] [Client thread/INFO]: [CHAT] <bazzLa> Oh hey darryl
[02:24:41] [Client thread/INFO]: [CHAT] <[Helper++] Darryl> Hai
[02:24:44] [Client thread/INFO]: [CHAT] Second position set to (-183.0, 50.0, 79.0) (784).
[02:24:45] [Client thread/INFO]: [CHAT] <bazzLa> You know what
[02:24:46] [Client thread/INFO]: [CHAT] 29 block(s) have been replaced.
[02:24:47] [Client thread/INFO]: [CHAT] <bazzLa> I wanna pvp
[02:24:48] [Client thread/INFO]: [CHAT] Blue5kv joined the game.
[02:24:48] [Client thread/INFO]: [CHAT] <bazzLa> Lel
[02:24:49] [Client thread/INFO]: [CHAT] <Bhushan> ?
[02:24:49] [Client thread/INFO]: [CHAT] Blue5kv left the game.
[02:24:53] [Client thread/INFO]: [CHAT] Blue5kv joined the game.
[02:24:54] [Client thread/INFO]: [CHAT] 25 block(s) have been replaced.
[02:24:57] [Client thread/INFO]: [CHAT] 0 block(s) have been replaced.
[02:25:01] [Client thread/INFO]: [CHAT] 0 block(s) have been replaced.
[02:25:02] [Client thread/INFO]: [CHAT] <[Helper++] Darryl> lul
[02:25:02] [Client thread/INFO]: [CHAT] <Bhushan> Well
[02:25:03] [Client thread/INFO]: [CHAT] 25 block(s) have been replaced.
[02:25:05] [Client thread/INFO]: [CHAT] <Bhushan> Pvp?
[02:25:10] [Client thread/INFO]: [CHAT] 24 block(s) have been replaced.
[02:25:15] [Client thread/INFO]: [CHAT] First position set to (-183.0, 51.0, 106.0) (56).
[02:25:15] [Client thread/INFO]: [CHAT] <bazzLa> Mario, Bhush, darryl
[02:25:16] [Client thread/INFO]: [CHAT] <Bhushan> But She is Building
[02:25:18] [Client thread/INFO]: [CHAT] <Bhushan> D:
[02:25:18] [Client thread/INFO]: [CHAT] <bazzLa> Wanna pvp?
[02:25:19] [Client thread/INFO]: [CHAT] Blue5kv left the game.
[02:25:20] [Client thread/INFO]: [CHAT] First position set to (-183.0, 72.0, 106.0) (644).
[02:25:21] [Client thread/INFO]: [CHAT] <bazzLa> Oh
[02:25:23] [Client thread/INFO]: [CHAT] <bazzLa> D':
[02:25:25] [Client thread/INFO]: [CHAT] First position set to (-156.0, 72.0, 106.0) (18032).
[02:25:28] [Client thread/INFO]: [CHAT] <Mario> Bazz
[02:25:29] [Client thread/INFO]: [CHAT] First position set to (-156.0, 51.0, 106.0) (1568).
[02:25:30] [Client thread/INFO]: [CHAT] <Mario> tp
[02:25:32] [Client thread/INFO]: [CHAT] <bazzLa> ?
[02:25:35] [Client thread/INFO]: [CHAT] Second position set to (-156.0, 51.0, 79.0) (28).
[02:25:37] [Client thread/INFO]: [CHAT] <Bhushan> Mario is buildin gtoo
[02:25:38] [Client thread/INFO]: [CHAT] <Bhushan> D;
[02:25:41] [Client thread/INFO]: [CHAT] Second position set to (-156.0, 72.0, 79.0) (616).
[02:25:41] [Client thread/INFO]: [CHAT] <bazzLa> Ugh
[02:25:43] [Client thread/INFO]: [CHAT] <bazzLa> You and meh?
[02:25:44] [Client thread/INFO]: [CHAT] <bazzLa> :)
[02:25:46] [Client thread/INFO]: [CHAT] First position set to (-182.0, 49.0, 78.0) (1296).
[02:25:47] [Client thread/INFO]: [CHAT] First position set to (-183.0, 49.0, 78.0) (1344).
[02:25:47] [Client thread/INFO]: [CHAT] <jonnyclarck> don't grief please
[02:25:48] [Client thread/INFO]: [CHAT] First position set to (-183.0, 51.0, 79.0) (616).
[02:25:48] [Client thread/INFO]: [CHAT] Second position set to (-183.0, 51.0, 80.0) (2).
[02:25:49] [Client thread/INFO]: [CHAT] <Bhushan> Lol, kay!
[02:25:50] [Client thread/INFO]: [CHAT] First position set to (-183.0, 52.0, 79.0) (4).
[02:25:50] [Client thread/INFO]: [CHAT] First position set to (-183.0, 53.0, 79.0) (6).
[02:25:51] [Client thread/INFO]: [CHAT] First position set to (-183.0, 56.0, 79.0) (12).
[02:25:53] [Client thread/INFO]: [CHAT] First position set to (-183.0, 70.0, 79.0) (40).
[02:25:53] [Client thread/INFO]: [CHAT] First position set to (-183.0, 71.0, 79.0) (42).
[02:25:53] [Client thread/INFO]: [CHAT] First position set to (-183.0, 72.0, 79.0) (44).
[02:25:55] [Client thread/INFO]: [CHAT] <[Helper++] Darryl> Yeah you 2 can 1v1 :)
[02:25:57] [Client thread/INFO]: [CHAT] First position set to (-182.0, 72.0, 79.0) (88).
[02:25:59] [Client thread/INFO]: [CHAT] 17 block(s) have been replaced.
[02:26:01] [Client thread/INFO]: [CHAT] 12 block(s) have been replaced.
[02:26:01] [Client thread/INFO]: [CHAT] <Bhushan> :)
[02:26:02] [Client thread/INFO]: [CHAT] <Mario> here we make arena
[02:26:04] [Client thread/INFO]: [CHAT] <Mario> for pvp
[02:26:04] [Client thread/INFO]: [CHAT] 0 block(s) have been replaced.
[02:26:08] [Client thread/INFO]: [CHAT] <Mario> this is my house
[02:26:11] [Client thread/INFO]: [CHAT] 19 block(s) have been replaced.
[02:26:12] [Client thread/INFO]: [CHAT] <Mario> but i make you arena
[02:26:14] [Client thread/INFO]: [CHAT] 13 block(s) have been replaced.
[02:26:25] [Client thread/INFO]: [CHAT] <Bhushan> Oi
[02:26:27] [Client thread/INFO]: [CHAT] <Bhushan> Look here.
[02:26:42] [Client thread/INFO]: [CHAT] 0 block(s) have been replaced.
[02:26:48] [Client thread/INFO]: [CHAT] Unknown command. Type "/help" for help.
[02:26:53] [Client thread/INFO]: [CHAT] 88 block(s) have been replaced.
[02:26:56] [Client thread/INFO]: [CHAT] <[Helper++] Darryl> Woah..
[02:27:03] [Client thread/INFO]: [CHAT] <jonnyclarck> how u make the party dance floor thing?
[02:27:13] [Client thread/INFO]: [CHAT] <westy454> . /hat
[02:27:21] [Client thread/INFO]: [CHAT] <Mario> bazz
[02:27:22] [Client thread/INFO]: [CHAT] < YOLOSWAG> lamp and press plate
[02:27:25] [Client thread/INFO]: [CHAT] <jonnyclarck> oh its /pat
[02:27:25] [Client thread/INFO]: [CHAT] sale joined the game.
[02:27:25] [Client thread/INFO]: [CHAT] Welcome sale to the server!
[02:27:28] [Client thread/INFO]: [CHAT] <Mario> this is your arena
[02:27:29] [Client thread/INFO]: [CHAT] <bazzLa> ?
[02:27:34] [Client thread/INFO]: [CHAT] <bazzLa> Mine?
[02:27:35] [Client thread/INFO]: [CHAT] <bazzLa> :D
[02:27:38] [Client thread/INFO]: [CHAT] <Mario> no
[02:27:42] [Client thread/INFO]: [CHAT] SkythekidRS joined the game.
[02:27:43] [Client thread/INFO]: [CHAT] <Mario> my but you pvp here
[02:27:47] [Client thread/INFO]: [CHAT] < YOLOSWAG> real sky!
[02:27:47] [Client thread/INFO]: [CHAT] <bazzLa> kk
[02:27:48] [Client thread/INFO]: [CHAT] <Mario> when you want
[02:27:50] [Client thread/INFO]: [CHAT] <Bhushan> I spawned it
[02:27:51] [Client thread/INFO]: [CHAT] <Mario> because my city
[02:27:51] [Client thread/INFO]: [CHAT] <Bhushan> :D
[02:27:53] [Client thread/INFO]: [CHAT] You have 5 messages! Type /mail read to view your mail.
[02:27:53] [Client thread/INFO]: [CHAT] Your nickname is now  Herobrine.
[02:27:54] [Client thread/INFO]: [CHAT] <Mario> :D
[02:28:02] [Client thread/INFO]: [CHAT] <bazzLa> What's the schem?
[02:28:04] [Client thread/INFO]: [CHAT] < fartpants> sky!
[02:28:10] [Client thread/INFO]: [CHAT] <Bhushan> How did you know!
[02:28:11] [Client thread/INFO]: [CHAT] SlenderPanda left the game.
[02:28:12] [Client thread/INFO]: [CHAT] < Herobrine> Hello dumb players.
[02:28:14] [Client thread/INFO]: [CHAT] <Bhushan> That it's a schem!
[02:28:17] [Client thread/INFO]: [CHAT] <bazzLa> What is it?
[02:28:21] [Client thread/INFO]: [CHAT] <Bhushan> ...
[02:28:26] [Client thread/INFO]: [CHAT] <Bhushan> "arena"
[02:28:30] [Client thread/INFO]: [CHAT] Second position set to (-177.0, 72.0, 83.0) (30).
[02:28:30] [Client thread/INFO]: [CHAT] <bazzLa> Kk
[02:28:32] [Client thread/INFO]: [CHAT] <bazzLa> Thnx
[02:28:32] [Client thread/INFO]: [CHAT] Second position set to (-175.0, 72.0, 83.0) (40).
[02:28:34] [Client thread/INFO]: [CHAT] First position set to (-175.0, 72.0, 85.0) (3).
[02:28:35] [Client thread/INFO]: [CHAT] First position set to (-177.0, 72.0, 85.0) (9).
[02:28:38] [Client thread/INFO]: [CHAT] 9 block(s) have been replaced.
[02:28:40] [Client thread/INFO]: [CHAT] <Bhushan> bazz
[02:28:42] [Client thread/INFO]: [CHAT] First position set to (-181.0, 72.0, 82.0) (14).
[02:28:44] [Client thread/INFO]: [CHAT] First position set to (-181.0, 72.0, 84.0) (14).
[02:28:44] [Client thread/INFO]: [CHAT] <Bhushan> Do ./jump
[02:28:45] [Client thread/INFO]: [CHAT] Second position set to (-183.0, 72.0, 84.0) (3).
[02:28:46] [Client thread/INFO]: [CHAT] Second position set to (-183.0, 72.0, 82.0) (9).
[02:28:47] [Client thread/INFO]: [CHAT] 9 block(s) have been replaced.
[02:28:53] [Client thread/INFO]: [CHAT] First position set to (-180.0, 72.0, 87.0) (24).
[02:28:54] [Client thread/INFO]: [CHAT] < SkythekidRS> j
[02:28:55] [Client thread/INFO]: [CHAT] First position set to (-177.0, 72.0, 87.0) (42).
[02:28:57] [Client thread/INFO]: [CHAT] <sethy13> its sky!
[02:28:57] [Client thread/INFO]: [CHAT] Second position set to (-177.0, 72.0, 90.0) (4).
[02:28:58] [Client thread/INFO]: [CHAT] <[Helper++] Darryl> WTF am i doing
[02:28:58] [Client thread/INFO]: [CHAT] <westy454> sky tp to me
[02:28:58] [Client thread/INFO]: [CHAT] Second position set to (-180.0, 72.0, 90.0) (16).
[02:29:00] [Client thread/INFO]: [CHAT] 16 block(s) have been replaced.
[02:29:05] [Client thread/INFO]: [CHAT] First position set to (-168.0, 72.0, 87.0) (52).
[02:29:06] [Client thread/INFO]: [CHAT] First position set to (-168.0, 72.0, 89.0) (26).
[02:29:07] [Client thread/INFO]: [CHAT] Second position set to (-166.0, 72.0, 89.0) (3).
[02:29:08] [Client thread/INFO]: [CHAT] Second position set to (-166.0, 72.0, 87.0) (9).
[02:29:09] [Client thread/INFO]: [CHAT] <ButterSky SkytheFakeRS> you
[02:29:09] [Client thread/INFO]: [CHAT] 9 block(s) have been replaced.
[02:29:18] [Client thread/INFO]: [CHAT] SlenderPanda joined the game.
[02:29:19] [Client thread/INFO]: [CHAT] First position set to (-172.0, 48.0, 92.0) (1050).
[02:29:19] [Client thread/INFO]: [CHAT] <jonnyclarck> ...
[02:29:20] [Client thread/INFO]: [CHAT] First position set to (-172.0, 48.0, 94.0) (1400).
[02:29:22] [Client thread/INFO]: [CHAT] <ButterSky SkythekidRS> k
[02:29:22] [Client thread/INFO]: [CHAT] Second position set to (-170.0, 48.0, 94.0) (3).
[02:29:23] [Client thread/INFO]: [CHAT] Second position set to (-170.0, 48.0, 92.0) (9).
[02:29:24] [Client thread/INFO]: [CHAT] 9 block(s) have been replaced.
[02:29:25] [Client thread/INFO]: [CHAT] 0 block(s) have been replaced.
[02:29:27] [Client thread/INFO]: [CHAT] First position set to (-170.0, 47.0, 92.0) (2).
[02:29:29] [Client thread/INFO]: [CHAT] First position set to (-170.0, 47.0, 94.0) (6).
[02:29:30] [Client thread/INFO]: [CHAT] Second position set to (-172.0, 47.0, 94.0) (3).
[02:29:31] [Client thread/INFO]: [CHAT] Second position set to (-172.0, 47.0, 92.0) (9).
[02:29:32] [Client thread/INFO]: [CHAT] 9 block(s) have been replaced.
[02:29:34] [Client thread/INFO]: [CHAT] First position set to (-170.0, 46.0, 92.0) (6).
[02:29:36] [Client thread/INFO]: [CHAT] First position set to (-170.0, 46.0, 94.0) (18).
[02:29:37] [Client thread/INFO]: [CHAT] Second position set to (-172.0, 46.0, 94.0) (3).
[02:29:38] [Client thread/INFO]: [CHAT] Second position set to (-172.0, 46.0, 92.0) (9).
[02:29:39] [Client thread/INFO]: [CHAT] Block name 'air\' was not recognized.
[02:29:41] [Client thread/INFO]: [CHAT] 9 block(s) have been replaced.
[02:29:45] [Client thread/INFO]: [CHAT] <ButterSky SkythekidRS> j
[02:29:46] [Client thread/INFO]: [CHAT] stiv joined the game.
[02:29:46] [Client thread/INFO]: [CHAT] Welcome stiv to the server!
[02:29:57] [Client thread/INFO]: [CHAT] < ButterBoy> hello
[02:30:09] [Client thread/INFO]: [CHAT] < Herobrine> SkyDoesMinecraft.
[02:30:10] [Client thread/INFO]: [CHAT] <westy454> sky please tp me im your number 1 fan
[02:30:17] [Client thread/INFO]: [CHAT] You have 5 messages! Type /mail read to view your mail.
[02:30:17] [Client thread/INFO]: [CHAT] Teleporting...
[02:30:19] [Client thread/INFO]: [CHAT] <bazzLa> Hey marii
[02:30:22] [Client thread/INFO]: [CHAT] <bazzLa> Let's go?
[02:30:23] [Client thread/INFO]: [CHAT] <Mario> hey
[02:30:24] [Client thread/INFO]: [CHAT] <Mario> wait
[02:30:25] [Client thread/INFO]: [CHAT] You have 5 messages! Type /mail read to view your mail.
[02:30:25] [Client thread/INFO]: [CHAT] Error: ButterSky SkythekidRS has teleportation disabled.
[02:30:27] [Client thread/INFO]: [CHAT] <Mario> to ench
[02:30:36] [Client thread/INFO]: [CHAT] < Steve> hey guys
[02:30:38] [Client thread/INFO]: [CHAT] You have 5 messages! Type /mail read to view your mail.
[02:30:38] [Client thread/INFO]: [CHAT] Error: ButterSky SkythekidRS has teleportation disabled.
[02:30:39] [Client thread/INFO]: [CHAT] You have 5 messages! Type /mail read to view your mail.
[02:30:39] [Client thread/INFO]: [CHAT] Error: ButterSky SkythekidRS has teleportation disabled.
[02:30:48] [Client thread/INFO]: [CHAT] You have 5 messages! Type /mail read to view your mail.
[02:30:48] [Client thread/INFO]: [CHAT] Error: ButterSky SkythekidRS has teleportation disabled.
[02:30:53] [Client thread/INFO]: [CHAT] You have 5 messages! Type /mail read to view your mail.
[02:30:53] [Client thread/INFO]: [CHAT] Error: Player not found.
[02:31:00] [Client thread/INFO]: [CHAT] You have 5 messages! Type /mail read to view your mail.
[02:31:00] [Client thread/INFO]: [CHAT] Error: Mario has teleportation disabled.
[02:31:02] [Client thread/INFO]: [CHAT] <westy454> sky come to me
[02:31:04] [Client thread/INFO]: [CHAT] <[Helper++] Darryl> This is..
[02:31:05] [Client thread/INFO]: [CHAT] <[Helper++] Darryl> just
[02:31:07] [Client thread/INFO]: [CHAT] You have 5 messages! Type /mail read to view your mail.
[02:31:07] [Client thread/INFO]: [CHAT] Teleporting...
[02:31:07] [Client thread/INFO]: [CHAT] sale left the game.
[02:31:10] [Client thread/INFO]: [CHAT] <Bhushan> Madness!
[02:31:12] [Client thread/INFO]: [CHAT] <Bhushan> XD
[02:31:18] [Client thread/INFO]: [CHAT] <[Helper++] Darryl> Lul
[02:31:23] [Client thread/INFO]: [CHAT] < Steve> survival of the fittest
[02:31:26] [Client thread/INFO]: [CHAT] <Bhushan> XXD
[02:31:49] [Client thread/INFO]: [CHAT] < Merle> hey Darryl
[02:32:02] [Client thread/INFO]: [CHAT] <[Helper++] Darryl> Has anyone had an EyePad on there faces before? :)
[02:32:06] [Client thread/INFO]: [CHAT] <jonnyclarck> clear the glowstone walls...
[02:32:06] [Client thread/INFO]: [CHAT] <bazzLa> Bhush
[02:32:08] [Client thread/INFO]: [CHAT] <bazzLa> god
[02:32:10] [Client thread/INFO]: [CHAT] <jonnyclarck> clear the glowstone walls... please
[02:32:11] [Client thread/INFO]: [CHAT] <Bhushan> Meh
[02:32:12] [Client thread/INFO]: [CHAT] First position set to (61.0, 49.0, 180.0) (83304).
[02:32:12] [Client thread/INFO]: [CHAT] The region that you selected contained a protected area. Selection cleared.
[02:32:12] [Client thread/INFO]: [CHAT] First position set to (60.0, 50.0, 181.0).
[02:32:13] [Client thread/INFO]: [CHAT] <Bhushan> I had
[02:32:19] [Client thread/INFO]: [CHAT] westy454 left the game.
[02:32:26] [Client thread/INFO]: [CHAT] < Bum> cya guys
[02:32:29] [Client thread/INFO]: [CHAT] sethy13 left the game.
[02:33:10] [Client thread/INFO]: [CHAT] <Bhushan> Ouch|
[02:33:13] [Client thread/INFO]: [CHAT] <jonnyclarck> bazzLa, tp
[02:33:22] [Client thread/INFO]: [CHAT] <bazzLa> Not now
[02:33:24] [Client thread/INFO]: [CHAT] <bazzLa> Sorry
[02:33:25] [Client thread/INFO]: [CHAT] Uparial joined the game.
[02:33:26] [Client thread/INFO]: [CHAT] Welcome Uparial to the server!
[02:33:29] [Client thread/INFO]: [CHAT] Use /creative and /survival to set your gamemode.
[02:33:30] [Client thread/INFO]: [CHAT] <jonnyclarck> ok...
[02:33:31] [Client thread/INFO]: [CHAT] <bazzLa> Lel
[02:33:34] [Client thread/INFO]: [CHAT] <Bhushan> Lag!
[02:33:34] [Client thread/INFO]: [CHAT] Unknown command. Type "/help" for help.
[02:33:39] [Client thread/INFO]: [CHAT] Setting VideoGameSmash12 to game mode 'Survival'.
[02:33:39] [Client thread/INFO]: [CHAT] VideoGameSmash12 set your game mode to 'Survival'.
[02:33:39] [Client thread/INFO]: [CHAT] Your game mode has been updated
[02:33:44] [Client thread/INFO]: [CHAT] <Uparial> op me pliz
[02:33:47] [Client thread/INFO]: [CHAT] You have 5 messages! Type /mail read to view your mail.
[02:33:47] [Client thread/INFO]: [CHAT] Giving 64 of diamond pickaxe
[02:33:50] [Client thread/INFO]: [CHAT] SlenderPanda - Opping Uparial
[02:34:03] [Client thread/INFO]: [CHAT] <Uparial> thank you
[02:34:17] [Client thread/INFO]: [CHAT] Luis_Angelo left the game.
[02:34:30] [Client thread/INFO]: [CHAT] alasdairmacpaul joined the game.
[02:34:30] [Client thread/INFO]: [CHAT] Welcome alasdairmacpaul to the server!
[02:34:50] [Client thread/INFO]: [CHAT] <bazzLa> Shit loll
[02:35:01] [Client thread/INFO]: [CHAT] <alasdairmacpaul> can i has op?
[02:35:06] [Client thread/INFO]: [CHAT] bazzLa - Opping all players on the server
[02:35:06] [Client thread/INFO]: [CHAT] You are now op!
[02:35:06] [Client thread/INFO]: [CHAT] SlenderPanda - Opping alasdairmacpaul
[02:35:07] [Client thread/INFO]: [CHAT] DarrylJRA - Opping alasdairmacpaul
[02:35:10] [Client thread/INFO]: [CHAT] Uparial - Opping alasdairmacpaul
[02:35:11] [Client thread/INFO]: [CHAT] < Herobrine> ive been griefed
[02:35:11] [Client thread/INFO]: [CHAT] <alasdairmacpaul> thnx
[02:35:16] [Client thread/INFO]: [CHAT] < Herobrine> FUUUU
[02:35:16] [Client thread/INFO]: [CHAT] <ButterSky SkythekidRS> NOW
[02:35:18] [Client thread/INFO]: [CHAT] MrDonshaarm joined the game.
[02:35:18] [Client thread/INFO]: [CHAT] Welcome MrDonshaarm to the server!
[02:35:22] [Client thread/INFO]: [CHAT] First position set to (38.0, 50.0, 196.0).
[02:35:27] [Client thread/INFO]: [CHAT] First position set to (42.0, 50.0, 196.0).
[02:35:34] [Client thread/INFO]: [CHAT] Second position set to (42.0, 50.0, 183.0) (14).
[02:35:37] [Client thread/INFO]: [CHAT] Second position set to (38.0, 50.0, 183.0) (70).
[02:35:44] [Client thread/INFO]: [CHAT] 32 block(s) have been replaced.
[02:35:46] [Client thread/INFO]: [CHAT] MrDonshaarm left the game.
[02:36:21] [Client thread/INFO]: [CHAT] ziyad180 left the game.
[02:36:27] [Client thread/INFO]: [CHAT] < Herobrine> who wants to see totalfreedom turn to totalfailiure
[02:36:33] [Client thread/INFO]: [CHAT] You have 5 messages! Type /mail read to view your mail.
[02:36:48] [Client thread/INFO]: [CHAT] <[Helper++] Darryl> YOU would NEVA
[02:36:53] [Client thread/INFO]: [CHAT] You have 5 messages! Type /mail read to view your mail.
[02:36:53] [Client thread/INFO]: [CHAT] Set fly mode enabled for  Herobrine.
[02:36:58] [Client thread/INFO]: [CHAT] Malaki_Knight joined the game.
[02:36:58] [Client thread/INFO]: [CHAT] Welcome Malaki_Knight to the server!
[02:37:05] [Client thread/INFO]: [CHAT] Leav joined the game.
[02:37:05] [Client thread/INFO]: [CHAT] <bazzLa> Wow
[02:37:06] [Client thread/INFO]: [CHAT] ziyad180 joined the game.
[02:37:08] [Client thread/INFO]: [CHAT] <bazzLa> So intesnse
[02:37:08] [Client thread/INFO]: [CHAT] Nikos_Kokos left the game.
[02:37:15] [Client thread/INFO]: [CHAT] First position set to (63.0, 50.0, 138.0) (1196).
[02:37:19] [Client thread/INFO]: [CHAT] Second position set to (65.0, 50.0, 138.0) (3).
[02:37:21] [Client thread/INFO]: [CHAT] < Budder> jonnyclarck the party dance is done
[02:37:23] [Client thread/INFO]: [CHAT] 3 block(s) have been replaced.
[02:37:26] [Client thread/INFO]: [CHAT] Please do not repeat messages.
[02:37:29] [Client thread/INFO]: [CHAT] <jonnyclarck> ...
[02:37:30] [Client thread/INFO]: [CHAT] <[Helper++] Darryl> Sky
[02:37:32] [Client thread/INFO]: [CHAT] <bazzLa> WOw
[02:37:34] [Client thread/INFO]: [CHAT] <Malaki_Knight> can someone op me
[02:37:34] [Client thread/INFO]: [CHAT] <jonnyclarck> i know
[02:37:34] [Client thread/INFO]: [CHAT] < Herobrine> who wants to see totalfreedom turn to totalfailiure? bwahahaahahah
[02:37:35] [Client thread/INFO]: [CHAT] <Bhushan> lil
[02:37:36] [Client thread/INFO]: [CHAT] <[Helper++] Darryl> Wrong
[02:37:37] [Client thread/INFO]: [CHAT] <Bhushan> lul
[02:37:39] [Client thread/INFO]: [CHAT] <bazzLa> 1 sec
[02:37:42] [Client thread/INFO]: [CHAT] First position set to (49.0, 50.0, 121.0) (306).
[02:37:43] [Client thread/INFO]: [CHAT] <[Helper++] Darryl> Sky
[02:37:43] [Client thread/INFO]: [CHAT] First position set to (49.0, 50.0, 117.0) (374).
[02:37:45] [Client thread/INFO]: [CHAT] Second position set to (49.0, 52.0, 117.0) (3).
[02:37:46] [Client thread/INFO]: [CHAT] Second position set to (49.0, 52.0, 121.0) (15).
[02:37:46] [Client thread/INFO]: [CHAT] <Leav> why i don't have creative?
[02:37:47] [Client thread/INFO]: [CHAT] Please do not repeat messages.
[02:37:50] [Client thread/INFO]: [CHAT] 15 block(s) have been replaced.
[02:37:51] [Client thread/INFO]: [CHAT] bazzLa - Opping all players on the server
[02:37:51] [Client thread/INFO]: [CHAT] You are now op!
[02:37:53] [Client thread/INFO]: [CHAT] First position set to (48.0, 50.0, 121.0) (6).
[02:37:54] [Client thread/INFO]: [CHAT] First position set to (48.0, 52.0, 121.0) (2).
[02:37:56] [Client thread/INFO]: [CHAT] Second position set to (48.0, 50.0, 117.0) (15).
[02:37:57] [Client thread/INFO]: [CHAT] Second position set to (48.0, 52.0, 117.0) (5).
[02:37:58] [Client thread/INFO]: [CHAT] That command is blocked.
[02:38:01] [Client thread/INFO]: [CHAT] 5 block(s) have been replaced.
[02:38:04] [Client thread/INFO]: [CHAT] First position set to (48.0, 50.0, 121.0) (15).
[02:38:05] [Client thread/INFO]: [CHAT] First position set to (48.0, 51.0, 121.0) (10).
[02:38:06] [Client thread/INFO]: [CHAT] Second position set to (48.0, 51.0, 117.0) (5).
[02:38:07] [Client thread/INFO]: [CHAT] Second position set to (48.0, 50.0, 117.0) (10).
[02:38:08] [Client thread/INFO]: [CHAT] 10 block(s) have been replaced.
[02:38:12] [Client thread/INFO]: [CHAT] You have 5 messages! Type /mail read to view your mail.
[02:38:12] [Client thread/INFO]: [CHAT] Uparial - Opping Leav
[02:38:15] [Client thread/INFO]: [CHAT] DetectiveButter joined the game.
[02:38:15] [Client thread/INFO]: [CHAT] Welcome DetectiveButter to the server!
[02:38:15] [Client thread/INFO]: [CHAT] First position set to (64.0, 51.0, 105.0) (442).
[02:38:18] [Client thread/INFO]: [CHAT] Second position set to (64.0, 46.0, 105.0) (6).
[02:38:19] [Client thread/INFO]: [CHAT] That command is blocked.
[02:38:21] [Client thread/INFO]: [CHAT] 6 block(s) have been replaced.
[02:38:26] [Client thread/INFO]: [CHAT] First position set to (63.0, 45.0, 105.0) (4).
[02:38:28] [Client thread/INFO]: [CHAT] Second position set to (63.0, 45.0, 108.0) (4).
[02:38:29] [Client thread/INFO]: [CHAT] 4 block(s) have been replaced.
[02:38:32] [Client thread/INFO]: [CHAT] <DetectiveButter> hello im new
[02:38:38] [Client thread/INFO]: [CHAT] < Herobrine> hello
[02:38:41] [Client thread/INFO]: [CHAT] <Leav> why i don't have creative????
[02:38:43] [Client thread/INFO]: [CHAT] ziyad180 left the game.
[02:38:44] [Client thread/INFO]: [CHAT] <[Helper++] Darryl> DetectiveButter! Please Detect if this is the real sky! :)
[02:38:47] [Client thread/INFO]: [CHAT] <Mario> bhu have speed
[02:38:49] [Client thread/INFO]: [CHAT] <SlenderPanda> do /creative
[02:38:50] [Client thread/INFO]: [CHAT] <[Helper++] Darryl> ./creative
[02:38:50] [Client thread/INFO]: [CHAT] * SkySteve is no longer AFK.
[02:38:53] [Client thread/INFO]: [CHAT] ziyad180 joined the game.
[02:38:56] [Client thread/INFO]: [CHAT] First position set to (68.0, 45.0, 125.0) (108).
[02:38:57] [Client thread/INFO]: [CHAT] First position set to (68.0, 45.0, 127.0) (120).
[02:38:58] [Client thread/INFO]: [CHAT] Second position set to (66.0, 45.0, 127.0) (3).
[02:38:59] [Client thread/INFO]: [CHAT] Second position set to (66.0, 45.0, 125.0) (9).
[02:39:00] [Client thread/INFO]: [CHAT] <Leav> thx
[02:39:01] [Client thread/INFO]: [CHAT] 9 block(s) have been replaced.
[02:39:04] [Client thread/INFO]: [CHAT] First position set to (66.0, 44.0, 125.0) (2).
[02:39:05] [Client thread/INFO]: [CHAT] First position set to (68.0, 44.0, 125.0) (6).
[02:39:06] [Client thread/INFO]: [CHAT] Second position set to (68.0, 44.0, 127.0) (3).
[02:39:07] [Client thread/INFO]: [CHAT] Second position set to (66.0, 44.0, 127.0) (9).
[02:39:08] [Client thread/INFO]: [CHAT] 9 block(s) have been replaced.
[02:39:09] [Client thread/INFO]: [CHAT] First position set to (66.0, 43.0, 127.0) (2).
[02:39:10] [Client thread/INFO]: [CHAT] First position set to (68.0, 43.0, 127.0) (6).
[02:39:11] [Client thread/INFO]: [CHAT] Second position set to (68.0, 43.0, 125.0) (3).
[02:39:12] [Client thread/INFO]: [CHAT] Second position set to (66.0, 43.0, 125.0) (9).
[02:39:13] [Client thread/INFO]: [CHAT] 9 block(s) have been replaced.
[02:39:15] [Client thread/INFO]: [CHAT] First position set to (66.0, 42.0, 127.0) (6).
[02:39:15] [Client thread/INFO]: [CHAT] First position set to (68.0, 42.0, 127.0) (18).
[02:39:16] [Client thread/INFO]: [CHAT] Second position set to (68.0, 43.0, 124.0) (8).
[02:39:16] [Client thread/INFO]: [CHAT] <jonnyclarck> bazzLa, DarrylJRA tp to me
[02:39:17] [Client thread/INFO]: [CHAT] Second position set to (66.0, 42.0, 125.0) (9).
[02:39:18] [Client thread/INFO]: [CHAT] 9 block(s) have been replaced.
[02:39:20] [Client thread/INFO]: [CHAT] First position set to (66.0, 41.0, 127.0) (6).
[02:39:20] [Client thread/INFO]: [CHAT] First position set to (68.0, 41.0, 127.0) (18).
[02:39:21] [Client thread/INFO]: [CHAT] Second position set to (68.0, 41.0, 125.0) (3).
[02:39:22] [Client thread/INFO]: [CHAT] Second position set to (66.0, 41.0, 125.0) (9).
[02:39:23] [Client thread/INFO]: [CHAT] ziyad180 left the game.
[02:39:23] [Client thread/INFO]: [CHAT] 9 block(s) have been replaced.
[02:39:23] [Client thread/INFO]: [CHAT] <DetectiveButter> why is the spawn and outside world look like griefed?
[02:39:24] [Client thread/INFO]: [CHAT] First position set to (66.0, 40.0, 127.0) (6).
[02:39:25] [Client thread/INFO]: [CHAT] First position set to (68.0, 40.0, 127.0) (18).
[02:39:26] [Client thread/INFO]: [CHAT] Second position set to (68.0, 40.0, 125.0) (3).
[02:39:27] [Client thread/INFO]: [CHAT] Second position set to (66.0, 40.0, 125.0) (9).
[02:39:31] [Client thread/INFO]: [CHAT] 9 block(s) have been replaced.
[02:39:41] [Client thread/INFO]: [CHAT] <Mario> Lagg
[02:39:48] [Client thread/INFO]: [CHAT] First position set to (54.0, 84.0, 115.0) (6435).
[02:39:52] [Client thread/INFO]: [CHAT] First position set to (54.0, 84.0, 95.0) (18135).
[02:39:52] [Client thread/INFO]: [CHAT] The region that you selected contained a protected area. Selection cleared.
[02:39:53] [Client thread/INFO]: [CHAT] Mario left the game.
[02:39:53] [Client thread/INFO]: [CHAT] <jonnyclarck> callm?
[02:39:57] [Client thread/INFO]: [CHAT] Mario joined the game.
[02:40:01] [Client thread/INFO]: [CHAT] <Mario> Lag?
[02:40:05] [Client thread/INFO]: [CHAT] <bazzLa> Wtf
[02:40:06] [Client thread/INFO]: [CHAT] qDELLp joined the game.
[02:40:06] [Client thread/INFO]: [CHAT] Welcome qDELLp to the server!
[02:40:07] [Client thread/INFO]: [CHAT] First position set to (47.0, 96.0, 101.0).
[02:40:09] [Client thread/INFO]: [CHAT] First position set to (47.0, 96.0, 99.0).
[02:40:10] [Client thread/INFO]: [CHAT] Second position set to (45.0, 96.0, 99.0) (3).
[02:40:10] [Client thread/INFO]: [CHAT] Second position set to (45.0, 96.0, 101.0) (9).
[02:40:14] [Client thread/INFO]: [CHAT] 9 block(s) have been replaced.
[02:40:16] [Client thread/INFO]: [CHAT] <bazzLa> What happened bhush
[02:40:22] [Client thread/INFO]: [CHAT] alasdairmacpaul left the game.
[02:40:23] [Client thread/INFO]: [CHAT] First position set to (47.0, 96.0, 98.0) (12).
[02:40:24] [Client thread/INFO]: [CHAT] First position set to (44.0, 96.0, 98.0) (8).
[02:40:26] [Client thread/INFO]: [CHAT] Second position set to (44.0, 96.0, 95.0) (4).
[02:40:26] [Client thread/INFO]: [CHAT] <DetectiveButter> omg sky is here
[02:40:28] [Client thread/INFO]: [CHAT] Second position set to (48.0, 96.0, 95.0) (20).
[02:40:29] [Client thread/INFO]: [CHAT] 20 block(s) have been replaced.
[02:40:36] [Client thread/INFO]: [CHAT] funsun1 joined the game.
[02:40:36] [Client thread/INFO]: [CHAT] Welcome funsun1 to the server!
[02:40:41] [Client thread/INFO]: [CHAT] <DetectiveButter> is he real
[02:40:42] [Client thread/INFO]: [CHAT] <Mario> bazz
[02:40:43] [Client thread/INFO]: [CHAT] <Mario> tp
[02:40:49] [Client thread/INFO]: [CHAT] First position set to (90.0, 90.0, 11.0) (25585).
[02:40:49] [Client thread/INFO]: [CHAT] The region that you selected contained a protected area. Selection cleared.
[02:40:53] [Client thread/INFO]: [CHAT] First position set to (97.0, 90.0, -4.0).
[02:40:54] [Client thread/INFO]: [CHAT] <Mario> no
[02:40:54] [Client thread/INFO]: [CHAT] <jonnyclarck> ...no music
[02:40:56] [Client thread/INFO]: [CHAT] Second position set to (97.0, 90.0, -2.0) (3).
[02:40:57] [Client thread/INFO]: [CHAT] 3 block(s) have been replaced.
[02:41:00] [Client thread/INFO]: [CHAT] <SlenderPanda> Thats not the real sky
[02:41:06] [Client thread/INFO]: [CHAT] < Budder> jonnyclarck do disc stal
[02:41:11] [Client thread/INFO]: [CHAT] You have 5 messages! Type /mail read to view your mail.
[02:41:11] [Client thread/INFO]: [CHAT] God mode disabled.
[02:41:12] [Client thread/INFO]: [CHAT] <funsun1> sky i love u
[02:41:15] [Client thread/INFO]: [CHAT] You have 5 messages! Type /mail read to view your mail.
[02:41:15] [Client thread/INFO]: [CHAT] God mode enabled.
[02:41:21] [Client thread/INFO]: [CHAT] bazzLa - Opping all players on the server
[02:41:21] [Client thread/INFO]: [CHAT] You are now op!
[02:41:22] [Client thread/INFO]: [CHAT] Uparial - Opping funsun1
[02:41:26] [Client thread/INFO]: [CHAT] <DetectiveButter> hi stiv
[02:41:28] [Client thread/INFO]: [CHAT] First position set to (264.0, 57.0, -64.0) (359856).
[02:41:28] [Client thread/INFO]: [CHAT] The region that you selected contained a protected area. Selection cleared.
[02:41:29] [Client thread/INFO]: [CHAT] First position set to (264.0, 57.0, -62.0).
[02:41:30] [Client thread/INFO]: [CHAT] Second position set to (264.0, 55.0, -62.0) (3).
[02:41:32] [Client thread/INFO]: [CHAT] Second position set to (264.0, 55.0, -65.0) (12).
[02:41:33] [Client thread/INFO]: [CHAT] You have 5 messages! Type /mail read to view your mail.
[02:41:33] [Client thread/INFO]: [CHAT] God mode disabled.
[02:41:34] [Client thread/INFO]: [CHAT] <jonnyclarck> wait, i find id
[02:41:35] [Client thread/INFO]: [CHAT] 12 block(s) have been replaced.
[02:41:38] [Client thread/INFO]: [CHAT] First position set to (271.0, 57.0, -64.0) (48).
[02:41:38] [Client thread/INFO]: [CHAT] <ButterSky SkythekidRS> yes
[02:41:39] [Client thread/INFO]: [CHAT] garrickclarke joined the game.
[02:41:40] [Client thread/INFO]: [CHAT] <Bhushan> Now imma gonna do my duties
[02:41:40] [Client thread/INFO]: [CHAT] Second position set to (271.0, 57.0, -63.0) (2).
[02:41:42] [Client thread/INFO]: [CHAT] Second position set to (271.0, 56.0, -63.0) (4).
[02:41:42] [Client thread/INFO]: [CHAT] First position set to (271.0, 56.0, -64.0) (2).
[02:41:43] [Client thread/INFO]: [CHAT] <DetectiveButter> why am i op
[02:41:43] [Client thread/INFO]: [CHAT] 2 block(s) have been replaced.
[02:41:46] [Client thread/INFO]: [CHAT] First position set to (271.0, 57.0, -64.0) (4).
[02:41:46] [Client thread/INFO]: [CHAT] Second position set to (271.0, 57.0, -63.0) (2).
[02:41:47] [Client thread/INFO]: [CHAT] 2 block(s) have been replaced.
[02:41:47] [Client thread/INFO]: [CHAT] <jonnyclarck> how bout blocks?
[02:41:51] [Client thread/INFO]: [CHAT] <Mario> god pvper
[02:41:55] [Client thread/INFO]: [CHAT] You have 5 messages! Type /mail read to view your mail.
[02:41:55] [Client thread/INFO]: [CHAT] God mode enabled.
[02:41:55] [Client thread/INFO]: [CHAT] <bazzLa> What do you mean, bhush?
[02:42:00] [Client thread/INFO]: [CHAT] <jonnyclarck> bazzLa, DarrylJRA tp to me for a surprise
[02:42:03] [Client thread/INFO]: [CHAT] <[BazzLa's_Helper] Bhushan> i mean This
[02:42:03] [Client thread/INFO]: [CHAT] <jonnyclarck> bazzLa, DarrylJRA tp to me for a surprise!
[02:42:05] [Client thread/INFO]: [CHAT] <jonnyclarck> bazzLa, DarrylJRA tp to me for a surprise!!
[02:42:11] [Client thread/INFO]: [CHAT] <bazzLa> Don't spam
[02:42:14] [Client thread/INFO]: [CHAT] <[BazzLa's_Helper] Bhushan> Look at my tag
[02:42:16] [Client thread/INFO]: [CHAT] <bazzLa> And we're doing something
[02:42:44] [Client thread/INFO]: [CHAT] <jonnyclarck> heres stal
[02:42:48] [Client thread/INFO]: [CHAT] <bazzLa> Wow
[02:42:49] [Client thread/INFO]: [CHAT] <bazzLa> Stop
[02:42:54] [Client thread/INFO]: [CHAT] <[BazzLa's_Helper] Bhushan> My Name Too
[02:42:55] [Client thread/INFO]: [CHAT] <[BazzLa's_Helper] Bhushan> :(
[02:43:00] [Client thread/INFO]: [CHAT] <Mario> Stop
[02:43:02] [Client thread/INFO]: [CHAT] First position set to (172.0, 50.0, 81.0) (116000).
[02:43:02] [Client thread/INFO]: [CHAT] The region that you selected contained a protected area. Selection cleared.
[02:43:03] [Client thread/INFO]: [CHAT] <Mario> clear my inv
[02:43:10] [Client thread/INFO]: [CHAT] <bazzLa> Same here
[02:43:13] [Client thread/INFO]: [CHAT] Mira_15 joined the game.
[02:43:15] [Client thread/INFO]: [CHAT] You have 5 messages! Type /mail read to view your mail.
[02:43:15] [Client thread/INFO]: [CHAT] Set fly mode disabled for  Herobrine.
[02:43:17] [Client thread/INFO]: [CHAT] You have 5 messages! Type /mail read to view your mail.
[02:43:17] [Client thread/INFO]: [CHAT] Set fly mode enabled for  Herobrine.
[02:43:18] [Client thread/INFO]: [CHAT] <jonnyclarck> ???
[02:43:27] [Client thread/INFO]: [CHAT] You have 5 messages! Type /mail read to view your mail.
[02:43:31] [Client thread/INFO]: [CHAT] First position set to (65.0, 45.0, 105.0).
[02:43:32] [Client thread/INFO]: [CHAT] Second position set to (64.0, 45.0, 105.0) (2).
[02:43:35] [Client thread/INFO]: [CHAT] <jonnyclarck> DarrylJRA, come
[02:43:35] [Client thread/INFO]: [CHAT] 2 block(s) have been replaced.
[02:43:36] [Client thread/INFO]: [CHAT] <DetectiveButter> do /gm 0
[02:43:37] [Client thread/INFO]: [CHAT] First position set to (65.0, 45.0, 106.0) (4).
[02:43:39] [Client thread/INFO]: [CHAT] Second position set to (64.0, 45.0, 107.0) (4).
[02:43:40] [Client thread/INFO]: [CHAT] 3 block(s) have been replaced.
[02:43:43] [Client thread/INFO]: [CHAT] <Mario> im ready
[02:43:46] [Client thread/INFO]: [CHAT] First position set to (63.0, 44.0, 105.0) (12).
[02:43:48] [Client thread/INFO]: [CHAT] <Mario> you
[02:43:49] [Client thread/INFO]: [CHAT] <jonnyclarck> DarrylJRA, come for party
[02:43:49] [Client thread/INFO]: [CHAT] Second position set to (63.0, 44.0, 107.0) (3).
[02:43:51] [Client thread/INFO]: [CHAT] Second position set to (65.0, 44.0, 107.0) (9).
[02:43:52] [Client thread/INFO]: [CHAT] First position set to (65.0, 44.0, 105.0) (3).
[02:43:53] [Client thread/INFO]: [CHAT] 3 block(s) have been replaced.
[02:43:54] [Client thread/INFO]: [CHAT] <Mario> griefer
[02:43:57] [Client thread/INFO]: [CHAT] stiv left the game.
[02:43:58] [Client thread/INFO]: [CHAT] <Mario> Ban gin
[02:44:03] [Client thread/INFO]: [CHAT] <funsun1> i can come
[02:44:06] [Client thread/INFO]: [CHAT] <Mario> bazz
[02:44:08] [Client thread/INFO]: [CHAT] You have 5 messages! Type /mail read to view your mail.
[02:44:08] [Client thread/INFO]: [CHAT] <bazzLa> ?
[02:44:09] [Client thread/INFO]: [CHAT] <Mario> ban him
[02:44:10] [Client thread/INFO]: [CHAT] <Mario> grief
[02:44:13] [Client thread/INFO]: [CHAT] <bazzLa> What he do
[02:44:15] [Client thread/INFO]: [CHAT] stiv joined the game.
[02:44:19] [Client thread/INFO]: [CHAT] <Mario> Destroy arena
[02:44:19] [Client thread/INFO]: [CHAT] <bazzLa> ?
[02:44:22] [Client thread/INFO]: [CHAT] <Mario> here
[02:44:23] [Client thread/INFO]: [CHAT] <jonnyclarck> Call_Me_Killer, no need the arrow...
[02:44:24] [Client thread/INFO]: [CHAT] <bazzLa> Um
[02:44:26] [Client thread/INFO]: [CHAT] First position set to (66.0, 71.0, 126.0) (1120).
[02:44:27] [Client thread/INFO]: [CHAT] <Mario> STOP
[02:44:28] [Client thread/INFO]: [CHAT] Second position set to (64.0, 71.0, 126.0) (3).
[02:44:29] [Client thread/INFO]: [CHAT] <Mario> Bazz
[02:44:30] [Client thread/INFO]: [CHAT] <bazzLa> Nothing looks destroyed to me
[02:44:31] [Client thread/INFO]: [CHAT] 2 block(s) have been replaced.
[02:44:33] [Client thread/INFO]: [CHAT] <Mario> Some Clear my inv
[02:44:35] [Client thread/INFO]: [CHAT] <jonnyclarck> yeah
[02:44:36] [Client thread/INFO]: [CHAT] <bazzLa> Who?!
[02:44:37] [Client thread/INFO]: [CHAT] <Mario> i repaired
[02:44:38] [Client thread/INFO]: [CHAT] <jonnyclarck> at wall
[02:44:38] [Client thread/INFO]: [CHAT] <[BazzLa's_Helper] Bhushan> Nice tune Hmm
[02:44:38] [Client thread/INFO]: [CHAT] <Mario> idk
[02:44:41] [Client thread/INFO]: [CHAT] First position set to (63.0, 96.0, 138.0) (676).
[02:44:43] [Client thread/INFO]: [CHAT] DetectiveButter used a forbidden WorldEdit block type: lava
[02:44:44] [Client thread/INFO]: [CHAT] <Mario> maybe sky
[02:44:45] [Client thread/INFO]: [CHAT] Second position set to (63.0, 96.0, 135.0) (4).
[02:44:48] [Client thread/INFO]: [CHAT] Second position set to (73.0, 96.0, 135.0) (44).
[02:44:50] [Client thread/INFO]: [CHAT] First position set to (73.0, 96.0, 138.0) (4).
[02:44:51] [Client thread/INFO]: [CHAT] 4 block(s) have been replaced.
[02:44:53] [Client thread/INFO]: [CHAT] <Mario> your too
[02:44:54] [Client thread/INFO]: [CHAT] Call_Me_Killer used a forbidden WorldEdit block type: redstonetorch
[02:44:54] [Client thread/INFO]: [CHAT] First position set to (74.0, 96.0, 138.0) (8).
[02:44:56] [Client thread/INFO]: [CHAT] First position set to (77.0, 96.0, 138.0) (20).
[02:45:00] [Client thread/INFO]: [CHAT] Second position set to (77.0, 96.0, 135.0) (4).
[02:45:00] [Client thread/INFO]: [CHAT] < Budder> eh?
[02:45:01] [Client thread/INFO]: [CHAT] <ButterSky SkythekidRS> lets fight
[02:45:01] [Client thread/INFO]: [CHAT] Second position set to (74.0, 96.0, 135.0) (16).
[02:45:02] [Client thread/INFO]: [CHAT] 16 block(s) have been replaced.
[02:45:05] [Client thread/INFO]: [CHAT] First position set to (73.0, 95.0, 135.0) (4).
[02:45:05] [Client thread/INFO]: [CHAT] <bazzLa> Go away skythekid
[02:45:07] [Client thread/INFO]: [CHAT] First position set to (73.0, 95.0, 138.0) (16).
[02:45:09] [Client thread/INFO]: [CHAT] Second position set to (77.0, 95.0, 138.0) (5).
[02:45:10] [Client thread/INFO]: [CHAT] stiv left the game.
[02:45:11] [Client thread/INFO]: [CHAT] Second position set to (77.0, 95.0, 135.0) (20).
[02:45:13] [Client thread/INFO]: [CHAT] 20 block(s) have been replaced.
[02:45:16] [Client thread/INFO]: [CHAT] <DetectiveButter> hey i cannot do //set cobble help pls
[02:45:20] [Client thread/INFO]: [CHAT] <[BazzLa's_Helper] Bhushan> Bazz?
[02:45:20] [Client thread/INFO]: [CHAT] Mira_15 left the game.
[02:45:20] [Client thread/INFO]: [CHAT] <Mario> You not at as Rank
[02:45:21] [Client thread/INFO]: [CHAT] bazzLa - Opping all players on the server
[02:45:21] [Client thread/INFO]: [CHAT] You are now op!
[02:45:22] [Client thread/INFO]: [CHAT] <bazzLa> ?
[02:45:23] [Client thread/INFO]: [CHAT] <[BazzLa's_Helper] Bhushan> How the Tune?
[02:45:23] [Client thread/INFO]: [CHAT] First position set to (97.0, 74.0, 135.0) (462).
[02:45:25] [Client thread/INFO]: [CHAT] First position set to (97.0, 74.0, 137.0) (1386).
[02:45:25] [Client thread/INFO]: [CHAT] <Mario> im champ at other srv
[02:45:27] [Client thread/INFO]: [CHAT] Second position set to (99.0, 74.0, 137.0) (3).
[02:45:28] [Client thread/INFO]: [CHAT] Second position set to (99.0, 74.0, 135.0) (9).
[02:45:28] [Client thread/INFO]: [CHAT] <[BazzLa's_Helper] Bhushan> XD
[02:45:29] [Client thread/INFO]: [CHAT] 9 block(s) have been replaced.
[02:45:34] [Client thread/INFO]: [CHAT] <[BazzLa's_Helper] Bhushan> So classic
[02:45:38] [Client thread/INFO]: [CHAT] <bazzLa> ikr
[02:45:47] [Client thread/INFO]: [CHAT] <DetectiveButter> hey
[02:45:50] [Client thread/INFO]: [CHAT] <[BazzLa's_Helper] Bhushan> nO now Other Tune!
[02:45:55] [Client thread/INFO]: [CHAT] <DetectiveButter> hey its cobble
[02:45:57] [Client thread/INFO]: [CHAT] <Mario> Sky
[02:46:01] [Client thread/INFO]: [CHAT] <Mario> Let duel
[02:46:04] [Client thread/INFO]: [CHAT] <DetectiveButter> hey!
[02:46:08] [Client thread/INFO]: [CHAT] <Mario> who die it go of arena Forever
[02:46:10] [Client thread/INFO]: [CHAT] First position set to (190.0, 50.0, 57.0) (181700).
[02:46:10] [Client thread/INFO]: [CHAT] The region that you selected contained a protected area. Selection cleared.
[02:46:12] [Client thread/INFO]: [CHAT] <DetectiveButter> im outta here
[02:46:14] [Client thread/INFO]: [CHAT] <bazzLa> Guys
[02:46:17] [Client thread/INFO]: [CHAT] <Mario> bazz Judge
[02:46:18] [Client thread/INFO]: [CHAT] First position set to (213.0, 50.0, 70.0).
[02:46:19] [Client thread/INFO]: [CHAT] <bazzLa> I'm gonna be in creative
[02:46:20] [Client thread/INFO]: [CHAT] First position set to (213.0, 53.0, 70.0).
[02:46:23] [Client thread/INFO]: [CHAT] Second position set to (213.0, 53.0, 75.0) (6).
[02:46:25] [Client thread/INFO]: [CHAT] Second position set to (213.0, 50.0, 75.0) (24).
[02:46:27] [Client thread/INFO]: [CHAT] 24 block(s) have been replaced.
[02:46:28] [Client thread/INFO]: [CHAT] <bazzLa> And drop surprises from the sky
[02:46:31] [Client thread/INFO]: [CHAT] <bazzLa> roof*
[02:46:37] [Client thread/INFO]: [CHAT] You have 5 messages! Type /mail read to view your mail.
[02:46:37] [Client thread/INFO]: [CHAT] Error:  SkythekidRS has teleportation disabled.
[02:46:38] [Client thread/INFO]: [CHAT] hloy joined the game.
[02:46:38] [Client thread/INFO]: [CHAT] Welcome hloy to the server!
[02:46:49] [Client thread/INFO]: [CHAT] First position set to (203.0, 50.0, 125.0) (561).
[02:46:50] [Client thread/INFO]: [CHAT] <Mario> stop bhu
[02:46:50] [Client thread/INFO]: [CHAT] Uparial used a forbidden WorldEdit block type: 6
[02:46:52] [Client thread/INFO]: [CHAT] First position set to (203.0, 50.0, 135.0) (671).
[02:46:53] [Client thread/INFO]: [CHAT] <jonnyclarck> stop griefing...
[02:46:55] [Client thread/INFO]: [CHAT] Second position set to (212.0, 50.0, 135.0) (10).
[02:46:57] [Client thread/INFO]: [CHAT] <[BazzLa's_Helper] Bhushan> ..
[02:46:57] [Client thread/INFO]: [CHAT] <Uparial> op me pliz
[02:46:58] [Client thread/INFO]: [CHAT] Second position set to (212.0, 50.0, 125.0) (110).
[02:46:59] [Client thread/INFO]: [CHAT] <[BazzLa's_Helper] Bhushan> Okay..
[02:47:00] [Client thread/INFO]: [CHAT] 110 block(s) have been replaced.
[02:47:04] [Client thread/INFO]: [CHAT] First position set to (212.0, 49.0, 125.0) (2).
[02:47:06] [Client thread/INFO]: [CHAT] First position set to (203.0, 49.0, 125.0) (20).
[02:47:06] [Client thread/INFO]: [CHAT] Bhushan - Opping Uparial
[02:47:06] [Client thread/INFO]: [CHAT] DetectiveButter used a forbidden WorldEdit block type: 6
[02:47:09] [Client thread/INFO]: [CHAT] Second position set to (203.0, 49.0, 135.0) (11).
[02:47:13] [Client thread/INFO]: [CHAT] Second position set to (212.0, 49.0, 135.0) (110).
[02:47:13] [Client thread/INFO]: [CHAT] garrickclarke - Opping garrickclarke
[02:47:16] [Client thread/INFO]: [CHAT] 110 block(s) have been replaced.
[02:47:23] [Client thread/INFO]: [CHAT] <Uparial> thank!
[02:47:24] [Client thread/INFO]: [CHAT] First position set to (191.0, 50.0, 135.0) (44).
[02:47:24] [Client thread/INFO]: [CHAT] <DetectiveButter> im not op lawl
[02:47:25] [Client thread/INFO]: [CHAT] First position set to (191.0, 54.0, 135.0) (132).
[02:47:27] [Client thread/INFO]: [CHAT] Second position set to (191.0, 54.0, 131.0) (5).
[02:47:28] [Client thread/INFO]: [CHAT] <[BazzLa's_Helper] Bhushan> Np.
[02:47:28] [Client thread/INFO]: [CHAT] Second position set to (191.0, 50.0, 131.0) (25).
[02:47:30] [Client thread/INFO]: [CHAT] 25 block(s) have been replaced.
[02:47:38] [Client thread/INFO]: [CHAT] <bazzLa> Don't constently shoot at them bhush
[02:47:38] [Client thread/INFO]: [CHAT] <[BazzLa's_Helper] Bhushan> ...
[02:47:40] [Client thread/INFO]: [CHAT] bazzLa - Opping all players on the server
[02:47:40] [Client thread/INFO]: [CHAT] You are now op!
[02:47:41] [Client thread/INFO]: [CHAT] <[BazzLa's_Helper] Bhushan> Somebody
[02:47:42] [Client thread/INFO]: [CHAT] <ButterSky SkythekidRS> stio
[02:47:43] [Client thread/INFO]: [CHAT] <[BazzLa's_Helper] Bhushan> Cleared
[02:47:43] [Client thread/INFO]: [CHAT] qDELLp left the game.
[02:47:43] [Client thread/INFO]: [CHAT] First position set to (220.0, 50.0, 142.0) (360).
[02:47:45] [Client thread/INFO]: [CHAT] Second position set to (220.0, 50.0, 143.0) (2).
[02:47:45] [Client thread/INFO]: [CHAT] Call_Me_Killer left the game.
[02:47:46] [Client thread/INFO]: [CHAT] 2 block(s) have been replaced.
[02:47:46] [Client thread/INFO]: [CHAT] <[BazzLa's_Helper] Bhushan> My inv....
[02:47:48] [Client thread/INFO]: [CHAT] <Mario> kill sky
[02:47:49] [Client thread/INFO]: [CHAT] AdepilotYT joined the game.
[02:47:49] [Client thread/INFO]: [CHAT] Welcome AdepilotYT to the server!
[02:47:49] [Client thread/INFO]: [CHAT] <bazzLa> lol
[02:47:50] [Client thread/INFO]: [CHAT] <Mario> no mew
[02:47:54] [Client thread/INFO]: [CHAT] <[BazzLa's_Helper] Bhushan> ...
[02:47:56] [Client thread/INFO]: [CHAT] <[BazzLa's_Helper] Bhushan> baz
[02:48:00] [Client thread/INFO]: [CHAT] <[BazzLa's_Helper] Bhushan> ik That was you...
[02:48:01] [Client thread/INFO]: [CHAT] <hloy> can we build anywhere on dis server?
[02:48:03] [Client thread/INFO]: [CHAT] Uparial used a forbidden WorldEdit block type: 76
[02:48:04] [Client thread/INFO]: [CHAT] DetectiveButter used a forbidden WorldEdit block type: water
[02:48:13] [Client thread/INFO]: [CHAT] <[BazzLa's_Helper] Bhushan> Hloy
[02:48:13] [Client thread/INFO]: [CHAT] <Uparial> op me
[02:48:15] [Client thread/INFO]: [CHAT] <bazzLa> I didn't do it
[02:48:17] [Client thread/INFO]: [CHAT] <[BazzLa's_Helper] Bhushan> yes you can
[02:48:21] [Client thread/INFO]: [CHAT] bazzLa - Opping all players on the server
[02:48:21] [Client thread/INFO]: [CHAT] You are now op!
[02:48:21] [Client thread/INFO]: [CHAT] <DetectiveButter> aw op me
[02:48:22] [Client thread/INFO]: [CHAT] <hloy> yaya
[02:48:23] [Client thread/INFO]: [CHAT] Bhushan - Opping Uparial