[20:58:19] [Client thread/INFO]: Connecting to play.totalfreedom.me., 28965
[20:58:21] [Client thread/INFO]: [CHAT] VideoGameSmash12 joined the game
[20:58:23] [Client thread/INFO]: [CHAT] Welcome, VideoGameSmash12!
[20:58:23] [Client thread/INFO]: [CHAT] Type /help for a list of commands.
[20:58:23] [Client thread/INFO]: [CHAT] Do NOT open any books given to you by other players or you might be perm banned.
[20:58:23] [Client thread/INFO]: [CHAT] Remember to save your builds with World Edit or they’ll be lost.
[20:58:23] [Client thread/INFO]: [CHAT] You have no new mail.
[20:58:23] [Client thread/INFO]: [CHAT] Welcome VideoGameSmash12 to the server!
[20:58:23] [Client thread/INFO]: [CHAT] [STA] < sheep> you need jesus
[20:58:24] [Client thread/INFO]: [CHAT] <HannSern2003> -sheep Died from Carrot Lungs
[20:58:25] [Client thread/INFO]: [CHAT] <davidblaze88> LOL
[20:58:28] [Client thread/INFO]: [CHAT] [STA] < sheep> LOL
[20:58:31] [Client thread/INFO]: [CHAT] * rrj112 is now AFK.
[20:58:34] [Client thread/INFO]: [CHAT] <HannSern2003> XD
[20:58:39] [Client thread/INFO]: [CHAT] <davidblaze88> my redstone
[20:58:40] [Client thread/INFO]: [CHAT] <VideoGameSmash12> what the fuck is this
[20:58:42] [Client thread/INFO]: [CHAT] <davidblaze88> i snort it
[20:58:45] [Client thread/INFO]: [CHAT] SansTheCharizard - Opping all players on the server
[20:58:45] [Client thread/INFO]: [CHAT] You are now op!
[20:58:50] [Client thread/INFO]: [CHAT] <davidblaze88> everyone gets redstone
[20:58:53] [Client thread/INFO]: [CHAT] <VideoGameSmash12> I am literally looking at a fucking hacked client
[20:58:59] [Client thread/INFO]: [CHAT] [STA] < sheep> lolok
[20:59:05] [Client thread/INFO]: [CHAT] [SA] <xEMMIEx> test
[20:59:05] [Client thread/INFO]: [CHAT] [Omega Ruby SA] < SansTheCharizard> wtf
[20:59:06] [Client thread/INFO]: [CHAT] <VideoGameSmash12> That's what Vanilla 1.9 looks like
[20:59:12] [Client thread/INFO]: [CHAT] markbyron - Unbanning April8n and IPs: 76.95.8.102
[20:59:15] [Client thread/INFO]: [CHAT] <davidblaze88> ok
[20:59:16] [Client thread/INFO]: [CHAT] [STA] < sheep> we need michael rosen
[20:59:19] [Client thread/INFO]: [CHAT] [Omega Ruby SA] < SansTheCharizard> why
[20:59:21] [Client thread/INFO]: [CHAT] [STA] < sheep> because
[20:59:24] [Client thread/INFO]: [CHAT] [STA] < sheep> he's my dad
[20:59:25] [Client thread/INFO]: [CHAT] <VideoGameSmash12> Oh, hello mark.
[20:59:26] [Client thread/INFO]: [CHAT] Plugins (10): BukkitTelnet, WorldEdit, SkinsModule, Aero, Essentials, SkinsRestorer, BetterChairs, EssentialsSpawn, TotalFreedomMod, DaedalusMod
[20:59:31] [Client thread/INFO]: [CHAT] <galindomark> i have a manger skin
[20:59:34] [Client thread/INFO]: [CHAT] [Omega Ruby SA] < SansTheCharizard> hai mark!
[20:59:37] [Client thread/INFO]: [CHAT] <davidblaze88> im looking for some big buttwhole and some lube bro
[20:59:39] [Client thread/INFO]: [CHAT] <galindomark> *manager*
[20:59:45] [Client thread/INFO]: [CHAT] [STA] < sheep> sheep booty
[20:59:45] [Client thread/INFO]: [CHAT] [Omega Ruby SA] < SansTheCharizard> tafuq
[20:59:52] [Client thread/INFO]: [CHAT] [Omega Ruby SA] < SansTheCharizard> im too sexy
[20:59:57] [Client thread/INFO]: [CHAT] [STA] < sheep> encouraging bestiality since 1998
[20:59:58] [Client thread/INFO]: [CHAT] <davidblaze88> well turn around so i may penatrate that sheep bootay
[21:00:09] [Client thread/INFO]: [CHAT] <VideoGameSmash12> Also, is there a soul of admins here?
[21:00:11] [Client thread/INFO]: [CHAT] { Legendary } < Hanson> yo Sheep
[21:00:14] [Client thread/INFO]: [CHAT] [STA] < sheep> yo
[21:00:16] [Client thread/INFO]: [CHAT] [Omega Ruby SA] < SansTheCharizard> *looks away* *hides kids*
[21:00:19] [Client thread/INFO]: [CHAT] [STA] < sheep> lmao
[21:00:20] [Client thread/INFO]: [CHAT] { Legendary } < Hanson> are u legendary?
[21:00:26] [Client thread/INFO]: [CHAT] [STA] < sheep> no but im a sheep
[21:00:31] [Client thread/INFO]: [CHAT] <davidblaze88> just to be fare
[21:00:33] [Client thread/INFO]: [CHAT] <davidblaze88> im not gay
[21:00:33] [Client thread/INFO]: [CHAT] [STA] < sheep> galindomark u trynna make me fall
[21:00:35] [Client thread/INFO]: [CHAT] [Omega Ruby SA] < SansTheCharizard> i'm legendary
[21:00:38] [Client thread/INFO]: [CHAT] <galindomark> yeah
[21:00:40] [Client thread/INFO]: [CHAT] { Legendary } < Hanson> NOnono SHeeep
[21:00:42] [Client thread/INFO]: [CHAT] [STA] < sheep> cri
[21:00:42] [Client thread/INFO]: [CHAT] { Legendary } < Hanson> u are
[21:00:46] [Client thread/INFO]: [CHAT] xEMMIEx is breaking blocks too fast!
[21:00:46] [Client thread/INFO]: [CHAT] xEMMIEx has been banned for 1 minute.
[21:00:46] [Client thread/INFO]: [CHAT] xEMMIEx left the game.
[21:00:46] [Client thread/INFO]: [CHAT] PacksGamingHD is a Super Admin
[21:00:46] [Client thread/INFO]: [CHAT] PacksGamingHD joined the game
[21:00:49] [Client thread/INFO]: [CHAT] [STA] < sheep> david
[21:00:50] [Client thread/INFO]: [CHAT] xEMMIEx is a Super Admin
[21:00:50] [Client thread/INFO]: [CHAT] xEMMIEx joined the game
[21:00:52] [Client thread/INFO]: [CHAT] [STA] <Tigermca> hoi paxy
[21:00:52] [Client thread/INFO]: [CHAT] [STA] < sheep> i love u
[21:00:54] [Client thread/INFO]: [CHAT] { Legendary } < Hanson> a legendary Sham's Rock Sheep
[21:00:55] [Client thread/INFO]: [CHAT] [SA] <xEMMIEx> oops
[21:01:04] [Client thread/INFO]: [CHAT] * sk8erace1 is now AFK.
[21:01:07] [Client thread/INFO]: [CHAT] <davidblaze88> i am no sir e not a gay
[21:01:11] [Client thread/INFO]: [CHAT] [STA] < sheep> im not either
[21:01:13] [Client thread/INFO]: [CHAT] [STA] < sheep> but
[21:01:14] [Client thread/INFO]: [CHAT] [STA] < sheep> im a sheep
[21:01:14] [Client thread/INFO]: [CHAT] [STA] < sheep> ;3
[21:01:19] [Client thread/INFO]: [CHAT] <VideoGameSmash12> Wait... the tags were edeited?
[21:01:20] [Client thread/INFO]: [CHAT] { Legendary } < Hanson> I'm legendary XD
[21:01:20] [Client thread/INFO]: [CHAT] <davidblaze88> dafuq
[21:01:21] [Client thread/INFO]: [CHAT] * rrj112 is no longer AFK.
[21:01:21] [Client thread/INFO]: [CHAT] * sk8erace1 is no longer AFK.
[21:01:25] [Client thread/INFO]: [CHAT] <VideoGameSmash12> TFM?
[21:01:26] [Client thread/INFO]: [CHAT] [STA] < sheep> x
[21:01:27] [Client thread/INFO]: [CHAT] TotalFreedomMod for 'Total Freedom', the original all-op server.
[21:01:27] [Client thread/INFO]: [CHAT] Running on TotalFreedom.
[21:01:27] [Client thread/INFO]: [CHAT] Created by Madgeek1450 and Prozza.
[21:01:27] [Client thread/INFO]: [CHAT] Version Electrum 5.0.1179 (v5.0-pre1)
[21:01:27] [Client thread/INFO]: [CHAT] Compiled 15/03/2016 05:04 PM by Prozza
[21:01:27] [Client thread/INFO]: [CHAT] Visit http://github.com/TotalFreedom/TotalFreedomMod for more information.
[21:01:27] [Client thread/INFO]: [CHAT] [STA] < sheep> xD*
[21:01:33] [Client thread/INFO]: [CHAT] xEMMIEx left the game.
[21:01:37] [Client thread/INFO]: [CHAT] <VideoGameSmash12> *spits out cereal* 5.0?
[21:01:43] [Client thread/INFO]: [CHAT] <davidblaze88> yall bruthas should really check out my channel
[21:01:45] [Client thread/INFO]: [CHAT] <VideoGameSmash12> fuck that
[21:01:49] [Client thread/INFO]: [CHAT] [STA] < sheep> gimme link
[21:01:51] [Client thread/INFO]: [CHAT] <sk8erace1> i say i if boys are better then girls
[21:01:52] [Client thread/INFO]: [CHAT] [STA] < sheep> i'll check it out fam
[21:01:53] [Client thread/INFO]: [CHAT] <sk8erace1> i
[21:01:56] [Client thread/INFO]: [CHAT] [SA] <PacksGamingHD> nah check out mine
[21:01:57] [Client thread/INFO]: [CHAT] <davidblaze88> if i whent to it i would die
[21:01:58] [Client thread/INFO]: [CHAT] <davidblaze88> but
[21:02:01] [Client thread/INFO]: [CHAT] <davidblaze88> the name is
[21:02:03] [Client thread/INFO]: [CHAT] [STA] < sheep> galindomark boi
[21:02:06] [Client thread/INFO]: [CHAT] <davidblaze88> david blaze88
[21:02:11] [Client thread/INFO]: [CHAT] <davidblaze88> the space too
[21:02:12] [Client thread/INFO]: [CHAT] [STA] < sheep> oki lemme go check it out fam
[21:02:15] [Client thread/INFO]: [CHAT] <davidblaze88> ok
[21:02:28] [Client thread/INFO]: [CHAT] [Omega Ruby SA] < SansTheCharizard> Hlaenatlsblon wtf
[21:02:31] [Client thread/INFO]: [CHAT] *  Diancie is no longer AFK.
[21:02:33] [Client thread/INFO]: [CHAT] [rrj112 -> me] plz verify
[21:02:37] [Client thread/INFO]: [CHAT] [me -> rrj112] done.
[21:02:50] [Client thread/INFO]: [CHAT] [Omega Ruby SA] < SansTheCharizard> david
[21:02:55] [Client thread/INFO]: [CHAT] rrj112 - Readding VideoGameSmash12 to the admin list
[21:02:56] [Client thread/INFO]: [CHAT] <davidblaze88> wadadowadado
[21:02:56] [Client thread/INFO]: [CHAT] [Omega Ruby SA] < SansTheCharizard> what are ye doing
[21:03:01] [Client thread/INFO]: [CHAT] <davidblaze88> wanking
[21:03:06] [Client thread/INFO]: [CHAT] [Omega Ruby SA] < SansTheCharizard> ?..
[21:03:09] [Client thread/INFO]: [CHAT] { Legendary } < Hanson> Hello?
[21:03:11] [Client thread/INFO]: [CHAT] <davidblaze88> jacking ma dick
[21:03:11] [Client thread/INFO]: [CHAT] [Omega Ruby SA] < SansTheCharizard> halo
[21:03:14] [Client thread/INFO]: [CHAT] [ADMIN] VideoGameSmash12 [STA]: I'm back.
[21:03:14] [Client thread/INFO]: [CHAT] [Omega Ruby SA] < SansTheCharizard> wtf
[21:03:16] [Client thread/INFO]: [CHAT] { Legendary } < Hanson> hay
[21:03:16] [Client thread/INFO]: [CHAT] <sk8erace1> Sans when did chara start killing people
[21:03:19] [Client thread/INFO]: [CHAT] <davidblaze88> im kidding
[21:03:21] [Client thread/INFO]: [CHAT] { Legendary } < Hanson> I like sheep
[21:03:21] [Client thread/INFO]: [CHAT] [Omega Ruby SA] < SansTheCharizard> umm
[21:03:24] [Client thread/INFO]: [CHAT] BlocksRocks82 joined the game
[21:03:28] [Client thread/INFO]: [CHAT] { Legendary } < Hanson> I'm a sheep now
[21:03:28] [Client thread/INFO]: [CHAT] [Omega Ruby SA] < SansTheCharizard> she started on her period
[21:03:30] [Client thread/INFO]: [CHAT] [Omega Ruby SA] < SansTheCharizard> jkjkjkjkj
[21:03:39] [Client thread/INFO]: [CHAT] <davidblaze88> started on the period now we fuckin
[21:03:40] [Client thread/INFO]: [CHAT] assassin444456 joined the game
[21:03:40] [Client thread/INFO]: [CHAT] Welcome assassin444456 to the server!
[21:03:42] [Client thread/INFO]: [CHAT] { Legendary } < Hanson> *gets Diabetes from SansTheCharizard
[21:03:46] [Client thread/INFO]: [CHAT] adamvandyck left the game.
[21:03:48] [Client thread/INFO]: [CHAT] assassin444456 left the game.
[21:03:54] [Client thread/INFO]: [CHAT] { Legendary } < Hanson> *Chokes on a didldo
[21:03:56] [Client thread/INFO]: [CHAT] assassin444456 joined the game
[21:03:58] [Client thread/INFO]: [CHAT] [SA] <PacksGamingHD> dildo*
[21:04:04] [Client thread/INFO]: [CHAT] { Legendary } < Hanson> XD
[21:04:04] [Client thread/INFO]: [CHAT] [ADMIN] rrj112 [STA]: the name CaptnKrunch is perm banned
[21:04:07] [Client thread/INFO]: [CHAT] [Omega Ruby SA] < SansTheCharizard> "didldo"
[21:04:11] [Client thread/INFO]: [CHAT] [Omega Ruby SA] < SansTheCharizard> yeah i look didldo
[21:04:13] [Client thread/INFO]: [CHAT] <sk8erace1> chara is maybe a crazy person
[21:04:18] [Client thread/INFO]: [CHAT] < Diancie> yawn
[21:04:30] [Client thread/INFO]: [CHAT] { Legendary } < Hanson> SA
[21:04:34] [Client thread/INFO]: [CHAT] <sk8erace1> and tried to kill me
[21:04:34] [Client thread/INFO]: [CHAT] [Omega Ruby SA] < SansTheCharizard> why do so many people do /realname SansTheCharizard it's pretty easy to tell my real username
[21:04:35] [Client thread/INFO]: [CHAT] { Legendary } < Hanson> someone tp'd me to them
[21:04:36] [Client thread/INFO]: [CHAT] assassin444456 left the game.
[21:04:38] [Client thread/INFO]: [CHAT] NightmareBonnia joined the game
[21:04:44] [Client thread/INFO]: [CHAT] { Legendary } < Hanson> galindomark
[21:04:44] [Client thread/INFO]: [CHAT] assassin444456 joined the game
[21:04:47] [Client thread/INFO]: [CHAT] { Legendary } < Hanson> tp'd me to them
[21:04:49] [Client thread/INFO]: [CHAT] { Legendary } < Hanson> XD
[21:04:54] [Client thread/INFO]: [CHAT] [Omega Ruby SA] < dildolover> holy shit
[21:04:55] [Client thread/INFO]: [CHAT] assassin444456 left the game.
[21:04:59] [Client thread/INFO]: [CHAT] [TotalFreedom] Server lagging?  Check the lag via "/tps"
[21:04:59] [Client thread/INFO]: [CHAT] <galindomark> #SubscribeForEZTroll
[21:05:00] [Client thread/INFO]: [CHAT] <davidblaze88> a girl
[21:05:00] [Client thread/INFO]: [CHAT] < BLOCKZROCKZ> HMM
[21:05:02] [Client thread/INFO]: [CHAT] <davidblaze88> omg
[21:05:04] [Client thread/INFO]: [CHAT] assassin444456 joined the game
[21:05:05] [Client thread/INFO]: [CHAT] <davidblaze88> finnallt
[21:05:08] [Client thread/INFO]: [CHAT] <davidblaze88> hy
[21:05:08] [Client thread/INFO]: [CHAT] [ADMIN] VideoGameSmash12 [STA]: O_O
[21:05:09] [Client thread/INFO]: [CHAT] <sk8erace1> '
[21:05:11] [Client thread/INFO]: [CHAT] [ADMIN] PacksGamingHD [SA]: o.)
[21:05:14] [Client thread/INFO]: [CHAT] [ADMIN] VideoGameSmash12 [STA]: I'm flying!
[21:05:14] [Client thread/INFO]: [CHAT] [ADMIN] PacksGamingHD [SA]: o.OO
[21:05:15] [Client thread/INFO]: [CHAT] <davidblaze88> HannSern2003
[21:05:16] [Client thread/INFO]: [CHAT] [Omega Ruby SA] < dildolover> pervert ;-;
[21:05:17] [Client thread/INFO]: [CHAT] assassin444456 has been a naughty, naughty boy.
[21:05:17] [Client thread/INFO]: [CHAT] assassin444456 died
[21:05:20] [Client thread/INFO]: [CHAT] [STA] < sheep> k im bacc
[21:05:21] [Client thread/INFO]: [CHAT] <davidblaze88> i love you HannSern2003
[21:05:21] [Client thread/INFO]: [CHAT] [Server:rrj112] Dont nick people
[21:05:22] [Client thread/INFO]: [CHAT] [STA] < sheep> back*
[21:05:22] [Client thread/INFO]: [CHAT] [STA] < sheep> kejdksfjh
[21:05:23] [Client thread/INFO]: [CHAT] rrj112 - Opping all players on the server
[21:05:23] [Client thread/INFO]: [CHAT] You are now op!
[21:05:27] [Client thread/INFO]: [CHAT] [ADMIN] PacksGamingHD [SA]: and im chilling with my 16tb ssd
[21:05:29] [Client thread/INFO]: [CHAT] [Omega Ruby SA] < dildolover> fml i got nicked
[21:05:33] [Client thread/INFO]: [CHAT] { Legendary } < Hanson> David
[21:05:34] [Client thread/INFO]: [CHAT] [STA] <rrj112> but nice try trying to get around it
[21:05:35] [Client thread/INFO]: [CHAT] <davidblaze88> so what you think about ma channel sheep
[21:05:36] [Client thread/INFO]: [CHAT] { Legendary } < Hanson> i love u too
[21:05:39] [Client thread/INFO]: [CHAT] [STA] < sheep> its sexy
[21:05:41] [Client thread/INFO]: [CHAT] DR_ANNOYING joined the game
[21:05:42] [Client thread/INFO]: [CHAT] <davidblaze88> LOL
[21:05:44] [Client thread/INFO]: [CHAT] assassin444456 left the game.
[21:05:46] [Client thread/INFO]: [CHAT] { Legendary } < Hanson> *Flies away on a sheep with davidblaze88
[21:05:49] [Client thread/INFO]: [CHAT] { Legendary } < Hanson> XD
[21:05:51] [Client thread/INFO]: [CHAT] [STA] < sheep> xD
[21:05:52] [Client thread/INFO]: [CHAT] Tigermca - Enabling Jumppads
[21:05:57] [Client thread/INFO]: [CHAT] PacksGamingHD - Enabling Jumppads
[21:05:58] [Client thread/INFO]: [CHAT] PacksGamingHD - Disabling Jumppads
[21:06:02] [Client thread/INFO]: [CHAT] Tigermca - Enabling Jumppads
[21:06:05] [Client thread/INFO]: [CHAT] PacksGamingHD - Disabling Jumppads
[21:06:05] [Client thread/INFO]: [CHAT] Teleporting...
[21:06:07] [Client thread/INFO]: [CHAT] Tigermca - Enabling Jumppads
[21:06:08] [Client thread/INFO]: [CHAT] slimezgaming joined the game
[21:06:08] [Client thread/INFO]: [CHAT] Welcome slimezgaming to the server!
[21:06:08] [Client thread/INFO]: [CHAT] PacksGamingHD - Disabling Jumppads
[21:06:10] [Client thread/INFO]: [CHAT] PacksGamingHD - Opping all players on the server
[21:06:10] [Client thread/INFO]: [CHAT] You are now op!
[21:06:11] [Client thread/INFO]: [CHAT] Tigermca - Enabling Jumppads
[21:06:12] [Client thread/INFO]: [CHAT] PacksGamingHD - Opping all players on the server
[21:06:12] [Client thread/INFO]: [CHAT] You are now op!
[21:06:13] [Client thread/INFO]: [CHAT] [ADMIN] rrj112 [STA]: Can we not
[21:06:14] [Client thread/INFO]: [CHAT] <davidblaze88> did you scrubsribe to meh
[21:06:14] [Client thread/INFO]: [CHAT] PacksGamingHD - Disabling Jumppads
[21:06:15] [Client thread/INFO]: [CHAT] [ADMIN] shamrock_sheep [STA]: stop being spammy you two
[21:06:16] [Client thread/INFO]: [CHAT] <sk8erace1> whos a really good skater
[21:06:16] [Client thread/INFO]: [CHAT] [ADMIN] shamrock_sheep [STA]: lmao
[21:06:21] [Client thread/INFO]: [CHAT] <DR_ANNOYING> hi
[21:06:25] [Client thread/INFO]: [CHAT] [ADMIN] Tigermca [STA]: PacksGamingHD stop
[21:06:25] [Client thread/INFO]: [CHAT] [STA] < sheep> i will once my account loads lmao
[21:06:26] [Client thread/INFO]: [CHAT] Tigermca - Enabling Jumppads
[21:06:27] [Client thread/INFO]: [CHAT] Received kit admintools.
[21:06:29] [Client thread/INFO]: [CHAT] [ADMIN] PacksGamingHD [SA]: k
[21:06:32] [Client thread/INFO]: [CHAT] <davidblaze88> k lol
[21:06:39] [Client thread/INFO]: [CHAT] *  sheep is now AFK.
[21:06:41] [Client thread/INFO]: [CHAT] [ADMIN] VideoGameSmash12 [STA]: /kit admintools has a glitch potion
[21:06:43] [Client thread/INFO]: [CHAT] <davidblaze88> HannSern2003 you really gotta let me penatrate dat booty
[21:06:44] [Client thread/INFO]: [CHAT] Tigermca - Setting Jumppads strength to: 10.0
[21:06:44] [Client thread/INFO]: [CHAT] [ADMIN] rrj112 [STA]: /jumppads off
[21:06:46] [Client thread/INFO]: [CHAT] [ADMIN] PacksGamingHD [SA]: ik its awesome
[21:06:46] [Client thread/INFO]: [CHAT] [ADMIN] SansTheCharizard [SA]: ik
[21:06:50] [Client thread/INFO]: [CHAT] { Legendary } < Hanson> my booty?
[21:06:53] [Client thread/INFO]: [CHAT] [Omega Ruby SA] < SansTheCharizard> yes
[21:06:56] [Client thread/INFO]: [CHAT] <davidblaze88> yea you HannSern2003
[21:06:59] [Client thread/INFO]: [CHAT] [Omega Ruby SA] < SansTheCharizard> its very se- wait ur talking to him
[21:07:00] [Client thread/INFO]: [CHAT] [Omega Ruby SA] < SansTheCharizard> Xd
[21:07:05] [Client thread/INFO]: [CHAT] <davidblaze88> turn around and lemme
[21:07:05] [Client thread/INFO]: [CHAT] [Omega Ruby SA] < SansTheCharizard> ,fml caps
[21:07:09] [Client thread/INFO]: [CHAT] { Legendary } < Hanson> awww
[21:07:17] [Client thread/INFO]: [CHAT] [ADMIN] VideoGameSmash12 [STA]: Now this is fucking awesome.
[21:07:19] [Client thread/INFO]: [CHAT] < BLOCKZROCKZ> .,;,;,.
[21:07:19] [Client thread/INFO]: [CHAT] { Legendary } < Hanson> sans
[21:07:20] [Client thread/INFO]: [CHAT] { Legendary } < Hanson> tp
[21:07:21] [Client thread/INFO]: [CHAT] [Omega Ruby SA] < SansTheCharizard> *pukes*
[21:07:27] [Client thread/INFO]: [CHAT] [Omega Ruby SA] < SansTheCharizard> shit
[21:07:27] [Client thread/INFO]: [CHAT] HacksAreAwesome joined the game
[21:07:28] [Client thread/INFO]: [CHAT] Welcome HacksAreAwesome to the server!
[21:07:31] [Client thread/INFO]: [CHAT] SansTheCharizard - Opping all players on the server
[21:07:31] [Client thread/INFO]: [CHAT] You are now op!
[21:07:31] [Client thread/INFO]: [CHAT] PacksGamingHD - Opping all players on the server
[21:07:31] [Client thread/INFO]: [CHAT] You are now op!
[21:07:35] [Client thread/INFO]: [CHAT] [ADMIN] PacksGamingHD [SA]: damn
[21:07:37] [Client thread/INFO]: [CHAT] [skater] <sk8erace1> yeah booy
[21:07:39] [Client thread/INFO]: [CHAT] [ADMIN] PacksGamingHD [SA]: you
[21:07:41] [Client thread/INFO]: [CHAT] [ADMIN] SansTheCharizard [SA]: damn son
[21:07:45] [Client thread/INFO]: [CHAT] { Legendary } < Hanson> my turn
[21:07:49] [Client thread/INFO]: [CHAT] <davidblaze88> what
[21:07:51] [Client thread/INFO]: [CHAT] rrj112 left the game.
[21:07:53] [Client thread/INFO]: [CHAT] <davidblaze88> oh yea
[21:07:56] [Client thread/INFO]: [CHAT] [ADMIN] PacksGamingHD [SA]: damn son whered you find this (thats what she said)
[21:08:06] [Client thread/INFO]: [CHAT] [skater] <sk8erace1> thats weird
[21:08:11] [Client thread/INFO]: [CHAT] [Omega Ruby SA] < SansTheCharizard> pls kill me now
[21:08:13] [Client thread/INFO]: [CHAT] { Legendary } < Hanson> XD
[21:08:13] [Client thread/INFO]: [CHAT] <davidblaze88> the bj is the best
[21:08:19] [Client thread/INFO]: [CHAT] [ADMIN] VideoGameSmash12 [STA]: WHAT IS THIS DARK MAGIC?
[21:08:22] [Client thread/INFO]: [CHAT] *  sheep is no longer AFK.
[21:08:22] [Client thread/INFO]: [CHAT] [STA] < sheep> k i subbed fam
[21:08:24] [Client thread/INFO]: [CHAT] [ADMIN] Tigermca [STA]: IDK MAN
[21:08:24] [Client thread/INFO]: [CHAT] [ADMIN] PacksGamingHD [SA]: no viddeo
[21:08:25] [Client thread/INFO]: [CHAT] { Legendary } < Hanson> look
[21:08:26] [Client thread/INFO]: [CHAT] BlocksRocks82 left the game.
[21:08:30] [Client thread/INFO]: [CHAT] <davidblaze88> mmmm
[21:08:31] [Client thread/INFO]: [CHAT] [Omega Ruby SA] < SansTheCharizard> i'd rather die than be the next one to be fucked
[21:08:32] [Client thread/INFO]: [CHAT] [Omega Ruby SA] < SansTheCharizard> srsly
[21:08:36] [Client thread/INFO]: [CHAT] <davidblaze88> delicious boootay
[21:08:40] [Client thread/INFO]: [CHAT] [skater] <sk8erace1> i may now present your husband and wife
[21:08:49] [Client thread/INFO]: [CHAT] *  Hanson  and then one day
[21:08:49] [Client thread/INFO]: [CHAT] [ADMIN] VideoGameSmash12 [STA]: THE SHIT?
[21:08:52] [Client thread/INFO]: [CHAT] *  Hanson  and then one day......
[21:09:00] [Client thread/INFO]: [CHAT] [skater] <sk8erace1> david
[21:09:02] [Client thread/INFO]: [CHAT] *  Hanson  He Became
[21:09:03] [Client thread/INFO]: [CHAT] <davidblaze88> and then one day what
[21:09:08] [Client thread/INFO]: [CHAT] <davidblaze88> yea?
[21:09:11] [Client thread/INFO]: [CHAT] *  sheep a penis
[21:09:11] [Client thread/INFO]: [CHAT] *  Hanson  see this
[21:09:16] [Client thread/INFO]: [CHAT] [skater] <sk8erace1> david became a dad
[21:09:24] [Client thread/INFO]: [CHAT] [Omega Ruby SA] < SansTheCharizard> dafuq
[21:09:27] [Client thread/INFO]: [CHAT] [ADMIN] VideoGameSmash12 [STA]: Also, what's the button to swap items
[21:09:31] [Client thread/INFO]: [CHAT] [ADMIN] shamrock_sheep [STA]: f
[21:09:32] [Client thread/INFO]: [CHAT] [ADMIN] SansTheCharizard [SA]: F
[21:09:33] [Client thread/INFO]: [CHAT] [ADMIN] Tigermca [STA]: f
[21:09:34] [Client thread/INFO]: [CHAT] { Legendary } < Hanson> he became
[21:09:35] [Client thread/INFO]: [CHAT] [ADMIN] SansTheCharizard [SA]: ffs
[21:09:37] [Client thread/INFO]: [CHAT] { Legendary } < Hanson> a man
[21:09:39] [Client thread/INFO]: [CHAT] [skater] <sk8erace1> a man
[21:09:44] [Client thread/INFO]: [CHAT] [ADMIN] Tigermca [STA]: I have bunny ears VideoGameSmash12 :p
[21:09:46] [Client thread/INFO]: [CHAT] { Legendary } < Hanson> dunnn duuuun duuuuuuuuuuuuunnnnnnn
[21:09:48] [Client thread/INFO]: [CHAT] { Legendary } < Hanson> XD
[21:09:49] [Client thread/INFO]: [CHAT] { Legendary } < Hanson> lmao
[21:09:54] [Client thread/INFO]: [CHAT] [ADMIN] VideoGameSmash12 [STA]: YOU HAVE OUTLINES
[21:09:54] [Client thread/INFO]: [CHAT] charles joined the game
[21:10:00] [Client thread/INFO]: [CHAT] [ADMIN] Tigermca [STA]: indeed
[21:10:09] [Client thread/INFO]: [CHAT] [ADMIN] PacksGamingHD [SA]: i have a pet crocodile
[21:10:16] [Client thread/INFO]: [CHAT] [ADMIN] Tigermca [STA]: I am a unicron now
[21:10:16] [Client thread/INFO]: [CHAT] <davidblaze88> \
[21:10:17] [Client thread/INFO]: [CHAT] [STA] < sheep> lol k
[21:10:21] [Client thread/INFO]: [CHAT] { Legendary } < Hanson> sheep
[21:10:23] [Client thread/INFO]: [CHAT] [Omega Ruby SA] < SansTheCharizard> shit
[21:10:23] [Client thread/INFO]: [CHAT] [STA] < sheep> yes
[21:10:23] [Client thread/INFO]: [CHAT] { Legendary } < Hanson> why u expel
[21:10:25] [Client thread/INFO]: [CHAT] { Legendary } < Hanson> XD
[21:10:25] [Client thread/INFO]: [CHAT] [STA] < sheep> bc
[21:10:26] [Client thread/INFO]: [CHAT] [STA] < sheep> i can
[21:10:27] [Client thread/INFO]: [CHAT] [STA] < sheep> <3
[21:10:32] [Client thread/INFO]: [CHAT] { Legendary } < Hanson> <3
[21:10:39] [Client thread/INFO]: [CHAT] [Omega Ruby SA] < SansTheCharizard> dafuq
[21:10:41] [Client thread/INFO]: [CHAT] <davidblaze88> OK
[21:10:42] [Client thread/INFO]: [CHAT] <davidblaze88> YOU
[21:10:46] [Client thread/INFO]: [CHAT] DR_ANNOYING left the game.
[21:10:48] [Client thread/INFO]: [CHAT] <davidblaze88> gonna take a ass whoopin
[21:10:55] [Client thread/INFO]: [CHAT] sk8erace1 left the game.
[21:10:57] [Client thread/INFO]: [CHAT] The_Hunter_Bae left the game.
[21:10:59] [Client thread/INFO]: [CHAT] [STA] < sheep> davi
[21:11:00] [Client thread/INFO]: [CHAT] How to apply for admin on the TotalFreedom Server:
[21:11:00] [Client thread/INFO]: [CHAT]  - Do not ask for admin in game
[21:11:00] [Client thread/INFO]: [CHAT]  - Be helpful within the server
[21:11:00] [Client thread/INFO]: [CHAT]  - Report those breaking the rules
[21:11:00] [Client thread/INFO]: [CHAT]  - And apply on our forums at the link:
[21:11:00] [Client thread/INFO]: [CHAT]     www.totalfreedom.boards.net
[21:11:01] [Client thread/INFO]: [CHAT] [Omega Ruby SA] < SansTheCharizard> pls not mehhhee
[21:11:01] [Client thread/INFO]: [CHAT] { Legendary } < Hanson> uhhh
[21:11:02] [Client thread/INFO]: [CHAT] [STA] < sheep> fam
[21:11:03] [Client thread/INFO]: [CHAT] { Legendary } < Hanson> david
[21:11:06] [Client thread/INFO]: [CHAT] { Legendary } < Hanson> fam fuck me
[21:11:08] [Client thread/INFO]: [CHAT] Tigermca - Rolling back player: _icorruptionmc_
[21:11:10] [Client thread/INFO]: [CHAT] <davidblaze88> oh baybae lemme hit it from behind doe
[21:11:15] [Client thread/INFO]: [CHAT] <HacksAreAwesome> any1 wanna 1.9 pvp????
[21:11:15] [Client thread/INFO]: [CHAT] { Legendary } < Hanson> XD
[21:11:17] [Client thread/INFO]: [CHAT] PacksGamingHD is a clown.
[21:11:17] [Client thread/INFO]: [CHAT] [STA] < sheep> lmAO
[21:11:18] [Client thread/INFO]: [CHAT] Command blocks are not enabled on this server
[21:11:19] [Client thread/INFO]: [CHAT] [Omega Ruby SA] < SansTheCharizard> wtf
[21:11:21] [Client thread/INFO]: [CHAT] [Omega Ruby SA] < SansTheCharizard> lmfao
[21:11:28] [Client thread/INFO]: [CHAT] [STA] < sheep> making it rain
[21:11:32] [Client thread/INFO]: [CHAT] <HacksAreAwesome> any1 wanna 1.9 pvp?????
[21:11:32] [Client thread/INFO]: [CHAT] [Omega Ruby SA] < SansTheCharizard> let it gooooo
[21:11:33] [Client thread/INFO]: [CHAT] { Legendary } < Hanson> uhh
[21:11:39] [Client thread/INFO]: [CHAT] { Legendary } < Hanson> why is it hard?
[21:11:40] [Client thread/INFO]: [CHAT] <davidblaze88> suck my cock
[21:11:43] [Client thread/INFO]: [CHAT] PacksGamingHD is a clown.
[21:11:43] [Client thread/INFO]: [CHAT] PacksGamingHD is a clown.
[21:11:52] [Client thread/INFO]: [CHAT] <davidblaze88> ooh
[21:11:55] [Client thread/INFO]: [CHAT] SansTheCharizard is a clown.
[21:11:57] [Client thread/INFO]: [CHAT] <davidblaze88> baarbbaayvae
[21:11:59] [Client thread/INFO]: [CHAT] <davidblaze88> baybae
[21:12:02] [Client thread/INFO]: [CHAT] [STA] < sheep> "kakakak"
[21:12:04] [Client thread/INFO]: [CHAT] <davidblaze88> ooohhh fuuu yea
[21:12:10] [Client thread/INFO]: [CHAT] [Omega Ruby SA] < SansTheCharizard> *kakakakakak*
[21:12:12] [Client thread/INFO]: [CHAT] [STA] < sheep> now, HannSern2003
[21:12:13] [Client thread/INFO]: [CHAT] [STA] < sheep> bite
[21:12:14] [Client thread/INFO]: [CHAT] <davidblaze88> kakaaaa
[21:12:16] [Client thread/INFO]: [CHAT] <davidblaze88> OW
[21:12:19] [Client thread/INFO]: [CHAT] Enjoy your new hat!
[21:12:20] [Client thread/INFO]: [CHAT] <davidblaze88> you motherfucker
[21:12:22] [Client thread/INFO]: [CHAT] *  Hanson  Bites it off As Sheep
[21:12:23] [Client thread/INFO]: [CHAT] [STA] < sheep> lmao
[21:12:24] [Client thread/INFO]: [CHAT] [ADMIN] Tigermca [STA]: I HAVE CAPTURED VideoGameSmash12
[21:12:29] [Client thread/INFO]: [CHAT] <davidblaze88> YOU BIT ME!!!
[21:12:31] [Client thread/INFO]: [CHAT] <HacksAreAwesome> CreepazYT lets see who can stay on here the longest
[21:12:32] [Client thread/INFO]: [CHAT] [ADMIN] SansTheCharizard [SA]: WOW rlly?
[21:12:32] [Client thread/INFO]: [CHAT] [ADMIN] Tigermca [STA]: GET BACK IN THERE
[21:12:34] [Client thread/INFO]: [CHAT] [ADMIN] VideoGameSmash12 [STA]: I'M A FUCKING UNICORN
[21:12:38] [Client thread/INFO]: [CHAT] { Legendary } < Hanson> bull it off
[21:12:40] [Client thread/INFO]: [CHAT] <davidblaze88> when i see you
[21:12:41] [Client thread/INFO]: [CHAT] [ADMIN] Tigermca [STA]: NO I AM
[21:12:41] [Client thread/INFO]: [CHAT] [ADMIN] VideoGameSmash12 [STA]: WHEEEEEEEE
[21:12:41] [Client thread/INFO]: [CHAT] { Legendary } < Hanson> pull
[21:12:46] [Client thread/INFO]: [CHAT] <davidblaze88> i think ok stars
[21:12:48] [Client thread/INFO]: [CHAT] *  TheNightmare Eats a kids head off
[21:12:49] [Client thread/INFO]: [CHAT] [Omega Ruby SA] < SansTheCharizard> bull it off - Hanson 2016
[21:12:49] [Client thread/INFO]: [CHAT] <HacksAreAwesome> use unit collision to push eachoter off
[21:12:51] [Client thread/INFO]: [CHAT] Pushed 2 players: Tigermca, PacksGamingHD
[21:12:54] [Client thread/INFO]: [CHAT] < TheNightmare> i can explain
[21:12:54] [Client thread/INFO]: [CHAT] <davidblaze88> because your only beutiful from a distance
[21:13:03] [Client thread/INFO]: [CHAT] [STA] < sheep> david
[21:13:05] [Client thread/INFO]: [CHAT] { Legendary } < Hanson> babe
[21:13:05] [Client thread/INFO]: [CHAT] [STA] < sheep> watch this fam
[21:13:08] [Client thread/INFO]: [CHAT] { Legendary } < Hanson> don't run
[21:13:10] [Client thread/INFO]: [CHAT] <HacksAreAwesome> gms...
[21:13:14] [Client thread/INFO]: [CHAT] [Assassin] < CreepazYT> i am
[21:13:20] [Client thread/INFO]: [CHAT] [STA] < sheep> sup nigga
[21:13:21] [Client thread/INFO]: [CHAT] { Legendary } < Hanson> OMG
[21:13:22] [Client thread/INFO]: [CHAT] No block edits at that location.
[21:13:23] [Client thread/INFO]: [CHAT] Block edits at (x36524, y52, z478615):
[21:13:23] [Client thread/INFO]: [CHAT]  - Tigermca placed End_rod:3
[21:13:25] [Client thread/INFO]: [CHAT] Plugins (10): BukkitTelnet, WorldEdit, SkinsModule, Aero, Essentials, SkinsRestorer, BetterChairs, EssentialsSpawn, TotalFreedomMod, DaedalusMod
[21:13:27] [Client thread/INFO]: [CHAT] [Omega Ruby SA] < SansTheCharizard> sup my nigga
[21:13:27] [Client thread/INFO]: [CHAT] Awesome_Lukas joined the game
[21:13:28] [Client thread/INFO]: [CHAT] <davidblaze88> do i have to fuck the black man
[21:13:30] [Client thread/INFO]: [CHAT] Unknown command. Type "/help" for help.
[21:13:31] [Client thread/INFO]: [CHAT] [Assassin] < CreepazYT> hehe
[21:13:32] [Client thread/INFO]: [CHAT] [STA] < sheep> lmAO
[21:13:34] [Client thread/INFO]: [CHAT] <HacksAreAwesome> no knockback...
[21:13:41] [Client thread/INFO]: [CHAT] <VideoGameSmash12> I'm impressed
[21:13:44] [Client thread/INFO]: [CHAT] [Assassin] < CreepazYT> muahahaha
[21:13:46] [Client thread/INFO]: [CHAT] <davidblaze88> ok
[21:13:47] [Client thread/INFO]: [CHAT] <VideoGameSmash12> This 1.9 update is awesome
[21:13:50] [Client thread/INFO]: [CHAT] <VideoGameSmash12> Because
[21:13:51] [Client thread/INFO]: [CHAT] <davidblaze88> one of yall
[21:13:55] [Client thread/INFO]: [CHAT] <VideoGameSmash12> I can be a fucking unicorn!
[21:14:00] [Client thread/INFO]: [CHAT] <davidblaze88> gonna suck my surgically repaired dick
[21:14:01] [Client thread/INFO]: [CHAT] <HacksAreAwesome> lol unfair
[21:14:04] [Client thread/INFO]: [CHAT] * galindomark is now AFK.
[21:14:04] [Client thread/INFO]: [CHAT] * galindomark is no longer AFK.
[21:14:04] [Client thread/INFO]: [CHAT] <galindomark> afk
[21:14:06] [Client thread/INFO]: [CHAT] [Omega Ruby SA] < SansTheCharizard> oh god
[21:14:06] [Client thread/INFO]: [CHAT] * galindomark is now AFK.
[21:14:07] [Client thread/INFO]: [CHAT] [Omega Ruby SA] < SansTheCharizard> pls n o
[21:14:13] [Client thread/INFO]: [CHAT] { Legendary } < Hanson> sans
[21:14:14] [Client thread/INFO]: [CHAT] *  TheNightmare Slaps CreepazYT
[21:14:18] [Client thread/INFO]: [CHAT] [Assassin] < CreepazYT> um
[21:14:18] [Client thread/INFO]: [CHAT] [STA] < sheep> "surgically repaired dick" i have never laughed so hard in my life
[21:14:18] [Client thread/INFO]: [CHAT] [Omega Ruby SA] < SansTheCharizard> wutt
[21:14:19] [Client thread/INFO]: [CHAT] { Legendary } < Hanson> i wanna fuck u
[21:14:24] [Client thread/INFO]: [CHAT] { Legendary } < Hanson> LmAO
[21:14:26] [Client thread/INFO]: [CHAT] [Omega Ruby SA] < SansTheCharizard> no
[21:14:27] [Client thread/INFO]: [CHAT] SansTheCharizard died
[21:14:27] [Client thread/INFO]: [CHAT] Player  SansTheCharizard took their own life.
[21:14:30] [Client thread/INFO]: [CHAT] { Legendary } < Hanson> XD
[21:14:33] [Client thread/INFO]: [CHAT] { Legendary } < Hanson> ^
[21:14:33] [Client thread/INFO]: [CHAT] <davidblaze88> im funny
[21:14:35] [Client thread/INFO]: [CHAT] <charles> hey
[21:14:36] [Client thread/INFO]: [CHAT] Tigermca - Blocking all commands for HacksAreAwesome
[21:14:36] [Client thread/INFO]: [CHAT] <davidblaze88> i cant help it
[21:14:37] [Client thread/INFO]: [CHAT] [STA] < sheep> yes you are fam
[21:14:39] [Client thread/INFO]: [CHAT] [Omega Ruby SA] < SansTheCharizard> kk funny
[21:14:45] [Client thread/INFO]: [CHAT] { Legendary } < Hanson> awa
[21:14:50] [Client thread/INFO]: [CHAT] <davidblaze88> fuck her right in the pussy
[21:14:52] [Client thread/INFO]: [CHAT] [Omega Ruby SA] < SansTheCharizard> wtf
[21:14:54] [Client thread/INFO]: [CHAT] { Legendary } < Hanson> awww
[21:14:55] [Client thread/INFO]: [CHAT] { Legendary } < Hanson> yea
[21:15:01] [Client thread/INFO]: [CHAT] /s, /saconfig, /save-all, /save-off, /save-on, /say, /schem, /schematic, /scoreboard, /searchitem, /seed, /seen, /sell, /setblock, /sethome, /setidletimeout, /setjail, /setl, /setlevel, /setlever, /setlimit, /setspawn, /setspawnworld, /setwarp, /setworldspawn, /setworth, /size, /skin, /skinsrestorer, /skinsrestorer:skin, /skinsrestorer:skinsrestorer, /skinsrestorer:sr, /skull, /smite, /snap, /snapshot, /snow, /socialspy, /sp, /spawn, /spawnentity, /spawner, /spawnmob, /spawnpoint, /spectator, /speed, /spigot:restart, /spigot:tps, /spreadplayers, /sr, /stats, /status, /stfu, /stop, /suicide, /summon, /superpickaxe, /survival, /swl
[21:15:02] [Client thread/INFO]: [CHAT] /s, /saconfig, /save-all, /save-off, /save-on, /say, /schem, /schematic, /scoreboard, /searchitem, /seed, /seen, /sell, /setblock, /sethome, /setidletimeout, /setjail, /setl, /setlevel, /setlever, /setlimit, /setspawn, /setspawnworld, /setwarp, /setworldspawn, /setworth, /size, /skin, /skinsrestorer, /skinsrestorer:skin, /skinsrestorer:skinsrestorer, /skinsrestorer:sr, /skull, /smite, /snap, /snapshot, /snow, /socialspy, /sp, /spawn, /spawnentity, /spawner, /spawnmob, /spawnpoint, /spectator, /speed, /spigot:restart, /spigot:tps, /spreadplayers, /sr, /stats, /status, /stfu, /stop, /suicide, /summon, /superpickaxe, /survival, /swl
[21:15:02] [Client thread/INFO]: [CHAT] /s, /saconfig, /save-all, /save-off, /save-on, /say, /schem, /schematic, /scoreboard, /searchitem, /seed, /seen, /sell, /setblock, /sethome, /setidletimeout, /setjail, /setl, /setlevel, /setlever, /setlimit, /setspawn, /setspawnworld, /setwarp, /setworldspawn, /setworth, /size, /skin, /skinsrestorer, /skinsrestorer:skin, /skinsrestorer:skinsrestorer, /skinsrestorer:sr, /skull, /smite, /snap, /snapshot, /snow, /socialspy, /sp, /spawn, /spawnentity, /spawner, /spawnmob, /spawnpoint, /spectator, /speed, /spigot:restart, /spigot:tps, /spreadplayers, /sr, /stats, /status, /stfu, /stop, /suicide, /summon, /superpickaxe, /survival, /swl
[21:15:04] [Client thread/INFO]: [CHAT] <HacksAreAwesome> ?
[21:15:04] [Client thread/INFO]: [CHAT] /sp, /spawn, /spawnentity, /spawner, /spawnmob, /spawnpoint, /spectator, /speed, /spigot:restart, /spigot:tps, /spreadplayers
[21:15:05] [Client thread/INFO]: [CHAT] /sp, /spawn, /spawnentity, /spawner, /spawnmob, /spawnpoint, /spectator, /speed, /spigot:restart, /spigot:tps, /spreadplayers
[21:15:05] [Client thread/INFO]: [CHAT] /sp, /spawn, /spawnentity, /spawner, /spawnmob, /spawnpoint, /spectator, /speed, /spigot:restart, /spigot:tps, /spreadplayers
[21:15:05] [Client thread/INFO]: [CHAT] [Omega Ruby SA] < SansTheCharizard> im dead inside
[21:15:06] [Client thread/INFO]: [CHAT] /sp, /spawn, /spawnentity, /spawner, /spawnmob, /spawnpoint, /spectator, /speed, /spigot:restart, /spigot:tps, /spreadplayers
[21:15:06] [Client thread/INFO]: [CHAT] /sp, /spawn, /spawnentity, /spawner, /spawnmob, /spawnpoint, /spectator, /speed, /spigot:restart, /spigot:tps, /spreadplayers
[21:15:07] [Client thread/INFO]: [CHAT] /sp, /spawn, /spawnentity, /spawner, /spawnmob, /spawnpoint, /spectator, /speed, /spigot:restart, /spigot:tps, /spreadplayers
[21:15:07] [Client thread/INFO]: [CHAT] <HacksAreAwesome> woah
[21:15:07] [Client thread/INFO]: [CHAT] /sp, /spawn, /spawnentity, /spawner, /spawnmob, /spawnpoint, /spectator, /speed, /spigot:restart, /spigot:tps, /spreadplayers
[21:15:07] [Client thread/INFO]: [CHAT] /sp, /spawn, /spawnentity, /spawner, /spawnmob, /spawnpoint, /spectator, /speed, /spigot:restart, /spigot:tps, /spreadplayers
[21:15:08] [Client thread/INFO]: [CHAT] [STA] < sheep> lmao how is your dick bypassing the onesie she's wearing
[21:15:09] [Client thread/INFO]: [CHAT] *  Hanson  Steals the reporter's mike
[21:15:11] [Client thread/INFO]: [CHAT] [TotalFreedom] You are allowed to record and stream videos on TotalFreedom.
[21:15:12] [Client thread/INFO]: [CHAT] *  TheNightmare Eats a kids head off
[21:15:14] [Client thread/INFO]: [CHAT] Giving 64 of fire
[21:15:17] [Client thread/INFO]: [CHAT] [Omega Ruby SA] < SansTheCharizard> because
[21:15:18] [Client thread/INFO]: [CHAT] <davidblaze88> i think so...
[21:15:20] [Client thread/INFO]: [CHAT] Rootcommander joined the game
[21:15:20] [Client thread/INFO]: [CHAT] <HacksAreAwesome> my commands are bl;ocked
[21:15:21] [Client thread/INFO]: [CHAT] [Omega Ruby SA] < SansTheCharizard> his dick is powerful
[21:15:22] [Client thread/INFO]: [CHAT] < TheNightmare> i can explain =I
[21:15:26] [Client thread/INFO]: [CHAT] <davidblaze88> mhm
[21:15:32] [Client thread/INFO]: [CHAT] <davidblaze88> i have the golden dick
[21:15:35] [Client thread/INFO]: [CHAT] <Awesome_Lukas> PacksGamingHD LOL xD
[21:15:37] [Client thread/INFO]: [CHAT] [STA] < sheep> lol oh
[21:15:38] [Client thread/INFO]: [CHAT] <HacksAreAwesome> SansTheCharizard my cmds are blocked
[21:15:45] [Client thread/INFO]: [CHAT] { Legendary } < Hanson> fuck me
[21:15:46] [Client thread/INFO]: [CHAT] [STA] < sheep> HacksAreAwesome, it's because you were spamming cmds.
[21:15:47] [Client thread/INFO]: [CHAT] { Legendary } < Hanson> i striped
[21:15:50] [Client thread/INFO]: [CHAT] Tigermca left the game.
[21:15:52] [Client thread/INFO]: [CHAT] <HacksAreAwesome> spamming?
[21:15:52] [Client thread/INFO]: [CHAT] <davidblaze88> i want to fuck you but i cant
[21:15:55] [Client thread/INFO]: [CHAT] <slimezgaming> XD
[21:15:56] [Client thread/INFO]: [CHAT] [Omega Ruby SA] < SansTheCharizard> daufq
[21:15:56] [Client thread/INFO]: [CHAT] <slimezgaming> PACKS
[21:15:59] [Client thread/INFO]: [CHAT] [ADMIN] VideoGameSmash12 [STA]: But this motherfucking computer
[21:16:01] [Client thread/INFO]: [CHAT] [Omega Ruby SA] < SansTheCharizard> save me
[21:16:02] [Client thread/INFO]: [CHAT] { Legendary } < Hanson> lick on it
[21:16:03] [Client thread/INFO]: [CHAT] [STA] < sheep> this is tragic
[21:16:08] [Client thread/INFO]: [CHAT] [ADMIN] VideoGameSmash12 [STA]: I had to reinstall Windows 10
[21:16:10] [Client thread/INFO]: [CHAT] <davidblaze88> *slurp*
[21:16:12] [Client thread/INFO]: [CHAT] <HacksAreAwesome> ok, then how do i get it unblocked?
[21:16:12] [Client thread/INFO]: [CHAT] { Legendary } < Hanson> XD
[21:16:14] [Client thread/INFO]: [CHAT] { Legendary } < Hanson> 6
[21:16:16] [Client thread/INFO]: [CHAT] [Omega Ruby SA] < SansTheCharizard> *puke
[21:16:19] [Client thread/INFO]: [CHAT] { Legendary } < Hanson> ^
[21:16:21] [Client thread/INFO]: [CHAT] [ADMIN] VideoGameSmash12 [STA]: So I had to deal with Windows 8.1
[21:16:24] [Client thread/INFO]: [CHAT] { Legendary } < Hanson> sheeep
[21:16:26] [Client thread/INFO]: [CHAT] * FunkyMunky_ is no longer AFK.
[21:16:29] [Client thread/INFO]: [CHAT] { Legendary } < Hanson> why u gcmd me?
[21:16:30] [Client thread/INFO]: [CHAT] <Rootcommander> tp to me for striper poll
[21:16:36] [Client thread/INFO]: [CHAT] [STA] < sheep> davidblaze88 licked so hard she turned black
[21:16:37] [Client thread/INFO]: [CHAT] [STA] < sheep> bye av
[21:16:38] [Client thread/INFO]: [CHAT] [STA] < sheep> af**9
[21:16:40] [Client thread/INFO]: [CHAT] [Omega Ruby SA] < SansTheCharizard> XD
[21:16:40] [Client thread/INFO]: [CHAT] [ADMIN] VideoGameSmash12 [STA]: Just as bad as the FNaF community.
[21:16:42] [Client thread/INFO]: [CHAT] { Legendary } < Hanson> i was havving a black time in my lyfe
[21:16:44] [Client thread/INFO]: [CHAT] <davidblaze88> i licked the white off?!?!?!
[21:16:46] [Client thread/INFO]: [CHAT] { Legendary } < Hanson> lmao
[21:16:47] [Client thread/INFO]: [CHAT] [STA] < sheep> LOL
[21:16:48] [Client thread/INFO]: [CHAT] galindomark left the game.
[21:16:49] [Client thread/INFO]: [CHAT] [ADMIN] FunkyMunky_ [STA]: DANG
[21:16:56] [Client thread/INFO]: [CHAT] <HacksAreAwesome> Okay well bye forever
[21:16:57] [Client thread/INFO]: [CHAT] { Legendary } < Hanson> suck sheep's cock pls
[21:16:58] [Client thread/INFO]: [CHAT] [STA] < sheep> no
[21:16:59] [Client thread/INFO]: [CHAT] <davidblaze88> i have the golden dick
[21:17:00] [Client thread/INFO]: [CHAT] <HacksAreAwesome> i cant use cmds
[21:17:00] [Client thread/INFO]: [CHAT] [Omega Ruby SA] < SansTheCharizard> UNUU
[21:17:00] [Client thread/INFO]: [CHAT] <VideoGameSmash12> Ew...
[21:17:03] [Client thread/INFO]: [CHAT] <Rootcommander> lets get high
[21:17:04] [Client thread/INFO]: [CHAT] [ADMIN] FunkyMunky_ [STA]: i usually get 15-30FPS.
[21:17:04] [Client thread/INFO]: [CHAT] <davidblaze88> sheep
[21:17:06] [Client thread/INFO]: [CHAT] { Legendary } < Hanson> suck sheep's cock plsX
[21:17:08] [Client thread/INFO]: [CHAT] HacksAreAwesome left the game.
[21:17:09] [Client thread/INFO]: [CHAT] [STA] < sheep> im a very reserved sheep
[21:17:11] [Client thread/INFO]: [CHAT] [STA] < sheep> and
[21:17:13] [Client thread/INFO]: [CHAT] [ADMIN] FunkyMunky_ [STA]: i got OptiFine got a steady 60
[21:17:18] [Client thread/INFO]: [CHAT] [ADMIN] FunkyMunky_ [STA]: But that was until
[21:17:18] [Client thread/INFO]: [CHAT] [ADMIN] VideoGameSmash12 [STA]: 50 FPS on vanilla?
[21:17:19] [Client thread/INFO]: [CHAT] [Omega Ruby SA] < SansTheCharizard> sheep's cock taste like ice cream
[21:17:21] [Client thread/INFO]: [CHAT] <davidblaze88> ok
[21:17:21] [Client thread/INFO]: [CHAT] [ADMIN] FunkyMunky_ [STA]: no
[21:17:23] [Client thread/INFO]: [CHAT] [Omega Ruby SA] < SansTheCharizard> and ice cream is bad
[21:17:24] [Client thread/INFO]: [CHAT] [STA] < sheep> we admins do not condone bestiality
[21:17:26] [Client thread/INFO]: [CHAT] <davidblaze88> so just to be clear
[21:17:26] [Client thread/INFO]: [CHAT] { Legendary } < Hanson> and it's fury
[21:17:30] [Client thread/INFO]: [CHAT] < Heyyyy> the mayor of the Zoo Something
[21:17:30] [Client thread/INFO]: [CHAT] <davidblaze88> im not gay
[21:17:33] [Client thread/INFO]: [CHAT] [ADMIN] FunkyMunky_ [STA]: i got 15-30 on vanilla
[21:17:37] [Client thread/INFO]: [CHAT] <VideoGameSmash12> Tycoon?
[21:17:39] [Client thread/INFO]: [CHAT] bahy joined the game
[21:17:42] [Client thread/INFO]: [CHAT] [ADMIN] FunkyMunky_ [STA]: OptiFine got me to 60
[21:17:51] [Client thread/INFO]: [CHAT] [ADMIN] FunkyMunky_ [STA]: but thats because my max-framate was 60
[21:17:52] [Client thread/INFO]: [CHAT] <davidblaze88> turn around big boy
[21:17:58] [Client thread/INFO]: [CHAT] [STA] < sheep> ay
[21:17:58] [Client thread/INFO]: [CHAT] <Rootcommander> GaY pEoPlE hAvE sEx
[21:17:58] [Client thread/INFO]: [CHAT] <davidblaze88> ?
[21:18:00] [Client thread/INFO]: [CHAT] [ADMIN] PacksGamingHD [SA]: i dont need optifine and im getting 200 fps
[21:18:01] [Client thread/INFO]: [CHAT] [ADMIN] FunkyMunky_ [STA]: now OptiFine gives me 210FPS
[21:18:01] [Client thread/INFO]: [CHAT] [Omega Ruby SA] < SansTheCharizard> wtf
[21:18:05] [Client thread/INFO]: [CHAT] [ADMIN] VideoGameSmash12 [STA]: Is my computer a Celeron or a fuckin' Pentium?
[21:18:06] [Client thread/INFO]: [CHAT] <davidblaze88> no
[21:18:08] [Client thread/INFO]: [CHAT] [STA] < sheep> yes
[21:18:08] [Client thread/INFO]: [CHAT] <Rootcommander> lets get hight
[21:18:08] [Client thread/INFO]: [CHAT] <davidblaze88> please
[21:18:09] [Client thread/INFO]: [CHAT] bahy left the game.
[21:18:13] [Client thread/INFO]: [CHAT] { Legendary } < Hanson> awww
[21:18:14] [Client thread/INFO]: [CHAT] { Legendary } < Hanson> shyt
[21:18:14] [Client thread/INFO]: [CHAT] [ADMIN] PacksGamingHD [SA]: pentium
[21:18:14] [Client thread/INFO]: [CHAT] [STA] < sheep> what is life
[21:18:15] [Client thread/INFO]: [CHAT] <davidblaze88> change it baaaaack
[21:18:16] [Client thread/INFO]: [CHAT] { Legendary } < Hanson> i'm steven
[21:18:19] [Client thread/INFO]: [CHAT] [Omega Ruby SA] < SansTheCharizard> lets die pls
[21:18:22] [Client thread/INFO]: [CHAT] { Legendary } < Hanson> NUUuuuuuuuuuuu
[21:18:23] [Client thread/INFO]: [CHAT] { Legendary } < Hanson> Sheeep
[21:18:25] [Client thread/INFO]: [CHAT] [STA] < sheep> wat u need
[21:18:26] [Client thread/INFO]: [CHAT] { Legendary } < Hanson> helpppppp
[21:18:28] [Client thread/INFO]: [CHAT] { Legendary } < Hanson> gcmd me
[21:18:32] [Client thread/INFO]: [CHAT] { Legendary } < Hanson> to sheep pls
[21:18:36] [Client thread/INFO]: [CHAT] [ADMIN] FunkyMunky_ [STA]: i have a Celeron :P
[21:18:39] [Client thread/INFO]: [CHAT] { Legendary } < Hanson> i wanna look not black and YOung
[21:18:42] [Client thread/INFO]: [CHAT] Superior_tL joined the game
[21:18:42] [Client thread/INFO]: [CHAT] { Legendary } < Hanson> thx
[21:18:43] [Client thread/INFO]: [CHAT] { Legendary } < Hanson> sheep
[21:18:44] [Client thread/INFO]: [CHAT] [ADMIN] PacksGamingHD [SA]: i have an i5
[21:18:45] [Client thread/INFO]: [CHAT] <Superior_tL> connected with an iPhone using MineChat
[21:18:47] [Client thread/INFO]: [CHAT] { Legendary } < Hanson> time to strip
[21:18:47] [Client thread/INFO]: [CHAT] [STA] < sheep> welcome fams
[21:18:48] [Client thread/INFO]: [CHAT] [ADMIN] VideoGameSmash12 [STA]: 32 Bit, funky?
[21:18:48] [Client thread/INFO]: [CHAT] < Squidward> who wants to eat a krabby patty at 3 in the morning!
[21:18:49] [Client thread/INFO]: [CHAT] shamrock_sheep - Opping all players on the server
[21:18:49] [Client thread/INFO]: [CHAT] You are now op!
[21:18:49] [Client thread/INFO]: [CHAT] [ADMIN] FunkyMunky_ [STA]: actually, i dont know what i have
[21:18:52] [Client thread/INFO]: [CHAT] { Legendary } < Hanson> uhh
[21:18:58] [Client thread/INFO]: [CHAT] Rootcommander was killed trying to hurt CreepazYT
[21:18:58] [Client thread/INFO]: [CHAT] { Legendary } < Hanson> my ass has been revealed
[21:19:03] [Client thread/INFO]: [CHAT] [ADMIN] VideoGameSmash12 [STA]: I'm a 64 bit person
[21:19:05] [Client thread/INFO]: [CHAT] [Assassin] < CreepazYT> hehe
[21:19:06] [Client thread/INFO]: [CHAT] kyanjscott joined the game
[21:19:07] [Client thread/INFO]: [CHAT] Welcome kyanjscott to the server!
[21:19:07] [Client thread/INFO]: [CHAT] Superior_tL left the game.
[21:19:09] [Client thread/INFO]: [CHAT] [STA] <FunkyMunky_> the celeron was on my Windows (64bit) :P
[21:19:10] [Client thread/INFO]: [CHAT] [STA] < sheep> bitch ur ass flat
[21:19:12] [Client thread/INFO]: [CHAT] [STA] <FunkyMunky_> Oops
[21:19:14] [Client thread/INFO]: [CHAT] { Legendary } < Hanson> which guy wanna fuck me first/
[21:19:15] [Client thread/INFO]: [CHAT] < Patrick> oh boy! 3AM!
[21:19:19] [Client thread/INFO]: [CHAT] [Omega Ruby SA] < SansTheCharizard> much flat such fat
[21:19:19] [Client thread/INFO]: [CHAT] [ADMIN] VideoGameSmash12 [STA]: You are using Windows
[21:19:20] [Client thread/INFO]: [CHAT] [ADMIN] FunkyMunky_ [STA]: the celeron was on my Windows (64bit) :P
[21:19:21] [Client thread/INFO]: [CHAT] { Legendary } < Hanson> which guy wanna fuck me first/?
[21:19:24] [Client thread/INFO]: [CHAT] [ADMIN] FunkyMunky_ [STA]: No not rn
[21:19:25] [Client thread/INFO]: [CHAT] [Omega Ruby SA] < SansTheCharizard> mehhh
[21:19:26] [Client thread/INFO]: [CHAT] [Omega Ruby SA] < SansTheCharizard> i mean
[21:19:27] [Client thread/INFO]: [CHAT] [ADMIN] VideoGameSmash12 [STA]: Unless it's a fucking mac
[21:19:27] [Client thread/INFO]: [CHAT] *  Patrick eats krabby patty
[21:19:28] [Client thread/INFO]: [CHAT] [Omega Ruby SA] < SansTheCharizard> noo
[21:19:30] [Client thread/INFO]: [CHAT] sk8erace1 joined the game
[21:19:31] [Client thread/INFO]: [CHAT] davidblaze88 left the game.
[21:19:31] [Client thread/INFO]: [CHAT] [STA] < sheep> HannSern2003 yo ass flatter than a 30 year old can of pepsi
[21:19:32] [Client thread/INFO]: [CHAT] [ADMIN] FunkyMunky_ [STA]: Its a Mac :P
[21:19:36] [Client thread/INFO]: [CHAT] { Legendary } < Hanson> Ayyyy
[21:19:37] [Client thread/INFO]: [CHAT] [ADMIN] PacksGamingHD [SA]: mac here
[21:19:38] [Client thread/INFO]: [CHAT] { Legendary } < Hanson> ^
[21:19:39] [Client thread/INFO]: [CHAT] [STA] < sheep> ayyy
[21:19:40] [Client thread/INFO]: [CHAT] [Omega Ruby SA] < SansTheCharizard> nor me
[21:19:53] [Client thread/INFO]: [CHAT] { Legendary } < Hanson> goes to pornhub and watches porn
[21:19:56] [Client thread/INFO]: [CHAT] [Omega Ruby SA] < SansTheCharizard> wtf
[21:19:57] [Client thread/INFO]: [CHAT] *  Hanson is now AFK.
[21:20:01] [Client thread/INFO]: [CHAT] charles - Opping charles
[21:20:02] [Client thread/INFO]: [CHAT] [ADMIN] VideoGameSmash12 [STA]: Why the fuck do you use a Mac for gaming?
[21:20:05] [Client thread/INFO]: [CHAT] [Omega Ruby SA] < SansTheCharizard> dafuq
[21:20:06] [Client thread/INFO]: [CHAT] <Rootcommander> ah ahahahahaahhaha do it more benny
[21:20:07] [Client thread/INFO]: [CHAT] [STA] < sheep> i havent been on pornhub in like, two days
[21:20:08] [Client thread/INFO]: [CHAT] [ADMIN] FunkyMunky_ [STA]: I dont
[21:20:09] [Client thread/INFO]: [CHAT] [STA] < sheep> shame me
[21:20:09] [Client thread/INFO]: [CHAT] [ADMIN] PacksGamingHD [SA]: because i fucking can
[21:20:10] [Client thread/INFO]: [CHAT] *  Hanson is no longer AFK.
[21:20:10] [Client thread/INFO]: [CHAT] { Legendary } < Hanson> XD
[21:20:14] [Client thread/INFO]: [CHAT] [STA] < sheep> its been too long
[21:20:15] [Client thread/INFO]: [CHAT] [STA] < sheep> </3
[21:20:17] [Client thread/INFO]: [CHAT] [ADMIN] FunkyMunky_ [STA]: I use my Windows PC for gaming
[21:20:18] [Client thread/INFO]: [CHAT] { Legendary } < Hanson> pornhub
[21:20:18] [Client thread/INFO]: [CHAT] { Legendary } < Hanson> is
[21:20:19] [Client thread/INFO]: [CHAT] [Omega Ruby SA] < SansTheCharizard> im gonna die
[21:20:20] [Client thread/INFO]: [CHAT] { Legendary } < Hanson> lyfe
[21:20:24] [Client thread/INFO]: [CHAT] [SA] <PacksGamingHD> ikr
[21:20:24] [Client thread/INFO]: [CHAT] [ADMIN] FunkyMunky_ [STA]: i have minecraft installed on my Mac :P
[21:20:29] [Client thread/INFO]: [CHAT] { Legendary } < Hanson> everyday
[21:20:30] [Client thread/INFO]: [CHAT] <charles> kill me
[21:20:30] [Client thread/INFO]: [CHAT] [Omega Ruby SA] < SansTheCharizard> pornhub
[21:20:31] [Client thread/INFO]: [CHAT] [Omega Ruby SA] < SansTheCharizard> i
[21:20:32] [Client thread/INFO]: [CHAT] [Omega Ruby SA] < SansTheCharizard> is
[21:20:34] [Client thread/INFO]: [CHAT] [Omega Ruby SA] < SansTheCharizard> cancer
[21:20:34] [Client thread/INFO]: [CHAT] NeonCreeperFTW joined the game
[21:20:36] [Client thread/INFO]: [CHAT] Rootcommander was slain by CreepazYT
[21:20:36] [Client thread/INFO]: [CHAT] { Legendary } < Hanson> i see pornhub is blocked
[21:20:43] [Client thread/INFO]: [CHAT] [Omega Ruby SA] < SansTheCharizard> yay
[21:20:45] [Client thread/INFO]: [CHAT] shamrock_sheep - Removing all server entities.
[21:20:47] [Client thread/INFO]: [CHAT] { Legendary } < Hanson> rnuuuw
[21:20:47] [Client thread/INFO]: [CHAT] shamrock_sheep - Purging all entities
[21:20:52] [Client thread/INFO]: [CHAT] [Assassin] < CreepazYT> muahahaha
[21:20:53] [Client thread/INFO]: [CHAT] Describes an action in the context of the player.
[21:20:53] [Client thread/INFO]: [CHAT] /me <description>
[21:20:58] [Client thread/INFO]: [CHAT] [Omega Ruby SA] < SansTheCharizard> i have blocked pornhobbie
[21:20:58] [Client thread/INFO]: [CHAT] <charles> android 18 and imperfect cell got porn
[21:21:01] [Client thread/INFO]: [CHAT] <NeonCreeperFTW> hey CreepazYT
[21:21:08] [Client thread/INFO]: [CHAT] [Assassin] < CreepazYT> ehyo
[21:21:14] [Client thread/INFO]: [CHAT] [STA] <FunkyMunky_> I got onto my friends mini-laptop (For school) in class and searched 'MeatSpin' then 'Pornhub'
[21:21:19] [Client thread/INFO]: [CHAT] [STA] <FunkyMunky_> Got him in TROUBLE
[21:21:20] [Client thread/INFO]: [CHAT] [ADMIN] VideoGameSmash12 [STA]: Windows 10 is fuckin' awesome
[21:21:22] [Client thread/INFO]: [CHAT] [STA] < sheep> lmao
[21:21:23] [Client thread/INFO]: [CHAT] { Legendary } < Hanson> fuck u SansTheCharizard
[21:21:23] [Client thread/INFO]: [CHAT] [Omega Ruby SA] < SansTheCharizard> XD
[21:21:25] [Client thread/INFO]: [CHAT] <NeonCreeperFTW> no gmc pvp Rootcommander
[21:21:29] [Client thread/INFO]: [CHAT] { Legendary } < Hanson> i wanna fuck u
[21:21:31] [Client thread/INFO]: [CHAT] [Omega Ruby SA] < SansTheCharizard> wait
[21:21:32] [Client thread/INFO]: [CHAT] [ADMIN] PacksGamingHD [SA]: windows 10 is spyin' awesome
[21:21:32] [Client thread/INFO]: [CHAT] [Omega Ruby SA] < SansTheCharizard> stnu
[21:21:33] [Client thread/INFO]: [CHAT] [ADMIN] VideoGameSmash12 [STA]: Free built in recorder.
[21:21:33] [Client thread/INFO]: [CHAT] [Omega Ruby SA] < SansTheCharizard> nu
[21:21:33] [Client thread/INFO]: [CHAT] { Legendary } < Hanson> sansssssssss
[21:21:34] [Client thread/INFO]: [CHAT] <charles> www.goku.com
[21:21:36] [Client thread/INFO]: [CHAT] [Omega Ruby SA] < SansTheCharizard> NO!
[21:21:37] [Client thread/INFO]: [CHAT] { Legendary } < Hanson> senpau
[21:21:38] [Client thread/INFO]: [CHAT] [ADMIN] PacksGamingHD [SA]: quicktime
[21:21:39] [Client thread/INFO]: [CHAT] <Rootcommander> yes lets get high
[21:21:40] [Client thread/INFO]: [CHAT] { Legendary } < Hanson> oks
[21:21:42] [Client thread/INFO]: [CHAT] Heyyyy < Heyyyy> axD
[21:21:47] [Client thread/INFO]: [CHAT] { Legendary } < Hanson> ir else i'll fuck deh sheep
[21:21:48] [Client thread/INFO]: [CHAT] [Omega Ruby SA] < SansTheCharizard> i'll die
[21:21:48] [Client thread/INFO]: [CHAT] [ADMIN] VideoGameSmash12 [STA]: That you don't need to PAY for.
[21:21:50] [Client thread/INFO]: [CHAT] charles left the game.
[21:21:53] [Client thread/INFO]: [CHAT] [ADMIN] VideoGameSmash12 [STA]: Besides the OS
[21:21:54] [Client thread/INFO]: [CHAT] Mofo_Kittys joined the game
[21:21:55] [Client thread/INFO]: [CHAT] [STA] < sheep> yeet
[21:21:59] [Client thread/INFO]: [CHAT] [ADMIN] FunkyMunky_ [STA]: Quicktime is free :P
[21:21:59] [Client thread/INFO]: [CHAT] [ADMIN] PacksGamingHD [SA]: quicktime is preinstalled and fre
[21:22:02] [Client thread/INFO]: [CHAT] [Omega Ruby SA] < SansTheCharizard> dafuq
[21:22:04] [Client thread/INFO]: [CHAT] { Legendary } < Hanson> get off ma flag sonnny
[21:22:06] [Client thread/INFO]: [CHAT] [ADMIN] VideoGameSmash12 [STA]: Free UPGRADE
[21:22:08] [Client thread/INFO]: [CHAT] [STA] < sheep> k fam
[21:22:09] [Client thread/INFO]: [CHAT] [Omega Ruby SA] < SansTheCharizard> no
[21:22:10] [Client thread/INFO]: [CHAT] [Omega Ruby SA] < SansTheCharizard> nininin
[21:22:12] [Client thread/INFO]: [CHAT] { Legendary } < Hanson> only sheeps' allowed
[21:22:13] [Client thread/INFO]: [CHAT] Mofo_Kittys is breaking blocks too fast!
[21:22:14] [Client thread/INFO]: [CHAT] Mofo_Kittys has been banned for 1 minute.
[21:22:14] [Client thread/INFO]: [CHAT] Mofo_Kittys left the game.
[21:22:14] [Client thread/INFO]: [CHAT] [ADMIN] PacksGamingHD [SA]: free upgrade on mac os also
[21:22:15] [Client thread/INFO]: [CHAT] [ADMIN] FunkyMunky_ [STA]: i got a free-upgrade to W10 :P
[21:22:16] [Client thread/INFO]: [CHAT] [Omega Ruby SA] < SansTheCharizard> dafyq
[21:22:20] [Client thread/INFO]: [CHAT] [STA] < sheep> i will make ur flag
[21:22:20] [Client thread/INFO]: [CHAT] [STA] < sheep> better
[21:22:21] [Client thread/INFO]: [CHAT] { Legendary } < Hanson> sheep
[21:22:22] [Client thread/INFO]: [CHAT] [Omega Ruby SA] < SansTheCharizard> save meh from hell pls
[21:22:23] [Client thread/INFO]: [CHAT] [STA] < sheep> yes
[21:22:27] [Client thread/INFO]: [CHAT] { Legendary } < Hanson> get in here
[21:22:29] [Client thread/INFO]: [CHAT] { Legendary } < Hanson> sonnnn
[21:22:34] [Client thread/INFO]: [CHAT] [ADMIN] PacksGamingHD [SA]: free upgrade from mavericks to yosemite to el capitan
[21:22:35] [Client thread/INFO]: [CHAT] [ADMIN] PacksGamingHD [SA]: all free
[21:22:36] [Client thread/INFO]: [CHAT] [STA] < sheep> wait
[21:22:40] [Client thread/INFO]: [CHAT] [STA] < sheep> im making ur flag better
[21:22:46] [Client thread/INFO]: [CHAT] *  Hanson is now AFK.
[21:22:48] [Client thread/INFO]: [CHAT] *  TheNightmare slaps freddy
[21:22:48] [Client thread/INFO]: [CHAT] THEBLAHBRO joined the game
[21:22:48] [Client thread/INFO]: [CHAT] Welcome THEBLAHBRO to the server!
[21:22:50] [Client thread/INFO]: [CHAT] PacksGamingHD - Opping all players on the server
[21:22:50] [Client thread/INFO]: [CHAT] You are now op!
[21:22:52] [Client thread/INFO]: [CHAT] SansTheCharizard - Opping all players on the server
[21:22:52] [Client thread/INFO]: [CHAT] You are now op!
[21:22:52] [Client thread/INFO]: [CHAT] <THEBLAHBRO> ...
[21:22:55] [Client thread/INFO]: [CHAT] [ADMIN] SansTheCharizard [SA]: damn
[21:22:55] [Client thread/INFO]: [CHAT] [ADMIN] VideoGameSmash12 [STA]: Designed for Gaming
[21:22:57] [Client thread/INFO]: [CHAT] <Rootcommander> do /warp flag
[21:23:01] [Client thread/INFO]: [CHAT] [ADMIN] PacksGamingHD [SA]: /\/ / /\/ _/ /\
[21:23:10] [Client thread/INFO]: [CHAT] [STA] < sheep> better
[21:23:10] [Client thread/INFO]: [CHAT] [ADMIN] SansTheCharizard [SA]: illumnati confirmed
[21:23:16] [Client thread/INFO]: [CHAT] *  Hanson is no longer AFK.
[21:23:18] [Client thread/INFO]: [CHAT] < TheNightmare> its 3AM!!! y would u wanna be killed!!!
[21:23:22] [Client thread/INFO]: [CHAT] <slimezgaming> unable tnt
[21:23:24] [Client thread/INFO]: [CHAT] *  TheNightmare slaps freddy again
[21:23:25] [Client thread/INFO]: [CHAT] <slimezgaming> LOL
[21:23:25] [Client thread/INFO]: [CHAT] *  Hanson is now AFK.
[21:23:28] [Client thread/INFO]: [CHAT] [STA] < sheep> kek
[21:23:31] [Client thread/INFO]: [CHAT] [Omega Ruby SA] < SansTheCharizard> lel
[21:23:33] [Client thread/INFO]: [CHAT] [STA] <FunkyMunky_> its 18:23 or 5:23AM here :P
[21:23:44] [Client thread/INFO]: [CHAT] PAnDaPoP1N joined the game
[21:23:44] [Client thread/INFO]: [CHAT] Welcome PAnDaPoP1N to the server!
[21:23:45] [Client thread/INFO]: [CHAT] <sk8erace1> my time is wrong
[21:23:47] [Client thread/INFO]: [CHAT] [Omega Ruby SA] < SansTheCharizard> it's 9:20PM here lmaos
[21:23:51] [Client thread/INFO]: [CHAT] [STA] <FunkyMunky_> :P
[21:23:57] [Client thread/INFO]: [CHAT] <Rootcommander> its 9:23 where i am
[21:24:00] [Client thread/INFO]: [CHAT] [STA] < sheep> 12:23 AM fam
[21:24:01] [Client thread/INFO]: [CHAT] *  Hanson is no longer AFK.
[21:24:01] [Client thread/INFO]: [CHAT] <Rootcommander> pm
[21:24:01] [Client thread/INFO]: [CHAT] <sk8erace1> its 9:23 pm
[21:24:02] [Client thread/INFO]: [CHAT] < TheNightmare> its 11:23 here
[21:24:04] [Client thread/INFO]: [CHAT] [Omega Ruby SA] < SansTheCharizard> dafuqq
[21:24:07] [Client thread/INFO]: [CHAT] [Omega Ruby SA] < SansTheCharizard> sk8erace1
[21:24:09] [Client thread/INFO]: [CHAT] [Omega Ruby SA] < SansTheCharizard> are you UST?
[21:24:15] [Client thread/INFO]: [CHAT] Seos joined the game
[21:24:15] [Client thread/INFO]: [CHAT] Welcome Seos to the server!
[21:24:17] [Client thread/INFO]: [CHAT] <NeonCreeperFTW> its 1.24 pm
[21:24:17] [Client thread/INFO]: [CHAT] *  Hanson is now AFK.
[21:24:20] [Client thread/INFO]: [CHAT] <Rootcommander> veryone do /warp Flag
[21:24:21] [Client thread/INFO]: [CHAT] rrj112 is a Telnet Admin
[21:24:21] [Client thread/INFO]: [CHAT] rrj112 joined the game
[21:24:21] [Client thread/INFO]: [CHAT] *  Hanson is no longer AFK.
[21:24:21] [Client thread/INFO]: [CHAT] { Legendary } < Hanson> i came here to be afk
[21:24:21] [Client thread/INFO]: [CHAT] SansTheCharizard - Opping all players on the server
[21:24:21] [Client thread/INFO]: [CHAT] You are now op!
[21:24:25] [Client thread/INFO]: [CHAT] [STA] <rrj112> connected with an Android device using MineChat
[21:24:26] [Client thread/INFO]: [CHAT] *  Hanson is now AFK.
[21:24:27] [Client thread/INFO]: [CHAT] *  TheNightmare slaps freddy
[21:24:32] [Client thread/INFO]: [CHAT] < TheNightmare> its 3AM!!! y would u wanna be killed!!!
[21:24:35] [Client thread/INFO]: [CHAT] shamrock_sheep left the game.
[21:24:36] [Client thread/INFO]: [CHAT] [Omega Ruby SA] < SansTheCharizard> i wanna die
[21:24:42] [Client thread/INFO]: [CHAT] NeonCreeperFTW left the game.
[21:24:55] [Client thread/INFO]: [CHAT] TrooperStorm joined the game
[21:24:55] [Client thread/INFO]: [CHAT] Welcome TrooperStorm to the server!
[21:24:57] [Client thread/INFO]: [CHAT] davidblaze88 joined the game
[21:25:03] [Client thread/INFO]: [CHAT] <davidblaze88> guess whos back
[21:25:06] [Client thread/INFO]: [CHAT] <davidblaze88> back again
[21:25:07] [Client thread/INFO]: [CHAT] [Omega Ruby SA] < SansTheCharizard> shittt
[21:25:12] [Client thread/INFO]: [CHAT] slimezgaming was slain by CreepazYT
[21:25:16] [Client thread/INFO]: [CHAT] <davidblaze88> fuckin pc shut upp
[21:25:20] [Client thread/INFO]: [CHAT] Uptime: 2 hours 33 minutes 32 seconds
[21:25:20] [Client thread/INFO]: [CHAT] Current TPS = 19.61
[21:25:20] [Client thread/INFO]: [CHAT] Maximum memory: 2,035 MB.
[21:25:20] [Client thread/INFO]: [CHAT] Allocated memory: 849 MB.
[21:25:20] [Client thread/INFO]: [CHAT] Free memory: 468 MB.
[21:25:20] [Client thread/INFO]: [CHAT] World "miwo-land": 341 chunks, 2 entities, 1 tiles.
[21:25:20] [Client thread/INFO]: [CHAT] World "flatlands": 1,174 chunks, 16 entities, 59 tiles.
[21:25:20] [Client thread/INFO]: [CHAT] World "adminworld": 488 chunks, 1 entities, 5,603 tiles.
[21:25:23] [Client thread/INFO]: [CHAT] <davidblaze88> off*
[21:25:24] [Client thread/INFO]: [CHAT] [TotalFreedom] Player vs player while in creative or god mode it forbidden!
[21:25:32] [Client thread/INFO]: [CHAT] <THEBLAHBRO> eh
[21:25:37] [Client thread/INFO]: [CHAT] <sk8erace1> say i if your a pro
[21:25:37] [Client thread/INFO]: [CHAT] [Omega Ruby SA] < SansTheCharizard> meeh
[21:25:40] [Client thread/INFO]: [CHAT] [Omega Ruby SA] < SansTheCharizard> i not
[21:25:41] [Client thread/INFO]: [CHAT] <sk8erace1> i
[21:26:00] [Client thread/INFO]: [CHAT] <sk8erace1> cool sword
[21:26:06] [Client thread/INFO]: [CHAT] <davidblaze88> no problem
[21:26:07] [Client thread/INFO]: [CHAT] tahmkench6300 joined the game
[21:26:07] [Client thread/INFO]: [CHAT] Welcome tahmkench6300 to the server!
[21:26:11] [Client thread/INFO]: [CHAT] SansTheCharizard - Opping all players on the server
[21:26:11] [Client thread/INFO]: [CHAT] You are now op!
[21:26:21] [Client thread/INFO]: [CHAT] [ADMIN] VideoGameSmash12 [STA]: Loooooooool
[21:26:29] [Client thread/INFO]: [CHAT] [Assassin] < CreepazYT> sk8erace1 hit me witht that sword
[21:26:39] [Client thread/INFO]: [CHAT] * FunkyMunky_ /warp germany :D
[21:26:39] [Client thread/INFO]: [CHAT] <THEBLAHBRO> Are you allowed to put a server IP as your prefix? =/
[21:26:41] [Client thread/INFO]: [CHAT] [ADMIN] VideoGameSmash12 [STA]: "Player vs player while in creative or god mode it forbidden!"
[21:26:43] [Client thread/INFO]: [CHAT] [Omega Ruby SA] < SansTheCharizard> no]
[21:26:46] [Client thread/INFO]: [CHAT] [STA] <FunkyMunky_> theblahbro, no.
[21:26:49] [Client thread/INFO]: [CHAT] <THEBLAHBRO> mk
[21:26:51] [Client thread/INFO]: [CHAT] <Rootcommander> Everyone do /warp ClubElytra
[21:27:06] [Client thread/INFO]: [CHAT] * FunkyMunky_ /warp germany :D!! If you want to see Germany come to /warp Germany!
[21:27:06] [Client thread/INFO]: [CHAT] foxtails77 is a Telnet Admin
[21:27:06] [Client thread/INFO]: [CHAT] foxtails77 joined the game
[21:27:09] [Client thread/INFO]: [CHAT] xXMineRXx joined the game
[21:27:09] [Client thread/INFO]: [CHAT] *  Chicka DO YOU WANT SOME PANCAKES???
[21:27:14] [Client thread/INFO]: [CHAT] Heyyyy < Heyyyy> Yay Gremany
[21:27:15] [Client thread/INFO]: [CHAT] CommandSpy enabled.
[21:27:16] [Client thread/INFO]: [CHAT] [Omega Ruby SA] < SansTheCharizard> no
[21:27:17] [Client thread/INFO]: [CHAT] Rootcommander: /warp germany
[21:27:18] [Client thread/INFO]: [CHAT] NightmareBonnia: /me NOOOOO
[21:27:18] [Client thread/INFO]: [CHAT] *  TheNightmare NOOOOO
[21:27:20] [Client thread/INFO]: [CHAT] Awesome_Lukas: /warp Germany
[21:27:20] [Client thread/INFO]: [CHAT] [STA] <foxtails77> sure
[21:27:20] [Client thread/INFO]: [CHAT] <TrooperStorm> yes i do
[21:27:23] [Client thread/INFO]: [CHAT] davidblaze88: /warp clubelytra
[21:27:24] [Client thread/INFO]: [CHAT] Heyyyy < Heyyyy> i contry
[21:27:24] [Client thread/INFO]: [CHAT] Rootcommander: /back
[21:27:26] [Client thread/INFO]: [CHAT] Warping to germany.
[21:27:28] [Client thread/INFO]: [CHAT] [STA] <FunkyMunky_> Heyyyy, You like Germany?
[21:27:30] [Client thread/INFO]: [CHAT] davidblaze88: /tpo heyyyy
[21:27:31] [Client thread/INFO]: [CHAT] [Omega Ruby SA] < SansTheCharizard> no i want "chicka" cakes
[21:27:31] [Client thread/INFO]: [CHAT] xXMineRXx: /sethome
[21:27:34] [Client thread/INFO]: [CHAT] Returning to previous location.
[21:27:34] [Client thread/INFO]: [CHAT] PAnDaPoP1N: /creative
[21:27:38] [Client thread/INFO]: [CHAT] Heyyyy < Heyyyy> i am German..
[21:27:39] [Client thread/INFO]: [CHAT] xXMineRXx: /sethome 2
[21:27:41] [Client thread/INFO]: [CHAT] [STA] <FunkyMunky_> Same here!
[21:27:42] [Client thread/INFO]: [CHAT] xXMineRXx: /sethome2
[21:27:44] [Client thread/INFO]: [CHAT] <Rootcommander> I Want DICK CAKES
[21:27:45] [Client thread/INFO]: [CHAT] [Omega Ruby SA] < SansTheCharizard> not same here
[21:27:47] [Client thread/INFO]: [CHAT] PAnDaPoP1N: /survival tahmkench6300
[21:27:47] [Client thread/INFO]: [CHAT] kyanjscott: /WAND
[21:27:49] [Client thread/INFO]: [CHAT] markbyron - Unbanning Captnkrunch and IPs: 180.191.109.239
[21:27:50] [Client thread/INFO]: [CHAT] kyanjscott: //set quartz
[21:27:53] [Client thread/INFO]: [CHAT] NightmareBonnia: /mE EVERYONE RUN CHICA IS GONNA GIVE US PANCAKES!!!
[21:27:53] [Client thread/INFO]: [CHAT] *  TheNightmare EVERYONE RUN CHICA IS GONNA GIVE US PANCAKES!!!
[21:27:53] [Client thread/INFO]: [CHAT] [ADMIN] VideoGameSmash12 [STA]: Hi mark!
[21:27:54] [Client thread/INFO]: [CHAT] xXMineRXx: /tpa heyyyy
[21:27:55] [Client thread/INFO]: [CHAT] kyanjscott: //set quartz
[21:27:58] [Client thread/INFO]: [CHAT] Awesome_Lukas: /tpaccept
[21:28:00] [Client thread/INFO]: [CHAT] [Omega Ruby SA] < SansTheCharizard> Hoi mark!1!
[21:28:00] [Client thread/INFO]: [CHAT] kyanjscott: //UNDO
[21:28:02] [Client thread/INFO]: [CHAT] kyanjscott: //UNDO
[21:28:04] [Client thread/INFO]: [CHAT] Seos left the game.
[21:28:05] [Client thread/INFO]: [CHAT] tahmkench6300: //wand
[21:28:06] [Client thread/INFO]: [CHAT] Rootcommander: /tp TheNightmare
[21:28:07] [Client thread/INFO]: [CHAT] * PacksGamingHD is now AFK.
[21:28:11] [Client thread/INFO]: [CHAT] THEBLAHBRO: /gms
[21:28:11] [Client thread/INFO]: [CHAT] TrooperStorm left the game.
[21:28:17] [Client thread/INFO]: [CHAT] sk8erace1: /afk CreepazYT
[21:28:17] [Client thread/INFO]: [CHAT] *  CreepazYT is now AFK.
[21:28:18] [Client thread/INFO]: [CHAT] *  CreepazYT is no longer AFK.
[21:28:20] [Client thread/INFO]: [CHAT] charles joined the game
[21:28:21] [Client thread/INFO]: [CHAT] Rootcommander: /skin change duxon
[21:28:22] [Client thread/INFO]: [CHAT] davidblaze88 left the game.
[21:28:23] [Client thread/INFO]: [CHAT] tahmkench6300: /cut
[21:28:27] [Client thread/INFO]: [CHAT] *  Hanson is no longer AFK.
[21:28:29] [Client thread/INFO]: [CHAT] [STA] <FunkyMunky_> I live in Germany (Berlin), I am German, I know German <3
[21:28:30] [Client thread/INFO]: [CHAT] tahmkench6300: // cut
[21:28:32] [Client thread/INFO]: [CHAT] Awesome_Lukas: /r Ich auch!
[21:28:35] [Client thread/INFO]: [CHAT] [Omega Ruby SA] < SansTheCharizard> woah funky]
[21:28:35] [Client thread/INFO]: [CHAT] kyanjscott: /skull Camera
[21:28:38] [Client thread/INFO]: [CHAT] [Omega Ruby SA] < SansTheCharizard> rlly?
[21:28:43] [Client thread/INFO]: [CHAT] Mqxii joined the game
[21:28:46] [Client thread/INFO]: [CHAT] [STA] <FunkyMunky_> What
[21:28:48] [Client thread/INFO]: [CHAT] [Omega Ruby SA] < SansTheCharizard> say hi in german
[21:28:49] [Client thread/INFO]: [CHAT] Mqxii: /
[21:28:49] [Client thread/INFO]: [CHAT] tahmkench6300: //set bedrock
[21:28:51] [Client thread/INFO]: [CHAT] xXMineRXx: /tpa CreepazYT
[21:28:51] [Client thread/INFO]: [CHAT] Xx_nak332_xX joined the game
[21:28:52] [Client thread/INFO]: [CHAT] Mqxii: /gamemode 1
[21:28:54] [Client thread/INFO]: [CHAT] CreepazYT: /spawn
[21:28:57] [Client thread/INFO]: [CHAT] <sk8erace1> guintag
[21:28:59] [Client thread/INFO]: [CHAT] charles: /fly charles
[21:28:59] [Client thread/INFO]: [CHAT] Heyyyy < Heyyyy> hallo
[21:28:59] [Client thread/INFO]: [CHAT] Mqxii: /creative
[21:29:02] [Client thread/INFO]: [CHAT] < TheNightmare> brb
[21:29:05] [Client thread/INFO]: [CHAT] [Assassin] < CreepazYT> some1 broke spawn
[21:29:05] [Client thread/INFO]: [CHAT] Mqxii: /spawn
[21:29:07] [Client thread/INFO]: [CHAT] Heyyyy < Heyyyy> thats hi in German
[21:29:09] [Client thread/INFO]: [CHAT] [Omega Ruby SA] < SansTheCharizard> correct
[21:29:12] [Client thread/INFO]: [CHAT] HannSern2003 left the game.
[21:29:14] [Client thread/INFO]: [CHAT] Nagiru joined the game
[21:29:16] [Client thread/INFO]: [CHAT] charles: /tp Awesome_Lukas
[21:29:18] [Client thread/INFO]: [CHAT] tahmkench6300: /pt
[21:29:19] [Client thread/INFO]: [CHAT] [STA] <FunkyMunky_> Back
[21:29:24] [Client thread/INFO]: [CHAT] tahmkench6300: /powertool
[21:29:24] [Client thread/INFO]: [CHAT] Heyyyy < Heyyyy> hallo
[21:29:26] [Client thread/INFO]: [CHAT] charles: /jump charles
[21:29:26] [Client thread/INFO]: [CHAT] Nagiru: /s
[21:29:28] [Client thread/INFO]: [CHAT] [STA] <FunkyMunky_> Hallo!
[21:29:31] [Client thread/INFO]: [CHAT] Mqxii: /skull GoldenFrodo
[21:29:35] [Client thread/INFO]: [CHAT] <sk8erace1> i also speak italain
[21:29:35] [Client thread/INFO]: [CHAT] tahmkench6300: /punish
[21:29:38] [Client thread/INFO]: [CHAT] Mqxii: /skull GoldenFreddy
[21:29:38] [Client thread/INFO]: [CHAT] Nagiru: /creative
[21:29:42] [Client thread/INFO]: [CHAT] Xx_nak332_xX: //wand
[21:29:43] [Client thread/INFO]: [CHAT] <xXMineRXx> how to make this ??
[21:29:45] [Client thread/INFO]: [CHAT] [STA] <FunkyMunky_> Litterly, i've been in Germany my whole life (Execpt for Vacations)
[21:29:48] [Client thread/INFO]: [CHAT] Mqxii: /skull Foxy
[21:29:49] [Client thread/INFO]: [CHAT] Nagiru: /spawn
[21:29:51] [Client thread/INFO]: [CHAT] CreepazYT: /warp
[21:29:55] [Client thread/INFO]: [CHAT] Xx_nak332_xX: //cut
[21:29:56] [Client thread/INFO]: [CHAT] xXMineRXx: /back
[21:29:59] [Client thread/INFO]: [CHAT] tahmkench6300: //replacenear 10 grass bedrock
[21:30:01] [Client thread/INFO]: [CHAT] Heyyyy < Heyyyy> i been in germany for 5 Years
[21:30:07] [Client thread/INFO]: [CHAT] * PacksGamingHD is no longer AFK.
[21:30:15] [Client thread/INFO]: [CHAT] PacksGamingHD left the game.
[21:30:17] [Client thread/INFO]: [CHAT] [STA] <FunkyMunky_> :P
[21:30:18] [Client thread/INFO]: [CHAT] slimezgaming has been a VERY naughty, naughty boy.
[21:30:18] [Client thread/INFO]: [CHAT] Banning: slimezgaming, IP: 69.157.*.* - Reason: Griefing is not allowed here - Another one goes in the trash -SansTheCharizard
[21:30:19] [Client thread/INFO]: [CHAT] slimezgaming left the game.
[21:30:20] [Client thread/INFO]: [CHAT] Xx_nak332_xX: //cut
[21:30:26] [Client thread/INFO]: [CHAT] [STA] <FunkyMunky_> Heyyyy, Germany = Greatnes
[21:30:28] [Client thread/INFO]: [CHAT] [STA] <FunkyMunky_> ness*
[21:30:31] [Client thread/INFO]: [CHAT] [Omega Ruby SA] < SansTheCharizard> ness
[21:30:32] [Client thread/INFO]: [CHAT] Xx_nak332_xX: //replace dirt air
[21:30:32] [Client thread/INFO]: [CHAT] kyanjscott: /setwarp Fnaf
[21:30:35] [Client thread/INFO]: [CHAT] [Omega Ruby SA] < SansTheCharizard> im the loch ness monster
[21:30:37] [Client thread/INFO]: [CHAT] [Omega Ruby SA] < SansTheCharizard> rawr
[21:30:39] [Client thread/INFO]: [CHAT] Warping to FNAF.
[21:30:41] [Client thread/INFO]: [CHAT] <Rootcommander> i am makeing a sex tape tp to me
[21:30:43] [Client thread/INFO]: [CHAT] kyanjscott: /msg nightmarebonnine which fnaf is this?
[21:30:48] [Client thread/INFO]: [CHAT] Joshuakernop81 joined the game
[21:30:51] [Client thread/INFO]: [CHAT] kyanjscott: /msg nightmarebonnie
[21:30:51] [Client thread/INFO]: [CHAT] tahmkench6300: /ban
[21:30:53] [Client thread/INFO]: [CHAT] [Omega Ruby SA] < SansTheCharizard> dafuq
[21:30:53] [Client thread/INFO]: [CHAT] [Omega Ruby SA] < SansTheCharizard> no]
[21:30:54] [Client thread/INFO]: [CHAT] <VideoGameSmash12> Can I give a personal opinion on FNAF?
[21:30:55] [Client thread/INFO]: [CHAT] SansTheCharizard died
[21:30:55] [Client thread/INFO]: [CHAT] Player  SansTheCharizard took their own life.
[21:30:55] [Client thread/INFO]: [CHAT] kyanjscott: /msg nightmarebonnie what fnaf?
[21:30:55] [Client thread/INFO]: [CHAT] Xx_nak332_xX: /speed 10
[21:30:58] [Client thread/INFO]: [CHAT] [Assassin] < CreepazYT> lol
[21:31:01] [Client thread/INFO]: [CHAT] Awesome_Lukas: /r i love Wurst xD
[21:31:03] [Client thread/INFO]: [CHAT] Xx_nak332_xX: /speed 10
[21:31:04] [Client thread/INFO]: [CHAT] Joshuakernop81: /tag set &d&l[&b&lTechno &e&lCrew&d&l]
[21:31:10] [Client thread/INFO]: [CHAT] [Techno Crew] <Joshuakernop81> Does Anyone Need Help?
[21:31:10] [Client thread/INFO]: [CHAT] <VideoGameSmash12> Oh wait, I can't.
[21:31:10] [Client thread/INFO]: [CHAT] Nagiru: /skull foxy
[21:31:11] [Client thread/INFO]: [CHAT] < TheNightmare> i got no time!!!
[21:31:14] [Client thread/INFO]: [CHAT] kyanjscott: /msg thenightmare what fnaf is this
[21:31:17] [Client thread/INFO]: [CHAT] <VideoGameSmash12> The 5 year olds force you to make them.
[21:31:17] [Client thread/INFO]: [CHAT] [Omega Ruby SA] < SansTheCharizard> oh shit
[21:31:18] [Client thread/INFO]: [CHAT] Implo_ joined the game
[21:31:21] [Client thread/INFO]: [CHAT] [Omega Ruby SA] < SansTheCharizard> it's a fnaf roleplay
[21:31:22] [Client thread/INFO]: [CHAT] [Omega Ruby SA] < SansTheCharizard> fml
[21:31:23] [Client thread/INFO]: [CHAT] kyanjscott: /msg thenightmare what fnaf is this 1 2 3 or 4?
[21:31:24] [Client thread/INFO]: [CHAT] CreepazYT: /give CreepazYT dboots 1 {ench:[{id:0,lvl:32767}]}
[21:31:27] [Client thread/INFO]: [CHAT] < Diancie> YOOO
[21:31:29] [Client thread/INFO]: [CHAT] CreepazYT: /give CreepazYT elytra 1 {ench:[{id:7,lvl:32767}]}
[21:31:29] [Client thread/INFO]: [CHAT] <Implo_> hi sansy
[21:31:31] [Client thread/INFO]: [CHAT] < TheNightmare> 1
[21:31:31] [Client thread/INFO]: [CHAT] [Omega Ruby SA] < SansTheCharizard> Implo_!
[21:31:32] [Client thread/INFO]: [CHAT] Joshuakernop81: /tp VideoGameSmash12
[21:31:33] [Client thread/INFO]: [CHAT] < Diancie> tp to me for a maze
[21:31:36] [Client thread/INFO]: [CHAT] * rrj112 is now AFK.
[21:31:36] [Client thread/INFO]: [CHAT] <Implo_> :D
[21:31:41] [Client thread/INFO]: [CHAT] Rootcommander, rrj112
[21:31:49] [Client thread/INFO]: [CHAT] [Omega Ruby SA] < SansTheCharizard> Implo_ do you recall someone nicking as "PapyrusTheSkeleton"?
[21:31:50] [Client thread/INFO]: [CHAT] < Diancie> i only spent like 5000 hours on this maze pls go through it
[21:31:52] [Client thread/INFO]: [CHAT] Awesome_Lukas: /r lol I lieben sie Yummy xD
[21:31:54] [Client thread/INFO]: [CHAT] Mqxii: /nick &4&lMaxxiTheFox
[21:31:58] [Client thread/INFO]: [CHAT] < MaxxiTheFox> arr
[21:31:59] [Client thread/INFO]: [CHAT] <Implo_> no
[21:32:02] [Client thread/INFO]: [CHAT] < Diancie> damn
[21:32:02] [Client thread/INFO]: [CHAT] [Omega Ruby SA] < SansTheCharizard> lol
[21:32:05] [Client thread/INFO]: [CHAT] <Implo_> actually
[21:32:06] [Client thread/INFO]: [CHAT] <Implo_> yes
[21:32:07] [Client thread/INFO]: [CHAT] [Omega Ruby SA] < SansTheCharizard> they said that they missed you
[21:32:14] [Client thread/INFO]: [CHAT] <Implo_> :OO
[21:32:15] [Client thread/INFO]: [CHAT] xXMineRXx: /spawn
[21:32:17] [Client thread/INFO]: [CHAT] No block edits at that location.
[21:32:18] [Client thread/INFO]: [CHAT] Block edits at (x36496, y55, z478523):
[21:32:18] [Client thread/INFO]: [CHAT]  - kyanjscott broke Stone
[21:32:18] [Client thread/INFO]: [CHAT]  - VideoGameSmash12 placed Gold_block
[21:32:20] [Client thread/INFO]: [CHAT] < Diancie> no one?
[21:32:22] [Client thread/INFO]: [CHAT] [Omega Ruby SA] < SansTheCharizard> and they said they were crying irl about you
[21:32:23] [Client thread/INFO]: [CHAT] < Diancie> yup no one
[21:32:23] [Client thread/INFO]: [CHAT] VideoGameSmash12 - Rolling back player: kyanjscott
[21:32:23] [Client thread/INFO]: [CHAT] Rolled back 40 edits for kyanjscott.
[21:32:23] [Client thread/INFO]: [CHAT] If this rollback was a mistake, use /rollback undo kyanjscott within 40 seconds to reverse the rollback.
[21:32:23] [Client thread/INFO]: [CHAT] <charles> sup sans
[21:32:26] [Client thread/INFO]: [CHAT] <Implo_> I see
[21:32:30] [Client thread/INFO]: [CHAT] xXMineRXx: /warp
[21:32:30] [Client thread/INFO]: [CHAT] charles: /tp implo
[21:32:30] [Client thread/INFO]: [CHAT] [STA] <FunkyMunky_> I cry
[21:32:31] [Client thread/INFO]: [CHAT] CreepazYT: /tp diancie
[21:32:31] [Client thread/INFO]: [CHAT] Awesome_Lukas: /r xD
[21:32:33] [Client thread/INFO]: [CHAT] [STA] <FunkyMunky_> :P
[21:32:34] [Client thread/INFO]: [CHAT] xXMineRXx: /warp a
[21:32:35] [Client thread/INFO]: [CHAT] [Server:VideoGameSmash12] Before I ban you, kyanjscott.
[21:32:36] [Client thread/INFO]: [CHAT] NightmareBonnia: /sethome MiniFNaF
[21:32:37] [Client thread/INFO]: [CHAT] [Omega Ruby SA] < SansTheCharizard> sup charles
[21:32:37] [Client thread/INFO]: [CHAT] <Implo_> we played undertale roleplay together with someone else
[21:32:39] [Client thread/INFO]: [CHAT] <Implo_> lol
[21:32:45] [Client thread/INFO]: [CHAT] kyanjscott: /msg videogamesmash for what?
[21:32:45] [Client thread/INFO]: [CHAT] [ Chicka -> me] for what?
[21:32:46] [Client thread/INFO]: [CHAT] < Diancie> yes letsgo the easiest maze ever
[21:32:46] [Client thread/INFO]: [CHAT] [Server:VideoGameSmash12] Explain the removal of those blocks.
[21:32:50] [Client thread/INFO]: [CHAT] Xx_nak332_xX: /world 2
[21:32:51] [Client thread/INFO]: [CHAT] Mqxii: /tag set &0&l(&4&lPrivateFoxy&0&l)
[21:32:51] [Client thread/INFO]: [CHAT] [Omega Ruby SA] < SansTheCharizard> you were alting as SansTheSkeleton
[21:32:51] [Client thread/INFO]: [CHAT] <Implo_> i met the "someone else" yesterday
[21:32:52] [Client thread/INFO]: [CHAT] [Techno Crew] <Joshuakernop81> t
[21:32:52] [Client thread/INFO]: [CHAT] charles left the game.
[21:32:52] [Client thread/INFO]: [CHAT] [Omega Ruby SA] < SansTheCharizard> correct?
[21:32:54] [Client thread/INFO]: [CHAT] Xx_nak332_xX: /world 1
[21:32:56] [Client thread/INFO]: [CHAT] (PrivateFoxy) < MaxxiTheFox> .....................................................................
[21:32:56] [Client thread/INFO]: [CHAT] HannSern2003 joined the game
[21:32:58] [Client thread/INFO]: [CHAT] <Implo_> nonono
[21:33:00] [Client thread/INFO]: [CHAT] Joshuakernop81: /say
[21:33:01] [Client thread/INFO]: [CHAT] < Hanson> anyone here
[21:33:02] [Client thread/INFO]: [CHAT] <Implo_> ./nicked myself
[21:33:03] [Client thread/INFO]: [CHAT] tahmkench6300: //replacenear 50 grass tnt
[21:33:03] [Client thread/INFO]: [CHAT] < Chicka> some1 looked like they were gonna go invis
[21:33:04] [Client thread/INFO]: [CHAT] Xx_nak332_xX left the game.
[21:33:04] [Client thread/INFO]: [CHAT] < Hanson> wanna
[21:33:06] [Client thread/INFO]: [CHAT] < Hanson> play
[21:33:08] [Client thread/INFO]: [CHAT] < Hanson> on
[21:33:10] [Client thread/INFO]: [CHAT] < Hanson> CF?
[21:33:10] [Client thread/INFO]: [CHAT] Awesome_Lukas: /r Coburg
[21:33:11] [Client thread/INFO]: [CHAT] markbyron - Cleaning all nicknames
[21:33:14] [Client thread/INFO]: [CHAT] Joshuakernop81: /list -a
[21:33:16] [Client thread/INFO]: [CHAT] < Diancie> GG
[21:33:16] [Client thread/INFO]: [CHAT] [ADMIN] VideoGameSmash12 [STA]: Mork?
[21:33:21] [Client thread/INFO]: [CHAT] < Hanson> YO mark
[21:33:21] [Client thread/INFO]: [CHAT] Mqxii: /skull Nightmare
[21:33:24] [Client thread/INFO]: [CHAT] <Rootcommander> do it more
[21:33:25] [Client thread/INFO]: [CHAT] <Implo_> had to change it to sansy BC there's an admin named sanstheskeleton
[21:33:26] [Client thread/INFO]: [CHAT] [ADMIN] VideoGameSmash12 [STA]: Markia?
[21:33:29] [Client thread/INFO]: [CHAT] (PrivateFoxy) < Nagiru> skull fox if you wanna be foxy
[21:33:29] [Client thread/INFO]: [CHAT] [Techno Crew] <Joshuakernop81> Does Anyone Need Help??
[21:33:32] [Client thread/INFO]: [CHAT] HannSern2003: /m Awesome_Lukas Yo LUkas
[21:33:33] [Client thread/INFO]: [CHAT] kyanjscott: /msg videogamesmash foxtails looked like they were gonna go invis so i broke the blocks and put him
[21:33:33] [Client thread/INFO]: [CHAT] [ Chicka -> me] foxtails looked like they were gonna go invis so i broke the blocks and put him
[21:33:33] [Client thread/INFO]: [CHAT] [ADMIN] markbyron [Console]: no mork
[21:33:36] [Client thread/INFO]: [CHAT] markbyron is the Owner
[21:33:36] [Client thread/INFO]: [CHAT] markbyron joined the game
[21:33:36] [Client thread/INFO]: [CHAT] Welcome markbyron to the server!
[21:33:37] [Client thread/INFO]: [CHAT] Awesome_Lukas: /r Yo
[21:33:41] [Client thread/INFO]: [CHAT] [Techno Crew] <Joshuakernop81> welcome back
[21:33:42] [Client thread/INFO]: [CHAT] <sk8erace1> hello mark
[21:33:42] [Client thread/INFO]: [CHAT] [Owner] <markbyron> Greetings!
[21:33:43] [Client thread/INFO]: [CHAT] < Diancie> i cant build lmao
[21:33:44] [Client thread/INFO]: [CHAT] Implo_: /nick Implo_ &3&lSan&b&lsy
[21:33:44] [Client thread/INFO]: [CHAT] Rootcommander: /skin change Rootcommander
[21:33:44] [Client thread/INFO]: [CHAT] HannSern2003: /m markbyron Hi Mark
[21:33:45] [Client thread/INFO]: [CHAT] [Omega Ruby SA] < SansTheCharizard> Wb markbyron!!
[21:33:45] [Client thread/INFO]: [CHAT] [Techno Crew] <Joshuakernop81> OMG
[21:33:49] [Client thread/INFO]: [CHAT] Heyyyy < Heyyyy> mark yay
[21:33:49] [Client thread/INFO]: [CHAT] [Techno Crew] <Joshuakernop81> WB
[21:33:49] [Client thread/INFO]: [CHAT] davidblaze88 joined the game
[21:33:49] [Client thread/INFO]: [CHAT] <Rootcommander> hey
[21:33:50] [Client thread/INFO]: [CHAT] <VideoGameSmash12> Fun fact: Mark's skin is actually a female character from Mortal Kombat.
[21:33:50] [Client thread/INFO]: [CHAT] < Sansy> hi mark
[21:33:54] [Client thread/INFO]: [CHAT] sk8erace1: /spawn
[21:33:55] [Client thread/INFO]: [CHAT] [Omega Ruby SA] < SansTheCharizard> ik
[21:33:55] [Client thread/INFO]: [CHAT] davidblaze88: /tpo heyyy
[21:33:59] [Client thread/INFO]: [CHAT] [ADMIN] FunkyMunky_ [STA]: Hallo mark
[21:34:01] [Client thread/INFO]: [CHAT] < Diancie> gg im a pro builder
[21:34:02] [Client thread/INFO]: [CHAT] <VideoGameSmash12> I know this because I played the arcade version.
[21:34:04] [Client thread/INFO]: [CHAT] < Sansy> sans i wanna tpa
[21:34:04] [Client thread/INFO]: [CHAT] <sk8erace1> been knew
[21:34:06] [Client thread/INFO]: [CHAT] < Diancie> thats why my maze was so hard
[21:34:07] [Client thread/INFO]: [CHAT] [Omega Ruby SA] < SansTheCharizard> same
[21:34:09] [Client thread/INFO]: [CHAT] * THEBLAHBRO is now AFK.
[21:34:09] [Client thread/INFO]: [CHAT] [Techno Crew] <Joshuakernop81> markbyron can i get a screenie
[21:34:10] [Client thread/INFO]: [CHAT] tahmkench6300: //copy
[21:34:10] [Client thread/INFO]: [CHAT] Teleporting...
[21:34:10] [Client thread/INFO]: [CHAT] HannSern2003: /m Heyyy so u wanna go to CF?
[21:34:11] [Client thread/INFO]: [CHAT] sk8erace1: /tp mark
[21:34:11] [Client thread/INFO]: [CHAT] [Omega Ruby SA] < SansTheCharizard> sure
[21:34:13] [Client thread/INFO]: [CHAT] No block edits at that location.
[21:34:14] [Client thread/INFO]: [CHAT] Rootcommander: /msg markbyron am i still able to be admin?
[21:34:15] [Client thread/INFO]: [CHAT] Block edits at (x36522, y49, z478616):
[21:34:15] [Client thread/INFO]: [CHAT]  - xXMineRXx broke Quartz_block
[21:34:15] [Client thread/INFO]: [CHAT]  - VideoGameSmash12 placed Gold_block
[21:34:17] [Client thread/INFO]: [CHAT] Implo_: /tpa Sans
[21:34:21] [Client thread/INFO]: [CHAT] VideoGameSmash12 - Rolling back player: xxminerxx
[21:34:21] [Client thread/INFO]: [CHAT] Rolled back 283 edits for xxminerxx.
[21:34:21] [Client thread/INFO]: [CHAT] If this rollback was a mistake, use /rollback undo xxminerxx within 40 seconds to reverse the rollback.
[21:34:21] [Client thread/INFO]: [CHAT] kyanjscott: /msg videogamesmash in the fnaf cuz i thought he was trolling and thats why iw as gonna put blocks b
[21:34:21] [Client thread/INFO]: [CHAT] [ Chicka -> me] in the fnaf cuz i thought he was trolling and thats why iw as gonna put blocks b
[21:34:23] [Client thread/INFO]: [CHAT] <sk8erace1> mark
[21:34:25] [Client thread/INFO]: [CHAT] < Sansy> yay
[21:34:27] [Client thread/INFO]: [CHAT] Awesome_Lukas: /r Yeah
[21:34:29] [Client thread/INFO]: [CHAT] kyanjscott: /msg videogamesmah back
[21:34:31] [Client thread/INFO]: [CHAT] Joshuakernop81: /spawn
[21:34:31] [Client thread/INFO]: [CHAT] HannSern2003: /r u first?
[21:34:31] [Client thread/INFO]: [CHAT] <sk8erace1> you made the server better
[21:34:32] [Client thread/INFO]: [CHAT] [Owner] <markbyron> new spwn!
[21:34:34] [Client thread/INFO]: [CHAT] xXMineRXx has been a VERY naughty, naughty boy.
[21:34:34] [Client thread/INFO]: [CHAT] Banning: xXMineRXx, IP: 134.90.*.* - Reason: Griefing. [~VideoGameSmash12]
[21:34:34] [Client thread/INFO]: [CHAT] xXMineRXx left the game.
[21:34:36] [Client thread/INFO]: [CHAT] HannSern2003: /spawn
[21:34:37] [Client thread/INFO]: [CHAT] sk8erace1: /spawn
[21:34:38] [Client thread/INFO]: [CHAT] kyanjscott: /msg videogamesmash back
[21:34:38] [Client thread/INFO]: [CHAT] [ Chicka -> me] back
[21:34:39] [Client thread/INFO]: [CHAT] [me ->  Chicka] Good point.
[21:34:39] [Client thread/INFO]: [CHAT] tahmkench6300: //paste
[21:34:40] [Client thread/INFO]: [CHAT] davidblaze88: /spawn
[21:34:42] [Client thread/INFO]: [CHAT] Rootcommander: /tpa markbyron
[21:34:43] [Client thread/INFO]: [CHAT] CreepazYT: /spawsn
[21:34:43] [Client thread/INFO]: [CHAT] (PrivateFoxy) < Nagiru> hey guys how to be armor
[21:34:43] [Client thread/INFO]: [CHAT] [me ->  Chicka] I won't ban you.
[21:34:45] [Client thread/INFO]: [CHAT] CreepazYT: /spawn
[21:34:48] [Client thread/INFO]: [CHAT] < Sansy> BTW sans
[21:34:49] [Client thread/INFO]: [CHAT] < Hanson> Mark
[21:34:52] [Client thread/INFO]: [CHAT] [Omega Ruby SA] < SansTheCharizard> Yes?
[21:34:54] [Client thread/INFO]: [CHAT] Awesome_Lukas: /m FunkyMunky_ lol Ihr Name ist niemand: P
[21:34:55] [Client thread/INFO]: [CHAT] Block edits at (x36515, y48, z478615):
[21:34:55] [Client thread/INFO]: [CHAT]  - Mofo_Kittys broke Dirt
[21:34:55] [Client thread/INFO]: [CHAT]  - VideoGameSmash12 placed Gold_block
[21:34:55] [Client thread/INFO]: [CHAT] markbyron - Enabling global player freeze
[21:34:57] [Client thread/INFO]: [CHAT] <sk8erace1> Hanson so hot
[21:34:58] [Client thread/INFO]: [CHAT] < Hanson> why do u always like this spawn?
[21:34:58] [Client thread/INFO]: [CHAT] markbyron - Unfreezing all players
[21:34:59] [Client thread/INFO]: [CHAT] Awesome_Lukas: /r Chicken Freedom
[21:34:59] [Client thread/INFO]: [CHAT] tahmkench6300: //COPY
[21:35:00] [Client thread/INFO]: [CHAT] davidblaze88: /give davidblaze88 minecraft:diamond_sword 1 0 {ench:[{id:16,lvl:9999}]}
[21:35:01] [Client thread/INFO]: [CHAT] [Techno Crew] <Joshuakernop81> markbyron can i have a screenie
[21:35:04] [Client thread/INFO]: [CHAT] < Sansy> was papyrustheskeleton online yesterday?
[21:35:04] [Client thread/INFO]: [CHAT] [Owner] <markbyron> sure
[21:35:04] [Client thread/INFO]: [CHAT] Mqxii: /skull PurpleGuy
[21:35:08] [Client thread/INFO]: [CHAT] VideoGameSmash12 - Rolling back player: mofo_kittys
[21:35:08] [Client thread/INFO]: [CHAT] Rolled back 105 edits for mofo_kittys.
[21:35:08] [Client thread/INFO]: [CHAT] If this rollback was a mistake, use /rollback undo mofo_kittys within 40 seconds to reverse the rollback.
[21:35:08] [Client thread/INFO]: [CHAT] [Omega Ruby SA] < SansTheCharizard> Yes
[21:35:10] [Client thread/INFO]: [CHAT] tahmkench6300: //paste
[21:35:12] [Client thread/INFO]: [CHAT] davidblaze88: /give HannSern2003 minecraft:diamond_sword 1 0 {ench:[{id:16,lvl:9999}]}
[21:35:12] [Client thread/INFO]: [CHAT] < Sansy> oh.
[21:35:13] [Client thread/INFO]: [CHAT] HannSern2003: /tpo mark
[21:35:14] [Client thread/INFO]: [CHAT] [Techno Crew] <Joshuakernop81> There
[21:35:15] [Client thread/INFO]: [CHAT] VideoGameSmash12 - Banning Mofo_Kittys and IPs: 67.183.144.53
[21:35:17] [Client thread/INFO]: [CHAT] kyanjscott: /nickname &eChicka
[21:35:17] [Client thread/INFO]: [CHAT] Nagiru: /golden freddy
[21:35:19] [Client thread/INFO]: [CHAT] [Techno Crew] <Joshuakernop81> :D
[21:35:20] [Client thread/INFO]: [CHAT] HannSern2003: /i shield
[21:35:21] [Client thread/INFO]: [CHAT] tahmkench6300: //cut
[21:35:23] [Client thread/INFO]: [CHAT] kyanjscott: /nickname &eChicka
[21:35:24] [Client thread/INFO]: [CHAT] [ADMIN] VideoGameSmash12 [STA]: FINISH HIM!
[21:35:25] [Client thread/INFO]: [CHAT] Nagiru: /golde
[21:35:25] [Client thread/INFO]: [CHAT] < Chicka> s
[21:35:27] [Client thread/INFO]: [CHAT] Awesome_Lukas: /gal broadcast
[21:35:30] [Client thread/INFO]: [CHAT] < Hanson> can i be in it to
[21:35:32] [Client thread/INFO]: [CHAT] [Techno Crew] <Joshuakernop81> xD
[21:35:32] [Client thread/INFO]: [CHAT] < Hanson> wow
[21:35:33] [Client thread/INFO]: [CHAT] < Chicka> *moves*
[21:35:34] [Client thread/INFO]: [CHAT] < Hanson> Mark
[21:35:35] [Client thread/INFO]: [CHAT] < Hanson> u
[21:35:35] [Client thread/INFO]: [CHAT] [ADMIN] VideoGameSmash12 [STA]: FATALITY
[21:35:36] [Client thread/INFO]: [CHAT] [Omega Ruby SA] < SansTheCharizard> screenie
[21:35:36] [Client thread/INFO]: [CHAT] [TotalFreedom] Spawn killing is forbidden!
[21:35:39] [Client thread/INFO]: [CHAT] [Owner] <markbyron> yes?
[21:35:40] [Client thread/INFO]: [CHAT] Teleporting...
[21:35:41] [Client thread/INFO]: [CHAT] < Hanson> like to do that alot
[21:35:41] [Client thread/INFO]: [CHAT] tahmkench6300: //cut
[21:35:41] [Client thread/INFO]: [CHAT] Nagiru: /skull PurpleGuy
[21:35:42] [Client thread/INFO]: [CHAT] Awesome_Lukas: /r Ehh no
[21:35:42] [Client thread/INFO]: [CHAT] < Hanson> expel
[21:35:43] [Client thread/INFO]: [CHAT] Teleporting...
[21:35:43] [Client thread/INFO]: [CHAT] [ADMIN] SansTheCharizard [SA]: Winner!
[21:35:51] [Client thread/INFO]: [CHAT] tahmkench6300: //cut
[21:35:55] [Client thread/INFO]: [CHAT] < Chicka> *moves to vents*
[21:35:56] [Client thread/INFO]: [CHAT] < Hanson> mark
[21:36:03] [Client thread/INFO]: [CHAT] < Hanson> how long u gonna be In game?
[21:36:06] [Client thread/INFO]: [CHAT] Joshuakernop81: /hat
[21:36:07] [Client thread/INFO]: [CHAT] [Omega Ruby SA] < SansTheCharizard> lol someone didn't spell "chicka" right
[21:36:07] [Client thread/INFO]: [CHAT] HannSern2003: /TPO NIGHT
[21:36:09] [Client thread/INFO]: [CHAT] * VideoGameSmash12 FINISH HIM!
[21:36:10] [Client thread/INFO]: [CHAT] [STA] <FunkyMunky_> I GTG, Brb
[21:36:12] [Client thread/INFO]: [CHAT] Awesome_Lukas: /r lel i dont need Translate...
[21:36:16] [Client thread/INFO]: [CHAT] * VideoGameSmash12 FATALITY
[21:36:24] [Client thread/INFO]: [CHAT] [Owner] <markbyron> i kill with cookies
[21:36:25] [Client thread/INFO]: [CHAT] HannSern2003: /tpo tham
[21:36:27] [Client thread/INFO]: [CHAT] HannSern2003: /tpo tah
[21:36:30] [Client thread/INFO]: [CHAT] bahy joined the game
[21:36:31] [Client thread/INFO]: [CHAT] < Hanson> ^
[21:36:32] [Client thread/INFO]: [CHAT] <Rootcommander> lol
[21:36:39] [Client thread/INFO]: [CHAT] <davidblaze88> can i get a screenshot with everyone
[21:36:41] [Client thread/INFO]: [CHAT] kyanjscott: /me DO YOU WANT SOME PANCAKES?? TEE HEEE HEEE
[21:36:41] [Client thread/INFO]: [CHAT] *  Chicka DO YOU WANT SOME PANCAKES?? TEE HEEE HEEE
[21:36:45] [Client thread/INFO]: [CHAT] <sk8erace1> okj
[21:36:46] [Client thread/INFO]: [CHAT] <sk8erace1> ok
[21:36:48] [Client thread/INFO]: [CHAT] [Techno Crew] <Joshuakernop81> lel
[21:36:52] [Client thread/INFO]: [CHAT] [Owner] <markbyron> boom
[21:36:55] [Client thread/INFO]: [CHAT] NightmareBonnia: /mE EVERYONE RUN CHICA IS GONNA GIVE US PANCAKES!!!
[21:36:55] [Client thread/INFO]: [CHAT] *  TheNightmare EVERYONE RUN CHICA IS GONNA GIVE US PANCAKES!!!
[21:36:55] [Client thread/INFO]: [CHAT] HannSern2003: /tpo Pan
[21:36:56] [Client thread/INFO]: [CHAT] tahmkench6300: //cut
[21:37:03] [Client thread/INFO]: [CHAT] <Rootcommander> mark can you make it dark
[21:37:04] [Client thread/INFO]: [CHAT] markbyron - Cleared all potion effects from all players
[21:37:05] [Client thread/INFO]: [CHAT] HannSern2003: /tpo y
[21:37:09] [Client thread/INFO]: [CHAT] markbyron - Smiting all invisible players
[21:37:10] [Client thread/INFO]: [CHAT] <bahy> hi
[21:37:12] [Client thread/INFO]: [CHAT] <davidblaze88> everyone tp to me and get behind me for a screenshot
[21:37:13] [Client thread/INFO]: [CHAT] * foxtails77 is now AFK.
[21:37:14] [Client thread/INFO]: [CHAT] tahmkench6300: //cut
[21:37:16] [Client thread/INFO]: [CHAT] sk8erace1: /tp ch
[21:37:17] [Client thread/INFO]: [CHAT] (PrivateFoxy) < MaxxiTheFox> can we start?????????????
[21:37:22] [Client thread/INFO]: [CHAT] CreepazYT: /potion add damage_resistance 1000000 100000000
[21:37:22] [Client thread/INFO]: [CHAT] < Chicka> *raaaaaahhhh*scream*
[21:37:22] [Client thread/INFO]: [CHAT] < Sansy> i thought chica gives us pizza
[21:37:23] [Client thread/INFO]: [CHAT] sk8erace1: /tp ma
[21:37:29] [Client thread/INFO]: [CHAT] markbyron - Unfreezing all players
[21:37:31] [Client thread/INFO]: [CHAT] markbyron - Orbiting markbyron
[21:37:33] [Client thread/INFO]: [CHAT] tahmkench6300: //cut
[21:37:35] [Client thread/INFO]: [CHAT] < Chicka> gimme pizzaaaaaa!!!!!!!
[21:37:35] [Client thread/INFO]: [CHAT] HannSern2003: /m markbyron &6&l&o&n Mark i know u won't reply to this...
[21:37:35] [Client thread/INFO]: [CHAT] <bahy> ...
[21:37:36] [Client thread/INFO]: [CHAT] CreepazYT: /potion add increase_damage 100000000 100000000
[21:37:37] [Client thread/INFO]: [CHAT] [Owner] <markbyron> off i go to telnet heaven!!!
[21:37:38] [Client thread/INFO]: [CHAT] Joshuakernop81: /tp markbyron
[21:37:39] [Client thread/INFO]: [CHAT] [Omega Ruby SA] < SansTheCharizard> i thought chica gave us cupcakes
[21:37:40] [Client thread/INFO]: [CHAT] CreepazYT: /tp davidblaze88
[21:37:45] [Client thread/INFO]: [CHAT] <bahy> markbyron
[21:37:45] [Client thread/INFO]: [CHAT] [Techno Crew] <Joshuakernop81> omg lel
[21:37:46] [Client thread/INFO]: [CHAT] markbyron left the game.
[21:37:47] [Client thread/INFO]: [CHAT] (PrivateFoxy) < MaxxiTheFox> *Private Voice*Hello........
[21:37:48] [Client thread/INFO]: [CHAT] tahmkench6300: //cut
[21:37:51] [Client thread/INFO]: [CHAT] [Server:markbyron] i'm in heaven now
[21:37:51] [Client thread/INFO]: [CHAT] [Techno Crew] <Joshuakernop81> aww he left
[21:37:56] [Client thread/INFO]: [CHAT] tahmkench6300: /cut
[21:37:56] [Client thread/INFO]: [CHAT] HannSern2003: /m Awesome_Lukas Lukas
[21:37:57] [Client thread/INFO]: [CHAT] [Techno Crew] <Joshuakernop81> oh he is on console :D
[21:37:58] [Client thread/INFO]: [CHAT] bahy: /list -a
[21:38:01] [Client thread/INFO]: [CHAT] kyanjscott: /me get into your positions
[21:38:01] [Client thread/INFO]: [CHAT] *  Chicka get into your positions
[21:38:02] [Client thread/INFO]: [CHAT] [Server:markbyron] telnet heaven
[21:38:02] [Client thread/INFO]: [CHAT] HannSern2003: /r when are u going to CF>
[21:38:04] [Client thread/INFO]: [CHAT] tahmkench6300: //cut
[21:38:04] [Client thread/INFO]: [CHAT] kyanjscott: /me get into your positions!!!!
[21:38:04] [Client thread/INFO]: [CHAT] *  Chicka get into your positions!!!!
[21:38:10] [Client thread/INFO]: [CHAT] <bahy> FunkyMunky_
[21:38:11] [Client thread/INFO]: [CHAT] <sk8erace1> whats it like
[21:38:11] [Client thread/INFO]: [CHAT] HannSern2003: /tpo Awe
[21:38:12] [Client thread/INFO]: [CHAT] [STA] <FunkyMunky_> Yes?
[21:38:14] [Client thread/INFO]: [CHAT] [Omega Ruby SA] < SansTheCharizard> brbs see ya all later
[21:38:15] [Client thread/INFO]: [CHAT] *  SansTheCharizard is now AFK.
[21:38:18] [Client thread/INFO]: [CHAT] (PrivateFoxy) < MaxxiTheFox> my younger brother nagiru be PurpleGuy ok...
[21:38:21] [Client thread/INFO]: [CHAT] <bahy> am i a imposter?
[21:38:22] [Client thread/INFO]: [CHAT] Joshuakernop81: /orbit
[21:38:26] [Client thread/INFO]: [CHAT] kyanjscott: /me get into your positions!!!!!!!
[21:38:26] [Client thread/INFO]: [CHAT] *  Chicka get into your positions!!!!!!!
[21:38:26] [Client thread/INFO]: [CHAT] tahmkench6300: //cut
[21:38:30] [Client thread/INFO]: [CHAT] CreepazYT: /warp fnaf
[21:38:31] [Client thread/INFO]: [CHAT] [STA] <FunkyMunky_> Not that i know of...
[21:38:35] [Client thread/INFO]: [CHAT] sk8erace1: /tp ha
[21:38:35] [Client thread/INFO]: [CHAT] kyanjscott: /me i am
[21:38:35] [Client thread/INFO]: [CHAT] *  Chicka i am
[21:38:38] [Client thread/INFO]: [CHAT] HannSern2003: /skin change Awesome_Lukas
[21:38:39] [Client thread/INFO]: [CHAT] <davidblaze88> can everyone get away from the front of the building for a second
[21:38:42] [Client thread/INFO]: [CHAT] [Techno Crew] <Joshuakernop81> i have a screenie with owner :D
[21:38:45] [Client thread/INFO]: [CHAT] kyanjscott: /me Where's Freddy?
[21:38:45] [Client thread/INFO]: [CHAT] *  Chicka Where's Freddy?
[21:38:46] [Client thread/INFO]: [CHAT] tahmkench6300: //cut
[21:38:46] [Client thread/INFO]: [CHAT] < Sansy> steak in the shape of mettaton's face
[21:38:51] [Client thread/INFO]: [CHAT] < Sansy> yaaay
[21:38:57] [Client thread/INFO]: [CHAT] Mqxii: /me &4&lForever Alone people
[21:38:57] [Client thread/INFO]: [CHAT] *  MaxxiTheFox Forever Alone people
[21:38:58] [Client thread/INFO]: [CHAT] bahy: /real name chicka
[21:39:01] [Client thread/INFO]: [CHAT] tahmkench6300: //cut
[21:39:02] [Client thread/INFO]: [CHAT] bahy: /realname chicka
[21:39:03] [Client thread/INFO]: [CHAT] (PrivateFoxy) < Nagiru> wheres the door
[21:39:03] [Client thread/INFO]: [CHAT] <VideoGameSmash12> BRB
[21:39:09] [Client thread/INFO]: [CHAT] bahy: /tp ky
[21:39:09] [Client thread/INFO]: [CHAT] < TheNightmare> -sings mangled-