[21:25:34] [Client thread/INFO]: Connecting to play.totalfreedom.me., 28965
[21:25:35] [Client thread/INFO]: [CHAT] VideoGameSmash12 is a Telnet Admin
[21:25:35] [Client thread/INFO]: [CHAT] VideoGameSmash12 joined the game
[21:25:35] [Client thread/INFO]: [CHAT] Welcome, VideoGameSmash12!
[21:25:35] [Client thread/INFO]: [CHAT] Type /help for a list of commands.
[21:25:35] [Client thread/INFO]: [CHAT] Do NOT open any books given to you by other players or you might be perm banned.
[21:25:35] [Client thread/INFO]: [CHAT] Remember to save your builds with World Edit or they’ll be lost.
[21:25:35] [Client thread/INFO]: [CHAT] You have no new mail.
[21:25:35] [Client thread/INFO]: [CHAT] [YouTuber] <thegamingZAC> &b&l hi
[21:25:37] [Client thread/INFO]: [CHAT] [ADMIN] FunkyMunky_ [STA]: Wb
[21:25:37] [Client thread/INFO]: [CHAT] thegamingZAC left the game.
[21:25:42] [Client thread/INFO]: [CHAT] [ADMIN] FunkyMunky_ [STA]: THE FUCK
[21:25:43] [Client thread/INFO]: [CHAT] < Deadlox> sorry
[21:25:43] [Client thread/INFO]: [CHAT] ninjagirl948 joined the game
[21:25:50] [Client thread/INFO]: [CHAT] [ADMIN] VideoGameSmash12 [STA]: Why is my internet so shit?
[21:25:53] [Client thread/INFO]: [CHAT] vardilomon was shot by Skeleton
[21:25:55] [Client thread/INFO]: [CHAT] < Deadlox> please
[21:25:59] [Client thread/INFO]: [CHAT] [ADMIN] FunkyMunky_ [STA]: i have my max FPS to 150 and it said '540' on my FPS thing
[21:26:07] [Client thread/INFO]: [CHAT] MrBucket left the game.
[21:26:08] [Client thread/INFO]: [CHAT] < Deadlox> give my commands back please
[21:26:10] [Client thread/INFO]: [CHAT] THEBLAHBRO left the game.
[21:26:13] [Client thread/INFO]: [CHAT] DR_ANNOYING left the game.
[21:26:14] [Client thread/INFO]: [CHAT] ninjagirl948 left the game.
[21:26:29] [Client thread/INFO]: [CHAT] sk8erace1 joined the game
[21:26:30] [Client thread/INFO]: [CHAT] DR_ANNOYING joined the game
[21:26:32] [Client thread/INFO]: [CHAT] DR_ANNOYING left the game.
[21:26:36] [Client thread/INFO]: [CHAT] < Deadlox> please
[21:26:41] [Client thread/INFO]: [CHAT] rrj112 - Opping all players on the server
[21:26:41] [Client thread/INFO]: [CHAT] You are now op!
[21:26:43] [Client thread/INFO]: [CHAT] sk8erace1 left the game.
[21:26:44] [Client thread/INFO]: [CHAT] rrj112 - Unblocking commands for all players
[21:26:48] [Client thread/INFO]: [CHAT] [TotalFreedom] You are allowed to record and stream videos on TotalFreedom.
[21:26:49] [Client thread/INFO]: [CHAT] rrj112 - Purging all player data
[21:26:53] [Client thread/INFO]: [CHAT] rrj112 - Cleaning all nicknames
[21:26:57] [Client thread/INFO]: [CHAT] [ADMIN] FunkyMunky_ [STA]: Me might go to ER tomorrow (rrj knows :3)
[21:27:06] [Client thread/INFO]: [CHAT] < nickname> does anyone actualy use TF's mumble server
[21:27:06] [Client thread/INFO]: [CHAT] [ADMIN] VideoGameSmash12 [STA]: UR HAVING A KID
[21:27:10] [Client thread/INFO]: [CHAT] [ADMIN] VideoGameSmash12 [STA]: DAFUQ
[21:27:10] [Client thread/INFO]: [CHAT] [ADMIN] rrj112 [STA]: LOL
[21:27:11] [Client thread/INFO]: [CHAT] [ADMIN] FunkyMunky_ [STA]: No, im male.
[21:27:18] [Client thread/INFO]: [CHAT] [AntiBad] <ANGRYKITTYS06> I don't think so
[21:27:20] [Client thread/INFO]: [CHAT] PacksGamingHD is a Super Admin
[21:27:20] [Client thread/INFO]: [CHAT] PacksGamingHD joined the game
[21:27:22] [Client thread/INFO]: [CHAT] [ADMIN] VideoGameSmash12 [STA]: THAT'S EVEN WORSE
[21:27:23] [Client thread/INFO]: [CHAT] rrj112 left the game.
[21:27:28] [Client thread/INFO]: [CHAT] Hirostarz joined the game
[21:27:35] [Client thread/INFO]: [CHAT] [ADMIN] FunkyMunky_ [STA]: Okay then...
[21:27:36] [Client thread/INFO]: [CHAT] [ADMIN] VideoGameSmash12 [STA]: A kid coming out of your dick...
[21:27:39] [Client thread/INFO]: [CHAT] [ADMIN] FunkyMunky_ [STA]: No.
[21:27:42] [Client thread/INFO]: [CHAT] [ADMIN] FunkyMunky_ [STA]: that would suck
[21:27:57] [Client thread/INFO]: [CHAT] Hirostarz left the game.
[21:28:00] [Client thread/INFO]: [CHAT] _iCorruptionMC_ left the game.
[21:28:02] [Client thread/INFO]: [CHAT] [ADMIN] FunkyMunky_ [STA]: Its not 'important' though.
[21:28:09] [Client thread/INFO]: [CHAT] DR_ANNOYING joined the game
[21:28:09] [Client thread/INFO]: [CHAT] Harlocc was shot by Arrow
[21:28:12] [Client thread/INFO]: [CHAT] [ADMIN] FunkyMunky_ [STA]: i just need a pain-killer higher than they can sell.
[21:28:13] [Client thread/INFO]: [CHAT] [AntiBad] <ANGRYKITTYS06> lel
[21:28:14] [Client thread/INFO]: [CHAT] [ADMIN] VideoGameSmash12 [STA]: Oh, okay.
[21:28:35] [Client thread/INFO]: [CHAT] Hirostarz joined the game
[21:28:36] [Client thread/INFO]: [CHAT] [ADMIN] VideoGameSmash12 [STA]: Oh shit...
[21:28:41] [Client thread/INFO]: [CHAT] *  MikeTrapp is now AFK.
[21:28:46] [Client thread/INFO]: [CHAT] [AntiBad] <ANGRYKITTYS06> spookeh scareh skeletun
[21:28:50] [Client thread/INFO]: [CHAT] [ADMIN] VideoGameSmash12 [STA]: It's... musebrat...
[21:28:54] [Client thread/INFO]: [CHAT] [ADMIN] PacksGamingHD [SA]: wat
[21:28:54] [Client thread/INFO]: [CHAT] [AntiBad] <ANGRYKITTYS06> :p lolcat :p
[21:28:58] [Client thread/INFO]: [CHAT] [ADMIN] VideoGameSmash12 [STA]: AKA CrotinaGamer
[21:29:25] [Client thread/INFO]: [CHAT] [ADMIN] FunkyMunky_ [STA]: Ye, i need something for my sore tooth and my dentist appointment is on monday
[21:29:36] [Client thread/INFO]: [CHAT] [ADMIN] FunkyMunky_ [STA]: I have an infected tooth :P
[21:29:42] [Client thread/INFO]: [CHAT] [ADMIN] xYuchi [SA]: :o
[21:29:49] [Client thread/INFO]: [CHAT] [ADMIN] xYuchi [SA]: i would glady trade teeth
[21:29:50] [Client thread/INFO]: [CHAT] [ADMIN] PacksGamingHD [SA]: i have 10 cavities
[21:29:53] [Client thread/INFO]: [CHAT] [ADMIN] FunkyMunky_ [STA]: and it hurts like hell
[21:29:55] [Client thread/INFO]: [CHAT] DR_ANNOYING left the game.
[21:30:04] [Client thread/INFO]: [CHAT] Harlocc was shot by Arrow
[21:30:06] [Client thread/INFO]: [CHAT] sk8erace1 joined the game
[21:30:15] [Client thread/INFO]: [CHAT] michael_1234, Musebrat2
[21:30:16] [Client thread/INFO]: [CHAT] michael_1234, Musebrat2
[21:30:17] [Client thread/INFO]: [CHAT] Teleporting...
[21:30:21] [Client thread/INFO]: [CHAT] sk8erace1 left the game.
[21:30:28] [Client thread/INFO]: [CHAT] [ADMIN] FunkyMunky_ [STA]: Oh no, you wouldnt want this tooth.
[21:30:33] [Client thread/INFO]: [CHAT] [STA] <VideoGameSmash12> rawr
[21:30:41] [Client thread/INFO]: [CHAT] [AntiBad] <ANGRYKITTYS06> MEAWR
[21:30:41] [Client thread/INFO]: [CHAT] Harlocc was slain by kamen
[21:30:42] [Client thread/INFO]: [CHAT] [SA] <xYuchi> NO
[21:30:45] [Client thread/INFO]: [CHAT] [SA] <xYuchi> i say rawr
[21:30:51] [Client thread/INFO]: [CHAT] [STA] <VideoGameSmash12> fuck off
[21:30:55] [Client thread/INFO]: [CHAT] [STA] <VideoGameSmash12> im a telnet
[21:30:56] [Client thread/INFO]: [CHAT] [AntiBad] <ANGRYKITTYS06> But I saw Meawr
[21:30:57] [Client thread/INFO]: [CHAT] [STA] <FunkyMunky_> i say roar
[21:31:01] [Client thread/INFO]: [CHAT] [SA] < Java> im a super
[21:31:02] [Client thread/INFO]: [CHAT] [SA] <xYuchi> but im a tiger RAWR
[21:31:04] [Client thread/INFO]: [CHAT] [SA] < Java> i say roar
[21:31:05] [Client thread/INFO]: [CHAT] DR_ANNOYING joined the game
[21:31:06] [Client thread/INFO]: [CHAT] *  Raven is now AFK.
[21:31:06] [Client thread/INFO]: [CHAT] DR_ANNOYING left the game.
[21:31:11] [Client thread/INFO]: [CHAT] [AntiBad] <ANGRYKITTYS06> Java says roar?
[21:31:12] [Client thread/INFO]: [CHAT] [STA] <FunkyMunky_> Im a lion, roar
[21:31:14] [Client thread/INFO]: [CHAT] < nickname> But I'm an op!
[21:31:14] [Client thread/INFO]: [CHAT] [AntiBad] <ANGRYKITTYS06> Gd
[21:31:16] [Client thread/INFO]: [CHAT] [AntiBad] <ANGRYKITTYS06> God
[21:31:17] [Client thread/INFO]: [CHAT] [SA] <PacksGamingHD> yes
[21:31:22] [Client thread/INFO]: [CHAT] [SA] <PacksGamingHD> the famous zexyzek celeb
[21:31:23] [Client thread/INFO]: [CHAT] [AntiBad] <ANGRYKITTYS06> I will never code in java at all ever again
[21:31:42] [Client thread/INFO]: [CHAT] [AntiBad] <ANGRYKITTYS06> but Zexyzek isn't zexy o-o
[21:31:47] [Client thread/INFO]: [CHAT] <Harlocc> r
[21:31:49] [Client thread/INFO]: [CHAT] michael_1234 has been a naughty, naughty boy.
[21:31:49] [Client thread/INFO]: [CHAT]   Reason: No speed over 5
[21:31:49] [Client thread/INFO]: [CHAT] michael_1234 died
[21:31:49] [Client thread/INFO]: [CHAT] [SA] <PacksGamingHD> but you gotta stay zexy
[21:31:50] [Client thread/INFO]: [CHAT] xYuchi - Opping all players on the server
[21:31:50] [Client thread/INFO]: [CHAT] You are now op!
[21:31:52] [Client thread/INFO]: [CHAT] [SA] <PacksGamingHD> or else lol
[21:31:54] [Client thread/INFO]: [CHAT] SystemZee joined the game
[21:31:54] [Client thread/INFO]: [CHAT] Welcome SystemZee to the server!
[21:31:58] [Client thread/INFO]: [CHAT] SystemZee left the game.
[21:32:03] [Client thread/INFO]: [CHAT] <CreeperSeth> coming in for another go
[21:32:05] [Client thread/INFO]: [CHAT] creepergod222 left the game.
[21:32:24] [Client thread/INFO]: [CHAT] [AntiBad] <ANGRYKITTYS06> OR ELSE that z becomes a s O_O
[21:32:27] [Client thread/INFO]: [CHAT] No block edits at that location.
[21:32:27] [Client thread/INFO]: [CHAT] Block edits at (x-102, y50, z-851):
[21:32:27] [Client thread/INFO]: [CHAT]  - VideoGameSmash12 placed Diamond_block
[21:32:30] [Client thread/INFO]: [CHAT] _iCorruptionMC_ joined the game
[21:32:30] [Client thread/INFO]: [CHAT] [AntiBad] <ANGRYKITTYS06> Okay Idk what to say to that
[21:32:48] [Client thread/INFO]: [CHAT] VideoGameSmash12 - Removing all server entities.
[21:32:48] [Client thread/INFO]: [CHAT] 4 entities removed.
[21:32:48] [Client thread/INFO]: [CHAT] VideoGameSmash12 - Purging all entities
[21:32:48] [Client thread/INFO]: [CHAT] 55 mobs removed.
[21:32:48] [Client thread/INFO]: [CHAT] michael_1234 was slain by CreepazYT
[21:32:48] [Client thread/INFO]: [CHAT] Implo_ joined the game
[21:32:48] [Client thread/INFO]: [CHAT] Welcome  Sansy to the server!
[21:32:48] [Client thread/INFO]: [CHAT] [AntiBad] <ANGRYKITTYS06> So ye
[21:32:48] [Client thread/INFO]: [CHAT] < CreepazYT> srry
[21:32:48] [Client thread/INFO]: [CHAT] SystemZee joined the game
[21:32:48] [Client thread/INFO]: [CHAT] [AntiBad] <ANGRYKITTYS06> Ya
[21:32:48] [Client thread/INFO]: [CHAT] [ADMIN] xYuchi [SA]: PacksGamingHD if you have ten cavities you are one tough SOB
[21:32:54] [Client thread/INFO]: [CHAT] /spectator, /speed
[21:32:55] [Client thread/INFO]: [CHAT] CreepazYT fell from a high place
[21:32:55] [Client thread/INFO]: [CHAT] Gamemode set to spectator.
[21:32:56] [Client thread/INFO]: [CHAT] BlocksRocks82 joined the game
[21:32:57] [Client thread/INFO]: [CHAT] Welcome  BLOCKZROCKZ to the server!
[21:33:05] [Client thread/INFO]: [CHAT] [AntiBad] <ANGRYKITTYS06> Super Mario Maker!
[21:33:09] [Client thread/INFO]: [CHAT] [ADMIN] FunkyMunky_ [STA]: i dont know how much cavities i have. Havnt been to a dentist in 1 1/2 years :P
[21:33:11] [Client thread/INFO]: [CHAT] [AntiBad] <ANGRYKITTYS06> My little cousin told me to say that
[21:33:13] [Client thread/INFO]: [CHAT] [ADMIN] PacksGamingHD [SA]: yes lol
[21:33:14] [Client thread/INFO]: [CHAT] [AntiBad] <ANGRYKITTYS06> lol
[21:33:18] [Client thread/INFO]: [CHAT] [ADMIN] xYuchi [SA]: xD
[21:33:25] [Client thread/INFO]: [CHAT] [ADMIN] PacksGamingHD [SA]: im still greatly annoyed
[21:33:26] [Client thread/INFO]: [CHAT] [AntiBad] <ANGRYKITTYS06> And why did I do it though xD
[21:33:27] [Client thread/INFO]: [CHAT] [ADMIN] FunkyMunky_ [STA]: last time i had 8
[21:33:28] [Client thread/INFO]: [CHAT] No block edits at that location.
[21:33:28] [Client thread/INFO]: [CHAT] No block edits at that location.
[21:33:28] [Client thread/INFO]: [CHAT] No block edits at that location.
[21:33:29] [Client thread/INFO]: [CHAT] No block edits at that location.
[21:33:29] [Client thread/INFO]: [CHAT] No block edits at that location.
[21:33:30] [Client thread/INFO]: [CHAT] [ADMIN] xYuchi [SA]: MY TEETH ARE GOLDDD xD jk
[21:33:44] [Client thread/INFO]: [CHAT] <michael_1234> sorry
[21:33:44] [Client thread/INFO]: [CHAT] [ADMIN] PacksGamingHD [SA]: that i cant decompile tfm lol and GFG
[21:33:44] [Client thread/INFO]: [CHAT] [ADMIN] xYuchi [SA]: THEY SAY RAWR
[21:33:47] [Client thread/INFO]: [CHAT] [ADMIN] PacksGamingHD [SA]: i say meow
[21:33:49] [Client thread/INFO]: [CHAT] No block edits at that location.
[21:33:50] [Client thread/INFO]: [CHAT] No block edits at that location.
[21:33:59] [Client thread/INFO]: [CHAT] [AntiBad] <ANGRYKITTYS06> TROLL!!!!
[21:34:01] [Client thread/INFO]: [CHAT] [ADMIN] xYuchi [SA]: No PacksGamingHD you say ROOOOOEW
[21:34:02] [Client thread/INFO]: [CHAT] [AntiBad] <ANGRYKITTYS06> There
[21:34:04] [Client thread/INFO]: [CHAT] No block edits at that location.
[21:34:04] [Client thread/INFO]: [CHAT] No block edits at that location.
[21:34:05] [Client thread/INFO]: [CHAT] [AntiBad] <ANGRYKITTYS06> Is a
[21:34:07] [Client thread/INFO]: [CHAT] [AntiBad] <ANGRYKITTYS06> Nontroll
[21:34:09] [Client thread/INFO]: [CHAT] [AntiBad] <ANGRYKITTYS06> YAY
[21:34:09] [Client thread/INFO]: [CHAT] <Hirostarz> how to make cirlces
[21:34:14] [Client thread/INFO]: [CHAT] [ADMIN] xYuchi [SA]: just kidding
[21:34:26] [Client thread/INFO]: [CHAT] <CreeperSeth> diinerbone
[21:34:26] [Client thread/INFO]: [CHAT] [AntiBad] <ANGRYKITTYS06> Hirostarz //sphere
[21:34:26] [Client thread/INFO]: [CHAT] xYuchi - Smiting all invisible players
[21:34:26] [Client thread/INFO]: [CHAT] <CreeperSeth> i hacked ur game
[21:34:26] [Client thread/INFO]: [CHAT] Gamemode set to creative.
[21:34:27] [Client thread/INFO]: [CHAT] [ADMIN] PacksGamingHD [SA]: ik
[21:34:28] [Client thread/INFO]: [CHAT] No block edits at that location.
[21:34:28] [Client thread/INFO]: [CHAT] No block edits at that location.
[21:34:28] [Client thread/INFO]: [CHAT] No block edits at that location.
[21:34:28] [Client thread/INFO]: [CHAT] No block edits at that location.
[21:34:29] [Client thread/INFO]: [CHAT] No block edits at that location.
[21:34:29] [Client thread/INFO]: [CHAT] No block edits at that location.
[21:34:29] [Client thread/INFO]: [CHAT] No block edits at that location.
[21:34:29] [Client thread/INFO]: [CHAT] No block edits at that location.
[21:34:30] [Client thread/INFO]: [CHAT] No block edits at that location.
[21:34:30] [Client thread/INFO]: [CHAT] No block edits at that location.
[21:34:30] [Client thread/INFO]: [CHAT] No block edits at that location.
[21:34:30] [Client thread/INFO]: [CHAT] No block edits at that location.
[21:34:31] [Client thread/INFO]: [CHAT] [AntiBad] <ANGRYKITTYS06> Dinnerbone isn't here
[21:34:32] [Client thread/INFO]: [CHAT] No block edits at that location.
[21:34:32] [Client thread/INFO]: [CHAT] No block edits at that location.
[21:34:32] [Client thread/INFO]: [CHAT] No block edits at that location.
[21:34:32] [Client thread/INFO]: [CHAT] <SystemZee> ?
[21:34:32] [Client thread/INFO]: [CHAT] No block edits at that location.
[21:34:32] [Client thread/INFO]: [CHAT] No block edits at that location.
[21:34:32] [Client thread/INFO]: [CHAT] No block edits at that location.
[21:34:32] [Client thread/INFO]: [CHAT] No block edits at that location.
[21:34:32] [Client thread/INFO]: [CHAT] No block edits at that location.
[21:34:33] [Client thread/INFO]: [CHAT] [AntiBad] <ANGRYKITTYS06> sowwy
[21:34:33] [Client thread/INFO]: [CHAT] No block edits at that location.
[21:34:33] [Client thread/INFO]: [CHAT] No block edits at that location.
[21:34:33] [Client thread/INFO]: [CHAT] No block edits at that location.
[21:34:33] [Client thread/INFO]: [CHAT] No block edits at that location.
[21:34:35] [Client thread/INFO]: [CHAT] DR_ANNOYING joined the game
[21:34:36] [Client thread/INFO]: [CHAT] Teleporting...
[21:34:42] [Client thread/INFO]: [CHAT] creepergod222 joined the game
[21:34:44] [Client thread/INFO]: [CHAT] <CreeperSeth> U GOT ONE 2 CreepazYT
[21:34:46] [Client thread/INFO]: [CHAT] SansTheCharizard is a Super Admin
[21:34:46] [Client thread/INFO]: [CHAT] SansTheCharizard joined the game
[21:34:49] [Client thread/INFO]: [CHAT] [AntiBad] <ANGRYKITTYS06> no withers
[21:34:51] [Client thread/INFO]: [CHAT] [ADMIN] FunkyMunky_ [STA]: OMG MY FUCKING TOOTH
[21:34:54] [Client thread/INFO]: [CHAT] < Sansy> hi sansytehcharizardy
[21:34:55] [Client thread/INFO]: [CHAT] [SA] < SansTheCharizard> GDFR!
[21:34:56] [Client thread/INFO]: [CHAT] < Sansy> c:
[21:34:56] [Client thread/INFO]: [CHAT] [ADMIN] FunkyMunky_ [STA]: ITS INFECTED
[21:34:59] [Client thread/INFO]: [CHAT] [AntiBad] <ANGRYKITTYS06> Withers are not allowed
[21:35:00] [Client thread/INFO]: [CHAT] Harlocc was pummeled by Wither
[21:35:01] [Client thread/INFO]: [CHAT] [AntiBad] <ANGRYKITTYS06> o-o
[21:35:05] [Client thread/INFO]: [CHAT] [ADMIN] PacksGamingHD [SA]: k
[21:35:06] [Client thread/INFO]: [CHAT] <_iCorruptionMC_> 555Faiz555
[21:35:07] [Client thread/INFO]: [CHAT] Unknown command. Type "/help" for help.
[21:35:10] [Client thread/INFO]: [CHAT] <_iCorruptionMC_> look at my pirate shield
[21:35:13] [Client thread/INFO]: [CHAT] <_iCorruptionMC_> parrot*
[21:35:14] [Client thread/INFO]: [CHAT] [ADMIN] VideoGameSmash12 [STA]: *touch touch*
[21:35:14] [Client thread/INFO]: [CHAT] [Omega Ruby SA] < SansTheCharizard> for those of you don't know
[21:35:15] [Client thread/INFO]: [CHAT] [ADMIN] PacksGamingHD [SA]: im gonna chill on packsfreedom
[21:35:16] [Client thread/INFO]: [CHAT] < PureBoredom> Can someone up my world edit max blocks for a bit?
[21:35:18] [Client thread/INFO]: [CHAT] [ADMIN] xYuchi [SA]: Funky, you on the other hand.... Are not a tough SOB you complain about it.
[21:35:21] [Client thread/INFO]: [CHAT] [AntiBad] <ANGRYKITTYS06> Wither creation can end up to a BAN
[21:35:25] [Client thread/INFO]: [CHAT] [ADMIN] FunkyMunky_ [STA]: I do <3
[21:35:26] [Client thread/INFO]: [CHAT] [Omega Ruby SA] < SansTheCharizard> GDFR = Going down for real
[21:35:32] [Client thread/INFO]: [CHAT] [ADMIN] PacksGamingHD [SA]: i found diamonds while roaming in this cave
[21:35:37] [Client thread/INFO]: [CHAT] [ADMIN] xYuchi [SA]: xD
[21:35:38] [Client thread/INFO]: [CHAT] <CreeperSeth> im going to go fly into the twin towers
[21:35:39] [Client thread/INFO]: [CHAT] [ADMIN] VideoGameSmash12 [STA]: *touches funky's tooth*
[21:35:47] [Client thread/INFO]: [CHAT] < BLOCKZROCKZ> 9/11
[21:35:47] [Client thread/INFO]: [CHAT] <Hirostarz> how do u color ur shields
[21:35:49] [Client thread/INFO]: [CHAT] * ANGRYKITTYS06 
[21:35:52] [Client thread/INFO]: [CHAT] [ADMIN] SansTheCharizard [SA]: *wiggles funkys tooth*
[21:35:54] [Client thread/INFO]: [CHAT] [ADMIN] xYuchi [SA]: *rips funky's infected tooth out-
[21:35:55] [Client thread/INFO]: [CHAT] [ADMIN] FunkyMunky_ [STA]: VideoGameSmash12, touching my tooth doesnt make it hurt worse
[21:35:55] [Client thread/INFO]: [CHAT] *  Heyyyy is no longer AFK.
[21:35:56] [Client thread/INFO]: [CHAT] < CreepazYT> CreepazYT
[21:35:56] [Client thread/INFO]: [CHAT] [AntiBad] <ANGRYKITTYS06> Hirostarz add a banne
[21:35:58] [Client thread/INFO]: [CHAT] [AntiBad] <ANGRYKITTYS06> banner*
[21:36:00] [Client thread/INFO]: [CHAT] <SystemZee> brb with matix!
[21:36:01] [Client thread/INFO]: [CHAT] < BLOCKZROCKZ> CreeperSeth 9/11
[21:36:01] [Client thread/INFO]: [CHAT] * PacksGamingHD 
[21:36:02] [Client thread/INFO]: [CHAT] < CreepazYT> CreeperSeth
[21:36:03] [Client thread/INFO]: [CHAT] SystemZee left the game.
[21:36:04] [Client thread/INFO]: [CHAT] <Hirostarz> oh
[21:36:07] [Client thread/INFO]: [CHAT] vardilomon fell from a high place
[21:36:11] [Client thread/INFO]: [CHAT] ItzHerbyYT joined the game
[21:36:11] [Client thread/INFO]: [CHAT] Welcome ItzHerbyYT to the server!
[21:36:15] [Client thread/INFO]: [CHAT] < CreepazYT> turn on fly while using elytra
[21:36:16] [Client thread/INFO]: [CHAT] [ADMIN] xYuchi [SA]: *rips funky's infected tooth out*
[21:36:17] [Client thread/INFO]: [CHAT] [ADMIN] VideoGameSmash12 [STA]: *pulls on funky's bad tooth*
[21:36:20] [Client thread/INFO]: [CHAT] [AntiBad] <ANGRYKITTYS06> BlocksRocks82.. 9 11 WHY WOULD YOU SAY THAT??
[21:36:32] [Client thread/INFO]: [CHAT] PacksGamingHD left the game.
[21:36:33] [Client thread/INFO]: [CHAT] < Sansy> i had a super skary nightmare last night
[21:36:34] [Client thread/INFO]: [CHAT] < Sansy> :C
[21:36:37] [Client thread/INFO]: [CHAT] [ADMIN] MashedPtatoz [Console]: i used to think cameron diaz was a man
[21:36:39] [Client thread/INFO]: [CHAT] [ADMIN] FunkyMunky_ [STA]: the tooth cant come out, and i just tugged on my tooth and it didnt hurt
[21:36:41] [Client thread/INFO]: [CHAT] < BLOCKZROCKZ> CreeperSeth is making fun of 9/11
[21:36:43] [Client thread/INFO]: [CHAT] [ADMIN] MashedPtatoz [Console]: also what the fuck is happening
[21:36:49] [Client thread/INFO]: [CHAT] [AntiBad] <ANGRYKITTYS06> ................
[21:36:53] [Client thread/INFO]: [CHAT] [ADMIN] VideoGameSmash12 [STA]: Funky's tooth is fucked
[21:36:53] [Client thread/INFO]: [CHAT] < BLOCKZROCKZ> yes
[21:36:54] [Client thread/INFO]: [CHAT] [ADMIN] FunkyMunky_ [STA]: mashed, i have an infected tooth :P
[21:36:55] [Client thread/INFO]: [CHAT] [Omega Ruby SA] < SansTheCharizard> 911 isn't good
[21:36:59] [Client thread/INFO]: [CHAT] <CreeperSeth> ik
[21:37:00] [Client thread/INFO]: [CHAT] [TotalFreedom] Player vs player while in creative or god mode it forbidden!
[21:37:01] [Client thread/INFO]: [CHAT] [AntiBad] <ANGRYKITTYS06> Yea
[21:37:03] [Client thread/INFO]: [CHAT] < MikeTrapp> SansTheCharizard
[21:37:08] [Client thread/INFO]: [CHAT] [AntiBad] <ANGRYKITTYS06> 911 is good but 911 is not
[21:37:09] [Client thread/INFO]: [CHAT] [Omega Ruby SA] < SansTheCharizard> 911 arrested me for calling them
[21:37:13] [Client thread/INFO]: [CHAT] michael_1234 fell out of the world
[21:37:16] [Client thread/INFO]: [CHAT] <DR_ANNOYING> lo
[21:37:17] [Client thread/INFO]: [CHAT] [ADMIN] VideoGameSmash12 [STA]: *presses funky's tooth back in*
[21:37:18] [Client thread/INFO]: [CHAT] [ADMIN] xYuchi [SA]: *ties funky's tooth to a door and slams the door-
[21:37:20] [Client thread/INFO]: [CHAT] [ADMIN] xYuchi [SA]: *ties funky's tooth to a door and slams the door*
[21:37:25] [Client thread/INFO]: [CHAT] [ADMIN] SansTheCharizard [SA]: holy shit
[21:37:26] [Client thread/INFO]: [CHAT] [Prisoner] <Vardilomon> anyone want to race
[21:37:28] [Client thread/INFO]: [CHAT] [AntiBad] <ANGRYKITTYS06> 911 is good but 911 is not did you hear that?
[21:37:29] [Client thread/INFO]: [CHAT] <DR_ANNOYING> me
[21:37:30] [Client thread/INFO]: [CHAT] [AntiBad] <ANGRYKITTYS06> Its true
[21:37:34] [Client thread/INFO]: [CHAT] No block edits at that location.
[21:37:37] [Client thread/INFO]: [CHAT] [Omega Ruby SA] < SansTheCharizard> i like 91meow
[21:37:37] [Client thread/INFO]: [CHAT] kamen left the game.
[21:37:38] [Client thread/INFO]: [CHAT] No block edits at that location.
[21:37:39] [Client thread/INFO]: [CHAT] No block edits at that location.
[21:37:39] [Client thread/INFO]: [CHAT] No block edits at that location.
[21:37:39] [Client thread/INFO]: [CHAT] No block edits at that location.
[21:37:40] [Client thread/INFO]: [CHAT] No block edits at that location.
[21:37:43] [Client thread/INFO]: [CHAT] [Omega Ruby SA] < SansTheCharizard> im
[21:37:44] [Client thread/INFO]: [CHAT] No block edits at that location.
[21:37:44] [Client thread/INFO]: [CHAT] Block edits at (x-93, y53, z-819):
[21:37:44] [Client thread/INFO]: [CHAT]  - SansTheCharizard placed Emerald_block
[21:37:44] [Client thread/INFO]: [CHAT]  - SansTheCharizard broke Emerald_block
[21:37:44] [Client thread/INFO]: [CHAT]  - VideoGameSmash12 placed Diamond_block
[21:37:44] [Client thread/INFO]: [CHAT] [Omega Ruby SA] < SansTheCharizard> Implo_
[21:37:44] [Client thread/INFO]: [CHAT] sk8erace1 joined the game
[21:37:45] [Client thread/INFO]: [CHAT] [AntiBad] <ANGRYKITTYS06> 9meowmeow is the best the
[21:37:48] [Client thread/INFO]: [CHAT] [AntiBad] <ANGRYKITTYS06> yhough*
[21:37:50] [Client thread/INFO]: [CHAT] Teleporting...
[21:37:51] [Client thread/INFO]: [CHAT] [STA] <FunkyMunky_> i dont have 911 (cops) i have a different phone # for them
[21:37:57] [Client thread/INFO]: [CHAT] Harlocc fell out of the world
[21:37:57] [Client thread/INFO]: [CHAT] No block edits at that location.
[21:37:57] [Client thread/INFO]: [CHAT] Block edits at (x-93, y59, z-827):
[21:37:57] [Client thread/INFO]: [CHAT]  - leanderjaypilpil broke Glass
[21:37:57] [Client thread/INFO]: [CHAT]  - VideoGameSmash12 placed Diamond_block
[21:37:57] [Client thread/INFO]: [CHAT]  - VideoGameSmash12 broke Diamond_block
[21:37:57] [Client thread/INFO]: [CHAT]  - VideoGameSmash12 placed Diamond_block
[21:38:00] [Client thread/INFO]: [CHAT] [Omega Ruby SA] < SansTheCharizard> Implo_ can you tell me how to make a schem? :P
[21:38:05] [Client thread/INFO]: [CHAT] No block edits at that location.
[21:38:05] [Client thread/INFO]: [CHAT] No block edits at that location.
[21:38:05] [Client thread/INFO]: [CHAT] [AntiBad] <ANGRYKITTYS06> What is it is 123-123-1234
[21:38:06] [Client thread/INFO]: [CHAT] No block edits at that location.
[21:38:06] [Client thread/INFO]: [CHAT] No block edits at that location.
[21:38:06] [Client thread/INFO]: [CHAT] No block edits at that location.
[21:38:06] [Client thread/INFO]: [CHAT] [AntiBad] <ANGRYKITTYS06> lol
[21:38:07] [Client thread/INFO]: [CHAT] No block edits at that location.
[21:38:09] [Client thread/INFO]: [CHAT] [STA] <FunkyMunky_> but the cops dont do shit
[21:38:12] [Client thread/INFO]: [CHAT] < BLOCKZROCKZ> &3&l 9/11 is not funny its a terrist attack
[21:38:14] [Client thread/INFO]: [CHAT] [STA] <FunkyMunky_> the GSA does most of it
[21:38:15] [Client thread/INFO]: [CHAT] < MikeTrapp> FunkyMunky_
[21:38:19] [Client thread/INFO]: [CHAT] [Omega Ruby SA] < SansTheCharizard> funky is right
[21:38:23] [Client thread/INFO]: [CHAT] <Harlocc> tp to me
[21:38:24] [Client thread/INFO]: [CHAT] Harlocc fell out of the world
[21:38:26] [Client thread/INFO]: [CHAT] [Prisoner] <Vardilomon> DR_ANNOYING what are you doind
[21:38:26] [Client thread/INFO]: [CHAT] [Omega Ruby SA] < SansTheCharizard> No
[21:38:29] [Client thread/INFO]: [CHAT] [AntiBad] <ANGRYKITTYS06> Im bored!
[21:38:29] [Client thread/INFO]: [CHAT] [Prisoner] <Vardilomon> DR_ANNOYING what are you doing
[21:38:32] [Client thread/INFO]: [CHAT] <DR_ANNOYING> idk
[21:38:32] [Client thread/INFO]: [CHAT] [ADMIN] VideoGameSmash12 [STA]: Funky, do you want me to help your tooth?
[21:38:34] [Client thread/INFO]: [CHAT] [STA] <FunkyMunky_> im talking in my country
[21:38:34] [Client thread/INFO]: [CHAT] <CreeperSeth> im a bat
[21:38:36] [Client thread/INFO]: [CHAT] [ADMIN] FunkyMunky_ [STA]: No.
[21:38:38] [Client thread/INFO]: [CHAT] [Prisoner] <Vardilomon> come race me
[21:38:43] [Client thread/INFO]: [CHAT] [ADMIN] VideoGameSmash12 [STA]: *presses the tooth in anyways*
[21:38:44] [Client thread/INFO]: [CHAT] [ADMIN] FunkyMunky_ [STA]: I'd have a trained professional do it
[21:38:45] [Client thread/INFO]: [CHAT] < MikeTrapp> FunkyMunky_ what country?
[21:38:46] [Client thread/INFO]: [CHAT] [AntiBad] <ANGRYKITTYS06> No not 9/11
[21:38:46] [Client thread/INFO]: [CHAT] [ADMIN] VideoGameSmash12 [STA]: :3
[21:38:47] [Client thread/INFO]: [CHAT] [AntiBad] <ANGRYKITTYS06> 911
[21:38:52] [Client thread/INFO]: [CHAT] <sk8erace1> Vardilomon your a boy
[21:38:53] [Client thread/INFO]: [CHAT] [Prisoner] <Vardilomon> 3
[21:38:54] [Client thread/INFO]: [CHAT] [STA] <FunkyMunky_> Germany
[21:38:54] [Client thread/INFO]: [CHAT] [AntiBad] <ANGRYKITTYS06> -_-
[21:38:57] [Client thread/INFO]: [CHAT] [Prisoner] <Vardilomon> 2
[21:38:59] [Client thread/INFO]: [CHAT] [Prisoner] <Vardilomon> 1
[21:39:00] [Client thread/INFO]: [CHAT] [ADMIN] VideoGameSmash12 [STA]: Help it... hurt!
[21:39:01] [Client thread/INFO]: [CHAT] [AntiBad] <ANGRYKITTYS06> 11111
[21:39:01] [Client thread/INFO]: [CHAT] [Prisoner] <Vardilomon> go
[21:39:02] [Client thread/INFO]: [CHAT] [STA] <FunkyMunky_> Germany or Duetsch
[21:39:05] [Client thread/INFO]: [CHAT] [Omega Ruby SA] < SansTheCharizard> no i help out everyone the most (?° ?? ?°)
[21:39:07] [Client thread/INFO]: [CHAT] Block edits at (x-94, y61, z-813):
[21:39:07] [Client thread/INFO]: [CHAT]  - sk8erace1 placed Web
[21:39:07] [Client thread/INFO]: [CHAT]  - sk8erace1 broke Web
[21:39:08] [Client thread/INFO]: [CHAT] No block edits at that location.
[21:39:08] [Client thread/INFO]: [CHAT] No block edits at that location.
[21:39:08] [Client thread/INFO]: [CHAT] No block edits at that location.
[21:39:08] [Client thread/INFO]: [CHAT] No block edits at that location.
[21:39:09] [Client thread/INFO]: [CHAT] No block edits at that location.
[21:39:09] [Client thread/INFO]: [CHAT] No block edits at that location.
[21:39:09] [Client thread/INFO]: [CHAT] No block edits at that location.
[21:39:09] [Client thread/INFO]: [CHAT] No block edits at that location.
[21:39:10] [Client thread/INFO]: [CHAT] No block edits at that location.
[21:39:10] [Client thread/INFO]: [CHAT] No block edits at that location.
[21:39:10] [Client thread/INFO]: [CHAT] No block edits at that location.
[21:39:10] [Client thread/INFO]: [CHAT] No block edits at that location.
[21:39:10] [Client thread/INFO]: [CHAT] No block edits at that location.
[21:39:11] [Client thread/INFO]: [CHAT] No block edits at that location.
[21:39:11] [Client thread/INFO]: [CHAT] No block edits at that location.
[21:39:12] [Client thread/INFO]: [CHAT] [STA] <FunkyMunky_> Duetschland*
[21:39:12] [Client thread/INFO]: [CHAT] No block edits at that location.
[21:39:12] [Client thread/INFO]: [CHAT] No block edits at that location.
[21:39:12] [Client thread/INFO]: [CHAT] No block edits at that location.
[21:39:12] [Client thread/INFO]: [CHAT] No block edits at that location.
[21:39:13] [Client thread/INFO]: [CHAT] No block edits at that location.
[21:39:13] [Client thread/INFO]: [CHAT] BlocksRocks82 fell out of the world
[21:39:13] [Client thread/INFO]: [CHAT] No block edits at that location.
[21:39:13] [Client thread/INFO]: [CHAT] No block edits at that location.
[21:39:13] [Client thread/INFO]: [CHAT] No block edits at that location.
[21:39:14] [Client thread/INFO]: [CHAT] No block edits at that location.
[21:39:14] [Client thread/INFO]: [CHAT] No block edits at that location.
[21:39:14] [Client thread/INFO]: [CHAT] No block edits at that location.
[21:39:15] [Client thread/INFO]: [CHAT] Block edits at (x-97, y54, z-810):
[21:39:15] [Client thread/INFO]: [CHAT]  - xRubyMC broke Glass
[21:39:15] [Client thread/INFO]: [CHAT]  - xRubyMC placed Glass
[21:39:15] [Client thread/INFO]: [CHAT] No block edits at that location.
[21:39:15] [Client thread/INFO]: [CHAT] Block edits at (x-97, y54, z-810):
[21:39:15] [Client thread/INFO]: [CHAT]  - xRubyMC broke Glass
[21:39:15] [Client thread/INFO]: [CHAT]  - xRubyMC placed Glass
[21:39:16] [Client thread/INFO]: [CHAT] Block edits at (x-97, y54, z-810):
[21:39:16] [Client thread/INFO]: [CHAT]  - xRubyMC broke Glass
[21:39:16] [Client thread/INFO]: [CHAT]  - xRubyMC placed Glass
[21:39:16] [Client thread/INFO]: [CHAT] Block edits at (x-97, y54, z-810):
[21:39:16] [Client thread/INFO]: [CHAT]  - xRubyMC broke Glass
[21:39:16] [Client thread/INFO]: [CHAT]  - xRubyMC placed Glass
[21:39:16] [Client thread/INFO]: [CHAT] Block edits at (x-97, y54, z-810):
[21:39:16] [Client thread/INFO]: [CHAT]  - xRubyMC broke Glass
[21:39:16] [Client thread/INFO]: [CHAT]  - xRubyMC placed Glass
[21:39:16] [Client thread/INFO]: [CHAT] Block edits at (x-97, y54, z-810):
[21:39:16] [Client thread/INFO]: [CHAT]  - xRubyMC broke Glass
[21:39:16] [Client thread/INFO]: [CHAT]  - xRubyMC placed Glass
[21:39:16] [Client thread/INFO]: [CHAT] Block edits at (x-97, y54, z-810):
[21:39:16] [Client thread/INFO]: [CHAT]  - xRubyMC broke Glass
[21:39:16] [Client thread/INFO]: [CHAT]  - xRubyMC placed Glass
[21:39:16] [Client thread/INFO]: [CHAT] Block edits at (x-97, y54, z-810):
[21:39:16] [Client thread/INFO]: [CHAT]  - xRubyMC broke Glass
[21:39:16] [Client thread/INFO]: [CHAT]  - xRubyMC placed Glass
[21:39:17] [Client thread/INFO]: [CHAT] Block edits at (x-97, y54, z-810):
[21:39:17] [Client thread/INFO]: [CHAT]  - xRubyMC broke Glass
[21:39:17] [Client thread/INFO]: [CHAT]  - xRubyMC placed Glass
[21:39:17] [Client thread/INFO]: [CHAT] Block edits at (x-97, y54, z-810):
[21:39:17] [Client thread/INFO]: [CHAT]  - xRubyMC broke Glass
[21:39:17] [Client thread/INFO]: [CHAT]  - xRubyMC placed Glass
[21:39:19] [Client thread/INFO]: [CHAT] No block edits at that location.
[21:39:19] [Client thread/INFO]: [CHAT] No block edits at that location.
[21:39:19] [Client thread/INFO]: [CHAT] No block edits at that location.
[21:39:19] [Client thread/INFO]: [CHAT] No block edits at that location.
[21:39:20] [Client thread/INFO]: [CHAT] No block edits at that location.
[21:39:20] [Client thread/INFO]: [CHAT] No block edits at that location.
[21:39:20] [Client thread/INFO]: [CHAT] No block edits at that location.
[21:39:24] [Client thread/INFO]: [CHAT] [AntiBad] <ANGRYKITTYS06> Diet
[21:39:24] [Client thread/INFO]: [CHAT] HiTmAn fell out of the world
[21:39:26] [Client thread/INFO]: [CHAT] Awesome_Lukas fell out of the world
[21:39:26] [Client thread/INFO]: [CHAT] [Server:xYuchi] teen:OMG I THINK SHE'S DYING|other person: CALL 911| teen: Rlly nigga whats the number?
[21:39:28] [Client thread/INFO]: [CHAT] [Prisoner] <Vardilomon> help
[21:39:32] [Client thread/INFO]: [CHAT] Gamemode set to spectator.
[21:39:42] [Client thread/INFO]: [CHAT] [AntiBad] <ANGRYKITTYS06> xYuchi
[21:39:42] [Client thread/INFO]: [CHAT] [Server:xYuchi] teen:OMG I THINK SHE'S DYING|other person: CALL 911| teen: Rlly nigga whats the number...
[21:39:43] [Client thread/INFO]: [CHAT] [ADMIN] VideoGameSmash12 [STA]: xYuchi
[21:39:44] [Client thread/INFO]: [CHAT] [AntiBad] <ANGRYKITTYS06> You said it
[21:39:45] [Client thread/INFO]: [CHAT] *  SkyTheKidRS_ Bruh
[21:39:46] [Client thread/INFO]: [CHAT] [Omega Ruby SA] < SansTheCharizard> O'RLY youchi?
[21:39:47] [Client thread/INFO]: [CHAT] <ItzHerbyYT> f;][f
[21:39:49] [Client thread/INFO]: [CHAT] [AntiBad] <ANGRYKITTYS06> You said it again!!!
[21:39:50] [Client thread/INFO]: [CHAT] [Omega Ruby SA] < SansTheCharizard> "youchi"
[21:39:50] [Client thread/INFO]: [CHAT] [STA] <FunkyMunky_> xYuchi, i think they get it
[21:39:51] [Client thread/INFO]: [CHAT] [AntiBad] <ANGRYKITTYS06> O_O
[21:39:52] [Client thread/INFO]: [CHAT] [ADMIN] xYuchi [SA]: Oop ment adminchat ;p
[21:39:54] [Client thread/INFO]: [CHAT] HiTmAn left the game.
[21:39:57] [Client thread/INFO]: [CHAT] [ADMIN] VideoGameSmash12 [STA]: Watch your language when it comes to the N word.
[21:39:59] [Client thread/INFO]: [CHAT] *  Raven is no longer AFK.
[21:39:59] [Client thread/INFO]: [CHAT] [ADMIN] SpeakerMaster [STA]: that doesn't belong in /say
[21:40:03] [Client thread/INFO]: [CHAT] [SA] <xYuchi> But i messed up ;p
[21:40:03] [Client thread/INFO]: [CHAT] [AntiBad] <ANGRYKITTYS06> xYuchi why would you
[21:40:07] [Client thread/INFO]: [CHAT] [SA] <xYuchi> xD
[21:40:09] [Client thread/INFO]: [CHAT] [AntiBad] <ANGRYKITTYS06> Say
[21:40:13] [Client thread/INFO]: [CHAT] [AntiBad] <ANGRYKITTYS06> The word
[21:40:13] [Client thread/INFO]: [CHAT] [SA] <xYuchi> Dont question
[21:40:14] [Client thread/INFO]: [CHAT] Harlocc fell out of the world
[21:40:15] [Client thread/INFO]: [CHAT] [Omega Ruby SA] < SansTheCharizard> want me to say it
[21:40:20] [Client thread/INFO]: [CHAT] [SA] <xYuchi> i men't to put it in adminchat
[21:40:20] [Client thread/INFO]: [CHAT] [AntiBad] <ANGRYKITTYS06> Im gonna die
[21:40:23] [Client thread/INFO]: [CHAT] ANGRYKITTYS06 died
[21:40:23] [Client thread/INFO]: [CHAT] Player ANGRYKITTYS06 took their own life.
[21:40:29] [Client thread/INFO]: [CHAT] < MikeTrapp> Staff... Orbit me
[21:40:30] [Client thread/INFO]: [CHAT] SansTheCharizard died
[21:40:30] [Client thread/INFO]: [CHAT] Player  SansTheCharizard took their own life.
[21:40:37] [Client thread/INFO]: [CHAT] [ADMIN] VideoGameSmash12 [STA]: Good job, xYuchi. You offended someone.l
[21:40:38] [Client thread/INFO]: [CHAT] [Omega Ruby SA] < SansTheCharizard> kk ill orbit me <3
[21:40:41] [Client thread/INFO]: [CHAT] SansTheCharizard - Orbiting SansTheCharizard
[21:40:43] [Client thread/INFO]: [CHAT] * 555Faiz555 is now AFK.
[21:40:44] [Client thread/INFO]: [CHAT] [AntiBad] <ANGRYKITTYS06> MikeTrapp I wanna be orbit now
[21:40:45] [Client thread/INFO]: [CHAT] [ADMIN] xYuchi [SA]: <3
[21:40:49] [Client thread/INFO]: [CHAT] Gamemode set to creative.
[21:40:49] [Client thread/INFO]: [CHAT] [AntiBad] <ANGRYKITTYS06> D:<
[21:40:53] [Client thread/INFO]: [CHAT] DR_ANNOYING left the game.
[21:40:56] [Client thread/INFO]: [CHAT] [AntiBad] <ANGRYKITTYS06> i wanna fly
[21:40:57] [Client thread/INFO]: [CHAT] [Omega Ruby SA] < SansTheCharizard> wee
[21:41:00] [Client thread/INFO]: [CHAT] [AntiBad] <ANGRYKITTYS06> From orbits!
[21:41:02] [Client thread/INFO]: [CHAT] < MikeTrapp> orbit me SansTheCharizard
[21:41:04] [Client thread/INFO]: [CHAT] [AntiBad] <ANGRYKITTYS06> And die
[21:41:06] [Client thread/INFO]: [CHAT] FunkyMunky_ - Setting everyone's Worldedit block modification limit to 2500.
[21:41:07] [Client thread/INFO]: [CHAT] < Sansy> sansytehcharizardi
[21:41:07] [Client thread/INFO]: [CHAT] < BLOCKZROCKZ> how
[21:41:08] [Client thread/INFO]: [CHAT] [AntiBad] <ANGRYKITTYS06> From orbits!
[21:41:12] [Client thread/INFO]: [CHAT] [Omega Ruby SA] < SansTheCharizard> Yes implooie?
[21:41:13] [Client thread/INFO]: [CHAT] [SA] <xYuchi> If you're offended don't complain <3
[21:41:14] [Client thread/INFO]: [CHAT] < Sansy> i met papyrus yesterday
[21:41:14] [Client thread/INFO]: [CHAT] [_1_Anonymous_1_: Object successfully summoned]
[21:41:15] [Client thread/INFO]: [CHAT] [AntiBad] <ANGRYKITTYS06> uhhg
[21:41:17] [Client thread/INFO]: [CHAT] [Omega Ruby SA] < SansTheCharizard> oh shit im dead
[21:41:17] [Client thread/INFO]: [CHAT] ItzHerbyYT left the game.
[21:41:18] [Client thread/INFO]: [CHAT] [Omega Ruby SA] < SansTheCharizard> hset
[21:41:18] [Client thread/INFO]: [CHAT] _iCorruptionMC_ left the game.
[21:41:20] [Client thread/INFO]: [CHAT] SansTheCharizard fell from a high place
[21:41:24] [Client thread/INFO]: [CHAT] [_1_Anonymous_1_: Object successfully summoned]
[21:41:25] [Client thread/INFO]: [CHAT] < BLOCKZROCKZ> CreeperSeth how
[21:41:25] [Client thread/INFO]: [CHAT] SansTheCharizard - Opping SansTheCharizard
[21:41:26] [Client thread/INFO]: [CHAT] [_1_Anonymous_1_: Object successfully summoned]
[21:41:29] [Client thread/INFO]: [CHAT] [STA] <FunkyMunky_> xYuchi, If you offended someone they have EVERY right to complain.
[21:41:38] [Client thread/INFO]: [CHAT] KSV_9 joined the game
[21:41:38] [Client thread/INFO]: [CHAT] [Omega Ruby SA] < SansTheCharizard> xYuchi
[21:41:40] [Client thread/INFO]: [CHAT] michael_1234 left the game.
[21:41:43] [Client thread/INFO]: [CHAT] [Omega Ruby SA] < SansTheCharizard> that's suspendable
[21:41:47] [Client thread/INFO]: [CHAT] [_1_Anonymous_1_: Object successfully summoned]
[21:41:56] [Client thread/INFO]: [CHAT] [ADMIN] xRubyMC [Console]: *afk*\
[21:42:00] [Client thread/INFO]: [CHAT] [Omega Ruby SA] < SansTheCharizard> o i love this music
[21:42:00] [Client thread/INFO]: [CHAT] [FunkyMunky_ -> me] I may revoke my TPaS from xYuchi. Its been like 1 week :P
[21:42:03] [Client thread/INFO]: [CHAT] < BLOCKZROCKZ> CreepazYT how
[21:42:07] [Client thread/INFO]: [CHAT] [FunkyMunky_ -> me] or however long
[21:42:09] [Client thread/INFO]: [CHAT] [ADMIN] VideoGameSmash12 [STA]: Shitstorm is approaching.
[21:42:17] [Client thread/INFO]: [CHAT] [ADMIN] SansTheCharizard [SA]: *shits a storm*
[21:42:17] [Client thread/INFO]: [CHAT] SystemZee joined the game
[21:42:23] [Client thread/INFO]: [CHAT] [ADMIN] VideoGameSmash12 [STA]: A shitstorm is approaching...
[21:42:39] [Client thread/INFO]: [CHAT] [me -> FunkyMunky_] Wait, xYuchi is your TPaS?
[21:42:39] [Client thread/INFO]: [CHAT] [AntiBad] <ANGRYKITTYS06> lalalalalalaaaaaa
[21:42:54] [Client thread/INFO]: [CHAT] [AntiBad] <ANGRYKITTYS06> I wish I could say something but I cannot D:
[21:43:02] [Client thread/INFO]: [CHAT] [Omega Ruby SA] < SansTheCharizard> does anyone here know the song "counting stars"?
[21:43:04] [Client thread/INFO]: [CHAT] < PureBoredom> I can say something!
[21:43:06] [Client thread/INFO]: [CHAT] < PureBoredom> Something
[21:43:11] [Client thread/INFO]: [CHAT] < PureBoredom> See? I said it!
[21:43:14] [Client thread/INFO]: [CHAT] [AntiBad] <ANGRYKITTYS06> Yea
[21:43:16] [Client thread/INFO]: [CHAT] [ADMIN] xYuchi [SA]: PLZZ NOT THE SHIT
[21:43:20] [Client thread/INFO]: [CHAT] [ADMIN] xYuchi [SA]: ANYTHING BUT THE SHIT
[21:43:21] [Client thread/INFO]: [CHAT] [FunkyMunky_ -> me] Ye
[21:43:22] [Client thread/INFO]: [CHAT] [Omega Ruby SA] < SansTheCharizard> you know it Angry?
[21:43:25] [Client thread/INFO]: [CHAT] < BLOCKZROCKZ> CreeperSeth how
[21:43:25] [Client thread/INFO]: [CHAT] [FunkyMunky_ -> me] he got it on march 8th
[21:43:27] [Client thread/INFO]: [CHAT] [AntiBad] <ANGRYKITTYS06> no
[21:43:28] [Client thread/INFO]: [CHAT] [ADMIN] SansTheCharizard [SA]: *shits a storn*
[21:43:32] [Client thread/INFO]: [CHAT] [ADMIN] SansTheCharizard [SA]: "storn"
[21:43:33] [Client thread/INFO]: [CHAT] [ADMIN] SansTheCharizard [SA]: yah
[21:43:35] [Client thread/INFO]: [CHAT] [ADMIN] xYuchi [SA]: NOOOOOOOOOOOOO
[21:43:37] [Client thread/INFO]: [CHAT] [ADMIN] xYuchi [SA]: xD
[21:43:44] [Client thread/INFO]: [CHAT] [me -> FunkyMunky_] Damn.
[21:43:44] [Client thread/INFO]: [CHAT] [AntiBad] <ANGRYKITTYS06> Im not really a music person :P I like a few songs though
[21:43:44] [Client thread/INFO]: [CHAT] [SA] <xYuchi> Woo woo woo, YOU KNOW IT
[21:43:46] [Client thread/INFO]: [CHAT] [SA] <xYuchi> xD
[21:43:49] [Client thread/INFO]: [CHAT] [FunkyMunky_ -> me] i may revoke it
[21:43:53] [Client thread/INFO]: [CHAT] [ADMIN] VideoGameSmash12 [STA]: Oh fuck!
[21:43:54] [Client thread/INFO]: [CHAT] [Omega Ruby SA] < SansTheCharizard> prepare for trouble
[21:43:57] [Client thread/INFO]: [CHAT] [Omega Ruby SA] < SansTheCharizard> make it double
[21:43:57] [Client thread/INFO]: [CHAT] [ADMIN] VideoGameSmash12 [STA]: I realised something
[21:43:59] [Client thread/INFO]: [CHAT] < Sansy> nooooooooo
[21:44:01] [Client thread/INFO]: [CHAT] < Sansy> NO
[21:44:01] [Client thread/INFO]: [CHAT] [Omega Ruby SA] < SansTheCharizard> oh yeah
[21:44:04] [Client thread/INFO]: [CHAT] [AntiBad] <ANGRYKITTYS06> SANIK yy
[21:44:06] [Client thread/INFO]: [CHAT] [AntiBad] <ANGRYKITTYS06> Yay!
[21:44:07] [Client thread/INFO]: [CHAT] [SA] <xYuchi> Don't forget a mcdouble
[21:44:09] [Client thread/INFO]: [CHAT] [Omega Ruby SA] < SansTheCharizard> i wont do the team rocket motto
[21:44:11] [Client thread/INFO]: [CHAT] [Omega Ruby SA] < SansTheCharizard> dont worry
[21:44:14] [Client thread/INFO]: [CHAT] MrSpaceWaffles joined the game
[21:44:14] [Client thread/INFO]: [CHAT] Welcome  Vegetable to the server!
[21:44:20] [Client thread/INFO]: [CHAT] * sk8erace1 is now AFK.
[21:44:20] [Client thread/INFO]: [CHAT] [AntiBad] <ANGRYKITTYS06> Im so tempted
[21:44:20] [Client thread/INFO]: [CHAT] DR_ANNOYING joined the game
[21:44:22] [Client thread/INFO]: [CHAT] DR_ANNOYING left the game.
[21:44:27] [Client thread/INFO]: [CHAT] *  Heyyyy is now AFK.
[21:44:27] [Client thread/INFO]: [CHAT] [Omega Ruby SA] < SansTheCharizard> don worry sansy!
[21:44:28] [Client thread/INFO]: [CHAT] [AntiBad] <ANGRYKITTYS06> But its not allowed D:
[21:44:30] [Client thread/INFO]: [CHAT] [ADMIN] VideoGameSmash12 [STA]: Just a fucking week until my 2 year anniversary
[21:44:34] [Client thread/INFO]: [CHAT] [AntiBad] <ANGRYKITTYS06> I wanna grief
[21:44:35] [Client thread/INFO]: [CHAT] [AntiBad] <ANGRYKITTYS06> jk
[21:44:35] [Client thread/INFO]: [CHAT] [ADMIN] VideoGameSmash12 [STA]: I feel old D:
[21:44:36] [Client thread/INFO]: [CHAT] [ADMIN] xYuchi [SA]: ;o
[21:44:37] [Client thread/INFO]: [CHAT] [ADMIN] SpeakerMaster [STA]: I'm pregnant.
[21:44:40] [Client thread/INFO]: [CHAT] [AntiBad] <ANGRYKITTYS06> I would never do dat
[21:44:42] [Client thread/INFO]: [CHAT] [ADMIN] SansTheCharizard [SA]: it's 14 more days till my birthday
[21:44:42] [Client thread/INFO]: [CHAT] < Sansy> team rocket mottos aren't allowed in here
[21:44:46] [Client thread/INFO]: [CHAT] [ADMIN] xYuchi [SA]: You're not old ;c
[21:44:47] [Client thread/INFO]: [CHAT] [Omega Ruby SA] < SansTheCharizard> ^
[21:44:56] [Client thread/INFO]: [CHAT] [AntiBad] <ANGRYKITTYS06> If you want to know why I put jk so fast..
[21:45:00] [Client thread/INFO]: [CHAT] [Omega Ruby SA] < SansTheCharizard> i would if i could
[21:45:03] [Client thread/INFO]: [CHAT] [ADMIN] xYuchi [SA]: my birthday is today ;p
[21:45:03] [Client thread/INFO]: [CHAT] ItzHerbyYT joined the game
[21:45:06] [Client thread/INFO]: [CHAT] [Omega Ruby SA] < SansTheCharizard> but it's counted as spam :P
[21:45:14] [Client thread/INFO]: [CHAT] [FunkyMunky_ -> me] PMed mark <3
[21:45:15] [Client thread/INFO]: [CHAT] * Harlocc is now AFK.
[21:45:19] [Client thread/INFO]: [CHAT] DR_ANNOYING joined the game
[21:45:20] [Client thread/INFO]: [CHAT] [me -> FunkyMunky_] rip
[21:45:29] [Client thread/INFO]: [CHAT] ItzHerbyYT left the game.
[21:45:31] [Client thread/INFO]: [CHAT] [AntiBad] <ANGRYKITTYS06> I don't want a admin to do /gtfo ANGRYKITTYS06 YouSaidIt!
[21:45:32] [Client thread/INFO]: [CHAT] < PureBoredom> I re-pasta'd an old spawn I made if anyone wants to see
[21:45:34] [Client thread/INFO]: [CHAT] [Girl] <SystemZee> any 1
[21:45:36] [Client thread/INFO]: [CHAT] [AntiBad] <ANGRYKITTYS06> Thats why I said jk so fast lol
[21:45:52] [Client thread/INFO]: [CHAT] *  Heyyyy is no longer AFK.
[21:45:52] [Client thread/INFO]: [CHAT] < Heyyyy> lol someone death potted me
[21:45:52] [Client thread/INFO]: [CHAT] [Omega Ruby SA] < SansTheCharizard> everyone!
[21:45:52] [Client thread/INFO]: [CHAT] <KSV_9> op me
[21:45:52] [Client thread/INFO]: [CHAT] [AntiBad] <ANGRYKITTYS06> Wat
[21:45:52] [Client thread/INFO]: [CHAT] Mqxii joined the game
[21:45:52] [Client thread/INFO]: [CHAT] Welcome  Maxii to the server!
[21:45:52] [Client thread/INFO]: [CHAT] Awesome_Lukas - Opping KSV_9
[21:45:52] [Client thread/INFO]: [CHAT] [Omega Ruby SA] < SansTheCharizard> i'm spamming! http://www.oliverthring.com/wp-content/uploads/2010/10/spam.jpg
[21:45:52] [Client thread/INFO]: [CHAT] [Omega Ruby SA] < SansTheCharizard> XD
[21:45:52] [Client thread/INFO]: [CHAT] ItzHerbyYT joined the game
[21:46:04] [Client thread/INFO]: [CHAT] <KSV_9> just realized i wasnt op
[21:46:08] [Client thread/INFO]: [CHAT] [Omega Ruby SA] < SansTheCharizard> you are OP
[21:46:12] [Client thread/INFO]: [CHAT] [AntiBad] <ANGRYKITTYS06> SansTheCharizard stop!
[21:46:13] [Client thread/INFO]: [CHAT] <KSV_9> ow
[21:46:14] [Client thread/INFO]: [CHAT] [AntiBad] <ANGRYKITTYS06> Spamming!
[21:46:17] [Client thread/INFO]: [CHAT] [Omega Ruby SA] < SansTheCharizard> :p
[21:46:23] [Client thread/INFO]: [CHAT] [AntiBad] <ANGRYKITTYS06> Oooo
[21:46:25] [Client thread/INFO]: [CHAT] [AntiBad] <ANGRYKITTYS06> Nvm
[21:46:28] [Client thread/INFO]: [CHAT] [AntiBad] <ANGRYKITTYS06> Continue
[21:46:28] [Client thread/INFO]: [CHAT] < CreepazYT> look at me go up
[21:46:28] [Client thread/INFO]: [CHAT] < PureBoredom> I eat spam like you for breakfast
[21:46:36] [Client thread/INFO]: [CHAT] [AntiBad] <ANGRYKITTYS06> Now I got a burger woo woo
[21:46:36] [Client thread/INFO]: [CHAT] [Omega Ruby SA] < SansTheCharizard> (?° ?? ?°)
[21:46:38] [Client thread/INFO]: [CHAT] < Sansy> omg i love spam
[21:46:41] [Client thread/INFO]: [CHAT] [Omega Ruby SA] < SansTheCharizard> ikr
[21:46:44] [Client thread/INFO]: [CHAT] vardilomon left the game.
[21:46:45] [Client thread/INFO]: [CHAT] [ADMIN] VideoGameSmash12 [STA]: https://youtu.be/-b5X69vREAg
[21:46:45] [Client thread/INFO]: [CHAT] [Omega Ruby SA] < SansTheCharizard> spamming is amazing
[21:46:48] [Client thread/INFO]: [CHAT] [PvP-Master] < Vegetable> SansTheCharizard how u make that face?
[21:46:48] [Client thread/INFO]: [CHAT] < Sansy> i like to eat it
[21:46:50] [Client thread/INFO]: [CHAT] * Hirostarz is now AFK.
[21:46:50] [Client thread/INFO]: [CHAT] [ADMIN] VideoGameSmash12 [STA]: Shitstorm theme
[21:46:54] [Client thread/INFO]: [CHAT] [Omega Ruby SA] < SansTheCharizard> vegetable
[21:46:58] [Client thread/INFO]: [CHAT] [PvP-Master] < Vegetable> yes?
[21:47:02] [Client thread/INFO]: [CHAT] [Omega Ruby SA] < SansTheCharizard> it's because ash ketchum is lenny
[21:47:04] [Client thread/INFO]: [CHAT] <CreeperSeth> got it
[21:47:05] [Client thread/INFO]: [CHAT] *  MikeTrapp is now AFK.
[21:47:06] [Client thread/INFO]: [CHAT] [Omega Ruby SA] < SansTheCharizard> and im ash ketchums pokemon
[21:47:07] [Client thread/INFO]: [CHAT] [Omega Ruby SA] < SansTheCharizard> (?° ?? ?°)
[21:47:16] [Client thread/INFO]: [CHAT] <CreeperSeth> ish
[21:47:17] [Client thread/INFO]: [CHAT] CommandSpy enabled.
[21:47:19] [Client thread/INFO]: [CHAT] ItzHerbyYT: /speed 0
[21:47:25] [Client thread/INFO]: [CHAT] [TotalFreedom] Spawn killing is forbidden!
[21:47:36] [Client thread/INFO]: [CHAT] CreeperSeth: /fly
[21:47:38] [Client thread/INFO]: [CHAT] SystemZee: /me say 123 if u are a girl!
[21:47:38] [Client thread/INFO]: [CHAT] * SystemZee say 123 if u are a girl!
[21:47:39] [Client thread/INFO]: [CHAT] BlueVsRed12: /msg sansthecharizard I re-pasta'd an old spawn if you want to make it the new spawn
[21:47:43] [Client thread/INFO]: [CHAT] < BLOCKZROCKZ> 123
[21:47:43] [Client thread/INFO]: [CHAT] < Sansy> 321
[21:47:47] [Client thread/INFO]: [CHAT] <DR_ANNOYING> 321
[21:47:48] [Client thread/INFO]: [CHAT] < PureBoredom> 456
[21:47:49] [Client thread/INFO]: [CHAT] [Omega Ruby SA] < SansTheCharizard> 321
[21:47:50] [Client thread/INFO]: [CHAT] ItzHerbyYT: /speed 5
[21:47:50] [Client thread/INFO]: [CHAT] [STA] < Raven> 134
[21:47:51] [Client thread/INFO]: [CHAT] CreeperSeth: /fly
[21:47:51] [Client thread/INFO]: [CHAT] [PvP-Master] < Vegetable> whats up Sansy
[21:47:54] [Client thread/INFO]: [CHAT] [STA] < Raven> 123*
[21:47:54] [Client thread/INFO]: [CHAT] CreeperSeth: /fly
[21:47:54] [Client thread/INFO]: [CHAT] KSV_9 left the game.
[21:47:54] [Client thread/INFO]: [CHAT] MrSpaceWaffles: /tpa Sansy
[21:47:55] [Client thread/INFO]: [CHAT] Mqxii: /speed ItzHerbyYT 0
[21:47:56] [Client thread/INFO]: [CHAT] [Omega Ruby SA] < SansTheCharizard> whats up
[21:47:58] [Client thread/INFO]: [CHAT] < PureBoredom> abc
[21:47:58] [Client thread/INFO]: [CHAT] <DR_ANNOYING> dt
[21:47:59] [Client thread/INFO]: [CHAT] Implo_: /tpaccept
[21:48:00] [Client thread/INFO]: [CHAT] <DR_ANNOYING> 321
[21:48:01] [Client thread/INFO]: [CHAT] [ADMIN] FunkyMunky_ [STA]: GTG imma go do something with this tooth.
[21:48:02] [Client thread/INFO]: [CHAT] < Sansy> hi vegetable
[21:48:07] [Client thread/INFO]: [CHAT] FunkyMunky_ left the game.
[21:48:08] [Client thread/INFO]: [CHAT] [Omega Ruby SA] < SansTheCharizard> hi
[21:48:08] [Client thread/INFO]: [CHAT] BlueVsRed12: /near
[21:48:10] [Client thread/INFO]: [CHAT] [PvP-Master] < Vegetable> hi Implo
[21:48:10] [Client thread/INFO]: [CHAT] SystemZee: /tp blockzrockz
[21:48:12] [Client thread/INFO]: [CHAT] Mqxii left the game.
[21:48:15] [Client thread/INFO]: [CHAT] MrSpaceWaffles: /skin change Implo_
[21:48:18] [Client thread/INFO]: [CHAT] [PvP-Master] < Vegetable> remember me?
[21:48:19] [Client thread/INFO]: [CHAT] SystemZee: /tp blockzrockz
[21:48:21] [Client thread/INFO]: [CHAT] < Sansy> mhm
[21:48:23] [Client thread/INFO]: [CHAT] _1_Anonymous_1_: /skin change SkyTheKidRS
[21:48:24] [Client thread/INFO]: [CHAT] ItzHerbyYT left the game.
[21:48:26] [Client thread/INFO]: [CHAT] [Omega Ruby SA] < SansTheCharizard> everyone im so nice i will kindly give you all my password
[21:48:26] [Client thread/INFO]: [CHAT] SystemZee: /tp blockzrockz
[21:48:30] [Client thread/INFO]: [CHAT] SystemZee: /tp blockzrockz
[21:48:36] [Client thread/INFO]: [CHAT] < Sansy> when shooting an arrow i sometimes hold my knife or a bone
[21:48:36] [Client thread/INFO]: [CHAT] [PvP-Master] < Vegetable> we team in pvp in /warp PVP2
[21:48:40] [Client thread/INFO]: [CHAT] <CreeperSeth> i gtg
[21:48:40] [Client thread/INFO]: [CHAT] _1_Anonymous_1_: /skin change Creeper
[21:48:43] [Client thread/INFO]: [CHAT] * Hirostarz is no longer AFK.
[21:48:43] [Client thread/INFO]: [CHAT] Hirostarz: /tpo sansy
[21:48:48] [Client thread/INFO]: [CHAT] _1_Anonymous_1_: /skin change Creeper
[21:48:48] [Client thread/INFO]: [CHAT] BlocksRocks82: /afk
[21:48:48] [Client thread/INFO]: [CHAT] *  BLOCKZROCKZ is now AFK.
[21:48:48] [Client thread/INFO]: [CHAT] *  BLOCKZROCKZ is no longer AFK.
[21:48:50] [Client thread/INFO]: [CHAT] CreeperSeth: /fly
[21:48:50] [Client thread/INFO]: [CHAT] BlocksRocks82: /afk
[21:48:50] [Client thread/INFO]: [CHAT] *  BLOCKZROCKZ is now AFK.
[21:48:51] [Client thread/INFO]: [CHAT] Hirostarz: /who
[21:48:51] [Client thread/INFO]: [CHAT] *  BLOCKZROCKZ is no longer AFK.
[21:48:52] [Client thread/INFO]: [CHAT] <CreeperSeth> bai
[21:48:52] [Client thread/INFO]: [CHAT] _1_Anonymous_1_: /skin change Creeper
[21:48:53] [Client thread/INFO]: [CHAT] BlocksRocks82: /afkw
[21:48:54] [Client thread/INFO]: [CHAT] <Hirostarz> SansTheCharizard
[21:48:56] [Client thread/INFO]: [CHAT] BlocksRocks82: /afk
[21:48:56] [Client thread/INFO]: [CHAT] *  BLOCKZROCKZ is now AFK.
[21:48:56] [Client thread/INFO]: [CHAT] *  BLOCKZROCKZ is no longer AFK.
[21:48:58] [Client thread/INFO]: [CHAT] BlocksRocks82: /afk
[21:48:58] [Client thread/INFO]: [CHAT] *  BLOCKZROCKZ is now AFK.
[21:48:58] [Client thread/INFO]: [CHAT] *  BLOCKZROCKZ is no longer AFK.
[21:48:59] [Client thread/INFO]: [CHAT] _1_Anonymous_1_: /skin change Creeper
[21:48:59] [Client thread/INFO]: [CHAT] BlocksRocks82: /afk
[21:48:59] [Client thread/INFO]: [CHAT] *  BLOCKZROCKZ is now AFK.
[21:49:00] [Client thread/INFO]: [CHAT] *  BLOCKZROCKZ is no longer AFK.
[21:49:01] [Client thread/INFO]: [CHAT] < Sansy> then it says shot by Implo_ using [Sans' Bone/Knife]
[21:49:01] [Client thread/INFO]: [CHAT] BlocksRocks82: /afk
[21:49:01] [Client thread/INFO]: [CHAT] *  BLOCKZROCKZ is now AFK.
[21:49:02] [Client thread/INFO]: [CHAT] *  BLOCKZROCKZ is no longer AFK.
[21:49:03] [Client thread/INFO]: [CHAT] BlocksRocks82: /afk
[21:49:03] [Client thread/INFO]: [CHAT] *  BLOCKZROCKZ is now AFK.
[21:49:03] [Client thread/INFO]: [CHAT] < PureBoredom> Spam
[21:49:04] [Client thread/INFO]: [CHAT] *  BLOCKZROCKZ is no longer AFK.
[21:49:04] [Client thread/INFO]: [CHAT] CreeperSeth left the game.
[21:49:11] [Client thread/INFO]: [CHAT] [Omega Ruby SA] < SansTheCharizard> password; ieatpancakesandtheytastesogoodthatithrowtheminthetrashafterieatthem
[21:49:11] [Client thread/INFO]: [CHAT] BlocksRocks82: /afk
[21:49:11] [Client thread/INFO]: [CHAT] *  BLOCKZROCKZ is now AFK.
[21:49:11] [Client thread/INFO]: [CHAT] < Sansy> and stop it
[21:49:11] [Client thread/INFO]: [CHAT] *  BLOCKZROCKZ is no longer AFK.
[21:49:11] [Client thread/INFO]: [CHAT] <Hirostarz> is it illegal to tp to anyone?
[21:49:12] [Client thread/INFO]: [CHAT] [Omega Ruby SA] < SansTheCharizard> spam
[21:49:13] [Client thread/INFO]: [CHAT] [AntiBad] <ANGRYKITTYS06> https://encrypted-tbn2.gstatic.com/images?q=tbn:ANd9GcQWI1MbFzrmiiGgqEqbEY-ltb2TsHD2BnfAJuF5hf_Dj-Xa
[21:49:30] [Client thread/INFO]: [CHAT] [AntiBad] <ANGRYKITTYS06> This needs to be tfs thumbnail :P
[21:49:31] [Client thread/INFO]: [CHAT] Hirostarz: /msg SansTheCharizard is it illegal to tp to random people without asking
[21:49:31] [Client thread/INFO]: [CHAT] crazyguy6578 joined the game
[21:49:31] [Client thread/INFO]: [CHAT] Welcome crazyguy6578 to the server!
[21:49:35] [Client thread/INFO]: [CHAT] [AntiBad] <ANGRYKITTYS06> Im stopping griefers
[21:49:37] [Client thread/INFO]: [CHAT] [AntiBad] <ANGRYKITTYS06> Yay
[21:49:40] [Client thread/INFO]: [CHAT] DR_ANNOYING: /tp crazy
[21:49:42] [Client thread/INFO]: [CHAT] <crazyguy6578> hi :D
[21:49:42] [Client thread/INFO]: [CHAT] < BLOCKZROCKZ> spongebob smokes seaweed
[21:49:45] [Client thread/INFO]: [CHAT] Hirostarz: /r k
[21:49:47] [Client thread/INFO]: [CHAT] Pussy_Licker joined the game
[21:49:48] [Client thread/INFO]: [CHAT] Welcome Pussy_Licker to the server!
[21:49:48] [Client thread/INFO]: [CHAT] < Sansy> kk
[21:49:48] [Client thread/INFO]: [CHAT] [Omega Ruby SA] < SansTheCharizard> spongeboob
[21:49:49] [Client thread/INFO]: [CHAT] < Sansy> ty sans
[21:49:49] [Client thread/INFO]: [CHAT] < PureBoredom> Admins; I re-pasta'd an old spawn I made if anyone wants to set it as spawn
[21:49:49] [Client thread/INFO]: [CHAT] [AntiBad] <ANGRYKITTYS06> Oh
[21:49:50] [Client thread/INFO]: [CHAT] crazyguy6578: /msg DR_ANNOYING Hi :D
[21:49:54] [Client thread/INFO]: [CHAT] Hirostarz: /r but everyone is an admin
[21:49:55] [Client thread/INFO]: [CHAT] <Pussy_Licker> hi
[21:49:56] [Client thread/INFO]: [CHAT] < Sansy> i copied the password
[21:49:59] [Client thread/INFO]: [CHAT] Hirostarz: /r ur a super admin -_-
[21:50:03] [Client thread/INFO]: [CHAT] [AntiBad] <ANGRYKITTYS06> Image link too long
[21:50:03] [Client thread/INFO]: [CHAT] DR_ANNOYING: /msg crazy do i know i
[21:50:04] [Client thread/INFO]: [CHAT] <Pussy_Licker> bai
[21:50:05] [Client thread/INFO]: [CHAT] <Pussy_Licker> xD
[21:50:07] [Client thread/INFO]: [CHAT] DR_ANNOYING: /msg crazy do i know u
[21:50:07] [Client thread/INFO]: [CHAT] [AntiBad] <ANGRYKITTYS06> Damnit
[21:50:08] [Client thread/INFO]: [CHAT] Hirostarz: /r Super lel
[21:50:08] [Client thread/INFO]: [CHAT] Pussy_Licker left the game.
[21:50:08] [Client thread/INFO]: [CHAT] Gamerz_4_Life joined the game
[21:50:09] [Client thread/INFO]: [CHAT] Welcome  AwesomeYTGamer to the server!
[21:50:09] [Client thread/INFO]: [CHAT] < Sansy> now i can paste it in my private group
[21:50:11] [Client thread/INFO]: [CHAT] crazyguy6578: /r ya :D
[21:50:18] [Client thread/INFO]: [CHAT] [Omega Ruby SA] < SansTheCharizard> Sansy
[21:50:19] [Client thread/INFO]: [CHAT] < AwesomeYTGamer> xD
[21:50:19] [Client thread/INFO]: [CHAT] crazyguy6578: /skin
[21:50:20] [Client thread/INFO]: [CHAT] DR_ANNOYING: /msg crazy whats ur ip
[21:50:21] [Client thread/INFO]: [CHAT] SystemZee: /tp Awesome_Lukas
[21:50:22] [Client thread/INFO]: [CHAT] < Sansy> dont worry
[21:50:24] [Client thread/INFO]: [CHAT] BlueVsRed12: /realname awesomeYTGamer
[21:50:24] [Client thread/INFO]: [CHAT] crazyguy6578: /skin help
[21:50:27] [Client thread/INFO]: [CHAT] DR_ANNOYING: /msg crazy whats ur ip for ur server
[21:50:27] [Client thread/INFO]: [CHAT] crazyguy6578: /r 158.69.54.213:40151
[21:50:27] [Client thread/INFO]: [CHAT] < Sansy> the private group only has me
[21:50:28] [Client thread/INFO]: [CHAT] < Sansy> c:
[21:50:28] [Client thread/INFO]: [CHAT] jeb_ joined the game
[21:50:30] [Client thread/INFO]: [CHAT] Welcome jeb_ to the server!
[21:50:30] [Client thread/INFO]: [CHAT] [Omega Ruby SA] < SansTheCharizard> are you (?° ?? ?°)'s brother?
[21:50:34] [Client thread/INFO]: [CHAT] < BLOCKZROCKZ> i once saw sponge bob smokeing seaweed
[21:50:34] [Client thread/INFO]: [CHAT] SystemZee: /tp AwesomeYTGamer
[21:50:38] [Client thread/INFO]: [CHAT] [Omega Ruby SA] < SansTheCharizard> same
[21:50:39] [Client thread/INFO]: [CHAT] < Sansy> i smoke w33d
[21:50:39] [Client thread/INFO]: [CHAT] * xYuchi is now AFK.
[21:50:39] [Client thread/INFO]: [CHAT] crazyguy6578: /skin set DR_ANNOYING
[21:50:42] [Client thread/INFO]: [CHAT] xYuchi left the game.
[21:50:46] [Client thread/INFO]: [CHAT] <jeb_> im a fake jeb btw
[21:50:46] [Client thread/INFO]: [CHAT] < AwesomeYTGamer> lol
[21:50:46] [Client thread/INFO]: [CHAT] <crazyguy6578> OP ME
[21:50:47] [Client thread/INFO]: [CHAT] < Sansy> nvm
[21:50:47] [Client thread/INFO]: [CHAT] < AwesomeYTGamer> XD
[21:50:48] [Client thread/INFO]: [CHAT] < Sansy> i dont
[21:50:49] [Client thread/INFO]: [CHAT] <crazyguy6578> OP ME!!
[21:50:49] [Client thread/INFO]: [CHAT] Gamerz_4_Life: /op
[21:50:53] [Client thread/INFO]: [CHAT] [AntiBad] <ANGRYKITTYS06> sowwy i am dumb
[21:50:54] [Client thread/INFO]: [CHAT] < BLOCKZROCKZ> smoke weed everyday
[21:50:55] [Client thread/INFO]: [CHAT] ANGRYKITTYS06: /suicide
[21:50:55] [Client thread/INFO]: [CHAT] ANGRYKITTYS06 died
[21:50:55] [Client thread/INFO]: [CHAT] Player ANGRYKITTYS06 took their own life.
[21:50:57] [Client thread/INFO]: [CHAT] [ADMIN] SpeakerMaster [STA]: http://i.imgur.com/RaXNaNY.jpg
[21:50:59] [Client thread/INFO]: [CHAT] DR_ANNOYING: /msg crazy go to ur server
[21:50:59] [Client thread/INFO]: [CHAT] <jeb_> Notch
[21:51:01] [Client thread/INFO]: [CHAT] [Omega Ruby SA] < Spongebob> i'm smoking seaweed (?° ?? ?°)
[21:51:04] [Client thread/INFO]: [CHAT] <jeb_> admire my handsome beard
[21:51:05] [Client thread/INFO]: [CHAT] crazyguy6578: /r kk see ya ::P
[21:51:05] [Client thread/INFO]: [CHAT] < Sansy> o3o
[21:51:07] [Client thread/INFO]: [CHAT] DR_ANNOYING left the game.
[21:51:07] [Client thread/INFO]: [CHAT] crazyguy6578 left the game.
[21:51:08] [Client thread/INFO]: [CHAT] BlueVsRed12: /up 1
[21:51:10] [Client thread/INFO]: [CHAT] * sk8erace1 is no longer AFK.
[21:51:11] [Client thread/INFO]: [CHAT] Implo_: /tpa sponge
[21:51:13] [Client thread/INFO]: [CHAT] [AntiBad] <ANGRYKITTYS06> Im smoking Seaweed boi
[21:51:15] [Client thread/INFO]: [CHAT] < Sansy> i didn
[21:51:17] [Client thread/INFO]: [CHAT] Gamerz_4_Life: /help
[21:51:19] [Client thread/INFO]: [CHAT] Gamerz_4_Life: /help 2
[21:51:26] [Client thread/INFO]: [CHAT] [AntiBad] <ANGRYKITTYS06> I went into the sea
[21:51:28] [Client thread/INFO]: [CHAT] < Sansy> i didn't know a charizard can evolve into a spongebob
[21:51:29] [Client thread/INFO]: [CHAT] ItzEnderzYT joined the game
[21:51:30] [Client thread/INFO]: [CHAT] Welcome ItzEnderzYT to the server!
[21:51:30] [Client thread/INFO]: [CHAT] [Omega Ruby SA] < Spongebob> http://i.imgur.com/RaXNaNY.jpg wtf
[21:51:31] [Client thread/INFO]: [CHAT] < BLOCKZROCKZ> he was smokeing winDOPE
[21:51:33] [Client thread/INFO]: [CHAT] Gamerz_4_Life: /depth
[21:51:36] [Client thread/INFO]: [CHAT] [AntiBad] <ANGRYKITTYS06> To buy seaweed from spongebob
[21:51:39] [Client thread/INFO]: [CHAT] _1_Anonymous_1_: /difficulty easy
[21:51:39] [Client thread/INFO]: [CHAT] [_1_Anonymous_1_: Set game difficulty to Easy]
[21:51:42] [Client thread/INFO]: [CHAT] < PureBoredom> You think you're above consequences
[21:51:43] [Client thread/INFO]: [CHAT] Gamerz_4_Life: /depth
[21:51:46] [Client thread/INFO]: [CHAT] Gamerz_4_Life: /depth
[21:51:49] [Client thread/INFO]: [CHAT] [Omega Ruby SA] < Spongebob> meow
[21:51:50] [Client thread/INFO]: [CHAT] Gamerz_4_Life: /depth
[21:51:53] [Client thread/INFO]: [CHAT] Gamerz_4_Life: /depth
[21:52:00] [Client thread/INFO]: [CHAT] Gamerz_4_Life: /depth
[21:52:00] [Client thread/INFO]: [CHAT] [AntiBad] <ANGRYKITTYS06> Lol jk
[21:52:03] [Client thread/INFO]: [CHAT] *  CreepazYT is now AFK.
[21:52:04] [Client thread/INFO]: [CHAT] jeb_: /list
[21:52:04] [Client thread/INFO]: [CHAT] [AntiBad] <ANGRYKITTYS06> I hate seaweed
[21:52:05] [Client thread/INFO]: [CHAT] DJawesomeYT joined the game
[21:52:05] [Client thread/INFO]: [CHAT] Welcome DJawesomeYT to the server!
[21:52:05] [Client thread/INFO]: [CHAT] BlueVsRed12: /up 100
[21:52:08] [Client thread/INFO]: [CHAT] [Omega Ruby SA] < Spongebob> fack me
[21:52:08] [Client thread/INFO]: [CHAT] ItzEnderzYT: /tag set &0&l[&7&lYou&4&lTube&0&l]
[21:52:08] [Client thread/INFO]: [CHAT] jeb_: /list -f
[21:52:09] [Client thread/INFO]: [CHAT] Gamerz_4_Life: /depth
[21:52:11] [Client thread/INFO]: [CHAT] [AntiBad] <ANGRYKITTYS06> Because
[21:52:12] [Client thread/INFO]: [CHAT] Gamerz_4_Life: /depth
[21:52:15] [Client thread/INFO]: [CHAT] [AntiBad] <ANGRYKITTYS06> I have to get wet for it
[21:52:19] [Client thread/INFO]: [CHAT] [Omega Ruby SA] < Spongebob> :P
[21:52:21] [Client thread/INFO]: [CHAT] Gamerz_4_Life: /depth
[21:52:26] [Client thread/INFO]: [CHAT] [AntiBad] <ANGRYKITTYS06> And I have never been able to try it because of dat
[21:52:28] [Client thread/INFO]: [CHAT] Gamerz_4_Life: /help 3
[21:52:29] [Client thread/INFO]: [CHAT] <jeb_> Now I need to get back to work I am going to add toilets to the game
[21:52:29] [Client thread/INFO]: [CHAT] ItzEnderzYT: /spawn
[21:52:35] [Client thread/INFO]: [CHAT] < Sansy> self-raping child
[21:52:35] [Client thread/INFO]: [CHAT] * VideoGameSmash12 is now AFK.
[21:52:35] [Client thread/INFO]: [CHAT] jeb_: /clear
[21:52:35] [Client thread/INFO]: [CHAT] [AntiBad] <ANGRYKITTYS06> jeb_
[21:52:37] [Client thread/INFO]: [CHAT] < Sansy> wtf ad.
[21:52:37] [Client thread/INFO]: [CHAT] Gamerz_4_Life: /pay
[21:52:38] [Client thread/INFO]: [CHAT] [Omega Ruby SA] < Spongebob> XD
[21:52:38] [Client thread/INFO]: [CHAT] MrSpaceWaffles: /give MrSpaceWaffles {Unbreakable},dsword 64 {ench:[{id:16,lvl:127}]},{ench:[{id:19,lvl:32767]}]
[21:52:39] [Client thread/INFO]: [CHAT] < Sansy> WTF.
[21:52:42] [Client thread/INFO]: [CHAT] HannSern2003 joined the game
[21:52:42] [Client thread/INFO]: [CHAT] BlueVsRed12: /skin change sans
[21:52:43] [Client thread/INFO]: [CHAT] Gamerz_4_Life: /pay ANGRYKITTYS06 10
[21:52:43] [Client thread/INFO]: [CHAT] MrSpaceWaffles: /give MrSpaceWaffles {Unbreakable}, dsword 64 {ench:[{id:16,lvl:127}]},{ench:[{id:19,lvl:32767]}]
[21:52:45] [Client thread/INFO]: [CHAT] Implo_: /back
[21:52:46] [Client thread/INFO]: [CHAT] [AntiBad] <ANGRYKITTYS06> Stop with the alts notch
[21:52:47] [Client thread/INFO]: [CHAT] [Omega Ruby SA] < Spongebob> wait
[21:52:47] [Client thread/INFO]: [CHAT] < Heyyyy> Hey Hann
[21:52:47] [Client thread/INFO]: [CHAT] Gamerz_4_Life: /pay ANGRYKITTYS06
[21:52:48] [Client thread/INFO]: [CHAT] Gamerz_4_Life: /pay ANGRYKITTYS060
[21:52:49] [Client thread/INFO]: [CHAT] <jeb_> Thats CreeperSeth to you xD
[21:52:49] [Client thread/INFO]: [CHAT] Gamerz_4_Life: /pay ANGRYKITTYS06 0
[21:52:49] [Client thread/INFO]: [CHAT] < PureBoredom> best skin ever
[21:52:50] [Client thread/INFO]: [CHAT] MrSpaceWaffles: /give MrSpaceWaffles {Unbreakable}dsword 64 {ench:[{id:16,lvl:127}]},{ench:[{id:19,lvl:32767]}]
[21:52:50] [Client thread/INFO]: [CHAT] [AntiBad] <ANGRYKITTYS06> Alting as jeb_
[21:52:51] [Client thread/INFO]: [CHAT] [Omega Ruby SA] < Spongebob> how do you rape your self?
[21:52:54] [Client thread/INFO]: [CHAT] Gamerz_4_Life: /pay ANGRYKITTYS06 1
[21:52:54] [Client thread/INFO]: [CHAT] _1_Anonymous_1_: /enchant addall
[21:52:54] [Client thread/INFO]: [CHAT] [Omega Ruby SA] < Spongebob> i wanna know
[21:52:55] [Client thread/INFO]: [CHAT] DreamDweaver23 joined the game
[21:52:56] [Client thread/INFO]: [CHAT] Welcome  YoloMaster to the server!
[21:52:58] [Client thread/INFO]: [CHAT] ItzEnderzYT: /warp
[21:52:58] [Client thread/INFO]: [CHAT] MrSpaceWaffles: /give MrSpaceWaffles {Unbreakable} ,dsword 64 {ench:[{id:16,lvl:127}]},{ench:[{id:19,lvl:32767]}]
[21:52:59] [Client thread/INFO]: [CHAT] Implo_: /tpa sponge
[21:53:03] [Client thread/INFO]: [CHAT] ItzEnderzYT: /warp Pvp
[21:53:03] [Client thread/INFO]: [CHAT] <jeb_> Im CreeperSeth xD
[21:53:04] [Client thread/INFO]: [CHAT] _1_Anonymous_1_: /enchant add Sharpness 5
[21:53:06] [Client thread/INFO]: [CHAT] Awesome_Lukas: /spawn
[21:53:07] [Client thread/INFO]: [CHAT] MrSpaceWaffles: /give MrSpaceWaffles ,dsword 64 {ench:[{id:16,lvl:127}]},{ench:[{id:19,lvl:32767]}]
[21:53:07] [Client thread/INFO]: [CHAT] [AntiBad] <ANGRYKITTYS06> Notch why did you alt as jeb_ just when you got banned boi?
[21:53:08] [Client thread/INFO]: [CHAT] < YoloMaster> Sans
[21:53:11] [Client thread/INFO]: [CHAT] DJawesomeYT: /warp pvp
[21:53:11] [Client thread/INFO]: [CHAT] [STA] < Raven> by masturbation apprently.
[21:53:12] [Client thread/INFO]: [CHAT] HannSern2003 left the game.
[21:53:12] [Client thread/INFO]: [CHAT] < Sansy> wut
[21:53:12] [Client thread/INFO]: [CHAT] MrSpaceWaffles: /give MrSpaceWaffles dsword 64 {ench:[{id:16,lvl:127}]},{ench:[{id:19,lvl:32767]}]
[21:53:13] [Client thread/INFO]: [CHAT] [Omega Ruby SA] < Spongebob> mhm?
[21:53:13] [Client thread/INFO]: [CHAT] < BLOCKZROCKZ> gaaaay
[21:53:16] [Client thread/INFO]: [CHAT] [AntiBad] <ANGRYKITTYS06> Yes I caught you
[21:53:18] [Client thread/INFO]: [CHAT] Gamerz_4_Life: /nick AwsomeYTGGGGGGGGGGGGGGAAAAAAAAAAAAAA
[21:53:18] [Client thread/INFO]: [CHAT] [Omega Ruby SA] < Spongebob> gay
[21:53:19] [Client thread/INFO]: [CHAT] < Heyyyy> Did someone Greif Spawn?
[21:53:19] [Client thread/INFO]: [CHAT] <jeb_> Dude im CreeperSeth
[21:53:19] [Client thread/INFO]: [CHAT] ItzEnderzYT: /kit pvp
[21:53:20] [Client thread/INFO]: [CHAT] MrSpaceWaffles: /give MrSpaceWaffles dsword 64 {ench:[{id:16,lvl:127}]}
[21:53:21] [Client thread/INFO]: [CHAT] BlueVsRed12 left the game.
[21:53:22] [Client thread/INFO]: [CHAT] [AntiBad] <ANGRYKITTYS06> Ik
[21:53:23] [Client thread/INFO]: [CHAT] <jeb_> Ill even verifiy it
[21:53:24] [Client thread/INFO]: [CHAT] DreamDweaver23: /msg SansTheCharizard Sans
[21:53:25] [Client thread/INFO]: [CHAT] ImADerpGamer joined the game
[21:53:27] [Client thread/INFO]: [CHAT] [AntiBad] <ANGRYKITTYS06> I know
[21:53:28] [Client thread/INFO]: [CHAT] ItzEnderzYT: /gmc
[21:53:31] [Client thread/INFO]: [CHAT] MrSpaceWaffles: /give MrSpaceWaffles dsword 64 {ench:[{id:16,lvl:32767}]}
[21:53:31] [Client thread/INFO]: [CHAT] ItzEnderzYT fell out of the world
[21:53:32] [Client thread/INFO]: [CHAT] < BLOCKZROCKZ> patrick is a gaylord
[21:53:35] [Client thread/INFO]: [CHAT] [AntiBad] <ANGRYKITTYS06> I kidding lol
[21:53:36] [Client thread/INFO]: [CHAT] _1_Anonymous_1_: /i diamond 1 name:&3&lDiamond_Knuckles
[21:53:36] [Client thread/INFO]: [CHAT] <jeb_> The rules said I could
[21:53:37] [Client thread/INFO]: [CHAT] [Omega Ruby SA] < Spongebob> no i am
[21:53:38] [Client thread/INFO]: [CHAT] DreamDweaver23: /r can you unban me from the server
[21:53:39] [Client thread/INFO]: [CHAT] ItzEnderzYT: /warp pvp
[21:53:42] [Client thread/INFO]: [CHAT] <ImADerpGamer> hi SansTheCharizard
[21:53:45] [Client thread/INFO]: [CHAT] MrSpaceWaffles: /give MrSpaceWaffles stick 64 {ench:[{id:19,lvl:32767}]}
[21:53:46] [Client thread/INFO]: [CHAT] jeb_: /speed 1
[21:53:48] [Client thread/INFO]: [CHAT] ItzEnderzYT: /help kit
[21:53:48] [Client thread/INFO]: [CHAT] [Omega Ruby SA] < Spongebob> hi
[21:53:49] [Client thread/INFO]: [CHAT] DreamDweaver23: /r rosa banned ,e for some reason
[21:53:52] [Client thread/INFO]: [CHAT] ItzEnderzYT: /kittycannon
[21:53:55] [Client thread/INFO]: [CHAT] ANGRYKITTYS06: /potion add INCREASE_DAMAGE 100000 255
[21:53:55] [Client thread/INFO]: [CHAT] < YoloMaster> ImADerpGamer
[21:53:56] [Client thread/INFO]: [CHAT] SystemZee: /speed 4
[21:53:57] [Client thread/INFO]: [CHAT] ItzEnderzYT: /kit
[21:53:57] [Client thread/INFO]: [CHAT] HannSern2003 joined the game
[21:53:59] [Client thread/INFO]: [CHAT] <ImADerpGamer> yeah?
[21:54:00] [Client thread/INFO]: [CHAT] *  MikeTrapp is no longer AFK.
[21:54:00] [Client thread/INFO]: [CHAT] ItzEnderzYT: /kit youtube
[21:54:02] [Client thread/INFO]: [CHAT] < YoloMaster> remmember me
[21:54:05] [Client thread/INFO]: [CHAT] Hirostarz: /flyspeed 2
[21:54:06] [Client thread/INFO]: [CHAT] creepergod222: /tp -112 690 -907
[21:54:07] [Client thread/INFO]: [CHAT] <ImADerpGamer> No
[21:54:08] [Client thread/INFO]: [CHAT] < BLOCKZROCKZ> did u know flowers smoke flower pot
[21:54:08] [Client thread/INFO]: [CHAT] _1_Anonymous_1_: /i name_tag 1 name:&3&lDiamond_witch
[21:54:09] [Client thread/INFO]: [CHAT] DreamDweaver23: /r :/
[21:54:09] [Client thread/INFO]: [CHAT] < Sansy> sans became a slenderman
[21:54:10] [Client thread/INFO]: [CHAT] <jeb_> who should I imposter next?
[21:54:18] [Client thread/INFO]: [CHAT] < BLOCKZROCKZ> did u know flowers smoke flower pot!!!
[21:54:19] [Client thread/INFO]: [CHAT] [Omega Ruby SA] < Spongebob> wtf im trying out skins
[21:54:26] [Client thread/INFO]: [CHAT] Awesome_Lukas: /seen jeb_
[21:54:27] [Client thread/INFO]: [CHAT] SystemZee: /tp spongebob
[21:54:28] [Client thread/INFO]: [CHAT] DreamDweaver23: /r the reason is not 2 hoursse yet bitch
[21:54:28] [Client thread/INFO]: [CHAT] DJawesomeYT: /warp pvp
[21:54:30] [Client thread/INFO]: [CHAT] < Sansy> charizard > spongebob > slenderman > enderman
[21:54:31] [Client thread/INFO]: [CHAT] <ImADerpGamer> tell me one time i was talking to you
[21:54:31] [Client thread/INFO]: [CHAT] [Omega Ruby SA] < Spongebob> im trying to find spongebob
[21:54:36] [Client thread/INFO]: [CHAT] SystemZee: /tp spongebob
[21:54:37] [Client thread/INFO]: [CHAT] < Sansy> lol
[21:54:38] [Client thread/INFO]: [CHAT] <jeb_> ik
[21:54:43] [Client thread/INFO]: [CHAT] jeb_: /nick CreeperSeth
[21:54:44] [Client thread/INFO]: [CHAT] [Omega Ruby SA] < Spongebob> (?° ?? ?°)
[21:54:44] [Client thread/INFO]: [CHAT] creepergod222: /tp -112 1000 -907
[21:54:45] [Client thread/INFO]: [CHAT] MrSpaceWaffles: /give MrSpaceWaffles dhelmet 64 {ench:[{id:19,lvl:32767}]}
[21:54:47] [Client thread/INFO]: [CHAT] < Heyyyy> LOL
[21:54:48] [Client thread/INFO]: [CHAT] jeb_: /nick Creeper&cSeth
[21:54:52] [Client thread/INFO]: [CHAT] DreamDweaver23: /msg ImADerpGamer whats your server ip again?
[21:54:53] [Client thread/INFO]: [CHAT] [Omega Ruby SA] < Spongebob> fack
[21:54:53] [Client thread/INFO]: [CHAT] jeb_: /nick CreepaSeth
[21:54:55] [Client thread/INFO]: [CHAT] MrSpaceWaffles: /give MrSpaceWaffles dhelmet 64 {ench:[{id:7,lvl:32767}]}
[21:54:56] [Client thread/INFO]: [CHAT] < Sansy> > alex
[21:54:57] [Client thread/INFO]: [CHAT] [Omega Ruby SA] < Spongebob> im alex
[21:54:57] [Client thread/INFO]: [CHAT] *  CreepazYT is no longer AFK.
[21:54:57] [Client thread/INFO]: [CHAT] CreepazYT: /list -a
[21:54:59] [Client thread/INFO]: [CHAT] DreamDweaver23: /tp ImADerp
[21:55:00] [Client thread/INFO]: [CHAT] < Hanson> sans
[21:55:00] [Client thread/INFO]: [CHAT] < BLOCKZROCKZ> .,;,;,.
[21:55:00] [Client thread/INFO]: [CHAT] ImADerpGamer: /tp yolo
[21:55:02] [Client thread/INFO]: [CHAT] [Omega Ruby SA] < Spongebob> yes?
[21:55:05] [Client thread/INFO]: [CHAT] < Hanson> uhh
[21:55:06] [Client thread/INFO]: [CHAT] < CreepaSeth> how do u spell deadmaul5? the one with the ears
[21:55:08] [Client thread/INFO]: [CHAT] MrSpaceWaffles: /warp PVP2
[21:55:09] [Client thread/INFO]: [CHAT] < Hanson> when did sheep go off?
[21:55:11] [Client thread/INFO]: [CHAT] < Sansy> .;,;.
[21:55:11] [Client thread/INFO]: [CHAT] ImADerpGamer: /r i remember youo
[21:55:12] [Client thread/INFO]: [CHAT] <Hirostarz> why is elytra so fun :D
[21:55:13] [Client thread/INFO]: [CHAT] DreamDweaver23: /r whats your ip?
[21:55:15] [Client thread/INFO]: [CHAT] [Omega Ruby SA] < Spongebob> umm
[21:55:16] [Client thread/INFO]: [CHAT] creepergod222: /msg jeb_ whens 2.0 minecraft coming out
[21:55:19] [Client thread/INFO]: [CHAT] Hirostarz: /flyspeed 3
[21:55:19] [Client thread/INFO]: [CHAT] ItzEnderzYT: /gms
[21:55:21] [Client thread/INFO]: [CHAT] ItzEnderzYT: /fly
[21:55:24] [Client thread/INFO]: [CHAT] Hirostarz: /flyspeed 4
[21:55:24] [Client thread/INFO]: [CHAT] DreamDweaver23: /r i forgot
[21:55:25] [Client thread/INFO]: [CHAT] < Sansy> deadmau15
[21:55:25] [Client thread/INFO]: [CHAT] [PvP-Master] < Vegetable> tp to help me build a pvp Arena!
[21:55:25] [Client thread/INFO]: [CHAT] [STA] < Raven> deadmau5
[21:55:26] [Client thread/INFO]: [CHAT] < SkyTheKidRS_> i gtg
[21:55:28] [Client thread/INFO]: [CHAT] ImADerpGamer: /r Not going to tell you besides you are deopped
[21:55:28] [Client thread/INFO]: [CHAT] _1_Anonymous_1_ left the game.
[21:55:30] [Client thread/INFO]: [CHAT] jeb_: /r in 2050
[21:55:32] [Client thread/INFO]: [CHAT] [Omega Ruby SA] < Spongebob> after he lost virgi- i mean after h e gtg
[21:55:32] [Client thread/INFO]: [CHAT] Hirostarz: /tp vegetable
[21:55:32] [Client thread/INFO]: [CHAT] < Sansy> jroejr2p
[21:55:32] [Client thread/INFO]: [CHAT] SystemZee: /speed 1
[21:55:34] [Client thread/INFO]: [CHAT] < Sansy> bleh.
[21:55:35] [Client thread/INFO]: [CHAT] CreepazYT: /tell SansTheCharizard can u recommend me? i am trying to fix my admin application.
[21:55:35] [Client thread/INFO]: [CHAT] awsomefire62 joined the game
[21:55:36] [Client thread/INFO]: [CHAT] creepergod222: /tp -112 1000 -907
[21:55:38] [Client thread/INFO]: [CHAT] [PvP-Master] < Vegetable> Sansy?
[21:55:38] [Client thread/INFO]: [CHAT] DreamDweaver23: / why
[21:55:39] [Client thread/INFO]: [CHAT] Hirostarz: /flyspeed 1
[21:55:39] [Client thread/INFO]: [CHAT] Awesome_Lukas: /realname SkyTheKidRS_
[21:55:40] [Client thread/INFO]: [CHAT] DreamDweaver23: /r why
[21:55:40] [Client thread/INFO]: [CHAT] [Omega Ruby SA] < Spongebob> yes?
[21:55:41] [Client thread/INFO]: [CHAT] [PvP-Master] < Vegetable> u wanna help?
[21:55:43] [Client thread/INFO]: [CHAT] Implo_: /skin change deadmau5
[21:55:46] [Client thread/INFO]: [CHAT] iJippy joined the game
[21:55:47] [Client thread/INFO]: [CHAT] < Hanson> Sans
[21:55:48] [Client thread/INFO]: [CHAT] DJawesomeYT: /kit youtube
[21:55:48] [Client thread/INFO]: [CHAT] [YouTube] <ItzEnderzYT> Hello.
[21:55:50] [Client thread/INFO]: [CHAT] < BLOCKZROCKZ> &k hi
[21:55:50] [Client thread/INFO]: [CHAT] creepergod222: /r what about 1.9
[21:55:52] [Client thread/INFO]: [CHAT] Awesome_Lukas: /tagnyan HannSern2003
[21:55:52] [Client thread/INFO]: [CHAT] < Hanson> u are nor Sany
[21:55:53] [Client thread/INFO]: [CHAT] [Omega Ruby SA] < Spongebob> YEseses
[21:55:53] [Client thread/INFO]: [CHAT] SystemZee: /tp HannSern2003
[21:55:55] [Client thread/INFO]: [CHAT] ImADerpGamer: /r now i am opping people i know i am friends with
[21:55:56] [Client thread/INFO]: [CHAT] jeb_: /r its out right now
[21:55:56] [Client thread/INFO]: [CHAT] Implo_: /skin cancel
[21:55:57] [Client thread/INFO]: [CHAT] MrSpaceWaffles: /realname Sansy
[21:55:58] [Client thread/INFO]: [CHAT] DreamDweaver23: /r the server was ofline
[21:55:59] [Client thread/INFO]: [CHAT] SystemZee: /tp H
[21:55:59] [Client thread/INFO]: [CHAT] Implo_: /skin help
[21:55:59] [Client thread/INFO]: [CHAT] [PvP-Master] < Vegetable> Implo_
[21:56:00] [Client thread/INFO]: [CHAT] jeb_: /r ur on it
[21:56:01] [Client thread/INFO]: [CHAT] Implo_: /skin clear
[21:56:02] [Client thread/INFO]: [CHAT] SystemZee fell out of the world
[21:56:03] [Client thread/INFO]: [CHAT] HannSern2003 < Heyyyy> LOL.
[21:56:05] [Client thread/INFO]: [CHAT] creepergod222: /r no im not
[21:56:06] [Client thread/INFO]: [CHAT] < Sansy> yeees?
[21:56:07] [Client thread/INFO]: [CHAT] <ImADerpGamer> Implo_ you griefed me
[21:56:07] [Client thread/INFO]: [CHAT] creepergod222: /r what about 1.9
[21:56:08] [Client thread/INFO]: [CHAT] HannSern2003: /me &6&l Hi
[21:56:08] [Client thread/INFO]: [CHAT] *  Hanson  Hi
[21:56:10] [Client thread/INFO]: [CHAT] [PvP-Master] < Vegetable> u wanna help?
[21:56:10] [Client thread/INFO]: [CHAT] DJawesomeYT: /survival
[21:56:10] [Client thread/INFO]: [CHAT] DreamDweaver23: /r so i deleted it :
[21:56:12] [Client thread/INFO]: [CHAT] awsomefire62: /tp jeb_
[21:56:12] [Client thread/INFO]: [CHAT] DJawesomeYT: /fly
[21:56:13] [Client thread/INFO]: [CHAT] HannSern2003: /me &6&l&kHi
[21:56:13] [Client thread/INFO]: [CHAT] *  Hanson Hi
[21:56:14] [Client thread/INFO]: [CHAT] Awesome_Lukas: /tp ImADerpGamer
[21:56:14] [Client thread/INFO]: [CHAT] < Sansy> fuu. i'm a steve
[21:56:14] [Client thread/INFO]: [CHAT] creepergod222: /r oops xD
[21:56:15] [Client thread/INFO]: [CHAT] Hirostarz: /kit color
[21:56:16] [Client thread/INFO]: [CHAT] < Hanson> Heyyyy
[21:56:16] [Client thread/INFO]: [CHAT] jeb_: /r how are u not on 1.9
[21:56:16] [Client thread/INFO]: [CHAT] Implo_: /tp imaderp
[21:56:17] [Client thread/INFO]: [CHAT] [Omega Ruby SA] < Spongebob> stevie
[21:56:18] [Client thread/INFO]: [CHAT] creepergod222: /tp -112 1000 -907
[21:56:19] [Client thread/INFO]: [CHAT] < Hanson> don't impost me
[21:56:21] [Client thread/INFO]: [CHAT] <awsomefire62> hay jeb!!!
[21:56:22] [Client thread/INFO]: [CHAT] creepergod222: /r idk
[21:56:22] [Client thread/INFO]: [CHAT] < Sansy> wot m8
[21:56:26] [Client thread/INFO]: [CHAT] <iJippy> New spawn
[21:56:27] [Client thread/INFO]: [CHAT] Hirostarz: /nickname &0.
[21:56:27] [Client thread/INFO]: [CHAT] < CreepaSeth> thats creeperseth to u
[21:56:29] [Client thread/INFO]: [CHAT] Implo_: /skin change Implo_
[21:56:30] [Client thread/INFO]: [CHAT] iJippy: /tptoggle
[21:56:30] [Client thread/INFO]: [CHAT] <ImADerpGamer> Implo_
[21:56:31] [Client thread/INFO]: [CHAT] <iJippy> Tpa
[21:56:33] [Client thread/INFO]: [CHAT] jeb_: /nick off
[21:56:35] [Client thread/INFO]: [CHAT] < Sansy> wut
[21:56:35] [Client thread/INFO]: [CHAT] DreamDweaver23: /me &k troll
[21:56:35] [Client thread/INFO]: [CHAT] *  YoloMaster  troll
[21:56:35] [Client thread/INFO]: [CHAT] Hirostarz: /nickname &0h
[21:56:36] [Client thread/INFO]: [CHAT] <jeb_> im creeperseth m7
[21:56:38] [Client thread/INFO]: [CHAT] <iJippy> For new spawn admins!
[21:56:40] [Client thread/INFO]: [CHAT] HannSern2003: /tag set &f&l{ &b&LSuper Admin &f&l}&c&l{ Le&6&lge&e&lnd&a&lar&b&ly &b&l}
[21:56:43] [Client thread/INFO]: [CHAT] CreepazYT: /tell SansTheCharizard can u recommend me. i am trying to fix my admin application.
[21:56:43] [Client thread/INFO]: [CHAT] ImADerpGamer: /msg Implo_ yuo griefed me
[21:56:44] [Client thread/INFO]: [CHAT] [AntiBad] <ANGRYKITTYS06> Sowwy jeb_ isn't here
[21:56:47] [Client thread/INFO]: [CHAT] MrSpaceWaffles: /give MrSpaceWaffles dchestplate 64 {ench:[{id:7,lvl:32767}]}
[21:56:48] [Client thread/INFO]: [CHAT] SystemZee left the game.
[21:56:48] [Client thread/INFO]: [CHAT] Hirostarz: /nickname &0H
[21:56:48] [Client thread/INFO]: [CHAT] <awsomefire62> your nick sias your jeb
[21:56:48] [Client thread/INFO]: [CHAT] DJawesomeYT: /i steak
[21:56:48] [Client thread/INFO]: [CHAT] DreamDweaver23: /tp Creep
[21:56:50] [Client thread/INFO]: [CHAT] HannSern2003: /tag set &c&l{ Le&6&lge&e&lnd&a&lar&b&ly &b&l}
[21:56:50] [Client thread/INFO]: [CHAT] Implo_: /r give me proof please
[21:56:51] [Client thread/INFO]: [CHAT] ItzEnderzYT: /fly DJawesomeYT
[21:56:51] [Client thread/INFO]: [CHAT] { Legendary } < Hanson> lol
[21:56:54] [Client thread/INFO]: [CHAT] MrSpaceWaffles: /give MrSpaceWaffles dleggings 64 {ench:[{id:7,lvl:32767}]}
[21:56:54] [Client thread/INFO]: [CHAT] SystemZee joined the game
[21:56:55] [Client thread/INFO]: [CHAT] < YoloMaster> hi
[21:56:57] [Client thread/INFO]: [CHAT] BlocksRocks82: /nick &klpl &bBLOCKS&3ROCKS&182 &kplk
[21:56:57] [Client thread/INFO]: [CHAT] [AntiBad] <ANGRYKITTYS06> awsomefire62 omg lolol
[21:56:59] [Client thread/INFO]: [CHAT] sk8erace1: /tp ha
[21:56:59] [Client thread/INFO]: [CHAT] MrSpaceWaffles: /give MrSpaceWaffles dboots 64 {ench:[{id:7,lvl:32767}]}
[21:56:59] [Client thread/INFO]: [CHAT] [AntiBad] <ANGRYKITTYS06> Its a alt
[21:57:00] [Client thread/INFO]: [CHAT] [AntiBad] <ANGRYKITTYS06> xD
[21:57:00] [Client thread/INFO]: [CHAT] <jeb_> Jeb is busy admiring his beard and hair
[21:57:03] [Client thread/INFO]: [CHAT] sk8erace1: /tp han
[21:57:03] [Client thread/INFO]: [CHAT] iJippy: /spawn
[21:57:05] [Client thread/INFO]: [CHAT] [Omega Ruby SA] < Spongebob> yes
[21:57:07] [Client thread/INFO]: [CHAT] Awesome_Lukas: /tagnyan &l{ Hey }
[21:57:09] [Client thread/INFO]: [CHAT] ImADerpGamer: /msg Implo_ when i went on the server i went to spawn and it say griefed by: implo_ you are banned
[21:57:09] [Client thread/INFO]: [CHAT] DreamDweaver23: /give DreamDweaver23 ehcest
[21:57:13] [Client thread/INFO]: [CHAT] Hirostarz: /nickname &0H&2i&3r&4o&5s&6t&7a&8r&9z
[21:57:15] [Client thread/INFO]: [CHAT] DreamDweaver23: /give DreamDweaver23 echest
[21:57:15] [Client thread/INFO]: [CHAT] SystemZee: /TP Hirostarz
[21:57:16] [Client thread/INFO]: [CHAT] ItzEnderzYT: /difficulty normal
[21:57:16] [Client thread/INFO]: [CHAT] [ItzEnderzYT: Set game difficulty to Normal]
[21:57:16] [Client thread/INFO]: [CHAT] HannSern2003: /i elytra
[21:57:19] [Client thread/INFO]: [CHAT] BlocksRocks82: /nick BlocksRocks82 &klpl &bBLOCKS&3ROCKS&182 &kplk
[21:57:19] [Client thread/INFO]: [CHAT] HannSern2003: /enchant addall
[21:57:20] [Client thread/INFO]: [CHAT] creepergod222: /tp -112 9000 -907
[21:57:22] [Client thread/INFO]: [CHAT] DreamDweaver23: /give DreamDweaver23 echest
[21:57:24] [Client thread/INFO]: [CHAT] CreepazYT: /r oh :[ i try but honestly i never know whos griefing.
[21:57:25] [Client thread/INFO]: [CHAT] < lpl> hi
[21:57:32] [Client thread/INFO]: [CHAT] SystemZee: /TP Hirostarz
[21:57:32] [Client thread/INFO]: [CHAT] HannSern2003: /m Awesome_Lukas so One month is not enough?
[21:57:33] [Client thread/INFO]: [CHAT] Implo_: /r rly
[21:57:33] [Client thread/INFO]: [CHAT] Hirostarz: /
[21:57:34] [Client thread/INFO]: [CHAT] { Legendary } < Hanson> SAns
[21:57:35] [Client thread/INFO]: [CHAT] jeb_: /fly
[21:57:35] [Client thread/INFO]: [CHAT] { Legendary } < Hanson> do /nc
[21:57:35] [Client thread/INFO]: [CHAT] [AntiBad] <ANGRYKITTYS06> Jeb is busy admiring toilets -_-
[21:57:36] [Client thread/INFO]: [CHAT] CreepazYT: /r they always invis
[21:57:37] [Client thread/INFO]: [CHAT] ImADerpGamer: /r yes
[21:57:38] [Client thread/INFO]: [CHAT] Implo_: /r *facepalm*
[21:57:38] [Client thread/INFO]: [CHAT] SansTheCharizard - Cleaning all nicknames
[21:57:39] [Client thread/INFO]: [CHAT] <awsomefire62> o well id like jeb to add pandas in minecraft! :)
[21:57:39] [Client thread/INFO]: [CHAT] <jeb_> true
[21:57:40] [Client thread/INFO]: [CHAT] { Legendary } < Hanson> and smite someone
[21:57:41] [Client thread/INFO]: [CHAT] ImADerpGamer: /r you are banned
[21:57:43] [Client thread/INFO]: [CHAT] <jeb_> I need to go ad toilets
[21:57:44] [Client thread/INFO]: [CHAT] SystemZee: /NC
[21:57:44] [Client thread/INFO]: [CHAT] Musebrat2: /realname lpl
[21:57:46] [Client thread/INFO]: [CHAT] [TotalFreedom] Invisible potions are allowed!
[21:57:47] [Client thread/INFO]: [CHAT] CreepazYT: /r what else.
[21:57:49] [Client thread/INFO]: [CHAT] Hirostarz has been a naughty, naughty boy.
[21:57:49] [Client thread/INFO]: [CHAT]   Reason: no &0
[21:57:49] [Client thread/INFO]: [CHAT] Hirostarz died
[21:57:49] [Client thread/INFO]: [CHAT] <jeb_> off to heaven I go
[21:57:49] [Client thread/INFO]: [CHAT] Implo_: /r don't say it's me
[21:57:51] [Client thread/INFO]: [CHAT] BlocksRocks82: /nick BlocksRocks82 &klpl&k &bBLOCKS&3ROCKS&182 &kplk
[21:57:52] [Client thread/INFO]: [CHAT] Gamerz_4_Life: /ap
[21:57:53] [Client thread/INFO]: [CHAT] { Legendary } < Hanson> uh
[21:57:54] [Client thread/INFO]: [CHAT] ImADerpGamer: /r it is you
[21:57:54] [Client thread/INFO]: [CHAT] DJawesomeYT was slain by ItzEnderzYT using [§4§lYou§f§lTube Sword]
[21:57:56] [Client thread/INFO]: [CHAT] { Legendary } < Hanson> it's &k :/
[21:57:57] [Client thread/INFO]: [CHAT] BlocksRocks82 has been a naughty, naughty boy.
[21:57:57] [Client thread/INFO]: [CHAT]   Reason: no &k
[21:57:57] [Client thread/INFO]: [CHAT] BlocksRocks82 died
[21:57:58] [Client thread/INFO]: [CHAT] * VideoGameSmash12 is no longer AFK.
[21:57:58] [Client thread/INFO]: [CHAT] There are no players with that item
[21:57:59] [Client thread/INFO]: [CHAT] jeb_ left the game.
[21:58:02] [Client thread/INFO]: [CHAT] ImADerpGamer: /r it says that
[21:58:02] [Client thread/INFO]: [CHAT] ItzEnderzYT left the game.
[21:58:03] [Client thread/INFO]: [CHAT] [Omega Ruby SA] < SansTheCharizard> no there was &k and &0
[21:58:07] [Client thread/INFO]: [CHAT] Implo_: /r ask the admins then