[20:12:47] [Client thread/INFO]: Connecting to play.totalfreedom.me., 28965
[20:12:49] [Client thread/INFO]: [CHAT] A new OptiFine version is available: HD Ultra B2
[20:12:49] [Client thread/INFO]: [CHAT] VideoGameSmash12 joined the game
[20:12:50] [Client thread/INFO]: [CHAT] Welcome, VideoGameSmash12!
[20:12:50] [Client thread/INFO]: [CHAT] Type /help for a list of commands.
[20:12:50] [Client thread/INFO]: [CHAT] Do NOT open any books given to you by other players or you might be perm banned.
[20:12:50] [Client thread/INFO]: [CHAT] Remember to save your builds with World Edit or they’ll be lost.
[20:12:50] [Client thread/INFO]: [CHAT] You have no new mail.
[20:12:50] [Client thread/INFO]: [CHAT] Welcome VideoGameSmash12 to the server!
[20:13:00] [Client thread/INFO]: [CHAT] <SamPlayz_SamD> ur a dick
[20:13:00] [Client thread/INFO]: [CHAT] <VideoGameSmash12> Oh great, I need to be resupered.
[20:13:07] [Client thread/INFO]: [CHAT] xXWWyattXx joined the game
[20:13:16] [Client thread/INFO]: [CHAT] SheepyWannit has been a naughty, naughty boy.
[20:13:16] [Client thread/INFO]: [CHAT] SheepyWannit died
[20:13:18] [Client thread/INFO]: [CHAT] [STA] <Versatiliity> http://freedomop.my-board.org
[20:13:21] [Client thread/INFO]: [CHAT] [STA] <Versatiliity> ^ Took me hours
[20:13:22] [Client thread/INFO]: [CHAT] [Server:ElementalDreamer] Do not gmc pvp.
[20:13:24] [Client thread/INFO]: [CHAT] SamPlayz_SamD left the game.
[20:13:25] [Client thread/INFO]: [CHAT] [STA] <Versatiliity> Design, format, additions.
[20:13:25] [Client thread/INFO]: [CHAT] <SheepyWannit> but I'ma girl ;-;
[20:13:33] [Client thread/INFO]: [CHAT] <angerfame> how i get a head?
[20:13:40] [Client thread/INFO]: [CHAT] Unknown command. Type "/help" for help.
[20:13:42] [Client thread/INFO]: [CHAT] [WurstCilent] < WurstHacker> Elemental u sign For SA SWow Nice
[20:13:57] [Client thread/INFO]: [CHAT] <VideoGameSmash12> ...I'm just going to verify.
[20:13:58] [Client thread/INFO]: [CHAT] < adriel001> .
[20:14:01] [Client thread/INFO]: [CHAT] [SA] <ElementalDreamer> IISolrflareII what?
[20:14:02] [Client thread/INFO]: [CHAT] xX_BreBre_xX left the game.
[20:14:07] [Client thread/INFO]: [CHAT] SheepyWannit was slain by WildJJ07 using [YouTube Sword]
[20:14:08] [Client thread/INFO]: [CHAT] < WiFiBunny> .-,
[20:14:09] [Client thread/INFO]: [CHAT] [WurstCilent] < WurstHacker> Im XYandereSenpaiX
[20:14:23] [Client thread/INFO]: [CHAT] <SheepyWannit> Tell _Cyclic not to GMC pvp
[20:14:29] [Client thread/INFO]: [CHAT] <_Cyclic> i want
[20:14:31] [Client thread/INFO]: [CHAT] ShadowArmadyl is a Telnet Clan. Admin and Shadow.GA Owner
[20:14:31] [Client thread/INFO]: [CHAT] ShadowArmadyl joined the game
[20:14:33] [Client thread/INFO]: [CHAT] <_Cyclic> i wasnt*
[20:14:36] [Client thread/INFO]: [CHAT] ItzGametimeBoi joined the game
[20:14:36] [Client thread/INFO]: [CHAT] Welcome ItzGametimeBoi to the server!
[20:14:39] [Client thread/INFO]: [CHAT] <SheepyWannit> yeah u were
[20:14:44] [Client thread/INFO]: [CHAT] <VideoGameSmash12> I have verified in the shoutbox.
[20:14:45] [Client thread/INFO]: [CHAT] Dr_Glitch_MD joined the game
[20:14:46] [Client thread/INFO]: [CHAT] <_Cyclic> no
[20:14:47] [Client thread/INFO]: [CHAT] xX_BreBre_xX joined the game
[20:14:48] [Client thread/INFO]: [CHAT] <ItzGametimeBoi> join sockpvp.myserver.gs
[20:14:49] [Client thread/INFO]: [CHAT] <_Cyclic> i wasnt
[20:14:50] [Client thread/INFO]: [CHAT] <WildJJ07> yeah u were she kept hitting u then u went in /;creative
[20:14:50] [Client thread/INFO]: [CHAT] <SheepyWannit> I couldn't punch u
[20:14:53] [Client thread/INFO]: [CHAT] <ItzGametimeBoi> h
[20:14:59] [Client thread/INFO]: [CHAT] <ItzGametimeBoi> join sockpvp.myserver.gs need staff!
[20:15:03] [Client thread/INFO]: [CHAT] ItzGametimeBoi left the game.
[20:15:05] [Client thread/INFO]: [CHAT] xRubyMC - Unbanning Acer152 and IPs: 112.210.33.234
[20:15:11] [Client thread/INFO]: [CHAT] <_Cyclic> i went in creative but i didnt hit u when i was in creative
[20:15:16] [Client thread/INFO]: [CHAT] ElementalDreamer - Orbiting ElementalDreamer
[20:15:17] [Client thread/INFO]: [CHAT] <SheepyWannit> Yeah u did
[20:15:17] [Client thread/INFO]: [CHAT] <VideoGameSmash12> Hello?
[20:15:20] [Client thread/INFO]: [CHAT] ShadowArmadyl left the game.
[20:15:20] [Client thread/INFO]: [CHAT] <_Cyclic> i hit u when i was in survival
[20:15:24] [Client thread/INFO]: [CHAT] ShadowArmadyl is a Telnet Clan. Admin and Shadow.GA Owner
[20:15:24] [Client thread/INFO]: [CHAT] ShadowArmadyl joined the game
[20:15:25] [Client thread/INFO]: [CHAT] <WildJJ07> free cheese
[20:15:29] [Client thread/INFO]: [CHAT] <VideoGameSmash12> Admin team? Are you alive?
[20:15:30] [Client thread/INFO]: [CHAT] <SheepyWannit> U hit me in Creative u
[20:15:31] [Client thread/INFO]: [CHAT] <sergioanaya> sigeme
[20:15:32] [Client thread/INFO]: [CHAT] <SheepyWannit> too
[20:15:32] [Client thread/INFO]: [CHAT] [STA] <ShadowArmadyl> Delta, Delta Connection
[20:15:32] [Client thread/INFO]: [CHAT] <_Cyclic> no
[20:15:36] [Client thread/INFO]: [CHAT] <_Cyclic> i dint
[20:15:38] [Client thread/INFO]: [CHAT] < _Diamond_> Guys I almost Forgot my Password on my laptop I was Realy Scared of losing my laptop ;-;
[20:15:38] [Client thread/INFO]: [CHAT] <_Cyclic> didnt*
[20:15:42] [Client thread/INFO]: [CHAT] <SheepyWannit> Some1 griefed me
[20:15:51] [Client thread/INFO]: [CHAT] Teleporting...
[20:15:52] [Client thread/INFO]: [CHAT] [CONSOLE]<xRubyMC> Yes?
[20:15:56] [Client thread/INFO]: [CHAT] < _Diamond_> ;-;
[20:15:59] [Client thread/INFO]: [CHAT] Lucario___ is a Super Admin and a Pokemon Addict!
[20:15:59] [Client thread/INFO]: [CHAT] Lucario___ joined the game
[20:15:59] [Client thread/INFO]: [CHAT] Welcome Lucario___ to the server!
[20:15:59] [Client thread/INFO]: [CHAT] <_Cyclic> i didnt gmc
[20:16:02] [Client thread/INFO]: [CHAT] <sergioanaya> jugamos
[20:16:02] [Client thread/INFO]: [CHAT] < _Diamond_> Thank God
[20:16:10] [Client thread/INFO]: [CHAT] [CONSOLE]<xRubyMC> Yes, Video?
[20:16:16] [Client thread/INFO]: [CHAT] <VideoGameSmash12> I need to be supered.
[20:16:21] [Client thread/INFO]: [CHAT] <VideoGameSmash12> And I did verify.
[20:16:36] [Client thread/INFO]: [CHAT] [CONSOLE]<xRubyMC> Coming right up.
[20:16:38] [Client thread/INFO]: [CHAT] xRubyMC - Readding VideoGameSmash12 to the admin list
[20:16:38] [Client thread/INFO]: [CHAT] <WildJJ07> i believe i can fly
[20:16:38] [Client thread/INFO]: [CHAT] [ADMIN] adamvandyck [SrA]: Nah not now
[20:16:41] [Client thread/INFO]: [CHAT] [ADMIN] ShadowArmadyl [STA]: Okay.
[20:16:43] [Client thread/INFO]: [CHAT] <SheepyWannit> some1
[20:16:46] [Client thread/INFO]: [CHAT] CommandSpy enabled.
[20:16:47] [Client thread/INFO]: [CHAT] <SheepyWannit> plz bring food
[20:16:48] [Client thread/INFO]: [CHAT] angerfame left the game.
[20:16:51] [Client thread/INFO]: [CHAT] Lucario___ - Opping all players on the server
[20:16:51] [Client thread/INFO]: [CHAT] You are now op!
[20:16:51] [Client thread/INFO]: [CHAT] adriel001: /list
[20:16:51] [Client thread/INFO]: [CHAT] Received kit admintools.
[20:16:53] [Client thread/INFO]: [CHAT] adriel001: /list
[20:16:55] [Client thread/INFO]: [CHAT] <SheepyWannit> thx
[20:16:56] [Client thread/INFO]: [CHAT] WildJJ07: /invsee Dr_Glitch_MD
[20:16:57] [Client thread/INFO]: [CHAT] adriel001: /list set
[20:16:57] [Client thread/INFO]: [CHAT] SheepyWannit: /gmc
[20:17:00] [Client thread/INFO]: [CHAT] adriel001: /list a
[20:17:00] [Client thread/INFO]: [CHAT] [ADMIN] adamvandyck [SrA]: wanna TP and tell me what you think of my current project
[20:17:01] [Client thread/INFO]: [CHAT] xX_BreBre_xX left the game.
[20:17:03] [Client thread/INFO]: [CHAT] <SheepyWannit> quack
[20:17:04] [Client thread/INFO]: [CHAT] adriel001: /list -a
[20:17:07] [Client thread/INFO]: [CHAT] WildJJ07: /survival
[20:17:08] [Client thread/INFO]: [CHAT] WildJJ07: /fly
[20:17:11] [Client thread/INFO]: [CHAT] No block edits at that location.
[20:17:12] [Client thread/INFO]: [CHAT] Block edits at (x1092, y49, z2525):
[20:17:12] [Client thread/INFO]: [CHAT]  - advancelover45 broke Packed_ice
[20:17:12] [Client thread/INFO]: [CHAT]  - VideoGameSmash12 placed Emerald_block
[20:17:14] [Client thread/INFO]: [CHAT] adamvandyck, adriel001, advancelover45, antrobot123
[20:17:15] [Client thread/INFO]: [CHAT] adamvandyck, adriel001, advancelover45, antrobot123
[20:17:16] [Client thread/INFO]: [CHAT] adamvandyck, adriel001, advancelover45, antrobot123
[20:17:16] [Client thread/INFO]: [CHAT] VideoGameSmash12 - Rolling back player: advancelover45
[20:17:17] [Client thread/INFO]: [CHAT] Rolled back 4216 edits for advancelover45.
[20:17:17] [Client thread/INFO]: [CHAT] If this rollback was a mistake, use /rollback undo advancelover45 within 40 seconds to reverse the rollback.
[20:17:18] [Client thread/INFO]: [CHAT] adriel001: /list add a-
[20:17:18] [Client thread/INFO]: [CHAT] [ADMIN] xRubyMC [Console]: I'll be going then. Ciao
[20:17:19] [Client thread/INFO]: [CHAT] 8Oushi8 joined the game
[20:17:22] [Client thread/INFO]: [CHAT] _Cyclic: /rules
[20:17:22] [Client thread/INFO]: [CHAT] adamvandyck, adriel001, advancelover45
[20:17:22] [Client thread/INFO]: [CHAT] adriel001: /list -f
[20:17:23] [Client thread/INFO]: [CHAT] [ADMIN] ShadowArmadyl [STA]: What is it?
[20:17:24] [Client thread/INFO]: [CHAT] adamvandyck, adriel001, advancelover45
[20:17:24] [Client thread/INFO]: [CHAT] adamvandyck, adriel001, advancelover45
[20:17:30] [Client thread/INFO]: [CHAT] <advancelover45> lol
[20:17:35] [Client thread/INFO]: [CHAT] [ADMIN] adamvandyck [SrA]: New freeway interchange
[20:17:37] [Client thread/INFO]: [CHAT] _Cyclic: /rules
[20:17:38] [Client thread/INFO]: [CHAT] <sergioanaya> espera mirame
[20:17:40] [Client thread/INFO]: [CHAT] _Cyclic: /rules 2
[20:17:42] [Client thread/INFO]: [CHAT] [ADMIN] ShadowArmadyl [STA]: Ah.
[20:17:44] [Client thread/INFO]: [CHAT] _Cyclic: /rules 4
[20:17:46] [Client thread/INFO]: [CHAT] < Noober> i cant spawn the new mob
[20:17:48] [Client thread/INFO]: [CHAT] WildJJ07: /insvee Black
[20:17:48] [Client thread/INFO]: [CHAT] advancelover45 has been a VERY naughty, naughty boy.
[20:17:48] [Client thread/INFO]: [CHAT] Banning: advancelover45, IP: 73.38.*.* - Reason: Griefing. You may appeal at totalfreedom.boards.net [~VGS12]
[20:17:48] [Client thread/INFO]: [CHAT] advancelover45 left the game.
[20:17:51] [Client thread/INFO]: [CHAT] [ADMIN] ShadowArmadyl [STA]: Wouldn't want to be drunk while drving through here.
[20:17:51] [Client thread/INFO]: [CHAT] xXWWyattXx left the game.
[20:17:52] [Client thread/INFO]: [CHAT] [ADMIN] ShadowArmadyl [STA]: lol
[20:17:54] [Client thread/INFO]: [CHAT] < Noober> i cant spawn the new mob!
[20:17:54] [Client thread/INFO]: [CHAT] WildJJ07: /invsee BlackTNT
[20:17:55] [Client thread/INFO]: [CHAT] No block edits at that location.
[20:17:55] [Client thread/INFO]: [CHAT] Block edits at (x1080, y49, z2528):
[20:17:55] [Client thread/INFO]: [CHAT]  - SamPlayz_SamD broke Ice
[20:17:55] [Client thread/INFO]: [CHAT]  - VideoGameSmash12 placed Emerald_block
[20:17:55] [Client thread/INFO]: [CHAT]  - TheOfficialJosh broke Grass
[20:17:55] [Client thread/INFO]: [CHAT]  - TheOfficialJosh placed Ice
[20:17:56] [Client thread/INFO]: [CHAT] < Noober> i cant spawn the new mob!!
[20:17:57] [Client thread/INFO]: [CHAT] xXWWyattXx joined the game
[20:17:57] [Client thread/INFO]: [CHAT] < Noober> i cant spawn the new mob!
[20:17:57] [Client thread/INFO]: [CHAT] [ADMIN] adamvandyck [SrA]: I decided to give it an upgrade
[20:17:59] [Client thread/INFO]: [CHAT] <sergioanaya> somo amigos
[20:17:59] [Client thread/INFO]: [CHAT] WildJJ07: /creative
[20:18:00] [Client thread/INFO]: [CHAT] < Noober> i cant spawn the new mob!!
[20:18:02] [Client thread/INFO]: [CHAT] < Noober> i cant spawn the new mob!
[20:18:02] [Client thread/INFO]: [CHAT] <WildJJ07> Black
[20:18:03] [Client thread/INFO]: [CHAT] Teleporting...
[20:18:03] [Client thread/INFO]: [CHAT] _Cyclic: /seen mine321
[20:18:03] [Client thread/INFO]: [CHAT] <SheepyWannit> Spam
[20:18:04] [Client thread/INFO]: [CHAT] < Noober> i cant spawn the new mob!!
[20:18:04] [Client thread/INFO]: [CHAT] <WildJJ07> BlackTNT
[20:18:05] [Client thread/INFO]: [CHAT] < _Diamond_> What Mob?
[20:18:11] [Client thread/INFO]: [CHAT] _Cyclic: /seen advancelover45
[20:18:12] [Client thread/INFO]: [CHAT] xX_BreBre_xX joined the game
[20:18:13] [Client thread/INFO]: [CHAT] [ADMIN] adamvandyck [SrA]: It should be done by tomorrow
[20:18:15] [Client thread/INFO]: [CHAT] < Noober> sullken
[20:18:15] [Client thread/INFO]: [CHAT] BlackTNT: /creative
[20:18:19] [Client thread/INFO]: [CHAT] <BlackTNT> this is fun :D
[20:18:24] [Client thread/INFO]: [CHAT] <WildJJ07> BlackTNT can i have a copy of the lucky potion
[20:18:26] [Client thread/INFO]: [CHAT] BlackTNT: /speed 10
[20:18:31] [Client thread/INFO]: [CHAT] <SheepyWannit> Shulker**
[20:18:35] [Client thread/INFO]: [CHAT] < Noober> shulker
[20:18:35] [Client thread/INFO]: [CHAT] _Cyclic: /tp SheepyWannit
[20:18:36] [Client thread/INFO]: [CHAT] <VideoGameSmash12> The Lucky Potion?
[20:18:40] [Client thread/INFO]: [CHAT] [ADMIN] ShadowArmadyl [STA]: I will make a forum thread about my SH-40
[20:18:40] [Client thread/INFO]: [CHAT] <WildJJ07> in chest
[20:18:42] [Client thread/INFO]: [CHAT] _Cyclic: /feed
[20:18:43] [Client thread/INFO]: [CHAT] < Noober> shulker!
[20:18:43] [Client thread/INFO]: [CHAT] <VideoGameSmash12> From the 1.9 Lucky Block mod?
[20:18:48] [Client thread/INFO]: [CHAT] [ADMIN] ShadowArmadyl [STA]: let me go gather some pics
[20:18:52] [Client thread/INFO]: [CHAT] <WildJJ07> whoah!
[20:18:54] [Client thread/INFO]: [CHAT] <VideoGameSmash12> That doesn't work here.
[20:18:55] [Client thread/INFO]: [CHAT] ShadowArmadyl left the game.
[20:18:57] [Client thread/INFO]: [CHAT] [ADMIN] adamvandyck [SrA]: Is that your airplane?
[20:18:59] [Client thread/INFO]: [CHAT] < _Diamond_> WildJJ07 do /potion clear
[20:19:02] [Client thread/INFO]: [CHAT] _Cyclic: /skull SheepyWannit
[20:19:02] [Client thread/INFO]: [CHAT] Dr_Glitch_MD: /potion clear
[20:19:02] [Client thread/INFO]: [CHAT] SheepyWannit: /speed
[20:19:04] [Client thread/INFO]: [CHAT] BlackTNT: /tp videogamesmash12
[20:19:05] [Client thread/INFO]: [CHAT] antrobot123: /hat
[20:19:07] [Client thread/INFO]: [CHAT] adriel001: /potion
[20:19:08] [Client thread/INFO]: [CHAT] SheepyWannit: /speed 50000
[20:19:10] [Client thread/INFO]: [CHAT] antrobot123: /spawn
[20:19:12] [Client thread/INFO]: [CHAT] WildJJ07: /insvee Dr
[20:19:12] [Client thread/INFO]: [CHAT] HahaYouFell is an Impostor
[20:19:12] [Client thread/INFO]: [CHAT] Warning: HahaYouFell has been flagged as an impostor and has been frozen!
[20:19:12] [Client thread/INFO]: [CHAT] HahaYouFell joined the game
[20:19:13] [Client thread/INFO]: [CHAT] adriel001: /potion list
[20:19:15] [Client thread/INFO]: [CHAT] WildJJ07: /invsee Dr_Glitch_MD
[20:19:18] [Client thread/INFO]: [CHAT] <VideoGameSmash12> Mods don't work here, but hacked clients and cracked accounts do work here.
[20:19:18] [Client thread/INFO]: [CHAT] <HahaYouFell> verifying
[20:19:18] [Client thread/INFO]: [CHAT] adriel001: /potion speed
[20:19:19] [Client thread/INFO]: [CHAT] < Noober> i cant spawn shulkers
[20:19:20] [Client thread/INFO]: [CHAT] < Noober> i cant spawn shulkers1
[20:19:22] [Client thread/INFO]: [CHAT] < Noober> i cant spawn shulkers
[20:19:23] [Client thread/INFO]: [CHAT] [Server:VideoGameSmash12] Verify, please.
[20:19:25] [Client thread/INFO]: [CHAT] < Noober> i cant spawn shulkers1
[20:19:26] [Client thread/INFO]: [CHAT] < Noober> i cant spawn shulkers
[20:19:28] [Client thread/INFO]: [CHAT] < Noober> i cant spawn shulkers1
[20:19:29] [Client thread/INFO]: [CHAT] xX_BreBre_xX: /tp hellyoufell
[20:19:29] [Client thread/INFO]: [CHAT] < Noober> i cant spawn shulkers
[20:19:32] [Client thread/INFO]: [CHAT] <SheepyWannit> I am so fast
[20:19:32] [Client thread/INFO]: [CHAT] Dr_Glitch_MD: /potion clear
[20:19:34] [Client thread/INFO]: [CHAT] adriel001: /potion speed add 10 100 1
[20:19:35] [Client thread/INFO]: [CHAT] VideoGameSmash12 - Muting 8Oushi8
[20:19:35] [Client thread/INFO]: [CHAT] Muted 8Oushi8
[20:19:40] [Client thread/INFO]: [CHAT] CrotinaGamer: /realname Noobler
[20:19:40] [Client thread/INFO]: [CHAT] _Cyclic: /seen 8Oushi8
[20:19:42] [Client thread/INFO]: [CHAT] adriel001: /potion speed add 10 100 1 speed
[20:19:43] [Client thread/INFO]: [CHAT] _Cyclic: /spawn
[20:19:44] [Client thread/INFO]: [CHAT] <SheepyWannit> i'm sanik
[20:19:45] [Client thread/INFO]: [CHAT] xX_BreBre_xX: /tp hahayoufell
[20:19:46] [Client thread/INFO]: [CHAT] [Server:VideoGameSmash12] Please don't spam the chat, 8Oushi8.
[20:19:46] [Client thread/INFO]: [CHAT] <WildJJ07> im at world height!
[20:19:51] [Client thread/INFO]: [CHAT] Dr_Glitch_MD: /potion clear
[20:19:52] [Client thread/INFO]: [CHAT] <HahaYouFell> Verifiid
[20:19:53] [Client thread/INFO]: [CHAT] Player HahaYouFell has been online since 41 seconds.
[20:19:53] [Client thread/INFO]: [CHAT]  - IP Address: /213.8.204.70
[20:19:54] [Client thread/INFO]: [CHAT] <HahaYouFell> Verified
[20:19:54] [Client thread/INFO]: [CHAT] xX_BreBre_xX: /spawn
[20:19:57] [Client thread/INFO]: [CHAT] <WildJJ07> ima keep falling forever
[20:19:58] [Client thread/INFO]: [CHAT] 8Oushi8: /tp luc
[20:20:00] [Client thread/INFO]: [CHAT] adriel001: /vote
[20:20:00] [Client thread/INFO]: [CHAT] Running search for players matching '213.8.204.70' (this could take a little while).
[20:20:00] [Client thread/INFO]: [CHAT] xRubyMC - Readding HahaYouFell to the admin list
[20:20:01] [Client thread/INFO]: [CHAT] xX_BreBre_xX: /tp hahayoufell
[20:20:01] [Client thread/INFO]: [CHAT] * Versatiliity is now AFK.
[20:20:04] [Client thread/INFO]: [CHAT] [TotalFreedom] You may view all online administrators via "/list -a"
[20:20:04] [Client thread/INFO]: [CHAT] <SheepyWannit> TP to see Sanik
[20:20:05] [Client thread/INFO]: [CHAT] HahaYouFell - Opping all players on the server
[20:20:05] [Client thread/INFO]: [CHAT] You are now op!
[20:20:06] [Client thread/INFO]: [CHAT] HahaYouFell - Opping all players on the server
[20:20:06] [Client thread/INFO]: [CHAT] You are now op!
[20:20:07] [Client thread/INFO]: [CHAT] xX_BreBre_xX: /spawn
[20:20:07] [Client thread/INFO]: [CHAT] The following players previously logged in from that IP address:
[20:20:07] [Client thread/INFO]: [CHAT] HahaYouFell
[20:20:09] [Client thread/INFO]: [CHAT] <HahaYouFell> woops
[20:20:11] [Client thread/INFO]: [CHAT] [ADMIN] xRubyMC [Console]: Verification confirmed.
[20:20:12] [Client thread/INFO]: [CHAT] BlackTNT: /speed 1
[20:20:12] [Client thread/INFO]: [CHAT] VideoGameSmash12 - Unmuting all players.
[20:20:12] [Client thread/INFO]: [CHAT] Unmuted 1 players.
[20:20:17] [Client thread/INFO]: [CHAT] [ADMIN] VideoGameSmash12 [STA]: Thank you.
[20:20:21] [Client thread/INFO]: [CHAT] [ADMIN] xRubyMC [Console]: Now I'll be afk now <3
[20:20:21] [Client thread/INFO]: [CHAT] <WildJJ07> who wants a free sample?
[20:20:22] [Client thread/INFO]: [CHAT] Unknown command. Type "/help" for help.
[20:20:22] [Client thread/INFO]: [CHAT] _Cyclic: /tp SheepyWannit
[20:20:23] [Client thread/INFO]: [CHAT] VideoGameSmash12 - Removing all server entities.
[20:20:23] [Client thread/INFO]: [CHAT] 3 entities removed.
[20:20:24] [Client thread/INFO]: [CHAT] < Noober> i cant spawn shulkers!
[20:20:26] [Client thread/INFO]: [CHAT] VideoGameSmash12 - Purging all mobs
[20:20:26] [Client thread/INFO]: [CHAT] 0 mobs removed.
[20:20:30] [Client thread/INFO]: [CHAT] _Cyclic: /gmc
[20:20:30] [Client thread/INFO]: [CHAT] Lucario___ left the game.
[20:20:31] [Client thread/INFO]: [CHAT] _Cyclic: /tp SheepyWannit
[20:20:32] [Client thread/INFO]: [CHAT] There are no players with that item
[20:20:34] [Client thread/INFO]: [CHAT] _Cyclic: /tp SheepyWannit
[20:20:35] [Client thread/INFO]: [CHAT] <WildJJ07> who wants a free sample? tell me someone
[20:20:37] [Client thread/INFO]: [CHAT] _Cyclic: /v
[20:20:37] [Client thread/INFO]: [CHAT] Players with item POTION: WildJJ07, adriel001, xX_BreBre_xX, antrobot123
[20:20:39] [Client thread/INFO]: [CHAT] _Cyclic: /vanish
[20:20:40] [Client thread/INFO]: [CHAT] <WildJJ07> free sqmples
[20:20:40] [Client thread/INFO]: [CHAT] sergioanaya: /gamemode 0
[20:20:46] [Client thread/INFO]: [CHAT] xX_BreBre_xX: /tp hahayoufell
[20:20:48] [Client thread/INFO]: [CHAT] _Cyclic: /spawn
[20:20:51] [Client thread/INFO]: [CHAT] adamvandyck, adriel001, antrobot123
[20:20:52] [Client thread/INFO]: [CHAT] adamvandyck, adriel001, antrobot123
[20:20:58] [Client thread/INFO]: [CHAT] adriel001: //setbiome
[20:20:59] [Client thread/INFO]: [CHAT] xX_BreBre_xX, xXWWyattXx
[20:21:01] [Client thread/INFO]: [CHAT] IISolrflareII left the game.
[20:21:02] [Client thread/INFO]: [CHAT] xX_BreBre_xX: /tp xxwwyattxx
[20:21:03] [Client thread/INFO]: [CHAT] IISolrflareII joined the game
[20:21:05] [Client thread/INFO]: [CHAT] adriel001: //setbiome taiga
[20:21:06] [Client thread/INFO]: [CHAT] SheepyWannit: /warp Elytrajump
[20:21:07] [Client thread/INFO]: [CHAT] IISolrflareII left the game.
[20:21:10] [Client thread/INFO]: [CHAT] adamvandyck, adriel001, antrobot123
[20:21:10] [Client thread/INFO]: [CHAT] adamvandyck, adriel001, antrobot123
[20:21:11] [Client thread/INFO]: [CHAT] adamvandyck, adriel001, antrobot123
[20:21:17] [Client thread/INFO]: [CHAT] _Cyclic: /warp list
[20:21:20] [Client thread/INFO]: [CHAT] _Cyclic: /warp
[20:21:24] [Client thread/INFO]: [CHAT] xX_BreBre_xX: /speed 7
[20:21:25] [Client thread/INFO]: [CHAT] <VideoGameSmash12> ????
[20:21:27] [Client thread/INFO]: [CHAT] _Cyclic: /warp lis afkmachines
[20:21:28] [Client thread/INFO]: [CHAT] adriel001: /spawn
[20:21:28] [Client thread/INFO]: [CHAT] xX_BreBre_xX: /speed 3
[20:21:33] [Client thread/INFO]: [CHAT] 8Oushi8: /tp video
[20:21:33] [Client thread/INFO]: [CHAT] [ADMIN] HahaYouFell [SA]: Versatiliity
[20:21:36] [Client thread/INFO]: [CHAT] adriel001: /spawn
[20:21:37] [Client thread/INFO]: [CHAT] [ADMIN] HahaYouFell [SA]: VideoGameSmash12*
[20:21:37] [Client thread/INFO]: [CHAT] _Cyclic: /warp lis AfkMachines
[20:21:37] [Client thread/INFO]: [CHAT] Error: Unknown item name: milk.
[20:21:38] [Client thread/INFO]: [CHAT] [ADMIN] HahaYouFell [SA]: tp
[20:21:39] [Client thread/INFO]: [CHAT] adriel001: /spawnentity
[20:21:40] [Client thread/INFO]: [CHAT] Error: Unknown item name: milk.
[20:21:44] [Client thread/INFO]: [CHAT] adriel001: /spawnmob
[20:21:44] [Client thread/INFO]: [CHAT] <SheepyWannit> Lol
[20:21:45] [Client thread/INFO]: [CHAT] _Cyclic: /warp afkmachines
[20:21:46] [Client thread/INFO]: [CHAT] Giving 64 of milk bucket to VideoGameSmash12.
[20:21:49] [Client thread/INFO]: [CHAT] <SheepyWannit> its a diamond
[20:21:50] [Client thread/INFO]: [CHAT] HahaYouFell has requested that you teleport to them.
[20:21:50] [Client thread/INFO]: [CHAT] To teleport, type /tpaccept.
[20:21:50] [Client thread/INFO]: [CHAT] To deny this request, type /tpdeny.
[20:21:50] [Client thread/INFO]: [CHAT] This request will timeout after 120 seconds.
[20:21:55] [Client thread/INFO]: [CHAT] God mode disabled.
[20:21:55] [Client thread/INFO]: [CHAT] adriel001: /undo
[20:21:56] [Client thread/INFO]: [CHAT] <SheepyWannit> wearing diamond armor
[20:21:57] [Client thread/INFO]: [CHAT] 8Oushi8 left the game.
[20:21:59] [Client thread/INFO]: [CHAT] Dr_Glitch_MD: /potion clear
[20:21:59] [Client thread/INFO]: [CHAT] <SheepyWannit> STOP
[20:22:00] [Client thread/INFO]: [CHAT] WildJJ07 has been a naughty, naughty boy.
[20:22:00] [Client thread/INFO]: [CHAT] WildJJ07 died
[20:22:00] [Client thread/INFO]: [CHAT] xX_BreBre_xX: /speed 4
[20:22:01] [Client thread/INFO]: [CHAT] antrobot123: /wark parkour
[20:22:05] [Client thread/INFO]: [CHAT] antrobot123: /warp parkour
[20:22:05] [Client thread/INFO]: [CHAT] VideoGameSmash12 - Cleared all potion effects from all players
[20:22:05] [Client thread/INFO]: [CHAT] WildJJ07: /creative
[20:22:12] [Client thread/INFO]: [CHAT] WildJJ07: /creative
[20:22:14] [Client thread/INFO]: [CHAT] <SheepyWannit> Wait
[20:22:15] [Client thread/INFO]: [CHAT] <WildJJ07> someone op me
[20:22:16] [Client thread/INFO]: [CHAT] [Server:VideoGameSmash12] That would be classified as a troll potion
[20:22:22] [Client thread/INFO]: [CHAT] <WildJJ07> sorry i wont do it again
[20:22:26] [Client thread/INFO]: [CHAT] <SheepyWannit> which ways down and which ways up
[20:22:28] [Client thread/INFO]: [CHAT] <_Cyclic> wat troll potion?
[20:22:28] [Client thread/INFO]: [CHAT] <WildJJ07> pls op e i wont do it again
[20:22:32] [Client thread/INFO]: [CHAT] HahaYouFell - Opping all players on the server
[20:22:32] [Client thread/INFO]: [CHAT] You are now op!
[20:22:36] [Client thread/INFO]: [CHAT] WildJJ07: /creative
[20:22:38] [Client thread/INFO]: [CHAT] [ADMIN] HahaYouFell [SA]: VideoGameSmash12
[20:22:39] [Client thread/INFO]: [CHAT] <_Cyclic> wat potion did u have?
[20:22:40] [Client thread/INFO]: [CHAT] * ElementalDreamer is now AFK.
[20:22:40] [Client thread/INFO]: [CHAT] [Server:VideoGameSmash12] Designed for annoyance, but since I am quite merciful at times, I'll op you.
[20:22:41] [Client thread/INFO]: [CHAT] VideoGameSmash12 - Opping all players on the server
[20:22:41] [Client thread/INFO]: [CHAT] You are now op!
[20:22:42] [Client thread/INFO]: [CHAT] antrobot123 left the game.
[20:22:46] [Client thread/INFO]: [CHAT] [ADMIN] VideoGameSmash12 [STA]: Yes?
[20:22:49] [Client thread/INFO]: [CHAT] _Cyclic: /warp
[20:22:49] [Client thread/INFO]: [CHAT] Teleporting...
[20:22:54] [Client thread/INFO]: [CHAT] xXWWyattXx: /spawnpoint
[20:22:54] [Client thread/INFO]: [CHAT] [xXWWyattXx: Set xXWWyattXx's spawn point to (-198, 51, 54)]
[20:22:56] [Client thread/INFO]: [CHAT] [ADMIN] HahaYouFell [SA]: Death pots = GTFO, Troll pots = gtfo too I think
[20:22:59] [Client thread/INFO]: [CHAT] [ADMIN] HahaYouFell [SA]: Right Versatiliity
[20:23:02] [Client thread/INFO]: [CHAT] <SheepyWannit> Who wants to fly around super fast
[20:23:02] [Client thread/INFO]: [CHAT] xXWWyattXx fell out of the world
[20:23:07] [Client thread/INFO]: [CHAT] <WildJJ07> i wont troll anybody with the troll potion. only myself i will troll with the troll potion
[20:23:08] [Client thread/INFO]: [CHAT] xXWWyattXx: /back
[20:23:09] [Client thread/INFO]: [CHAT] JoJoRam joined the game
[20:23:09] [Client thread/INFO]: [CHAT] adriel001: /give splash_potion
[20:23:09] [Client thread/INFO]: [CHAT] <SheepyWannit> do /speed 10
[20:23:10] [Client thread/INFO]: [CHAT] sergioanaya left the game.
[20:23:11] [Client thread/INFO]: [CHAT] xXWWyattXx fell out of the world
[20:23:11] [Client thread/INFO]: [CHAT] _Cyclic: /warp advancedparkout2
[20:23:16] [Client thread/INFO]: [CHAT] Teleporting...
[20:23:16] [Client thread/INFO]: [CHAT] xXWWyattXx: /tp xX_BreBre_xX
[20:23:18] [Client thread/INFO]: [CHAT] adriel001: /give splash_potion 1 1
[20:23:19] [Client thread/INFO]: [CHAT] _Cyclic: /warp
[20:23:21] [Client thread/INFO]: [CHAT] xXWWyattXx: /whisper internetbunny cmon Bre
[20:23:25] [Client thread/INFO]: [CHAT] _Cyclic: /warp 2
[20:23:25] [Client thread/INFO]: [CHAT] xXWWyattXx: /whisper internetbunny ik your invis
[20:23:26] [Client thread/INFO]: [CHAT] [ADMIN] VideoGameSmash12 [STA]: It's a levitation potion
[20:23:31] [Client thread/INFO]: [CHAT] [ADMIN] HahaYouFell [SA]: Oh
[20:23:32] [Client thread/INFO]: [CHAT] adriel001: /give adriel001 'splash_potion 1 1
[20:23:34] [Client thread/INFO]: [CHAT] xX_BreBre_xX: /msg xxwwyattxx awh :/
[20:23:38] [Client thread/INFO]: [CHAT] adriel001: /give adriel001 splash_potion 1 1
[20:23:42] [Client thread/INFO]: [CHAT] _Cyclic: /warp army
[20:23:43] [Client thread/INFO]: [CHAT] [ADMIN] HahaYouFell [SA]: We need CoreProtect
[20:23:44] [Client thread/INFO]: [CHAT] xXWWyattXx: /whisper internetbunny xD
[20:23:46] [Client thread/INFO]: [CHAT] adriel001: /give adriel001 splash_potion 1 10
[20:23:46] [Client thread/INFO]: [CHAT] SheepyWannit left the game.
[20:23:47] [Client thread/INFO]: [CHAT] JoJoRam: /msg Glitch Hi :D
[20:23:49] [Client thread/INFO]: [CHAT] WildJJ07: //wand
[20:23:50] [Client thread/INFO]: [CHAT] SheepyWannit joined the game
[20:23:52] [Client thread/INFO]: [CHAT] _Cyclic: /warp besthouseever
[20:23:57] [Client thread/INFO]: [CHAT] [ADMIN] VideoGameSmash12 [STA]: It's not like it kills people or gives them potion affects that are extremely dangerous.
[20:23:58] [Client thread/INFO]: [CHAT] _Cyclic: /tp SheepyWannit
[20:24:00] [Client thread/INFO]: [CHAT] WildJJ07: //set air
[20:24:06] [Client thread/INFO]: [CHAT] adriel001: /give adriel001 splash_potion 1 0 speed
[20:24:08] [Client thread/INFO]: [CHAT] [ADMIN] VideoGameSmash12 [STA]: Also, we've attempted to add CoreProtect, but it never worked.
[20:24:11] [Client thread/INFO]: [CHAT] _Cyclic: /spawn
[20:24:12] [Client thread/INFO]: [CHAT] xXWWyattXx: /whisper internetbunny xD
[20:24:14] [Client thread/INFO]: [CHAT] adriel001 left the game.
[20:24:18] [Client thread/INFO]: [CHAT] <SheepyWannit> Who wants to make a survival challenge
[20:24:18] [Client thread/INFO]: [CHAT] [ADMIN] VideoGameSmash12 [STA]: So no CoreProtect.
[20:24:22] [Client thread/INFO]: [CHAT] <WildJJ07> me
[20:24:23] [Client thread/INFO]: [CHAT] [ADMIN] HahaYouFell [SA]: :(
[20:24:25] [Client thread/INFO]: [CHAT] Teleporting...
[20:24:26] [Client thread/INFO]: [CHAT] <SheepyWannit> TP
[20:24:34] [Client thread/INFO]: [CHAT] WildJJ07: //set air
[20:24:38] [Client thread/INFO]: [CHAT] Teleporting...
[20:24:42] [Client thread/INFO]: [CHAT] xX_BreBre_xX: /msg xxwwyattxx cant see me ^W^
[20:24:52] [Client thread/INFO]: [CHAT] WildJJ07: //undo
[20:24:52] [Client thread/INFO]: [CHAT] _Cyclic: /kick
[20:24:53] [Client thread/INFO]: [CHAT] WildJJ07 has been a VERY naughty, naughty boy.
[20:24:53] [Client thread/INFO]: [CHAT] Banning: WildJJ07, IP: 50.173.*.* - Reason: Traps -hahayoufell
[20:24:53] [Client thread/INFO]: [CHAT] WildJJ07 left the game.
[20:24:57] [Client thread/INFO]: [CHAT] xXWWyattXx: /tp xX_BreBre_xX
[20:25:01] [Client thread/INFO]: [CHAT] <VideoGameSmash12> Ooookay...
[20:25:02] [Client thread/INFO]: [CHAT] ShadowArmadyl is a Telnet Clan. Admin and Shadow.GA Owner
[20:25:02] [Client thread/INFO]: [CHAT] ShadowArmadyl joined the game
[20:25:05] [Client thread/INFO]: [CHAT] Teleporting...
[20:25:08] [Client thread/INFO]: [CHAT] xX_BreBre_xX: /speed 10
[20:25:10] [Client thread/INFO]: [CHAT] xXWWyattXx: /whisper internetbunny irl i feel like shit
[20:25:12] [Client thread/INFO]: [CHAT] [ADMIN] HahaYouFell [SA]: Wb shadow
[20:25:16] [Client thread/INFO]: [CHAT] [ADMIN] ShadowArmadyl [STA]: ty
[20:25:16] [Client thread/INFO]: [CHAT] xXWWyattXx: /whisper internetbunny a big piece o' shit
[20:25:18] [Client thread/INFO]: [CHAT] [ADMIN] HahaYouFell [SA]: np
[20:25:20] [Client thread/INFO]: [CHAT] xXWWyattXx: /whisper internetbunny im sad ;-;
[20:25:21] [Client thread/INFO]: [CHAT] xX_BreBre_xX: /speed 7
[20:25:24] [Client thread/INFO]: [CHAT] VideoGameSmash12 - Opping all players on the server
[20:25:24] [Client thread/INFO]: [CHAT] You are now op!
[20:25:24] [Client thread/INFO]: [CHAT] [ADMIN] HahaYouFell [SA]: Shadow
[20:25:26] [Client thread/INFO]: [CHAT] xX_BreBre_xX: /msg xxwwyattxx y?
[20:25:29] [Client thread/INFO]: [CHAT] [ADMIN] HahaYouFell [SA]: I found out how you traced me
[20:25:35] [Client thread/INFO]: [CHAT] _Cyclic: /seen wildjj07
[20:25:37] [Client thread/INFO]: [CHAT] xXWWyattXx: /whisper internetbunny welp
[20:25:38] [Client thread/INFO]: [CHAT] [ADMIN] HahaYouFell [SA]: db-ip.com/<ip>
[20:25:39] [Client thread/INFO]: [CHAT] _Cyclic: /afk
[20:25:39] [Client thread/INFO]: [CHAT] * _Cyclic is now AFK.
[20:25:42] [Client thread/INFO]: [CHAT] < _Diamond_> Wild died and left
[20:25:46] [Client thread/INFO]: [CHAT] Dr_Glitch_MD: /r :D hi
[20:25:50] [Client thread/INFO]: [CHAT] xXWWyattXx: /whisper internetbunny i just found out mai dad WASNT FUCKIN DEAD
[20:25:51] [Client thread/INFO]: [CHAT] SheepyWannit: /speed 0
[20:25:51] [Client thread/INFO]: [CHAT] Dr_Glitch_MD: /afk
[20:25:51] [Client thread/INFO]: [CHAT] *  _Diamond_ is now AFK.
[20:25:52] [Client thread/INFO]: [CHAT] [ADMIN] ShadowArmadyl [STA]: nope, that's not how
[20:25:57] [Client thread/INFO]: [CHAT] SheepyWannit: /speed `
[20:25:57] [Client thread/INFO]: [CHAT] [ADMIN] HahaYouFell [SA]: How than?
[20:26:00] [Client thread/INFO]: [CHAT] SheepyWannit: /speed 1
[20:26:03] [Client thread/INFO]: [CHAT] xXWWyattXx: /whisper internetbunny mai mom said it was a prank and i hit her
[20:26:03] [Client thread/INFO]: [CHAT] sergioanaya joined the game
[20:26:08] [Client thread/INFO]: [CHAT] xXWWyattXx: /whisper internetbunny lil bitch
[20:26:14] [Client thread/INFO]: [CHAT] xXWWyattXx: /whisper internetbunny i hate my mom
[20:26:14] [Client thread/INFO]: [CHAT] xX_BreBre_xX: /msg xxwwyattxx -o-
[20:26:16] [Client thread/INFO]: [CHAT] SheepyWannit: /speed 10 _Cyclic
[20:26:18] [Client thread/INFO]: [CHAT] xXWWyattXx: /whisper internetbunny IKR
[20:26:24] [Client thread/INFO]: [CHAT] [ADMIN] ShadowArmadyl [STA]: To pinpoint the IP location I used something similar, but I used server logs to gather your IPv4.
[20:26:25] [Client thread/INFO]: [CHAT] xX_BreBre_xX: /msg xxwwyattxx D:
[20:26:26] [Client thread/INFO]: [CHAT] SheepyWannit: /speed 10 10 _Cyclic
[20:26:46] [Client thread/INFO]: [CHAT] [ADMIN] HahaYouFell [SA]: Yeah but what's the command
[20:26:49] [Client thread/INFO]: [CHAT] xX_BreBre_xX: /msg xxwwyattxx U HIT UR MOM?
[20:26:50] [Client thread/INFO]: [CHAT] JoJoRam: /tp Dr_Glitch_man
[20:26:52] [Client thread/INFO]: [CHAT] * Musebrat2 is now AFK.
[20:26:52] [Client thread/INFO]: [CHAT] xXWWyattXx: /whisper internetbunny yea
[20:26:55] [Client thread/INFO]: [CHAT] [ADMIN] ShadowArmadyl [STA]: I didn't use a command
[20:27:00] [Client thread/INFO]: [CHAT] xX_BreBre_xX: /msg xxwwyattxx WOOOWWW
[20:27:00] [Client thread/INFO]: [CHAT] [ADMIN] ShadowArmadyl [STA]: you could do that, but it's lazier
[20:27:02] [Client thread/INFO]: [CHAT] [ADMIN] ShadowArmadyl [STA]: ./whois
[20:27:06] [Client thread/INFO]: [CHAT] antrobot123 joined the game
[20:27:09] [Client thread/INFO]: [CHAT] [ADMIN] HahaYouFell [SA]: Ikr
[20:27:12] [Client thread/INFO]: [CHAT] * Musebrat2 is no longer AFK.
[20:27:16] [Client thread/INFO]: [CHAT] xX_BreBre_xX: /msg xxwwyattxx wwyatt
[20:27:18] [Client thread/INFO]: [CHAT] [ADMIN] HahaYouFell [SA]: But how do I get your location
[20:27:19] [Client thread/INFO]: [CHAT] xXWWyattXx: /whisper internetbunny yea
[20:27:21] [Client thread/INFO]: [CHAT] [ADMIN] HahaYouFell [SA]: Like you did
[20:27:25] [Client thread/INFO]: [CHAT] BlackTNT: /speed10
[20:27:26] [Client thread/INFO]: [CHAT] <SheepyWannit> gtg
[20:27:28] [Client thread/INFO]: [CHAT] SheepyWannit left the game.
[20:27:28] [Client thread/INFO]: [CHAT] BlackTNT: /speed 10
[20:27:32] [Client thread/INFO]: [CHAT] [ADMIN] VideoGameSmash12 [STA]: It's actually rather simple.
[20:27:33] [Client thread/INFO]: [CHAT] xX_BreBre_xX: /msg xxwwyattxx do /skin change xxwwyattxx
[20:27:38] [Client thread/INFO]: [CHAT] xXWWyattXx: /whisper internetbunny why
[20:27:42] [Client thread/INFO]: [CHAT] JoJoRam: /tp Diamond
[20:27:43] [Client thread/INFO]: [CHAT] KKlay joined the game
[20:27:43] [Client thread/INFO]: [CHAT] Welcome KKlay to the server!
[20:27:43] [Client thread/INFO]: [CHAT] [ADMIN] ShadowArmadyl [STA]: it's easy to trace an IP
[20:27:44] [Client thread/INFO]: [CHAT] xXWWyattXx: /skin change xxwwyattxx
[20:27:46] [Client thread/INFO]: [CHAT] xX_BreBre_xX: /msg xxwwyattxx DO IT
[20:27:47] [Client thread/INFO]: [CHAT] HahaYouFell - Opping all players on the server
[20:27:47] [Client thread/INFO]: [CHAT] You are now op!
[20:27:50] [Client thread/INFO]: [CHAT] JoJoRam: /tp Dr_Glitch_MD
[20:27:51] [Client thread/INFO]: [CHAT] xXWWyattXx: /whisper internetbunny aayyre
[20:27:54] [Client thread/INFO]: [CHAT] xXWWyattXx: /whisper internetbunny ayyyee
[20:28:00] [Client thread/INFO]: [CHAT] xX_BreBre_xX: /msg xxwwyattxx XD
[20:28:01] [Client thread/INFO]: [CHAT] * _Cyclic is no longer AFK.
[20:28:01] [Client thread/INFO]: [CHAT] _Cyclic: /seen wild
[20:28:05] [Client thread/INFO]: [CHAT] *  _Diamond_ is no longer AFK.
[20:28:07] [Client thread/INFO]: [CHAT] sergioanaya left the game.
[20:28:18] [Client thread/INFO]: [CHAT] JoJoRam: /r remeber me/
[20:28:18] [Client thread/INFO]: [CHAT] KKlay: //cut
[20:28:21] [Client thread/INFO]: [CHAT] JoJoRam: /r remeber me?
[20:28:24] [Client thread/INFO]: [CHAT] KKlay: //cut
[20:28:26] [Client thread/INFO]: [CHAT] TPhoenixG is a Telnet Yoda Kylo Clan Admin
[20:28:26] [Client thread/INFO]: [CHAT] TPhoenixG joined the game
[20:28:27] [Client thread/INFO]: [CHAT] _Cyclic: /me who has a server i can join
[20:28:27] [Client thread/INFO]: [CHAT] * _Cyclic who has a server i can join
[20:28:27] [Client thread/INFO]: [CHAT] xXWWyattXx: /whisper internetbunny u dont think ill ever be happy again ;-;
[20:28:28] [Client thread/INFO]: [CHAT] Dr_Glitch_MD: /realname ea
[20:28:29] [Client thread/INFO]: [CHAT] xX_BreBre_xX: /speed 1
[20:28:30] [Client thread/INFO]: [CHAT] [ADMIN] HahaYouFell [SA]: TPhoenixG!
[20:28:30] [Client thread/INFO]: [CHAT] Dr_Glitch_MD: /realname e
[20:28:32] [Client thread/INFO]: [CHAT] [ADMIN] HahaYouFell [SA]: Taah
[20:28:32] [Client thread/INFO]: [CHAT] KKlay: //cut
[20:28:35] [Client thread/INFO]: [CHAT] [ADMIN] TPhoenixG [STA]: ??
[20:28:35] [Client thread/INFO]: [CHAT] Dr_Glitch_MD: /r :D JoJoRam
[20:28:37] [Client thread/INFO]: [CHAT] xX_BreBre_xX: /speed 3
[20:28:41] [Client thread/INFO]: [CHAT] antrobot123 left the game.
[20:28:42] [Client thread/INFO]: [CHAT] xX_BreBre_xX: /msg xxwwyattxx ..
[20:28:43] [Client thread/INFO]: [CHAT] [ADMIN] HahaYouFell [SA]: Remember you and packs told me about those servers
[20:28:44] [Client thread/INFO]: [CHAT] KKlay: //cut
[20:28:46] [Client thread/INFO]: [CHAT] [ADMIN] TPhoenixG [STA]: vps?
[20:28:47] [Client thread/INFO]: [CHAT] antrobot123 joined the game
[20:28:48] [Client thread/INFO]: [CHAT] _Cyclic: /seen sheepywannit
[20:28:48] [Client thread/INFO]: [CHAT] [ADMIN] HahaYouFell [SA]: the 12 GB ram something
[20:28:49] [Client thread/INFO]: [CHAT] [ADMIN] HahaYouFell [SA]: Yeah
[20:28:52] [Client thread/INFO]: [CHAT] Dr_Glitch_MD: /gms
[20:28:52] [Client thread/INFO]: [CHAT] KKlay: //cut
[20:28:52] [Client thread/INFO]: [CHAT] [ADMIN] TPhoenixG [STA]: you got it?
[20:28:52] [Client thread/INFO]: [CHAT] [ADMIN] HahaYouFell [SA]: you lied
[20:28:54] [Client thread/INFO]: [CHAT] antrobot123: /tpo xX
[20:28:57] [Client thread/INFO]: [CHAT] KKlay: //paste
[20:28:57] [Client thread/INFO]: [CHAT] <antrobot123> hello
[20:28:58] [Client thread/INFO]: [CHAT] JoJoRam: /r i still have the "GOD arrorw"
[20:28:58] [Client thread/INFO]: [CHAT] [ADMIN] TPhoenixG [STA]: no i didn't?
[20:28:59] [Client thread/INFO]: [CHAT] _Cyclic: /me no one ok....
[20:28:59] [Client thread/INFO]: [CHAT] * _Cyclic no one ok....
[20:29:02] [Client thread/INFO]: [CHAT] Dr_Glitch_MD: /r lel
[20:29:03] [Client thread/INFO]: [CHAT] [ADMIN] TPhoenixG [STA]: how did i lie
[20:29:06] [Client thread/INFO]: [CHAT] [ADMIN] TPhoenixG [STA]: ?
[20:29:07] [Client thread/INFO]: [CHAT] <antrobot123> i have something i think you might like
[20:29:10] [Client thread/INFO]: [CHAT] [ADMIN] HahaYouFell [SA]: 1 GB ram = 12 USD/mo
[20:29:10] [Client thread/INFO]: [CHAT] [ADMIN] VideoGameSmash12 [STA]: You don't need to address someone in exclamation points.
[20:29:10] [Client thread/INFO]: [CHAT] Dr_Glitch_MD: /r i have the God bow
[20:29:12] [Client thread/INFO]: [CHAT] < InternetBunny> ..?
[20:29:16] [Client thread/INFO]: [CHAT] [ADMIN] HahaYouFell [SA]: And you can host only 1 server
[20:29:17] [Client thread/INFO]: [CHAT] KKlay: //cut
[20:29:18] [Client thread/INFO]: [CHAT] [ADMIN] TPhoenixG [STA]: no?
[20:29:20] [Client thread/INFO]: [CHAT] [ADMIN] HahaYouFell [SA]: of up to 1 GB ram
[20:29:21] [Client thread/INFO]: [CHAT] < WiFiBunny> ...
[20:29:22] [Client thread/INFO]: [CHAT] KKlay: //cut
[20:29:22] [Client thread/INFO]: [CHAT] JoJoRam: /r it only works for it?
[20:29:25] [Client thread/INFO]: [CHAT] Cowgomooo12 is a Senior Admin
[20:29:25] [Client thread/INFO]: [CHAT] Cowgomooo12 joined the game
[20:29:25] [Client thread/INFO]: [CHAT] Dr_Glitch_MD: /r btw that arrow only works on god bowz
[20:29:27] [Client thread/INFO]: [CHAT] BlackTNT: /speed 1
[20:29:27] [Client thread/INFO]: [CHAT] [ADMIN] HahaYouFell [SA]: Did you ever try it?
[20:29:28] [Client thread/INFO]: [CHAT] KKlay: /select
[20:29:31] [Client thread/INFO]: [CHAT] [ADMIN] TPhoenixG [STA]: you're looking at the wrong one.
[20:29:34] [Client thread/INFO]: [CHAT] _Cyclic: /gms
[20:29:35] [Client thread/INFO]: [CHAT] [ADMIN] HahaYouFell [SA]: whats the web
[20:29:36] [Client thread/INFO]: [CHAT] Dr_Glitch_MD: /feed
[20:29:39] [Client thread/INFO]: [CHAT] KKlay: /help
[20:29:39] [Client thread/INFO]: [CHAT] IISolrflareII joined the game
[20:29:39] [Client thread/INFO]: [CHAT] [ADMIN] HahaYouFell [SA]: the link*
[20:29:39] [Client thread/INFO]: [CHAT] xX_BreBre_xX: /tree
[20:29:42] [Client thread/INFO]: [CHAT] Teleporting...
[20:29:42] [Client thread/INFO]: [CHAT] xXWWyattXx: /whisper internetbunny oh my GAWD THIS STICK IS AWESOME
[20:29:43] [Client thread/INFO]: [CHAT] CrotinaGamer left the game.
[20:29:52] [Client thread/INFO]: [CHAT] [ADMIN] TPhoenixG [STA]: https://www.ovh.com/us/vps/vps-ssd.xml
[20:29:54] [Client thread/INFO]: [CHAT] Musebrat2 left the game.
[20:29:54] [Client thread/INFO]: [CHAT] Dr_Glitch_MD: /invsee JoJoRam
[20:29:54] [Client thread/INFO]: [CHAT] _Cyclic was killed trying to hurt Dr_Glitch_MD
[20:29:59] [Client thread/INFO]: [CHAT] < EthanBadBerry> this soul is glithey
[20:30:00] [Client thread/INFO]: [CHAT] Dr_Glitch_MD: /gmc
[20:30:01] [Client thread/INFO]: [CHAT] <antrobot123> take one
[20:30:03] [Client thread/INFO]: [CHAT] _Cyclic: /seen Dr_Glitch_MD
[20:30:04] [Client thread/INFO]: [CHAT] Dr_Glitch_MD: /invsee JoJoRam
[20:30:04] [Client thread/INFO]: [CHAT] [ADMIN] HahaYouFell [SA]: Taah
[20:30:05] [Client thread/INFO]: [CHAT] xX_BreBre_xX: /msg xxwwyattxx I CANT OPEN CHEST
[20:30:06] [Client thread/INFO]: [CHAT] [ADMIN] TPhoenixG [STA]: ?
[20:30:06] [Client thread/INFO]: [CHAT]  ====== WhoIs: Dr_Glitch_MD ======
[20:30:06] [Client thread/INFO]: [CHAT]  - Nick:  _Diamond_
[20:30:06] [Client thread/INFO]: [CHAT]  - Health: 20/20
[20:30:06] [Client thread/INFO]: [CHAT]  - Hunger: 20/20 (+10 saturation)
[20:30:06] [Client thread/INFO]: [CHAT]  - Exp: 0 (Level 0)
[20:30:06] [Client thread/INFO]: [CHAT]  - Location: (flatlands, 1,080, 50, 2,548)
[20:30:06] [Client thread/INFO]: [CHAT]  - Money: $809399919360
[20:30:06] [Client thread/INFO]: [CHAT]  - IP Address: /203.215.117.48
[20:30:06] [Client thread/INFO]: [CHAT]  - Gamemode: creative
[20:30:06] [Client thread/INFO]: [CHAT]  - God mode: false
[20:30:06] [Client thread/INFO]: [CHAT]  - OP: true
[20:30:06] [Client thread/INFO]: [CHAT]  - Fly mode: true (not flying)
[20:30:06] [Client thread/INFO]: [CHAT]  - AFK: false
[20:30:06] [Client thread/INFO]: [CHAT]  - Jail: false
[20:30:06] [Client thread/INFO]: [CHAT]  - Muted: false
[20:30:07] [Client thread/INFO]: [CHAT] steve joined the game
[20:30:08] [Client thread/INFO]: [CHAT] Teleporting...
[20:30:11] [Client thread/INFO]: [CHAT] [ADMIN] HahaYouFell [SA]: Do you know how to use it doe?
[20:30:12] [Client thread/INFO]: [CHAT] _Cyclic, adamvandyck, antrobot123, BlackTNT, Cowgomooo12, Dr_Glitch_MD, ElementalDreamer, HahaYouFell, IISolrflareII, JoJoRam, KingHax, KKlay, ShadowArmadyl, steve, TPhoenixG, Versatiliity, VideoGameSmash12, xX_BreBre_xX, xXWWyattXx
[20:30:13] [Client thread/INFO]: [CHAT] [ADMIN] TPhoenixG [STA]: Yes.
[20:30:13] [Client thread/INFO]: [CHAT] < InternetBunny> wtf i cant open it :P
[20:30:14] [Client thread/INFO]: [CHAT] KKlay: /tp _Cyclic
[20:30:15] [Client thread/INFO]: [CHAT] Teleporting...
[20:30:16] [Client thread/INFO]: [CHAT] [TotalFreedom] Save your buildings via WorldEdit! http://totalfreedom.me for more information!
[20:30:16] [Client thread/INFO]: [CHAT] [ADMIN] TPhoenixG [STA]: ._.
[20:30:17] [Client thread/INFO]: [CHAT] Dr_Glitch_MD: /gms
[20:30:18] [Client thread/INFO]: [CHAT] KKlay: /tp adamvandyck
[20:30:19] [Client thread/INFO]: [CHAT] _Cyclic: /fly
[20:30:22] [Client thread/INFO]: [CHAT] [ADMIN] HahaYouFell [SA]: How do I make there servers?
[20:30:22] [Client thread/INFO]: [CHAT] KKlay: /tp antrobot123
[20:30:23] [Client thread/INFO]: [CHAT] [ADMIN] Cowgomooo12 [SrA]: Any good movies?
[20:30:25] [Client thread/INFO]: [CHAT] [ADMIN] HahaYouFell [SA]: I just open folders
[20:30:25] [Client thread/INFO]: [CHAT] KKlay: /tp BlackTNT
[20:30:26] [Client thread/INFO]: [CHAT] IISolrflareII: /gms
[20:30:28] [Client thread/INFO]: [CHAT] [ADMIN] TPhoenixG [STA]: I'll install a panel for you.
[20:30:29] [Client thread/INFO]: [CHAT] BlackTNT: /skin set dantdm
[20:30:32] [Client thread/INFO]: [CHAT] [ADMIN] HahaYouFell [SA]: k
[20:30:32] [Client thread/INFO]: [CHAT] xX_BreBre_xX: /tree no
[20:30:33] [Client thread/INFO]: [CHAT] [ADMIN] TPhoenixG [STA]: cow
[20:30:34] [Client thread/INFO]: [CHAT] JoJoRam: /invsee Diamond
[20:30:34] [Client thread/INFO]: [CHAT] <antrobot123> :C
[20:30:36] [Client thread/INFO]: [CHAT] <antrobot123> C:
[20:30:38] [Client thread/INFO]: [CHAT] [ADMIN] Cowgomooo12 [SrA]: Yeah?
[20:30:38] [Client thread/INFO]: [CHAT] Dr_Glitch_MD: /gmc
[20:30:38] [Client thread/INFO]: [CHAT] [ADMIN] TPhoenixG [STA]: I'm waiting for star wars rogue one
[20:30:41] [Client thread/INFO]: [CHAT] * ElementalDreamer is no longer AFK.
[20:30:41] [Client thread/INFO]: [CHAT] [ADMIN] ElementalDreamer [SA]: eating dumplings right now, and omg
[20:30:41] [Client thread/INFO]: [CHAT] KKlay: /crop
[20:30:41] [Client thread/INFO]: [CHAT] <BlackTNT> hey someones is naked xD
[20:30:42] [Client thread/INFO]: [CHAT] JoJoRam: /invsee Dr_Glitch_MD
[20:30:46] [Client thread/INFO]: [CHAT] KKlay: /help
[20:30:46] [Client thread/INFO]: [CHAT] IISolrflareII left the game.
[20:30:49] [Client thread/INFO]: [CHAT] KKlay: /help 2
[20:30:49] [Client thread/INFO]: [CHAT] [ADMIN] Cowgomooo12 [SrA]: *Any good movies I can bring my girlfriend to?
[20:30:49] [Client thread/INFO]: [CHAT] steve: /tpo Dr_Glitch_MD
[20:30:49] [Client thread/INFO]: [CHAT] IISolrflareII joined the game
[20:30:50] [Client thread/INFO]: [CHAT] [ADMIN] TPhoenixG [STA]: But I have a feeling Captain America: Civil War was good
[20:30:50] [Client thread/INFO]: [CHAT] Teleporting...
[20:30:52] [Client thread/INFO]: [CHAT] [ADMIN] TPhoenixG [STA]: no
[20:30:53] [Client thread/INFO]: [CHAT] <_Cyclic> BlackTNT WHO????
[20:30:53] [Client thread/INFO]: [CHAT] [ADMIN] TPhoenixG [STA]: oh
[20:30:57] [Client thread/INFO]: [CHAT] < _Diamond_> its KKlay
[20:30:57] [Client thread/INFO]: [CHAT] <_Cyclic> is it a girl?
[20:30:58] [Client thread/INFO]: [CHAT] <BlackTNT> tp to me xD
[20:31:00] [Client thread/INFO]: [CHAT] IISolrflareII left the game.
[20:31:00] [Client thread/INFO]: [CHAT] steve: /tpo Dr_Glitch_MD
[20:31:01] [Client thread/INFO]: [CHAT] < _Diamond_> yeas
[20:31:03] [Client thread/INFO]: [CHAT] [ADMIN] TPhoenixG [STA]: but ur only 9
[20:31:03] [Client thread/INFO]: [CHAT] IISolrflareII joined the game
[20:31:04] [Client thread/INFO]: [CHAT] _Cyclic: /tp BlackTNT
[20:31:05] [Client thread/INFO]: [CHAT] <BlackTNT> yeah its a girl xD
[20:31:06] [Client thread/INFO]: [CHAT] xXWWyattXx left the game.
[20:31:06] [Client thread/INFO]: [CHAT] [ADMIN] TPhoenixG [STA]: how do u have girlfriend
[20:31:08] [Client thread/INFO]: [CHAT] xXWWyattXx joined the game
[20:31:09] [Client thread/INFO]: [CHAT] xX_BreBre_xX left the game.
[20:31:11] [Client thread/INFO]: [CHAT] [ADMIN] ElementalDreamer [SA]: Cowgomooo12 some pretty good couple movies on cornhub
[20:31:13] [Client thread/INFO]: [CHAT] <_Cyclic> where is she?
[20:31:15] [Client thread/INFO]: [CHAT] <KKlay> hey boys hehe
[20:31:19] [Client thread/INFO]: [CHAT] <BlackTNT> tp to me :3
[20:31:20] [Client thread/INFO]: [CHAT] <_Cyclic> ur hot
[20:31:20] [Client thread/INFO]: [CHAT] [ADMIN] Cowgomooo12 [SrA]: I be a pimp at nine
[20:31:24] [Client thread/INFO]: [CHAT] xXWWyattXx: /tp kklay
[20:31:24] [Client thread/INFO]: [CHAT] < _Diamond_> Who wants to pvp
[20:31:25] [Client thread/INFO]: [CHAT] _Cyclic: /gmc
[20:31:26] [Client thread/INFO]: [CHAT] JoJoRam: /r can u multi plie the god sword
[20:31:29] [Client thread/INFO]: [CHAT] <BlackTNT> ur freakin naked xD
[20:31:29] [Client thread/INFO]: [CHAT] xX_BreBre_xX joined the game
[20:31:30] [Client thread/INFO]: [CHAT] Dr_Glitch_MD: /tpo KKlay
[20:31:34] [Client thread/INFO]: [CHAT] [ADMIN] VideoGameSmash12 [STA]: I had a girlfriend when I was 6 years old, don't give me that shit Taah.
[20:31:35] [Client thread/INFO]: [CHAT] [ADMIN] TPhoenixG [STA]: HOG RIIIDDEER
[20:31:36] [Client thread/INFO]: [CHAT] antrobot123 fell out of the world
[20:31:39] [Client thread/INFO]: [CHAT] [ADMIN] TPhoenixG [STA]: wait what
[20:31:41] [Client thread/INFO]: [CHAT] KKlay: /help 2
[20:31:41] [Client thread/INFO]: [CHAT] <_Cyclic> shes freakin hot
[20:31:43] [Client thread/INFO]: [CHAT] < WurstHacker> Meh DIamond
[20:31:43] [Client thread/INFO]: [CHAT] steve left the game.
[20:31:45] [Client thread/INFO]: [CHAT] 360ExiMite joined the game
[20:31:48] [Client thread/INFO]: [CHAT] [ADMIN] TPhoenixG [STA]: here i am in the islamic religion not allowed to have girlfriends
[20:31:50] [Client thread/INFO]: [CHAT] KKlay: /help 3
[20:31:52] [Client thread/INFO]: [CHAT] Dr_Glitch_MD: /r nope u dont have marococoroire11's permision
[20:31:52] [Client thread/INFO]: [CHAT] < WiFiBunny> _cyclic your wiered
[20:31:54] [Client thread/INFO]: [CHAT] 360ExiMite: /gmc
[20:31:56] [Client thread/INFO]: [CHAT] _Cyclic: /seen KingHax
[20:31:56] [Client thread/INFO]: [CHAT] [ADMIN] VideoGameSmash12 [STA]: Forever alone.
[20:31:57] [Client thread/INFO]: [CHAT] [ADMIN] TPhoenixG [STA]: because muslims/islamic people can't have GFs
[20:31:57] [Client thread/INFO]: [CHAT] Dr_Glitch_MD: /tpo KKlay
[20:31:59] [Client thread/INFO]: [CHAT] antrobot123: /tpo black
[20:32:00] [Client thread/INFO]: [CHAT] _Cyclic: /seen KKlay
[20:32:01] [Client thread/INFO]: [CHAT] [ADMIN] TPhoenixG [STA]: but we can get married
[20:32:02] [Client thread/INFO]: [CHAT] <BlackTNT> u guys are grosss xD
[20:32:03] [Client thread/INFO]: [CHAT] <_Cyclic> ??
[20:32:03] [Client thread/INFO]: [CHAT] KKlay: /feed
[20:32:05] [Client thread/INFO]: [CHAT] [ADMIN] Cowgomooo12 [SrA]: You can get married.
[20:32:07] [Client thread/INFO]: [CHAT] [ADMIN] TPhoenixG [STA]: Yea
[20:32:08] [Client thread/INFO]: [CHAT] IISolrflareII: /tag set &8&l[&2&lWurstCilent&8&l]
[20:32:08] [Client thread/INFO]: [CHAT] <antrobot123> death win!
[20:32:10] [Client thread/INFO]: [CHAT] [ADMIN] TPhoenixG [STA]: but no girlfriends
[20:32:11] [Client thread/INFO]: [CHAT] <_Cyclic> but shes hot
[20:32:11] [Client thread/INFO]: [CHAT] 360ExiMite: /pl
[20:32:12] [Client thread/INFO]: [CHAT] KKlay: /help 4
[20:32:12] [Client thread/INFO]: [CHAT] [ADMIN] ElementalDreamer [SA]: so its immediate marriage?
[20:32:13] [Client thread/INFO]: [CHAT] [ADMIN] Cowgomooo12 [SrA]: Arranged too.
[20:32:15] [Client thread/INFO]: [CHAT] [WurstCilent] < WurstHacker> Ther eIm Pro
[20:32:18] [Client thread/INFO]: [CHAT] xX_BreBre_xX: /msg xxwwyattxx what?
[20:32:20] [Client thread/INFO]: [CHAT] < _Diamond_> WTF
[20:32:21] [Client thread/INFO]: [CHAT] 360ExiMite: /speed 1
[20:32:22] [Client thread/INFO]: [CHAT] [ADMIN] HahaYouFell [SA]: Muslims can tell a girl marry me if she doesnt marry them than she dies
[20:32:22] [Client thread/INFO]: [CHAT] _Cyclic left the game.
[20:32:23] [Client thread/INFO]: [CHAT] [ADMIN] Cowgomooo12 [SrA]: ElementalDreamer, normally your parents marry for you.
[20:32:25] [Client thread/INFO]: [CHAT] _Cyclic joined the game
[20:32:25] [Client thread/INFO]: [CHAT] KKlay left the game.
[20:32:28] [Client thread/INFO]: [CHAT] < WiFiBunny> dude _cyclic this is minecraft
[20:32:28] [Client thread/INFO]: [CHAT] < 360ExiMite> i cant move
[20:32:31] [Client thread/INFO]: [CHAT] Dr_Glitch_MD: /invsee antrobot123
[20:32:31] [Client thread/INFO]: [CHAT] [ADMIN] ElementalDreamer [SA]: So, its like england in the 16th centry?
[20:32:31] [Client thread/INFO]: [CHAT] BlackTNT left the game.
[20:32:32] [Client thread/INFO]: [CHAT] <_Cyclic> who just kicked me??
[20:32:32] [Client thread/INFO]: [CHAT] JoJoRam: /r i have a 1 hit KO
[20:32:33] [Client thread/INFO]: [CHAT] KKlay joined the game
[20:32:34] [Client thread/INFO]: [CHAT] steve joined the game
[20:32:35] [Client thread/INFO]: [CHAT] BlackTNT joined the game
[20:32:36] [Client thread/INFO]: [CHAT] TheRealGamer_ joined the game
[20:32:36] [Client thread/INFO]: [CHAT] [ADMIN] ElementalDreamer [SA]: century*
[20:32:38] [Client thread/INFO]: [CHAT] xX_BreBre_xX: /afk
[20:32:38] [Client thread/INFO]: [CHAT] *  InternetBunny is now AFK.
[20:32:39] [Client thread/INFO]: [CHAT] 360ExiMite: /suicide
[20:32:39] [Client thread/INFO]: [CHAT] 360ExiMite died
[20:32:39] [Client thread/INFO]: [CHAT] Player  360ExiMite took their own life.
[20:32:42] [Client thread/INFO]: [CHAT] [ADMIN] Cowgomooo12 [SrA]: 1500s weren't like that.
[20:32:43] [Client thread/INFO]: [CHAT] * ShadowArmadyl is now AFK.
[20:32:46] [Client thread/INFO]: [CHAT] < _Diamond_> WTF happened to me?
[20:32:46] [Client thread/INFO]: [CHAT] <BlackTNT> im back :#
[20:32:48] [Client thread/INFO]: [CHAT] [ADMIN] TPhoenixG [STA]: Yeah for example on my uncle's side of the family, his nephew married my cousin
[20:32:49] [Client thread/INFO]: [CHAT] Steedo joined the game
[20:32:49] [Client thread/INFO]: [CHAT] Welcome Steedo to the server!
[20:32:49] [Client thread/INFO]: [CHAT] [ADMIN] Cowgomooo12 [SrA]: That's more 1200 (13th)
[20:32:49] [Client thread/INFO]: [CHAT] KKlay: /help 4
[20:32:50] [Client thread/INFO]: [CHAT] [ADMIN] ElementalDreamer [SA]: 1600*
[20:32:54] [Client thread/INFO]: [CHAT] Steedo: /speed 10
[20:32:54] [Client thread/INFO]: [CHAT] < _Diamond_> wtf admin
[20:32:55] [Client thread/INFO]: [CHAT] 360ExiMite: /invsee m
[20:32:57] [Client thread/INFO]: [CHAT] <_Cyclic> someone kicked me
[20:32:59] [Client thread/INFO]: [CHAT] [ADMIN] TPhoenixG [STA]: who's on my dad's side of the family.
[20:33:00] [Client thread/INFO]: [CHAT] <BlackTNT> wheres the naked girl?
[20:33:00] [Client thread/INFO]: [CHAT] KKlay: /help 5
[20:33:05] [Client thread/INFO]: [CHAT] 360ExiMite: /invsee Dr_Glitch_MD
[20:33:06] [Client thread/INFO]: [CHAT] [ADMIN] Cowgomooo12 [SrA]: The 1600 is the 17th
[20:33:07] [Client thread/INFO]: [CHAT] steve: /skin change
[20:33:07] [Client thread/INFO]: [CHAT] TheRealGamer_: /tag set &0&l[&4&lObey_Rules&0&l]
[20:33:08] [Client thread/INFO]: [CHAT] < EthanBadBerry> ...
[20:33:08] [Client thread/INFO]: [CHAT] _Cyclic: /tp KKlay
[20:33:09] [Client thread/INFO]: [CHAT] < WiFiBunny> what the f
[20:33:10] [Client thread/INFO]: [CHAT] KKlay: /jails
[20:33:10] [Client thread/INFO]: [CHAT] <BlackTNT> xDDDD
[20:33:11] [Client thread/INFO]: [CHAT] [ADMIN] Cowgomooo12 [SrA]: Remember, 2000 is the 21st
[20:33:12] [Client thread/INFO]: [CHAT] xX_BreBre_xX: /afk
[20:33:12] [Client thread/INFO]: [CHAT] *  InternetBunny is no longer AFK.
[20:33:12] [Client thread/INFO]: [CHAT] [Obey_Rules] < OfficerReal> Hey
[20:33:14] [Client thread/INFO]: [CHAT] KKlay: /disable tp
[20:33:14] [Client thread/INFO]: [CHAT] xX_BreBre_xX left the game.
[20:33:15] [Client thread/INFO]: [CHAT] [ADMIN] ElementalDreamer [SA]: Oh, well 17th.
[20:33:15] [Client thread/INFO]: [CHAT] [ADMIN] TPhoenixG [STA]: Basically Engagements and Marriage only.
[20:33:20] [Client thread/INFO]: [CHAT] < _Diamond_> ADMin someone DID THIS TOO ME!
[20:33:21] [Client thread/INFO]: [CHAT] <BlackTNT> ill give her clothes
[20:33:21] [Client thread/INFO]: [CHAT] xXWWyattXx: /tp _cyclic
[20:33:21] [Client thread/INFO]: [CHAT] KKlay: /jail _Cyclic
[20:33:22] [Client thread/INFO]: [CHAT] < _Diamond_> HELP
[20:33:23] [Client thread/INFO]: [CHAT] _Cyclic: /afk
[20:33:23] [Client thread/INFO]: [CHAT] * _Cyclic is now AFK.
[20:33:26] [Client thread/INFO]: [CHAT] KKlay: /help 5
[20:33:30] [Client thread/INFO]: [CHAT] JoJoRam: /tp Diamond
[20:33:31] [Client thread/INFO]: [CHAT] * _Cyclic is no longer AFK.
[20:33:31] [Client thread/INFO]: [CHAT] <_Cyclic> dont give her clothes
[20:33:36] [Client thread/INFO]: [CHAT] [ADMIN] TPhoenixG [STA]: But we are still allowed to have crushes ;3
[20:33:36] [Client thread/INFO]: [CHAT] [ADMIN] ElementalDreamer [SA]: Parents could gag and beat and starve their daughter until she got married.
[20:33:37] [Client thread/INFO]: [CHAT] < WiFiBunny> KKlay your wiered
[20:33:38] [Client thread/INFO]: [CHAT] < _Diamond_> im half dead
[20:33:38] [Client thread/INFO]: [CHAT] antrobot123 left the game.
[20:33:41] [Client thread/INFO]: [CHAT] JoJoRam: /tpa Diamond
[20:33:41] [Client thread/INFO]: [CHAT] Dr_Glitch_MD: /invsee antrobot123
[20:33:42] [Client thread/INFO]: [CHAT] <BlackTNT> lol sexual
[20:33:45] [Client thread/INFO]: [CHAT] antrobot123 joined the game
[20:33:45] [Client thread/INFO]: [CHAT] < _Diamond_> WTF
[20:33:45] [Client thread/INFO]: [CHAT] [ADMIN] TPhoenixG [STA]: But we are still allowed to have crushes ;3
[20:33:45] [Client thread/INFO]: [CHAT] [ADMIN] Cowgomooo12 [SrA]: To have a girl touch before married (when engaged) it's still a crime.
[20:33:48] [Client thread/INFO]: [CHAT] Dr_Glitch_MD: /invsee antrobot123
[20:33:48] [Client thread/INFO]: [CHAT] IISolrflareII fell out of the world
[20:33:49] [Client thread/INFO]: [CHAT] <BlackTNT> hahahah xD
[20:33:52] [Client thread/INFO]: [CHAT] Dr_Glitch_MD: /invsee antrobot123
[20:33:53] [Client thread/INFO]: [CHAT] [ADMIN] TPhoenixG [STA]: why we talkin bout this
[20:33:55] [Client thread/INFO]: [CHAT] [ADMIN] TPhoenixG [STA]: i blame me
[20:34:01] [Client thread/INFO]: [CHAT] <BlackTNT> what was her name?
[20:34:02] [Client thread/INFO]: [CHAT] <KKlay> i'm a nudist stop bullying me :(
[20:34:02] [Client thread/INFO]: [CHAT] [ADMIN] Cowgomooo12 [SrA]: TPhoenixG, how old are you?
[20:34:03] [Client thread/INFO]: [CHAT] [ADMIN] ElementalDreamer [SA]: I got accused of rape my first day in Russia.
[20:34:05] [Client thread/INFO]: [CHAT] [ADMIN] TPhoenixG [STA]: 11
[20:34:05] [Client thread/INFO]: [CHAT] < WiFiBunny> _Cyclic STAPPPP
[20:34:09] [Client thread/INFO]: [CHAT] BlackTNT: /tp kklay
[20:34:09] [Client thread/INFO]: [CHAT] <_Cyclic> ?
[20:34:09] [Client thread/INFO]: [CHAT] KKlay: /help 5
[20:34:12] [Client thread/INFO]: [CHAT] [ADMIN] Cowgomooo12 [SrA]: Oh... That makes sense.
[20:34:14] [Client thread/INFO]: [CHAT] 360ExiMite left the game.
[20:34:16] [Client thread/INFO]: [CHAT] [ADMIN] TPhoenixG [STA]: how so
[20:34:16] [Client thread/INFO]: [CHAT] antrobot123: /setwarp kick
[20:34:17] [Client thread/INFO]: [CHAT] KKlay: /help 6
[20:34:17] [Client thread/INFO]: [CHAT] Steedo left the game.
[20:34:19] [Client thread/INFO]: [CHAT] [Server:HahaYouFell] If you see someone disobeying(breaking) the rules in any kind of way use /report
[20:34:19] [Client thread/INFO]: [CHAT] IISolrflareII: /gmc
[20:34:20] [Client thread/INFO]: [CHAT] <BlackTNT> ill give u clothes ok?
[20:34:21] [Client thread/INFO]: [CHAT] 360ExiMite joined the game
[20:34:22] [Client thread/INFO]: [CHAT] Dr_Glitch_MD: /i ender_chest 1
[20:34:23] [Client thread/INFO]: [CHAT] <antrobot123> do /wark pick for a kicker stick
[20:34:24] [Client thread/INFO]: [CHAT] KKlay: /help 7
[20:34:29] [Client thread/INFO]: [CHAT] antrobot123: /warp kick
[20:34:32] [Client thread/INFO]: [CHAT] _Cyclic: /seen xXWWyattXx
[20:34:32] [Client thread/INFO]: [CHAT] [ADMIN] TPhoenixG [STA]: you're 18/2 * 2
[20:34:32] [Client thread/INFO]: [CHAT] [TotalFreedom] t
[20:34:33] [Client thread/INFO]: [CHAT] < 360ExiMite> admins
[20:34:33] [Client thread/INFO]: [CHAT] <antrobot123> ./warp kick'
[20:34:34] [Client thread/INFO]: [CHAT] <BlackTNT> come
[20:34:36] [Client thread/INFO]: [CHAT] <antrobot123> ./warp kick
[20:34:36] [Client thread/INFO]: [CHAT] KKlay: /realname Whore
[20:34:37] [Client thread/INFO]: [CHAT] Dr_Glitch_MD: /report antrobot123 TROLL pots
[20:34:37] [Client thread/INFO]: [CHAT] [REPORTS] Dr_Glitch_MD has reported antrobot123 for TROLL pots
[20:34:37] [Client thread/INFO]: [CHAT] _Cyclic: /warp kick
[20:34:38] [Client thread/INFO]: [CHAT] [Obey_Rules] < OfficerReal> Yes do /report
[20:34:40] [Client thread/INFO]: [CHAT] xXWWyattXx left the game.
[20:34:41] [Client thread/INFO]: [CHAT] Dr_Glitch_MD: /invsee antrobot123
[20:34:41] [Client thread/INFO]: [CHAT] [ADMIN] TPhoenixG [STA]: aka 18 divided by 2 times 2
[20:34:43] [Client thread/INFO]: [CHAT] < 360ExiMite> any admins here?
[20:34:44] [Client thread/INFO]: [CHAT] ali4040 joined the game
[20:34:48] [Client thread/INFO]: [CHAT] xXWWyattXx joined the game
[20:34:49] [Client thread/INFO]: [CHAT] TheRealGamer_: /warp kick
[20:34:51] [Client thread/INFO]: [CHAT] adamvandyck, ali4040, antrobot123
[20:34:52] [Client thread/INFO]: [CHAT] [ADMIN] Cowgomooo12 [SrA]: 2(18/2)
[20:34:53] [Client thread/INFO]: [CHAT] _Cyclic left the game.
[20:34:53] [Client thread/INFO]: [CHAT] KKlay: /weather storm
[20:34:54] [Client thread/INFO]: [CHAT] <BlackTNT> here u go get the clothes xD
[20:34:55] [Client thread/INFO]: [CHAT] [TotalFreedom] If you see anybody breaking the rules use /report <player> <reason>
[20:34:55] [Client thread/INFO]: [CHAT] antrobot123 has been a VERY naughty, naughty boy.
[20:34:55] [Client thread/INFO]: [CHAT] Banning: antrobot123, IP: 99.116.*.* - Reason: Troll potions
[20:34:55] [Client thread/INFO]: [CHAT] antrobot123 left the game.
[20:34:56] [Client thread/INFO]: [CHAT] Dr_Glitch_MD: /invsee antrobot123 ples halp he has Troll pots
[20:34:57] [Client thread/INFO]: [CHAT] _Cyclic joined the game
[20:34:57] [Client thread/INFO]: [CHAT] _FallenDown_ joined the game
[20:34:57] [Client thread/INFO]: [CHAT] [ADMIN] TPhoenixG [STA]: k
[20:34:57] [Client thread/INFO]: [CHAT] Welcome  TheFirstHuman to the server!
[20:34:57] [Client thread/INFO]: [CHAT] Teleporting...
[20:34:58] [Client thread/INFO]: [CHAT] KKlay: /help 8
[20:34:58] [Client thread/INFO]: [CHAT] [ADMIN] TPhoenixG [STA]: fam
[20:35:00] [Client thread/INFO]: [CHAT] <ali4040> d
[20:35:00] [Client thread/INFO]: [CHAT] Shows the last logout time of a player.
[20:35:00] [Client thread/INFO]: [CHAT] /seen <playername>
[20:35:01] [Client thread/INFO]: [CHAT] ali4040: /
[20:35:03] [Client thread/INFO]: [CHAT] _Cyclic: /afk
[20:35:03] [Client thread/INFO]: [CHAT] * _Cyclic is now AFK.
[20:35:04] [Client thread/INFO]: [CHAT] Players with item SPLASH_POTION: JoJoRam
[20:35:05] [Client thread/INFO]: [CHAT] ali4040: /creative
[20:35:07] [Client thread/INFO]: [CHAT] IISolrflareII: /report antrobot He Is Put TTing Troll Sticks and Ones u hit u cant respawn
[20:35:11] [Client thread/INFO]: [CHAT] < 360ExiMite> who banned antrobot?
[20:35:12] [Client thread/INFO]: [CHAT] TheRealGamer_: /gms
[20:35:14] [Client thread/INFO]: [CHAT] KKlay: /spawnmob wither
[20:35:15] [Client thread/INFO]: [CHAT] <BlackTNT> kklay
[20:35:18] [Client thread/INFO]: [CHAT] [WurstCilent] < WurstHacker> He Stick troller
[20:35:19] [Client thread/INFO]: [CHAT] < _Diamond_> me
[20:35:20] [Client thread/INFO]: [CHAT] [SA] <ElementalDreamer> If anyone has died due to them, please tell me.
[20:35:22] [Client thread/INFO]: [CHAT] [WurstCilent] < WurstHacker> Its Called
[20:35:26] [Client thread/INFO]: [CHAT] ali4040: /more
[20:35:26] [Client thread/INFO]: [CHAT] Dr_Glitch_MD left the game.
[20:35:28] [Client thread/INFO]: [CHAT] ali4040: /more
[20:35:30] [Client thread/INFO]: [CHAT] [SA] <ElementalDreamer> I banned antroot.
[20:35:31] [Client thread/INFO]: [CHAT] [ADMIN] TPhoenixG [STA]: off
[20:35:33] [Client thread/INFO]: [CHAT] [WurstCilent] < WurstHacker> KillerStick
[20:35:34] [Client thread/INFO]: [CHAT] steve: /skin change supersonickid
[20:35:36] [Client thread/INFO]: [CHAT] [SA] <ElementalDreamer> He had troll posions.
[20:35:37] [Client thread/INFO]: [CHAT] _FallenDown_: /nick
[20:35:37] [Client thread/INFO]: [CHAT] KKlay: /help 8
[20:35:38] [Client thread/INFO]: [CHAT] ali4040: /survival
[20:35:38] [Client thread/INFO]: [CHAT] [ADMIN] TPhoenixG [STA]: with
[20:35:40] [Client thread/INFO]: [CHAT] [ADMIN] TPhoenixG [STA]: his head
[20:35:40] [Client thread/INFO]: [CHAT] <BlackTNT> kklay -
[20:35:40] [Client thread/INFO]: [CHAT] xXWWyattXx: /kit killerstick
[20:35:41] [Client thread/INFO]: [CHAT] < 360ExiMite> thanks cuz he killed me lots of stuff
[20:35:43] [Client thread/INFO]: [CHAT] ali4040: /spawn
[20:35:44] [Client thread/INFO]: [CHAT] KKlay: /help 9
[20:35:46] [Client thread/INFO]: [CHAT] [WurstCilent] < WurstHacker> KillerStick Its KillerStick
[20:35:52] [Client thread/INFO]: [CHAT] [ADMIN] TPhoenixG [STA]: cow do you find it weird that adam is already an exec admin
[20:35:52] [Client thread/INFO]: [CHAT] ElementalDreamer - De-opping BlackTNT
[20:35:52] [Client thread/INFO]: [CHAT] [ADMIN] TPhoenixG [STA]: ;c
[20:35:55] [Client thread/INFO]: [CHAT] JoJoRam has been a naughty, naughty boy.
[20:35:55] [Client thread/INFO]: [CHAT]   Reason: Creative PVP
[20:35:55] [Client thread/INFO]: [CHAT] JoJoRam died
[20:35:57] [Client thread/INFO]: [CHAT] ali4040: /fly
[20:35:58] [Client thread/INFO]: [CHAT] [ADMIN] TPhoenixG [STA]: assistant exec*
[20:35:59] [Client thread/INFO]: [CHAT] [Obey_Rules] < OfficerReal> lol
[20:36:01] [Client thread/INFO]: [CHAT] _FallenDown_: /nick &2&l_&eFallenDown&2&l_
[20:36:02] [Client thread/INFO]: [CHAT] <BlackTNT> why am i un op?
[20:36:04] [Client thread/INFO]: [CHAT] IISolrflareII: /gms
[20:36:04] [Client thread/INFO]: [CHAT] There are no players with that item
[20:36:06] [Client thread/INFO]: [CHAT] IISolrflareII fell from a high place
[20:36:06] [Client thread/INFO]: [CHAT] < EthanBadBerry> #False
[20:36:08] [Client thread/INFO]: [CHAT] gumcaff joined the game
[20:36:08] [Client thread/INFO]: [CHAT] Welcome  GumcaffGaming to the server!
[20:36:10] [Client thread/INFO]: [CHAT] KKlay: /help 10
[20:36:10] [Client thread/INFO]: [CHAT] There are no players with that item
[20:36:10] [Client thread/INFO]: [CHAT] < EthanBadBerry> did not!
[20:36:11] [Client thread/INFO]: [CHAT] HahaYouFell - Opping all players on the server
[20:36:11] [Client thread/INFO]: [CHAT] You are now op!
[20:36:12] [Client thread/INFO]: [CHAT] ali4040: /potion add damage_resistance
[20:36:12] [Client thread/INFO]: [CHAT] IISolrflareII: /back
[20:36:15] [Client thread/INFO]: [CHAT] [ADMIN] TPhoenixG [STA]: and yet the person he got tpas'd by is still a telnet clan
[20:36:15] [Client thread/INFO]: [CHAT] * ShadowArmadyl is no longer AFK.
[20:36:17] [Client thread/INFO]: [CHAT] There are no players with that item
[20:36:17] [Client thread/INFO]: [CHAT] < GumcaffGaming> Hey Every1!
[20:36:19] [Client thread/INFO]: [CHAT] ali4040: /potion add damage_resistance 1000000000 100000
[20:36:22] [Client thread/INFO]: [CHAT] <BlackTNT> tnx hahayoufell
[20:36:23] [Client thread/INFO]: [CHAT] [ADMIN] Cowgomooo12 [SrA]: I truly could not care.
[20:36:24] [Client thread/INFO]: [CHAT] < EthanBadBerry> i did not gmc pvp!
[20:36:26] [Client thread/INFO]: [CHAT] [ADMIN] ShadowArmadyl [STA]: i remember giving my opinion on his SA app
[20:36:27] [Client thread/INFO]: [CHAT] BlackTNT: /tp kklay
[20:36:28] [Client thread/INFO]: [CHAT] [SA] <ElementalDreamer> Sorry, you were under suspision of troll potions.
[20:36:28] [Client thread/INFO]: [CHAT] ali4040: /potion add damage_resistance 1000000000 1000000000
[20:36:30] [Client thread/INFO]: [CHAT] [Obey_Rules] < OfficerReal> gmc pvp
[20:36:32] [Client thread/INFO]: [CHAT] _FallenDown_: /tag set &8&l[&f&lCHARA&8&l]
[20:36:32] [Client thread/INFO]: [CHAT] IISolrflareII: /gmc
[20:36:33] [Client thread/INFO]: [CHAT] ali4040: /feed
[20:36:33] [Client thread/INFO]: [CHAT] [ADMIN] TPhoenixG [STA]: he's on bb
[20:36:33] [Client thread/INFO]: [CHAT] [ADMIN] Cowgomooo12 [SrA]: In all truthfulness, I probably have a stronger say.
[20:36:36] [Client thread/INFO]: [CHAT] <BlackTNT> heres some clothes
[20:36:37] [Client thread/INFO]: [CHAT] ali4040: /potion add damage_resistance 1000000000 10000000000
[20:36:37] [Client thread/INFO]: [CHAT] KKlay: /help 10
[20:36:38] [Client thread/INFO]: [CHAT] [ADMIN] TPhoenixG [STA]: hi adam
[20:36:41] [Client thread/INFO]: [CHAT] [ADMIN] ElementalDreamer [SA]: good night my friends.
[20:36:41] [Client thread/INFO]: [CHAT] ali4040: /potion add damage_resistance 10000000000 1000000000
[20:36:41] [Client thread/INFO]: [CHAT] [ADMIN] adamvandyck [SrA]: Hi
[20:36:42] [Client thread/INFO]: [CHAT] IISolrflareII: /gm,s
[20:36:42] [Client thread/INFO]: [CHAT] [ADMIN] Cowgomooo12 [SrA]: Oh, hi, Adam.
[20:36:43] [Client thread/INFO]: [CHAT] [ADMIN] ElementalDreamer [SA]: remember
[20:36:44] [Client thread/INFO]: [CHAT] IISolrflareII: /gms
[20:36:44] [Client thread/INFO]: [CHAT] ali4040: /potion add damage_resistance 1000000000 1000000000
[20:36:45] [Client thread/INFO]: [CHAT] TheRealGamer_: /gmc
[20:36:46] [Client thread/INFO]: [CHAT] < EthanBadBerry> That dosen man anything...
[20:36:50] [Client thread/INFO]: [CHAT] [ADMIN] ElementalDreamer [SA]: stay melon.
[20:36:50] [Client thread/INFO]: [CHAT] xXWWyattXx: /gms
[20:36:50] [Client thread/INFO]: [CHAT] < EthanBadBerry> i cant throw them
[20:36:50] [Client thread/INFO]: [CHAT] [ADMIN] ShadowArmadyl [STA]: http://totalfreedom.boards.net/thread/39485/717-adminworld-airport-ready-plane
[20:36:53] [Client thread/INFO]: [CHAT] IISolrflareII: /gmc
[20:36:55] [Client thread/INFO]: [CHAT] ali4040: /potion add increase_damage 1000000000 1000000000
[20:36:56] [Client thread/INFO]: [CHAT] < GumcaffGaming> Is anyone listening to music right now?
[20:36:57] [Client thread/INFO]: [CHAT] xXWWyattXx was slain by IISolrflareII
[20:36:57] [Client thread/INFO]: [CHAT] IISolrflareII: /gms
[20:36:58] [Client thread/INFO]: [CHAT] ali4040: /potion add increase_damage 1000000000 10000000000
[20:37:00] [Client thread/INFO]: [CHAT] [ADMIN] TPhoenixG [STA]: im not looking at that bcuz lazyness m8
[20:37:00] [Client thread/INFO]: [CHAT] KKlay: /tptoggle
[20:37:00] [Client thread/INFO]: [CHAT] [ADMIN] Cowgomooo12 [SrA]: It's really bullshit-- ranks and such.
[20:37:01] [Client thread/INFO]: [CHAT] < EthanBadBerry> No
[20:37:04] [Client thread/INFO]: [CHAT] ali4040: /potion add increase_damage 10000000000 1000000000
[20:37:07] [Client thread/INFO]: [CHAT] IISolrflareII: /heal
[20:37:08] [Client thread/INFO]: [CHAT] ali4040: /potion add increase_damage 1000000000 1000000000
[20:37:10] [Client thread/INFO]: [CHAT] < GumcaffGaming> Well i am
[20:37:10] [Client thread/INFO]: [CHAT] [CHARA] < _FallenDown_> I am listening to undertale vines rn
[20:37:11] [Client thread/INFO]: [CHAT] < WiFiBunny> IISolaflareII gimme back my stick please
[20:37:11] [Client thread/INFO]: [CHAT] [Obey_Rules] < OfficerReal> IISolrflareII is gmc pvping
[20:37:13] [Client thread/INFO]: [CHAT] IISolrflareII was slain by ali4040
[20:37:19] [Client thread/INFO]: [CHAT] [STA] <ShadowArmadyl> i'm ethan overused-meme-berry!
[20:37:19] [Client thread/INFO]: [CHAT] xXWWyattXx: /creative
[20:37:19] [Client thread/INFO]: [CHAT] KKlay: /tree
[20:37:20] [Client thread/INFO]: [CHAT] IISolrflareII: /back
[20:37:21] [Client thread/INFO]: [CHAT] [Obey_Rules] < OfficerReal> Well was.
[20:37:23] [Client thread/INFO]: [CHAT] [CHARA] < _FallenDown_> I am just really bored
[20:37:25] [Client thread/INFO]: [CHAT] TheRealGamer_: /gms
[20:37:25] [Client thread/INFO]: [CHAT] KKlay: /tree
[20:37:25] [Client thread/INFO]: [CHAT] 360ExiMite: /give @p potion 1 8197 {CustomPotionEffects:[{Id:5,Amplifier:9999,Duration:199980}]}
[20:37:27] [Client thread/INFO]: [CHAT] [ADMIN] HahaYouFell [SA]: Changing my cape brb
[20:37:28] [Client thread/INFO]: [CHAT] [WurstCilent] < WurstHacker> Noty
[20:37:33] [Client thread/INFO]: [CHAT] IISolrflareII was slain by ali4040
[20:37:33] [Client thread/INFO]: [CHAT] <BlackTNT> kklay
[20:37:34] [Client thread/INFO]: [CHAT] xXWWyattXx: /tp _fallendown_
[20:37:35] [Client thread/INFO]: [CHAT] TheRealGamer_ was slain by ali4040
[20:37:35] [Client thread/INFO]: [CHAT] 360ExiMite: /give 360ExiMite potion 1 8197 {CustomPotionEffects:[{Id:5,Amplifier:9999,Duration:199980}]}
[20:37:37] [Client thread/INFO]: [CHAT] < EthanBadBerry> and his name is...
[20:37:40] [Client thread/INFO]: [CHAT] IISolrflareII: /gmc
[20:37:43] [Client thread/INFO]: [CHAT] < WiFiBunny> jhn cena
[20:37:43] [Client thread/INFO]: [CHAT] [CHARA] < _FallenDown_> john cena
[20:37:44] [Client thread/INFO]: [CHAT] < 360ExiMite> john cena
[20:37:46] [Client thread/INFO]: [CHAT] [Obey_Rules] < OfficerReal> john cena
[20:37:47] [Client thread/INFO]: [CHAT] < EthanBadBerry> EthanBadBerry
[20:37:51] [Client thread/INFO]: [CHAT] < 360ExiMite> XD
[20:37:54] [Client thread/INFO]: [CHAT] ali4040: /spawn
[20:37:54] [Client thread/INFO]: [CHAT] [Obey_Rules] < OfficerReal> Lol
[20:37:57] [Client thread/INFO]: [CHAT] TheRealGamer_: /gmc
[20:37:58] [Client thread/INFO]: [CHAT] xXWWyattXx left the game.
[20:37:59] [Client thread/INFO]: [CHAT] [STA] <ShadowArmadyl> it's actually bradberry
[20:37:59] [Client thread/INFO]: [CHAT] JoJoRam was slain by ali4040
[20:38:01] [Client thread/INFO]: [CHAT] xXWWyattXx joined the game
[20:38:03] [Client thread/INFO]: [CHAT] xXWWyattXx left the game.
[20:38:09] [Client thread/INFO]: [CHAT] BlackTNT: /tp kklay
[20:38:11] [Client thread/INFO]: [CHAT] [ADMIN] Cowgomooo12 [SrA]: I see "Miracles From Heaven" in the movies
[20:38:11] [Client thread/INFO]: [CHAT] TheRealGamer_: /gms
[20:38:11] [Client thread/INFO]: [CHAT] ali4040: //
[20:38:12] [Client thread/INFO]: [CHAT] < EthanBadBerry> No
[20:38:12] [Client thread/INFO]: [CHAT] * _Cyclic is no longer AFK.
[20:38:12] [Client thread/INFO]: [CHAT] _Cyclic: /seen antroot
[20:38:16] [Client thread/INFO]: [CHAT] [ADMIN] Cowgomooo12 [SrA]: But, it's PG.. So...
[20:38:18] [Client thread/INFO]: [CHAT] _Cyclic: /tp KKlay
[20:38:20] [Client thread/INFO]: [CHAT] 360ExiMite: /gms
[20:38:21] [Client thread/INFO]: [CHAT] TheRealGamer_: /invsee 360ExiMite
[20:38:24] [Client thread/INFO]: [CHAT] WillyBobJoe99 joined the game
[20:38:27] [Client thread/INFO]: [CHAT] TheRealGamer_ was slain by 360ExiMite
[20:38:30] [Client thread/INFO]: [CHAT] 360ExiMite: /gmc
[20:38:31] [Client thread/INFO]: [CHAT] WillyBobJoe99: /nick WillyBobJoe99
[20:38:31] [Client thread/INFO]: [CHAT] _FallenDown_ left the game.
[20:38:32] [Client thread/INFO]: [CHAT] IISolrflareII: /gms
[20:38:32] [Client thread/INFO]: [CHAT] 360ExiMite: /heal
[20:38:35] [Client thread/INFO]: [CHAT] _Cyclic: /seen IISolrflareII
[20:38:36] [Client thread/INFO]: [CHAT] [Obey_Rules] < OfficerReal> 360ExiMite gmc pvped
[20:38:38] [Client thread/INFO]: [CHAT] IISolrflareII: /tpo ali
[20:38:42] [Client thread/INFO]: [CHAT] ali4040: /warp pvp
[20:38:44] [Client thread/INFO]: [CHAT] IISolrflareII: /tpo ali
[20:38:47] [Client thread/INFO]: [CHAT] _Cyclic: /seen 360ExiMite
[20:38:50] [Client thread/INFO]: [CHAT] WillyBobJoe99: /tp WillyBobJoe99 officerreal
[20:38:55] [Client thread/INFO]: [CHAT] WillyBobJoe99: /tptoggle officerreal
[20:38:58] [Client thread/INFO]: [CHAT] KKlay: /help 11
[20:38:59] [Client thread/INFO]: [CHAT] WillyBobJoe99: /realname officerreal
[20:39:02] [Client thread/INFO]: [CHAT] IISolrflareII was slain by ali4040
[20:39:03] [Client thread/INFO]: [CHAT] WillyBobJoe99: /tp WillyBobJoe99 TheRealGamer_
[20:39:05] [Client thread/INFO]: [CHAT] _Cyclic: /me who has a server
[20:39:05] [Client thread/INFO]: [CHAT] * _Cyclic who has a server
[20:39:07] [Client thread/INFO]: [CHAT] WillyBobJoe99: /tptoggle TheRealGamer_
[20:39:09] [Client thread/INFO]: [CHAT] < GumcaffGaming> Did everyone see the pokemon sun and moon anouncements!!!
[20:39:09] [Client thread/INFO]: [CHAT] WillyBobJoe99: /tp WillyBobJoe99 TheRealGamer_
[20:39:10] [Client thread/INFO]: [CHAT] [WurstCilent] < WurstHacker> STAFF
[20:39:12] [Client thread/INFO]: [CHAT] ali4040: /spawn
[20:39:14] [Client thread/INFO]: [CHAT] WillyBobJoe99: /tptoggle TheRealGamer_
[20:39:15] [Client thread/INFO]: [CHAT] IISolrflareII: /me STAFF
[20:39:15] [Client thread/INFO]: [CHAT] *  WurstHacker STAFF
[20:39:17] [Client thread/INFO]: [CHAT] TheRealGamer_: /tag set &0&l[&4&lPolice-Deputy&0&l]
[20:39:17] [Client thread/INFO]: [CHAT] KKlay: /suicide
[20:39:17] [Client thread/INFO]: [CHAT] KKlay died
[20:39:17] [Client thread/INFO]: [CHAT] Player KKlay took their own life.
[20:39:19] [Client thread/INFO]: [CHAT] IISolrflareII was slain by WillyBobJoe99
[20:39:21] [Client thread/INFO]: [CHAT] TheRealGamer_: /gm
[20:39:23] [Client thread/INFO]: [CHAT] _Cyclic: /tp KKlay
[20:39:25] [Client thread/INFO]: [CHAT] [ADMIN] VideoGameSmash12 [STA]: Sorry, I was AFK.
[20:39:26] [Client thread/INFO]: [CHAT] WillyBobJoe99: /survival
[20:39:28] [Client thread/INFO]: [CHAT] _Cyclic: /tp disable
[20:39:28] [Client thread/INFO]: [CHAT] TheRealGamer_ was slain by WillyBobJoe99
[20:39:30] [Client thread/INFO]: [CHAT] ali4040: /warp pvp
[20:39:31] [Client thread/INFO]: [CHAT] _Cyclic: /tpoff
[20:39:33] [Client thread/INFO]: [CHAT] _Cyclic: /tp toggle
[20:39:33] [Client thread/INFO]: [CHAT] TheRealGamer_: /gmc
[20:39:34] [Client thread/INFO]: [CHAT] 360ExiMite: /give 360ExiMite minecraft:shield 1 0 {ench:[{id:34,lvl:30567},{id:7,lvl:30567},{id:0,lvl:30567}]}
[20:39:34] [Client thread/INFO]: [CHAT] [ADMIN] VideoGameSmash12 [STA]: But I'll be back on later. Bye.
[20:39:35] [Client thread/INFO]: [CHAT] _Cyclic: /tp
[20:39:36] [Client thread/INFO]: [CHAT] IISolrflareII was slain by WillyBobJoe99
[22:53:32] [Client thread/INFO]: Connecting to play.totalfreedom.me., 28965
[22:53:34] [Client thread/INFO]: [CHAT] VideoGameSmash12 is a Telnet Admin
[22:53:34] [Client thread/INFO]: [CHAT] VideoGameSmash12 joined the game
[22:53:34] [Client thread/INFO]: [CHAT] Welcome, VideoGameSmash12!
[22:53:34] [Client thread/INFO]: [CHAT] Type /help for a list of commands.
[22:53:34] [Client thread/INFO]: [CHAT] Do NOT open any books given to you by other players or you might be perm banned.
[22:53:34] [Client thread/INFO]: [CHAT] Remember to save your builds with World Edit or they’ll be lost.
[22:53:34] [Client thread/INFO]: [CHAT] You have no new mail.
[22:53:34] [Client thread/INFO]: [CHAT] Set fly mode enabled for VideoGameSmash12.
[22:53:35] [Client thread/INFO]: [CHAT] < 360ExiMite> who de opped me
[22:53:42] [Client thread/INFO]: [CHAT] [ADMIN] VideoGameSmash12 [STA]: O_O
[22:53:42] [Client thread/INFO]: [CHAT] falceso - Opping all players on the server
[22:53:43] [Client thread/INFO]: [CHAT] You are now op!
[22:53:46] [Client thread/INFO]: [CHAT] XDesnerXeno was slain by iRengarMain
[22:53:47] [Client thread/INFO]: [CHAT] <Yannblitz> oops
[22:53:47] [Client thread/INFO]: [CHAT] [ADMIN] VideoGameSmash12 [STA]: Holy shit!
[22:53:49] [Client thread/INFO]: [CHAT] [ADMIN] falceso [SA]: Hello Person from EpicFreedom..
[22:53:52] [Client thread/INFO]: [CHAT] < CakeGirl> wait
[22:53:54] [Client thread/INFO]: [CHAT] < CakeGirl> sorry
[22:54:01] [Client thread/INFO]: [CHAT] [ADMIN] falceso [SA]: and what not servers..
[22:54:02] [Client thread/INFO]: [CHAT] <Yannblitz> iRengarMain is gmc/god pvper
[22:54:03] [Client thread/INFO]: [CHAT] [Plebs Faction] <TBNRfrags> yannblitz
[22:54:04] [Client thread/INFO]: [CHAT] [Banter Crew] [SH] < wawioman14> lel
[22:54:04] [Client thread/INFO]: [CHAT] [ADMIN] VideoGameSmash12 [STA]: I have found an old USB wireless thing I think
[22:54:08] [Client thread/INFO]: [CHAT] 360ExiMite left the game.
[22:54:08] [Client thread/INFO]: [CHAT] <Yannblitz> ?
[22:54:14] [Client thread/INFO]: [CHAT] [Plebs Faction] <TBNRfrags> join my server
[22:54:16] [Client thread/INFO]: [CHAT] <Yannblitz> k
[22:54:18] [Client thread/INFO]: [CHAT] [ADMIN] VideoGameSmash12 [STA]: that is better than my laptop's built-in wifi
[22:54:18] [Client thread/INFO]: [CHAT] ElytraTeam < cutiegirl821> HEY!
[22:54:19] [Client thread/INFO]: [CHAT] <Yannblitz> ip?
[22:54:23] [Client thread/INFO]: [CHAT] ElytraTeam < cutiegirl821> i as making a trap
[22:54:24] [Client thread/INFO]: [CHAT] <chopang> SOrry
[22:54:27] [Client thread/INFO]: [CHAT] <chopang> K
[22:54:32] [Client thread/INFO]: [CHAT] < RaYzHD> BYE
[22:54:34] [Client thread/INFO]: [CHAT] <Acer152> stop making levitation
[22:54:36] [Client thread/INFO]: [CHAT] <Acer152> fcuk
[22:54:42] [Client thread/INFO]: [CHAT] [ADMIN] SpecLeader [Console]: hello
[22:54:44] [Client thread/INFO]: [CHAT] * TBNRfrags All Join GrumpyPug Freedom IP:GrumpyPug.myserver.gs
[22:54:46] [Client thread/INFO]: [CHAT] < XxZACHARYxX> whats the trap
[22:54:47] [Client thread/INFO]: [CHAT] [ADMIN] VideoGameSmash12 [STA]: I'm scared.
[22:54:55] [Client thread/INFO]: [CHAT] [ADMIN] VideoGameSmash12 [STA]: This laptop is acting better
[22:54:56] [Client thread/INFO]: [CHAT] ElytraTeam < cutiegirl821> guys gonna join that server
[22:54:57] [Client thread/INFO]: [CHAT] Yannblitz left the game.
[22:54:58] [Client thread/INFO]: [CHAT] cutiegirl821 left the game.
[22:55:05] [Client thread/INFO]: [CHAT] TBNRfrags left the game.
[22:55:07] [Client thread/INFO]: [CHAT] <Acer152> stop it
[22:55:08] [Client thread/INFO]: [CHAT] 360ExiMite joined the game
[22:55:08] [Client thread/INFO]: [CHAT] [ADMIN] VideoGameSmash12 [STA]: With a fucking USB wireless adapter
[22:55:11] [Client thread/INFO]: [CHAT] <Acer152> levitation
[22:55:14] [Client thread/INFO]: [CHAT] <Acer152> stop it
[22:55:15] [Client thread/INFO]: [CHAT] <Jasper300> srry idk
[22:55:20] [Client thread/INFO]: [CHAT] [ADMIN] VideoGameSmash12 [STA]: that is older than my laptop itself
[22:55:27] [Client thread/INFO]: [CHAT] <Jasper300> acer can u lend me boots pls
[22:55:31] [Client thread/INFO]: [CHAT] <Jasper300> pls
[22:55:34] [Client thread/INFO]: [CHAT] [ADMIN] VideoGameSmash12 [STA]: This is scary.
[22:55:39] [Client thread/INFO]: [CHAT] [Hitman] < IDesner> guys
[22:55:42] [Client thread/INFO]: [CHAT] <Jasper300> ill give it to u in 3 secs
[22:55:42] [Client thread/INFO]: [CHAT] [Hitman] < IDesner> idea for a new game
[22:55:45] [Client thread/INFO]: [CHAT] [ADMIN] VideoGameSmash12 [STA]: Good night, I guess.
[22:55:47] [Client thread/INFO]: [CHAT] [Hitman] < IDesner> ultimate