[06:56:50] [Client thread/INFO]: Connecting to play.totalfreedom.me., 28965
[06:56:56] [Client thread/INFO]: [CHAT] VideoGameSmash12 is a Telnet Admin and a Digital Form
[06:56:56] [Client thread/INFO]: [CHAT] VideoGameSmash12 joined the game
[06:56:59] [Client thread/INFO]: [CHAT] Welcome, VideoGameSmash12!
[06:56:59] [Client thread/INFO]: [CHAT] Type /help for a list of commands.
[06:56:59] [Client thread/INFO]: [CHAT] Do NOT open any books given to you by other players or you might be perm banned.
[06:56:59] [Client thread/INFO]: [CHAT] Do NOT click on signs that you didn’t make or you might be perm banned.
[06:56:59] [Client thread/INFO]: [CHAT] Remember to save your builds with World Edit or they’ll be lost.
[06:56:59] [Client thread/INFO]: [CHAT] You have no new mail.
[06:56:59] [Client thread/INFO]: [CHAT] Set fly mode enabled for VideoGameSmash12.
[06:57:00] [Client thread/INFO]: [CHAT] superariel95 was nifed by michaelpt9
[06:57:00] [Client thread/INFO]: [CHAT] dylannoviche was killed trying to hurt michaelpt9
[06:57:02] [Client thread/INFO]: [CHAT] < ZLuck> finally i know an admin
[06:57:03] [Client thread/INFO]: [CHAT] CommandSpy enabled.
[06:57:03] [Client thread/INFO]: [CHAT] <dylannoviche> hahahah
[06:57:04] [Client thread/INFO]: [CHAT] <KJAlchemist> Please KeepInv on!!!!!
[06:57:05] [Client thread/INFO]: [CHAT] superariel95: /potion add increase_damage 10000000 10000000 superariel95
[06:57:05] [Client thread/INFO]: [CHAT] Giving 1 of stick
[06:57:08] [Client thread/INFO]: [CHAT] < ZLuck> wasap xD
[06:57:08] [Client thread/INFO]: [CHAT] Tylercoco: /tp Mr_LLukas
[06:57:09] [Client thread/INFO]: [CHAT] Mr_LLukas - Removing all server entities.
[06:57:10] [Client thread/INFO]: [CHAT] KJAlchemist was nifed by superariel95
[06:57:10] [Client thread/INFO]: [CHAT] VideoGameSmash12 - Opping all players on the server
[06:57:10] [Client thread/INFO]: [CHAT] You are now op!
[06:57:12] [Client thread/INFO]: [CHAT] michaelpt9: /heal
[06:57:13] [Client thread/INFO]: [CHAT] dylannoviche was nifed by ForrtGamer
[06:57:13] [Client thread/INFO]: [CHAT] Giving 1 of diamond block
[06:57:14] [Client thread/INFO]: [CHAT] Teleporting...
[06:57:16] [Client thread/INFO]: [CHAT] Tylercoco: /kit god
[06:57:19] [Client thread/INFO]: [CHAT] 227456adam joined the game
[06:57:20] [Client thread/INFO]: [CHAT] Itz_Error: /me GUYS IF SOMEONE IS GMC PVPING OR SPAWN KILLING U JUST DO /gmc AND /god
[06:57:20] [Client thread/INFO]: [CHAT] * Itz_Error GUYS IF SOMEONE IS GMC PVPING OR SPAWN KILLING U JUST DO /gmc AND /god
[06:57:20] [Client thread/INFO]: [CHAT] michaelpt9: /creative
[06:57:22] [Client thread/INFO]: [CHAT] KJAlchemist: /me &l Say I For KeepInv On
[06:57:22] [Client thread/INFO]: [CHAT] * KJAlchemist  Say I For KeepInv On
[06:57:26] [Client thread/INFO]: [CHAT] ForrtGamer: /survival
[06:57:27] [Client thread/INFO]: [CHAT] dylannoviche was nifed by ForrtGamer
[06:57:27] [Client thread/INFO]: [CHAT] MigoweOko: /give MigoweOko diamond_boots 1 0 {ench:[{id:4,lvl:32767},{id:7,lvl:32767}],Unbreakable:1}
[06:57:28] [Client thread/INFO]: [CHAT] johnwesleyharden: /god
[06:57:29] [Client thread/INFO]: [CHAT] [UYScutix: Object successfully summoned]
[06:57:30] [Client thread/INFO]: [CHAT] <Tylercoco> I
[06:57:30] [Client thread/INFO]: [CHAT] <KJAlchemist> !
[06:57:31] [Client thread/INFO]: [CHAT] superariel95 was nifed by ForrtGamer
[06:57:31] [Client thread/INFO]: [CHAT] Tylercoco was nifed by superariel95
[06:57:33] [Client thread/INFO]: [CHAT] <KJAlchemist> I
[06:57:33] [Client thread/INFO]: [CHAT] Teleporting...
[06:57:33] [Client thread/INFO]: [CHAT] Fluffypuffy_ was nifed by ForrtGamer
[06:57:35] [Client thread/INFO]: [CHAT] KJAlchemist was nifed by ForrtGamer
[06:57:36] [Client thread/INFO]: [CHAT] Fluffypuffy_: /gms
[06:57:36] [Client thread/INFO]: [CHAT] MigoweOko: /gms
[06:57:36] [Client thread/INFO]: [CHAT] ForrtGamer was killed trying to hurt MigoweOko
[06:57:37] [Client thread/INFO]: [CHAT] superariel95: /potion add increase_damage 10000000 10000000 superariel95
[06:57:37] [Client thread/INFO]: [CHAT] Fluffypuffy_: /gmc
[06:57:38] [Client thread/INFO]: [CHAT] FallingAnvils, Fluffypuffy_, ForrtGamer
[06:57:38] [Client thread/INFO]: [CHAT] Teleporting...
[06:57:39] [Client thread/INFO]: [CHAT] dylannoviche was killed trying to hurt MigoweOko
[06:57:39] [Client thread/INFO]: [CHAT] IamzLuck: /whois forrt
[06:57:40] [Client thread/INFO]: [CHAT] johnwesleyharden: /opall
[06:57:41] [Client thread/INFO]: [CHAT] Teleporting...
[06:57:41] [Client thread/INFO]: [CHAT] Tylercoco was killed trying to hurt MigoweOko
[06:57:42] [Client thread/INFO]: [CHAT] KJAlchemist: /god
[06:57:48] [Client thread/INFO]: [CHAT] dylannoviche was killed trying to hurt MigoweOko
[06:57:49] [Client thread/INFO]: [CHAT] johnwesleyharden left the game.
[06:57:53] [Client thread/INFO]: [CHAT] Tylercoco was nifed by superariel95
[06:57:55] [Client thread/INFO]: [CHAT]  ====== WhoIs: ForrtGamer ======
[06:57:55] [Client thread/INFO]: [CHAT]  - Nick: ForrtGamer
[06:57:55] [Client thread/INFO]: [CHAT]  - Health: 19/20
[06:57:55] [Client thread/INFO]: [CHAT]  - Hunger: 20/20 (+1 saturation)
[06:57:55] [Client thread/INFO]: [CHAT]  - Exp: 0 (Level 0)
[06:57:55] [Client thread/INFO]: [CHAT]  - Location: (flatlands, -222, 36, 182)
[06:57:55] [Client thread/INFO]: [CHAT]  - Money: $0
[06:57:55] [Client thread/INFO]: [CHAT]  - IP Address: /89.211.144.21
[06:57:55] [Client thread/INFO]: [CHAT]  - Gamemode: survival
[06:57:55] [Client thread/INFO]: [CHAT]  - God mode: false
[06:57:55] [Client thread/INFO]: [CHAT]  - OP: true
[06:57:55] [Client thread/INFO]: [CHAT]  - Fly mode: false (not flying)
[06:57:55] [Client thread/INFO]: [CHAT]  - AFK: false
[06:57:55] [Client thread/INFO]: [CHAT]  - Jail: false
[06:57:55] [Client thread/INFO]: [CHAT]  - Muted: false
[06:57:55] [Client thread/INFO]: [CHAT] MigoweOko: /me why
[06:57:59] [Client thread/INFO]: [CHAT] ForrtGamer was nifed by superariel95
[06:58:00] [Client thread/INFO]: [CHAT] Tylercoco: /gmc
[06:58:02] [Client thread/INFO]: [CHAT] Tylercoco: /kit god
[06:58:05] [Client thread/INFO]: [CHAT] There are no invisible players
[06:58:06] [Client thread/INFO]: [CHAT] ForrtGamer was nifed by Tylercoco
[06:58:11] [Client thread/INFO]: [CHAT] Tylercoco: /gmsa
[06:58:13] [Client thread/INFO]: [CHAT] Tylercoco: /gms
[06:58:13] [Client thread/INFO]: [CHAT] 227456adam: /spawn
[06:58:13] [Client thread/INFO]: [CHAT] ForrtGamer: /warp legendshop
[06:58:14] [Client thread/INFO]: [CHAT] superariel95: /creative
[06:58:15] [Client thread/INFO]: [CHAT] Itz_Error: /speed 0
[06:58:17] [Client thread/INFO]: [CHAT] <Itz_Error> Umm
[06:58:21] [Client thread/INFO]: [CHAT] dylannoviche was nifed by Tylercoco
[06:58:21] [Client thread/INFO]: [CHAT] Fluffypuffy_: /gms
[06:58:26] [Client thread/INFO]: [CHAT] Tylercoco was killed trying to hurt MigoweOko
[06:58:27] [Client thread/INFO]: [CHAT] dylannoviche was killed trying to hurt MigoweOko
[06:58:27] [Client thread/INFO]: [CHAT] [STA] <VideoGameSmash12> dylannoviche, you used cheat engine for the infinite jumps?
[06:58:31] [Client thread/INFO]: [CHAT] superariel95: /potion add speed 10000000 10000000 superariel95
[06:58:34] [Client thread/INFO]: [CHAT] Gamemode set to survival.
[06:58:36] [Client thread/INFO]: [CHAT] dylannoviche: /gmc
[06:58:36] [Client thread/INFO]: [CHAT] God mode enabled.
[06:58:40] [Client thread/INFO]: [CHAT] Teleportation disabled.
[06:58:41] [Client thread/INFO]: [CHAT] Tylercoco: /kit god
[06:58:42] [Client thread/INFO]: [CHAT] cicioic left the game.
[06:58:45] [Client thread/INFO]: [CHAT] ForrtGamer: /creative
[06:58:47] [Client thread/INFO]: [CHAT] cicioic joined the game
[06:58:47] [Client thread/INFO]: [CHAT] Fluffypuffy_ was nifed by Tylercoco
[06:58:51] [Client thread/INFO]: [CHAT] dylannoviche has been a naughty, naughty boy.
[06:58:51] [Client thread/INFO]: [CHAT]   Reason: Broke section 3o of the conduct policy (Don't PvP in creative mode)
[06:58:51] [Client thread/INFO]: [CHAT] dylannoviche somehow died
[06:58:52] [Client thread/INFO]: [CHAT] Fluffypuffy_: /gmc
[06:58:59] [Client thread/INFO]: [CHAT] Ryelow joined the game
[06:59:01] [Client thread/INFO]: [CHAT] MigoweOko: /god
[06:59:04] [Client thread/INFO]: [CHAT] dylannoviche left the game.
[06:59:06] [Client thread/INFO]: [CHAT] michaelpt9: /survival
[06:59:06] [Client thread/INFO]: [CHAT] [ADMIN] VideoGameSmash12 [STA]: like i'm dead serious i'm going to use an infinite jump hack
[06:59:06] [Client thread/INFO]: [CHAT] superariel95: /potion add increase_damage 10000000 10000000 superariel95
[06:59:07] [Client thread/INFO]: [CHAT] cicioic left the game.
[06:59:11] [Client thread/INFO]: [CHAT] Itz_Error: /me CANT FLY CUZ HE'S FROZEN WHEN HE FLIES
[06:59:11] [Client thread/INFO]: [CHAT] * Itz_Error CANT FLY CUZ HE'S FROZEN WHEN HE FLIES
[06:59:11] [Client thread/INFO]: [CHAT] [ADMIN] VideoGameSmash12 [STA]: in survival mode
[06:59:12] [Client thread/INFO]: [CHAT] <Tylercoco> Fluffypuffy_ gmc pvp
[06:59:14] [Client thread/INFO]: [CHAT] cicioic joined the game
[06:59:14] [Client thread/INFO]: [CHAT] [ADMIN] UYScutix [SA]: ;o
[06:59:16] [Client thread/INFO]: [CHAT] Fluffypuffy_ left the game.
[06:59:16] [Client thread/INFO]: [CHAT] Itz_Error: /speed 1
[06:59:19] [Client thread/INFO]: [CHAT] <Itz_Error> Oh Nvm
[06:59:19] [Client thread/INFO]: [CHAT] <Ryelow> who wants to join my server msg me
[06:59:21] [Client thread/INFO]: [CHAT] superariel95: /survival
[06:59:23] [Client thread/INFO]: [CHAT] Tylercoco got nifed by superariel95 using [§4[Knife]]
[06:59:23] [Client thread/INFO]: [CHAT] [STA] <VideoGameSmash12> guys
[06:59:24] [Client thread/INFO]: [CHAT] HappyClassic joined the game
[06:59:25] [Client thread/INFO]: [CHAT] superariel95 got nifed by michaelpt9 using [HACKER SWORD##################]
[06:59:25] [Client thread/INFO]: [CHAT] Welcome HappyClassic to the server!
[06:59:27] [Client thread/INFO]: [CHAT] [STA] <VideoGameSmash12> i'm in survival
[06:59:29] [Client thread/INFO]: [CHAT] superariel95: /potion add increase_damage 10000000 10000000 superariel95
[06:59:30] [Client thread/INFO]: [CHAT] Tylercoco: /god
[06:59:30] [Client thread/INFO]: [CHAT] cicioic was nifed by superariel95
[06:59:34] [Client thread/INFO]: [CHAT] Fluffypuffy_ joined the game
[06:59:36] [Client thread/INFO]: [CHAT] cicioic was nifed by superariel95
[06:59:36] [Client thread/INFO]: [CHAT] Tylercoco: /msg Ryelow
[06:59:37] [Client thread/INFO]: [CHAT] michaelpt9: /heal
[06:59:37] [Client thread/INFO]: [CHAT] [STA] <VideoGameSmash12> and in god mode and I'm going to jump infinitely
[06:59:38] [Client thread/INFO]: [CHAT] Tylercoco: /msg Ryelow me
[06:59:43] [Client thread/INFO]: [CHAT] Tylercoco: /kit god
[06:59:47] [Client thread/INFO]: [CHAT] michaelpt9 was nifed by Tylercoco
[06:59:50] [Client thread/INFO]: [CHAT] < PapyrusTheSkeleton> hi
[06:59:51] [Client thread/INFO]: [CHAT] [STA] <VideoGameSmash12> wanna see this shit
[06:59:51] [Client thread/INFO]: [CHAT] [ADMIN] UYScutix [SA]: why is /spawnmob blocked?
[06:59:53] [Client thread/INFO]: [CHAT] Tylercoco: /god
[06:59:54] [Client thread/INFO]: [CHAT] Tylercoco was nifed by superariel95
[06:59:56] [Client thread/INFO]: [CHAT] michaelpt9: /give michaelpt9 diamond_boots 1 0 {Unbreakable:1,ench:[{id:0,lvl:32767}{,id:7,lvl:32767}]}
[06:59:58] [Client thread/INFO]: [CHAT] [ADMIN] VideoGameSmash12 [STA]: people where spamming it
[06:59:59] [Client thread/INFO]: [CHAT] Ryelow: /msg Tylercoco it is survival so heres the ip minecraft.langdale.ca
[06:59:59] [Client thread/INFO]: [CHAT] ForrtGamer: /tp Mr_LLukas
[07:00:03] [Client thread/INFO]: [CHAT] [ADMIN] UYScutix [SA]: oh
[07:00:05] [Client thread/INFO]: [CHAT] ForrtGamer: /tp Tylercoco
[07:00:06] [Client thread/INFO]: [CHAT] Itz_Error: //set 52
[07:00:06] [Client thread/INFO]: [CHAT] [ADMIN] VideoGameSmash12 [STA]: I think so
[07:00:07] [Client thread/INFO]: [CHAT] michaelpt9: /give michaelpt9 diamond_sword 1 0 {Unbreakable:1,ench:[{id:16,lvl:32767},{id:19,lvl:32767}]}
[07:00:08] [Client thread/INFO]: [CHAT] Tylercoco: /r is it your server
[07:00:09] [Client thread/INFO]: [CHAT] MigoweOko: /gms
[07:00:11] [Client thread/INFO]: [CHAT] MigoweOko: /god
[07:00:12] [Client thread/INFO]: [CHAT] cicioic left the game.
[07:00:13] [Client thread/INFO]: [CHAT] Ryelow: /r yes
[07:00:14] [Client thread/INFO]: [CHAT] [ADMIN] UYScutix [SA]: so it's not bugged?
[07:00:15] [Client thread/INFO]: [CHAT] <KJAlchemist> VideoGame
[07:00:17] [Client thread/INFO]: [CHAT] cicioic joined the game
[07:00:17] [Client thread/INFO]: [CHAT] Itz_Error: //set 42
[07:00:21] [Client thread/INFO]: [CHAT] Tylercoco got nifed by ForrtGamer using [ForrtDagger]
[07:00:23] [Client thread/INFO]: [CHAT] cicioic left the game.
[07:00:23] [Client thread/INFO]: [CHAT] Fluffypuffy_: /skin change uioz
[07:00:24] [Client thread/INFO]: [CHAT] <KJAlchemist> Can you plz set KeepInv on?
[07:00:26] [Client thread/INFO]: [CHAT] superariel95 got nifed by ForrtGamer using [ForrtDagger]
[07:00:27] [Client thread/INFO]: [CHAT] Tylercoco: /god
[07:00:29] [Client thread/INFO]: [CHAT] cicioic joined the game
[07:00:30] [Client thread/INFO]: [CHAT] Fluffypuffy_: /skin uioz
[07:00:33] [Client thread/INFO]: [CHAT] superariel95: /back
[07:00:34] [Client thread/INFO]: [CHAT] [STA] <VideoGameSmash12> IDK
[07:00:35] [Client thread/INFO]: [CHAT] superariel95 got nifed by ForrtGamer using [ForrtDagger]
[07:00:35] [Client thread/INFO]: [CHAT] <HappyClassic> Join! DragonicMC.mc-srv.com Factions Crates Still In Proggress LOOKING FOR STAFF JOIN NOW !
[07:00:37] [Client thread/INFO]: [CHAT] Tylercoco: /r when i join please can i be mod
[07:00:38] [Client thread/INFO]: [CHAT] Fluffypuffy_ left the game.
[07:00:38] [Client thread/INFO]: [CHAT] [ADMIN] UYScutix [SA]: I tested it on home server, /spawnmob goes all corrupted with TFM
[07:00:41] [Client thread/INFO]: [CHAT] Fluffypuffy_ joined the game
[07:00:45] [Client thread/INFO]: [CHAT] Ryelow: /r too many admins
[07:00:46] [Client thread/INFO]: [CHAT] VideoGameSmash12 - Opping all players on the server
[07:00:46] [Client thread/INFO]: [CHAT] You are now op!
[07:00:48] [Client thread/INFO]: [CHAT] <HappyClassic> Join! DragonicMC.mc-srv.com Factions Crates Still In Proggress LOOKING FOR STAFF JOIN NOW ! 1.8
[07:00:50] [Client thread/INFO]: [CHAT] [ADMIN] UYScutix [SA]: and if you spawn any mob your client would lag to death
[07:00:52] [Client thread/INFO]: [CHAT] VideoGameSmash12 - Muting HappyClassic
[07:00:52] [Client thread/INFO]: [CHAT] Muted HappyClassic
[07:00:53] [Client thread/INFO]: [CHAT] michaelpt9: /give michaelpt9 diamond_chestplate 1 0 {Unbreakable:1,ench:[{id:0,lvl:32767},{id:7,lvl:32767}]}
[07:00:54] [Client thread/INFO]: [CHAT] <Fluffypuffy_> Booting
[07:00:56] [Client thread/INFO]: [CHAT] < PapyrusTheSkeleton> brb
[07:00:56] [Client thread/INFO]: [CHAT] thegavinator5 joined the game
[07:00:56] [Client thread/INFO]: [CHAT] Welcome thegavinator5 to the server!
[07:00:56] [Client thread/INFO]: [CHAT] Tylercoco: /r what type of staff can i be?
[07:00:57] [Client thread/INFO]: [CHAT] Marius_Nightfire left the game.
[07:01:00] [Client thread/INFO]: [CHAT] TijgerAssassin joined the game
[07:01:00] [Client thread/INFO]: [CHAT] Ryelow: /r once we get 10 you will be mod
[07:01:00] [Client thread/INFO]: [CHAT] Welcome TijgerAssassin to the server!
[07:01:03] [Client thread/INFO]: [CHAT] XSilentAssasinX joined the game
[07:01:03] [Client thread/INFO]: [CHAT] Welcome XSilentAssasinX to the server!
[07:01:04] [Client thread/INFO]: [CHAT] KJAlchemist left the game.
[07:01:08] [Client thread/INFO]: [CHAT] michaelpt9: /give michaelpt9 diamond_leggings 1 0 {Unbreakable:1,ench:[{id:0,lvl:32767},{id:7,lvl:32767}]}
[07:01:10] [Client thread/INFO]: [CHAT] cicioic: /gamemode creative
[07:01:11] [Client thread/INFO]: [CHAT] TijgerAssassin: /nick
[07:01:18] [Client thread/INFO]: [CHAT] Tylercoco: /tp Ryelow
[07:01:18] [Client thread/INFO]: [CHAT] Ryelow: /r once we get 10 players a day
[07:01:19] [Client thread/INFO]: [CHAT] 227456adam: //set wood
[07:01:21] [Client thread/INFO]: [CHAT] Fluffypuffy_: /nick WinBot v1.01
[07:01:23] [Client thread/INFO]: [CHAT] [UYScutix: Set game difficulty to Quickscoper]
[07:01:23] [Client thread/INFO]: [CHAT] michaelpt9: /give michaelpt9 diamond_helmet 1 0 {Unbreakable:1,ench:[{id:0,lvl:32767},{id:7,lvl:32767}]}
[07:01:24] [Client thread/INFO]: [CHAT] [STA] <VideoGameSmash12> HappyClassic, please advertise only once every 10 minutes
[07:01:27] [Client thread/INFO]: [CHAT] TotalFreedom - Unmuting MigoweOko
[07:01:29] [Client thread/INFO]: [CHAT] Fluffypuffy_: /nick WinBot
[07:01:31] [Client thread/INFO]: [CHAT] MarsBar450 joined the game
[07:01:31] [Client thread/INFO]: [CHAT] superariel95: /potion add increase_damage 10000000 10000000 superariel95
[07:01:31] [Client thread/INFO]: [CHAT] TijgerAssassin: /nick &4Tij&fger&4tje
[07:01:31] [Client thread/INFO]: [CHAT] Welcome MarsBar450 to the server!
[07:01:33] [Client thread/INFO]: [CHAT] Ryelow: /r but there is a test
[07:01:34] [Client thread/INFO]: [CHAT] michaelpt9: /give michaelpt9 diamond_boots 1 0 {Unbreakable:1,ench:[{id:0,lvl:32767},{id:7,lvl:32767}]}
[07:01:34] [Client thread/INFO]: [CHAT] <MigoweOko> why u mute me
[07:01:35] [Client thread/INFO]: [CHAT] VideoGameSmash12 - Unmuting HappyClassic
[07:01:35] [Client thread/INFO]: [CHAT] Unmuted HappyClassic
[07:01:38] [Client thread/INFO]: [CHAT] TijgerAssassin: /nick &4Tij&fgertje
[07:01:41] [Client thread/INFO]: [CHAT] 227456adam: //set air
[07:01:42] [Client thread/INFO]: [CHAT] TijgerAssassin: /nick &4Tijgertje
[07:01:46] [Client thread/INFO]: [CHAT] TijgerAssassin: /nick Tijgertje
[07:01:46] [Client thread/INFO]: [CHAT] Ryelow: /r you must try not to rage after a huge trolling session
[07:01:46] [Client thread/INFO]: [CHAT] XSilentAssasinX: /warp pvp
[07:01:50] [Client thread/INFO]: [CHAT] michaelpt9: /god off
[07:01:51] [Client thread/INFO]: [CHAT] < WinBot> Activate Herobrine.exe
[07:01:52] [Client thread/INFO]: [CHAT] Tylercoco: /r ez
[07:01:54] [Client thread/INFO]: [CHAT] LukaGamer457 joined the game
[07:01:54] [Client thread/INFO]: [CHAT] Welcome LukaGamer457 to the server!
[07:01:55] [Client thread/INFO]: [CHAT]  ====== WhoIs: Fluffypuffy_ ======
[07:01:55] [Client thread/INFO]: [CHAT]  - Nick:  WinBot
[07:01:55] [Client thread/INFO]: [CHAT]  - Health: 20/20
[07:01:55] [Client thread/INFO]: [CHAT]  - Hunger: 20/20 (+5 saturation)
[07:01:55] [Client thread/INFO]: [CHAT]  - Exp: 0 (Level 0)
[07:01:55] [Client thread/INFO]: [CHAT]  - Location: (flatlands, -221, 36, 181)
[07:01:55] [Client thread/INFO]: [CHAT]  - Money: $0
[07:01:55] [Client thread/INFO]: [CHAT]  - IP Address: /178.202.97.47
[07:01:55] [Client thread/INFO]: [CHAT]  - Gamemode: creative
[07:01:55] [Client thread/INFO]: [CHAT]  - God mode: false
[07:01:55] [Client thread/INFO]: [CHAT]  - OP: true
[07:01:55] [Client thread/INFO]: [CHAT]  - Fly mode: true (not flying)
[07:01:55] [Client thread/INFO]: [CHAT]  - AFK: false
[07:01:55] [Client thread/INFO]: [CHAT]  - Jail: false
[07:01:55] [Client thread/INFO]: [CHAT]  - Muted: false
[07:01:59] [Client thread/INFO]: [CHAT] thegavinator5 fell out of the world
[07:02:00] [Client thread/INFO]: [CHAT] Fluffypuffy_: /god
[07:02:01] [Client thread/INFO]: [CHAT] MarsBar450: /spawn
[07:02:03] [Client thread/INFO]: [CHAT] Ryelow: /r k
[07:02:05] [Client thread/INFO]: [CHAT] TijgerAssassin: /kit
[07:02:07] [Client thread/INFO]: [CHAT] cicioic: /gamemode creative
[07:02:09] [Client thread/INFO]: [CHAT] XSilentAssasinX: /pl
[07:02:11] [Client thread/INFO]: [CHAT] Ryelow: /r ill meet you there
[07:02:11] [Client thread/INFO]: [CHAT] [ADMIN] VideoGameSmash12 [STA]: You're Winner !
[07:02:12] [Client thread/INFO]: [CHAT] Ryelow left the game.
[07:02:13] [Client thread/INFO]: [CHAT] <MigoweOko> Video why u muted me ?
[07:02:17] [Client thread/INFO]: [CHAT] michaelpt9, MigoweOko
[07:02:18] [Client thread/INFO]: [CHAT] michaelpt9, MigoweOko
[07:02:18] [Client thread/INFO]: [CHAT] [STA] <VideoGameSmash12> I did, MigoweOko?
[07:02:21] [Client thread/INFO]: [CHAT] cicioic: /creative
[07:02:22] [Client thread/INFO]: [CHAT] RayanAl7anaya joined the game
[07:02:22] [Client thread/INFO]: [CHAT] Welcome RayanAl7anaya to the server!
[07:02:24] [Client thread/INFO]: [CHAT] [SA] <Mr_LLukas> i did
[07:02:25] [Client thread/INFO]: [CHAT] <MigoweOko> im dont know who
[07:02:27] [Client thread/INFO]: [CHAT] <MigoweOko> why ?
[07:02:30] [Client thread/INFO]: [CHAT] michaelpt9 got nifed by ForrtGamer using [ForrtDagger]
[07:02:33] [Client thread/INFO]: [CHAT] Tylercoco: /r whats ip again
[07:02:34] [Client thread/INFO]: [CHAT] < WinBot> gamemode prepare to set survival
[07:02:36] [Client thread/INFO]: [CHAT] ForrtGamer has been a naughty, naughty boy.
[07:02:36] [Client thread/INFO]: [CHAT]   Reason: Broke section 3o of the conduct policy (Don't PvP in creative mode)
[07:02:36] [Client thread/INFO]: [CHAT] ForrtGamer somehow died
[07:02:37] [Client thread/INFO]: [CHAT] [SA] <Mr_LLukas> you said "fuck you all guys"
[07:02:40] [Client thread/INFO]: [CHAT] ForrtGamer: /back
[07:02:40] [Client thread/INFO]: [CHAT] TijgerAssassin: /summon
[07:02:41] [Client thread/INFO]: [CHAT] Fluffypuffy_: /gms
[07:02:45] [Client thread/INFO]: [CHAT] < WinBot> done
[07:02:46] [Client thread/INFO]: [CHAT] <MigoweOko> o_o '
[07:02:46] [Client thread/INFO]: [CHAT] michaelpt9: /god
[07:02:47] [Client thread/INFO]: [CHAT] [ADMIN] mattlainisaking [SA]: freq was back last night
[07:02:51] [Client thread/INFO]: [CHAT] LukaGamer457 fell out of the world
[07:02:52] [Client thread/INFO]: [CHAT] ForrtGamer: /creative
[07:02:55] [Client thread/INFO]: [CHAT] [ADMIN] VideoGameSmash12 [STA]: did someone GTFO him?
[07:02:57] [Client thread/INFO]: [CHAT] superariel95: /fly
[07:02:57] [Client thread/INFO]: [CHAT] ForrtGamer: /warp legendshop
[07:02:57] [Client thread/INFO]: [CHAT] michaelpt9: /give michaelpt9 diamond_boots 1 0 {Unbreakable:1,ench:[{id:0,lvl:32767},{id:7,lvl:32767}]}
[07:02:59] [Client thread/INFO]: [CHAT] [ADMIN] mattlainisaking [SA]: yea
[07:03:00] [Client thread/INFO]: [CHAT] ForrtGamer: /creative
[07:03:01] [Client thread/INFO]: [CHAT] [ADMIN] UYScutix [SA]: it's because admins keep reacting to him
[07:03:01] [Client thread/INFO]: [CHAT] TijgerAssassin: /enchant sharpness 5
[07:03:01] [Client thread/INFO]: [CHAT] [ADMIN] VideoGameSmash12 [STA]: did someone ban him period?
[07:03:02] [Client thread/INFO]: [CHAT] michaelpt9: /give michaelpt9 diamond_helmet 1 0 {Unbreakable:1,ench:[{id:0,lvl:32767},{id:7,lvl:32767}]}
[07:03:04] [Client thread/INFO]: [CHAT] TijgerAssassin: /enchant sharpnes 5
[07:03:05] [Client thread/INFO]: [CHAT] [ADMIN] mattlainisaking [SA]: o ik
[07:03:05] [Client thread/INFO]: [CHAT] Itz_Error: /me &6&lActivated Session Of Sebrie.exe.rar.jar
[07:03:05] [Client thread/INFO]: [CHAT] * Itz_Error Activated Session Of Sebrie.exe.rar.jar
[07:03:06] [Client thread/INFO]: [CHAT] Fluffypuffy_: /gmc
[07:03:06] [Client thread/INFO]: [CHAT] michaelpt9: /give michaelpt9 diamond_leggings 1 0 {Unbreakable:1,ench:[{id:0,lvl:32767},{id:7,lvl:32767}]}
[07:03:07] [Client thread/INFO]: [CHAT] ForrtGamer: /msg Tylercoco op me pls
[07:03:08] [Client thread/INFO]: [CHAT] [ADMIN] VideoGameSmash12 [STA]: I am so tempted
[07:03:11] [Client thread/INFO]: [CHAT] michaelpt9: /give michaelpt9 diamond_chestplate 1 0 {Unbreakable:1,ench:[{id:0,lvl:32767},{id:7,lvl:32767}]}
[07:03:13] [Client thread/INFO]: [CHAT] MigoweOko: /god
[07:03:14] [Client thread/INFO]: [CHAT] MigoweOko: /god
[07:03:15] [Client thread/INFO]: [CHAT] superariel95 was killed trying to hurt MigoweOko
[07:03:16] [Client thread/INFO]: [CHAT] michaelpt9: /give michaelpt9 diamond_sword 1 0 {Unbreakable:1,ench:[{id:16,lvl:32767},{id:19,lvl:32767}]}
[07:03:18] [Client thread/INFO]: [CHAT] [ADMIN] VideoGameSmash12 [STA]: to remove any admin who reacts to the troll
[07:03:18] [Client thread/INFO]: [CHAT] superariel95: /potion add increase_damage 10000000 10000000 superariel95
[07:03:20] [Client thread/INFO]: [CHAT] ForrtGamer: /msg Tylercoco op me pls
[07:03:24] [Client thread/INFO]: [CHAT] ForrtGamer: /tp
[07:03:27] [Client thread/INFO]: [CHAT] [TotalFreedom] Somebody breaking the rules? Report it! /report <user> <reason>
[07:03:27] [Client thread/INFO]: [CHAT] Fluffypuffy_: /gms
[07:03:28] [Client thread/INFO]: [CHAT] XSilentAssasinX: /clear
[07:03:29] [Client thread/INFO]: [CHAT] <MigoweOko> thegavinator5 gmc pvp
[07:03:32] [Client thread/INFO]: [CHAT] <ForrtGamer> SOMEone op me
[07:03:37] [Client thread/INFO]: [CHAT] [ADMIN] mattlainisaking [SA]: borninaflame tryed to go undercover to see ware he gets his proxys from
[07:03:37] [Client thread/INFO]: [CHAT] XSilentAssasinX: /clear
[07:03:42] [Client thread/INFO]: [CHAT] Tylercoco left the game.
[07:03:44] [Client thread/INFO]: [CHAT] FallingAnvils: /op ForrtGamer
[07:03:44] [Client thread/INFO]: [CHAT] FallingAnvils - Opping ForrtGamer
[07:03:49] [Client thread/INFO]: [CHAT] [ADMIN] VideoGameSmash12 [STA]: What ended up happening?
[07:03:50] [Client thread/INFO]: [CHAT] Block edits at (x-212, y52, z130):
[07:03:50] [Client thread/INFO]: [CHAT]  - KJAlchemist placed Stained_glass_pane:10
[07:03:50] [Client thread/INFO]: [CHAT]  - KJAlchemist placed Stained_glass_pane:10
[07:03:50] [Client thread/INFO]: [CHAT]  - Marius_Nightfire broke Stained_glass_pane:10
[07:03:50] [Client thread/INFO]: [CHAT] XSilentAssasinX: /clear
[07:03:50] [Client thread/INFO]: [CHAT] Block edits at (x-212, y52, z130):
[07:03:50] [Client thread/INFO]: [CHAT]  - KJAlchemist placed Stained_glass_pane:10
[07:03:50] [Client thread/INFO]: [CHAT]  - KJAlchemist placed Stained_glass_pane:10
[07:03:50] [Client thread/INFO]: [CHAT]  - Marius_Nightfire broke Stained_glass_pane:10
[07:03:51] [Client thread/INFO]: [CHAT] ForrtGamer: /creative
[07:03:51] [Client thread/INFO]: [CHAT] Block edits at (x-212, y52, z130):
[07:03:51] [Client thread/INFO]: [CHAT]  - KJAlchemist placed Stained_glass_pane:10
[07:03:51] [Client thread/INFO]: [CHAT]  - KJAlchemist placed Stained_glass_pane:10
[07:03:51] [Client thread/INFO]: [CHAT]  - Marius_Nightfire broke Stained_glass_pane:10
[07:03:51] [Client thread/INFO]: [CHAT] Block edits at (x-212, y52, z130):
[07:03:51] [Client thread/INFO]: [CHAT]  - KJAlchemist placed Stained_glass_pane:10
[07:03:51] [Client thread/INFO]: [CHAT]  - KJAlchemist placed Stained_glass_pane:10
[07:03:51] [Client thread/INFO]: [CHAT]  - Marius_Nightfire broke Stained_glass_pane:10
[07:03:52] [Client thread/INFO]: [CHAT] [ADMIN] UYScutix [SA]: BornInAFlame panics too much whenever freq comes on
[07:03:52] [Client thread/INFO]: [CHAT] Block edits at (x-212, y52, z130):
[07:03:52] [Client thread/INFO]: [CHAT]  - KJAlchemist placed Stained_glass_pane:10
[07:03:52] [Client thread/INFO]: [CHAT]  - KJAlchemist placed Stained_glass_pane:10
[07:03:52] [Client thread/INFO]: [CHAT]  - Marius_Nightfire broke Stained_glass_pane:10
[07:03:52] [Client thread/INFO]: [CHAT] RayanAl7anaya: /uc rain particeeleffects
[07:03:55] [Client thread/INFO]: [CHAT] <michaelpt9> PLEASE Keepinventory
[07:03:56] [Client thread/INFO]: [CHAT] [ADMIN] mattlainisaking [SA]: he just left
[07:03:57] [Client thread/INFO]: [CHAT] TijgerAssassin: /tp 227456adam
[07:03:58] [Client thread/INFO]: [CHAT] ForrtGamer: /tp tyl
[07:04:00] [Client thread/INFO]: [CHAT] XxChrisProxX is a Super Admin
[07:04:00] [Client thread/INFO]: [CHAT] XxChrisProxX joined the game
[07:04:00] [Client thread/INFO]: [CHAT] superariel95 was nifed by LukaGamer457
[07:04:02] [Client thread/INFO]: [CHAT] Itz_Error: /me &6&lSebrie.exe.rar.jar Is A Corrupted Server File That Will Kill All Players And Humans On The..
[07:04:02] [Client thread/INFO]: [CHAT] * Itz_Error Sebrie.exe.rar.jar Is A Corrupted Server File That Will Kill All Players And Humans On The..
[07:04:03] [Client thread/INFO]: [CHAT] < Tijgertje> i want op plz
[07:04:05] [Client thread/INFO]: [CHAT] < ZLuck> sup
[07:04:06] [Client thread/INFO]: [CHAT] Tylercoco joined the game
[07:04:06] [Client thread/INFO]: [CHAT] XxChrisProxX - Opping all players on the server
[07:04:06] [Client thread/INFO]: [CHAT] You are now op!
[07:04:08] [Client thread/INFO]: [CHAT] RayanAl7anaya: /uc rain particeleffects
[07:04:09] [Client thread/INFO]: [CHAT] LukaGamer457 has been a naughty, naughty boy.
[07:04:09] [Client thread/INFO]: [CHAT]   Reason: Broke section 3o of the conduct policy (Don't PvP in creative mode)
[07:04:09] [Client thread/INFO]: [CHAT] LukaGamer457 somehow died
[07:04:09] [Client thread/INFO]: [CHAT] [SA] <XxChrisProxX> Hello.
[07:04:10] [Client thread/INFO]: [CHAT] ForrtGamer: /tp xxx
[07:04:11] [Client thread/INFO]: [CHAT] superariel95: /potion add increase_damage 10000000 10000000 superariel95
[07:04:11] [Client thread/INFO]: [CHAT] ForrtGamer: /tp XxChrisProxX
[07:04:12] [Client thread/INFO]: [CHAT] Itz_Error: /me &6&lRemaining Servers.
[07:04:12] [Client thread/INFO]: [CHAT] * Itz_Error Remaining Servers.
[07:04:13] [Client thread/INFO]: [CHAT] TijgerAssassin: /nick &4Tij&fger&4tje
[07:04:19] [Client thread/INFO]: [CHAT] TijgerAssassin: /nick &4Tij&fger&1tje
[07:04:19] [Client thread/INFO]: [CHAT] superariel95 got nifed by ForrtGamer using [ForrtDagger]
[07:04:20] [Client thread/INFO]: [CHAT] <michaelpt9> PLEAS Keepinventory
[07:04:20] [Client thread/INFO]: [CHAT] Itz_Error: /me &5&lProgress Ended
[07:04:20] [Client thread/INFO]: [CHAT] * Itz_Error Progress Ended
[07:04:22] [Client thread/INFO]: [CHAT] RayanAl7anaya: /uc rain particeeleffects
[07:04:24] [Client thread/INFO]: [CHAT] <michaelpt9> PLEASE Keepinventory
[07:04:24] [Client thread/INFO]: [CHAT] ForrtGamer has been a naughty, naughty boy.
[07:04:24] [Client thread/INFO]: [CHAT] ForrtGamer somehow died
[07:04:24] [Client thread/INFO]: [CHAT] IamzLuck: /nick &fIam&8zL&auc&fk
[07:04:25] [Client thread/INFO]: [CHAT] [STA] <VideoGameSmash12> Come on Cheat Engine
[07:04:25] [Client thread/INFO]: [CHAT] RayanAl7anaya: /uc rain particeeleffect
[07:04:25] [Client thread/INFO]: [CHAT] superariel95: /potion add increase_damage 10000000 10000000 superariel95
[07:04:26] [Client thread/INFO]: [CHAT] UYScutix - Temporarily banned ForrtGamer until 2016-07-19 at 13:14:24 GMT, Reason: "Broke section 2f of the conduct policy (Repeated offenses after warnings) (UYScutix)"
[07:04:26] [Client thread/INFO]: [CHAT] ForrtGamer left the game.
[07:04:30] [Client thread/INFO]: [CHAT] Itz_Error: /me &5&lProgress Failed
[07:04:30] [Client thread/INFO]: [CHAT] * Itz_Error Progress Failed
[07:04:31] [Client thread/INFO]: [CHAT] thegavinator5 has been a naughty, naughty boy.
[07:04:31] [Client thread/INFO]: [CHAT] thegavinator5 somehow died
[07:04:31] [Client thread/INFO]: [CHAT] XxChrisProxX was struck by lightning
[07:04:33] [Client thread/INFO]: [CHAT] < Tijgertje> tp Fluffypuffy_
[07:04:35] [Client thread/INFO]: [CHAT] ForrtGamer joined the game
[07:04:35] [Client thread/INFO]: [CHAT] IamzLuck: /nick &aI&fam&8zL&auc&fk
[07:04:39] [Client thread/INFO]: [CHAT] RayanAl7anaya: /uc rain particeeleffect
[07:04:40] [Client thread/INFO]: [CHAT] superariel95 was killed trying to hurt MigoweOko
[07:04:40] [Client thread/INFO]: [CHAT] < IamzLuck> xD
[07:04:41] [Client thread/INFO]: [CHAT] ForrtGamer: /creative
[07:04:41] [Client thread/INFO]: [CHAT] [Server:XxChrisProxX] Don't pvp when unwanted.
[07:04:42] [Client thread/INFO]: [CHAT] TijgerAssassin: /tp UYScutix
[07:04:43] [Client thread/INFO]: [CHAT] ForrtGamer: /creative
[07:04:43] [Client thread/INFO]: [CHAT] thegavinator5 has been a naughty, naughty boy.
[07:04:43] [Client thread/INFO]: [CHAT] thegavinator5 somehow died
[07:04:44] [Client thread/INFO]: [CHAT] [Server:XxChrisProxX] Don't pvp when unwanted.
[07:04:46] [Client thread/INFO]: [CHAT] XxChrisProxX - Opping all players on the server
[07:04:46] [Client thread/INFO]: [CHAT] You are now op!
[07:04:46] [Client thread/INFO]: [CHAT] <ForrtGamer> someone op me
[07:04:46] [Client thread/INFO]: [CHAT] TijgerAssassin: /tp Fluffypuffy_
[07:04:49] [Client thread/INFO]: [CHAT] superariel95: /potion add increase_damage 10000000 10000000 superariel95
[07:04:50] [Client thread/INFO]: [CHAT] LukaGamer457: /creadef
[07:04:50] [Client thread/INFO]: [CHAT] thegavinator5 was nifed by superariel95
[07:04:51] [Client thread/INFO]: [CHAT] VideoGameSmash12 - Opping all players on the server
[07:04:51] [Client thread/INFO]: [CHAT] You are now op!
[07:04:51] [Client thread/INFO]: [CHAT] < WinBot> C:/Users/ADMIN/images/herobrine.png
[07:04:53] [Client thread/INFO]: [CHAT] thegavinator5 was nifed by superariel95
[07:04:55] [Client thread/INFO]: [CHAT] ForrtGamer: /WARP LEGENDSHOP
[07:04:56] [Client thread/INFO]: [CHAT] superariel95 has been a naughty, naughty boy.
[07:04:56] [Client thread/INFO]: [CHAT] superariel95 was nifed by thegavinator5
[07:04:56] [Client thread/INFO]: [CHAT] thegavinator5 was nifed by superariel95
[07:04:56] [Client thread/INFO]: [CHAT] TijgerAssassin: /tp ForrtGamer
[07:04:56] [Client thread/INFO]: [CHAT] RayanAl7anaya: /uc menu particeeleffects
[07:04:58] [Client thread/INFO]: [CHAT] [Server:XxChrisProxX] Don't spawn killing
[07:04:59] [Client thread/INFO]: [CHAT] IamzLuck left the game.
[07:04:59] [Client thread/INFO]: [CHAT] XxChrisProxX - Opping all players on the server
[07:04:59] [Client thread/INFO]: [CHAT] You are now op!
[07:05:00] [Client thread/INFO]: [CHAT] superariel95: /potion add increase_damage 10000000 10000000 superariel95
[07:05:01] [Client thread/INFO]: [CHAT] MigoweOko: /give @p diamond_sword 1 0 {ench:[{id:16,lvl:32767},{id:20,lvl:32767}],HideFlags:4}
[07:05:04] [Client thread/INFO]: [CHAT] superariel95 was nifed by michaelpt9
[07:05:05] [Client thread/INFO]: [CHAT] ForrtGamer was nifed by TijgerAssassin
[07:05:10] [Client thread/INFO]: [CHAT] ForrtGamer: /CREATIVE
[07:05:10] [Client thread/INFO]: [CHAT] RayanAl7anaya: /uc menu particeeleffects
[07:05:11] [Client thread/INFO]: [CHAT] superariel95: /potion add increase_damage 10000000 10000000 superariel95
[07:05:14] [Client thread/INFO]: [CHAT] ForrtGamer: /WARP LEGENDSHOP
[07:05:14] [Client thread/INFO]: [CHAT] TijgerAssassin has been a naughty, naughty boy.
[07:05:14] [Client thread/INFO]: [CHAT]   Reason: Broke section 3o of the conduct policy (Don't PvP in creative mode)
[07:05:14] [Client thread/INFO]: [CHAT] TijgerAssassin somehow died
[07:05:17] [Client thread/INFO]: [CHAT] RayanAl7anaya: /uc menu particeeleffects
[07:05:18] [Client thread/INFO]: [CHAT] superariel95 was nifed by michaelpt9
[07:05:21] [Client thread/INFO]: [CHAT] thegavinator5 was killed trying to hurt MigoweOko
[07:05:21] [Client thread/INFO]: [CHAT] MigoweOko: /give MigoweOko diamond_sword 1 0 {ench:[{id:16,lvl:32767},{id:20,lvl:32767}],HideFlags:4}
[07:05:22] [Client thread/INFO]: [CHAT] <michaelpt9> someone do /gamerule KeepInventory
[07:05:22] [Client thread/INFO]: [CHAT] [ADMIN] mattlainisaking [SA]: if we find out ware he gets the proxys from we can ban them all
[07:05:22] [Client thread/INFO]: [CHAT] LukaGamer457: /chradef
[07:05:23] [Client thread/INFO]: [CHAT] RayanAl7anaya: /spawn
[07:05:23] [Client thread/INFO]: [CHAT] TijgerAssassin: /back
[07:05:24] [Client thread/INFO]: [CHAT] superariel95: /back
[07:05:24] [Client thread/INFO]: [CHAT] superariel95 was nifed by michaelpt9
[07:05:27] [Client thread/INFO]: [CHAT] TijgerAssassin got nifed by ForrtGamer using [ForrtDagger]
[07:05:29] [Client thread/INFO]: [CHAT] RayanAl7anaya: /uc menu particeeleffects
[07:05:29] [Client thread/INFO]: [CHAT] HappyClassic: /SPAWN
[07:05:30] [Client thread/INFO]: [CHAT] michaelpt9: /god off
[07:05:30] [Client thread/INFO]: [CHAT] TijgerAssassin: /back
[07:05:31] [Client thread/INFO]: [CHAT] [ADMIN] UYScutix [SA]: there are thousands of proxies
[07:05:32] [Client thread/INFO]: [CHAT] michaelpt9 has been a naughty, naughty boy.
[07:05:32] [Client thread/INFO]: [CHAT] michaelpt9 somehow died
[07:05:35] [Client thread/INFO]: [CHAT] superariel95: /potion add increase_damage 10000000 10000000 superariel95
[07:05:36] [Client thread/INFO]: [CHAT] thegavinator5 was nifed by superariel95
[07:05:37] [Client thread/INFO]: [CHAT] RayanAl7anaya: /uc menu particeeleffects
[07:05:37] [Client thread/INFO]: [CHAT] Fluffypuffy_: /skin herobrine
[07:05:38] [Client thread/INFO]: [CHAT] [Server:XxChrisProxX] Don't pvp while you're in godmode.
[07:05:39] [Client thread/INFO]: [CHAT] MigoweOko: /give MigoweOko diamond_sword 1 0 {ench:[{id:16,lvl:32767},{id:20,lvl:32767}],Unbreakable:1}
[07:05:39] [Client thread/INFO]: [CHAT] XxChrisProxX - Opping all players on the server
[07:05:39] [Client thread/INFO]: [CHAT] You are now op!
[07:05:40] [Client thread/INFO]: [CHAT] ForrtGamer: /TP Tylercoco
[07:05:42] [Client thread/INFO]: [CHAT] michaelpt9: /give michaelpt9 diamond_sword 1 0 {Unbreakable:1,ench:[{id:16,lvl:32767},{id:19,lvl:32767}]}
[07:05:42] [Client thread/INFO]: [CHAT] MarsBar450: /gamerule KeepInventory
[07:05:42] [Client thread/INFO]: [CHAT] Fluffypuffy_ left the game.
[07:05:43] [Client thread/INFO]: [CHAT] [ADMIN] XxChrisProxX [SA]: ikr
[07:05:45] [Client thread/INFO]: [CHAT] Fluffypuffy_ joined the game
[07:05:47] [Client thread/INFO]: [CHAT] LukaGamer457: /chreadef
[07:05:47] [Client thread/INFO]: [CHAT] TijgerAssassin: /gm c
[07:05:49] [Client thread/INFO]: [CHAT] ForrtGamer: /tp Fluffypuffy_
[07:05:49] [Client thread/INFO]: [CHAT] MigoweOko: /god
[07:05:51] [Client thread/INFO]: [CHAT] michaelpt9: /give michaelpt9 diamond_chestplate 1 0 {Unbreakable:1,ench:[{id:0,lvl:32767},{id:7,lvl:32767}]}
[07:05:51] [Client thread/INFO]: [CHAT] TijgerAssassin: /gm 1
[07:05:54] [Client thread/INFO]: [CHAT] 227456adam: //set wood
[07:05:55] [Client thread/INFO]: [CHAT] thegavinator5 was killed trying to hurt michaelpt9
[07:05:57] [Client thread/INFO]: [CHAT] TijgerAssassin: /gememode 1
[07:05:58] [Client thread/INFO]: [CHAT] superariel95 got nifed by ForrtGamer using [ForrtDagger]
[07:05:59] [Client thread/INFO]: [CHAT] God mode disabled.
[07:06:00] [Client thread/INFO]: [CHAT] TijgerAssassin: /gememode 1
[07:06:00] [Client thread/INFO]: [CHAT] Gamemode set to creative.
[07:06:02] [Client thread/INFO]: [CHAT] LukaGamer457 got nifed by ForrtGamer using [ForrtDagger]
[07:06:03] [Client thread/INFO]: [CHAT] superariel95 was killed trying to hurt michaelpt9
[07:06:03] [Client thread/INFO]: [CHAT] TijgerAssassin: /gamemode 1
[07:06:05] [Client thread/INFO]: [CHAT] [STA] <VideoGameSmash12> fucking cheat engine
[07:06:07] [Client thread/INFO]: [CHAT] TijgerAssassin: /creative
[07:06:08] [Client thread/INFO]: [CHAT] ForrtGamer: /survival
[07:06:08] [Client thread/INFO]: [CHAT] michaelpt9: /give michaelpt9 diamond_leggings 1 0 {Unbreakable:1,ench:[{id:0,lvl:32767},{id:7,lvl:32767}]}
[07:06:10] [Client thread/INFO]: [CHAT] ForrtGamer has been a naughty, naughty boy.
[07:06:10] [Client thread/INFO]: [CHAT] ForrtGamer somehow died
[07:06:10] [Client thread/INFO]: [CHAT] [STA] <VideoGameSmash12> won't respond
[07:06:12] [Client thread/INFO]: [CHAT] michaelpt9: /give michaelpt9 diamond_boots 1 0 {Unbreakable:1,ench:[{id:0,lvl:32767},{id:7,lvl:32767}]}
[07:06:14] [Client thread/INFO]: [CHAT] [Server:XxChrisProxX] Don't pvp while you're in creative mode.
[07:06:14] [Client thread/INFO]: [CHAT] ForrtGamer: /back
[07:06:15] [Client thread/INFO]: [CHAT] XxChrisProxX - Opping all players on the server
[07:06:15] [Client thread/INFO]: [CHAT] You are now op!
[07:06:19] [Client thread/INFO]: [CHAT] michaelpt9: /give michaelpt9 diamond_helmet 1 0 {Unbreakable:1,ench:[{id:0,lvl:32767},{id:7,lvl:32767}]}
[07:06:21] [Client thread/INFO]: [CHAT] < WinBot> battery 1999999%
[07:06:25] [Client thread/INFO]: [CHAT] RayanAl7anaya left the game.
[07:06:25] [Client thread/INFO]: [CHAT] ForrtGamer has been a VERY naughty, naughty boy.
[07:06:25] [Client thread/INFO]: [CHAT] Banning: ForrtGamer, IP: 89.211.*.* - Reason: Evading bans.
[07:06:25] [Client thread/INFO]: [CHAT] ForrtGamer left the game.
[07:06:27] [Client thread/INFO]: [CHAT] 227456adam: //set wood
[07:06:28] [Client thread/INFO]: [CHAT] TijgerAssassin: /invsee Fluffypuffy_
[07:06:33] [Client thread/INFO]: [CHAT] XSilentAssasinX: /give XSilentAssasinX irownsword 1 0 {ench:[{id:16,lvl:32456}]}
[07:06:35] [Client thread/INFO]: [CHAT] RayanAl7anaya joined the game
[07:06:35] [Client thread/INFO]: [CHAT] 227456adam: //set wood
[07:06:35] [Client thread/INFO]: [CHAT] TijgerAssassin: /tp Fluffypuffy_
[07:06:35] [Client thread/INFO]: [CHAT] michaelpt9: /heal
[07:06:37] [Client thread/INFO]: [CHAT] <thegavinator5> this is a fak portel
[07:06:38] [Client thread/WARN]: Received unknown passenger for aap['Boat'/3161, l='MpServer', x=-206.46, y=50.00, z=131.04]
[07:06:39] [Client thread/WARN]: Received unknown passenger for aap['Boat'/3162, l='MpServer', x=-205.28, y=50.00, z=129.28]
[07:06:39] [Client thread/WARN]: Received unknown passenger for aap['Boat'/3163, l='MpServer', x=-204.10, y=50.00, z=127.51]
[07:06:40] [Client thread/WARN]: Received unknown passenger for aap['Boat'/3164, l='MpServer', x=-202.39, y=50.00, z=124.96]
[07:06:40] [Client thread/WARN]: Received unknown passenger for aap['Boat'/3165, l='MpServer', x=-201.25, y=50.00, z=123.24]
[07:06:40] [Client thread/INFO]: [CHAT] michaelpt9 got nifed by TijgerAssassin using [§4[Knife]]
[07:06:41] [Client thread/WARN]: Received unknown passenger for aap['Boat'/3171, l='MpServer', x=-200.03, y=50.00, z=121.43]
[07:06:42] [Client thread/INFO]: [CHAT] XSilentAssasinX: /give XSilentAssasinX ironsword 1 0 {ench:[{id:16,lvl:32456}]}
[07:06:43] [Client thread/WARN]: Received unknown passenger for aap['Boat'/3172, l='MpServer', x=-196.99, y=50.00, z=121.64]
[07:06:43] [Client thread/WARN]: Received unknown passenger for aap['Boat'/3173, l='MpServer', x=-194.00, y=50.00, z=121.80]
[07:06:43] [Client thread/WARN]: Received unknown passenger for aap['Boat'/3174, l='MpServer', x=-191.00, y=50.00, z=121.94]
[07:06:44] [Client thread/WARN]: Received unknown passenger for aap['Boat'/3175, l='MpServer', x=-187.97, y=50.00, z=122.02]
[07:06:44] [Client thread/WARN]: Received unknown passenger for aap['Boat'/3176, l='MpServer', x=-184.95, y=50.00, z=122.09]
[07:06:45] [Client thread/WARN]: Received unknown passenger for aap['Boat'/3177, l='MpServer', x=-181.93, y=50.00, z=122.17]
[07:06:45] [Client thread/INFO]: [CHAT] 227456adam: //set wood
[07:06:45] [Client thread/WARN]: Received unknown passenger for aap['Boat'/3178, l='MpServer', x=-178.90, y=50.00, z=122.24]
[07:06:45] [Client thread/WARN]: Received unknown passenger for aap['Boat'/3179, l='MpServer', x=-175.88, y=50.00, z=122.31]
[07:06:46] [Client thread/INFO]: [CHAT] <RayanAl7anaya> e
[07:06:46] [Client thread/WARN]: Received unknown passenger for aap['Boat'/3180, l='MpServer', x=-172.86, y=50.00, z=122.39]
[07:06:46] [Client thread/WARN]: Received unknown passenger for aap['Boat'/3182, l='MpServer', x=-169.83, y=50.00, z=122.46]
[07:06:46] [Client thread/INFO]: [CHAT] TijgerAssassin: /survival
[07:06:46] [Client thread/WARN]: Received unknown passenger for aap['Boat'/3183, l='MpServer', x=-166.81, y=50.00, z=122.54]
[07:06:47] [Client thread/WARN]: Received unknown passenger for aap['Boat'/3187, l='MpServer', x=-163.79, y=50.00, z=122.61]
[07:06:47] [Client thread/WARN]: Received unknown passenger for aap['Boat'/3188, l='MpServer', x=-160.76, y=50.00, z=122.69]
[07:06:48] [Client thread/INFO]: [CHAT] michaelpt9: /give michaelpt9 diamond_helmet 1 0 {Unbreakable:1,ench:[{id:0,lvl:32767},{id:7,lvl:32767}]}
[07:06:52] [Client thread/INFO]: [CHAT] michaelpt9: /give michaelpt9 diamond_boots 1 0 {Unbreakable:1,ench:[{id:0,lvl:32767},{id:7,lvl:32767}]}
[07:06:53] [Client thread/INFO]: [CHAT] superariel95: /creative
[07:06:56] [Client thread/INFO]: [CHAT] NoHaxJustJassiie joined the game
[07:06:56] [Client thread/INFO]: [CHAT] Welcome NoHaxJustJassiie to the server!
[07:06:58] [Client thread/INFO]: [CHAT] michaelpt9: /give michaelpt9 diamond_leggings 1 0 {Unbreakable:1,ench:[{id:0,lvl:32767},{id:7,lvl:32767}]}
[07:06:58] [Client thread/INFO]: [CHAT] 227456adam: //set glass
[07:06:58] [Client thread/INFO]: [CHAT] <Itz_Error> Evading bans. ?? What Does That Mean
[07:07:00] [Client thread/INFO]: [CHAT] RayanAl7anaya left the game.
[07:07:02] [Client thread/INFO]: [CHAT] michaelpt9: /give michaelpt9 diamond_chestplate 1 0 {Unbreakable:1,ench:[{id:0,lvl:32767},{id:7,lvl:32767}]}
[07:07:03] [Client thread/INFO]: [CHAT] [STA] <VideoGameSmash12> well
[07:07:05] [Client thread/INFO]: [CHAT] <FallingAnvils> change your ip
[07:07:07] [Client thread/INFO]: [CHAT] <thegavinator5> the fake nether
[07:07:07] [Client thread/INFO]: [CHAT] michaelpt9: /give michaelpt9 diamond_sword 1 0 {Unbreakable:1,ench:[{id:16,lvl:32767},{id:19,lvl:32767}]}
[07:07:07] [Client thread/INFO]: [CHAT] <FallingAnvils> and uername
[07:07:08] [Client thread/INFO]: [CHAT] MigoweOko: /give MigoweOko bow 1 0 {ench:[{id:48,lvl:32767},{id:49,lvl:32767}],Unbreakable:1}
[07:07:09] [Client thread/INFO]: [CHAT] superariel95: /survival
[07:07:11] [Client thread/INFO]: [CHAT] <FallingAnvils> to get unbanned
[07:07:12] [Client thread/INFO]: [CHAT] RayanAl7anaya joined the game
[07:07:13] [Client thread/INFO]: [CHAT] superariel95: /fly
[07:07:15] [Client thread/WARN]: Received unknown passenger for aap['Boat'/3213, l='MpServer', x=-203.63, y=50.00, z=130.38]
[07:07:15] [Client thread/INFO]: [CHAT] <NoHaxJustJassiie> Yesterday, i got banned for doing nothing, really..
[07:07:16] [Client thread/INFO]: [CHAT] XSilentAssasinX: /potion add damage_resistance 999999 999999
[07:07:19] [Client thread/INFO]: [CHAT] 227456adam: //set glass
[07:07:19] [Client thread/INFO]: [CHAT] RayanAl7anaya left the game.
[07:07:24] [Client thread/INFO]: [CHAT] LukaGamer457: /op luka gamer 457
[07:07:25] [Client thread/INFO]: [CHAT] [STA] <VideoGameSmash12> You're winner
[07:07:27] [Client thread/INFO]: [CHAT] [SA] [Cool Crew] < UYScutix> it means bypassing bans
[07:07:28] [Client thread/INFO]: [CHAT] MigoweOko: /gmc
[07:07:31] [Client thread/INFO]: [CHAT] <MigoweOko> yes
[07:07:32] [Client thread/INFO]: [CHAT] <Itz_Error> Oh.
[07:07:36] [Client thread/INFO]: [CHAT] 227456adam: //set glass
[07:07:37] [Client thread/INFO]: [CHAT] <Itz_Error> kk
[07:07:38] [Client thread/INFO]: [CHAT] LukaGamer457: /chreadf
[07:07:40] [Client thread/INFO]: [CHAT] [ADMIN] mattlainisaking [SA]: what if freq tells the whole perm ban list how to bypass bans
[07:07:45] [Client thread/INFO]: [CHAT] RayanAl7anaya joined the game
[07:07:45] [Client thread/INFO]: [CHAT] XSilentAssasinX: /potion add increase_damage 999999 999999
[07:07:48] [Client thread/INFO]: [CHAT] TijgerAssassin: /creative
[07:07:50] [Client thread/INFO]: [CHAT] MigoweOko: /gms
[07:07:51] [Client thread/INFO]: [CHAT] MigoweOko: /god
[07:07:52] [Client thread/INFO]: [CHAT] MigoweOko: /god
[07:07:55] [Client thread/INFO]: [CHAT] XxChrisProxX was nifed by michaelpt9
[07:07:56] [Client thread/INFO]: [CHAT] MigoweOko: /god
[07:07:57] [Client thread/INFO]: [CHAT] michaelpt9 was killed trying to hurt MigoweOko
[07:07:58] [Client thread/INFO]: [CHAT] michaelpt9 left the game.
[07:07:59] [Client thread/INFO]: [CHAT] [ADMIN] UYScutix [SA]: he doesn't even know every single user on the perm ban list :P
[07:08:01] [Client thread/INFO]: [CHAT] superariel95: /tp thegavinator5
[07:08:02] [Client thread/INFO]: [CHAT] TijgerAssassin: /survival
[07:08:03] [Client thread/INFO]: [CHAT] RayanAl7anaya left the game.
[07:08:05] [Client thread/INFO]: [CHAT] michaelpt9 joined the game
[07:08:05] [Client thread/INFO]: [CHAT] thegavinator5 was nifed by superariel95
[07:08:05] [Client thread/INFO]: [CHAT] LukaGamer457: /chreadef
[07:08:06] [Client thread/INFO]: [CHAT] [ADMIN] VideoGameSmash12 [STA]: true
[07:08:07] [Client thread/INFO]: [CHAT] NoHaxJustJassiie: /spawn
[07:08:09] [Client thread/INFO]: [CHAT] superariel95: /back
[07:08:09] [Client thread/INFO]: [CHAT] michaelpt9 has been a naughty, naughty boy.
[07:08:10] [Client thread/INFO]: [CHAT] michaelpt9 somehow died
[07:08:11] [Client thread/INFO]: [CHAT] MarsBar450: /spectator
[07:08:13] [Client thread/INFO]: [CHAT] TijgerAssassin: /creative
[07:08:14] [Client thread/INFO]: [CHAT] superariel95 was killed trying to hurt MigoweOko
[07:08:17] [Client thread/INFO]: [CHAT] michaelpt9: /give michaelpt9 diamond_sword 1 0 {Unbreakable:1,ench:[{id:16,lvl:32767},{id:19,lvl:32767}]}
[07:08:20] [Client thread/INFO]: [CHAT] [Server:XxChrisProxX] Don't pvp when unwanted + avoiding punishement.
[07:08:21] [Client thread/INFO]: [CHAT] XxChrisProxX - Opping all players on the server
[07:08:21] [Client thread/INFO]: [CHAT] You are now op!
[07:08:21] [Client thread/INFO]: [CHAT] <michaelpt9> op me
[07:08:30] [Client thread/INFO]: [CHAT] michaelpt9: /give michaelpt9 diamond_sword 1 0 {Unbreakable:1,ench:[{id:16,lvl:32767},{id:19,lvl:32767}]}
[07:08:31] [Client thread/INFO]: [CHAT] < WinBot> (texturepack.get=sphaxPureBDCraftx64);
[07:08:31] [Client thread/INFO]: [CHAT] LukaGamer457: /chread
[07:08:32] [Client thread/INFO]: [CHAT] XxChrisProxX - Tempbanning: thegavinator5 for 5 minutes.
[07:08:32] [Client thread/INFO]: [CHAT] thegavinator5 left the game.
[07:08:33] [Client thread/INFO]: [CHAT] TijgerAssassin: //wand
[07:08:35] [Client thread/INFO]: [CHAT] 227456adam: //set glass
[07:08:37] [Client thread/INFO]: [CHAT] michaelpt9: /give michaelpt9 diamond_chestplate 1 0 {Unbreakable:1,ench:[{id:0,lvl:32767},{id:7,lvl:32767}]}
[07:08:39] [Client thread/INFO]: [CHAT] Gamemode set to survival.
[07:08:39] [Client thread/INFO]: [CHAT] [Server:XxChrisProxX] PvP When unwanted// Warned 3/3
[07:08:42] [Client thread/INFO]: [CHAT] HappyClassic left the game.
[07:08:43] [Client thread/INFO]: [CHAT] michaelpt9: /give michaelpt9 diamond_leggings 1 0 {Unbreakable:1,ench:[{id:0,lvl:32767},{id:7,lvl:32767}]}
[07:08:44] [Client thread/INFO]: [CHAT] God mode enabled.
[07:08:48] [Client thread/INFO]: [CHAT] TijgerAssassin: //set 0
[07:08:48] [Client thread/INFO]: [CHAT] <MigoweOko> yhm
[07:08:48] [Client thread/INFO]: [CHAT] michaelpt9 got nifed by superariel95 using [Sticky]
[07:08:49] [Client thread/INFO]: [CHAT] TijgerAssassin: /v
[07:08:52] [Client thread/INFO]: [CHAT] michaelpt9 got nifed by superariel95 using [Sticky]
[07:08:54] [Client thread/INFO]: [CHAT] XSilentAssasinX: /give XSilentAssasinX diamond_leggings 1 0 {ench:[{id:7,lvl:32456}]}
[07:09:00] [Client thread/INFO]: [CHAT] michaelpt9: /god
[07:09:03] [Client thread/INFO]: [CHAT] Tylercoco: /gmc
[07:09:05] [Client thread/INFO]: [CHAT] TijgerAssassin: //set 0
[07:09:06] [Client thread/INFO]: [CHAT] michaelpt9: /give michaelpt9 diamond_leggings 1 0 {Unbreakable:1,ench:[{id:0,lvl:32767},{id:7,lvl:32767}]}
[07:09:06] [Client thread/INFO]: [CHAT] 227456adam: //set wood
[07:09:08] [Client thread/INFO]: [CHAT] Tylercoco: /tp superariel95
[07:09:10] [Client thread/INFO]: [CHAT] MarsBar450: /warp banparty
[07:09:12] [Client thread/INFO]: [CHAT] Set fly mode enabled for VideoGameSmash12.
[07:09:12] [Client thread/INFO]: [CHAT] TijgerAssassin has been a VERY naughty, naughty boy.
[07:09:12] [Client thread/INFO]: [CHAT] Banning: TijgerAssassin, IP: 84.24.*.* - Reason: grief
[07:09:12] [Client thread/INFO]: [CHAT] TijgerAssassin left the game.
[07:09:13] [Client thread/INFO]: [CHAT] Tylercoco: /kit god
[07:09:13] [Client thread/INFO]: [CHAT] MarsBar450: /warps
[07:09:14] [Client thread/INFO]: [CHAT] superariel95 was nifed by Tylercoco
[07:09:16] [Client thread/INFO]: [CHAT] XSilentAssasinX: /give XSilentAssasinX diamond_chestplate 1 0 {ench:[{id:7,lvl:32456}]}
[07:09:16] [Client thread/INFO]: [CHAT] 227456adam: //set wood
[07:09:16] [Client thread/INFO]: [CHAT] <MigoweOko> michaelpt9 wtf
[07:09:19] [Client thread/INFO]: [CHAT] superariel95 was killed trying to hurt MigoweOko
[07:09:19] [Client thread/INFO]: [CHAT] michaelpt9: /give michaelpt9 diamond_chestplate 1 0 {Unbreakable:1,ench:[{id:0,lvl:32767},{id:7,lvl:32767}]}
[07:09:23] [Client thread/INFO]: [CHAT] superariel95: /potion add increase_damage 10000000 10000000 superariel95
[07:09:26] [Client thread/INFO]: [CHAT] LukaGamer457: /chreado
[07:09:27] [Client thread/INFO]: [CHAT] MarsBar450: /warps &0Mineplex
[07:09:28] [Client thread/INFO]: [CHAT] NoHaxJustJassiie: /ai
[07:09:28] [Client thread/INFO]: [CHAT] michaelpt9: /give michaelpt9 diamond_sword 1 0 {Unbreakable:1,ench:[{id:16,lvl:32767},{id:19,lvl:32767}]}
[07:09:30] [Client thread/INFO]: [CHAT] <MigoweOko> ur face
[07:09:33] [Client thread/INFO]: [CHAT] [ADMIN] UYScutix [SA]: Does anyone want to see the Adminworld beach?
[07:09:39] [Client thread/INFO]: [CHAT] XSilentAssasinX: /give XSilentAssasinX diamond_boots 1 0 {ench:[{id:7,lvl:32456}]}
[07:09:40] [Client thread/INFO]: [CHAT] [ADMIN] XxChrisProxX [SA]: Sure
[07:09:42] [Client thread/INFO]: [CHAT] michaelpt9: /give michaelpt9 diamond_helmet 1 0 {Unbreakable:1,ench:[{id:0,lvl:32767},{id:7,lvl:32767}]}
[07:09:45] [Client thread/INFO]: [CHAT] [ADMIN] UYScutix [SA]: tp to me
[07:09:48] [Client thread/INFO]: [CHAT] God mode disabled.
[07:09:48] [Client thread/INFO]: [CHAT] Use the /back command to return to your death point.
[07:09:48] [Client thread/INFO]: [CHAT] VideoGameSmash12 was nifed by superariel95
[07:09:52] [Client thread/INFO]: [CHAT] 227456adam: /kit starter
[07:09:52] [Client thread/INFO]: [CHAT] michaelpt9: /give michaelpt9 diamond_boots 1 0 {Unbreakable:1,ench:[{id:0,lvl:32767},{id:7,lvl:32767}]}
[07:09:52] [Client thread/INFO]: [CHAT] Tylercoco: /gms
[07:09:53] [Client thread/INFO]: [CHAT] God mode enabled.
[07:10:01] [Client thread/INFO]: [CHAT] superariel95 was nifed by MigoweOko
[07:10:04] [Client thread/INFO]: [CHAT] XSilentAssasinX: /give XSilentAssasinX diamond_helmet 1 0 {ench:[{id:7,lvl:32456}]}
[07:10:04] [Client thread/INFO]: [CHAT] NoHaxJustJassiie left the game.
[07:10:10] [Client thread/INFO]: [CHAT] [ADMIN] XxChrisProxX [SA]: lol awesome
[07:10:11] [Client thread/INFO]: [CHAT] michaelpt9: /god off
[07:10:11] [Client thread/INFO]: [CHAT] Tylercoco: /gdo
[07:10:13] [Client thread/INFO]: [CHAT] Tylercoco: /god
[07:10:14] [Client thread/INFO]: [CHAT] [ADMIN] UYScutix [SA]: a beach city
[07:10:17] [Client thread/INFO]: [CHAT] * Zekrom1644763 is no longer AFK.
[07:10:22] [Client thread/INFO]: [CHAT] Tylercoco was nifed by MigoweOko
[07:10:22] [Client thread/INFO]: [CHAT] superariel95: /potion add increase_ 10000000 10000000 superariel95
[07:10:23] [Client thread/INFO]: [CHAT] michaelpt9 was killed trying to hurt MigoweOko
[07:10:27] [Client thread/INFO]: [CHAT] Wild1145 is a Developer
[07:10:27] [Client thread/INFO]: [CHAT] Wild1145 joined the game
[07:10:27] [Client thread/INFO]: [CHAT] superariel95: /potion add increase_damage 10000000 10000000 superariel95
[07:10:29] [Client thread/INFO]: [CHAT] [ADMIN] XxChrisProxX [SA]: Hey Wild.
[07:10:29] [Client thread/INFO]: [CHAT] <MigoweOko> dont eat golden apples
[07:10:30] [Client thread/INFO]: [CHAT] michaelpt9: /give michaelpt9 diamond_boots 1 0 {Unbreakable:1,ench:[{id:0,lvl:32767},{id:7,lvl:32767}]}
[07:10:33] [Client thread/INFO]: [CHAT] michaelpt9: /give michaelpt9 diamond_helmet 1 0 {Unbreakable:1,ench:[{id:0,lvl:32767},{id:7,lvl:32767}]}
[07:10:35] [Client thread/INFO]: [CHAT] [ADMIN] Wild1145 [Dev]: Whats with onlinemode?
[07:10:35] [Client thread/INFO]: [CHAT] Tylercoco: /kit god
[07:10:38] [Client thread/INFO]: [CHAT] michaelpt9: /give michaelpt9 diamond_chestplate 1 0 {Unbreakable:1,ench:[{id:0,lvl:32767},{id:7,lvl:32767}]}
[07:10:40] [Client thread/INFO]: [CHAT] FallingAnvils: /spawn
[07:10:40] [Client thread/INFO]: [CHAT] [ADMIN] XxChrisProxX [SA]: idk
[07:10:45] [Client thread/INFO]: [CHAT] michaelpt9: /give michaelpt9 diamond_leggings 1 0 {Unbreakable:1,ench:[{id:0,lvl:32767},{id:7,lvl:32767}]}
[07:10:45] [Client thread/INFO]: [CHAT] <superariel95> Fluffypuffy_ is creative pvp
[07:10:51] [Client thread/INFO]: [CHAT] [ADMIN] XxChrisProxX [SA]: Maybe the server got restarted and it's changed to the default settings
[07:10:55] [Client thread/INFO]: [CHAT] Tylercoco: /i arrow
[07:11:00] [Client thread/INFO]: [CHAT] XSilentAssasinX: /speed 10
[07:11:00] [Client thread/INFO]: [CHAT] [ADMIN] Wild1145 [Dev]: Default settings is onlinemode = false
[07:11:04] [Client thread/INFO]: [CHAT] [ADMIN] XxChrisProxX [SA]: oh
[07:11:07] [Client thread/INFO]: [CHAT] Tylercoco was nifed by superariel95
[07:11:07] [Client thread/INFO]: [CHAT] LukaGamer457 was killed trying to hurt michaelpt9
[07:11:14] [Client thread/INFO]: [CHAT] michaelpt9: /give michaelpt9 shield
[07:11:17] [Client thread/INFO]: [CHAT] LukaGamer457 was killed trying to hurt michaelpt9
[07:11:18] [Client thread/INFO]: [CHAT] [ADMIN] xIField [Console]: Hello
[07:11:21] [Client thread/INFO]: [CHAT] [ADMIN] Wild1145 [Dev]: Hello
[07:11:21] [Client thread/INFO]: [CHAT] [ADMIN] UYScutix [SA]: Hi
[07:11:23] [Client thread/INFO]: [CHAT] [ADMIN] XxChrisProxX [SA]: Hey Field ;)
[07:11:25] [Client thread/INFO]: [CHAT] Tylercoco: /kit god
[07:11:25] [Client thread/INFO]: [CHAT] <MigoweOko> wee flying boat
[07:11:26] [Client thread/INFO]: [CHAT] XSilentAssasinX: /tp MigoweOko
[07:11:26] [Client thread/INFO]: [CHAT] [ADMIN] Wild1145 [Dev]: Do you have any idea why we are in onlienmode?
[07:11:27] [Client thread/INFO]: [CHAT] Set fly mode disabled for VideoGameSmash12.
[07:11:28] [Client thread/INFO]: [CHAT] <MigoweOko> heh
[07:11:28] [Client thread/INFO]: [CHAT] michaelpt9: /give michaelpt9 diamond_sword 1 0 {Unbreakable:1,ench:[{id:16,lvl:32767},{id:19,lvl:32767}]}
[07:11:30] [Client thread/INFO]: [CHAT] superariel95 was nifed by Tylercoco
[07:11:31] [Client thread/INFO]: [CHAT] mattlainisaking left the game.
[07:11:34] [Client thread/INFO]: [CHAT] [STA] <VideoGameSmash12> everyone
[07:11:35] [Client thread/INFO]: [CHAT] [ADMIN] xIField [Console]: i was about to ask
[07:11:35] [Client thread/INFO]: [CHAT] LukaGamer457 was nifed by XSilentAssasinX
[07:11:36] [Client thread/INFO]: [CHAT] [ADMIN] xIField [Console]: xD
[07:11:36] [Client thread/INFO]: [CHAT] superariel95: /potion add increase_damage 10000000 10000000 superariel95
[07:11:38] [Client thread/INFO]: [CHAT] michaelpt9 was nifed by superariel95
[07:11:38] [Client thread/INFO]: [CHAT] [STA] <VideoGameSmash12> i'm in survival mode
[07:11:41] [Client thread/INFO]: [CHAT] michaelpt9 was killed trying to hurt superariel95
[07:11:42] [Client thread/INFO]: [CHAT] XSilentAssasinX has been a naughty, naughty boy.
[07:11:42] [Client thread/INFO]: [CHAT] XSilentAssasinX somehow died
[07:11:43] [Client thread/INFO]: [CHAT] [STA] <VideoGameSmash12> and my fly is off
[07:11:45] [Client thread/INFO]: [CHAT] [ADMIN] UYScutix [SA]: I asked too when I joined
[07:11:46] [Client thread/INFO]: [CHAT] Wild1145 - Turning player validation off.
[07:11:46] [Client thread/INFO]: [CHAT] Zekrom1644763 left the game.
[07:11:46] [Client thread/INFO]: [CHAT] MigoweOko left the game.
[07:11:46] [Client thread/INFO]: [CHAT] Itz_Error left the game.
[07:11:46] [Client thread/INFO]: [CHAT] FallingAnvils left the game.
[07:11:46] [Client thread/INFO]: [CHAT] 227456adam left the game.
[07:11:46] [Client thread/INFO]: [CHAT] cicioic left the game.
[07:11:46] [Client thread/INFO]: [CHAT] XSilentAssasinX left the game.
[07:11:46] [Client thread/INFO]: [CHAT] MarsBar450 left the game.
[07:11:46] [Client thread/INFO]: [CHAT] Mr_LLukas left the game.
[07:11:46] [Client thread/INFO]: [CHAT] UYScutix left the game.
[07:11:46] [Client thread/INFO]: [CHAT] Fluffypuffy_ left the game.
[07:11:46] [Client thread/INFO]: [CHAT] XxChrisProxX left the game.
[07:11:55] [Client thread/INFO]: Connecting to play.totalfreedom.me., 28965
[07:12:05] [Client thread/INFO]: Connecting to play.totalfreedom.me., 28965
[07:12:09] [Client thread/INFO]: [CHAT] VideoGameSmash12 is a Telnet Admin and a Digital Form
[07:12:09] [Client thread/INFO]: [CHAT] VideoGameSmash12 joined the game
[07:12:10] [Client thread/INFO]: [CHAT] Welcome superariel95 to the server!
[07:12:10] [Client thread/INFO]: [CHAT] Welcome XxChrisProxX to the server!
[07:12:10] [Client thread/INFO]: [CHAT] Welcome Zekrom1644763 to the server!
[07:12:10] [Client thread/INFO]: [CHAT] Welcome nitex_21 to the server!
[07:12:10] [Client thread/INFO]: [CHAT] Welcome, VideoGameSmash12!
[07:12:10] [Client thread/INFO]: [CHAT] Type /help for a list of commands.
[07:12:10] [Client thread/INFO]: [CHAT] Do NOT open any books given to you by other players or you might be perm banned.
[07:12:10] [Client thread/INFO]: [CHAT] Do NOT click on signs that you didn’t make or you might be perm banned.
[07:12:10] [Client thread/INFO]: [CHAT] Remember to save your builds with World Edit or they’ll be lost.
[07:12:10] [Client thread/INFO]: [CHAT] You have no new mail.
[07:12:10] [Client thread/INFO]: [CHAT] Set fly mode enabled for VideoGameSmash12.
[07:12:10] [Client thread/INFO]: [CHAT] superariel95 left the game.
[07:12:10] [Client thread/INFO]: [CHAT] Welcome Fluffypuffy_ to the server!
[07:12:10] [Client thread/INFO]: [CHAT] Welcome MigoweOko to the server!
[07:12:10] [Client thread/INFO]: [CHAT] Welcome Itz_Error to the server!
[07:12:10] [Client thread/INFO]: [CHAT] Mr_LLukas is a Super Admin
[07:12:10] [Client thread/INFO]: [CHAT] Mr_LLukas joined the game
[07:12:10] [Client thread/INFO]: [CHAT] Welcome  Lukas to the server!
[07:12:11] [Client thread/INFO]: [CHAT] xIField - Opping all players on the server
[07:12:11] [Client thread/INFO]: [CHAT] You are now op!
[07:12:11] [Client thread/INFO]: [CHAT] xIField - Removing all server entities.
[07:12:12] [Client thread/INFO]: [CHAT] <MigoweOko> what
[07:12:12] [Client thread/INFO]: [CHAT] xIField - Cleaning all nicknames
[07:12:13] [Client thread/WARN]: Received unknown passenger for aap['Boat'/3433, l='MpServer', x=31.95, y=83.00, z=908.56]
[07:12:14] [Client thread/WARN]: Received unknown passenger for aap['Boat'/3433, l='MpServer', x=32.28, y=83.00, z=908.70]
[07:12:15] [Client thread/WARN]: Received unknown passenger for aap['Boat'/3433, l='MpServer', x=37.37, y=87.77, z=910.86]
[07:12:18] [Client thread/INFO]: [CHAT] Wild1145 is a Developer
[07:12:18] [Client thread/INFO]: [CHAT] Wild1145 joined the game
[07:12:18] [Client thread/WARN]: Received unknown passenger for aap['Boat'/3440, l='MpServer', x=47.20, y=82.00, z=915.10]
[07:12:20] [Client thread/WARN]: Received unknown passenger for aap['Boat'/3440, l='MpServer', x=47.20, y=82.00, z=915.10]
[07:12:22] [Client thread/INFO]: [CHAT] superariel95 joined the game
[07:12:22] [Client thread/INFO]: [CHAT] [ADMIN] XxChrisProxX [SA]: Welcome back!
[07:12:22] [Client thread/INFO]: [CHAT] 227456adam fell from a high place
[07:12:23] [Client thread/WARN]: Received unknown passenger for aap['Boat'/3437, l='MpServer', x=45.50, y=82.00, z=914.27]
[07:12:23] [Client thread/INFO]: [CHAT] [ADMIN] xIField [Console]: wb
[07:12:24] [Client thread/INFO]: [CHAT] [ADMIN] Wild1145 [Dev]: That is the biggest load of shite I've ever seen
[07:12:25] [Client thread/INFO]: [CHAT] Mostafa55 joined the game
[07:12:25] [Client thread/INFO]: [CHAT] Welcome Mostafa55 to the server!
[07:12:26] [Client thread/INFO]: [CHAT] Strilen05 joined the game
[07:12:26] [Client thread/INFO]: [CHAT] Welcome Strilen05 to the server!
[07:12:30] [Client thread/INFO]: [CHAT] XxChrisProxX - Opping all players on the server
[07:12:30] [Client thread/INFO]: [CHAT] You are now op!
[07:12:30] [Client thread/INFO]: [CHAT] <Mostafa55> Hi
[07:12:30] [Client thread/INFO]: [CHAT] 227456adam was nifed by Tylercoco
[07:12:33] [Client thread/INFO]: [CHAT] [ADMIN] VideoGameSmash12 [STA]: ?
[07:12:35] [Client thread/INFO]: [CHAT] Tylercoco has been a naughty, naughty boy.
[07:12:35] [Client thread/INFO]: [CHAT] Tylercoco somehow died
[07:12:37] [Client thread/INFO]: [CHAT] BayvethYT joined the game
[07:12:40] [Client thread/INFO]: [CHAT] [Server:XxChrisProxX] Don't pvp while you're in creative mode.
[07:12:41] [Client thread/INFO]: [CHAT] XxChrisProxX - Opping all players on the server
[07:12:41] [Client thread/INFO]: [CHAT] You are now op!
[07:12:44] [Client thread/INFO]: [CHAT] [ADMIN] Wild1145 [Dev]: The whole kicking to reload
[07:12:46] [Client thread/INFO]: [CHAT] [ADMIN] Wild1145 [Dev]: Its complete shite.
[07:12:48] [Client thread/INFO]: [CHAT] <Itz_Error> admins
[07:12:50] [Client thread/INFO]: [CHAT] [ADMIN] XxChrisProxX [SA]: yes , that sucks
[07:12:53] [Client thread/INFO]: [CHAT] _microman_ joined the game
[07:12:53] [Client thread/INFO]: [CHAT] Welcome _microman_ to the server!
[07:12:53] [Client thread/INFO]: [CHAT] <Itz_Error> i found a lag machiene
[07:12:54] [Client thread/INFO]: [CHAT] Tylercoco was nifed by superariel95
[07:12:58] [Client thread/INFO]: [CHAT] Tylercoco was nifed by superariel95
[07:13:03] [Client thread/INFO]: [CHAT] LukaGamer457 fell out of the world
[07:13:06] [Client thread/INFO]: [CHAT] BayvethYT has been a naughty, naughty boy.
[07:13:06] [Client thread/INFO]: [CHAT]   Reason: Broke section 3f of the conduct policy (Don't tp other players)
[07:13:06] [Client thread/INFO]: [CHAT] BayvethYT somehow died
[07:13:08] [Client thread/INFO]: [CHAT] superariel95 has been a naughty, naughty boy.
[07:13:08] [Client thread/INFO]: [CHAT] superariel95 somehow died
[07:13:08] [Client thread/INFO]: [CHAT] xIField is a Telnet Administrator
[07:13:08] [Client thread/INFO]: [CHAT] xIField joined the game
[07:13:08] [Client thread/INFO]: [CHAT] Set fly mode disabled for VideoGameSmash12.
[07:13:12] [Client thread/INFO]: [CHAT] <Itz_Error> i found a lag machiene!!
[07:13:15] [Client thread/INFO]: [CHAT] [Server:XxChrisProxX] Don't pvp while you're in creative mode.
[07:13:17] [Client thread/INFO]: [CHAT] XxChrisProxX - Opping all players on the server
[07:13:17] [Client thread/INFO]: [CHAT] You are now op!
[07:13:20] [Client thread/INFO]: [CHAT] [STA] <VideoGameSmash12> guys tp to me
[07:13:22] [Client thread/INFO]: [CHAT] superariel95 was nifed by Tylercoco
[07:13:22] [Client thread/INFO]: [CHAT] Gamemode set to survival.
[07:13:30] [Client thread/INFO]: [CHAT] Tylercoco has been a naughty, naughty boy.
[07:13:30] [Client thread/INFO]: [CHAT] Tylercoco somehow died
[07:13:31] [Client thread/INFO]: [CHAT] [STA] <VideoGameSmash12> i'm hacking
[07:13:34] [Client thread/INFO]: [CHAT] [Server:xIField] Tylercoco, No creative pvp
[07:13:35] [Client thread/INFO]: [CHAT] xIField - Opping all players on the server
[07:13:35] [Client thread/INFO]: [CHAT] You are now op!
[07:13:46] [Client thread/INFO]: [CHAT] xIField - Removing all server entities.
[07:13:49] [Client thread/INFO]: [CHAT] FuckCross joined the game
[07:13:49] [Client thread/INFO]: [CHAT] Welcome FuckCross to the server!
[07:13:50] [Client thread/INFO]: [CHAT] <MigoweOko> oh im see
[07:13:52] [Client thread/INFO]: [CHAT] Use the /back command to return to your death point.
[07:13:52] [Client thread/INFO]: [CHAT] VideoGameSmash12 fell from a high place