[21:03:45] [Client thread/INFO]: Connecting to play.totalfreedom.me., 28965
[21:03:47] [Client thread/INFO]: [CHAT] VideoGameSmash12 is a Telnet Admin and a Digital Form
[21:03:47] [Client thread/INFO]: [CHAT] VideoGameSmash12 joined the game
[21:03:50] [Client thread/INFO]: [CHAT] Welcome, VideoGameSmash12!
[21:03:50] [Client thread/INFO]: [CHAT] Type /help for a list of commands.
[21:03:50] [Client thread/INFO]: [CHAT] Do NOT open any books given to you by other players or you might be perm banned.
[21:03:50] [Client thread/INFO]: [CHAT] Do NOT click on signs that you didn’t make or you might be perm banned.
[21:03:50] [Client thread/INFO]: [CHAT] Remember to save your builds with World Edit or they’ll be lost.
[21:03:50] [Client thread/INFO]: [CHAT] You have no new mail.
[21:03:50] [Client thread/INFO]: [CHAT] NoOneCaresForThisMan < NoOneCaresAboutMe> ...
[21:03:51] [Client thread/INFO]: [CHAT] Erpii was killed trying to hurt sk8erace1
[21:03:52] [Client thread/INFO]: [CHAT] <iPvpinq> disrespect wow
[21:03:54] [Client thread/INFO]: [CHAT] [SA] <Loooll> n0 thanks cunt
[21:03:57] [Client thread/INFO]: [CHAT] <Erpii> rip me
[21:03:58] [Client thread/INFO]: [CHAT] <sk8erace1> wiw
[21:04:00] [Client thread/INFO]: [CHAT] <sk8erace1> wow
[21:04:02] [Client thread/INFO]: [CHAT] [Neko Girl] [SA] <CreeperSeth> HISS
[21:04:02] [Client thread/INFO]: [CHAT] YouTube < Voca> sk8erace1
[21:04:04] [Client thread/INFO]: [CHAT] <sk8erace1> yes
[21:04:05] [Client thread/INFO]: [CHAT] CreeperSeth - Removing all server entities.
[21:04:05] [Client thread/INFO]: [CHAT] YouTube < Voca> can i ahve that armour
[21:04:07] [Client thread/INFO]: [CHAT] CreeperSeth - Purging all mobs