[12:51:51] [Client thread/INFO]: Connecting to play.totalfreedom.me., 28965
[12:51:54] [Client thread/INFO]: [CHAT] VideoGameSmash12 is a Telnet Admin and a Digital Form
[12:51:54] [Client thread/INFO]: [CHAT] VideoGameSmash12 joined the game
[12:51:56] [Client thread/INFO]: [CHAT] NADUVAN_KO_JZMA has been a naughty, naughty boy.
[12:51:56] [Client thread/INFO]: [CHAT] NADUVAN_KO_JZMA somehow died
[12:51:56] [Client thread/INFO]: [CHAT] Welcome, VideoGameSmash12!
[12:51:56] [Client thread/INFO]: [CHAT] Type /help for a list of commands.
[12:51:56] [Client thread/INFO]: [CHAT] Do NOT open any books given to you by other players or you might be perm banned.
[12:51:56] [Client thread/INFO]: [CHAT] Do NOT click on signs that you didn’t make or you might be perm banned.
[12:51:56] [Client thread/INFO]: [CHAT] Remember to save your builds with World Edit or they’ll be lost.
[12:51:56] [Client thread/INFO]: [CHAT] You have no new mail.
[12:51:56] [Client thread/INFO]: [CHAT] Set fly mode enabled for VideoGameSmash12.
[12:51:59] [Client thread/INFO]: [CHAT] [ADMIN] FaZeMelonKing [SA]: He was spamming sand and it crashed you I guess
[12:51:59] [Client thread/INFO]: [CHAT] [Server:xIField] Dont tp other's away
[12:51:59] [Client thread/INFO]: [CHAT] xIField - Opping all players on the server
[12:51:59] [Client thread/INFO]: [CHAT] You are now op!
[12:52:02] [Client thread/INFO]: [CHAT] NosamH got nifed by ExplodingTNT using [§4§lYou§f§lTube Sword]
[12:52:03] [Client thread/INFO]: [CHAT] < I_lIkE_lEttLe_GiRlS> he broke my dragon!!!
[12:52:07] [Client thread/INFO]: [CHAT] <_CaptainDerp_> i didnt
[12:52:08] [Client thread/INFO]: [CHAT] ExplodingTNT has been a naughty, naughty boy.
[12:52:08] [Client thread/INFO]: [CHAT] ExplodingTNT somehow died
[12:52:09] [Client thread/INFO]: [CHAT] * NosamH VickiFreedom.serv.nu <> Come Now <> Need Staff <> Op Server <> Lots of players on!!!!!!!!!!!
[12:52:10] [Client thread/INFO]: [CHAT] [ADMIN] VideoGameSmash12 [STA]: I was at the spanw
[12:52:10] [Client thread/INFO]: [CHAT] [Server:xIField] No creative pvp
[12:52:11] [Client thread/INFO]: [CHAT] xIField - Opping all players on the server
[12:52:11] [Client thread/INFO]: [CHAT] You are now op!
[12:52:12] [Client thread/INFO]: [CHAT] [ADMIN] VideoGameSmash12 [STA]: I was at the spawn
[12:52:13] [Client thread/INFO]: [CHAT] ExplodingTNT left the game.
[12:52:13] [Client thread/INFO]: [CHAT] iMrSpeeDx joined the game
[12:52:13] [Client thread/INFO]: [CHAT] Welcome iMrSpeeDx to the server!
[12:52:19] [Client thread/INFO]: [CHAT] [ADMIN] FaZeMelonKing [SA]: still
[12:52:19] [Client thread/INFO]: [CHAT] NADUVAN_KO_JZMA - Opping NADUVAN_KO_JZMA
[12:52:21] [Client thread/INFO]: [CHAT] <thecool76> i can stil use commands right?
[12:52:21] [Client thread/INFO]: [CHAT] < ShaodwStonesTwin> Hi effe
[12:52:23] [Client thread/INFO]: [CHAT] xIField - Opping all players on the server
[12:52:23] [Client thread/INFO]: [CHAT] You are now op!
[12:52:24] [Client thread/INFO]: [CHAT] [ADMIN] FaZeMelonKing [SA]: lagged me all the way in adminworld
[12:52:25] [Client thread/INFO]: [CHAT] _UT_Frisk_ left the game.
[12:52:27] [Client thread/INFO]: [CHAT] eroc33 left the game.
[12:52:31] [Client thread/INFO]: [CHAT] [ADMIN] VideoGameSmash12 [STA]: "Rendering entity in the world" it said
[12:52:40] [Client thread/INFO]: [CHAT] Players with item CHEST: Stickcreeper
[12:52:40] [Client thread/INFO]: [CHAT] [ADMIN] xIField [STA]: Im getting 50-60fps in adminworld :/
[12:52:41] [Client thread/INFO]: [CHAT] <ItsLarry> FaZeMelonKing
[12:52:42] [Client thread/INFO]: [CHAT] iMrSpeeDx - Opping iMrSpeeDx
[12:52:44] [Client thread/INFO]: [CHAT] Shelmon54 joined the game
[12:52:44] [Client thread/INFO]: [CHAT] [ADMIN] xIField [STA]: 40 too
[12:52:54] [Client thread/INFO]: [CHAT] View_ joined the game
[12:52:54] [Client thread/INFO]: [CHAT] Welcome View_ to the server!
[12:52:54] [Client thread/INFO]: [CHAT] ItsLarry left the game.
[12:52:57] [Client thread/INFO]: [CHAT] Teleporting...
[12:52:57] [Client thread/INFO]: [CHAT] WilliePlaysMC is a Telnet Clan. Admin and Cool Crew's Manager!
[12:52:57] [Client thread/INFO]: [CHAT] WilliePlaysMC joined the game
[12:53:03] [Client thread/INFO]: [CHAT] FaZeMelonKing left the game.
[12:53:03] [Client thread/INFO]: [CHAT] Teleporting...
[12:53:06] [Client thread/INFO]: [CHAT] mark124 joined the game
[12:53:12] [Client thread/INFO]: [CHAT] No block edits at that location.
[12:53:12] [Client thread/INFO]: [CHAT] No block edits at that location.
[12:53:12] [Client thread/INFO]: [CHAT] No block edits at that location.
[12:53:12] [Client thread/INFO]: [CHAT] <yoboh> who just tped me
[12:53:13] [Client thread/INFO]: [CHAT] No block edits at that location.
[12:53:13] [Client thread/INFO]: [CHAT] <View_> Hey!
[12:53:13] [Client thread/INFO]: [CHAT] No block edits at that location.
[12:53:14] [Client thread/INFO]: [CHAT] No block edits at that location.
[12:53:14] [Client thread/INFO]: [CHAT] No block edits at that location.
[12:53:14] [Client thread/INFO]: [CHAT] No block edits at that location.
[12:53:15] [Client thread/INFO]: [CHAT] No block edits at that location.
[12:53:17] [Client thread/INFO]: [CHAT] Reflet is an Impostor
[12:53:17] [Client thread/INFO]: [CHAT] Warning: Reflet has been flagged as an impostor and has been frozen!
[12:53:17] [Client thread/INFO]: [CHAT] Reflet joined the game
[12:53:17] [Client thread/INFO]: [CHAT] Welcome Reflet to the server!
[12:53:17] [Client thread/INFO]: [CHAT] CommandSpy enabled.
[12:53:18] [Client thread/INFO]: [CHAT] NADUVAN_KO_JZMA: //set stone_slab
[12:53:21] [Client thread/INFO]: [CHAT] 00TheMaster00: /tpo sit
[12:53:22] [Client thread/INFO]: [CHAT] [STA] <WilliePlaysMC> Verfication please.
[12:53:22] [Client thread/INFO]: [CHAT] [Server:VideoGameSmash12] Verify
[12:53:24] [Client thread/INFO]: [CHAT] Reflet got rekt by ObrienTwinzz
[12:53:24] [Client thread/INFO]: [CHAT] fakeyoutuber joined the game
[12:53:25] [Client thread/INFO]: [CHAT] Welcome fakeyoutuber to the server!
[12:53:25] [Client thread/INFO]: [CHAT] xIField - Rolling back player: weallkings
[12:53:26] [Client thread/INFO]: [CHAT] Player Reflet has been online since 9 seconds.
[12:53:26] [Client thread/INFO]: [CHAT]  - IP Address: /71.251.178.213
[12:53:27] [Client thread/INFO]: [CHAT] Shelmon54 left the game.
[12:53:28] [Client thread/INFO]: [CHAT] Derpathon9001 left the game.
[12:53:29] [Client thread/INFO]: [CHAT] 00TheMaster00: /tpo iITzKiller_
[12:53:32] [Client thread/INFO]: [CHAT] xIField - Reverting rollback for player: weallkings
[12:53:33] [Client thread/INFO]: [CHAT] fakeyoutuber: /nick skythekidrs
[12:53:33] [Client thread/INFO]: [CHAT] NADUVAN_KO_JZMA: //set stone_slab
[12:53:33] [Client thread/INFO]: [CHAT] < shasha1314> ??
[12:53:35] [Client thread/INFO]: [CHAT] Running search for players matching '71.251.178.213' (this could take a little while).
[12:53:35] [Client thread/INFO]: [CHAT] fakeyoutuber: /nick skythekidrss
[12:53:35] [Client thread/INFO]: [CHAT] The following players previously logged in from that IP address:
[12:53:35] [Client thread/INFO]: [CHAT] Reflet
[12:53:36] [Client thread/INFO]: [CHAT] thecool76: /give @p diamond_sword 1 0 {ench:[{id:16,lvl: 10000}, {id19,lvl: 100000}]}
[12:53:36] [Client thread/INFO]: [CHAT] PoinkOdactyl: /tpo X_BeastGaming_X
[12:53:36] [Client thread/INFO]: [CHAT] < mark124> t
[12:53:37] [Client thread/INFO]: [CHAT] Bullbasse joined the game
[12:53:37] [Client thread/INFO]: [CHAT] xIField - Rolling back player: weallkings
[12:53:37] [Client thread/INFO]: [CHAT] Welcome Bullbasse to the server!
[12:53:37] [Client thread/INFO]: [CHAT] TheGamerGuys23 left the game.
[12:53:37] [Client thread/INFO]: [CHAT] < skythekidrss> hey guys
[12:53:37] [Client thread/INFO]: [CHAT] < ShadowStone> !!
[12:53:38] [Client thread/INFO]: [CHAT] < I_lIkE_lEttLe_GiRlS> lol
[12:53:40] [Client thread/INFO]: [CHAT] < BOSS> HOW DO I GET SHARPNESS 5000?
[12:53:41] [Client thread/INFO]: [CHAT] View_: /tp fakeyoutuber+
[12:53:42] [Client thread/INFO]: [CHAT] < shasha1314> ???
[12:53:42] [Client thread/INFO]: [CHAT] <Reflet> I dare you to do that again, ObrienTwinzz.
[12:53:42] [Client thread/INFO]: [CHAT] View_: /tp fakeyoutuber
[12:53:42] [Client thread/INFO]: [CHAT] < skythekidrss> its sky here
[12:53:44] [Client thread/INFO]: [CHAT] < shasha1314> ??
[12:53:45] [Client thread/INFO]: [CHAT] thecool76: /give THECOCOL76 diamond_sword 1 0 {ench:[{id:16,lvl: 10000}]}
[12:53:45] [Client thread/INFO]: [CHAT] PoinkOdactyl: /tpo Saturdayy
[12:53:46] [Client thread/INFO]: [CHAT] WilliePlaysMC - Opping Reflet
[12:53:46] [Client thread/INFO]: [CHAT] _CaptainDerp_: /realname BOSS
[12:53:48] [Client thread/INFO]: [CHAT] xIField - Temporarily banned weallkings until 2016-07-02 at 19:03:08 GMT, Reason: "Minor grief -Field (xIField)"
[12:53:48] [Client thread/INFO]: [CHAT] weallkings left the game.
[12:53:49] [Client thread/INFO]: [CHAT] < I_lIkE_lEttLe_GiRlS> o know a way
[12:53:49] [Client thread/INFO]: [CHAT] xIField - Opping all players on the server
[12:53:49] [Client thread/INFO]: [CHAT] You are now op!
[12:53:50] [Client thread/INFO]: [CHAT] <_CaptainDerp_> ObrienTwinzz commands
[12:53:55] [Client thread/INFO]: [CHAT] fakeyoutuber: /list
[12:53:55] [Client thread/INFO]: [CHAT] thecool76: /give thecool76 diamond_sword 1 0 {ench:[{id:16,lvl: 10000}]}
[12:53:58] [Client thread/INFO]: [CHAT] [STA] <VideoGameSmash12> Hey fakeyoutuber (Literally is his username)
[12:54:01] [Client thread/INFO]: [CHAT] View_ left the game.
[12:54:01] [Client thread/INFO]: [CHAT] [ADMIN] xIField [STA]: lol tp
[12:54:02] [Client thread/INFO]: [CHAT] < skythekidrss> lol
[12:54:02] [Client thread/INFO]: [CHAT] iITzKiller_: /tp iMrSpeeDx
[12:54:02] [Client thread/INFO]: [CHAT] ObrienTwinzz: /msg _CaptainDerp_ which command?
[12:54:02] [Client thread/INFO]: [CHAT] <Reflet> I verified.
[12:54:06] [Client thread/INFO]: [CHAT] < mark124> fakeyoutuber
[12:54:08] [Client thread/INFO]: [CHAT] WilliePlaysMC - Readding Reflet to the admin list
[12:54:11] [Client thread/INFO]: [CHAT] _CaptainDerp_: /r google it
[12:54:12] [Client thread/INFO]: [CHAT] [ADMIN] WilliePlaysMC [Console]: Welcome back.
[12:54:16] [Client thread/INFO]: [CHAT] _CaptainDerp_: /tp WilliePlaysMC
[12:54:16] [Client thread/INFO]: [CHAT] <00TheMaster00> itzkiller_ are you griefing?
[12:54:17] [Client thread/INFO]: [CHAT] Joseramos0731: //wand
[12:54:18] [Client thread/INFO]: [CHAT] PoinkOdactyl: /tpo WilliePlaysMC
[12:54:18] [Client thread/INFO]: [CHAT] iMrSpeeDx: /ban 00ThemaMaster
[12:54:22] [Client thread/INFO]: [CHAT] < skythekidrss> VideoGameSmash12
[12:54:27] [Client thread/INFO]: [CHAT] <iMrSpeeDx> &1tt
[12:54:27] [Client thread/INFO]: [CHAT] [ADMIN] VideoGameSmash12 [STA]: I found a way to get around signs
[12:54:27] [Client thread/INFO]: [CHAT] _CaptainDerp_: /skin change WilliePlaysMC
[12:54:29] [Client thread/INFO]: [CHAT] <00TheMaster00> iMrSpeeDx
[12:54:31] [Client thread/INFO]: [CHAT] <iMrSpeeDx> tt
[12:54:31] [Client thread/INFO]: [CHAT] Derp_Ssundee left the game.
[12:54:32] [Client thread/INFO]: [CHAT] <Bullbasse> obrien can we pvp
[12:54:33] [Client thread/INFO]: [CHAT] ObrienTwinzz: /enchant
[12:54:34] [Client thread/INFO]: [CHAT] _CaptainDerp_: /skin change _CaptainDerp_
[12:54:36] [Client thread/INFO]: [CHAT] Derp_Ssundee joined the game
[12:54:39] [Client thread/INFO]: [CHAT] < skythekidrss> VideoGameSmash12 stop being useless as an admin
[12:54:45] [Client thread/INFO]: [CHAT] < mark124> lol
[12:54:45] [Client thread/INFO]: [CHAT] <00TheMaster00> iMrSpeeDx i thinkis
[12:54:47] [Client thread/INFO]: [CHAT] Matrix_Eclipse: /r rip
[12:54:49] [Client thread/INFO]: [CHAT] [STA] <VideoGameSmash12> fakeyoutuber, no u
[12:54:49] [Client thread/INFO]: [CHAT] [ADMIN] xIField [STA]: watching iITzKiller_
[12:54:52] [Client thread/INFO]: [CHAT] No block edits at that location.
[12:54:52] [Client thread/INFO]: [CHAT] < skythekidrss> u
[12:54:53] [Client thread/INFO]: [CHAT] No block edits at that location.
[12:54:53] [Client thread/INFO]: [CHAT] No block edits at that location.
[12:54:53] [Client thread/INFO]: [CHAT] thecool76: /give thecool76 diamond_sword 1 0 {ench:[{id:16,lvl: 10000}, {id:19,lvl: 100000}]}
[12:54:53] [Client thread/INFO]: [CHAT] No block edits at that location.
[12:54:54] [Client thread/INFO]: [CHAT] No block edits at that location.
[12:54:54] [Client thread/INFO]: [CHAT] < skythekidrss> jk
[12:54:54] [Client thread/INFO]: [CHAT] No block edits at that location.
[12:54:55] [Client thread/INFO]: [CHAT] No block edits at that location.
[12:54:55] [Client thread/INFO]: [CHAT] No block edits at that location.
[12:54:55] [Client thread/INFO]: [CHAT] Unknown_L3gi0n joined the game
[12:54:57] [Client thread/INFO]: [CHAT] [STA] <VideoGameSmash12> lol
[12:54:59] [Client thread/INFO]: [CHAT] < skythekidrss> VideoGameSmash12
[12:54:59] [Client thread/INFO]: [CHAT] Joseramos0731: //set stone
[12:55:02] [Client thread/INFO]: [CHAT] Woofless joined the game
[12:55:02] [Client thread/INFO]: [CHAT] <iITzKiller_> tttttttt
[12:55:03] [Client thread/INFO]: [CHAT] [STA] <VideoGameSmash12> ?
[12:55:03] [Client thread/INFO]: [CHAT] EffeDylan: //wand
[12:55:04] [Client thread/INFO]: [CHAT] thecool76: /give thecool76 diamond_sword 1 0 {ench:[{id:16,lvl: 10000}, {id:19,lvl: 10000\}]}
[12:55:04] [Client thread/INFO]: [CHAT] xIField - Purging all player data
[12:55:06] [Client thread/INFO]: [CHAT] VideoGameSmash12 - Opping all players on the server
[12:55:06] [Client thread/INFO]: [CHAT] You are now op!
[12:55:07] [Client thread/INFO]: [CHAT] NADUVAN_KO_JZMA: /setwarp fatdragon
[12:55:09] [Client thread/INFO]: [CHAT] < skythekidrss> would i have gotton banned if i continued to be skythekidrs
[12:55:09] [Client thread/INFO]: [CHAT] <Woofless> Im back
[12:55:09] [Client thread/INFO]: [CHAT] * Yoshi1218 is no longer AFK.
[12:55:09] [Client thread/INFO]: [CHAT] Yoshi1218: /skin change TPmax17
[12:55:10] [Client thread/INFO]: [CHAT] EffeDylan: //pos2
[12:55:11] [Client thread/INFO]: [CHAT] Joseramos0731: //set air
[12:55:13] [Client thread/INFO]: [CHAT] iMrSpeeDx has been a VERY naughty, naughty boy.
[12:55:13] [Client thread/INFO]: [CHAT] <00TheMaster00> iMrSpeeDx is greifing
[12:55:13] [Client thread/INFO]: [CHAT] < skythekidrss> gotten
[12:55:14] [Client thread/INFO]: [CHAT] [STA] <VideoGameSmash12> no
[12:55:18] [Client thread/INFO]: [CHAT] <yoboh> LAg
[12:55:19] [Client thread/INFO]: [CHAT] [STA] < xIField> bye ImrSpee
[12:55:21] [Client thread/INFO]: [CHAT] < mark124> lag
[12:55:23] [Client thread/INFO]: [CHAT] < mark124> rip
[12:55:23] [Client thread/INFO]: [CHAT] Banning: iMrSpeeDx, IP: 37.107.*.* - Reason: Griefing -Field
[12:55:23] [Client thread/INFO]: [CHAT] iMrSpeeDx left the game.
[12:55:23] [Client thread/INFO]: [CHAT] Unknown_L3gi0n left the game.
[12:55:23] [Client thread/INFO]: [CHAT] Derpathon9001 joined the game
[12:55:23] [Client thread/INFO]: [CHAT] Creeper joined the game
[12:55:23] [Client thread/INFO]: [CHAT] EffeDylan: //copy
[12:55:23] [Client thread/INFO]: [CHAT] EffeDylan: //paste
[12:55:23] [Client thread/INFO]: [CHAT] EffeDylan: //paste
[12:55:23] [Client thread/INFO]: [CHAT] Welcome Creeper to the server!
[12:55:25] [Client thread/INFO]: [CHAT] [STA] <VideoGameSmash12> I would have gotten annoyed though
[12:55:25] [Client thread/INFO]: [CHAT] Yoshi1218: /skin change Rex_Rex
[12:55:26] [Client thread/INFO]: [CHAT] Joseramos0731: //set air
[12:55:26] [Client thread/INFO]: [CHAT] XxYrFaZ3DRFT97xX: /give XxYrFaZ3DRFT97xX diamond_sword 1 0 {ench:[{id:16,lvl:32767},{id:34,lvl:10}]}
[12:55:27] [Client thread/INFO]: [CHAT] mark124: /tps
[12:55:32] [Client thread/INFO]: [CHAT] mark124: /tp VideoGameSmash12
[12:55:33] [Client thread/INFO]: [CHAT] Yoshi1218: /skin change Rek_Rek
[12:55:36] [Client thread/INFO]: [CHAT] thecool76: /give thecool76 diamond_sword 1 0 {ench:[{id:16,lvl: 10000}, {id:19,lvl: 10000\}]}
[12:55:37] [Client thread/INFO]: [CHAT] [STA] <VideoGameSmash12> I wouldn't ban someone for being fake
[12:55:37] [Client thread/INFO]: [CHAT] < skythekidrss> were u mad
[12:55:38] [Client thread/INFO]: [CHAT] <Creeper> Op
[12:55:39] [Client thread/INFO]: [CHAT] BanterousSor is a Super Admin
[12:55:39] [Client thread/INFO]: [CHAT] BanterousSor joined the game
[12:55:40] [Client thread/INFO]: [CHAT] Destroyment joined the game
[12:55:40] [Client thread/INFO]: [CHAT] WilliePlaysMC - Opping Creeper
[12:55:40] [Client thread/INFO]: [CHAT] Welcome Destroyment to the server!
[12:55:40] [Client thread/INFO]: [CHAT] EffeDylan: //paste
[12:55:41] [Client thread/INFO]: [CHAT] <_CaptainDerp_> rip
[12:55:43] [Client thread/INFO]: [CHAT] Yoshi1218: /skin change TPmax17
[12:55:44] [Client thread/INFO]: [CHAT] <Creeper> Thanks
[12:55:45] [Client thread/INFO]: [CHAT] iITzKiller_ has been a VERY naughty, naughty boy.
[12:55:48] [Client thread/INFO]: [CHAT] Banning: iITzKiller_, IP: 37.107.*.* - Reason: Griefing -Field
[12:55:48] [Client thread/INFO]: [CHAT] iITzKiller_ left the game.
[12:55:49] [Client thread/INFO]: [CHAT] * Stickcreeper is no longer AFK.
[12:55:50] [Client thread/INFO]: [CHAT] [ADMIN] BanterousSor [SA]: can someone help me??
[12:55:51] [Client thread/INFO]: [CHAT] Derpathon9001: /spawn
[12:55:51] [Client thread/INFO]: [CHAT] Bullbasse: /give Bullbasse command_block
[12:55:52] [Client thread/INFO]: [CHAT] thecool76: /gamemode 0
[12:55:52] [Client thread/INFO]: [CHAT] BanterousSor - Opping all players on the server
[12:55:52] [Client thread/INFO]: [CHAT] You are now op!
[12:55:53] [Client thread/INFO]: [CHAT] [STA] <VideoGameSmash12> If I banned someone for that reason
[12:55:53] [Client thread/INFO]: [CHAT] [ADMIN] xIField [STA]: ?
[12:55:54] [Client thread/INFO]: [CHAT] Joseramos0731: //set Stone_Brick
[12:55:56] [Client thread/INFO]: [CHAT] [STA] <VideoGameSmash12> I'd be suspended
[12:55:58] [Client thread/INFO]: [CHAT] WilliePlaysMC left the game.
[12:55:59] [Client thread/INFO]: [CHAT] < mark124> VideoGameSmash12 unless they are a fake admin lol
[12:55:59] [Client thread/INFO]: [CHAT] ObrienTwinzz: /give 137
[12:56:00] [Client thread/INFO]: [CHAT] <thecool76> here op sword
[12:56:01] [Client thread/INFO]: [CHAT] < skythekidrss> could i get muted tho
[12:56:02] [Client thread/INFO]: [CHAT] ObrienTwinzz: /give 137 ObrienTwinzz
[12:56:03] [Client thread/INFO]: [CHAT] [ADMIN] xIField [STA]: Help with what?
[12:56:04] [Client thread/INFO]: [CHAT] < mark124> VideoGameSmash12 unless they are a fake admin lol!
[12:56:06] [Client thread/INFO]: [CHAT] [TotalFreedom] Griefing is not allowed!
[12:56:07] [Client thread/INFO]: [CHAT] PoinkOdactyl left the game.
[12:56:07] [Client thread/INFO]: [CHAT] yoboh: /msg EffeDylan ITs raining minecarts!
[12:56:08] [Client thread/INFO]: [CHAT] mark124, Matrix_Eclipse
[12:56:08] [Client thread/INFO]: [CHAT] [STA] <VideoGameSmash12> True, mark124.
[12:56:09] [Client thread/INFO]: [CHAT] [ADMIN] BanterousSor [SA]: I accidenly banned myself in another server
[12:56:11] [Client thread/INFO]: [CHAT] < mark124> yes
[12:56:13] [Client thread/INFO]: [CHAT] < skythekidrss> could i get muted tho?
[12:56:13] [Client thread/INFO]: [CHAT] [ADMIN] VideoGameSmash12 [STA]: rip
[12:56:14] [Client thread/INFO]: [CHAT] EffeDylan: /r HAHA lol
[12:56:15] [Client thread/INFO]: [CHAT] [ADMIN] xIField [STA]: so?
[12:56:16] [Client thread/INFO]: [CHAT] [ADMIN] BanterousSor [SA]: and I don't have the console for it
[12:56:16] [Client thread/INFO]: [CHAT] Erickpinto2016 joined the game
[12:56:18] [Client thread/INFO]: [CHAT] < mark124> sky NO
[12:56:18] [Client thread/INFO]: [CHAT] PvpLoard23678 joined the game
[12:56:18] [Client thread/INFO]: [CHAT] Welcome PvpLoard23678 to the server!
[12:56:20] [Client thread/INFO]: [CHAT] ObrienTwinzz: /give ObrienTwinzz 137 1
[12:56:21] [Client thread/INFO]: [CHAT] [ADMIN] xIField [STA]: Rip
[12:56:22] [Client thread/INFO]: [CHAT] xIField - Opping all players on the server
[12:56:22] [Client thread/INFO]: [CHAT] You are now op!
[12:56:22] [Client thread/INFO]: [CHAT] EffeDylan: /r do alot
[12:56:22] [Client thread/INFO]: [CHAT] Woofless: /pl
[12:56:29] [Client thread/INFO]: [CHAT] [STA] <VideoGameSmash12> If you were annoying the fuck out of the other players
[12:56:29] [Client thread/INFO]: [CHAT] Creeper: /spawn
[12:56:30] [Client thread/INFO]: [CHAT] <yoboh> K 1 sec
[12:56:30] [Client thread/INFO]: [CHAT] [ADMIN] xIField [STA]: Ask the staff to unban you
[12:56:30] [Client thread/INFO]: [CHAT] Joseramos0731: //set Stone_Brick
[12:56:31] [Client thread/INFO]: [CHAT] [ADMIN] BanterousSor [SA]: can I get someone to go there and tell l3git50cal to unban ,e
[12:56:31] [Client thread/INFO]: [CHAT] mark124: /realname sky
[12:56:32] [Client thread/INFO]: [CHAT] Woofless: /viaversion
[12:56:33] [Client thread/INFO]: [CHAT] [STA] <VideoGameSmash12> most likely yeah
[12:56:33] [Client thread/INFO]: [CHAT] yoboh: /r K 1 sec
[12:56:37] [Client thread/INFO]: [CHAT] [ADMIN] BanterousSor [SA]: me*
[12:56:40] [Client thread/INFO]: [CHAT] Yoshi1218 left the game.
[12:56:40] [Client thread/INFO]: [CHAT] Joseramos0731: //set air
[12:56:41] [Client thread/INFO]: [CHAT] Creeper left the game.
[12:56:41] [Client thread/INFO]: [CHAT] < skythekidrss> VideoGameSmash12
[12:56:42] [Client thread/INFO]: [CHAT] [ADMIN] BanterousSor [SA]: xIField can you?
[12:56:42] [Client thread/INFO]: [CHAT] <PvpLoard23678> fuck this server
[12:56:43] [Client thread/INFO]: [CHAT] Matrix_Eclipse: /tps
[12:56:43] [Client thread/INFO]: [CHAT] kenzokecoaster joined the game
[12:56:43] [Client thread/INFO]: [CHAT] Welcome kenzokecoaster to the server!
[12:56:44] [Client thread/INFO]: [CHAT] < skythekidrss> i like u
[12:56:44] [Client thread/INFO]: [CHAT] PvpLoard23678 left the game.
[12:56:45] [Client thread/INFO]: [CHAT] BanterousSor - Opping all players on the server
[12:56:45] [Client thread/INFO]: [CHAT] You are now op!
[12:56:46] [Client thread/INFO]: [CHAT] [ADMIN] xIField [STA]: Cracked?
[12:56:48] [Client thread/INFO]: [CHAT] < mark124> lol
[12:56:50] [Client thread/INFO]: [CHAT] [ADMIN] BanterousSor [SA]: no
[12:56:52] [Client thread/INFO]: [CHAT] <Derpathon9001> I'm getting 1,200 FPS
[12:56:53] [Client thread/INFO]: [CHAT] [ADMIN] xIField [STA]: rip
[12:56:53] [Client thread/INFO]: [CHAT] <Derpathon9001> lol
[12:56:54] [Client thread/INFO]: [CHAT] Stickcreeper: /call
[12:56:55] [Client thread/INFO]: [CHAT] [ADMIN] BanterousSor [SA]: shit
[12:56:56] [Client thread/INFO]: [CHAT] kenzokecoaster: /gamemode
[12:56:57] [Client thread/INFO]: [CHAT] [STA] <VideoGameSmash12> lol
[12:56:58] [Client thread/INFO]: [CHAT] Joseramos0731: //set Stone_Brick
[12:56:59] [Client thread/INFO]: [CHAT] < skythekidrss> ur one of the better admins
[12:56:59] [Client thread/INFO]: [CHAT] kenzokecoaster: //wand
[12:57:00] [Client thread/INFO]: [CHAT] thecool76: /give thecool76 stick 1 0 {ench:[{id:19,lvl: 10000}]}
[12:57:02] [Client thread/INFO]: [CHAT] [ADMIN] BanterousSor [SA]: VideoGameSmash12 can you?
[12:57:02] [Client thread/INFO]: [CHAT] Woofless: /pl
[12:57:03] [Client thread/INFO]: [CHAT] Joseramos0731: //set Stone_Brick
[12:57:03] [Client thread/INFO]: [CHAT] [ADMIN] xIField [STA]: sor
[12:57:03] [Client thread/INFO]: [CHAT] thecool76: /give thecool76 stick 1 0 {ench:[{id:19,lvl: 10000}]}
[12:57:03] [Client thread/INFO]: [CHAT] Yoshi1218 joined the game
[12:57:04] [Client thread/INFO]: [CHAT] kenzokecoaster: /p h
[12:57:05] [Client thread/INFO]: [CHAT] [STA] <VideoGameSmash12> I understand that.
[12:57:06] [Client thread/INFO]: [CHAT] [ADMIN] BanterousSor [SA]: ??
[12:57:07] [Client thread/INFO]: [CHAT] <kenzokecoaster> hi
[12:57:07] [Client thread/INFO]: [CHAT] Matrix_Eclipse: /r Cleaned redstone a little so it's a bit neater
[12:57:07] [Client thread/INFO]: [CHAT] yoboh: //wand
[12:57:08] [Client thread/INFO]: [CHAT] Woofless: /daedalusmod:verify
[12:57:08] [Client thread/INFO]: [CHAT] Stickcreeper: /become
[12:57:09] [Client thread/INFO]: [CHAT] [ADMIN] xIField [STA]: Ask in the forums
[12:57:09] [Client thread/INFO]: [CHAT] [ADMIN] VideoGameSmash12 [STA]: No thanks.
[12:57:10] [Client thread/INFO]: [CHAT] < mark124> lol!! xD
[12:57:10] [Client thread/INFO]: [CHAT] yoboh: //save
[12:57:12] [Client thread/INFO]: [CHAT] Joseramos0731: //set air
[12:57:14] [Client thread/INFO]: [CHAT] < I_lIkE_lEttLe_GiRlS> all do warp fatdragon!!!
[12:57:15] [Client thread/INFO]: [CHAT] thecool76: /give thecool76 diamond_sword 1 0 {ench:[{id:16,lvl: 10000}, {id:19,lvl: 100000}]}
[12:57:17] [Client thread/INFO]: [CHAT] * NosamH is now AFK.
[12:57:17] [Client thread/INFO]: [CHAT] yoboh: //schematic sace
[12:57:19] [Client thread/INFO]: [CHAT] yoboh: //schematic save
[12:57:19] [Client thread/INFO]: [CHAT] Stickcreeper: /summon Herobrine
[12:57:19] [Client thread/INFO]: [CHAT] [Stickcreeper: Unable to summon object]
[12:57:19] [Client thread/INFO]: [CHAT] < I_lIkE_lEttLe_GiRlS> xD
[12:57:19] [Client thread/INFO]: [CHAT] mark124: /warp fatdragon
[12:57:20] [Client thread/INFO]: [CHAT] [ADMIN] BanterousSor [SA]: it's the server I am co-owner on
[12:57:21] [Client thread/INFO]: [CHAT] <thecool76> test on me
[12:57:21] [Client thread/INFO]: [CHAT] Woofless: /warp fatdragon
[12:57:22] [Client thread/INFO]: [CHAT] Joseramos0731: //set Stone_Brick
[12:57:23] [Client thread/INFO]: [CHAT] 00TheMaster00: /spawn
[12:57:24] [Client thread/INFO]: [CHAT] [ADMIN] BanterousSor [SA]: and they wouldm't know
[12:57:24] [Client thread/INFO]: [CHAT] Stickcreeper: /summon
[12:57:27] [Client thread/INFO]: [CHAT] mark124: /invsee Derp_Ssundee
[12:57:27] [Client thread/INFO]: [CHAT] <thecool76> test the stick
[12:57:28] [Client thread/INFO]: [CHAT] Derp_Ssundee: /hat
[12:57:28] [Client thread/INFO]: [CHAT] [ADMIN] VideoGameSmash12 [STA]: I only take matters if it has to do with either an associated server or this server
[12:57:30] [Client thread/INFO]: [CHAT] Joseramos0731: //set air
[12:57:30] [Client thread/INFO]: [CHAT] < I_lIkE_lEttLe_GiRlS> ahahahahah
[12:57:33] [Client thread/INFO]: [CHAT] [ADMIN] BanterousSor [SA]: kk
[12:57:34] [Client thread/INFO]: [CHAT] Stickcreeper: /summon Pig
[12:57:34] [Client thread/INFO]: [CHAT] [Stickcreeper: Object successfully summoned]
[12:57:35] [Client thread/INFO]: [CHAT] Joseramos0731: //set air
[12:57:36] [Client thread/INFO]: [CHAT] mark124: /back
[12:57:36] [Client thread/INFO]: [CHAT] X_BeastGaming_X: /give X_BeastGaming_X diamond_chestplate 1 0 {ench:[{id:0,lvl:10000},{id:7,lvl:10000}]}
[12:57:37] [Client thread/INFO]: [CHAT] yoboh: //schematic save Dropper
[12:57:37] [Client thread/INFO]: [CHAT] Yoshi1218: /tptoggle
[12:57:41] [Client thread/INFO]: [CHAT] [ADMIN] BanterousSor [SA]: That's understandable
[12:57:41] [Client thread/INFO]: [CHAT] Yoshi1218: /v
[12:57:41] [Client thread/INFO]: [CHAT] Stickcreeper: /summon Ghast
[12:57:41] [Client thread/INFO]: [CHAT] [Stickcreeper: Unable to summon object]
[12:57:43] [Client thread/INFO]: [CHAT] Derpathon9001: /spawn
[12:57:43] [Client thread/INFO]: [CHAT] <thecool76> i ga=ve u a stick
[12:57:44] [Client thread/INFO]: [CHAT] [ADMIN] xIField [STA]: I wish i could help
[12:57:44] [Client thread/INFO]: [CHAT] BanterousSor left the game.
[12:57:44] [Client thread/INFO]: [CHAT] Yoshi1218: /vanish
[12:57:45] [Client thread/INFO]: [CHAT] Joseramos0731: //set grass
[12:57:45] [Client thread/INFO]: [CHAT] [ADMIN] xIField [STA]: :/
[12:57:46] [Client thread/INFO]: [CHAT] Stickcreeper: /summon ghast
[12:57:46] [Client thread/INFO]: [CHAT] [Stickcreeper: Unable to summon object]
[12:57:47] [Client thread/INFO]: [CHAT] Yoshi1218: /help
[12:57:48] [Client thread/INFO]: [CHAT] XxYrFaZ3DRFT97xX: /msg thecool76 I don't have the stick
[12:57:50] [Client thread/INFO]: [CHAT] X_BeastGaming_X: /give X_BeastGaming_X diamond_helmet 1 0 {ench:[{id:0,lvl:10000},{id:7,lvl:10000}]}
[12:57:51] [Client thread/INFO]: [CHAT] [STA] <VideoGameSmash12> Hey thecool76, your name reminds me of my old IGN
[12:57:51] [Client thread/INFO]: [CHAT] mark124: /summon PolarBear
[12:57:51] [Client thread/INFO]: [CHAT] [mark124: Object successfully summoned]
[12:57:51] [Client thread/INFO]: [CHAT] X_BeastGaming_X: /give X_BeastGaming_X diamond_helmet 1 0 {ench:[{id:0,lvl:10000},{id:7,lvl:10000}]}
[12:57:53] [Client thread/INFO]: [CHAT] thecool76: /give thecool76 stick 1 0 {ench:[{id:19,lvl: 10000}]}
[12:57:55] [Client thread/INFO]: [CHAT] fakeyoutuber left the game.
[12:57:55] [Client thread/INFO]: [CHAT] <thecool76> here
[12:57:56] [Client thread/INFO]: [CHAT] xIField - Purging all mobs
[12:57:56] [Client thread/INFO]: [CHAT] Yoshi1218: /help 2
[12:57:56] [Client thread/INFO]: [CHAT] Stickcreeper: /summon Herobrine
[12:57:56] [Client thread/INFO]: [CHAT] [Stickcreeper: Unable to summon object]
[12:57:59] [Client thread/INFO]: [CHAT] Joseramos0731: //set air
[12:57:59] [Client thread/INFO]: [CHAT] [STA] <VideoGameSmash12> "TheSuspense76" was the name.
[12:58:00] [Client thread/INFO]: [CHAT] _CaptainDerp_ left the game.
[12:58:01] [Client thread/INFO]: [CHAT] Yoshi1218: /help 3
[12:58:02] [Client thread/INFO]: [CHAT] X_BeastGaming_X: /give X_BeastGaming_X diamond_boots 1 0 {ench:[{id:0,lvl:10000},{id:7,lvl:10000}]}
[12:58:03] [Client thread/INFO]: [CHAT] <thecool76> what ever
[12:58:04] [Client thread/INFO]: [CHAT] [ADMIN] xIField [STA]: Ask the owner to unban you
[12:58:07] [Client thread/INFO]: [CHAT] Yoshi1218: /help 4
[12:58:10] [Client thread/INFO]: [CHAT] Joseramos0731: //unod
[12:58:10] [Client thread/INFO]: [CHAT] [ADMIN] xIField [STA]: Via skype:/
[12:58:11] [Client thread/INFO]: [CHAT] [STA] <VideoGameSmash12> I see.
[12:58:12] [Client thread/INFO]: [CHAT] < I_lIkE_lEttLe_GiRlS> dont!!
[12:58:12] [Client thread/INFO]: [CHAT] Yoshi1218: /help 5
[12:58:12] [Client thread/INFO]: [CHAT] <thecool76> test on me
[12:58:13] [Client thread/INFO]: [CHAT] Joseramos0731: //undo
[12:58:14] [Client thread/INFO]: [CHAT] Joseramos0731: //undo
[12:58:14] [Client thread/INFO]: [CHAT] [ADMIN] xIField [STA]: if he have one
[12:58:15] [Client thread/INFO]: [CHAT] X_BeastGaming_X: /give X_BeastGaming_X diamond_leggings 1 0 {ench:[{id:0,lvl:10000},{id:7,lvl:10000}]}
[12:58:16] [Client thread/INFO]: [CHAT] thecool76: /survival
[12:58:16] [Client thread/INFO]: [CHAT] Joseramos0731: //undo
[12:58:19] [Client thread/INFO]: [CHAT] Joseramos0731: //undo
[12:58:19] [Client thread/INFO]: [CHAT] Teleporting...
[12:58:19] [Client thread/INFO]: [CHAT] Yoshi1218: /help 6
[12:58:22] [Client thread/INFO]: [CHAT] Stickcreeper: /newname
[12:58:22] [Client thread/INFO]: [CHAT] Joseramos0731: //undo
[12:58:22] [Client thread/INFO]: [CHAT] Teleporting...
[12:58:24] [Client thread/INFO]: [CHAT] Stickcreeper: /unname
[12:58:25] [Client thread/INFO]: [CHAT] <XxYrFaZ3DRFT97xX> nice
[12:58:25] [Client thread/INFO]: [CHAT] <thecool76> again
[12:58:26] [Client thread/INFO]: [CHAT] Yoshi1218: /help 7
[12:58:26] [Client thread/INFO]: [CHAT] Stickcreeper: /help
[12:58:28] [Client thread/INFO]: [CHAT] yoboh: //copu
[12:58:29] [Client thread/INFO]: [CHAT] Joseramos0731: //undo
[12:58:30] [Client thread/INFO]: [CHAT] yoboh: //copy
[12:58:31] [Client thread/INFO]: [CHAT] Yoshi1218: /help 8
[12:58:31] [Client thread/INFO]: [CHAT] Stickcreeper: /skin
[12:58:32] [Client thread/INFO]: [CHAT] yoboh: /schematic
[12:58:34] [Client thread/INFO]: [CHAT] Joseramos0731: //undo
[12:58:34] [Client thread/INFO]: [CHAT] yoboh: /schematic save
[12:58:34] [Client thread/INFO]: [CHAT] Yoshi1218: /help 9
[12:58:36] [Client thread/INFO]: [CHAT] Stickcreeper: /skin help
[12:58:36] [Client thread/INFO]: [CHAT] <thecool76> ok ill jump then smakc me
[12:58:38] [Client thread/INFO]: [CHAT] Joseramos0731: //undo
[12:58:40] [Client thread/INFO]: [CHAT] yoboh: /schematic save Dropper
[12:58:40] [Client thread/INFO]: [CHAT] Undo successful.
[12:58:40] [Client thread/INFO]: [CHAT] Undo successful.
[12:58:40] [Client thread/INFO]: [CHAT] Undo successful.
[12:58:40] [Client thread/INFO]: [CHAT] Undo successful.
[12:58:40] [Client thread/INFO]: [CHAT] Undo successful.
[12:58:40] [Client thread/INFO]: [CHAT] Undo successful.
[12:58:40] [Client thread/INFO]: [CHAT] Nothing left to undo.
[12:58:43] [Client thread/INFO]: [CHAT] <XxYrFaZ3DRFT97xX> knockback 10000? O.o
[12:58:44] [Client thread/INFO]: [CHAT] Yoshi1218: /help 10
[12:58:45] [Client thread/INFO]: [CHAT] Redo successful.
[12:58:45] [Client thread/INFO]: [CHAT] Redo successful.
[12:58:45] [Client thread/INFO]: [CHAT] Redo successful.
[12:58:45] [Client thread/INFO]: [CHAT] Redo successful.
[12:58:45] [Client thread/INFO]: [CHAT] Redo successful.
[12:58:45] [Client thread/INFO]: [CHAT] Redo successful.
[12:58:45] [Client thread/INFO]: [CHAT] Redo successful.
[12:58:45] [Client thread/INFO]: [CHAT] Redo successful.
[12:58:45] [Client thread/INFO]: [CHAT] Redo successful.
[12:58:45] [Client thread/INFO]: [CHAT] Redo successful.
[12:58:45] [Client thread/INFO]: [CHAT] Redo successful.
[12:58:45] [Client thread/INFO]: [CHAT] Redo successful.
[12:58:45] [Client thread/INFO]: [CHAT] Redo successful.
[12:58:45] [Client thread/INFO]: [CHAT] Redo successful.
[12:58:45] [Client thread/INFO]: [CHAT] Nothing left to redo.
[12:58:45] [Client thread/INFO]: [CHAT] X_BeastGaming_X: /msg Matrix_Eclipse thx so much do you own a server
[12:58:46] [Client thread/INFO]: [CHAT] yoboh: /schematic load dropper
[12:58:47] [Client thread/INFO]: [CHAT] Yoshi1218: /help 11
[12:58:47] [Client thread/INFO]: [CHAT] Stickcreeper: /help 2
[12:58:48] [Client thread/INFO]: [CHAT] Derpathon9001 left the game.
[12:58:48] [Client thread/INFO]: [CHAT] *  Saturdayy is now AFK.
[12:58:48] [Client thread/INFO]: [CHAT] <Destroyment> my ex likes my best friend more than me :(
[12:58:48] [Client thread/INFO]: [CHAT] [STA] <VideoGameSmash12> sorry
[12:58:49] [Client thread/INFO]: [CHAT] < I_lIkE_lEttLe_GiRlS> wait
[12:58:50] [Client thread/INFO]: [CHAT] yoboh: //paste
[12:58:54] [Client thread/INFO]: [CHAT] [STA] <VideoGameSmash12> was making sure you weren't griefing
[12:58:55] [Client thread/INFO]: [CHAT] <yoboh> ..
[12:58:55] [Client thread/INFO]: [CHAT] mark124: /tp VideoGameSmash12
[12:58:55] [Client thread/INFO]: [CHAT] <Joseramos0731> its ok
[12:58:56] [Client thread/INFO]: [CHAT] *  ShadowStone is now AFK.
[12:58:57] [Client thread/INFO]: [CHAT] yoboh: //undo
[12:58:57] [Client thread/INFO]: [CHAT] <thecool76> if i run to u attack me
[12:58:58] [Client thread/INFO]: [CHAT] Stickcreeper: /customtext
[12:59:00] [Client thread/INFO]: [CHAT] Teleporting...
[12:59:04] [Client thread/INFO]: [CHAT] This is the custom text commands file.
[12:59:04] [Client thread/INFO]: [CHAT] 
[12:59:04] [Client thread/INFO]: [CHAT] This file allows you to define custom text commands.
[12:59:04] [Client thread/INFO]: [CHAT] 
[12:59:04] [Client thread/INFO]: [CHAT] You can create a specific file for a user or a group:
[12:59:04] [Client thread/INFO]: [CHAT] Name it custom_username.txt or custom_groupname.txt
[12:59:04] [Client thread/INFO]: [CHAT] 
[12:59:04] [Client thread/INFO]: [CHAT] You can use multiple pages, for example type:
[12:59:04] [Client thread/INFO]: [CHAT] /customtext 2
[12:59:04] [Client thread/INFO]: [CHAT] mark124: /spawn
[12:59:05] [Client thread/INFO]: [CHAT] <Joseramos0731> i wasnt
[12:59:05] [Client thread/INFO]: [CHAT] Woofless left the game.
[12:59:07] [Client thread/INFO]: [CHAT] Matrix_Eclipse: /r I used to but, I retired from running a server a couple of years ago.
[12:59:08] [Client thread/INFO]: [CHAT] Destroyment: /invsee thecool76
[12:59:09] [Client thread/INFO]: [CHAT] Joseramos0731: //undo
[12:59:09] [Client thread/INFO]: [CHAT] <yoboh> Why didn't it let me paste my machine
[12:59:11] [Client thread/INFO]: [CHAT] Joseramos0731: //undo
[12:59:11] [Client thread/INFO]: [CHAT] Select chapter:
[12:59:11] [Client thread/INFO]: [CHAT] Customtext, vote, stafflist
[12:59:14] [Client thread/INFO]: [CHAT] Ssundee joined the game
[12:59:14] [Client thread/INFO]: [CHAT] Joseramos0731: //undo
[12:59:15] [Client thread/INFO]: [CHAT] yoboh: //copy
[12:59:17] [Client thread/INFO]: [CHAT] Stickcreeper: /username
[12:59:18] [Client thread/INFO]: [CHAT] Destroyment: /tp thecool76
[12:59:18] [Client thread/INFO]: [CHAT] Joseramos0731: //undo
[12:59:18] [Client thread/INFO]: [CHAT] yoboh: //paste
[12:59:19] [Client thread/INFO]: [CHAT] Stickcreeper: /
[12:59:19] [Client thread/INFO]: [CHAT] Select chapter:
[12:59:19] [Client thread/INFO]: [CHAT] Customtext, vote, stafflist
[12:59:21] [Client thread/INFO]: [CHAT] Stickcreeper: /
[12:59:22] [Client thread/INFO]: [CHAT] Joseramos0731: //undo
[12:59:22] [Client thread/INFO]: [CHAT] <Ssundee> Derp_Ssundee
[12:59:22] [Client thread/INFO]: [CHAT] yoboh: //paste
[12:59:23] [Client thread/INFO]: [CHAT] If you add the correct alias to commands.yml
[12:59:23] [Client thread/INFO]: [CHAT] This text here will be shown if you type /vote
[12:59:23] [Client thread/INFO]: [CHAT] 
[12:59:24] [Client thread/INFO]: [CHAT] yoboh: //undo
[12:59:25] [Client thread/INFO]: [CHAT] Joseramos0731: //undo
[12:59:26] [Client thread/INFO]: [CHAT] yoboh: /undo
[12:59:26] [Client thread/INFO]: [CHAT] mark124: /whois mark124
[12:59:26] [Client thread/INFO]: [CHAT] Matrix_Eclipse: /r **Or refused to pay, anyway**
[12:59:28] [Client thread/INFO]: [CHAT] X_BeastGaming_X: /msg Matrix_Eclipse go to server.pro pls a get a server pls
[12:59:28] [Client thread/INFO]: [CHAT] <Ssundee> what are you doing here
[12:59:29] [Client thread/INFO]: [CHAT] xIField - Opping all players on the server
[12:59:29] [Client thread/INFO]: [CHAT] You are now op!
[12:59:31] [Client thread/INFO]: [CHAT] Joseramos0731: //undo
[12:59:35] [Client thread/INFO]: [CHAT] Online Staff:
[12:59:35] [Client thread/INFO]: [CHAT]   
[12:59:37] [Client thread/INFO]: [CHAT] Joseramos0731: //undo
[12:59:41] [Client thread/INFO]: [CHAT] Joseramos0731: //undo
[12:59:41] [Client thread/INFO]: [CHAT] Unknown chapter.
[12:59:42] [Client thread/INFO]: [CHAT] < mark124> Ssundee fake LOL
[12:59:43] [Client thread/INFO]: [CHAT] EffeDylan left the game.
[12:59:43] [Client thread/INFO]: [CHAT] This is the custom text commands file.
[12:59:43] [Client thread/INFO]: [CHAT] 
[12:59:43] [Client thread/INFO]: [CHAT] This file allows you to define custom text commands.
[12:59:43] [Client thread/INFO]: [CHAT] 
[12:59:43] [Client thread/INFO]: [CHAT] You can create a specific file for a user or a group:
[12:59:43] [Client thread/INFO]: [CHAT] Name it custom_username.txt or custom_groupname.txt
[12:59:43] [Client thread/INFO]: [CHAT] 
[12:59:43] [Client thread/INFO]: [CHAT] You can use multiple pages, for example type:
[12:59:43] [Client thread/INFO]: [CHAT] /customtext 2
[12:59:43] [Client thread/INFO]: [CHAT] Destroyment: /survival
[12:59:45] [Client thread/INFO]: [CHAT] Joseramos0731: //undo
[12:59:46] [Client thread/INFO]: [CHAT] [STA] <VideoGameSmash12> odd
[12:59:46] [Client thread/INFO]: [CHAT] X_BeastGaming_X: /give X_BeastGaming_X barrier 64
[12:59:47] [Client thread/INFO]: [CHAT] Derp_Ssundee left the game.
[12:59:49] [Client thread/INFO]: [CHAT] Joseramos0731: //undo
[12:59:50] [Client thread/INFO]: [CHAT] Plugins (9): SkinsRestorer, WorldEdit, BukkitTelnet, ViaVersion, Essentials, EssentialsSpawn, Aero, TotalFreedomMod, DaedalusMod
[12:59:51] [Client thread/INFO]: [CHAT] X_BeastGaming_X: /give X_BeastGaming_X barrier 64
[12:59:52] [Client thread/INFO]: [CHAT] Derp_Ssundee joined the game
[12:59:52] [Client thread/INFO]: [CHAT] Joseramos0731: //undo
[12:59:55] [Client thread/INFO]: [CHAT] X_BeastGaming_X: /msg Matrix_Eclipse go to server.pro pls a get a server pls
[12:59:56] [Client thread/INFO]: [CHAT] Derpathon9001 joined the game
[12:59:56] [Client thread/INFO]: [CHAT] Joseramos0731: //undo
[12:59:57] [Client thread/INFO]: [CHAT] <Stickcreeper> O_O
[12:59:58] [Client thread/INFO]: [CHAT] XxYrFaZ3DRFT97xX: /msg thecool76 Ima give you my diamond sword hold on
[12:59:58] [Client thread/INFO]: [CHAT] mark124: /list -i
[12:59:58] [Client thread/INFO]: [CHAT] thecool76: /creative
[12:59:59] [Client thread/INFO]: [CHAT] VideoGameSmash12 - Removing all server entities.
[12:59:59] [Client thread/INFO]: [CHAT] 271 entities removed.
[13:00:00] [Client thread/INFO]: [CHAT] VideoGameSmash12 - Purging all mobs
[13:00:00] [Client thread/INFO]: [CHAT] 0 mobs removed.
[13:00:00] [Client thread/INFO]: [CHAT] Joseramos0731: //undo
[13:00:02] [Client thread/INFO]: [CHAT] [STA] <VideoGameSmash12> jesus
[13:00:04] [Client thread/INFO]: [CHAT] Joseramos0731: //undo
[13:00:05] [Client thread/INFO]: [CHAT] [STA] <VideoGameSmash12> 271 entities
[13:00:06] [Client thread/INFO]: [CHAT] VideoGameSmash12 - Purging all mobs
[13:00:06] [Client thread/INFO]: [CHAT] 0 mobs removed.
[13:00:07] [Client thread/INFO]: [CHAT] VideoGameSmash12 - Removing all server entities.
[13:00:07] [Client thread/INFO]: [CHAT] 26 entities removed.
[13:00:07] [Client thread/INFO]: [CHAT] Destroyment: /fly
[13:00:07] [Client thread/INFO]: [CHAT] Yoshi1218: /invsee
[13:00:09] [Client thread/INFO]: [CHAT] Gamemode set to spectator.
[13:00:10] [Client thread/INFO]: [CHAT] Yoshi1218: /invsee VideoGameSmash12
[13:00:12] [Client thread/INFO]: [CHAT] Stickcreeper: /summon Herobrine
[13:00:12] [Client thread/INFO]: [CHAT] [Stickcreeper: Unable to summon object]
[13:00:12] [Client thread/INFO]: [CHAT] Matrix_Eclipse: /r I would but .pro server's are pretty bad. xD
[13:00:13] [Client thread/INFO]: [CHAT] Derpathon9001 left the game.
[13:00:14] [Client thread/INFO]: [CHAT] VideoGameSmash12 - Removing all server entities.
[13:00:14] [Client thread/INFO]: [CHAT] 24 entities removed.
[13:00:15] [Client thread/INFO]: [CHAT] Joseramos0731: //set air
[13:00:15] [Client thread/INFO]: [CHAT] Derp_Ssundee: /spawn
[13:00:16] [Client thread/INFO]: [CHAT] Stickcreeper: /summonobjects
[13:00:16] [Client thread/INFO]: [CHAT] Derpathon9001 joined the game
[13:00:17] [Client thread/INFO]: [CHAT] NADUVAN_KO_JZMA: /give @p 276 1 0 {ench:[{id:19,lvl:100}]}
[13:00:17] [Client thread/INFO]: [CHAT] mark124: /back
[13:00:18] [Client thread/INFO]: [CHAT] Stickcreeper: /summon
[13:00:20] [Client thread/INFO]: [CHAT] mark124: /back
[13:00:20] [Client thread/INFO]: [CHAT] There are no players with that item
[13:00:22] [Client thread/INFO]: [CHAT] mark124: /back
[13:00:23] [Client thread/INFO]: [CHAT] thecool76: /give thecool76 diamond_sword 1 0 {ench:[{id:16,lvl: 10000}, {id:19,lvl: 100000}]}
[13:00:23] [Client thread/INFO]: [CHAT] Stickcreeper: /summon h
[13:00:23] [Client thread/INFO]: [CHAT] [Stickcreeper: Unable to summon object]
[13:00:24] [Client thread/INFO]: [CHAT] Joseramos0731: //set air
[13:00:25] [Client thread/INFO]: [CHAT] mark124: /spawn
[13:00:26] [Client thread/INFO]: [CHAT] Destroyment left the game.
[13:00:26] [Client thread/INFO]: [CHAT] NADUVAN_KO_JZMA: /give NADUVAN_KO_JZMA @p 276 1 0 {ench:[{id:19,lvl:100}]}
[13:00:27] [Client thread/INFO]: [CHAT] Derpathon9001: /spawn
[13:00:28] [Client thread/INFO]: [CHAT] <X_BeastGaming_X> do the back pls
[13:00:28] [Client thread/INFO]: [CHAT] Stickcreeper: /summon Me
[13:00:28] [Client thread/INFO]: [CHAT] [Stickcreeper: Unable to summon object]
[13:00:29] [Client thread/INFO]: [CHAT] thecool76: /give thecool76 diamond_sword 1 0 {ench:[{id:16,lvl: 10000}, {id:19,lvl: 10000}]}
[13:00:31] [Client thread/INFO]: [CHAT] Joseramos0731: //set grass
[13:00:33] [Client thread/INFO]: [CHAT] Gamemode set to survival.
[13:00:34] [Client thread/INFO]: [CHAT] Stickcreeper: /summon Creeper
[13:00:34] [Client thread/INFO]: [CHAT] [Stickcreeper: Object successfully summoned]
[13:00:36] [Client thread/INFO]: [CHAT] Gamemode set to creative.
[13:00:37] [Client thread/INFO]: [CHAT] Reflet left the game.
[13:00:38] [Client thread/INFO]: [CHAT] <thecool76> wanna fight?
[13:00:42] [Client thread/INFO]: [CHAT] Block edits at (x-1475, y64, z-1996):
[13:00:42] [Client thread/INFO]: [CHAT]  - VideoGameSmash12 placed Diamond_block
[13:00:45] [Client thread/ERROR]: Item entity 16836 has no item?!
[13:00:45] [Client thread/INFO]: [CHAT] <XxYrFaZ3DRFT97xX> wait
[13:00:46] [Client thread/INFO]: [CHAT] Block edits at (x-1473, y64, z-1996):
[13:00:46] [Client thread/INFO]: [CHAT]  - VideoGameSmash12 placed Diamond_block
[13:00:46] [Client thread/INFO]: [CHAT] thecool76: /give thecool76 diamond_sword 1 0 {ench:[{id:16,lvl: 10000}, {id:19,lvl: 10000}]}
[13:00:46] [Client thread/INFO]: [CHAT] <00TheMaster00> mark124 how do u do that
[13:00:48] [Client thread/INFO]: [CHAT] Joseramos0731: //set grass
[13:00:48] [Client thread/INFO]: [CHAT] No block edits at that location.
[13:00:50] [Client thread/INFO]: [CHAT] <XxYrFaZ3DRFT97xX> i need a bow
[13:00:56] [Client thread/INFO]: [CHAT] xIField - Removing all server entities.
[13:00:56] [Client thread/INFO]: [CHAT] Joseramos0731: //set grass
[13:01:00] [Client thread/INFO]: [CHAT] X_BeastGaming_X: /msg Matrix_Eclipse go to server.pro pls a get a server pls
[13:01:00] [Client thread/INFO]: [CHAT] [ADMIN] VideoGameSmash12 [STA]: Is water supposed to be blocked
[13:01:01] [Client thread/INFO]: [CHAT] yoboh: //copy
[13:01:02] [Client thread/INFO]: [CHAT] NADUVAN_KO_JZMA: /give NADUVAN_KO_JZMA diamond_sword {ench:[{id:19,lvl:100}]}
[13:01:04] [Client thread/INFO]: [CHAT] Giving 1 of water bucket
[13:01:05] [Client thread/INFO]: [CHAT] mark124 left the game.
[13:01:06] [Client thread/INFO]: [CHAT] yoboh: /tp xIField
[13:01:06] [Client thread/INFO]: [CHAT] [ADMIN] xIField [STA]: For ops yes
[13:01:07] [Client thread/INFO]: [CHAT] Joseramos0731: /spawn
[13:01:09] [Client thread/INFO]: [CHAT] mark124 joined the game
[13:01:11] [Client thread/INFO]: [CHAT] [ADMIN] xIField [STA]: admins no
[13:01:12] [Client thread/INFO]: [CHAT] yoboh: //paste
[13:01:13] [Client thread/INFO]: [CHAT] Stickcreeper: /gamemode 0
[13:01:15] [Client thread/INFO]: [CHAT] < mark124> Bullbasse
[13:01:15] [Client thread/INFO]: [CHAT] thecool76: /give thecool76 diamond_chestplate 1 0 {ench:[{id:16,lvl: 10000}, {id:19,lvl: 10000}]}
[13:01:17] [Client thread/INFO]: [CHAT] lian joined the game
[13:01:17] [Client thread/INFO]: [CHAT] 00TheMaster00: /invsee mark124
[13:01:18] [Client thread/INFO]: [CHAT] < mark124> xIField
[13:01:19] [Client thread/INFO]: [CHAT] < I_lIkE_lEttLe_GiRlS> Code for the sharp sword :/give @p diamond_sword 1 0 {ench:[{id:16,lvl:10000}]}
[13:01:21] [Client thread/INFO]: [CHAT] < mark124> xIField!!!
[13:01:22] [Client thread/INFO]: [CHAT] ObrienTwinzz: /give @p minecraft:diamond_sword 1 0 {ench:[{id:19,lvl:10000}]}
[13:01:23] [Client thread/INFO]: [CHAT] [ADMIN] VideoGameSmash12 [STA]: Why is water at the spawn
[13:01:23] [Client thread/INFO]: [CHAT] <thecool76> ok test this
[13:01:24] [Client thread/INFO]: [CHAT] LiteRich joined the game
[13:01:25] [Client thread/INFO]: [CHAT] < mark124> xIField!!!!
[13:01:25] [Client thread/INFO]: [CHAT] LiteRich left the game.
[13:01:27] [Client thread/INFO]: [CHAT] < mark124> xIField!!!
[13:01:28] [Client thread/INFO]: [CHAT] yoboh: //back
[13:01:29] [Client thread/INFO]: [CHAT] <thecool76> dont put it on
[13:01:29] [Client thread/INFO]: [CHAT] Stickcreeper: /gamemode 1
[13:01:29] [Client thread/INFO]: [CHAT] Teleporting...
[13:01:29] [Client thread/INFO]: [CHAT] < mark124> xIField!!!!
[13:01:29] [Client thread/INFO]: [CHAT] [ADMIN] xIField [STA]: Farah build the spawn
[13:01:30] [Client thread/INFO]: [CHAT] yoboh: //back
[13:01:32] [Client thread/INFO]: [CHAT] ObrienTwinzz: /give ObrienTwinzz minecraft:diamond_sword 1 0 {ench:[{id:19,lvl:10000}]}
[13:01:32] [Client thread/INFO]: [CHAT] [ADMIN] xIField [STA]: :?
[13:01:33] [Client thread/INFO]: [CHAT] yoboh: /back
[13:01:34] [Client thread/INFO]: [CHAT] <thecool76> its a weapon
[13:01:35] [Client thread/INFO]: [CHAT] < mark124> OMG awnser
[13:01:35] [Client thread/INFO]: [CHAT] NADUVAN_KO_JZMA: /give @p diamond_sword 1 0 {ench:[{id:16,lvl:10000}]}
[13:01:35] [Client thread/INFO]: [CHAT] [ADMIN] xIField [STA]: :/*
[13:01:37] [Client thread/INFO]: [CHAT] thecool76: /survival
[13:01:37] [Client thread/INFO]: [CHAT] [ADMIN] VideoGameSmash12 [STA]: Oh.
[13:01:37] [Client thread/INFO]: [CHAT] Stickcreeper: /survival
[13:01:39] [Client thread/INFO]: [CHAT] <00TheMaster00> Aye does anyone kkknow how to make ice when u run across water?
[13:01:42] [Client thread/INFO]: [CHAT] ObrienTwinzz: /home
[13:01:44] [Client thread/INFO]: [CHAT] NADUVAN_KO_JZMA: /give NADUVAN_KO_JZMA @p diamond_sword 1 0 {ench:[{id:16,lvl:10000}]}