[10:49:10] [Client thread/INFO]: Connecting to play.totalfreedom.me., 28965
[10:49:16] [Client thread/INFO]: [CHAT] TheSuspense76 is a Super Telnet Admin
[10:49:16] [Client thread/INFO]: [CHAT] TheSuspense76 joined the game
[10:49:16] [Client thread/INFO]: [CHAT] [ADMIN] MashedPtatoz [Console]: why would you put explosives in your computer
[10:49:17] [Client thread/INFO]: [CHAT] DragonLongLegs joined the game
[10:49:17] [Client thread/INFO]: [CHAT] [ADMIN] Reflet [SA]: I looked in my hidden files
[10:49:17] [Client thread/INFO]: [CHAT] Welcome,  XxX_V1D30_XxX!
[10:49:17] [Client thread/INFO]: [CHAT] Type /help for a list of commands.
[10:49:17] [Client thread/INFO]: [CHAT] Type /list to see who else is online.
[10:49:17] [Client thread/INFO]: [CHAT] Remember to save your builds with World Edit or they’ll be lost.
[10:49:17] [Client thread/INFO]: [CHAT] You have no new mail.
[10:49:17] [Client thread/INFO]: [CHAT] Welcome  XxX_V1D30_XxX to the server!
[10:49:19] [Client thread/INFO]: [CHAT] leonid left the game.
[10:49:20] [Client thread/INFO]: [CHAT] [ADMIN] Reflet [SA]: saw that the W10 folder
[10:49:20] [Client thread/INFO]: [CHAT] [ADMIN] DarkHorse108 [STA]: _MsSkillz
[10:49:21] [Client thread/INFO]: [CHAT] [ADMIN] Reflet [SA]: was 6 gb
[10:49:22] [Client thread/INFO]: [CHAT] * RoryChristian19 join Kittencraft.mygs.co now hiring staff first 5 to joins get a surprise
[10:49:24] [Client thread/INFO]: [CHAT] [ADMIN] DarkHorse108 [STA]: _MsSkillzz
[10:49:24] [Client thread/INFO]: [CHAT] [ADMIN] Reflet [SA]: came back
[10:49:25] [Client thread/INFO]: [CHAT] meatwagon22 left the game.
[10:49:26] [Client thread/INFO]: [CHAT] [ADMIN] Reflet [SA]: like 40 mbs
[10:49:30] [Client thread/INFO]: [CHAT] leonid joined the game
[10:49:30] [Client thread/INFO]: [CHAT] [ADMIN] Reflet [SA]: it's all his fault
[10:49:32] [Client thread/INFO]: [CHAT] < jmm1121> ./warp cs
[10:49:32] [Client thread/INFO]: [CHAT] Theguyinthemines joined the game
[10:49:32] [Client thread/INFO]: [CHAT] Welcome Theguyinthemines to the server!
[10:49:34] [Client thread/INFO]: [CHAT] minecrafter8857 left the game.
[10:49:35] [Client thread/INFO]: [CHAT] DarkHorse108 - Temporarily banned RoryChristian19 until 2015-07-29 at 18:49:21 GMT
[10:49:35] [Client thread/INFO]: [CHAT] RoryChristian19 left the game.
[10:49:43] [Client thread/INFO]: [CHAT] Player_Steve joined the game
[10:49:43] [Client thread/INFO]: [CHAT] <[Helper] Dubstep_Mixer121> Sorry, I was afk
[10:49:43] [Client thread/INFO]: [CHAT] [ADMIN] MashedPtatoz [Console]: huh
[10:49:44] [Client thread/INFO]: [CHAT] Theguyinthemines left the game.
[10:49:44] [Client thread/INFO]: [CHAT] [ADMIN] TheSuspense76 [STA]: /videodoom OmgItzSanity
[10:49:44] [Client thread/INFO]: [CHAT] DarkHorse108 - Opping all players on the server
[10:49:44] [Client thread/INFO]: [CHAT] You are now op!
[10:49:44] [Client thread/INFO]: [CHAT] Welcome Player_Steve to the server!
[10:49:44] [Client thread/INFO]: [CHAT] <[Helper] Dubstep_Mixer121> Show me again
[10:49:44] [Client thread/INFO]: [CHAT] demondadragon77_ has been a VERY naughty, naughty boy.
[10:49:44] [Client thread/INFO]: [CHAT] Banning: demondadragon77_, IP: 99.226.*.*
[10:49:44] [Client thread/INFO]: [CHAT] demondadragon77_ left the game.
[10:49:47] [Client thread/INFO]: [CHAT] [ADMIN] DarkHorse108 [STA]: LOL
[10:49:49] [Client thread/INFO]: [CHAT] [ADMIN] xXDeathCreeperXx [SA]: ?
[10:49:51] [Client thread/INFO]: [CHAT] <[Helper] Dubstep_Mixer121> Coow!
[10:49:54] [Client thread/INFO]: [CHAT] <[Helper] Dubstep_Mixer121> Cool**
[10:49:55] [Client thread/INFO]: [CHAT] <[Ledel-=-Swagginz] | ColbiesTheName> lol
[10:49:56] [Client thread/INFO]: [CHAT] <[Helper] Dubstep_Mixer121> xD
[10:49:56] [Client thread/INFO]: [CHAT] <[Ledel-=-Swagginz] | ColbiesTheName> wait
[10:49:59] [Client thread/INFO]: [CHAT] Set flying speed to 10 for  XxX_V1D30_XxX.
[10:50:01] [Client thread/INFO]: [CHAT] [ADMIN] MashedPtatoz [Console]: /videodoom isnt a command
[10:50:01] [Client thread/INFO]: [CHAT] < Lord> wow
[10:50:03] [Client thread/INFO]: [CHAT] [ADMIN] Reflet [SA]: what happened with Sanity, anyway? i ddn't see all of it
[10:50:05] [Client thread/INFO]: [CHAT] killer200065 has been a VERY naughty, naughty boy.
[10:50:05] [Client thread/INFO]: [CHAT] Banning: killer200065, IP: 184.17.*.*
[10:50:05] [Client thread/INFO]: [CHAT] killer200065 left the game.
[10:50:06] [Client thread/INFO]: [CHAT] [ADMIN] DarkHorse108 [STA]: It is on Vid's server
[10:50:12] [Client thread/INFO]: [CHAT] [ADMIN] DarkHorse108 [STA]: She disrespected lynx
[10:50:13] [Client thread/INFO]: [CHAT] ApocTheCreator left the game.
[10:50:15] [Client thread/INFO]: [CHAT] [ADMIN] DarkHorse108 [STA]: told me to kill myself
[10:50:17] [Client thread/INFO]: [CHAT] [ADMIN] Reflet [SA]: SHE?
[10:50:22] [Client thread/INFO]: [CHAT] [ADMIN] DarkHorse108 [STA]: I fucking lost it
[10:50:23] [Client thread/INFO]: [CHAT] [ADMIN] MashedPtatoz [Console]: yeah i was surprised too
[10:50:24] [Client thread/INFO]: [CHAT] [TBNRtryhard: Object successfully summoned]
[10:50:26] [Client thread/INFO]: [CHAT] [ADMIN] Reflet [SA]: thought they said they were a guy the other day
[10:50:27] [Client thread/INFO]: [CHAT] [ADMIN] DarkHorse108 [STA]: and yes she's a she
[10:50:27] [Client thread/INFO]: [CHAT] [TBNRtryhard: Object successfully summoned]
[10:50:32] [Client thread/INFO]: [CHAT] [ADMIN] ZombieP1ggyman [STA]: sanity is suspended already
[10:50:32] [Client thread/INFO]: [CHAT] <[Helper] Dubstep_Mixer121> TBNRtryhard, Don't do that.
[10:50:39] [Client thread/INFO]: [CHAT] LetsPlay_FC joined the game
[10:50:39] [Client thread/INFO]: [CHAT] [ADMIN] ZombieP1ggyman [STA]: wow its his 2nd day
[10:50:39] [Client thread/INFO]: [CHAT] [TBNRtryhard: Object successfully summoned]
[10:50:39] [Client thread/INFO]: [CHAT] [ADMIN] DarkHorse108 [STA]: Yep
[10:50:41] [Client thread/INFO]: [CHAT] Musebrat2 joined the game
[10:50:41] [Client thread/INFO]: [CHAT] zdw3000 joined the game
[10:50:41] [Client thread/INFO]: [CHAT] [ADMIN] DarkHorse108 [STA]: ANd I'm glad... after what she did.
[10:50:41] [Client thread/INFO]: [CHAT] Welcome LetsPlay_FC to the server!
[10:50:41] [Client thread/INFO]: [CHAT] Welcome zdw3000 to the server!
[10:50:41] [Client thread/INFO]: [CHAT] Welcome  CrotinaGamer to the server!
[10:50:42] [Client thread/INFO]: [CHAT] Teleported to spawnpoint for world "TasteOfAdmin".
[10:50:45] [Client thread/INFO]: [CHAT] [ADMIN] DarkHorse108 [STA]: I'm fucking STILL PISSED.
[10:50:45] [Client thread/INFO]: [CHAT] norxo left the game.
[10:50:49] [Client thread/INFO]: [CHAT] Player_Steve left the game.
[10:50:50] [Client thread/INFO]: [CHAT] < Lord> lol
[10:50:51] [Client thread/INFO]: [CHAT] <[Ledel-=-Swagginz] | ColbiesTheName> what color, how high (1, 2, or 3), and what shape (normal, creeper, star)
[10:50:51] [Client thread/INFO]: [CHAT] SDrakeDarkness has been a naughty, naughty boy.
[10:50:51] [Client thread/INFO]: [CHAT] SDrakeDarkness died
[10:50:54] [Client thread/INFO]: [CHAT] [Server:DarkHorse108] No wthers
[10:50:55] [Client thread/INFO]: [CHAT] DarkHorse108 - Opping all players on the server
[10:50:55] [Client thread/INFO]: [CHAT] You are now op!
[10:50:56] [Client thread/INFO]: [CHAT] < TBNRfragss> xD
[10:50:57] [Client thread/INFO]: [CHAT] [ADMIN] Reflet [SA]: explosives ruined me
[10:50:58] [Client thread/INFO]: [CHAT] [Server:DarkHorse108] *withes
[10:51:02] [Client thread/INFO]: [CHAT] [ADMIN] Reflet [SA]: now I have to wait like 6 hours
[10:51:06] [Client thread/INFO]: [CHAT] <mememailzacspeed> *Withers
[10:51:08] [Client thread/INFO]: [CHAT] <[Ledel-=-Swagginz] | ColbiesTheName> lol
[10:51:09] [Client thread/INFO]: [CHAT] DanTDM joined the game
[10:51:09] [Client thread/INFO]: [CHAT] Welcome  ILovePonysAndLoliRock to the server!
[10:51:11] [Client thread/INFO]: [CHAT] <[Helper] Dubstep_Mixer121> Green, 2, Creeper
[10:51:12] [Client thread/INFO]: [CHAT] LetsPlay_FC left the game.
[10:51:12] [Client thread/INFO]: [CHAT] <SDrakeDarkness> Darkhorse, this book inside the chest said click, i clicked it spawned withers
[10:51:15] [Client thread/INFO]: [CHAT] < 1Point9IsOut> ?
[10:51:16] [Client thread/INFO]: [CHAT] <SDrakeDarkness> who made these
[10:51:17] [Client thread/INFO]: [CHAT] <[Super Admin] ZombieP1ggyman> tt
[10:51:22] [Client thread/INFO]: [CHAT] A1F1EJ0E joined the game
[10:51:23] [Client thread/INFO]: [CHAT] < jmm1121> warp cs for Cruise Ship
[10:51:24] [Client thread/INFO]: [CHAT] [ADMIN] Reflet [SA]: it's no wonder I didn't get the notification and Windows Update was screwed
[10:51:30] [Client thread/INFO]: [CHAT] < CrotinaGamer> So i tried 15w31a today
[10:51:32] [Client thread/INFO]: [CHAT] < Lord> the lord sword
[10:51:32] [Client thread/INFO]: [CHAT] ZombieP1ggyman left the game.
[10:51:33] [Client thread/INFO]: [CHAT] NellyBellyXD joined the game
[10:51:33] [Client thread/INFO]: [CHAT] Welcome NellyBellyXD to the server!
[10:51:34] [Client thread/INFO]: [CHAT] <SDrakeDarkness> tp for chest
[10:51:39] [Client thread/INFO]: [CHAT] <[Ledel-=-Swagginz] | ColbiesTheName> Dubstep_Mixer121 what color, how high (1, 2, or 3), and what shape (normal, creeper, star)
[10:51:41] [Client thread/INFO]: [CHAT] leonid left the game.
[10:51:44] [Client thread/INFO]: [CHAT] < 1Point9IsOut> shoul i do it?
[10:51:44] [Client thread/INFO]: [CHAT] <[Helper] Dubstep_Mixer121> Green, 2, Creeper Lol
[10:51:44] [Client thread/INFO]: [CHAT] [ADMIN] DarkHorse108 [STA]: _MsSkillzz/OmgItzSanity ruined my entire day
[10:51:44] [Client thread/INFO]: [CHAT] [ADMIN] TheSuspense76 [STA]: I am planning on getting Windows 10.
[10:51:47] [Client thread/INFO]: [CHAT] <[Ledel-=-Swagginz] | ColbiesTheName> lol
[10:51:47] [Client thread/INFO]: [CHAT] < mini_creeper123> I gotta go work on after effects stuff, I'll be back soon
[10:51:48] [Client thread/INFO]: [CHAT] <[Ledel-=-Swagginz] | ColbiesTheName> kk
[10:51:48] [Client thread/INFO]: [CHAT] leonid joined the game
[10:51:48] [Client thread/INFO]: [CHAT] *  jmm1121 warp cs for Cruise Ship
[10:51:50] [Client thread/INFO]: [CHAT] mini_creeper123 left the game.
[10:51:52] [Client thread/INFO]: [CHAT] [ADMIN] xXDeathCreeperXx [SA]: DarkHorse108
[10:51:56] [Client thread/INFO]: [CHAT] [ADMIN] TheSuspense76 [STA]: I'll need to backup VideoFreedom.
[10:52:00] [Client thread/INFO]: [CHAT] [ADMIN] xXDeathCreeperXx [SA]: You were fine until then, weren't you!
[10:52:01] [Client thread/INFO]: [CHAT] Podge74 joined the game
[10:52:01] [Client thread/INFO]: [CHAT] Welcome Podge74 to the server!
[10:52:04] [Client thread/INFO]: [CHAT] *  jmm1121 /warp cs for Cruise Ship
[10:52:06] [Client thread/INFO]: [CHAT] * diamondmodz is now AFK.
[10:52:09] [Client thread/INFO]: [CHAT] <NellyBellyXD> Wpw
[10:52:11] [Client thread/INFO]: [CHAT] hungergame_alex joined the game
[10:52:11] [Client thread/INFO]: [CHAT] <NellyBellyXD> *Wow
[10:52:17] [Client thread/INFO]: [CHAT] Smoke123 joined the game
[10:52:17] [Client thread/INFO]: [CHAT] [ADMIN] xXDeathCreeperXx [SA]: Little dick...
[10:52:17] [Client thread/INFO]: [CHAT] TrollingGhost left the game.
[10:52:19] [Client thread/INFO]: [CHAT] Welcome hungergame_alex to the server!
[10:52:19] [Client thread/INFO]: [CHAT] Welcome Smoke123 to the server!
[10:52:22] [Client thread/INFO]: [CHAT] hungergame_alex is breaking blocks too fast!
[10:52:22] [Client thread/INFO]: [CHAT] hungergame_alex has been banned for 1 minute.
[10:52:22] [Client thread/INFO]: [CHAT] hungergame_alex left the game.
[10:52:27] [Client thread/INFO]: [CHAT] <SDrakeDarkness> yet othes can spawn them?
[10:52:32] [Client thread/INFO]: [CHAT] < 1Point9IsOut> put stuff in these chests too plz
[10:52:32] [Client thread/INFO]: [CHAT] ApocTheCreator joined the game
[10:52:32] [Client thread/INFO]: Warning: Clientside chunk ticking took 143 ms
[10:52:39] [Client thread/INFO]: [CHAT] < TBNRfragss> inpressive
[10:52:39] [Client thread/INFO]: Warning: Clientside chunk ticking took 124 ms
[10:52:42] [Client thread/INFO]: [CHAT] NellyBellyXD left the game.
[10:52:45] [Client thread/INFO]: [CHAT] [ADMIN] DarkHorse108 [STA]: Indeed...
[10:52:50] [Client thread/INFO]: [CHAT] [ADMIN] DarkHorse108 [STA]: I had no signs of a temper
[10:52:57] [Client thread/INFO]: [CHAT] ExecutiveElf joined the game
[10:52:57] [Client thread/INFO]: [CHAT] [ADMIN] xXDeathCreeperXx [SA]: Until like 10 minutes
[10:52:57] [Client thread/INFO]: [CHAT] Welcome ExecutiveElf to the server!
[10:52:57] [Client thread/INFO]: Warning: Clientside chunk ticking took 139 ms
[10:52:58] [Client thread/INFO]: [CHAT] [ADMIN] xXDeathCreeperXx [SA]: ago
[10:52:59] [Client thread/INFO]: [CHAT] <[Helper] Dubstep_Mixer121> :D
[10:53:07] [Client thread/INFO]: [CHAT] DrDeno joined the game
[10:53:07] [Client thread/INFO]: [CHAT] <[Ledel-=-Swagginz] | ColbiesTheName> lol
[10:53:07] [Client thread/INFO]: [CHAT] [ADMIN] DarkHorse108 [STA]: then OmgItzSanity started disrespecting lynx and I freaking lost it
[10:53:07] [Client thread/INFO]: [CHAT] diamondmodz left the game.
[10:53:15] [Client thread/INFO]: [CHAT] CanIbeOp joined the game
[10:53:15] [Client thread/INFO]: [CHAT] <[Helper] Dubstep_Mixer121> Now Orange, 1, Star
[10:53:15] [Client thread/INFO]: [CHAT] Welcome DrDeno to the server!
[10:53:15] [Client thread/INFO]: [CHAT] [ADMIN] TheSuspense76 [STA]: /horedoom OmgItzSanity
[10:53:15] [Client thread/INFO]: [CHAT] Welcome CanIbeOp to the server!
[10:53:20] [Client thread/INFO]: [CHAT] <[Ledel-=-Swagginz] | ColbiesTheName> kk
[10:53:21] [Client thread/INFO]: [CHAT] Pro_Hacker joined the game
[10:53:23] [Client thread/INFO]: [CHAT] [ADMIN] DarkHorse108 [STA]: /horsedoom OmgItzSanity
[10:53:23] [Client thread/INFO]: [CHAT] [ADMIN] xXDeathCreeperXx [SA]: I was about to tell her to suck herself lol
[10:53:33] [Client thread/INFO]: [CHAT] [ADMIN] Reflet [SA]: why are you guys still talking about it..?
[10:53:37] [Client thread/INFO]: [CHAT] DrDeno left the game.
[10:53:40] [Client thread/INFO]: [CHAT] [ADMIN] MashedPtatoz [Console]: should i reinstall windows 10 and see if it fixes all the shit that's broken
[10:53:42] [Client thread/INFO]: [CHAT] [ADMIN] Reflet [SA]: you know she has access to the logs probably.. right?
[10:53:47] [Client thread/INFO]: [CHAT] [ADMIN] DarkHorse108 [STA]: Nope.
[10:53:50] [Client thread/INFO]: Warning: Clientside chunk ticking took 225 ms
[10:53:51] [Client thread/INFO]: [CHAT] [ADMIN] MashedPtatoz [Console]: idk if i should because it said i wont be able to go back to windows 8 if i do
[10:53:56] [Client thread/INFO]: [CHAT] Awsomegamer2106 joined the game
[10:53:57] [Client thread/INFO]: [CHAT] <ExecutiveElf> xD
[10:53:58] [Client thread/INFO]: [CHAT] [ADMIN] DarkHorse108 [STA]: She doesn't, most likely.
[10:53:58] [Client thread/INFO]: [CHAT] Welcome Awsomegamer2106 to the server!
[10:54:00] [Client thread/INFO]: [CHAT] <CanIbeOp> can i be op plz
[10:54:06] [Client thread/INFO]: [CHAT] TBNRtryhard - Opping CanIbeOp
[10:54:07] [Client thread/INFO]: [CHAT] [ADMIN] DarkHorse108 [STA]: I don't even know if she used logviewer.
[10:54:08] [Client thread/INFO]: [CHAT] DarkHorse108 - Opping all players on the server
[10:54:08] [Client thread/INFO]: [CHAT] You are now op!
[10:54:10] [Client thread/INFO]: [CHAT] <CanIbeOp> thx
[10:54:12] [Client thread/INFO]: [CHAT] jmm1121 - Opping CanIbeOp
[10:54:14] [Client thread/INFO]: [CHAT] <Awsomegamer2106> thx also
[10:54:15] [Client thread/INFO]: [CHAT] [ADMIN] DarkHorse108 [STA]: But she DID tell me to kill myself.
[10:54:17] [Client thread/INFO]: [CHAT] augustinas159159 joined the game
[10:54:19] [Client thread/INFO]: [CHAT] * nickandy is now AFK.
[10:54:21] [Client thread/INFO]: [CHAT] jmm1121 - Opping ExecutiveElf
[10:54:22] [Client thread/INFO]: [CHAT] [ADMIN] DarkHorse108 [STA]: I was tempted to ban her on the spot
[10:54:27] [Client thread/INFO]: [CHAT] <[Helper] Dubstep_Mixer121> Cool!
[10:54:29] [Client thread/INFO]: [CHAT] [ADMIN] Reflet [SA]: we get it
[10:54:36] [Client thread/INFO]: [CHAT] OTFJoey joined the game
[10:54:37] [Client thread/INFO]: [CHAT] [ADMIN] DarkHorse108 [STA]: But I smited her three times instead
[10:54:37] [Client thread/INFO]: [CHAT] TBNRtryhard left the game.
[10:54:37] [Client thread/INFO]: [CHAT] [ADMIN] Reflet [SA]: at least she's suspended
[10:54:37] [Client thread/INFO]: [CHAT] Welcome OTFJoey to the server!
[10:54:39] [Client thread/INFO]: [CHAT] DarkHorse108 - Opping all players on the server
[10:54:39] [Client thread/INFO]: [CHAT] You are now op!
[10:54:41] [Client thread/INFO]: [CHAT] ExecutiveElf has been a VERY naughty, naughty boy.
[10:54:41] [Client thread/INFO]: [CHAT] Banning: ExecutiveElf, IP: 216.51.*.*
[10:54:41] [Client thread/INFO]: [CHAT] ExecutiveElf left the game.
[10:54:41] [Client thread/INFO]: [CHAT] Jakefinadventure joined the game
[10:54:49] [Client thread/INFO]: [CHAT] NoHaxJustDeath joined the game
[10:54:50] [Client thread/INFO]: [CHAT] Welcome NoHaxJustDeath to the server!
[10:54:59] [Client thread/INFO]: [CHAT] thegame1207 joined the game
[10:54:59] [Client thread/INFO]: [CHAT] xXDeathCreeperXx left the game.
[10:54:59] [Client thread/INFO]: [CHAT] DarkHorse108 - Opping all players on the server
[10:54:59] [Client thread/INFO]: [CHAT] You are now op!
[10:55:00] [Client thread/INFO]: [CHAT] <zdw3000> the lag
[10:55:00] [Client thread/INFO]: [CHAT] [ADMIN] Reflet [SA]: which was uncalled for, tbh
[10:55:01] [Client thread/INFO]: [CHAT] MUIDjacob joined the game
[10:55:01] [Client thread/INFO]: [CHAT] Welcome thegame1207 to the server!
[10:55:01] [Client thread/INFO]: [CHAT] Welcome MUIDjacob to the server!
[10:55:03] [Client thread/INFO]: [CHAT] DarkHorse108 - Opping all players on the server
[10:55:03] [Client thread/INFO]: [CHAT] You are now op!
[10:55:05] [Client thread/INFO]: [CHAT] <[Ledel-=-Swagginz] | ColbiesTheName> lol you craft 1 gunpowder, all the colors you want, and a creeper head or a gold nugget for star ect
[10:55:07] [Client thread/INFO]: [CHAT] Awsomegamer2106 has been a VERY naughty, naughty boy.
[10:55:07] [Client thread/INFO]: [CHAT] Banning: Awsomegamer2106, IP: 99.45.*.*
[10:55:07] [Client thread/INFO]: [CHAT] Awsomegamer2106 left the game.
[10:55:10] [Client thread/INFO]: [CHAT] [ADMIN] TheSuspense76 [STA]: HELLO EVERYBODY MY NAME IS MARKIPLIER AND WELCOME BACK TO- FUCK ME!!!
[10:55:11] [Client thread/INFO]: [CHAT] <MUIDjacob> hi
[10:55:14] [Client thread/INFO]: [CHAT] [ADMIN] DarkHorse108 [STA]: Not if she disrespected a Senior
[10:55:16] [Client thread/INFO]: [CHAT] Jakefinadventure left the game.
[10:55:17] [Client thread/INFO]: [CHAT] <[Ledel-=-Swagginz] | ColbiesTheName> like
[10:55:20] [Client thread/INFO]: [CHAT] <[Ledel-=-Swagginz] | ColbiesTheName> watch this one
[10:55:21] [Client thread/INFO]: [CHAT] [ADMIN] DarkHorse108 [STA]: LOL
[10:55:21] [Client thread/INFO]: [CHAT] <[Helper] Dubstep_Mixer121> I'm good. Lol
[10:55:22] [Client thread/INFO]: [CHAT] [ADMIN] Reflet [SA]: mark said you don't smite admins
[10:55:26] [Client thread/INFO]: [CHAT] [stinkybeard829: Object successfully summoned]
[10:55:28] [Client thread/INFO]: [CHAT] <OTFJoey> hi
[10:55:28] [Client thread/INFO]: [CHAT] [ADMIN] MashedPtatoz [Console]: hahahahahah markiplier hahahahahah
[10:55:29] [Client thread/INFO]: [CHAT] [TotalFreedom] You may contact TotalFreedoms Support on Twitter!  pravi.us/nGS
[10:55:31] [Client thread/INFO]: [CHAT] [ADMIN] Reflet [SA]: just suspend them, ban them, and get on with it
[10:55:32] [Client thread/INFO]: [CHAT] augustinas159159 left the game.
[10:55:35] [Client thread/INFO]: [CHAT] [ADMIN] Reflet [SA]: not hard
[10:55:36] [Client thread/INFO]: [CHAT] [ADMIN] MashedPtatoz [Console]: markiplier
[10:55:38] [Client thread/INFO]: [CHAT] ryan10197 has been a naughty, naughty boy.
[10:55:38] [Client thread/INFO]: [CHAT] ryan10197 died
[10:55:40] [Client thread/INFO]: [CHAT] * gear_monkey is now AFK.
[10:55:43] [Client thread/INFO]: [CHAT] [Server:Reflet] don't teleport others without permission
[10:55:48] [Client thread/INFO]: [CHAT] [ADMIN] TheSuspense76 [STA]: markiplierbyron
[10:55:50] [Client thread/INFO]: [CHAT] <[Helper] Dubstep_Mixer121> OTFJoey, Don't spam fireworks.
[10:55:53] [Client thread/INFO]: [CHAT] <OTFJoey> ok soz
[10:55:55] [Client thread/INFO]: [CHAT] < ryan10197> op me
[10:55:56] [Client thread/INFO]: [CHAT] [ADMIN] DarkHorse108 [STA]: mark gave me a hug
[10:56:02] [Client thread/INFO]: [CHAT] Tyler_The_Tiger joined the game
[10:56:02] [Client thread/INFO]: [CHAT] [ADMIN] DarkHorse108 [STA]: marbyron
[10:56:02] [Client thread/INFO]: [CHAT] <[Ledel-=-Swagginz] | ColbiesTheName> look
[10:56:02] [Client thread/INFO]: [CHAT] Welcome Tyler_The_Tiger to the server!
[10:56:03] [Client thread/INFO]: [CHAT] [ADMIN] TheSuspense76 [STA]: I gave mark a hug
[10:56:06] [Client thread/INFO]: [CHAT] [ADMIN] MashedPtatoz [Console]: hahahahah you said markiplierbyron instead of markbyron its so funny hahahahahah
[10:56:07] [Client thread/INFO]: [CHAT] <[Helper] Dubstep_Mixer121> :D
[10:56:09] [Client thread/INFO]: [CHAT] <[Helper] Dubstep_Mixer121> murica
[10:56:09] [Client thread/INFO]: [CHAT] [ADMIN] DarkHorse108 [STA]: LOL
[10:56:11] [Client thread/INFO]: [CHAT] <OTFJoey> hi
[10:56:12] [Client thread/INFO]: [CHAT] < ryan10197> plz op me
[10:56:13] [Client thread/INFO]: [CHAT] <OTFJoey> h
[10:56:14] [Client thread/INFO]: [CHAT] <[Ledel-=-Swagginz] | ColbiesTheName> murica
[10:56:15] [Client thread/INFO]: [CHAT] <Tyler_The_Tiger> Join tmdcraft.myserver.gs!!!
[10:56:17] [Client thread/INFO]: [CHAT] <leonid> oiy9iojsrtigndfzs
[10:56:17] [Client thread/INFO]: [CHAT] [ADMIN] TheSuspense76 [STA]: forkiplier
[10:56:19] [Client thread/INFO]: [CHAT] Tyler_The_Tiger left the game.
[10:56:19] [Client thread/INFO]: [CHAT] OTFJoey - Opping ryan10197
[10:56:20] [Client thread/INFO]: [CHAT] CosmoCMan joined the game
[10:56:21] [Client thread/INFO]: [CHAT] lisala1964 left the game.
[10:56:23] [Client thread/INFO]: [CHAT] NoHaxJustDeath has been a VERY naughty, naughty boy.
[10:56:23] [Client thread/INFO]: [CHAT] Banning: NoHaxJustDeath, IP: 78.72.*.* - Reason: attemped grief with lava
[10:56:23] [Client thread/INFO]: [CHAT] NoHaxJustDeath left the game.
[10:56:25] [Client thread/INFO]: [CHAT] [ADMIN] Reflet [SA]: anyways
[10:56:26] [Client thread/INFO]: [CHAT] Smoke123 left the game.
[10:56:27] [Client thread/INFO]: [CHAT] DarkHorse108 - Opping all players on the server
[10:56:27] [Client thread/INFO]: [CHAT] You are now op!
[10:56:29] [Client thread/INFO]: [CHAT] [ADMIN] MashedPtatoz [Console]: hahahahaha you said forkiplier instead of markiplier hahahahah
[10:56:30] [Client thread/INFO]: [CHAT] [ADMIN] Reflet [SA]: time to try to keep downloading W10
[10:56:32] [Client thread/INFO]: [CHAT] Reflet left the game.
[10:56:34] [Client thread/INFO]: [CHAT] <[Ledel-=-Swagginz] | ColbiesTheName> hmm
[10:56:36] [Client thread/INFO]: [CHAT] <[Ledel-=-Swagginz] | ColbiesTheName> hold on
[10:56:41] [Client thread/INFO]: [CHAT] Reflet joined the game
[10:56:47] [Client thread/INFO]: [CHAT] [stinkybeard829: Object successfully summoned]
[10:56:48] [Client thread/INFO]: [CHAT] ryan10197 - Opping ryan10197
[10:56:51] [Client thread/INFO]: [CHAT] [stinkybeard829: Object successfully summoned]
[10:56:51] [Client thread/INFO]: [CHAT] * nickandy is no longer AFK.
[10:56:53] [Client thread/INFO]: [CHAT] [stinkybeard829: Object successfully summoned]
[10:56:55] [Client thread/INFO]: [CHAT] <[Helper] Dubstep_Mixer121> Reflet, How come you're not admin?
[10:56:59] [Client thread/INFO]: [CHAT] <Reflet> d
[10:57:07] [Client thread/INFO]: [CHAT] TheUltimate_Guy joined the game
[10:57:08] [Client thread/INFO]: [CHAT] A1F1EJ0E left the game.
[10:57:08] [Client thread/INFO]: [CHAT] [ADMIN] TheSuspense76 [STA]: So last night me and stampy were fucking around with "turn down for what"
[10:57:08] [Client thread/INFO]: [CHAT] * CosmoCMan  JOI minebomb.serv.nu WE NNEED SUPER ADMINS!
[10:57:09] [Client thread/INFO]: [CHAT] <Reflet> Idk
[10:57:09] [Client thread/INFO]: [CHAT] Welcome  GOLDEN to the server!
[10:57:11] [Client thread/INFO]: Warning: Clientside chunk ticking took 243 ms
[10:57:17] [Client thread/INFO]: [CHAT] tbnrcactusJR joined the game
[10:57:17] [Client thread/INFO]: [CHAT] <mememailzacspeed> Try a command
[10:57:18] [Client thread/INFO]: [CHAT] DanTDM left the game.
[10:57:18] [Client thread/INFO]: [CHAT] Reflet has been a VERY naughty, naughty boy.
[10:57:18] [Client thread/INFO]: [CHAT] Banning: Reflet, IP: 46.195.*.* - Reason: Nice job, ya fake.
[10:57:18] [Client thread/INFO]: [CHAT] Reflet left the game.
[10:57:18] [Client thread/INFO]: [CHAT] Welcome  Dfield to the server!
[10:57:18] [Client thread/INFO]: [CHAT] <Podge74> hi cosmo
[10:57:19] [Client thread/INFO]: [CHAT] [ADMIN] DarkHorse108 [STA]: LOL
[10:57:23] [Client thread/INFO]: [CHAT] <[Helper] Dubstep_Mixer121> Oh. Fake.
[10:57:25] [Client thread/INFO]: [CHAT] MashedPtatoz - Banning Reflet and IPs: 46.195.92.142
[10:57:32] [Client thread/INFO]: [CHAT] [ADMIN] TheSuspense76 [STA]: We made it "Turn Down For Pain"!
[10:57:35] [Client thread/INFO]: [CHAT] < Dfield> hi
[10:57:35] [Client thread/INFO]: [CHAT] [stinkybeard829: Object successfully summoned]
[10:57:37] [Client thread/INFO]: [CHAT] <[Helper] Dubstep_Mixer121> No!
[10:57:40] [Client thread/INFO]: [CHAT] Premintex joined the game
[10:57:40] [Client thread/INFO]: [CHAT] <[Helper] Dubstep_Mixer121> Spam = Lag
[10:57:40] [Client thread/INFO]: [CHAT] * CosmoCMan  JOIn minebomb.serv.nu WE NNEED SUPER ADMINS!
[10:57:40] [Client thread/INFO]: [CHAT] * CosmoCMan  JOIn minebomb.serv.nu WE NNEED SUPER ADMINS!
[10:57:40] [Client thread/INFO]: [CHAT] Welcome  Premintex to the server!
[10:57:42] [Client thread/INFO]: [CHAT] DarkHorse108 - Banning Reflet and IPs: 46.195.92.142
[10:57:43] [Client thread/INFO]: [CHAT] <[Ledel-=-Swagginz] | ColbiesTheName> but mom...
[10:57:46] [Client thread/INFO]: [CHAT] MashedPtatoz - Muting CosmoCMan
[10:57:46] [Client thread/INFO]: [CHAT] <[Helper] Dubstep_Mixer121> xD
[10:57:48] [Client thread/INFO]: [CHAT] CosmoCMan has been a VERY naughty, naughty boy.
[10:57:48] [Client thread/INFO]: [CHAT] Banning: CosmoCMan, IP: 67.173.*.*
[10:57:48] [Client thread/INFO]: [CHAT] CosmoCMan left the game.
[10:57:51] [Client thread/INFO]: [CHAT] <mememailzacspeed> Why didn't we notice the "Flagged as an impostor" thing?
[10:58:00] [Client thread/INFO]: [CHAT] Ftwes joined the game
[10:58:00] [Client thread/INFO]: [CHAT] [ADMIN] DarkHorse108 [STA]: Don't even, Mashed
[10:58:00] [Client thread/INFO]: [CHAT] Welcome Ftwes to the server!
[10:58:02] [Client thread/INFO]: [CHAT] DarkHorse108 - Opping all players on the server
[10:58:02] [Client thread/INFO]: [CHAT] You are now op!
[10:58:08] [Client thread/INFO]: [CHAT] ryan10197 - Opping ColbiesTheName
[10:58:12] [Client thread/INFO]: [CHAT] <mememailzacspeed> I bounced on air O_o
[10:58:14] [Client thread/INFO]: [CHAT] leonid fell out of the world
[10:58:24] [Client thread/INFO]: [CHAT] SleekBiscuit joined the game
[10:58:25] [Client thread/INFO]: [CHAT] [stinkybeard829: Object successfully summoned]
[10:58:25] [Client thread/INFO]: [CHAT] Welcome SleekBiscuit to the server!
[10:58:33] [Client thread/INFO]: [CHAT] iLuo joined the game
[10:58:33] [Client thread/INFO]: [CHAT] Jacobmaz joined the game
[10:58:34] [Client thread/INFO]: [CHAT] leonid left the game.
[10:58:34] [Client thread/INFO]: [CHAT] Welcome Jacobmaz to the server!
[10:58:34] [Client thread/INFO]: [CHAT] Welcome iLuo to the server!
[10:58:34] [Client thread/INFO]: [CHAT] iLuo left the game.
[10:58:37] [Client thread/INFO]: [CHAT] <CanIbeOp> g
[10:58:39] [Client thread/INFO]: [CHAT] < Lord> plz
[10:58:43] [Client thread/INFO]: [CHAT] < SleekbiscuitAlex> hey
[10:58:43] [Client thread/INFO]: [CHAT] tylerboysrt joined the game
[10:58:43] [Client thread/INFO]: [CHAT] <Jacobmaz> f
[10:58:44] [Client thread/INFO]: [CHAT] Welcome tylerboysrt to the server!
[10:58:48] [Client thread/INFO]: [CHAT] <OTFJoey> Hi
[10:58:48] [Client thread/INFO]: [CHAT] <Jacobmaz> opme pla
[10:58:54] [Client thread/INFO]: [CHAT] BRiGHT_RAiN joined the game
[10:58:54] [Client thread/INFO]: [CHAT] MashedPtatoz - Opping all players on the server
[10:58:54] [Client thread/INFO]: [CHAT] You are now op!
[10:58:55] [Client thread/INFO]: [CHAT] Server is going offline.
[10:58:55] [Client thread/INFO]: [CHAT] foxtails77 left the game.
[10:58:55] [Client thread/INFO]: [CHAT] Dubstep_Mixer121 left the game.
[10:58:55] [Client thread/INFO]: [CHAT] ColbiesTheName left the game.
[10:58:55] [Client thread/INFO]: [CHAT] mememailzacspeed left the game.
[10:58:55] [Client thread/INFO]: [CHAT] nickandy left the game.
[10:58:55] [Client thread/INFO]: [CHAT] stinkybeard829 left the game.
[10:58:55] [Client thread/INFO]: [CHAT] gear_monkey left the game.
[10:58:55] [Client thread/INFO]: [CHAT] pianolesssons left the game.
[10:58:55] [Client thread/INFO]: [CHAT] ivanin left the game.
[10:58:55] [Client thread/INFO]: [CHAT] johnracing left the game.
[10:59:31] [Client thread/INFO]: Connecting to play.totalfreedom.me., 28965
[11:00:04] [Client thread/INFO]: [CHAT] TheSuspense76 is a Super Telnet Admin
[11:00:04] [Client thread/INFO]: [CHAT] TheSuspense76 joined the game
[11:00:05] [Client thread/INFO]: [CHAT] stinkybeard829 left the game.
[11:00:05] [Client thread/INFO]: [CHAT] ivanin left the game.
[11:00:05] [Client thread/INFO]: [CHAT] SleekBiscuit left the game.
[11:00:05] [Client thread/INFO]: [CHAT] NoHacksJustPro9 left the game.
[11:00:05] [Client thread/INFO]: [CHAT] CanIbeOp left the game.
[11:00:05] [Client thread/INFO]: [CHAT] Pro_Hacker left the game.
[11:00:05] [Client thread/INFO]: [CHAT] THEBEASTBROCK123 joined the game
[11:00:05] [Client thread/INFO]: [CHAT] zdw3000 joined the game
[11:00:07] [Client thread/INFO]: [CHAT] ColbiesTheName joined the game
[11:00:07] [Client thread/INFO]: [CHAT] Welcome,  XxX_V1D30_XxX!
[11:00:07] [Client thread/INFO]: [CHAT] Type /help for a list of commands.
[11:00:07] [Client thread/INFO]: [CHAT] Type /list to see who else is online.
[11:00:07] [Client thread/INFO]: [CHAT] Remember to save your builds with World Edit or they’ll be lost.
[11:00:07] [Client thread/INFO]: [CHAT] You have no new mail.
[11:00:07] [Client thread/INFO]: [CHAT] Set fly mode enabled for  XxX_V1D30_XxX.
[11:00:07] [Client thread/INFO]: [CHAT] stinkybeard829 joined the game
[11:00:08] [Client thread/INFO]: [CHAT] Welcome  THEBEASTBROCK to the server!
[11:00:15] [Client thread/INFO]: [CHAT] tbnrcactusJR joined the game
[11:00:21] [Client thread/INFO]: [CHAT] TheUltimate_Guy joined the game
[11:00:24] [Client thread/INFO]: [CHAT] Jacobmaz joined the game
[11:00:27] [Client thread/INFO]: [CHAT] Dubstep_Mixer121 joined the game
[11:00:27] [Client thread/INFO]: [CHAT] <[Telnet Admin]  XxX_V1D30_XxX> WTf
[11:00:35] [Client thread/INFO]: [CHAT] PepeIsMyLife joined the game
[11:00:36] [Client thread/INFO]: [CHAT] Winna2015 joined the game
[11:00:37] [Client thread/INFO]: [CHAT] <zdw3000> LAG
[11:00:37] [Client thread/INFO]: [CHAT] SleekBiscuit joined the game
[11:00:40] [Client thread/INFO]: [CHAT] mememailzacspeed joined the game
[11:00:42] [Client thread/INFO]: [CHAT] <Dubstep_Mixer121> Why.
[11:00:43] [Client thread/INFO]: [CHAT] < SleekbiscuitAlex> hi
[11:00:45] [Client thread/INFO]: [CHAT] SDrakeDarkness joined the game
[11:00:45] [Client thread/INFO]: [CHAT] Teleported to spawnpoint for world "TasteOfAdmin".
[11:00:46] [Client thread/INFO]: [CHAT] PepeIsMyLife left the game.
[11:00:46] [Client thread/INFO]: [CHAT] Winna2015 left the game.
[11:00:46] [Client thread/INFO]: [CHAT] SleekBiscuit left the game.
[11:00:53] [Client thread/INFO]: [CHAT] BatFighterHD joined the game
[11:00:55] [Client thread/INFO]: [CHAT] Musebrat2 joined the game
[11:00:55] [Client thread/INFO]: [CHAT] zdw3000 left the game.
[11:00:55] [Client thread/INFO]: [CHAT] BatFighterHD left the game.
[11:01:02] [Client thread/INFO]: [CHAT] EmmaOre joined the game
[11:01:02] [Client thread/INFO]: [CHAT] < THEBEASTBROCK> e
[11:01:03] [Client thread/INFO]: [CHAT] SleekBiscuit joined the game
[11:01:03] [Client thread/INFO]: [CHAT] <Jacobmaz> op me pls
[11:01:03] [Client thread/INFO]: [CHAT] EmmaOre left the game.
[11:01:03] [Client thread/INFO]: [CHAT] SleekBiscuit left the game.
[11:01:05] [Client thread/INFO]: [CHAT] < THEBEASTBROCK> hye
[11:01:06] [Client thread/INFO]: [CHAT] < THEBEASTBROCK> no
[11:01:10] [Client thread/INFO]: [CHAT] XxPlazmaWolfxX joined the game
[11:01:14] [Client thread/INFO]: [CHAT] <[Helper] Dubstep_Mixer121> ./tps O_O
[11:01:16] [Client thread/INFO]: [CHAT] DragonLongLegs joined the game
[11:01:16] [Client thread/INFO]: [CHAT] XxPlazmaWolfxX left the game.
[11:01:23] [Client thread/INFO]: [CHAT] ApocTheCreator joined the game
[11:01:25] [Client thread/INFO]: [CHAT] hungergame_alex joined the game
[11:01:31] [Client thread/INFO]: [CHAT] leonid joined the game
[11:01:31] [Client thread/INFO]: [CHAT] * ColbiesTheName The Humanity!!
[11:01:31] [Client thread/INFO]: [CHAT] TPS from last 1m, 5m, 15m: 20.0, 20.0, 20.0
[11:01:31] [Client thread/INFO]: [CHAT] THEBEASTBROCK123 - Opping THEBEASTBROCK123
[11:01:32] [Client thread/INFO]: [CHAT] ApocTheCreator left the game.
[11:01:32] [Client thread/INFO]: [CHAT] hungergame_alex left the game.
[11:01:40] [Client thread/INFO]: [CHAT] xristos1232 joined the game
[11:01:40] [Client thread/INFO]: [CHAT] SleekBiscuit joined the game
[11:01:40] [Client thread/INFO]: [CHAT] EmmaOre joined the game
[11:01:40] [Client thread/INFO]: [CHAT] < Sleekbiscuitalex> is world edit enalbeld
[11:01:42] [Client thread/INFO]: [CHAT] ApocTheCreator joined the game
[11:01:42] [Client thread/INFO]: [CHAT] zdw3000 joined the game
[11:01:42] [Client thread/INFO]: [CHAT] hungergame_alex joined the game
[11:01:42] [Client thread/INFO]: [CHAT] d3ath2005 joined the game
[11:01:43] [Client thread/INFO]: [CHAT] Winna2015 joined the game
[11:01:43] [Client thread/INFO]: [CHAT] Welcome d3ath2005 to the server!
[11:01:44] [Client thread/INFO]: [CHAT] <Jacobmaz> yes
[11:01:46] [Client thread/INFO]: [CHAT] <hungergame_alex> sup
[11:01:47] [Client thread/INFO]: [CHAT] <Jacobmaz> .
[11:01:47] [Client thread/INFO]: [CHAT] <mememailzacspeed> yes
[11:01:51] [Client thread/INFO]: [CHAT] <hungergame_alex> can i have op
[11:01:55] [Client thread/INFO]: [CHAT] <d3ath2005> any admin on??
[11:01:55] [Client thread/INFO]: [CHAT] Jacobmaz - Opping hungergame_alex
[11:01:57] [Client thread/INFO]: [CHAT] Winna2015 - Opping hungergame_alex
[11:01:59] [Client thread/INFO]: [CHAT] <hungergame_alex> thx
[11:02:01] [Client thread/INFO]: [CHAT] <[Helper] Dubstep_Mixer121> Finally, Chuncks are loading.
[11:02:02] [Client thread/INFO]: [CHAT] Pro_Hacker joined the game
[11:02:04] [Client thread/INFO]: [CHAT] naruto4360 joined the game
[11:02:04] [Client thread/INFO]: [CHAT] THEBEASTBROCK123 - Opping hungergame_alex
[11:02:04] [Client thread/INFO]: [CHAT] Welcome naruto4360 to the server!
[11:02:08] [Client thread/INFO]: [CHAT] [stinkybeard829: Object successfully summoned]
[11:02:08] [Client thread/INFO]: [CHAT] <mememailzacspeed> *Chunks
[11:02:09] [Client thread/INFO]: [CHAT] d3ath2005 - Opping naruto4360
[11:02:10] [Client thread/INFO]: [CHAT] <ColbiesTheName> Dubstep_Mixer121 do you use a client?
[11:02:10] [Client thread/INFO]: [CHAT] [stinkybeard829: Object successfully summoned]
[11:02:13] [Client thread/INFO]: [CHAT] <[Helper] Dubstep_Mixer121> Wops.
[11:02:13] [Client thread/INFO]: [CHAT] <hungergame_alex> btw why did u ban me 2 minutes ago :(
[11:02:15] [Client thread/INFO]: [CHAT] THEBEASTBROCK123 - Opping naruto4360
[11:02:20] [Client thread/INFO]: [CHAT] NellyBellyXD joined the game
[11:02:27] [Client thread/INFO]: [CHAT] mike2302 joined the game
[11:02:27] [Client thread/INFO]: [CHAT] Welcome  PvPPro to the server!
[11:02:29] [Client thread/INFO]: [CHAT] <mememailzacspeed> can I tp to someone?
[11:02:30] [Client thread/INFO]: [CHAT] < Pro_Hacker> yo
[11:02:32] [Client thread/INFO]: [CHAT] <[Ledel-=-Swagginz] | ColbiesTheName> ah
[11:02:44] [Client thread/INFO]: [CHAT] <Winna2015> hi
[11:02:47] [Client thread/INFO]: [CHAT] <[Ledel-=-Swagginz] | ColbiesTheName> i keep the command for my tag in a .txt file xD
[11:02:49] [Client thread/INFO]: [CHAT] NellyBellyXD left the game.
[11:02:50] [Client thread/INFO]: [CHAT] [stinkybeard829: Object successfully summoned]
[11:02:52] [Client thread/INFO]: [CHAT] ApocTheCreator left the game.
[11:02:53] [Client thread/INFO]: [CHAT] <[Helper] Dubstep_Mixer121> No, I don't use a "Hacking Client" I'm assuming you're talking about.
[11:02:56] [Client thread/INFO]: [CHAT] < PvPPro> heyyy
[11:03:02] [Client thread/INFO]: [CHAT] BRiGHT_RAiN joined the game
[11:03:04] [Client thread/INFO]: [CHAT] <[Ledel-=-Swagginz] | ColbiesTheName> yeah, client side mods
[11:03:10] [Client thread/INFO]: [CHAT] <hungergame_alex> lol i use a hacked client
[11:03:11] [Client thread/INFO]: [CHAT] < THEBEASTBROCK> ColbiesTheName ur a motherfucker so get out of this server
[11:03:17] [Client thread/INFO]: [CHAT] koolrat joined the game
[11:03:17] [Client thread/INFO]: [CHAT] <[Ledel-=-Swagginz] | ColbiesTheName> ..
[11:03:18] [Client thread/INFO]: [CHAT] Welcome koolrat to the server!
[11:03:18] [Client thread/INFO]: [CHAT] <mememailzacspeed> so? this place is griefed
[11:03:18] [Client thread/INFO]: [CHAT] Pro_Hacker left the game.
[11:03:20] [Client thread/INFO]: [CHAT] jmm1121 joined the game
[11:03:20] [Client thread/INFO]: [CHAT] <[Ledel-=-Swagginz] | ColbiesTheName> alrighty
[11:03:23] [Client thread/INFO]: [CHAT] < CrotinaGamer> One day i'll become an admin
[11:03:24] [Client thread/INFO]: [CHAT] <Winna2015> idk
[11:03:25] [Client thread/INFO]: [CHAT] Musebrat2 left the game.
[11:03:25] [Client thread/INFO]: [CHAT] < THEBEASTBROCK> get out
[11:03:28] [Client thread/INFO]: [CHAT] ApocTheCreator joined the game
[11:03:30] [Client thread/INFO]: [CHAT] <[Ledel-=-Swagginz] | ColbiesTheName> lol
[11:03:40] [Client thread/INFO]: [CHAT] < THEBEASTBROCK> ColbiesTheName get ut
[11:03:41] [Client thread/INFO]: [CHAT] TBNRtryhard joined the game
[11:03:48] [Client thread/INFO]: [CHAT] < TBNRfragss> hey
[11:03:51] [Client thread/INFO]: [CHAT] <mememailzacspeed> Wanna know how I fly so fast?
[11:03:57] [Client thread/INFO]: [CHAT] <Winna2015> yes
[11:03:59] [Client thread/INFO]: [CHAT] <BRiGHT_RAiN> mememailzacspeed did /speed 10
[11:04:06] [Client thread/INFO]: [CHAT] _xXEnderFlameXx_ joined the game
[11:04:06] [Client thread/INFO]: [CHAT] <[Helper] Dubstep_Mixer121> ./speed
[11:04:06] [Client thread/INFO]: [CHAT] <mememailzacspeed> do /speed fly 10
[11:04:06] [Client thread/INFO]: [CHAT] Welcome _xXEnderFlameXx_ to the server!
[11:04:11] [Client thread/INFO]: [CHAT] <[Helper] Dubstep_Mixer121> brb
[11:04:12] [Client thread/INFO]: [CHAT] LLProLLX joined the game
[11:04:15] [Client thread/INFO]: [CHAT] < kTBNRfrags> xd
[11:04:18] [Client thread/INFO]: [CHAT] <mememailzacspeed> it sets your flying speed
[11:04:21] [Client thread/INFO]: [CHAT] < THEBEASTBROCK> Dubstep_Mixer121 ur not the helper
[11:04:23] [Client thread/INFO]: [CHAT] NarwhaI2002 joined the game
[11:04:31] [Client thread/INFO]: [CHAT] Warning: NL_Fenix_NL is an admin, but is using an account not registered to one of their ip-list.
[11:04:31] [Client thread/INFO]: [CHAT] NL_Fenix_NL is a Super Admin
[11:04:31] [Client thread/INFO]: [CHAT] NL_Fenix_NL joined the game
[11:04:31] [Client thread/INFO]: [CHAT] <zdw3000> LAGH
[11:04:31] [Client thread/INFO]: [CHAT] < Sleekbiscuitalex> preston
[11:04:32] [Client thread/INFO]: [CHAT] < kTBNRfrags> if you wanna tp to me do /tp &kk&4&lTBNRfrags
[11:04:39] [Client thread/INFO]: [CHAT] FSpy59 joined the game
[11:04:41] [Client thread/INFO]: [CHAT] NL_Fenix_NL - Cleaning all nicknames.
[11:04:49] [Client thread/INFO]: [CHAT] ali4040 joined the game
[11:04:49] [Client thread/INFO]: [CHAT] Trigger1717 joined the game
[11:04:49] [Client thread/INFO]: [CHAT] < kTBNRfrags> xd
[11:04:49] [Client thread/INFO]: [CHAT] <mememailzacspeed> No &k
[11:04:49] [Client thread/INFO]: [CHAT] < Sleekbiscuitalex> preston bby
[11:04:49] [Client thread/INFO]: [CHAT] < THEBEASTBROCK> g
[11:04:49] [Client thread/INFO]: [CHAT] < PvPPro> hh
[11:04:49] [Client thread/INFO]: [CHAT] Welcome NL_Fenix_NL to the server!
[11:04:50] [Client thread/INFO]: [CHAT] SleekBiscuit left the game.
[11:04:50] [Client thread/INFO]: [CHAT] Trigger1717 left the game.
[11:04:55] [Client thread/INFO]: [CHAT] MichalPiwko512 joined the game
[11:04:55] [Client thread/INFO]: [CHAT] [ADMIN] TheSuspense76 [STA]: who the hell are you
[11:04:56] [Client thread/INFO]: [CHAT] Welcome FSpy59 to the server!
[11:04:56] [Client thread/INFO]: [CHAT] MichalPiwko512 left the game.
[11:04:56] [Client thread/INFO]: [CHAT] Welcome ali4040 to the server!
[11:04:59] [Client thread/INFO]: [CHAT] hungergame_alex is breaking blocks too fast!
[11:04:59] [Client thread/INFO]: [CHAT] hungergame_alex has been banned for 1 minute.
[11:04:59] [Client thread/INFO]: [CHAT] hungergame_alex left the game.
[11:05:00] [Client thread/INFO]: [CHAT] [ADMIN] NL_Fenix_NL [SA]: Read the thread
[11:05:02] [Client thread/INFO]: [CHAT] <mememailzacspeed> no &k ever
[11:05:03] [Client thread/INFO]: [CHAT] Trigger1717 joined the game
[11:05:04] [Client thread/INFO]: [CHAT] [ADMIN] NL_Fenix_NL [SA]: In the SA lounge
[11:05:07] [Client thread/INFO]: [CHAT] < THEBEASTBROCK> lol nob
[11:05:13] [Client thread/INFO]: [CHAT] TBNRtryhard has been a naughty, naughty boy.
[11:05:13] [Client thread/INFO]: [CHAT] TBNRtryhard died
[11:05:13] [Client thread/INFO]: [CHAT] LLProLLX left the game.
[11:05:14] [Client thread/INFO]: [CHAT] < jmm1121> I visited the AdminWorld
[11:05:23] [Client thread/INFO]: [CHAT] Girlycrafter12 joined the game
[11:05:23] [Client thread/INFO]: [CHAT] < kTBNRfrags> wtf
[11:05:23] [Client thread/INFO]: [CHAT] [Server:NL_Fenix_NL] No &k in nicks
[11:05:24] [Client thread/INFO]: [CHAT] NL_Fenix_NL - Opping all players on the server
[11:05:24] [Client thread/INFO]: [CHAT] You are now op!
[11:05:25] [Client thread/INFO]: [CHAT] Welcome Girlycrafter12 to the server!
[11:05:28] [Client thread/INFO]: [CHAT] <mememailzacspeed> tbnrfrags fakers = tbnrfags
[11:05:30] [Client thread/INFO]: [CHAT] NL_Fenix_NL - Cleaning all nicknames.
[11:05:31] [Client thread/INFO]: [CHAT] < PvPPro> tt
[11:05:32] [Client thread/INFO]: [CHAT] < THEBEASTBROCK> yea yea yeah nob
[11:05:33] [Client thread/INFO]: [CHAT] < kTBNRfrags> but no fare
[11:05:36] [Client thread/INFO]: [CHAT] Premintex joined the game
[11:05:38] [Client thread/INFO]: [CHAT] TBNRtryhard has been a naughty, naughty boy.
[11:05:38] [Client thread/INFO]: [CHAT] TBNRtryhard died
[11:05:38] [Client thread/INFO]: [CHAT] < jmm1121> Its a big city
[11:05:40] [Client thread/INFO]: [CHAT] <BRiGHT_RAiN> NL_Fenix_NL we can do wat ever we want this is free op boi
[11:05:40] [Client thread/INFO]: [CHAT] [Server:NL_Fenix_NL] No &k in nicks!
[11:05:42] [Client thread/INFO]: [CHAT] NL_Fenix_NL - Opping all players on the server
[11:05:42] [Client thread/INFO]: [CHAT] You are now op!
[11:05:43] [Client thread/INFO]: [CHAT] < kTBNRfrags> quit
[11:05:45] [Client thread/INFO]: [CHAT] <BRiGHT_RAiN> NL_Fenix_NL we can do wat ever we want this is free op boi!
[11:05:47] [Client thread/INFO]: [CHAT] <[Helper] Dubstep_Mixer121> Back
[11:05:48] [Client thread/INFO]: [CHAT] < kTBNRfrags> i will call the owner
[11:05:50] [Client thread/INFO]: [CHAT] < kTBNRfrags> of the server
[11:05:54] [Client thread/INFO]: [CHAT] _xXEnderFlameXx_ left the game.
[11:05:54] [Client thread/INFO]: [CHAT] <[Ledel-=-Swagginz] | ColbiesTheName> wb
[11:05:54] [Client thread/INFO]: [CHAT] <mememailzacspeed> Suuuuure
[11:05:56] [Client thread/INFO]: [CHAT] <[Super Admin] NL_Fenix_NL> TBNRtryhard
[11:06:00] [Client thread/INFO]: [CHAT] < kTBNRfrags> And tell him your spamming /gtfo
[11:06:03] [Client thread/INFO]: [CHAT] <[Super Admin] NL_Fenix_NL> Even the owner will say it's not allowed
[11:06:07] [Client thread/INFO]: [CHAT] <[Super Admin] NL_Fenix_NL> I'm not spamming /gtfo
[11:06:10] [Client thread/INFO]: [CHAT] < THEBEASTBROCK> leave TBNARfrags
[11:06:13] [Client thread/INFO]: [CHAT] PepeIsMyLife joined the game
[11:06:14] [Client thread/INFO]: [CHAT] < kTBNRfrags> NO
[11:06:18] [Client thread/INFO]: [CHAT] < kTBNRfrags> Im not leaving
[11:06:18] [Client thread/INFO]: [CHAT] * DragonLongLegs is now AFK.
[11:06:19] [Client thread/INFO]: [CHAT] [ADMIN] MrPerson660 [Console]: hai
[11:06:20] [Client thread/INFO]: [CHAT] < kTBNRfrags> xd
[11:06:20] [Client thread/INFO]: [CHAT] <mememailzacspeed> Just /gtfo TBNRtryhard
[11:06:21] [Client thread/INFO]: [CHAT] BRiGHT_RAiN left the game.
[11:06:21] [Client thread/INFO]: [CHAT] <[Helper] Dubstep_Mixer121> ./gtfo bans /smite kills you.
[11:06:23] [Client thread/INFO]: [CHAT] <[Ledel-=-Swagginz] | ColbiesTheName> Dubstep_Mixer121 what do you see me doing?
[11:06:23] [Client thread/INFO]: [CHAT] [ADMIN] MrPerson660 [Console]: need some backup?
[11:06:23] [Client thread/INFO]: [CHAT] [ADMIN] NL_Fenix_NL [SA]: Hi MrP
[11:06:30] [Client thread/INFO]: [CHAT] <PepeIsMyLife> Join here Coppernet.myserver.gs
[11:06:30] [Client thread/INFO]: [CHAT] < kTBNRfrags> ...
[11:06:32] [Client thread/INFO]: [CHAT] pianolesssons joined the game
[11:06:36] [Client thread/INFO]: [CHAT] <[Helper] Dubstep_Mixer121> Your head is in your players body O_O
[11:06:36] [Client thread/INFO]: [CHAT] <mememailzacspeed> Please do it, someone who actually can
[11:06:40] [Client thread/INFO]: [CHAT] 11a11111 joined the game
[11:06:40] [Client thread/INFO]: [CHAT] < kTBNRfrags> Smite doesnt kill you
[11:06:40] [Client thread/INFO]: [CHAT] Premintex left the game.
[11:06:40] [Client thread/INFO]: [CHAT] Welcome 11a11111 to the server!
[11:06:41] [Client thread/INFO]: [CHAT] <zdw3000> lag
[11:06:41] [Client thread/INFO]: [CHAT] [ADMIN] NL_Fenix_NL [SA]: No thanks, I'll be fine
[11:06:44] [Client thread/INFO]: [CHAT] [ADMIN] NL_Fenix_NL [SA]: I think
[11:06:49] [Client thread/INFO]: [CHAT] Stephanrules joined the game
[11:06:49] [Client thread/INFO]: [CHAT] <[Ledel-=-Swagginz] | ColbiesTheName> me?
[11:06:49] [Client thread/INFO]: [CHAT] < kTBNRfrags> why do you want me to leave
[11:06:49] [Client thread/INFO]: [CHAT] Welcome  Stephanrules to the server!
[11:06:49] [Client thread/INFO]: [CHAT] <[Ledel-=-Swagginz] | ColbiesTheName> lol
[11:06:52] [Client thread/INFO]: [CHAT] < kTBNRfrags> tho
[11:06:53] [Client thread/INFO]: [CHAT] < THEBEASTBROCK> i mean TBNARfrags like telling tthe loser super admin to leave u alone
[11:06:57] [Client thread/INFO]: [CHAT] <mememailzacspeed> Because you're a noob
[11:06:59] [Client thread/INFO]: [CHAT] SkythekidRS joined the game
[11:06:59] [Client thread/INFO]: [CHAT] <ali4040> lag
[11:07:02] [Client thread/INFO]: [CHAT] <[Ledel-=-Swagginz] | ColbiesTheName> this is derp mode
[11:07:03] [Client thread/INFO]: [CHAT] < kTBNRfrags> bro
[11:07:17] [Client thread/INFO]: [CHAT] <11a11111> kim the best pvper here
[11:07:23] [Client thread/INFO]: [CHAT] < THEBEASTBROCK> i\\
[11:07:23] [Client thread/INFO]: [CHAT] <ali4040> s
[11:07:23] [Client thread/INFO]: [CHAT] <[Telnet Admin]  XxX_V1D30_XxX> ok
[11:07:26] [Client thread/INFO]: [CHAT] < THEBEASTBROCK> xD
[11:07:28] [Client thread/INFO]: [CHAT] <d3ath2005> lagging??
[11:07:30] [Client thread/INFO]: [CHAT] <[Super Admin] NL_Fenix_NL> kden
[11:07:35] [Client thread/INFO]: [CHAT] [ADMIN] MrPerson660 [Console]: ill come on anyway :P
[11:07:35] [Client thread/INFO]: [CHAT] [ADMIN] MrPerson660 [Console]: ok
[11:07:35] [Client thread/INFO]: [CHAT] <ali4040> lag stop
[11:07:35] [Client thread/INFO]: [CHAT] SkythekidRS left the game.
[11:07:36] [Client thread/INFO]: [CHAT] < kTBNRfrags> Do /realname &4k&4&lTBNRfrags
[11:07:36] [Client thread/INFO]: [CHAT] evilpopcorn3 joined the game
[11:07:36] [Client thread/INFO]: [CHAT] < THEBEASTBROCK> im the best pvper here lol
[11:07:41] [Client thread/INFO]: [CHAT] ZombieLukeBull joined the game
[11:07:41] [Client thread/INFO]: [CHAT] [Server:TheSuspense76] WHOES IN THE HOUSEEE I IS INNNN
[11:07:42] [Client thread/INFO]: [CHAT] <d3ath2005> tt
[11:07:42] [Client thread/INFO]: [CHAT] Invisble players (1): mike2302
[11:07:42] [Client thread/INFO]: [CHAT] NL_Fenix_NL - Opping all players on the server
[11:07:42] [Client thread/INFO]: [CHAT] You are now op!
[11:07:43] [Client thread/INFO]: [CHAT] [ADMIN] NL_Fenix_NL [SA]: Okay lol
[11:07:43] [Client thread/INFO]: [CHAT] Welcome ZombieLukeBull to the server!
[11:07:46] [Client thread/INFO]: [CHAT] < Evilpopcorn3> h
[11:07:52] [Client thread/INFO]: [CHAT] tonite22 joined the game
[11:07:52] [Client thread/INFO]: [CHAT] Giving 1 of stick
[11:07:52] [Client thread/INFO]: [CHAT] Giving 1 of diamond block
[11:07:54] [Client thread/INFO]: [CHAT] lambakids2 joined the game
[11:07:54] [Client thread/INFO]: [CHAT] Welcome tonite22 to the server!
[11:07:54] [Client thread/INFO]: [CHAT] iElf joined the game
[11:07:54] [Client thread/INFO]: [CHAT] Welcome lambakids2 to the server!
[11:07:54] [Client thread/INFO]: [CHAT] Welcome iElf to the server!
[11:07:54] [Client thread/INFO]: [CHAT] Block edits at (x76, y53, z-342):
[11:07:54] [Client thread/INFO]: [CHAT]  - mike2302 broke Log_2:13
[11:07:54] [Client thread/INFO]: [CHAT]  - mike2302 placed Cobblestone
[11:07:56] [Client thread/INFO]: [CHAT] <ali4040> d
[11:07:59] [Client thread/INFO]: [CHAT]  NarwhaI2002 has requested to teleport to you.
[11:07:59] [Client thread/INFO]: [CHAT] To teleport, type /tpaccept.
[11:07:59] [Client thread/INFO]: [CHAT] To deny this request, type /tpdeny.
[11:07:59] [Client thread/INFO]: [CHAT] This request will timeout after 120 seconds.
[11:07:59] [Client thread/INFO]: [CHAT] <[Helper] Dubstep_Mixer121> I used to hack, Then reality kicked in.
[11:08:03] [Client thread/INFO]: [CHAT] mike2302 has been a VERY naughty, naughty boy.
[11:08:03] [Client thread/INFO]: [CHAT] Banning: mike2302, IP: 87.123.*.* - Reason: Griefing. -TheSuspense76
[11:08:03] [Client thread/INFO]: [CHAT] mike2302 left the game.
[11:08:09] [Client thread/INFO]: [CHAT] <[Ledel-=-Swagginz] | ColbiesTheName> or /whois tbnrfrags
[11:08:11] [Client thread/INFO]: [CHAT] mememailzacspeed died
[11:08:11] [Client thread/INFO]: [CHAT] Player mememailzacspeed took their own life.
[11:08:19] [Client thread/INFO]: [CHAT] d3ath2005 died
[11:08:19] [Client thread/INFO]: [CHAT] Player d3ath2005 took their own life.
[11:08:34] [Client thread/INFO]: [CHAT] <mememailzacspeed> Everyone do /suicide to die
[11:08:35] [Client thread/INFO]: [CHAT] MrPerson660 is a Senior Admin
[11:08:35] [Client thread/INFO]: [CHAT] MrPerson660 joined the game
[11:08:35] [Client thread/INFO]: [CHAT] Welcome MrPerson660 to the server!
[11:08:36] [Client thread/INFO]: [CHAT] < THEBEASTBROCK> in Wurst v2.1 has the killer potion and u can kill any 1 in creative or survival
[11:08:38] [Client thread/INFO]: [CHAT] <PepeIsMyLife> Join Coppernet.myserver.gs!!!!!!!!!
[11:08:38] [Client thread/INFO]: [CHAT] < kTBNRfrags> its /whois &4k&4&lTBNRfrags
[11:08:41] [Client thread/INFO]: [CHAT] < THEBEASTBROCK> or even the admin
[11:08:42] [Client thread/INFO]: [CHAT] < NarwhaI2002> no lag machiines
[11:08:45] [Client thread/INFO]: [CHAT] TEHG0LDENP0TAT0 joined the game
[11:08:45] [Client thread/INFO]: [CHAT] Welcome TEHG0LDENP0TAT0 to the server!
[11:08:46] [Client thread/INFO]: [CHAT] *  Stephanrules Go To 192.99.149.171:25969 For A Prison/More Server!
[11:08:48] [Client thread/INFO]: [CHAT] < THEBEASTBROCK> or whoever op
[11:08:50] [Client thread/INFO]: [CHAT] <[Helper] Dubstep_Mixer121> ./realname &k```
[11:08:50] [Client thread/INFO]: [CHAT] ApocTheCreator left the game.
[11:08:52] [Client thread/INFO]: [CHAT] < kTBNRfrags> pl
[11:08:53] [Client thread/INFO]: [CHAT] <TEHG0LDENP0TAT0> hi
[11:08:55] [Client thread/INFO]: [CHAT] < kTBNRfrags> ok
[11:08:56] [Client thread/INFO]: [CHAT] MrPerson660 - Opping all players on the server
[11:08:56] [Client thread/INFO]: [CHAT] You are now op!
[11:09:00] [Client thread/INFO]: [CHAT] TEHG0LDENP0TAT0 left the game.
[11:09:07] [Client thread/INFO]: [CHAT] iElf is breaking blocks too fast!
[11:09:07] [Client thread/INFO]: [CHAT] iElf has been banned for 1 minute.
[11:09:07] [Client thread/INFO]: [CHAT] iElf left the game.
[11:09:09] [Client thread/INFO]: [CHAT] * DragonLongLegs is no longer AFK.
[11:09:10] [Client thread/INFO]: [CHAT] <[Helper] Dubstep_Mixer121> ./realname kTBNRfrags
[11:09:16] [Client thread/INFO]: [CHAT] Stephanrules left the game.
[11:09:23] [Client thread/INFO]: [CHAT] <[Helper] Dubstep_Mixer121> with no & numbers
[11:09:24] [Client thread/INFO]: [CHAT] Warning: paco121210 is an admin, but is using an account not registered to one of their ip-list.
[11:09:24] [Client thread/INFO]: [CHAT] paco121210 is a Super Admin
[11:09:24] [Client thread/INFO]: [CHAT] paco121210 joined the game
[11:09:25] [Client thread/INFO]: [CHAT] Welcome paco121210 to the server!
[11:09:30] [Client thread/INFO]: [CHAT] < THEBEASTBROCK> G
[11:09:35] [Client thread/INFO]: [CHAT] jordane05 joined the game
[11:09:35] [Client thread/INFO]: [CHAT] < kTBNRfrags> xd
[11:09:35] [Client thread/INFO]: [CHAT] <zdw3000> alot
[11:09:36] [Client thread/INFO]: [CHAT] leonid left the game.
[11:09:36] [Client thread/INFO]: [CHAT] d3ath2005 left the game.
[11:09:36] [Client thread/INFO]: [CHAT] paco121210 left the game.
[11:09:36] [Client thread/INFO]: [CHAT] Welcome jordane05 to the server!
[11:09:38] [Client thread/INFO]: [CHAT] ApocTheCreator joined the game
[11:09:39] [Client thread/INFO]: [CHAT] 11a11111 is breaking blocks too fast!
[11:09:39] [Client thread/INFO]: [CHAT] 11a11111 has been banned for 1 minute.
[11:09:39] [Client thread/INFO]: [CHAT] 11a11111 left the game.
[11:09:39] [Client thread/INFO]: [CHAT] <[Helper]  op> hello
[11:09:43] [Client thread/INFO]: [CHAT] <jordane05> hello
[11:09:46] [Client thread/INFO]: [CHAT] leonid joined the game
[11:09:48] [Client thread/INFO]: [CHAT] < kTBNRfrags> do /realname kTBNRfrags
[11:09:51] [Client thread/INFO]: [CHAT] < THEBEASTBROCK> op ur not the fucking helper
[11:09:51] [Client thread/INFO]: [CHAT] * Winna2015 is now AFK.
[11:09:51] [Client thread/INFO]: [CHAT] < kTBNRfrags> Cause im real
[11:09:56] [Client thread/INFO]: [CHAT] DarkHorse108 is a Super Telnet Admin
[11:09:56] [Client thread/INFO]: [CHAT] DarkHorse108 joined the game
[11:09:58] [Client thread/INFO]: [CHAT] <[Helper] Dubstep_Mixer121> 777 - 111 = 666
[11:09:58] [Client thread/INFO]: [CHAT] < Evilpopcorn3> hey tbnrfrags
[11:10:00] [Client thread/INFO]: [CHAT] [ADMIN] NL_Fenix_NL [SA]: Welcome back, Z
[11:10:01] [Client thread/INFO]: [CHAT] < Evilpopcorn3> you're cracked
[11:10:04] [Client thread/INFO]: [CHAT] < Evilpopcorn3> we're not stupid
[11:10:06] [Client thread/INFO]: [CHAT] [ADMIN] DarkHorse108 [STA]: MRPERSSOOOONNNNN
[11:10:06] [Client thread/INFO]: [CHAT] naruto4360 left the game.
[11:10:07] [Client thread/INFO]: [CHAT] Warning: StygianDiamond is an admin, but is using an account not registered to one of their ip-list.
[11:10:07] [Client thread/INFO]: [CHAT] StygianDiamond is a Super Admin
[11:10:07] [Client thread/INFO]: [CHAT] StygianDiamond joined the game
[11:10:07] [Client thread/INFO]: [CHAT] Welcome StygianDiamond to the server!
[11:10:07] [Client thread/INFO]: [CHAT] <[MILKMAN]  x_Rpmx13> hi
[11:10:07] [Client thread/INFO]: [CHAT] [ADMIN] NL_Fenix_NL [SA]: I'm dc btw
[11:10:10] [Client thread/INFO]: [CHAT] [ADMIN] DarkHorse108 [STA]: Hey
[11:10:11] [Client thread/INFO]: [CHAT] [ADMIN] MrPerson660 [SrA]: ok
[11:10:13] [Client thread/INFO]: [CHAT] [ADMIN] NL_Fenix_NL [SA]: That's if you read the thread :P
[11:10:13] [Client thread/INFO]: [CHAT] [ADMIN] StygianDiamond [SA]: hi
[11:10:17] [Client thread/INFO]: [CHAT] [ADMIN] DarkHorse108 [STA]: MRPERSON
[11:10:19] [Client thread/INFO]: [CHAT] [ADMIN] DarkHorse108 [STA]: HI
[11:10:20] [Client thread/INFO]: [CHAT] <jordane05> so this is a free op server?
[11:10:21] [Client thread/INFO]: [CHAT] DarkHorse108 - Opping all players on the server
[11:10:21] [Client thread/INFO]: [CHAT] You are now op!
[11:10:22] [Client thread/INFO]: [CHAT] < kTBNRfrags> yes
[11:10:23] [Client thread/INFO]: [CHAT] [ADMIN] MrPerson660 [SrA]: darkhorse!!! long time no see!!!! \o/
[11:10:23] [Client thread/INFO]: [CHAT] <[Telnet Admin]  Agent_H> yes.
[11:10:24] [Client thread/INFO]: [CHAT] <mememailzacspeed> who fuck is op
[11:10:25] [Client thread/INFO]: [CHAT] NarwhaI2002 - Opping jordane05
[11:10:25] [Client thread/INFO]: [CHAT] <jordane05> YEAH!
[11:10:30] [Client thread/INFO]: [CHAT] <PepeIsMyLife> JOIN! Coppernet.myserver.gs
[11:10:33] [Client thread/INFO]: [CHAT] IceChronos joined the game
[11:10:33] [Client thread/INFO]: [CHAT] [ADMIN] DarkHorse108 [STA]: OL
[11:10:33] [Client thread/INFO]: [CHAT] [ADMIN] DarkHorse108 [STA]: *LOL
[11:10:33] [Client thread/INFO]: [CHAT] [ADMIN] DarkHorse108 [STA]: Yea I plan on applyin
[11:10:33] [Client thread/INFO]: [CHAT] StygianDiamond left the game.
[11:10:33] [Client thread/INFO]: [CHAT] Welcome IceChronos to the server!
[11:10:34] [Client thread/INFO]: [CHAT] < THEBEASTBROCK> NO
[11:10:35] [Client thread/INFO]: [CHAT] TBNRtryhard left the game.
[11:10:38] [Client thread/INFO]: [CHAT] [ADMIN] DarkHorse108 [STA]: *applyin
[11:10:39] [Client thread/INFO]: [CHAT] PepeIsMyLife left the game.
[11:10:41] [Client thread/INFO]: [CHAT] [ADMIN] MrPerson660 [SrA]: cool
[11:10:42] [Client thread/INFO]: [CHAT] <tonite22> zdw
[11:10:43] [Client thread/INFO]: [CHAT] [ADMIN] DarkHorse108 [STA]: *applyin' this round
[11:10:46] [Client thread/INFO]: [CHAT] [ADMIN] MrPerson660 [SrA]: put me as a rec.
[11:10:46] [Client thread/INFO]: [CHAT] [ADMIN] DarkHorse108 [STA]: I fail
[11:10:46] [Client thread/INFO]: [CHAT] <tonite22> what is this
[11:10:59] [Client thread/INFO]: [CHAT] TheCrazyRedstone joined the game
[11:10:59] [Client thread/INFO]: [CHAT] * Girlycrafter12 Who knows how to make a creative killing potion i have a admin on another sever who won`t stfu
[11:10:59] [Client thread/INFO]: [CHAT] <zdw3000> idk
[11:10:59] [Client thread/INFO]: [CHAT] <zdw3000> lol
[11:10:59] [Client thread/INFO]: [CHAT] <[Ledel-=-Swagginz] |  el> -_-
[11:10:59] [Client thread/INFO]: [CHAT] [ADMIN] DarkHorse108 [STA]: Wait... You're reccing..?
[11:11:00] [Client thread/INFO]: [CHAT] <jordane05> a little baby named ghostminer started banning everyone on adroition and its gonna be a while before
[11:11:03] [Client thread/INFO]: [CHAT] [ADMIN] MrPerson660 [SrA]: for senior, yep
[11:11:04] [Client thread/INFO]: [CHAT] <jordane05> ppl get back on
[11:11:04] [Client thread/INFO]: [CHAT] <tonite22> :)))
[11:11:12] [Client thread/INFO]: [CHAT] ItaSamuele joined the game
[11:11:12] [Client thread/INFO]: [CHAT] [ADMIN] DarkHorse108 [STA]: Wow
[11:11:12] [Client thread/INFO]: [CHAT] FSpy59 left the game.
[11:11:12] [Client thread/INFO]: [CHAT] TheCrazyRedstone left the game.
[11:11:13] [Client thread/INFO]: [CHAT] * Girlycrafter12 Who knows how to make a creative killing potion i have a admin on another sever who won`t stfu
[11:11:13] [Client thread/INFO]: [CHAT] Welcome ItaSamuele to the server!
[11:11:15] [Client thread/INFO]: [CHAT] [ADMIN] NL_Fenix_NL [SA]: |
[11:11:15] [Client thread/INFO]: [CHAT] <zdw3000> im trying to make a slime rocket
[11:11:16] [Client thread/INFO]: [CHAT] < THEBEASTBROCK> guys join my server the ip is skywars.co u have to see nebular insane game
[11:11:18] [Client thread/INFO]: [CHAT] [ADMIN] NL_Fenix_NL [SA]: Z*
[11:11:18] [Client thread/INFO]: [CHAT] <mememailzacspeed> ww'
[11:11:20] [Client thread/INFO]: [CHAT] FSpy59 joined the game
[11:11:20] [Client thread/INFO]: [CHAT] [ADMIN] TheSuspense76 [STA]: ok tgen
[11:11:23] [Client thread/INFO]: [CHAT] <[Helper] Dubstep_Mixer121> I gtg
[11:11:23] [Client thread/INFO]: [CHAT] <IceChronos> .
[11:11:24] [Client thread/INFO]: [CHAT] Dubstep_Mixer121 left the game.
[11:11:31] [Client thread/INFO]: [CHAT] FSpy59 left the game.
[11:11:32] [Client thread/INFO]: [CHAT] <[Helper] Jacobmaz> i dont
[11:11:34] [Client thread/INFO]: [CHAT] OctoGuava joined the game
[11:11:34] [Client thread/INFO]: [CHAT] [ADMIN] NL_Fenix_NL [SA]: Your going to make it to senior, I know you are
[11:11:34] [Client thread/INFO]: [CHAT] Welcome OctoGuava to the server!
[11:11:36] [Client thread/INFO]: [CHAT] NarwhaI2002 - Opping IceChronos
[11:11:40] [Client thread/INFO]: [CHAT] <IceChronos> ty
[11:11:47] [Client thread/INFO]: [CHAT] Slicky joined the game
[11:11:47] [Client thread/INFO]: [CHAT] < THEBEASTBROCK> .
[11:11:47] [Client thread/INFO]: [CHAT] [ADMIN] TheSuspense76 [STA]: Some bastard griefed my house in TasteOfAdmin
[11:11:47] [Client thread/INFO]: [CHAT] Welcome Slicky to the server!
[11:11:50] [Client thread/INFO]: [CHAT] < THEBEASTBROCK> guys join my server the ip is skywars.co u have to see nebular insane game
[11:11:56] [Client thread/INFO]: [CHAT] * Girlycrafter12 Who knows how to make a creative killing potion i have a admin on another sever who won`t stfu
[11:12:00] [Client thread/INFO]: [CHAT] <koolrat> i am stuck
[11:12:00] [Client thread/INFO]: [CHAT] * Girlycrafter12 Who knows how to make a creative killing potion i have a admin on another sever who won`t stfu
[11:12:00] [Client thread/INFO]: [CHAT] [ADMIN] NL_Fenix_NL [SA]: At least its not the ACTUAL adminworld
[11:12:01] [Client thread/INFO]: [CHAT] <[Helper] Jacobmaz> dnt avertise
[11:12:04] [Client thread/INFO]: [CHAT] Herobrine joined the game
[11:12:04] [Client thread/INFO]: [CHAT] Welcome  nickedbyhack123 to the server!
[11:12:05] [Client thread/INFO]: [CHAT] NL_Fenix_NL - Muting Girlycrafter12
[11:12:08] [Client thread/INFO]: [CHAT] <[Ledel-=-Swagginz] |  ic> lol
[11:12:09] [Client thread/INFO]: [CHAT] <SDrakeDarkness> It's not allowed here
[11:12:10] [Client thread/INFO]: [CHAT] [ADMIN] TheSuspense76 [STA]: *griefs my own house*
[11:12:11] [Client thread/INFO]: [CHAT] < THEBEASTBROCK> Girlycrafter12 i know!
[11:12:13] [Client thread/INFO]: [CHAT] tonite22 left the game.
[11:12:14] [Client thread/INFO]: [CHAT] <koolrat> help me
[11:12:16] [Client thread/INFO]: [CHAT] [Server:NL_Fenix_NL] Don't spam /me
[11:12:17] [Client thread/INFO]: [CHAT] <koolrat> i am stuck
[11:12:18] [Client thread/INFO]: [CHAT] NL_Fenix_NL - Unmuting all players.
[11:12:23] [Client thread/INFO]: [CHAT] tonite22 joined the game
[11:12:26] [Client thread/INFO]: [CHAT] <Girlycrafter12> Ok
[11:12:27] [Client thread/INFO]: [CHAT] [ADMIN] MrPerson660 [SrA]: im not gonna lie i miss the old adminworld.
[11:12:28] [Client thread/INFO]: [CHAT] <tonite22> t
[11:12:31] [Client thread/INFO]: [CHAT] [ADMIN] NL_Fenix_NL [SA]: Same
[11:12:31] [Client thread/INFO]: [CHAT] DarkHorse108, DragonLongLegs
[11:12:33] [Client thread/INFO]: [CHAT] [ADMIN] DarkHorse108 [STA]: Me too
[11:12:35] [Client thread/INFO]: [CHAT] <Girlycrafter12> Tell me thebeastbrock
[11:12:35] [Client thread/INFO]: [CHAT] [ADMIN] TheSuspense76 [STA]: DarkHorse108, check this room
[11:12:36] [Client thread/INFO]: [CHAT] <[Ledel-=-Swagginz] |  ic> evilpopcorn3 cmere
[11:12:36] [Client thread/INFO]: [CHAT] [ADMIN] NL_Fenix_NL [SA]: I LOVED the old adminworld
[11:12:40] [Client thread/INFO]: [CHAT] [ADMIN] MrPerson660 [SrA]: i mean, this one's great
[11:12:43] [Client thread/INFO]: [CHAT] *  _XBOSS_ is now AFK.
[11:12:45] [Client thread/INFO]: [CHAT] <[Ledel-=-Swagginz] |  ic> wow who is nicking me
[11:12:47] [Client thread/INFO]: [CHAT] [ADMIN] MrPerson660 [SrA]: the other one was just better lol
[11:12:49] [Client thread/INFO]: [CHAT] < THEBEASTBROCK> Girlycrafter12 i know how to make a killer potion u have to download wurst v2.1 and press killer pot
[11:12:52] [Client thread/INFO]: [CHAT] < Sleekbiscuitalex> ban stinkybeard829 putting blocks on my trampoline
[11:12:53] [Client thread/INFO]: [CHAT] < THEBEASTBROCK> and u will get it
[11:12:54] [Client thread/INFO]: [CHAT] Dubstep_Mixer121 joined the game
[11:13:00] [Client thread/INFO]: [CHAT] Daxter321 joined the game
[11:13:00] [Client thread/INFO]: [CHAT] <[Helper] Dubstep_Mixer121> Nvm.
[11:13:00] [Client thread/INFO]: [CHAT] [ADMIN] DarkHorse108 [STA]: mrperson
[11:13:00] [Client thread/INFO]: [CHAT] <$ [Wolfram] $  Evilpopcorn3> What's your ign?
[11:13:00] [Client thread/INFO]: [CHAT] Daxter321 left the game.
[11:13:02] [Client thread/INFO]: [CHAT] [ADMIN] MrPerson660 [SrA]: yes
[11:13:02] [Client thread/INFO]: [CHAT] [ADMIN] NL_Fenix_NL [SA]: I'm doing the boards for my forum, but all I need is the SrA boards lol
[11:13:03] [Client thread/INFO]: [CHAT] [ADMIN] DarkHorse108 [STA]: I built this house
[11:13:03] [Client thread/INFO]: [CHAT] [ADMIN] TheSuspense76 [STA]: Z, look at what I'm doing
[11:13:04] [Client thread/INFO]: [CHAT] [ADMIN] DarkHorse108 [STA]: XD
[11:13:06] [Client thread/INFO]: [CHAT] <[Ledel-=-Swagginz] | ColbiesTheName> wb Dubstep_Mixer121
[11:13:07] [Client thread/INFO]: [CHAT] <[Ledel-=-Swagginz] | ColbiesTheName> lol
[11:13:12] [Client thread/INFO]: [CHAT] [ADMIN] NL_Fenix_NL [SA]: Z
[11:13:13] [Client thread/INFO]: [CHAT] Anonymous joined the game
[11:13:13] [Client thread/INFO]: [CHAT] Welcome Anonymous to the server!
[11:13:15] [Client thread/INFO]: [CHAT] BRiGHT_RAiN joined the game
[11:13:16] [Client thread/INFO]: [CHAT] Broetchenteller joined the game
[11:13:19] [Client thread/INFO]: [CHAT] <[Telnet Admin]  XxX_V1D30_XxX> new videooo makeeens
[11:13:20] [Client thread/INFO]: [CHAT] < THEBEASTBROCK> ColbiesTheName ura nob
[11:13:21] [Client thread/INFO]: [CHAT] <[MILKMAN]  x_Rpmx13> anyone wanna 1v1 me with ./kit op and god
[11:13:22] [Client thread/INFO]: [CHAT] [ADMIN] MrPerson660 [SrA]: cool
[11:13:24] [Client thread/INFO]: [CHAT] Broetchenteller left the game.
[11:13:25] [Client thread/INFO]: [CHAT] [ADMIN] NL_Fenix_NL [SA]: Your/You're going to make it to senior, I know you are
[11:13:25] [Client thread/INFO]: [CHAT] [ADMIN] DarkHorse108 [STA]: Oooo cool skin Person
[11:13:26] [Client thread/INFO]: [CHAT] < THEBEASTBROCK> me
[11:13:28] [Client thread/INFO]: [CHAT] < THEBEASTBROCK> i 1v1 u
[11:13:32] [Client thread/INFO]: [CHAT] OctoGuava left the game.
[11:13:32] [Client thread/INFO]: [CHAT] [ADMIN] MrPerson660 [SrA]: thanks lol
[11:13:33] [Client thread/INFO]: [CHAT] <[MILKMAN]  x_Rpmx13> tp
[11:13:34] [Client thread/INFO]: [CHAT] <[Ledel-=-Swagginz] | ColbiesTheName> Dubstep_Mixer121 do /gmc and try to kill me
[11:13:34] [Client thread/INFO]: [CHAT] <mememailzacspeed> i'm trying to put a bouncy pad
[11:13:37] [Client thread/INFO]: [CHAT] BRiGHT_RAiN left the game.
[11:13:40] [Client thread/INFO]: [CHAT] [ADMIN] MrPerson660 [SrA]: its just a random one i found on skindex xD
[11:13:41] [Client thread/INFO]: [CHAT] IceChronos left the game.
[11:13:43] [Client thread/INFO]: [CHAT] <koolrat> can a admin help me out of here please
[11:13:49] [Client thread/INFO]: [CHAT] [ADMIN] DarkHorse108 [STA]: Mine is a Madgeek spin-off
[11:13:52] [Client thread/INFO]: [CHAT] <[Helper] Dubstep_Mixer121> Aimbot.
[11:13:53] [Client thread/INFO]: [CHAT] <ApocTheCreator> an*
[11:13:54] [Client thread/INFO]: [CHAT] <[Telnet Admin]  XxX_V1D30_XxX> well I made mine from complete scratch.
[11:13:55] [Client thread/INFO]: [CHAT] <[Ledel-=-Swagginz] | ColbiesTheName> lol
[11:13:56] [Client thread/INFO]: [CHAT] Toggled Admin Chat on.
[11:13:57] [Client thread/INFO]: [CHAT] Please do not repeat messages.
[11:13:59] [Client thread/INFO]: [CHAT] [ADMIN] TheSuspense76 [STA]: well I made mine from complete scratch..
[11:14:00] [Client thread/INFO]: [CHAT] [ADMIN] NL_Fenix_NL [SA]: Z
[11:14:01] [Client thread/INFO]: [CHAT] <[Ledel-=-Swagginz] | ColbiesTheName> overlord pvp bot yeah
[11:14:05] [Client thread/INFO]: [CHAT] * Girlycrafter12 Who knows how to make a creative killing potion i have a admin on another sever who won`t stfu
[11:14:05] [Client thread/INFO]: [CHAT] [ADMIN] NL_Fenix_NL [SA]: I really like yours
[11:14:08] [Client thread/INFO]: [CHAT] [ADMIN] NL_Fenix_NL [SA]: it's cool lol
[11:14:09] [Client thread/INFO]: [CHAT] < THEBEASTBROCK> me
[11:14:12] [Client thread/INFO]: [CHAT] <[Helper] Dubstep_Mixer121> Anonymous my ass.
[11:14:12] [Client thread/INFO]: [CHAT] Herobrine left the game.
[11:14:15] [Client thread/INFO]: [CHAT] johnracing joined the game
[11:14:15] [Client thread/INFO]: [CHAT] * Girlycrafter12  just msg me
[11:14:17] [Client thread/INFO]: [CHAT] Broetchenteller joined the game
[11:14:17] [Client thread/INFO]: [CHAT] < Lord> wow
[11:14:18] [Client thread/INFO]: [CHAT] < THEBEASTBROCK> Girlycrafter12 i know how to make a killer potion u have to download wurst v2.1 and press killer pot
[11:14:20] [Client thread/INFO]: [CHAT] <[Helper] Dubstep_Mixer121> I have a Guy Fawks mask.
[11:14:24] [Client thread/INFO]: [CHAT] [ADMIN] TheSuspense76 [STA]: INTRUDER ALERTR
[11:14:24] [Client thread/INFO]: [CHAT] <ali4040 Jacobmaz> ih
[11:14:24] [Client thread/INFO]: [CHAT] [ADMIN] NL_Fenix_NL [SA]: Kden
[11:14:25] [Client thread/INFO]: [CHAT] Broetchenteller left the game.
[11:14:26] [Client thread/INFO]: [CHAT] < Lord> w
[11:14:28] [Client thread/INFO]: [CHAT] <Anonymous> gg
[11:14:30] [Client thread/INFO]: [CHAT] [ADMIN] NL_Fenix_NL [SA]: just walk straight through me xD
[11:14:31] [Client thread/INFO]: [CHAT] < p> girly, just get out of that server...
[11:14:32] [Client thread/INFO]: [CHAT] stinkybeard829 left the game.
[11:14:32] [Client thread/INFO]: [CHAT] Pushed 1 players: NL_Fenix_NL
[11:14:33] [Client thread/INFO]: [CHAT] <[MILKMAN]  x_Rpmx13> the beast brock u said u would 1v1 me where are u
[11:14:34] [Client thread/INFO]: [CHAT] SleekBiscuit joined the game
[11:14:35] [Client thread/INFO]: [CHAT] You are now sitting.
[11:14:36] [Client thread/INFO]: [CHAT] < stop> wait
[11:14:38] [Client thread/INFO]: [CHAT] <[Super Admin] NL_Fenix_NL> TheSuspense76
[11:14:39] [Client thread/INFO]: [CHAT] <[MILKMAN]  x_Rpmx13> tp to me
[11:14:42] [Client thread/INFO]: [CHAT] [ADMIN] TheSuspense76 [STA]: YEEEEEEEEEEEEEEAHHHHHHHHHH
[11:14:42] [Client thread/INFO]: [CHAT] < stop> why is my name stop
[11:14:43] [Client thread/INFO]: [CHAT] [ADMIN] NL_Fenix_NL [SA]: TheSuspense76
[11:14:46] [Client thread/INFO]: [CHAT] [ADMIN] NL_Fenix_NL [SA]: Wtf?
[11:14:47] [Client thread/INFO]: [CHAT] <ali4040> w
[11:14:48] [Client thread/INFO]: [CHAT] ThomasYoussef03 joined the game
[11:14:48] [Client thread/INFO]: [CHAT] Welcome ThomasYoussef03 to the server!
[11:14:52] [Client thread/INFO]: [CHAT] < PENIS> Ahem ahem
[11:14:53] [Client thread/INFO]: [CHAT] Broetchenteller joined the game
[11:14:59] [Client thread/INFO]: [CHAT] KingGamer3000 joined the game
[11:14:59] [Client thread/INFO]: [CHAT] You are no longer sitting.
[11:15:02] [Client thread/INFO]: [CHAT] <zdw3000> i give up
[11:15:04] [Client thread/INFO]: [CHAT] < THEBEASTBROCK> wo
[11:15:06] [Client thread/INFO]: [CHAT] < THEBEASTBROCK> bro
[11:15:07] [Client thread/INFO]: [CHAT] <0wmer Jacobmaz> hi
[11:15:07] [Client thread/INFO]: [CHAT] pixilnation joined the game
[11:15:07] [Client thread/INFO]: [CHAT] * ThomasYoussef03 37.187.158.175:41581
[11:15:08] [Client thread/INFO]: [CHAT] <[Ledel-=-Swagginz] | ColbiesTheName> leg?
[11:15:08] [Client thread/INFO]: [CHAT] [ADMIN] TheSuspense76 [STA]: ok
[11:15:08] [Client thread/INFO]: [CHAT] * ThomasYoussef03 37.187.158.175:41581
[11:15:08] [Client thread/INFO]: [CHAT] Welcome pixilnation to the server!
[11:15:09] [Client thread/INFO]: [CHAT] [ADMIN] TheSuspense76 [STA]: STOP EATING MY FOOD YOU BANANA
[11:15:12] [Client thread/INFO]: [CHAT] <zdw3000> to hard
[11:15:13] [Client thread/INFO]: [CHAT] pixilnation left the game.
[11:15:17] [Client thread/INFO]: [CHAT] <[0wner] Jacobmaz> hello
[11:15:17] [Client thread/INFO]: [CHAT] <[MILKMAN]  x_Rpmx13> survivial mode pls
[11:15:18] [Client thread/INFO]: [CHAT] Pushed 1 players: NL_Fenix_NL
[11:15:18] [Client thread/INFO]: [CHAT] <[Helper] Dubstep_Mixer121> Leq.
[11:15:22] [Client thread/INFO]: [CHAT] Pushed 1 players: NL_Fenix_NL
[11:15:23] [Client thread/INFO]: [CHAT] Pushed 1 players: NL_Fenix_NL
[11:15:24] [Client thread/INFO]: [CHAT] Pushed 1 players: NL_Fenix_NL
[11:15:25] [Client thread/INFO]: [CHAT] [TotalFreedom] You can always review the server rules here: http://totalfreedom.me/
[11:15:25] [Client thread/INFO]: [CHAT] Pushed 1 players: NL_Fenix_NL
[11:15:25] [Client thread/INFO]: [CHAT] Jacobmaz fell from a high place
[11:15:25] [Client thread/INFO]: [CHAT] Pushed 1 players: NL_Fenix_NL
[11:15:25] [Client thread/INFO]: [CHAT] <Anonymous> 1v1 me m8
[11:15:25] [Client thread/INFO]: [CHAT] [ADMIN] NL_Fenix_NL [SA]: Video
[11:15:26] [Client thread/INFO]: [CHAT] Pushed 1 players: NL_Fenix_NL
[11:15:27] [Client thread/INFO]: [CHAT] Pushed 1 players: NL_Fenix_NL
[11:15:27] [Client thread/INFO]: [CHAT] <KingGamer3000> t
[11:15:29] [Client thread/INFO]: [CHAT] [ADMIN] NL_Fenix_NL [SA]: Can you fucking not?!
[11:15:32] [Client thread/INFO]: [CHAT] GhostShotable joined the game
[11:15:32] [Client thread/INFO]: [CHAT] Welcome GhostShotable to the server!
[11:15:33] [Client thread/INFO]: [CHAT] KingGamer3000 was shot by ZombieLukeBull using [The Lord Bow]
[11:15:35] [Client thread/INFO]: [CHAT] <tonite22> EmmaOre are griefing
[11:15:36] [Client thread/INFO]: [CHAT] [ADMIN] TheSuspense76 [STA]: This is my house
[11:15:37] [Client thread/INFO]: [CHAT] < THEBEASTBROCK> dude lez go somonewhereelse
[11:15:39] [Client thread/INFO]: [CHAT] <[MILKMAN]  x_Rpmx13> go survivial mode pls!! now
[11:15:39] [Client thread/INFO]: [CHAT] <EmmaOre> done
[11:15:40] [Client thread/INFO]: [CHAT] xristos1232 left the game.
[11:15:40] [Client thread/INFO]: [CHAT] <KingGamer3000> op me
[11:15:48] [Client thread/INFO]: [CHAT] evilpopcorn3 - Opping KingGamer3000
[11:15:49] [Client thread/INFO]: [CHAT] Jacobmaz - Opping KingGamer3000
[11:15:50] [Client thread/INFO]: [CHAT] < a> ZombieLukeBull don't gm pvp
[11:15:53] [Client thread/INFO]: [CHAT] ThomasYoussef03 - Opping KingGamer3000
[11:15:53] [Client thread/INFO]: [CHAT] <[0wner] Jacobmaz> s
[11:16:03] [Client thread/INFO]: [CHAT] <tonite22> im a ninja
[11:16:07] [Client thread/INFO]: [CHAT] ryan10197 joined the game
[11:16:07] [Client thread/INFO]: [CHAT] * DragonLongLegs is now AFK.
[11:16:07] [Client thread/INFO]: [CHAT] ryan10197 left the game.
[11:16:07] [Client thread/INFO]: [CHAT] Pro_Hacker joined the game
[11:16:09] [Client thread/INFO]: [CHAT] ryan10197 joined the game
[11:16:09] [Client thread/INFO]: [CHAT] [ADMIN] TheSuspense76 [STA]: "Hey everyone, TheSuspense76 here" lol
[11:16:11] [Client thread/INFO]: [CHAT] < THEBEASTBROCK> x_rpmx13 tp
[11:16:15] [Client thread/INFO]: [CHAT] <[0wner] Jacobmaz> im a owner lol
[11:16:20] [Client thread/INFO]: [CHAT] <ItaSamuele> t
[11:16:23] [Client thread/INFO]: [CHAT] xristos1232 joined the game
[11:16:24] [Client thread/INFO]: [CHAT] <[MILKMAN]  x_Rpmx13> go in survivial mode noe no creative pvp ing
[11:16:26] [Client thread/INFO]: [CHAT] <[Helper] Dubstep_Mixer121> Lol
[11:16:26] [Client thread/INFO]: [CHAT] [ADMIN] NL_Fenix_NL [SA]: video
[11:16:28] [Client thread/INFO]: [CHAT] tonite22 left the game.
[11:16:29] [Client thread/INFO]: [CHAT] <[MILKMAN]  x_Rpmx13> now
[11:16:30] [Client thread/INFO]: [CHAT] < e> ItaSamuele spamming spawners
[11:16:32] [Client thread/INFO]: [CHAT] <[MILKMAN]  x_Rpmx13> now!!!!!
[11:16:33] [Client thread/INFO]: [CHAT] nikolaibogomolov joined the game
[11:16:35] [Client thread/INFO]: [CHAT] [ADMIN] NL_Fenix_NL [SA]: i totally didn't eat ALL your food
[11:16:36] [Client thread/INFO]: [CHAT] < jmm1121> Jacobmaz is not the owner. Its markbyron.
[11:16:36] [Client thread/INFO]: [CHAT] <[Helper] Dubstep_Mixer121> Not so fast, ColbiesTheName.
[11:16:41] [Client thread/INFO]: [CHAT] <[Ledel-=-Swagginz] | ColbiesTheName> sry lol
[11:16:45] [Client thread/INFO]: [CHAT] < THEBEASTBROCK> i cant khit u!
[11:16:45] [Client thread/INFO]: [CHAT] <[MILKMAN]  x_Rpmx13> beast
[11:16:48] [Client thread/INFO]: [CHAT] [ADMIN] NL_Fenix_NL [SA]: Go check, I seriously didn't
[11:16:48] [Client thread/INFO]: [CHAT] <Broetchenteller> johnracing how do you do that???
[11:16:49] [Client thread/INFO]: [CHAT] [ADMIN] TheSuspense76 [STA]: DID YOU DRINK ALL MY SODA?
[11:16:51] [Client thread/INFO]: [CHAT] <jordane05> dose the sun even set
[11:16:53] [Client thread/INFO]: [CHAT] <[MILKMAN]  x_Rpmx13> i am in creative
[11:16:57] [Client thread/INFO]: [CHAT] Dykkerman joined the game
[11:16:57] [Client thread/INFO]: [CHAT] <[MILKMAN]  x_Rpmx13> u are also in creative
[11:17:00] [Client thread/INFO]: [CHAT] < THEBEASTBROCK> change ur gamemode
[11:17:04] [Client thread/INFO]: [CHAT] thorgrinson joined the game
[11:17:04] [Client thread/INFO]: [CHAT] GeekGuy432 joined the game
[11:17:04] [Client thread/INFO]: [CHAT] <[MILKMAN]  x_Rpmx13> go in survival
[11:17:04] [Client thread/INFO]: [CHAT] * Winna2015 is no longer AFK.
[11:17:04] [Client thread/INFO]: [CHAT] Welcome Dykkerman to the server!
[11:17:04] [Client thread/INFO]: [CHAT] Welcome thorgrinson to the server!
[11:17:07] [Client thread/INFO]: [CHAT] DragonLongLegs left the game.
[11:17:07] [Client thread/INFO]: [CHAT] NarwhaI2002 left the game.
[11:17:07] [Client thread/INFO]: [CHAT] Trigger1717 left the game.
[11:17:07] [Client thread/INFO]: [CHAT] DarkHorse108 left the game.
[11:17:08] [Client thread/INFO]: [CHAT] <[MILKMAN]  x_Rpmx13> good
[11:17:11] [Client thread/INFO]: [CHAT] <Dykkerman> t
[11:17:13] [Client thread/INFO]: [CHAT] [ADMIN] TheSuspense76 [STA]: are you fucking serious?!
[11:17:15] [Client thread/INFO]: [CHAT] <Dykkerman> plz op me
[11:17:22] [Client thread/INFO]: [CHAT] PewdiepieFTW joined the game
[11:17:22] [Client thread/INFO]: [CHAT] <Broetchenteller> johnracing, which hack do you use?'
[11:17:22] [Client thread/INFO]: [CHAT] <[MILKMAN]  x_Rpmx13> 3
[11:17:22] [Client thread/INFO]: [CHAT] <[MILKMAN]  x_Rpmx13> 2
[11:17:22] [Client thread/INFO]: [CHAT] [ADMIN] NL_Fenix_NL [SA]: Lol
[11:17:22] [Client thread/INFO]: [CHAT] GeekGuy432 - Opping Dykkerman
[11:17:22] [Client thread/INFO]: [CHAT] [ADMIN] TheSuspense76 [STA]: RAWWWWWWWWWWWWWWWWR!!!
[11:17:23] [Client thread/INFO]: [CHAT] Welcome PewdiepieFTW to the server!
[11:17:23] [Client thread/INFO]: [CHAT] Slicky is breaking blocks too fast!
[11:17:23] [Client thread/INFO]: [CHAT] Slicky has been banned for 1 minute.
[11:17:23] [Client thread/INFO]: [CHAT] Slicky left the game.
[11:17:25] [Client thread/INFO]: [CHAT] thorgrinson - Opping Dykkerman
[11:17:25] [Client thread/INFO]: [CHAT] Pushed 1 players: NL_Fenix_NL
[11:17:29] [Client thread/INFO]: [CHAT] <Dykkerman> thx
[11:17:30] [Client thread/INFO]: [CHAT] Giving 64 of raw fish
[11:17:34] [Client thread/INFO]: [CHAT] < THEBEASTBROCK> dude@
[11:17:35] [Client thread/INFO]: [CHAT] TheCrazyRedstone joined the game
[11:17:35] [Client thread/INFO]: [CHAT] <[MILKMAN]  x_Rpmx13> punch me
[11:17:41] [Client thread/INFO]: [CHAT] <PewdiepieFTW> op me
[11:17:45] [Client thread/INFO]: [CHAT] HAWIIANFLOWER joined the game
[11:17:45] [Client thread/INFO]: [CHAT] < THEBEASTBROCK> wtf
[11:17:45] [Client thread/INFO]: [CHAT] GhostShotable left the game.
[11:17:46] [Client thread/INFO]: [CHAT] Welcome HAWIIANFLOWER to the server!
[11:17:46] [Client thread/INFO]: [CHAT] <[MILKMAN]  x_Rpmx13> 3
[11:17:47] [Client thread/INFO]: [CHAT] <$ [Wolfram] $  Evilpopcorn3> You are OP
[11:17:48] [Client thread/INFO]: [CHAT] <[MILKMAN]  x_Rpmx13> 2
[11:17:49] [Client thread/INFO]: [CHAT] Musebrat2 joined the game
[11:17:50] [Client thread/INFO]: [CHAT] <Broetchenteller> johnracing, which hack do you use?'??
[11:17:52] [Client thread/INFO]: [CHAT] pixilnation joined the game
[11:17:52] [Client thread/INFO]: [CHAT] [ADMIN] TheSuspense76 [STA]: MY MOUNTAIN DEW IS GONE
[11:17:55] [Client thread/INFO]: [CHAT] MrPerson660 left the game.
[11:17:56] [Client thread/INFO]: [CHAT] [REPORTS] Dubstep_Mixer121 has reported KingGamer3000 for Minor Griefing.
[11:17:57] [Client thread/INFO]: [CHAT] < THEBEASTBROCK> dude
[11:17:58] [Client thread/INFO]: [CHAT] [ADMIN] TheSuspense76 [STA]: YOU DRANK IT
[11:18:00] [Client thread/INFO]: [CHAT] ItaSamuele left the game.
[11:18:01] [Client thread/INFO]: [CHAT] <[MILKMAN]  x_Rpmx13> come on punch me
[11:18:02] [Client thread/INFO]: [CHAT] <[VIP+] Winna2015> f
[11:18:02] [Client thread/INFO]: [CHAT] Dykkerman left the game.
[11:18:03] [Client thread/INFO]: [CHAT] <[Ledel-=-Swagginz] | ColbiesTheName> i lost him
[11:18:05] [Client thread/INFO]: [CHAT] <HAWIIANFLOWER> Hi
[11:18:05] [Client thread/INFO]: [CHAT] <[MILKMAN]  x_Rpmx13> whta?!?!?!
[11:18:08] [Client thread/INFO]: [CHAT] domizach joined the game
[11:18:08] [Client thread/INFO]: [CHAT] Welcome domizach to the server!
[11:18:10] [Client thread/INFO]: [CHAT] < THEBEASTBROCK> change ur gameode x_rp
[11:18:17] [Client thread/INFO]: [CHAT] < THEBEASTBROCK> good
[11:18:17] [Client thread/INFO]: [CHAT] <[Ledel-=-Swagginz] | ColbiesTheName> Dubstep_Mixer121 go invis
[11:18:18] [Client thread/INFO]: [CHAT] <[Helper] Dubstep_Mixer121> KingGamer3000, He griefed. Its ok.
[11:18:19] [Client thread/INFO]: [CHAT] <[MILKMAN]  x_Rpmx13> ok!
[11:18:28] [Client thread/INFO]: [CHAT] <[MILKMAN]  x_Rpmx13> 3
[11:18:28] [Client thread/INFO]: [CHAT] cuteloveangel joined the game
[11:18:28] [Client thread/INFO]: [CHAT] <[MILKMAN]  x_Rpmx13> 2
[11:18:28] [Client thread/INFO]: [CHAT] < THEBEASTBROCK> 3
[11:18:28] [Client thread/INFO]: [CHAT] Winna2015 left the game.
[11:18:29] [Client thread/INFO]: [CHAT] Welcome cuteloveangel to the server!
[11:18:31] [Client thread/INFO]: [CHAT] Pushed 1 players: NL_Fenix_NL
[11:18:31] [Client thread/INFO]: [CHAT] <[MILKMAN]  x_Rpmx13> 1
[11:18:32] [Client thread/INFO]: [CHAT] Pushed 1 players: NL_Fenix_NL
[11:18:32] [Client thread/INFO]: [CHAT] Pushed 1 players: NL_Fenix_NL
[11:18:33] [Client thread/INFO]: [CHAT] Unknown command. Type "/help" for help.
[11:18:33] [Client thread/INFO]: [CHAT] <[MILKMAN]  x_Rpmx13> gooo
[11:18:35] [Client thread/INFO]: [CHAT] UltraXPlays joined the game
[11:18:35] [Client thread/INFO]: [CHAT] Welcome  WHYDOY0UCARE to the server!
[11:18:35] [Client thread/INFO]: [CHAT] <[Helper] Dubstep_Mixer121> Invisible Potions are not allowed.
[11:18:35] [Client thread/INFO]: [CHAT] mariomark03 joined the game
[11:18:37] [Client thread/INFO]: [CHAT] DataPools joined the game
[11:18:37] [Client thread/INFO]: [CHAT] Welcome DataPools to the server!
[11:18:38] [Client thread/INFO]: [CHAT] <koolrat> &5test
[11:18:38] [Client thread/INFO]: [CHAT] TheSuspense76 - Removing all server entities.
[11:18:38] [Client thread/INFO]: [CHAT] 28 entities removed.
[11:18:40] [Client thread/INFO]: [CHAT] <EmmaOre> is greifing allowed?
[11:18:40] [Client thread/INFO]: [CHAT] <ThomasYoussef03> lift
[11:18:40] [Client thread/INFO]: [CHAT] TheSuspense76 - Purging all player data
[11:18:43] [Client thread/INFO]: [CHAT] <KingGamer3000> yes
[11:18:47] [Client thread/INFO]: [CHAT] <[Ledel-=-Swagginz] | ColbiesTheName> ? yeah they are.. i thought
[11:18:48] [Client thread/INFO]: [CHAT] Giving 1 of stick
[11:18:49] [Client thread/INFO]: [CHAT] No block edits at that location.
[11:18:49] [Client thread/INFO]: [CHAT] <[0wner] Jacobmaz> f
[11:18:52] [Client thread/INFO]: [CHAT] *  WHYDOY0UCARE Dont join 192.99.20.227:25922 they ban you if they dont know you irl
[11:18:53] [Client thread/INFO]: [CHAT] <domizach> .
[11:18:54] [Client thread/INFO]: [CHAT] <ThomasYoussef03> no EmmaOre
[11:18:58] [Client thread/INFO]: [CHAT] <ThomasYoussef03> the grief is ban
[11:18:58] [Client thread/INFO]: [CHAT] <domizach> op me!
[11:19:02] [Client thread/INFO]: [CHAT] *  WHYDOY0UCARE Dont join 192.99.20.227:25922 they ban you if they dont know you irl
[11:19:03] [Client thread/INFO]: [CHAT] *  WHYDOY0UCARE Dont join 192.99.20.227:25922 they ban you if they dont know you irl
[11:19:03] [Client thread/INFO]: [CHAT] *  WHYDOY0UCARE Dont join 192.99.20.227:25922 they ban you if they dont know you irl
[11:19:04] [Client thread/INFO]: [CHAT] ThomasYoussef03 - Opping domizach
[11:19:06] [Client thread/INFO]: [CHAT] nikolaibogomolov left the game.
[11:19:06] [Client thread/INFO]: [CHAT] [REPORTS] GeekGuy432 has reported Jacobmaz for Not an owner.
[11:19:06] [Client thread/INFO]: [CHAT] < Pro_Hacker> greifhing is not allowed
[11:19:07] [Client thread/INFO]: [CHAT] <pixilnation> whats ur IGN
[11:19:08] [Client thread/INFO]: [CHAT] Anonymous left the game.
[11:19:08] [Client thread/INFO]: [CHAT] NL_Fenix_NL - Tempbanning: UltraXPlays for 5 minutes.
[11:19:08] [Client thread/INFO]: [CHAT] UltraXPlays left the game.
[11:19:09] [Client thread/INFO]: [CHAT] <SDrakeDarkness> people said invis pots are allowed
[11:19:19] [Client thread/INFO]: [CHAT] Unknown221 joined the game
[11:19:19] [Client thread/INFO]: [CHAT] <domizach> ./noob
[11:19:19] [Client thread/INFO]: [CHAT] <[Super Admin] NL_Fenix_NL> They are
[11:19:19] [Client thread/INFO]: [CHAT] KingGamer3000 left the game.
[11:19:20] [Client thread/INFO]: [CHAT] <domizach> lol
[11:19:20] [Client thread/INFO]: [CHAT] Welcome Unknown221 to the server!
[11:19:21] [Client thread/INFO]: [CHAT] <[MILKMAN]  x_Rpmx13> the beast is creative pvp ing admins
[11:19:22] [Client thread/INFO]: [CHAT] <[Ledel-=-Swagginz] | ColbiesTheName> ^
[11:19:22] [Client thread/INFO]: [CHAT] That player cannot be found
[11:19:23] [Client thread/INFO]: [CHAT] <[Super Admin] NL_Fenix_NL> Unless people grief
[11:19:25] [Client thread/INFO]: [CHAT] MLG joined the game
[11:19:25] [Client thread/INFO]: [CHAT] ali4040 was slain by ZombieLukeBull
[11:19:25] [Client thread/INFO]: [CHAT] Welcome MLG to the server!
[11:19:26] [Client thread/INFO]: [CHAT] <Unknown221> alright
[11:19:28] [Client thread/INFO]: [CHAT] <Unknown221> op me
[11:19:31] [Client thread/INFO]: [CHAT] <MLG> wot
[11:19:32] [Client thread/INFO]: [CHAT] NL_Fenix_NL - Opping all players on the server
[11:19:32] [Client thread/INFO]: [CHAT] You are now op!
[11:19:34] [Client thread/INFO]: [CHAT] NL_Fenix_NL left the game.
[11:19:34] [Client thread/INFO]: [CHAT] domizach - Opping MLG
[11:19:36] [Client thread/INFO]: [CHAT] <MLG> m8
[11:19:38] [Client thread/INFO]: [CHAT] <[Ledel-=-Swagginz] | ColbiesTheName> watch dis
[11:19:40] [Client thread/INFO]: [CHAT] KingGamer3000 joined the game
[11:19:41] [Client thread/INFO]: [CHAT] leonid left the game.
[11:19:42] [Client thread/INFO]: [CHAT] <MLG> skrubs
[11:19:48] [Client thread/INFO]: [CHAT] ArtzAndCatz joined the game
[11:19:48] [Client thread/INFO]: [CHAT] Welcome ArtzAndCatz to the server!
[11:19:50] [Client thread/INFO]: [CHAT] xXLukas2004PvPXx joined the game
[11:19:50] [Client thread/INFO]: [CHAT] Welcome xXLukas2004PvPXx to the server!
[11:19:50] [Client thread/INFO]: [CHAT] <[Ledel-=-Swagginz] | ColbiesTheName> hmm
[11:19:51] [Client thread/INFO]: [CHAT] < WizardHacker> haha
[11:19:53] [Client thread/INFO]: [CHAT] <Unknown221> dudes
[11:19:54] [Client thread/INFO]: [CHAT] <Unknown221> op me
[11:19:56] [Client thread/INFO]: [CHAT] xXLukas2004PvPXx is breaking blocks too fast!
[11:19:56] [Client thread/INFO]: [CHAT] xXLukas2004PvPXx has been banned for 1 minute.
[11:19:56] [Client thread/INFO]: [CHAT] xXLukas2004PvPXx left the game.
[11:19:57] [Client thread/INFO]: [CHAT] < THEBEASTBROCK> im in creative wtf
[11:19:58] [Client thread/INFO]: [CHAT] <[Ledel-=-Swagginz] | ColbiesTheName> there
[11:20:01] [Client thread/INFO]: [CHAT] <mememailzacspeed> someone's throwing deathpots
[11:20:01] [Client thread/INFO]: [CHAT] < Lord> free kits at spawn
[11:20:03] [Client thread/INFO]: [CHAT] MLG left the game.
[11:20:10] [Client thread/INFO]: [CHAT] <KingGamer3000> join epic.myserver.gs first one to join gets co-owner be the first one to JOIN NOWWWW JOINNN
[11:20:12] [Client thread/INFO]: [CHAT] KingGamer3000 left the game.
[11:20:14] [Client thread/INFO]: [CHAT] DataPools left the game.
[11:20:15] [Client thread/INFO]: [CHAT] <[MILKMAN]  x_Rpmx13> wait
[11:20:16] [Client thread/INFO]: [CHAT] domizach has been banned for 1 minute.
[11:20:16] [Client thread/INFO]: [CHAT] domizach left the game.
[11:20:16] [Client thread/INFO]: [CHAT] domizach was automatically kicked for using harmful commands.
[11:20:17] [Client thread/INFO]: [CHAT] Unknown221 left the game.
[11:20:26] [Client thread/INFO]: [CHAT] <[MILKMAN]  x_Rpmx13> wait pls
[11:20:26] [Client thread/INFO]: [CHAT] apple244 joined the game
[11:20:26] [Client thread/INFO]: [CHAT] <[Helper] Dubstep_Mixer121> There are some weird fucking clouds outside. SCARY.
[11:20:26] [Client thread/INFO]: [CHAT] < HAWAII> .
[11:20:26] [Client thread/INFO]: [CHAT] < THEBEASTBROCK> what
[11:20:26] [Client thread/INFO]: [CHAT] Jacobmaz left the game.
[11:20:26] [Client thread/INFO]: [CHAT] Welcome apple244 to the server!
[11:20:30] [Client thread/INFO]: [CHAT] <[Ledel-=-Swagginz] | ColbiesTheName> lo
[11:20:31] [Client thread/INFO]: [CHAT] <[Ledel-=-Swagginz] | ColbiesTheName> lol
[11:20:33] [Client thread/INFO]: [CHAT] <[Ledel-=-Swagginz] | ColbiesTheName> look
[11:20:33] [Client thread/INFO]: [CHAT] Jacobmaz joined the game
[11:20:41] [Client thread/INFO]: [CHAT] <mememailzacspeed> I got killed by one while building this
[11:20:43] [Client thread/INFO]: [CHAT] Anonymous joined the game
[11:20:43] [Client thread/INFO]: [CHAT] //, //calc, //calculate, //center, //chunk, //clearhistory, //contract, //copy, //count, //curve, //cut, //cyl, //deform, //desel, //deselect, //distr, //drain, //eval, //evaluate, //ex, //expand, //ext, //extinguish, //faces, //fast, //fill, //fillr, //fixlava, //fixwater, //flip, //flora, //forest, //g, //gb, //gen, //genbiome, //generate, //generatebiome, //gmask, //green, //hcyl, //help, //hollow, //hpos1, //hpos2, //hpyramid, //hsphere, //inset, //l, //limit, //line, //load, //lrbuild, //middle, //move, //naturalize, //outline, //outset, //overlay, //paste, //pos1, //pos2, //pyramid, //re, //redo, //regen, //removeabove, //removebelow, //removenear, //rep, //replace, //replacenear, //restore, //rotate, //save, //schem, //schematic, //search, //searchitem, //sel, //set, //setbiome, //shift, //size, //smooth, //snow, //solve, //sphere, //stack, //thaw, //toggleplace, //undo, //walls, //wand
[11:20:46] [Client thread/INFO]: [CHAT] [PewdiepieFTW -> me] Why does prozza have such a dirtymind?