[21:46:27] [Client thread/INFO]: Connecting to play.totalfreedom.me., 28965
[21:46:28] [Client thread/INFO]: [CHAT] VideoSmash512 is a Telnet Admin and a gamer!
[21:46:28] [Client thread/INFO]: [CHAT] VideoSmash512 joined the game.
[21:46:28] [Client thread/INFO]: [CHAT] Welcome, VideoSmash512!
[21:46:28] [Client thread/INFO]: [CHAT] Type /help for a list of commands.
[21:46:28] [Client thread/INFO]: [CHAT] Type /list to see who else is online.
[21:46:28] [Client thread/INFO]: [CHAT] Remember to save your builds with World Edit or they’ll be lost.
[21:46:28] [Client thread/INFO]: [CHAT] You have no new mail.
[21:46:28] [Client thread/INFO]: [CHAT] Set fly mode enabled for VideoSmash512.
[21:46:46] [Client thread/INFO]: [CHAT] Uptime: 1 hour 58 minutes 17 seconds
[21:46:46] [Client thread/INFO]: [CHAT] Current TPS = 19.73
[21:46:46] [Client thread/INFO]: [CHAT] Maximum memory: 2,035 MB.
[21:46:46] [Client thread/INFO]: [CHAT] Allocated memory: 1,042 MB.
[21:46:46] [Client thread/INFO]: [CHAT] Free memory: 230 MB.
[21:46:46] [Client thread/INFO]: [CHAT] World "Woosh": 1,052 chunks, 222 entities, 1,101 tiles.
[21:46:46] [Client thread/INFO]: [CHAT] World "flatlands": 1,393 chunks, 13 entities, 117 tiles.
[21:46:46] [Client thread/INFO]: [CHAT] World "adminworld": 256 chunks, 11 entities, 1,292 tiles.
[21:46:48] [Client thread/INFO]: [CHAT] _ninjaboy joined the game.
[21:46:48] [Client thread/INFO]: [CHAT] Welcome _ninjaboy to the server!
[21:46:51] [Client thread/INFO]: [CHAT] lambobeats joined the game.
[21:46:52] [Client thread/INFO]: [CHAT] Blaze290503 has been a naughty, naughty boy.
[21:46:52] [Client thread/INFO]: [CHAT] Blaze290503 died
[21:46:53] [Client thread/INFO]: [CHAT] < Snufflez> snufflez is my name
[21:46:54] [Client thread/INFO]: [CHAT] [Server:foxgirl1144] dont nick others
[21:46:54] [Client thread/INFO]: [CHAT] foxgirl1144 - Cleaning all nicknames.
[21:46:55] [Client thread/INFO]: [CHAT] < FUCKUADMIN> any1 know how to make something unbreakable
[21:46:58] [Client thread/INFO]: [CHAT] Blaze290503 fell from a high place
[21:46:59] [Client thread/INFO]: [CHAT] < ToXic1717> LOL
[21:47:01] [Client thread/INFO]: [CHAT] < FUCKUADMIN> WTF
[21:47:01] [Client thread/INFO]: [CHAT] [Server:foxgirl1144] no underline
[21:47:10] [Client thread/INFO]: [CHAT] < ToXic1717> &k&l&mLOL
[21:47:11] [Client thread/INFO]: [CHAT] < PlourSystems> PLOUR
[21:47:12] [Client thread/INFO]: [CHAT] <Blaze290503> Somone op me
[21:47:12] [Client thread/INFO]: [CHAT] < Bacca> g
[21:47:13] [Client thread/INFO]: [CHAT] < lambobeats> ok i am done drawing chicka and toy freddy
[21:47:14] [Client thread/INFO]: [CHAT] <Blaze290503> Please?
[21:47:15] [Client thread/INFO]: [CHAT] foxgirl1144 - Cleaning all nicknames.
[21:47:15] [Client thread/INFO]: [CHAT] <_ninjaboy> that means me then?
[21:47:18] [Client thread/INFO]: [CHAT] [Server:foxgirl1144] no underline!
[21:47:28] [Client thread/INFO]: [CHAT] < PvP> LOL
[21:47:28] [Client thread/INFO]: [CHAT] <_ninjaboy> thats my username...
[21:47:28] [Client thread/INFO]: [CHAT] < lambobeats> d
[21:47:28] [Client thread/INFO]: [CHAT] < PlourSystems> s
[21:47:28] [Client thread/INFO]: [CHAT] LilyIsabel - Opping Blaze290503
[21:47:42] [Client thread/INFO]: [CHAT] HD7878 left the game.
[21:47:42] [Client thread/INFO]: [CHAT] Windows_i7_8 left the game.
[21:47:46] [Client thread/INFO]: [CHAT] *  Ender is now AFK.
[21:47:46] [Client thread/INFO]: [CHAT] foxgirl1144 - Smiting all invisible players
[21:47:46] [Client thread/INFO]: [CHAT] DanTDM died
[21:47:46] [Client thread/INFO]: [CHAT] Blaze290503 died
[21:47:51] [Client thread/INFO]: [CHAT] <_ninjaboy> oppls
[21:47:52] [Client thread/INFO]: [CHAT] <[Pixelz]  IIBlodII> whoa..
[21:47:59] [Client thread/INFO]: [CHAT] Baccamanv2 left the game.
[21:47:59] [Client thread/INFO]: [CHAT] lambobeats left the game.
[21:48:12] [Client thread/INFO]: [CHAT] lambobeats joined the game.
[21:48:18] [Client thread/INFO]: [CHAT] Cartman357mag joined the game.
[21:48:18] [Client thread/INFO]: [CHAT] Welcome Cartman357mag to the server!
[21:48:18] [Client thread/INFO]: [CHAT] <[Super Admin]  FoxieFox> i fuckin hate music
[21:48:18] [Client thread/INFO]: [CHAT] Cartman357mag left the game.
[21:48:18] [Client thread/INFO]: [CHAT] Baccamanv2 joined the game.
[21:48:18] [Client thread/INFO]: [CHAT] < Snufflez> me too
[21:48:18] [Client thread/INFO]: [CHAT] < scooterhero259> same
[21:48:18] [Client thread/INFO]: [CHAT] < Snufflez> bai
[21:48:18] [Client thread/INFO]: [CHAT] < hhhOpBeasthhh> Yes
[21:48:19] [Client thread/INFO]: [CHAT] Snufflez99 left the game.
[21:48:27] [Client thread/INFO]: [CHAT] < hhhOpBeasthhh> LOL
[21:48:27] [Client thread/INFO]: [CHAT] foxgirl1144 - Cleaning all nicknames.
[21:48:27] [Client thread/INFO]: [CHAT] <_ninjaboy> foxgirl1144
[21:48:27] [Client thread/INFO]: [CHAT] [Server:foxgirl1144] no &k
[21:48:29] [Client thread/INFO]: [CHAT] <_ninjaboy> op me pls
[21:48:29] [Client thread/INFO]: [CHAT] < hhhOpBeasthhh> Ok
[21:49:29] [Client thread/INFO]: Connecting to play.totalfreedom.me., 28965
[21:49:47] [Client thread/INFO]: Connecting to play.totalfreedom.me., 28965
[21:51:24] [Client thread/INFO]: Connecting to play.totalfreedom.me., 28965
[21:53:33] [Client thread/INFO]: Connecting to play.totalfreedom.me., 28965
[21:53:34] [Client thread/INFO]: [CHAT] VideoSmash512 is a Telnet Admin and a gamer!
[21:53:34] [Client thread/INFO]: [CHAT] VideoSmash512 joined the game.
[21:53:34] [Client thread/INFO]: [CHAT] Welcome, VideoSmash512!
[21:53:34] [Client thread/INFO]: [CHAT] Type /help for a list of commands.
[21:53:34] [Client thread/INFO]: [CHAT] Type /list to see who else is online.
[21:53:34] [Client thread/INFO]: [CHAT] Remember to save your builds with World Edit or they’ll be lost.
[21:53:34] [Client thread/INFO]: [CHAT] You have no new mail.
[21:53:46] [Client thread/INFO]: [CHAT] [ADMIN] VideoSmash512 [STA]: is mark on?
[21:53:50] [Client thread/INFO]: [CHAT] [ADMIN] foxgirl1144 [SA]: no
[21:53:54] [Client thread/INFO]: [CHAT] MrKule01 joined the game.
[21:53:54] [Client thread/INFO]: [CHAT] EnderNuke left the game.
[21:53:54] [Client thread/INFO]: [CHAT] Welcome MrKule01 to the server!
[21:53:56] [Client thread/INFO]: [CHAT] [ADMIN] Fluffasaurus_Rex [SrA]: Should he be?
[21:54:04] [Client thread/INFO]: [CHAT] Joshjamdag - Opping Joshjamdag
[21:54:11] [Client thread/INFO]: [CHAT] <MrKule01> HI
[21:54:15] [Client thread/INFO]: [CHAT] <{Ninja king} _ninjaboy> ohh
[21:54:23] [Client thread/INFO]: [CHAT] <{Ninja king} _ninjaboy> i cant help its world guarded...
[21:54:34] [Client thread/INFO]: [CHAT] Blaze290503 left the game.
[21:54:50] [Client thread/INFO]: [CHAT] < OpBeast101> Why Skin Changed
[21:54:51] [Client thread/INFO]: [CHAT] [ADMIN] VideoSmash512 [STA]: Fox - http://totalfreedom.boards.net/thread/20775/explanation-needed-foxygirl-agent
[21:54:53] [Client thread/INFO]: [CHAT] simodesigns joined the game.
[21:54:53] [Client thread/INFO]: [CHAT] Welcome simodesigns to the server!
[21:55:02] [Client thread/INFO]: [CHAT] ZexyZek joined the game.
[21:55:02] [Client thread/INFO]: [CHAT] Welcome ZexyZek to the server!
[21:55:03] [Client thread/INFO]: [CHAT] < OpBeast101> Welcome simodesigns
[21:55:17] [Client thread/INFO]: [CHAT] lmoa joined the game.
[21:55:17] [Client thread/INFO]: [CHAT] Welcome lmoa to the server!
[21:55:18] [Client thread/INFO]: [CHAT] <MrKule01> î š?ì? hí
[21:55:18] [Client thread/INFO]: [CHAT] ToXicNight123 used a forbidden WorldEdit block type: dragon_egg
[21:55:18] [Client thread/INFO]: [CHAT] [ADMIN] foxgirl1144 [SA]: k
[21:55:21] [Client thread/INFO]: [CHAT] <simodesigns> say 123 if you own a minecraft server and msg me the ip plzzzz
[21:55:31] [Client thread/INFO]: [CHAT] < VipNoLovePvP> i need some1 who owns a mc server
[21:55:37] [Client thread/INFO]: [CHAT] <{Ninja king} _ninjaboy> me
[21:55:37] [Client thread/INFO]: [CHAT] <simodesigns> me to
[21:55:43] [Client thread/INFO]: [CHAT] < VipNoLovePvP> im good with world edit
[21:55:44] [Client thread/INFO]: [CHAT] lmoa left the game.
[21:55:52] [Client thread/INFO]: [CHAT] lambobeats joined the game.
[21:56:00] [Client thread/INFO]: [CHAT] < FUCKALLU> some1 nicked me
[21:56:10] [Client thread/INFO]: [CHAT] Cartman357mag joined the game.
[21:56:13] [Client thread/INFO]: [CHAT] lmoa joined the game.
[21:56:34] [Client thread/INFO]: [CHAT] lambobeats left the game.
[21:56:36] [Client thread/INFO]: [CHAT] BlodIsLyfe left the game.
[21:56:38] [Client thread/INFO]: [CHAT] simodesigns left the game.
[21:56:52] [Client thread/INFO]: [CHAT] <lmoa> fags
[21:56:56] [Client thread/INFO]: [CHAT] <lmoa> jk
[21:57:00] [Client thread/INFO]: [CHAT] Fluffasaurus_Rex - Opping all players on the server
[21:57:00] [Client thread/INFO]: [CHAT] You are now op!
[21:57:09] [Client thread/INFO]: [CHAT] <ZexyZek> does this server have world edit
[21:57:10] [Client thread/INFO]: [CHAT] <{Ninja king} _ninjaboy> omfg
[21:57:15] [Client thread/INFO]: [CHAT] <{Ninja king} _ninjaboy> HAlp
[21:57:18] [Client thread/INFO]: [CHAT] <{Ninja king} _ninjaboy> Tp to me
[21:57:22] [Client thread/INFO]: [CHAT] <{Ninja king} _ninjaboy> Im trapped
[21:57:33] [Client thread/INFO]: [CHAT] <[Senior Admin] Fluffasaurus_Rex> Hit LShift
[21:57:34] [Client thread/INFO]: [CHAT] <{Ninja king} _ninjaboy> i got no arms
[21:57:36] [Client thread/INFO]: [CHAT] williamlikesMc joined the game.
[21:57:40] [Client thread/INFO]: [CHAT] <[GodHorseMember]  William> foxgirl1144
[21:57:47] [Client thread/INFO]: [CHAT] <{Ninja king} _ninjaboy> HALP
[21:57:48] [Client thread/INFO]: [CHAT] Poopyface9999 joined the game.
[21:57:48] [Client thread/INFO]: [CHAT] Welcome Poopyface9999 to the server!
[21:57:48] [Client thread/INFO]: [CHAT] <[GodHorseMember]  William> Important, go onto the fourms.
[21:57:51] [Client thread/INFO]: [CHAT] williamlikesMc - Opping Poopyface9999
[21:57:51] [Client thread/INFO]: [CHAT] <{Ninja king} _ninjaboy> There
[21:57:54] [Client thread/INFO]: [CHAT] <[GodHorseMember]  William> Welcome.
[21:57:54] [Client thread/INFO]: [CHAT] Poopyface9999 is breaking blocks too fast!
[21:57:55] [Client thread/INFO]: [CHAT] Poopyface9999 has been banned for 1 minute.
[21:57:55] [Client thread/INFO]: [CHAT] Poopyface9999 left the game.
[21:57:55] [Client thread/INFO]: [CHAT] <{Ninja king} _ninjaboy> DUFUQ
[21:57:57] [Client thread/INFO]: [CHAT] <[GodHorseMember]  William> Mark made a thread.
[21:57:57] [Client thread/INFO]: [CHAT] simodesigns joined the game.
[21:58:02] [Client thread/INFO]: [CHAT] < VipNoLovePvP> _ninjaboy
[21:58:04] [Client thread/INFO]: [CHAT] MrKule01 left the game.
[21:58:05] [Client thread/INFO]: [CHAT] <{Ninja king} _ninjaboy> ?
[21:58:10] [Client thread/INFO]: [CHAT] [REPORTS] williamlikesMc has reported _ninjaboy for Griefing.
[21:58:10] [Client thread/INFO]: [CHAT] < VipNoLovePvP> _ninjaboy hit me using this
[21:58:10] [Client thread/INFO]: [CHAT] simodesigns left the game.
[21:58:12] [Client thread/INFO]: [CHAT] <[Senior Admin] Fluffasaurus_Rex> She knows already
[21:58:17] [Client thread/INFO]: [CHAT] <[GodHorseMember]  William> Ok, good.
[21:58:18] [Client thread/INFO]: [CHAT] <{Ninja king} _ninjaboy> where
[21:58:20] [Client thread/INFO]: [CHAT] Dark_IronMan left the game.
[21:58:26] [Client thread/INFO]: [CHAT] <[GodHorseMember]  William> He just..
[21:58:30] [Client thread/INFO]: [CHAT] <[GodHorseMember]  William> Ugh.
[21:58:34] [Client thread/INFO]: [CHAT] <[Senior Admin] Fluffasaurus_Rex> ?
[21:58:34] [Client thread/INFO]: [CHAT] MrKule01 joined the game.
[21:58:34] [Client thread/INFO]: [CHAT] < VipNoLovePvP> _ninjaboy
[21:58:35] [Client thread/INFO]: [CHAT] <[GodHorseMember]  William> Anyone need hel?
[21:58:35] [Client thread/INFO]: [CHAT] <{Ninja king} _ninjaboy> ?
[21:58:37] [Client thread/INFO]: [CHAT] MrPerson660 is a Super Telnet Admin
[21:58:37] [Client thread/INFO]: [CHAT] MrPerson660 joined the game.
[21:58:37] [Client thread/INFO]: [CHAT] Welcome MrPerson660 to the server!
[21:58:39] [Client thread/INFO]: [CHAT] <MrKule01> GUYS
[21:58:42] [Client thread/INFO]: [CHAT] XxSteve1234xX joined the game.
[21:58:43] [Client thread/INFO]: [CHAT] Welcome XxSteve1234xX to the server!
[21:58:43] [Client thread/INFO]: [CHAT] * MrKule01 JOIN
[21:58:44] [Client thread/INFO]: [CHAT] < VipNoLovePvP> hit me using this
[21:58:44] [Client thread/INFO]: [CHAT] * MrKule01 harksmau.g-s.nu
[21:58:45] [Client thread/INFO]: [CHAT] <[GodHorseMember]  William> Welcome back MrPerson660!
[21:58:47] [Client thread/INFO]: [CHAT] * MrKule01 harksmau.g-s.nu
[21:58:47] [Client thread/INFO]: [CHAT] <[?][ADMIN][???] MrPerson660> Hello
[21:58:48] [Client thread/INFO]: [CHAT] * MrKule01 harksmau.g-s.nu
[21:58:49] [Client thread/INFO]: [CHAT] MrPerson660 - Muting MrKule01
[21:58:53] [Client thread/INFO]: [CHAT] <[GodHorseMember]  William> Mrkule, muted.
[21:58:54] [Client thread/INFO]: [CHAT] <{Ninja king} _ninjaboy> like the stacked armor btw
[21:58:55] [Client thread/INFO]: [CHAT] [Server:MrPerson660] MrKule01 You can only advertise once
[21:58:58] [Client thread/INFO]: [CHAT] Nitsujifuji joined the game.
[21:59:01] [Client thread/INFO]: [CHAT] <[GodHorseMember]  William> Only avertise once.
[21:59:01] [Client thread/INFO]: [CHAT] Poopyface9999 joined the game.
[21:59:01] [Client thread/INFO]: [CHAT] [ADMIN] MrPerson660 [STA]: hi
[21:59:07] [Client thread/INFO]: [CHAT] [ADMIN] Fluffasaurus_Rex [SrA]: meh
[21:59:09] [Client thread/INFO]: [CHAT] godofcod9999 joined the game.
[21:59:09] [Client thread/INFO]: [CHAT] Welcome godofcod9999 to the server!
[21:59:11] [Client thread/INFO]: [CHAT] <{Ninja king} _ninjaboy> omfg im gliched
[21:59:14] [Client thread/INFO]: [CHAT] Im_4nthony joined the game.
[21:59:16] [Client thread/INFO]: [CHAT] <ZexyZek> dat name doe
[21:59:24] [Client thread/INFO]: [CHAT] <[GodHorseMember]  William> Do /ai to apply for "Super Administrator Rank" Read the requirements then make your application.
[21:59:26] [Client thread/INFO]: [CHAT] williamlikesMc - Opping godofcod9999
[21:59:27] [Client thread/INFO]: [CHAT] Im_4nthony left the game.
[21:59:29] [Client thread/INFO]: [CHAT] <[GodHorseMember]  William> Welcome.
[21:59:38] [Client thread/INFO]: [CHAT] Joshjamdag was slain by _ninjaboy
[21:59:41] [Client thread/INFO]: [CHAT] <{Ninja king} _ninjaboy> xD
[21:59:44] [Client thread/INFO]: [CHAT] < VipNoLovePvP> 1 hit ko
[21:59:44] [Client thread/INFO]: [CHAT] MrKule01 left the game.
[21:59:45] [Client thread/INFO]: [CHAT] Joshjamdag left the game.
[21:59:47] [Client thread/INFO]: [CHAT] <{Ninja king} _ninjaboy> wow
[22:00:00] [Client thread/INFO]: [CHAT] godofcod9999 left the game.
[22:00:04] [Client thread/INFO]: [CHAT] godofcod9999 joined the game.
[22:00:12] [Client thread/INFO]: [CHAT] williamlikesMc - Opping Poopyface9999
[22:00:13] [Client thread/INFO]: [CHAT] ZexyZek left the game.
[22:00:14] [Client thread/INFO]: [CHAT] williamlikesMc - Opping Nitsujifuji
[22:00:14] [Client thread/INFO]: [CHAT] Joshjamdag joined the game.
[22:00:16] [Client thread/INFO]: [CHAT] williamlikesMc - Opping XxSteve1234xX
[22:00:25] [Client thread/INFO]: [CHAT] XDXxSNIPEZ left the game.
[22:00:29] [Client thread/INFO]: [CHAT] Joshjamdag left the game.
[22:00:30] [Client thread/INFO]: [CHAT] <{Ninja king} _ninjaboy> foxgirl1144 i like the spawn
[22:00:36] [Client thread/INFO]: [CHAT] Cartman357mag has been a VERY naughty, naughty boy.
[22:00:37] [Client thread/INFO]: [CHAT] Banning: Cartman357mag, IP: 24.21.*.*
[22:00:37] [Client thread/INFO]: [CHAT] Cartman357mag left the game.
[22:00:42] [Client thread/INFO]: [CHAT] [TotalFreedom] You can always review the server rules here: http://totalfreedom.me/
[22:00:42] [Client thread/INFO]: [CHAT] <[GodHorseMember]  William> Banned for griefing.
[22:00:45] [Client thread/INFO]: [CHAT] <[GodHorseMember]  William> Probs.
[22:00:52] [Client thread/INFO]: [CHAT] foxgirl1144 left the game.
[22:00:58] [Client thread/INFO]: [CHAT] foxgirl1144 is a Super Admin
[22:00:59] [Client thread/INFO]: [CHAT] foxgirl1144 joined the game.
[22:00:59] [Client thread/INFO]: [CHAT] <Fluffasaurus_Rex> Stop speaking for admins please
[22:01:04] [Client thread/INFO]: [CHAT] <[GodHorseMember]  William> Welcome back foxgirl1144
[22:01:08] [Client thread/INFO]: [CHAT] [ADMIN] foxgirl1144 [SA]: I commented.
[22:01:08] [Client thread/INFO]: [CHAT] [ADMIN] Dirazi [Console]: fox
[22:01:10] [Client thread/INFO]: [CHAT] Brayden1207 left the game.
[22:01:21] [Client thread/INFO]: [CHAT] [ADMIN] MrPerson660 [STA]: this william guy is so annoying
[22:01:21] [Client thread/INFO]: [CHAT] [ADMIN] foxgirl1144 [SA]: I really dont fucking know whats going on. -.-
[22:01:24] [Client thread/INFO]: [CHAT] <[GodHorseMember]  William> mi liak ademn doe m8 :.0
[22:01:24] [Client thread/INFO]: [CHAT] Brayden1207 joined the game.
[22:01:24] [Client thread/INFO]: [CHAT] <{Ninja king} _ninjaboy> ToXicNight123 look at me
[22:01:29] [Client thread/INFO]: [CHAT] <[GodHorseMember]  William> Lol.
[22:01:41] [Client thread/INFO]: [CHAT] [ADMIN] Fluffasaurus_Rex [SrA]: Agent_L pulled some shit on the forums and griefed or something
[22:01:47] [Client thread/INFO]: [CHAT] [ADMIN] Fluffasaurus_Rex [SrA]: thats what im guessing it's about
[22:01:48] [Client thread/INFO]: [CHAT] ZexyZek joined the game.
[22:01:53] [Client thread/INFO]: [CHAT] <[GodHorseMember]  William> Wb.
[22:02:02] [Client thread/INFO]: [CHAT] lmoa left the game.
[22:02:11] [Client thread/INFO]: [CHAT] [ADMIN] foxgirl1144 [SA]: MrPerson, did u set my spawn? I wanna to save my schem
[22:02:13] [Client thread/INFO]: [CHAT] <{Ninja king} _ninjaboy> williamlikesMc
[22:02:15] [Client thread/INFO]: [CHAT] <[GodHorseMember]  William> Yes?
[22:02:16] [Client thread/INFO]: [CHAT] <{Ninja king} _ninjaboy> look atm e
[22:02:21] [Client thread/INFO]: [CHAT] <[GodHorseMember]  William> ?
[22:02:22] [Client thread/INFO]: [CHAT] <{Ninja king} _ninjaboy> im a floting body
[22:02:29] [Client thread/INFO]: [CHAT] [ADMIN] MrPerson660 [STA]: do /setspawn to set spawn :)
[22:02:32] [Client thread/INFO]: [CHAT] <[GodHorseMember]  William> Nope..
[22:02:32] [Client thread/INFO]: [CHAT] [ADMIN] VideoSmash512 [STA]: Another impersonator - My theory
[22:02:35] [Client thread/INFO]: [CHAT] [ADMIN] foxgirl1144 [SA]: mkay
[22:02:36] [Client thread/INFO]: [CHAT] ZexyZek left the game.
[22:02:38] [Client thread/INFO]: [CHAT] <{Ninja king} _ninjaboy> on my screen i am
[22:02:40] [Client thread/INFO]: [CHAT] <[GodHorseMember]  William> XD.
[22:02:44] [Client thread/INFO]: [CHAT] <{Ninja king} _ninjaboy> im scared
[22:02:47] [Client thread/INFO]: [CHAT] [Server:foxgirl1144] new spawn
[22:02:50] [Client thread/INFO]: [CHAT] <[GodHorseMember]  William> Just a glitch.
[22:02:51] [Client thread/INFO]: [CHAT] MidnightMemory is a Super Admin
[22:02:51] [Client thread/INFO]: [CHAT] MidnightMemory joined the game.
[22:02:54] [Client thread/INFO]: [CHAT] <[GodHorseMember]  William> Nice.
[22:02:57] [Client thread/INFO]: [CHAT] <[GodHorseMember]  William> Wb MidnightMemory!
[22:03:05] [Client thread/INFO]: [CHAT] <[Super Admin]  MidnightPhantom> Thanks
[22:03:12] [Client thread/INFO]: [CHAT] <[GodHorseMember]  William> Never seen you on! ;D
[22:03:14] [Client thread/INFO]: [CHAT] hot_sey_funky joined the game.
[22:03:14] [Client thread/INFO]: [CHAT] Welcome hot_sey_funky to the server!
[22:03:17] [Client thread/INFO]: [CHAT] MrPerson660 - Opping all players on the server
[22:03:17] [Client thread/INFO]: [CHAT] You are now op!
[22:03:20] [Client thread/INFO]: [CHAT] williamlikesMc - Opping hot_sey_funky
[22:03:21] [Client thread/INFO]: [CHAT] <[GodHorseMember]  William> Welcome.
[22:03:38] [Client thread/INFO]: [CHAT] <hot_sey_funky> hi
[22:03:44] [Client thread/INFO]: [CHAT] <[?][ADMIN][???] MrPerson660> hai
[22:03:45] [Client thread/INFO]: [CHAT] <[GodHorseMember]  William> Hi.
[22:04:11] [Client thread/INFO]: [CHAT] <hot_sey_funky> why do i look like this
[22:04:11] [Client thread/INFO]: [CHAT] jacksdick joined the game.
[22:04:11] [Client thread/INFO]: [CHAT] Welcome jacksdick to the server!
[22:04:23] [Client thread/INFO]: [CHAT] [ADMIN] MidnightMemory [SA]: You guys are pretty quiet.
[22:04:28] [Client thread/INFO]: [CHAT] [ADMIN] Fluffasaurus_Rex [SrA]: bored
[22:04:37] [Client thread/INFO]: [CHAT] [ADMIN] MrPerson660 [STA]: i guess i just dont have much to say tonight lol
[22:05:00] [Client thread/INFO]: [CHAT] [ADMIN] MidnightMemory [SA]: not much going on
[22:05:00] [Client thread/INFO]: [CHAT] <[GodHorseMember]  William> Do /report [Player
[22:05:17] [Client thread/INFO]: [CHAT] <[GodHorseMember]  William> Do /report [Player] [Reason] to report an online person.
[22:05:22] [Client thread/INFO]: [CHAT] <{Ninja king} _ninjaboy> xD
[22:05:30] [Client thread/INFO]: [CHAT] <[GodHorseMember]  William> Can't see at 4AM..
[22:05:36] [Client thread/INFO]: [CHAT] [ADMIN] MidnightMemory [SA]: _ninjaboy: /report _ninjaboy to sexy
[22:05:41] [Client thread/INFO]: [CHAT] [ADMIN] foxgirl1144 [SA]: lol
[22:05:43] [Client thread/INFO]: [CHAT] [ADMIN] MidnightMemory [SA]: my mind...
[22:05:49] [Client thread/INFO]: [CHAT] Nitsujifuji left the game.
[22:05:53] [Client thread/INFO]: [CHAT] Nitsujifuji joined the game.
[22:05:54] [Client thread/INFO]: [CHAT] [ADMIN] MidnightMemory [SA]: ,/report MidnightMemory too pro
[22:05:59] [Client thread/INFO]: [CHAT] <[GodHorseMember]  William> Wb.
[22:06:09] [Client thread/INFO]: [CHAT] [ADMIN] Fluffasaurus_Rex [SrA]: Why does gatorade powder smell so good
[22:06:15] [Client thread/INFO]: [CHAT] [ADMIN] MidnightMemory [SA]: I dunno
[22:06:25] [Client thread/INFO]: [CHAT] [ADMIN] foxgirl1144 [SA]: Okay. I saved my shcem
[22:06:28] [Client thread/INFO]: [CHAT] [ADMIN] foxgirl1144 [SA]: schem*
[22:06:37] [Client thread/INFO]: [CHAT] [ADMIN] VideoSmash512 [STA]: /report VideoSmash512 too much swag
[22:06:48] [Client thread/INFO]: [CHAT] simodesigns joined the game.
[22:06:49] [Client thread/INFO]: [CHAT] [ADMIN] MidnightMemory [SA]: /report yourmom
[22:07:06] [Client thread/INFO]: [CHAT] DaMCHiker joined the game.
[22:07:06] [Client thread/INFO]: [CHAT] Welcome DaMCHiker to the server!
[22:07:09] [Client thread/INFO]: [CHAT] <simodesigns> say 123 if you own a minecraft server
[22:07:10] [Client thread/INFO]: [CHAT] Blaze290503 joined the game.
[22:07:11] [Client thread/INFO]: [CHAT] <DaMCHiker> who wants to 1v1?
[22:07:12] [Client thread/INFO]: [CHAT] [ADMIN] MidnightMemory [SA]: *totally not stalking ops in invis*
[22:07:12] [Client thread/INFO]: [CHAT] <{Ninja king} _ninjaboy> 123
[22:07:14] [Client thread/INFO]: [CHAT] <{Ninja king} _ninjaboy> me
[22:07:24] [Client thread/INFO]: [CHAT] [ADMIN] MidnightMemory [SA]: huehue
[22:07:24] [Client thread/INFO]: [CHAT] Unknown command. Type "/help" for help.
[22:07:28] [Client thread/INFO]: [CHAT] <DaMCHiker> lol cheater
[22:07:29] [Client thread/INFO]: [CHAT] CommandSpy enabled.
[22:07:29] [Client thread/INFO]: [CHAT] Nitsujifuji: /help 8
[22:07:31] [Client thread/INFO]: [CHAT] XxSteve1234xX: /
[22:07:31] [Client thread/INFO]: [CHAT] _ninjaboy: /survival
[22:07:33] [Client thread/INFO]: [CHAT] <{Ninja king} _ninjaboy> there
[22:07:33] [Client thread/INFO]: [CHAT] <DaMCHiker> do /speed 1
[22:07:37] [Client thread/INFO]: [CHAT] _ninjaboy: /speed 1
[22:07:37] [Client thread/INFO]: [CHAT] Blaze290503: /speed 10
[22:07:39] [Client thread/INFO]: [CHAT] simodesigns: /msg nin can i have the ip plz
[22:07:41] [Client thread/INFO]: [CHAT] Blaze290503: /speed 100
[22:07:42] [Client thread/INFO]: [CHAT] [ADMIN] VideoSmash512 [STA]: I'm going free-cam to spy on ops
[22:07:44] [Client thread/INFO]: [CHAT] Blaze290503: /speed 100
[22:07:47] [Client thread/INFO]: [CHAT] Nitsujifuji: /set
[22:07:51] [Client thread/INFO]: [CHAT] _ninjaboy: /god
[22:07:51] [Client thread/INFO]: [CHAT] [ADMIN] MidnightMemory [SA]: freecam?
[22:07:51] [Client thread/INFO]: [CHAT] _ninjaboy: /god
[22:07:54] [Client thread/INFO]: [CHAT] DaMCHiker: /spawn poopyface9999
[22:07:56] [Client thread/INFO]: [CHAT] [ADMIN] Fluffasaurus_Rex [SrA]: Does that ban admins?
[22:08:00] [Client thread/INFO]: [CHAT] DaMCHiker: /list
[22:08:00] [Client thread/INFO]: [CHAT] [ADMIN] VideoSmash512 [STA]: No.
[22:08:02] [Client thread/INFO]: [CHAT] XxSteve1234xX: /speed
[22:08:05] [Client thread/INFO]: [CHAT] <{Ninja king} _ninjaboy> im in survial
[22:08:05] [Client thread/INFO]: [CHAT] XxSteve1234xX: /speed 1
[22:08:07] [Client thread/INFO]: [CHAT] simodesigns: /msg nin can i have the ip plz
[22:08:07] [Client thread/INFO]: [CHAT] DaMCHiker: /enchant
[22:08:08] [Client thread/INFO]: [CHAT] XxSteve1234xX: /speed 1
[22:08:12] [Client thread/INFO]: [CHAT] DaMCHiker: /enchant addall
[22:08:12] [Client thread/INFO]: [CHAT] _ninjaboy: /invsee godofcod9999
[22:08:12] [Client thread/INFO]: [CHAT] williamlikesMc: /op _ninjaboy
[22:08:12] [Client thread/INFO]: [CHAT] williamlikesMc - Opping _ninjaboy
[22:08:13] [Client thread/INFO]: [CHAT] [ADMIN] Fluffasaurus_Rex [SrA]: Freecam is auto kick if you break shit i think
[22:08:14] [Client thread/INFO]: [CHAT] williamlikesMc: /list
[22:08:14] [Client thread/INFO]: [CHAT] DaMCHiker: /enchant addall
[22:08:15] [Client thread/INFO]: [CHAT] DaMCHiker: /enchant addall
[22:08:15] [Client thread/INFO]: [CHAT] XxSteve1234xX: /speed 10
[22:08:18] [Client thread/INFO]: [CHAT] DaMCHiker: /enchant addall
[22:08:22] [Client thread/INFO]: [CHAT] <{Ninja king} _ninjaboy> to 1v1
[22:08:22] [Client thread/INFO]: [CHAT] [ADMIN] VideoSmash512 [STA]: Doesn't seem to.
[22:08:22] [Client thread/INFO]: [CHAT] DaMCHiker: /enchant addall
[22:08:24] [Client thread/INFO]: [CHAT] XxSteve1234xX: /speed 20
[22:08:27] [Client thread/INFO]: [CHAT] DaMCHiker: /whois god
[22:08:27] [Client thread/INFO]: [CHAT] XxSteve1234xX: /speed 5
[22:08:29] [Client thread/INFO]: [CHAT] simodesigns: /msg nin can i have the ip plz plz
[22:08:30] [Client thread/INFO]: [CHAT] simodesigns: /msg nin can i have the ip plz plz
[22:08:31] [Client thread/INFO]: [CHAT] [ADMIN] Fluffasaurus_Rex [SrA]: I wonder if they removed it
[22:08:31] [Client thread/INFO]: [CHAT] simodesigns: /msg nin can i have the ip plz plz
[22:08:31] [Client thread/INFO]: [CHAT] <[GodHorseMember]  William> Oww.
[22:08:31] [Client thread/INFO]: [CHAT] simodesigns: /msg nin can i have the ip plz plz
[22:08:31] [Client thread/INFO]: [CHAT] DaMCHiker: /spawn go
[22:08:33] [Client thread/INFO]: [CHAT] Nitsujifuji: //set 49
[22:08:39] [Client thread/INFO]: [CHAT] <{Ninja king} _ninjaboy> DaMCHiker get ready...
[22:08:39] [Client thread/INFO]: [CHAT] <DaMCHiker> lol so many GM1 PVPers
[22:08:41] [Client thread/INFO]: [CHAT] <[GodHorseMember]  William> Do /list to see the online Staff and OP's.
[22:08:42] [Client thread/INFO]: [CHAT] simodesigns: /spawn
[22:08:42] [Client thread/INFO]: [CHAT] [ADMIN] Fluffasaurus_Rex [SrA]: I think i can still get kicked for breaking blocks too fast
[22:08:45] [Client thread/INFO]: [CHAT] Brayden1207: /list
[22:08:46] [Client thread/INFO]: [CHAT] williamlikesMc: /tpo damchiker
[22:08:47] [Client thread/INFO]: [CHAT] <{Ninja king} _ninjaboy> Im in survival
[22:08:47] [Client thread/INFO]: [CHAT] simodesigns: /msg nin can i have the ip plz plz
[22:08:47] [Client thread/INFO]: [CHAT] DaMCHiker: /gms
[22:08:48] [Client thread/INFO]: [CHAT] simodesigns: /msg nin can i have the ip plz plz
[22:08:48] [Client thread/INFO]: [CHAT] Blaze290503: //wand
[22:08:49] [Client thread/INFO]: [CHAT] <[GodHorseMember]  William> 3
[22:08:50] [Client thread/INFO]: [CHAT] simodesigns: /msg nin can i have the ip plz plz
[22:08:50] [Client thread/INFO]: [CHAT] <DaMCHiker> me 2
[22:08:50] [Client thread/INFO]: [CHAT] hot_sey_funky left the game.
[22:08:50] [Client thread/INFO]: [CHAT] <{Ninja king} _ninjaboy> im getting hit =....
[22:08:50] [Client thread/INFO]: [CHAT] <[GodHorseMember]  William> 2
[22:08:52] [Client thread/INFO]: [CHAT] simodesigns: /msg nin can i have the ip plz plz
[22:08:52] [Client thread/INFO]: [CHAT] <[GodHorseMember]  William> 1
[22:08:52] [Client thread/INFO]: [CHAT] <[GodHorseMember]  William> GO!
[22:08:54] [Client thread/INFO]: [CHAT] simodesigns: /msg nin can i have the ip plz plz
[22:08:54] [Client thread/INFO]: [CHAT] Blaze290503: /speed 5
[22:08:56] [Client thread/INFO]: [CHAT] simodesigns: /msg nin can i have the ip plz plz
[22:08:56] [Client thread/INFO]: [CHAT] simodesigns: /msg nin can i have the ip plz plz
[22:08:58] [Client thread/INFO]: [CHAT] simodesigns: /msg nin can i have the ip plz plz
[22:08:58] [Client thread/INFO]: [CHAT] <{Ninja king} _ninjaboy> nice hacks
[22:08:59] [Client thread/INFO]: [CHAT] simodesigns: /msg nin can i have the ip plz plz
[22:09:00] [Client thread/INFO]: [CHAT] simodesigns: /msg nin can i have the ip plz plz
[22:09:00] [Client thread/INFO]: [CHAT] simodesigns: /msg nin can i have the ip plz plz
[22:09:01] [Client thread/INFO]: [CHAT] simodesigns: /msg nin can i have the ip plz plz
[22:09:02] [Client thread/INFO]: [CHAT] simodesigns: /msg nin can i have the ip plz plz
[22:09:02] [Client thread/INFO]: [CHAT] simodesigns: /msg nin can i have the ip plz plz
[22:09:02] [Client thread/INFO]: [CHAT] _ninjaboy: /invsee damchiker
[22:09:03] [Client thread/INFO]: [CHAT] MrPerson660 - Blocking all commands for simodesigns
[22:09:07] [Client thread/INFO]: [CHAT] <[GodHorseMember]  William> Hacking is allowed!
[22:09:07] [Client thread/INFO]: [CHAT] Blaze290503: //replace 0
[22:09:08] [Client thread/INFO]: [CHAT] <{Ninja king} _ninjaboy> lol nice sword
[22:09:09] [Client thread/INFO]: [CHAT] Brayden1207: /warp pvp
[22:09:09] [Client thread/INFO]: [CHAT] Blaze290503: //replace 0
[22:09:09] [Client thread/INFO]: [CHAT] Blaze290503: //replace 0
[22:09:10] [Client thread/INFO]: [CHAT] Blaze290503: //replace 0
[22:09:10] [Client thread/INFO]: [CHAT] Blaze290503: //replace 0
[22:09:10] [Client thread/INFO]: [CHAT] Blaze290503: //replace 0
[22:09:10] [Client thread/INFO]: [CHAT] Blaze290503: //replace 0
[22:09:11] [Client thread/INFO]: [CHAT] Blaze290503: //replace 0
[22:09:12] [Client thread/INFO]: [CHAT] <[?][ADMIN][???] MrPerson660> simodesigns dont spam other people's msg
[22:09:12] [Client thread/INFO]: [CHAT] <simodesigns> what
[22:09:12] [Client thread/INFO]: [CHAT] Blaze290503: //replace 0
[22:09:12] [Client thread/INFO]: [CHAT] Blaze290503: //replace 0
[22:09:12] [Client thread/INFO]: [CHAT] <[GodHorseMember]  William> As long as it doesn't harm the server.
[22:09:12] [Client thread/INFO]: [CHAT] Blaze290503: //replace 0
[22:09:13] [Client thread/INFO]: [CHAT] Nitsujifuji: //set 11
[22:09:14] [Client thread/INFO]: [CHAT] Nitsujifuji used a forbidden WorldEdit block type: stationary_lava
[22:09:14] [Client thread/INFO]: [CHAT] Blaze290503: //replace 0
[22:09:14] [Client thread/INFO]: [CHAT] Blaze290503: //replace 0
[22:09:14] [Client thread/INFO]: [CHAT] Blaze290503: //replace 0
[22:09:14] [Client thread/INFO]: [CHAT] XxSteve1234xX: /give
[22:09:14] [Client thread/INFO]: [CHAT] Blaze290503: //replace 0
[22:09:16] [Client thread/INFO]: [CHAT] *  OpBeast101 is now AFK.
[22:09:17] [Client thread/INFO]: [CHAT] ToXicNight123 left the game.
[22:09:17] [Client thread/INFO]: [CHAT] Blaze290503: /fill
[22:09:18] [Client thread/INFO]: [CHAT] Brayden1207: /tp williamlikesmc
[22:09:18] [Client thread/INFO]: [CHAT] XxSteve1234xX: /give xxsteve1234xx
[22:09:22] [Client thread/INFO]: [CHAT] Fluffasaurus_Rex is breaking blocks too fast!
[22:09:22] [Client thread/INFO]: [CHAT] Fluffasaurus_Rex has been banned for 1 minute.
[22:09:22] [Client thread/INFO]: [CHAT] Fluffasaurus_Rex left the game.
[22:09:22] [Client thread/INFO]: [CHAT] Nitsujifuji: //set 1
[22:09:27] [Client thread/INFO]: [CHAT] <[GodHorseMember]  William> LOL
[22:09:27] [Client thread/INFO]: [CHAT] [ADMIN] VideoSmash512 [STA]: I opened some hax
[22:09:27] [Client thread/INFO]: [CHAT] Poopyface9999: /tp poopyface9999 godofcod9999
[22:09:28] [Client thread/INFO]: [CHAT] Fluffasaurus_Rex is a Senior Admin and master-builder
[22:09:28] [Client thread/INFO]: [CHAT] Fluffasaurus_Rex joined the game.
[22:09:29] [Client thread/INFO]: [CHAT] <DaMCHiker> lol cheater
[22:09:29] [Client thread/INFO]: [CHAT] williamlikesMc: /list
[22:09:30] [Client thread/INFO]: [CHAT] <King Brayden1207> lag
[22:09:31] [Client thread/INFO]: [CHAT] <[GodHorseMember]  William> Wb Fluffasaurus_Rex
[22:09:32] [Client thread/INFO]: [CHAT] Blaze290503 has been a VERY naughty, naughty boy.
[22:09:32] [Client thread/INFO]: [CHAT] <simodesigns> unblock my commands
[22:09:32] [Client thread/INFO]: [CHAT] Banning: Blaze290503, IP: 124.197.*.* - Reason: Griefing
[22:09:32] [Client thread/INFO]: [CHAT] Blaze290503 left the game.
[22:09:32] [Client thread/INFO]: [CHAT] ToXicNight123 joined the game.
[22:09:32] [Client thread/INFO]: [CHAT] Poopyface9999: /back
[22:09:32] [Client thread/INFO]: [CHAT] [ADMIN] Fluffasaurus_Rex [SrA]: told you
[22:09:33] [Client thread/INFO]: [CHAT] <[GodHorseMember]  William> LOL
[22:09:34] [Client thread/INFO]: [CHAT] [ADMIN] MidnightMemory [SA]: gj fluff
[22:09:34] [Client thread/INFO]: [CHAT] Poopyface9999: /back
[22:09:35] [Client thread/INFO]: [CHAT] Fluffasaurus_Rex - Opping all players on the server
[22:09:35] [Client thread/INFO]: [CHAT] You are now op!
[22:09:37] [Client thread/INFO]: [CHAT] ToXicNight123: /afk
[22:09:37] [Client thread/INFO]: [CHAT] *  OpBeast101 is now AFK.
[22:09:39] [Client thread/INFO]: [CHAT] Nitsujifuji: /set 55
[22:09:43] [Client thread/INFO]: [CHAT] <{Ninja king} _ninjaboy> someone gmed me
[22:09:43] [Client thread/INFO]: [CHAT] Nitsujifuji: //set55
[22:09:45] [Client thread/INFO]: [CHAT] Nitsujifuji: //set 55
[22:09:45] [Client thread/INFO]: [CHAT] Nitsujifuji used a forbidden WorldEdit block type: redstone_wire
[22:09:46] [Client thread/INFO]: [CHAT] DaMCHiker: /gms
[22:09:48] [Client thread/INFO]: [CHAT] williamlikesMc: /survival _ninjaboy
[22:09:50] [Client thread/INFO]: [CHAT] _ninjaboy: /ci
[22:09:50] [Client thread/INFO]: [CHAT] MrPerson660 - Opping all players on the server
[22:09:50] [Client thread/INFO]: [CHAT] You are now op!
[22:09:51] [Client thread/INFO]: [CHAT] Nitsujifuji: //set 43
[22:09:51] [Client thread/INFO]: [CHAT] _ninjaboy: /enderchest
[22:09:52] [Client thread/INFO]: [CHAT] godofcod9999: /back
[22:09:52] [Client thread/INFO]: [CHAT] MrPerson660 - Purging all player data
[22:09:53] [Client thread/INFO]: [CHAT] * VideoSmash512 is now AFK.
[22:09:54] [Client thread/INFO]: [CHAT] DaMCHiker: /gms
[22:09:55] [Client thread/INFO]: [CHAT] <[GodHorseMember]  William> It's Opall.
[22:31:57] [Client thread/INFO]: Connecting to play.totalfreedom.me., 28965
[22:31:58] [Client thread/INFO]: [CHAT] VideoSmash512 is a Telnet Admin and a gamer!
[22:31:58] [Client thread/INFO]: [CHAT] VideoSmash512 joined the game.
[22:31:58] [Client thread/INFO]: [CHAT] legomaster995: /tag
[22:31:58] [Client thread/INFO]: [CHAT] Welcome, VideoSmash512!
[22:31:58] [Client thread/INFO]: [CHAT] Type /help for a list of commands.
[22:31:58] [Client thread/INFO]: [CHAT] Type /list to see who else is online.
[22:31:58] [Client thread/INFO]: [CHAT] Remember to save your builds with World Edit or they’ll be lost.
[22:31:58] [Client thread/INFO]: [CHAT] You have no new mail.
[22:31:58] [Client thread/INFO]: [CHAT] Ollie_Knights: /tag set
[22:31:59] [Client thread/INFO]: [CHAT] Withered_Bonnie: /tag set
[22:32:00] [Client thread/INFO]: [CHAT] DoomSlayer123: /tag set &0&l[&6&lcocadictive&0&l]
[22:32:00] [Client thread/INFO]: [CHAT] Ollie_Knights: /tag set we
[22:32:01] [Client thread/INFO]: [CHAT] ForeverFOXY: /tag set
[22:32:01] [Client thread/INFO]: [CHAT] [ADMIN] foxgirl1144 [SA]: Knew it
[22:32:02] [Client thread/INFO]: [CHAT] <[GodHorseMember]  William> Wb VideoSmash512
[22:32:04] [Client thread/INFO]: [CHAT] <we Ollie_Knights> t
[22:32:07] [Client thread/INFO]: [CHAT] [ADMIN] VideoSmash512 [STA]: ?
[22:32:10] [Client thread/INFO]: [CHAT] williamlikesMc: /tag set [tagname]
[22:32:10] [Client thread/INFO]: [CHAT] *  MidnightPhantom is no longer AFK.
[22:32:13] [Client thread/INFO]: [CHAT] <[TagName]  William> Like that
[22:32:13] [Client thread/INFO]: [CHAT] <[TagName]  William> Wait..
[22:32:16] [Client thread/INFO]: [CHAT] <[TagName]  William> Ugh..
[22:32:17] [Client thread/INFO]: [CHAT] SuperShadow954: /me &4&leveryone come to barbercraft.mcserver.ws please epic marrige server
[22:32:17] [Client thread/INFO]: [CHAT] * SuperShadow954 Everyone come to barbercraft.mcserver.ws please epic Marrige server
[22:32:18] [Client thread/INFO]: [CHAT] <[?][ADMIN][???] MrPerson660> lmao
[22:32:18] [Client thread/INFO]: [CHAT] williamlikesMc: /nick off
[22:32:20] [Client thread/INFO]: [CHAT] DoomSlayer123: /nick &4&lbarbarianking
[22:32:24] [Client thread/INFO]: [CHAT] SuperShadow954: /me &4&leveryone come to barbercraft.mcserver.ws please epic marrige server
[22:32:24] [Client thread/INFO]: [CHAT] * SuperShadow954 Everyone come to barbercraft.mcserver.ws please epic Marrige server
[22:32:24] [Client thread/INFO]: [CHAT] Withered_Bonnie: /tag set &8fnaf
[22:32:24] [Client thread/INFO]: [CHAT] <[CoCAdictive]  BarbarianKing> Hi!
[22:32:25] [Client thread/INFO]: [CHAT] <11crafty11> Welcome back video
[22:32:25] [Client thread/INFO]: [CHAT] ReAcTiiOn: /tag
[22:32:25] [Client thread/INFO]: [CHAT] Im_4nthony: /give im_4nthony minecraft:potion 1 8194
[22:32:27] [Client thread/INFO]: [CHAT] MrPerson660 - Muting SuperShadow954
[22:32:29] [Client thread/INFO]: [CHAT] carlofurry: /spawner wither
[22:32:34] [Client thread/INFO]: [CHAT] <[TagName] williamlikesMc> Don't avertise more than once, muted.
[22:32:34] [Client thread/INFO]: [CHAT] carlofurry: /spawner wither
[22:32:35] [Client thread/INFO]: [CHAT] [Server:MrPerson660] SuperShadow954 You can only advertise once
[22:32:35] [Client thread/INFO]: [CHAT] Withered_Bonnie: /w withered_bonnie
[22:32:36] [Client thread/INFO]: [CHAT] carlofurry: /spawner wither
[22:32:36] [Client thread/INFO]: [CHAT] williamlikesMc: /tag off
[22:32:36] [Client thread/INFO]: [CHAT] ForeverFOXY: /tag set &b&loverlord
[22:32:36] [Client thread/INFO]: [CHAT] Im_4nthony: /give im_4nthony minecraft:potion 1 8194
[22:32:37] [Client thread/INFO]: [CHAT] carlofurry: /spawner wither
[22:32:38] [Client thread/INFO]: [CHAT] Joenicola left the game.
[22:32:38] [Client thread/INFO]: [CHAT] Withered_Bonnie: /w withered_bonnie ?
[22:32:39] [Client thread/INFO]: [CHAT] carlofurry: /spawner wither
[22:32:42] [Client thread/INFO]: [CHAT] <[Telnet Admin] Dirazi> Lmao I made players fly.
[22:32:42] [Client thread/INFO]: [CHAT] DoomSlayer123 left the game.
[22:32:42] [Client thread/INFO]: [CHAT] williamlikesMc: /nick &4&lwilliam
[22:32:44] [Client thread/INFO]: [CHAT] Ollie_Knights: /tag set &c[&etotalkek&c]
[22:32:44] [Client thread/INFO]: [CHAT] Set flying speed to 10 for VideoSmash512.
[22:32:44] [Client thread/INFO]: [CHAT] xXDat_bruhXx joined the game.
[22:32:44] [Client thread/INFO]: [CHAT] <[?][ADMIN][???] MrPerson660> williamlikesMc please dont speak for admins, fluff already warned you about this
[22:32:44] [Client thread/INFO]: [CHAT] Welcome xXDat_bruhXx to the server!
[22:32:47] [Client thread/INFO]: [CHAT] <xXDat_bruhXx> hey
[22:32:47] [Client thread/INFO]: [CHAT] <[Super Admin]  FoxieFox> lmfao
[22:32:48] [Client thread/INFO]: [CHAT] carlofurry: /
[22:32:49] [Client thread/INFO]: [CHAT] <[Super Admin]  FoxieFox> XD
[22:32:49] [Client thread/INFO]: [CHAT] ForeverFOXY: /tag set &b&loverlord&8
[22:32:51] [Client thread/INFO]: [CHAT] Th3Pr0 joined the game.
[22:32:51] [Client thread/INFO]: [CHAT] Welcome Th3Pr0 to the server!
[22:32:52] [Client thread/INFO]: [CHAT] THEBLAHBRO left the game.
[22:32:53] [Client thread/INFO]: [CHAT] ForeverFOXY: /tag set &b&loverlord&7
[22:32:53] [Client thread/INFO]: [CHAT] SuperShadow954 left the game.
[22:32:54] [Client thread/INFO]: [CHAT] popcardel: //set cobblestone
[22:32:54] [Client thread/INFO]: [CHAT] <[Super Admin]  FoxieFox> stahp
[22:32:54] [Client thread/INFO]: [CHAT] Withered_Bonnie: /tag set
[22:32:55] [Client thread/INFO]: [CHAT] MrPerson660 - Opping all players on the server
[22:32:55] [Client thread/INFO]: [CHAT] You are now op!
[22:32:55] [Client thread/INFO]: [CHAT] <11crafty11> Yo hi video?
[22:32:55] [Client thread/INFO]: [CHAT] <[TotalKek] Ollie_Knights> hey this is my TAg xD
[22:32:56] [Client thread/INFO]: [CHAT] < William> How is that admin stuff ?
[22:32:57] [Client thread/INFO]: [CHAT] <xXDat_bruhXx> join 108.170.49.138:29595
[22:32:57] [Client thread/INFO]: [CHAT] MARKJESTHERAFK37 joined the game.
[22:32:57] [Client thread/INFO]: [CHAT] Welcome MARKJESTHERAFK37 to the server!
[22:33:00] [Client thread/INFO]: [CHAT] ForeverFOXY: /tag set &b&loverlord&7
[22:33:01] [Client thread/INFO]: [CHAT] Withered_Bonnie: /tag set clear
[22:33:01] [Client thread/INFO]: [CHAT] <[Telnet Admin] Dirazi> Go outside D:
[22:33:02] [Client thread/INFO]: [CHAT] Th3Pr0: /skull vpainv
[22:33:03] [Client thread/INFO]: [CHAT] DoomSlayer123 joined the game.
[22:33:05] [Client thread/INFO]: [CHAT] Rootcommander left the game.
[22:33:05] [Client thread/INFO]: [CHAT] <[Super Admin]  FoxieFox> Nah
[22:33:05] [Client thread/INFO]: [CHAT] Withered_Bonnie: /tag clear
[22:33:08] [Client thread/INFO]: [CHAT] Ollie_Knights: /tag set &c[&etotalkek&c]&a
[22:33:09] [Client thread/INFO]: [CHAT] <[TotalKek] Ollie_Knights> t
[22:33:09] [Client thread/INFO]: [CHAT] ForeverFOXY: /m foreverfoxy hi
[22:33:11] [Client thread/INFO]: [CHAT] First position set to (1.6000011E7, 55.0, 1.6000429E7).
[22:33:12] [Client thread/INFO]: [CHAT] <xXDat_bruhXx> t
[22:33:14] [Client thread/INFO]: [CHAT] Second position set to (1.5999998E7, 50.0, 1.6000461E7) (2772).
[22:33:14] [Client thread/INFO]: [CHAT] Withered_Bonnie: /tag clearall
[22:33:14] [Client thread/INFO]: [CHAT] carlofurry: /spawner enderman
[22:33:16] [Client thread/INFO]: [CHAT] <OverLord  ForeverFOXY> HI
[22:33:16] [Client thread/INFO]: [CHAT] <xXDat_bruhXx> join 108.170.49.138:29595
[22:33:17] [Client thread/INFO]: [CHAT] carlofurry: /spawner enderman
[22:33:18] [Client thread/INFO]: [CHAT] Im_4nthony left the game.
[22:33:18] [Client thread/INFO]: [CHAT] Ollie_Knights: /nick ollie_knights
[22:33:18] [Client thread/INFO]: [CHAT] carlofurry: /spawner enderman
[22:33:19] [Client thread/INFO]: [CHAT] MrPerson660 - Muting xXDat_bruhXx
[22:33:19] [Client thread/INFO]: [CHAT] carlofurry: /
[22:33:19] [Client thread/INFO]: [CHAT] Max blocks changed in an operation reached (1000).
[22:33:20] [Client thread/INFO]: [CHAT] <[CoCAdictive]  BarbarianKing> hai Foxy
[22:33:20] [Client thread/INFO]: [CHAT] carlofurry: /
[22:33:21] [Client thread/INFO]: [CHAT] <OverLord  ForeverFOXY> oh yes
[22:33:22] [Client thread/INFO]: [CHAT] carlofurry: /spawner enderman
[22:33:24] [Client thread/INFO]: [CHAT] <[Super Admin]  FoxieFox> haha
[22:33:24] [Client thread/INFO]: [CHAT] carlofurry: /spawner enderman
[22:33:24] [Client thread/INFO]: [CHAT] Withered_Bonnie: /tag clear withered_bonnie
[22:33:26] [Client thread/INFO]: [CHAT] carlofurry: /spawner enderman
[22:33:26] [Client thread/INFO]: [CHAT] <[Super Admin]  FoxieFox> OMG
[22:33:26] [Client thread/INFO]: [CHAT] carlofurry: /spawner enderman
[22:33:26] [Client thread/INFO]: [CHAT] popcardel: //center lapizlazuli
[22:33:28] [Client thread/INFO]: [CHAT] DoomSlayer123: /spawn
[22:33:29] [Client thread/INFO]: [CHAT] carlofurry: /spawner enderman
[22:33:29] [Client thread/INFO]: [CHAT] Im_4nthony joined the game.
[22:33:29] [Client thread/INFO]: [CHAT] Th3Pr0: /skull foreverfoxy
[22:33:29] [Client thread/INFO]: [CHAT] carlofurry: /spawner enderman
[22:33:31] [Client thread/INFO]: [CHAT] Withered_Bonnie: /
[22:33:31] [Client thread/INFO]: [CHAT] carlofurry: /spawner enderman
[22:33:32] [Client thread/INFO]: [CHAT] carlofurry: /
[22:33:33] [Client thread/INFO]: [CHAT] carlofurry: /
[22:33:33] [Client thread/INFO]: [CHAT] xXDat_bruhXx left the game.
[22:33:35] [Client thread/INFO]: [CHAT] <[?][ADMIN][???] MrPerson660> youre always commentating on what admins are doing, and anticipating openly why you think we do thin
[22:33:35] [Client thread/INFO]: [CHAT] carlofurry: /spawner enderman
[22:33:35] [Client thread/INFO]: [CHAT] Ollie_Knights left the game.
[22:33:36] [Client thread/INFO]: [CHAT] williamlikesMc: /tag set &7&l[&6&lgodhorse&e&lmember&7&l]
[22:33:38] [Client thread/INFO]: [CHAT] Im_4nthony: /give im_4nthony minecraft:potion 1 8194
[22:33:38] [Client thread/INFO]: [CHAT] carlofurry: /spawner enderman
[22:33:38] [Client thread/INFO]: [CHAT] <[?][ADMIN][???] MrPerson660> thins
[22:33:39] [Client thread/INFO]: [CHAT] carlofurry: /spawner enderman
[22:33:41] [Client thread/INFO]: [CHAT] supergameplayer left the game.
[22:33:41] [Client thread/INFO]: [CHAT] carlofurry: /spawner enderman
[22:33:41] [Client thread/INFO]: [CHAT] carlofurry: /spawner enderman
[22:33:42] [Client thread/INFO]: [CHAT] ForeverFOXY: /tag set &b&loverlord&f>
[22:33:44] [Client thread/INFO]: [CHAT] carlofurry: /spawner enderman
[22:33:44] [Client thread/INFO]: [CHAT] <[?][ADMIN][???] MrPerson660> fluffasaurus already warned you about this
[22:33:45] [Client thread/INFO]: [CHAT] <[Super Admin]  FoxieFox> nonon
[22:33:47] [Client thread/INFO]: [CHAT] Th3Pr0: /skull mrperson660
[22:33:48] [Client thread/INFO]: [CHAT] <[Super Admin]  FoxieFox> XD
[22:33:48] [Client thread/INFO]: [CHAT] Brayden1207 joined the game.
[22:33:48] [Client thread/INFO]: [CHAT] carlofurry: /spawner enderman
[22:33:49] [Client thread/INFO]: [CHAT] VideoSmash512 is breaking blocks too fast!
[22:33:52] [Client thread/INFO]: Connecting to play.totalfreedom.me., 28965
[22:33:56] [Client thread/INFO]: [CHAT] VideoSmash512 is a Telnet Admin and a gamer!
[22:33:56] [Client thread/INFO]: [CHAT] VideoSmash512 joined the game.
[22:33:56] [Client thread/INFO]: [CHAT] Welcome, VideoSmash512!
[22:33:56] [Client thread/INFO]: [CHAT] Type /help for a list of commands.
[22:33:56] [Client thread/INFO]: [CHAT] Type /list to see who else is online.
[22:33:56] [Client thread/INFO]: [CHAT] Remember to save your builds with World Edit or they’ll be lost.
[22:33:56] [Client thread/INFO]: [CHAT] You have no new mail.
[22:33:56] [Client thread/INFO]: [CHAT] wogboy_98 joined the game.
[22:33:56] [Client thread/INFO]: [CHAT] Welcome wogboy_98 to the server!
[22:33:56] [Client thread/INFO]: [CHAT] carlofurry: /spawner enderman
[22:33:57] [Client thread/INFO]: [CHAT] carlofurry: /spawner enderman
[22:33:59] [Client thread/INFO]: [CHAT] carlofurry: /spawner enderman
[22:34:00] [Client thread/INFO]: [CHAT] <[GodHorseMember]  William> Wb VideoSmash512 and guys
[22:34:00] [Client thread/INFO]: [CHAT] <11crafty11> Hi video
[22:34:03] [Client thread/INFO]: [CHAT] MrPerson660 - Purging all player data
[22:34:10] [Client thread/INFO]: [CHAT] Im_4nthony: /give im_4nthony minecraft:potion 1 8199
[22:34:11] [Client thread/INFO]: [CHAT] Withered_Bonnie: /tag set &l&8[fnaf]
[22:34:11] [Client thread/INFO]: [CHAT] PacksGamingHD is a Super Admin and Owner of PacksNetwork!
[22:34:11] [Client thread/INFO]: [CHAT] PacksGamingHD joined the game.
[22:34:14] [Client thread/INFO]: [CHAT] Setting VideoSmash512 to game mode 'Creative'.
[22:34:14] [Client thread/INFO]: [CHAT] VideoSmash512 set your game mode to 'Creative'.
[22:34:14] [Client thread/INFO]: [CHAT] Your game mode has been updated
[22:34:14] [Client thread/INFO]: [CHAT] popcardel: //set cobblestone
[22:34:15] [Client thread/INFO]: [CHAT] <11crafty11> Hi packs
[22:34:16] [Client thread/INFO]: [CHAT] <[GodHorseMember]  William> Welcome back PacksGamingHD
[22:34:23] [Client thread/INFO]: [CHAT] Player IPs: 97.124.233.78, 67.164.156.221, 77.99.181.102, 101.186.42.204, 111.95.174.196, 46.208.165.39, 65.128.15.248, 146.90.108.69, 71.211.141.156, 2.90.44.147, 2.91.80.92, 80.202.150.193, 74.117.86.18, 118.136.206.61, 92.28.175.51, 176.248.145.126, 78.58.70.226, 175.156.206.117
[22:34:26] [Client thread/INFO]: [CHAT] <[Telnet Admin] Dirazi> Lel
[22:34:27] [Client thread/INFO]: [CHAT] [ADMIN] MrPerson660 [STA]: lol
[22:34:28] [Client thread/INFO]: [CHAT] ForeverFOXY: /spawn
[22:34:28] [Client thread/INFO]: [CHAT] popcardel: //set cobblestone
[22:34:34] [Client thread/INFO]: Connecting to play.totalfreedom.me., 28965
[22:34:35] [Client thread/INFO]: [CHAT] VideoSmash512 is a Telnet Admin and a gamer!
[22:34:35] [Client thread/INFO]: [CHAT] VideoSmash512 joined the game.
[22:34:35] [Client thread/INFO]: [CHAT] Welcome, VideoSmash512!
[22:34:35] [Client thread/INFO]: [CHAT] Type /help for a list of commands.
[22:34:35] [Client thread/INFO]: [CHAT] Type /list to see who else is online.
[22:34:35] [Client thread/INFO]: [CHAT] Remember to save your builds with World Edit or they’ll be lost.
[22:34:35] [Client thread/INFO]: [CHAT] You have no new mail.
[22:34:35] [Client thread/INFO]: [CHAT] Set fly mode enabled for VideoSmash512.
[22:34:37] [Client thread/INFO]: [CHAT] williamlikesMc: /msg williamlikesmc it's funny to see how a 9 year old runs a server ;,)
[22:34:38] [Client thread/INFO]: [CHAT] Im_4nthony: /give im_4nthony minecraft:potion 1 8199
[22:34:38] [Client thread/INFO]: [CHAT] <[GodHorseMember]  William> Wb.
[22:34:40] [Client thread/INFO]: [CHAT] <11crafty11> GG video
[22:34:41] [Client thread/INFO]: [CHAT] wogboy_98: /me &a&l108.170.49.138:29595 for awesome server nice staff and everything apply for staff
[22:34:41] [Client thread/INFO]: [CHAT] * wogboy_98 108.170.49.138:29595 for awesome server nice staff and everything apply for staff
[22:34:41] [Client thread/INFO]: [CHAT] <[Telnet Admin] Dirazi> Clownfish gives me way to much enjoyment.
[22:34:43] [Client thread/INFO]: [CHAT] popcardel: //set cobblestone
[22:34:44] [Client thread/INFO]: [CHAT] [ADMIN] foxgirl1144 [SA]: lol xD
[22:34:45] [Client thread/INFO]: [CHAT] carlofurry: /spawner wither skelleton
[22:34:45] [Client thread/INFO]: [CHAT] williamlikesMc: /r but he is good..
[22:34:48] [Client thread/INFO]: [CHAT] ForeverFOXY: /plugins
[22:34:48] [Client thread/INFO]: [CHAT] <[?][ADMIN][???] MrPerson660> ikr lol
[22:34:50] [Client thread/INFO]: [CHAT] <[GodHorseMember]  William> ?
[22:34:51] [Client thread/INFO]: [CHAT] <[Super Admin]  FoxieFox> NU
[22:34:54] [Client thread/INFO]: [CHAT] Im_4nthony: /gamerule keepinventory true
[22:34:54] [Client thread/INFO]: [CHAT] carlofurry: /spawner witherskeliton
[22:34:57] [Client thread/INFO]: [CHAT] Error: Unknown item name: axe.
[22:34:59] [Client thread/INFO]: [CHAT] <[Telnet Admin] Dirazi> I make players launch xD
[22:34:59] [Client thread/INFO]: [CHAT] Im_4nthony: /gamemode 0
[22:35:01] [Client thread/INFO]: [CHAT] Im_4nthony: /time set 13000
[22:35:01] [Client thread/INFO]: [CHAT] Giving 64 of diamond axe
[22:35:01] [Client thread/INFO]: [CHAT] <[GodHorseMember]  William> xD.
[22:35:01] [Client thread/INFO]: [CHAT] Th3Pr0: /skull withered_bonnie
[22:35:02] [Client thread/INFO]: [CHAT] <[Super Admin]  FoxieFox> fuck u xD
[22:35:04] [Client thread/INFO]: [CHAT] carlofurry: /spawner witherskeleton
[22:35:05] [Client thread/INFO]: [CHAT] wogboy_98: /me &a&l108.170.49.138:29595 for awesome server nice staff and everything apply for staff
[22:35:05] [Client thread/INFO]: [CHAT] * wogboy_98 108.170.49.138:29595 for awesome server nice staff and everything apply for staff
[22:35:11] [Client thread/INFO]: [CHAT] carlofurry: /spawner wither_skeleton
[22:35:12] [Client thread/INFO]: [CHAT] <[Super Admin]  FoxieFox> wtf
[22:35:14] [Client thread/INFO]: [CHAT] <[GodHorseMember]  William> Don't avertise more than once.
[22:35:17] [Client thread/INFO]: [CHAT] Im_4nthony: /give im_4nthony minecraft:sea_lantern 64 0
[22:35:20] [Client thread/INFO]: [CHAT] <[Telnet Admin] Dirazi> .antiknockback
[22:35:20] [Client thread/INFO]: [CHAT] Im_4nthony: /give im_4nthony minecraft:stained_glass_pane 64 1
[22:35:21] [Client thread/INFO]: [CHAT] ReAcTiiOn left the game.
[22:35:26] [Client thread/INFO]: [CHAT] Im_4nthony: /give im_4nthony minecraft:experience_bottle 64 0
[22:35:26] [Client thread/INFO]: [CHAT] carlofurry: /spawner creeper
[22:35:28] [Client thread/INFO]: [CHAT] Withered_Bonnie: /.
[22:35:30] [Client thread/INFO]: [CHAT] carlofurry: /spawner creeper
[22:35:30] [Client thread/INFO]: [CHAT] MidnightMemory left the game.
[22:35:30] [Client thread/INFO]: [CHAT] <[GodHorseMember]  William> Click k for anti knock back.
[22:35:31] [Client thread/INFO]: [CHAT] <[Telnet Admin] Dirazi> lolno
[22:35:32] [Client thread/INFO]: [CHAT] carlofurry: /spawner creeper
[22:35:32] [Client thread/INFO]: [CHAT] Im_4nthony: /give im_4nthony minecraft:potion 1 8238
[22:35:34] [Client thread/INFO]: [CHAT] carlofurry: /spawner creeper
[22:35:34] [Client thread/INFO]: [CHAT] <[Super Admin]  FoxieFox> k
[22:35:35] [Client thread/INFO]: [CHAT] <[GodHorseMember]  William> If you have hunzui.
[22:35:35] [Client thread/INFO]: [CHAT] <[Telnet Admin] Dirazi> k
[22:35:35] [Client thread/INFO]: [CHAT] <[CoCAdictive]  BarbarianKing> .help
[22:35:40] [Client thread/INFO]: [CHAT] Th3Pr0: /antiknockvack
[22:35:40] [Client thread/INFO]: [CHAT] wogboy_98: /me &a&l108.170.49.138:29595 for awesome server nice staff and everything apply for staff
[22:35:40] [Client thread/INFO]: [CHAT] * wogboy_98 108.170.49.138:29595 for awesome server nice staff and everything apply for staff
[22:35:43] [Client thread/INFO]: [CHAT] popcardel left the game.
[22:35:46] [Client thread/INFO]: [CHAT] Dirazi left the game.
[22:35:47] [Client thread/INFO]: [CHAT] wogboy_98 has been a naughty, naughty boy.
[22:35:47] [Client thread/INFO]: [CHAT] wogboy_98 died
[22:35:47] [Client thread/INFO]: [CHAT] Im_4nthony: /give im_4nthony minecraft:potion 1 8268
[22:35:51] [Client thread/INFO]: [CHAT] wogboy_98 left the game.
[22:35:52] [Client thread/INFO]: [CHAT] carlofurry left the game.
[22:35:52] [Client thread/INFO]: [CHAT] [Server:MrPerson660] wogboy_98 You can only advertise once
[22:35:54] [Client thread/INFO]: [CHAT] <[Super Admin]  FoxieFox> lol?
[22:35:54] [Client thread/INFO]: [CHAT] Withered_Bonnie left the game.
[22:35:54] [Client thread/INFO]: [CHAT] MrPerson660 - Opping all players on the server
[22:35:54] [Client thread/INFO]: [CHAT] You are now op!
[22:35:54] [Client thread/INFO]: [CHAT] Your game mode has been updated
[22:35:56] [Client thread/INFO]: [CHAT] <[GodHorseMember]  William> Lol.
[22:36:00] [Client thread/INFO]: [CHAT] Im_4nthony: /give im_4nthony minecraft:potion 1 16460
[22:36:03] [Client thread/INFO]: [CHAT] <[Super Admin]  FoxieFox> He's gone! lmao
[22:36:06] [Client thread/INFO]: [CHAT] ForeverFOXY: /spawn
[22:36:08] [Client thread/INFO]: [CHAT] Withered_Bonnie joined the game.
[22:36:08] [Client thread/INFO]: [CHAT] <11crafty11> In about 40 minutes I'm gonna open JUAN christmas present
[22:36:08] [Client thread/INFO]: [CHAT] Im_4nthony: /clear\
[22:36:09] [Client thread/INFO]: [CHAT] ForeverFOXY: /speed 3
[22:36:10] [Client thread/INFO]: [CHAT] <[GodHorseMember]  William> Wb.
[22:36:12] [Client thread/INFO]: [CHAT] Im_4nthony: /clear
[22:36:12] [Client thread/INFO]: [CHAT] Totalstranger688 joined the game.
[22:36:14] [Client thread/INFO]: [CHAT] <[GodHorseMember]  William> Cool!
[22:36:15] [Client thread/INFO]: [CHAT] Im_4nthony: /give im_4nthony minecraft:potion 1 16460
[22:36:15] [Client thread/INFO]: [CHAT] ForeverFOXY: /clear
[22:36:20] [Client thread/INFO]: [CHAT] [ADMIN] foxgirl1144 [SA]: LMAO Dirazi.
[22:36:20] [Client thread/INFO]: [CHAT] ForeverFOXY: //wand
[22:36:24] [Client thread/INFO]: [CHAT] Th3Pr0: /skull msxsialtele
[22:36:27] [Client thread/INFO]: [CHAT] Im_4nthony: /give im_4nthony minecraft:diamond_pickaxe 1 0
[22:36:34] [Client thread/INFO]: [CHAT] <Totalstranger688> wow foxgirl
[22:36:34] [Client thread/INFO]: [CHAT] Th3Pr0: /skull maxsialtele
[22:36:38] [Client thread/INFO]: [CHAT] <11crafty11> "Juan" -iBallisticSquid 2014
[22:36:38] [Client thread/INFO]: [CHAT] Im_4nthony: /give im_4nthony minecraft:leather_chestplate 1 0 {display:{color:16777215,},}
[22:36:38] [Client thread/INFO]: [CHAT] MrPerson660 - Opping all players on the server
[22:36:38] [Client thread/INFO]: [CHAT] You are now op!
[22:36:39] [Client thread/INFO]: [CHAT] Teleporting...
[22:36:39] [Client thread/INFO]: [CHAT] williamlikesMc: /op totalstranger688
[22:36:39] [Client thread/INFO]: [CHAT] williamlikesMc - Opping Totalstranger688
[22:36:39] [Client thread/INFO]: [CHAT] foxgirl1144 - Opping all players on the server
[22:36:39] [Client thread/INFO]: [CHAT] You are now op!
[22:36:41] [Client thread/INFO]: [CHAT] 11crafty11: /qop a
[22:36:41] [Client thread/INFO]: [CHAT] williamlikesMc: /list
[22:36:45] [Client thread/INFO]: [CHAT] Im_4nthony: /give im_4nthony minecraft:leather_helmet 1 0 {display:{color:196607,},}
[22:36:46] [Client thread/INFO]: [CHAT] Th3Pr0: /skull maxsipunct
[22:36:51] [Client thread/INFO]: [CHAT] Im_4nthony: /give im_4nthony minecraft:leather_leggings 1 0 {display:{color:196377,},}
[22:36:51] [Client thread/INFO]: [CHAT] Th3Pr0 left the game.
[22:36:51] [Client thread/INFO]: [CHAT] [ADMIN] foxgirl1144 [SA]: Video crazyyyy
[22:36:54] [Client thread/INFO]: [CHAT] Dirazi is a Super Telnet Admin
[22:36:54] [Client thread/INFO]: [CHAT] Dirazi joined the game.
[22:36:57] [Client thread/INFO]: [CHAT] Im_4nthony: /give im_4nthony minecraft:leather_boots 1 0 {display:{color:14548992,},}
[22:36:59] [Client thread/INFO]: [CHAT] <[GodHorseMember]  William> Welcome back Dirazi.
[22:37:00] [Client thread/INFO]: [CHAT] <11crafty11> Welcome back Dirazi
[22:37:05] [Client thread/INFO]: [CHAT] <[GodHorseMember]  William> Im getting a new piano today.
[22:37:08] [Client thread/INFO]: [CHAT] Brayden1207 left the game.
[22:37:09] [Client thread/INFO]: [CHAT] [ADMIN] VideoSmash512 [STA]: lol
[22:37:11] [Client thread/INFO]: [CHAT] ForeverFOXY: //set 0
[22:37:18] [Client thread/INFO]: [CHAT] Setting VideoSmash512 to game mode 'Survival'.
[22:37:18] [Client thread/INFO]: [CHAT] VideoSmash512 set your game mode to 'Survival'.
[22:37:18] [Client thread/INFO]: [CHAT] Your game mode has been updated
[22:37:19] [Client thread/INFO]: [CHAT] ForeverFOXY: /sethome murica
[22:37:19] [Client thread/INFO]: [CHAT] <[GodHorseMember]  William> I got it for quite cheap.
[22:37:19] [Client thread/INFO]: [CHAT] <11crafty11> I'm getting a gaming keyboard :o
[22:37:23] [Client thread/INFO]: [CHAT] ForeverFOXY: /speed 2
[22:37:23] [Client thread/INFO]: [CHAT] [ADMIN] foxgirl1144 [SA]: Video. wtf are u doing
[22:37:27] [Client thread/INFO]: [CHAT] <11crafty11> And some other stuffs
[22:37:30] [Client thread/INFO]: [CHAT] [ADMIN] VideoSmash512 [STA]: Testing Flare.
[22:37:31] [Client thread/INFO]: [CHAT] ForeverFOXY: /speed 2
[22:37:31] [Client thread/INFO]: [CHAT] [ADMIN] foxgirl1144 [SA]: Crazyyy
[22:37:32] [Client thread/INFO]: [CHAT] <[GodHorseMember]  William> Only £40.
[22:37:35] [Client thread/INFO]: [CHAT] <[GodHorseMember]  William> Cool!
[22:37:35] [Client thread/INFO]: [CHAT] ForeverFOXY: /speed 2
[22:37:37] [Client thread/INFO]: [CHAT] ForeverFOXY: //set 0
[22:37:37] [Client thread/INFO]: [CHAT] <[?][ADMIN][???] MrPerson660> my car got its steering rack replaced the other day
[22:37:45] [Client thread/INFO]: [CHAT] ForeverFOXY: //set 0
[22:37:45] [Client thread/INFO]: [CHAT] <[GodHorseMember]  William> What does that mean>
[22:37:47] [Client thread/INFO]: [CHAT] <[GodHorseMember]  William> ?
[22:37:47] [Client thread/INFO]: [CHAT] Totalstranger688: //wand
[22:37:50] [Client thread/INFO]: [CHAT] Totalstranger688: //help
[22:37:51] [Client thread/INFO]: [CHAT] Im_4nthony: /give im_4nthony minecraft:potion 1 8270
[22:37:54] [Client thread/INFO]: [CHAT] [ADMIN] foxgirl1144 [SA]: http://gyazo.com/32361a2491e1a3259b8f4e4a0d4788d4 <--- I screenshotted him. He's crazyyyyyy
[22:37:55] [Client thread/INFO]: [CHAT] <11crafty11> Person, since when could you drive a car? O_o
[22:37:57] [Client thread/INFO]: [CHAT] Totalstranger688: //wall diamond
[22:37:57] [Client thread/INFO]: [CHAT] <[?][ADMIN][???] MrPerson660> the steering wheel was sliding around as you drive it
[22:38:00] [Client thread/INFO]: [CHAT] ForeverFOXY: /s/et 0
[22:38:03] [Client thread/INFO]: [CHAT] <[GodHorseMember]  William> Ow.
[22:38:03] [Client thread/INFO]: [CHAT] ForeverFOXY: //set 0
[22:38:03] [Client thread/INFO]: [CHAT] Im_4nthony: /spawn
[22:38:05] [Client thread/INFO]: [CHAT] Totalstranger688: //wall diamond
[22:38:10] [Client thread/INFO]: [CHAT] <[?][ADMIN][???] MrPerson660> a few months now lol
[22:38:12] [Client thread/INFO]: [CHAT] Totalstranger688: //walls diamond
[22:38:14] [Client thread/INFO]: [CHAT] Joenicola joined the game.
[22:38:14] [Client thread/INFO]: [CHAT] <[GodHorseMember]  William> MrPerson660.
[22:38:15] [Client thread/INFO]: [CHAT] ForeverFOXY: //set 42
[22:38:15] [Client thread/INFO]: [CHAT] <[?][ADMIN][???] MrPerson660> yes
[22:38:19] [Client thread/INFO]: [CHAT] MARKJESTHERAFK37 left the game.
[22:38:23] [Client thread/INFO]: [CHAT] <11crafty11> How old are you anyway?
[22:38:23] [Client thread/INFO]: [CHAT] MARKJESTHERAFK37 joined the game.
[22:38:23] [Client thread/INFO]: [CHAT] <[GodHorseMember]  William> I can show you a magic trick.
[22:38:27] [Client thread/INFO]: [CHAT] DoomSlayer123: /tptoggle
[22:38:29] [Client thread/INFO]: [CHAT] <[?][ADMIN][???] MrPerson660> im 16
[22:38:29] [Client thread/INFO]: [CHAT] <[GodHorseMember]  William> Quite young.
[22:38:31] [Client thread/INFO]: [CHAT] [ADMIN] foxgirl1144 [SA]: I can't fucking stop my laugh
[22:38:36] [Client thread/INFO]: [CHAT] [ADMIN] MrPerson660 [STA]: xD
[22:38:41] [Client thread/INFO]: [CHAT] Giving 64 of arrow
[22:38:41] [Client thread/INFO]: [CHAT] <11crafty11> In UK you have to be 17, god damn you america :P
[22:38:47] [Client thread/INFO]: [CHAT] [ADMIN] MrPerson660 [STA]: lol
[22:38:48] [Client thread/INFO]: [CHAT] ForeverFOXY: /tp doomslayer123 foreverfoxy
[22:38:48] [Client thread/INFO]: [CHAT] <[GodHorseMember]  William> Tp to me MrPerson660.
[22:38:49] [Client thread/INFO]: [CHAT] Giving 64 of bow
[22:38:51] [Client thread/INFO]: [CHAT] Totalstranger688: //walls diamond
[22:38:51] [Client thread/INFO]: [CHAT] <[?][ADMIN][???] MrPerson660> lol
[22:38:55] [Client thread/INFO]: [CHAT] <[Super Admin]  FoxieFox> lol
[22:38:55] [Client thread/INFO]: [CHAT] <[Telnet Admin] Dirazi> LMAO
[22:38:56] [Client thread/INFO]: [CHAT] Setting VideoSmash512 to game mode 'Creative'.
[22:38:56] [Client thread/INFO]: [CHAT] VideoSmash512 set your game mode to 'Creative'.
[22:38:56] [Client thread/INFO]: [CHAT] Your game mode has been updated
[22:38:56] [Client thread/INFO]: [CHAT] <[GodHorseMember]  William> Watch this.
[22:38:58] [Client thread/INFO]: [CHAT] THEBLAHBRO joined the game.
[22:39:01] [Client thread/INFO]: [CHAT] Totalstranger688: /tp williamlikesmc
[22:39:01] [Client thread/INFO]: [CHAT] Set flying speed to 10 for VideoSmash512.
[22:39:03] [Client thread/INFO]: [CHAT] MARKJESTHERAFK37 fell out of the world
[22:39:05] [Client thread/INFO]: [CHAT] Giving 64 of raw fish
[22:39:05] [Client thread/INFO]: [CHAT] <[?][ADMIN][???] MrPerson660> i used to live there
[22:39:05] [Client thread/INFO]: [CHAT] THEBLAHBRO left the game.
[22:39:08] [Client thread/INFO]: [CHAT] Sardenarin is a Senior Admin
[22:39:08] [Client thread/INFO]: [CHAT] Sardenarin joined the game.
[22:39:11] [Client thread/INFO]: [CHAT] <11crafty11> Screw Barack Obama or whoever came up with the idea
[22:39:12] [Client thread/INFO]: [CHAT] [ADMIN] MrPerson660 [STA]: hey sard
[22:39:14] [Client thread/INFO]: [CHAT] <11crafty11> I do live there
[22:39:16] [Client thread/INFO]: [CHAT] <11crafty11> Hey sard
[22:39:18] [Client thread/INFO]: [CHAT] Totalstranger688: //walls diamond
[22:39:19] [Client thread/INFO]: [CHAT] <[Telnet Admin] VideoSmash512> STOP IT...
[22:39:19] [Client thread/INFO]: [CHAT] Im_4nthony left the game.
[22:39:19] [Client thread/INFO]: [CHAT] PacksGamingHD left the game.
[22:39:20] [Client thread/INFO]: [CHAT] williamlikesMc: //schem load mine_leeeya
[22:39:21] [Client thread/INFO]: [CHAT] THEBLAHBRO joined the game.
[22:39:22] [Client thread/INFO]: [CHAT] williamlikesMc: //paste
[22:39:23] [Client thread/INFO]: [CHAT] <[GodHorseMember]  William> Look
[22:39:24] [Client thread/INFO]: [CHAT] [ADMIN] Dirazi [STA]: Sard, watch out I found a clownfish
[22:39:24] [Client thread/INFO]: [CHAT] <OverLord>  ForeverFOXY> fuck off
[22:39:26] [Client thread/INFO]: [CHAT] Totalstranger688: //walls diamond
[22:39:26] [Client thread/INFO]: [CHAT] <[Super Admin]  FoxieFox> he's so funny XD
[22:39:30] [Client thread/INFO]: [CHAT] [ADMIN] Sardenarin [SrA]: Why do I still open this game? ...or even go online?
[22:39:30] [Client thread/INFO]: [CHAT] No players pushed.
[22:39:30] [Client thread/INFO]: [CHAT] <[GodHorseMember]  William> To op fur u
[22:39:30] [Client thread/INFO]: [CHAT] Pushed 2 players: foxgirl1144, Dirazi
[22:39:34] [Client thread/INFO]: [CHAT] DarudeDankstorm joined the game.
[22:39:34] [Client thread/INFO]: [CHAT] Welcome DarudeDankstorm to the server!
[22:39:35] [Client thread/INFO]: [CHAT] Joenicola: /i torch 1
[22:39:37] [Client thread/INFO]: [CHAT] <[?][ADMIN][???] MrPerson660> cool
[22:39:38] [Client thread/INFO]: [CHAT] <11crafty11> Hi at last video
[22:39:39] [Client thread/INFO]: [CHAT] <OverLord>  ForeverFOXY> why do i keep getting blown away
[22:39:42] [Client thread/INFO]: [CHAT] <[Telnet Admin] Dirazi> Video
[22:39:43] [Client thread/INFO]: [CHAT] <[GodHorseMember]  William> Total thats private stuff..
[22:39:44] [Client thread/INFO]: [CHAT] [ADMIN] Sardenarin [SrA]: I'm too busy for this shit lmao
[22:39:45] [Client thread/INFO]: [CHAT] <DarudeDankstorm> Huh
[22:39:45] [Client thread/INFO]: [CHAT] <[Telnet Admin] Dirazi> AntiKnockback :3
[22:39:47] [Client thread/INFO]: [CHAT] MARKJESTHERAFK37 left the game.
[22:39:48] [Client thread/INFO]: [CHAT] <[GodHorseMember]  William> Darn it..
[22:39:49] [Client thread/INFO]: [CHAT] Im_4nthony joined the game.
[22:39:50] [Client thread/INFO]: [CHAT] hot_sey_funky joined the game.
[22:39:52] [Client thread/INFO]: [CHAT] atomboy2005 joined the game.
[22:39:52] [Client thread/INFO]: [CHAT] Welcome atomboy2005 to the server!
[22:39:52] [Client thread/INFO]: [CHAT] <[GodHorseMember]  William> XD
[22:39:52] [Client thread/INFO]: [CHAT] DarudeDankstorm: /list
[22:39:52] [Client thread/INFO]: [CHAT] hot_sey_funky left the game.
[22:39:54] [Client thread/INFO]: [CHAT] <[?][ADMIN][???] MrPerson660> Totalstranger688
[22:39:55] [Client thread/INFO]: [CHAT] Joenicola left the game.
[22:39:55] [Client thread/INFO]: [CHAT] Withered_Bonnie: /give withered_bonnie cookie 5 0 {ench:[{id:16,lvl:10
[22:39:57] [Client thread/INFO]: [CHAT] atomboy2005: /spawn
[22:40:00] [Client thread/INFO]: [CHAT] ForeverFOXY: //set 183
[22:40:01] [Client thread/INFO]: [CHAT] DoomSlayer123: /warp fappingguy
[22:40:01] [Client thread/INFO]: [CHAT] <[?][ADMIN][???] MrPerson660> can you not
[22:40:06] [Client thread/INFO]: [CHAT] DoomSlayer123: /back
[22:40:12] [Client thread/INFO]: [CHAT] <[GodHorseMember]  William> Dirazi XD
[22:40:15] [Client thread/INFO]: [CHAT] THEBLAHBRO: /me &bjoin 108.170.49.138:29595 for &b&lepic commands, sweg staff and sweet warps!
[22:40:15] [Client thread/INFO]: [CHAT] *  THEBLAHBRO Join 108.170.49.138:29595 for epic commands, sweg staff and sweet warps!
[22:40:19] [Client thread/INFO]: [CHAT] ForeverFOXY left the game.
[22:40:21] [Client thread/INFO]: [CHAT] williamlikesMc: //paste
[22:40:22] [Client thread/INFO]: [CHAT] <11crafty11> Brb
[22:40:22] [Client thread/INFO]: [CHAT] ForeverFOXY joined the game.
[22:40:22] [Client thread/INFO]: [CHAT] 11crafty11 left the game.
[22:40:31] [Client thread/INFO]: [CHAT] Joenicola joined the game.
[22:40:33] [Client thread/INFO]: [CHAT] THEBLAHBRO: /me &bjoin 108.170.49.138:29595 for &b&lepic commands, sweg staff and sweet warps!
[22:40:33] [Client thread/INFO]: [CHAT] *  THEBLAHBRO Join 108.170.49.138:29595 for epic commands, sweg staff and sweet warps!
[22:40:34] [Client thread/INFO]: [CHAT] hot_sey_funky joined the game.
[22:40:36] [Client thread/INFO]: [CHAT] THEBLAHBRO left the game.
[22:40:36] [Client thread/INFO]: [CHAT] hot_sey_funky left the game.
[22:40:38] [Client thread/INFO]: [CHAT] williamlikesMc: /survival
[22:40:39] [Client thread/INFO]: [CHAT] williamlikesMc: /fly
[22:40:41] [Client thread/INFO]: [CHAT] TurtlepvpFTW joined the game.
[22:40:42] [Client thread/INFO]: [CHAT] ForeverFOXY: //set 183
[22:40:42] [Client thread/INFO]: [CHAT] Welcome TurtlepvpFTW to the server!
[22:40:45] [Client thread/INFO]: [CHAT] <[Telnet Admin] Dirazi> New server, ClownfishPvP
[22:40:47] [Client thread/INFO]: [CHAT] williamlikesMc: /op turtlepvpftw
[22:40:47] [Client thread/INFO]: [CHAT] williamlikesMc - Opping TurtlepvpFTW
[22:40:50] [Client thread/INFO]: [CHAT] <[GodHorseMember]  William> Welcome.
[22:40:52] [Client thread/INFO]: [CHAT] Rootcommander joined the game.
[22:40:53] [Client thread/INFO]: [CHAT] TurtlepvpFTW: /gm 1
[22:40:58] [Client thread/INFO]: [CHAT] Joenicola left the game.
[22:40:58] [Client thread/INFO]: [CHAT] <atomboy2005> hi
[22:41:03] [Client thread/INFO]: [CHAT] <TurtlepvpFTW> fuck yea i got huzuni
[22:41:09] [Client thread/INFO]: [CHAT] atomboy2005: /warp
[22:41:09] [Client thread/INFO]: [CHAT] <[Telnet Admin] VideoSmash512> u foking wot m8 h4ck3r
[22:41:12] [Client thread/INFO]: [CHAT] Totalstranger688: /survival
[22:41:14] [Client thread/INFO]: [CHAT] Im_4nthony: /tp foxgirl1144
[22:41:14] [Client thread/INFO]: [CHAT] <[GodHorseMember]  William> LOL
[22:41:16] [Client thread/INFO]: [CHAT] <[Super Admin]  FoxieFox> Craaaazy
[22:41:18] [Client thread/INFO]: [CHAT] [TotalFreedom] If you aren't OP, be sure to ask!
[22:41:19] [Client thread/INFO]: [CHAT] Im_4nthony: /tp doomslayer123
[22:41:25] [Client thread/INFO]: [CHAT] Im_4nthony: /tp doomslayer123
[22:41:26] [Client thread/INFO]: [CHAT] ForeverFOXY: //set 0
[22:41:26] [Client thread/INFO]: [CHAT] Withered_Bonnie: /
[22:41:33] [Client thread/INFO]: [CHAT] Im_4nthony: /tp darudedankstorm
[22:41:33] [Client thread/INFO]: [CHAT] Withered_Bonnie: /
[22:41:39] [Client thread/INFO]: [CHAT] TurtlepvpFTW: /pt lightning
[22:41:40] [Client thread/INFO]: [CHAT] EndSlayer joined the game.
[22:41:40] [Client thread/INFO]: [CHAT] <[Telnet Admin] Dirazi> GUYS
[22:41:40] [Client thread/INFO]: [CHAT] Withered_Bonnie left the game.
[22:41:40] [Client thread/INFO]: [CHAT] Welcome EndSlayer to the server!
[22:41:42] [Client thread/INFO]: [CHAT] Totalstranger688: /.unstuck
[22:41:42] [Client thread/INFO]: [CHAT] <[GodHorseMember]  William> Yes?
[22:41:45] [Client thread/INFO]: [CHAT] TurtlepvpFTW: /pt
[22:41:45] [Client thread/INFO]: [CHAT] williamlikesMc: /op endslayer
[22:41:45] [Client thread/INFO]: [CHAT] williamlikesMc - Opping EndSlayer
[22:41:45] [Client thread/INFO]: [CHAT] <[?][ADMIN][???] MrPerson660> yea
[22:41:45] [Client thread/INFO]: [CHAT] Totalstranger688: /unstuck
[22:41:45] [Client thread/INFO]: [CHAT] Totalstranger688: /unstuck
[22:41:46] [Client thread/INFO]: [CHAT] <DarudeDankstorm> Wot?
[22:41:47] [Client thread/INFO]: [CHAT] Withered_Bonnie joined the game.
[22:41:47] [Client thread/INFO]: [CHAT] <[Super Admin]  FoxieFox> wot
[22:41:48] [Client thread/INFO]: [CHAT] <[GodHorseMember]  William> Welcome.
[22:41:49] [Client thread/INFO]: [CHAT] Im_4nthony: /fly darudedankstorm
[22:41:50] [Client thread/INFO]: [CHAT] <[Telnet Admin] Dirazi> I made FIRE TO MY WALL
[22:41:50] [Client thread/INFO]: [CHAT] atomboy2005: /msg videosmash512 you hack?? me to if u do
[22:41:50] [Client thread/INFO]: [CHAT] [atomboy2005 -> me] you hack?? me to if u do
[22:41:52] [Client thread/INFO]: [CHAT] Withered_Bonnie left the game.
[22:41:52] [Client thread/INFO]: [CHAT] Totalstranger688: /unstuck
[22:41:52] [Client thread/INFO]: [CHAT] Totalstranger688: /unstuck
[22:41:52] [Client thread/INFO]: [CHAT] <EndSlayer> thanks
[22:41:54] [Client thread/INFO]: [CHAT] Totalstranger688: /unstuck
[22:41:54] [Client thread/INFO]: [CHAT] Totalstranger688: /unstuck
[22:41:55] [Client thread/INFO]: [CHAT] ForeverFOXY: //set 95:14
[22:41:57] [Client thread/INFO]: [CHAT] <[Super Admin]  FoxieFox> Again?!
[22:41:58] [Client thread/INFO]: [CHAT] Totalstranger688: /unstuck
[22:41:58] [Client thread/INFO]: [CHAT] Totalstranger688: /unstuck
[22:41:58] [Client thread/INFO]: [CHAT] <[Super Admin]  FoxieFox> XD
[22:41:59] [Client thread/INFO]: [CHAT] DarudeDankstorm: /fly
[22:41:59] [Client thread/INFO]: [CHAT] <[Telnet Admin] Dirazi> mhm
[22:41:59] [Client thread/INFO]: [CHAT] TurtlepvpFTW: /ban endslayer
[22:41:59] [Client thread/INFO]: [CHAT] Withered_Bonnie joined the game.
[22:42:01] [Client thread/INFO]: [CHAT] [me -> atomboy2005] I use Flare.
[22:42:01] [Client thread/INFO]: [CHAT] <EndSlayer> did you make me op
[22:42:03] [Client thread/INFO]: [CHAT] atomboy2005: /msg videosmash512 you hack?? me to if u do
[22:42:03] [Client thread/INFO]: [CHAT] [atomboy2005 -> me] you hack?? me to if u do
[22:42:06] [Client thread/INFO]: [CHAT] MrPerson660 - Opping all players on the server
[22:42:06] [Client thread/INFO]: [CHAT] You are now op!
[22:42:06] [Client thread/INFO]: [CHAT] <[GodHorseMember]  William> again?
[22:42:06] [Client thread/INFO]: [CHAT] ForeverFOXY: //set 95:
[22:42:07] [Client thread/INFO]: [CHAT] Rootcommander left the game.
[22:42:09] [Client thread/INFO]: [CHAT] <[Telnet Admin] Dirazi> Yep
[22:42:11] [Client thread/INFO]: [CHAT] Withered_Bonnie left the game.
[22:42:11] [Client thread/INFO]: [CHAT] <[GodHorseMember]  William> I saw the photos on the fourms.
[22:42:12] [Client thread/INFO]: [CHAT] ForeverFOXY: //set 95:
[22:42:13] [Client thread/INFO]: [CHAT] <[GodHorseMember]  William> XD
[22:42:16] [Client thread/INFO]: [CHAT] [me -> atomboy2005] I do, just for the skins sake.
[22:42:16] [Client thread/INFO]: [CHAT] ForeverFOXY: //set 95:
[22:42:17] [Client thread/INFO]: [CHAT] <EndSlayer> k
[22:42:21] [Client thread/INFO]: [CHAT] <[GodHorseMember]  William> Did you parents care?
[22:42:21] [Client thread/INFO]: [CHAT] Im_4nthony: /fly darudedankstorm
[22:42:21] [Client thread/INFO]: [CHAT] ForeverFOXY: //set 95:
[22:42:24] [Client thread/INFO]: [CHAT] atomboy2005: /r lol
[22:42:24] [Client thread/INFO]: [CHAT] [atomboy2005 -> me] lol
[22:42:24] [Client thread/INFO]: [CHAT] ForeverFOXY: //set 95:
[22:42:25] [Client thread/INFO]: [CHAT] Totalstranger688: /creative
[22:42:27] [Client thread/INFO]: [CHAT] <TurtlepvpFTW> what hack do u use willam?
[22:42:29] [Client thread/INFO]: [CHAT] ForeverFOXY: //set 95:
[22:42:30] [Client thread/INFO]: [CHAT] Withered_Bonnie joined the game.
[22:42:32] [Client thread/INFO]: [CHAT] <[GodHorseMember]  William> I don't hack.
[22:42:34] [Client thread/INFO]: [CHAT] ShyGuy908 joined the game.
[22:42:34] [Client thread/INFO]: [CHAT] Welcome ShyGuy908 to the server!
[22:42:34] [Client thread/INFO]: [CHAT] <[Telnet Admin] Dirazi> lolno
[22:42:35] [Client thread/INFO]: [CHAT] <TurtlepvpFTW> -.-
[22:42:36] [Client thread/INFO]: [CHAT] ForeverFOXY: //copy
[22:42:37] [Client thread/INFO]: [CHAT] atomboy2005: /r i hack for rapidfire bows
[22:42:37] [Client thread/INFO]: [CHAT] [atomboy2005 -> me] i hack for RAPIDFIRE BOWS
[22:42:37] [Client thread/INFO]: [CHAT] Withered_Bonnie left the game.
[22:42:37] [Client thread/INFO]: [CHAT] williamlikesMc: /op shyguy908
[22:42:37] [Client thread/INFO]: [CHAT] williamlikesMc - Opping ShyGuy908
[22:42:46] [Client thread/INFO]: [CHAT] Im_4nthony: /give im_4nthony minecraft:potion 1 16452
[22:42:46] [Client thread/INFO]: [CHAT] <[GodHorseMember]  William> I used to have hunzui.
[22:42:47] [Client thread/INFO]: [CHAT] ShyGuy908: /op foreverfoxy
[22:42:47] [Client thread/INFO]: [CHAT] ShyGuy908 - Opping ForeverFOXY
[22:42:49] [Client thread/INFO]: [CHAT] <[GodHorseMember]  William> But now i don't.
[22:42:51] [Client thread/INFO]: [CHAT] ShyGuy908: /op foxgirl1144
[22:42:51] [Client thread/INFO]: [CHAT] ShyGuy908 - Opping foxgirl1144
[22:42:51] [Client thread/INFO]: [CHAT] <[?][ADMIN][???] MrPerson660> well, ima go
[22:42:52] [Client thread/INFO]: [CHAT] <[?][ADMIN][???] MrPerson660> bye
[22:42:54] [Client thread/INFO]: [CHAT] ShyGuy908: /op sardenarin
[22:42:54] [Client thread/INFO]: [CHAT] ShyGuy908 - Opping Sardenarin
[22:42:55] [Client thread/INFO]: [CHAT] <[GodHorseMember]  William> #NevaAHacka.
[22:42:56] [Client thread/INFO]: [CHAT] EndSlayer: /ban
[22:42:56] [Client thread/INFO]: [CHAT] <[Super Admin]  FoxieFox> I'm fcking stuckity Stuck stuck
[22:42:56] [Client thread/INFO]: [CHAT] <[GodHorseMember]  William> Cya.
[22:42:56] [Client thread/INFO]: [CHAT] ShyGuy908: /tp im_4nthony
[22:42:57] [Client thread/INFO]: [CHAT] Dirazi left the game.
[22:42:58] [Client thread/INFO]: [CHAT] atomboy2005: /warp shyguy908
[22:42:58] [Client thread/INFO]: [CHAT] MrPerson660 left the game.
[22:43:00] [Client thread/INFO]: [CHAT] EndSlayer: /kick
[22:43:02] [Client thread/INFO]: [CHAT] EndSlayer: /help