[09:16:11] [Client thread/INFO]: Connecting to play.totalfreedom.me., 28965
[09:16:12] [Client thread/INFO]: [CHAT] PhantomOediv215 is a Telnet Admin and a gamer!
[09:16:12] [Client thread/INFO]: [CHAT] PhantomOediv215 joined the game.
[09:16:12] [Client thread/INFO]: [CHAT] Welcome, PhantomOediv215!
[09:16:12] [Client thread/INFO]: [CHAT] Type /help for a list of commands.
[09:16:12] [Client thread/INFO]: [CHAT] Type /list to see who else is online.
[09:16:12] [Client thread/INFO]: [CHAT] Remember to save your builds with World Edit or they’ll be lost.
[09:16:12] [Client thread/INFO]: [CHAT] You have no new mail.
[09:16:12] [Client thread/INFO]: [CHAT] Welcome PhantomOediv215 to the server!
[09:16:14] [Client thread/INFO]: [CHAT] <MinecraftForEver> go to survival
[09:16:14] [Client thread/INFO]: [CHAT] [FC_Assen_Boy: Unable to summon object]
[09:16:15] [Client thread/INFO]: [CHAT] Hacksore left the game.
[09:16:16] [Client thread/INFO]: [CHAT] BrandonR631 joined the game.
[09:16:16] [Client thread/INFO]: [CHAT] Welcome BrandonR631 to the server!
[09:16:17] [Client thread/INFO]: [CHAT] <[OPPVP]  Mad> ready go to gms
[09:16:17] [Client thread/INFO]: [CHAT] <kevin> music box yes
[09:16:19] [Client thread/INFO]: [CHAT] < NexyusNex> nope
[09:16:21] [Client thread/INFO]: [CHAT] < FuckBoy> Hello
[09:16:23] [Client thread/INFO]: [CHAT] <TheColorCrew  TheRainBowGirl> FarahIsAwesome how do i get the color book which tells me the colors to make my name?
[09:16:24] [Client thread/INFO]: [CHAT] < FuckBoy> HI
[09:16:25] [Client thread/INFO]: [CHAT] < Beast> M_Madman_M can I have one of those
[09:16:25] [Client thread/INFO]: [CHAT] *  KenaiLP  [Warning]  NO GRIEFING OR BAN!!!
[09:16:25] [Client thread/INFO]: [CHAT] FarahIsAwesome - Temporarily banned hackuman27 until 2015-03-21 at 15:21:14 GMT
[09:16:25] [Client thread/INFO]: [CHAT] hackuman27 left the game.
[09:16:26] [Client thread/INFO]: [CHAT] <MinecraftForEver> go to survival first
[09:16:28] [Client thread/INFO]: [CHAT] < FuckBoy> laughs
[09:16:30] [Client thread/INFO]: [CHAT] Davidistda joined the game.
[09:16:30] [Client thread/INFO]: [CHAT] <[OPPVP]  Mad> GO!
[09:16:30] [Client thread/INFO]: [CHAT] M_Madman_M was slain by darksonic2005 using [PPSH-41 Sub-Machine Gun]
[09:16:30] [Client thread/INFO]: [CHAT] Welcome Davidistda to the server!
[09:16:30] [Client thread/INFO]: [CHAT] < FuckBoy> HI
[09:16:32] [Client thread/INFO]: [CHAT] <marty185> DanTDM come with me
[09:16:32] [Client thread/INFO]: [CHAT] < NexyusNex> Nope!
[09:16:35] [Client thread/INFO]: [CHAT] < FuckBoy> Hello
[09:16:36] [Client thread/INFO]: [CHAT] DMME0NE used a forbidden WorldEdit block type: tnt
[09:16:37] [Client thread/INFO]: [CHAT] < FuckBoy> laughs
[09:16:38] [Client thread/INFO]: [CHAT] FC_Assen_Boy was slain by MeepMeepNL
[09:16:40] [Client thread/INFO]: [CHAT] < FuckBoy> HI
[09:16:40] [Client thread/INFO]: [CHAT] [ADMIN] ImALuckyGuy [Console]: hai
[09:16:42] [Client thread/INFO]: [CHAT] <[MineCraft Player]  Jammeh> ./kit color
[09:16:43] [Client thread/INFO]: [CHAT] < FuckBoy> Hello
[09:16:43] [Client thread/INFO]: [CHAT] LukasMiner2000 is breaking blocks too fast!
[09:16:43] [Client thread/INFO]: [CHAT] LukasMiner2000 has been banned for 1 minute.
[09:16:43] [Client thread/INFO]: [CHAT] LukasMiner2000 left the game.
[09:16:45] [Client thread/INFO]: [CHAT] [ADMIN] FarahIsAwesome [SA]: I need backup
[09:16:45] [Client thread/INFO]: [CHAT] < FuckBoy> HI
[09:16:45] [Client thread/INFO]: [CHAT] ShRules joined the game.
[09:16:45] [Client thread/INFO]: [CHAT] [ADMIN] FarahIsAwesome [SA]: ;_;
[09:16:46] [Client thread/INFO]: [CHAT] < FuckBoy> Hello
[09:16:46] [Client thread/INFO]: [CHAT] <MinecraftForEver> who want sharp 999999
[09:16:48] [Client thread/INFO]: [CHAT] <MinecraftForEver> sword
[09:16:48] [Client thread/INFO]: [CHAT] FC_Assen_Boy was slain by darksonic2005 using [PPSH-41 Sub-Machine Gun]
[09:16:49] [Client thread/INFO]: [CHAT] <TheColorCrew  TheRainBowGirl> Thanks
[09:16:51] [Client thread/INFO]: [CHAT] <[OPPVP]  Mad> stuff...
[09:16:51] [Client thread/INFO]: [CHAT] <MinecraftForEver> 6 nine
[09:16:53] [Client thread/INFO]: [CHAT] [ADMIN] FarahIsAwesome [SA]: huge fuckin' backup
[09:16:55] [Client thread/INFO]: [CHAT] [ADMIN] ImALuckyGuy [Console]: I'll be able to come in game in a minute or so
[09:16:59] [Client thread/INFO]: [CHAT] [ADMIN] FarahIsAwesome [SA]: Okay, thanks.
[09:17:00] [Client thread/INFO]: [CHAT] <darksonic2005> dat gun
[09:17:01] [Client thread/INFO]: [CHAT] <[OPPVP]  Mad> my stuff!
[09:17:01] [Client thread/INFO]: [CHAT] <darksonic2005> lol
[09:17:01] [Client thread/INFO]: [CHAT] julianrulez5 left the game.
[09:17:03] [Client thread/INFO]: [CHAT] < FuckBoy> *laughs*
[09:17:06] [Client thread/INFO]: [CHAT] < FuckBoy> Hello
[09:17:06] [Client thread/INFO]: [CHAT] <darksonic2005> dat gunnnn
[09:17:07] [Client thread/INFO]: [CHAT] julianrulez5 joined the game.
[09:17:07] [Client thread/INFO]: [CHAT] ShRules - Opping DMME0NE
[09:17:09] [Client thread/INFO]: [CHAT] < FuckBoy> *laughs*
[09:17:09] [Client thread/INFO]: [CHAT] ShRules - Opping Davidistda
[09:17:11] [Client thread/INFO]: [CHAT] perdicraft11824 left the game.
[09:17:12] [Client thread/INFO]: [CHAT] Pocketbuilder used a forbidden WorldEdit block type: redstone
[09:17:12] [Client thread/INFO]: [CHAT] ShRules - Opping BrandonR631
[09:17:13] [Client thread/INFO]: [CHAT] < FuckBoy> HI
[09:17:15] [Client thread/INFO]: [CHAT] < FuckBoy> Hello
[09:17:16] [Client thread/INFO]: [CHAT] perdicraft11824 joined the game.
[09:17:17] [Client thread/INFO]: [CHAT] < FuckBoy> *laughs*/
[09:17:20] [Client thread/INFO]: [CHAT] <ExtremegamerXpr> &lhi
[09:17:21] [Client thread/INFO]: [CHAT] < FuckBoy> Hello
[09:17:22] [Client thread/INFO]: [CHAT] ButterKing2468 has been a naughty, naughty boy.
[09:17:22] [Client thread/INFO]: [CHAT] ButterKing2468 died
[09:17:26] [Client thread/INFO]: [CHAT] < Jack> how do i use worldedit?
[09:17:28] [Client thread/INFO]: [CHAT] kenai3010 left the game.
[09:17:29] [Client thread/INFO]: [CHAT] <darksonic2005> .//wand
[09:17:29] [Client thread/INFO]: [CHAT] <Davidistda> fack your bitch
[09:17:30] [Client thread/INFO]: [CHAT] [Server:FarahIsAwesome] Butter, don't spam.
[09:17:31] [Client thread/INFO]: [CHAT] <MinecraftForEver> that is not the real dantdm
[09:17:32] [Client thread/INFO]: [CHAT] <[Crystal Gem]  Pearl> steven
[09:17:34] [Client thread/INFO]: [CHAT] FarahIsAwesome - Opping all players on the server
[09:17:34] [Client thread/INFO]: [CHAT] You are now op!
[09:17:34] [Client thread/INFO]: [CHAT] Warning: BricksHD has been flagged as an impostor and has been frozen!
[09:17:34] [Client thread/INFO]: [CHAT] BricksHD is an Impostor
[09:17:34] [Client thread/INFO]: [CHAT] BricksHD joined the game.
[09:17:35] [Client thread/INFO]: [CHAT] < Guy> op me
[09:17:35] [Client thread/INFO]: [CHAT] Welcome BricksHD to the server!
[09:17:37] [Client thread/INFO]: [CHAT] [Server:FarahIsAwesome] verify
[09:17:37] [Client thread/INFO]: [CHAT] < Steven> I got kicked for enchanting! Can you believe that Connie??
[09:17:48] [Client thread/INFO]: [CHAT] <Davidistda> f ack yo ur bi tch
[09:17:51] [Client thread/INFO]: [CHAT] BricksHD has been a VERY naughty, naughty boy.
[09:17:51] [Client thread/INFO]: [CHAT] Banning: BricksHD, IP: 93.142.*.* - Reason: Imposter. ~Farah
[09:17:51] [Client thread/INFO]: [CHAT] BricksHD left the game.
[09:17:52] [Client thread/INFO]: [CHAT] <MinecraftForEver> yap he got mask
[09:17:52] [Client thread/INFO]: [CHAT] [TotalFreedom] You can always review the server rules here: http://totalfreedom.me/
[09:17:53] [Client thread/INFO]: [CHAT] <[Crystal Gem]  Pearl> steven!
[09:17:53] [Client thread/INFO]: [CHAT] < Connie> Wow. Just wow.
[09:17:56] [Client thread/INFO]: [CHAT] Nicholas061505 joined the game.
[09:17:57] [Client thread/INFO]: [CHAT] Welcome  Op_Guy to the server!
[09:18:01] [Client thread/INFO]: [CHAT] DanTDM left the game.
[09:18:01] [Client thread/INFO]: [CHAT] [FarahIsAwesome: Kicked player DanTDM. With reason:
[09:18:01] [Client thread/INFO]: [CHAT] Imposed.]
[09:18:01] [Client thread/INFO]: [CHAT] <darksonic2005> subtraho creative pvp
[09:18:01] [Client thread/INFO]: [CHAT] Cleared all inventory items from PhantomOediv215.
[09:18:01] [Client thread/INFO]: [CHAT] <Dinnerbone> heyyy
[09:18:02] [Client thread/INFO]: [CHAT] < 12345678> wow
[09:18:03] [Client thread/INFO]: [CHAT] FarahIsAwesome - Cleaning all nicknames.
[09:18:04] [Client thread/INFO]: [CHAT] <KoopaKnight> hi
[09:18:05] [Client thread/INFO]: [CHAT] LukasMiner2000 joined the game.
[09:18:05] [Client thread/INFO]: [CHAT] [Server:FarahIsAwesome] No &k
[09:18:06] [Client thread/INFO]: [CHAT] < Steven> Yes Pearl?
[09:18:15] [Client thread/INFO]: [CHAT] <[Crystal Gem]  Pearl> what are u doing?
[09:18:16] [Client thread/INFO]: [CHAT] < Op_Guy> ..
[09:18:17] [Client thread/INFO]: [CHAT] < Op_Guy> um
[09:18:21] [Client thread/INFO]: [CHAT] <MinecraftForEver> and marty is imposter]
[09:18:24] [Client thread/INFO]: [CHAT] <[Super Admin] FarahIsAwesome> he imposed as bricks
[09:18:26] [Client thread/INFO]: [CHAT] < Steven> Playing with Connie!
[09:18:26] [Client thread/INFO]: [CHAT] <MinecraftForEver> marty185
[09:18:31] [Client thread/INFO]: [CHAT] <[OPPVP]  Mad> 1v1 anyone?
[09:18:32] [Client thread/INFO]: [CHAT] <MinecraftForEver> i forgot that youtuber
[09:18:33] [Client thread/INFO]: [CHAT] ShRules left the game.
[09:18:34] [Client thread/INFO]: [CHAT] <[Super Admin] FarahIsAwesome> Now danTdm is gone
[09:18:35] [Client thread/INFO]: [CHAT] <[Super Admin] FarahIsAwesome> :3
[09:18:35] [Client thread/INFO]: [CHAT] <MinecraftForEver> mee
[09:18:36] [Client thread/INFO]: [CHAT] ButterKing2468 left the game.
[09:18:37] [Client thread/INFO]: [CHAT] xXIceCreamKingXx joined the game.
[09:18:38] [Client thread/INFO]: [CHAT] safemark2 joined the game.
[09:18:38] [Client thread/INFO]: [CHAT] <MinecraftForEver> me 1v1
[09:18:39] [Client thread/INFO]: [CHAT] <[Builder]  CJdaBOSS> Isnt BricksHD real though?
[09:18:40] [Client thread/INFO]: [CHAT] < multi> helo
[09:18:41] [Client thread/INFO]: [CHAT] Dinnerbone left the game.
[09:18:41] [Client thread/INFO]: [CHAT] < IMCOwnerINotch> hi
[09:18:42] [Client thread/INFO]: [CHAT] _xXPvPKevinXx_ joined the game.
[09:18:42] [Client thread/INFO]: [CHAT] Welcome _xXPvPKevinXx_ to the server!
[09:18:42] [Client thread/INFO]: [CHAT] <[Crystal Gem]  Pearl> i know your playing with anvils..
[09:18:43] [Client thread/INFO]: [CHAT] <[Super Admin] FarahIsAwesome> No.
[09:18:48] [Client thread/INFO]: [CHAT] < Steven> WHAT?
[09:18:50] [Client thread/INFO]: [CHAT] <[Super Admin] FarahIsAwesome> He logged in as brickshd
[09:18:52] [Client thread/INFO]: [CHAT] < NexyusNex> I want
[09:18:54] [Client thread/INFO]: [CHAT] <marty185> yes MinecraftForEver
[09:18:55] [Client thread/INFO]: [CHAT] Davidistda used a forbidden WorldEdit block type: lava
[09:18:55] [Client thread/INFO]: [CHAT] < Steven> Um.. no.
[09:18:56] [Client thread/INFO]: [CHAT] < Op_Guy> op me
[09:18:59] [Client thread/INFO]: [CHAT] FarahIsAwesome - Opping all players on the server
[09:18:59] [Client thread/INFO]: [CHAT] You are now op!
[09:19:00] [Client thread/INFO]: [CHAT] <MinecraftForEver> survival
[09:19:02] [Client thread/INFO]: [CHAT] < Op_Guy> ty
[09:19:03] [Client thread/INFO]: [CHAT] You have been healed.
[09:19:04] [Client thread/INFO]: [CHAT] _xXPvPKevinXx_ left the game.
[09:19:04] [Client thread/INFO]: [CHAT] DanTDM joined the game.
[09:19:06] [Client thread/INFO]: [CHAT] NikolasLawson was shot by Evan21235
[09:19:07] [Client thread/INFO]: [CHAT] safemark2 has been a naughty, naughty boy.
[09:19:07] [Client thread/INFO]: [CHAT] safemark2 died
[09:19:09] [Client thread/INFO]: [CHAT] [Server:FarahIsAwesome] Do not heal all.
[09:19:10] [Client thread/INFO]: [CHAT] < multi> me is super admins
[09:19:11] [Client thread/INFO]: [CHAT] <[OPPVP]  Mad> 1v1 anyone??
[09:19:12] [Client thread/INFO]: [CHAT] Player markbyron has been offline since 9 hours 44 minutes 22 seconds.
[09:19:12] [Client thread/INFO]: [CHAT]  - IP Address: 101.186.90.77
[09:19:12] [Client thread/INFO]: [CHAT]  - Location: (Yog-Olympics, -155, 88, 202)
[09:19:15] [Client thread/INFO]: [CHAT] <DanTDM> heyy guys!
[09:19:16] [Client thread/INFO]: [CHAT] < NexyusNex> ME
[09:19:16] [Client thread/INFO]: [CHAT] < TheLastWord> ok sorry
[09:19:17] [Client thread/INFO]: [CHAT] <[Crystal Gem]  Pearl> steven
[09:19:24] [Client thread/INFO]: [CHAT] < Beast> me
[09:19:28] [Client thread/INFO]: [CHAT] <[MineCraft Player]  Jammeh> He logged onto BricksHD just like how people log on as famous youtubers..
[09:19:28] [Client thread/INFO]: [CHAT] Jackvince used a forbidden WorldEdit block type: snow
[09:19:30] [Client thread/INFO]: [CHAT] Running search for players matching '101.186.90.77' (this could take a little while).
[09:19:30] [Client thread/INFO]: [CHAT] The following players previously logged in from that IP address:
[09:19:30] [Client thread/INFO]: [CHAT] markbyron, MYtimme
[09:19:34] [Client thread/INFO]: [CHAT] <[MineCraft Player]  Jammeh> XDX
[09:19:35] [Client thread/INFO]: [CHAT] ExtremegamerXpr left the game.
[09:19:35] [Client thread/INFO]: [CHAT] ImALuckyGuy is a Super Telnet Admin and the TatsuCraft Owner
[09:19:35] [Client thread/INFO]: [CHAT] ImALuckyGuy joined the game.
[09:19:35] [Client thread/INFO]: [CHAT] Welcome ImALuckyGuy to the server!
[09:19:37] [Client thread/INFO]: [CHAT] safemark2 was killed by FC_Assen_Boy using magic
[09:19:38] [Client thread/INFO]: [CHAT] [ADMIN] FarahIsAwesome [SA]: Hai ;3
[09:19:40] [Client thread/INFO]: [CHAT] M_Madman_M, MargatoPvp, marty185, Mc_Crafter28, MeepMeepNL, MinecraftForEver
[09:19:42] [Client thread/INFO]: [CHAT] safemark2 was killed by FC_Assen_Boy using magic
[09:19:45] [Client thread/INFO]: [CHAT] [ADMIN] ImALuckyGuy [STA]: I can't be ingame for long
[09:19:46] [Client thread/INFO]: [CHAT] <[Crystal Gem]  Pearl> steven!
[09:19:46] [Client thread/INFO]: [CHAT] <Casperz03> noo
[09:19:47] [Client thread/INFO]: [CHAT] safemark2 was killed by FC_Assen_Boy using magic
[09:19:49] [Client thread/INFO]: [CHAT] firewolf678 left the game.
[09:19:49] [Client thread/INFO]: [CHAT] PhantomOediv215 - Banning MYtimme and IPs: 101.186.90.77
[09:19:49] [Client thread/INFO]: [CHAT] <[OPPVP]  Mad> 1v1 anyone???
[09:19:50] [Client thread/INFO]: [CHAT] [ADMIN] FarahIsAwesome [SA]: k
[09:19:50] [Client thread/INFO]: [CHAT] <Casperz03> sorry
[09:19:50] [Client thread/INFO]: [CHAT] <3bedalraziq10> nsnw
[09:19:52] [Client thread/INFO]: [CHAT] ExtremegamerXpr joined the game.
[09:19:54] [Client thread/INFO]: [CHAT] Evan21235 was slain by MinecraftForEver
[09:19:58] [Client thread/INFO]: [CHAT] < Beast> You cheater
[09:19:59] [Client thread/INFO]: [CHAT] <MinecraftForEver> lol
[09:20:05] [Client thread/INFO]: [CHAT] <sadwad  _BuildMaster_> kdo kamos?
[09:20:07] [Client thread/INFO]: [CHAT] [ADMIN] ImALuckyGuy [STA]: are there tons of griefers or something?
[09:20:07] [Client thread/INFO]: [CHAT] [Server:PhantomOediv215] Banned for impersonating matk.
[09:20:10] [Client thread/INFO]: [CHAT] Teleporting...
[09:20:10] [Client thread/INFO]: [CHAT] KoopaKnight used a forbidden WorldEdit block type: water
[09:20:11] [Client thread/INFO]: [CHAT] LukasMiner2000 fell from a high place
[09:20:16] [Client thread/INFO]: [CHAT] <KoopaKnight> op me
[09:20:17] [Client thread/INFO]: [CHAT] < Jack> i cant use snow?
[09:20:17] [Client thread/INFO]: [CHAT] [ADMIN] ImALuckyGuy [STA]: mytimme did that last night too
[09:20:19] [Client thread/INFO]: [CHAT] [ADMIN] FarahIsAwesome [SA]: Tons of rule breakers, yes.
[09:20:22] [Client thread/INFO]: [CHAT] DMME0NE - Opping Davidistda
[09:20:22] [Client thread/INFO]: [CHAT] < Steven> Yes? Sorry I was getting a soda.
[09:20:22] [Client thread/INFO]: [CHAT] xXIceCreamKingXx - Opping KoopaKnight
[09:20:24] [Client thread/INFO]: [CHAT] <tag cc  _BuildMaster_> t
[09:20:24] [Client thread/INFO]: [CHAT] <KoopaKnight> ty
[09:20:24] [Client thread/INFO]: [CHAT] BrandonR631 left the game.
[09:20:24] [Client thread/INFO]: [CHAT] darksonic2005 left the game.
[09:20:26] [Client thread/INFO]: [CHAT] Hotsun101 was shot by MinecraftForEver using [Shotgun]
[09:20:27] [Client thread/INFO]: [CHAT] <3bedalraziq10> rmsm /tp 3bedalraziq10
[09:20:28] [Client thread/INFO]: [CHAT] Hacksore joined the game.
[09:20:30] [Client thread/INFO]: [CHAT] titosleburitos joined the game.
[09:20:31] [Client thread/INFO]: [CHAT] < Jack> can someone op me again?
[09:20:33] [Client thread/INFO]: [CHAT] safemark2 left the game.
[09:20:33] [Client thread/INFO]: [CHAT] Aventador1337 joined the game.
[09:20:33] [Client thread/INFO]: [CHAT] Welcome Aventador1337 to the server!
[09:20:34] [Client thread/INFO]: [CHAT] [ADMIN] FarahIsAwesome [SA]: also
[09:20:34] [Client thread/INFO]: [CHAT] <[OPPVP]  Mad> gms!
[09:20:35] [Client thread/INFO]: [CHAT] [Server:PhantomOediv215] The owner is MarkByron
[09:20:35] [Client thread/INFO]: [CHAT] DMME0NE used a forbidden WorldEdit block type: tnt
[09:20:37] [Client thread/INFO]: [CHAT] <[Crystal Gem]  Pearl> steven i was calling you
[09:20:43] [Client thread/INFO]: [CHAT] MinecraftForEver has been a naughty, naughty boy.
[09:20:43] [Client thread/INFO]: [CHAT] MinecraftForEver died
[09:20:44] [Client thread/INFO]: [CHAT] <Pumpkin Team Leader Hotsun101> MinecraftForEver is creative pvping me
[09:20:45] [Client thread/INFO]: [CHAT] <marty185> holly Casperz03
[09:20:46] [Client thread/INFO]: [CHAT] <titosleburitos> Join Fpm.g-s.nu search staff
[09:20:46] [Client thread/INFO]: [CHAT] [Server:FarahIsAwesome] no creative pvp
[09:20:47] [Client thread/INFO]: [CHAT] <OP+  _BuildMaster_> cc
[09:20:49] [Client thread/INFO]: [CHAT] <[OPPVP]  Mad> !!!! XD XD XD
[09:20:51] [Client thread/INFO]: [CHAT] <Aventador1337> d
[09:20:53] [Client thread/INFO]: [CHAT] * titosleburitos Join Fpm.g-s.nu search staff
[09:20:53] [Client thread/INFO]: [CHAT] Davidistda used a forbidden WorldEdit block type: lava
[09:20:57] [Client thread/INFO]: [CHAT] VisjeBas left the game.
[09:20:57] [Client thread/INFO]: [CHAT] ExtremegamerXpr left the game.
[09:20:59] [Client thread/INFO]: [CHAT] * titosleburitos Join Fpm.g-s.nu search staff
[09:20:59] [Client thread/INFO]: [CHAT] <perdicraft11824> pvp
[09:21:00] [Client thread/INFO]: [CHAT] safemark2 joined the game.
[09:21:01] [Client thread/INFO]: [CHAT] [ADMIN] FarahIsAwesome [SA]: also lucky
[09:21:02] [Client thread/INFO]: [CHAT] LukasMiner2000 was killed by Nicholas061505 using magic
[09:21:03] [Client thread/INFO]: [CHAT] * titosleburitos Join Fpm.g-s.nu search staff
[09:21:04] [Client thread/INFO]: [CHAT] [ADMIN] ImALuckyGuy [STA]: ?
[09:21:06] [Client thread/INFO]: [CHAT] <Casperz03> marty
[09:21:06] [Client thread/INFO]: [CHAT] < Steven> Yes?
[09:21:06] [Client thread/INFO]: [CHAT] Brownlegend joined the game.
[09:21:09] [Client thread/INFO]: [CHAT] * titosleburitos Join Fpm.g-s.nu search staff
[09:21:10] [Client thread/INFO]: [CHAT] [ADMIN] FarahIsAwesome [SA]: There's this guy that said
[09:21:10] [Client thread/INFO]: [CHAT] LukasMiner2000 was slain by subtraho
[09:21:11] [Client thread/INFO]: [CHAT] < Jack> Can someone Op me please
[09:21:14] [Client thread/INFO]: [CHAT] < Jack> ?
[09:21:15] [Client thread/INFO]: [CHAT] DanTDM has been a naughty, naughty boy.
[09:21:15] [Client thread/INFO]: [CHAT] DanTDM died
[09:21:16] [Client thread/INFO]: [CHAT] <safemark2> Can i haz op
[09:21:17] [Client thread/INFO]: [CHAT] M_Madman_M left the game.
[09:21:17] [Client thread/INFO]: [CHAT] SlimehXD is a Super Telnet Admin
[09:21:17] [Client thread/INFO]: [CHAT] SlimehXD joined the game.
[09:21:17] [Client thread/INFO]: [CHAT] <[Crystal Gem]  Pearl> why you have a sword in your backpack?
[09:21:19] [Client thread/INFO]: [CHAT] <UltraOP  _BuildMaster_> :P
[09:21:21] [Client thread/INFO]: [CHAT] * titosleburitos Join Fpm.g-s.nu search staff
[09:21:23] [Client thread/INFO]: [CHAT] [ADMIN] ImALuckyGuy [STA]: said what?
[09:21:24] [Client thread/INFO]: [CHAT] <LukasMiner2000> please op me
[09:21:25] [Client thread/INFO]: [CHAT] [ADMIN] FarahIsAwesome [SA]: ' /me [WARNING] INCOMING SPAM BOT '
[09:21:26] [Client thread/INFO]: [CHAT] <Davidistda> pls op
[09:21:27] [Client thread/INFO]: [CHAT] < Steven> is this you?
[09:21:30] [Client thread/INFO]: [CHAT] * titosleburitos Join Fpm.g-s.nu search staff
[09:21:30] [Client thread/INFO]: [CHAT] [ADMIN] ImALuckyGuy [STA]: Oh.
[09:21:31] [Client thread/INFO]: [CHAT] <safemark2> Can i haz op?
[09:21:32] [Client thread/INFO]: [CHAT] [ADMIN] FarahIsAwesome [SA]: Im like
[09:21:34] [Client thread/INFO]: [CHAT] [ADMIN] FarahIsAwesome [SA]: sure go ahead
[09:21:34] [Client thread/INFO]: [CHAT] ImALuckyGuy - Opping all players on the server
[09:21:35] [Client thread/INFO]: [CHAT] You are now op!
[09:21:35] [Client thread/INFO]: [CHAT] * titosleburitos Join Fpm.g-s.nu search staff
[09:21:37] [Client thread/INFO]: [CHAT] [Brownlegend -> me] do/stop for op
[09:21:39] [Client thread/INFO]: [CHAT] [ADMIN] FarahIsAwesome [SA]: then there's no spambot
[09:21:42] [Client thread/INFO]: [CHAT] < EGERTPOLOL> omg
[09:21:42] [Client thread/INFO]: [CHAT] ImALuckyGuy - Tempbanning: Brownlegend for 5 minutes.
[09:21:42] [Client thread/INFO]: [CHAT] Brownlegend left the game.
[09:21:43] [Client thread/INFO]: [CHAT] * titosleburitos Join Fpm.g-s.nu search staff
[09:21:43] [Client thread/INFO]: [CHAT] ImALuckyGuy - Cleaning all nicknames.
[09:21:45] [Client thread/INFO]: [CHAT] FarahIsAwesome - Cleaning all nicknames.
[09:21:45] [Client thread/INFO]: [CHAT] Tackarator_Judah joined the game.
[09:21:45] [Client thread/INFO]: [CHAT] Welcome Tackarator_Judah to the server!
[09:21:47] [Client thread/INFO]: [CHAT] egertpo has been a naughty, naughty boy.
[09:21:47] [Client thread/INFO]: [CHAT] egertpo died
[09:21:50] [Client thread/INFO]: [CHAT] [Server:ImALuckyGuy] No &k!
[09:21:52] [Client thread/INFO]: [CHAT] [ADMIN] FarahIsAwesome [SA]: That's a gtfo?
[09:21:52] [Client thread/INFO]: [CHAT] * titosleburitos Join Fpm.g-s.nu search staff
[09:21:53] [Client thread/INFO]: [CHAT] < Steven> No.
[09:21:53] [Client thread/INFO]: [CHAT] <[MineCraft Player]  Jammeh> Please no &k.
[09:21:58] [Client thread/INFO]: [CHAT] < Death> Hello
[09:21:58] [Client thread/INFO]: [CHAT] <MinecraftForEver> who want 1v1\
[09:21:58] [Client thread/INFO]: [CHAT] *  ASSHOLESUCKER BITcH!
[09:21:59] [Client thread/INFO]: [CHAT] < XxDoomxX> no
[09:22:00] [Client thread/INFO]: [CHAT] <[Crystal Gem]  Pearl> where is the sword steven
[09:22:01] [Client thread/INFO]: [CHAT] * titosleburitos Join Fpm.g-s.nu search staff
[09:22:01] [Client thread/INFO]: [CHAT] <MinecraftForEver> survival
[09:22:01] [Client thread/INFO]: [CHAT] [ADMIN] ImALuckyGuy [STA]: I did /noob because it's not his first time.
[09:22:03] [Client thread/INFO]: [CHAT] < EGERTPOLOL> t
[09:22:03] [Client thread/INFO]: [CHAT] <Pumpkin Team Leader Hotsun101> who wants to be in my AWESOME team join in 5 mins
[09:22:03] [Client thread/INFO]: [CHAT] _BuildMaster_ left the game.
[09:22:04] [Client thread/INFO]: [CHAT] FlamingSkullz joined the game.
[09:22:04] [Client thread/INFO]: [CHAT] Welcome FlamingSkullz to the server!
[09:22:06] [Client thread/INFO]: [CHAT] titosleburitos left the game.
[09:22:09] [Client thread/INFO]: [CHAT] hackuman27 joined the game.
[09:22:09] [Client thread/INFO]: [CHAT] <safemark2> Some guy told me to do /stop what dose it do?
[09:22:12] [Client thread/INFO]: [CHAT] <perdicraft11824> como boy a ppvp
[09:22:13] [Client thread/INFO]: [CHAT] ImALuckyGuy - Opping all players on the server
[09:22:13] [Client thread/INFO]: [CHAT] You are now op!
[09:22:15] [Client thread/INFO]: [CHAT] < EGERTPOLOL> op me
[09:22:18] [Client thread/INFO]: [CHAT] Tackarator_Judah left the game.
[09:22:21] [Client thread/INFO]: [CHAT] [ADMIN] FarahIsAwesome [SA]: No wonder everybody objected on tylers telnet app
[09:22:21] [Client thread/INFO]: [CHAT] <FlamingSkullz> it bans you safemark2 DON'T DO IT
[09:22:23] [Client thread/INFO]: [CHAT] Brayden1207 joined the game.
[09:22:23] [Client thread/INFO]: [CHAT] Welcome Brayden1207 to the server!
[09:22:24] [Client thread/INFO]: [CHAT] hackuman27 - Opping DanTDM
[09:22:24] [Client thread/INFO]: [CHAT] DMME0NE - Opping Davidistda
[09:22:25] [Client thread/INFO]: [CHAT] [FC_Assen_Boy: Set world flatlands's spawnpoint to (412, 3, 1464)]
[09:22:27] [Client thread/INFO]: [CHAT] [Server:ImALuckyGuy] safemark2, it tempbans you.
[09:22:28] [Client thread/INFO]: [CHAT] <safemark2> ok ty
[09:22:28] [Client thread/INFO]: [CHAT] subtraho - Opping egertpo
[09:22:29] [Client thread/INFO]: [CHAT] < XxDoomxX> safemark2 /stop stops the server
[09:22:32] [Client thread/INFO]: [CHAT] < Beast> Out of god
[09:22:32] [Client thread/INFO]: [CHAT] Jackvince used a forbidden WorldEdit block type: sand
[09:22:35] [Client thread/INFO]: [CHAT] < Thebest> t
[09:22:35] [Client thread/INFO]: [CHAT] [ADMIN] FarahIsAwesome [SA]: Tyler said to me on their first offense, it's a gtfo.
[09:22:38] [Client thread/INFO]: [CHAT] Jackvince has been banned for 1 minute.
[09:22:38] [Client thread/INFO]: [CHAT] Jackvince left the game.
[09:22:38] [Client thread/INFO]: [CHAT] Jackvince was automatically kicked for using harmful commands.
[09:22:38] [Client thread/INFO]: [CHAT] < EGERTPOLOL> t
[09:22:39] [Client thread/INFO]: [CHAT] <marty185> Hotsun101
[09:22:40] [Client thread/INFO]: [CHAT] superdiamondgame joined the game.
[09:22:40] [Client thread/INFO]: [CHAT] Welcome superdiamondgame to the server!
[09:22:40] [Client thread/INFO]: [CHAT] [ADMIN] ImALuckyGuy [STA]: Not correct.
[09:22:43] [Client thread/INFO]: [CHAT] <Pumpkin Team Leader Hotsun101> ya
[09:22:45] [Client thread/INFO]: [CHAT] <[MineCraft Player]  Jammeh> Can we stop mentioning forbidden commands?
[09:22:47] [Client thread/INFO]: [CHAT] 3bedalraziq10 has been banned for 1 minute.
[09:22:47] [Client thread/INFO]: [CHAT] 3bedalraziq10 left the game.
[09:22:47] [Client thread/INFO]: [CHAT] 3bedalraziq10 was automatically kicked for using harmful commands.
[09:22:48] [Client thread/INFO]: [CHAT] [ADMIN] FarahIsAwesome [SA]: No Wonder.
[09:22:49] [Client thread/INFO]: [CHAT] DMME0NE - Opping Davidistda
[09:22:52] [Client thread/INFO]: [CHAT] < Steven> I found this in a random chest.
[09:22:54] [Client thread/INFO]: [CHAT] < XxDoomxX> ikr
[09:22:56] [Client thread/INFO]: [CHAT] ZekZexy joined the game.
[09:22:56] [Client thread/INFO]: [CHAT] <Casperz03> wauw
[09:22:56] [Client thread/INFO]: [CHAT] Welcome ZekZexy to the server!
[09:22:57] [Client thread/INFO]: [CHAT] ImALuckyGuy - Removing all ENDER_PORTAL within 50 blocks of all players... Brace for lag!
[09:22:58] [Client thread/INFO]: [CHAT] <ZekZexy> hey
[09:23:00] [Client thread/INFO]: [CHAT] ImALuckyGuy - Remove complete! 25 blocks removed.
[09:23:00] [Client thread/INFO]: [CHAT] egertpo left the game.
[09:23:01] [Client thread/INFO]: [CHAT] <marty185> may i come to the team
[09:23:02] [Client thread/INFO]: [CHAT] hackuman27 is breaking blocks too fast!
[09:23:02] [Client thread/INFO]: [CHAT] hackuman27 has been banned for 1 minute.
[09:23:02] [Client thread/INFO]: [CHAT] hackuman27 left the game.
[09:23:02] [Client thread/INFO]: [CHAT] <[Crystal Gem]  Pearl> then put it back
[09:23:04] [Client thread/INFO]: [CHAT] ImALuckyGuy - Opping all players on the server
[09:23:04] [Client thread/INFO]: [CHAT] You are now op!
[09:23:06] [Client thread/INFO]: [CHAT] <Casperz03> thats freaky
[09:23:10] [Client thread/INFO]: [CHAT] <[Crystal Gem]  Pearl> thats garnet's swor
[09:23:10] [Client thread/INFO]: [CHAT] <perdicraft11824> pvpp
[09:23:11] [Client thread/INFO]: [CHAT] < IYouTuberISkyTheKidRS> HI!!
[09:23:13] [Client thread/INFO]: [CHAT] Tackarator_Judah joined the game.
[09:23:17] [Client thread/INFO]: [CHAT] <DanTDM> derp
[09:23:17] [Client thread/INFO]: [CHAT] <[Crystal Gem]  Pearl> sword*
[09:23:17] [Client thread/INFO]: [CHAT] FarahIsAwesome - Freezing all players
[09:23:18] [Client thread/INFO]: [CHAT] <ZekZexy> wth
[09:23:19] [Client thread/INFO]: [CHAT] [ADMIN] ImALuckyGuy [STA]: Someone spambotted on Thursday I think
[09:23:19] [Client thread/INFO]: [CHAT] <perdicraft11824> go go pvp
[09:23:19] [Client thread/INFO]: [CHAT] <superdiamondgame> who knows Vikkstar123
[09:23:20] [Client thread/INFO]: [CHAT] FarahIsAwesome - Cleared all potion effects from all players
[09:23:21] [Client thread/INFO]: [CHAT] Neuclearb0mb joined the game.
[09:23:21] [Client thread/INFO]: [CHAT] Welcome Neuclearb0mb to the server!
[09:23:22] [Client thread/INFO]: [CHAT] < Steven> Ok.
[09:23:23] [Client thread/INFO]: [CHAT] < IYouTuberISkyTheKidRS> whaaaaaaat
[09:23:24] [Client thread/INFO]: [CHAT] subtraho has been a VERY naughty, naughty boy.
[09:23:24] [Client thread/INFO]: [CHAT] Banning: subtraho, IP: 141.136.*.* - Reason: Grief. ~Farah
[09:23:24] [Client thread/INFO]: [CHAT] subtraho left the game.
[09:23:28] [Client thread/INFO]: [CHAT] FarahIsAwesome - Lifting all global and player freezes
[09:23:30] [Client thread/INFO]: [CHAT] Assassinz_Gaming joined the game.
[09:28:09] [Client thread/INFO]: Connecting to play.totalfreedom.me., 28965
[09:28:10] [Client thread/INFO]: [CHAT] PhantomOediv215 is a Telnet Admin and a gamer!
[09:28:10] [Client thread/INFO]: [CHAT] PhantomOediv215 joined the game.
[09:28:10] [Client thread/INFO]: [CHAT] Welcome, PhantomOediv215!
[09:28:10] [Client thread/INFO]: [CHAT] Type /help for a list of commands.
[09:28:10] [Client thread/INFO]: [CHAT] Type /list to see who else is online.
[09:28:10] [Client thread/INFO]: [CHAT] Remember to save your builds with World Edit or they’ll be lost.
[09:28:10] [Client thread/INFO]: [CHAT] You have no new mail.
[09:28:10] [Client thread/INFO]: [CHAT] [TotalFreedom] If you aren't OP, be sure to ask!
[09:28:10] [Client thread/INFO]: [CHAT] chucky joined the game.
[09:28:10] [Client thread/INFO]: [CHAT] Welcome chucky to the server!
[09:28:11] [Client thread/INFO]: [CHAT] *  DarkenedSky FPM.g-s.nu! We need staff! ChatMonitor to first person! Version 1.7.9
[09:28:15] [Client thread/INFO]: [CHAT] <Tackarator_Judah> 1 more time ima kill u
[09:28:17] [Client thread/INFO]: [CHAT] < Steven> Ok I'm back.
[09:28:17] [Client thread/INFO]: [CHAT] FarahIsAwesome - Rolling back player: kingkilla1123
[09:28:18] [Client thread/INFO]: [CHAT] <[Telnet Admin] PhantomOediv215> dddrop the bass
[09:28:19] [Client thread/INFO]: [CHAT] Pearl5473 has been a naughty, naughty boy.
[09:28:19] [Client thread/INFO]: [CHAT] Pearl5473 died
[09:28:21] [Client thread/INFO]: [CHAT] < Beast> He stole it
[09:28:22] [Client thread/INFO]: [CHAT] *  DarkenedSky FPM.g-s.nu! We need staff! ChatMonitor to first person! Version 1.7.9
[09:28:23] [Client thread/INFO]: [CHAT] [ADMIN] ImALuckyGuy [STA]: gommehd8 is premium
[09:28:23] [Client thread/INFO]: [CHAT] ZekZexy left the game.
[09:28:23] [Client thread/INFO]: [CHAT] FarahIsAwesome - Banning kingkilla1123 and IPs: 72.189.185.211, 68.205.162.232
[09:28:24] [Client thread/INFO]: [CHAT] <[Telnet Admin] BricksHD> Don't spam commands
[09:28:26] [Client thread/INFO]: [CHAT] * titosleburitos join fpm.g-s.nu Search staff
[09:28:26] [Client thread/INFO]: [CHAT] < XxDoomxX> xXIceCreamKingXx is greifing spawn!!
[09:28:26] [Client thread/INFO]: [CHAT] <[Telnet Admin] PhantomOediv215> wawa wawawawwaw
[09:28:27] [Client thread/INFO]: [CHAT] Tackarator_Judah left the game.
[09:28:30] [Client thread/INFO]: [CHAT] CookeiLag has been a naughty, naughty boy.
[09:28:30] [Client thread/INFO]: [CHAT] CookeiLag died
[09:28:30] [Client thread/INFO]: [CHAT] ikramah09 joined the game.
[09:28:31] [Client thread/INFO]: [CHAT] FarahIsAwesome - Rolling back player: kenai3010
[09:28:31] [Client thread/INFO]: [CHAT] <[Telnet Admin] BricksHD> Advertise once
[09:28:36] [Client thread/INFO]: [CHAT] < KenaiLP> hey
[09:28:36] [Client thread/INFO]: [CHAT] xXIceCreamKingXx has been a VERY naughty, naughty boy.
[09:28:37] [Client thread/INFO]: [CHAT] Banning: xXIceCreamKingXx, IP: 84.38.*.* - Reason: Griefing in my face. -ImALuckyGuy
[09:28:37] [Client thread/INFO]: [CHAT] xXIceCreamKingXx left the game.
[09:28:38] [Client thread/INFO]: [CHAT] BricksHD - Opping all players on the server
[09:28:38] [Client thread/INFO]: [CHAT] < XxDoomxX> xXIceCreamKingXx is greifing spawn!
[09:28:38] [Client thread/INFO]: [CHAT] You are now op!
[09:28:39] [Client thread/INFO]: [CHAT] [Server:FarahIsAwesome] No mob spawners
[09:28:40] [Client thread/INFO]: [CHAT] Brayden1207 left the game.
[09:28:40] [Client thread/INFO]: [CHAT] * titosleburitos join fpm.g-s.nu Search staff
[09:28:41] [Client thread/INFO]: [CHAT] <MinecraftForEver> hotsun survival
[09:28:42] [Client thread/INFO]: [CHAT] NikolasLawson joined the game.
[09:28:44] [Client thread/INFO]: [CHAT] CSSLeipzig01 - Opping CSSLeipzig01
[09:28:46] [Client thread/INFO]: [CHAT] BricksHD - Tempbanning: titosleburitos for 5 minutes.
[09:28:46] [Client thread/INFO]: [CHAT] titosleburitos left the game.
[09:28:47] [Client thread/INFO]: [CHAT] AngelsofDragons joined the game.
[09:28:47] [Client thread/INFO]: [CHAT] Welcome AngelsofDragons to the server!
[09:28:48] [Client thread/INFO]: [CHAT] Del_Jul left the game.
[09:28:48] [Client thread/INFO]: [CHAT] FarahIsAwesome - Reverting rollback for player: kenai3010
[09:28:50] [Client thread/INFO]: [CHAT] <Pumpkin Team Leader Hotsun101> no i am not dumb MinecraftForEver
[09:28:50] [Client thread/INFO]: [CHAT] Nicholas061505 has been a naughty, naughty boy.
[09:28:51] [Client thread/INFO]: [CHAT] Nicholas061505 died
[09:28:51] [Client thread/INFO]: [CHAT] *  DarkenedSky FPM.g-s.nu! We need staff! ChatMonitor to first person! Version 1.7.9
[09:28:51] [Client thread/INFO]: [CHAT] <[Super Admin] FarahIsAwesome> sorry.
[09:28:51] [Client thread/INFO]: [CHAT] Sardenarin is a Senior Admin
[09:28:52] [Client thread/INFO]: [CHAT] Sardenarin joined the game.
[09:28:53] [Client thread/INFO]: [CHAT] < KenaiLP> thx
[09:28:54] [Client thread/INFO]: [CHAT] <[Telnet Admin] BricksHD> Don't ci others
[09:28:54] [Client thread/INFO]: [CHAT] Sardenarin left the game.
[09:28:55] [Client thread/INFO]: [CHAT] <[Super Admin] FarahIsAwesome> But no mobspawners
[09:28:55] [Client thread/INFO]: [CHAT] NikolasLawson died
[09:28:55] [Client thread/INFO]: [CHAT] Player NikolasLawson took their own life.
[09:28:57] [Client thread/INFO]: [CHAT] BricksHD - Tempbanning: CookeiLag for 5 minutes.
[09:28:57] [Client thread/INFO]: [CHAT] CookeiLag left the game.
[09:28:59] [Client thread/INFO]: [CHAT] NikolasLawson left the game.
[09:28:59] [Client thread/INFO]: [CHAT] <Pumpkin Team Leader Hotsun101> i am smart
[09:29:03] [Client thread/INFO]: [CHAT] <[Super Admin] FarahIsAwesome> Neither mobspawner penises
[09:29:03] [Client thread/INFO]: [CHAT] Sardenarin is a Senior Admin
[09:29:03] [Client thread/INFO]: [CHAT] Sardenarin joined the game.
[09:29:07] [Client thread/INFO]: [CHAT] LOLOSAUR5000 left the game.
[09:29:09] [Client thread/INFO]: [CHAT] < Op_Guy> op
[09:29:10] [Client thread/INFO]: [CHAT] TrueMU joined the game.
[09:29:11] [Client thread/INFO]: [CHAT] <[Telnet Admin] ImALuckyGuy> uhh farah
[09:29:12] [Client thread/INFO]: [CHAT] FarahIsAwesome - Removing all MOB_SPAWNER within 20 blocks of all players... Brace for lag!
[09:29:12] [Client thread/INFO]: [CHAT] FarahIsAwesome - Remove complete! 6 blocks removed.
[09:29:12] [Client thread/INFO]: [CHAT] <AngelsofDragons> hello
[09:29:13] [Client thread/INFO]: [CHAT] Tackarator_Judah joined the game.
[09:29:13] [Client thread/INFO]: [CHAT] <[Super Admin] FarahIsAwesome> ?
[09:29:15] [Client thread/INFO]: [CHAT] < Op_Guy> oooppp
[09:29:17] [Client thread/INFO]: [CHAT] BricksHD - Rolling back player: lukasminer2000
[09:29:17] [Client thread/INFO]: [CHAT] SlappinPvp_ joined the game.
[09:29:17] [Client thread/INFO]: [CHAT] <[Telnet Admin] ImALuckyGuy> idk where you're trying to go with that...
[09:29:19] [Client thread/INFO]: [CHAT] <[MineCraft Player]  Jammeh> That's inappropriate..
[09:29:20] [Client thread/INFO]: [CHAT] * SlappinPvp_  SlappinPvp->me]  fazepvp.net 1.8 factions voting done and free ranks hurry come quick
[09:29:20] [Client thread/INFO]: [CHAT] LukasMiner2000 has been a VERY naughty, naughty boy.
[09:29:20] [Client thread/INFO]: [CHAT] Banning: LukasMiner2000, IP: 88.69.*.* - Reason: griefing
[09:29:20] [Client thread/INFO]: [CHAT] LukasMiner2000 left the game.
[09:29:21] [Client thread/INFO]: [CHAT] SlappinPvp_ left the game.
[09:29:21] [Client thread/INFO]: [CHAT] CSSLeipzig01 - Opping CSSLeipzig01
[09:29:22] [Client thread/INFO]: [CHAT] < Op_Guy> creative
[09:29:23] [Client thread/INFO]: [CHAT] <[Super Admin] FarahIsAwesome> No where.
[09:29:28] [Client thread/INFO]: [CHAT] *  TrueMU WHAT SERVER NEEDS STAFF?
[09:29:28] [Client thread/INFO]: [CHAT] Tackarator_Judah left the game.
[09:29:29] [Client thread/INFO]: [CHAT] <[Telnet Admin] ImALuckyGuy> Stop, right, there.
[09:29:32] [Client thread/INFO]: [CHAT] < Op_Guy> opppppp
[09:29:34] [Client thread/INFO]: [CHAT] [ADMIN] BricksHD [STA]: getting on my pc now
[09:29:37] [Client thread/INFO]: [CHAT] <MargatoPvp> grief
[09:29:37] [Client thread/INFO]: [CHAT] [ADMIN] PhantomOediv215 [STA]: Hi Sard.
[09:29:40] [Client thread/INFO]: [CHAT] [ADMIN] BricksHD [STA]: or, my desktop
[09:29:41] [Client thread/INFO]: [CHAT] BricksHD left the game.
[09:29:44] [Client thread/INFO]: [CHAT] SlappinPvp_ joined the game.
[09:29:44] [Client thread/INFO]: [CHAT] lambobeats left the game.
[09:29:45] [Client thread/INFO]: [CHAT] darksonic2005 joined the game.
[09:29:47] [Client thread/INFO]: [CHAT] FarahIsAwesome - Banning SlappinPvp_ and IPs: 108.54.187.43, 72.89.224.56
[09:29:47] [Client thread/INFO]: [CHAT] SlappinPvp_ left the game.
[09:29:50] [Client thread/INFO]: [CHAT] <[Super Admin] FarahIsAwesome> lel
[09:29:55] [Client thread/INFO]: [CHAT] MeZoGoG left the game.
[09:29:55] [Client thread/INFO]: [CHAT] AJMAL5 joined the game.
[09:29:55] [Client thread/INFO]: [CHAT] Welcome AJMAL5 to the server!
[09:29:58] [Client thread/INFO]: [CHAT] < XxDoomxX> this is my get away plan!
[09:30:00] [Client thread/INFO]: [CHAT] AngelsofDragons has been a naughty, naughty boy.
[09:30:00] [Client thread/INFO]: [CHAT] AngelsofDragons died
[09:30:02] [Client thread/INFO]: [CHAT] PokemonPlayer joined the game.
[09:30:02] [Client thread/INFO]: [CHAT] <[MineCraft Player]  Jammeh> The admins on here are really good... Seriously though..
[09:30:02] [Client thread/INFO]: [CHAT] Welcome PokemonPlayer to the server!
[09:30:03] [Client thread/INFO]: [CHAT] cumbo left the game.
[09:30:04] [Client thread/INFO]: [CHAT] [Server:FarahIsAwesome] Dont try to ban Sardenarin
[09:30:05] [Client thread/INFO]: [CHAT] < Op_Guy> op me now!
[09:30:05] [Client thread/INFO]: [CHAT] FarahIsAwesome - Opping all players on the server
[09:30:05] [Client thread/INFO]: [CHAT] You are now op!
[09:30:07] [Client thread/INFO]: [CHAT] < Op_Guy> ty
[09:30:08] [Client thread/INFO]: [CHAT] [ADMIN] ImALuckyGuy [STA]: Windows XP > All others.
[09:30:14] [Client thread/INFO]: [CHAT] MeepMeepNL left the game.
[09:30:14] [Client thread/INFO]: [CHAT] Fir4sGamer joined the game.
[09:30:14] [Client thread/INFO]: [CHAT] Welcome Fir4sGamer to the server!
[09:30:17] [Client thread/INFO]: [CHAT] [ADMIN] PhantomOediv215 [STA]: Excuse me?/
[09:30:19] [Client thread/INFO]: [CHAT] FarahIsAwesome - Rolling back player: marty185
[09:30:21] [Client thread/INFO]: [CHAT] AJErnst joined the game.
[09:30:21] [Client thread/INFO]: [CHAT] Welcome AJErnst to the server!
[09:30:21] [Client thread/INFO]: [CHAT] [ADMIN] ImALuckyGuy [STA]: I said:
[09:30:23] [Client thread/INFO]: [CHAT] emds12 joined the game.
[09:30:23] [Client thread/INFO]: [CHAT] chucky left the game.
[09:30:24] [Client thread/INFO]: [CHAT] [ADMIN] ImALuckyGuy [STA]: Windows XP > All others.
[09:30:24] [Client thread/INFO]: [CHAT] CalvinDMC joined the game.
[09:30:25] [Client thread/INFO]: [CHAT] Welcome CalvinDMC to the server!
[09:30:27] [Client thread/INFO]: [CHAT] PlamenBG joined the game.
[09:30:27] [Client thread/INFO]: [CHAT] colin_lee joined the game.
[09:30:28] [Client thread/INFO]: [CHAT] Welcome PlamenBG to the server!
[09:30:28] [Client thread/INFO]: [CHAT] Welcome colin_lee to the server!
[09:30:28] [Client thread/INFO]: [CHAT] MeZoGoG joined the game.
[09:30:28] [Client thread/INFO]: [CHAT] colin_lee left the game.
[09:30:30] [Client thread/INFO]: [CHAT] jackYT joined the game.
[09:30:30] [Client thread/INFO]: [CHAT] Welcome jackYT to the server!
[09:30:31] [Client thread/INFO]: [CHAT] ImALuckyGuy - Opping all players on the server
[09:30:31] [Client thread/INFO]: [CHAT] You are now op!
[09:30:32] [Client thread/INFO]: [CHAT] <CalvinDMC> hi
[09:30:34] [Client thread/INFO]: [CHAT] FarahIsAwesome - Rolling back player: meepmeepnl
[09:30:35] [Client thread/INFO]: [CHAT] MeZoGoG - Opping PlamenBG
[09:30:36] [Client thread/INFO]: [CHAT] [ADMIN] PhantomOediv215 [STA]: Were you watching my livestream last night?!
[09:30:37] [Client thread/INFO]: [CHAT] WeArePLDB joined the game.
[09:30:37] [Client thread/INFO]: [CHAT] Welcome WeArePLDB to the server!
[09:30:40] [Client thread/INFO]: [CHAT] [ADMIN] ImALuckyGuy [STA]: Nope.
[09:30:40] [Client thread/INFO]: [CHAT] <[Crystal Gem]  Pearl> new players moving forward
[09:30:43] [Client thread/INFO]: [CHAT] <[Super Admin] FarahIsAwesome> what the fuck
[09:30:46] [Client thread/INFO]: [CHAT] < Katar91> hi
[09:30:46] [Client thread/INFO]: [CHAT] DMME0NE left the game.
[09:30:48] [Client thread/INFO]: [CHAT] <MinecraftForEver> and the spawn is destroyed by icecream king
[09:30:49] [Client thread/INFO]: [CHAT] [ADMIN] ImALuckyGuy [STA]: I was too busy doing stuff and coding.
[09:30:49] [Client thread/INFO]: [CHAT] <[Super Admin] FarahIsAwesome> I cant find who did it
[09:30:51] [Client thread/INFO]: [CHAT] < Steven> Be back
[09:30:54] [Client thread/INFO]: [CHAT] Xx_Guy420MLG_xX joined the game.
[09:30:55] [Client thread/INFO]: [CHAT] FarahIsAwesome - Rolling back player: nicholas061505
[09:30:59] [Client thread/INFO]: [CHAT] <AJErnst> &2 h
[09:31:00] [Client thread/INFO]: [CHAT] <Fir4sGamer> Move 3 a leave cool ba
[09:31:02] [Client thread/INFO]: [CHAT] <Fir4sGamer> Move 3 a leave cool bad
[09:31:04] [Client thread/INFO]: [CHAT] <Xx_Guy420MLG_xX> Hi
[09:31:11] [Client thread/INFO]: [CHAT] Xx_Guy420MLG_xX left the game.
[09:31:12] [Client thread/INFO]: [CHAT] colin_lee joined the game.
[09:31:12] [Client thread/INFO]: [CHAT] <CalvinDMC> hi farah
[09:31:12] [Client thread/INFO]: [CHAT] FarahIsAwesome - Reverting rollback for player: nicholas061505
[09:31:13] [Client thread/INFO]: [CHAT] [ADMIN] ImALuckyGuy [STA]: I have to leave.
[09:31:14] [Client thread/INFO]: [CHAT] [ADMIN] ImALuckyGuy [STA]: Bye!
[09:31:15] [Client thread/INFO]: [CHAT] * Fir4sGamer who is arabic say hla
[09:31:16] [Client thread/INFO]: [CHAT] <MinecraftForEver> super admin you are loser you don't banned xxicecreamkingxx becaus he destroyed the spawn
[09:31:16] [Client thread/INFO]: [CHAT] <Fir4sGamer> hla
[09:31:16] [Client thread/INFO]: [CHAT] <AJErnst> say 123 if you like factions
[09:31:18] [Client thread/INFO]: [CHAT] ImALuckyGuy left the game.
[09:31:20] [Client thread/INFO]: [CHAT] * Fir4sGamer who is arabic say hla
[09:31:21] [Client thread/INFO]: [CHAT] <Fir4sGamer> g
[09:31:22] [Client thread/INFO]: [CHAT] Mikgreg joined the game.
[09:31:23] [Client thread/INFO]: [CHAT] Welcome Mikgreg to the server!
[09:31:23] [Client thread/INFO]: [CHAT] <Fir4sGamer> hla
[09:31:23] [Client thread/INFO]: [CHAT] PepeKoot20 used a forbidden WorldEdit block type: sand
[09:31:24] [Client thread/INFO]: [CHAT] < Thebest> 123
[09:31:25] [Client thread/INFO]: [CHAT] Sardenarin left the game.
[09:31:27] [Client thread/INFO]: [CHAT] < Steven> Ok I am back
[09:31:29] [Client thread/INFO]: [CHAT] <Fir4sGamer> 123
[09:31:32] [Client thread/INFO]: [CHAT] <WillyBobJoe99> pvp any1
[09:31:32] [Client thread/INFO]: [CHAT] Mr_PandaBro joined the game.
[09:31:32] [Client thread/INFO]: [CHAT] < Beast> 123
[09:31:32] [Client thread/INFO]: [CHAT] Welcome Mr_PandaBro to the server!
[09:31:34] [Client thread/INFO]: [CHAT] AJErnst fell out of the world
[09:31:35] [Client thread/INFO]: [CHAT] FarahIsAwesome - Tempbanning: Nicholas061505 for 5 minutes.
[09:31:35] [Client thread/INFO]: [CHAT] Nicholas061505 left the game.
[09:31:35] [Client thread/INFO]: [CHAT] < FieDragon> t
[09:31:38] [Client thread/INFO]: [CHAT] < FieDragon> tt
[09:31:39] [Client thread/INFO]: [CHAT] <[Super Admin] FarahIsAwesome> tping me into the void?
[09:31:40] [Client thread/INFO]: [CHAT] <[Super Admin] FarahIsAwesome> k
[09:31:41] [Client thread/INFO]: [CHAT] <colin_lee> op me
[09:31:42] [Client thread/INFO]: [CHAT] <[MineCraft Player]  Jammeh> I kinda like factions
[09:31:42] [Client thread/INFO]: [CHAT] PlamenBG has been a naughty, naughty boy.
[09:31:43] [Client thread/INFO]: [CHAT] PlamenBG died
[09:31:45] [Client thread/INFO]: [CHAT] [Server:FarahIsAwesome] dont tp others to you
[09:31:45] [Client thread/INFO]: [CHAT] <SassyLassy02> MinecraftForEver, your stupid
[09:31:47] [Client thread/INFO]: [CHAT] < Steven> Pearl are you still here?
[09:31:48] [Client thread/INFO]: [CHAT] looperXD - Opping PlamenBG
[09:31:50] [Client thread/INFO]: [CHAT] herobrinelove joined the game.
[09:31:51] [Client thread/INFO]: [CHAT] looperXD - Opping PepeKoot20, colin_lee, herobrinelove
[09:31:53] [Client thread/INFO]: [CHAT] TOOO fell out of the world
[09:31:53] [Client thread/INFO]: [CHAT] MinecraftForEver fell out of the world
[09:31:55] [Client thread/INFO]: [CHAT] <[OP]  EAGaming> Hey
[09:31:55] [Client thread/INFO]: [CHAT] <Fir4sGamer> how
[09:31:59] [Client thread/INFO]: [CHAT] <WillyBobJoe99> pvp any1?
[09:32:07] [Client thread/INFO]: [CHAT] FarahIsAwesome - Opping all players on the server
[09:32:07] [Client thread/INFO]: [CHAT] You are now op!
[09:32:09] [Client thread/INFO]: [CHAT] <PepeKoot20> im not opped any morre
[09:32:10] [Client thread/INFO]: [CHAT] MinecraftForEver left the game.
[09:32:12] [Client thread/INFO]: [CHAT] herobrinelove fell from a high place
[09:32:14] [Client thread/INFO]: [CHAT] cumbo joined the game.
[09:32:15] [Client thread/INFO]: [CHAT] Mikgreg left the game.
[09:32:18] [Client thread/INFO]: [CHAT] PepeKoot20 used a forbidden WorldEdit block type: sand
[09:32:21] [Client thread/INFO]: [CHAT] <AJErnst> join rowanfactions.mcph.co need staff join join join
[09:32:23] [Client thread/INFO]: [CHAT] <[MineCraft Player]  Jammeh> You're OP. No need to worry.
[09:32:24] [Client thread/INFO]: [CHAT] ulimategamer joined the game.
[09:32:24] [Client thread/INFO]: [CHAT] Welcome ulimategamer to the server!
[09:32:26] [Client thread/INFO]: [CHAT] CSSLeipzig01 has been a VERY naughty, naughty boy.
[09:32:26] [Client thread/INFO]: [CHAT] Banning: CSSLeipzig01, IP: 178.24.*.* - Reason: Grief. ~Farah
[09:32:26] [Client thread/INFO]: [CHAT] CSSLeipzig01 left the game.
[09:32:28] [Client thread/INFO]: [CHAT] looperXD left the game.
[09:32:31] [Client thread/INFO]: [CHAT] < Beast> LOL
[09:32:31] [Client thread/INFO]: [CHAT] <[Crystal Gem]  Pearl> lol
[09:32:33] [Client thread/INFO]: [CHAT] FarahIsAwesome - Tempbanning: MeZoGoG for 5 minutes.
[09:32:33] [Client thread/INFO]: [CHAT] MeZoGoG left the game.
[09:32:33] [Client thread/INFO]: [CHAT] Fir4sGamer left the game.
[09:32:35] [Client thread/INFO]: [CHAT] <AJErnst> its factions
[09:32:37] [Client thread/INFO]: [CHAT] ulimategamer left the game.
[09:32:37] [Client thread/INFO]: [CHAT] <AJErnst> join rowanfactions.mcph.co need staff join join join
[09:32:37] [Client thread/INFO]: [CHAT] FarahIsAwesome - Tempbanning: PlamenBG for 5 minutes.
[09:32:38] [Client thread/INFO]: [CHAT] PlamenBG left the game.
[09:32:39] [Client thread/INFO]: [CHAT] <AJErnst> its factions
[09:32:40] [Client thread/INFO]: [CHAT] <PepeKoot20> im not opped any more
[09:32:41] [Client thread/INFO]: [CHAT] <AJErnst> join rowanfactions.mcph.co need staff join join join
[09:32:43] [Client thread/INFO]: [CHAT] <AJErnst> its factions
[09:32:43] [Client thread/INFO]: [CHAT] <[MineCraft Player]  Jammeh> What could possibly go wrong?
[09:32:44] [Client thread/INFO]: [CHAT] colin_lee left the game.
[09:32:44] [Client thread/INFO]: [CHAT] <AJErnst> join rowanfactions.mcph.co need staff join join join
[09:32:45] [Client thread/INFO]: [CHAT] FarahIsAwesome - Tempbanning: AJErnst for 5 minutes.
[09:32:45] [Client thread/INFO]: [CHAT] AJErnst left the game.
[09:32:46] [Client thread/INFO]: [CHAT] CalvinDMC left the game.
[09:32:51] [Client thread/INFO]: [CHAT] Pearl5473 - Opping PepeKoot20
[09:32:54] [Client thread/INFO]: [CHAT] <KoopaKnight> jackYT greif
[09:32:54] [Client thread/INFO]: [CHAT] AngelsofDragons has been a naughty, naughty boy.
[09:32:54] [Client thread/INFO]: [CHAT] AngelsofDragons died
[09:32:59] [Client thread/INFO]: [CHAT] Evan21235 left the game.
[09:33:00] [Client thread/INFO]: [CHAT] [Server:FarahIsAwesome] Dont try to nick yourself as a moderator
[09:33:00] [Client thread/INFO]: [CHAT] marty185 died
[09:33:01] [Client thread/INFO]: [CHAT] Player marty185 took their own life.
[09:33:07] [Client thread/INFO]: [CHAT] HyricanCraft joined the game.
[09:33:07] [Client thread/INFO]: [CHAT] Welcome HyricanCraft to the server!
[09:33:10] [Client thread/INFO]: [CHAT] <KoopaKnight> jackYT greif!!!
[09:33:14] [Client thread/INFO]: [CHAT] deadpool joined the game.
[09:33:14] [Client thread/INFO]: [CHAT] Welcome deadpool to the server!
[09:33:14] [Client thread/INFO]: [CHAT] <HyricanCraft> srbin?
[09:33:16] [Client thread/INFO]: [CHAT] <[Super Admin] FarahIsAwesome> Thanks, TrueMU.
[09:33:19] [Client thread/INFO]: [CHAT] <[Super Admin] FarahIsAwesome> You too
[09:33:21] [Client thread/INFO]: [CHAT] CalvinDMC joined the game.
[09:33:23] [Client thread/INFO]: [CHAT] < Becky> hi
[09:33:24] [Client thread/INFO]: [CHAT] <[YouTuber]  TrueMU> :D
[09:33:24] [Client thread/INFO]: [CHAT] FarahIsAwesome - Rolling back player: jackyt
[09:33:26] [Client thread/INFO]: [CHAT] Hotsun101 - Opping TrueMU
[09:33:28] [Client thread/INFO]: [CHAT] <[MineCraft Player]  Jammeh> ^_^
[09:33:28] [Client thread/INFO]: [CHAT] <WeArePLDB> herobrinelove is griefing
[09:33:30] [Client thread/INFO]: [CHAT] <CalvinDMC> hihihihi
[09:33:32] [Client thread/INFO]: [CHAT] <[Super Admin] FarahIsAwesome> I think this is why he griefed
[09:33:32] [Client thread/INFO]: [CHAT] <WeArePLDB> hes griefing
[09:33:32] [Client thread/INFO]: [CHAT] <Mr_PandaBro> Please Stop
[09:33:34] [Client thread/INFO]: [CHAT] <[YouTuber]  TrueMU> UR EVEN doper!
[09:33:35] [Client thread/INFO]: [CHAT] marty185 left the game.
[09:33:38] [Client thread/INFO]: [CHAT] [REPORTS] TOOO has reported AJMAL5 for 1 sek
[09:33:42] [Client thread/INFO]: [CHAT] <CalvinDMC> hi farah
[09:33:43] [Client thread/INFO]: [CHAT] perdicraft11824 left the game.
[09:33:44] [Client thread/INFO]: [CHAT] <[Super Admin] FarahIsAwesome> No lag machines
[09:33:44] [Client thread/INFO]: [CHAT] <jackYT> wtf
[09:33:45] [Client thread/INFO]: [CHAT] < b> k
[09:33:52] [Client thread/INFO]: [CHAT] <jackYT> FarahIsAwesome wtf asshole
[09:33:53] [Client thread/INFO]: [CHAT] Logdotzip joined the game.
[09:33:54] [Client thread/INFO]: [CHAT] Welcome Logdotzip to the server!
[09:34:00] [Client thread/INFO]: [CHAT] PokemonPlayer left the game.
[09:34:04] [Client thread/INFO]: [CHAT] <[MineCraft Player]  Jammeh> Please treat others with respect. Kid
[09:34:05] [Client thread/INFO]: [CHAT] <Mr_PandaBro> Is That The Real TruMU?
[09:34:08] [Client thread/INFO]: [CHAT] < Mamka> logdotzip here
[09:34:08] [Client thread/INFO]: [CHAT] AngelsofDragons was slain by herobrinelove
[09:34:09] [Client thread/INFO]: [CHAT] FarahIsAwesome - Rolling back player: pocketbuilder
[09:34:09] [Client thread/INFO]: [CHAT] KolmanTevz joined the game.
[09:34:13] [Client thread/INFO]: [CHAT] <[Super Admin] FarahIsAwesome> No lag machines please
[09:34:14] [Client thread/INFO]: [CHAT] < dawdada> Who owns a server
[09:34:15] [Client thread/INFO]: [CHAT] *  TrueMU - *See's FarahIsAwesome snipe a noob* OMFG! MOM GET THE CAMERA!!! :O
[09:34:15] [Client thread/INFO]: [CHAT] blakeshaky joined the game.
[09:34:16] [Client thread/INFO]: [CHAT] Welcome blakeshaky to the server!
[09:34:16] [Client thread/INFO]: [CHAT] < Guy> ?
[09:34:17] [Client thread/INFO]: [CHAT] FarahIsAwesome - Cleaning all nicknames.
[09:34:22] [Client thread/INFO]: [CHAT] < SuperAdmin> yup
[09:34:22] [Client thread/INFO]: [CHAT] < Guy> what did i do
[09:34:23] [Client thread/INFO]: [CHAT] KolmanTevz has been a naughty, naughty boy.
[09:34:23] [Client thread/INFO]: [CHAT] <[MineCraft Player]  Jammeh> Please, No, &k
[09:34:23] [Client thread/INFO]: [CHAT] KolmanTevz died
[09:34:23] [Client thread/INFO]: [CHAT] <CalvinDMC> hi farah!!
[09:34:24] [Client thread/INFO]: [CHAT] [Server:FarahIsAwesome] No &k
[09:34:25] [Client thread/INFO]: [CHAT] < Thebest> t
[09:34:28] [Client thread/INFO]: [CHAT] < dawdada> ...
[09:34:30] [Client thread/INFO]: [CHAT] Tackarator_Judah joined the game.
[09:34:30] [Client thread/INFO]: [CHAT] < FieDragon> r
[09:34:32] [Client thread/INFO]: [CHAT] Mr_PandaBro left the game.
[09:34:32] [Client thread/INFO]: [CHAT] < Mamkati> and someone tp me...
[09:34:32] [Client thread/INFO]: [CHAT] Evan21235 joined the game.
[09:34:34] [Client thread/INFO]: [CHAT] FarahIsAwesome - Opping all players on the server
[09:34:34] [Client thread/INFO]: [CHAT] You are now op!
[09:34:35] [Client thread/INFO]: [CHAT] <Pocketbuilder> i didnt use that
[09:34:38] [Client thread/INFO]: [CHAT] <Casperz03> hello
[09:34:38] [Client thread/INFO]: [CHAT] ShadowSaukko joined the game.
[09:34:39] [Client thread/INFO]: [CHAT] <SassyLassy02> deadpool, gmc killer
[09:34:41] [Client thread/INFO]: [CHAT] < dawdada> Who owns a server
[09:34:41] [Client thread/INFO]: [CHAT] < Beast> Who said the rowan faction server
[09:34:42] [Client thread/INFO]: [CHAT] < NexyusNex> fooo
[09:34:43] [Client thread/INFO]: [CHAT] <[Super Admin] FarahIsAwesome> Somebody has to make an animation of me shooting a noob XD
[09:34:44] [Client thread/INFO]: [CHAT] <herobrinelove> &k
[09:34:44] [Client thread/INFO]: [CHAT] < leave> t
[09:34:46] [Client thread/INFO]: [CHAT] <WillyBobJoe99> pvp any1
[09:34:48] [Client thread/INFO]: [CHAT] <herobrinelove> &ksfgdfbg
[09:34:49] [Client thread/INFO]: [CHAT] < SuperAdmin> FarahIsAwesome
[09:34:52] [Client thread/INFO]: [CHAT] <[Crystal Gem]  Pearl> tall lumber tree behind spawn
[09:34:55] [Client thread/INFO]: [CHAT] <CalvinDMC> who have cracked server
[09:34:56] [Client thread/INFO]: [CHAT] AngelsofDragons was slain by darksonic2005 using [PPSH-41 Sub-Machine Gun]
[09:34:57] [Client thread/INFO]: [CHAT] <deadpool> trollo
[09:34:58] [Client thread/INFO]: [CHAT] <Logdotzip> and someone tp me....
[09:34:59] [Client thread/INFO]: [CHAT] FreddyFazbear joined the game.
[09:34:59] [Client thread/INFO]: [CHAT] Welcome FreddyFazbear to the server!
[09:34:59] [Client thread/INFO]: [CHAT] ikramah09 has been a naughty, naughty boy.
[09:35:00] [Client thread/INFO]: [CHAT] ikramah09 died
[09:35:03] [Client thread/INFO]: [CHAT] [Server:FarahIsAwesome] You arent a superadmin
[09:35:03] [Client thread/INFO]: [CHAT] JacobRogers12104 joined the game.
[09:35:05] [Client thread/INFO]: [CHAT] < Beast> Anyone know who said the
[09:35:10] [Client thread/INFO]: [CHAT] KolmanTevz left the game.
[09:35:11] [Client thread/INFO]: [CHAT] < Beast> Rowan faction server
[09:35:12] [Client thread/INFO]: [CHAT] ikramah09 was slain by darksonic2005 using [PPSH-41 Sub-Machine Gun]
[09:35:12] [Client thread/INFO]: [CHAT] < SuperAdmin> yh
[09:35:12] [Client thread/INFO]: [CHAT] JacobRogers12104 left the game.
[09:35:14] [Client thread/INFO]: [CHAT] AngelsofDragons was slain by jackYT
[09:35:15] [Client thread/INFO]: [CHAT] <FreddyFazbear> TrueMU is tped me
[09:35:17] [Client thread/INFO]: [CHAT] <[YouTuber]  TrueMU> Huh
[09:35:19] [Client thread/INFO]: [CHAT] AngelsofDragons was slain by jackYT
[09:35:21] [Client thread/INFO]: [CHAT] <WillyBobJoe99> dangit
[09:35:23] [Client thread/INFO]: [CHAT] kenai3010 left the game.
[09:35:26] [Client thread/INFO]: [CHAT] TrueMU has been a naughty, naughty boy.
[09:35:26] [Client thread/INFO]: [CHAT] TrueMU died
[09:35:26] [Client thread/INFO]: [CHAT] AngelsofDragons was slain by deadpool
[09:35:27] [Client thread/INFO]: [CHAT] ikramah09 was slain by jackYT
[09:35:29] [Client thread/INFO]: [CHAT] [Server:FarahIsAwesome] dont tp others to you
[09:35:32] [Client thread/INFO]: [CHAT] TrueMU was slain by jackYT
[09:35:34] [Client thread/INFO]: [CHAT] AngelsofDragons was slain by Mc_Crafter28
[09:35:34] [Client thread/INFO]: [CHAT] ShadowSaukko left the game.
[09:35:35] [Client thread/INFO]: [CHAT] <CalvinDMC> hi farah
[09:35:37] [Client thread/INFO]: [CHAT] <[Crystal Gem]  Pearl> theres a tall tree behind the spawn
[09:35:43] [Client thread/INFO]: [CHAT] AngelsofDragons was slain by deadpool
[09:35:45] [Client thread/INFO]: [CHAT] ikramah09 was slain by jackYT
[09:35:48] [Client thread/INFO]: [CHAT] < Beast> Who said the rowan faction server
[09:35:50] [Client thread/INFO]: [CHAT] <darksonic2005> jackYT creative vp
[09:35:51] [Client thread/INFO]: [CHAT] FarahIsAwesome - Tempbanning: deadpool for 5 minutes.
[09:35:51] [Client thread/INFO]: [CHAT] deadpool left the game.
[09:35:53] [Client thread/INFO]: [CHAT] ikramah09 was slain by jackYT
[09:35:56] [Client thread/INFO]: [CHAT] <[YouTuber]  TrueMU> oPALL
[09:35:57] [Client thread/INFO]: [CHAT] <CalvinDMC> who have cracked server
[09:35:58] [Client thread/INFO]: [CHAT] <WillyBobJoe99> pvp anu1
[09:35:58] [Client thread/INFO]: [CHAT] FarahIsAwesome - Tempbanning: jackYT for 5 minutes.
[09:35:58] [Client thread/INFO]: [CHAT] jackYT left the game.
[09:36:07] [Client thread/INFO]: [CHAT] 180bmx joined the game.
[09:36:07] [Client thread/INFO]: [CHAT] Brayden1207 joined the game.
[09:36:10] [Client thread/INFO]: [CHAT] <WillyBobJoe99> pvp any1?
[09:36:11] [Client thread/INFO]: [CHAT] < leave> i am not oped
[09:36:14] [Client thread/INFO]: [CHAT] CalvinDMC left the game.
[09:36:16] [Client thread/INFO]: [CHAT] MrLormeyMustach joined the game.
[09:36:19] [Client thread/INFO]: [CHAT] nickyshiv6 joined the game.
[09:36:19] [Client thread/INFO]: [CHAT] Welcome nickyshiv6 to the server!
[09:36:19] [Client thread/INFO]: [CHAT] <[Crystal Gem]  Pearl> theres a tall tree behind the spawn.
[09:36:20] [Client thread/INFO]: [CHAT] WillyBobJoe99 - Opping AngelsofDragons
[09:36:24] [Client thread/INFO]: [CHAT] MoonScythe422 joined the game.
[09:36:24] [Client thread/INFO]: [CHAT] Welcome MoonScythe422 to the server!
[09:36:24] [Client thread/INFO]: [CHAT] Kota55Lego joined the game.
[09:36:24] [Client thread/INFO]: [CHAT] Welcome Kota55Lego to the server!
[09:36:25] [Client thread/INFO]: [CHAT] <nickyshiv6> Hey GUys
[09:36:27] [Client thread/INFO]: [CHAT] < Thebest> hi what you bulding
[09:36:27] [Client thread/INFO]: [CHAT] darksonic2005 - Opping Kota55Lego
[09:36:27] [Client thread/INFO]: [CHAT] < Steven> Pearl guess where I am!
[09:36:29] [Client thread/INFO]: [CHAT] < Thebest> hi what you bulding?
[09:36:30] [Client thread/INFO]: [CHAT] darksonic2005 - Opping MoonScythe422
[09:36:31] [Client thread/INFO]: [CHAT] <[YouTuber]  TrueMU> opall!
[09:36:36] [Client thread/INFO]: [CHAT] *  Jammeh Farah's job is of course to punish all the little kids that break the rules L0L
[09:36:36] [Client thread/INFO]: [CHAT] < XxDoomxX> ty Mc_Crafter28
[09:36:38] [Client thread/INFO]: [CHAT] * Brayden1207 anyone have a server with one staff only and verison 1.7.9?
[09:36:40] [Client thread/INFO]: [CHAT] Prada_ThePenguin joined the game.
[09:36:40] [Client thread/INFO]: [CHAT] Welcome Prada_ThePenguin to the server!
[09:36:45] [Client thread/INFO]: [CHAT] < TheBestHackerMaster> t
[09:36:45] [Client thread/INFO]: [CHAT] < Dynty> t
[09:36:47] [Client thread/INFO]: [CHAT] <[Super Admin] FarahIsAwesome> jammeh
[09:36:47] [Client thread/INFO]: [CHAT] JacobRogers12104 joined the game.
[09:36:51] [Client thread/INFO]: [CHAT] < Beast> darksonic2005 1v1
[09:36:51] [Client thread/INFO]: [CHAT] <[Super Admin] FarahIsAwesome> It's true
[09:36:51] [Client thread/INFO]: [CHAT] Blazeyboy joined the game.
[09:36:51] [Client thread/INFO]: [CHAT] blakeshaky used a forbidden WorldEdit block type: lava
[09:36:53] [Client thread/INFO]: [CHAT] < Thebest> hi what you bulding
[09:36:56] [Client thread/INFO]: [CHAT] * MrLormeyMustach does any 1 have a server tht needs staff?
[09:36:56] [Client thread/INFO]: [CHAT] <Kota55Lego> stonemc.apexminecraft.com is a server join now
[09:36:59] [Client thread/INFO]: [CHAT] ikramah09 fell from a high place
[09:36:59] [Client thread/INFO]: [CHAT] < Beast> no cheating
[09:37:01] [Client thread/INFO]: [CHAT] < Steven> I'm going to go in PVP!
[09:37:02] [Client thread/INFO]: [CHAT] alecfoxx joined the game.
[09:37:10] [Client thread/INFO]: Connecting to play.totalfreedom.me., 28965
[09:37:11] [Client thread/INFO]: [CHAT] PhantomOediv215 is a Telnet Admin and a gamer!
[09:37:11] [Client thread/INFO]: [CHAT] PhantomOediv215 joined the game.
[09:37:11] [Client thread/INFO]: [CHAT] Welcome, PhantomOediv215!
[09:37:11] [Client thread/INFO]: [CHAT] Type /help for a list of commands.
[09:37:11] [Client thread/INFO]: [CHAT] Type /list to see who else is online.
[09:37:11] [Client thread/INFO]: [CHAT] Remember to save your builds with World Edit or they’ll be lost.
[09:37:11] [Client thread/INFO]: [CHAT] You have no new mail.
[09:37:11] [Client thread/INFO]: [CHAT] Set fly mode enabled for PhantomOediv215.
[09:37:11] [Client thread/INFO]: [CHAT] < Steven> PVP!
[09:37:12] [Client thread/INFO]: [CHAT] * MrLormeyMustach does any 1 have a server tht needs staff? msg me with ip
[09:37:13] [Client thread/INFO]: [CHAT] alecfoxx joined the game.
[09:37:14] [Client thread/INFO]: [CHAT] <SassyLassy02> oi
[09:37:18] [Client thread/INFO]: [CHAT] <darksonic2005> Who wants my gun :P
[09:37:18] [Client thread/INFO]: [CHAT] _BuildMaster_ joined the game.
[09:37:18] [Client thread/INFO]: [CHAT] <WillyBobJoe99> what emds12
[09:37:18] [Client thread/INFO]: [CHAT] TrueMU was slain by herobrinelove
[09:37:20] [Client thread/INFO]: [CHAT] <Kota55Lego> MrLormeyMustach I HAVE ONE
[09:37:20] [Client thread/INFO]: [CHAT] <Tackarator_Judah> ima go pvp
[09:37:21] [Client thread/INFO]: [CHAT] <darksonic2005> Who wants my gun :PP
[09:37:23] [Client thread/INFO]: [CHAT] <Tackarator_Judah> ME
[09:37:24] [Client thread/INFO]: [CHAT] < Steven> I'm going to beat EVERYONE!
[09:37:26] [Client thread/INFO]: [CHAT] Brayden1207 left the game.
[09:37:26] [Client thread/INFO]: [CHAT] [ADMIN] PhantomOediv215 [STA]: twitch.tv/VideoGameSmash12
[09:37:26] [Client thread/INFO]: [CHAT] <MoonScythe422> truemu is that really you 0_0
[09:37:27] [Client thread/INFO]: [CHAT] <Tackarator_Judah> nope
[09:37:29] [Client thread/INFO]: [CHAT] <[YouTuber]  TrueMU> YES
[09:37:29] [Client thread/INFO]: [CHAT] < Dynty> jak mam dat prefix
[09:37:29] [Client thread/INFO]: [CHAT] emds12 left the game.
[09:37:30] [Client thread/INFO]: [CHAT] ikramah09 fell from a high place
[09:37:30] [Client thread/INFO]: [CHAT] <Tackarator_Judah> i am
[09:37:31] [Client thread/INFO]: [CHAT] <UltraOP  _BuildMaster_> kdo kamos?
[09:37:32] [Client thread/INFO]: [CHAT] <MrLormeyMustach> IP Kota55Lego
[09:37:34] [Client thread/INFO]: [CHAT] <MargatoPvp> a ima go
[09:37:34] [Client thread/INFO]: [CHAT] [ADMIN] PhantomOediv215 [STA]: Going to broadcast
[09:37:34] [Client thread/INFO]: [CHAT] chuckyjr joined the game.
[09:37:34] [Client thread/INFO]: [CHAT] Welcome chuckyjr to the server!
[09:37:34] [Client thread/INFO]: [CHAT] Hotsun101 joined the game.
[09:37:35] [Client thread/INFO]: [CHAT] lambobeats joined the game.
[09:37:36] [Client thread/INFO]: [CHAT] Troll123 joined the game.
[09:37:36] [Client thread/INFO]: [CHAT] Welcome Troll123 to the server!
[09:37:37] [Client thread/INFO]: [CHAT] <[MineCraft Player]  Jammeh> TrueMU is fake.
[09:37:37] [Client thread/INFO]: [CHAT] <[YouTuber]  TrueMU> OP me
[09:37:39] [Client thread/INFO]: [CHAT] <darksonic2005> Im selling this gun for $800 in mc
[09:37:39] [Client thread/INFO]: [CHAT] < Dynty> buiild master ?
[09:37:41] [Client thread/INFO]: [CHAT] FreddyFazbear left the game.
[09:37:41] [Client thread/INFO]: [CHAT] Pearl5473 used a forbidden WorldEdit block type: long_grass
[09:37:42] [Client thread/INFO]: [CHAT] <Tackarator_Judah> k
[09:37:44] [Client thread/INFO]: [CHAT] < Dynty> jak mam dat prefix
[09:37:46] [Client thread/INFO]: [CHAT] < Dynty> a ja
[09:37:47] [Client thread/INFO]: [CHAT] <MoonScythe422> my heart just stoped
[09:37:49] [Client thread/INFO]: [CHAT] <[YouTuber]  TrueMU> OP me!
[09:37:49] [Client thread/INFO]: [CHAT] <UltraOP  _BuildMaster_> DynTy kamosi?
[09:37:50] [Client thread/INFO]: [CHAT] ulimategamer joined the game.
[09:37:52] [Client thread/INFO]: [CHAT] < Dynty> jj
[09:37:52] [Client thread/INFO]: [CHAT] <[Crystal Gem]  Pearl> op me
[09:37:53] [Client thread/INFO]: [CHAT] <Kota55Lego> MrLormeyMustach
[09:37:54] [Client thread/INFO]: [CHAT] <[MineCraft Player]  Jammeh> TrueMU is fake As fuck. XD
[09:37:56] [Client thread/INFO]: [CHAT] < Dynty> a jak mam dat prefix
[09:37:58] [Client thread/INFO]: [CHAT] MoonScythe422 - Opping TrueMU
[09:37:58] [Client thread/INFO]: [CHAT] < SuperAdmin> yes
[09:37:59] [Client thread/INFO]: [CHAT] < Dynty> zapomnel jsem
[09:38:00] [Client thread/INFO]: [CHAT] <MrLormeyMustach> what
[09:38:00] [Client thread/INFO]: [CHAT] *  lambobeats join this server fpm.g-s.nu join now
[09:38:01] [Client thread/INFO]: [CHAT] <UltraOP  _BuildMaster_> dej /tag set PREFIX
[09:38:01] [Client thread/INFO]: [CHAT] <Kota55Lego> brb
[09:38:01] [Client thread/INFO]: [CHAT] <[YouTuber]  TrueMU> Jammeh, so's ur mam
[09:38:02] [Client thread/INFO]: [CHAT] <MrLormeyMustach> is
[09:38:04] [Client thread/INFO]: [CHAT] < Dynty> dik
[09:38:06] [Client thread/INFO]: [CHAT] <UltraOP  _BuildMaster_> nz
[09:38:07] [Client thread/INFO]: [CHAT] <[Crystal Gem]  Pearl> op me my ign is Pearl5473
[09:38:08] [Client thread/INFO]: [CHAT] *  Reflexin Join: fpm.g-s.nu WEE NEED STAFF
[09:38:08] [Client thread/INFO]: [CHAT] Kota55Lego left the game.
[09:38:09] [Client thread/INFO]: [CHAT] < Steven> Anyone PvP? Do /warp pvp!
[09:38:10] [Client thread/INFO]: [CHAT] < SuperAdmin> ??õ
[09:38:10] [Client thread/INFO]: [CHAT] <WillyBobJoe99> i found a spawner
[09:38:11] [Client thread/INFO]: [CHAT] <[MineCraft Player]  Jammeh> You've got a problem?
[09:38:11] [Client thread/INFO]: [CHAT] delgado1116 joined the game.
[09:38:12] [Client thread/INFO]: [CHAT] Welcome delgado1116 to the server!
[09:38:12] [Client thread/INFO]: [CHAT] <SassyLassy02> WeArePLDB placed a sign saying if you are reading this then you are horse dick
[09:38:14] [Client thread/INFO]: [CHAT] *  Reflexin Join: fpm.g-s.nu WE NEED STAFF
[09:38:16] [Client thread/INFO]: [CHAT] MoonScythe422 - Opping TrueMU
[09:38:19] [Client thread/INFO]: [CHAT] MoonScythe422 - Opping TrueMU
[09:38:19] [Client thread/INFO]: [CHAT] <SassyLassy02> .-.
[09:38:20] [Client thread/INFO]: [CHAT] Tackarator_Judah left the game.
[09:38:21] [Client thread/INFO]: [CHAT] JacobRogers12104 left the game.
[09:38:23] [Client thread/INFO]: [CHAT] josephlbj joined the game.
[09:38:23] [Client thread/INFO]: [CHAT] Welcome josephlbj to the server!
[09:38:23] [Client thread/INFO]: [CHAT] MrLormeyMustach left the game.
[09:38:24] [Client thread/INFO]: [CHAT] <Troll123> .
[09:38:24] [Client thread/INFO]: [CHAT] *  lambobeats and there is so much spots for staff come quick
[09:38:24] [Client thread/INFO]: [CHAT] [TotalFreedom] Be sure to visit our forums at http://totalfreedom.boards.net/
[09:38:25] [Client thread/INFO]: [CHAT] <superdiamondgame> Mc_Crafter28 hi
[09:38:25] [Client thread/INFO]: [CHAT] <darksonic2005> julianrulez5
[09:38:26] [Client thread/INFO]: [CHAT] *  Reflexin Join: fpm.g-s.nu WE NEED STAFF
[09:38:27] [Client thread/INFO]: [CHAT] <darksonic2005> go in survival
[09:38:27] [Client thread/INFO]: [CHAT] lambobeats left the game.
[09:38:28] [Client thread/INFO]: [CHAT] <darksonic2005> dude..
[09:38:29] [Client thread/INFO]: [CHAT] *  Reflexin Join: fpm.g-s.nu WE NEED STAFF
[09:38:30] [Client thread/INFO]: [CHAT] *  Reflexin Join: fpm.g-s.nu WE NEED STAFF
[09:38:31] [Client thread/INFO]: [CHAT] <blakeshaky> fpm.g-s.nu
[09:38:31] [Client thread/INFO]: [CHAT] <MoonScythe422> O_o
[09:38:32] [Client thread/INFO]: [CHAT] blakeshaky left the game.
[09:38:33] [Client thread/INFO]: [CHAT] *  Reflexin Join: fpm.g-s.nu WE NEED STAFF
[09:38:33] [Client thread/INFO]: [CHAT] < Steven> what
[09:38:34] [Client thread/INFO]: [CHAT] *  Reflexin Join: fpm.g-s.nu WE NEED STAFF
[09:38:35] [Client thread/INFO]: [CHAT] *  Reflexin Join: fpm.g-s.nu WE NEED STAFF
[09:38:36] [Client thread/INFO]: [CHAT] <WillyBobJoe99> julianrulez5 is creative pvping
[09:38:36] [Client thread/INFO]: [CHAT] * Pocketbuilder is now AFK.
[09:38:36] [Client thread/INFO]: [CHAT] *  Reflexin Join: fpm.g-s.nu WE NEED STAFF
[09:38:37] [Client thread/INFO]: [CHAT] *  Reflexin Join: fpm.g-s.nu WE NEED STAFF
[09:38:37] [Client thread/INFO]: [CHAT] <Casperz03> dont grief!!!!!1
[09:38:38] [Client thread/INFO]: [CHAT] *  Reflexin Join: fpm.g-s.nu WE NEED STAFF
[09:38:38] [Client thread/INFO]: [CHAT] Tackarator_Judah joined the game.
[09:38:39] [Client thread/INFO]: [CHAT] *  Reflexin Join: fpm.g-s.nu WE NEED STAFF
[09:38:39] [Client thread/INFO]: [CHAT] *  Reflexin Join: fpm.g-s.nu WE NEED STAFF
[09:38:40] [Client thread/INFO]: [CHAT] Hotsun101 left the game.
[09:38:40] [Client thread/INFO]: [CHAT] AngelsofDragons - Opping AngelsofDragons
[09:38:40] [Client thread/INFO]: [CHAT] *  Reflexin Join: fpm.g-s.nu WE NEED STAFF
[09:38:41] [Client thread/INFO]: [CHAT] <[YouTuber]  TrueMU> She's imaginary :D, When you see her cook your just going bat shit crazy, your imagininh XD
[09:38:41] [Client thread/INFO]: [CHAT] <superdiamondgame> hi doomdealer11
[09:38:41] [Client thread/INFO]: [CHAT] *  Reflexin Join: fpm.g-s.nu WE NEED STAFF
[09:38:41] [Client thread/INFO]: [CHAT] Jereh joined the game.
[09:38:41] [Client thread/INFO]: [CHAT] Welcome Jereh to the server!
[09:38:42] [Client thread/INFO]: [CHAT] *  Reflexin Join: fpm.g-s.nu WE NEED STAFF
[09:38:43] [Client thread/INFO]: [CHAT] <[CheatHunter]  Dynty> t
[09:38:43] [Client thread/INFO]: [CHAT] < Steven> im in survival
[09:38:43] [Client thread/INFO]: [CHAT] Kota55Lego joined the game.
[09:38:43] [Client thread/INFO]: [CHAT] *  Reflexin Join: fpm.g-s.nu WE NEED STAFF
[09:38:44] [Client thread/INFO]: [CHAT] <darksonic2005> julianrulez5
[09:38:44] [Client thread/INFO]: [CHAT] *  Reflexin Join: fpm.g-s.nu WE NEED STAFF
[09:38:45] [Client thread/INFO]: [CHAT] *  Reflexin Join: fpm.g-s.nu WE NEED STAFF
[09:38:45] [Client thread/INFO]: [CHAT] <[Crystal Gem]  Pearl> op me my ign is Pearl5473.
[09:38:46] [Client thread/INFO]: [CHAT] Tackarator_Judah left the game.
[09:38:46] [Client thread/INFO]: [CHAT] nickyshiv6 left the game.
[09:38:46] [Client thread/INFO]: [CHAT] *  Reflexin Join: fpm.g-s.nu WE NEED STAFF
[09:38:46] [Client thread/INFO]: [CHAT] TrueMU left the game.
[09:38:47] [Client thread/INFO]: [CHAT] *  Reflexin Join: fpm.g-s.nu WE NEED STAFF
[09:38:47] [Client thread/INFO]: [CHAT] *  Reflexin Join: fpm.g-s.nu WE NEED STAFF
[09:38:48] [Client thread/INFO]: [CHAT] <[CheatHunter]  Dynty> muzu tpa
[09:38:48] [Client thread/INFO]: [CHAT] *  Reflexin Join: fpm.g-s.nu WE NEED STAFF
[09:38:49] [Client thread/INFO]: [CHAT] *  Reflexin Join: fpm.g-s.nu WE NEED STAFF
[09:38:49] [Client thread/INFO]: [CHAT] <darksonic2005> go in survival
[09:38:50] [Client thread/INFO]: [CHAT] *  Reflexin Join: fpm.g-s.nu WE NEED STAFF
[09:38:50] [Client thread/INFO]: [CHAT] <SassyLassy02> and griefed someone's build
[09:38:50] [Client thread/INFO]: [CHAT] *  Reflexin Join: fpm.g-s.nu WE NEED STAFF
[09:38:51] [Client thread/INFO]: [CHAT] *  Reflexin Join: fpm.g-s.nu WE NEED STAFF
[09:38:51] [Client thread/INFO]: [CHAT] *  Reflexin Join: fpm.g-s.nu WE NEED STAFF
[09:38:52] [Client thread/INFO]: [CHAT] *  Reflexin Join: fpm.g-s.nu WE NEED STAFF
[09:38:53] [Client thread/INFO]: [CHAT] AngelsofDragons - Opping AngelsofDragons
[09:38:53] [Client thread/INFO]: [CHAT] *  Reflexin Join: fpm.g-s.nu WE NEED STAFF
[09:38:54] [Client thread/INFO]: [CHAT] <darksonic2005> I cant hit u
[09:38:54] [Client thread/INFO]: [CHAT] *  Reflexin Join: fpm.g-s.nu WE NEED STAFF
[09:38:55] [Client thread/INFO]: [CHAT] Tackarator_Judah joined the game.
[09:38:55] [Client thread/INFO]: [CHAT] *  Reflexin Join: fpm.g-s.nu WE NEED STAFF
[09:38:55] [Client thread/INFO]: [CHAT] *  Reflexin Join: fpm.g-s.nu WE NEED STAFF
[09:38:56] [Client thread/INFO]: [CHAT] *  Reflexin Join: fpm.g-s.nu WE NEED STAFF
[09:38:57] [Client thread/INFO]: [CHAT] *  Reflexin Join: fpm.g-s.nu WE NEED STAFF
[09:38:57] [Client thread/INFO]: [CHAT] *  Reflexin Join: fpm.g-s.nu WE NEED STAFF
[09:38:57] [Client thread/INFO]: [CHAT] < XxDoomxX> don't spam!
[09:39:01] [Client thread/INFO]: [CHAT] MinecraftForEver joined the game.
[09:39:01] [Client thread/INFO]: [CHAT] chuckyjr left the game.
[09:39:01] [Client thread/INFO]: [CHAT] < Steven> idk whats happening
[09:39:02] [Client thread/INFO]: [CHAT] <UltraOP  _BuildMaster_> Ban Reflexin Spam
[09:39:02] [Client thread/INFO]: [CHAT] TrueMU joined the game.
[09:39:02] [Client thread/INFO]: [CHAT] alecfoxx left the game.
[09:39:03] [Client thread/INFO]: [CHAT] < XxDoomxX> and don't advertise!
[09:39:03] [Client thread/INFO]: [CHAT] lukkan99 joined the game.
[09:39:03] [Client thread/INFO]: [CHAT] Welcome lukkan99 to the server!
[09:39:04] [Client thread/INFO]: [CHAT] <Kota55Lego> join:stonemc.apexminecraft.com
[09:39:05] [Client thread/INFO]: [CHAT] <Tackarator_Judah> darksonic2005
[09:39:06] [Client thread/INFO]: [CHAT] <Tackarator_Judah> tp
[09:39:07] [Client thread/INFO]: [CHAT] <[YouTuber]  TrueMU> xD
[09:39:09] [Client thread/INFO]: [CHAT] Evan21235 joined the game.
[09:39:09] [Client thread/INFO]: [CHAT] MoonScythe422 left the game.
[09:39:09] [Client thread/INFO]: [CHAT] <darksonic2005> julianrulez5
[09:39:10] [Client thread/INFO]: [CHAT] <herobrinelove> wait
[09:39:10] [Client thread/INFO]: [CHAT] <[MineCraft Player]  Jammeh> You can only advertise once
[09:39:11] [Client thread/INFO]: [CHAT] <Kota55Lego> need staff
[09:39:11] [Client thread/INFO]: [CHAT] <darksonic2005> do /survival
[09:39:12] [Client thread/INFO]: [CHAT] < Beast> Back