[22:56:45] [Client thread/INFO]: Connecting to play.totalfreedom.me., 28965
[22:56:45] [Client thread/INFO]: [CHAT] PhantomOediv215 is a Telnet Admin and a gamer!
[22:56:45] [Client thread/INFO]: [CHAT] PhantomOediv215 joined the game.
[22:56:46] [Client thread/INFO]: [CHAT] Welcome, PhantomOediv215!
[22:56:46] [Client thread/INFO]: [CHAT] Type /help for a list of commands.
[22:56:46] [Client thread/INFO]: [CHAT] Type /list to see who else is online.
[22:56:46] [Client thread/INFO]: [CHAT] Remember to save your builds with World Edit or they’ll be lost.
[22:56:46] [Client thread/INFO]: [CHAT] You have no new mail.
[22:56:46] [Client thread/INFO]: [CHAT] <firewolf678> its goooood
[22:56:47] [Client thread/INFO]: [CHAT] twomrblue1234 joined the game.
[22:56:51] [Client thread/INFO]: [CHAT] Rootcommander joined the game.
[22:56:52] [Client thread/INFO]: [CHAT] BlueCreepie joined the game.
[22:56:52] [Client thread/INFO]: [CHAT] Welcome BlueCreepie to the server!
[22:56:52] [Client thread/INFO]: [CHAT] [ADMIN] PhantomOediv215 [STA]: mark?
[22:56:55] [Client thread/INFO]: [CHAT] <umeko> Wow
[22:56:55] [Client thread/INFO]: [CHAT] [ADMIN] ImALuckyGuy [STA]: when I'm drunk, I still manage to type with perfect punctuation.
[22:56:55] [Client thread/INFO]: [CHAT] <BravoMC> who wants to see my awesome skin? /skull BravoMC
[22:56:56] [Client thread/INFO]: [CHAT] <[Helper]  Sarah> Welcome
[22:56:56] [Client thread/INFO]: [CHAT] [Thelukaslawlor -> me] I want to buy the server
[22:56:58] [Client thread/INFO]: [CHAT] <umeko> Who griefed!?
[22:56:58] [Client thread/INFO]: [CHAT] <JosueKing2013> i Will buy a condom.
[22:56:58] [Client thread/INFO]: [CHAT] [Thelukaslawlor -> me] I want to buy the server
[22:56:59] [Client thread/INFO]: [CHAT] <BlueCreepie> thx
[22:56:59] [Client thread/INFO]: [CHAT] [Thelukaslawlor -> me] I want to buy the server
[22:56:59] [Client thread/INFO]: [CHAT] [Thelukaslawlor -> me] I want to buy the server
[22:57:00] [Client thread/INFO]: [CHAT] [Thelukaslawlor -> me] I want to buy the server
[22:57:00] [Client thread/INFO]: [CHAT] [Thelukaslawlor -> me] I want to buy the server
[22:57:01] [Client thread/INFO]: [CHAT] [Thelukaslawlor -> me] I want to buy the server
[22:57:02] [Client thread/INFO]: [CHAT] [ADMIN] ImALuckyGuy [STA]: Just kidding, I can't drink yet.
[22:57:07] [Client thread/INFO]: [CHAT] <firewolf678> oh gosh
[22:57:08] [Client thread/INFO]: [CHAT] [ADMIN] MashedPtatoz [Console]: mark is gone
[22:57:09] [Client thread/INFO]: [CHAT] [ADMIN] Sardenarin [SrA]: Neither can I, but I do.
[22:57:13] [Client thread/INFO]: [CHAT] <[Helper]  Sarah> JosueKing2013 no one really wants to hear that hun.
[22:57:18] [Client thread/INFO]: [CHAT] [ADMIN] ImALuckyGuy [STA]: It's not illegal unless the cops find out!
[22:57:19] [Client thread/INFO]: [CHAT] [ADMIN] MashedPtatoz [Console]: lucky sure you can
[22:57:21] [Client thread/INFO]: [CHAT] BlueCreepie fell from a high place
[22:57:21] [Client thread/INFO]: [CHAT] [ADMIN] Sardenarin [SrA]: Exactly
[22:57:22] [Client thread/INFO]: [CHAT] [ADMIN] MashedPtatoz [Console]: just not in front of anyone
[22:57:23] [Client thread/INFO]: [CHAT] <[Elite]  Umeko> Hey PhantomOediv215
[22:57:24] [Client thread/INFO]: [CHAT] [matias213: Object successfully summoned]
[22:57:25] [Client thread/INFO]: [CHAT] [Thelukaslawlor -> me] I want to buy the server
[22:57:28] [Client thread/INFO]: [CHAT] [ADMIN] Sardenarin [SrA]: I drank beer by 12.
[22:57:30] [Client thread/INFO]: [CHAT] <JosueKing2013> I Know it.
[22:57:30] [Client thread/INFO]: [CHAT] [matias213: Object successfully summoned]
[22:57:34] [Client thread/INFO]: [CHAT] [me -> Thelukaslawlor] its not for saile
[22:57:36] [Client thread/INFO]: [CHAT] Mydoriko joined the game.
[22:57:36] [Client thread/INFO]: [CHAT] Welcome Mydoriko to the server!
[22:57:36] [Client thread/INFO]: [CHAT] twomrblue1234 left the game.
[22:57:38] [Client thread/INFO]: [CHAT] [matias213: Object successfully summoned]
[22:57:41] [Client thread/INFO]: [CHAT] <TheColorCrew  TheRainBowGirl> I love my tag!!!!
[22:57:42] [Client thread/INFO]: [CHAT] [Thelukaslawlor -> me] I pay 200usd
[22:57:43] [Client thread/INFO]: [CHAT] <BravoMC> griefers gonna grief, miners gonna mine, apple pie <--- best poem ever
[22:57:44] [Client thread/INFO]: [CHAT] [ADMIN] Sardenarin [SrA]: Stepped up to 110 liqour by 14.
[22:57:46] [Client thread/INFO]: [CHAT] [ADMIN] ImALuckyGuy [STA]: You must be pretty short then, alcohol hinders growth at that age
[22:57:48] [Client thread/INFO]: [CHAT] <Mydoriko> .
[22:57:50] [Client thread/INFO]: [CHAT] [ADMIN] Sardenarin [SrA]: 110 proof*
[22:57:54] [Client thread/INFO]: [CHAT] <JosueKing2013> But, You Only Live Once
[22:57:55] [Client thread/INFO]: [CHAT] <TheColorCrew  TheRainBowGirl> haha
[22:57:56] [Client thread/INFO]: [CHAT] <BravoMC> barely
[22:57:57] [Client thread/INFO]: [CHAT] skytheking37 joined the game.
[22:57:57] [Client thread/INFO]: [CHAT] <BlueCreepie> some ppl are just crazy
[22:57:57] [Client thread/INFO]: [CHAT] Welcome skytheking37 to the server!
[22:58:00] [Client thread/INFO]: [CHAT] [ADMIN] Sardenarin [SrA]: Nah, I don't drink heavily.
[22:58:02] [Client thread/INFO]: [CHAT] <TheColorCrew  TheRainBowGirl> I love pie
[22:58:06] [Client thread/INFO]: [CHAT] Thelukaslawlor left the game.
[22:58:06] [Client thread/INFO]: [CHAT] [ADMIN] Sardenarin [SrA]: Just occasionally.
[22:58:07] [Client thread/INFO]: [CHAT] [CONSOLE]<MashedPtatoz> josueking2013
[22:58:08] [Client thread/INFO]: [CHAT] <[Helper]  Sarah> i live every day actually
[22:58:11] [Client thread/INFO]: [CHAT] <JosueKing2013> ?
[22:58:11] [Client thread/INFO]: [CHAT] [ADMIN] ImALuckyGuy [STA]: I'm already too tall
[22:58:12] [Client thread/INFO]: [CHAT] <BravoMC> me too especially pumpkin
[22:58:12] [Client thread/INFO]: [CHAT] <BlueCreepie> i like cake
[22:58:14] [Client thread/INFO]: [CHAT] < Shadow> China or Asia DDoSed us
[22:58:17] [Client thread/INFO]: [CHAT] [CONSOLE]<MashedPtatoz> if you only live once, why waste your one life doing stupid shit
[22:58:23] [Client thread/INFO]: [CHAT] <BravoMC> lol
[22:58:24] [Client thread/INFO]: [CHAT] [ADMIN] Sardenarin [SrA]: Come get drunk or stoned with me? :-)
[22:58:24] [Client thread/INFO]: [CHAT] <JosueKing2013> ¬w¬
[22:58:24] [Client thread/INFO]: [CHAT] <BravoMC> ?
[22:58:27] [Client thread/INFO]: [CHAT] <[Elite]  Umeko> Hey guys I will delete all the Grief at spawn
[22:58:37] [Client thread/INFO]: [CHAT] < Shadow> or japan
[22:58:38] [Client thread/INFO]: [CHAT] [ADMIN] ImALuckyGuy [STA]: I'm in.
[22:58:39] [Client thread/INFO]: [CHAT] <TheColorCrew  TheRainBowGirl> U will get banned
[22:58:39] [Client thread/INFO]: [CHAT] <[Elite]  Umeko> Just the ones I can get
[22:58:40] [Client thread/INFO]: [CHAT] <JosueKing2013> Is my life, my life is Shit.
[22:58:43] [Client thread/INFO]: [CHAT] [ADMIN] Sardenarin [SrA]: Great
[22:58:47] [Client thread/INFO]: [CHAT] ryan_0717 joined the game.
[22:58:47] [Client thread/INFO]: [CHAT] Welcome ryan_0717 to the server!
[22:58:56] [Client thread/INFO]: [CHAT] <;TheLoveables;  LoveableBat> XD
[22:58:59] [Client thread/INFO]: [CHAT] <JosueKing2013> That bugged clouds:c
[22:59:04] [Client thread/INFO]: [CHAT] <[Helper]  Sarah> you live every day dont you?
[22:59:13] [Client thread/INFO]: [CHAT] [ADMIN] Sardenarin [SrA]: I made the classic bong bubbling sound on Skype with Crafter and he's like "wth is that?!"
[22:59:19] [Client thread/INFO]: [CHAT] <[Helper]  Sarah> so make the bestof it while you can. do what makes you happy =)
[22:59:23] [Client thread/INFO]: [CHAT] < Herobrine> DS
[22:59:27] [Client thread/INFO]: [CHAT] <TheColorCrew  TheRainBowGirl> Mark can u come on i waant a scren shot
[22:59:30] [Client thread/INFO]: [CHAT] [ADMIN] Sardenarin [SrA]: I'm like "Cue da bong rippppp"
[22:59:36] [Client thread/INFO]: [CHAT] <Rootcommander> tp to me for my poem
[22:59:36] [Client thread/INFO]: [CHAT] [ADMIN] Sardenarin [SrA]: Que
[22:59:41] [Client thread/INFO]: [CHAT] [ADMIN] Sardenarin [SrA]: or whatever the fuck it is
[22:59:43] [Client thread/INFO]: [CHAT] [ADMIN] MashedPtatoz [Console]: its que
[22:59:45] [Client thread/INFO]: [CHAT] [ADMIN] MashedPtatoz [Console]: cue
[22:59:46] [Client thread/INFO]: [CHAT] [ADMIN] MashedPtatoz [Console]: its cue
[22:59:46] [Client thread/INFO]: [CHAT] <[Elite]  Umeko> Um
[22:59:47] [Client thread/INFO]: [CHAT] [ADMIN] ImALuckyGuy [STA]: It's cue.
[22:59:48] [Client thread/INFO]: [CHAT] <;TheLoveables;  LoveableBat> hi
[22:59:49] [Client thread/INFO]: [CHAT] [ADMIN] Sardenarin [SrA]: fuck you
[22:59:49] [Client thread/INFO]: [CHAT] <BravoMC> If electricity all of a sudden ran out, hospitals would die, spoiled food, house not working,
[22:59:52] [Client thread/INFO]: [CHAT] Mydoriko left the game.
[22:59:52] [Client thread/INFO]: [CHAT] [ADMIN] MashedPtatoz [Console]: que means "what" in spanish
[22:59:53] [Client thread/INFO]: [CHAT] <[Elite]  Umeko> I consider this grief or random block placement'
[22:59:57] [Client thread/INFO]: [CHAT] [ADMIN] Sardenarin [SrA]: *drinks moew*
[22:59:57] [Client thread/INFO]: [CHAT] [ADMIN] ImALuckyGuy [STA]: I'd love to fuck you-
[22:59:59] [Client thread/INFO]: [CHAT] [ADMIN] ImALuckyGuy [STA]: I mean...
[23:00:00] [Client thread/INFO]: [CHAT] [ADMIN] Sardenarin [SrA]: more
[23:00:00] [Client thread/INFO]: [CHAT] [ADMIN] Sardenarin [SrA]: fuck
[23:00:01] [Client thread/INFO]: [CHAT] [ADMIN] ImALuckyGuy [STA]: nothing!
[23:00:09] [Client thread/INFO]: [CHAT] <[Helper]  Sarah> Generators @ BravoMC
[23:00:13] [Client thread/INFO]: [CHAT] [ADMIN] Sardenarin [SrA]: dood i'd fuck you rn
[23:00:14] [Client thread/INFO]: [CHAT] [ADMIN] Sardenarin [SrA]: i mean
[23:00:16] [Client thread/INFO]: [CHAT] <BravoMC> oh yeah
[23:00:16] [Client thread/INFO]: [CHAT] [ADMIN] Sardenarin [SrA]: jk
[23:00:17] [Client thread/INFO]: [CHAT] [ADMIN] Sardenarin [SrA]: or not jk
[23:00:17] [Client thread/INFO]: [CHAT] <TheColorCrew  TheRainBowGirl> thats weird
[23:00:19] [Client thread/INFO]: [CHAT] [ADMIN] Sardenarin [SrA]: u deicde
[23:00:19] [Client thread/INFO]: [CHAT] <;TheLoveables;  LoveableBat> what
[23:00:20] [Client thread/INFO]: [CHAT] <TheColorCrew  TheRainBowGirl> Hhahaa lol
[23:00:23] [Client thread/INFO]: [CHAT] <;TheLoveables;  LoveableBat> XD
[23:00:33] [Client thread/INFO]: [CHAT] [ADMIN] Sardenarin [SrA]: wow shts hittn hardd
[23:00:36] [Client thread/INFO]: [CHAT] <;TheLoveables;  LoveableBat> s 15w14a
[23:00:38] [Client thread/INFO]: [CHAT] [ADMIN] ImALuckyGuy [STA]: 1v1 me, after skewl, monday, dumpster.
[23:00:39] [Client thread/INFO]: [CHAT] <BravoMC> you blew my mind with nuclear
[23:00:41] [Client thread/INFO]: [CHAT] [ADMIN] MashedPtatoz [Console]: sard
[23:00:41] [Client thread/INFO]: [CHAT] [ADMIN] MashedPtatoz [Console]: get out
[23:00:44] [Client thread/INFO]: [CHAT] [ADMIN] MashedPtatoz [Console]: and lucky
[23:00:45] [Client thread/INFO]: [CHAT] [ADMIN] MashedPtatoz [Console]: get out
[23:00:46] [Client thread/INFO]: [CHAT] <TheColorCrew  TheRainBowGirl> Wait do u guys see my skin
[23:00:47] [Client thread/INFO]: [CHAT] [ADMIN] ImALuckyGuy [STA]: no
[23:00:49] [Client thread/INFO]: [CHAT] [ADMIN] Sardenarin [SrA]: hi mom
[23:00:51] [Client thread/INFO]: [CHAT] <Rootcommander> 15w14a is a pice of SHIT
[23:00:51] [Client thread/INFO]: [CHAT] <;TheLoveables;  LoveableBat> whats 15w14a
[23:00:55] [Client thread/INFO]: [CHAT] <;TheLoveables;  LoveableBat> no firewolf678
[23:00:59] [Client thread/INFO]: [CHAT] MashedPtatoz is a Senior Admin and a sexy potato salesman
[23:00:59] [Client thread/INFO]: [CHAT] MashedPtatoz joined the game.
[23:01:03] [Client thread/INFO]: [CHAT] <;TheLoveables;  LoveableBat> i cant see your skin XD
[23:01:03] [Client thread/INFO]: [CHAT] [ADMIN] ImALuckyGuy [STA]: mashed is your mother?
[23:01:04] [Client thread/INFO]: [CHAT] [ADMIN] ImALuckyGuy [STA]: o.o
[23:01:06] [Client thread/INFO]: [CHAT] <[CONSOL] JosueKing2013> MashedPtatoz
[23:01:06] [Client thread/INFO]: [CHAT] <BravoMC> cant see the skin
[23:01:07] [Client thread/INFO]: [CHAT] [ADMIN] Sardenarin [SrA]: defo
[23:01:07] [Client thread/INFO]: [CHAT] [ADMIN] MashedPtatoz [SrA]: no
[23:01:07] [Client thread/INFO]: [CHAT] <[Helper]  Sarah> Hi mash ^,^
[23:01:08] [Client thread/INFO]: [CHAT] <TheColorCrew  TheRainBowGirl> AWW
[23:01:16] [Client thread/INFO]: [CHAT] [ADMIN] Sardenarin [SrA]: i fucked her and i was born
[23:01:17] [Client thread/INFO]: [CHAT] <TheColorCrew  TheRainBowGirl> mash can i have a screanshot with u
[23:01:18] [Client thread/INFO]: [CHAT] <[Helper]  Sarah> JosueKing2013 please change your tag
[23:01:19] [Client thread/INFO]: [CHAT] Jhayruss101 left the game.
[23:01:19] [Client thread/INFO]: [CHAT] [TotalFreedom] You can always review the server rules here: http://totalfreedom.me/
[23:01:20] [Client thread/INFO]: [CHAT] [ADMIN] ImALuckyGuy [STA]: mashed is female confirmed
[23:01:21] [Client thread/INFO]: [CHAT] [ADMIN] MashedPtatoz [SrA]: her?!
[23:01:25] [Client thread/INFO]: [CHAT] <[CONSOLATOR] JosueKing2013> Why?
[23:01:26] [Client thread/INFO]: [CHAT] Jhayruss101 joined the game.
[23:01:28] [Client thread/INFO]: [CHAT] phauvip11 joined the game.
[23:01:28] [Client thread/INFO]: [CHAT] Welcome phauvip11 to the server!
[23:01:28] [Client thread/INFO]: [CHAT] deathripper122 joined the game.
[23:01:28] [Client thread/INFO]: [CHAT] [ADMIN] MashedPtatoz [SrA]: no
[23:01:28] [Client thread/INFO]: [CHAT] [ADMIN] Sardenarin [SrA]: it felt like pussy
[23:01:30] [Client thread/INFO]: [CHAT] <LazersMyName> isn't 15w14a a 1.10 snapshot?
[23:01:35] [Client thread/INFO]: [CHAT] <[Elite]  Umeko> matias213 im watching u to make sure u don't grief
[23:01:35] [Client thread/INFO]: [CHAT] <[Senior Admin] MashedPtatoz> yes
[23:01:35] [Client thread/INFO]: [CHAT] [ADMIN] ImALuckyGuy [STA]: Mashed claims I'm female and just use a voice modifier.
[23:01:36] [Client thread/INFO]: [CHAT] [ADMIN] ImALuckyGuy [STA]: XD
[23:01:36] [Client thread/INFO]: [CHAT] <TheColorCrew  TheRainBowGirl> MashedPtatoz wait i wanna screen shot
[23:01:37] [Client thread/INFO]: [CHAT] <;TheLoveables;  LoveableBat> i wish fu was here
[23:01:38] [Client thread/INFO]: [CHAT] <TheColorCrew  TheRainBowGirl> with u
[23:01:39] [Client thread/INFO]: [CHAT] [ADMIN] Sardenarin [SrA]: must be pussy
[23:01:44] [Client thread/INFO]: [CHAT] [ADMIN] ImALuckyGuy [STA]: or maybe that was someone else
[23:01:46] [Client thread/INFO]: [CHAT] <BravoMC> ./skull BravoMC
[23:01:53] [Client thread/INFO]: [CHAT] * PhantomOediv215 is now AFK.
[23:01:53] [Client thread/INFO]: [CHAT] <[Elite]  Umeko> Uh oh
[23:01:55] [Client thread/INFO]: [CHAT] [ADMIN] MashedPtatoz [SrA]: yeah it was someone else
[23:01:58] [Client thread/INFO]: [CHAT] [ADMIN] Sardenarin [SrA]: or im just deep in your ass and you sing soprano
[23:01:59] [Client thread/INFO]: [CHAT] DevilJin joined the game.
[23:01:59] [Client thread/INFO]: [CHAT] Welcome DevilJin to the server!
[23:01:59] [Client thread/INFO]: [CHAT] [ADMIN] MashedPtatoz [SrA]: random ops just teleported to me
[23:02:02] [Client thread/INFO]: [CHAT] <BravoMC> i broke minecraft
[23:02:02] [Client thread/INFO]: [CHAT] [REPORTS] umeko has reported matias213 for greifing/randomblock placing
[23:02:03] [Client thread/INFO]: [CHAT] [ADMIN] ImALuckyGuy [STA]: I meant the voice modifier part
[23:02:05] [Client thread/INFO]: [CHAT] KawaiiKurama - Opping DevilJin
[23:02:07] [Client thread/INFO]: [CHAT] [ADMIN] Sardenarin [SrA]: so do i
[23:02:09] [Client thread/INFO]: [CHAT] <TheColorCrew  TheRainBowGirl> owww
[23:02:12] [Client thread/INFO]: [CHAT] <DevilJin> hey guys join this server ip 192.99.21.189:25595
[23:02:12] [Client thread/INFO]: [CHAT] matias213 has been a VERY naughty, naughty boy.
[23:02:12] [Client thread/INFO]: [CHAT] Banning: matias213, IP: 179.25.*.* - Reason: Griefing -ImALuckyGuy
[23:02:13] [Client thread/INFO]: [CHAT] matias213 left the game.
[23:02:15] [Client thread/INFO]: [CHAT] <TheColorCrew  TheRainBowGirl> im underground XD
[23:02:15] [Client thread/INFO]: [CHAT] <[Elite]  Umeko> YAY!
[23:02:18] [Client thread/INFO]: [CHAT] <[Elite]  Umeko> Ur welcome guys
[23:02:19] [Client thread/INFO]: [CHAT] SilverStar756 joined the game.
[23:02:19] [Client thread/INFO]: [CHAT] Welcome SilverStar756 to the server!
[23:02:21] [Client thread/INFO]: [CHAT] < Shadow> when is 1.10 releasing
[23:02:23] [Client thread/INFO]: [CHAT] KawaiiKurama - Opping SilverStar756
[23:02:23] [Client thread/INFO]: [CHAT] [ADMIN] ImALuckyGuy [STA]: We all know you think I'm female
[23:02:24] [Client thread/INFO]: [CHAT] <SilverStar756> Love. Hate,
[23:02:24] [Client thread/INFO]: [CHAT] <[Elite]  Umeko> I caught dat bastard griefing
[23:02:25] [Client thread/INFO]: [CHAT] SilverStar756 left the game.
[23:02:27] [Client thread/INFO]: [CHAT] <TheColorCrew  TheRainBowGirl> haha
[23:02:34] [Client thread/INFO]: [CHAT] <;TheLoveables;  LoveableBat> shadow its 1.8. something
[23:02:36] [Client thread/INFO]: [CHAT] [ADMIN] ImALuckyGuy [STA]: pretty sure it was nero that said the voice modifier part though
[23:02:37] [Client thread/INFO]: [CHAT] <Rootcommander> minecraft 15w14a is a pice of super crappy SHIT!!!
[23:02:37] [Client thread/INFO]: [CHAT] <[Senior Admin] MashedPtatoz> 1.10 comes out february 30, 2016
[23:02:37] [Client thread/INFO]: [CHAT] joelgamer joined the game.
[23:02:37] [Client thread/INFO]: [CHAT] Welcome joelgamer to the server!
[23:02:41] [Client thread/INFO]: [CHAT] ImALuckyGuy - Opping all players on the server
[23:02:41] [Client thread/INFO]: [CHAT] You are now op!
[23:02:44] [Client thread/INFO]: [CHAT] <[Elite]  Umeko> Just trying to work for an Admin recomendation
[23:02:47] [Client thread/INFO]: [CHAT] phauvip11 left the game.
[23:02:48] [Client thread/INFO]: [CHAT] < Shadow> oh
[23:02:49] [Client thread/INFO]: [CHAT] <;TheLoveables;  LoveableBat> wow
[23:02:51] [Client thread/INFO]: [CHAT] < Shadow> the near future
[23:02:51] [Client thread/INFO]: [CHAT] <skytheking37> e
[23:02:52] [Client thread/INFO]: [CHAT] <DevilJin> hey guys join this server ip 192.99.21.189:25595 !
[23:02:57] [Client thread/INFO]: [CHAT] <;TheLoveables;  LoveableBat> 2016 XD
[23:02:59] [Client thread/INFO]: [CHAT] <TheColorCrew  TheRainBowGirl> really thats cool mash
[23:03:06] [Client thread/INFO]: [CHAT] <DevilJin> hey guys join this server ip 192.99.21.189:25595 !!
[23:03:08] [Client thread/INFO]: [CHAT] Rootcommander left the game.
[23:03:15] [Client thread/INFO]: [CHAT] <[Telnet Admin]  UnloveableLucky> (ruining the joke)
[23:03:17] [Client thread/INFO]: [CHAT] [REPORTS] umeko has reported ryan_0717 for Griefing
[23:03:21] [Client thread/INFO]: [CHAT] <;TheLoveables;  LoveableBat> XD
[23:03:23] [Client thread/INFO]: [CHAT] <TheColorCrew  TheRainBowGirl> Jhayruss101 do u wanna join my tag?
[23:03:24] [Client thread/INFO]: [CHAT] joelgamer left the game.
[23:03:25] [Client thread/INFO]: [CHAT] [ADMIN] Sardenarin [SrA]: yeah ur an unlovable cunt lucky
[23:03:25] [Client thread/INFO]: [CHAT] ImALuckyGuy - Rolling back player: ryan_0717
[23:03:29] [Client thread/INFO]: [CHAT] MashedPtatoz - Rolling back player: ryan_0717
[23:03:30] [Client thread/INFO]: [CHAT] ryan_0717 has been a VERY naughty, naughty boy.
[23:03:31] [Client thread/INFO]: [CHAT] Banning: ryan_0717, IP: 116.126.*.* - Reason: Griefing -ImALuckyGuy
[23:03:31] [Client thread/INFO]: [CHAT] ryan_0717 left the game.
[23:03:31] [Client thread/INFO]: [CHAT] < Shadow> guys this server got ddosed alot of times right?
[23:03:32] [Client thread/INFO]: [CHAT] <TheColorCrew  TheRainBowGirl> or fac
[23:03:33] [Client thread/INFO]: [CHAT] <[Elite]  Umeko> thx guys
[23:03:34] [Client thread/INFO]: [CHAT] <;TheLoveables;  LoveableBat> i dont know firewolf678
[23:03:38] [Client thread/INFO]: [CHAT] deathripper122 left the game.
[23:03:39] [Client thread/INFO]: [CHAT] <[Elite]  Umeko> I'm getting u faggot ass griefers
[23:03:41] [Client thread/INFO]: [CHAT] <[Helper]  Sarah> fair amount
[23:03:42] [Client thread/INFO]: [CHAT] <;TheLoveables;  LoveableBat> allys?
[23:03:44] [Client thread/INFO]: [CHAT] ImALuckyGuy - Cleared all potion effects from all players
[23:03:50] [Client thread/INFO]: [CHAT] [ADMIN] MashedPtatoz [SrA]: lucky
[23:03:53] [Client thread/INFO]: [CHAT] [ADMIN] ImALuckyGuy [STA]: ?
[23:03:54] [Client thread/INFO]: [CHAT] [ADMIN] MashedPtatoz [SrA]: why do you always steal
[23:03:56] [Client thread/INFO]: [CHAT] TheZeeGamer43 joined the game.
[23:03:56] [Client thread/INFO]: [CHAT] [ADMIN] MashedPtatoz [SrA]: my things
[23:03:56] [Client thread/INFO]: [CHAT] TheZeeGamer43 left the game.
[23:03:57] [Client thread/INFO]: [CHAT] <;TheLoveables;  LoveableBat> firewolf678 allys?
[23:03:57] [Client thread/INFO]: [CHAT] <[Elite]  Umeko> Lag?
[23:03:58] [Client thread/INFO]: [CHAT] [ADMIN] ImALuckyGuy [STA]: steal what
[23:04:01] [Client thread/INFO]: [CHAT] <TheColorCrew  TheRainBowGirl> Sure
[23:04:03] [Client thread/INFO]: [CHAT] <[Helper]  Sarah> Sardenarin go afk?
[23:04:03] [Client thread/INFO]: [CHAT] [ADMIN] MashedPtatoz [SrA]: that ban
[23:04:03] [Client thread/INFO]: [CHAT] <;TheLoveables;  LoveableBat> k
[23:04:05] [Client thread/INFO]: [CHAT] <TheColorCrew  TheRainBowGirl> Ya lag
[23:04:05] [Client thread/INFO]: [CHAT] DevilJin left the game.
[23:04:07] [Client thread/INFO]: [CHAT] <Sardenarin> no
[23:04:09] [Client thread/INFO]: [CHAT] <[ILuvDatCookies] JosueKing2013> ?
[23:04:11] [Client thread/INFO]: [CHAT] [ADMIN] ImALuckyGuy [STA]: Oh. It's what I do for a profession.
[23:04:12] [Client thread/INFO]: [CHAT] [ADMIN] ImALuckyGuy [STA]: :3
[23:04:19] [Client thread/INFO]: [CHAT] <TheColorCrew  TheRainBowGirl> ALL admins tp to me i want a group screen shot
[23:04:19] [Client thread/INFO]: [CHAT] [ADMIN] MashedPtatoz [SrA]: except this isnt a freakin job
[23:04:22] [Client thread/INFO]: [CHAT] <[Helper]  Sarah> youre quiet all a sudden =p
[23:04:22] [Client thread/INFO]: [CHAT] <Sardenarin> i try to avoid chat when not sober ;-)
[23:04:22] [Client thread/INFO]: [CHAT] [ADMIN] ImALuckyGuy [STA]: uhh
[23:04:28] [Client thread/INFO]: [CHAT] <[ILuvDatCookies] JosueKing2013> That's good? MashedPtatoz
[23:04:32] [Client thread/INFO]: [CHAT] firewolf678 left the game.
[23:04:32] [Client thread/INFO]: [CHAT] [ADMIN] ImALuckyGuy [STA]: I do it...
[23:04:33] [Client thread/INFO]: [CHAT] <[Helper]  Sarah> me to
[23:04:34] [Client thread/INFO]: [CHAT] [ADMIN] ImALuckyGuy [STA]: as uhh
[23:04:34] [Client thread/INFO]: [CHAT] Jhayruss101 left the game.
[23:04:36] [Client thread/INFO]: [CHAT] <[Senior Admin] MashedPtatoz> what?
[23:04:39] [Client thread/INFO]: [CHAT] [ADMIN] ImALuckyGuy [STA]: Okay, I just steal bans.
[23:04:43] [Client thread/INFO]: [CHAT] <[ILuvDatCookies] JosueKing2013> The tag.