[12:42:33] [Client thread/INFO]: Connecting to play.totalfreedom.me., 28965
[12:42:34] [Client thread/INFO]: [CHAT] VideoGameSmash12 is a Super Telnet Admin
[12:42:34] [Client thread/INFO]: [CHAT] VideoGameSmash12 joined the game.
[12:42:34] [Client thread/INFO]: [CHAT] PMCce28dd0f68c70a25ab3288720dabafde
[12:42:34] [Client thread/INFO]: [CHAT] Server IP is changing soon! Only use play.totalfreedom.me
[12:42:34] [Client thread/INFO]: [CHAT] Type /help for a list of commands.
[12:42:34] [Client thread/INFO]: [CHAT] Save your builds with World Edit or lose them
[12:42:34] [Client thread/INFO]: [CHAT] Read our website at www.totalfreedom.me to find out how
[12:42:34] [Client thread/INFO]: [CHAT] Read the rules
[12:42:34] [Client thread/INFO]: [CHAT] Read our only authorized forum at www.totalfreedom.boards.net
[12:42:34] [Client thread/INFO]: [CHAT] You have no new mail.
[12:42:36] [Client thread/INFO]: [CHAT] skythekidRS joined the game.
[12:42:36] [Client thread/INFO]: [CHAT] Welcome skythekidRS to the server!
[12:42:37] [Client thread/INFO]: [CHAT] <User_9219> how do i get sharpness 10000
[12:42:40] [Client thread/INFO]: [CHAT] < The_King> why r u killing me?!?!?!?!
[12:42:41] [Client thread/INFO]: [CHAT] * AdamHolz Next i get banned for GTFO
[12:42:42] [Client thread/INFO]: [CHAT] <[HELPER] [WARDEN] [CREATOR] SNIPERPRO> skythekidRS!!!!!!!!
[12:42:49] [Client thread/INFO]: [CHAT] Pandas_plays_MC has been a naughty, naughty boy.
[12:42:49] [Client thread/INFO]: [CHAT] Pandas_plays_MC died
[12:42:50] [Client thread/INFO]: [CHAT] <[LAGGY-PVPER] Stormed> fake
[12:42:50] [Client thread/INFO]: [CHAT] < ASFJerome> You do /enchant addall
[12:42:52] [Client thread/INFO]: [CHAT] <[Telnet Admin] 0SKS0> you got denied because you seem very impatient and immature
[12:42:52] [Client thread/INFO]: [CHAT] skythekidRS left the game.
[12:42:55] [Client thread/INFO]: [CHAT] [Server:Grenos] Don't spam commands.
[12:43:06] [Client thread/INFO]: [CHAT] <mrlazerbird> omg everyone hates me! why why why
[12:43:09] [Client thread/INFO]: [CHAT] crabbywinner joined the game.
[12:43:10] [Client thread/INFO]: [CHAT] < Kevin> op
[12:43:11] [Client thread/INFO]: [CHAT] <mrlazerbird> tell me why
[12:43:12] [Client thread/INFO]: [CHAT] AdamHolz left the game.
[12:43:13] [Client thread/INFO]: [CHAT] < Kevin> me
[12:43:14] [Client thread/INFO]: [CHAT] [ADMIN] Grenos [SA]: .
[12:43:18] [Client thread/INFO]: [CHAT] <[Telnet Admin] 0SKS0> nobody hates you
[12:43:19] [Client thread/INFO]: [CHAT] mrlazerbird - Opping Pandas_plays_MC
[12:43:20] [Client thread/INFO]: [CHAT] <[Telnet Admin] 0SKS0> your immature
[12:43:22] [Client thread/INFO]: [CHAT] [ADMIN] Grenos [SA]: That is indeed accurate, mrlazerbird
[12:43:25] [Client thread/INFO]: [CHAT] <[Telnet Admin] 0SKS0> simple as that
[12:43:35] [Client thread/INFO]: [CHAT] lilpredx left the game.
[12:43:37] [Client thread/INFO]: [CHAT] [Server:VideoGameSmash12] Please stop complaining about your app being denied
[12:43:40] [Client thread/INFO]: [CHAT] <crabbywinner> hi
[12:43:42] [Client thread/INFO]: [CHAT] < The_Mighty_Guard> erg
[12:43:44] [Client thread/INFO]: [CHAT] ASFjerome joined the game.
[12:43:44] [Client thread/INFO]: [CHAT] Welcome ASFjerome to the server!
[12:43:45] [Client thread/INFO]: [CHAT] <jared441> 5
[12:43:53] [Client thread/INFO]: [CHAT] <mrlazerbird> I meant evryone IN THE WORLD hates me DUH, Now stop being so MEAN to me
[12:43:54] [Client thread/INFO]: [CHAT] ASFjerome left the game.
[12:43:55] [Client thread/INFO]: [CHAT] User_9219 left the game.
[12:44:00] [Client thread/INFO]: [CHAT] elohel523 - Opping lanz13
[12:44:02] [Client thread/INFO]: [CHAT] <[Super Admin] AnnikaKhot> >_<
[12:44:03] [Client thread/INFO]: [CHAT] <[Super Admin] Grenos> ...
[12:44:03] [Client thread/INFO]: [CHAT] [Server:VideoGameSmash12] We are not.
[12:44:04] [Client thread/INFO]: [CHAT] Truebacca13 has been a VERY naughty, naughty boy.
[12:44:04] [Client thread/INFO]: [CHAT] <mrlazerbird> I DON'T like it
[12:44:05] [Client thread/INFO]: [CHAT] Banning: Truebacca13, IP: 24.170.*.*.
[12:44:05] [Client thread/INFO]: [CHAT] Truebacca13 left the game.
[12:44:05] [Client thread/INFO]: [CHAT] <[Super Admin] AnnikaKhot> Stop being dramatic
[12:44:10] [Client thread/INFO]: [CHAT] ZexyZek joined the game.
[12:44:12] [Client thread/INFO]: [CHAT] <mrlazerbird> im not
[12:44:15] [Client thread/INFO]: [CHAT] <[Telnet Admin] 0SKS0> mrlazerbird
[12:44:23] [Client thread/INFO]: [CHAT] <[Super Admin] Grenos> THIS is why you aren't an admin.
[12:44:23] [Client thread/INFO]: [CHAT] <mrlazerbird> I'm just being 'True'
[12:44:23] [Client thread/INFO]: [CHAT] AdamHolz joined the game.
[12:44:24] [Client thread/INFO]: [CHAT] <ZexyZek> hi
[12:44:24] [Client thread/INFO]: [CHAT] <[Telnet Admin] 0SKS0> you just lowered your chances of getting admin to 0
[12:44:26] [Client thread/INFO]: [CHAT] [Server:VideoGameSmash12] Your fate is how your behavior is done.
[12:44:32] [Client thread/INFO]: [CHAT] <[Super Admin] AnnikaKhot> Saying everyone hates you pretty much qualifies as dramatic.
[12:44:33] [Client thread/INFO]: [CHAT] crabbywinner left the game.
[12:44:44] [Client thread/INFO]: [CHAT] <ZexyZek> HOLA
[12:44:48] [Client thread/INFO]: [CHAT] jared441 used a forbidden WorldEdit block type: redstonerepeater
[12:44:52] [Client thread/INFO]: [CHAT] <mrlazerbird> Idc, I'm never gonna get it anyway! BECAUSE MOST SERVERS (ACTUALLY ALL) HATE ME!
[12:44:55] [Client thread/INFO]: [CHAT] [ADMIN] VideoGameSmash12 [STA]: Who watches MythBusters.
[12:44:56] [Client thread/INFO]: [CHAT] AdamHolz was slain by DashMasterson
[12:44:57] [Client thread/INFO]: [CHAT] <[Super Admin] AnnikaKhot> If you want any hope of getting admin at all, please, just stop complaining.
[12:45:00] [Client thread/INFO]: [CHAT] 0SKS0 - Tempbanning: mrlazerbird for 5 minutes.
[12:45:00] [Client thread/INFO]: [CHAT] mrlazerbird left the game.
[12:45:02] [Client thread/INFO]: [CHAT] [ADMIN] 0SKS0 [STA]: i do
[12:45:07] [Client thread/INFO]: [CHAT] [ADMIN] Grenos [SA]: thank you
[12:45:08] [Client thread/INFO]: [CHAT] [ADMIN] 0SKS0 [STA]: theres a marathon going on
[12:45:08] [Client thread/INFO]: [CHAT] <ZexyZek> HI gutys
[12:45:13] [Client thread/INFO]: [CHAT] [ADMIN] VideoGameSmash12 [STA]: when
[12:45:14] [Client thread/INFO]: [CHAT] <AdamHolz> Who wants to join my server msg me
[12:45:16] [Client thread/INFO]: [CHAT] [ADMIN] 0SKS0 [STA]: today
[12:45:16] [Client thread/INFO]: [CHAT] AdamHolz was slain by DashMasterson
[12:45:18] [Client thread/INFO]: [CHAT] [ADMIN] AnnikaKhot [SA]: I don't watch it much.
[12:45:23] [Client thread/INFO]: [CHAT] [ADMIN] Grenos [SA]: ?
[12:45:24] [Client thread/INFO]: [CHAT] <AdamHolz> DashMasterson IS SPAWN KILLING
[12:45:26] [Client thread/INFO]: [CHAT] DashMasterson has been a naughty, naughty boy.
[12:45:26] [Client thread/INFO]: [CHAT] DashMasterson died
[12:45:28] [Client thread/INFO]: [CHAT] [ADMIN] VideoGameSmash12 [STA]: THANK GOD FOR THE RECORDING
[12:45:30] [Client thread/INFO]: [CHAT] H_O_M_E_R joined the game.
[12:45:31] [Client thread/INFO]: [CHAT] <DashMasterson> awww
[12:45:31] [Client thread/INFO]: [CHAT] [ADMIN] VideoGameSmash12 [STA]: THANK GOD FOR THE RECORDINGS
[12:45:33] [Client thread/INFO]: [CHAT] Guard_Of_lanz13 left the game.
[12:45:34] [Client thread/INFO]: [CHAT] [ADMIN] Grenos [SA]: What kind of Marathon?
[12:45:35] [Client thread/INFO]: [CHAT] [Server:AnnikaKhot] No unwanted PvP, and no creative PvP.
[12:45:35] [Client thread/INFO]: [CHAT] <DashMasterson> ill stop
[12:45:39] [Client thread/INFO]: [CHAT] [ADMIN] 0SKS0 [STA]: a mythbuster
[12:45:41] [Client thread/INFO]: [CHAT] SupItsMike joined the game.
[12:45:42] [Client thread/INFO]: [CHAT] SupItsMike left the game.
[12:45:44] [Client thread/INFO]: [CHAT] [ADMIN] Grenos [SA]: I see.
[12:45:50] [Client thread/INFO]: [CHAT] AnnikaKhot - Opping all players on the server
[12:45:50] [Client thread/INFO]: [CHAT] You are now op!
[12:45:51] [Client thread/INFO]: [CHAT] [ADMIN] VideoGameSmash12 [STA]: Maybe a fucking pack of myth
[12:45:51] [Client thread/INFO]: [CHAT] [ADMIN] 0SKS0 [STA]: you dont see
[12:45:54] [Client thread/INFO]: [CHAT] [ADMIN] VideoGameSmash12 [STA]: Maybe a fucking pack of myths
[12:46:03] [Client thread/INFO]: [CHAT] [ADMIN] 0SKS0 [STA]: i see you
[12:46:03] [Client thread/INFO]: [CHAT] suntan joined the game.
[12:46:08] [Client thread/INFO]: [CHAT] [ADMIN] 0SKS0 [STA]: <O>_<O>
[12:46:12] [Client thread/INFO]: [CHAT] DashMasterson left the game.
[12:46:15] [Client thread/INFO]: [CHAT] <suntan> uh
[12:46:22] [Client thread/INFO]: [CHAT] AdamHolz fell from a high place
[12:46:23] [Client thread/INFO]: [CHAT] Error: Player not found.
[12:46:24] [Client thread/INFO]: [CHAT] Error: Player not found.
[12:46:26] [Client thread/INFO]: [CHAT] 0SKS0 - Opping all players on the server
[12:46:26] [Client thread/INFO]: [CHAT] You are now op!
[12:46:28] [Client thread/INFO]: [CHAT] <H_O_M_E_R> hi
[12:46:31] [Client thread/INFO]: [CHAT] <suntan> hi
[12:46:36] [Client thread/INFO]: [CHAT] <[?YouTuber?] Dr_Ballistic> hi
[12:46:39] [Client thread/INFO]: [CHAT] [AdamHolz -> me] 73.50.100.17
[12:46:41] [Client thread/INFO]: [CHAT] [ADMIN] VideoGameSmash12 [STA]: what if someone did /seen mythbusters
[12:46:44] [Client thread/INFO]: [CHAT] [AdamHolz -> me] 73.50.100.17:25566
[12:46:45] [Client thread/INFO]: [CHAT] AdamHolz has been a naughty, naughty boy.
[12:46:45] [Client thread/INFO]: [CHAT] AdamHolz died
[12:46:48] [Client thread/INFO]: [CHAT] SocialSpy for VideoGameSmash12: enabled
[12:46:48] [Client thread/INFO]: [CHAT] < Tubby> adma only advertise once!
[12:46:49] [Client thread/INFO]: [CHAT] [?YouTuber?] Dr_Ballistic : /r Please don't advertise.
[12:46:51] [Client thread/INFO]: [CHAT] <suntan> AdamHolz is spamming me
[12:46:52] [Client thread/INFO]: [CHAT] <[HELPER] [WARDEN] [CREATOR] SNIPERPRO> lol
[12:46:52] [Client thread/INFO]: [CHAT]  Kevin : /tell AdamHolz stop advertising
[12:46:52] [Client thread/INFO]: [CHAT] ZexyZek left the game.
[12:46:55] [Client thread/INFO]: [CHAT] [Server:0SKS0] Adam, last warning. Only advertise once.
[12:46:55] [Client thread/INFO]: [CHAT] <[Super Admin] Grenos> Don't even try AdamHolz.
[12:46:58] [Client thread/INFO]: [CHAT] <AdamHolz> Dr_Ballistic I can advertise
[12:47:06] [Client thread/INFO]: [CHAT] <[Super Admin] Grenos> Once.
[12:47:11] [Client thread/INFO]: [CHAT] [ADMIN] 0SKS0 [STA]: uno
[12:47:12] [Client thread/INFO]: [CHAT] <[?YouTuber?] Dr_Ballistic> well i dont want that.
[12:47:12] [Client thread/INFO]: [CHAT] <[Super Admin] AnnikaKhot> You have advertised more then once already.
[12:47:17] [Client thread/INFO]: [CHAT] [ADMIN] VideoGameSmash12 [STA]: "why don't the mythbusters go on minecraft"
[12:47:21] [Client thread/INFO]: [CHAT] [ADMIN] 0SKS0 [STA]: lol
[12:47:22] [Client thread/INFO]: [CHAT] AdamHolz : /msg ** 73.50.100.17:25566
[12:47:22] [Client thread/INFO]: [CHAT] < Kevin> hi can i help
[12:47:23] [Client thread/INFO]: [CHAT] [ADMIN] Grenos [SA]: ...
[12:47:25] [Client thread/INFO]: [CHAT] <[Super Admin] AnnikaKhot> You've done it in the past too.
[12:47:27] [Client thread/INFO]: [CHAT] < H_O_M_E_R> .
[12:47:28] [Client thread/INFO]: [CHAT] AdamHolz : /msg * 73.50.100.17:25566
[12:47:30] [Client thread/INFO]: [CHAT] <[Super Admin] AnnikaKhot> So just stop.
[12:47:30] [Client thread/INFO]: [CHAT] [ADMIN] 0SKS0 [STA]: mythbuster
[12:47:32] [Client thread/INFO]: [CHAT] < The_Queen> Pandas_plays_MC
[12:47:32] [Client thread/INFO]: [CHAT] aggelosQQ - Removing all nicknames
[12:47:34] [Client thread/INFO]: [CHAT] [ADMIN] 0SKS0 [STA]: minecraft style
[12:47:34] [Client thread/INFO]: [CHAT] <[HELPER] [WARDEN] [CREATOR] cohlint> y
[12:47:36] [Client thread/INFO]: [CHAT] H_O_M_E_R has been a naughty, naughty boy.
[12:47:36] [Client thread/INFO]: [CHAT] H_O_M_E_R died
[12:47:36] [Client thread/INFO]: [CHAT] 0SKS0 - Tempbanning: AdamHolz for 5 minutes.
[12:47:36] [Client thread/INFO]: [CHAT] AdamHolz left the game.
[12:47:37] [Client thread/INFO]: [CHAT] [Server:aggelosQQ] no &k on nicks
[12:47:38] [Client thread/INFO]: [CHAT] [ADMIN] VideoGameSmash12 [STA]: "its a good game and i think they're gamers"
[12:47:40] [Client thread/INFO]: [CHAT] [Server:AnnikaKhot] No &k.
[12:47:41] [Client thread/INFO]: [CHAT] <suntan> i don't want to be spammed with the ip of a shitty little server
[12:47:42] [Client thread/INFO]: [CHAT] jared441 left the game.
[12:47:43] [Client thread/INFO]: [CHAT] [ADMIN] 0SKS0 [STA]: xD
[12:47:47] [Client thread/INFO]: [CHAT] [ADMIN] 0SKS0 [STA]: totally gamers
[12:47:50] [Client thread/INFO]: [CHAT] <[?YouTuber?] Dr_Ballistic> me too
[12:47:52] [Client thread/INFO]: [CHAT] <[Super Admin] AnnikaKhot> ^
[12:47:53] [Client thread/INFO]: [CHAT] [ADMIN] Grenos [SA]: Mythbusters: Today we are going to look and see if water saves you from dying! It does! The end! -_-
[12:47:55] [Client thread/INFO]: [CHAT] <[LAGGY-PVPER] Stormed14490> same
[12:48:01] [Client thread/INFO]: [CHAT] [ADMIN] VideoGameSmash12 [STA]: "lol"
[12:48:01] [Client thread/INFO]: [CHAT] <H_O_M_E_R> op me
[12:48:06] [Client thread/INFO]: [CHAT] <[?YouTuber?] Dr_Ballistic> same
[12:48:09] [Client thread/INFO]: [CHAT] AnnikaKhot - Opping all players on the server
[12:48:09] [Client thread/INFO]: [CHAT] You are now op!
[12:48:11] [Client thread/INFO]: [CHAT] <H_O_M_E_R> ty
[12:48:13] [Client thread/INFO]: [CHAT] <[LAGGY-PVPER] Stormed> -_-
[12:48:18] [Client thread/INFO]: [CHAT] [ADMIN] VideoGameSmash12 [STA]: "come on when will the show come on here!!!""
[12:48:24] [Client thread/INFO]: [CHAT] [ADMIN] Grenos [SA]: ...
[12:48:27] [Client thread/INFO]: [CHAT] [ADMIN] 0SKS0 [STA]: i searched up mythbuster minecraft and theres actually a series on youtube
[12:48:32] [Client thread/INFO]: [CHAT] <[HELPER] [WARDEN] [CREATOR] SNIPERPRO> how do u //copy
[12:48:33] [Client thread/INFO]: [CHAT] [ADMIN] VideoGameSmash12 [STA]: omh
[12:48:35] [Client thread/INFO]: [CHAT] [ADMIN] AnnikaKhot [SA]: yah
[12:48:37] [Client thread/INFO]: [CHAT]  The_Qween : /msg Dr_Ballistic can you protect this land plz
[12:48:42] [Client thread/INFO]: [CHAT] [ADMIN] Grenos [SA]: I've only seen one episode of Mythbusters.
[12:48:43] [Client thread/INFO]: [CHAT] [?YouTuber?] Dr_Ballistic : /r yes madame
[12:48:46] [Client thread/INFO]: [CHAT] [ADMIN] Grenos [SA]: It was ok.
[12:48:54] [Client thread/INFO]: [CHAT] H_O_M_E_R left the game.
[12:48:56] [Client thread/INFO]: [CHAT] [ADMIN] Grenos [SA]: Breaking Bad is better xD
[12:48:57] [Client thread/INFO]: [CHAT] [ADMIN] AnnikaKhot [SA]: Does anyone here watch Castle
[12:49:00] [Client thread/INFO]: [CHAT] < The_Qween> thankyou
[12:49:01] [Client thread/INFO]: [CHAT] [ADMIN] Grenos [SA]: Mee
[12:49:03] [Client thread/INFO]: [CHAT] [ADMIN] Grenos [SA]: Yes I do
[12:49:07] [Client thread/INFO]: [CHAT] [ADMIN] AnnikaKhot [SA]: yaay
[12:49:10] [Client thread/INFO]: [CHAT] <[HELPER] [WARDEN] [CREATOR] SNIPERPRO> how do u //copy?
[12:49:11] [Client thread/INFO]: [CHAT] [ADMIN] Grenos [SA]: I'm only in Season 2 though
[12:49:32] [Client thread/INFO]: [CHAT] [ADMIN] 0SKS0 [STA]: teach me how to twerk
[12:49:32] [Client thread/INFO]: [CHAT] [ADMIN] AnnikaKhot [SA]: I'm pretty much just going through random episodes lol
[12:49:33] [Client thread/INFO]: [CHAT] [ADMIN] 0SKS0 [STA]: work**
[12:49:35] [Client thread/INFO]: [CHAT] Shansigan joined the game.
[12:49:35] [Client thread/INFO]: [CHAT] Welcome Shansigan to the server!
[12:49:37] [Client thread/INFO]: [CHAT] [ADMIN] AnnikaKhot [SA]: lol
[12:49:41] [Client thread/INFO]: [CHAT] [ADMIN] Grenos [SA]: ...
[12:49:45] [Client thread/INFO]: [CHAT] [ADMIN] VideoGameSmash12 [STA]: twork
[12:49:47] [Client thread/INFO]: [CHAT] MCminecraft2500 joined the game.
[12:49:47] [Client thread/INFO]: [CHAT] Welcome MCminecraft2500 to the server!
[12:49:50] [Client thread/INFO]: [CHAT] <Shansigan> Potato
[12:49:54] [Client thread/INFO]: [CHAT] <Shansigan> LLOL
[12:49:57] [Client thread/INFO]: [CHAT] [ADMIN] 0SKS0 [STA]: twerkolo
[12:49:58] [Client thread/INFO]: [CHAT] <MCminecraft2500> can someone op me
[12:49:59] [Client thread/INFO]: [CHAT] <Shansigan> potatoos
[12:50:00] [Client thread/INFO]: [CHAT] andrewhp10 joined the game.
[12:50:01] [Client thread/INFO]: [CHAT] suntan : /m lanz13 i'm gonna make you a secret door
[12:50:02] [Client thread/INFO]: [CHAT] [ADMIN] Grenos [SA]: To twerk, press the shift button repeatedly and lose your dignity in the process
[12:50:05] [Client thread/INFO]: [CHAT] mrlazerbird joined the game.
[12:50:06] [Client thread/INFO]: [CHAT] <Shansigan> do /opalll
[12:50:08] [Client thread/INFO]: [CHAT]  The_Qween : /msg Dr_Ballistic can you protect the land so people wont grief
[12:50:09] [Client thread/INFO]: [CHAT] [ADMIN] AnnikaKhot [SA]: xD
[12:50:13] [Client thread/INFO]: [CHAT] mrlazerbird - Opping Shansigan
[12:50:15] [Client thread/INFO]: [CHAT] <[HELPER] [WARDEN] [CREATOR] SNIPERPRO> how do u //copy?!!!!!!!!!
[12:50:16] [Client thread/INFO]: [CHAT] [?YouTuber?] Dr_Ballistic : /r yea
[12:50:23] [Client thread/INFO]: [CHAT] <Shansigan> all do potato.pw
[12:50:29] [Client thread/INFO]: [CHAT] < The_Qween> ok thank you
[12:50:29] [Client thread/INFO]: [CHAT] <[Super Admin] AnnikaKhot> You make a region selection and do //copy
[12:50:34] [Client thread/INFO]: [CHAT] [ADMIN] Grenos [SA]: https://www.youtube.com/watch?v=9PLxNRjwRDM
[12:50:35] [Client thread/INFO]: [CHAT] <mrlazerbird> potato.pw
[12:50:35] [Client thread/INFO]: [CHAT] <[HELPER] [WARDEN] [CREATOR] SNIPERPRO> oh
[12:50:36] [Client thread/INFO]: [CHAT] [ADMIN] Grenos [SA]: Beeeeatle
[12:50:37] [Client thread/INFO]: [CHAT] [ADMIN] Grenos [SA]: s
[12:50:41] [Client thread/INFO]: [CHAT] 0SKS0 left the game.
[12:50:42] [Client thread/INFO]: [CHAT] <MCminecraft2500> cansomeoneop me
[12:50:46] [Client thread/INFO]: [CHAT] mrlazerbird - Opping Pandas_plays_MC
[12:50:46] [Client thread/INFO]: [CHAT] mrlazerbird - Opping MCminecraft2500
[12:50:49] [Client thread/INFO]: [CHAT] AnnikaKhot - Opping all players on the server
[12:50:49] [Client thread/INFO]: [CHAT] You are now op!
[12:50:53] [Client thread/INFO]: [CHAT] <[HELPER] [WARDEN] [CREATOR] SNIPERPRO> like how
[12:50:55] [Client thread/INFO]: [CHAT] <[?YouTuber?] Dr_Ballistic> say i if you love worldedit
[12:50:58] [Client thread/INFO]: [CHAT] <MCminecraft2500> i
[12:50:58] [Client thread/INFO]: [CHAT] <suntan> i
[12:50:58] [Client thread/INFO]: [CHAT] <[?YouTuber?] Dr_Ballistic> i
[12:51:03] [Client thread/INFO]: [CHAT] < The_Qween> i
[12:51:04] [Client thread/INFO]: [CHAT] <[Super Admin] AnnikaKhot> i
[12:51:04] [Client thread/INFO]: [CHAT] <[Super Admin] Grenos> p
[12:51:06] [Client thread/INFO]: [CHAT] <[HELPER] [WARDEN] [CREATOR] SNIPERPRO> i
[12:51:16] [Client thread/INFO]: [CHAT] <[Super Admin] AnnikaKhot> meow
[12:51:17] [Client thread/INFO]: [CHAT] GiuseppeMichele joined the game.
[12:51:18] [Client thread/INFO]: [CHAT] <[HELPER] [WARDEN] [CREATOR] SNIPERPRO> how do u //copy?!!!!!!!!! like how
[12:51:20] [Client thread/INFO]: [CHAT] <[Super Admin] Grenos> purr
[12:51:22] [Client thread/INFO]: [CHAT] <[HELPER] [WARDEN] [CREATOR] SNIPERPRO> how do u //copy?!!!!!!!!! like how!
[12:51:23] [Client thread/INFO]: [CHAT] mrlazerbird : /t aggelos See what I mean! They hate me!
[12:51:25] [Client thread/INFO]: [CHAT] <[Super Admin] AnnikaKhot> yowl
[12:51:27] [Client thread/INFO]: [CHAT] Coolminecraftgal joined the game.
[12:51:30] [Client thread/INFO]: [CHAT] <Coolminecraftgal> hai!
[12:51:32] [Client thread/INFO]: [CHAT] [ADMIN] Grenos [SA]: SHUT UP mrlazerbird
[12:51:33] [Client thread/INFO]: [CHAT] <Coolminecraftgal> aw
[12:51:36] [Client thread/INFO]: [CHAT] Pandas_plays_MC : /tell Dr_Ballistic can i help :)
[12:51:37] [Client thread/INFO]: [CHAT] < Chrissy> there
[12:51:40] [Client thread/INFO]: [CHAT] < Chrissy> hai!
[12:51:41] [Client thread/INFO]: [CHAT] [ADMIN] Grenos [SA]: Just...argh!
[12:51:47] [Client thread/INFO]: [CHAT] CommandSpy enabled.
[12:51:49] [Client thread/INFO]: [CHAT] Dr_Ballistic: //walls cobblestone
[12:51:51] [Client thread/INFO]: [CHAT] lanz13: /speed fly 1
[12:51:53] [Client thread/INFO]: [CHAT] MCminecraft2500: /spawnmob
[12:51:55] [Client thread/INFO]: [CHAT] lanz13: /clear
[12:51:55] [Client thread/INFO]: [CHAT] < Chrissy> bai!
[12:51:55] [Client thread/INFO]: [CHAT] Coolminecraftgal left the game.
[12:51:59] [Client thread/INFO]: [CHAT] andrewhp10 left the game.
[12:52:02] [Client thread/INFO]: [CHAT] MCminecraft2500: /spawnmob irongolem
[12:52:04] [Client thread/INFO]: [CHAT] <[LAGGY-PVPER] Stormed> is this yours?
[12:52:04] [Client thread/INFO]: [CHAT] Dr_Ballistic: /r lets make a courtyard thing outside
[12:52:04] [Client thread/INFO]: [CHAT] [?YouTuber?] Dr_Ballistic : /r lets make a courtyard thing outside
[12:52:04] [Client thread/INFO]: [CHAT] mrlazerbird: /r i did tell you though
[12:52:04] [Client thread/INFO]: [CHAT] mrlazerbird : /r I did tell you though
[12:52:05] [Client thread/INFO]: [CHAT]  Grenos : /tell mrlazerbird Just...stop.
[12:52:05] [Client thread/INFO]: [CHAT] Left click: select pos #1; Right click: select pos #2
[12:52:07] [Client thread/INFO]: [CHAT] <MCminecraft2500> nope
[12:52:12] [Client thread/INFO]: [CHAT] <[LAGGY-PVPER] Stormed> huh
[12:52:12] [Client thread/INFO]: [CHAT] <[HELPER] [WARDEN] [CREATOR] SNIPERPRO> how do u //copy?!!!!!!!!! like how!! plz tell me
[12:52:15] [Client thread/INFO]: [CHAT] <Pandas_plays_MC> k Dr_Ballistic
[12:52:17] [Client thread/INFO]: [CHAT] There are 18 out of a maximum 35 players online.
[12:52:17] [Client thread/INFO]: [CHAT] Connected admins: [SA]AnnikaKhot, [STA]aggelosQQ, [OP]tsamp2000, [SA]Grenos, [STA]VideoGameSmash12
[12:52:19] [Client thread/INFO]: [CHAT] There are 18 out of a maximum 35 players online.
[12:52:19] [Client thread/INFO]: [CHAT] Connected admins: [SA]AnnikaKhot, [STA]aggelosQQ, [OP]tsamp2000, [SA]Grenos, [STA]VideoGameSmash12
[12:52:20] [Client thread/INFO]: [CHAT] m0nk3yjamm3r joined the game.
[12:52:21] [Client thread/INFO]: [CHAT] MCminecraft2500: /tp sniper
[12:52:21] [Client thread/INFO]: [CHAT] <[LAGGY-PVPER] Stormed> i changed my mind
[12:52:22] [Client thread/INFO]: [CHAT] <Shansigan> go to this site potato.pw
[12:52:23] [Client thread/INFO]: [CHAT] < The_Qween> what are you doing
[12:52:26] [Client thread/INFO]: [CHAT] cohlint: //cop
[12:52:27] [Client thread/INFO]: [CHAT] cohlint: //copy
[12:52:28] [Client thread/INFO]: [CHAT] Dr_Ballistic: //set cobblestone
[12:52:28] [Client thread/INFO]: [CHAT] <[Super Admin] AnnikaKhot> Make a region selection with //wand and do //copy
[12:52:29] [Client thread/INFO]: [CHAT] <suntan> making a secret door
[12:52:30] [Client thread/INFO]: [CHAT] <Pandas_plays_MC> im good with redstone
[12:52:30] [Client thread/INFO]: [CHAT] MCminecraft2500: /whois sniper
[12:52:30] [Client thread/INFO]: [CHAT] cohlint: //copy help
[12:52:30] [Client thread/INFO]: [CHAT] m0nk3yjamm3r: /fly
[12:52:31] [Client thread/INFO]: [CHAT] Conman124: /hcyl cobble 6 15
[12:52:35] [Client thread/INFO]: [CHAT] SongStork joined the game.
[12:52:35] [Client thread/INFO]: [CHAT] Welcome SongStork to the server!
[12:52:35] [Client thread/INFO]: [CHAT] <m0nk3yjamm3r> op me
[12:52:37] [Client thread/INFO]: [CHAT] Conman124: //hcyl cobble 6 15
[12:52:38] [Client thread/INFO]: [CHAT] mrlazerbird: /r why, it's not my fault that getting sa is my life!
[12:52:38] [Client thread/INFO]: [CHAT] mrlazerbird : /r Why, it's not my fault that getting SA is my life!
[12:52:39] [Client thread/INFO]: [CHAT] * aggelosQQ is now AFK.
[12:52:43] [Client thread/INFO]: [CHAT] Grenos - Opping all players on the server
[12:52:43] [Client thread/INFO]: [CHAT] You are now op!
[12:52:43] [Client thread/INFO]: [CHAT] mrlazerbird: /qop m0nk3yjamm3r
[12:52:43] [Client thread/INFO]: [CHAT] mrlazerbird - Opping m0nk3yjamm3r
[12:52:44] [Client thread/INFO]: [CHAT] <m0nk3yjamm3r> op me pls!!!!!!
[12:52:45] [Client thread/INFO]: [CHAT] [ADMIN] Grenos [SA]: qvgroywgr[wrt'
[12:52:49] [Client thread/INFO]: [CHAT] MCminecraft2500: /spawnmob giant
[12:52:50] [Client thread/INFO]: [CHAT] cohlint: //copy stone 900
[12:52:50] [Client thread/INFO]: [CHAT] <[Super Admin] AnnikaKhot> It copies whatever you selected. Do //paste to paste it
[12:52:55] [Client thread/INFO]: [CHAT] MCminecraft2500: /spawnmob giant
[12:52:56] [Client thread/INFO]: [CHAT] Pandas_plays_MC: /i sign 1
[12:52:56] [Client thread/INFO]: [CHAT] elohel523: /cylb4 10
[12:52:58] [Client thread/INFO]: [CHAT] <Shansigan> I love xxTheDjsystem
[12:53:00] [Client thread/INFO]: [CHAT] MCminecraft2500: /spawnmob giant,pig
[12:53:00] [Client thread/INFO]: [CHAT] suntan: /thru
[12:53:01] [Client thread/INFO]: [CHAT] cohlint: //paste
[12:53:01] [Client thread/INFO]: [CHAT] [ADMIN] Grenos [SA]: mrlazerbird: "It's not my fault that getting SA is my life"
[12:53:02] [Client thread/INFO]: [CHAT] <m0nk3yjamm3r> thank ypu in spanish
[12:53:05] [Client thread/INFO]: [CHAT] <mrlazerbird> Or /paste
[12:53:05] [Client thread/INFO]: [CHAT] SongStork: /rules
[12:53:06] [Client thread/INFO]: [CHAT] mrlazerbird: /paste
[12:53:09] [Client thread/INFO]: [CHAT] <mrlazerbird> Nvm
[12:53:10] [Client thread/INFO]: [CHAT] cohlint: //undo
[12:53:10] [Client thread/INFO]: [CHAT] [ADMIN] AnnikaKhot [SA]: srsly did he say that?
[12:53:10] [Client thread/INFO]: [CHAT] Dr_Ballistic: //set air
[12:53:16] [Client thread/INFO]: [CHAT] [ADMIN] Grenos [SA]: Wow. That is the saddest thing that I have ever read.
[12:53:17] [Client thread/INFO]: [CHAT] <lanz13> i cant build a fountain D:
[12:53:18] [Client thread/INFO]: [CHAT] elohel523: //cyl 4 10
[12:53:20] [Client thread/INFO]: [CHAT] m0nk3yjamm3r: /creative
[12:53:23] [Client thread/INFO]: [CHAT] [ADMIN] VideoGameSmash12 [STA]: :(
[12:53:23] [Client thread/INFO]: [CHAT] [ADMIN] Grenos [SA]: Check cmdspy -_-
[12:53:24] [Client thread/INFO]: [CHAT] cohlint: //paste
[12:53:26] [Client thread/INFO]: [CHAT] Dr_Ballistic: //wals cobblestone
[12:53:28] [Client thread/INFO]: [CHAT] MCminecraft2500: /spawnmob pig,pigpig,pigpig,pigpig,pigpig,pig
[12:53:30] [Client thread/INFO]: [CHAT] mrlazerbird: /r why, it's not my fault that getting sa is my life, is it!
[12:53:30] [Client thread/INFO]: [CHAT] mrlazerbird : /r Why, it's not my fault that getting SA is my life, is it!
[12:53:32] [Client thread/INFO]: [CHAT] Dr_Ballistic: //walls cobblestone
[12:53:32] [Client thread/INFO]: [CHAT] Conman124: //cyl cobble 6
[12:53:33] [Client thread/INFO]: [CHAT] MCminecraft2500: /spawnmob pig,pig
[12:53:34] [Client thread/INFO]: [CHAT] cohlint: /speed 5
[12:53:36] [Client thread/INFO]: [CHAT] [ADMIN] AnnikaKhot [SA]: oh srsly
[12:53:39] [Client thread/INFO]: [CHAT] < The_Qween> what are you doing suntan!
[12:53:40] [Client thread/INFO]: [CHAT] cohlint: /speed 4
[12:53:43] [Client thread/INFO]: [CHAT] <suntan> making a secret door.
[12:53:45] [Client thread/INFO]: [CHAT] [ADMIN] VideoGameSmash12 [STA]: OMFG STAWP
[12:53:46] [Client thread/INFO]: [CHAT] < The_Qween> oh
[12:53:48] [Client thread/INFO]: [CHAT] Dr_Ballistic: //set aor
[12:53:50] [Client thread/INFO]: [CHAT] cohlint: /speed 5
[12:53:55] [Client thread/INFO]: [CHAT]  Grenos : /tell mrlazerbird I'm sorry, but if getting SA is your life, then you have a rather sad life.
[12:53:55] [Client thread/INFO]: [CHAT] cohlint: /speed 1
[12:53:56] [Client thread/INFO]: [CHAT] MCminecraft2500: /spawnmob pig,pig,pig,pig,pig,pig,pig,pig
[12:53:58] [Client thread/INFO]: [CHAT] cohlint: /speed 1
[12:53:59] [Client thread/INFO]: [CHAT] [ADMIN] AnnikaKhot [SA]: He thinks he'll earn so much sympathy that he gets insta admin
[12:54:03] [Client thread/INFO]: [CHAT] cohlint: /speed 5
[12:54:03] [Client thread/INFO]: [CHAT] SongStork left the game.
[12:54:04] [Client thread/INFO]: [CHAT]  Grenos : /tell mrlazerbird Now stop bugging admins about it, ok?
[12:54:14] [Client thread/INFO]: [CHAT] elohel523: //set 4
[12:54:15] [Client thread/INFO]: [CHAT] cohlint: //paste
[12:54:16] [Client thread/INFO]: [CHAT] Dr_Ballistic: //walls cobblestone
[12:54:18] [Client thread/INFO]: [CHAT] elohel523: //undo
[12:54:19] [Client thread/INFO]: [CHAT] pizzadude1029 joined the game.
[12:54:19] [Client thread/INFO]: [CHAT] Welcome pizzadude1029 to the server!
[12:54:25] [Client thread/INFO]: [CHAT] mrlazerbird: /r fine, i'll go on freedomop, once i've known the ip, what is the ip for fop?
[12:54:25] [Client thread/INFO]: [CHAT] mrlazerbird : /r Fine, I'll go on freedomOP, once I've known the IP, what is the IP for FOP?
[12:54:27] [Client thread/INFO]: [CHAT] Dr_Ballistic: //set aor
[12:54:27] [Client thread/INFO]: [CHAT] elohel523: //set 4
[12:54:28] [Client thread/INFO]: [CHAT] suntan: /thru
[12:54:29] [Client thread/INFO]: [CHAT] FastForward44 joined the game.
[12:54:29] [Client thread/INFO]: [CHAT] cohlint: //paste
[12:54:30] [Client thread/INFO]: [CHAT] pizzadude1029 left the game.
[12:54:30] [Client thread/INFO]: [CHAT] [ADMIN] Grenos [SA]: There are not many people I want to punch right in the fac
[12:54:31] [Client thread/INFO]: [CHAT] <Shansigan> go to this site potato.pw
[12:54:32] [Client thread/INFO]: [CHAT] [ADMIN] Grenos [SA]: *face
[12:54:32] [Client thread/INFO]: [CHAT] FastForward44 fell out of the world
[12:54:35] [Client thread/INFO]: [CHAT] Server is going offline.
[12:54:35] [Client thread/INFO]: [CHAT] cohlint left the game.
[12:54:35] [Client thread/INFO]: [CHAT] Dr_Ballistic left the game.
[12:54:35] [Client thread/INFO]: [CHAT] elohel523 left the game.
[12:54:35] [Client thread/INFO]: [CHAT] Conman124 left the game.
[12:54:35] [Client thread/INFO]: [CHAT] AnnikaKhot left the game.
[12:54:35] [Client thread/INFO]: [CHAT] Rayquaza239 left the game.
[12:54:36] [Client thread/INFO]: [CHAT] Stormed14490 left the game.
[12:54:36] [Client thread/INFO]: [CHAT] aggelosQQ left the game.
[12:54:36] [Client thread/INFO]: [CHAT] tsamp2000 left the game.
[12:54:38] [Client thread/INFO]: Connecting to play.totalfreedom.me., 28965
[13:00:14] [Client thread/INFO]: Connecting to play.totalfreedom.me., 28965
[13:00:15] [Client thread/INFO]: [CHAT] VideoGameSmash12 is a Super Telnet Admin
[13:00:15] [Client thread/INFO]: [CHAT] VideoGameSmash12 joined the game.
[13:00:15] [Client thread/INFO]: [CHAT] PMCce28dd0f68c70a25ab3288720dabafde
[13:00:15] [Client thread/INFO]: [CHAT] Server IP is changing soon! Only use play.totalfreedom.me
[13:00:15] [Client thread/INFO]: [CHAT] Type /help for a list of commands.
[13:00:15] [Client thread/INFO]: [CHAT] Save your builds with World Edit or lose them
[13:00:15] [Client thread/INFO]: [CHAT] Read our website at www.totalfreedom.me to find out how
[13:00:15] [Client thread/INFO]: [CHAT] Read the rules
[13:00:15] [Client thread/INFO]: [CHAT] Read our only authorized forum at www.totalfreedom.boards.net
[13:00:15] [Client thread/INFO]: [CHAT] You have no new mail.
[13:00:15] [Client thread/INFO]: [CHAT] *  Dr_Ballistic is no longer AFK.
[13:00:15] [Client thread/INFO]: [CHAT] <[?YouTuber?] Dr_Ballistic> hai
[13:00:18] [Client thread/INFO]: [CHAT] *  Dr_Ballistic is now AFK.
[13:00:21] [Client thread/INFO]: [CHAT] <EthanPlayz> :P
[13:00:23] [Client thread/INFO]: [CHAT] mrlazerbird, MrPerson660
[13:00:23] [Client thread/INFO]: [CHAT] mrlazerbird, MrPerson660
[13:00:25] [Client thread/INFO]: [CHAT] [ADMIN] VideoGameSmash12 [STA]: MrPerson660
[13:00:26] [Client thread/INFO]: [CHAT] <EthanPlayz> =P
[13:00:28] [Client thread/INFO]: [CHAT]  PinkyPie : /msg suntan our houses were griefed
[13:00:29] [Client thread/INFO]: [CHAT] [ADMIN] MrPerson660 [SA]: yes?
[13:00:31] [Client thread/INFO]: [CHAT] *  Dr_Ballistic is no longer AFK.
[13:00:33] [Client thread/INFO]: [CHAT] minecraft888dude used a forbidden WorldEdit block type: spawner
[13:00:35] [Client thread/INFO]: [CHAT] [ADMIN] VideoGameSmash12 [STA]: good luck on the telnet app
[13:00:37] [Client thread/INFO]: [CHAT] <EthanPlayz> o.O
[13:00:38] [Client thread/INFO]: [CHAT] <mrlazerbird> Who's that?
[13:00:39] [Client thread/INFO]: [CHAT] suntan : /r :'(
[13:00:41] [Client thread/INFO]: [CHAT] [ADMIN] VideoGameSmash12 [STA]: wait
[13:00:46] [Client thread/INFO]: [CHAT] [ADMIN] VideoGameSmash12 [STA]: congrads
[13:00:50] [Client thread/INFO]: [CHAT] [ADMIN] VideoGameSmash12 [STA]: derp
[13:00:50] [Client thread/INFO]: [CHAT] [ADMIN] MrPerson660 [SA]: thanks :)
[13:00:52] [Client thread/INFO]: [CHAT]  PinkyPie : /msg suntan blame the pumpkin guy
[13:00:58] [Client thread/INFO]: [CHAT] suntan : /r me 2
[13:01:01] [Client thread/INFO]: [CHAT] [ADMIN] VideoGameSmash12 [STA]: You got all Vouches!
[13:01:04] [Client thread/INFO]: [CHAT] thegaming101 joined the game.
[13:01:07] [Client thread/INFO]: [CHAT] [ADMIN] 0SKS0 [STA]: cuz hes amazing
[13:01:09] [Client thread/INFO]: [CHAT] [ADMIN] VideoGameSmash12 [STA]: Rare to see that
[13:01:10] [Client thread/INFO]: [CHAT] Squiduin fell out of the world
[13:01:11] [Client thread/INFO]: [CHAT] [ADMIN] AnnikaKhot [SA]: Wow.
[13:01:16] [Client thread/INFO]: [CHAT] [ADMIN] 0SKS0 [STA]: i think i got all vouches
[13:01:20] [Client thread/INFO]: [CHAT] <tehumbreon> These are cool spawners
[13:01:24] [Client thread/INFO]: [CHAT] <minecraft888dude> op me
[13:01:29] [Client thread/INFO]: [CHAT] MrPerson660 - Opping all players on the server
[13:01:29] [Client thread/INFO]: [CHAT] You are now op!
[13:01:31] [Client thread/INFO]: [CHAT] [ADMIN] VideoGameSmash12 [STA]: I need to apply for
[13:01:31] [Client thread/INFO]: [CHAT] [ADMIN] 0SKS0 [STA]: and 4 senior recs
[13:01:34] [Client thread/INFO]: [CHAT] mrlazerbird : /t video What's the IP for FreedomOP?
[13:01:34] [Client thread/INFO]: [CHAT] [mrlazerbird -> me] What's the IP for FreedomOP?
[13:01:35] [Client thread/INFO]: [CHAT] [ADMIN] 0SKS0 [STA]: no biggie
[13:01:38] [Client thread/INFO]: [CHAT] Programgamer3479 joined the game.
[13:01:38] [Client thread/INFO]: [CHAT] Welcome Programgamer3479 to the server!
[13:01:41] [Client thread/INFO]: [CHAT] [ADMIN] AnnikaKhot [SA]: Wow.
[13:01:43] [Client thread/INFO]: [CHAT] tehumbreon - Opping Programgamer3479
[13:01:43] [Client thread/INFO]: [CHAT] *  Dr_Ballistic is now AFK.
[13:01:44] [Client thread/INFO]: [CHAT] [ADMIN] VideoGameSmash12 [STA]: SUPER VIDEO STATUS
[13:01:44] [Client thread/INFO]: [CHAT] *  Grenos is now AFK.
[13:01:44] [Client thread/INFO]: [CHAT] *  Dr_Ballistic is no longer AFK.
[13:01:50] [Client thread/INFO]: [CHAT] TheGoldenGears joined the game.
[13:01:57] [Client thread/INFO]: [CHAT] < PinkyPie> hi
[13:02:05] [Client thread/INFO]: [CHAT] mrlazerbird : /t video What's the IP for FreedomOP?
[13:02:05] [Client thread/INFO]: [CHAT] [mrlazerbird -> me] What's the IP for FreedomOP?
[13:02:09] [Client thread/INFO]: [CHAT] <EthanPlayz> fuck
[13:02:13] [Client thread/INFO]: [CHAT] <EthanPlayz> im laaaaguinig
[13:02:14] [Client thread/INFO]: [CHAT] EthanPlayz left the game.
[13:02:23] [Client thread/INFO]: [CHAT] <suntan> well fuck
[13:02:24] [Client thread/INFO]: [CHAT] H_O_M_E_R left the game.
[13:02:25] [Client thread/INFO]: [CHAT] tehumbreon : /msg MrPerson660 tp
[13:02:31] [Client thread/INFO]: [CHAT] <suntan> i screwed this up bad
[13:02:34] [Client thread/INFO]: [CHAT] <ningax120> .
[13:02:36] [Client thread/INFO]: [CHAT] RobinGall2910 joined the game.
[13:02:44] [Client thread/INFO]: [CHAT] 0SKS0 left the game.
[13:02:44] [Client thread/INFO]: [CHAT] MrPerson660 : /r what is it?
[13:02:52] [Client thread/INFO]: [CHAT] <minecraft888dude> how do u protect
[13:02:55] [Client thread/INFO]: [CHAT] RobinGall2910 left the game.
[13:02:57] [Client thread/INFO]: [CHAT] tehumbreon : /r minecraft888dude placed like 5 spawners
[13:03:01] [Client thread/INFO]: [CHAT] ningax120 : /msg annika are we friends
[13:03:06] [Client thread/INFO]: [CHAT] MrPerson660 : /r are they causing you lag?
[13:03:10] [Client thread/INFO]: [CHAT]  AnnikaKhot : /r Um... not really...
[13:03:17] [Client thread/INFO]: [CHAT] H_O_M_E_R joined the game.
[13:03:19] [Client thread/INFO]: [CHAT] tehumbreon : /r Wait, my bad
[13:03:27] [Client thread/INFO]: [CHAT] tehumbreon : /R Sorry for the disruption
[13:03:33] [Client thread/INFO]: [CHAT] tehumbreon : /r They don't work :D
[13:03:56] [Client thread/INFO]: [CHAT] <Programgamer3479> they said it was a ssundee server
[13:04:09] [Client thread/INFO]: [CHAT] <suntan> what was
[13:04:16] [Client thread/INFO]: [CHAT] <minecraft888dude> how do u get heads?
[13:04:20] [Client thread/INFO]: [CHAT] sammygal35 joined the game.
[13:04:23] [Client thread/INFO]: [CHAT] TheGoldenGears left the game.
[13:04:25] [Client thread/INFO]: [CHAT] <sammygal35> erm
[13:04:26] [Client thread/INFO]: [CHAT] <[Super Admin] MrPerson660> use /i head:3 1 player:playername
[13:04:28] [Client thread/INFO]: [CHAT] <[Super Admin] AnnikaKhot> Do /i head:3 1 player:<username>
[13:04:28] [Client thread/INFO]: [CHAT] <thegaming101> ./skull [Username]
[13:04:33] [Client thread/INFO]: [CHAT] <suntan> its /i head:3 1 player:<playername>
[13:04:38] [Client thread/INFO]: [CHAT] justindu12 joined the game.
[13:04:38] [Client thread/INFO]: [CHAT] Welcome justindu12 to the server!
[13:04:38] [Client thread/INFO]: [CHAT] *  Grenos is no longer AFK.
[13:04:39] [Client thread/INFO]: [CHAT] [ADMIN] Grenos [SA]: Sorry.
[13:04:44] [Client thread/INFO]: [CHAT] Arrianna2460 joined the game.
[13:04:44] [Client thread/INFO]: [CHAT] Welcome Arrianna2460 to the server!
[13:04:46] [Client thread/INFO]: [CHAT] [ADMIN] Grenos [SA]: 'Twas afk for a sec
[13:04:48] [Client thread/INFO]: [CHAT] AnnikaKhot - Opping all players on the server
[13:04:48] [Client thread/INFO]: [CHAT] You are now op!
[13:05:00] [Client thread/INFO]: [CHAT] <Arrianna2460> Damn
[13:05:01] [Client thread/INFO]: [CHAT] MCminecraft2500 used a forbidden WorldEdit block type: lever
[13:05:15] [Client thread/INFO]: [CHAT] lanz13 joined the game.
[13:05:21] [Client thread/INFO]: [CHAT] <Arrianna2460> Does Jumpeh ever even go on TF anymore?
[13:05:25] [Client thread/INFO]: [CHAT] < The_King> why am i get banned??
[13:05:27] [Client thread/INFO]: [CHAT] Bran joined the game.
[13:05:27] [Client thread/INFO]: [CHAT] Welcome Bran to the server!
[13:05:28] [Client thread/INFO]: [CHAT] Bran left the game.
[13:05:29] [Client thread/INFO]: [CHAT] matt260401 joined the game.
[13:05:34] [Client thread/INFO]: [CHAT] Bran joined the game.
[13:05:35] [Client thread/INFO]: [CHAT] Bran left the game.
[13:05:44] [Client thread/INFO]: [CHAT] Pandas_plays_MC used a forbidden WorldEdit block type: lava
[13:05:46] [Client thread/INFO]: [CHAT] MCminecraft2500 left the game.
[13:05:49] [Client thread/INFO]: [CHAT] Arrianna2460 left the game.
[13:05:49] [Client thread/INFO]: [CHAT] <thegaming101> minecraft888dude can u build somewhere else
[13:05:50] [Client thread/INFO]: [CHAT] Descat98 joined the game.
[13:05:50] [Client thread/INFO]: [CHAT] Welcome Descat98 to the server!
[13:05:51] [Client thread/INFO]: [CHAT] Descat98 left the game.
[13:05:54] [Client thread/INFO]: [CHAT] [ADMIN] VideoGameSmash12 [STA]: I'm applying for giant admin
[13:05:55] [Client thread/INFO]: [CHAT] matt260401 - Opping Pandas_plays_MC
[13:05:58] [Client thread/INFO]: [CHAT] [ADMIN] AnnikaKhot [SA]: lol
[13:06:03] [Client thread/INFO]: [CHAT] <[PopStar] ArianaGrande> ee
[13:06:08] [Client thread/INFO]: [CHAT] justindu12 - Opping justindu12
[13:06:12] [Client thread/INFO]: [CHAT] [ADMIN] VideoGameSmash12 [STA]: mario is recommending me
[13:06:14] [Client thread/INFO]: [CHAT] [ADMIN] Grenos [SA]: I'm applying for Super Super Admin.
[13:06:16] [Client thread/INFO]: [CHAT] [ADMIN] VideoGameSmash12 [STA]: and so is luigi
[13:06:17] [Client thread/INFO]: [CHAT] <suntan> lanz what did you do
[13:06:22] [Client thread/INFO]: [CHAT] EmbzenGamer joined the game.
[13:06:22] [Client thread/INFO]: [CHAT] Welcome EmbzenGamer to the server!
[13:06:24] [Client thread/INFO]: [CHAT] aggelosQQ - Opping all players on the server
[13:06:24] [Client thread/INFO]: [CHAT] You are now op!
[13:06:26] [Client thread/INFO]: [CHAT] ningax120 left the game.
[13:06:27] [Client thread/INFO]: [CHAT] < The_King> spawn a tower of pigs
[13:06:29] [Client thread/INFO]: [CHAT] <[PopStar] ArianaGrande> kill my heart
[13:06:32] [Client thread/INFO]: [CHAT] tsamp2000 left the game.
[13:06:33] [Client thread/INFO]: [CHAT] [ADMIN] Grenos [SA]: No one has recommended me for Super Super Admin.
[13:06:36] [Client thread/INFO]: [CHAT] < The_Qween> Someone is Grifeing
[13:06:42] [Client thread/INFO]: [CHAT] <[PopStar] ArianaGrande> were
[13:06:44] [Client thread/INFO]: [CHAT] tehumbreon - Opping EmbzenGamer
[13:06:48] [Client thread/INFO]: [CHAT] <suntan> cohlint tp to me
[13:06:49] [Client thread/INFO]: [CHAT] <[Super Admin] AnnikaKhot> ahh going afk meh cat is in front og tyhr screen
[13:06:54] [Client thread/INFO]: [CHAT] <tehumbreon> lol
[13:06:55] [Client thread/INFO]: [CHAT] <[?YouTuber?] Dr_Ballistic> lol ariamagrande
[13:06:57] [Client thread/INFO]: [CHAT] <sammygal35> xD
[13:07:02] [Client thread/INFO]: [CHAT] <[?YouTuber?] Dr_Ballistic> LOL
[13:07:04] [Client thread/INFO]: [CHAT] Warning: tsamp2000 is an admin, but is using an account not registered to one of their ip-list.
[13:07:04] [Client thread/INFO]: [CHAT] tsamp2000 is an OP
[13:07:04] [Client thread/INFO]: [CHAT] tsamp2000 joined the game.
[13:07:07] [Client thread/INFO]: [CHAT] cohlint has been a VERY naughty, naughty boy.
[13:07:07] [Client thread/INFO]: [CHAT] Banning: cohlint, IP: 173.76.*.*.
[13:07:07] [Client thread/INFO]: [CHAT] cohlint left the game.
[13:07:16] [Client thread/INFO]: [CHAT] * mrlazerbird is now AFK.
[13:07:20] [Client thread/INFO]: [CHAT] < The_Qween> cool Pandas_plays_MC
[13:07:22] [Client thread/INFO]: [CHAT] < Kevin> hai
[13:07:25] [Client thread/INFO]: [CHAT] < Kevin> thx
[13:07:29] [Client thread/INFO]: [CHAT] aggelosQQ left the game.
[13:07:35] [Client thread/INFO]: [CHAT] < Kevin> i need enough room for the redstone so....s
[13:07:38] [Client thread/INFO]: [CHAT] Rhyper419 joined the game.
[13:07:39] [Client thread/INFO]: [CHAT] <[Super Admin] Grenos> mrlazerbird: NOTICE ME
[13:07:42] [Client thread/INFO]: [CHAT] <Rhyper419> hello
[13:07:43] [Client thread/INFO]: [CHAT] <suntan> elohel523 tp to me i finished the door
[13:07:44] [Client thread/INFO]: [CHAT] [ADMIN] Grenos [SA]: crap
[13:07:47] [Client thread/INFO]: [CHAT] [ADMIN] Grenos [SA]: Dammit
[13:07:53] [Client thread/INFO]: [CHAT] [ADMIN] Grenos [SA]: ./o...
[13:07:54] [Client thread/INFO]: [CHAT] Xendum joined the game.
[13:07:54] [Client thread/INFO]: [CHAT] Welcome Xendum to the server!
[13:07:57] [Client thread/INFO]: [CHAT] Stormed14490 left the game.
[13:07:58] [Client thread/INFO]: [CHAT] <Programgamer3479> i have lanceypooh s head
[13:08:00] [Client thread/INFO]: [CHAT] <suntan> watch the wall
[13:08:01] [Client thread/INFO]: [CHAT] [ADMIN] Grenos [SA]: I failed....
[13:08:07] [Client thread/INFO]: [CHAT] <suntan> wtf
[13:08:10] [Client thread/INFO]: [CHAT] [ADMIN] Grenos [SA]: xD
[13:08:11] [Client thread/INFO]: [CHAT] <suntan> damnit
[13:08:13] [Client thread/INFO]: [CHAT] <Rhyper419> is chrissy on?
[13:08:15] [Client thread/INFO]: [CHAT] <tehumbreon> test
[13:08:16] [Client thread/INFO]: [CHAT] < Lancey> hi
[13:08:16] [Client thread/INFO]: [CHAT] <Rhyper419> or no
[13:08:30] [Client thread/INFO]: [CHAT] H_O_M_E_R left the game.
[13:08:33] [Client thread/INFO]: [CHAT] <Rhyper419> i take that as a no, bye
[13:08:33] [Client thread/INFO]: [CHAT] MinecraftByZyczu joined the game.
[13:08:34] [Client thread/INFO]: [CHAT] H_O_M_E_R joined the game.
[13:08:34] [Client thread/INFO]: [CHAT] Welcome MinecraftByZyczu to the server!
[13:08:34] [Client thread/INFO]: [CHAT] Rhyper419 left the game.
[13:08:34] [Client thread/INFO]: [CHAT] *  ArianaGrande HI HI HI
[13:08:38] [Client thread/INFO]: [CHAT] MrPerson660 - Opping all players on the server
[13:08:38] [Client thread/INFO]: [CHAT] You are now op!
[13:08:39] [Client thread/INFO]: [CHAT] <suntan> elohel523 now try
[13:08:42] [Client thread/INFO]: [CHAT] MinecraftByZyczu - Opping minecraft888dude
[13:08:49] [Client thread/INFO]: [CHAT] MinecraftByZyczu - Opping MinecraftByZyczu
[13:08:50] [Client thread/INFO]: [CHAT] <[PopStar] ArianaGrande> guess what im saying
[13:08:52] [Client thread/INFO]: [CHAT] *  The_Qween is now AFK.
[13:08:53] [Client thread/INFO]: [CHAT] <MinecraftByZyczu> .
[13:08:56] [Client thread/INFO]: [CHAT] * minecraft888dude is now AFK.
[13:08:57] [Client thread/INFO]: [CHAT] * minecraft888dude is no longer AFK.
[13:08:59] [Client thread/INFO]: [CHAT] <[PopStar] ArianaGrande> now
[13:09:00] [Client thread/INFO]: [CHAT] tsamp2000 left the game.
[13:09:05] [Client thread/INFO]: [CHAT] <suntan> lanz watch the wall
[13:09:11] [Client thread/INFO]: [CHAT] < The_King> why theres redstonE??
[13:09:16] [Client thread/INFO]: [CHAT] RobinGall2910 joined the game.
[13:09:16] [Client thread/INFO]: [CHAT] < The_King> kk watching
[13:09:20] [Client thread/INFO]: [CHAT] aggelosQQ is a Super Telnet Admin
[13:09:20] [Client thread/INFO]: [CHAT] aggelosQQ joined the game.
[13:09:21] [Client thread/INFO]: [CHAT] <suntan> like taht
[13:09:25] [Client thread/INFO]: [CHAT] Xendum used a forbidden WorldEdit block type: tnt
[13:09:31] [Client thread/INFO]: [CHAT] < The_King> this is for what?
[13:09:32] [Client thread/INFO]: [CHAT] <suntan> hidden
[13:09:35] [Client thread/INFO]: [CHAT] <suntan> uh
[13:09:36] [Client thread/INFO]: [CHAT] <MinecraftByZyczu> add to me Super Telnet Admin please
[13:09:38] [Client thread/INFO]: [CHAT] < The_King> tresure
[13:09:40] [Client thread/INFO]: [CHAT] <RobinGall2910> Nu.
[13:09:42] [Client thread/INFO]: [CHAT] <suntan> cault>
[13:09:42] [Client thread/INFO]: [CHAT] <[PopStar] ArianaGrande> looc si enirboreh
[13:09:42] [Client thread/INFO]: [CHAT] Ryusagez is a Super Admin and also ValexHD
[13:09:42] [Client thread/INFO]: [CHAT] Ryusagez joined the game.
[13:09:47] [Client thread/INFO]: [CHAT] <[Super Admin] Ryusagez> Hai
[13:09:47] [Client thread/INFO]: [CHAT] <suntan> vault?
[13:09:48] [Client thread/INFO]: [CHAT] [ADMIN] Grenos [SA]: Hey ryu :D
[13:09:54] [Client thread/INFO]: [CHAT] EmbzenGamer used a forbidden WorldEdit block type: tnt
[13:09:57] [Client thread/INFO]: [CHAT] <RobinGall2910> Ohei Ryu
[13:09:59] [Client thread/INFO]: [CHAT] <justindu12> the command /potion is buged ?? WHO IT WORK IM RAGING !
[13:10:02] [Client thread/INFO]: [CHAT] <suntan> minecraft888dude stop fucking tp'ing me to spawn!!!!
[13:10:03] [Client thread/INFO]: [CHAT] minecraft888dude : /msg Ryusagez how do u get admin
[13:10:10] [Client thread/INFO]: [CHAT] Parchmanrock joined the game.
[13:10:10] [Client thread/INFO]: [CHAT] Welcome Parchmanrock to the server!
[13:10:16] [Client thread/INFO]: [CHAT] <minecraft888dude> im not tping
[13:10:17] [Client thread/INFO]: [CHAT] tehumbreon - Opping Parchmanrock
[13:10:21] [Client thread/INFO]: [CHAT]  RyuXD : /r Apply on the website, http://totalfreedom.boards.net Use the according template
[13:10:24] [Client thread/INFO]: [CHAT] sammygal35 left the game.
[13:10:25] [Client thread/INFO]: [CHAT] <MinecraftByZyczu> add to me Super Telnet Admin please :(
[13:10:27] [Client thread/INFO]: [CHAT] <suntan> yes you were fucker
[13:10:29] [Client thread/INFO]: [CHAT] <Parchmanrock> thx
[13:10:31] [Client thread/INFO]: [CHAT] <[Super Admin] MrPerson660> MinecraftByZyczu dont try to change my gamemode
[13:10:32] [Client thread/INFO]: [CHAT] <Rayquaza239> no
[13:10:34] [Client thread/INFO]: [CHAT] RobinGall2910 left the game.
[13:10:36] [Client thread/INFO]: [CHAT] <Rayquaza239> do .ai
[13:10:40] [Client thread/INFO]: [CHAT] < The_King> Dr_Ballistic wat is in your inv
[13:10:44] [Client thread/INFO]: [CHAT] Grenos - Opping all players on the server
[13:10:44] [Client thread/INFO]: [CHAT] You are now op!
[13:10:44] [Client thread/INFO]: [CHAT] <[PopStar] ArianaGrande> .ai
[13:10:47] [Client thread/INFO]: [CHAT] <[Super Admin] AnnikaKhot> back from petting meh cat
[13:10:50] [Client thread/INFO]: [CHAT] <Parchmanrock> awesome
[13:10:55] [Client thread/INFO]: [CHAT] <[Super Admin] Grenos> Firstly, no. Secondly, do /ai for admin info.
[13:11:12] [Client thread/INFO]: [CHAT] Xendum used a forbidden WorldEdit block type: tnt
[13:11:12] [Client thread/INFO]: [CHAT] < The_King> justindu12 you hav enderpearls in your inv??
[13:11:13] [Client thread/INFO]: [CHAT] <Rayquaza239> minecraft888dude leave
[13:11:21] [Client thread/INFO]: [CHAT] * VideoGameSmash12 is now AFK.
[13:11:28] [Client thread/INFO]: [CHAT] Squiduin left the game.
[13:11:28] [Client thread/INFO]: [CHAT] < The_King> justindu12 you hav enderpearls in your inv???
[13:11:32] [Client thread/INFO]: [CHAT] <minecraft888dude> how do u protect
[13:11:35] [Client thread/INFO]: [CHAT] skyjohn211 joined the game.
[13:11:37] [Client thread/INFO]: [CHAT] <justindu12> Yes Why ?
[13:11:38] [Client thread/INFO]: [CHAT] <thegaming101> Grenos Y R U Here
[13:11:42] [Client thread/INFO]: [CHAT] <[Super Admin] MrPerson660> only admins can protect things
[13:11:47] [Client thread/INFO]: [CHAT] <minecraft888dude> oh
[13:11:48] [Client thread/INFO]: [CHAT] <justindu12> Im going to teleport far far
[13:11:48] [Client thread/INFO]: [CHAT] <[Super Admin] Grenos> Per Request.
[13:11:56] [Client thread/INFO]: [CHAT] < Grammar> Why* Are* You*
[13:12:00] [Client thread/INFO]: [CHAT] <thegaming101> y is everyone around me
[13:12:05] [Client thread/INFO]: [CHAT] <[?YouTuber?] Dr_Ballistic> queen
[13:12:06] [Client thread/INFO]: [CHAT] <skyjohn211> hm
[13:12:10] [Client thread/INFO]: [CHAT] <thegaming101> i would like no one by me
[13:12:11] [Client thread/INFO]: [CHAT] <[Super Admin] Grenos> Thanks, Grammar xD
[13:12:11] [Client thread/INFO]: [CHAT] < The_King> u hav 3 stacks of ender pearls
[13:12:16] [Client thread/INFO]: [CHAT] <[Super Admin] AnnikaKhot> lol
[13:12:18] [Client thread/INFO]: [CHAT] < The_King> i want to kill u
[13:12:22] [Client thread/INFO]: [CHAT] <skyjohn211> xD
[13:12:24] [Client thread/INFO]: [CHAT] <justindu12> And It's a crime ? GO AWAY !
[13:12:28] [Client thread/INFO]: [CHAT] tehumbreon hit the ground too hard
[13:12:32] [Client thread/INFO]: [CHAT] lanz13 was slain by justindu12
[13:12:34] [Client thread/INFO]: [CHAT] <[?ADMIN?] MrPerson660> tag test
[13:12:39] [Client thread/INFO]: [CHAT] justindu12 has been a naughty, naughty boy.
[13:12:39] [Client thread/INFO]: [CHAT] justindu12 died
[13:12:44] [Client thread/INFO]: [CHAT] Harred10 joined the game.
[13:12:45] [Client thread/INFO]: [CHAT] Welcome Harred10 to the server!
[13:12:45] [Client thread/INFO]: [CHAT] [Server:AnnikaKhot] No creative PvP.
[13:12:51] [Client thread/INFO]: [CHAT]  The_King : /msg elohel523 op me
[13:12:53] [Client thread/INFO]: [CHAT] <suntan> open the door
[13:12:55] [Client thread/INFO]: [CHAT] tehumbreon - Opping Harred10
[13:13:04] [Client thread/INFO]: [CHAT] darkkiller244 joined the game.
[13:13:05] [Client thread/INFO]: [CHAT] <Xendum> what happen
[13:13:06] [Client thread/INFO]: [CHAT] darkkiller244 left the game.
[13:13:06] [Client thread/INFO]: [CHAT] Grenos - Rolling back player: EmbzenGamer
[13:13:07] [Client thread/INFO]: [CHAT]  The_King : /msg suntan op me
[13:13:12] [Client thread/INFO]: [CHAT] <Parchmanrock> who wasnts to build a nice base
[13:13:13] [Client thread/INFO]: [CHAT] AnnikaKhot - Opping all players on the server
[13:13:13] [Client thread/INFO]: [CHAT] You are now op!
[13:13:13] [Client thread/INFO]: [CHAT] Grenos - Reverting rollback for player: EmbzenGamer
[13:13:14] [Client thread/INFO]: [CHAT] lanz13 - Opping lanz13
[13:13:15] [Client thread/INFO]: [CHAT] suntan - Opping lanz13
[13:13:17] [Client thread/INFO]: [CHAT] <justindu12> WHY YOU Killed ME ? Im deoped !!!
[13:13:20] [Client thread/INFO]: [CHAT] EmbzenGamer has been a VERY naughty, naughty boy.
[13:13:21] [Client thread/INFO]: [CHAT] Banning: EmbzenGamer, IP: 88.192.*.*.
[13:13:21] [Client thread/INFO]: [CHAT] EmbzenGamer left the game.
[13:13:24] [Client thread/INFO]: [CHAT] Parchmanrock - Opping justindu12
[13:13:26] [Client thread/INFO]: [CHAT] < The_King> xD
[13:13:30] [Client thread/INFO]: [CHAT] Grenos - Opping all players on the server
[13:13:30] [Client thread/INFO]: [CHAT] You are now op!
[13:13:30] [Client thread/INFO]: [CHAT] <BEAST H_O_M_E_R> .
[13:13:32] [Client thread/INFO]: [CHAT] <thegaming101> minecraft888dude is bothering me
[13:13:34] [Client thread/INFO]: [CHAT] < The_King> because u killed me in creatie
[13:13:38] [Client thread/INFO]: [CHAT] < The_King> because u killed me in creative
[13:13:40] [Client thread/INFO]: [CHAT] <suntan> Dr_Ballistic do you like that?
[13:13:41] [Client thread/INFO]: [CHAT] dutchkillertje joined the game.
[13:13:43] [Client thread/INFO]: [CHAT] <suntan> i made it
[13:13:44] [Client thread/INFO]: [CHAT] <[?YouTuber?] Dr_Ballistic> yes
[13:13:45] [Client thread/INFO]: [CHAT] darkkiller244 joined the game.
[13:13:49] [Client thread/INFO]: [CHAT] mdlp0716 joined the game.
[13:13:55] [Client thread/INFO]: [CHAT] * VideoGameSmash12 is no longer AFK.
[13:13:55] [Client thread/INFO]: [CHAT] [ADMIN] VideoGameSmash12 [STA]: http://totalfreedom.boards.net/thread/13578/giant-admin-app
[13:13:56] [Client thread/INFO]: [CHAT] <mdlp0716> guys
[13:13:56] [Client thread/INFO]: [CHAT] <{BEAST} H_O_M_E_R> ..
[13:14:00] [Client thread/INFO]: [CHAT] Parchmanrock : /msg justindu12 wanna nuild a nice basee sky base
[13:14:03] [Client thread/INFO]: [CHAT] <suntan> no &o
[13:14:06] [Client thread/INFO]: [CHAT] <mdlp0716> guys is the mubmle server still available?
[13:14:07] [Client thread/INFO]: [CHAT] Parchmanrock : /r build
[13:14:08] [Client thread/INFO]: [CHAT] H_O_M_E_R left the game.
[13:14:12] [Client thread/INFO]: [CHAT] <mdlp0716> mumble*
[13:14:15] [Client thread/INFO]: [CHAT] < MaxAMillion> Heeey
[13:14:15] [Client thread/INFO]: [CHAT] <justindu12> the king you are going to kill me so im defend me debil
[13:14:15] [Client thread/INFO]: [CHAT] <dutchkillertje> can i have op
[13:14:17] [Client thread/INFO]: [CHAT] Parchmanrock : /r ?
[13:14:19] [Client thread/INFO]: [CHAT] <dutchkillertje> ?
[13:14:21] [Client thread/INFO]: [CHAT] * aggelosQQ is now AFK.
[13:14:23] [Client thread/INFO]: [CHAT] tehumbreon - Opping dutchkillertje
[13:14:23] [Client thread/INFO]: [CHAT] * mrlazerbird is no longer AFK.
[13:14:23] [Client thread/INFO]: [CHAT] mrlazerbird - Opping dutchkillertje
[13:14:24] [Client thread/INFO]: [CHAT] < MaxAMillion> nu
[13:14:26] [Client thread/INFO]: [CHAT] <dutchkillertje> thx ;D
[13:14:29] [Client thread/INFO]: [CHAT] [ADMIN] AnnikaKhot [SA]: xD you actually posted it?
[13:14:32] [Client thread/INFO]: [CHAT] MlHopper joined the game.
[13:14:32] [Client thread/INFO]: [CHAT] mdlp0716 : /msg Grenos is the mubmle server still in use?
[13:14:34] [Client thread/INFO]: [CHAT] MinecraftByZyczu left the game.
[13:14:34] [Client thread/INFO]: [CHAT] < The_King> who knows //thru
[13:14:36] [Client thread/INFO]: [CHAT] <matt260401> what ya doing minecraft888dude
[13:14:38] [Client thread/INFO]: [CHAT] <[?YouTuber?] Dr_Ballistic> me
[13:14:41] [Client thread/INFO]: [CHAT] dutchkillertje has been a naughty, naughty boy.
[13:14:41] [Client thread/INFO]: [CHAT] dutchkillertje was slain by Wither
[13:14:45] [Client thread/INFO]: [CHAT] MrPerson660 - Removing all server entities.
[13:14:46] [Client thread/INFO]: [CHAT] <dutchkillertje> whut
[13:14:47] [Client thread/INFO]: [CHAT] < MaxAMillion> I know every command in the world
[13:14:49] [Client thread/INFO]: [CHAT] Parchmanrock : /r :(
[13:14:50] [Client thread/INFO]: [CHAT] [Server:AnnikaKhot] Don't spam commands and do not spawn withers.
[13:14:52] [Client thread/INFO]: [CHAT] [Server:MrPerson660] Dont spam commands, and No Withers!
[13:14:55] [Client thread/INFO]: [CHAT] <[Super Admin] Grenos> I replied
[13:14:55] [Client thread/INFO]: [CHAT] < question> Let me see if i get this. He's gonna kill a king... or you? you're a defend? what is debil?
[13:15:00] [Client thread/INFO]: [CHAT] < The_King> ok
[13:15:03] [Client thread/INFO]: [CHAT] < MaxAMillion> Can we spawn the ender dragon?>
[13:15:03] [Client thread/INFO]: [CHAT] <dutchkillertje> okay sorry :P
[13:15:07] [Client thread/INFO]: [CHAT] MrPerson660 - Opping all players on the server
[13:15:07] [Client thread/INFO]: [CHAT] You are now op!
[13:15:07] [Client thread/INFO]: [CHAT] <[?YouTuber?] Dr_Ballistic> core of the castle suntan
[13:15:08] [Client thread/INFO]: [CHAT] <[Super Admin] AnnikaKhot> No.
[13:15:09] [Client thread/INFO]: [CHAT] [ADMIN] Grenos [SA]: I replied to your Giant Admin application
[13:15:09] [Client thread/INFO]: [CHAT] mrlazerbird - Opping dutchkillertje
[13:15:10] [Client thread/INFO]: [CHAT] < The_King> lol no
[13:15:14] [Client thread/INFO]: [CHAT] [ADMIN] Ryusagez [SA]: I don't even
[13:15:15] [Client thread/INFO]: [CHAT] < MaxAMillion> they said withers .-.
[13:15:18] [Client thread/INFO]: [CHAT] <dutchkillertje> Xd
[13:15:21] [Client thread/INFO]: [CHAT] [ADMIN] Grenos [SA]: Can you not even?
[13:15:23] [Client thread/INFO]: [CHAT] <justindu12> IF I have 3 stack of enderpearl: IT'S A CRIME ???
[13:15:23] [Client thread/INFO]: [CHAT] <suntan> yep\
[13:15:27] [Client thread/INFO]: [CHAT] [ADMIN] Ryusagez [SA]: I won't even
[13:15:28] [Client thread/INFO]: [CHAT] < Joshpixie> t
[13:15:29] [Client thread/INFO]: [CHAT] zBlackCreeper81 joined the game.
[13:15:34] [Client thread/INFO]: [CHAT] [ADMIN] Grenos [SA]: But can you even?
[13:15:36] [Client thread/INFO]: [CHAT] <suntan> lanz13 like it?
[13:15:37] [Client thread/INFO]: [CHAT] H_O_M_E_R joined the game.
[13:15:40] [Client thread/INFO]: [CHAT] <zBlackCreeper81> who wants to join my kitpvp/OPkitpvp server
[13:15:40] [Client thread/INFO]: [CHAT] darkkiller244 left the game.
[13:15:41] [Client thread/INFO]: [CHAT] [ADMIN] Ryusagez [SA]: I can even
[13:15:45] [Client thread/INFO]: [CHAT] [ADMIN] AnnikaKhot [SA]: lol
[13:15:46] [Client thread/INFO]: [CHAT] <SwagPVPer Joshpixie> :D
[13:15:49] [Client thread/INFO]: [CHAT] <dutchkillertje> i
[13:15:53] [Client thread/INFO]: [CHAT] [ADMIN] Ryusagez [SA]: plot twist
[13:15:53] [Client thread/INFO]: [CHAT] [ADMIN] Grenos [SA]: Good to know because I can't even.
[13:15:57] [Client thread/INFO]: [CHAT] <zBlackCreeper81> EpicMC.g-s.nu
[13:15:59] [Client thread/INFO]: [CHAT] [ADMIN] Grenos [SA]: dun dun dun
[13:16:00] [Client thread/INFO]: [CHAT] [ADMIN] Ryusagez [SA]: Will you even?
[13:16:02] [Client thread/INFO]: [CHAT] zBlackCreeper81 left the game.
[13:16:04] [Client thread/INFO]: [CHAT] [ADMIN] Grenos [SA]: I will never evn
[13:16:06] [Client thread/INFO]: [CHAT] [ADMIN] Grenos [SA]: *even
[13:16:10] [Client thread/INFO]: [CHAT] [ADMIN] Ryusagez [SA]: I don't even
[13:16:10] [Client thread/INFO]: [CHAT] 0sportguy0 is a Super Telnet Admin and a Soccer Player
[13:16:10] [Client thread/INFO]: [CHAT] 0sportguy0 joined the game.
[13:16:14] [Client thread/INFO]: [CHAT] <mdlp0716> 0sportguy0
[13:16:19] [Client thread/INFO]: [CHAT] [ADMIN] Grenos [SA]: But will you even?
[13:16:20] [Client thread/INFO]: [CHAT] <[Telnet Admin] 0sportguy0> ?
[13:16:21] [Client thread/INFO]: [CHAT] <mdlp0716> is the mumble server running?
[13:16:23] [Client thread/INFO]: [CHAT] [ADMIN] Ryusagez [SA]: Soccer isn't a sport, it's a theatrical activity
[13:16:24] [Client thread/INFO]: [CHAT] < The_King> close the door
[13:16:26] [Client thread/INFO]: [CHAT] <mrlazerbird> 0sportguy0 I'm #bored
[13:16:27] [Client thread/INFO]: [CHAT] <[Telnet Admin] 0sportguy0> I dont know.
[13:16:31] [Client thread/INFO]: [CHAT] tehumbreon left the game.
[13:16:32] [Client thread/INFO]: [CHAT] <suntan> lel
[13:16:32] [Client thread/INFO]: [CHAT] 0sportguy0 - Opping all players on the server
[13:16:32] [Client thread/INFO]: [CHAT] You are now op!
[13:16:34] [Client thread/INFO]: [CHAT] [ADMIN] Grenos [SA]: Soccer is not a sport, it's a joke.
[13:16:38] [Client thread/INFO]: [CHAT] [ADMIN] Ryusagez [SA]: Ouch
[13:16:42] [Client thread/INFO]: [CHAT] <mrlazerbird> 0sportguy0 I'm #bored XD
[13:16:43] [Client thread/INFO]: [CHAT] [ADMIN] Grenos [SA]: Boom.
[13:16:46] [Client thread/INFO]: [CHAT] [ADMIN] 0sportguy0 [STA]: Yeah.. Stfy.
[13:16:47] [Client thread/INFO]: [CHAT] [ADMIN] VideoGameSmash12 [STA]: guys i just applied for jiant admin
[13:16:47] [Client thread/INFO]: [CHAT] dutchkillertje used a forbidden WorldEdit block type: lava
[13:16:49] [Client thread/INFO]: [CHAT] [ADMIN] 0sportguy0 [STA]: *Stfu
[13:16:52] [Client thread/INFO]: [CHAT] <justindu12> WHO the Command /potion is IS NOT WORK this shit !
[13:16:54] [Client thread/INFO]: [CHAT] < The_King> HELP
[13:16:56] [Client thread/INFO]: [CHAT] [ADMIN] 0sportguy0 [STA]: :P
[13:16:57] [Client thread/INFO]: [CHAT] <Xendum> why Embzen gamer get ban?
[13:16:58] [Client thread/INFO]: [CHAT] [ADMIN] Grenos [SA]: I don't like soccer -_-
[13:16:59] [Client thread/INFO]: [CHAT] < The_King> im stuck
[13:17:01] [Client thread/INFO]: [CHAT] /potion <list | clear [target name] | add <type> <duration> <amplifier> [target name]>
[13:17:01] [Client thread/INFO]: [CHAT] <thegaming101> it works
[13:17:02] [Client thread/INFO]: [CHAT] [ADMIN] Grenos [SA]: I vouched
[13:17:02] [Client thread/INFO]: [CHAT] <mdlp0716> do /potion list justindu12
[13:17:04] [Client thread/INFO]: [CHAT] < The_King> nvm
[13:17:04] [Client thread/INFO]: [CHAT] [ADMIN] 0sportguy0 [STA]: Idc
[13:17:08] [Client thread/INFO]: [CHAT] dutchkillertje left the game.
[13:17:12] [Client thread/INFO]: [CHAT] <mdlp0716> so you can see the list of potions
[13:17:16] [Client thread/INFO]: [CHAT] capt_DJ joined the game.
[13:17:17] [Client thread/INFO]: [CHAT] Welcome capt_DJ to the server!
[13:17:17] [Client thread/INFO]: [CHAT] <[?YouTuber?] Dr_Ballistic> suntan
[13:17:20] [Client thread/INFO]: [CHAT] < question2> Who the command? is is not work?
[13:17:21] [Client thread/INFO]: [CHAT] <suntan> yes
[13:17:24] [Client thread/INFO]: [CHAT] [ADMIN] 0sportguy0 [STA]: I OBJECTED. jk. Wat are we talking about
[13:17:31] [Client thread/INFO]: [CHAT] aggelosQQ left the game.
[13:17:33] [Client thread/INFO]: [CHAT] <justindu12> and ? why aply this potion to me ??? mdlp0716
[13:17:33] [Client thread/INFO]: [CHAT] <[?YouTuber?] Dr_Ballistic> can u help me worldedit fix something
[13:17:35] [Client thread/INFO]: [CHAT] < The_King> close it pls
[13:17:38] [Client thread/INFO]: [CHAT] [ADMIN] Grenos [SA]: He created a parody admin application
[13:17:40] [Client thread/INFO]: [CHAT] <suntan> certainly
[13:17:42] [Client thread/INFO]: [CHAT] [ADMIN] Grenos [SA]: I think..
[13:17:43] [Client thread/INFO]: [CHAT] <mdlp0716> what
[13:17:47] [Client thread/INFO]: [CHAT] <Xendum> Unban EmbzenGamer please
[13:17:49] [Client thread/INFO]: [CHAT] < The_King> im out
[13:17:49] [Client thread/INFO]: [CHAT] H_O_M_E_R left the game.
[13:17:51] [Client thread/INFO]: [CHAT] <mdlp0716> wait what do u need help with in /potion
[13:17:59] [Client thread/INFO]: [CHAT] <SwagPVPer Joshpixie> ./speed 10
[13:18:03] [Client thread/INFO]: [CHAT] [ADMIN] Ryusagez [SA]: Robolawrence just made my day
[13:18:04] [Client thread/INFO]: [CHAT] <[?YouTuber?] Dr_Ballistic> i screwed it up D:
[13:18:04] [Client thread/INFO]: [CHAT] Harred10 - Opping capt_DJ
[13:18:13] [Client thread/INFO]: [CHAT] <suntan> wow
[13:18:13] [Client thread/INFO]: [CHAT] [ADMIN] Ryusagez [SA]: "No patrick, mayonnaise is not an instrument."
[13:18:14] [Client thread/INFO]: [CHAT] <SwagPVPer Joshpixie> :D
[13:18:14] [Client thread/INFO]: [CHAT] [ADMIN] Grenos [SA]: Wait so created your day?
[13:18:14] [Client thread/INFO]: [CHAT] [Server:aggelosQQ] You like the server? If yes then help us with a vote! http://minecraft-mp.com/server/51582/vote
[13:18:16] [Client thread/INFO]: [CHAT] <MlHopper> lol
[13:18:16] [Client thread/INFO]: [CHAT] <suntan> thats
[13:18:24] [Client thread/INFO]: [CHAT] <justindu12> Im go far far away with enderpearl so im going to heal me automaticaly
[13:18:25] [Client thread/INFO]: [CHAT] [ADMIN] Grenos [SA]: Wow, can he create my day as well?
[13:18:32] [Client thread/INFO]: [CHAT] [ADMIN] aggelosQQ [Console]: hey matt
[13:18:33] [Client thread/INFO]: [CHAT] [ADMIN] Ryusagez [SA]: No...just, no.
[13:18:36] [Client thread/INFO]: [CHAT] [ADMIN] aggelosQQ [Console]: /say You like the server? If yes then help us with a vote! http://minecraft-mp.com/server/51582/vote :P
[13:18:40] [Client thread/INFO]: [CHAT] [ADMIN] Ryusagez [SA]: FAIL
[13:18:41] [Client thread/INFO]: [CHAT] [ADMIN] Mattmcmatt [Console]: aggelos mark said dont announce telnet joins
[13:18:42] [Client thread/INFO]: [CHAT] [ADMIN] Ryusagez [SA]: HA
[13:18:43] [Client thread/INFO]: [CHAT] [ADMIN] Ryusagez [SA]: NUB
[13:18:44] [Client thread/INFO]: [CHAT] [ADMIN] 0sportguy0 [STA]: Hai Egg.
[13:18:48] [Client thread/INFO]: [CHAT] [ADMIN] vj13573 [Console]: I know your on Mattmcmatt ;p
[13:18:49] [Client thread/INFO]: [CHAT] Parchmanrock : /msg 0sportguy0 is greifing alowed i hope not
[13:18:51] [Client thread/INFO]: [CHAT] <SwagPVPer Mohammadcreeper> lol
[13:18:52] [Client thread/INFO]: [CHAT] [ADMIN] aggelosQQ [Console]: Hai sportivo
[13:18:54] [Client thread/INFO]: [CHAT] H_O_M_E_R joined the game.
[13:18:56] [Client thread/INFO]: [CHAT] *  The_Qween is no longer AFK.
[13:18:56] [Client thread/INFO]: [CHAT] < The_Qween> back
[13:18:59] [Client thread/INFO]: [CHAT] [ADMIN] Mattmcmatt [Console]: yeah but mark said dont do that
[13:18:59] [Client thread/INFO]: [CHAT] 0sportguy0 : /r No, no its not.
[13:19:03] [Client thread/INFO]: [CHAT] < question3> Make the syntax a little better please xD
[13:19:05] [Client thread/INFO]: [CHAT] Parchmanrock : /r :D
[13:19:06] [Client thread/INFO]: [CHAT] [ADMIN] Ryusagez [SA]: why?
[13:19:08] [Client thread/INFO]: [CHAT] < The_King> elohel523 look at me
[13:19:13] [Client thread/INFO]: [CHAT] There are 27 out of a maximum 35 players online.
[13:19:13] [Client thread/INFO]: [CHAT] Connected admins: [SA]AnnikaKhot, [SA]MrPerson660, [STA]VideoGameSmash12, [SA]Ryusagez, [STA]0sportguy0, [SA]Grenos
[13:19:20] [Client thread/INFO]: [CHAT] <SwagPVPer 11GThompson2011> :D
[13:19:27] [Client thread/INFO]: [CHAT] [ADMIN] Mattmcmatt [Console]: anyway congrats on telnet ryusages
[13:19:31] [Client thread/INFO]: [CHAT] [ADMIN] Ryusagez [SA]: Thanks
[13:19:32] [Client thread/INFO]: [CHAT] [ADMIN] 0sportguy0 [STA]: A OP just msg'ed me and asked if greifing was allowed... :l
[13:19:34] [Client thread/INFO]: [CHAT] <SwagPVPer 11GThompson2011> Hi capt_DJ
[13:19:34] [Client thread/INFO]: [CHAT] <suntan> elohel523 tp to me
[13:19:39] [Client thread/INFO]: [CHAT] <suntan> oh
[13:19:42] [Client thread/INFO]: [CHAT] < Kevin> this is gonna be really basic because water, and lava are disabled
[13:19:44] [Client thread/INFO]: [CHAT] <suntan> look at the wall
[13:19:45] [Client thread/INFO]: [CHAT] MlHopper : /m AnnikaKhot im makeing spawn
[13:19:47] [Client thread/INFO]: [CHAT] <minecraft888dude> do /warp tree
[13:19:51] [Client thread/INFO]: [CHAT] [Server:aggelosQQ] You like the server? If yes then help us with a vote! http://minecraft-mp.com/server/51582/vote
[13:19:54] [Client thread/INFO]: [CHAT] < The_Qween> cool!
[13:19:57] [Client thread/INFO]: [CHAT] <SwagPVPer xX_els_Xx> t
[13:19:58] [Client thread/INFO]: [CHAT] <suntan> i made that
[13:20:07] [Client thread/INFO]: [CHAT] [Server:Ryusagez] Even if you don't like the server vote anyway!
[13:20:07] [Client thread/INFO]: [CHAT] Xendum has been a VERY naughty, naughty boy.
[13:20:08] [Client thread/INFO]: [CHAT] Banning: Xendum, IP: 87.93.*.*.
[13:20:08] [Client thread/INFO]: [CHAT] Xendum left the game.
[13:20:13] [Client thread/INFO]: [CHAT] [ADMIN] Mattmcmatt [Console]: whats xendum doing
[13:20:16] [Client thread/INFO]: [CHAT] <SwagPVPer Harred20> ;D
[13:20:17] [Client thread/INFO]: [CHAT] < Kevin> what r u doing
[13:20:27] [Client thread/INFO]: [CHAT] [ADMIN] aggelosQQ [Console]: I banned him for
[13:20:27] [Client thread/INFO]: [CHAT] <SwagPVPer Harred20> t
[13:20:28] [Client thread/INFO]: [CHAT] Rainbowlicious3 joined the game.
[13:20:29] [Client thread/INFO]: [CHAT] [ADMIN] aggelosQQ [Console]:  :[19:20:06 INFO]: WorldEdit: Xendum (in "flatlands"): /set stone - Area: 318718 (59 x 73 x 74)
[13:20:36] [Client thread/INFO]: [CHAT] [ADMIN] VideoGameSmash12 [STA]: BANNED
[13:20:38] [Client thread/INFO]: [CHAT] Joenmb joined the game.
[13:20:48] [Client thread/INFO]: [CHAT] <Joenmb> Hey
[13:20:49] [Client thread/INFO]: [CHAT] [ADMIN] 0sportguy0 [STA]: xendum is not on
[13:20:50] [Client thread/INFO]: [CHAT] [ADMIN] VideoGameSmash12 [STA]: oh no
[13:20:52] [Client thread/INFO]: [CHAT] Unknown command. Type "/help" for help.
[13:20:55] [Client thread/INFO]: [CHAT] [ADMIN] 0sportguy0 [STA]: brb
[13:20:56] [Client thread/INFO]: [CHAT] < Hey> what
[13:20:57] [Client thread/INFO]: [CHAT] 0sportguy0 left the game.
[13:20:58] [Client thread/INFO]: [CHAT] H_O_M_E_R left the game.
[13:21:01] [Client thread/INFO]: [CHAT] [ADMIN] VideoGameSmash12 [STA]: it's joe
[13:21:01] [Client thread/INFO]: [CHAT] < The_King> hi
[13:21:11] [Client thread/INFO]: [CHAT] <SwagPVPer Harred20> Hi capt_DJ
[13:21:12] [Client thread/INFO]: [CHAT] < The_Qween> It will be cool if we had a torcher machine
[13:21:17] [Client thread/INFO]: [CHAT] < The_King> elohel523 look
[13:21:20] [Client thread/INFO]: [CHAT] <suntan> torture
[13:21:22] [Client thread/INFO]: [CHAT] <Joenmb> Grief
[13:21:25] [Client thread/INFO]: [CHAT] <SwagPVPer Harred20> t
[13:21:27] [Client thread/INFO]: [CHAT] <Joenmb> It might be old
[13:21:28] [Client thread/INFO]: [CHAT] < The_Qween> wow
[13:21:34] [Client thread/INFO]: [CHAT] <[Super Admin] AnnikaKhot> It's too old
[13:21:36] [Client thread/INFO]: [CHAT] [Server:aggelosQQ] You like the server? If yes then help us with a vote! http://minecraft-mp.com/server/51582/vote
[13:21:41] [Client thread/INFO]: [CHAT] <SwagPVPer Harred20> ./enchant addall
[13:21:44] [Client thread/INFO]: [CHAT] <Joenmb> here
[13:21:46] [Client thread/INFO]: [CHAT] < The_King> help!!
[13:21:52] [Client thread/INFO]: [CHAT] [ADMIN] AnnikaKhot [SA]: It says Error 404
[13:21:58] [Client thread/INFO]: [CHAT] <Joenmb> MrPerson660 here
[13:22:03] [Client thread/INFO]: [CHAT] <Joenmb> lag?
[13:22:17] [Client thread/INFO]: [CHAT] <minecraft888dude> e
[13:22:17] [Client thread/INFO]: [CHAT] <Joenmb> LAG
[13:22:17] [Client thread/INFO]: [CHAT] <[Super Admin] AnnikaKhot> Aw great.
[13:22:17] [Client thread/INFO]: [CHAT] < zzParchzz> hi
[13:22:17] [Client thread/INFO]: [CHAT] <thegaming101> LAG!!
[13:22:17] [Client thread/INFO]: [CHAT] < Kevin> lag???
[13:22:17] [Client thread/INFO]: [CHAT] <[Super Admin] AnnikaKhot> No &k!
[13:22:17] [Client thread/INFO]: [CHAT] <Joenmb> server crash?
[13:22:17] [Client thread/INFO]: [CHAT] <skyjohn211> .
[13:22:17] [Client thread/INFO]: [CHAT] < The_King> lagg
[13:22:17] [Client thread/INFO]: [CHAT] <suntan> no &k
[13:22:17] [Client thread/INFO]: [CHAT] [Server:aggelosQQ] whoa
[13:22:17] [Client thread/INFO]: [CHAT] aggelosQQ - Purging all player data
[13:22:17] [Client thread/INFO]: [CHAT] [CONSOLE]<aggelosQQ> damnit matt
[13:22:17] [Client thread/INFO]: [CHAT] You have been given the skull of DanTDM.
[13:22:18] [Client thread/INFO]: [CHAT] matt260401 left the game.
[13:22:18] [Client thread/INFO]: [CHAT] <[?YouTuber?] Dr_Ballistic> wtf
[13:22:20] [Client thread/INFO]: [CHAT] <[?ADMIN?] MrPerson660> Parch No &k!
[13:22:21] [Client thread/INFO]: [CHAT] <thegaming101> #LagForDayz
[13:22:21] [Client thread/INFO]: [CHAT] matt260401 joined the game.
[13:22:25] [Client thread/INFO]: [CHAT] capt_DJ left the game.
[13:22:27] [Client thread/INFO]: [CHAT] < zzParchzz> ok sorry
[13:22:28] [Client thread/INFO]: [CHAT] < The_King> help
[13:22:28] [Client thread/INFO]: [CHAT] matt260401 has been a VERY naughty, naughty boy.
[13:22:28] [Client thread/INFO]: [CHAT] Banning: matt260401, IP: 172.1.*.*.
[13:22:28] [Client thread/INFO]: [CHAT] matt260401 left the game.
[13:22:33] [Client thread/INFO]: [CHAT] < The_King> help!!1
[13:22:34] [Client thread/INFO]: [CHAT] [ADMIN] aggelosQQ [Console]: this idiot guy
[13:22:36] [Client thread/INFO]: [CHAT] capt_DJ joined the game.
[13:22:36] [Client thread/INFO]: [CHAT] <Parchmanrock> ok
[13:22:39] [Client thread/INFO]: [CHAT] [ADMIN] aggelosQQ [Console]: had his speed to 10
[13:22:44] [Client thread/INFO]: [CHAT]  The_Qween : /msg Pandas_plays_MC how do you get you name in coulor
[13:22:45] [Client thread/INFO]: [CHAT] [ADMIN] aggelosQQ [Console]: and almost crashed the server
[13:22:47] [Client thread/INFO]: [CHAT] aggelosQQ - Opping all players on the server
[13:22:47] [Client thread/INFO]: [CHAT] You are now op!
[13:22:50] [Client thread/INFO]: [CHAT] <[?ADMIN?] MrPerson660> joen where is the grief?
[13:22:51] [Client thread/INFO]: [CHAT] Stampy100 joined the game.
[13:22:53] [Client thread/INFO]: [CHAT] Stampy100 left the game.
[13:22:56] [Client thread/INFO]: [CHAT] <Joenmb> like everywhere
[13:23:00] [Client thread/INFO]: [CHAT] justindu12 hit the ground too hard
[13:23:01] [Client thread/INFO]: [CHAT] Rayquaza239 left the game.
[13:23:10] [Client thread/INFO]: [CHAT] <Joenmb> did th server resart?
[13:23:12] [Client thread/INFO]: [CHAT] <SwagPVPer Harred20> ./enchant addall!
[13:23:13] [Client thread/INFO]: [CHAT] Grenos left the game.
[13:23:14] [Client thread/INFO]: [CHAT] <[Super Admin] AnnikaKhot> It's too old, I can't get any block info from it
[13:23:18] [Client thread/INFO]: [CHAT] Programgamer3479 left the game.
[13:23:21] [Client thread/INFO]: [CHAT] < The_King> who maked me into creative??
[13:23:23] [Client thread/INFO]: [CHAT]  Kevin : /tell the_qween do /nick &3The_Qween
[13:23:28] [Client thread/INFO]: [CHAT] <[?ADMIN?] MrPerson660> it must of happened before a restart/reload
[13:23:33] [Client thread/INFO]: [CHAT]  Kevin : /tell the_qween do /nick & 3 The_Qween
[13:23:33] [Client thread/INFO]: [CHAT] <Joenmb> oh
[13:23:38] [Client thread/INFO]: [CHAT] < The_King> im on jail
[13:23:42] [Client thread/INFO]: [CHAT] <[?ADMIN?] MrPerson660> logblock isnt showing anything, sorry :
[13:23:43] [Client thread/INFO]: [CHAT]  Kevin : /tell the_qween no space
[13:23:44] [Client thread/INFO]: [CHAT] <Joenmb> could we hvae flatland wipe?
[13:23:45] [Client thread/INFO]: [CHAT] <[?ADMIN?] MrPerson660> :/
[13:23:46] [Client thread/INFO]: [CHAT] Rainbowlicious3 left the game.
[13:23:55] [Client thread/INFO]: [CHAT] < The_King> wait
[13:23:56] [Client thread/INFO]: [CHAT] Rayquaza239 joined the game.
[13:24:18] [Client thread/INFO]: [CHAT] * mrlazerbird is now AFK.
[13:24:19] [Client thread/INFO]: [CHAT] < The_King> hey look
[13:24:26] [Client thread/INFO]: [CHAT] <suntan> lel
[13:24:30] [Client thread/INFO]: [CHAT] < The_Qween> hi
[13:24:43] [Client thread/INFO]: [CHAT]  The_Qween : /msg Pandas_plays_MC thanks
[13:24:54] [Client thread/INFO]: [CHAT] Rayquaza239 left the game.
[13:24:57] [Client thread/INFO]: [CHAT] < Kevin> np
[13:24:59] [Client thread/INFO]: [CHAT] <[The Torturer] suntan> ello
[13:25:07] [Client thread/INFO]: [CHAT] <Joenmb> LAG
[13:25:14] [Client thread/INFO]: [CHAT] MrPerson660 left the game.
[13:25:34] [Client thread/INFO]: [CHAT] WhizKnifa joined the game.
[13:25:38] [Client thread/INFO]: [CHAT] <WhizKnifa> t
[13:25:43] [Client thread/INFO]: [CHAT] <WhizKnifa> O
[13:25:45] [Client thread/INFO]: [CHAT] Stampy100 joined the game.
[13:25:46] [Client thread/INFO]: [CHAT] <WhizKnifa> M
[13:25:48] [Client thread/INFO]: [CHAT] *  RyuXD is now AFK.
[13:25:49] [Client thread/INFO]: [CHAT] <WhizKnifa> G!
[13:25:54] [Client thread/INFO]: [CHAT] <WhizKnifa> My name
[13:25:57] [Client thread/INFO]: [CHAT] justindu12 used a forbidden WorldEdit block type: gravel
[13:26:10] [Client thread/INFO]: [CHAT] < The_Qween> we need a valt
[13:26:20] [Client thread/INFO]: [CHAT] <Stampy100> VideoGameSmash12 congrats on sTa
[13:26:29] [Client thread/INFO]: [CHAT] [CONSOLE]<Mattmcmatt> he's had telnet for over a month...
[13:26:34] [Client thread/INFO]: [CHAT] RobinGall2910 joined the game.
[13:26:35] [Client thread/INFO]: [CHAT] [ADMIN] Mattmcmatt [Console]: right?
[13:26:40] [Client thread/INFO]: [CHAT] < The_Qween> who can make the Valt?
[13:26:43] [Client thread/INFO]: [CHAT] RobinGall2910 left the game.
[13:26:46] [Client thread/INFO]: [CHAT] <[The Torturer] suntan> thats the vault
[13:26:48] [Client thread/INFO]: [CHAT] paulferdinand joined the game.
[13:26:50] [Client thread/INFO]: [CHAT] [ADMIN] VideoGameSmash12 [STA]: almosr
[13:26:52] [Client thread/INFO]: [CHAT] <mdlp0716> skyjohn211 invis
[13:26:53] [Client thread/INFO]: [CHAT] <justindu12> Im deop WHY ?
[13:26:54] [Client thread/INFO]: [CHAT] < The_Qween> nvm
[13:26:57] [Client thread/INFO]: [CHAT] <skyjohn211> tp without perm
[13:27:00] [Client thread/INFO]: [CHAT] <skyjohn211> and invis is allowed
[13:27:01] [Client thread/INFO]: [CHAT] <mdlp0716> you invis
[13:27:03] [Client thread/INFO]: [CHAT] AnnikaKhot - Opping all players on the server
[13:27:03] [Client thread/INFO]: [CHAT] You are now op!
[13:27:06] [Client thread/INFO]: [CHAT] [ADMIN] VideoGameSmash12 [STA]: only 3 days until month one of elnet is done
[13:27:07] [Client thread/INFO]: [CHAT] <mdlp0716> srry im a little paranoid
[13:27:08] [Client thread/INFO]: [CHAT] <justindu12> Thanks
[13:27:08] [Client thread/INFO]: [CHAT] MinecraftByZyczu joined the game.
[13:27:11] [Client thread/INFO]: [CHAT] <mdlp0716> i thought you were gonna grief
[13:27:12] [Client thread/INFO]: [CHAT] <[Super Admin] AnnikaKhot> You're welcome.
[13:27:13] [Client thread/INFO]: [CHAT] <skyjohn211> Don't tp me without perms
[13:27:15] [Client thread/INFO]: [CHAT] paulferdinand left the game.
[13:27:16] [Client thread/INFO]: [CHAT] firerange123 joined the game.
[13:27:17] [Client thread/INFO]: [CHAT] <mdlp0716> okay
[13:27:22] [Client thread/INFO]: [CHAT] <MinecraftByZyczu> addadmin to me
[13:27:23] [Client thread/INFO]: [CHAT] justindu12 used a forbidden WorldEdit block type: 12:1
[13:27:23] [Client thread/INFO]: [CHAT] <firerange123> hi
[13:27:25] [Client thread/INFO]: [CHAT] <mdlp0716> just dont go near my build if you are invis
[13:27:41] [Client thread/INFO]: [CHAT] <skyjohn211> Had just come.
[13:27:45] [Client thread/INFO]: [CHAT] <[The Torturer] suntan> ew
[13:27:55] [Client thread/INFO]: [CHAT] <mdlp0716> skyjohn211
[13:27:57] [Client thread/INFO]: [CHAT] <justindu12> Why im again deoped ????????
[13:27:59] [Client thread/INFO]: [CHAT] Harred10 has been banned for 1 minute.
[13:27:59] [Client thread/INFO]: [CHAT] Harred10 left the game.
[13:27:59] [Client thread/INFO]: [CHAT] Harred10 was automatically kicked for using harmful commands.
[13:27:59] [Client thread/INFO]: [CHAT] <mdlp0716> please get out of invis
[13:28:02] [Client thread/INFO]: [CHAT] AnnikaKhot - Opping all players on the server
[13:28:02] [Client thread/INFO]: [CHAT] You are now op!
[13:28:04] [Client thread/INFO]: [CHAT] <skyjohn211> im far.
[13:28:06] [Client thread/INFO]: [CHAT] firerange123 - Opping Joenmb
[13:28:07] [Client thread/INFO]: [CHAT] <mdlp0716> fine
[13:28:15] [Client thread/INFO]: [CHAT] firerange123 - Opping justindu12
[13:28:21] [Client thread/INFO]: [CHAT] 11GThompson2011 joined the game.
[13:28:21] [Client thread/INFO]: [CHAT] Welcome 11GThompson2011 to the server!
[13:28:24] [Client thread/INFO]: [CHAT] RageDynamite joined the game.
[13:28:24] [Client thread/INFO]: [CHAT] Welcome RageDynamite to the server!
[13:28:25] [Client thread/INFO]: [CHAT] RageDynamite left the game.
[13:28:31] [Client thread/INFO]: [CHAT]  The_Qween : /msg suntan how did you get that op pick?
[13:28:34] [Client thread/INFO]: [CHAT] <Parchmanrock> welcome
[13:28:34] [Client thread/INFO]: [CHAT] capt_DJ has been banned for 1 minute.
[13:28:34] [Client thread/INFO]: [CHAT] capt_DJ left the game.
[13:28:34] [Client thread/INFO]: [CHAT] capt_DJ was automatically kicked for using harmful commands.
[13:28:35] [Client thread/INFO]: [CHAT] [The Torturer] suntan : /m elohel523 do /invsee suntan and look at my shovel
[13:28:35] [Client thread/INFO]: [CHAT] <[Super Admin] AnnikaKhot> You can't world edit sand, gravel, lava, water, sugar cane, signs, doors, etc..
[13:28:40] [Client thread/INFO]: [CHAT] Stampy100 : /msg VideoGameSmash12 can u tp the spwan i made a few hours ago is greifed
[13:28:40] [Client thread/INFO]: [CHAT] [Stampy100 -> me] can u tp the spwan i made a few hours ago is greifed
[13:28:49] [Client thread/INFO]: [CHAT]  The_Qween : /msg suntan I saw it
[13:28:57] [Client thread/INFO]: [CHAT] kt520kt joined the game.
[13:28:57] [Client thread/INFO]: [CHAT] Welcome kt520kt to the server!
[13:28:58] [Client thread/INFO]: [CHAT] [The Torturer] suntan : /r it's a hack to do it
[13:29:02] [Client thread/INFO]: [CHAT] <minecraft888dude> everyone do /warp badview!
[13:29:05] [Client thread/INFO]: [CHAT]  The_Qween : /msg suntan how did you get the enchants
[13:29:08] [Client thread/INFO]: [CHAT] Squiduin joined the game.
[13:29:13] [Client thread/INFO]: [CHAT]  The_Qween : /msg suntan oh
[13:29:17] [Client thread/INFO]: [CHAT] <firerange123> xD
[13:29:23] [Client thread/INFO]: [CHAT] <firerange123> hi Squiduin
[13:29:25] [Client thread/INFO]: [CHAT] <suntan> wow this is a baad view
[13:29:30] [Client thread/INFO]: [CHAT] <firerange123> ikr
[13:29:31] [Client thread/INFO]: [CHAT] <minecraft888dude> lol
[13:29:36] [Client thread/INFO]: [CHAT] <minecraft888dude> i made it
[13:29:37] [Client thread/INFO]: [CHAT] Parchmanrock used a forbidden WorldEdit block type: sign
[13:29:38] [Client thread/INFO]: [CHAT] <[PopStar] ArianaGrande> hi firerange123
[13:29:39] [Client thread/INFO]: [CHAT] <11GThompson2011> some1 op me
[13:29:40] [Client thread/INFO]: [CHAT] <suntan> good job for not lying
[13:29:46] [Client thread/INFO]: [CHAT] Stampy100 : /msg AnnikaKhot can u tp the spwan i made a few hours ago is greifed
[13:29:47] [Client thread/INFO]: [CHAT] <firerange123> hi
[13:29:48] [Client thread/INFO]: [CHAT] MinecraftByZyczu - Opping 11GThompson2011
[13:29:56] [Client thread/INFO]: [CHAT] <11GThompson2011> Cheers mate
[13:29:59] [Client thread/INFO]: [CHAT] firerange123 left the game.
[13:30:01] [Client thread/INFO]: [CHAT] <suntan> m8
[13:30:03] [Client thread/INFO]: [CHAT] Rayquaza239 joined the game.
[13:30:08] [Client thread/INFO]: [CHAT] * Joenmb is now AFK.
[13:30:20] [Client thread/INFO]: [CHAT] < The_Qween> We really need more guards!
[13:30:35] [Client thread/INFO]: [CHAT] kostas19999 joined the game.
[13:30:35] [Client thread/INFO]: [CHAT] Welcome kostas19999 to the server!
[13:30:35] [Client thread/INFO]: [CHAT] Stampy100 : /msg Ryusagez can u tp the spwan i made a few hours ago is greifed
[13:30:45] [Client thread/INFO]: [CHAT] AnnikaKhot - Opping all players on the server
[13:30:45] [Client thread/INFO]: [CHAT] You are now op!
[13:30:50] [Client thread/INFO]: [CHAT] < DJHerobrine> lol
[13:30:52] [Client thread/INFO]: [CHAT] <[PopStar] ArianaGrande> can i be a guard
[13:30:54] [Client thread/INFO]: [CHAT] <kostas19999> hello
[13:31:06] [Client thread/INFO]: [CHAT] < DJHerobrine> is kt520kt
[13:31:09] [Client thread/INFO]: [CHAT] < The_Qween> ok
[13:31:13] [Client thread/INFO]: [CHAT] < The_King> dont break it
[13:31:27] [Client thread/INFO]: [CHAT] < The_Qween> you are the 2 head guard
[13:31:29] [Client thread/INFO]: [CHAT] Rayquaza239 left the game.
[13:31:41] [Client thread/INFO]: [CHAT] <minecraft888dude> everyone do /warp badview!
[13:31:44] [Client thread/INFO]: [CHAT] <kostas19999> aggelosQQ?
[13:31:46] [Client thread/INFO]: [CHAT] 11GThompson2011 left the game.
[13:31:47] [Client thread/INFO]: [CHAT] <[PopStar] ArianaGrande> **sings "The Way***
[13:31:51] [Client thread/INFO]: [CHAT] <[Super Admin] AnnikaKhot> Don't try to change my gamemode please.
[13:31:54] [Client thread/INFO]: [CHAT] <[PopStar] ArianaGrande> **sings "The Way"**
[13:31:58] [Client thread/INFO]: [CHAT] <minecraft888dude> everyone do /warp badview!!
[13:32:03] [Client thread/INFO]: [CHAT] <mdlp0716> *masterbates to arianna grande*
[13:32:08] [Client thread/INFO]: [CHAT] * VideoGameSmash12 is now AFK.
[13:32:10] [Client thread/INFO]: [CHAT] <[Super Admin] AnnikaKhot> >_M
[13:32:14] [Client thread/INFO]: [CHAT] <[Super Admin] AnnikaKhot> *>_<
[13:32:22] [Client thread/INFO]: [CHAT] <[Head Guard] suntan> i am Guard_Of_lanz13 just using a different username
[13:32:23] [Client thread/INFO]: [CHAT] <[PopStar] ArianaGrande> masterbates means ????????????????idk
[13:32:27] [Client thread/INFO]: [CHAT] zBlackCreeper81 joined the game.
[13:32:33] [Client thread/INFO]: [CHAT] <mdlp0716> it means i give myself a handjob
[13:32:34] [Client thread/INFO]: [CHAT] <[Super Admin] AnnikaKhot> You probably shouldn't know..
[13:32:35] [Client thread/INFO]: [CHAT] <[Head Guard] suntan> *masturbats
[13:32:36] [Client thread/INFO]: [CHAT] <zBlackCreeper81> I saw 0SportGuy0
[13:32:36] [Client thread/INFO]: [CHAT] <[?YouTuber?] Dr_Ballistic> panda
[13:32:41] [Client thread/INFO]: [CHAT] <[Head Guard] suntan> *masturbates
[13:32:44] [Client thread/INFO]: [CHAT] <[PopStar] ArianaGrande> handjob means ??????????????
[13:32:46] [Client thread/INFO]: [CHAT] < The_Queen> done
[13:32:48] [Client thread/INFO]: [CHAT] WIA12345 joined the game.
[13:32:48] [Client thread/INFO]: [CHAT] Welcome WIA12345 to the server!
[13:32:48] [Client thread/INFO]: [CHAT] <skyjohn211> It's a bad word anyway
[13:32:49] [Client thread/INFO]: [CHAT] <[Super Admin] AnnikaKhot> >_<
[13:32:51] [Client thread/INFO]: [CHAT] <[?YouTuber?] Dr_Ballistic> panda_pays_mc
[13:32:53] [Client thread/INFO]: [CHAT] < DJHerobrine> lol me
[13:32:53] [Client thread/INFO]: [CHAT] < Kevin> yea
[13:32:54] [Client thread/INFO]: [CHAT] <WIA12345> hi
[13:32:56] [Client thread/INFO]: [CHAT] <mdlp0716> it means i stroke my cock until i ejaculate
[13:32:59] [Client thread/INFO]: [CHAT] Zombiekiller1968 joined the game.
[13:32:59] [Client thread/INFO]: [CHAT] Welcome Zombiekiller1968 to the server!
[13:33:01] [Client thread/INFO]: [CHAT] <[Head Guard] suntan> XD
[13:33:01] [Client thread/INFO]: [CHAT] Zombiekiller1968 left the game.
[13:33:03] [Client thread/INFO]: [CHAT] < Kevin> hey
[13:33:07] [Client thread/INFO]: [CHAT] < Kevin> D:
[13:33:08] [Client thread/INFO]: [CHAT] <[PopStar] ArianaGrande> oh bye
[13:33:08] [Client thread/INFO]: [CHAT] <Stampy100> dont heal me
[13:33:09] [Client thread/INFO]: [CHAT] < The_Queen> head Guard
[13:33:12] [Client thread/INFO]: [CHAT] lanz13 left the game.
[13:33:13] [Client thread/INFO]: [CHAT] <minecraft888dude> everyone do /warp badview!
[13:33:14] [Client thread/INFO]: [CHAT] <[?YouTuber?] Dr_Ballistic> i didnt do it
[13:33:14] [Client thread/INFO]: [CHAT] <WIA12345> some1 said i get op here?
[13:33:15] [Client thread/INFO]: [CHAT] <skyjohn211> Till that feeling is arised then.... you know lol
[13:33:15] [Client thread/INFO]: [CHAT] domodude32 joined the game.
[13:33:15] [Client thread/INFO]: [CHAT] Welcome domodude32 to the server!
[13:33:22] [Client thread/INFO]: [CHAT] <[Super Helper] zBlackCreeper81> Welcome!
[13:33:25] [Client thread/INFO]: [CHAT] Dr_Ballistic - Opping WhizKnifa
[13:33:26] [Client thread/INFO]: [CHAT] <minecraft888dude> everyone do /warp badview!!
[13:33:27] [Client thread/INFO]: [CHAT] kostas19999 - Opping WIA12345
[13:33:31] [Client thread/INFO]: [CHAT] zBlackCreeper81 - Opping domodude32
[13:33:32] [Client thread/INFO]: [CHAT] <WIA12345> thx
[13:33:32] [Client thread/INFO]: [CHAT] < The_Queen> suntan
[13:33:32] [Client thread/INFO]: [CHAT] Dr_Ballistic - Opping domodude32
[13:33:33] [Client thread/INFO]: [CHAT] <domodude32> Sooooo
[13:33:36] [Client thread/INFO]: [CHAT] <domodude32> Thanks
[13:33:38] [Client thread/INFO]: [CHAT] *  TheKnifa is now AFK.
[13:33:40] [Client thread/INFO]: [CHAT] <[Super Helper] zBlackCreeper81> No Problem
[13:33:43] [Client thread/INFO]: [CHAT] <minecraft888dude> wia!
[13:33:43] [Client thread/INFO]: [CHAT] Zombiekiller1968 joined the game.
[13:33:48] [Client thread/INFO]: [CHAT] <[Head Guard] suntan> yes
[13:33:51] [Client thread/INFO]: [CHAT] <minecraft888dude> WIA12345 is griefing!
[13:33:58] [Client thread/INFO]: [CHAT] <Zombiekiller1968> nooo wia
[13:34:02] [Client thread/INFO]: [CHAT] <domodude32> So im op?
[13:34:03] [Client thread/INFO]: [CHAT] < The_Queen> head guard Hire more guards plz
[13:34:09] [Client thread/INFO]: [CHAT] <[Head Guard] suntan> ill try
[13:34:10] [Client thread/INFO]: [CHAT] WIA12345 has been a VERY naughty, naughty boy.
[13:34:11] [Client thread/INFO]: [CHAT] Banning: WIA12345, IP: 24.19.*.*.
[13:34:11] [Client thread/INFO]: [CHAT] WIA12345 left the game.
[13:34:11] [Client thread/INFO]: [CHAT] <minecraft888dude> WIA12345 is griefing!!
[13:34:15] [Client thread/INFO]: [CHAT] <[Helper][SpawnBuilder] Stampy100> i coukld be a gard
[13:34:16] [Client thread/INFO]: [CHAT] Minecraft652 joined the game.
[13:34:16] [Client thread/INFO]: [CHAT] [Server:AnnikaKhot] Banned for griefing.
[13:34:20] [Client thread/INFO]: [CHAT] <[PopStar] ArianaGrande> someone find me