[16:23:16] [Client thread/INFO]: Connecting to 64.34.165.5, 28965
[16:23:17] [Client thread/INFO]: [CHAT] VideoGameSmash12 is a Super Admin
[16:23:17] [Client thread/INFO]: [CHAT] VideoGameSmash12 joined the game.
[16:23:17] [Client thread/INFO]: [CHAT] Type /help for a list of commands.
[16:23:17] [Client thread/INFO]: [CHAT] Save your builds with World Edit or lose them
[16:23:17] [Client thread/INFO]: [CHAT] Read our website at www.totalfreedom.me to find out how
[16:23:17] [Client thread/INFO]: [CHAT] Read the rules
[16:23:17] [Client thread/INFO]: [CHAT] Read our only authorized forum at www.totalfreedom.boards.net
[16:23:17] [Client thread/INFO]: [CHAT] You have no new mail.
[16:23:17] [Client thread/INFO]: [CHAT] Set fly mode enabled for VideoGameSmash12.
[16:23:18] [Client thread/INFO]: [CHAT] <[YouTuber][Helper] DragonCraft_0623> Can I tp to him?
[16:23:22] [Client thread/INFO]: [CHAT] [ADMIN] lynxlps [SrA]: hi Video
[16:23:22] [Client thread/INFO]: [CHAT] <[Developer] wild1145> If you wish
[16:23:24] [Client thread/INFO]: [CHAT] Ryan_K1212 - Temporarily banned henrikuiper12 until 2014-04-26 at 22:28:26 GMT, Reason: "Potion Spamming (Ryan_K1212)"
[16:23:24] [Client thread/INFO]: [CHAT] henrikuiper12 left the game.
[16:23:27] [Client thread/INFO]: [CHAT] <PigTamer TrueMG> Pokemon is ASFJerome
[16:23:30] [Client thread/INFO]: [CHAT] [ADMIN] VideoGameSmash12 [SA]: I can't believe this!
[16:23:33] [Client thread/INFO]: [CHAT] <richboythebeast> hi sydney
[16:23:33] [Client thread/INFO]: [CHAT] Marius_Nightfire joined the game.
[16:23:37] [Client thread/INFO]: [CHAT] < DanTDM> hi
[16:23:37] [Client thread/INFO]: [CHAT] <richboythebeast> sydey!
[16:23:41] [Client thread/INFO]: [CHAT] * Sydneylovesowls is no longer AFK.
[16:23:41] [Client thread/INFO]: [CHAT] <Sydneylovesowls> hi
[16:23:42] [Client thread/INFO]: [CHAT] <BlueHelios> how do you make big names
[16:23:45] [Client thread/INFO]: [CHAT] <BlueHelios> >
[16:23:45] [Client thread/INFO]: [CHAT] <[YouTuber][Helper] DragonCraft_0623> lynxlps, may I tp/
[16:23:47] [Client thread/INFO]: [CHAT] [ADMIN] VideoGameSmash12 [SA]: I got Minecraft Relms!
[16:23:48] [Client thread/INFO]: [CHAT] <[YouTuber][Helper] DragonCraft_0623> ?
[16:23:50] [Client thread/INFO]: [CHAT] <bryceman17> ./warp 1v1
[16:23:50] [Client thread/INFO]: [CHAT] <DanTDM> ooops
[16:23:51] [Client thread/INFO]: [CHAT] Ryan_K1212 - Rolling back player: Abang_Fathir
[16:23:53] [Client thread/INFO]: [CHAT] [ADMIN] lynxlps [SrA]: Yes Video
[16:23:54] [Client thread/INFO]: [CHAT] <BlueHelios> like igger letters
[16:23:55] [Client thread/INFO]: [CHAT] *  Nspurie dantdm kill trayarus
[16:23:57] [Client thread/INFO]: [CHAT] < DrDredd21> dan are you recording
[16:23:57] [Client thread/INFO]: [CHAT] [ADMIN] VideoGameSmash12 [SA]: Realms*
[16:23:59] [Client thread/INFO]: [CHAT] <BlueHelios> bigger
[16:23:59] [Client thread/INFO]: [CHAT] [ADMIN] lynxlps [SrA]: It came out for the US two days ago
[16:24:02] [Client thread/INFO]: [CHAT] [Budder040204: Unable to summon object]
[16:24:02] [Client thread/INFO]: [CHAT] Ryan_K1212 - Temporarily banned Abang_Fathir until 2014-04-26 at 22:25:04 GMT, Reason: "tiny grief (Ryan_K1212)"
[16:24:02] [Client thread/INFO]: [CHAT] Abang_Fathir left the game.
[16:24:03] [Client thread/INFO]: [CHAT] * Sydneylovesowls is now AFK.
[16:24:05] [Client thread/INFO]: [CHAT] <Dinnerbone> i am
[16:24:06] [Client thread/INFO]: [CHAT] *  Nspurie oh theres trayarus
[16:24:07] [Client thread/INFO]: [CHAT] <DanTDM> look out for evil ness
[16:24:11] [Client thread/INFO]: [CHAT] Ryan_K1212 - Temporarily banned Sydneylovesowls until 2014-04-26 at 22:25:12 GMT, Reason: "tiny grief (Ryan_K1212)"
[16:24:11] [Client thread/INFO]: [CHAT] Sydneylovesowls left the game.
[16:24:13] [Client thread/INFO]: [CHAT] <ZyrakSoul71> ok
[16:24:16] [Client thread/INFO]: [CHAT] briannag777 joined the game.
[16:24:19] [Client thread/INFO]: [CHAT] <DanTDM> hey lets go to the arcade
[16:24:19] [Client thread/INFO]: [CHAT] <[Youtuber] AlphaWolf10000> pvp anyone?
[16:24:21] [Client thread/INFO]: [CHAT] [Budder040204: Unable to summon object]
[16:24:23] [Client thread/INFO]: [CHAT] puppyluver32 - Opping Dinnerbone
[16:24:23] [Client thread/INFO]: [CHAT] < DrDredd21> dinnerbone yur recording
[16:24:28] [Client thread/INFO]: [CHAT] [Budder040204: Unable to summon object]
[16:24:31] [Client thread/INFO]: [CHAT] Set flying speed to 10 for VideoGameSmash12.
[16:24:34] [Client thread/INFO]: [CHAT] Ryan_K1212 - Rolling back player: Pokemon_Blast
[16:24:36] [Client thread/INFO]: [CHAT] viktor joined the game.
[16:24:38] [Client thread/INFO]: [CHAT] <ZyrakSoul71> hi trayaurus
[16:24:40] [Client thread/INFO]: [CHAT] InfinityCrafter1 left the game.
[16:24:41] [Client thread/INFO]: [CHAT] VotingPenguinFT joined the game.
[16:24:42] [Client thread/INFO]: [CHAT] *  Nspurie oh right the arcade next door to dantdms lab
[16:24:45] [Client thread/INFO]: [CHAT] [TheAssassin: Unable to summon object]
[16:24:45] [Client thread/INFO]: [CHAT] <[YouTuber][Helper] DragonCraft_0623> Ok uhhh Ill try
[16:24:48] [Client thread/INFO]: [CHAT] <xXGummyBear9Xx> stoppppppppppppp
[16:24:48] [Client thread/INFO]: [CHAT] <Dinnerbone> i need an admin to ban whoever is putting crap in my invintory
[16:24:49] [Client thread/INFO]: [CHAT] Ryan_K1212 - Temporarily banned Pokemon_Blast until 2014-04-26 at 22:25:21 GMT, Reason: "Potion Spamming (Ryan_K1212)"
[16:24:49] [Client thread/INFO]: [CHAT] Pokemon_Blast left the game.
[16:24:51] [Client thread/INFO]: [CHAT] [CompleteMCNoob: Object successfully summoned]
[16:24:55] [Client thread/INFO]: [CHAT] *  Nspurie NO DONT KILL TRAYARUSS
[16:24:55] [Client thread/INFO]: [CHAT] zombie_warrior1 left the game.
[16:24:56] [Client thread/INFO]: [CHAT] <PigTamer TrueMG> hay look baby trayurus
[16:24:57] [Client thread/INFO]: [CHAT] <[KillStreek] Killer> donwidnwudbuwb
[16:24:57] [Client thread/INFO]: [CHAT] <xXGummyBear9Xx> mcflumshie greifing!!!!!!!!!
[16:25:03] [Client thread/INFO]: [CHAT] Swindle3561 has been a naughty, naughty boy.
[16:25:03] [Client thread/INFO]: [CHAT] Swindle3561 died
[16:25:04] [Client thread/INFO]: [CHAT] < DrDredd21> dinnerbone yur rec
[16:25:05] [Client thread/INFO]: [CHAT] <xXGummyBear9Xx> stopppppppppppppp
[16:25:07] [Client thread/INFO]: [CHAT] VotingPenguinFT left the game.
[16:25:08] [Client thread/INFO]: [CHAT] Malembo joined the game.
[16:25:10] [Client thread/INFO]: [CHAT] [Server:MrPerson660] Swindle dont give other players items
[16:25:11] [Client thread/INFO]: [CHAT] <xXGummyBear9Xx> mcflumshie stop
[16:25:11] [Client thread/INFO]: [CHAT] <JakeG999> pvp anyone?
[16:25:11] [Client thread/INFO]: [CHAT] NicMuffin joined the game.
[16:25:11] [Client thread/INFO]: [CHAT] Welcome NicMuffin to the server!
[16:25:12] [Client thread/INFO]: [CHAT] <PigTamer TrueMG> baby trayurus
[16:25:13] [Client thread/INFO]: [CHAT] MrPerson660 - Opping all players on the server
[16:25:13] [Client thread/INFO]: [CHAT] You are now op!
[16:25:14] [Client thread/INFO]: [CHAT] lynxlps - Opping all players on the server
[16:25:14] [Client thread/INFO]: [CHAT] You are now op!
[16:25:15] [Client thread/INFO]: [CHAT] Ryan_K1212 - Rolling back player: DragonCraft_0623
[16:25:15] [Client thread/INFO]: [CHAT] Set fly mode enabled for VideoGameSmash12.
[16:25:18] [Client thread/INFO]: [CHAT] <mcflumshie> i did
[16:25:19] [Client thread/INFO]: [CHAT] Set flying speed to 1 for VideoGameSmash12.
[16:25:19] [Client thread/INFO]: [CHAT] <[YouTuber][Helper] DragonCraft_0623> ?
[16:25:19] [Client thread/INFO]: [CHAT] Ryan_K1212 - Reverting rollback for player: DragonCraft_0623
[16:25:22] [Client thread/INFO]: [CHAT] <DanTDM> i got poke ball
[16:25:24] [Client thread/INFO]: [CHAT] <xXGummyBear9Xx> u broke it nice........
[16:25:24] [Client thread/INFO]: [CHAT] puppyluver32 has been a naughty, naughty boy.
[16:25:24] [Client thread/INFO]: [CHAT] puppyluver32 died
[16:25:24] [Client thread/INFO]: [CHAT] Deathstar2004 joined the game.
[16:25:28] [Client thread/INFO]: [CHAT] Ryan_K1212 - Rolling back player: DRAGONFIREZOMBIE
[16:25:32] [Client thread/INFO]: [CHAT] <[YouTuber][Helper] DragonCraft_0623> No I cant
[16:25:32] [Client thread/INFO]: [CHAT] <[KillStreek] Killer> how do you get block capes
[16:25:34] [Client thread/INFO]: [CHAT] <ZyrakSoul71> dan in that chest is chicken
[16:25:35] [Client thread/INFO]: [CHAT] [Server:MrPerson660] puppylover dont teleport other players to you
[16:25:36] [Client thread/INFO]: [CHAT] <[Developer] wild1145> It looks to be a fluke DragonCraft_0623, I wouldnt worry too much
[16:25:37] [Client thread/INFO]: [CHAT] <xXGummyBear9Xx> mcflumshie sucks
[16:25:37] [Client thread/INFO]: [CHAT] MrPerson660 - Opping all players on the server
[16:25:37] [Client thread/INFO]: [CHAT] You are now op!
[16:25:39] [Client thread/INFO]: [CHAT] Giving 1 of skull item
[16:25:39] [Client thread/INFO]: [CHAT] <[Developer] wild1145> Thanks for your time
[16:25:41] [Client thread/INFO]: [CHAT] <xXGummyBear9Xx> stopppppppppppppp
[16:25:43] [Client thread/INFO]: [CHAT] <xXGummyBear9Xx> urggggggggg
[16:25:43] [Client thread/INFO]: [CHAT] richboythebeast has been a VERY naughty, naughty boy.
[16:25:43] [Client thread/INFO]: [CHAT] Banning: richboythebeast, IP: 71.146.*.*.
[16:25:43] [Client thread/INFO]: [CHAT] richboythebeast left the game.
[16:25:43] [Client thread/INFO]: [CHAT] Dinnerbone left the game.
[16:25:44] [Client thread/INFO]: [CHAT] Ryan_K1212 - Temporarily banned DRAGONFIREZOMBIE until 2014-04-26 at 22:26:46 GMT, Reason: "Tiny Grief (Ryan_K1212)"
[16:25:44] [Client thread/INFO]: [CHAT] DRAGONFIREZOMBIE left the game.
[16:25:44] [Client thread/INFO]: [CHAT] [CompleteMCNoob: Data tag parsing failed: Unbalanced curly brackets {}: id:"Bat"}riding:{id:"bat"]
[16:25:46] [Client thread/INFO]: [CHAT] Dinnerbone joined the game.
[16:25:46] [Client thread/INFO]: [CHAT] viktor left the game.
[16:25:51] [Client thread/INFO]: [CHAT] <DanTDM> thats his cussin
[16:25:57] [Client thread/INFO]: [CHAT] <Deathstar2004> Wild
[16:26:00] [Client thread/INFO]: [CHAT] <[Developer] wild1145> Yes
[16:26:03] [Client thread/INFO]: [CHAT] [CompleteMCNoob: Data tag parsing failed: Unbalanced curly brackets {}: {riding:{id:"Bat"}}}]
[16:26:03] [Client thread/INFO]: [CHAT] AlphaWolf10000 - Opping AlphaWolf10000
[16:26:06] [Client thread/INFO]: [CHAT] <[YouTuber][Helper] DragonCraft_0623> I wasn't lying though
[16:26:06] [Client thread/INFO]: [CHAT] <DanTDM> dont hit him
[16:26:09] [Client thread/INFO]: [CHAT] < DrDredd21> dan are you rec
[16:26:13] [Client thread/INFO]: [CHAT] [CompleteMCNoob: Object successfully summoned]
[16:26:15] [Client thread/INFO]: [CHAT] <DanTDM> oops
[16:26:18] [Client thread/INFO]: [CHAT] <[Developer] Wild1145> I wouldnt worry DragonCraft_0623, all sorts of things could happen, its all
[16:26:18] [Client thread/INFO]: [CHAT] <Deathstar2004> can you install freedomop on my server?
[16:26:20] [Client thread/INFO]: [CHAT] [ADMIN] VideoGameSmash12 [SA]: OH DUCK!
[16:26:21] [Client thread/INFO]: [CHAT] <[Developer] Wild1145> just down to timings
[16:26:23] [Client thread/INFO]: [CHAT] <[YouTuber][Helper] DragonCraft_0623> Am I gonna get banned or something?
[16:26:23] [Client thread/INFO]: [CHAT] <briannag777> stop
[16:26:25] [Client thread/INFO]: [CHAT] <xXGummyBear9Xx> can u make this stop??
[16:26:28] [Client thread/INFO]: [CHAT] [ADMIN] VideoGameSmash12 [SA]: Thanks 1.7.9!
[16:26:30] [Client thread/INFO]: [CHAT] <JakeG999> Woops
[16:26:30] [Client thread/INFO]: [CHAT] <[YouTuber][Helper] DragonCraft_0623> Im so scared
[16:26:34] [Client thread/INFO]: [CHAT] <[Developer] Wild1145> Deathstar2004, if you want a all op server, you need to figure it out
[16:26:35] [Client thread/INFO]: [CHAT] < The_Witch_Lynx> Yes, because Installing a Server on your server makes perfect sense