[07:25:23] [Client thread/INFO]: Connecting to play.totalfreedom.me., 28965
[07:25:25] [Client thread/INFO]: [CHAT] VideoGameSmash12 is a Super Admin
[07:25:25] [Client thread/INFO]: [CHAT] VideoGameSmash12 joined the game.
[07:25:25] [Client thread/INFO]: [CHAT] Server IP is changing soon! Only use play.totalfreedom.me
[07:25:25] [Client thread/INFO]: [CHAT] Type /help for a list of commands.
[07:25:25] [Client thread/INFO]: [CHAT] Save your builds with World Edit or lose them
[07:25:25] [Client thread/INFO]: [CHAT] Read our website at www.totalfreedom.me to find out how
[07:25:25] [Client thread/INFO]: [CHAT] Read the rules
[07:25:25] [Client thread/INFO]: [CHAT] Read our only authorized forum at www.totalfreedom.boards.net
[07:25:25] [Client thread/INFO]: [CHAT] You have no new mail.
[07:25:29] [Client thread/INFO]: [CHAT] <BestCreeperEver Creeper> hi VideoGameSmash12
[07:25:33] [Client thread/INFO]: [CHAT] MrPerson660 left the game.
[07:25:50] [Client thread/INFO]: [CHAT] <BestCreeperEver Creeper> we done LK_WolfBoy
[07:25:52] [Client thread/INFO]: [CHAT] [ADMIN] VideoGameSmash12 [SA]: Stupid superadmin list
[07:25:56] [Client thread/INFO]: [CHAT] you1337 joined the game.
[07:25:56] [Client thread/INFO]: [CHAT] Welcome you1337 to the server!
[07:25:57] [Client thread/INFO]: [CHAT] <BestWolfEver DaWolf> no
[07:26:04] [Client thread/INFO]: [CHAT] you1337 left the game.
[07:26:04] [Client thread/INFO]: [CHAT] <BestCreeperEver Creeper> testing it out
[07:26:11] [Client thread/INFO]: [CHAT] < SasukeUNS> a
[07:26:24] [Client thread/INFO]: [CHAT] [ADMIN] vj13573 [STA]: anyone know oreogirl7878?
[07:26:25] [Client thread/INFO]: [CHAT] SasukeUNS left the game.
[07:26:28] [Client thread/INFO]: [CHAT] [ADMIN] VideoGameSmash12 [SA]: no
[07:26:29] [Client thread/INFO]: [CHAT] <BestCreeperEver Creeper> tamsakeer do you like it
[07:26:30] [Client thread/INFO]: [CHAT] [ADMIN] tamsakeer [STA]: yeah , me
[07:26:32] [Client thread/INFO]: [CHAT] < Tamsakeer> yes
[07:26:36] [Client thread/INFO]: [CHAT] <BestCreeperEver Creeper> its really long
[07:26:38] [Client thread/INFO]: [CHAT] [ADMIN] vj13573 [STA]: well she abused on Silvercraft before
[07:26:41] [Client thread/INFO]: [CHAT] <BestCreeperEver Creeper> it took a while
[07:26:47] [Client thread/INFO]: [CHAT] [ADMIN] tamsakeer [STA]: and suspended here
[07:26:48] [Client thread/INFO]: [CHAT] [ADMIN] vj13573 [STA]: She was spamming "/smite" on Silvercraft admins
[07:26:59] [Client thread/INFO]: [CHAT] <BestCreeperEver Creeper> and when we left the game it didnt get griefed
[07:26:59] [Client thread/INFO]: [CHAT] <BestWolfEver DaWolf> save it creeper
[07:27:01] [Client thread/INFO]: [CHAT] nolanoo fell from a high place
[07:27:03] [Client thread/INFO]: [CHAT] [ADMIN] vj13573 [STA]: Yes, indeed, I suspended her
[07:27:05] [Client thread/INFO]: [CHAT] <BestCreeperEver Creeper> k
[07:27:11] [Client thread/INFO]: [CHAT] <BestWolfEver DaWolf> onlt slime
[07:27:12] [Client thread/INFO]: [CHAT] [ADMIN] vj13573 [STA]: and aggelosQQ deleted her forum account ;P
[07:27:21] [Client thread/INFO]: [CHAT] < BestSlimeEver> ?
[07:27:38] [Client thread/INFO]: [CHAT] Minecraft652 joined the game.
[07:27:38] [Client thread/INFO]: [CHAT] Welcome Minecraft652 to the server!
[07:27:48] [Client thread/INFO]: [CHAT] <BestCreeperEver Creeper> i saved it
[07:28:55] [Client thread/INFO]: [CHAT] <BestWolfEver DaWolf> XD
[07:29:00] [Client thread/INFO]: [CHAT] <BestWolfEver DaWolf> im a inecart
[07:29:05] [Client thread/INFO]: [CHAT] nolanoo left the game.
[07:29:07] [Client thread/INFO]: [CHAT] < BestSlimeEver> minecart*
[07:29:08] [Client thread/INFO]: [CHAT] <BestWolfEver DaWolf> creep
[07:29:09] [Client thread/INFO]: [CHAT] < BestSlimeEver> :P
[07:29:16] [Client thread/INFO]: [CHAT] *  Creeper is now AFK.
[07:29:28] [Client thread/INFO]: [CHAT] Slimefrost used a forbidden WorldEdit block type: rail
[07:29:30] [Client thread/INFO]: [CHAT] [ADMIN] vj13573 [STA]: brb
[07:29:31] [Client thread/INFO]: [CHAT] vj13573 left the game.
[07:29:31] [Client thread/INFO]: [CHAT] < BestSlimeEver> ?
[07:29:35] [Client thread/INFO]: [CHAT] < BestSlimeEver> no rails :(
[07:29:43] [Client thread/INFO]: [CHAT] < BestSlimeEver> someone op me plz ;(
[07:29:44] [Client thread/INFO]: [CHAT] <BestWolfEver DaWolf> dont op himmmm]
[07:29:48] [Client thread/INFO]: [CHAT] < BestSlimeEver> ?
[07:29:49] [Client thread/INFO]: [CHAT] tamsakeer - Opping all players on the server
[07:29:49] [Client thread/INFO]: [CHAT] You are now op!
[07:29:55] [Client thread/INFO]: [CHAT] < BestSlimeEver> thank you tam :D
[07:30:06] [Client thread/INFO]: [CHAT] <BestWolfEver DaWolf> it was a joke anyway
[07:30:11] [Client thread/INFO]: [CHAT] < BestSlimeEver> nice joke :P
[07:30:15] [Client thread/INFO]: [CHAT] < BestSlimeEver> i loved the sarcasm :D
[07:31:03] [Client thread/INFO]: [CHAT] Slimefrost used a forbidden WorldEdit block type: water
[07:31:07] [Client thread/INFO]: [CHAT] < BestSlimeEver> dangit
[07:31:11] [Client thread/INFO]: [CHAT] < BestSlimeEver> i accidently typed in water :P
[07:31:14] [Client thread/INFO]: [CHAT] Giving 64 of snow ball
[07:31:21] [Client thread/INFO]: [CHAT] [ADMIN] tamsakeer [STA]: lol tp
[07:31:25] [Client thread/INFO]: [CHAT] Teleporting...
[07:31:35] [Client thread/INFO]: [CHAT] [ADMIN] tamsakeer [STA]: hop in with me
[07:31:39] [Client thread/INFO]: [CHAT] *  Creeper is no longer AFK.
[07:31:51] [Client thread/INFO]: [CHAT] [ BestSlimeEver -> me] can u do /op Slimefrost?
[07:32:13] [Client thread/INFO]: [CHAT] [ADMIN] VideoGameSmash12 [SA]: lol
[07:32:27] [Client thread/INFO]: [CHAT] <BestCreeperEver Creeper> LK_WolfBoy
[07:32:34] [Client thread/INFO]: [CHAT] <BestWolfEver DaWolf> look!
[07:32:37] [Client thread/INFO]: [CHAT] <BestCreeperEver Creeper> what
[07:32:38] [Client thread/INFO]: [CHAT] tamsakeer - Opping all players on the server
[07:32:38] [Client thread/INFO]: [CHAT] You are now op!
[07:32:45] [Client thread/INFO]: [CHAT] Warning: vj13573 is an admin, but is using an account not registered to one of their ip-list.
[07:32:45] [Client thread/INFO]: [CHAT] vj13573 is a Super Telnet Admin
[07:32:45] [Client thread/INFO]: [CHAT] vj13573 joined the game.
[07:32:50] [Client thread/INFO]: [CHAT] Warning: SupItsDillon is an admin, but is using an account not registered to one of their ip-list.
[07:32:50] [Client thread/INFO]: [CHAT] SupItsDillon is a Super Admin and Potato King
[07:32:50] [Client thread/INFO]: [CHAT] SupItsDillon joined the game.
[07:32:53] [Client thread/INFO]: [CHAT] [ADMIN] VideoGameSmash12 [SA]: hi vj
[07:32:53] [Client thread/INFO]: [CHAT] [ADMIN] SupItsDillon [STA]: hey
[07:32:54] [Client thread/INFO]: [CHAT] * Minecraft652 is now AFK.
[07:32:56] [Client thread/INFO]: [CHAT] [ADMIN] vj13573 [STA]: hi
[07:32:56] [Client thread/INFO]: [CHAT] < BestSlimeEver> so many admins :D
[07:33:04] [Client thread/INFO]: [CHAT] <BestWolfEver DaWolf> i made it
[07:33:05] [Client thread/INFO]: [CHAT] <BestCreeperEver Creeper> awesome
[07:33:07] [Client thread/INFO]: [CHAT] <BestWolfEver DaWolf> AFK
[07:33:12] [Client thread/INFO]: [CHAT] <BestCreeperEver Creeper> do /afk
[07:33:27] [Client thread/INFO]: [CHAT] < ThatOneSlime> Can someone comment on my name?
[07:33:30] [Client thread/INFO]: [CHAT] < ThatOneSlime> lol
[07:33:31] [Client thread/INFO]: [CHAT] [ADMIN] tamsakeer [STA]: now i can hop in too xD
[07:33:36] [Client thread/INFO]: [CHAT] [ADMIN] VideoGameSmash12 [SA]: XD
[07:33:36] [Client thread/INFO]: [CHAT] SupItsDillon left the game.
[07:33:37] [Client thread/INFO]: [CHAT] hlol9ksa left the game.
[07:33:46] [Client thread/INFO]: [CHAT] vj13573 left the game.
[07:33:51] [Client thread/INFO]: [CHAT] < ThatOneSlime> Y is everyone leaving?
[07:33:53] [Client thread/INFO]: [CHAT] <BestCreeperEver Creeper> brb
[07:33:54] [Client thread/INFO]: [CHAT] [ADMIN] VideoGameSmash12 [SA]: OH WHAT THE FUCK
[07:33:55] [Client thread/INFO]: [CHAT] *  Creeper is now AFK.
[07:33:55] [Client thread/INFO]: [CHAT] [ADMIN] tamsakeer [STA]: im left behinf
[07:33:57] [Client thread/INFO]: [CHAT] [ADMIN] tamsakeer [STA]: im left behind
[07:33:58] [Client thread/INFO]: [CHAT] *  ThatOneSlime is now AFK.
[07:34:03] [Client thread/INFO]: [CHAT] *  ThatOneSlime is no longer AFK.
[07:34:06] [Client thread/INFO]: [CHAT] tamsakeer - Purging all player data
[07:34:23] [Client thread/INFO]: [CHAT] [ADMIN] VideoGameSmash12 [SA]: shit im stuck
[07:34:41] [Client thread/INFO]: [CHAT] *  Creeper is no longer AFK.
[07:34:43] [Client thread/INFO]: [CHAT] <BestCreeperEver ThatOneCreeper> yay
[07:34:59] [Client thread/INFO]: [CHAT] Giving 64 of minecart
[07:35:12] [Client thread/INFO]: [CHAT] < Tamsakeer> video wait for me to make it first
[07:35:17] [Client thread/INFO]: [CHAT] <BestCreeperEver ThatOneCreeper> ok
[07:35:43] [Client thread/INFO]: [CHAT] <BestCreeperEver Creeper> 6 players
[07:35:49] [Client thread/INFO]: [CHAT] <BestCreeperEver Creeper> really
[07:35:55] [Client thread/INFO]: [CHAT] [ADMIN] VideoGameSmash12 [SA]: CI didn'tnoticethat
[07:36:00] [Client thread/INFO]: [CHAT] ubeem joined the game.
[07:36:16] [Client thread/INFO]: [CHAT] [ADMIN] tamsakeer [STA]: spam a few in
[07:36:20] [Client thread/INFO]: [CHAT] < ThatOneSlime> what is the WE limit?
[07:36:21] [Client thread/INFO]: [CHAT] < ThatOneSlime> 500?
[07:36:25] [Client thread/INFO]: [CHAT] < ThatOneSlime> 250?
[07:36:25] [Client thread/INFO]: [CHAT] <BestCreeperEver Creeper> 500!
[07:36:29] [Client thread/INFO]: [CHAT] [ADMIN] tamsakeer [STA]: get out first
[07:36:30] [Client thread/INFO]: [CHAT] < ThatOneSlime> OK :p
[07:36:34] [Client thread/INFO]: [CHAT] ArsenArsen joined the game.
[07:36:43] [Client thread/INFO]: [CHAT] [ADMIN] tamsakeer [STA]: get i nand pres the button
[07:36:43] [Client thread/INFO]: [CHAT] <BestCreeperEver Creeper> brb
[07:36:45] [Client thread/INFO]: [CHAT] *  Creeper is now AFK.
[07:36:48] [Client thread/INFO]: [CHAT] <ArsenArsen> hI gUYS!
[07:36:57] [Client thread/INFO]: [CHAT] [ADMIN] tamsakeer [STA]: and off you go
[07:37:03] [Client thread/INFO]: [CHAT] < ThatOneSlime> hello
[07:37:08] [Client thread/INFO]: [CHAT] <ArsenArsen> hey tamsakeer dont ban that guy its not him
[07:37:12] [Client thread/INFO]: [CHAT] <BestWolfEver DaWolf> tamsakeer
[07:37:15] [Client thread/INFO]: [CHAT] < Tamsakeer> yes?
[07:37:26] [Client thread/INFO]: [CHAT] Slimefrost used a forbidden WorldEdit block type: lava
[07:37:29] [Client thread/INFO]: [CHAT] <BestWolfEver DaWolf> come look at what i made
[07:37:29] [Client thread/INFO]: [CHAT] <VideoGameSmash12> wheeee!
[07:37:31] [Client thread/INFO]: [CHAT] < ThatOneSlime> -.-
[07:37:37] [Client thread/INFO]: [CHAT] < Tamsakeer> im bussy right now
[07:37:43] [Client thread/INFO]: [CHAT] Set walking speed to 10 for VideoGameSmash12.
[07:37:44] [Client thread/INFO]: [CHAT] <ArsenArsen> cool
[07:37:57] [Client thread/INFO]: [CHAT] tamsakeer - Opping all players on the server
[07:37:57] [Client thread/INFO]: [CHAT] You are now op!
[07:38:14] [Client thread/INFO]: [CHAT] * Minecraft652 is no longer AFK.
[07:38:16] [Client thread/INFO]: [CHAT] <BestWolfEver DaWolf> what the
[07:38:28] [Client thread/INFO]: [CHAT] < Tamsakeer> were going back now video
[07:38:41] [Client thread/INFO]: [CHAT] ubeem left the game.
[07:38:58] [Client thread/INFO]: [CHAT] [ADMIN] VideoGameSmash12 [SA]: i have an idea
[07:39:11] [Client thread/INFO]: [CHAT] < ThatOneSlime> hey guys its slimefrost here with another episode of
[07:39:11] [Client thread/INFO]: [CHAT] *  Creeper is no longer AFK.
[07:39:12] [Client thread/INFO]: [CHAT] Unknown command. Type "/help" for help.
[07:39:16] [Client thread/INFO]: [CHAT] < ThatOneSlime> minecraft trolling :D
[07:39:17] [Client thread/INFO]: [CHAT] Unknown command. Type "/help" for help.
[07:39:18] [Client thread/INFO]: [CHAT] < ThatOneSlime> jk
[07:39:19] [Client thread/INFO]: [CHAT] < ThatOneSlime> :P
[07:39:22] [Client thread/INFO]: [CHAT] < Tamsakeer> im off
[07:39:25] [Client thread/INFO]: [CHAT] < ThatOneSlime> i wish i could troll, :(
[07:39:25] [Client thread/INFO]: [CHAT] 1 minecarts spawned
[07:39:33] [Client thread/INFO]: [CHAT] 10 minecarts spawned
[07:39:35] [Client thread/INFO]: [CHAT] <ArsenArsen> I can
[07:39:38] [Client thread/INFO]: [CHAT] 10 minecarts spawned
[07:39:39] [Client thread/INFO]: [CHAT] < ThatOneSlime> yea no
[07:39:40] [Client thread/INFO]: [CHAT] <BestCreeperEver Creeper> this is
[07:39:47] [Client thread/INFO]: [CHAT] < ThatOneSlime> unless u decide to tp me into the void ._.
[07:39:49] [Client thread/INFO]: [CHAT] <BestCreeperEver Creeper> pizzzzzzzzzzzzza
[07:39:57] [Client thread/INFO]: [CHAT] Giving 64 of dirt
[07:39:57] [Client thread/INFO]: [CHAT] <BestCreeperEver Creeper> this is pizzzzzzzzzzzzzzzzza
[07:40:01] [Client thread/INFO]: [CHAT] <BestCreeperEver Creeper> so funny
[07:40:04] [Client thread/INFO]: [CHAT] CoolDude8567 joined the game.
[07:40:04] [Client thread/INFO]: [CHAT] Welcome CoolDude8567 to the server!
[07:40:07] [Client thread/INFO]: [CHAT] <BestCreeperEver Creeper> im eating pizza
[07:40:11] [Client thread/INFO]: [CHAT] Minecraftkevin8 joined the game.
[07:40:13] [Client thread/INFO]: [CHAT] <CoolDude8567> gg
[07:40:18] [Client thread/INFO]: [CHAT] tamsakeer - Opping all players on the server
[07:40:18] [Client thread/INFO]: [CHAT] You are now op!
[07:40:24] [Client thread/INFO]: [CHAT] tamsakeer - Changing everyone's gamemode to creative
[07:40:24] [Client thread/INFO]: [CHAT] CreeperDaed - Opping CoolDude8567
[07:40:30] [Client thread/INFO]: [CHAT] <CoolDude8567> ty
[07:40:37] [Client thread/INFO]: [CHAT] <BestCreeperEver Creeper> yw
[07:40:45] [Client thread/INFO]: [CHAT] <BestCreeperEver Creeper> i mean np
[07:41:00] [Client thread/INFO]: [CHAT] < 123CoolDUde8567123> ssdsddfdsfd
[07:41:03] [Client thread/INFO]: [CHAT] <BestWolfEver DaWolf> ARSEN
[07:41:07] [Client thread/INFO]: [CHAT] [Server:tamsakeer] no &k remove it
[07:41:08] [Client thread/INFO]: [CHAT] BuscusFan is a Super Admin
[07:41:08] [Client thread/INFO]: [CHAT] BuscusFan joined the game.
[07:41:08] [Client thread/INFO]: [CHAT] BuscusFan left the game.
[07:41:10] [Client thread/INFO]: [CHAT] havenwalker2013 joined the game.
[07:41:10] [Client thread/INFO]: [CHAT] Welcome havenwalker2013 to the server!
[07:41:14] [Client thread/INFO]: [CHAT] <BestWolfEver DaWolf> CoolDude8567 thants not allowed
[07:41:18] [Client thread/INFO]: [CHAT] BuscusFan is a Super Admin
[07:41:18] [Client thread/INFO]: [CHAT] BuscusFan joined the game.
[07:41:23] [Client thread/INFO]: [CHAT] [ADMIN] BuscusFan [SA]: yo
[07:41:32] [Client thread/INFO]: [CHAT] [ADMIN] BuscusFan [SA]: i am back
[07:41:35] [Client thread/INFO]: [CHAT] <ArsenArsen> lel
[07:41:37] [Client thread/INFO]: [CHAT] < 123CoolDUde8567123> tamsakeer this is cool
[07:41:40] [Client thread/INFO]: [CHAT] <BestWolfEver DaWolf> XD
[07:41:42] [Client thread/INFO]: [CHAT] <[Super Admin] BuscusFan> no &k!
[07:41:44] [Client thread/INFO]: [CHAT] Warning: XxNicozillaxX is an admin, but is using an account not registered to one of their ip-list.
[07:41:44] [Client thread/INFO]: [CHAT] XxNicozillaxX is a Super Admin
[07:41:44] [Client thread/INFO]: [CHAT] XxNicozillaxX joined the game.
[07:41:44] [Client thread/INFO]: [CHAT] Welcome XxNicozillaxX to the server!
[07:41:45] [Client thread/INFO]: [CHAT] [ADMIN] VideoGameSmash12 [SA]: Hi BuscusFan.
[07:41:51] [Client thread/INFO]: [CHAT] [ADMIN] VideoGameSmash12 [SA]: Hi XxNicozillaxX.
[07:41:51] [Client thread/INFO]: [CHAT] [ADMIN] tamsakeer [STA]: i made a train :D
[07:41:53] [Client thread/INFO]: [CHAT] [ADMIN] BuscusFan [SA]: hey video, how's it goin
[07:41:54] [Client thread/INFO]: [CHAT] [ADMIN] XxNicozillaxX [SA]: hi
[07:41:58] [Client thread/INFO]: [CHAT] [ADMIN] BuscusFan [SA]: hey nico
[07:41:58] [Client thread/INFO]: [CHAT] [ADMIN] VideoGameSmash12 [SA]: Good
[07:41:59] [Client thread/INFO]: [CHAT] [Server:tamsakeer] CoolDude8567 remove the &k
[07:42:04] [Client thread/INFO]: [CHAT] [ADMIN] VideoGameSmash12 [SA]: Except that TF is broken
[07:42:07] [Client thread/INFO]: [CHAT] < 123CoolDUde8567123> kk hold on
[07:42:12] [Client thread/INFO]: [CHAT] [ADMIN] BuscusFan [SA]: ikr
[07:42:13] [Client thread/INFO]: [CHAT] [ADMIN] tamsakeer [STA]: i made a train , tp
[07:42:15] [Client thread/INFO]: [CHAT] <BestCreeperEver Creeper> what happend to the /smite command
[07:42:19] [Client thread/INFO]: [CHAT] Slimefrost left the game.
[07:42:20] [Client thread/INFO]: [CHAT] /smite [playername]
[07:42:20] [Client thread/INFO]: [CHAT] [ADMIN] BuscusFan [SA]: it'll all get sorted out soon thoug
[07:42:23] [Client thread/INFO]: [CHAT] CoolDude8567, CreeperDaed
[07:42:24] [Client thread/INFO]: [CHAT] CoolDude8567, CreeperDaed
[07:42:27] [Client thread/INFO]: [CHAT] [ADMIN] BuscusFan [SA]: tam i got a question for you
[07:42:29] [Client thread/INFO]: [CHAT] [ADMIN] BuscusFan [SA]: do you
[07:42:31] [Client thread/INFO]: [CHAT] [ADMIN] tamsakeer [STA]: yea?
[07:42:32] [Client thread/INFO]: [CHAT] CreeperDaed has been a naughty, naughty boy.
[07:42:32] [Client thread/INFO]: [CHAT] CreeperDaed died
[07:42:35] [Client thread/INFO]: [CHAT] [ADMIN] BuscusFan [SA]: like trains?
[07:42:38] [Client thread/INFO]: [CHAT] [ADMIN] BuscusFan [SA]: coz
[07:42:41] [Client thread/INFO]: [CHAT] [ADMIN] tamsakeer [STA]: yes, i made one aswell
[07:42:41] [Client thread/INFO]: [CHAT] [ADMIN] BuscusFan [SA]: I LIKE TRAINS!
[07:42:43] [Client thread/INFO]: [CHAT] <BestCreeperEver Creeper> um
[07:42:45] [Client thread/INFO]: [CHAT] [Server:VideoGameSmash12] you wanted the command
[07:42:47] [Client thread/INFO]: [CHAT] <ArsenArsen> he askd for it
[07:42:47] [Client thread/INFO]: [CHAT] [ADMIN] tamsakeer [STA]: tp to see
[07:42:50] [Client thread/INFO]: [CHAT] <BestCreeperEver Creeper> no
[07:42:52] [Client thread/INFO]: [CHAT] [ADMIN] BuscusFan [SA]: omg so good
[07:42:57] [Client thread/INFO]: [CHAT] [Server:VideoGameSmash12] so I showed it to you
[07:43:00] [Client thread/INFO]: [CHAT] [ADMIN] XxNicozillaxX [SA]: lol
[07:43:03] [Client thread/INFO]: [CHAT] [ADMIN] tamsakeer [STA]: NOOO YOU RUIN IT D:
[07:43:04] [Client thread/INFO]: [CHAT] <BestCreeperEver Creeper> i know it
[07:43:05] [Client thread/INFO]: [CHAT] <ArsenArsen> lol
[07:43:08] [Client thread/INFO]: [CHAT] Teleporting...
[07:43:10] [Client thread/INFO]: [CHAT] < Kevster> how do i get da superadmin?
[07:43:12] [Client thread/INFO]: [CHAT] [ADMIN] tamsakeer [STA]: youre dead to me
[07:43:14] [Client thread/INFO]: [CHAT] [ADMIN] BuscusFan [SA]: this train needs to be more stable tam!
[07:43:14] [Client thread/INFO]: [CHAT] * Minecraft652 is now AFK.
[07:43:15] [Client thread/INFO]: [CHAT] <ArsenArsen> ./ai
[07:43:16] [Client thread/INFO]: [CHAT] [ADMIN] VideoGameSmash12 [SA]: HOLY SHITO
[07:43:16] [Client thread/INFO]: [CHAT] <BestCreeperEver Creeper> apply
[07:43:18] [Client thread/INFO]: [CHAT] havenwalker2013 left the game.
[07:43:19] [Client thread/INFO]: [CHAT] zBlackCreeper81 joined the game.
[07:43:20] [Client thread/INFO]: [CHAT] [ADMIN] BuscusFan [SA]: senpai please <3
[07:43:22] [Client thread/INFO]: [CHAT] < CoolDude8567> Ok no more &k
[07:43:22] [Client thread/INFO]: [CHAT] [ADMIN] VideoGameSmash12 [SA]: HAHAHAHAAHAHAHAHA
[07:43:29] [Client thread/INFO]: [CHAT] <zBlackCreeper81> i knew it b4 u nico
[07:43:31] [Client thread/INFO]: [CHAT] <zBlackCreeper81> xP
[07:43:32] [Client thread/INFO]: [CHAT] ilocanaak25 joined the game.
[07:43:32] [Client thread/INFO]: [CHAT] Welcome ilocanaak25 to the server!
[07:43:32] [Client thread/INFO]: [CHAT] [ADMIN] BuscusFan [SA]: plz senpai dun hit meh!
[07:43:34] [Client thread/INFO]: [CHAT] <ArsenArsen> whats &k
[07:43:45] [Client thread/INFO]: [CHAT] <[Super Admin] XxNicozillaxX> lol I knew it already just forgot xD
[07:43:47] [Client thread/INFO]: [CHAT] RobinGall2910 joined the game.
[07:43:48] [Client thread/INFO]: [CHAT] [ADMIN] BuscusFan [SA]: how'd you do it any? xD
[07:43:53] [Client thread/INFO]: [CHAT] <RobinGall2910> logged in via the CreeperOS 8 Core (Linux edition)
[07:43:53] [Client thread/INFO]: [CHAT] <zBlackCreeper81> i knew along time ago
[07:43:54] [Client thread/INFO]: [CHAT] [ADMIN] BuscusFan [SA]: oh nico
[07:43:57] [Client thread/INFO]: [CHAT] [ADMIN] VideoGameSmash12 [SA]: ALL ABORD
[07:43:58] [Client thread/INFO]: [CHAT] [ADMIN] XxNicozillaxX [SA]: ?
[07:44:02] [Client thread/INFO]: [CHAT] <zBlackCreeper81> i use to play on drakons internet
[07:44:06] [Client thread/INFO]: [CHAT] <zBlackCreeper81> when nobody knew
[07:44:09] [Client thread/INFO]: [CHAT] < EpicBacca> ...
[07:44:09] [Client thread/INFO]: [CHAT] captainsparky33 joined the game.
[07:44:10] [Client thread/INFO]: [CHAT] [ADMIN] tamsakeer [STA]: nicozilla isnt allowed on my train
[07:44:13] [Client thread/INFO]: [CHAT] <captainsparky33> zblack
[07:44:13] [Client thread/INFO]: [CHAT] <zBlackCreeper81> itzbloop banned me
[07:44:14] [Client thread/INFO]: [CHAT] [ADMIN] BuscusFan [SA]: i'm not sure if chong fixed it or not, but silentkillers custom login may need to be changed
[07:44:16] [Client thread/INFO]: [CHAT] <zBlackCreeper81> ? captainsparky33
[07:44:18] [Client thread/INFO]: [CHAT] [ADMIN] XxNicozillaxX [SA]: xD
[07:44:18] [Client thread/INFO]: [CHAT] [ADMIN] VideoGameSmash12 [SA]: who is
[07:44:19] [Client thread/INFO]: [CHAT] <BestCreeperEver Creeper> ./ai
[07:44:20] [Client thread/INFO]: [CHAT] [ADMIN] XxNicozillaxX [SA]: Ok
[07:44:26] [Client thread/INFO]: [CHAT] <captainsparky33> what wasthe skin thing
[07:44:31] [Client thread/INFO]: [CHAT] <captainsparky33> was the*
[07:44:39] [Client thread/INFO]: [CHAT] <BestCreeperEver zBlackCreeper81> IM THE BEST creeperever
[07:44:42] [Client thread/INFO]: [CHAT] <BestCreeperEver zBlackCreeper81> captainsparky33
[07:44:43] [Client thread/INFO]: [CHAT] <BestWolfEver DaWolf> YAY
[07:44:45] [Client thread/INFO]: [CHAT] <captainsparky33> ye
[07:44:45] [Client thread/INFO]: [CHAT] [ADMIN] VideoGameSmash12 [SA]: look behind you tam
[07:44:46] [Client thread/INFO]: [CHAT] [ADMIN] BuscusFan [SA]: because since it was changed when it was telnet it's saying he's a telnet in his login message
[07:44:46] [Client thread/INFO]: [CHAT] utkulovemc joined the game.
[07:44:47] [Client thread/INFO]: [CHAT] Welcome utkulovemc to the server!
[07:44:52] [Client thread/INFO]: [CHAT] <BestCreeperEver zBlackCreeper81> http://www.minecraftskins.com/skin/3322316/derp/
[07:44:52] [Client thread/INFO]: [CHAT] <BestCreeperEver Creeper> im the best creeper
[07:44:54] [Client thread/INFO]: [CHAT] [ADMIN] VideoGameSmash12 [SA]: hi
[07:44:54] [Client thread/INFO]: [CHAT] BuscusFan - Opping all players on the server
[07:44:54] [Client thread/INFO]: [CHAT] You are now op!
[07:44:57] [Client thread/INFO]: [CHAT] <captainsparky33> okay
[07:44:58] [Client thread/INFO]: [CHAT] <BestCreeperEver Creeper> derp
[07:45:02] [Client thread/INFO]: [CHAT] [ADMIN] tamsakeer [STA]: xD
[07:45:03] [Client thread/INFO]: [CHAT] <BestCreeperEver zBlackCreeper81> are you premium?
[07:45:08] [Client thread/INFO]: [CHAT] <BestCreeperEver Creeper> yes
[07:45:08] [Client thread/INFO]: [CHAT] <utkulovemc> i luv steves
[07:45:12] [Client thread/INFO]: [CHAT] [ADMIN] VideoGameSmash12 [SA]: hahahahahahah
[07:45:13] [Client thread/INFO]: [CHAT] <BestCreeperEver zBlackCreeper81> im premium
[07:45:15] [Client thread/INFO]: [CHAT] < Tamsakeer> were derpin' so hard right now xD
[07:45:17] [Client thread/INFO]: [CHAT] <BestCreeperEver Creeper> my real name is CreeperDaed
[07:45:23] [Client thread/INFO]: [CHAT] <BestCreeperEver Creeper> my real name is zBlackCreeper81
[07:45:26] [Client thread/INFO]: [CHAT] <ArsenArsen> Im premium with steves skin xD hahahha
[07:45:28] [Client thread/INFO]: [CHAT] <BestWolfEver DaWolf> creep
[07:45:35] [Client thread/INFO]: [CHAT] <BestCreeperEver Creeper> what
[07:45:36] [Client thread/INFO]: [CHAT] [ADMIN] tamsakeer [STA]: TREEEEEEE
[07:45:41] [Client thread/INFO]: [CHAT] <ArsenArsen> lol im not
[07:45:44] [Client thread/INFO]: [CHAT] <BestWolfEver DaWolf> i saved our coaster
[07:45:47] [Client thread/INFO]: [CHAT] [ADMIN] BuscusFan [SA]: tree!?!?!
[07:45:51] [Client thread/INFO]: [CHAT] <BestCreeperEver Creeper> what happend
[07:45:55] [Client thread/INFO]: [CHAT] [ADMIN] XxNicozillaxX [SA]: Just so you know zBlackCreeper81 is XxzapperxX
[07:45:56] [Client thread/INFO]: [CHAT] <BestCreeperEver Creeper> i was adk
[07:45:58] [Client thread/INFO]: [CHAT] <BestCreeperEver Creeper> afk
[07:45:58] [Client thread/INFO]: [CHAT] [ADMIN] tamsakeer [STA]: we passed it
[07:45:59] [Client thread/INFO]: [CHAT] [ADMIN] BuscusFan [SA]: WHERE IZ TREE!?!!?!??!?!
[07:46:01] [Client thread/INFO]: [CHAT] *  Creeper is now AFK.
[07:46:02] [Client thread/INFO]: [CHAT] *  Creeper is no longer AFK.
[07:46:03] [Client thread/INFO]: [CHAT] <BestWolfEver DaWolf> it said RollerCoaster saved
[07:46:08] [Client thread/INFO]: [CHAT] <BestCreeperEver Creeper> were
[07:46:09] [Client thread/INFO]: [CHAT] [ADMIN] tamsakeer [STA]: BACUS NO<
[07:46:12] [Client thread/INFO]: [CHAT] <BestCreeperEver Creeper> XxNicozillaxX
[07:46:13] [Client thread/INFO]: [CHAT] [ADMIN] BuscusFan [SA]: it wasn't me!
[07:46:15] [Client thread/INFO]: [CHAT] <utkulovemc> COOL SERVER! :) This is the most Superawesome server! :D
[07:46:15] [Client thread/INFO]: [CHAT] <BestCreeperEver Creeper> ncan u use cmdblocks
[07:46:15] [Client thread/INFO]: [CHAT] [ADMIN] BuscusFan [SA]: this time
[07:46:21] [Client thread/INFO]: [CHAT] <[Super Admin] XxNicozillaxX> No.
[07:46:22] [Client thread/INFO]: [CHAT] [ADMIN] VideoGameSmash12 [SA]: oops
[07:46:24] [Client thread/INFO]: [CHAT] * Minecraft652 is no longer AFK.
[07:46:24] [Client thread/INFO]: [CHAT] <BestCreeperEver Creeper> Ohj
[07:46:27] [Client thread/INFO]: [CHAT] <BestCreeperEver Creeper> if people could
[07:46:28] [Client thread/INFO]: [CHAT] [ADMIN] BuscusFan [SA]: see video did it xD
[07:46:28] [Client thread/INFO]: [CHAT] [ADMIN] tamsakeer [STA]: LEAVE MALONE< MY TAINS!!
[07:46:28] [Client thread/INFO]: [CHAT] <BestCreeperEver Creeper> ...
[07:46:31] [Client thread/INFO]: [CHAT] <BestCreeperEver Creeper> everyone would be an sa
[07:46:38] [Client thread/INFO]: [CHAT] 10 minecarts spawned
[07:46:40] [Client thread/INFO]: [CHAT] <[Super Admin] XxNicozillaxX> If people could they can add their self to sa..
[07:46:42] [Client thread/INFO]: [CHAT] [ADMIN] BuscusFan [SA]: senpai plz
[07:46:46] [Client thread/INFO]: [CHAT] <BestCreeperEver Creeper> ik
[07:46:53] [Client thread/INFO]: [CHAT] <captainsparky33> zBlackCreeper81 again XD
[07:46:54] [Client thread/INFO]: [CHAT] Set fly mode disabled for VideoGameSmash12.
[07:46:55] [Client thread/INFO]: [CHAT] Set fly mode enabled for VideoGameSmash12.
[07:46:59] [Client thread/INFO]: [CHAT] *  Creeper is now AFK.
[07:47:03] [Client thread/INFO]: [CHAT] Teleporting to top.
[07:47:04] [Client thread/INFO]: [CHAT] <BestCreeperEver Creeper> http://www.minecraftskins.com/skin/3322316/derp/
[07:47:05] [Client thread/INFO]: [CHAT] <[Super Admin] BuscusFan> if they knew the command
[07:47:08] [Client thread/INFO]: [CHAT] <BestCreeperEver Creeper> click apply to minecraft
[07:47:11] [Client thread/INFO]: [CHAT] <BestCreeperEver Creeper> when u go there
[07:47:14] [Client thread/INFO]: [CHAT] < CoolDude8567> Minecraftkevin8?
[07:47:16] [Client thread/INFO]: [CHAT] <BestCreeperEver Creeper> ik
[07:47:16] [Client thread/INFO]: [CHAT] [ADMIN] BuscusFan [SA]: i saw 22 Jump Street in Gold Lounge today
[07:47:25] [Client thread/INFO]: [CHAT] <BestCreeperEver Creeper> ./saconfig add {username}
[07:47:26] [Client thread/INFO]: [CHAT] <Minecraft652> we
[07:47:27] [Client thread/INFO]: [CHAT] <[Super Admin] XxNicozillaxX> srsly Minecraft
[07:47:28] [Client thread/INFO]: [CHAT] VideoGameSmash12 has been a naughty, naughty boy.
[07:47:28] [Client thread/INFO]: [CHAT] Your game mode has been updated
[07:47:28] [Client thread/INFO]: [CHAT] Use the /back command to return to your death point.
[07:47:28] [Client thread/INFO]: [CHAT] VideoGameSmash12 died
[07:47:35] [Client thread/INFO]: [CHAT] [ADMIN] tamsakeer [STA]: wth?
[07:47:37] [Client thread/INFO]: [CHAT] <BestCreeperEver Creeper> u can use it from console or commandblock
[07:47:38] [Client thread/INFO]: [CHAT] <BestWolfEver DaWolf> :D
[07:47:39] [Client thread/INFO]: [CHAT] Jesse943 joined the game.
[07:47:40] [Client thread/INFO]: [CHAT] Welcome Jesse943 to the server!
[07:47:42] [Client thread/INFO]: [CHAT] < CoolDude8567> how you make it bouncy?
[07:47:43] [Client thread/INFO]: [CHAT] RobinGall2910 left the game.
[07:47:44] [Client thread/INFO]: [CHAT] [ADMIN] VideoGameSmash12 [SA]: lol
[07:47:45] [Client thread/INFO]: [CHAT] VideoGameSmash12 - Opping VideoGameSmash12
[07:47:45] [Client thread/INFO]: [CHAT] You are now op!
[07:47:48] [Client thread/INFO]: [CHAT] [ADMIN] BuscusFan [SA]: ?
[07:47:50] [Client thread/INFO]: [CHAT] <captainsparky33> Brb
[07:47:52] [Client thread/INFO]: [CHAT] captainsparky33 left the game.
[07:47:54] [Client thread/INFO]: [CHAT] Set fly mode enabled for VideoGameSmash12.
[07:47:54] [Client thread/INFO]: [CHAT] <BestCreeperEver Creeper> XxNicozillaxX
[07:47:55] [Client thread/INFO]: [CHAT] [ADMIN] tamsakeer [STA]: noboty tp to me
[07:47:56] [Client thread/INFO]: [CHAT] < CoolDude8567> how?
[07:47:58] [Client thread/INFO]: [CHAT] <[Super Admin] XxNicozillaxX> ?
[07:47:58] [Client thread/INFO]: [CHAT] <BestCreeperEver Creeper> do u own a allop server
[07:48:00] [Client thread/INFO]: [CHAT] *  Creeper is no longer AFK.
[07:48:00] [Client thread/INFO]: [CHAT] <BestCreeperEver Creeper> zBlackCreeper81 get out of my nick and tag im the best creeper
[07:48:02] [Client thread/INFO]: [CHAT] [ADMIN] tamsakeer [STA]: im in a train
[07:48:03] [Client thread/INFO]: [CHAT] Robo_Lord joined the game.
[07:48:05] [Client thread/INFO]: [CHAT] [ADMIN] BuscusFan [SA]: kk
[07:48:05] [Client thread/INFO]: [CHAT] <utkulovemc> dammit its falied
[07:48:06] [Client thread/INFO]: [CHAT] Set flying speed to 10 for VideoGameSmash12.
[07:48:06] [Client thread/INFO]: [CHAT] ilocanaak25 has been a naughty, naughty boy.
[07:48:06] [Client thread/INFO]: [CHAT] ilocanaak25 died
[07:48:07] [Client thread/INFO]: [CHAT] <[Super Admin] BuscusFan> hey robo
[07:48:08] [Client thread/INFO]: [CHAT] [Server:XxNicozillaxX] lolno
[07:48:08] [Client thread/INFO]: [CHAT] <Robo_Lord> hei buddies
[07:48:09] [Client thread/INFO]: [CHAT] <Robo_Lord> jk
[07:48:09] [Client thread/INFO]: [CHAT] <BestWolfEver DaWolf> ArsenArsen plz stop
[07:48:10] [Client thread/INFO]: [CHAT] <BestCreeperEver Creeper> Ok
[07:48:10] [Client thread/INFO]: [CHAT] Set walking speed to 10 for VideoGameSmash12.
[07:48:11] [Client thread/INFO]: [CHAT] <Robo_Lord> Hey Buscas
[07:48:11] [Client thread/INFO]: [CHAT] < Tamsakeer> TRAIN
[07:48:12] [Client thread/INFO]: [CHAT] <[Super Admin] XxNicozillaxX> roboooo
[07:48:12] [Client thread/INFO]: [CHAT] <BestWolfEver DaWolf> oh...
[07:48:13] [Client thread/INFO]: [CHAT] <[Super Admin] XxNicozillaxX> hai
[07:48:16] [Client thread/INFO]: [CHAT] <Robo_Lord> Hai <3
[07:48:18] [Client thread/INFO]: [CHAT] <BestWolfEver DaWolf> NO
[07:48:18] [Client thread/INFO]: [CHAT] <utkulovemc> nauty nauhty boy XD
[07:48:20] [Client thread/INFO]: [CHAT] <ArsenArsen> ok
[07:48:24] [Client thread/INFO]: [CHAT] ArsenArsen died
[07:48:24] [Client thread/INFO]: [CHAT] ArsenArsen took their own life.
[07:48:30] [Client thread/INFO]: [CHAT] BuscusFan left the game.
[07:48:31] [Client thread/INFO]: [CHAT] <Robo_Lord> i am watching Robocop atm ;3
[07:48:37] [Client thread/INFO]: [CHAT] <TheRealCreeper Umania> Hi Robo_Lord
[07:48:38] [Client thread/INFO]: [CHAT] <TheRealCreeper Umania> :D
[07:48:39] [Client thread/INFO]: [CHAT] <Robo_Lord> NOJK
[07:48:39] [Client thread/INFO]: [CHAT] <TheRealCreeper Umania> im zBlackCreeper81
[07:48:42] [Client thread/INFO]: [CHAT] <Robo_Lord> Hi?
[07:48:46] [Client thread/INFO]: [CHAT] <VideoGameSmash12> RoboCop_Lord
[07:48:46] [Client thread/INFO]: [CHAT] <Robo_Lord> do i know you?
[07:48:46] [Client thread/INFO]: [CHAT] <TheRealCreeper Umania> i mean
[07:48:48] [Client thread/INFO]: [CHAT] ilocanaak25 left the game.
[07:48:49] [Client thread/INFO]: [CHAT] <TheRealCreeper Umania> im xxzapperxx
[07:48:49] [Client thread/INFO]: [CHAT] BuscusFan is a Super Admin
[07:48:49] [Client thread/INFO]: [CHAT] BuscusFan joined the game.
[07:48:50] [Client thread/INFO]: [CHAT] <Robo_Lord> YESH <<3
[07:48:56] [Client thread/INFO]: [CHAT] <TheRealCreeper Umania> long time no see
[07:48:56] [Client thread/INFO]: [CHAT] <Robo_Lord> Wb buscus
[07:48:58] [Client thread/INFO]: [CHAT] [ADMIN] BuscusFan [SA]: just had to check something real quick
[07:49:03] [Client thread/INFO]: [CHAT] <Robo_Lord> Ohhh
[07:49:08] [Client thread/INFO]: [CHAT] <Robo_Lord> Remember you Zapper
[07:49:08] [Client thread/INFO]: [CHAT] < CoolDude8567> Can i be a admin?
[07:49:10] [Client thread/INFO]: [CHAT] <Robo_Lord> No
[07:49:11] [Client thread/INFO]: [CHAT] <ArsenArsen> minceraft at my scren
[07:49:12] [Client thread/INFO]: [CHAT] <Robo_Lord> do .ai
[07:49:13] [Client thread/INFO]: [CHAT] <Robo_Lord> do /ai
[07:49:16] [Client thread/INFO]: [CHAT] <Robo_Lord> then apply in july
[07:49:17] [Client thread/INFO]: [CHAT] <TheRealCreeper zBlackCreeper81> robo
[07:49:19] [Client thread/INFO]: [CHAT] <Robo_Lord> YeS?
[07:49:21] [Client thread/INFO]: [CHAT] <TheRealCreeper zBlackCreeper81> do u still run ur server?
[07:49:21] [Client thread/INFO]: [CHAT] That command is blocked.
[07:49:25] [Client thread/INFO]: [CHAT] <TheRealCreeper zBlackCreeper81> silvercraft
[07:49:27] [Client thread/INFO]: [CHAT] <[Super Admin] XxNicozillaxX> No he doesnt
[07:49:28] [Client thread/INFO]: [CHAT] Connecting...
[07:49:28] [Client thread/INFO]: [CHAT] Registration updated.
[07:49:28] [Client thread/INFO]: [CHAT] <Robo_Lord> LOL
[07:49:29] [Client thread/INFO]: [CHAT] Minecraftkevin8 - Opping CoolDude8567
[07:49:31] [Client thread/INFO]: [CHAT] <[Super Admin] XxNicozillaxX> Silvercraft isnt his server
[07:49:32] [Client thread/INFO]: [CHAT] <Robo_Lord> That was ages ago
[07:49:34] [Client thread/INFO]: [CHAT] < CoolDude8567> i am
[07:49:34] [Client thread/INFO]: [CHAT] <BestCreeperEver Creeper> july is in 3 days
[07:49:36] [Client thread/INFO]: [CHAT] <TheRealCreeper zBlackCreeper81> whos is it?
[07:49:41] [Client thread/INFO]: [CHAT] <[Super Admin] XxNicozillaxX> AggelosQQ
[07:49:43] [Client thread/INFO]: [CHAT] <Robo_Lord> I Owned SilverCraft 3-4 Months ago
[07:49:45] [Client thread/INFO]: [CHAT] Unknown command. Type "/help" for help.
[07:49:47] [Client thread/INFO]: [CHAT] Unknown command. Type "/help" for help.
[07:49:47] [Client thread/INFO]: [CHAT] <TheRealCreeper zBlackCreeper81> oh
[07:49:50] [Client thread/INFO]: [CHAT] <BestCreeperEver Creeper> whath append
[07:49:51] [Client thread/INFO]: [CHAT] <Robo_Lord> Then changed it to RoboFreedom
[07:49:55] [Client thread/INFO]: [CHAT] Max blocks changed in an operation reached (10000).
[07:50:00] [Client thread/INFO]: [CHAT] <BestCreeperEver Creeper> is taht bad
[07:50:01] [Client thread/INFO]: [CHAT] <BestCreeperEver Creeper> that
[07:50:02] [Client thread/INFO]: [CHAT] Max blocks changed in an operation reached (10000).
[07:50:07] [Client thread/INFO]: [CHAT] 7563 block(s) have been removed.
[07:50:20] [Client thread/INFO]: [CHAT] [utkulovemc: Data tag parsing failed: Unbalanced brackets: {Equipment:[{id:267},{id:309},{id:308},{id:307},{id:397}],CustomName:Guard,C]
[07:50:20] [Client thread/INFO]: [CHAT] VideoGameSmash12 - Opping VideoGameSmash12
[07:50:21] [Client thread/INFO]: [CHAT] You are now op!
[07:50:24] [Client thread/INFO]: [CHAT] Minecraftkevin8 used a forbidden WorldEdit block type: lava
[07:50:27] [Client thread/INFO]: [CHAT] <TheRealCreeper zBlackCreeper81> is spartans server still up?
[07:50:28] [Client thread/INFO]: [CHAT] ArsenArsen died
[07:50:28] [Client thread/INFO]: [CHAT] ArsenArsen took their own life.
[07:50:31] [Client thread/INFO]: [CHAT] <[Super Admin] XxNicozillaxX> No
[07:50:37] [Client thread/INFO]: [CHAT] [utkulovemc: Data tag parsing failed: Unbalanced brackets: {Equipment:[{id:267},{id:309},{id:308},{id:307},{id:397}],CustomName:Guard,]
[07:50:41] [Client thread/INFO]: [CHAT] [utkulovemc: Data tag parsing failed: Unbalanced brackets: {Equipment:[{id:267},{id:309},{id:308},{id:307},{id:397}],CustomName:Guard]
[07:50:42] [Client thread/INFO]: [CHAT] <TheRealCreeper zBlackCreeper81> did micro get demoted?
[07:50:49] [Client thread/INFO]: [CHAT] <[Super Admin] XxNicozillaxX> No she resigned
[07:50:52] [Client thread/INFO]: [CHAT] <BestCreeperEver Creeper> i was lvl 0 at acidpvp 6-9 months ago then they changed it to blaze games
[07:50:52] [Client thread/INFO]: [CHAT] DracoMineManZX joined the game.
[07:50:52] [Client thread/INFO]: [CHAT] Welcome DracoMineManZX to the server!
[07:50:53] [Client thread/INFO]: [CHAT] <TheRealCreeper zBlackCreeper81> im 1000000000000000000000000000000000000% sure bella did
[07:50:57] [Client thread/INFO]: [CHAT] <TheRealCreeper zBlackCreeper81> because shes a bad admin
[07:50:58] [Client thread/INFO]: [CHAT] <Minecraft652> um
[07:51:00] [Client thread/INFO]: [CHAT] [ADMIN] VideoGameSmash12 [SA]: FUCK WINDOWS 8
[07:51:01] [Client thread/INFO]: [CHAT] <TheRealCreeper zBlackCreeper81> she sent me crap
[07:51:02] [Client thread/INFO]: [CHAT] <[Super Admin] XxNicozillaxX> Yeah bella did XD
[07:51:04] [Client thread/INFO]: [CHAT] [ADMIN] BuscusFan [SA]: ikr
[07:51:07] [Client thread/INFO]: [CHAT] <TheRealCreeper zBlackCreeper81> so many times
[07:51:07] [Client thread/INFO]: [CHAT] <DracoMineManZX> Hi
[07:51:09] [Client thread/INFO]: [CHAT] [ADMIN] BuscusFan [SA]: windows vista FTW! jks
[07:51:09] [Client thread/INFO]: [CHAT] < Kevster> guys can someone op me again?
[07:51:11] [Client thread/INFO]: [CHAT] <[Super Admin] XxNicozillaxX> DRACO
[07:51:16] [Client thread/INFO]: [CHAT] XxNicozillaxX - Opping all players on the server
[07:51:16] [Client thread/INFO]: [CHAT] You are now op!
[07:51:16] [Client thread/INFO]: [CHAT] Your game mode has been updated
[07:51:17] [Client thread/INFO]: [CHAT] <DracoMineManZX> what
[07:51:18] [Client thread/INFO]: [CHAT] <[Super Admin] XxNicozillaxX> ermagerd
[07:51:19] [Client thread/INFO]: [CHAT] <TheRealCreeper zBlackCreeper81> she kept sending me ADMIN LIST!
[07:51:21] [Client thread/INFO]: [CHAT] <[Super Admin] XxNicozillaxX> i remember you
[07:51:25] [Client thread/INFO]: [CHAT] <DracoMineManZX> do u?
[07:51:26] [Client thread/INFO]: [CHAT] SonicMineCrafter joined the game.
[07:51:30] [Client thread/INFO]: [CHAT] <DracoMineManZX> who r u?
[07:51:31] [Client thread/INFO]: [CHAT] <TheRealCreeper zBlackCreeper81> SonicMineCrafter
[07:51:32] [Client thread/INFO]: [CHAT] <Robo_Lord> Buscus, are you a telnet clan admin?
[07:51:32] [Client thread/INFO]: [CHAT] [ADMIN] VideoGameSmash12 [SA]: Windows ME or 95 SUCKS BALLSS
[07:51:33] [Client thread/INFO]: [CHAT] <BestCreeperEver Creeper> everyone likes me
[07:51:34] [Client thread/INFO]: [CHAT] Minecraftkevin8 used a forbidden WorldEdit block type: water
[07:51:36] [Client thread/INFO]: [CHAT] <TheRealCreeper zBlackCreeper81> wats taahfreedom ip
[07:51:39] [Client thread/INFO]: [CHAT] <Minecraft652> um hi
[07:51:40] [Client thread/INFO]: [CHAT] <BestCreeperEver Creeper> no hes a sa
[07:51:42] [Client thread/INFO]: [CHAT] <[Super Admin] XxNicozillaxX> ocrp you dont know
[07:51:43] [Client thread/INFO]: [CHAT] <Minecraft652> um hi zBlackCreeper81
[07:51:47] [Client thread/INFO]: [CHAT] <SonicMineCrafter> im not saying.
[07:51:51] [Client thread/INFO]: [CHAT] <TheRealCreeper zBlackCreeper81> u can advertise
[07:51:52] [Client thread/INFO]: [CHAT] <[Super Admin] BuscusFan> no
[07:51:53] [Client thread/INFO]: [CHAT] < Kevster> can someone op me (again)
[07:51:59] [Client thread/INFO]: [CHAT] <TheRealCreeper zBlackCreeper81> advertise is aloud
[07:52:01] [Client thread/INFO]: [CHAT] CoolDude8567 - Opping Minecraftkevin8
[07:52:04] [Client thread/INFO]: [CHAT] <DracoMineManZX> OH! i remember you vaigly XxNicozillaxX
[07:52:05] [Client thread/INFO]: [CHAT] VideoGameSmash12 - Setting Jumppads strength to: 10.0
[07:52:06] [Client thread/INFO]: [CHAT] MicroMiniMouse joined the game.
[07:52:06] [Client thread/INFO]: [CHAT] Welcome MicroMiniMouse to the server!
[07:52:08] [Client thread/INFO]: [CHAT] <Robo_Lord> No..
[07:52:08] [Client thread/INFO]: [CHAT] < Kevster> thats better
[07:52:08] [Client thread/INFO]: [CHAT] <[Super Admin] XxNicozillaxX> ;e
[07:52:09] [Client thread/INFO]: [CHAT] <ArsenArsen> yayay
[07:52:10] [Client thread/INFO]: [CHAT] <Robo_Lord> Hai Micro
[07:52:10] [Client thread/INFO]: [CHAT] <[Super Admin] XxNicozillaxX> ;3
[07:52:11] [Client thread/INFO]: [CHAT] <TheRealCreeper zBlackCreeper81> Yeah
[07:52:12] [Client thread/INFO]: [CHAT] <[Super Admin] BuscusFan> hey micro
[07:52:13] [Client thread/INFO]: [CHAT] <DracoMineManZX> lol
[07:52:13] [Client thread/INFO]: [CHAT] <TheRealCreeper zBlackCreeper81> 1time
[07:52:13] [Client thread/INFO]: [CHAT] <Robo_Lord> lol
[07:52:18] [Client thread/INFO]: [CHAT] <MicroMiniMouse> Hey
[07:52:20] [Client thread/INFO]: [CHAT] <DracoMineManZX> Hi MicroMiniMouse
[07:52:21] [Client thread/INFO]: [CHAT] SonicMineCrafter left the game.
[07:52:22] [Client thread/INFO]: [CHAT] <[Super Admin] XxNicozillaxX> Micro hai
[07:52:24] [Client thread/INFO]: [CHAT] <[Super Admin] BuscusFan> how's it goin
[07:52:25] [Client thread/INFO]: [CHAT] <TheRealCreeper zBlackCreeper81> Hi MicroMiniMouse
[07:52:29] [Client thread/INFO]: [CHAT] <MicroMiniMouse> Happy
[07:52:34] [Client thread/INFO]: [CHAT] <BestCreeperEver Creeper> set jumppads to 10
[07:52:36] [Client thread/INFO]: [CHAT] Slimefrost joined the game.
[07:52:37] [Client thread/INFO]: [CHAT] <Robo_Lord> Micro, i got developer on FOP ;3
[07:52:42] [Client thread/INFO]: [CHAT] <MicroMiniMouse> Yea i saw
[07:52:44] [Client thread/INFO]: [CHAT] tamsakeer - Setting Jumppads strength to: 10.0
[07:52:45] [Client thread/INFO]: [CHAT] <TheRealCreeper zBlackCreeper81> wats fop?
[07:52:48] [Client thread/INFO]: [CHAT] <TheRealCreeper zBlackCreeper81> freedomOP?
[07:52:50] [Client thread/INFO]: [CHAT] <TheRealCreeper zBlackCreeper81> taahs server
[07:52:50] [Client thread/INFO]: [CHAT] <[Super Admin] XxNicozillaxX> yeah
[07:52:53] [Client thread/INFO]: [CHAT] <[Super Admin] XxNicozillaxX> No
[07:52:55] [Client thread/INFO]: [CHAT] [ADMIN] VideoGameSmash12 [SA]: OMG ITS AN EXRAY OF A BALLSACK
[07:52:55] [Client thread/INFO]: [CHAT] <TheRealCreeper zBlackCreeper81> kanes?
[07:52:55] [Client thread/INFO]: [CHAT] Warning: Obi2kanobi is an admin, but is using an account not registered to one of their ip-list.
[07:52:55] [Client thread/INFO]: [CHAT] Obi2kanobi is a Super Telnet Admin
[07:52:55] [Client thread/INFO]: [CHAT] Obi2kanobi joined the game.
[07:52:55] [Client thread/INFO]: [CHAT] Welcome Obi2kanobi to the server!
[07:52:57] [Client thread/INFO]: [CHAT] <[Super Admin] BuscusFan> because i'm HAPPY! clap along if you feel like a room without a roof!
[07:52:59] [Client thread/INFO]: [CHAT] <[Super Admin] BuscusFan> :D
[07:53:01] [Client thread/INFO]: [CHAT] [ADMIN] BuscusFan [SA]: obi! :D
[07:53:05] [Client thread/INFO]: [CHAT] [ADMIN] BuscusFan [SA]: hai
[07:53:06] [Client thread/INFO]: [CHAT] <DracoMineManZX> MicroMiniMouse behind u
[07:53:06] [Client thread/INFO]: [CHAT] <[Super Admin] XxNicozillaxX> obiiii
[07:53:06] [Client thread/INFO]: [CHAT] <ArsenArsen> open
[07:53:08] [Client thread/INFO]: [CHAT] < ThatOneSlime> -claps-
[07:53:11] [Client thread/INFO]: [CHAT] < Kevster> can someone tp to me if you have perms for water
[07:53:11] [Client thread/INFO]: [CHAT] <Robo_Lord> *clap* (clap*
[07:53:11] [Client thread/INFO]: [CHAT] <DracoMineManZX> Hai
[07:53:12] [Client thread/INFO]: [CHAT] captainsparky33 joined the game.
[07:53:18] [Client thread/INFO]: [CHAT] <captainsparky33> ill do that later
[07:53:21] [Client thread/INFO]: [CHAT] mingama joined the game.
[07:53:24] [Client thread/INFO]: [CHAT] < mingama> hi
[07:53:25] [Client thread/INFO]: [CHAT] Grenos joined the game.
[07:53:25] [Client thread/INFO]: [CHAT] <BestWolfEver DaWolf> STOP
[07:53:29] [Client thread/INFO]: [CHAT] <BestCreeperEver Creeper> 5 admins
[07:53:33] [Client thread/INFO]: [CHAT] <MicroMiniMouse> Hi
[07:53:33] [Client thread/INFO]: [CHAT] <captainsparky33> Wb all!
[07:53:35] [Client thread/INFO]: [CHAT] < Grenos> BuscusFan! Remmber me!
[07:53:37] [Client thread/INFO]: [CHAT] <DracoMineManZX> Sup
[07:53:40] [Client thread/INFO]: [CHAT] <[Super Admin] BuscusFan> grenos! :D
[07:53:42] [Client thread/INFO]: [CHAT] < Grenos> *remember
[07:53:43] [Client thread/INFO]: [CHAT] <[Super Admin] BuscusFan> long time no see
[07:53:44] [Client thread/INFO]: [CHAT] <BestCreeperEver Creeper> bye LK_WolfBoy :{
[07:53:44] [Client thread/INFO]: [CHAT] < Grenos> Heeey!
[07:53:46] [Client thread/INFO]: [CHAT] < mingama> 4 admins on
[07:53:47] [Client thread/INFO]: [CHAT] <[Super Admin] BuscusFan> how've you been
[07:53:47] [Client thread/INFO]: [CHAT] < Grenos> Yup
[07:53:47] [Client thread/INFO]: [CHAT] utkulovemc - Opping utkulovemc
[07:53:52] [Client thread/INFO]: [CHAT] < ThatOneSlime> lol 4 admins :D
[07:53:55] [Client thread/INFO]: [CHAT] <MicroMiniMouse> Nutin u?
[07:53:56] [Client thread/INFO]: [CHAT] < Grenos> Good! I just re-aplied for super-admin
[07:53:57] [Client thread/INFO]: [CHAT] < mingama> MicroMiniMouse isnt an admin anymorme
[07:53:59] [Client thread/INFO]: [CHAT] <BestCreeperEver Creeper> LK_WolfBoy do you know mcorigins
[07:53:59] [Client thread/INFO]: [CHAT] <[Super Admin] BuscusFan> nice
[07:54:01] [Client thread/INFO]: [CHAT] <Robo_Lord> omfg, how long has tamsakeer been online for
[07:54:03] [Client thread/INFO]: [CHAT] <Robo_Lord> Greenos
[07:54:06] [Client thread/INFO]: [CHAT] < Tamsakeer> idfk
[07:54:06] [Client thread/INFO]: [CHAT] <Robo_Lord> Admin apps are on hold
[07:54:09] [Client thread/INFO]: [CHAT] mingama left the game.
[07:54:09] [Client thread/INFO]: [CHAT] < Tamsakeer> 2 hours
[07:54:10] [Client thread/INFO]: [CHAT] < ThatOneSlime> a LONG time
[07:54:11] [Client thread/INFO]: [CHAT] <Robo_Lord> Untill july 1st
[07:54:13] [Client thread/INFO]: [CHAT] <[Super Admin] BuscusFan> oh, the applications are on hold until july
[07:54:13] [Client thread/INFO]: [CHAT] < Grenos> Yeah, I know
[07:54:13] [Client thread/INFO]: [CHAT] <captainsparky33> you skin
[07:54:14] [Client thread/INFO]: [CHAT] <Robo_Lord> lol
[07:54:19] [Client thread/INFO]: [CHAT] <Robo_Lord> Woa, wtf
[07:54:21] [Client thread/INFO]: [CHAT] <captainsparky33> your*
[07:54:24] [Client thread/INFO]: [CHAT] <Robo_Lord> Do /seen tam
[07:54:30] [Client thread/INFO]: [CHAT] CreeperDaed was slain by utkulovemc
[07:54:36] [Client thread/INFO]: [CHAT] zBlackCreeper81 left the game.
[07:54:42] [Client thread/INFO]: [CHAT] <utkulovemc> Lul?
[07:54:44] [Client thread/INFO]: [CHAT] <Robo_Lord> When the admin app freeze is over i might apply ;3
[07:54:52] [Client thread/INFO]: [CHAT] captainsparky33 left the game.
[07:54:53] [Client thread/INFO]: [CHAT] < Tamsakeer> your being spased robo
[07:54:54] [Client thread/INFO]: [CHAT] < Grenos> Yeah
[07:54:59] [Client thread/INFO]: [CHAT] <Robo_Lord> Yea, Ardinar <3
[07:54:59] [Client thread/INFO]: [CHAT] Obi2kanobi left the game.
[07:55:01] [Client thread/INFO]: [CHAT] <[Super Admin] XxNicozillaxX> I already told him Tam
[07:55:02] [Client thread/INFO]: [CHAT] Warning: Obi2kanobi is an admin, but is using an account not registered to one of their ip-list.
[07:55:02] [Client thread/INFO]: [CHAT] Obi2kanobi is a Super Telnet Admin
[07:55:02] [Client thread/INFO]: [CHAT] Obi2kanobi joined the game.
[07:55:03] [Client thread/INFO]: [CHAT] < Tamsakeer> no flippy
[07:55:08] [Client thread/INFO]: [CHAT] <VideoGameSmash12> :D
[07:55:08] [Client thread/INFO]: [CHAT] < Grenos> Obi2Kanobu, remember me?
[07:55:09] [Client thread/INFO]: [CHAT] <[Super Admin] XxNicozillaxX> Robo me rec you.
[07:55:09] [Client thread/INFO]: [CHAT] <Robo_Lord> Ardinar = Flippy
[07:55:12] [Client thread/INFO]: [CHAT] < Grenos> *Kanobi
[07:55:13] [Client thread/INFO]: [CHAT] <Robo_Lord> Thanks
[07:55:13] [Client thread/INFO]: [CHAT] <[Telnet Admin] Obi2kanobi> No
[07:55:14] [Client thread/INFO]: [CHAT] < Tamsakeer> oh, then yeah
[07:55:16] [Client thread/INFO]: [CHAT] <BestWolfEver DaWolf> how am i jumping
[07:55:18] [Client thread/INFO]: [CHAT] < Grenos> Ah, I see
[07:55:19] [Client thread/INFO]: [CHAT] <[Super Admin] BuscusFan> hey obi
[07:55:22] [Client thread/INFO]: [CHAT] <[Super Admin] BuscusFan> how's it goin
[07:55:24] [Client thread/INFO]: [CHAT] < Grenos> I used to be a super-admin on here
[07:55:25] [Client thread/INFO]: [CHAT] CoolDude8567 left the game.
[07:55:28] [Client thread/INFO]: [CHAT] <[Telnet Admin] Obi2kanobi> fne
[07:55:28] [Client thread/INFO]: [CHAT] tamsakeer left the game.
[07:55:28] [Client thread/INFO]: [CHAT] zBlackCreeper81 joined the game.
[07:55:29] [Client thread/INFO]: [CHAT] <[Telnet Admin] Obi2kanobi> fine
[07:55:30] [Client thread/INFO]: [CHAT] < Grenos> Got removed for inactivity
[07:55:30] [Client thread/INFO]: [CHAT] Slimefrost left the game.
[07:55:37] [Client thread/INFO]: [CHAT] <VideoGameSmash12> I'll rec you Robo.
[07:55:38] [Client thread/INFO]: [CHAT] <[Telnet Admin] Obi2kanobi> know any good 1.7.9 clients?
[07:55:40] [Client thread/INFO]: [CHAT] <Robo_Lord> Grenos, Are you gong to reinstate
[07:55:45] [Client thread/INFO]: [CHAT] <Robo_Lord> Thanks Video :)
[07:55:48] [Client thread/INFO]: [CHAT] < Grenos> Reinstate?
[07:55:57] [Client thread/INFO]: [CHAT] <Robo_Lord> Reinstate = Reapply sort of
[07:55:57] [Client thread/INFO]: [CHAT] <Minecraft652> you can't hit a tamed mob
[07:56:03] [Client thread/INFO]: [CHAT] <Minecraft652> tlol
[07:56:04] [Client thread/INFO]: [CHAT] < Grenos> Ah. Yes, I will
[07:56:08] [Client thread/INFO]: [CHAT] <Minecraft652> lolololololo
[07:56:08] [Client thread/INFO]: [CHAT] <Robo_Lord> Nice
[07:56:10] [Client thread/INFO]: [CHAT] <Minecraft652> lolololololol
[07:56:10] [Client thread/INFO]: [CHAT] <[Super Admin] BuscusFan> if you were an old admin you can apply for reinstatement
[07:56:12] [Client thread/INFO]: [CHAT] CoolDude8567 joined the game.
[07:56:14] [Client thread/INFO]: [CHAT] <Robo_Lord> Yea
[07:56:17] [Client thread/INFO]: [CHAT] <Robo_Lord> Hey taahanis
[07:56:19] [Client thread/INFO]: [CHAT] <DracoMineManZX> i really want to apply for admin.... but i cant
[07:56:27] [Client thread/INFO]: [CHAT] <VideoGameSmash12> Damnit robo wheres my coffee.
[07:56:29] [Client thread/INFO]: [CHAT] <Robo_Lord> CoolDude8567 = taahanis
[07:56:30] [Client thread/INFO]: [CHAT] <VideoGameSmash12> jk
[07:56:32] [Client thread/INFO]: [CHAT] <Robo_Lord> idk
[07:56:35] [Client thread/INFO]: [CHAT] <[Super Admin] BuscusFan> and unless you were removed for misconduct you'll get auto approved pretty much
[07:56:35] [Client thread/INFO]: [CHAT] < CoolDude8567> ?
[07:56:36] [Client thread/INFO]: [CHAT] <TheRealCreeper zBlackCreeper81> Oh hi taahanis
[07:56:42] [Client thread/INFO]: [CHAT] [ADMIN] BuscusFan [SA]: taahanis is so fucking annoying
[07:56:43] [Client thread/INFO]: [CHAT] < Grenos> Lead_Falcon recommend I send a PM to Mark with proof that I was a SUper Admin
[07:56:46] [Client thread/INFO]: [CHAT] < CoolDude8567> me?
[07:56:48] [Client thread/INFO]: [CHAT] <[Super Admin] XxNicozillaxX> taahanis geton yo server
[07:56:49] [Client thread/INFO]: [CHAT] [ADMIN] Obi2kanobi [STA]: yup
[07:56:50] [Client thread/INFO]: [CHAT] XxNicozillaxX left the game.
[07:56:50] [Client thread/INFO]: [CHAT] <TheRealCreeper zBlackCreeper81> Wait
[07:56:51] [Client thread/INFO]: [CHAT] < Grenos> So, yeah
[07:56:51] [Client thread/INFO]: [CHAT] <Minecraft652> lolololololol trololololol
[07:56:52] [Client thread/INFO]: [CHAT] <TheRealCreeper zBlackCreeper81> nico!!!
[07:56:53] [Client thread/INFO]: [CHAT] < Grenos> I did
[07:56:54] [Client thread/INFO]: [CHAT] <TheRealCreeper zBlackCreeper81> wats his ip!
[07:56:55] [Client thread/INFO]: [CHAT] <TheRealCreeper zBlackCreeper81> AGAIN
[07:56:57] [Client thread/INFO]: [CHAT] [ADMIN] Obi2kanobi [STA]: if only darth could frontdoor him
[07:56:59] [Client thread/INFO]: [CHAT] <Minecraft652> you can't hit a tamed mob trololool;'
[07:57:00] [Client thread/INFO]: [CHAT] <TheRealCreeper zBlackCreeper81> nobody ever tells me
[07:57:02] [Client thread/INFO]: [CHAT] <Minecraft652> you can't hit a tamed mob trololol
[07:57:04] [Client thread/INFO]: [CHAT] [ADMIN] BuscusFan [SA]: ikr
[07:57:06] [Client thread/INFO]: [CHAT] Obi2kanobi - Cleared all potion effects from all players
[07:57:09] [Client thread/INFO]: [CHAT] [ADMIN] VideoGameSmash12 [SA]: I think I smell a *cough* cough* shellackey
[07:57:11] [Client thread/INFO]: [CHAT] Robo_Lord left the game.
[07:57:12] [Client thread/INFO]: [CHAT] <MicroMiniMouse> Is it just me or am i a happy person TODAY! :D :D
[07:57:14] [Client thread/INFO]: [CHAT] zBlackCreeper81 left the game.
[07:57:22] [Client thread/INFO]: [CHAT] <ArsenArsen> moveeeee
[07:57:26] [Client thread/INFO]: [CHAT] [ADMIN] Obi2kanobi [STA]: Video, you're telnet?
[07:57:27] [Client thread/INFO]: [CHAT] <[Super Admin] BuscusFan> it may just be you xD
[07:57:42] [Client thread/INFO]: [CHAT] [ADMIN] VideoGameSmash12 [SA]: yes but the fucking adminlist got fucked
[07:57:49] [Client thread/INFO]: [CHAT] [ADMIN] Obi2kanobi [STA]: oh right
[07:57:52] [Client thread/INFO]: [CHAT] [ADMIN] VideoGameSmash12 [SA]: really hard
[07:57:57] [Client thread/INFO]: [CHAT] [ADMIN] Obi2kanobi [STA]: everything got fucked with this update
[07:58:07] [Client thread/INFO]: [CHAT] [ADMIN] vj13573 [Console]: of course
[07:58:10] [Client thread/INFO]: [CHAT] [ADMIN] VideoGameSmash12 [SA]: atleast /setl
[07:58:13] [Client thread/INFO]: [CHAT] [ADMIN] VideoGameSmash12 [SA]: works
[07:58:18] [Client thread/INFO]: [CHAT] VideoGameSmash12 - Setting everyone's Worldedit block modification limit to 500.
[07:58:33] [Client thread/INFO]: [CHAT] Minecraftkevin8 has been a VERY naughty, naughty boy.
[07:58:34] [Client thread/INFO]: [CHAT] Banning: Minecraftkevin8, IP: 90.193.*.*.
[07:58:34] [Client thread/INFO]: [CHAT] Minecraftkevin8 left the game.
[07:58:34] [Client thread/INFO]: [CHAT] [ADMIN] vj13573 [Console]: did anyone forget about "/uall" and "/dtoggle"?
[07:58:36] [Client thread/INFO]: [CHAT] CoolDude8567 left the game.
[07:58:41] [Client thread/INFO]: [CHAT] Max blocks changed in an operation reached (500).
[07:58:43] [Client thread/INFO]: [CHAT] VideoGameSmash12 - Undisguising all players
[07:58:46] [Client thread/INFO]: [CHAT] [ADMIN] vj13573 [Console]: It's been so long I nearly forgot about it
[07:58:46] [Client thread/INFO]: [CHAT] [ADMIN] Obi2kanobi [STA]: I forgot about Disguisecraft
[07:58:46] [Client thread/INFO]: [CHAT] <ArsenArsen> LK_WolfBoy
[07:58:53] [Client thread/INFO]: [CHAT] [ADMIN] VideoGameSmash12 [SA]: Diguisecraft died
[07:58:59] [Client thread/INFO]: [CHAT] Max blocks changed in an operation reached (500).
[07:59:00] [Client thread/INFO]: [CHAT] Max blocks changed in an operation reached (500).
[07:59:04] [Client thread/INFO]: [CHAT] [ADMIN] Obi2kanobi [STA]: that was so annoying when it was live
[07:59:06] [Client thread/INFO]: [CHAT] Block change limit set to 9999999.
[07:59:07] [Client thread/INFO]: [CHAT] * MicroMiniMouse is now AFK.
[07:59:08] [Client thread/INFO]: [CHAT] 8028 block(s) have been removed.
[07:59:08] [Client thread/INFO]: [CHAT] Warning: vj13573 is an admin, but is using an account not registered to one of their ip-list.
[07:59:08] [Client thread/INFO]: [CHAT] vj13573 is a Super Telnet Admin
[07:59:08] [Client thread/INFO]: [CHAT] vj13573 joined the game.
[07:59:14] [Client thread/INFO]: [CHAT] vj13573 - Opping all players on the server
[07:59:14] [Client thread/INFO]: [CHAT] You are now op!
[07:59:15] [Client thread/INFO]: [CHAT] vj13573 - Setting everyone's Worldedit block modification limit to 500.
[07:59:15] [Client thread/INFO]: [CHAT] <DracoMineManZX> Hi vj13573
[07:59:15] [Client thread/INFO]: [CHAT] [ADMIN] VideoGameSmash12 [SA]: having to ban everyone
[07:59:18] [Client thread/INFO]: [CHAT] <[Telnet Admin] vj13573> hi
[07:59:21] [Client thread/INFO]: [CHAT] <DracoMineManZX> Sup
[07:59:28] [Client thread/INFO]: [CHAT] Max blocks changed in an operation reached (500).
[07:59:31] [Client thread/INFO]: [CHAT] utkulovemc has been a naughty, naughty boy.
[07:59:31] [Client thread/INFO]: [CHAT] utkulovemc died
[07:59:31] [Client thread/INFO]: [CHAT] Block change limit set to 9999999.
[07:59:34] [Client thread/INFO]: [CHAT] 7087 block(s) have been removed.
[07:59:36] [Client thread/INFO]: [CHAT] <[Telnet Admin] Obi2kanobi> Don't tp others
[07:59:36] [Client thread/INFO]: [CHAT] utkulovemc has been a naughty, naughty boy.
[07:59:36] [Client thread/INFO]: [CHAT] utkulovemc died
[07:59:40] [Client thread/INFO]: [CHAT] [Server:vj13573] Dont' tp others
[07:59:41] [Client thread/INFO]: [CHAT] 12949 block(s) have been removed.
[07:59:43] [Client thread/INFO]: [CHAT] < DracoMineManZX> yes... dont tp me
[07:59:44] [Client thread/INFO]: [CHAT] <BestCreeperEver Creeper> lag
[07:59:44] [Client thread/INFO]: [CHAT] Obi2kanobi - Opping all players on the server
[07:59:44] [Client thread/INFO]: [CHAT] You are now op!
[07:59:52] [Client thread/INFO]: [CHAT] 1317 block(s) have been removed.
[07:59:52] [Client thread/INFO]: [CHAT] MicroMiniMouse left the game.
[07:59:56] [Client thread/INFO]: [CHAT] [ADMIN] BuscusFan [SA]: and it always kept crashing people for some reason
[08:00:05] [Client thread/INFO]: [CHAT] <BestCreeperEver Creeper> LK_WolfBoy
[08:00:09] [Client thread/INFO]: [CHAT] [ADMIN] vj13573 [STA]: this spawn is a ugly mess
[08:00:10] [Client thread/INFO]: [CHAT] 4124 block(s) have been removed.
[08:00:11] [Client thread/INFO]: [CHAT] [ADMIN] Obi2kanobi [STA]: probably all the ender dragons around
[08:00:17] [Client thread/INFO]: [CHAT] 1925 block(s) have been removed.
[08:00:20] [Client thread/INFO]: [CHAT] utkulovemc died
[08:00:20] [Client thread/INFO]: [CHAT] utkulovemc took their own life.
[08:00:25] [Client thread/INFO]: [CHAT] <BestWolfEver DaWolf> yes creep
[08:00:31] [Client thread/INFO]: [CHAT] [ADMIN] VideoGameSmash12 [SA]: We need to revert back to the old update
[08:00:39] [Client thread/INFO]: [CHAT] Error: me/StevenLawson/TotalFreedomMod/TFM_SuperadminList
[08:00:40] [Client thread/INFO]: [CHAT] <BestCreeperEver Creeper> are rollercoaster is turned into bricks
[08:00:41] [Client thread/INFO]: [CHAT] < MrCookie> hi i am back
[08:00:42] [Client thread/INFO]: [CHAT] [ADMIN] Obi2kanobi [STA]: the old update with good clients
[08:00:49] [Client thread/INFO]: [CHAT] 85 block(s) have been removed.
[08:00:49] [Client thread/INFO]: [CHAT] utkulovemc has been a naughty, naughty boy.
[08:00:49] [Client thread/INFO]: [CHAT] utkulovemc died
[08:00:51] [Client thread/INFO]: [CHAT] Obi2kanobi - Tempbanning: utkulovemc for 5 minutes.
[08:00:51] [Client thread/INFO]: [CHAT] utkulovemc left the game.
[08:00:58] [Client thread/INFO]: [CHAT] 13674 block(s) have been removed.
[08:01:01] [Client thread/INFO]: [CHAT] 25960 block(s) have been removed.
[08:01:03] [Client thread/INFO]: [CHAT] [ADMIN] Obi2kanobi [STA]: Resilience isn't rendering playernames properly
[08:01:04] [Client thread/INFO]: [CHAT] [ADMIN] vj13573 [STA]: who did that?
[08:01:07] [Client thread/INFO]: [CHAT] [ADMIN] vj13573 [STA]: this spawn is a ugly mess
[08:01:17] [Client thread/INFO]: [CHAT] Unknown wool color 'diamond,wood,obsidian,stone,dirt'
[08:01:18] [Client thread/INFO]: [CHAT] <BestCreeperEver Creeper> admin
[08:01:19] [Client thread/INFO]: [CHAT] Robo_Lord joined the game.
[08:01:19] [Client thread/INFO]: [CHAT] IceGamer94 joined the game.
[08:01:22] [Client thread/INFO]: [CHAT] <Robo_Lord> Hei
[08:01:25] [Client thread/INFO]: [CHAT] 1927 block(s) have been removed.
[08:01:27] [Client thread/INFO]: [CHAT] <[IceCream] IceGamer94> Hei
[08:01:35] [Client thread/INFO]: [CHAT] [ADMIN] vj13573 [STA]: do we need a map reset?
[08:01:35] [Client thread/INFO]: [CHAT] <BestCreeperEver Creeper> admin.
[08:01:37] [Client thread/INFO]: [CHAT] Unknown wool color 'emera|d'
[08:01:40] [Client thread/INFO]: [CHAT] 190 block(s) have been removed.
[08:01:40] [Client thread/INFO]: [CHAT] <Robo_Lord> I made a pull request to TFM :3
[08:01:42] [Client thread/INFO]: [CHAT] 20 block(s) have been removed.
[08:01:47] [Client thread/INFO]: [CHAT] <[Telnet Admin] vj13573> pull request?
[08:01:48] [Client thread/INFO]: [CHAT] 275 block(s) have been removed.
[08:01:52] [Client thread/INFO]: [CHAT] <Robo_Lord> Yes
[08:01:53] [Client thread/INFO]: [CHAT] 378 block(s) have been removed.
[08:01:54] [Client thread/INFO]: [CHAT] <BestCreeperEver Creeper> admin
[08:01:54] [Client thread/INFO]: [CHAT] sepalus joined the game.
[08:01:54] [Client thread/INFO]: [CHAT] Welcome sepalus to the server!
[08:01:55] [Client thread/INFO]: [CHAT] 0 block(s) have been removed.
[08:01:56] [Client thread/INFO]: [CHAT] vj13573 - Opping all players on the server
[08:01:56] [Client thread/INFO]: [CHAT] You are now op!
[08:01:59] [Client thread/INFO]: [CHAT] <Robo_Lord> like submitted a peace of code
[08:02:03] [Client thread/INFO]: [CHAT] 242548 block(s) have been removed.
[08:02:06] [Client thread/INFO]: [CHAT] <Robo_Lord> ANd now Darth has to aprove it
[08:02:12] [Client thread/INFO]: [CHAT] <Robo_Lord> and then it will be a part of TFM
[08:02:18] [Client thread/INFO]: [CHAT] <Robo_Lord> Wait
[08:02:24] [Client thread/INFO]: [CHAT] <Robo_Lord> I'll give you a link :P
[08:02:27] [Client thread/INFO]: [CHAT] Obi2kanobi - Removing all MOB_SPAWNER within 20 blocks of all players... Brace for lag!
[08:02:27] [Client thread/INFO]: [CHAT] Obi2kanobi - Remove complete! 3 blocks removed.
[08:02:38] [Client thread/INFO]: [CHAT] histardotdotdee joined the game.
[08:02:38] [Client thread/INFO]: [CHAT] Welcome histardotdotdee to the server!
[08:02:40] [Client thread/INFO]: [CHAT] Obi2kanobi - Opping all players on the server
[08:02:40] [Client thread/INFO]: [CHAT] You are now op!
[08:02:43] [Client thread/INFO]: [CHAT] vj13573 - Opping all players on the server
[08:02:43] [Client thread/INFO]: [CHAT] You are now op!
[08:02:47] [Client thread/INFO]: [CHAT] <histardotdotdee> hiii
[08:02:52] [Client thread/INFO]: [CHAT] [ADMIN] vj13573 [STA]: do we need a map reset?
[08:02:54] [Client thread/INFO]: [CHAT] <Robo_Lord> Heres request #1
[08:02:54] [Client thread/INFO]: [CHAT] <Robo_Lord> https://github.com/TotalFreedom/TotalFreedomMod/pull/221/files
[08:02:55] [Client thread/INFO]: [CHAT] sepalus used a forbidden WorldEdit block type: sapling
[08:02:57] [Client thread/INFO]: [CHAT] popingpierce joined the game.
[08:03:08] [Client thread/INFO]: [CHAT] [ADMIN] Obi2kanobi [STA]: We don't have any seniors on
[08:03:11] [Client thread/INFO]: [CHAT] < Grenos> Robo, don't post stuff like that in the public chat
[08:03:15] [Client thread/INFO]: [CHAT] [ADMIN] vj13573 [STA]: I can do it
[08:03:19] [Client thread/INFO]: [CHAT] < Grenos> I learned that lesson the hard way -_-
[08:03:20] [Client thread/INFO]: [CHAT] <Robo_Lord> I'm aloud...
[08:03:23] [Client thread/INFO]: [CHAT] [ADMIN] Obi2kanobi [STA]: you're not allowed to
[08:03:25] [Client thread/INFO]: [CHAT] <Robo_Lord> #2 https://github.com/TotalFreedom/TotalFreedomMod/pull/222
[08:03:30] [Client thread/INFO]: [CHAT] [ADMIN] vj13573 [STA]: im telnet clan admin.
[08:03:46] [Client thread/INFO]: [CHAT] vj13573 - Opping all players on the server
[08:03:46] [Client thread/INFO]: [CHAT] You are now op!
[08:03:49] [Client thread/INFO]: [CHAT] <popingpierce> c
[08:03:52] [Client thread/INFO]: [CHAT] Minecraft652 left the game.
[08:04:02] [Client thread/INFO]: [CHAT] BuscusFan left the game.
[08:04:03] [Client thread/INFO]: [CHAT] [ADMIN] vj13573 [STA]: brb
[08:04:04] [Client thread/INFO]: [CHAT] vj13573 left the game.
[08:04:11] [Client thread/INFO]: [CHAT] < Banananana> hi
[08:04:24] [Client thread/INFO]: [CHAT] Robo_Lord left the game.
[08:04:26] [Client thread/INFO]: [CHAT] <BestWolfEver DaWolf> stop
[08:04:32] [Client thread/INFO]: [CHAT] <ArsenArsen> ok i wanna help
[08:04:42] [Client thread/INFO]: [CHAT] <BestWolfEver DaWolf> ill tell u when
[08:04:47] [Client thread/INFO]: [CHAT] <[IceCream] IceGamer94> why need help?
[08:04:48] [Client thread/INFO]: [CHAT] <ArsenArsen> ok deal
[08:04:48] [Client thread/INFO]: [CHAT] histardotdotdee has been a VERY naughty, naughty boy.
[08:04:48] [Client thread/INFO]: [CHAT] Banning: histardotdotdee, IP: 202.156.*.*.
[08:04:48] [Client thread/INFO]: [CHAT] histardotdotdee left the game.
[08:04:59] [Client thread/INFO]: [CHAT] <ArsenArsen> WANNA help
[08:05:01] [Client thread/INFO]: [CHAT] *  DracoMineManZX is now AFK.
[08:05:01] [Client thread/INFO]: [CHAT] Grenos has been a naughty, naughty boy.
[08:05:01] [Client thread/INFO]: [CHAT] Grenos died
[08:05:04] [Client thread/INFO]: [CHAT] [CreeperDaed: Set world flatlands's spawnpoint to (-90606, 50, -52952)]
[08:05:05] [Client thread/INFO]: [CHAT] Grenos fell from a high place
[08:05:06] [Client thread/INFO]: [CHAT] <[Telnet Admin] Obi2kanobi> Don't tp to me
[08:05:09] [Client thread/INFO]: [CHAT] Grenos fell from a high place
[08:05:09] [Client thread/INFO]: [CHAT] Obi2kanobi - Opping all players on the server
[08:05:09] [Client thread/INFO]: [CHAT] You are now op!
[08:05:12] [Client thread/INFO]: [CHAT] [ADMIN] VideoGameSmash12 [SA]: I'm gonna start working on VideoCraftPlugin...
[08:05:13] [Client thread/INFO]: [CHAT] Grenos fell from a high place