[20:36:54] [Client thread/INFO]: Connecting to 64.34.165.5, 28965
[20:36:55] [Client thread/INFO]: [CHAT] VideoGameSmash12 is a Super Admin
[20:36:55] [Client thread/INFO]: [CHAT] VideoGameSmash12 joined the game.
[20:36:55] [Client thread/INFO]: [CHAT] Type /help for a list of commands.
[20:36:55] [Client thread/INFO]: [CHAT] Save your builds with World Edit or lose them
[20:36:55] [Client thread/INFO]: [CHAT] Read our website at www.totalfreedom.me to find out how
[20:36:55] [Client thread/INFO]: [CHAT] Read the rules
[20:36:55] [Client thread/INFO]: [CHAT] Read our only authorized forum at www.totalfreedom.boards.net
[20:36:55] [Client thread/INFO]: [CHAT] You have no new mail.
[20:36:55] [Client thread/INFO]: [CHAT] Set fly mode enabled for VideoGameSmash12.
[20:36:58] [Client thread/INFO]: [CHAT] 0SKS0 : /r fuck off
[20:36:59] [Client thread/INFO]: [CHAT] <Nasaspacepro> hi
[20:37:00] [Client thread/INFO]: [CHAT] <awesomeme733> can i pls have op
[20:37:00] [Client thread/INFO]: [CHAT] JerseyMichael has been a VERY naughty, naughty boy.
[20:37:00] [Client thread/INFO]: [CHAT] Banning: JerseyMichael, IP: 98.116.*.*.
[20:37:00] [Client thread/INFO]: [CHAT] JerseyMichael left the game.
[20:37:03] [Client thread/INFO]: [CHAT] <whopermuncher> 0SKS0 can u ban _twerking_tacos_ for creative pvpinng me!!
[20:37:04] [Client thread/INFO]: [CHAT] * SLICKASS is an asshole
[20:37:07] [Client thread/INFO]: [CHAT] <RailRoadAWESOME> thanks whoever told me the un nick command
[20:37:13] [Client thread/INFO]: [CHAT] * DerpyPig345 cool
[20:37:14] [Client thread/INFO]: [CHAT] <Nasaspacepro> naughty huh?
[20:37:14] [Client thread/INFO]: [CHAT] Teleporting...
[20:37:15] [Client thread/INFO]: [CHAT] <awesomeme733> um pls?
[20:37:20] [Client thread/INFO]: [CHAT] <[Till_I_Collapse] TriLingual_Burr> Jeg er så lei
[20:37:20] [Client thread/INFO]: [CHAT] TheBlocks - Opping awesomeme733
[20:37:22] [Client thread/INFO]: [CHAT] <awesomeme733> ty
[20:37:23] [Client thread/INFO]: [CHAT] <whopermuncher> VideoGameSmash12 PLZ
[20:37:25] [Client thread/INFO]: [CHAT] *  John_Carver slaps himself
[20:37:28] [Client thread/INFO]: [CHAT] < marioblock> ...
[20:37:32] [Client thread/INFO]: [CHAT] SkullHeart97 joined the game.
[20:37:35] [Client thread/INFO]: [CHAT] <GriefPolice Emeraldminecart> admins, freeze all players and turn off disguisecraft
[20:37:38] [Client thread/INFO]: [CHAT] ChubbyPandanator has been a naughty, naughty boy.
[20:37:38] [Client thread/INFO]: [CHAT] ChubbyPandanator died
[20:37:39] [Client thread/INFO]: [CHAT] < marioblock> ..
[20:37:39] [Client thread/INFO]: [CHAT] <whopermuncher> VideoGameSmash12 PLZ ban _twerking_tacos_ for creative pvping me!!
[20:37:43] [Client thread/INFO]: [CHAT] <[Till_I_Collapse] TriLingual_Burr> Jeg er så lei (Im so bored in norweigan)
[20:37:44] [Client thread/INFO]: [CHAT] <maxpowerscraft> and banned
[20:37:46] [Client thread/INFO]: [CHAT] [Server:VideoGameSmash12] Don't spam potions
[20:37:48] [Client thread/INFO]: [CHAT] SkullHeart97 : /msg chelseathecool hey u got skyoe
[20:37:51] [Client thread/INFO]: [CHAT] SkullHeart97 : /msg chelseathecool hey u got skype
[20:37:51] [Client thread/INFO]: [CHAT] <[Till_I_Collapse] TriLingual_Burr> Jeg er så lei (Im so bored in norweigan)!!!!!!!!
[20:37:56] [Client thread/INFO]: [CHAT] <SnowLeapord8> What? Emerald, why?
[20:37:58] [Client thread/INFO]: [CHAT] < John_Carver> hell yeah
[20:38:02] [Client thread/INFO]: [CHAT] <whopermuncher> Ban _twerking_tacos_!!
[20:38:05] [Client thread/INFO]: [CHAT] 0SKS0 - Unbanning jerseymichael and IPs: 98.116.201.31
[20:38:07] [Client thread/INFO]: [CHAT] ChubbyPandanator was slain by SLICKASS
[20:38:09] [Client thread/INFO]: [CHAT] <[IceCold] JakeFromStateFarm> VideoGameSmash12 im gonna make a hous fer u just fer u
[20:38:15] [Client thread/INFO]: [CHAT] <VideoGameSmash12> Ok.
[20:38:16] [Client thread/INFO]: [CHAT] eliteroboman joined the game.
[20:38:17] [Client thread/WARN]: Unable to play unknown soundEvent: minecraft:damage.thorns
[20:38:18] [Client thread/WARN]: Unable to play unknown soundEvent: minecraft:damage.thorns
[20:38:19] [Client thread/WARN]: Unable to play unknown soundEvent: minecraft:damage.thorns
[20:38:19] [Client thread/INFO]: [CHAT] <[Till_I_Collapse] TriLingual_Burr> Say 123 if u can speak norweigen
[20:38:19] [Client thread/WARN]: Unable to play unknown soundEvent: minecraft:damage.thorns
[20:38:20] [Client thread/WARN]: Unable to play unknown soundEvent: minecraft:damage.thorns
[20:38:20] [Client thread/WARN]: Unable to play unknown soundEvent: minecraft:damage.thorns
[20:38:20] [Client thread/WARN]: Unable to play unknown soundEvent: minecraft:damage.thorns
[20:38:21] [Client thread/WARN]: Unable to play unknown soundEvent: minecraft:damage.thorns
[20:38:24] [Client thread/INFO]: [CHAT] <ChelseaTheCool> :/ guys its a FREEDOM SERVER they can do whatever they want
[20:38:24] [Client thread/INFO]: [CHAT] _twerking_tacos_ has been a naughty, naughty boy.
[20:38:24] [Client thread/INFO]: [CHAT] _twerking_tacos_ died
[20:38:25] [Client thread/INFO]: [CHAT] <dukejohnston> 124
[20:38:26] [Client thread/INFO]: [CHAT] flemingdr joined the game.
[20:38:26] [Client thread/INFO]: [CHAT] flemingdr left the game.
[20:38:27] [Client thread/INFO]: [CHAT] JerseyMichael joined the game.
[20:38:28] [Client thread/INFO]: [CHAT] <whopermuncher> YES!
[20:38:29] [Client thread/INFO]: [CHAT] MatrapMay left the game.
[20:38:30] [Client thread/INFO]: [CHAT] JerseyMichael fell from a high place
[20:38:32] [Client thread/INFO]: [CHAT] <RailRoadAWESOME> im filming
[20:38:32] [Client thread/INFO]: [CHAT] [Server:VideoGameSmash12] No creative/unwanted/god pvp
[20:38:33] [Client thread/INFO]: [CHAT] <whopermuncher> ban her!
[20:38:35] [Client thread/INFO]: [CHAT] < Raichu> 1234
[20:38:36] [Client thread/INFO]: [CHAT] flemingdr joined the game.
[20:38:36] [Client thread/INFO]: [CHAT] flemingdr left the game.
[20:38:36] [Client thread/INFO]: [CHAT] <SkullHeart97> nice house awesome
[20:38:42] [Client thread/INFO]: [CHAT] <[Till_I_Collapse] TriLingual_Burr> Soyou can?
[20:38:44] [Client thread/INFO]: [CHAT] < GriefPoliceCollide01> can i be griefpolice
[20:38:45] [Client thread/INFO]: [CHAT] <awesomeme733> thanks
[20:38:45] [Client thread/INFO]: [CHAT] JerseyMichael was slain by SLICKASS
[20:38:46] [Client thread/INFO]: [CHAT] flemingdr joined the game.
[20:38:46] [Client thread/INFO]: [CHAT] flemingdr left the game.
[20:38:46] [Client thread/WARN]: Adding duplicate key 'minecraft:mob_spawner' to registry
[20:38:46] [Client thread/WARN]: Adding duplicate key 'minecraft:wheat' to registry
[20:38:46] [Client thread/WARN]: Adding duplicate key 'minecraft:nether_wart' to registry
[20:38:48] [Client thread/INFO]: [CHAT] whopermuncher - Opping ChelseaTheCool
[20:38:51] [Client thread/INFO]: [CHAT] [goldenapples137: Set difficulty to HARD]
[20:38:53] [Client thread/INFO]: [CHAT] SLM2005 left the game.
[20:38:53] [Client thread/INFO]: [CHAT] whopermuncher - Opping ChubbyPandanator
[20:38:54] [Client thread/INFO]: [CHAT] <JerseyMichael> --__--
[20:38:54] [Client thread/INFO]: [CHAT] < TheBlocks> hey super admins admins can i be /god?
[20:38:58] [Client thread/INFO]: [CHAT] JerseyMichael was slain by SLICKASS
[20:38:59] [Client thread/INFO]: [CHAT] 0SKS0 - Opping all players on the server
[20:38:59] [Client thread/INFO]: [CHAT] You are now op!
[20:39:00] [Client thread/INFO]: [CHAT] <notchface72> Jag har inga vänner :(
[20:39:02] [Client thread/INFO]: [CHAT] RailRoadAWESOME left the game.
[20:39:03] [Client thread/INFO]: [CHAT] SLICKASS has been a naughty, naughty boy.
[20:39:03] [Client thread/INFO]: [CHAT] SLICKASS died
[20:39:04] [Client thread/INFO]: [CHAT] flemingdr joined the game.
[20:39:05] [Client thread/INFO]: [CHAT] RailRoadAWESOME joined the game.
[20:39:07] [Client thread/INFO]: [CHAT] <[Till_I_Collapse] TriLingual_Burr> Ok how do you say i'm a awesome dude in spanish
[20:39:08] [Client thread/INFO]: [CHAT] <notchface72> yes u can TheBlocks
[20:39:11] [Client thread/INFO]: [CHAT] [Collide01: Set difficulty to PEACEFUL]
[20:39:14] [Client thread/INFO]: [CHAT] AlexDoMC joined the game.
[20:39:15] [Client thread/INFO]: [CHAT] <[Till_I_Collapse] TriLingual_Burr> Wow notchface you can!
[20:39:15] [Client thread/INFO]: [CHAT] No block edits at that location.
[20:39:16] [Client thread/INFO]: [CHAT] <flemingdr> I'm back
[20:39:17] [Client thread/INFO]: [CHAT] JerseyMichael was slain by SLICKASS
