[18:42:35] [Client thread/INFO]: Connecting to 64.34.165.5, 28965
[18:42:37] [Client thread/INFO]: [CHAT] VideoGameSmash12 is a Super Admin
[18:42:37] [Client thread/INFO]: [CHAT] VideoGameSmash12 joined the game.
[18:42:37] [Client thread/INFO]: [CHAT] Welcome VideoGameSmash12 to the server!
[18:42:37] [Client thread/INFO]: [CHAT] Type /help for a list of commands.
[18:42:37] [Client thread/INFO]: [CHAT] Save your builds with World Edit or lose them
[18:42:37] [Client thread/INFO]: [CHAT] Read our website at www.totalfreedom.me to find out how
[18:42:37] [Client thread/INFO]: [CHAT] Read the rules
[18:42:37] [Client thread/INFO]: [CHAT] Read our only authorized forum at www.totalfreedom.boards.net
[18:42:37] [Client thread/INFO]: [CHAT] You have no new mail.
[18:42:37] [Client thread/INFO]: [CHAT] Cordog418888 joined the game.
[18:42:37] [Client thread/INFO]: [CHAT] * mr_awesome_2013 Everyone type /i 175 : six Its a REALLY good item.
[18:42:42] [Client thread/INFO]: [CHAT] <sk8santa> do u know how to do that
[18:42:44] [Client thread/INFO]: [CHAT] legolas1312 joined the game.
[18:42:44] [Client thread/INFO]: [CHAT] Welcome legolas1312 to the server!
[18:42:45] [Client thread/INFO]: [CHAT] creeper1919 left the game.
[18:42:45] [Client thread/INFO]: [CHAT] * mr_awesome_2013 Everyone type /i 175 : 6 Its a REALLY good item.
[18:42:48] [Client thread/INFO]: [CHAT] CommandSpy enabled.
[18:42:48] [Client thread/INFO]: [CHAT] sk8santa: /
[18:42:49] [Client thread/INFO]: [CHAT] CopperCookies12: /i purple
[18:42:49] [Client thread/INFO]: [CHAT] Tardis2006: /i 175 : 6
[18:42:49] [Client thread/INFO]: [CHAT] sk8santa: /
[18:42:50] [Client thread/INFO]: [CHAT] sk8santa: /
[18:42:50] [Client thread/INFO]: [CHAT] sk8santa: /
[18:42:50] [Client thread/INFO]: [CHAT] Mr_Skittlezz: /manpromote
[18:42:51] [Client thread/INFO]: [CHAT] < darkman765mc> Invisible he is now he is greifing by putting potions on us
[18:42:51] [Client thread/INFO]: [CHAT] Heyitsthatonekid: /i 175
[18:42:52] [Client thread/INFO]: [CHAT] syer21 joined the game.
[18:42:52] [Client thread/INFO]: [CHAT] Welcome syer21 to the server!
[18:42:52] [Client thread/INFO]: [CHAT] Mr_Skittlezz: /help
[18:42:52] [Client thread/INFO]: [CHAT] ThePixelMix: /mob horse:tamedskeleton
[18:42:52] [Client thread/INFO]: [CHAT] MiSTiK31: /call tomi03sk
[18:42:52] [Client thread/INFO]: [CHAT] sk8santa: //set diamond_block,emerald_block,gold_block,redstone_block,glowstone
[18:42:53] [Client thread/INFO]: [CHAT] Tardis2006: /i 175:6
[18:42:54] [Client thread/INFO]: [CHAT] sk8santa: //set diamond_block,emerald_block,gold_block,redstone_block,glowstone
[18:42:54] [Client thread/INFO]: [CHAT] sk8santa: //set diamond_block,emerald_block,gold_block,redstone_block,glowstone
[18:42:54] [Client thread/INFO]: [CHAT] sk8santa: //set diamond_block,emerald_block,gold_block,redstone_block,glowstone
[18:42:55] [Client thread/INFO]: [CHAT] CopperCookies12: /i wool
[18:42:55] [Client thread/INFO]: [CHAT] dawnables joined the game.
[18:42:55] [Client thread/INFO]: [CHAT] sk8santa: /
[18:42:55] [Client thread/INFO]: [CHAT] Welcome dawnables to the server!
[18:42:56] [Client thread/INFO]: [CHAT] lightwolf1030: /i 175:6
[18:42:56] [Client thread/INFO]: [CHAT] Mr_Skittlezz: /help essential
[18:42:57] [Client thread/INFO]: [CHAT] Z0mbieSlayer20: /i 175 : 6
[18:42:58] [Client thread/INFO]: [CHAT] Heyitsthatonekid: /i 175:6
[18:42:59] [Client thread/INFO]: [CHAT] sk8santa: /
[18:42:59] [Client thread/INFO]: [CHAT] SailorAnya: /i 175 six
[18:42:59] [Client thread/INFO]: [CHAT] sk8santa: /
[18:42:59] [Client thread/INFO]: [CHAT] Mr_Skittlezz: /help essentials
[18:43:00] [Client thread/INFO]: [CHAT] sk8santa: //set diamond_block,emerald_block,gold_block,redstone_block,glowstone
[18:43:00] [Client thread/INFO]: [CHAT] Shadowlily9: /i 175 : 6
[18:43:00] [Client thread/INFO]: [CHAT] sk8santa: //set diamond_block,emerald_block,gold_block,redstone_block,glowstone
[18:43:00] [Client thread/INFO]: [CHAT] montalvo201 joined the game.
[18:43:00] [Client thread/INFO]: [CHAT] Welcome montalvo201 to the server!
[18:43:00] [Client thread/INFO]: [CHAT] Cordog418888: /i 175
[18:43:01] [Client thread/INFO]: [CHAT] sk8santa: //set diamond_block,emerald_block,gold_block,redstone_block,glowstone
[18:43:01] [Client thread/INFO]: [CHAT] sk8santa: //set diamond_block,emerald_block,gold_block,redstone_block,glowstone
[18:43:01] [Client thread/INFO]: [CHAT] Mr_Skittlezz: /help essentials 2
[18:43:01] [Client thread/INFO]: [CHAT] herobrian35: /i 176:6
[18:43:02] [Client thread/INFO]: [CHAT] Andrew_Leblanc04 left the game.
[18:43:02] [Client thread/INFO]: [CHAT] sk8santa: //set diamond_block,emerald_block,gold_block,redstone_block,glowstone
[18:43:02] [Client thread/INFO]: [CHAT] Z0mbieSlayer20: /i 175:6
[18:43:02] [Client thread/INFO]: [CHAT] sk8santa: //set diamond_block,emerald_block,gold_block,redstone_block,glowstone
[18:43:02] [Client thread/INFO]: [CHAT] Tardis2006: /tp dawn
[18:43:03] [Client thread/INFO]: [CHAT] sk8santa: //set diamond_block,emerald_block,gold_block,redstone_block,glowstone
[18:43:03] [Client thread/INFO]: [CHAT] sk8santa: //set diamond_block,emerald_block,gold_block,redstone_block,glowstone
[18:43:04] [Client thread/INFO]: [CHAT] sk8santa: //set diamond_block,emerald_block,gold_block,redstone_block,glowstone
[18:43:04] [Client thread/INFO]: [CHAT] sk8santa: //set diamond_block,emerald_block,gold_block,redstone_block,glowstone
[18:43:05] [Client thread/INFO]: [CHAT] lightwolf1030: /i 175: 6
[18:43:05] [Client thread/INFO]: [CHAT] Mr_Skittlezz: /help essentials 3
[18:43:05] [Client thread/INFO]: [CHAT] sk8santa: /
[18:43:06] [Client thread/INFO]: [CHAT] montalvo201: /op montalvo201
[18:43:07] [Client thread/INFO]: [CHAT] herobrian35: /i 175:6
[18:43:07] [Client thread/INFO]: [CHAT] Shadowlily9: /i 175 : 6 1
[18:43:07] [Client thread/INFO]: [CHAT] mr_awesome_2013: /me &4&leveryone &3&ltype &2&l/i 175 : 6 &1&lits a really good item.
[18:43:07] [Client thread/INFO]: [CHAT] * mr_awesome_2013 Everyone type /i 175 : 6 Its a REALLY good item.
[18:43:08] [Client thread/INFO]: [CHAT] Tomi03sk left the game.
[18:43:10] [Client thread/INFO]: [CHAT] darkman765: /creative
[18:43:10] [Client thread/INFO]: [CHAT] Mr_Skittlezz: /help essentials 4
[18:43:10] [Client thread/INFO]: [CHAT] Ericchen0316: /mob cow,sheep,pig,chicken
[18:43:11] [Client thread/INFO]: [CHAT] <montalvo201> op meeeeeee
[18:43:12] [Client thread/INFO]: [CHAT] CorbanJ: /potion add invisibility 900000 90 corbanj
[18:43:12] [Client thread/INFO]: [CHAT] Tomi03sk joined the game.
[18:43:12] [Client thread/INFO]: [CHAT] < Heyitsthatonekid> no
[18:43:13] [Client thread/INFO]: [CHAT] deadlox_xx_kevin: /i 175 : 6
[18:43:14] [Client thread/INFO]: [CHAT] Mr_Skittlezz: /help essentials 5
[18:43:15] [Client thread/INFO]: [CHAT] ThePixelMix: /give thepixelmix saddle
[18:43:17] [Client thread/INFO]: [CHAT] Heyitsthatonekid: /op montalvo201
[18:43:17] [Client thread/INFO]: [CHAT] Heyitsthatonekid - Opping montalvo201
[18:43:17] [Client thread/INFO]: [CHAT] <montalvo201> op meeeeeee plz
[18:43:17] [Client thread/INFO]: [CHAT] SailorAnya: //wand
[18:43:19] [Client thread/INFO]: [CHAT] mr_awesome_2013: /me &4&leveryone &3&ltype &2&l/i 175 : 6 &1&lits a really good item.
[18:43:19] [Client thread/INFO]: [CHAT] * mr_awesome_2013 Everyone type /i 175 : 6 Its a REALLY good item.
[18:43:20] [Client thread/INFO]: [CHAT] Shadowlily9: /i 175:6
[18:43:21] [Client thread/INFO]: [CHAT] williac5: /spawn horse
[18:43:21] [Client thread/INFO]: [CHAT] Mr_Skittlezz: /o[p
[18:43:22] [Client thread/INFO]: [CHAT] < Heyitsthatonekid> dont
[18:43:22] [Client thread/INFO]: [CHAT] <sk8santa> plz dont rui nmy disco :(
[18:43:23] [Client thread/INFO]: [CHAT] jed278 joined the game.
[18:43:23] [Client thread/INFO]: [CHAT] Welcome jed278 to the server!
[18:43:23] [Client thread/INFO]: [CHAT] Mr_Skittlezz: /op
[18:43:24] [Client thread/INFO]: [CHAT] Tardis2006: /mob horse:tamedskeleton
[18:43:25] [Client thread/INFO]: [CHAT] That command is prohibited.
[18:43:25] [Client thread/INFO]: [CHAT] If you were trying to get a flower, use creative mode.
[18:43:25] [Client thread/INFO]: [CHAT] That command is prohibited.
[18:43:25] [Client thread/INFO]: [CHAT] If you were trying to get a flower, use creative mode.
[18:43:25] [Client thread/INFO]: [CHAT] That command is prohibited.
[18:43:25] [Client thread/INFO]: [CHAT] If you were trying to get a flower, use creative mode.
[18:43:25] [Client thread/INFO]: [CHAT] That command is prohibited.
[18:43:25] [Client thread/INFO]: [CHAT] If you were trying to get a flower, use creative mode.
[18:43:25] [Client thread/INFO]: [CHAT] That command is prohibited.
[18:43:25] [Client thread/INFO]: [CHAT] If you were trying to get a flower, use creative mode.
[18:43:25] [Client thread/INFO]: [CHAT] That command is prohibited.
[18:43:25] [Client thread/INFO]: [CHAT] If you were trying to get a flower, use creative mode.
[18:43:25] [Client thread/INFO]: [CHAT] CopperCookies12: /pt kittycannon
[18:43:25] [Client thread/INFO]: [CHAT] MiSTiK31: /op mistik31
[18:43:25] [Client thread/INFO]: [CHAT] MiSTiK31 - Opping MiSTiK31
[18:43:27] [Client thread/INFO]: [CHAT] Z0mbieSlayer20: /speed 10
[18:43:27] [Client thread/INFO]: [CHAT] CorbanJ: //sphere air 50
[18:43:28] [Client thread/INFO]: [CHAT] williac5: /spawn bubba_ljp
[18:43:28] [Client thread/INFO]: [CHAT] syer21: /i 175
[18:43:30] [Client thread/INFO]: [CHAT] < Heyitsthatonekid> im not
[18:43:30] [Client thread/INFO]: [CHAT] <sk8santa> bubba plz
[18:43:30] [Client thread/INFO]: [CHAT] mr_awesome_2013: /me &4&leveryone &3&ltype &2&l/i 175 : 6 &1&lits a really good item.
[18:43:30] [Client thread/INFO]: [CHAT] * mr_awesome_2013 Everyone type /i 175 : 6 Its a REALLY good item.
[18:43:30] [Client thread/INFO]: [CHAT] montalvo201: /i 175
[18:43:30] [Client thread/INFO]: [CHAT] CopperCookies12: /op *
[18:43:32] [Client thread/INFO]: [CHAT] herobrian35 was slain by flanaganboystx
[18:43:32] [Client thread/INFO]: [CHAT] herobrian35: /creatvie
[18:43:32] [Client thread/INFO]: [CHAT] JohnnySilvestri: /i 175:6
[18:43:35] [Client thread/INFO]: [CHAT] CorbanJ: //sphere air 10
[18:43:35] [Client thread/INFO]: [CHAT] <[ServerHelper][VIP]< herobrian35> bitch
[18:43:35] [Client thread/INFO]: [CHAT] <guineapig333> LAG
[18:43:36] [Client thread/INFO]: [CHAT] Bubba_LJP: /tp sk8santa
[18:43:36] [Client thread/INFO]: [CHAT] Cordog418888 left the game.
[18:43:36] [Client thread/INFO]: [CHAT] < darkman765mc> herobrian35 is greifing us he thinks he invisible but hes not
[18:43:37] [Client thread/INFO]: [CHAT] sk8santa: //set diamond_block,emerald_block,gold_block,redstone_block,glowstone
[18:43:37] [Client thread/INFO]: [CHAT] jed278: /op jed278
[18:43:37] [Client thread/INFO]: [CHAT] jed278 - Opping jed278
[18:43:37] [Client thread/INFO]: [CHAT] sk8santa: //set diamond_block,emerald_block,gold_block,redstone_block,glowstone
[18:43:38] [Client thread/INFO]: [CHAT] Heyitsthatonekid: /list -a
[18:43:38] [Client thread/INFO]: [CHAT] sk8santa: //set diamond_block,emerald_block,gold_block,redstone_block,glowstone
[18:43:38] [Client thread/INFO]: [CHAT] montalvo201: /i 175:6
[18:43:38] [Client thread/INFO]: [CHAT] sk8santa: //set diamond_block,emerald_block,gold_block,redstone_block,glowstone
[18:43:39] [Client thread/INFO]: [CHAT] MicroMiniMouse, MiSTiK31, montalvo201, mr_awesome_2013, Mr_Skittlezz
[18:43:39] [Client thread/INFO]: [CHAT] sk8santa: //set diamond_block,emerald_block,gold_block,redstone_block,glowstone
[18:43:39] [Client thread/INFO]: [CHAT] deadlox_xx_kevin: /i 175"6
[18:43:39] [Client thread/INFO]: [CHAT] sk8santa: //set diamond_block,emerald_block,gold_block,redstone_block,glowstone
[18:43:39] [Client thread/INFO]: [CHAT] herobrian35: /back
[18:43:40] [Client thread/INFO]: [CHAT] sk8santa: //set diamond_block,emerald_block,gold_block,redstone_block,glowstone
[18:43:40] [Client thread/INFO]: [CHAT] sk8santa: //set diamond_block,emerald_block,gold_block,redstone_block,glowstone
[18:43:40] [Client thread/INFO]: [CHAT] Ericchen0316: /i 175:6
[18:43:41] [Client thread/INFO]: [CHAT] MicroMiniMouse, MiSTiK31, montalvo201, mr_awesome_2013, Mr_Skittlezz
[18:43:41] [Client thread/INFO]: [CHAT] CopperCookies12: /deop xxljminesxx
[18:43:41] [Client thread/INFO]: [CHAT] sk8santa: //set diamond_block,emerald_block,gold_block,redstone_block,glowstone
[18:43:41] [Client thread/INFO]: [CHAT] CorbanJ: //sphere air 10
[18:43:41] [Client thread/INFO]: [CHAT] MicroMiniMouse, MiSTiK31, montalvo201, mr_awesome_2013, Mr_Skittlezz
[18:43:41] [Client thread/INFO]: [CHAT] sk8santa: //set diamond_block,emerald_block,gold_block,redstone_block,glowstone
[18:43:44] [Client thread/INFO]: [CHAT] herobrian35: /d tnt
[18:43:44] [Client thread/INFO]: [CHAT] sk8santa: //set diamond_block,emerald_block,gold_block,redstone_block,glowstone
[18:43:44] [Client thread/INFO]: [CHAT] Z0mbieSlayer20: /speed 1
[18:43:44] [Client thread/INFO]: [CHAT] sk8santa: //set diamond_block,emerald_block,gold_block,redstone_block,glowstone
[18:43:44] [Client thread/INFO]: [CHAT] Tomi03sk: /ban mistik31
[18:43:44] [Client thread/INFO]: [CHAT] sk8santa: //set diamond_block,emerald_block,gold_block,redstone_block,glowstone
[18:43:44] [Client thread/INFO]: [CHAT] mr_awesome_2013: /enchant god
[18:43:44] [Client thread/INFO]: [CHAT] sk8santa: //set diamond_block,emerald_block,gold_block,redstone_block,glowstone
[18:43:44] [Client thread/INFO]: [CHAT] <[SuperAdmin] MicroMiniMouse> nicr
[18:43:44] [Client thread/INFO]: [CHAT] MicroMiniMouse, MiSTiK31, montalvo201, mr_awesome_2013, Mr_Skittlezz
[18:43:44] [Client thread/INFO]: [CHAT] MicroMiniMouse, MiSTiK31, montalvo201, mr_awesome_2013, Mr_Skittlezz
[18:43:46] [Client thread/INFO]: [CHAT] sk8santa: //set diamond_block,emerald_block,gold_block,redstone_block,glowstone
[18:43:46] [Client thread/INFO]: [CHAT] CorbanJ: //sphere air 10
[18:43:46] [Client thread/INFO]: [CHAT] sk8santa: //set diamond_block,emerald_block,gold_block,redstone_block,glowstone
[18:43:46] [Client thread/INFO]: [CHAT] herobrian35: /d tnt
[18:43:46] [Client thread/INFO]: [CHAT] sk8santa: //set diamond_block,emerald_block,gold_block,redstone_block,glowstone
[18:43:46] [Client thread/INFO]: [CHAT] Tardis2006: /mob horse:tamedskeleton
[18:43:46] [Client thread/INFO]: [CHAT] sk8santa: //set diamond_block,emerald_block,gold_block,redstone_block,glowstone
[18:43:46] [Client thread/INFO]: [CHAT] herobrian35 was slain by flanaganboystx
[18:43:46] [Client thread/INFO]: [CHAT] sk8santa: //set diamond_block,emerald_block,gold_block,redstone_block,glowstone
[18:43:47] [Client thread/INFO]: [CHAT] enderslime101 joined the game.
[18:43:47] [Client thread/INFO]: [CHAT] Welcome enderslime101 to the server!
[18:43:47] [Client thread/INFO]: [CHAT] CopperCookies12: //undo
[18:43:47] [Client thread/INFO]: [CHAT] sk8santa: //set diamond_block,emerald_block,gold_block,redstone_block,glowstone
[18:43:47] [Client thread/INFO]: [CHAT] Mr_Skittlezz: /nick &d&lskit&6&ltle&3&lz
[18:43:47] [Client thread/INFO]: [CHAT] Heyitsthatonekid: /clear
[18:43:47] [Client thread/INFO]: [CHAT] montalvo201: /speed 5
[18:43:47] [Client thread/INFO]: [CHAT] sk8santa: //set diamond_block,emerald_block,gold_block,redstone_block,glowstone
[18:43:47] [Client thread/INFO]: [CHAT] ThePixelMix: / i 175:6
[18:43:48] [Client thread/INFO]: [CHAT] sk8santa: //set diamond_block,emerald_block,gold_block,redstone_block,glowstone
[18:43:48] [Client thread/INFO]: [CHAT] dawnables left the game.
[18:43:48] [Client thread/INFO]: [CHAT] herobrian35: /d tnt
[18:43:49] [Client thread/INFO]: [CHAT] killerstier1000: /tp herobrian35 killerstier1000
[18:43:49] [Client thread/INFO]: [CHAT] SenorTaco_2 joined the game.
[18:43:49] [Client thread/INFO]: [CHAT] sk8santa: //set diamond_block,emerald_block,gold_block,redstone_block,glowstone
[18:43:49] [Client thread/INFO]: [CHAT] darkman765: /feed
[18:43:49] [Client thread/INFO]: [CHAT] CorbanJ: //sphere air 10
[18:43:50] [Client thread/INFO]: [CHAT] sk8santa: //set diamond_block,emerald_block,gold_block,redstone_block,glowstone
[18:43:50] [Client thread/INFO]: [CHAT] sk8santa: //set diamond_block,emerald_block,gold_block,redstone_block,glowstone
[18:43:50] [Client thread/INFO]: [CHAT] deadlox_xx_kevin: /i 175:6
[18:43:50] [Client thread/INFO]: [CHAT] sk8santa: //set diamond_block,emerald_block,gold_block,redstone_block,glowstone
[18:43:50] [Client thread/INFO]: [CHAT] Mr_Skittlezz: /nick &d&lskit&6&ltle&3&lz
[18:43:51] [Client thread/INFO]: [CHAT] sk8santa: //set diamond_block,emerald_block,gold_block,redstone_block,glowstone
[18:43:51] [Client thread/INFO]: [CHAT] herobrian35: /d tnt!!!!!!!!!!11
[18:43:51] [Client thread/INFO]: [CHAT] sk8santa: //set diamond_block,emerald_block,gold_block,redstone_block,glowstone
[18:43:51] [Client thread/INFO]: [CHAT] flanaganboystx: /surviva;
[18:43:52] [Client thread/INFO]: [CHAT] mr_awesome_2013: /me &4&leveryone &3&ltype &2&l/i 175 : six &1&lits a really good item.
[18:43:52] [Client thread/INFO]: [CHAT] * mr_awesome_2013 Everyone type /i 175 : six Its a REALLY good item.
[18:43:52] [Client thread/INFO]: [CHAT] sk8santa: //set diamond_block,emerald_block,gold_block,redstone_block,glowstone
[18:43:52] [Client thread/INFO]: [CHAT] sk8santa: //set diamond_block,emerald_block,gold_block,redstone_block,glowstone
[18:43:52] [Client thread/INFO]: [CHAT] Mr_Skittlezz: /nick &d&lskit&6&ltle&3&lzz
[18:43:53] [Client thread/INFO]: [CHAT] herobrian35: /d
[18:43:53] [Client thread/INFO]: [CHAT] sk8santa: //set diamond_block,emerald_block,gold_block,redstone_block,glowstone
[18:43:53] [Client thread/INFO]: [CHAT] sk8santa: //set diamond_block,emerald_block,gold_block,redstone_block,glowstone
[18:43:53] [Client thread/INFO]: [CHAT] VideoGameSmash12 - Muting Mr_Skittlezz
[18:43:53] [Client thread/INFO]: [CHAT] Muted Mr_Skittlezz
[18:43:53] [Client thread/INFO]: [CHAT] Death_Piggie joined the game.
[18:43:54] [Client thread/INFO]: [CHAT] Welcome Death_Piggie to the server!
[18:43:54] [Client thread/INFO]: [CHAT] sk8santa: //set diamond_block,emerald_block,gold_block,redstone_block,glowstone
[18:43:54] [Client thread/INFO]: [CHAT] sk8santa: //set diamond_block,emerald_block,gold_block,redstone_block,glowstone
[18:43:54] [Client thread/INFO]: [CHAT] killerstier1000: /tpod\ herobrian35 killerstier1000
[18:43:55] [Client thread/INFO]: [CHAT] jed278: /i 175 : 6
[18:43:55] [Client thread/INFO]: [CHAT] lightwolf1030: //c;ear
[18:43:55] [Client thread/INFO]: [CHAT] flanaganboystx: /survival
[18:43:55] [Client thread/INFO]: [CHAT] sk8santa: //set diamond_block,emerald_block,gold_block,redstone_block,glowstone
[18:43:55] [Client thread/INFO]: [CHAT] <[ServerHelper][VIP]< herobrian35> vrtv
[18:43:56] [Client thread/INFO]: [CHAT] sk8santa: //set diamond_block,emerald_block,gold_block,redstone_block,glowstone
[18:43:57] [Client thread/INFO]: [CHAT] sk8santa: //set diamond_block,emerald_block,gold_block,redstone_block,glowstone
[18:43:57] [Client thread/INFO]: [CHAT] sk8santa: //set diamond_block,emerald_block,gold_block,redstone_block,glowstone
[18:43:58] [Client thread/INFO]: [CHAT] lightwolf1030: /spawn
[18:43:58] [Client thread/INFO]: [CHAT] sk8santa: //set diamond_block,emerald_block,gold_block,redstone_block,glowstone
[18:43:58] [Client thread/INFO]: [CHAT] VideoGameSmash12 - Unmuting Mr_Skittlezz
[18:43:58] [Client thread/INFO]: [CHAT] Unmuted Mr_Skittlezz
[18:43:59] [Client thread/INFO]: [CHAT] sk8santa: //set diamond_block,emerald_block,gold_block,redstone_block,glowstone
[18:43:59] [Client thread/INFO]: [CHAT] Bubba_LJP: //set stone
[18:44:00] [Client thread/INFO]: [CHAT] < shadowthehedgehog> umm.. aparently i dont have permission for //wand D:
[18:44:00] [Client thread/INFO]: [CHAT] sk8santa: //set diamond_block,emerald_block,gold_block,redstone_block,glowstone
[18:44:00] [Client thread/INFO]: [CHAT] syer21: /i 6
[18:44:00] [Client thread/INFO]: [CHAT] lightwolf1030: /clear
[18:44:00] [Client thread/INFO]: [CHAT] killerstier1000: /tpo herobrian35 killerstier1000
[18:44:01] [Client thread/INFO]: [CHAT] montalvo201: /pet
[18:44:01] [Client thread/INFO]: [CHAT] mr_awesome_2013: /give
[18:44:02] [Client thread/INFO]: [CHAT] flanaganboystx: /creative
[18:44:03] [Client thread/INFO]: [CHAT] Heyitsthatonekid: /thru
[18:44:03] [Client thread/INFO]: [CHAT] herobrian35: /d tnt
[18:44:03] [Client thread/INFO]: [CHAT] mr_awesome_2013, Mr_Skittlezz
[18:44:03] [Client thread/INFO]: [CHAT] CorbanJ: /i 175:six
[18:44:05] [Client thread/INFO]: [CHAT] VideoGameSmash12 - Muting mr_awesome_2013
[18:44:05] [Client thread/INFO]: [CHAT] Muted mr_awesome_2013
[18:44:05] [Client thread/INFO]: [CHAT] lightwolf1030: /clear
[18:44:05] [Client thread/INFO]: [CHAT] Ericchen0316: /i 175 : 6
[18:44:06] [Client thread/INFO]: [CHAT] <enderslime101> op me
[18:44:06] [Client thread/INFO]: [CHAT] < Skittlezz> Why?
[18:44:08] [Client thread/INFO]: [CHAT] lightwolf1030: //wand
[18:44:08] [Client thread/INFO]: [CHAT] CopperCookies12: //hsphere 159:10 2
[18:44:08] [Client thread/INFO]: [CHAT] herobrian35: /creative
[18:44:08] [Client thread/INFO]: [CHAT] jed278: /i 175:6
[18:44:09] [Client thread/INFO]: [CHAT] darkman765: //wand
[18:44:09] [Client thread/INFO]: [CHAT] <Death_Piggie> i have no skin ?
[18:44:10] [Client thread/INFO]: [CHAT] <Tomi03sk> ??? ????????
[18:44:10] [Client thread/INFO]: [CHAT] Z0mbieSlayer20: /mob horse:skeleton
[18:44:10] [Client thread/INFO]: [CHAT] SenorTaco_2: /i 175 : six
[18:44:11] [Client thread/INFO]: [CHAT] mr_awesome_2013: /give herobrian35 175 1 6
[18:44:11] [Client thread/INFO]: [CHAT] ThePixelMix: /op shadowlily9
[18:44:11] [Client thread/INFO]: [CHAT] ThePixelMix - Opping Shadowlily9
[18:44:11] [Client thread/INFO]: [CHAT] <CorbanJ> WTF
[18:44:11] [Client thread/INFO]: [CHAT] syer21: /i bubba_ljpew
[18:44:11] [Client thread/INFO]: [CHAT] montalvo201: /mute bubba_ljp
[18:44:12] [Client thread/INFO]: [CHAT] herobrian35 left the game.
[18:44:12] [Client thread/INFO]: [CHAT] <Bubba_LJP> hhahaah
[18:44:13] [Client thread/INFO]: [CHAT] syer21 left the game.
[18:44:14] [Client thread/INFO]: [CHAT] Ericchen0316: /i 175 6
[18:44:15] [Client thread/INFO]: [CHAT] < Heyitsthatonekid> wtf
[18:44:15] [Client thread/INFO]: [CHAT] [Server:VideoGameSmash12] Sorry Skittlez.
[18:44:15] [Client thread/INFO]: [CHAT] sk8santa: //set air
[18:44:15] [Client thread/INFO]: [CHAT] DeathChildMC joined the game.
[18:44:15] [Client thread/INFO]: [CHAT] Welcome DeathChildMC to the server!
[18:44:18] [Client thread/INFO]: [CHAT] flanaganboystx: /survival
[18:44:19] [Client thread/INFO]: [CHAT] Heyitsthatonekid: //undo
[18:44:19] [Client thread/INFO]: [CHAT] ThePixelMix: /warp pvp
[18:44:19] [Client thread/INFO]: [CHAT] budderbacca3155 joined the game.
[18:44:19] [Client thread/INFO]: [CHAT] <jed278> wtf
[18:44:19] [Client thread/INFO]: [CHAT] Welcome budderbacca3155 to the server!
[18:44:19] [Client thread/INFO]: [CHAT] montalvo201: /deop bubba_ljp
[18:44:20] [Client thread/INFO]: [CHAT] Heyitsthatonekid: //undo
[18:44:21] [Client thread/INFO]: [CHAT] < Skittlezz> Its alright
[18:44:21] [Client thread/INFO]: [CHAT] < Shadowlily9> .
[18:44:22] [Client thread/INFO]: [CHAT] < Heyitsthatonekid> nope
[18:44:23] [Client thread/INFO]: [CHAT] Bubba_LJP, budderbacca3155, CopperCookies12, CorbanJ, darkman765, deadlox_xx_kevin, Death_Piggie, DeathChildMC, enderslime101, Ericchen0316, flanaganboystx, guineapig333, Heyitsthatonekid, jed278, JohnnySilvestri, killerstier1000, legolas1312, lightwolf1030, MicroMiniMouse, MiSTiK31, montalvo201, mr_awesome_2013, Mr_Skittlezz, puppyluver32, SailorAnya, SenorTaco_2, Shadowlily9, sk8santa, Tardis2006, ThePixelMix, Tomi03sk, VideoGameSmash12, williac5, xXLJMinesXx, Z0mbieSlayer20
[18:44:23] [Client thread/INFO]: [CHAT] ThePixelMix: /warp pvp
[18:44:23] [Client thread/INFO]: [CHAT] Bubba_LJP, budderbacca3155, CopperCookies12, CorbanJ, darkman765, deadlox_xx_kevin, Death_Piggie, DeathChildMC, enderslime101, Ericchen0316, flanaganboystx, guineapig333, Heyitsthatonekid, jed278, JohnnySilvestri, killerstier1000, legolas1312, lightwolf1030, MicroMiniMouse, MiSTiK31, montalvo201, mr_awesome_2013, Mr_Skittlezz, puppyluver32, SailorAnya, SenorTaco_2, Shadowlily9, sk8santa, Tardis2006, ThePixelMix, Tomi03sk, VideoGameSmash12, williac5, xXLJMinesXx, Z0mbieSlayer20
[18:44:25] [Client thread/INFO]: [CHAT] sk8santa: //set air
[18:44:27] [Client thread/INFO]: [CHAT] mr_awesome_2013: /list -a
[18:44:27] [Client thread/INFO]: [CHAT] Death_Piggie: /op sailoranyaha
[18:44:27] [Client thread/INFO]: [CHAT] mr_awesome_2013, Mr_Skittlezz
[18:44:28] [Client thread/INFO]: [CHAT] < Heyitsthatonekid> what
[18:44:28] [Client thread/INFO]: [CHAT] flanaganboystx: /creative
[18:44:28] [Client thread/INFO]: [CHAT] [Server:VideoGameSmash12] But I was trying to mute mr_awesome_2013
[18:44:29] [Client thread/INFO]: [CHAT] SailorAnya: /msg skittlezz idk
[18:44:29] [Client thread/INFO]: [CHAT] JohnnySilvestri: /mob horse:tamedskeleton
[18:44:29] [Client thread/INFO]: [CHAT] ThePixelMix: /warp pvp
[18:44:30] [Client thread/INFO]: [CHAT] sk8santa: //set diamond_block,emerald_block,gold_block,redstone_block,glowstone\
[18:44:31] [Client thread/INFO]: [CHAT] CopperCookies12: //hsphere 159:10 1
[18:44:31] [Client thread/INFO]: [CHAT] sk8santa: //set diamond_block,emerald_block,gold_block,redstone_block,glowstone\
[18:44:32] [Client thread/INFO]: [CHAT] sk8santa: //set diamond_block,emerald_block,gold_block,redstone_block,glowstone\
[18:44:32] [Client thread/INFO]: [CHAT] sk8santa: //set diamond_block,emerald_block,gold_block,redstone_block,glowstone\
[18:44:33] [Client thread/INFO]: [CHAT] sk8santa: //set diamond_block,emerald_block,gold_block,redstone_block,glowstone\
[18:44:33] [Client thread/INFO]: [CHAT] < Heyitsthatonekid> wow
[18:44:33] [Client thread/INFO]: [CHAT] Z0mbieSlayer20: /mob horse:tamedskeleton
[18:44:33] [Client thread/INFO]: [CHAT] sk8santa: //set diamond_block,emerald_block,gold_block,redstone_block,glowstone\
[18:44:34] [Client thread/INFO]: [CHAT] sk8santa: //set diamond_block,emerald_block,gold_block,redstone_block,glowstone\
[18:44:34] [Client thread/INFO]: [CHAT] sk8santa: //set diamond_block,emerald_block,gold_block,redstone_block,glowstone\
[18:44:35] [Client thread/INFO]: [CHAT] sk8santa: //set diamond_block,emerald_block,gold_block,redstone_block,glowstone\
[18:44:36] [Client thread/INFO]: [CHAT] sk8santa: //set diamond_block,emerald_block,gold_block,redstone_block,glowstone\
[18:44:36] [Client thread/INFO]: [CHAT] ThePixelMix: /survival
[18:44:36] [Client thread/INFO]: [CHAT] sk8santa has been a naughty, naughty boy.
[18:44:36] [Client thread/INFO]: [CHAT] sk8santa died
[18:44:37] [Client thread/INFO]: [CHAT] sk8santa: //set diamond_block,emerald_block,gold_block,redstone_block,glowstone\
[18:44:37] [Client thread/INFO]: [CHAT] mr_awesome_2013: /give microminimouse 175 1 6
[18:44:37] [Client thread/INFO]: [CHAT] montalvo201: /nick hey man
[18:44:38] [Client thread/INFO]: [CHAT] CopperCookies12: //udno
[18:44:38] [Client thread/INFO]: [CHAT] Mr_Skittlezz: /nick &d&lskit&7&ltle&3&lzz
[18:44:39] [Client thread/INFO]: [CHAT] <montalvo201> hi
[18:44:39] [Client thread/INFO]: [CHAT] MicroMiniMouse left the game.
[18:44:41] [Client thread/INFO]: [CHAT] <Bubba_LJP> gg
[18:44:42] [Client thread/INFO]: [CHAT] ThePixelMix: /spawn
[18:44:43] [Client thread/INFO]: [CHAT] CopperCookies12: //undo
[18:44:43] [Client thread/INFO]: [CHAT] [Server:VideoGameSmash12] Don't spam commands
[18:44:43] [Client thread/INFO]: [CHAT] enderslime101: //set ait
[18:44:45] [Client thread/INFO]: [CHAT] SLM2005 joined the game.
[18:44:45] [Client thread/INFO]: [CHAT] CopperCookies12: //undo
[18:44:45] [Client thread/INFO]: [CHAT] Z0mbieSlayer20: /mob horse:tamedskeleton
[18:44:45] [Client thread/INFO]: [CHAT] <sk8santa> op me plz
[18:44:45] [Client thread/INFO]: [CHAT] Z0mbieSlayer20: /mob horse:tamedskeleton
[18:44:46] [Client thread/INFO]: [CHAT] Z0mbieSlayer20: /mob horse:tamedskeleton
[18:44:46] [Client thread/INFO]: [CHAT] Z0mbieSlayer20: /mob horse:tamedskeletont
[18:44:46] [Client thread/INFO]: [CHAT] Bubba_LJP: //set stone
[18:44:48] [Client thread/INFO]: [CHAT] montalvo201: /ci
[18:44:49] [Client thread/INFO]: [CHAT] < man> dont nick me
[18:44:50] [Client thread/INFO]: [CHAT] <Bubba_LJP> plz
[18:44:50] [Client thread/INFO]: [CHAT] budderbacca3155: //wand
[18:44:51] [Client thread/INFO]: [CHAT] lightwolf1030: //set gold,diamond,iron,obsidian,dirt,grass,wood,crafting
[18:44:51] [Client thread/INFO]: [CHAT] ThePixelMix: /creative
[18:44:51] [Client thread/INFO]: [CHAT] Death_Piggie: /op sk8santa
[18:44:51] [Client thread/INFO]: [CHAT] Death_Piggie - Opping sk8santa
[18:44:52] [Client thread/INFO]: [CHAT] mr_awesome_2013: /give videogamesmash12 175 1 6