[19:39:35] [Client thread/INFO]: [CHAT] VideoGameSmash12 joined the game.
[19:39:35] [Client thread/INFO]: [CHAT] Welcome VideoGameSmash12 to the server!
[19:39:35] [Client thread/INFO]: [CHAT] Type /help for a list of commands.
[19:39:35] [Client thread/INFO]: [CHAT] Save your builds with World Edit or lose them
[19:39:35] [Client thread/INFO]: [CHAT] Read our website at www.totalfreedom.me to find out how
[19:39:35] [Client thread/INFO]: [CHAT] Read the rules
[19:39:35] [Client thread/INFO]: [CHAT] Read our only authorized forum at www.totalfreedom.boards.net
[19:39:35] [Client thread/INFO]: [CHAT] You have no new mail.
[19:39:37] [Client thread/INFO]: [CHAT] <DevinBane05> XD
[19:39:44] [Client thread/INFO]: [CHAT] <VideoGameSmash12> Hmm.
[19:39:45] [Client thread/INFO]: [CHAT] < Ghost> lol
[19:39:48] [Client thread/INFO]: [CHAT] <deadmau5> music?
[19:39:49] [Client thread/INFO]: [CHAT] <0SKS0> Oh hai video
[19:39:49] [Client thread/INFO]: [CHAT] <VideoGameSmash12> Woah.
[19:39:52] [Client thread/INFO]: [CHAT] <deadmau5> my specialty.
[19:39:54] [Client thread/INFO]: [CHAT] <VideoGameSmash12> Hi 0SKS0.
[19:39:55] [Client thread/INFO]: [CHAT] <deadmau5> allow me.
[19:39:56] [Client thread/INFO]: [CHAT] <xXWilee999Xx> put music at spawn someone
[19:40:04] [Client thread/INFO]: [CHAT] Horsdere joined the game.
[19:40:04] [Client thread/INFO]: [CHAT] Welcome Horsdere to the server!
[19:40:12] [Client thread/INFO]: [CHAT] <xXWilee999Xx> ewwwww
[19:40:13] [Client thread/INFO]: [CHAT] <UnDead Ghost> ;p
[19:40:15] [Client thread/INFO]: [CHAT] <xXWilee999Xx> diff music
[19:40:17] [Client thread/INFO]: [CHAT] <VideoGameSmash12> deadmau5 plays Minecraft?
[19:40:18] [Client thread/INFO]: [CHAT] <[Admin] IamFire> lol?
[19:40:20] [Client thread/INFO]: [CHAT] <melon_of_melons> play cat
[19:40:22] [Client thread/INFO]: [CHAT] <Horsdere> Anyone wanna make a PVP areana?
[19:40:24] [Client thread/INFO]: [CHAT] <VideoGameSmash12> Hmm.
[19:40:25] [Client thread/INFO]: [CHAT] <0SKS0> wat
[19:40:27] [Client thread/INFO]: [CHAT] <xXWilee999Xx> dif fukin music
[19:40:30] [Client thread/INFO]: [CHAT] <Xxdead_mauxX> ItzBloop I See You On This Server EveryTime
[19:40:35] [Client thread/INFO]: [CHAT] bandersen left the game.
[19:40:36] [Client thread/INFO]: [CHAT] <0SKS0> omg wilee
[19:40:37] [Client thread/INFO]: [CHAT] <0SKS0> lol
[19:40:38] [Client thread/INFO]: [CHAT] <SPAZBUTT> Lel glitch
[19:40:39] [Client thread/INFO]: [CHAT] <gomalley411> same here
[19:40:48] [Client thread/INFO]: [CHAT] <xXWilee999Xx> all this music shit
[19:40:48] [Client thread/INFO]: [CHAT] <deadmau5> great
[19:40:50] [Client thread/INFO]: [CHAT] <ItzBloop> yes
[19:40:51] [Client thread/INFO]: [CHAT] <VideoGameSmash12> Glitches!
[19:40:52] [Client thread/INFO]: [CHAT] <deadmau5> you guys fucked it up
[19:40:56] [Client thread/INFO]: [CHAT] <deadmau5> good job
[19:41:00] [Client thread/INFO]: [CHAT] <Timocraftt> lol
[19:41:01] [Client thread/INFO]: [CHAT] <ItzBloop> .
[19:41:02] [Client thread/INFO]: [CHAT] <Horsdere> Can i plz be opped?
[19:41:09] [Client thread/INFO]: [CHAT] 0SKS0 - Opping all players on the server
[19:41:09] [Client thread/INFO]: [CHAT] You are now op!
[19:41:11] [Client thread/INFO]: [CHAT] Xxdead_mauxX left the game.
[19:41:11] [Client thread/INFO]: [CHAT] SkythekidRS joined the game.
[19:41:11] [Client thread/INFO]: [CHAT] SkythekidRS left the game.
[19:41:13] [Client thread/INFO]: [CHAT] <Horsdere> Thanks you
[19:41:16] [Client thread/INFO]: [CHAT] SkythekidRS joined the game.
[19:41:19] [Client thread/INFO]: [CHAT] <UnDead Ghost> hey sky
[19:41:21] [Client thread/INFO]: [CHAT] <VideoGameSmash12> deadmau5, never mind that.
[19:41:22] [Client thread/INFO]: [CHAT] <DRIFT3R_42> is anybody walking
[19:41:23] [Client thread/INFO]: [CHAT] <SkythekidRS> hi
[19:41:25] [Client thread/INFO]: [CHAT] <codster47> hey sky
[19:41:32] [Client thread/INFO]: [CHAT] <UnDead Ghost> im a ghost right infront of u
[19:41:32] [Client thread/INFO]: [CHAT] <Horsdere> Hes real!
[19:41:38] [Client thread/INFO]: [CHAT] supergameplayer is a Super Admin
[19:41:38] [Client thread/INFO]: [CHAT] supergameplayer joined the game.
[19:41:38] [Client thread/INFO]: [CHAT] Welcome supergameplayer to the server!
[19:41:43] [Client thread/INFO]: [CHAT] <Op xXConnerxx> hi
[19:41:44] [Client thread/INFO]: [CHAT] <VideoGameSmash12> Hello Siper!
[19:41:48] [Client thread/INFO]: [CHAT] <VideoGameSmash12> Super*
[19:41:58] [Client thread/INFO]: [CHAT] natebrown56 joined the game.
[19:41:58] [Client thread/INFO]: [CHAT] Welcome natebrown56 to the server!
[19:42:06] [Client thread/INFO]: [CHAT] mankiller11 joined the game.
[19:42:06] [Client thread/INFO]: [CHAT] Welcome mankiller11 to the server!
[19:42:06] [Client thread/INFO]: [CHAT] <Horsdere> Sky where u?
[19:42:07] [Client thread/INFO]: [CHAT] sw1mguy joined the game.
[19:42:07] [Client thread/INFO]: [CHAT] Welcome sw1mguy to the server!
[19:42:11] [Client thread/INFO]: [CHAT] farto20 left the game.
[19:42:13] [Client thread/INFO]: [CHAT] < block> sup sky
[19:42:15] [Client thread/INFO]: [CHAT] mox4321 joined the game.
[19:42:15] [Client thread/INFO]: [CHAT] Welcome mox4321 to the server!
[19:42:16] [Client thread/INFO]: [CHAT] <xXWilee999Xx> where the hell are those jukeboxes
[19:42:18] [Client thread/INFO]: [CHAT] xXWilee999Xx - Removing all JUKEBOX within 20 blocks of all players. Brace for lag...
[19:42:18] [Client thread/INFO]: [CHAT] xXWilee999Xx - Remove complete. 28 blocks removed.
[19:42:19] [Client thread/INFO]: [CHAT] mox4321 left the game.
[19:42:24] [Client thread/INFO]: [CHAT] Kyoshiro used a forbidden WorldEdit block type: 50
[19:42:25] [Client thread/INFO]: [CHAT] <0SKS0> o
[19:42:25] [Client thread/INFO]: [CHAT] xXWilee999Xx - Removing all JUKEBOX within 50 blocks of all players. Brace for lag...
[19:42:28] [Client thread/INFO]: [CHAT] xXWilee999Xx - Remove complete. 6 blocks removed.
[19:42:30] [Client thread/INFO]: [CHAT] <Horsdere> I got Budder
[19:42:35] [Client thread/INFO]: [CHAT] dino_fish_38 joined the game.
[19:42:35] [Client thread/INFO]: [CHAT] Welcome dino_fish_38 to the server!
[19:42:37] [Client thread/INFO]: [CHAT] <IasonT> lol
[19:42:43] [Client thread/INFO]: [CHAT] <sw1mguy> can some one op me?
[19:42:45] [Client thread/INFO]: [CHAT] <Kyoshiro> IM getting confused
[19:42:47] [Client thread/INFO]: [CHAT] Conner7808 left the game.
[19:42:48] [Client thread/INFO]: [CHAT] <Kyoshiro> someone op me
[19:42:48] [Client thread/INFO]: [CHAT] 0SKS0 - Opping all players on the server
[19:42:48] [Client thread/INFO]: [CHAT] You are now op!
[19:42:51] [Client thread/INFO]: [CHAT] xKPM18x left the game.
[19:42:55] [Client thread/INFO]: [CHAT] <[Admin] IamFire> ==
[19:42:56] [Client thread/INFO]: [CHAT] Unknowenhacker joined the game.
[19:42:56] [Client thread/INFO]: [CHAT] Welcome Unknowenhacker to the server!
[19:42:57] [Client thread/INFO]: [CHAT] <Ghost_Fenrir> Hey 0SKS0
[19:42:58] [Client thread/INFO]: [CHAT] Malembo joined the game.
[19:42:58] [Client thread/INFO]: [CHAT] Welcome Malembo to the server!
[19:43:00] [Client thread/INFO]: [CHAT] isthebest10 left the game.
[19:43:04] [Client thread/INFO]: [CHAT] <0SKS0> supz
[19:43:04] [Client thread/INFO]: [CHAT] natebrown56 - Opping Unknowenhacker
[19:43:11] [Client thread/INFO]: [CHAT] xXWilee999Xx - Removing all JUKEBOX within 50 blocks of all players. Brace for lag...
[19:43:12] [Client thread/INFO]: [CHAT] <Timocraftt> omg
[19:43:14] [Client thread/INFO]: [CHAT] xXWilee999Xx - Remove complete. 14 blocks removed.
[19:43:14] [Client thread/INFO]: [CHAT] mankiller11 used a forbidden WorldEdit block type: 115
[19:43:15] [Client thread/INFO]: [CHAT] mox4321 joined the game.
[19:43:17] [Client thread/INFO]: [CHAT] <natebrown56> lagg
[19:43:21] [Client thread/INFO]: [CHAT] randomguy0021 joined the game.
[19:43:21] [Client thread/INFO]: [CHAT] Welcome randomguy0021 to the server!
[19:43:24] [Client thread/INFO]: [CHAT] < Killer> 155 is quartz what the fuck
[19:43:29] [Client thread/INFO]: [CHAT] < Killer> plz do /op mankiller11
[19:43:34] [Client thread/INFO]: [CHAT] ItzBloop - Opping all players on the server
[19:43:34] [Client thread/INFO]: [CHAT] You are now op!
[19:43:35] [Client thread/INFO]: [CHAT] gomalley411 - Opping mankiller11
[19:43:36] [Client thread/INFO]: [CHAT] <0SKS0> kewl
[19:43:40] [Client thread/INFO]: [CHAT] <ItzBloop> 115 isn't quartz
[19:43:46] [Client thread/INFO]: [CHAT] <SPAZBUTT> what is it
[19:43:47] [Client thread/INFO]: [CHAT] yourmomisaguy14 used a forbidden WorldEdit block type: 10
[19:43:48] [Client thread/INFO]: [CHAT] dino_fish_38 left the game.
[19:43:50] [Client thread/INFO]: [CHAT] <VideoGameSmash12> Really Wilee...
[19:43:51] [Client thread/INFO]: [CHAT] <Kyoshiro> I want no limit of world edit
[19:43:52] [Client thread/INFO]: [CHAT] <ItzBloop> 115 is nether warts..
[19:43:54] [Client thread/INFO]: [CHAT] <VideoGameSmash12> FUUU
[19:43:55] [Client thread/INFO]: [CHAT] nolanoo joined the game.
[19:43:59] [Client thread/INFO]: [CHAT] <xXWilee999Xx> stop putting this in
[19:43:59] [Client thread/INFO]: [CHAT] < Killer> oh same thing
[19:44:03] [Client thread/INFO]: [CHAT] <SPAZBUTT> k
[19:44:07] [Client thread/INFO]: [CHAT] <VideoGameSmash12> must destroy
[19:44:12] [Client thread/INFO]: [CHAT] DRIFT3R_42 left the game.
[19:44:14] [Client thread/INFO]: [CHAT] supergameplayer left the game.
[19:44:14] [Client thread/INFO]: [CHAT] <xXWilee999Xx> put good music in
[19:44:20] [Client thread/INFO]: [CHAT] <VideoGameSmash12> :D
[19:44:22] [Client thread/INFO]: [CHAT] ItzBloop - Disabled DisguiseCraft.
[19:44:24] [Client thread/INFO]: [CHAT] <UnDead Ghost> what the
[19:44:25] [Client thread/INFO]: [CHAT] ItzBloop - Cleared all potion effects from all players
[19:44:29] [Client thread/INFO]: [CHAT] xXWilee999Xx - Casting complete holy obliviation over kreepers_killer
[19:44:29] [Client thread/INFO]: [CHAT] kreepers_killer will be completely obliviated using thy satanic holy powers!
[19:44:29] [Client thread/INFO]: [CHAT] kreepers_killer has been a VERY naughty, naughty boy.
[19:44:29] [Client thread/INFO]: [CHAT] keeptheshotgun joined the game.
[19:44:29] [Client thread/INFO]: [CHAT] Welcome keeptheshotgun to the server!
[19:44:29] [Client thread/INFO]: [CHAT] <[Head-Police] Ghost_Fenrir> ?
[19:44:30] [Client thread/INFO]: [CHAT] mankiller11 left the game.
[19:44:31] [Client thread/INFO]: [CHAT] Hey, kreepers_killer, what's the difference between jelly and jam?
[19:44:32] [Client thread/INFO]: [CHAT] <melon_of_melons> haha the wither didnt spawn
[19:44:34] [Client thread/INFO]: [CHAT] I can't jelly my banhammer down your throat.
[19:44:36] [Client thread/INFO]: [CHAT] kreepers_killer burned to death
[19:44:37] [Client thread/INFO]: [CHAT] <Timocraftt> hey look guys its the wither e ahhh...
[19:44:38] [Client thread/INFO]: [CHAT] xXWilee999Xx - Banning: kreepers_killer, IP: 124.82.48.109
[19:44:38] [Client thread/INFO]: [CHAT] kreepers_killer left the game.
[19:44:39] [Client thread/INFO]: [CHAT] LukaLV joined the game.
[19:44:39] [Client thread/INFO]: [CHAT] Welcome LukaLV to the server!
[19:44:42] [Client thread/INFO]: [CHAT] <[Head-Police] Ghost_Fenrir> Now?
[19:44:44] [Client thread/INFO]: [CHAT] Vanok123 joined the game.
[19:44:44] [Client thread/INFO]: [CHAT] Welcome Vanok123 to the server!
[19:44:44] [Client thread/INFO]: [CHAT] <xXWilee999Xx> someone put good music on
[19:44:45] [Client thread/INFO]: [CHAT] <VideoGameSmash12> Wilee doesn't approve the song, "wait".
[19:44:46] [Client thread/INFO]: [CHAT] rexman11 joined the game.
[19:44:46] [Client thread/INFO]: [CHAT] Welcome rexman11 to the server!
[19:44:47] [Client thread/INFO]: [CHAT] <xXWilee999Xx> at spawn
[19:44:54] [Client thread/INFO]: [CHAT] <Vanok123> ??????? ?????????
[19:44:54] [Client thread/INFO]: [CHAT] <melon_of_melons> creative
[19:44:57] [Client thread/INFO]: [CHAT] <keeptheshotgun> hey
[19:44:57] [Client thread/INFO]: [CHAT] <natebrown56> bad boy
[19:44:58] [Client thread/INFO]: [CHAT] xXWilee999Xx - Casting complete holy obliviation over Unknowenhacker
[19:44:58] [Client thread/INFO]: [CHAT] Unknowenhacker will be completely obliviated using thy satanic holy powers!
[19:44:58] [Client thread/INFO]: [CHAT] Unknowenhacker has been a VERY naughty, naughty boy.
[19:44:59] [Client thread/INFO]: [CHAT] Kyoshiro left the game.
[19:45:00] [Client thread/INFO]: [CHAT] Hey, Unknowenhacker, what's the difference between jelly and jam?
[19:45:01] [Client thread/INFO]: [CHAT] sanideki joined the game.
[19:45:01] [Client thread/INFO]: [CHAT] Welcome sanideki to the server!
[19:45:01] [Client thread/INFO]: [CHAT] <Vanok123> !??????? ?????????
[19:45:03] [Client thread/INFO]: [CHAT] I can't jelly my banhammer down your throat.
[19:45:03] [Client thread/INFO]: [CHAT] <VideoGameSmash12> no spaz
[19:45:04] [Client thread/INFO]: [CHAT] ItzBloop - Banning Unknowenhacker and IPs: 97.95.131.192
[19:45:04] [Client thread/INFO]: [CHAT] Unknowenhacker left the game.
[19:45:06] [Client thread/INFO]: [CHAT] <Timocraftt> i aproove of the song ward
[19:45:07] [Client thread/INFO]: [CHAT] xXWilee999Xx - Banning: Unknowenhacker, IP: 97.95.131.192
[19:45:14] [Client thread/INFO]: [CHAT] <[Head-Police] Beware> Now~
[19:45:20] [Client thread/INFO]: [CHAT] <natebrown56> that was my cousin BICTEHS
[19:45:21] [Client thread/INFO]: [CHAT] <Horsdere> Your free
[19:45:22] [Client thread/INFO]: [CHAT] <VideoGameSmash12> 11 is also not approved
[19:45:28] [Client thread/INFO]: [CHAT] cybercat1 joined the game.
[19:45:28] [Client thread/INFO]: [CHAT] LukaLV - Opping LukaLV
[19:45:28] [Client thread/INFO]: [CHAT] Welcome cybercat1 to the server!
[19:45:30] [Client thread/INFO]: [CHAT] natebrown56 left the game.
[19:45:31] [Client thread/INFO]: [CHAT] <VideoGameSmash12> hmmmm
[19:45:32] [Client thread/INFO]: [CHAT] 0SKS0 - Opping all players on the server
[19:45:32] [Client thread/INFO]: [CHAT] You are now op!
[19:45:44] [Client thread/INFO]: [CHAT] <deadmau5> vanok, dont break my ice
[19:45:58] [Client thread/INFO]: [CHAT] <VideoGameSmash12> Video doesnt approve this
[19:45:59] [Client thread/INFO]: [CHAT] <Horsdere> Do you want the gold gone?
[19:46:00] [Client thread/INFO]: [CHAT] cybercat1 left the game.
[19:46:04] [Client thread/INFO]: [CHAT] <xXWilee999Xx> video stop griewfing
[19:46:06] [Client thread/INFO]: [CHAT] anthonygotyou joined the game.
[19:46:06] [Client thread/INFO]: [CHAT] Welcome anthonygotyou to the server!
[19:46:09] [Client thread/INFO]: [CHAT] <Vanok123> ? ??? ?? ???? ????????
[19:46:11] [Client thread/INFO]: [CHAT] sky0730 joined the game.
[19:46:11] [Client thread/INFO]: [CHAT] Welcome sky0730 to the server!
[19:46:12] [Client thread/INFO]: [CHAT] mox4321 left the game.
[19:46:14] [Client thread/INFO]: [CHAT] <Vanok123> Ban no
[19:46:15] [Client thread/INFO]: [CHAT] <gomalley411> video is griefing!
[19:46:16] [Client thread/INFO]: [CHAT] <0SKS0> griewfing is bad :C
[19:46:23] [Client thread/INFO]: [CHAT] keeptheshotgun left the game.
[19:46:25] [Client thread/INFO]: [CHAT] <Malembo> meh
[19:46:28] [Client thread/INFO]: [CHAT] <0SKS0> dude stooop
[19:46:30] [Client thread/INFO]: [CHAT] <Malembo> Doctor Who
[19:46:32] [Client thread/INFO]: [CHAT] ItzBloop - Rolling back player: ironaidan2004
[19:46:33] [Client thread/INFO]: [CHAT] <Horsdere> Should i set it air?
[19:46:34] [Client thread/INFO]: [CHAT] <[Head-Police] Beware> Who?
[19:46:37] [Client thread/INFO]: [CHAT] ItzBloop - Banning ironaidan2004 and IPs: 98.245.37.14
[19:46:39] [Client thread/INFO]: [CHAT] <melon_of_melons> ?
[19:46:40] [Client thread/INFO]: [CHAT] <DrKills1> sky do i have a cap?
[19:46:43] [Client thread/INFO]: [CHAT] Yasin_TR joined the game.
[19:46:43] [Client thread/INFO]: [CHAT] Welcome Yasin_TR to the server!
[19:46:45] [Client thread/INFO]: [CHAT] <DrKills1> cape
[19:46:49] [Client thread/INFO]: [CHAT] <Vanok123> Kto RUS?
[19:46:51] [Client thread/INFO]: [CHAT] <[Head-Police] Beware> SkythekidRS
[19:46:58] [Client thread/INFO]: [CHAT] 0SKS0 - Rolling back player: VideoGameSmash12
[19:47:02] [Client thread/INFO]: [CHAT] <VideoGameSmash12> video does not approve
[19:47:03] [Client thread/INFO]: [CHAT] <0SKS0> oh god
[19:47:05] [Client thread/INFO]: [CHAT] <[Head-Police] Beware> u know uur Fake Right?
[19:47:06] [Client thread/INFO]: [CHAT] ItzBloop - Tempbanning: gomalley411 for 5 minutes.
[19:47:06] [Client thread/INFO]: [CHAT] gomalley411 left the game.
[19:47:06] [Client thread/INFO]: [CHAT] <Vanok123> ? ???????
[19:47:10] [Client thread/INFO]: [CHAT] dakota1rex254 joined the game.
[19:47:10] [Client thread/INFO]: [CHAT] <SPAZBUTT> Who cleared me
[19:47:11] [Client thread/INFO]: [CHAT] <[Head-Police] Beware> 0SKS0
[19:47:12] [Client thread/INFO]: [CHAT] <Timocraftt> .
[19:47:14] [Client thread/INFO]: [CHAT] <VideoGameSmash12> video doesnt approve at all!!!
[19:47:14] [Client thread/INFO]: [CHAT] alegoguy253 joined the game.
[19:47:14] [Client thread/INFO]: [CHAT] Welcome alegoguy253 to the server!
[19:47:15] [Client thread/INFO]: [CHAT] <DrKills1> sky do i have a cape
[19:47:15] [Client thread/INFO]: [CHAT] <UnDead Ghost> someone cleare me
[19:47:16] [Client thread/INFO]: [CHAT] <ItzBloop> gomalley did..
[19:47:17] [Client thread/INFO]: [CHAT] <rexman11> ????
[19:47:18] [Client thread/INFO]: [CHAT] <UnDead Ghost> d
[19:47:20] [Client thread/INFO]: [CHAT] <VideoGameSmash12> NO NO
[19:47:21] [Client thread/INFO]: [CHAT] <alegoguy253> Hi
[19:47:23] [Client thread/INFO]: [CHAT] anthonygotyou - Opping sky0730
[19:47:23] [Client thread/INFO]: [CHAT] <Vanok123> ??
[19:47:26] [Client thread/INFO]: [CHAT] <deadmau5> Hey videogamesmash, no one cares :3
[19:47:28] [Client thread/INFO]: [CHAT] anthonygotyou - Opping anthonygotyou
[19:47:28] [Client thread/INFO]: [CHAT] <melon_of_melons> budder castle
[19:47:29] [Client thread/INFO]: [CHAT] <[Head-Police] Beware> 0SKS0?
[19:47:31] [Client thread/INFO]: [CHAT] <0SKS0> yeah?
[19:47:33] [Client thread/INFO]: [CHAT] 0SKS0 - Rolling back player: randomguy0021
[19:47:34] [Client thread/INFO]: [CHAT] <Horsdere> Ill make the path with commands
[19:47:35] [Client thread/INFO]: [CHAT] Timocraftt fell from a high place
[19:47:39] [Client thread/INFO]: [CHAT] <VideoGameSmash12> I don't approve it!
[19:47:44] [Client thread/INFO]: [CHAT] <deadmau5> no one
[19:47:46] [Client thread/INFO]: [CHAT] <deadmau5> fucking
[19:47:47] [Client thread/INFO]: [CHAT] <deadmau5> cares
[19:47:47] [Client thread/INFO]: [CHAT] <0SKS0> lol
[19:47:51] [Client thread/INFO]: [CHAT] <0SKS0> ^
[19:47:52] [Client thread/INFO]: [CHAT] <melon_of_melons> i fell
[19:48:00] [Client thread/INFO]: [CHAT] <alegoguy253> No they took off WE
[19:48:07] [Client thread/INFO]: [CHAT] <deadmau5> oh boo hoo
[19:48:08] [Client thread/INFO]: [CHAT] <VideoGameSmash12> This is good music...
[19:48:09] [Client thread/INFO]: [CHAT] <0SKS0> lag?
[19:48:09] [Client thread/INFO]: [CHAT] <xXWilee999Xx> uh
[19:48:09] [Client thread/INFO]: [CHAT] <UnDead Ghost> shot lag
[19:48:09] [Client thread/INFO]: [CHAT] <Malembo> ?
[19:48:09] [Client thread/INFO]: [CHAT] yourmomisaguy14 left the game.
[19:48:11] [Client thread/INFO]: [CHAT] BazingaTheory1 left the game.
[19:48:11] [Client thread/INFO]: [CHAT] BellaIsBiss left the game.
[19:48:11] [Client thread/INFO]: [CHAT] <deadmau5> can you balem them?
[19:48:11] [Client thread/INFO]: [CHAT] sw1mguy left the game.
[19:48:11] [Client thread/INFO]: [CHAT] Malembo left the game.
[19:48:11] [Client thread/INFO]: [CHAT] nolanoo left the game.
[19:48:11] [Client thread/INFO]: [CHAT] BellaIsBiss joined the game.
[19:48:11] [Client thread/INFO]: [CHAT] BellaIsBiss left the game.
[19:48:13] [Client thread/INFO]: [CHAT] sw1mguy joined the game.
[19:48:13] [Client thread/INFO]: [CHAT] <ItzBloop> o.O
[19:48:13] [Client thread/INFO]: [CHAT] <deadmau5> blame*
[19:48:14] [Client thread/INFO]: [CHAT] CaptainSparklez joined the game.
[19:48:14] [Client thread/INFO]: [CHAT] Welcome CaptainSparklez to the server!
[19:48:14] [Client thread/INFO]: [CHAT] BazingaTheory1 joined the game.
[19:48:15] [Client thread/INFO]: [CHAT] <alegoguy253> Nvm
[19:48:15] [Client thread/INFO]: [CHAT] <[Head-Police] Beware> 0SKS0
[19:48:15] [Client thread/INFO]: [CHAT] BellaIsBiss joined the game.
[19:48:17] [Client thread/INFO]: [CHAT] <Vanok123> ?
[19:48:17] [Client thread/INFO]: [CHAT] <Horsdere> we should make a mini Hunger games
[19:48:18] [Client thread/INFO]: [CHAT] <alegoguy253> lagg
[19:48:19] [Client thread/INFO]: [CHAT] <0SKS0> wut?
[19:48:20] [Client thread/INFO]: [CHAT] <[Head-Police] Beware> Need Help?
[19:48:22] [Client thread/INFO]: [CHAT] yourmomisaguy14 joined the game.
[19:48:22] [Client thread/INFO]: [CHAT] xXWilee999Xx - Removing all JUKEBOX within 50 blocks of all players. Brace for lag...
[19:48:22] [Client thread/INFO]: [CHAT] <0SKS0> noe
[19:48:25] [Client thread/INFO]: [CHAT] <CaptainSparklez> Hi Guys
[19:48:26] [Client thread/INFO]: [CHAT] xXWilee999Xx - Remove complete. 0 blocks removed.
[19:48:26] [Client thread/INFO]: [CHAT] <deadmau5> wtf
[19:48:30] [Client thread/INFO]: [CHAT] <deadmau5> i am hearing
[19:48:32] [Client thread/INFO]: [CHAT] < block> sup cap
[19:48:35] [Client thread/INFO]: [CHAT] xXWilee999Xx left the game.
[19:48:36] [Client thread/INFO]: [CHAT] <deadmau5> a advertisement
[19:48:36] [Client thread/INFO]: [CHAT] xXWilee999Xx is a cool guy, and...
[19:48:36] [Client thread/INFO]: [CHAT] xXWilee999Xx is a Developer
[19:48:36] [Client thread/INFO]: [CHAT] xXWilee999Xx joined the game.
[19:48:37] [Client thread/INFO]: [CHAT] <jasonandmike> im like ur biggest fan CaptainSparklez!!!! i LOOOVE MINEPLEX
[19:48:38] [Client thread/INFO]: [CHAT] IasonT has been a VERY naughty, naughty boy.
[19:48:38] [Client thread/INFO]: [CHAT] Banning: IasonT, IP: 70.113.*.*.
[19:48:38] [Client thread/INFO]: [CHAT] IasonT left the game.
[19:48:39] [Client thread/INFO]: [CHAT] <deadmau5> :o
[19:48:42] [Client thread/INFO]: [CHAT] <[Head-Police] Beware> Need Help? With Griefers?
[19:48:42] [Client thread/INFO]: [CHAT] <CaptainSparklez> Nothin Much
[19:48:43] [Client thread/INFO]: [CHAT] bprais joined the game.
[19:48:43] [Client thread/INFO]: [CHAT] Welcome bprais to the server!
[19:48:48] [Client thread/INFO]: [CHAT] <Horsdere> Caotin sparklez isnt on
[19:48:48] [Client thread/INFO]: [CHAT] <xXWilee999Xx> put good music on
[19:48:49] [Client thread/INFO]: [CHAT] codster47 left the game.
[19:48:50] [Client thread/INFO]: [CHAT] <jasonandmike> can i get a screenie?
[19:48:52] [Client thread/INFO]: [CHAT] < deadmau6> hey guys
[19:48:54] [Client thread/INFO]: [CHAT] nolanoo joined the game.
[19:48:56] [Client thread/INFO]: [CHAT] <[Head-Police] Beware> CaptainSparklez
[19:48:56] [Client thread/INFO]: [CHAT] <CaptainSparklez> Horsdere
[19:48:57] [Client thread/INFO]: [CHAT] <melon_of_melons> sky ill turn into budder FOR THE CASTLE
[19:49:01] [Client thread/INFO]: [CHAT] bprais left the game.
[19:49:06] [Client thread/INFO]: [CHAT] <deadmau5> hey deadmau6, go fuck yourself :D
[19:49:07] [Client thread/INFO]: [CHAT] <[Head-Police] Beware> CaptainSparklez!?!!?
[19:49:17] [Client thread/INFO]: [CHAT] <CaptainSparklez> Ya
[19:49:20] [Client thread/INFO]: [CHAT] bprais joined the game.
[19:49:20] [Client thread/INFO]: [CHAT] <jasonandmike> can i get a screenshot captainsparkelz
[19:49:23] [Client thread/INFO]: [CHAT] <xXWilee999Xx> anyone gonna put good music on?
[19:49:23] [Client thread/INFO]: [CHAT] [Broadcast] SkythekidRS is fake.
[19:49:24] [Client thread/INFO]: [CHAT] <Horsdere> sky
[19:49:24] [Client thread/INFO]: [CHAT] <melon_of_melons> lagg
[19:49:32] [Client thread/INFO]: [CHAT] <Horsdere> Ill use World commands
[19:49:32] [Client thread/INFO]: [CHAT] < deadmau6> lol
[19:49:35] [Client thread/INFO]: [CHAT] <Horsdere> 3
[19:49:36] [Client thread/INFO]: [CHAT] <[Head-Police] Beware> if ur real Make a Video About This Server
[19:49:36] [Client thread/INFO]: [CHAT] <Horsdere> 2
[19:49:38] [Client thread/INFO]: [CHAT] sanideki left the game.
[19:49:38] [Client thread/INFO]: [CHAT] bprais left the game.
[19:49:38] [Client thread/INFO]: [CHAT] <Horsdere> 1
[19:49:39] [Client thread/INFO]: [CHAT] <jasonandmike> can i get a screenshot captainsparkelz!!!
[19:49:39] [Client thread/INFO]: [CHAT] BlueHusky6 joined the game.
[19:49:39] [Client thread/INFO]: [CHAT] Welcome BlueHusky6 to the server!
[19:49:43] [Client thread/INFO]: [CHAT] <CaptainSparklez> ya sure
[19:49:44] [Client thread/INFO]: [CHAT] BlueHusky6 left the game.
[19:49:51] [Client thread/INFO]: [CHAT] LukaLV has been a VERY naughty, naughty boy.
[19:49:52] [Client thread/INFO]: [CHAT] <rexman11> ???
[19:49:53] [Client thread/INFO]: [CHAT] <jasonandmike> with me and u blockin iron sword
[19:49:53] [Client thread/INFO]: [CHAT] Banning: LukaLV, IP: 68.104.*.*.
[19:49:53] [Client thread/INFO]: [CHAT] LukaLV left the game.
[19:49:55] [Client thread/INFO]: [CHAT] <VideoGameSmash12> *facepalm*
[19:49:55] [Client thread/INFO]: [CHAT] bprais joined the game.
[19:49:57] [Client thread/INFO]: [CHAT] <Horsdere> Hes Not really him
[19:50:02] [Client thread/INFO]: [CHAT] <VideoGameSmash12> GET.
[19:50:04] [Client thread/INFO]: [CHAT] <Horsdere> Sky is real
[19:50:05] [Client thread/INFO]: [CHAT] <VideoGameSmash12> RID>
[19:50:05] [Client thread/ERROR]: Item entity 25190 has no item?!
[19:50:07] [Client thread/INFO]: [CHAT] <VideoGameSmash12> OF.
[19:50:08] [Client thread/INFO]: [CHAT] sanideki joined the game.
[19:50:08] [Client thread/INFO]: [CHAT] < deadmau6> deadmau5 i am your father
[19:50:09] [Client thread/INFO]: [CHAT] <VideoGameSmash12> THE.
[19:50:11] [Client thread/INFO]: [CHAT] <Horsdere> lag
[19:50:13] [Client thread/INFO]: [CHAT] <VideoGameSmash12> records
[19:50:18] [Client thread/INFO]: [CHAT] <bprais> lag!!
[19:50:22] [Client thread/INFO]: [CHAT] <xXWilee999Xx> put discs
[19:50:23] [Client thread/INFO]: [CHAT] [Broadcast] All youtubers/famous people are fake.
[19:50:24] [Client thread/INFO]: [CHAT] <VideoGameSmash12> Oh crap!
[19:50:25] [Client thread/INFO]: [CHAT] <jasonandmike> CaptainSparklez can i get a screenshot with me and u blockin iron sword
[19:50:25] [Client thread/INFO]: [CHAT] <xXWilee999Xx> in
[19:50:29] [Client thread/INFO]: [CHAT] <deadmau5> deadmau6, im your rapist.
[19:50:30] [Client thread/INFO]: [CHAT] <melon_of_melons> sorry i thought it would come back
[19:50:30] [Client thread/INFO]: [CHAT] <xXWilee999Xx> put a NEW disc in
[19:50:33] [Client thread/INFO]: [CHAT] <xXWilee999Xx> not the same old one
[19:50:34] [Client thread/INFO]: [CHAT] codster47 joined the game.
[19:50:39] [Client thread/INFO]: [CHAT] <DrKills1> captain can you tell me if i have a cape
[19:50:40] [Client thread/INFO]: [CHAT] <jasonandmike> CaptainSparklez can i get a screenshot with me and u blockin iron sword!!
[19:50:46] [Client thread/INFO]: [CHAT] sanideki left the game.
[19:50:46] [Client thread/INFO]: [CHAT] <SPAZBUTT> 1
[19:50:47] [Client thread/INFO]: [CHAT] <Horsdere> ?
[19:50:48] [Client thread/INFO]: [CHAT] ItzBloop - Rolling back player: SkythekidRS
[19:50:48] [Client thread/INFO]: [CHAT] <VideoGameSmash12> WTF
[19:50:49] [Client thread/INFO]: [CHAT] <SPAZBUTT> oops
[19:50:49] [Client thread/INFO]: [CHAT] <Horsdere> uh
[19:50:51] [Client thread/INFO]: [CHAT] xXWilee999Xx - Casting complete holy obliviation over nolanoo
[19:50:51] [Client thread/INFO]: [CHAT] nolanoo will be completely obliviated using thy satanic holy powers!
[19:50:51] [Client thread/INFO]: [CHAT] nolanoo has been a VERY naughty, naughty boy.
[19:50:53] [Client thread/INFO]: [CHAT] Hey, nolanoo, what's the difference between jelly and jam?
[19:50:54] [Client thread/INFO]: [CHAT] nolanoo was doomed to fall
[19:50:55] [Client thread/INFO]: [CHAT] <Horsdere> aw!
[19:50:55] [Client thread/INFO]: [CHAT] <VideoGameSmash12> I hate this.
[19:50:56] [Client thread/INFO]: [CHAT] I can't jelly my banhammer down your throat.
[19:50:56] [Client thread/INFO]: [CHAT] <SPAZBUTT> That was a mistake
[19:50:59] [Client thread/INFO]: [CHAT] SkythekidRS has been a VERY naughty, naughty boy.
[19:50:59] [Client thread/INFO]: [CHAT] Banning: SkythekidRS, IP: 76.3.*.*.
[19:50:59] [Client thread/INFO]: [CHAT] SkythekidRS left the game.
[19:51:00] [Client thread/INFO]: [CHAT] xXWilee999Xx - Banning: nolanoo, IP: 24.127.246.96
[19:51:00] [Client thread/INFO]: [CHAT] nolanoo left the game.
[19:51:04] [Client thread/INFO]: [CHAT] <xXWilee999Xx> good music
[19:51:08] [Client thread/INFO]: [CHAT] <UnDead Ghost> what the
[19:51:10] [Client thread/INFO]: [CHAT] <VideoGameSmash12> :3
[19:51:12] [Client thread/INFO]: [CHAT] <xXWilee999Xx> dont put that in
[19:51:15] [Client thread/INFO]: [CHAT] <xXWilee999Xx> put diff music in
[19:51:17] [Client thread/INFO]: [CHAT] LordNitrogen joined the game.
[19:51:17] [Client thread/INFO]: [CHAT] Welcome LordNitrogen to the server!
[19:51:19] [Client thread/INFO]: [CHAT] <jasonandmike> no shift
[19:51:21] [Client thread/INFO]: [CHAT] <UnDead Ghost> something made me put /msg nolanoo
[19:51:24] [Client thread/INFO]: [CHAT] <DrKills1> captain do i have a cape
[19:51:26] [Client thread/INFO]: [CHAT] <xXWilee999Xx> OMG
[19:51:27] [Client thread/INFO]: [CHAT] <xXWilee999Xx> YES
[19:51:27] [Client thread/INFO]: [CHAT] <jasonandmike> move DrKills1
[19:51:28] [Client thread/INFO]: [CHAT] < NICK_ROMNEA> hello
[19:51:29] [Client thread/INFO]: [CHAT] <xXWilee999Xx> that is great
[19:51:31] [Client thread/INFO]: [CHAT] < block> deadmau5
[19:51:32] [Client thread/INFO]: [CHAT] <xXWilee999Xx> its badd apple
[19:51:32] [Client thread/INFO]: [CHAT] 0SKS0 - Rolling back player: sw1mguy
[19:51:33] [Client thread/INFO]: [CHAT] <CaptainSparklez> no
[19:51:33] [Client thread/INFO]: [CHAT] <xXWilee999Xx> helll ya
[19:51:37] [Client thread/INFO]: [CHAT] Cdr2000 joined the game.
[19:51:37] [Client thread/INFO]: [CHAT] Welcome Cdr2000 to the server!
[19:51:37] [Client thread/INFO]: [CHAT] <VideoGameSmash12> Yay1
[19:51:40] [Client thread/INFO]: [CHAT] < block> how did u get those ears
[19:51:40] [Client thread/INFO]: [CHAT] <DrKills1> ok
[19:51:41] [Client thread/INFO]: [CHAT] ItzBloop - Opping all players on the server
[19:51:41] [Client thread/INFO]: [CHAT] You are now op!
[19:51:42] [Client thread/INFO]: [CHAT] <VideoGameSmash12> herobrine
[19:51:46] [Client thread/INFO]: [CHAT] <jasonandmike> yayay
[19:51:47] [Client thread/INFO]: [CHAT] tehe24 joined the game.
[19:51:47] [Client thread/INFO]: [CHAT] Welcome tehe24 to the server!
[19:51:47] [Client thread/INFO]: [CHAT] ItzBloop - Rolling back player: bprais
[19:51:47] [Client thread/INFO]: [CHAT] <VideoGameSmash12> herobrine.
[19:51:49] [Client thread/INFO]: [CHAT] bprais has been a VERY naughty, naughty boy.
[19:51:49] [Client thread/INFO]: [CHAT] Banning: bprais, IP: 69.123.*.*.
[19:51:49] [Client thread/INFO]: [CHAT] bprais left the game.
[19:51:49] [Client thread/INFO]: [CHAT] <jasonandmike> i love u CaptainSparklez
[19:51:50] [Client thread/INFO]: [CHAT] <VideoGameSmash12> MUSIC
[19:51:57] [Client thread/INFO]: [CHAT] <CaptainSparklez> thanks man
[19:51:58] [Client thread/INFO]: [CHAT] <VideoGameSmash12> herobrine music!
[19:52:00] [Client thread/INFO]: [CHAT] <randomguy0021> &8 hello
[19:52:03] [Client thread/INFO]: [CHAT] <DrKills1> huge fan captain!!!!
[19:52:05] [Client thread/INFO]: [CHAT] <jasonandmike> omg im like freakin out
[19:52:06] [Client thread/INFO]: [CHAT] < Barack_Obama> Hello fellow americans
[19:52:07] [Client thread/INFO]: [CHAT] cevanman joined the game.
[19:52:12] [Client thread/INFO]: [CHAT] gomalley411 joined the game.
[19:52:14] [Client thread/INFO]: [CHAT] <deadmau5> hello barack osama
[19:52:16] [Client thread/INFO]: [CHAT] <xXWilee999Xx> fuck the yellow disc
[19:52:17] [Client thread/INFO]: [CHAT] <xXWilee999Xx> its bad
[19:52:20] [Client thread/INFO]: [CHAT] <Cdr2000> can i have op
[19:52:20] [Client thread/INFO]: [CHAT] <Vanok123> Ip 90 ??????? /give ???? ??? 90
[19:52:24] [Client thread/INFO]: [CHAT] 0SKS0 - Casting complete holy obliviation over Ghost_Fenrir
[19:52:24] [Client thread/INFO]: [CHAT] Ghost_Fenrir will be completely obliviated using thy satanic holy powers!
[19:52:24] [Client thread/INFO]: [CHAT] Ghost_Fenrir has been a VERY naughty, naughty boy.
[19:52:25] [Client thread/INFO]: [CHAT] <jasonandmike> can u make a vid called "fan freaks out too see me"
[19:52:26] [Client thread/INFO]: [CHAT] Hey, Ghost_Fenrir, what's the difference between jelly and jam?
[19:52:26] [Client thread/INFO]: [CHAT] sky0730 left the game.
[19:52:27] [Client thread/INFO]: [CHAT] <Horsdere> Captinsparklez your not the real one cause if people to Tab Captin it wont show up
[19:52:29] [Client thread/INFO]: [CHAT] I can't jelly my banhammer down your throat.
[19:52:30] [Client thread/INFO]: [CHAT] <xXWilee999Xx> OMG
[19:52:30] [Client thread/INFO]: [CHAT] <jasonandmike> lol
[19:52:31] [Client thread/INFO]: [CHAT] Ghost_Fenrir burned to death
[19:52:33] [Client thread/INFO]: [CHAT] Ghost_Fenrir died
[19:52:33] [Client thread/INFO]: [CHAT] Cazza144 joined the game.
[19:52:33] [Client thread/INFO]: [CHAT] Welcome Cazza144 to the server!
[19:52:34] [Client thread/INFO]: [CHAT] 0SKS0 - Banning: Ghost_Fenrir, IP: 64.231.35.51
[19:52:34] [Client thread/INFO]: [CHAT] Ghost_Fenrir left the game.
[19:52:34] [Client thread/INFO]: [CHAT] <Vanok123> ? ??? ?? ????? ?????? ?????
[19:52:35] [Client thread/INFO]: [CHAT] <DrKills1> how do u get a cape captain
[19:52:40] [Client thread/INFO]: [CHAT] Lilldaddy joined the game.
[19:52:40] [Client thread/INFO]: [CHAT] Welcome Lilldaddy to the server!
[19:52:46] [Client thread/INFO]: [CHAT] cevanman left the game.
[19:52:46] [Client thread/INFO]: [CHAT] smellysock2000 joined the game.
[19:52:46] [Client thread/INFO]: [CHAT] Welcome smellysock2000 to the server!
[19:52:52] [Client thread/INFO]: [CHAT] <alegoguy253> Wellcome
[19:52:55] [Client thread/INFO]: [CHAT] < Barack_Obama> How is everyone today
[19:52:55] [Client thread/INFO]: [CHAT] <CaptainSparklez> go to mincon
[19:52:55] [Client thread/INFO]: [CHAT] <dakota1rex254> the difference between jelly and jam is jelly and jam are both diferent
[19:52:56] [Client thread/INFO]: [CHAT] People nearby in Woosh:
[19:52:56] [Client thread/INFO]: [CHAT] sw1mguy - 2
[19:52:56] [Client thread/INFO]: [CHAT] BazingaTheory1 - 3
[19:52:56] [Client thread/INFO]: [CHAT] jasonandmike - 6
[19:52:56] [Client thread/INFO]: [CHAT] DrKills1 - 6
[19:52:56] [Client thread/INFO]: [CHAT] ItzBloop - 6
[19:52:56] [Client thread/INFO]: [CHAT] alegoguy253 has been a VERY naughty, naughty boy.
[19:52:57] [Client thread/INFO]: [CHAT] Banning: alegoguy253, IP: 23.118.*.*.
[19:52:57] [Client thread/INFO]: [CHAT] alegoguy253 left the game.
[19:52:57] [Client thread/INFO]: [CHAT] cevanman joined the game.
[19:52:59] [Client thread/INFO]: [CHAT] <SPAZBUTT> I gotta go
[19:52:59] [Client thread/INFO]: [CHAT] Horsdere used a forbidden WorldEdit block type: water
[19:53:00] [Client thread/INFO]: [CHAT] <deadmau5> im gonna go to space
[19:53:01] [Client thread/INFO]: [CHAT] SPAZBUTT left the game.
[19:53:01] [Client thread/INFO]: [CHAT] Aciddragon0820 joined the game.
[19:53:01] [Client thread/INFO]: [CHAT] Welcome Aciddragon0820 to the server!
[19:53:01] [Client thread/INFO]: [CHAT] ItzBloop - Cleared all potion effects from all players
[19:53:02] [Client thread/INFO]: [CHAT] <deadmau5> bitches.
[19:53:08] [Client thread/INFO]: [CHAT] <cevanman> hey
[19:53:09] [Client thread/INFO]: [CHAT] tehe24 left the game.
[19:53:11] [Client thread/INFO]: [CHAT] <Horsdere> ?
[19:53:13] [Client thread/INFO]: [CHAT] <VideoGameSmash12> sm1guy.
[19:53:14] [Client thread/INFO]: [CHAT] <Aciddragon0820> hi fake deadmau5
[19:53:15] [Client thread/INFO]: [CHAT] <VideoGameSmash12> No.
[19:53:16] [Client thread/INFO]: [CHAT] <deadmau5> TO SPACE!!!!!
[19:53:18] [Client thread/INFO]: [CHAT] ItzBloop - Opping all players on the server
[19:53:18] [Client thread/INFO]: [CHAT] You are now op!
[19:53:18] [Client thread/INFO]: [CHAT] <Horsdere> Can someone plz op me?
[19:53:19] [Client thread/INFO]: [CHAT] < too_sexy_for_you> yes
[19:53:19] [Client thread/INFO]: [CHAT] <Lilldaddy> who likes these (=====3 ?????????????
[19:53:21] [Client thread/INFO]: [CHAT] <Horsdere> Thank you
[19:53:24] [Client thread/INFO]: [CHAT] bandersen joined the game.
[19:53:27] [Client thread/INFO]: [CHAT] < deadmau7> yea deadmau5 go to space
[19:53:34] [Client thread/INFO]: [CHAT] [ too_sexy_for_you -> me] yes
[19:53:39] [Client thread/INFO]: [CHAT] <Aciddragon0820> all these famous people are fake
[19:53:47] [Client thread/INFO]: [CHAT] <cevanman> some arnt
[19:53:54] [Client thread/INFO]: [CHAT] < deadmau7> not me im reaaaal
[19:53:56] [Client thread/INFO]: [CHAT] <jasonandmike> do there real do /realname CaptainSparklez
[19:54:01] [Client thread/INFO]: [CHAT] <deadmau5> deadmau7, you can take my job as a producer.
[19:54:05] [Client thread/INFO]: [CHAT] <deadmau5> i'll be on the moooon
[19:54:06] [Client thread/INFO]: [CHAT] <Aciddragon0820> they have real accounts but irl their not because ITS CRACKED IDIOT
[19:54:08] [Client thread/INFO]: [CHAT] <deadmau5> bitchs!!!
[19:54:10] [Client thread/INFO]: [CHAT] <Horsdere> Guys
[19:54:16] [Client thread/INFO]: [CHAT] smellysock2000 left the game.
[19:54:17] [Client thread/INFO]: [CHAT] SPAZBUTT joined the game.
[19:54:18] [Client thread/INFO]: [CHAT] <Aciddragon0820> fake famous people
[19:54:19] [Client thread/INFO]: [CHAT] <Horsdere> wanna make a mini Hunger games map and PVP?
[19:54:21] [Client thread/INFO]: [CHAT] <CaptainSparklez> i gtg
[19:54:23] [Client thread/INFO]: [CHAT] xXWilee999Xx left the game.
[19:54:24] [Client thread/INFO]: [CHAT] xXWilee999Xx is a cool guy, and...
[19:54:24] [Client thread/INFO]: [CHAT] xXWilee999Xx is a Developer
[19:54:24] [Client thread/INFO]: [CHAT] xXWilee999Xx joined the game.
[19:54:25] [Client thread/INFO]: [CHAT] <Cdr2000> l
[19:54:27] [Client thread/INFO]: [CHAT] < Alexis_Texas> hi faperos
[19:54:29] [Client thread/INFO]: [CHAT] CaptainSparklez left the game.
[19:54:30] [Client thread/INFO]: [CHAT] DarkDiamond31 joined the game.
[19:54:30] [Client thread/INFO]: [CHAT] Welcome DarkDiamond31 to the server!
[19:54:31] [Client thread/INFO]: [CHAT] <UnDead Ghost> o[
[19:54:32] [Client thread/INFO]: [CHAT] <xXWilee999Xx> put disc in
[19:54:34] [Client thread/INFO]: [CHAT] <xXWilee999Xx> a good disc
[19:54:35] [Client thread/INFO]: [CHAT] <Aciddragon0820> yay fake captainsparklez if off
[19:54:38] [Client thread/INFO]: [CHAT] <deadmau5> acid, dont be too quick to judge, or you wont ever have any fun in your life.
[19:54:40] [Client thread/INFO]: [CHAT] BazingaTheory1 left the game.
[19:54:40] [Client thread/INFO]: [CHAT] Herobrine joined the game.
[19:54:40] [Client thread/INFO]: [CHAT] Welcome Herobrine to the server!
[19:54:43] [Client thread/INFO]: [CHAT] < DashieXP> watup its dashie!
[19:54:47] [Client thread/INFO]: [CHAT] <ItzBloop> lolwat o.o
[19:54:50] [Client thread/INFO]: [CHAT] <xXWilee999Xx> EW
[19:54:51] [Client thread/INFO]: [CHAT] <xXWilee999Xx> LOL
[19:54:54] [Client thread/INFO]: [CHAT] < ItzBloop> .
[19:54:57] [Client thread/INFO]: [CHAT] <VideoGameSmash12> NO
[19:55:00] [Client thread/INFO]: [CHAT] <Horsdere> Uh guys
[19:55:01] [Client thread/INFO]: [CHAT] VideoGameSmash12 has been a naughty, naughty boy.
[19:55:01] [Client thread/INFO]: [CHAT] Your game mode has been updated
[19:55:01] [Client thread/INFO]: [CHAT] Use the /back command to return to your death point.
[19:55:01] [Client thread/INFO]: [CHAT] VideoGameSmash12 died
[19:55:01] [Client thread/INFO]: [CHAT] dakota1rex254 has been a naughty, naughty boy.
[19:55:01] [Client thread/INFO]: [CHAT] dakota1rex254 died
[19:55:01] [Client thread/INFO]: [CHAT] sw1mguy has been a naughty, naughty boy.
[19:55:01] [Client thread/ERROR]: Item entity 80269 has no item?!
[19:55:01] [Client thread/INFO]: [CHAT] sw1mguy died
[19:55:01] [Client thread/INFO]: [CHAT] Lilldaddy has been a naughty, naughty boy.
[19:55:01] [Client thread/INFO]: [CHAT] Lilldaddy died
[19:55:01] [Client thread/INFO]: [CHAT] cevanman has been a naughty, naughty boy.
[19:55:01] [Client thread/INFO]: [CHAT] cevanman died
[19:55:01] [Client thread/INFO]: [CHAT] DevinBane05 has been a naughty, naughty boy.
[19:55:01] [Client thread/INFO]: [CHAT] DevinBane05 died
[19:55:01] [Client thread/INFO]: [CHAT] xXWilee999Xx - Cleared all potion effects from all players
[19:55:04] [Client thread/INFO]: [CHAT] <Horsdere> Its the real Herobrine
[19:55:06] [Client thread/INFO]: [CHAT] <VideoGameSmash12> WTF
[19:55:07] [Client thread/INFO]: [CHAT] <dakota1rex254> penis
[19:55:07] [Client thread/INFO]: [CHAT] <UnDead Ghost> what did i do
[19:55:09] [Client thread/INFO]: [CHAT] <DarkDiamond31> woah xD
[19:55:10] [Client thread/INFO]: [CHAT] <Aciddragon0820> fake herobrine
[19:55:11] [Client thread/INFO]: [CHAT] ItzBloop - Opping all players on the server
[19:55:11] [Client thread/INFO]: [CHAT] You are now op!
[19:55:11] [Client thread/INFO]: [CHAT] Your game mode has been updated
[19:55:11] [Client thread/INFO]: [CHAT] < UNDEADBUDDERMAN> Am i the only who knows how to name stuff without an anvil
[19:55:16] [Client thread/INFO]: [CHAT] <xXWilee999Xx> good idea bloop!
[19:55:16] [Client thread/INFO]: [CHAT] <VideoGameSmash12> What did I do?
[19:55:19] [Client thread/INFO]: [CHAT] <deadmau5> comin to space with me block308?
[19:55:20] [Client thread/INFO]: [CHAT] <xXWilee999Xx> fucking amazing idea
[19:55:25] [Client thread/INFO]: [CHAT] <UnDead Ghost> what did i do!!!!!!!!!
[19:55:29] [Client thread/INFO]: [CHAT] < ItzBloop> calm down..
[19:55:31] [Client thread/INFO]: [CHAT] <xXWilee999Xx> an admin made a mistake
[19:55:34] [Client thread/INFO]: [CHAT] <Horsdere> oh god
[19:55:37] [Client thread/INFO]: [CHAT] < HOLYCRAPITSHEROBRINE> holcrapitsherobrine!
[19:55:37] [Client thread/INFO]: [CHAT] < ItzBloop> sorry..
[19:55:37] [Client thread/INFO]: [CHAT] <VideoGameSmash12> oh.
[19:55:38] [Client thread/INFO]: [CHAT] <UnDead Ghost> oh my god
[19:55:39] [Client thread/INFO]: [CHAT] <Aciddragon0820> Thy have the real accoubts but IRL THEIR FAKE BECAUSE ITS CRACKED IDIOTS
[19:55:43] [Client thread/INFO]: [CHAT] <xXWilee999Xx> ew
[19:55:49] [Client thread/INFO]: [CHAT] jasonandmike died
[19:55:49] [Client thread/INFO]: [CHAT] jasonandmike took their own life.
[19:55:51] [Client thread/INFO]: [CHAT] xXWilee999Xx - Casting complete holy obliviation over SPAZBUTT
[19:55:52] [Client thread/INFO]: [CHAT] SPAZBUTT will be completely obliviated using thy satanic holy powers!
[19:55:52] [Client thread/INFO]: [CHAT] SPAZBUTT has been a VERY naughty, naughty boy.
[19:55:53] [Client thread/INFO]: [CHAT] Vanok123 fell from a high place
[19:55:55] [Client thread/INFO]: [CHAT] <deadmau5> ew, Aciddragon0820
[19:55:55] [Client thread/INFO]: [CHAT] Hey, SPAZBUTT, what's the difference between jelly and jam?
[19:55:56] [Client thread/INFO]: [CHAT] < block> i think herobrine and sky should fight diamond vs gold
[19:55:58] [Client thread/INFO]: [CHAT] <deadmau5> hes so fake
[19:55:58] [Client thread/INFO]: [CHAT] I can't jelly my banhammer down your throat.
[19:55:59] [Client thread/INFO]: [CHAT] SPAZBUTT went up in flames
[19:56:00] [Client thread/INFO]: [CHAT] SPAZBUTT went up in flames
[19:56:00] [Client thread/INFO]: [CHAT] <dakota1rex254> the difference between jelly and jam is jelly and jam are both diferent
[19:56:01] [Client thread/INFO]: [CHAT] xXWilee999Xx - Banning: SPAZBUTT, IP: 69.244.46.242
[19:56:01] [Client thread/INFO]: [CHAT] SPAZBUTT left the game.
[19:56:04] [Client thread/INFO]: [CHAT] <Aciddragon0820> ur fake
[19:56:04] [Client thread/INFO]: [CHAT] <deadmau5> aciddragon is obviously fake
[19:56:05] [Client thread/INFO]: [CHAT] sky0730 joined the game.
[19:56:06] [Client thread/INFO]: [CHAT] <Horsdere> What the heck!
[19:56:10] [Client thread/INFO]: [CHAT] block308 left the game.
[19:56:10] [Client thread/INFO]: [CHAT] < DarkDImond31> xD
[19:56:12] [Client thread/INFO]: [CHAT] <xXWilee999Xx> put mor ein
[19:56:13] [Client thread/INFO]: [CHAT] <Aciddragon0820> no im not
[19:56:15] [Client thread/INFO]: [CHAT] <deadmau5> i mean look at his dickish personality
[19:56:15] [Client thread/INFO]: [CHAT] block308 joined the game.
[19:56:17] [Client thread/INFO]: [CHAT] <xXWilee999Xx> not that one
[19:56:18] [Client thread/INFO]: [CHAT] <xXWilee999Xx> that one's shit
[19:56:19] [Client thread/INFO]: [CHAT] <deadmau5> hes obviously a fake
[19:56:24] [Client thread/INFO]: [CHAT] < munchingbrotatoe> hello
[19:56:25] [Client thread/INFO]: [CHAT] Herobrine left the game.
[19:56:28] [Client thread/INFO]: [CHAT] ultragamer99 joined the game.
[19:56:28] [Client thread/INFO]: [CHAT] Welcome ultragamer99 to the server!
[19:56:29] [Client thread/INFO]: [CHAT] <Aciddragon0820> no im not idiot u are
[19:56:37] [Client thread/INFO]: [CHAT] <Aciddragon0820> fake
[19:56:38] [Client thread/INFO]: [CHAT] <deadmau5> oh look
[19:56:39] [Client thread/INFO]: [CHAT] <VideoGameSmash12> which disk?
[19:56:40] [Client thread/INFO]: [CHAT] <xXWilee999Xx> put more in
[19:56:41] [Client thread/INFO]: [CHAT] <deadmau5> hes a hypocrite too
[19:56:46] [Client thread/INFO]: [CHAT] <xXWilee999Xx> YES
[19:56:47] [Client thread/INFO]: [CHAT] <xXWilee999Xx> that one
[19:56:56] [Client thread/INFO]: [CHAT] <xXWilee999Xx> not every fucking one
[19:57:04] [Client thread/INFO]: [CHAT] ultragamer99 left the game.
[19:57:05] [Client thread/INFO]: [CHAT] block308 left the game.
[19:57:06] [Client thread/INFO]: [CHAT] Lilldaddy left the game.
[19:57:06] [Client thread/INFO]: [CHAT] Notch joined the game.
[19:57:11] [Client thread/INFO]: [CHAT] xXWilee999Xx left the game.
[19:57:13] [Client thread/INFO]: [CHAT] xXWilee999Xx is a cool guy, and...
[19:57:13] [Client thread/INFO]: [CHAT] xXWilee999Xx is a Developer
[19:57:13] [Client thread/INFO]: [CHAT] xXWilee999Xx joined the game.
[19:57:16] [Client thread/INFO]: [CHAT] < Markiplier> hello everyone!
[19:57:17] [Client thread/INFO]: [CHAT] <deadmau5> aciddragon, go back into your mothers womb. you're too young for this world
[19:57:21] [Client thread/INFO]: [CHAT] <dakota1rex254> notch!
[19:57:22] [Client thread/INFO]: [CHAT] <Horsdere> Its the real Notch
[19:57:24] [Client thread/INFO]: [CHAT] Lead_Falcon joined the game.
[19:57:24] [Client thread/INFO]: [CHAT] Welcome Lead_Falcon to the server!
[19:57:25] [Client thread/INFO]: [CHAT] < ItzBloop> deadmau5 stfu
[19:57:27] [Client thread/INFO]: [CHAT] < ItzBloop> ..
[19:57:30] [Client thread/INFO]: [CHAT] Shrek_Is_Life joined the game.
[19:57:30] [Client thread/INFO]: [CHAT] Welcome Shrek_Is_Life to the server!
[19:57:30] [Client thread/INFO]: [CHAT] <Horsdere> hi dood
[19:57:32] [Client thread/INFO]: [CHAT] <gomalley411> NOTCH
[19:57:33] [Client thread/INFO]: [CHAT] <dakota1rex254> NOTCH sign my boobs
[19:57:35] [Client thread/INFO]: [CHAT] <deadmau5> XD
[19:57:36] [Client thread/INFO]: [CHAT] <Notch> Sup Guys
[19:57:39] [Client thread/INFO]: [CHAT] <0SKS0> hey melon
[19:57:40] [Client thread/INFO]: [CHAT] <deadmau5> sorry bloop
[19:57:41] [Client thread/INFO]: [CHAT] <Cdr2000> how do you power tool
[19:57:41] [Client thread/INFO]: [CHAT] <Aciddragon0820> its cracked watch this video then https://www.youtube.com/watch?v=5rlikqgHHy0&list=UUJutuC0CbAc_cacY
[19:57:42] [Client thread/INFO]: [CHAT] <rexman11> 1
[19:57:43] [Client thread/INFO]: [CHAT] <Horsdere> Where are u notch?
[19:57:44] [Client thread/INFO]: [CHAT] <rexman11> 2
[19:57:44] [Client thread/INFO]: [CHAT] <deadmau5> i dont mean to offend
[19:57:45] [Client thread/INFO]: [CHAT] < ItzBloop> it's fine
[19:57:48] [Client thread/INFO]: [CHAT] <rexman11> 3
[19:57:50] [Client thread/INFO]: [CHAT] <Aciddragon0820> \
[19:57:51] [Client thread/INFO]: [CHAT] <0SKS0> MELON
[19:58:00] [Client thread/INFO]: [CHAT] <Lead_Falcon> Hoa
[19:58:01] [Client thread/INFO]: [CHAT] <Lead_Falcon> Hia*
[19:58:03] [Client thread/INFO]: [CHAT] < DarkDImond31> ...
[19:58:03] [Client thread/INFO]: [CHAT] < IMNOTCH> HEY
[19:58:06] [Client thread/INFO]: [CHAT] <xXWilee999Xx> no more of that one
[19:58:06] [Client thread/INFO]: [CHAT] <deadmau5> if you're young, thats fine. the age doesnt matter. its the maturity that counts
[19:58:09] [Client thread/INFO]: [CHAT] < DarkDImond31> how the...
[19:58:10] [Client thread/INFO]: [CHAT] <0SKS0> melon_of_melon
[19:58:10] [Client thread/INFO]: [CHAT] Lead_Falcon left the game.
[19:58:11] [Client thread/INFO]: [CHAT] <xXWilee999Xx> no more
[19:58:13] [Client thread/INFO]: [CHAT] <xXWilee999Xx> do a different one
[19:58:15] [Client thread/INFO]: [CHAT] <0SKS0> GOD
[19:58:16] [Client thread/INFO]: [CHAT] <0SKS0> damnit
[19:58:16] [Client thread/INFO]: [CHAT] <VideoGameSmash12> So, 0SKS0. Where you playing facade?
[19:58:17] [Client thread/INFO]: [CHAT] <Horsdere> Im so fasr
[19:58:18] [Client thread/INFO]: [CHAT] xXWilee999Xx left the game.
[19:58:18] [Client thread/INFO]: [CHAT] <0SKS0> answer
[19:58:19] [Client thread/INFO]: [CHAT] <Horsdere> fast
[19:58:19] [Client thread/INFO]: [CHAT] xXWilee999Xx is a cool guy, and...
[19:58:19] [Client thread/INFO]: [CHAT] xXWilee999Xx is a Developer
[19:58:19] [Client thread/INFO]: [CHAT] xXWilee999Xx joined the game.
[19:58:23] [Client thread/INFO]: [CHAT] < DarkDImond31> its probs /d p Notch then /nickname Notch
[19:58:24] [Client thread/INFO]: [CHAT] Endy8642 joined the game.
[19:58:25] [Client thread/INFO]: [CHAT] Welcome Endy8642 to the server!
[19:58:25] [Client thread/INFO]: [CHAT] <xXWilee999Xx> video tp
[19:58:26] [Client thread/INFO]: [CHAT] MobCraze313 left the game.
[19:58:27] [Client thread/INFO]: [CHAT] <xXWilee999Xx> do this
[19:58:28] [Client thread/INFO]: [CHAT] Endy8642 left the game.
[19:58:29] [Client thread/INFO]: [CHAT] <VideoGameSmash12> Ok
[19:58:30] [Client thread/INFO]: [CHAT] < ItzBloop> deadmau5
[19:58:30] [Client thread/INFO]: [CHAT] axele10 joined the game.
[19:58:30] [Client thread/INFO]: [CHAT] Welcome axele10 to the server!
[19:58:33] [Client thread/INFO]: [CHAT] < ItzBloop> are you an admin in disguise?.-.
[19:58:35] [Client thread/INFO]: [CHAT] <Aciddragon0820> guys their fake accounts just watch this video: https://www.youtube.com/watch?v=5rlikqgHHy0&list=UUJ
[19:58:35] [Client thread/INFO]: [CHAT] Notch was slain by gomalley411
[19:58:36] [Client thread/INFO]: [CHAT] <Horsdere> xXWilee999Xx How do you do that?
[19:58:37] [Client thread/INFO]: [CHAT] melon_of_melons LISTEN
[19:58:37] [Client thread/INFO]: [CHAT] melon_of_melons was slain by Horsdere
[19:58:37] [Client thread/INFO]: [CHAT] Endy8642 joined the game.
[19:58:38] [Client thread/INFO]: [CHAT] <deadmau5> uhh
[19:58:40] [Client thread/INFO]: [CHAT] <deadmau5> no?
[19:58:41] [Client thread/INFO]: [CHAT] BellaIsBiss left the game.
[19:58:41] [Client thread/INFO]: [CHAT] darianabracho joined the game.
[19:58:41] [Client thread/INFO]: [CHAT] <deadmau5> why
[19:58:41] [Client thread/INFO]: [CHAT] Welcome darianabracho to the server!
[19:58:41] [Client thread/INFO]: [CHAT] <Horsdere> ?
[19:58:45] [Client thread/INFO]: [CHAT] <melon_of_melons> WHAT
[19:58:47] [Client thread/INFO]: [CHAT] < deadmau9> hey guys
[19:58:49] [Client thread/INFO]: [CHAT] <0SKS0> MOVE
[19:58:49] [Client thread/INFO]: [CHAT] < ItzBloop> k you just seem like an admin
[19:58:50] [Client thread/INFO]: [CHAT] <VideoGameSmash12> Which record Wilee?
[19:58:50] [Client thread/INFO]: [CHAT] <0SKS0> YOUR
[19:58:50] [Client thread/INFO]: [CHAT] <Horsdere> Was that really me?
[19:58:51] [Client thread/INFO]: [CHAT] <0SKS0> building
[19:58:51] [Client thread/INFO]: [CHAT] < Notch> may i please have op
[19:58:53] [Client thread/INFO]: [CHAT] <Aciddragon0820> their fake its made by an admin
[19:58:53] [Client thread/INFO]: [CHAT] <xXWilee999Xx> any
[19:58:54] [Client thread/INFO]: [CHAT] <xXWilee999Xx> just 1
[19:58:58] [Client thread/INFO]: [CHAT] <melon_of_melons> why
[19:58:58] [Client thread/INFO]: [CHAT] <Shrek_Is_Life> op pls
[19:58:59] [Client thread/INFO]: [CHAT] Endy8642 - Opping Notch
[19:58:59] [Client thread/INFO]: [CHAT] Notch was slain by jasonandmike
[19:59:01] [Client thread/INFO]: [CHAT] <VideoGameSmash12> Ok
[19:59:03] [Client thread/INFO]: [CHAT] <0SKS0> its right in front of spawn
[19:59:05] [Client thread/INFO]: [CHAT] <xXWilee999Xx> bad
[19:59:06] [Client thread/INFO]: [CHAT] <[Diiimonds] DarkDImond31> lol
[19:59:07] [Client thread/INFO]: [CHAT] <xXWilee999Xx> diff one
[19:59:07] [Client thread/INFO]: [CHAT] <0SKS0> and its ugly
[19:59:15] [Client thread/INFO]: [CHAT] <xXWilee999Xx> YES
[19:59:18] [Client thread/INFO]: [CHAT] <cevanman> guys its notch!
[19:59:18] [Client thread/INFO]: [CHAT] < Alexis_Texas> sw1mguy is griefing
[19:59:18] [Client thread/INFO]: [CHAT] Shrek_Is_Life left the game.
[19:59:20] [Client thread/INFO]: [CHAT] <VideoGameSmash12> That's good.
[19:59:22] [Client thread/INFO]: [CHAT] <Horsdere> Hey dood
[19:59:22] [Client thread/INFO]: [CHAT] randomguy0021 was shot by Yasin_TR
[19:59:23] [Client thread/INFO]: [CHAT] < Notch> jasonandmike
[19:59:26] [Client thread/INFO]: [CHAT] CheezySpread22 joined the game.
[19:59:26] [Client thread/INFO]: [CHAT] < Alexis_Texas> sw1mguy is griefing.
[19:59:29] [Client thread/INFO]: [CHAT] <Endy8642> FaKe NoTcH
[19:59:29] [Client thread/INFO]: [CHAT] <melon_of_melons> why did you kill me
[19:59:29] [Client thread/INFO]: [CHAT] <jasonandmike> yea
[19:59:30] [Client thread/INFO]: [CHAT] <xXWilee999Xx> eepic
[19:59:36] [Client thread/INFO]: [CHAT] <rexman11> ??????
[19:59:39] [Client thread/INFO]: [CHAT] <[Diiimonds] DarkDImond31> fake.
[19:59:39] [Client thread/INFO]: [CHAT] <Horsdere> Notch can i plz have your hammer?
[19:59:40] [Client thread/INFO]: [CHAT] <Vanok123> ))
[19:59:41] [Client thread/INFO]: [CHAT] <Aciddragon0820> hes fake watch this video: https://www.youtube.com/watch?v=5rlikqgHHy0&list=UUJutuC0CbAc_cacY_TZRrtw
[19:59:43] [Client thread/INFO]: [CHAT] <VideoGameSmash12> sw1 wants to get banned?
[19:59:43] [Client thread/INFO]: [CHAT] <Cdr2000> how do i use power tool
[19:59:44] [Client thread/INFO]: [CHAT] <jasonandmike> what is it o lord of minecraft
[19:59:45] [Client thread/INFO]: [CHAT] <cevanman> notch your awesome
[19:59:46] [Client thread/INFO]: [CHAT] < cavemanfilms> Hey
[19:59:46] [Client thread/INFO]: [CHAT] sw1mguy has been a VERY naughty, naughty boy.
[19:59:46] [Client thread/INFO]: [CHAT] Banning: sw1mguy, IP: 67.167.*.*.
[19:59:46] [Client thread/INFO]: [CHAT] sw1mguy left the game.
[19:59:47] [Client thread/INFO]: [CHAT] Shrek_Is_Life joined the game.
[19:59:51] [Client thread/INFO]: [CHAT] <gomalley411> Endy8642 is griefing too
[19:59:51] [Client thread/INFO]: [CHAT] <Endy8642> whoah
[19:59:52] [Client thread/INFO]: [CHAT] <Shrek_Is_Life> Op please
[19:59:54] [Client thread/INFO]: [CHAT] <DrKills1> u
[19:59:56] [Client thread/INFO]: [CHAT] <Endy8642> wait im not
[19:59:57] [Client thread/INFO]: [CHAT] Vanok123 used a forbidden WorldEdit block type: 52
[19:59:58] [Client thread/INFO]: [CHAT] Horsdere - Opping Shrek_Is_Life
[19:59:59] [Client thread/INFO]: [CHAT] <melon_of_melons> why did idie
[20:00:03] [Client thread/INFO]: [CHAT] <melon_of_melons> die
[20:00:06] [Client thread/INFO]: [CHAT] <jasonandmike> what is it o lord of minecraft!
[20:00:09] [Client thread/INFO]: [CHAT] <Vanok123> ????? ?? ????
[20:00:10] [Client thread/INFO]: [CHAT] sky0730 fell from a high place
[20:00:10] [Client thread/INFO]: [CHAT] Horsdere - Opping melon_of_melons
[20:00:11] [Client thread/INFO]: [CHAT] < Notch> Umm
[20:00:11] [Client thread/INFO]: [CHAT] <Endy8642> im not griefing
[20:00:11] [Client thread/INFO]: [CHAT] ItzBloop - Rolling back player: darianabracho
[20:00:12] [Client thread/INFO]: [CHAT] rexman11 - Opping Vanok123
[20:00:13] [Client thread/INFO]: [CHAT] <Aciddragon0820> u god obiliviated
[20:00:13] [Client thread/INFO]: [CHAT] CheezySpread22 left the game.
[20:00:14] [Client thread/INFO]: [CHAT] <Cdr2000> i want op
[20:00:15] [Client thread/INFO]: [CHAT] <gomalley411> i think u were Endy8642
[20:00:16] [Client thread/INFO]: [CHAT] <Vanok123> ???
[20:00:19] [Client thread/INFO]: [CHAT] <Endy8642> i wasnt
[20:00:25] [Client thread/INFO]: [CHAT] <VideoGameSmash12> stop
[20:00:29] [Client thread/INFO]: [CHAT] <[Diiimonds] DarkDImond31> oh my freaking god.
[20:00:31] [Client thread/INFO]: [CHAT] darianabracho has been a VERY naughty, naughty boy.
[20:00:31] [Client thread/INFO]: [CHAT] Banning: darianabracho, IP: 186.95.*.*.
[20:00:31] [Client thread/INFO]: [CHAT] darianabracho left the game.
[20:00:34] [Client thread/INFO]: [CHAT] <Endy8642> i was doing this
[20:00:35] [Client thread/INFO]: [CHAT] <Horsdere> ?
[20:00:38] [Client thread/INFO]: [CHAT] <Cdr2000> can i have op?
[20:00:39] [Client thread/INFO]: [CHAT] < cavemanfilms> sup
[20:00:39] [Client thread/INFO]: [CHAT] <rexman11> ????????????
[20:00:39] [Client thread/INFO]: [CHAT] TheFantasticDude joined the game.
[20:00:39] [Client thread/INFO]: [CHAT] Welcome TheFantasticDude to the server!
[20:00:44] [Client thread/INFO]: [CHAT] <gomalley411> my bad
[20:00:47] [Client thread/INFO]: [CHAT] Greengoblin joined the game.
[20:00:47] [Client thread/INFO]: [CHAT] Welcome Greengoblin to the server!
[20:00:53] [Client thread/INFO]: [CHAT] <Aciddragon0820> ur op already Cdr2000
[20:00:53] [Client thread/INFO]: [CHAT] Timocraftt left the game.
[20:00:54] [Client thread/INFO]: [CHAT] <VideoGameSmash12> shrek no
[20:00:55] [Client thread/INFO]: [CHAT] Kyoshiro joined the game.
[20:01:02] [Client thread/INFO]: [CHAT] axele10 left the game.
[20:01:03] [Client thread/INFO]: [CHAT] <Cdr2000> oh lol
[20:01:05] [Client thread/INFO]: [CHAT] <Endy8642> then i saw a l4rg3 p3ni5 dissapear
[20:01:08] [Client thread/INFO]: [CHAT] Horsdere left the game.
[20:01:09] [Client thread/INFO]: [CHAT] < Notch> guys please move
[20:01:23] [Client thread/INFO]: [CHAT] <Cdr2000> how do i use power tool?
[20:01:23] [Client thread/INFO]: [CHAT] <dakota1rex254> i saw a large penis dissapear to
[20:01:27] [Client thread/INFO]: [CHAT] LordNitrogen has been a VERY naughty, naughty boy.
[20:01:28] [Client thread/INFO]: [CHAT] Banning: LordNitrogen, IP: 109.201.*.*.
[20:01:28] [Client thread/INFO]: [CHAT] LordNitrogen left the game.
[20:01:30] [Client thread/INFO]: [CHAT] smellysock2000 joined the game.
[20:01:31] [Client thread/INFO]: [CHAT] jasonandmike left the game.
[20:01:34] [Client thread/INFO]: [CHAT] <Endy8642> there is no poertool
[20:01:56] [Client thread/INFO]: [CHAT] <cevanman> lag
[20:02:05] [Client thread/INFO]: [CHAT] <VideoGameSmash12> R u okay Wilee?
[20:02:16] [Client thread/INFO]: [CHAT] <Aciddragon0820> is this a penis
[20:02:17] [Client thread/INFO]: [CHAT] <dakota1rex254> weeeeeeeeeeeeeeeee
[20:02:18] [Client thread/INFO]: [CHAT] dakota1rex254 fell out of the world
[20:02:21] [Client thread/INFO]: [CHAT] DevinBane05 left the game.
[20:02:27] [Client thread/INFO]: [CHAT] < Notch> Guys do /speed 5
[20:02:28] [Client thread/INFO]: [CHAT] <VideoGameSmash12> Ummm
[20:02:31] [Client thread/INFO]: [CHAT] <[Diiimonds] DarkDImond31> notch
[20:02:32] [Client thread/INFO]: [CHAT] <cevanman> 0 fps!!!
[20:02:33] [Client thread/INFO]: [CHAT] <Endy8642> this is a penis ---> .i.
[20:02:35] [Client thread/INFO]: [CHAT] smellysock2000 left the game.
[20:02:36] [Client thread/INFO]: [CHAT] < Notch> ya
[20:02:36] [Client thread/INFO]: [CHAT] <Cdr2000> hey can some one tell me if im a creeper
[20:02:37] [Client thread/INFO]: [CHAT] snookie337 joined the game.
[20:02:37] [Client thread/INFO]: [CHAT] Welcome snookie337 to the server!
[20:02:41] [Client thread/INFO]: [CHAT] 0SKS0 - Opping all players on the server
[20:02:41] [Client thread/INFO]: [CHAT] You are now op!
[20:02:45] [Client thread/INFO]: [CHAT] <[Diiimonds] DarkDImond31> how the heck would you come to this server?
[20:02:46] [Client thread/INFO]: [CHAT] TheFantasticDude has been a VERY naughty, naughty boy.
[20:02:46] [Client thread/INFO]: [CHAT] Banning: TheFantasticDude, IP: 50.240.*.*.
[20:02:46] [Client thread/INFO]: [CHAT] TheFantasticDude left the game.
[20:02:47] [Client thread/INFO]: [CHAT] < Alexis_Texas> (====3
[20:02:47] [Client thread/INFO]: [CHAT] <Endy8642> no ur not
[20:02:47] [Client thread/INFO]: [CHAT] <Aciddragon0820> speed 10 is better
[20:02:49] [Client thread/INFO]: [CHAT] <[Diiimonds] DarkDImond31> when you could be doing,
[20:02:51] [Client thread/INFO]: [CHAT] <[Diiimonds] DarkDImond31> stuff
[20:02:54] [Client thread/INFO]: [CHAT] <deadmau5> this is justin beibers penis: JUST KIDDING, im not immature enough to make that joke.
[20:03:01] [Client thread/INFO]: [CHAT] 0SKS0 - Opping all players on the server
[20:03:01] [Client thread/INFO]: [CHAT] You are now op!
[20:03:02] [Client thread/INFO]: [CHAT] <Cdr2000> dang it
[20:03:05] [Client thread/INFO]: [CHAT] < Notch> i was bored looking around and dinnerbone found this server for me
[20:03:12] [Client thread/INFO]: [CHAT] < UNDEADBUDDERMAN> can't move
[20:03:17] [Client thread/INFO]: [CHAT] <xXWilee999Xx> oops
[20:03:19] [Client thread/INFO]: [CHAT] <VideoGameSmash12> Ummmm
[20:03:21] [Client thread/INFO]: [CHAT] <snookie337> lol
[20:03:23] [Client thread/INFO]: [CHAT] ericaericaerica joined the game.
[20:03:23] [Client thread/INFO]: [CHAT] Welcome ericaericaerica to the server!
[20:03:24] [Client thread/INFO]: [CHAT] <[Diiimonds] DarkDImond31> im still wondering if this could be fake,
[20:03:25] [Client thread/INFO]: [CHAT] <gomalley411> i g2g
[20:03:28] [Client thread/INFO]: [CHAT] isthebest10 joined the game.
[20:03:33] [Client thread/INFO]: [CHAT] <VideoGameSmash12> What the f**k?
[20:03:34] [Client thread/INFO]: [CHAT] <gomalley411> nice meeting notch tho
[20:03:34] [Client thread/INFO]: [CHAT] <Kyoshiro> wat a faker
[20:03:34] [Client thread/INFO]: [CHAT] Shrek_Is_Life left the game.
[20:03:38] [Client thread/INFO]: [CHAT] < Notch> do /realname Notch
[20:03:40] [Client thread/INFO]: [CHAT] Shrek_Is_Life joined the game.
[20:03:41] [Client thread/INFO]: [CHAT] <gomalley411> i did
[20:03:43] [Client thread/INFO]: [CHAT] [Broadcast] Hey deadmau5 (A.K.A shotgunlover) Stop being such a dick!
[20:03:45] [Client thread/INFO]: [CHAT] randomguy0021 was slain by Yasin_TR
[20:03:47] [Client thread/INFO]: [CHAT] <gomalley411> it said Notch is Notch
[20:03:47] [Client thread/INFO]: [CHAT] cevanman has been a naughty, naughty boy.
[20:03:47] [Client thread/INFO]: [CHAT] cevanman died
[20:03:50] [Client thread/INFO]: [CHAT] [Server:ItzBloop] dont nick others
[20:03:53] [Client thread/INFO]: [CHAT] <Kyoshiro> ur a faker Notch
[20:03:59] [Client thread/INFO]: [CHAT] <ericaericaerica> no
[20:04:00] [Client thread/INFO]: [CHAT] <[Diiimonds] DarkDImond31> oh my god...
[20:04:02] [Client thread/INFO]: [CHAT] <Aciddragon0820> hes fake
[20:04:04] [Client thread/INFO]: [CHAT] < UNDEADBUDDERMAN> hoping to spawn
[20:04:07] [Client thread/INFO]: [CHAT] <Cdr2000> how do i disguise my self
[20:04:08] [Client thread/INFO]: [CHAT] <Kyoshiro> yeah
[20:04:09] [Client thread/INFO]: [CHAT] <ericaericaerica> do /realname notch
[20:04:15] [Client thread/INFO]: [CHAT] <[Diiimonds] DarkDImond31> it is you! :D
[20:04:15] [Client thread/INFO]: [CHAT] <Aciddragon0820> ./d
[20:04:22] [Client thread/INFO]: [CHAT] randomguy0021 left the game.
[20:04:23] [Client thread/INFO]: [CHAT] isthebest10 left the game.
[20:04:24] [Client thread/INFO]: [CHAT] [Broadcast] Notch is fake. This is a cracked server.
[20:04:26] [Client thread/INFO]: [CHAT] <Kyoshiro> did u guys know that the nametag of notch would be golden if he was real
[20:04:33] [Client thread/INFO]: [CHAT] <ericaericaerica> I know noob
[20:04:33] [Client thread/INFO]: [CHAT] Lucky_Stick left the game.
[20:04:34] [Client thread/INFO]: [CHAT] axele10 joined the game.
[20:04:39] [Client thread/INFO]: [CHAT] Error: Player not found.
[20:04:39] [Client thread/INFO]: [CHAT] gomalley411 left the game.
[20:04:40] [Client thread/INFO]: [CHAT] <ericaericaerica> i meann..... not noob
[20:04:45] [Client thread/INFO]: [CHAT] <[Diiimonds] DarkDImond31> wait
[20:04:47] [Client thread/INFO]: [CHAT] <VideoGameSmash12> WTF
[20:04:53] [Client thread/INFO]: [CHAT] randomguy0021 joined the game.
[20:04:55] [Client thread/INFO]: [CHAT] Please do not repeat messages.
[20:04:56] [Client thread/INFO]: [CHAT] <Aciddragon0820> ikr if u think hes real u noooooooooooooooooooooooooooooooooooooooooooooooooob
[20:04:59] [Client thread/INFO]: [CHAT] <VideoGameSmash12> Ummm
[20:05:01] [Client thread/INFO]: [CHAT] rexman11 - Opping Vanok123
[20:05:01] [Client thread/INFO]: [CHAT] Notch left the game.
[20:05:01] [Client thread/INFO]: [CHAT] Shrek_Is_Life has been a VERY naughty, naughty boy.
[20:05:02] [Client thread/INFO]: [CHAT] Banning: Shrek_Is_Life, IP: 24.138.*.*.
[20:05:02] [Client thread/INFO]: [CHAT] Shrek_Is_Life left the game.
[20:05:12] [Client thread/INFO]: [CHAT] Dinnerbone joined the game.
[20:05:12] [Client thread/INFO]: [CHAT] Welcome Dinnerbone to the server!
[20:05:13] [Client thread/INFO]: [CHAT] <[Diiimonds] DarkDImond31> what if this isnt notch.
[20:05:15] [Client thread/INFO]: [CHAT] <ericaericaerica> someone flyed me
[20:05:18] [Client thread/INFO]: [CHAT] <Cdr2000> how do i disguise myself
[20:05:21] [Client thread/INFO]: [CHAT] < ItzBloop> ,/d :D
[20:05:21] [Client thread/INFO]: [CHAT] <Aciddragon0820> fake Dinnerbone
[20:05:22] [Client thread/INFO]: [CHAT] <Kyoshiro> fake dinnerbone!
[20:05:30] [Client thread/INFO]: [CHAT] <Aciddragon0820> FAKY!!!!!!!
[20:05:32] [Client thread/INFO]: [CHAT] <cevanman> I was op now im not can someone op me again?
[20:05:34] [Client thread/INFO]: [CHAT] <[Diiimonds] DarkDImond31> dinnerbone, how, what, fake.
[20:05:38] [Client thread/INFO]: [CHAT] <ericaericaerica> fakkakakkakakaak
[20:05:38] [Client thread/INFO]: [CHAT] 0SKS0 - Opping all players on the server
[20:05:38] [Client thread/INFO]: [CHAT] You are now op!
[20:05:38] [Client thread/INFO]: [CHAT] ItzBloop - Opping cevanman
[20:05:39] [Client thread/INFO]: [CHAT] Aciddragon0820 - Opping cevanman
[20:05:46] [Client thread/INFO]: [CHAT] Dinnerbone left the game.
[20:05:49] [Client thread/INFO]: [CHAT] <deadmau5> wtf?
[20:05:49] [Client thread/INFO]: [CHAT] rexman11 - Opping Vanok123
[20:05:50] [Client thread/INFO]: [CHAT] ericaericaerica - Opping cevanman
[20:05:52] [Client thread/INFO]: [CHAT] <cevanman> THx!
[20:05:53] [Client thread/INFO]: [CHAT] ericaericaerica - Opping cevanman
[20:05:54] [Client thread/INFO]: [CHAT] ericaericaerica - Opping cevanman
[20:05:54] [Client thread/INFO]: [CHAT] ericaericaerica - Opping cevanman
[20:05:56] [Client thread/INFO]: [CHAT] DragonSkull35 joined the game.
[20:05:56] [Client thread/INFO]: [CHAT] <deadmau5> fucking jukebox glitches.
[20:05:56] [Client thread/INFO]: [CHAT] Welcome DragonSkull35 to the server!
[20:05:57] [Client thread/INFO]: [CHAT] <ericaericaerica> yw
[20:06:06] [Client thread/INFO]: [CHAT] <ericaericaerica> &4&lNoob
[20:06:08] [Client thread/INFO]: [CHAT] <Kyoshiro> hmm
[20:06:12] [Client thread/INFO]: [CHAT] <Vanok123> ?? ????? rexman
[20:06:15] [Client thread/INFO]: [CHAT] <Kyoshiro> something weird is happening
[20:06:33] [Client thread/INFO]: [CHAT] <anthonygotyou> what the
[20:06:34] [Client thread/INFO]: [CHAT] <Kyoshiro> am i disguised?
[20:06:36] [Client thread/INFO]: [CHAT] * ericaericaerica Noob not u
[20:06:44] [Client thread/INFO]: [CHAT] <Cdr2000> can someone tell me if im a creeper
[20:06:49] [Client thread/INFO]: [CHAT] <Endy8642> am i lagging or is disguisecraft disabled
[20:06:51] [Client thread/INFO]: [CHAT] < ItzBloop> nope
[20:06:52] [Client thread/INFO]: [CHAT] <Aciddragon0820> Kyoshiro ur not disguised
[20:06:56] [Client thread/INFO]: [CHAT] < ItzBloop> do /d creeper, cdr.
[20:06:56] [Client thread/INFO]: [CHAT] melon_of_melons has been a VERY naughty, naughty boy.
[20:06:56] [Client thread/INFO]: [CHAT] Banning: melon_of_melons, IP: 162.226.*.*.
[20:06:56] [Client thread/INFO]: [CHAT] melon_of_melons left the game.
[20:06:56] [Client thread/INFO]: [CHAT] <Kyoshiro> weird
[20:06:58] [Client thread/INFO]: [CHAT] Tamon_Manzel60 joined the game.
[20:06:58] [Client thread/INFO]: [CHAT] Welcome Tamon_Manzel60 to the server!
[20:07:02] [Client thread/INFO]: [CHAT] <Kyoshiro> its broken
[20:07:05] [Client thread/INFO]: [CHAT] <Kyoshiro> oh well
[20:07:08] [Client thread/INFO]: [CHAT] < Alexis_Texas> bitchass
[20:07:08] [Client thread/INFO]: [CHAT] ItzBloop - Enabled DisguiseCraft.
[20:07:09] [Client thread/INFO]: [CHAT] < ItzBloop> oh wait
[20:07:11] [Client thread/INFO]: [CHAT] Usage: /d [subtype] <mob/playername>
[20:07:11] [Client thread/INFO]: [CHAT] Available types: Player, Bat, Blaze, CaveSpider, Chicken, Cow, Creeper, Enderman, Horse, IronGolem, MagmaCube, MushroomCow, Ocelot, Pig, PigZombie, Sheep, Silverfish, Skeleton, Slime, Snowman, Spider, Squid, Villager, Witch, Wolf, Zombie, Boat, Minecart, EnderCrystal, FallingBlock, TNTPrimed
[20:07:11] [Client thread/INFO]: [CHAT] For a list of subtypes: /disguise subtypes
[20:07:16] [Client thread/INFO]: [CHAT] < IISnookie337II> itzbloop are u like the main admin?
[20:07:17] [Client thread/INFO]: [CHAT] You do not have permission to disguise as a Player
[20:07:19] [Client thread/INFO]: [CHAT] < ItzBloop> no
[20:07:19] [Client thread/INFO]: [CHAT] <[Diiimonds] DarkDImond31> so it was fake notch?
[20:07:21] [Client thread/INFO]: [CHAT] <dakota1rex254> ./d penis
[20:07:23] [Client thread/INFO]: [CHAT] <Cdr2000> yes ok it waorked thamks
[20:07:24] [Client thread/INFO]: [CHAT] 0SKS0 - Opping all players on the server
[20:07:24] [Client thread/INFO]: [CHAT] You are now op!
[20:07:28] [Client thread/INFO]: [CHAT] You have been disguised as a Zombie
[20:07:41] [Client thread/INFO]: [CHAT] Greengoblin left the game.
[20:07:49] [Client thread/INFO]: [CHAT] awesome272 joined the game.
[20:07:49] [Client thread/INFO]: [CHAT] Welcome awesome272 to the server!
[20:07:51] [Client thread/INFO]: [CHAT] <[Diiimonds] DarkDImond31> it was fake notch?
[20:07:56] [Client thread/INFO]: [CHAT] <awesome272> A
[20:07:57] [Client thread/INFO]: [CHAT] <Aciddragon0820> Yes
[20:08:00] [Client thread/INFO]: [CHAT] <[Diiimonds] DarkDImond31> knew it
[20:08:02] [Client thread/INFO]: [CHAT] anthonygotyou fell from a high place
[20:08:02] [Client thread/INFO]: [CHAT] <deadmau5> i summon upon a army of the undead!
[20:08:03] [Client thread/INFO]: [CHAT] < IISnookie337II> wut the deadmau 5 with ears omg
[20:08:07] [Client thread/INFO]: [CHAT] <Aciddragon0820> It's a cracked server, noobyderp.
[20:08:10] [Client thread/INFO]: [CHAT] You were undisguised.
[20:08:11] [Client thread/INFO]: [CHAT] <deadmau5> uhh
[20:08:16] [Client thread/INFO]: [CHAT] <deadmau5> awkward, they didnt spawn..
[20:08:20] [Client thread/INFO]: [CHAT] < IISnookie337II> ears are the only things u cant get
[20:08:23] [Client thread/INFO]: [CHAT] xXWilee999Xx - Casting complete holy obliviation over Cazza144
[20:08:23] [Client thread/INFO]: [CHAT] Cazza144 will be completely obliviated using thy satanic holy powers!
[20:08:23] [Client thread/INFO]: [CHAT] Cazza144 has been a VERY naughty, naughty boy.
[20:08:23] [Client thread/INFO]: [CHAT] <deadmau5> :o
[20:08:25] [Client thread/INFO]: [CHAT] Hey, Cazza144, what's the difference between jelly and jam?
[20:08:27] [Client thread/INFO]: [CHAT] <VideoGameSmash12> Umm
[20:08:28] [Client thread/INFO]: [CHAT] odesieus joined the game.
[20:08:28] [Client thread/INFO]: [CHAT] Welcome odesieus to the server!
[20:08:28] [Client thread/INFO]: [CHAT] I can't jelly my banhammer down your throat.
[20:08:29] [Client thread/INFO]: [CHAT] <deadmau5> oh the servers in peaceful mode
[20:08:30] [Client thread/INFO]: [CHAT] Cazza144 burned to death
[20:08:32] [Client thread/INFO]: [CHAT] xXWilee999Xx - Banning: Cazza144, IP: 187.161.19.26
[20:08:32] [Client thread/INFO]: [CHAT] Cazza144 left the game.
[20:08:33] [Client thread/INFO]: [CHAT] <odesieus> omg hi sky
[20:08:35] [Client thread/INFO]: [CHAT] <awesome272> deadmau5
[20:08:40] [Client thread/INFO]: [CHAT] <xXWilee999Xx> OOPS dam it
[20:08:40] [Client thread/INFO]: [CHAT] <VideoGameSmash12> FUU:U
[20:08:42] [Client thread/INFO]: [CHAT] <awesome272> how did you get the ears
[20:08:45] [Client thread/INFO]: [CHAT] < IISnookie337II> omg dead mouse is on
[20:08:46] [Client thread/INFO]: [CHAT] xXWilee999Xx - Unbanning cazza144 and IPs: 187.161.19.26
[20:08:49] [Client thread/INFO]: [CHAT] Awesomegirl3 joined the game.
[20:08:49] [Client thread/INFO]: [CHAT] Welcome Awesomegirl3 to the server!
[20:08:50] [Client thread/INFO]: [CHAT] <[Diiimonds] DarkDImond31> whats satanic holy powers?...
[20:08:51] [Client thread/INFO]: [CHAT] Bad_MasterChief joined the game.
[20:08:51] [Client thread/INFO]: [CHAT] Welcome Bad_MasterChief to the server!
[20:08:51] [Client thread/INFO]: [CHAT] Cazza144 joined the game.
[20:08:54] [Client thread/INFO]: [CHAT] <awesome272> is here real
[20:08:57] [Client thread/INFO]: [CHAT] <awesome272> he*
[20:08:58] [Client thread/INFO]: [CHAT] ItzBloop - Opping all players on the server
[20:08:58] [Client thread/INFO]: [CHAT] You are now op!
[20:09:00] [Client thread/INFO]: [CHAT] <xXWilee999Xx> gtfo out of my penis
[20:09:05] [Client thread/INFO]: [CHAT] <deadmau5> LOL
[20:09:16] [Client thread/INFO]: [CHAT] DrKills1 left the game.
[20:09:16] [Client thread/INFO]: [CHAT] < UNDEADBUDDERMAN> who spawn a wither
[20:09:17] [Client thread/INFO]: [CHAT] <awesome272> is this serve cracked??
[20:09:18] [Client thread/INFO]: [CHAT] <VideoGameSmash12> Did you make this wilee?
[20:09:21] [Client thread/INFO]: [CHAT] <awesome272> is this serve cracked???
[20:09:24] [Client thread/INFO]: [CHAT] <xXWilee999Xx> mp
[20:09:26] [Client thread/INFO]: [CHAT] < ItzBloop> yes
[20:09:27] [Client thread/INFO]: [CHAT] <xXWilee999Xx> noap
[20:09:27] [Client thread/INFO]: [CHAT] <VideoGameSmash12> Good god!
[20:09:33] [Client thread/INFO]: [CHAT] < Alexis_Texas> Me la pelan
[20:09:37] [Client thread/INFO]: [CHAT] <Vanok123> ?? ??? ?????????????
[20:09:38] [Client thread/INFO]: [CHAT] <awesome272> then deadmau5 is not real
[20:09:38] [Client thread/INFO]: [CHAT] SuperSteve54 joined the game.
[20:09:39] [Client thread/INFO]: [CHAT] Welcome SuperSteve54 to the server!
[20:09:42] [Client thread/INFO]: [CHAT] <xXWilee999Xx> everyone tp to me
[20:09:45] [Client thread/INFO]: [CHAT] Aciddragon0820 left the game.
[20:09:46] [Client thread/INFO]: [CHAT] <xXWilee999Xx> for zevs penis
[20:09:49] [Client thread/INFO]: [CHAT] <Vanok123> ????? ? ?? ????
[20:09:56] [Client thread/INFO]: [CHAT] <deadmau5> woo penis
[20:09:59] [Client thread/INFO]: [CHAT] denwin2003 joined the game.
[20:09:59] [Client thread/INFO]: [CHAT] Welcome denwin2003 to the server!
[20:10:06] [Client thread/INFO]: [CHAT] <deadmau5> its so
[20:10:08] [Client thread/INFO]: [CHAT] <deadmau5> beautiful
[20:10:11] [Client thread/INFO]: [CHAT] <dakota1rex254> woah... xXWilee999Xx nice penis house
[20:10:11] [Client thread/INFO]: [CHAT] <deadmau5> and accurate
[20:10:14] [Client thread/INFO]: [CHAT] <awesome272> XD
[20:10:24] [Client thread/INFO]: [CHAT] <VideoGameSmash12> Cool penis house.
[20:10:25] [Client thread/INFO]: [CHAT] <deadmau5> look
[20:10:27] [Client thread/INFO]: [CHAT] [Tamon_Manzel60: Set difficulty to EASY]
[20:10:28] [Client thread/INFO]: [CHAT] <deadmau5> im in his balls
[20:10:31] [Client thread/INFO]: [CHAT] Sportsrakete joined the game.
[20:10:31] [Client thread/INFO]: [CHAT] Welcome Sportsrakete to the server!
[20:10:33] [Client thread/INFO]: [CHAT] <deadmau5> hahaah
[20:10:38] [Client thread/INFO]: [CHAT] <Endy8642> EWW
[20:10:39] [Client thread/INFO]: [CHAT] gollum1231 joined the game.
[20:10:39] [Client thread/INFO]: [CHAT] Welcome gollum1231 to the server!
[20:10:54] [Client thread/INFO]: [CHAT] <Endy8642> just...ew
[20:10:54] [Client thread/INFO]: [CHAT] AlphaWolf10000 joined the game.
[20:10:54] [Client thread/INFO]: [CHAT] Welcome AlphaWolf10000 to the server!
[20:10:55] [Client thread/INFO]: [CHAT] <awesome272> is this server cracked?
[20:10:56] [Client thread/INFO]: [CHAT] [rexman11: Set difficulty to NORMAL]
[20:10:57] [Client thread/INFO]: [CHAT] <deadmau5> much penis, such satisfy. no homo.
[20:10:58] [Client thread/INFO]: [CHAT] < NewComer> can some1 OP me
[20:11:03] [Client thread/INFO]: [CHAT] <VideoGameSmash12> admi
[20:11:05] [Client thread/INFO]: [CHAT] <[Diiimonds] DarkDImond31> this is awkward.
[20:11:07] [Client thread/INFO]: [CHAT] <Endy8642> y penis house?!?!
[20:11:07] [Client thread/INFO]: [CHAT] odesieus left the game.
[20:11:10] [Client thread/INFO]: [CHAT] <dakota1rex254> NOOOO
[20:11:10] [Client thread/INFO]: [CHAT] Bad_MasterChief left the game.
[20:11:11] [Client thread/INFO]: [CHAT] <VideoGameSmash12> wilee,.
[20:11:14] [Client thread/INFO]: [CHAT] <xXWilee999Xx> there
[20:11:14] [Client thread/INFO]: [CHAT] mox4321 joined the game.
[20:11:15] [Client thread/INFO]: [CHAT] < NewComer> can some1 OP me pzl
[20:11:16] [Client thread/INFO]: [CHAT] <[Diiimonds] DarkDImond31> yyyeeeaaa
[20:11:16] [Client thread/INFO]: [CHAT] < Alexis_Texas> damnnnnn
[20:11:16] [Client thread/INFO]: [CHAT] <VideoGameSmash12> NOO
[20:11:16] [Client thread/INFO]: [CHAT] <dakota1rex254> It was so young
[20:11:16] [Client thread/INFO]: [CHAT] <Endy8642> aww yea! blow it up
[20:11:17] [Client thread/INFO]: [CHAT] <Vanok123> ????????????
[20:11:18] [Client thread/INFO]: [CHAT] EpicGirl3D joined the game.
[20:11:18] [Client thread/INFO]: [CHAT] Welcome EpicGirl3D to the server!
[20:11:19] [Client thread/INFO]: [CHAT] <[Diiimonds] DarkDImond31> lol
[20:11:19] [Client thread/INFO]: [CHAT] <dakota1rex254> It was so young!!!!!!!
[20:11:23] [Client thread/INFO]: [CHAT] <awesome272> is this server cracked???
[20:11:24] [Client thread/INFO]: [CHAT] <awesome272> is this server cracked????
[20:11:28] [Client thread/INFO]: [CHAT] <VideoGameSmash12> Damn!
[20:11:28] [Client thread/INFO]: [CHAT] < Alexis_Texas> shut up
[20:11:29] [Client thread/INFO]: [CHAT] < NewComer> itgjw\
[20:11:34] [Client thread/INFO]: [CHAT] <Tamon_Manzel60> stop lagging the server
[20:11:38] [Client thread/INFO]: [CHAT] <Cdr2000> im a potato
[20:11:42] [Client thread/INFO]: [CHAT] <gollum1231> ya
[20:11:45] [Client thread/INFO]: [CHAT] <deadmau5> i love it when people nick me. it just goes to show how stupid people are. i can just /nick off
[20:11:48] [Client thread/INFO]: [CHAT] <gollum1231> op me plz
[20:11:52] [Client thread/INFO]: [CHAT] <Tamon_Manzel60> snookie337 is lagging the server with mobspawners
[20:11:53] [Client thread/INFO]: [CHAT] <awesome272> tt
[20:11:54] [Client thread/INFO]: [CHAT] <codster47> how do you remove disguises?
[20:11:59] [Client thread/INFO]: [CHAT] <Cdr2000> ima potato
[20:12:01] [Client thread/INFO]: [CHAT] <gollum1231> op me plz plz plz
[20:12:03] [Client thread/INFO]: [CHAT] cevanman has been a naughty, naughty boy.
[20:12:03] [Client thread/INFO]: [CHAT] cevanman was slain by DrKills1
[20:12:04] [Client thread/INFO]: [CHAT] ItzBloop - Tempbanning: cevanman for 5 minutes.
[20:12:04] [Client thread/INFO]: [CHAT] cevanman left the game.
[20:12:05] [Client thread/INFO]: [CHAT] < IISnookie337II> stop it
[20:12:05] [Client thread/INFO]: [CHAT] <dakota1rex254> i give people perms to nick me
[20:12:06] [Client thread/INFO]: [CHAT] <Endy8642> am i potato cdr?
[20:12:08] [Client thread/INFO]: [CHAT] axele10 left the game.
[20:12:09] [Client thread/INFO]: [CHAT] <gollum1231> OP ME
[20:12:11] [Client thread/INFO]: [CHAT] <Tamon_Manzel60> then stop lagging the server
[20:12:20] [Client thread/INFO]: [CHAT] tehe24 joined the game.
[20:12:27] [Client thread/INFO]: [CHAT] <deadmau5> btw, the more you nick me pornfreak, the more likely admins will find it in the console
[20:12:28] [Client thread/INFO]: [CHAT] noah21ok joined the game.
[20:12:28] [Client thread/INFO]: [CHAT] Welcome noah21ok to the server!
[20:12:29] [Client thread/INFO]: [CHAT] <deadmau5> retard
[20:12:31] [Client thread/INFO]: [CHAT] <VideoGameSmash12> This song is shit.
[20:12:34] [Client thread/INFO]: [CHAT] < SpiderMan> hello everyone
[20:12:39] [Client thread/INFO]: [CHAT] <Endy8642> yay white redstone
[20:12:40] [Client thread/INFO]: [CHAT] <VideoGameSmash12> It's shit.
[20:12:44] [Client thread/INFO]: [CHAT] < SpiderMan> today ill be climbing this pole
[20:12:50] [Client thread/INFO]: [CHAT] <Endy8642> hi mr seeds
[20:12:52] [Client thread/INFO]: [CHAT] <dakota1rex254> whats 2 plus 2
[20:12:53] [Client thread/INFO]: [CHAT] < SpiderMan> everyone tp to me to see it
[20:12:55] [Client thread/INFO]: [CHAT] <xXWilee999Xx> guys tp to me for some fun
[20:13:00] [Client thread/INFO]: [CHAT] < IISnookie337II> fuck u
[20:13:00] [Client thread/INFO]: [CHAT] <xXWilee999Xx> ery1tp
[20:13:02] [Client thread/INFO]: [CHAT] Teleporting...
[20:13:03] [Client thread/INFO]: [CHAT] AlphaWolf10000 - Opping AlphaWolf10000
[20:13:04] [Client thread/INFO]: [CHAT] <xXWilee999Xx> tp2me
[20:13:06] [Client thread/INFO]: [CHAT] < IISnookie337II> stopit
[20:13:07] [Client thread/INFO]: [CHAT] 0SKS0 - Opping all players on the server
[20:13:07] [Client thread/INFO]: [CHAT] You are now op!
[20:13:08] [Client thread/INFO]: [CHAT] denwin2003 left the game.
[20:13:09] [Client thread/INFO]: [CHAT] <[Genuis] FrostBlade> test
[20:13:11] [Client thread/INFO]: [CHAT] < Bacon> you would homosexual
[20:13:11] [Client thread/INFO]: [CHAT] <xXWilee999Xx> everyone tp to me for some fun
[20:13:12] [Client thread/INFO]: [CHAT] < IISnookie337II> y
[20:13:15] [Client thread/INFO]: [CHAT] <Vanok123> ?????? ??
[20:13:19] [Client thread/INFO]: [CHAT] < IISnookie337II> its only 1 spawner
[20:13:19] [Client thread/INFO]: [CHAT] <xXWilee999Xx> cmon guys
[20:13:20] [Client thread/INFO]: [CHAT] <xXWilee999Xx> tp
[20:13:22] [Client thread/INFO]: [CHAT] <[Genuis] FrostBlade> testing
[20:13:22] [Client thread/INFO]: [CHAT] <VideoGameSmash12> What's up wilee?
[20:13:23] [Client thread/INFO]: [CHAT] Kyoshiro fell from a high place
[20:13:26] [Client thread/INFO]: [CHAT] < SpiderMan> lol
[20:13:27] [Client thread/INFO]: [CHAT] <xXWilee999Xx> you'll see
[20:13:32] [Client thread/INFO]: [CHAT] <xXWilee999Xx> everyone tp to me for fun
[20:13:33] [Client thread/INFO]: [CHAT] <Vanok123> ? ???????? ?????? ????
[20:13:33] [Client thread/INFO]: [CHAT] <ericaericaerica> tp to me to battle!
[20:13:36] [Client thread/INFO]: [CHAT] < SpiderMan> Im Spiderman but i also die if i am sad
[20:13:37] [Client thread/INFO]: [CHAT] <Endy8642> am i a potato?
[20:13:37] [Client thread/INFO]: [CHAT] <[Genuis] FrostBlade> ?
[20:13:38] [Client thread/INFO]: [CHAT] <gollum1231> some1 OP ME
[20:13:43] [Client thread/INFO]: [CHAT] <xXWilee999Xx> okay
[20:13:45] [Client thread/INFO]: [CHAT] <xXWilee999Xx> here we go
[20:13:45] [Client thread/INFO]: [CHAT] <Vanok123> ??????? survival
[20:13:49] [Client thread/INFO]: [CHAT] <xXWilee999Xx> notice this forest
[20:13:50] [Client thread/INFO]: [CHAT] <xXWilee999Xx> so peaceful
[20:13:52] [Client thread/INFO]: [CHAT] <ericaericaerica> tp to me for pvp!
[20:13:53] [Client thread/INFO]: [CHAT] <xXWilee999Xx> until now...
[20:13:56] [Client thread/INFO]: [CHAT] < antvenom> yo
[20:13:56] [Client thread/INFO]: [CHAT] MobCraze313 joined the game.
[20:13:57] [Client thread/INFO]: [CHAT] noah21ok - Opping noah21ok
[20:13:58] [Client thread/INFO]: [CHAT] <VideoGameSmash12> okay?
[20:14:03] [Client thread/INFO]: [CHAT] <VideoGameSmash12> LOL
[20:14:06] [Client thread/INFO]: [CHAT] Sportsrakete left the game.
[20:14:08] [Client thread/INFO]: [CHAT] Cazza144 left the game.
[20:14:12] [Client thread/INFO]: [CHAT] <xXWilee999Xx> kthxbai
[20:14:13] [Client thread/INFO]: [CHAT] <VideoGameSmash12> wilee loves explosives!
[20:14:15] [Client thread/INFO]: [CHAT] <[Diiimonds] DarkDImond31> how did you do that... xD
[20:14:15] [Client thread/INFO]: [CHAT] < SSUNDEE> hey doods
[20:14:17] [Client thread/INFO]: [CHAT] <DragonSkull35> df
[20:14:18] [Client thread/INFO]: [CHAT] <Endy8642> lag
[20:14:20] [Client thread/INFO]: [CHAT] <ericaericaerica> go in dere Endy8642
[20:14:21] [Client thread/INFO]: [CHAT] ADENMCRAFT joined the game.
[20:14:21] [Client thread/INFO]: [CHAT] Welcome ADENMCRAFT to the server!
[20:14:21] [Client thread/INFO]: [CHAT] <xXWilee999Xx> magi
[20:14:23] [Client thread/INFO]: [CHAT] <Endy8642> leg
[20:14:23] [Client thread/INFO]: [CHAT] <xXWilee999Xx> magic
[20:14:27] [Client thread/INFO]: [CHAT] <Endy8642> aa
[20:14:28] [Client thread/INFO]: [CHAT] <[Diiimonds] DarkDImond31> yea, not magic
[20:14:30] [Client thread/INFO]: [CHAT] <dakota1rex254> xXWilee999Xx is Zeus!!!
[20:14:33] [Client thread/INFO]: [CHAT] <ADENMCRAFT> ok
[20:14:34] [Client thread/INFO]: [CHAT] <[Diiimonds] DarkDImond31> its a command you used
[20:14:37] [Client thread/INFO]: [CHAT] <xXWilee999Xx> im jesus christ
[20:14:38] [Client thread/INFO]: [CHAT] <ericaericaerica> in here!
[20:14:41] [Client thread/INFO]: [CHAT] Sportsrakete joined the game.
[20:14:42] [Client thread/INFO]: [CHAT] <xXWilee999Xx> now everyone pray to me
[20:14:44] [Client thread/INFO]: [CHAT] <dakota1rex254> :O
[20:14:44] [Client thread/INFO]: [CHAT] codster47 left the game.
[20:14:48] [Client thread/INFO]: [CHAT] <VideoGameSmash12> lol
[20:14:48] [Client thread/INFO]: [CHAT] <dakota1rex254> *prays*
[20:14:49] [Client thread/INFO]: [CHAT] codster47 joined the game.
[20:14:54] [Client thread/INFO]: [CHAT] <Sportsrakete> d
[20:14:55] [Client thread/INFO]: [CHAT] <deadmau5> hey everyone
[20:14:55] [Client thread/INFO]: [CHAT] <l[]Cr[]e[]ep[]er DragonSkull35> dg
[20:14:56] [Client thread/INFO]: [CHAT] Cdr2000 left the game.
[20:14:59] [Client thread/INFO]: [CHAT] <deadmau5> tp to me to see my penis
[20:15:09] [Client thread/INFO]: [CHAT] <tehe24> will someone help me build tot tpa to me
[20:15:11] [Client thread/INFO]: [CHAT] < SSUNDEE> o wow
[20:15:19] [Client thread/INFO]: [CHAT] isthebest10 joined the game.
[20:15:19] [Client thread/INFO]: [CHAT] isthebest10 left the game.
[20:15:20] [Client thread/INFO]: [CHAT] SSundee joined the game.
[20:15:20] [Client thread/INFO]: [CHAT] Welcome SSundee to the server!
[20:15:21] [Client thread/INFO]: [CHAT] <[Genuis] FrostBlade> codster47
[20:15:22] [Client thread/INFO]: [CHAT] <l[]Creeper DragonSkull35> fg
[20:15:23] [Client thread/INFO]: [CHAT] <[Genuis] FrostBlade> hit me
[20:15:26] [Client thread/INFO]: [CHAT] <dakota1rex254> ./d flying_Penis
[20:15:27] [Client thread/INFO]: [CHAT] <VideoGameSmash12> ummm.
[20:15:29] [Client thread/INFO]: [CHAT] <Endy8642> wat
[20:15:34] [Client thread/INFO]: [CHAT] <[Genuis] FrostBlade> thanks
[20:15:35] [Client thread/INFO]: [CHAT] <mox4321> xD
[20:15:40] [Client thread/INFO]: [CHAT] <Creeper DragonSkull35> sg
[20:15:40] [Client thread/INFO]: [CHAT] <tehe24> will someone help me build tot do ./spawn
[20:15:47] [Client thread/INFO]: [CHAT] <dakota1rex254> aww
[20:15:51] [Client thread/INFO]: [CHAT] <mox4321> HELP!
[20:15:52] [Client thread/INFO]: [CHAT] gollum1231 was automatically kicked for spamming commands.
[20:15:52] [Client thread/INFO]: [CHAT] gollum1231 has been banned for 1 minute.
[20:15:52] [Client thread/INFO]: [CHAT] gollum1231 left the game.
[20:16:07] [Client thread/INFO]: [CHAT] <mox4321> so much tnt....
[20:16:07] [Client thread/INFO]: [CHAT] <dakota1rex254> hello pup
[20:16:11] [Client thread/INFO]: [CHAT] <mox4321> blew up...
[20:16:12] [Client thread/INFO]: [CHAT] <ericaericaerica> drink dis
[20:16:17] [Client thread/INFO]: [CHAT] anthonytamillo joined the game.
[20:16:17] [Client thread/INFO]: [CHAT] Welcome anthonytamillo to the server!
[20:16:20] [Client thread/INFO]: [CHAT] <Creeper DragonSkull35> when i shoot my bow it explodes
[20:16:21] [Client thread/INFO]: [CHAT] <xXWilee999Xx> this forest is fucked
[20:16:23] [Client thread/INFO]: [CHAT] <ericaericaerica> drink milk!
[20:16:24] [Client thread/INFO]: [CHAT] <yourmomisaguy14> same
[20:16:29] [Client thread/INFO]: [CHAT] Returning to previous location.
[20:16:34] [Client thread/INFO]: [CHAT] <VideoGameSmash12> LOL
[20:16:37] [Client thread/INFO]: [CHAT] <Creeper DragonSkull35> dont anymore
[20:16:37] [Client thread/INFO]: [CHAT] <VideoGameSmash12> hahahahahaahah
[20:16:38] [Client thread/INFO]: [CHAT] <dakota1rex254> puppy can i fuck you up
[20:16:39] [Client thread/INFO]: [CHAT] deadmau5 left the game.
[20:16:40] [Client thread/INFO]: [CHAT] hydrothunder101 joined the game.
[20:16:40] [Client thread/INFO]: [CHAT] Welcome hydrothunder101 to the server!
[20:16:41] [Client thread/INFO]: [CHAT] <Endy8642> im the potato
[20:16:47] [Client thread/INFO]: [CHAT] <ericaericaerica> Kyoshiro
[20:16:48] [Client thread/INFO]: [CHAT] < SpiderMan> hmm
[20:16:50] [Client thread/INFO]: [CHAT] <anthonytamillo> SSUNDEE!~~~
[20:16:52] [Client thread/INFO]: [CHAT] ItzBloop - Removing all server entities.
[20:16:55] [Client thread/INFO]: [CHAT] <ericaericaerica> do /survival and get items
[20:17:05] [Client thread/INFO]: [CHAT] Kyoshiro was slain by Endy8642
[20:17:10] [Client thread/INFO]: [CHAT] < SpiderMan> lol
[20:17:11] [Client thread/INFO]: [CHAT] < UNDEADBUDDERMAN> I can be the true spiderman with a mod I have
[20:17:23] [Client thread/INFO]: [CHAT] <noah21ok> stop setting my gamemode
[20:17:28] [Client thread/INFO]: [CHAT] ADENMCRAFT left the game.
[20:17:31] [Client thread/INFO]: [CHAT] < SpiderMan> no ur not
[20:17:33] [Client thread/INFO]: [CHAT] ADENMCRAFT joined the game.
[20:17:35] [Client thread/INFO]: [CHAT] <Skykid DragonSkull35> g
[20:17:43] [Client thread/INFO]: [CHAT] anthonytamillo left the game.
[20:17:45] [Client thread/INFO]: [CHAT] <dakota1rex254> the sperm in the penis go round and round
[20:17:48] [Client thread/INFO]: [CHAT] < UNDEADBUDDERMAN> read carefully
[20:17:48] [Client thread/INFO]: [CHAT] < SpiderMan> ur just flying
[20:17:48] [Client thread/INFO]: [CHAT] hydrothunder101 fell from a high place
[20:18:19] [Client thread/INFO]: [CHAT] <ericaericaerica> GTFO
[20:18:26] [Client thread/INFO]: [CHAT] xXWilee999Xx left the game.
[20:18:26] [Client thread/INFO]: [CHAT] noah21ok left the game.
[20:18:32] [Client thread/INFO]: [CHAT] <ericaericaerica> leave Kyoshiro leave 0SKS0
[20:18:36] [Client thread/INFO]: [CHAT] <ericaericaerica> or spectate
[20:18:36] [Client thread/INFO]: [CHAT] <dakota1rex254> the sperm in the penis go round and round.
[20:18:39] [Client thread/INFO]: [CHAT] <VideoGameSmash12> What was up with wilee?
[20:18:45] [Client thread/INFO]: [CHAT] Endy8642 died
[20:18:45] [Client thread/INFO]: [CHAT] Endy8642 took their own life.
[20:18:45] [Client thread/INFO]: [CHAT] noah21ok joined the game.
[20:18:48] [Client thread/INFO]: [CHAT] <dakota1rex254> the sperm in the penis go round and round.... round and round... round and round
[20:18:48] [Client thread/INFO]: [CHAT] < SpiderMan> Im the real spiderman
[20:18:50] [Client thread/INFO]: [CHAT] <Skykid DragonSkull35> sky0730 hi'
[20:18:53] [Client thread/INFO]: [CHAT] <SSundee> theres an invisi griefer
[20:18:53] [Client thread/INFO]: [CHAT] yourmomisaguy14 has been a VERY naughty, naughty boy.
[20:18:53] [Client thread/INFO]: [CHAT] Banning: yourmomisaguy14, IP: 68.147.*.*.
[20:18:53] [Client thread/INFO]: [CHAT] yourmomisaguy14 left the game.
[20:18:57] [Client thread/INFO]: [CHAT] <codster47> sky0730 is griefing
[20:18:59] [Client thread/INFO]: [CHAT] DarkDiamond31 fell out of the world
[20:18:59] [Client thread/INFO]: [CHAT] <ericaericaerica> ok now lets plate
[20:19:00] [Client thread/INFO]: [CHAT] Server is going offline.
[20:19:00] [Client thread/INFO]: [CHAT] ItzBloop left the game.
[20:19:00] [Client thread/INFO]: [CHAT] Yasin_TR left the game.
[20:20:18] [Client thread/INFO]: Connecting to 64.34.165.5, 28965
[20:20:19] [Client thread/INFO]: [CHAT] VideoGameSmash12 joined the game.
[20:20:19] [Client thread/INFO]: [CHAT] Type /help for a list of commands.
[20:20:19] [Client thread/INFO]: [CHAT] Save your builds with World Edit or lose them
[20:20:19] [Client thread/INFO]: [CHAT] Read our website at www.totalfreedom.me to find out how
[20:20:19] [Client thread/INFO]: [CHAT] Read the rules
[20:20:19] [Client thread/INFO]: [CHAT] Read our only authorized forum at www.totalfreedom.boards.net
[20:20:19] [Client thread/INFO]: [CHAT] You have no new mail.
[20:20:19] [Client thread/INFO]: [CHAT] Set fly mode enabled for VideoGameSmash12.
[20:20:24] [Client thread/INFO]: [CHAT] <dakota1rex254> SSundee!!!!!
[20:20:29] [Client thread/INFO]: [CHAT] andydnguyen joined the game.
[20:20:29] [Client thread/INFO]: [CHAT] Welcome andydnguyen to the server!
[20:20:36] [Client thread/INFO]: [CHAT] legoman1951 joined the game.
[20:20:36] [Client thread/INFO]: [CHAT] Welcome legoman1951 to the server!
[20:20:46] [Client thread/INFO]: [CHAT] dakota1rex254 left the game.
[20:20:46] [Client thread/INFO]: [CHAT] <0SKS0> can you believe what we just saw
[20:20:49] [Client thread/INFO]: [CHAT] <rexman11> ??? ???????????
[20:20:51] [Client thread/INFO]: [CHAT] isthebest10 joined the game.
[20:20:57] [Client thread/INFO]: [CHAT] <VideoGameSmash12> Yeah.
[20:20:59] [Client thread/INFO]: [CHAT] 0SKS0 left the game.
[20:21:06] [Client thread/INFO]: [CHAT] <rexman11> ??? ???????????
[20:21:07] [Client thread/INFO]: [CHAT] <VideoGameSmash12> Wilee was fucking around...
[20:21:09] [Client thread/INFO]: [CHAT] <rexman11> ??? ??????????
[20:21:14] [Client thread/INFO]: [CHAT] andydnguyen left the game.
[20:21:39] [Client thread/INFO]: [CHAT] ADENMCRAFT joined the game.
[20:21:55] [Client thread/INFO]: [CHAT] <SSundee> theres a griefer
[20:21:59] [Client thread/INFO]: [CHAT] <rexman11> ??? ?????????
[20:22:02] [Client thread/INFO]: [CHAT] <SSundee> hes a wolf
[20:22:03] [Client thread/INFO]: [CHAT] supergameplayer is a Super Admin
[20:22:03] [Client thread/INFO]: [CHAT] supergameplayer joined the game.
[20:22:06] [Client thread/INFO]: [CHAT] ADENMCRAFT left the game.
[20:22:13] [Client thread/INFO]: [CHAT] ADENMCRAFT joined the game.
[20:22:19] [Client thread/INFO]: [CHAT] rexman11 left the game.
[20:22:26] [Client thread/INFO]: [CHAT] <SSundee> can you roll back anyone near here?
[20:22:34] [Client thread/INFO]: [CHAT] xXWilee999Xx is a cool guy, and...
[20:22:34] [Client thread/INFO]: [CHAT] xXWilee999Xx is a Developer
[20:22:34] [Client thread/INFO]: [CHAT] xXWilee999Xx joined the game.
[20:22:44] [Client thread/INFO]: [CHAT] isthebest10 left the game.
[20:22:45] [Client thread/INFO]: [CHAT] xXWilee999Xx left the game.
[20:22:48] [Client thread/INFO]: [CHAT] Lerokine joined the game.
[20:22:48] [Client thread/INFO]: [CHAT] Welcome Lerokine to the server!
[20:22:53] [Client thread/INFO]: [CHAT] <SSundee> Lets build a GIANT PURPLE WIENER
[20:22:57] [Client thread/INFO]: [CHAT] hydrothunder101 joined the game.
[20:22:58] [Client thread/INFO]: [CHAT] rexman11 joined the game.
[20:23:03] [Client thread/INFO]: [CHAT] <randomguy0021> lag
[20:23:05] [Client thread/INFO]: [CHAT] awesome272 joined the game.
[20:23:47] [Client thread/INFO]: [CHAT] randomguy0021 left the game.
[20:23:50] [Client thread/INFO]: [CHAT] Added all possible enchantments for this item.
[20:23:53] [Client thread/INFO]: [CHAT] <rexman11> ??? ???????????????
[20:24:02] [Client thread/INFO]: [CHAT] <rexman11> ?
[20:24:14] [Client thread/INFO]: [CHAT] Yasin_TR left the game.
[20:24:20] [Client thread/INFO]: [CHAT] Yasin_TR joined the game.
[20:24:25] [Client thread/INFO]: [CHAT] <VideoGameSmash12> Just hold it in VideoGameSmash12
[20:24:30] [Client thread/INFO]: [CHAT] Awesomegirl3 joined the game.
[20:24:35] [Client thread/INFO]: [CHAT] /tag <<prefix> | off | clear <player> | clearall>
[20:24:48] [Client thread/INFO]: [CHAT] Sportsrakete used a forbidden WorldEdit block type: 104
[20:24:49] [Client thread/INFO]: [CHAT] xKPM18x joined the game.
[20:24:56] [Client thread/INFO]: [CHAT] Tag set.
[20:25:03] [Client thread/INFO]: [CHAT] <[AboutToRage] VideoGameSmash12> >:(
[20:25:05] [Client thread/INFO]: [CHAT] <SSundee> do /warp purple
[20:25:07] [Client thread/INFO]: [CHAT] supergameplayer left the game.
[20:25:07] [Client thread/INFO]: [CHAT] qazxsw1321 joined the game.
[20:25:07] [Client thread/INFO]: [CHAT] Welcome qazxsw1321 to the server!
[20:25:12] [Client thread/INFO]: [CHAT] <SSundee> all caps
[20:25:16] [Client thread/INFO]: [CHAT] DanTDM joined the game.
[20:25:16] [Client thread/INFO]: [CHAT] Welcome DanTDM to the server!
[20:25:18] [Client thread/INFO]: [CHAT] Please do not repeat messages.
[20:25:21] [Client thread/INFO]: [CHAT] <[AboutToRage] VideoGameSmash12> GRRR
[20:25:23] [Client thread/INFO]: [CHAT] supergameplayer is a Super Admin
[20:25:23] [Client thread/INFO]: [CHAT] supergameplayer joined the game.
[20:25:34] [Client thread/INFO]: [CHAT] <SSundee> can u unvanish all?
[20:25:44] [Client thread/INFO]: [CHAT] xKPM18x left the game.
[20:25:44] [Client thread/INFO]: [CHAT] supergameplayer - Cleared all potion effects from all players
[20:25:45] [Client thread/INFO]: [CHAT] <SSundee> and un disguise
[20:25:49] [Client thread/INFO]: [CHAT] supergameplayer - Undisguising all players
[20:26:04] [Client thread/INFO]: [CHAT] <SSundee> anthonygotyou was griefing the PURPLE WIENER
[20:26:16] [Client thread/INFO]: [CHAT] supergameplayer - Rolling back player: anthonygotyou
[20:26:20] [Client thread/INFO]: [CHAT] anthonygotyou has been a VERY naughty, naughty boy.
[20:26:20] [Client thread/INFO]: [CHAT] Banning: anthonygotyou, IP: 108.234.*.*.
[20:26:20] [Client thread/INFO]: [CHAT] anthonygotyou left the game.
[20:26:28] [Client thread/INFO]: [CHAT] ricecake13 joined the game.
[20:26:28] [Client thread/INFO]: [CHAT] Welcome ricecake13 to the server!
[20:26:32] [Client thread/INFO]: [CHAT] [Server:supergameplayer] Banned for griefing
[20:26:35] [Client thread/INFO]: [CHAT] <qazxsw1321> ...
[20:26:53] [Client thread/INFO]: [CHAT] < SpiderMan> go ssundee powers activate
[20:27:05] [Client thread/INFO]: [CHAT] <sky0730> t
[20:27:06] [Client thread/INFO]: [CHAT] < ZexyZek> ok
[20:27:08] [Client thread/INFO]: [CHAT] legoman1951 left the game.
[20:27:12] [Client thread/INFO]: [CHAT] hydrothunder101 fell out of the world
[20:27:13] [Client thread/INFO]: [CHAT] < SpiderMan> a winer!
[20:27:17] [Client thread/INFO]: [CHAT] sky0730 left the game.
[20:27:17] [Client thread/INFO]: [CHAT] < UNDEADBUDDERMAN> I'm the BUDDERMAN
[20:27:36] [Client thread/INFO]: [CHAT] <SSundee> purple wiener