[09:48:57] [Client thread/INFO]: Connecting to play.totalfreedom.me., 28965
[09:49:02] [Client thread/INFO]: Connecting to play.totalfreedom.me., 28965
[09:49:04] [Client thread/INFO]: Connecting to play.totalfreedom.me., 28965
[09:49:07] [Client thread/INFO]: Connecting to play.totalfreedom.me., 28965
[09:49:10] [Client thread/INFO]: Connecting to play.totalfreedom.me., 28965
[09:49:12] [Client thread/INFO]: Connecting to play.totalfreedom.me., 28965
[09:49:14] [Client thread/INFO]: Connecting to play.totalfreedom.me., 28965
[09:49:18] [Client thread/INFO]: Connecting to play.totalfreedom.me., 28965
[09:49:20] [Client thread/INFO]: [CHAT] VideoGameSmash12 is a Super Admin
[09:49:20] [Client thread/INFO]: [CHAT] VideoGameSmash12 joined the game.
[09:49:20] [Client thread/INFO]: [CHAT] Server IP is changing soon! Only use play.totalfreedom.me
[09:49:20] [Client thread/INFO]: [CHAT] Type /help for a list of commands.
[09:49:20] [Client thread/INFO]: [CHAT] Save your builds with World Edit or lose them
[09:49:20] [Client thread/INFO]: [CHAT] Read our website at www.totalfreedom.me to find out how
[09:49:20] [Client thread/INFO]: [CHAT] Read the rules
[09:49:20] [Client thread/INFO]: [CHAT] Read our only authorized forum at www.totalfreedom.boards.net
[09:49:20] [Client thread/INFO]: [CHAT] You have no new mail.
[09:49:21] [Client thread/INFO]: [CHAT] <mob362> and join!
[09:49:22] [Client thread/INFO]: [CHAT] <mob362> video
[09:49:23] [Client thread/INFO]: [CHAT] < Robo> Hey Video
[09:49:23] [Client thread/INFO]: [CHAT] <mob362> help us
[09:49:24] [Client thread/INFO]: [CHAT] <greennowman> i know!!!!!!!!!
[09:49:25] [Client thread/INFO]: [CHAT] There are 18 out of a maximum 35 players online.
[09:49:25] [Client thread/INFO]: [CHAT] Connected admins: [SA]VideoGameSmash12
[09:49:27] [Client thread/INFO]: [CHAT] <mob362> the server has gone mad!
[11:58:57] [Client thread/INFO]: Connecting to play.totalfreedom.me., 28965
[11:58:58] [Client thread/INFO]: [CHAT] VideoGameSmash12 is a Super Admin
[11:58:58] [Client thread/INFO]: [CHAT] VideoGameSmash12 joined the game.
[11:58:58] [Client thread/INFO]: [CHAT] Server IP is changing soon! Only use play.totalfreedom.me
[11:58:58] [Client thread/INFO]: [CHAT] Type /help for a list of commands.
[11:58:58] [Client thread/INFO]: [CHAT] Save your builds with World Edit or lose them
[11:58:58] [Client thread/INFO]: [CHAT] Read our website at www.totalfreedom.me to find out how
[11:58:58] [Client thread/INFO]: [CHAT] Read the rules
[11:58:58] [Client thread/INFO]: [CHAT] Read our only authorized forum at www.totalfreedom.boards.net
[11:58:58] [Client thread/INFO]: [CHAT] You have no new mail.
[11:59:00] [Client thread/INFO]: [CHAT] < Robo> Nintendo, you back?
[11:59:01] [Client thread/INFO]: [CHAT] There are 23 out of a maximum 35 players online.
[11:59:01] [Client thread/INFO]: [CHAT] Connected admins: [SrA]Sardenarin, [SA]VideoGameSmash12
[11:59:04] [Client thread/INFO]: [CHAT] < Robo> Hey Video
[11:59:16] [Client thread/INFO]: [CHAT] LevnettUK_Ronit joined the game.
[11:59:16] [Client thread/INFO]: [CHAT] * lavablock2 is no longer AFK.
[11:59:16] [Client thread/INFO]: [CHAT] Welcome LevnettUK_Ronit to the server!
[11:59:20] [Client thread/INFO]: [CHAT] < StampyLongNose> :D hey
[11:59:20] [Client thread/INFO]: [CHAT] <VideoGameSmash12> something isn't right
[11:59:22] [Client thread/INFO]: [CHAT] < Robo> Hey Lennett
[11:59:22] [Client thread/INFO]: [CHAT] [gomalley411 -> me] lucasbrien was griefing with //set lava and no one banned him yet
[11:59:25] [Client thread/INFO]: [CHAT] * lavablock2 is now AFK.
[11:59:25] [Client thread/INFO]: [CHAT] < StampyLongNose> HALLO
[11:59:26] [Client thread/INFO]: [CHAT] < Robo> What Video?
[11:59:27] [Client thread/INFO]: [CHAT] <wolfblood2006> plz give super admin
[11:59:27] [Client thread/INFO]: [CHAT] < Rocket> hlol9ksa
[11:59:31] [Client thread/INFO]: [CHAT] [ Levi -> me] can you get Stampy100 out of my build
[11:59:32] [Client thread/INFO]: [CHAT] <LevnettUK_Ronit> hi
[11:59:32] [Client thread/INFO]: [CHAT] < Rocket> watch this
[11:59:32] [Client thread/INFO]: [CHAT] < Robo> No
[11:59:33] [Client thread/INFO]: [CHAT] < Robo> Apply
[11:59:36] [Client thread/INFO]: [CHAT] < Robo> Do /ai
[11:59:37] [Client thread/INFO]: [CHAT] < StampyLongNose> &2 re
[11:59:40] [Client thread/INFO]: [CHAT] < StampyLongNose> &2test
[11:59:41] [Client thread/INFO]: [CHAT] < Robo> Then wait till july
[11:59:44] [Client thread/INFO]: [CHAT] lavablock2 left the game.
[11:59:45] [Client thread/INFO]: [CHAT] < Robo> In a few days :D
[11:59:47] [Client thread/INFO]: [CHAT] *  Levi test
[11:59:53] [Client thread/INFO]: [CHAT] gomalley411 left the game.
[11:59:55] [Client thread/INFO]: [CHAT] < Grenos> Guys tp to me, my arm has litterally fused with a wool building
[11:59:58] [Client thread/INFO]: [CHAT] < Grenos> And I'm in survival
[12:00:13] [Client thread/INFO]: [CHAT] < PvPMaster> :D ehy
[12:00:14] [Client thread/INFO]: [CHAT] <Rev31LLE> op mer
[12:00:18] [Client thread/INFO]: [CHAT] < Grenos> I'm in survival..
[12:00:19] [Client thread/INFO]: [CHAT] Stampy100 used a forbidden WorldEdit block type: water
[12:00:25] [Client thread/INFO]: [CHAT] <[Dealer] Stampy100> op meh
[12:00:25] [Client thread/INFO]: [CHAT] < Robo> Bad Stampy
[12:00:26] [Client thread/INFO]: [CHAT] < hlol9ksa> hhhhhhh
[12:00:27] [Client thread/INFO]: [CHAT] < Robo> No Water ;3
[12:00:27] [Client thread/INFO]: [CHAT] < Levi> mine too ._.
[12:00:28] [Client thread/INFO]: [CHAT] <Rev31LLE> op me
[12:00:31] [Client thread/INFO]: [CHAT] hlol9ksa - Opping Stampy100
[12:00:35] [Client thread/INFO]: [CHAT] <[Dealer] Stampy100> i was geting rid of water
[12:00:35] [Client thread/INFO]: [CHAT] Epicninjaminer - Opping Rev31LLE
[12:00:46] [Client thread/INFO]: [CHAT] <Rev31LLE> thanks
[12:00:47] [Client thread/INFO]: [CHAT] < Robo> Yay, /gmc and /gms are now avalible
[12:00:50] [Client thread/INFO]: [CHAT] <Epicninjaminer> np
[12:00:59] [Client thread/INFO]: [CHAT] < PvPMaster> who owner
[12:01:02] [Client thread/INFO]: [CHAT] < Robo> Markbyron
[12:01:06] [Client thread/INFO]: [CHAT] < Robo> But
[12:01:08] [Client thread/INFO]: [CHAT] < PvPMaster> where is he
[12:01:13] [Client thread/INFO]: [CHAT] < Robo> Don't EVER login as him or you'll get banned
[12:01:15] [Client thread/INFO]: [CHAT] < Grenos> He's...he'sdead
[12:01:17] [Client thread/INFO]: [CHAT] <Epicninjaminer> &lfail\
[12:01:18] [Client thread/INFO]: [CHAT] < hlol9ksa> Sardenarin
[12:01:24] [Client thread/INFO]: [CHAT] <[Helper] Minecraft652Girl> TheZimZim dot grif'
[12:01:25] [Client thread/INFO]: [CHAT] < Levi> Stampy100, last chance to get out before I spawn you
[12:01:25] [Client thread/INFO]: [CHAT] < hlol9ksa> Sardenarin .
[12:01:29] [Client thread/INFO]: [CHAT] * Sardenarin is no longer AFK.
[12:01:29] [Client thread/INFO]: [CHAT] <[Senior Admin] Sardenarin> ?
[12:01:30] [Client thread/INFO]: [CHAT] < Robo> Sardenarin's AFK
[12:01:31] [Client thread/INFO]: [CHAT] < CaptainSparklez> hey guys
[12:01:31] [Client thread/INFO]: [CHAT] < Robo> Oh
[12:01:33] [Client thread/INFO]: [CHAT] < hlol9ksa> kman tp
[12:01:34] [Client thread/INFO]: [CHAT] <wolfblood2006> f
[12:01:37] [Client thread/INFO]: [CHAT] Sardenarin left the game.
[12:01:41] [Client thread/INFO]: [CHAT] Stampy100 used a forbidden WorldEdit block type: water
[12:01:41] [Client thread/INFO]: [CHAT] <[Helper] Minecraft652Girl> TheZimZim dot grif' NOW
[12:01:43] [Client thread/INFO]: [CHAT] < Levi> 5
[12:01:46] [Client thread/INFO]: [CHAT] < Levi> 4
[12:01:48] [Client thread/INFO]: [CHAT] < Levi> 3
[12:01:48] [Client thread/INFO]: [CHAT] < Rocket> hlol9ksa IS GRIEFING
[12:01:49] [Client thread/INFO]: [CHAT] <[Helper] Minecraft652Girl> do /near
[12:01:50] [Client thread/INFO]: [CHAT] < Levi> 2
[12:01:52] [Client thread/INFO]: [CHAT] <[Dealer] Stampy100> op meh plz
[12:02:03] [Client thread/INFO]: [CHAT] <[Helper] Minecraft652Girl> TheZimZim STOP
[12:02:04] [Client thread/INFO]: [CHAT] < Levi> 1
[12:02:07] [Client thread/INFO]: [CHAT] [ Robo -> me] hlol9ksa's Griefing
[12:02:09] [Client thread/INFO]: [CHAT] < Levi> bye
[12:02:11] [Client thread/INFO]: [CHAT] <TheZimZim> what tp to me in doming nothing
[12:02:13] [Client thread/INFO]: [CHAT] <[Dealer] Stampy100> noo
[12:02:13] [Client thread/INFO]: [CHAT] < SkythekidRS> hi guys
[12:02:18] [Client thread/INFO]: [CHAT] mrnintendoguy1 left the game.
[12:02:21] [Client thread/INFO]: [CHAT] [ Robo -> me] Roll him back please
[12:02:22] [Client thread/INFO]: [CHAT] There are 20 out of a maximum 35 players online.
[12:02:22] [Client thread/INFO]: [CHAT] Connected admins: [SA]VideoGameSmash12
[12:02:23] [Client thread/INFO]: [CHAT] <TheZimZim> so stfu
[12:02:23] [Client thread/INFO]: [CHAT] < OwnerCaraMC> lol
[12:02:23] [Client thread/INFO]: [CHAT] LevnettUK_Ronit left the game.
[12:02:24] [Client thread/INFO]: [CHAT] <TheZimZim> nuba
[12:02:28] [Client thread/INFO]: [CHAT] <TheZimZim> see
[12:02:30] [Client thread/INFO]: [CHAT] <[Helper] Minecraft652Girl> dot grif
[12:02:33] [Client thread/INFO]: [CHAT] <TheZimZim> i wasnt
[12:02:34] [Client thread/INFO]: [CHAT] <TheZimZim> look
[12:02:35] [Client thread/INFO]: [CHAT] <TheZimZim> im not
[12:02:36] [Client thread/INFO]: [CHAT] <TheZimZim> lel
[12:02:36] [Client thread/INFO]: [CHAT] <[Dealer] Stampy100> op me
[12:02:39] [Client thread/INFO]: [CHAT] * Joenmb is now AFK.
[12:02:40] [Client thread/INFO]: [CHAT] Teleporting...
[12:02:45] [Client thread/INFO]: [CHAT] <TheZimZim> what am i doin gnow?
[12:02:46] [Client thread/INFO]: [CHAT] <[Helper] Minecraft652Girl> yyyou wer inve
[12:02:47] [Client thread/INFO]: [CHAT] <[Helper] Minecraft652Girl> yyyou wer inves
[12:02:59] [Client thread/INFO]: [CHAT] <[Helper] Minecraft652Girl> and i did do /near is seid you wer nea
[12:03:01] [Client thread/INFO]: [CHAT] <[Helper] Minecraft652Girl> and i did do /near is seid you wer neae