[22:31:24] [Client thread/INFO]: Connecting to 64.34.165.5, 28965
[22:31:25] [Client thread/INFO]: [CHAT] VideoGameSmash12 is a Super Admin
[22:31:25] [Client thread/INFO]: [CHAT] VideoGameSmash12 joined the game.
[22:31:25] [Client thread/INFO]: [CHAT] Type /help for a list of commands.
[22:31:25] [Client thread/INFO]: [CHAT] Save your builds with World Edit or lose them
[22:31:25] [Client thread/INFO]: [CHAT] Read our website at www.totalfreedom.me to find out how
[22:31:25] [Client thread/INFO]: [CHAT] Read the rules
[22:31:25] [Client thread/INFO]: [CHAT] Read our only authorized forum at www.totalfreedom.boards.net
[22:31:25] [Client thread/INFO]: [CHAT] You have no new mail.
[22:31:25] [Client thread/INFO]: [CHAT] Welcome VideoGameSmash12 to the server!
[22:31:26] [Client thread/INFO]: [CHAT] <jackmath> your wrong SethBling, or should i say ZZTheArchitect23
[22:31:26] [Client thread/INFO]: [CHAT] < DerpyKawaiid> its fake!!
[22:31:28] [Client thread/INFO]: [CHAT] <louiskerbler> hi VideoGameSmash12
[22:31:31] [Client thread/INFO]: [CHAT] [ADMIN] XxNicozillaxX [SA]: hey
[22:31:32] [Client thread/INFO]: [CHAT] CommandSpy enabled.
[22:31:35] [Client thread/INFO]: [CHAT] ItzBloop left the game.
[22:31:36] [Client thread/INFO]: [CHAT] Sazay joined the game.
[22:31:36] [Client thread/INFO]: [CHAT] Welcome Sazay to the server!
[22:31:37] [Client thread/INFO]: [CHAT] nikobot: /list
[22:31:37] [Client thread/INFO]: [CHAT] [ADMIN] VideoGameSmash12 [SA]: I'm free!
[22:31:38] [Client thread/INFO]: [CHAT] kawaiidfroggirl: /realname dinnerbone
[22:31:39] [Client thread/INFO]: [CHAT] <[Buildest] IBuildGood> NO Do /realname Dinnerbone
[22:31:40] [Client thread/INFO]: [CHAT] Herobrine_1231: //count -d nether_brick
[22:31:41] [Client thread/INFO]: [CHAT] HyperionGaming: /spawn louiskerbler
[22:31:43] [Client thread/INFO]: [CHAT] Amar2468: /nick 7lcakegriefer
[22:31:43] [Client thread/INFO]: [CHAT] Sazay: /rules
[22:31:44] [Client thread/INFO]: [CHAT] < DerpyKawaiid> its a hacked client
[22:31:45] [Client thread/INFO]: [CHAT] Shadowbeats12: /realname dinnerbone
[22:31:47] [Client thread/INFO]: [CHAT] Dinnerbone: /realname ib
[22:31:48] [Client thread/INFO]: [CHAT] <louiskerbler> hey HyperionGaming not nice >:(
[22:31:49] [Client thread/INFO]: [CHAT] < 7lCakeGriefer> .
[22:31:50] [Client thread/INFO]: [CHAT] louiskerbler: /back
[22:31:51] [Client thread/INFO]: [CHAT] Sazay: /f f
[22:31:51] [Client thread/INFO]: [CHAT] CraftedRS - Rolling back player: kittycat12005
[22:31:51] [Client thread/INFO]: [CHAT] <polp86> if I login as PewdiePie
[22:31:54] [Client thread/INFO]: [CHAT] ZZTheArchitect23: /tp dinnerbone
[22:31:54] [Client thread/INFO]: [CHAT] Kermiedafrog was slain by Saxonlevi03 using [Creeper killer]
[22:31:54] [Client thread/INFO]: [CHAT] GeneralScrappy: /home
[22:31:55] [Client thread/INFO]: [CHAT] <AlexDoMC> CraftedRS tp
[22:31:56] [Client thread/INFO]: [CHAT] <HyperionGaming> what
[22:31:56] [Client thread/INFO]: [CHAT] nikobot: /real name dinnerbone
[22:31:57] [Client thread/INFO]: [CHAT] Flamekill17: /speed 5
[22:31:57] [Client thread/INFO]: [CHAT] <louiskerbler> dont teleport me to spawn'
[22:31:57] [Client thread/INFO]: [CHAT] Herobrine_1231: //count -d nether_brick
[22:31:58] [Client thread/INFO]: [CHAT] Kermiedafrog left the game.
[22:32:00] [Client thread/INFO]: [CHAT] Amar2468: /nick 7l cakegriefer
[22:32:02] [Client thread/INFO]: [CHAT] Herobrine_1231: //count -d nether_brick
[22:32:02] [Client thread/INFO]: [CHAT] ZZTheArchitect23: /tp alexdomc
[22:32:03] [Client thread/INFO]: [CHAT] Flamekill17: /op flamekill17
[22:32:03] [Client thread/INFO]: [CHAT] < CakeGriefer> hi'
[22:32:04] [Client thread/INFO]: [CHAT] nikobot: /realname dinnerbone
[22:32:04] [Client thread/INFO]: [CHAT] Miner was slain by Herobrine
[22:32:04] [Client thread/INFO]: [CHAT] <HyperionGaming> ok soz
[22:32:04] [Client thread/INFO]: [CHAT] <polp86> it dont make me Pewd
[22:32:06] [Client thread/INFO]: [CHAT] Sazay: /warp
[22:32:06] [Client thread/INFO]: [CHAT] GeneralScrappy: /warp mall
[22:32:08] [Client thread/INFO]: [CHAT] < SethBling> AlexDoMC hey
[22:32:11] [Client thread/INFO]: [CHAT] <[Buildest] IBuildGood> how do u log in as people?
[22:32:12] [Client thread/INFO]: [CHAT] < SethBling> hi
[22:32:14] [Client thread/INFO]: [CHAT] AlexDoMC: /realname seth
[22:32:14] [Client thread/INFO]: [CHAT] Miner: /creative
[22:32:14] [Client thread/INFO]: [CHAT] Dinnerbone: /realname dinnerbone
[22:32:14] [Client thread/INFO]: [CHAT] Herobrine_1231: //count -d nether_brick
[22:32:16] [Client thread/INFO]: [CHAT] GeneralScrappy: /home
[22:32:17] [Client thread/INFO]: [CHAT] <nikobot> omg hi dinner bone
[22:32:17] [Client thread/INFO]: [CHAT] Sazay left the game.
[22:32:19] [Client thread/INFO]: [CHAT] Herobrine: /tp miner
[22:32:20] [Client thread/INFO]: [CHAT] <Flamekill17> op plz
[22:32:21] [Client thread/INFO]: [CHAT] <AlexDoMC> ZZTheArchitect23 is sethbling
[22:32:23] [Client thread/INFO]: [CHAT] Longy_2013: /tpa saxonlevi03
[22:32:23] [Client thread/INFO]: [CHAT] kittykatgamer514 joined the game.
[22:32:23] [Client thread/INFO]: [CHAT] Welcome kittykatgamer514 to the server!
[22:32:24] [Client thread/INFO]: [CHAT] <[Mojang] Dinnerbone> hi?
[22:32:26] [Client thread/INFO]: [CHAT] ZZTheArchitect23: /op flamekill17
[22:32:26] [Client thread/INFO]: [CHAT] ZZTheArchitect23 - Opping Flamekill17
[22:32:28] [Client thread/INFO]: [CHAT] <jackmath> correct!!
[22:32:29] [Client thread/INFO]: [CHAT] atrijo1017 joined the game.
[22:32:29] [Client thread/INFO]: [CHAT] Welcome atrijo1017 to the server!
[22:32:30] [Client thread/INFO]: [CHAT] <Flamekill17> thanks
[22:32:30] [Client thread/INFO]: [CHAT] Saxonlevi03: /tpaccept
[22:32:32] [Client thread/INFO]: [CHAT] Shadowbeats12: /realname sethbling
[22:32:32] [Client thread/INFO]: [CHAT] HyperionGaming: /realname dinnerbone
[22:32:34] [Client thread/INFO]: [CHAT] Herobrine has been a naughty, naughty boy.
[22:32:34] [Client thread/INFO]: [CHAT] Herobrine died
[22:32:35] [Client thread/INFO]: [CHAT] Saxonlevi03: /creative
[22:32:36] [Client thread/INFO]: [CHAT] < SethBling> np
[22:32:37] [Client thread/INFO]: [CHAT] [Server:CraftedRS] IBuildGood No Italic Nicks!!
[22:32:37] [Client thread/INFO]: [CHAT] Amar2468: //set cake
[22:32:38] [Client thread/INFO]: [CHAT] Flamekill17: /speed 5
[22:32:38] [Client thread/INFO]: [CHAT] atrijo1017: /god
[22:32:40] [Client thread/INFO]: [CHAT] ZZTheArchitect23: /op herobrine
[22:32:40] [Client thread/INFO]: [CHAT] ZZTheArchitect23 - Opping Herobrine
[22:32:41] [Client thread/INFO]: [CHAT] <[Buildest] IBuildGood> sethbling is ZZTheArchitect23
[22:32:42] [Client thread/INFO]: [CHAT] atrijo1017: /god
[22:32:46] [Client thread/INFO]: [CHAT] < SethBling> I know
[22:32:48] [Client thread/INFO]: [CHAT] [Server:VideoGameSmash12] Spawnkilling isn't allowed
[22:32:49] [Client thread/INFO]: [CHAT] Flamekill17: /speed 7
[22:32:50] [Client thread/INFO]: [CHAT] Herobrine was slain by Miner
[22:32:51] [Client thread/INFO]: [CHAT] < SethBling> its me LOL
[22:32:52] [Client thread/INFO]: [CHAT] Miner has been a naughty, naughty boy.
[22:32:52] [Client thread/INFO]: [CHAT] Miner died
[22:32:52] [Client thread/INFO]: [CHAT] HyperionGaming: /realname miner
[22:32:53] [Client thread/INFO]: [CHAT] atrijo1017: /strike
[22:32:54] [Client thread/INFO]: [CHAT] <polp86> do you all buy minecraft?
[22:32:56] [Client thread/INFO]: [CHAT] Herobrine: /creative
[22:32:56] [Client thread/INFO]: [CHAT] atrijo1017: /thunder
[22:32:59] [Client thread/INFO]: [CHAT] kawaiidfroggirl: //copy
[22:33:00] [Client thread/INFO]: [CHAT] <nikobot> dinnerbone is herobrine really been removed?
[22:33:00] [Client thread/INFO]: [CHAT] <[Redstoner] Herobrine_1231> yes
[22:33:00] [Client thread/INFO]: [CHAT] < SethBling> 1 sec changeing my nick
[22:33:01] [Client thread/INFO]: [CHAT] <louiskerbler> i dont
[22:33:03] [Client thread/INFO]: [CHAT] [Server:VideoGameSmash12] What did I say?
[22:33:04] [Client thread/INFO]: [CHAT] Longy_2013 fell from a high place
[22:33:06] [Client thread/INFO]: [CHAT] Lololowka, Longy_2013, louiskerbler
[22:33:06] [Client thread/INFO]: [CHAT] kawaiidfroggirl: //paste
[22:33:07] [Client thread/INFO]: [CHAT] Lololowka has been a naughty, naughty boy.
[22:33:07] [Client thread/INFO]: [CHAT] Lololowka died
[22:33:07] [Client thread/INFO]: [CHAT] Amar2468: //set 0
[22:33:07] [Client thread/INFO]: [CHAT] nikobot left the game.
[22:33:08] [Client thread/INFO]: [CHAT] [Server:CraftedRS] Shadowbeats12 No Italic Nicks!!
[22:33:09] [Client thread/INFO]: [CHAT] Zack left the game.
[22:33:10] [Client thread/INFO]: [CHAT] Herobrine: /kills lolo
[22:33:10] [Client thread/INFO]: [CHAT] nikobot joined the game.
[22:33:11] [Client thread/INFO]: [CHAT] Halgent joined the game.
[22:33:13] [Client thread/INFO]: [CHAT] Miner: /creative
[22:33:13] [Client thread/INFO]: [CHAT] ZZTheArchitect23: /nick &4coolguy76
[22:33:15] [Client thread/INFO]: [CHAT] <atrijo1017> how do you do the thunder
[22:33:16] [Client thread/INFO]: [CHAT] Amar2468: //paste
[22:33:16] [Client thread/INFO]: [CHAT] Herobrine: /help
[22:33:16] [Client thread/INFO]: [CHAT] [Server:VideoGameSmash12] 3 people smiten in a row!
[22:33:17] [Client thread/INFO]: [CHAT] < Coolguy76> ok its me ZZ
[22:33:17] [Client thread/INFO]: [CHAT] kawaiidfroggirl: //undo
[22:33:18] [Client thread/INFO]: [CHAT] Miner: /creative
[22:33:19] [Client thread/INFO]: [CHAT] Longy_2013: /creative
[22:33:23] [Client thread/INFO]: [CHAT] atrijo1017: /smiten
[22:33:23] [Client thread/INFO]: [CHAT] [ADMIN] VideoGameSmash12 [SA]: For the same reason!
[22:33:24] [Client thread/INFO]: [CHAT] Miner: /survival
[22:33:25] [Client thread/INFO]: [CHAT] <louiskerbler> triple kill
[22:33:25] [Client thread/INFO]: [CHAT] Amar2468: /warp sex
[22:33:26] [Client thread/INFO]: [CHAT] <jackmath> thnx
[22:33:27] [Client thread/INFO]: [CHAT] atrijo1017: /smite
[22:33:27] [Client thread/INFO]: [CHAT] Longy_2013: //undo
[22:33:28] [Client thread/INFO]: [CHAT] <[Redstoner] Herobrine_1231> lol
[22:33:28] [Client thread/INFO]: [CHAT] HyperionGaming: /realname herobrine
[22:33:28] [Client thread/INFO]: [CHAT] <[Mojang] Dinnerbone> its an admin
[22:33:31] [Client thread/INFO]: [CHAT] Miner: /help
[22:33:32] [Client thread/INFO]: [CHAT] <AlexDoMC> CraftedRS
[22:33:32] [Client thread/INFO]: [CHAT] kawaiidfroggirl: /warp pvp
[22:33:32] [Client thread/INFO]: [CHAT] louiskerbler: /radar
[22:33:32] [Client thread/INFO]: [CHAT] [ADMIN] CraftedRS [SA]: No need to say that in /say
[22:33:33] [Client thread/INFO]: [CHAT] VideoGameSmash12 - Opping all players on the server
[22:33:33] [Client thread/INFO]: [CHAT] You are now op!
[22:33:33] [Client thread/INFO]: [CHAT] <DJciRiOsdd> ??? ?????? ????? ?????
[22:33:33] [Client thread/INFO]: [CHAT] atrijo1017: /op
[22:33:34] [Client thread/INFO]: [CHAT] <AlexDoMC> look
[22:33:35] [Client thread/INFO]: [CHAT] <CraftedRS> Ya
[22:33:35] [Client thread/INFO]: [CHAT] louiskerbler: /radar
[22:33:36] [Client thread/INFO]: [CHAT] Herobrine: /enchant
[22:33:37] [Client thread/INFO]: [CHAT] Longy_2013: /potion add speed 1000000 100 longy_2013
[22:33:38] [Client thread/INFO]: [CHAT] GeneralScrappy: /spawnmob pig
[22:33:39] [Client thread/INFO]: [CHAT] nikobot: /opall
[22:33:39] [Client thread/INFO]: [CHAT] Miner: /creative
[22:33:40] [Client thread/INFO]: [CHAT] Flamekill17: /speed 1
[22:33:42] [Client thread/INFO]: [CHAT] Herobrine: /enchant reset
[22:33:42] [Client thread/INFO]: [CHAT] atrijo1017: /smite
[22:33:46] [Client thread/INFO]: [CHAT] louiskerbler: /radar
[22:33:47] [Client thread/INFO]: [CHAT] kittykatgamer514: //wamd
[22:33:48] [Client thread/INFO]: [CHAT] Herobrine: /enchant add
[22:33:48] [Client thread/INFO]: [CHAT] louiskerbler: /radar
[22:33:49] [Client thread/INFO]: [CHAT] HyperionGaming: /whois herobrine
[22:33:50] [Client thread/INFO]: [CHAT] Longy_2013: /potion add jump 1000000 10 longy_2013
[22:33:51] [Client thread/INFO]: [CHAT] VideoGameSmash12 - Changing everyone's gamemode to creative
[22:33:51] [Client thread/INFO]: [CHAT] kittykatgamer514: //wand
[22:33:52] [Client thread/INFO]: [CHAT] atrijo1017: /speed 10
[22:33:53] [Client thread/INFO]: [CHAT] kawaiidfroggirl: /warp mall
[22:33:56] [Client thread/INFO]: [CHAT] Longy_2013: /tpa saxonlevi03
[22:33:57] [Client thread/INFO]: [CHAT] kawaiidfroggirl: /warp
[22:33:58] [Client thread/INFO]: [CHAT] <DJciRiOsdd> ??? ?????? ????? ???????
[22:33:59] [Client thread/INFO]: [CHAT] [Server:VideoGameSmash12] There...
[22:33:59] [Client thread/INFO]: [CHAT] <kill> ???? ????????? ?????+
[22:34:00] [Client thread/INFO]: [CHAT] Saxonlevi03: /tpaccept
[22:34:00] [Client thread/INFO]: [CHAT] Herobrine: /enchant addall
[22:34:01] [Client thread/INFO]: [CHAT] Saxonlevi03: /tpaccept
[22:34:02] [Client thread/INFO]: [CHAT] <louiskerbler> hey DJciRiOsdd just splashed me invis!!!!!
[22:34:02] [Client thread/INFO]: [CHAT] Herobrine: /enchant addall
[22:34:02] [Client thread/INFO]: [CHAT] <atrijo1017> everyone do /speed 10 and walk
[22:34:03] [Client thread/INFO]: [CHAT] Herobrine: /enchant addall
[22:34:04] [Client thread/INFO]: [CHAT] kawaiidfroggirl: /warp aidanhouse
[22:34:04] [Client thread/INFO]: [CHAT] Herobrine: /enchant addall
[22:34:05] [Client thread/INFO]: [CHAT] Herobrine: /enchant addall
[22:34:09] [Client thread/INFO]: [CHAT] Miner: /help 7
[22:34:09] [Client thread/INFO]: [CHAT] Halgent: /
[22:34:10] [Client thread/INFO]: [CHAT] kawaiidfroggirl: /warp adainhouse
[22:34:11] [Client thread/INFO]: [CHAT] jackmath: /speed 10
[22:34:11] [Client thread/INFO]: [CHAT] Shadowbeats12: /speed 10
[22:34:11] [Client thread/INFO]: [CHAT] nikobot: /speed 10
[22:34:12] [Client thread/INFO]: [CHAT] Halgent: /speed 10
[22:34:13] [Client thread/INFO]: [CHAT] louiskerbler: /potion clear
[22:34:15] [Client thread/INFO]: [CHAT] [ADMIN] VideoGameSmash12 [SA]: emf means English MotherFucker
[22:34:16] [Client thread/INFO]: [CHAT] <polp86> ???? ?????? ??????? +
[22:34:18] [Client thread/INFO]: [CHAT] Longy_2013: //cyl wood 5
[22:34:20] [Client thread/INFO]: [CHAT] HyperionGaming: /jail kill
[22:34:20] [Client thread/INFO]: [CHAT] VideoGameSmash12 - Freezing all players
[22:34:20] [Client thread/INFO]: [CHAT] Players are now frozen.
[22:34:20] [Client thread/INFO]: [CHAT] Herobrine: /speed 10 adn walk
[22:34:21] [Client thread/INFO]: [CHAT] jackmath: /speed 1
[22:34:21] [Client thread/INFO]: [CHAT] kawaiidfroggirl: /warp abcfarm
[22:34:22] [Client thread/INFO]: [CHAT] nikobot: /speed 100
[22:34:23] [Client thread/INFO]: [CHAT] <[Mojang] Dinnerbone> ?
[22:34:24] [Client thread/INFO]: [CHAT] VideoGameSmash12 - Cleared all potion effects from all players
[22:34:24] [Client thread/INFO]: [CHAT] <kill> +
[22:34:26] [Client thread/INFO]: [CHAT] Shadowbeats12: /effect shadowbeats12 1 1000000 255
[22:34:26] [Client thread/INFO]: [CHAT] <DJciRiOsdd> ???
[22:34:27] [Client thread/INFO]: [CHAT] atrijo1017: /potion effect strenght 10
[22:34:27] [Client thread/INFO]: [CHAT] VideoGameSmash12 - Cleared all potion effects from all players
[22:34:29] [Client thread/INFO]: [CHAT] Dinnerbone, Diraman31
[22:34:29] [Client thread/INFO]: [CHAT] <GeneralScrappy> potion thrower
[22:34:30] [Client thread/INFO]: [CHAT] Dinnerbone has been a naughty, naughty boy.
[22:34:30] [Client thread/INFO]: [CHAT] Dinnerbone died
[22:34:31] [Client thread/INFO]: [CHAT] < DerpyKawaiid> im frozen..
[22:34:31] [Client thread/INFO]: [CHAT] nikobot: /speed 10
[22:34:31] [Client thread/INFO]: [CHAT] Miner: /help 8
[22:34:34] [Client thread/INFO]: [CHAT] < DerpyKawaiid> I was
[22:34:35] [Client thread/INFO]: [CHAT] [Server:VideoGameSmash12] Wrong person...
[22:34:35] [Client thread/INFO]: [CHAT] atrijo1017: /freeze
[22:34:35] [Client thread/INFO]: [CHAT] < DerpyKawaiid> lol
[22:34:36] [Client thread/INFO]: [CHAT] nikobot: /remove
[22:34:38] [Client thread/INFO]: [CHAT] Dinnerbone, Diraman31, DJciRiOsdd
[22:34:38] [Client thread/INFO]: [CHAT] Dinnerbone, Diraman31, DJciRiOsdd
[22:34:39] [Client thread/INFO]: [CHAT] Diraman31 has been a naughty, naughty boy.
[22:34:39] [Client thread/INFO]: [CHAT] Diraman31 died
[22:34:39] [Client thread/INFO]: [CHAT] Herobrine: /
[22:34:41] [Client thread/INFO]: [CHAT] VideoGameSmash12 - Unfreezing all players
[22:34:41] [Client thread/INFO]: [CHAT] Players are now free to move.
[22:34:41] [Client thread/INFO]: [CHAT] [ADMIN] XxNicozillaxX [SA]: gtg
[22:34:43] [Client thread/INFO]: [CHAT] [ADMIN] XxNicozillaxX [SA]: bai!
[22:34:43] [Client thread/INFO]: [CHAT] <[Mojang] Dinnerbone> ...
[22:34:43] [Client thread/INFO]: [CHAT] Herobrine: /speed 10 adn walk
[22:34:43] [Client thread/INFO]: [CHAT] Amar2468: //set 0
[22:34:43] [Client thread/INFO]: [CHAT] nikobot: /speed 5
[22:34:44] [Client thread/INFO]: [CHAT] XxNicozillaxX left the game.
[22:34:46] [Client thread/INFO]: [CHAT] [ADMIN] CraftedRS [SA]: Bi
[22:34:48] [Client thread/INFO]: [CHAT] [Server:VideoGameSmash12] There we go, no spamming potions!
[22:34:48] [Client thread/INFO]: [CHAT] atrijo1017: /freeze
[22:34:51] [Client thread/INFO]: [CHAT] Dinnerbone: /creative
[22:34:52] [Client thread/INFO]: [CHAT] < Coolguy76> why an i frozen?
[22:34:53] [Client thread/INFO]: [CHAT] Amar2468: /warp sex
[22:34:55] [Client thread/INFO]: [CHAT] Longy_2013: /potion add jump 1000000 10 longy_2013
[22:34:56] [Client thread/INFO]: [CHAT] Miner: /help 9
[22:34:57] [Client thread/INFO]: [CHAT] Herobrine: /more
[22:34:58] [Client thread/INFO]: [CHAT] Longy_2013: /potion add speed 1000000 100 longy_2013
[22:34:59] [Client thread/INFO]: [CHAT] Herobrine: /more
[22:35:00] [Client thread/INFO]: [CHAT] Herobrine: /more
[22:35:01] [Client thread/INFO]: [CHAT] Herobrine: /more
[22:35:02] [Client thread/INFO]: [CHAT] Herobrine: /more
[22:35:02] [Client thread/INFO]: [CHAT] <louiskerbler> DJciRiOsdd is also spaming invis potions
[22:35:04] [Client thread/INFO]: [CHAT] Amar2468: /speed 10
[22:35:04] [Client thread/INFO]: [CHAT] Dinnerbone was slain by Lololowka
[22:35:04] [Client thread/INFO]: [CHAT] VideoGameSmash12 - Cleared all potion effects from all players
[22:35:04] [Client thread/INFO]: [CHAT] atrijo1017: /spawnmob wither
[22:35:07] [Client thread/INFO]: [CHAT] Flamekill17: /tpo dinnerbone
[22:35:07] [Client thread/INFO]: [CHAT] kawaiidfroggirl: /warp aidanhouse
[22:35:08] [Client thread/INFO]: [CHAT] magmon joined the game.
[22:35:08] [Client thread/INFO]: [CHAT] Welcome magmon to the server!
[22:35:09] [Client thread/INFO]: [CHAT] Teleporting...
[22:35:09] [Client thread/INFO]: [CHAT] kawaiidfroggirl: /warp
[22:35:10] [Client thread/INFO]: [CHAT] <polp86> herobrine
[22:35:12] [Client thread/INFO]: [CHAT] Dinnerbone was slain by Lololowka
[22:35:12] [Client thread/INFO]: [CHAT] louiskerbler: /op magmon
[22:35:12] [Client thread/INFO]: [CHAT] louiskerbler - Opping magmon
[22:35:13] [Client thread/INFO]: [CHAT] kawaiidfroggirl: /warp adainhouse
[22:35:14] [Client thread/INFO]: [CHAT] Diraman31: /back
[22:35:15] [Client thread/INFO]: [CHAT] Shadowbeats12: /potion add speed 255 10
[22:35:16] [Client thread/INFO]: [CHAT] Longy_2013: //cyl gold 50
[22:35:17] [Client thread/INFO]: [CHAT] Miner: /help 10
[22:35:17] [Client thread/INFO]: [CHAT] Amar2468: //set 0
[22:35:19] [Client thread/INFO]: [CHAT] Lololowka: //\
[22:35:20] [Client thread/INFO]: [CHAT] kawaiidfroggirl: /warp
[22:35:20] [Client thread/INFO]: [CHAT] Flamekill17: /speed 7
[22:35:21] [Client thread/INFO]: [CHAT] Teleporting...
[22:35:22] [Client thread/INFO]: [CHAT] kawaiidfroggirl: /warp admin
[22:35:25] [Client thread/INFO]: [CHAT] <nikobot> dinner bone go on the ip 192.95.30.103:30072 ma friend owns it
[22:35:25] [Client thread/INFO]: [CHAT] HyperionGaming: /tpo louiskerbler
[22:35:25] [Client thread/INFO]: [CHAT] <polp86> what armor you have
[22:35:25] [Client thread/INFO]: [CHAT] Lololowka has been a naughty, naughty boy.
[22:35:25] [Client thread/INFO]: [CHAT] Lololowka died
[22:35:26] [Client thread/INFO]: [CHAT] magmon: /reg 1234 1234 123456
[22:35:26] [Client thread/INFO]: [CHAT] <nikobot> plz
[22:35:29] [Client thread/INFO]: [CHAT] Amar2468: /speed 10
[22:35:29] [Client thread/INFO]: [CHAT] Herobrine has been a naughty, naughty boy.
[22:35:29] [Client thread/INFO]: [CHAT] Herobrine died
[22:35:29] [Client thread/INFO]: [CHAT] DJciRiOsdd left the game.
[22:35:31] [Client thread/INFO]: [CHAT] kawaiidfroggirl: /waro adamredwolf
[22:35:31] [Client thread/INFO]: [CHAT] Longy_2013: /potion add speed 1000000 100 longy_2013
[22:35:32] [Client thread/INFO]: [CHAT] Saxonlevi03: /survival
[22:35:34] [Client thread/INFO]: [CHAT] Longy_2013: /potion add jump 1000000 10 longy_2013
[22:35:36] [Client thread/INFO]: [CHAT] Herobrine_1231 is placing blocks too fast!
[22:35:36] [Client thread/INFO]: [CHAT] Herobrine_1231 has been banned for 1 minute.
[22:35:36] [Client thread/INFO]: [CHAT] Herobrine_1231 left the game.
[22:35:36] [Client thread/INFO]: [CHAT] kawaiidfroggirl: /warp adamredwolf
[22:35:39] [Client thread/INFO]: [CHAT] <[Mojang] Dinnerbone> can u op meh now?
[22:35:40] [Client thread/INFO]: [CHAT] Herobrine: /creative
[22:35:40] [Client thread/INFO]: [CHAT] Longy_2013: /survival
[22:35:41] [Client thread/INFO]: [CHAT] Saxonlevi03: /creative
[22:35:45] [Client thread/INFO]: [CHAT] <Herobrine> gfdhjfj
[22:35:46] [Client thread/INFO]: [CHAT] Miner: /tree
[22:35:47] [Client thread/INFO]: [CHAT] [Server:VideoGameSmash12] You two are on double strike
[22:35:48] [Client thread/INFO]: [CHAT] nikobot: /op dinnerbone
[22:35:48] [Client thread/INFO]: [CHAT] nikobot - Opping Dinnerbone
[22:35:49] [Client thread/INFO]: [CHAT] Lololowka hit the ground too hard
[22:35:49] [Client thread/INFO]: [CHAT] Saxonlevi03: /survival
[22:35:51] [Client thread/INFO]: [CHAT] kawaiidfroggirl: /op
[22:35:52] [Client thread/INFO]: [CHAT] [ADMIN] VideoGameSmash12 [SA]: For the same reason!
[22:35:53] [Client thread/INFO]: [CHAT] Shadowbeats12: /potion add speed 255 1000000
[22:35:54] [Client thread/INFO]: [CHAT] kawaiidfroggirl: /op
[22:35:55] [Client thread/INFO]: [CHAT] Longy_2013: /i golden apple
[22:35:55] [Client thread/INFO]: [CHAT] Dinnerbone: /creative
[22:35:56] [Client thread/INFO]: [CHAT] kawaiidfroggirl: /warp
[22:35:59] [Client thread/INFO]: [CHAT] Killed 1 mobs.
[22:35:59] [Client thread/INFO]: [CHAT] <Herobrine> pls mi opping
[22:36:03] [Client thread/INFO]: [CHAT] <Lololowka> gamemode 0
[22:36:03] [Client thread/INFO]: [CHAT] Longy_2013: /i golden granny
[22:36:05] [Client thread/INFO]: [CHAT] kawaiidfroggirl: /warp adfdf
[22:36:08] [Client thread/INFO]: [CHAT] nikobot: /op herobrine
[22:36:08] [Client thread/INFO]: [CHAT] nikobot - Opping Herobrine
[22:36:09] [Client thread/INFO]: [CHAT] <[Buildest] IBuildGood> who wants amazing potion?
[22:36:09] [Client thread/INFO]: [CHAT] VideoGameSmash12 - Changing everyone's gamemode to creative
[22:36:11] [Client thread/INFO]: [CHAT] Amar2468: /plugins
[22:36:11] [Client thread/INFO]: [CHAT] Miner: /help 11
[22:36:13] [Client thread/INFO]: [CHAT] atrijo1017: /spawnmob horse
[22:36:13] [Client thread/INFO]: [CHAT] Flamekill17: /speed 1
[22:36:15] [Client thread/INFO]: [CHAT] Diraman31: /creative
[22:36:17] [Client thread/INFO]: [CHAT] Herobrine: /creative
[22:36:18] [Client thread/INFO]: [CHAT] HyperionGaming: /up 1
[22:36:18] [Client thread/INFO]: [CHAT] HyperionGaming: /up 1
[22:36:19] [Client thread/INFO]: [CHAT] polp86: /speed 10
[22:36:19] [Client thread/INFO]: [CHAT] Amar2468: /list
[22:36:22] [Client thread/INFO]: [CHAT] <nikobot> dinner bone go on the ip 192.95.30.103:30072 ma friend owns it
[22:36:23] [Client thread/INFO]: [CHAT] Longy_2013: /survival
[22:36:26] [Client thread/INFO]: [CHAT] HyperionGaming: //cut
[22:36:26] [Client thread/INFO]: [CHAT] Saxonlevi03: /survival
[22:36:26] [Client thread/INFO]: [CHAT] kawaiidfroggirl: /realname ibuildgood
[22:36:27] [Client thread/INFO]: [CHAT] Flamekill17: /speed 1
[22:36:28] [Client thread/INFO]: [CHAT] <nikobot> plz
[22:36:29] [Client thread/INFO]: [CHAT] Ivan_Bugreev: //set 0
[22:36:29] [Client thread/INFO]: [CHAT] Herobrine: /enchant addall
[22:36:31] [Client thread/INFO]: [CHAT] kawaiidfroggirl: /tp shadowbeats12
[22:36:32] [Client thread/INFO]: [CHAT] HyperionGaming: //undo
[22:36:33] [Client thread/INFO]: [CHAT] Amar2468: /speed 10
[22:36:34] [Client thread/INFO]: [CHAT] Miner: /world
[22:36:36] [Client thread/INFO]: [CHAT] Amar2468: /speed 1
[22:36:37] [Client thread/INFO]: [CHAT] HyperionGaming has been a VERY naughty, naughty boy.
[22:36:37] [Client thread/INFO]: [CHAT] Banning: HyperionGaming, IP: 121.215.*.*.
[22:36:37] [Client thread/INFO]: [CHAT] HyperionGaming left the game.
[22:36:38] [Client thread/INFO]: [CHAT] [Server:VideoGameSmash12] Dinnerbone is fake...
[22:36:42] [Client thread/INFO]: [CHAT] <[Mojang] Dinnerbone> ik =D
[22:36:46] [Client thread/INFO]: [CHAT] < DerpyKawaiid> Yeah its hacked client
[22:36:47] [Client thread/INFO]: [CHAT] Amar2468: /speed 10
[22:36:53] [Client thread/INFO]: [CHAT] [Server:VideoGameSmash12] He won't come on
[22:36:55] [Client thread/INFO]: [CHAT] <polp86> can you stop
[22:36:57] [Client thread/INFO]: [CHAT] Diraman31 left the game.
[22:36:58] [Client thread/INFO]: [CHAT] Ivan_Bugreev: //set 0
[22:37:01] [Client thread/INFO]: [CHAT] Amar2468: //wand
[22:37:02] [Client thread/INFO]: [CHAT] JMBlanco joined the game.
[22:37:02] [Client thread/INFO]: [CHAT] Welcome JMBlanco to the server!
[22:37:02] [Client thread/INFO]: [CHAT] atrijo1017: /help 9
[22:37:03] [Client thread/INFO]: [CHAT] <[Buildest] IBuildGood> how is Dinnerbone fake?
[22:37:05] [Client thread/INFO]: [CHAT] Saxonlevi03: /creative
[22:37:07] [Client thread/INFO]: [CHAT] <polp86> everybody knows
[22:37:08] [Client thread/INFO]: [CHAT] magmon: //wand
[22:37:12] [Client thread/INFO]: [CHAT] Amar2468: /up 10
[22:37:12] [Client thread/INFO]: [CHAT] Amar2468: /up 10
[22:37:12] [Client thread/INFO]: [CHAT] <nikobot> dinner bone go on the ip 192.95.30.103:30072 ma friend owns it
[22:37:14] [Client thread/INFO]: [CHAT] <nikobot> pla
[22:37:14] [Client thread/INFO]: [CHAT] kawaiidfroggirl: /w videogamesmash12 freeze and remove effects from potions someone is about to grief cause its invis
[22:37:14] [Client thread/INFO]: [CHAT] [ DerpyKawaiid -> me] freeze and remove effects from potions someone is about to grief cause its invis
[22:37:16] [Client thread/INFO]: [CHAT] Amar2468: //set cake
[22:37:17] [Client thread/INFO]: [CHAT] <nikobot> z
[22:37:18] [Client thread/INFO]: [CHAT] Joenicola joined the game.
[22:37:18] [Client thread/INFO]: [CHAT] Ivan_Bugreev: //set 0
[22:37:18] [Client thread/INFO]: [CHAT] <polp86> that dinnerbone fake
[22:37:21] [Client thread/INFO]: [CHAT] <[Buildest] IBuildGood> Dinnerbone is FAKE
[22:37:21] [Client thread/INFO]: [CHAT] Saxonlevi03: /survival
[22:37:26] [Client thread/INFO]: [CHAT] [ADMIN] Rcon [Console]: By the way, spawn killing is an immediate ban. (Also keep in mind I can't see what you're saying because ClanForge)
[22:37:26] [Client thread/INFO]: [CHAT] [Server:VideoGameSmash12] I don't know, maybe A CRACKED CLIENT
[22:37:27] [Client thread/INFO]: [CHAT] < CakeGriefer> hi
[22:37:31] [Client thread/INFO]: [CHAT] <[Buildest] IBuildGood> hes using hacked client!
[22:37:32] [Client thread/INFO]: [CHAT] Teleporting...
[22:37:32] [Client thread/INFO]: [CHAT] < DerpyKawaiid> Its hacked
[22:37:33] [Client thread/INFO]: [CHAT] Bodil40 joined the game.
[22:37:33] [Client thread/INFO]: [CHAT] Welcome Bodil40 to the server!
[22:37:33] [Client thread/INFO]: [CHAT] <AlexDoMC> hey
[22:37:34] [Client thread/INFO]: [CHAT] <nikobot> no go /realname Dinnerbone trust meh
[22:37:34] [Client thread/INFO]: [CHAT] magmon: //set 1
[22:37:36] [Client thread/INFO]: [CHAT] <polp86> you dont tell us any new
[22:37:36] [Client thread/INFO]: [CHAT] < DerpyKawaiid> not craked xD
[22:37:37] [Client thread/INFO]: [CHAT] <AlexDoMC> CraftedRS
[22:37:40] [Client thread/INFO]: [CHAT] Bodil40: /v
[22:37:41] [Client thread/INFO]: [CHAT] clnursery joined the game.
[22:37:41] [Client thread/INFO]: [CHAT] Welcome clnursery to the server!
[22:37:41] [Client thread/INFO]: [CHAT] JMBlanco left the game.
[22:37:43] [Client thread/INFO]: [CHAT] rebecca1b joined the game.
[22:37:43] [Client thread/INFO]: [CHAT] Welcome rebecca1b to the server!
[22:37:44] [Client thread/INFO]: [CHAT] <AlexDoMC> Herobrine is griefing me
[22:37:45] [Client thread/INFO]: [CHAT] Flamekill17: /speed 7
[22:37:45] [Client thread/INFO]: [CHAT] [ADMIN] VideoGameSmash12 [SA]: What?
[22:37:47] [Client thread/INFO]: [CHAT] Miner left the game.
[22:37:48] [Client thread/INFO]: [CHAT] Amar2468: /speed 1
[22:37:49] [Client thread/INFO]: [CHAT] [ADMIN] VideoGameSmash12 [SA]: I couldn't her
[22:37:50] [Client thread/INFO]: [CHAT] atrijo1017: /survival
[22:37:51] [Client thread/INFO]: [CHAT] Halgent, Herobrine
[22:37:52] [Client thread/INFO]: [CHAT] Teleporting...
[22:37:53] [Client thread/INFO]: [CHAT] Amar2468: /speed 1
[22:37:53] [Client thread/INFO]: [CHAT] <[Buildest] IBuildGood> hes using a hacked client
[22:37:53] [Client thread/INFO]: [CHAT] MrPerson660 is a Super Admin
[22:37:53] [Client thread/INFO]: [CHAT] MrPerson660 joined the game.
[22:37:53] [Client thread/INFO]: [CHAT] Welcome MrPerson660 to the server!
[22:37:55] [Client thread/INFO]: [CHAT] kittykatgamer514: /realname dinnerbone
[22:37:56] [Client thread/INFO]: [CHAT] kawaiidfroggirl: /w videogamesmash12 idk where it went
[22:37:56] [Client thread/INFO]: [CHAT] [ DerpyKawaiid -> me] idk where it went
[22:37:58] [Client thread/INFO]: [CHAT] Teleporting...
[22:37:58] [Client thread/INFO]: [CHAT] Ivan_Bugreev: //set 57
[22:37:59] [Client thread/INFO]: [CHAT] polp86: /speed 20
[22:37:59] [Client thread/INFO]: [CHAT] <MrPerson660> Hello
[22:37:59] [Client thread/INFO]: [CHAT] Bodil40: /nick &4bodil40
[22:37:59] [Client thread/INFO]: [CHAT] <louiskerbler> hi MrPerson660
[22:38:00] [Client thread/INFO]: [CHAT] <AlexDoMC> he griefed me
[22:38:01] [Client thread/INFO]: [CHAT] Halgent, Herobrine
[22:38:02] [Client thread/INFO]: [CHAT] Halgent, Herobrine
[22:38:02] [Client thread/INFO]: [CHAT] VideoGameSmash12 - Rolling back player: Herobrine
[22:38:02] [Client thread/INFO]: [CHAT] Rolled back 150 edits for Herobrine.
[22:38:02] [Client thread/INFO]: [CHAT] If this rollback was a mistake, use /rollback undo Herobrine within 20 seconds to reverse the rollback.
[22:38:02] [Client thread/INFO]: [CHAT] Shadowbeats12: /d
[22:38:10] [Client thread/INFO]: [CHAT] VideoGameSmash12 - Reverting rollback for player: Herobrine
[22:38:10] [Client thread/INFO]: [CHAT] Reverted 150 edits for Herobrine.
[22:38:11] [Client thread/INFO]: [CHAT] atrijo1017: /creative
[22:38:11] [Client thread/INFO]: [CHAT] Lololowka left the game.
[22:38:13] [Client thread/INFO]: [CHAT] VideoGameSmash12 - Rolling back player: Herobrine
[22:38:13] [Client thread/INFO]: [CHAT] Rolled back 151 edits for Herobrine.
[22:38:13] [Client thread/INFO]: [CHAT] If this rollback was a mistake, use /rollback undo Herobrine within 20 seconds to reverse the rollback.
[22:38:14] [Client thread/INFO]: [CHAT] <magmon> hi groyz
[22:38:15] [Client thread/INFO]: [CHAT] Halgent, Herobrine
[22:38:15] [Client thread/INFO]: [CHAT] Amar2468: /up -2
[22:38:15] [Client thread/INFO]: [CHAT] Amar2468: /up -2
[22:38:16] [Client thread/INFO]: [CHAT] Halgent, Herobrine
[22:38:16] [Client thread/INFO]: [CHAT] Ivan_Bugreev: //set 57
[22:38:16] [Client thread/INFO]: [CHAT] <Flamekill17> or /dis Dinnerbone :)
[22:38:16] [Client thread/INFO]: [CHAT] Herobrine has been a VERY naughty, naughty boy.
[22:38:16] [Client thread/INFO]: [CHAT] Undo successful.
[22:38:16] [Client thread/INFO]: [CHAT] Undo successful.
[22:38:16] [Client thread/INFO]: [CHAT] Undo successful.
[22:38:16] [Client thread/INFO]: [CHAT] Undo successful.
[22:38:16] [Client thread/INFO]: [CHAT] Undo successful.
[22:38:16] [Client thread/INFO]: [CHAT] Undo successful.
[22:38:16] [Client thread/INFO]: [CHAT] Undo successful.
[22:38:16] [Client thread/INFO]: [CHAT] Undo successful.
[22:38:16] [Client thread/INFO]: [CHAT] Undo successful.
[22:38:16] [Client thread/INFO]: [CHAT] Undo successful.
[22:38:16] [Client thread/INFO]: [CHAT] Undo successful.
[22:38:16] [Client thread/INFO]: [CHAT] Undo successful.
[22:38:16] [Client thread/INFO]: [CHAT] Undo successful.
[22:38:16] [Client thread/INFO]: [CHAT] Undo successful.
[22:38:16] [Client thread/INFO]: [CHAT] Undo successful.
[22:38:16] [Client thread/INFO]: [CHAT] Banning: Herobrine, IP: 178.171.*.*.
[22:38:16] [Client thread/INFO]: [CHAT] Herobrine left the game.
[22:38:17] [Client thread/INFO]: [CHAT] Bodil40: //wand
[22:38:22] [Client thread/INFO]: [CHAT] [Server:VideoGameSmash12] Banned for griefing
[22:38:22] [Client thread/INFO]: [CHAT] <AlexDoMC> tthasnks
[22:38:23] [Client thread/INFO]: [CHAT] Amar2468: /up 2
[22:38:23] [Client thread/INFO]: [CHAT] Amar2468: /up 2
[22:38:24] [Client thread/INFO]: [CHAT] ItzBloop is a Super Telnet Admin
[22:38:24] [Client thread/INFO]: [CHAT] ItzBloop joined the game.
[22:38:25] [Client thread/INFO]: [CHAT] <AlexDoMC> thanks
[22:38:26] [Client thread/INFO]: [CHAT] <nikobot> plzplzpl dinnerbone 192.95.30.103:30072
[22:38:28] [Client thread/INFO]: [CHAT] Ivan_Bugreev: //set 57
[22:38:28] [Client thread/INFO]: [CHAT] < DerpyKawaiid> and herobrine is a hacked client too
[22:38:29] [Client thread/INFO]: [CHAT] <louiskerbler> hi ItzBloop
[22:38:33] [Client thread/INFO]: [CHAT] clnursery: /speed 10
[22:38:33] [Client thread/INFO]: [CHAT] <AlexDoMC> get away
[22:38:34] [Client thread/INFO]: [CHAT] <magmon> ??? ???? ??????
[22:38:35] [Client thread/INFO]: [CHAT] Bodil40: /money
[22:38:36] [Client thread/INFO]: [CHAT] chuckieboy joined the game.
[22:38:36] [Client thread/INFO]: [CHAT] Welcome chuckieboy to the server!
[22:38:36] [Client thread/INFO]: [CHAT] [ADMIN] VideoGameSmash12 [SA]: Hi bloop
[22:38:37] [Client thread/INFO]: [CHAT] < Coolguy76> Dinnerbone
[22:38:37] [Client thread/INFO]: [CHAT] Rcon - Muting nikobot
[22:38:37] [Client thread/INFO]: [CHAT] AlexDoMC: /tptoggle
[22:38:37] [Client thread/INFO]: [CHAT] kittykatgamer514: /dis dinnerbone
[22:38:37] [Client thread/INFO]: [CHAT] <clnursery> stop
[22:38:40] [Client thread/INFO]: [CHAT] AlexDoMC: /tptoggle
[22:38:41] [Client thread/INFO]: [CHAT] [Server:Rcon] stop spamming
[22:38:42] [Client thread/INFO]: [CHAT] Bodil40: /bank
[22:38:44] [Client thread/INFO]: [CHAT] Saxonlevi03 fell from a high place
[22:38:44] [Client thread/INFO]: [CHAT] < Coolguy76> is it really you
[22:38:46] [Client thread/INFO]: [CHAT] Ivan_Bugreev: //set 57
[22:38:48] [Client thread/INFO]: [CHAT] jackmath: /warp parkour
[22:38:48] [Client thread/INFO]: [CHAT] Rcon - Unmuting all players.
[22:38:50] [Client thread/INFO]: [CHAT] atrijo1017: /tp bodil40
[22:38:54] [Client thread/INFO]: [CHAT] Amar2468: //set glowstone
[22:38:55] [Client thread/INFO]: [CHAT] Joenicola left the game.
[22:38:56] [Client thread/INFO]: [CHAT] <AlexDoMC> waht ever
[22:38:57] [Client thread/INFO]: [CHAT] Lololowka joined the game.
[22:38:57] [Client thread/INFO]: [CHAT] Dinnerbone: /tptoggle
[22:38:58] [Client thread/INFO]: [CHAT] <VideoGameSmash12> Holy Mo- The fu?
[22:38:58] [Client thread/INFO]: [CHAT] <nikobot> pweese
[22:38:59] [Client thread/INFO]: [CHAT] <clnursery> polp86 is griefing
[22:39:01] [Client thread/INFO]: [CHAT] Saxonlevi03: /creative
[22:39:02] [Client thread/INFO]: [CHAT] atrijo1017: /d sheep
[22:39:03] [Client thread/INFO]: [CHAT] Teleporting...
[22:39:04] [Client thread/INFO]: [CHAT] atrijo1017: /d
[22:39:04] [Client thread/INFO]: [CHAT] Flamekill17: /speed 1
[22:39:05] [Client thread/INFO]: [CHAT] < CakeGriefer> potato
[22:39:06] [Client thread/INFO]: [CHAT] <polp86> what
[22:39:08] [Client thread/INFO]: [CHAT] atrijo1017: /disguise
[22:39:09] [Client thread/INFO]: [CHAT] VideoGameSmash12 - Rolling back player: polp86
[22:39:09] [Client thread/INFO]: [CHAT] Rolled back 12 edits for polp86.
[22:39:09] [Client thread/INFO]: [CHAT] If this rollback was a mistake, use /rollback undo polp86 within 20 seconds to reverse the rollback.
[22:39:12] [Client thread/INFO]: [CHAT] atrijo1017: /bal
[22:39:18] [Client thread/INFO]: [CHAT] < DerpyKawaiid> And a fake bodil40 too -_-
[22:39:21] [Client thread/INFO]: [CHAT] louiskerbler: /list
[22:39:27] [Client thread/INFO]: [CHAT] nikobot: /realname bodil40
[22:39:27] [Client thread/INFO]: [CHAT] clnursery has been a naughty, naughty boy.
[22:39:27] [Client thread/INFO]: [CHAT] clnursery died
[22:39:29] [Client thread/INFO]: [CHAT] Bodil40: /hat
[22:39:29] [Client thread/INFO]: [CHAT] kawaiidfroggirl: /realname bodil40
[22:39:30] [Client thread/INFO]: [CHAT] <polp86> what the stupid things you say
[22:39:34] [Client thread/INFO]: [CHAT] jackmath left the game.
[22:39:34] [Client thread/INFO]: [CHAT] Dinnerbone: /spawn
[22:39:34] [Client thread/INFO]: [CHAT] [Server:VideoGameSmash12] Smitten for false reporting
[22:39:36] [Client thread/INFO]: [CHAT] <clnursery> wtf
[22:39:37] [Client thread/INFO]: [CHAT] CraftedRS - Freezing all players
[22:39:42] [Client thread/INFO]: [CHAT] <AlexDoMC> Saxonlevi03 grief
[22:39:43] [Client thread/INFO]: [CHAT] Shadowbeats12: /give shadowbeats12 137 1
[22:39:43] [Client thread/INFO]: [CHAT] < DerpyKawaiid> aww frozeb
[22:39:45] [Client thread/INFO]: [CHAT] ItzBloop - Opping all players on the server
[22:39:45] [Client thread/INFO]: [CHAT] You are now op!
[22:39:47] [Client thread/INFO]: [CHAT] Louie_Toxic joined the game.
[22:39:47] [Client thread/INFO]: [CHAT] Welcome  Louie_Toxic to the server!
[22:39:47] [Client thread/INFO]: [CHAT] Teleporting...
[22:39:48] [Client thread/INFO]: [CHAT] Lololowka left the game.
[22:39:49] [Client thread/INFO]: [CHAT] CraftedRS - Cleared all potion effects from all players
[22:39:49] [Client thread/INFO]: [CHAT] Amar2468: /icu
[22:39:49] [Client thread/INFO]: [CHAT] <nikobot> bodal40 i real go /realname bodil40 it works
[22:39:52] [Client thread/INFO]: [CHAT] < DerpyKawaiid> frozen*
[22:39:55] [Client thread/INFO]: [CHAT] Longy_2013: /tpa saxonlevi03
[22:39:55] [Client thread/INFO]: [CHAT] Saxonlevi03, Shadowbeats12, shapoopoo1210
[22:39:56] [Client thread/INFO]: [CHAT] nikobot left the game.
[22:39:56] [Client thread/INFO]: [CHAT] VideoGameSmash12 - Rolling back player: Saxonlevi03
[22:39:56] [Client thread/INFO]: [CHAT] Rolled back 159 edits for Saxonlevi03.
[22:39:56] [Client thread/INFO]: [CHAT] If this rollback was a mistake, use /rollback undo Saxonlevi03 within 20 seconds to reverse the rollback.
[22:39:57] [Client thread/INFO]: [CHAT] Saxonlevi03: /tpa longy_2013
[22:39:59] [Client thread/INFO]: [CHAT] Saxonlevi03, Shadowbeats12, shapoopoo1210
[22:39:59] [Client thread/INFO]: [CHAT] Saxonlevi03 has been a VERY naughty, naughty boy.
[22:39:59] [Client thread/INFO]: [CHAT] Nothing left to undo.
[22:39:59] [Client thread/INFO]: [CHAT] Banning: Saxonlevi03, IP: 101.162.*.*.
[22:39:59] [Client thread/INFO]: [CHAT] Saxonlevi03 left the game.
[22:40:00] [Client thread/INFO]: [CHAT] kill left the game.
[22:40:01] [Client thread/INFO]: [CHAT] Amar2468: /hat
[22:40:03] [Client thread/INFO]: [CHAT] kittykatgamer514: /tp alexdomc
[22:40:04] [Client thread/INFO]: [CHAT] [Server:VideoGameSmash12] Banned for griefing
[22:40:06] [Client thread/INFO]: [CHAT] [ADMIN] CraftedRS [SA]: Damn you
[22:40:07] [Client thread/INFO]: [CHAT] < DerpyKawaiid> nikobot its a HACKED CLIENT
[22:40:13] [Client thread/INFO]: [CHAT] <[Mojang] Dinnerbone> =D
[22:40:13] [Client thread/INFO]: [CHAT] chuckieboy left the game.
[22:40:15] [Client thread/INFO]: [CHAT] magmon: /thor
[22:40:15] [Client thread/INFO]: [CHAT] Longy_2013 left the game.
[22:40:16] [Client thread/INFO]: [CHAT] [ADMIN] VideoGameSmash12 [SA]: What?
[22:40:17] [Client thread/INFO]: [CHAT] <polp86> we dont have potions effects
[22:40:18] [Client thread/INFO]: [CHAT] < DerpyKawaiid> unfreeze
[22:40:19] [Client thread/INFO]: [CHAT] <Flamekill17> guy they're not hacked clients they're a command it /disguise
[22:40:21] [Client thread/INFO]: [CHAT] <louiskerbler> why am i frozen
[22:40:22] [Client thread/INFO]: [CHAT] Timm6919 joined the game.
[22:40:22] [Client thread/INFO]: [CHAT] Welcome Timm6919 to the server!
[22:40:25] [Client thread/INFO]: [CHAT] magmon: /tp
[22:40:29] [Client thread/INFO]: [CHAT] ItzBloop - Opping all players on the server
[22:40:29] [Client thread/INFO]: [CHAT] You are now op!
[22:40:30] [Client thread/INFO]: [CHAT] < Coolguy76> yeah
[22:40:32] [Client thread/INFO]: [CHAT] clnursery: /time set 30000
[22:40:32] [Client thread/INFO]: [CHAT] clnursery: /toggledownfall
[22:40:32] [Client thread/INFO]: [CHAT] clnursery: /gamemode 1
[22:40:33] [Client thread/INFO]: [CHAT] clnursery: /gamemode 1
[22:40:33] [Client thread/INFO]: [CHAT] Crudface123: /realname bodil40
[22:40:34] [Client thread/INFO]: [CHAT] < Coolguy76> why
[22:40:34] [Client thread/INFO]: [CHAT] <[Mojang] Dinnerbone> therse no disguise craf...
[22:40:35] [Client thread/INFO]: [CHAT] <CraftedRS> thx alex
[22:40:35] [Client thread/INFO]: [CHAT] VideoGameSmash12 - Lifting all global and player freezes
[22:40:35] [Client thread/INFO]: [CHAT] atrijo1017: /unfreeze
[22:40:35] [Client thread/INFO]: [CHAT] < DerpyKawaiid> Flamekill17 disguise craft is not on
[22:40:36] [Client thread/INFO]: [CHAT] clnursery: /time set 42000
[22:40:36] [Client thread/INFO]: [CHAT] Ivan_Bugreev: /deop flamekill17
[22:40:38] [Client thread/INFO]: [CHAT] louiskerbler: /d
[22:40:39] [Client thread/INFO]: [CHAT] kawaiidfroggirl: /plugins
[22:40:43] [Client thread/INFO]: [CHAT] < DerpyKawaiid> do /plugins
[22:40:45] [Client thread/INFO]: [CHAT] Bodil40: /unlimited
[22:40:45] [Client thread/INFO]: [CHAT] clnursery: /ptime night
[22:40:47] [Client thread/INFO]: [CHAT] Timm6919: /register 70s80d46f 70s80d46f
[22:40:48] [Client thread/INFO]: [CHAT] <louiskerbler> whats disguisecraft
[22:40:49] [Client thread/INFO]: [CHAT] Dinnerbone: /plugins
[22:40:50] [Client thread/INFO]: [CHAT] Flamekill17: /plugins
[22:40:50] [Client thread/INFO]: [CHAT] louiskerbler: /plugins
[22:40:51] [Client thread/INFO]: [CHAT] Wilferwerda has been banned for 1 minute.
[22:40:51] [Client thread/INFO]: [CHAT] Wilferwerda left the game.
[22:40:51] [Client thread/INFO]: [CHAT] Wilferwerda was automatically kicked for using harmful commands.
[22:40:51] [Client thread/INFO]: [CHAT] Wilferwerda: /stop making it fuzzy
[22:40:52] [Client thread/INFO]: [CHAT] New_Age_Usher: /jump
[22:40:55] [Client thread/INFO]: [CHAT] magmon: /thor
[22:40:55] [Client thread/INFO]: [CHAT] shapoopoo1210: /plugins
[22:40:57] [Client thread/INFO]: [CHAT] ItzBloop - Setting everyone's Worldedit block modification limit to 500.
[22:40:57] [Client thread/INFO]: [CHAT] Unknown command. Type "/help" for help.
[22:40:58] [Client thread/INFO]: [CHAT] [Server:VideoGameSmash12] It's a plugion
[22:40:59] [Client thread/INFO]: [CHAT] ItzBloop - Setting everyone's Worldedit block modification limit to 500.
[22:40:59] [Client thread/INFO]: [CHAT] Unknown command. Type "/help" for help.
[22:40:59] [Client thread/INFO]: [CHAT] <Flamekill17> damn its not lol
[22:41:00] [Client thread/INFO]: [CHAT] magmon: /help
[22:41:02] [Client thread/INFO]: [CHAT] < DerpyKawaiid> the plugin that makes you disguise
[22:41:05] [Client thread/INFO]: [CHAT] luizfilipecm joined the game.
[22:41:05] [Client thread/INFO]: [CHAT] Welcome luizfilipecm to the server!
[22:41:07] [Client thread/INFO]: [CHAT] NoahCraftFTW joined the game.
[22:41:07] [Client thread/INFO]: [CHAT] Welcome  NoahDEMerome to the server!
[22:41:07] [Client thread/INFO]: [CHAT] [Server:VideoGameSmash12] We removed it from the server
[22:41:10] [Client thread/INFO]: [CHAT] <louiskerbler> what does that mean
[22:41:12] [Client thread/INFO]: [CHAT] <[Mojang] Dinnerbone> y D:
[22:41:12] [Client thread/INFO]: [CHAT] clnursery: /speed 10
[22:41:15] [Client thread/INFO]: [CHAT] < Neko_Bloopeh> The disguisecraft plugin was removed
[22:41:16] [Client thread/INFO]: [CHAT] [Server:VideoGameSmash12] Due to the damn griefers
[22:41:17] [Client thread/INFO]: [CHAT] <AlexDoMC> wow sweet CraftedRS
[22:41:18] [Client thread/INFO]: [CHAT] < Neko_Bloopeh> It's being update
[22:41:19] [Client thread/INFO]: [CHAT] < DerpyKawaiid> people Grief
[22:41:24] [Client thread/INFO]: [CHAT] < DerpyKawaiid> but
[22:41:25] [Client thread/INFO]: [CHAT] <Flamekill17> why was it removed
[22:41:26] [Client thread/INFO]: [CHAT] Rcava96 joined the game.
[22:41:26] [Client thread/INFO]: [CHAT] Welcome Rcava96 to the server!
[22:41:27] [Client thread/INFO]: [CHAT] <CraftedRS> Thx
[22:41:27] [Client thread/INFO]: [CHAT] <louiskerbler> ok but what is it
[22:41:31] [Client thread/INFO]: [CHAT] Bodil40: /flip
[22:41:34] [Client thread/INFO]: [CHAT] magmon: /help
[22:41:36] [Client thread/INFO]: [CHAT] muhammad joined the game.
[22:41:36] [Client thread/INFO]: [CHAT] Welcome muhammad to the server!
[22:41:39] [Client thread/INFO]: [CHAT] Bajheera joined the game.
[22:41:39] [Client thread/INFO]: [CHAT] Welcome Bajheera to the server!
[22:41:40] [Client thread/INFO]: [CHAT] Flamekill17: /speed 7
[22:41:42] [Client thread/INFO]: [CHAT] CraftedRS - Freezing all players
[22:41:44] [Client thread/INFO]: [CHAT] kittykatgamer514: /pawn
[22:41:46] [Client thread/INFO]: [CHAT] luizfilipecm has been a VERY naughty, naughty boy.
[22:41:46] [Client thread/INFO]: [CHAT] Banning: luizfilipecm, IP: 88.216.*.*.
[22:41:46] [Client thread/INFO]: [CHAT] luizfilipecm left the game.
[22:41:47] [Client thread/INFO]: [CHAT] magmon: /insult
[22:41:48] [Client thread/INFO]: [CHAT] [Server:VideoGameSmash12] It's always been used for griefing
[22:41:48] [Client thread/INFO]: [CHAT] <[Mojang] Dinnerbone> again?...
[22:41:48] [Client thread/INFO]: [CHAT] Mnkees left the game.
[22:41:50] [Client thread/INFO]: [CHAT] ItzBloop - Lifting all global and player freezes
[22:41:52] [Client thread/INFO]: [CHAT] atrijo1017: /lift freeze
[22:41:52] [Client thread/INFO]: [CHAT] ashgirl991 joined the game.
[22:41:52] [Client thread/INFO]: [CHAT] Welcome ashgirl991 to the server!
[22:41:52] [Client thread/INFO]: [CHAT] Mnkees joined the game.
[22:41:55] [Client thread/INFO]: [CHAT] Flamekill17: /tpo dinnerbone
[22:41:56] [Client thread/INFO]: [CHAT] ItzBloop - Opping all players on the server
[22:41:56] [Client thread/INFO]: [CHAT] You are now op!
[22:41:57] [Client thread/INFO]: [CHAT] <AlexDoMC> griefers
[22:41:57] [Client thread/INFO]: [CHAT] kawaiidfroggirl: /me &4 disguise craft was removed cause griefers disguised while they where griefing
[22:41:57] [Client thread/INFO]: [CHAT] *  DerpyKawaiid  Disguise craft was removed cause griefers disguised while they where griefing
[22:41:58] [Client thread/INFO]: [CHAT] <louiskerbler> but can you tell me what it does
[22:41:58] [Client thread/INFO]: [CHAT] kittykatgamer514: /spawn
[22:41:59] [Client thread/INFO]: [CHAT] NoahCraftFTW: /tree
[22:42:00] [Client thread/INFO]: [CHAT] < Louie_Toxic> op
[22:42:07] [Client thread/INFO]: [CHAT] < Louie_Toxic> ..wannd
[22:42:09] [Client thread/INFO]: [CHAT] atrijo1017: /insult
[22:42:13] [Client thread/INFO]: [CHAT] ashgirl991: //wand
[22:42:13] [Client thread/INFO]: [CHAT] Louie_Toxic: //wand
[22:42:16] [Client thread/INFO]: [CHAT] polp86: //wand
[22:42:18] [Client thread/INFO]: [CHAT] [ADMIN] CraftedRS [SA]: My master Piece
[22:42:20] [Client thread/INFO]: [CHAT] <Flamekill17> what does louiskerbler
[22:42:21] [Client thread/INFO]: [CHAT] ItzBloop - Opping all players on the server
[22:42:21] [Client thread/INFO]: [CHAT] You are now op!
[22:42:23] [Client thread/INFO]: [CHAT] Rcava96: /tell dinnerbone hi
[22:42:23] [Client thread/INFO]: [CHAT] ItzBloop - Purging all player data
[22:42:24] [Client thread/INFO]: [CHAT] NoahCraftFTW: /tree :d
[22:42:24] [Client thread/INFO]: [CHAT] Amar2468: /giva amar2468 51
[22:42:25] [Client thread/INFO]: [CHAT] Ivan_Bugreev: //set 9
[22:42:25] [Client thread/INFO]: [CHAT] Ivan_Bugreev used a forbidden WorldEdit block type: 9
[22:42:28] [Client thread/INFO]: [CHAT] Bodil40: /speed 10
[22:42:29] [Client thread/INFO]: [CHAT] <louiskerbler> disguisecraft
[22:42:30] [Client thread/INFO]: [CHAT] Ivan_Bugreev: //set 11
[22:42:30] [Client thread/INFO]: [CHAT] Palunka joined the game.
[22:42:30] [Client thread/INFO]: [CHAT] Welcome Palunka to the server!
[22:42:30] [Client thread/INFO]: [CHAT] Louie_Toxic: //cut
[22:42:31] [Client thread/INFO]: [CHAT] <ashgirl991> lol
[22:42:31] [Client thread/INFO]: [CHAT] Bodil40: /speed 1
[22:42:32] [Client thread/INFO]: [CHAT] Amar2468: /give amar2468 51
[22:42:33] [Client thread/INFO]: [CHAT] magmon: /help
[22:42:34] [Client thread/INFO]: [CHAT] < NoahDEMerome> Do /Tree :D
[22:42:34] [Client thread/INFO]: [CHAT] <louiskerbler> what does it do
[22:42:34] [Client thread/INFO]: [CHAT] Shadowbeats12 left the game.
[22:42:35] [Client thread/INFO]: [CHAT] cmcorb left the game.
[22:42:35] [Client thread/INFO]: [CHAT] ashgirl991: /up 1
[22:42:35] [Client thread/INFO]: [CHAT] Louie_Toxic has been a VERY naughty, naughty boy.
[22:42:35] [Client thread/INFO]: [CHAT] Banning: Louie_Toxic, IP: 112.203.*.*.
[22:42:35] [Client thread/INFO]: [CHAT] Louie_Toxic left the game.
[22:42:37] [Client thread/INFO]: [CHAT] Ivan_Bugreev: //set 17
[22:42:38] [Client thread/INFO]: [CHAT] Halgent: /tree
[22:42:39] [Client thread/INFO]: [CHAT] Amar2468: /hat
[22:42:39] [Client thread/INFO]: [CHAT] [Server:ItzBloop] banned for grief.
[22:42:39] [Client thread/INFO]: [CHAT] <magmon> help
[22:42:40] [Client thread/INFO]: [CHAT] Bodil40: /tree
[22:42:41] [Client thread/INFO]: [CHAT] Dinnerbone: /up 3
[22:42:42] [Client thread/INFO]: [CHAT] cmcorb joined the game.
[22:42:43] [Client thread/INFO]: [CHAT] Ivan_Bugreev: //set 219
[22:42:43] [Client thread/INFO]: [CHAT] clnursery: /ptime day
[22:42:47] [Client thread/INFO]: [CHAT] Rcava96: /tree
[22:42:47] [Client thread/INFO]: [CHAT] magmon: /help 2
[22:42:47] [Client thread/INFO]: [CHAT] <Flamekill17> it diguises people into other players and mobs
[22:42:51] [Client thread/INFO]: [CHAT] ashgirl991: /pt lightning
[22:42:54] [Client thread/INFO]: [CHAT] < Neko_Bloopeh> disguisecraft was removed.
[22:42:55] [Client thread/INFO]: [CHAT] <louiskerbler> oh cool
[22:42:58] [Client thread/INFO]: [CHAT] clnursery: /ptime noon
[22:42:59] [Client thread/INFO]: [CHAT] <AlexDoMC> nice
[22:43:00] [Client thread/INFO]: [CHAT] RobinGall2910 joined the game.
[22:43:00] [Client thread/INFO]: [CHAT] Welcome RobinGall2910 to the server!
[22:43:01] [Client thread/INFO]: [CHAT] Bodil40: /tree
[22:43:03] [Client thread/INFO]: [CHAT] < DerpyKawaiid> only admins can disguise as players
[22:43:04] [Client thread/INFO]: [CHAT] <louiskerbler> yeah i can tell
[22:43:04] [Client thread/INFO]: [CHAT] <AlexDoMC> do this
[22:43:05] [Client thread/INFO]: [CHAT] kittykatgamer514 left the game.
[22:43:06] [Client thread/INFO]: [CHAT] <Flamekill17> yup
[22:43:08] [Client thread/INFO]: [CHAT] 101paradox101 joined the game.
[22:43:08] [Client thread/INFO]: [CHAT] Welcome  SuperSayian to the server!
[22:43:08] [Client thread/INFO]: [CHAT] magmon: /help 3
[22:43:09] [Client thread/INFO]: [CHAT] SharpnessZ joined the game.
[22:43:09] [Client thread/INFO]: [CHAT] Welcome SharpnessZ to the server!
[22:43:09] [Client thread/INFO]: [CHAT] [Server:VideoGameSmash12] There is only 1 command that still exists from it. But it's now useless.
[22:43:09] [Client thread/INFO]: [CHAT] Bodil40 left the game.
[22:43:11] [Client thread/INFO]: [CHAT] Teleporting to top.
[22:43:11] [Client thread/INFO]: [CHAT] ashgirl991: /ban flamekill17
[22:43:12] [Client thread/INFO]: [CHAT] MisicQeen1234 joined the game.
[22:43:12] [Client thread/INFO]: [CHAT] Welcome MisicQeen1234 to the server!
[22:43:13] [Client thread/INFO]: [CHAT] atrijo1017: /speed 3
[22:43:17] [Client thread/INFO]: [CHAT] < DerpyKawaiid> what is it?
[22:43:17] [Client thread/INFO]: [CHAT] <[Mojang] Dinnerbone> wut?
[22:43:23] [Client thread/INFO]: [CHAT] <louiskerbler> with ten people saying it gets me the point
[22:43:23] [Client thread/INFO]: [CHAT] ashgirl991: /up 1
[22:43:23] [Client thread/INFO]: [CHAT] magmon: /summon giant
[22:43:23] [Client thread/INFO]: [CHAT] [magmon: Object successfully summoned]
[22:43:24] [Client thread/INFO]: [CHAT] [Server:VideoGameSmash12] It's an admin command
[22:43:25] [Client thread/INFO]: [CHAT] [ADMIN] CraftedRS [SA]: Thanks Alex
[22:43:25] [Client thread/INFO]: [CHAT] ashgirl991: //wand
[22:43:29] [Client thread/INFO]: [CHAT] Dinnerbone: /undis
[22:43:30] [Client thread/INFO]: [CHAT] <Rcava96> DINNER BONE!!!!!!!!!
[22:43:35] [Client thread/INFO]: [CHAT] < Neko_Bloopeh> bodil
[22:43:36] [Client thread/INFO]: [CHAT] ashgirl991: /up
[22:43:37] [Client thread/INFO]: [CHAT] RobinGall2910: /list
[22:43:38] [Client thread/INFO]: [CHAT] louiskerbler: /summon villager
[22:43:38] [Client thread/INFO]: [CHAT] [louiskerbler: Object successfully summoned]
[22:43:38] [Client thread/INFO]: [CHAT] ashgirl991: /up 1
[22:43:39] [Client thread/INFO]: [CHAT] ZZTheArchitect23: /tpa videogamesmash12
[22:43:39] [Client thread/INFO]: [CHAT]  Coolguy76 has requested to teleport to you.
[22:43:39] [Client thread/INFO]: [CHAT] To teleport, type /tpaccept.
[22:43:39] [Client thread/INFO]: [CHAT] To deny this request, type /tpdeny.
[22:43:40] [Client thread/INFO]: [CHAT] Amar2468: /hat
[22:43:42] [Client thread/INFO]: [CHAT] < Neko_Bloopeh> oh wait he left -_-
[22:43:43] [Client thread/INFO]: [CHAT] ZZTheArchitect23: /tp videogamesmash12
[22:43:43] [Client thread/INFO]: [CHAT] Flamekill17: /tpo bodil
[22:43:44] [Client thread/INFO]: [CHAT] ashgirl991: //set air
[22:43:45] [Client thread/INFO]: [CHAT] Ivan_Bugreev: //set 219
[22:43:46] [Client thread/INFO]: [CHAT] clnursery: /summon giant
[22:43:46] [Client thread/INFO]: [CHAT] [clnursery: Unable to summon object]
[22:43:47] [Client thread/INFO]: [CHAT] Error: Player not found.
[22:43:47] [Client thread/INFO]: [CHAT] polp86: /spawn
[22:43:50] [Client thread/INFO]: [CHAT] New_Age_Usher: /thank you
[22:43:50] [Client thread/INFO]: [CHAT] Teleport request denied.
[22:43:50] [Client thread/INFO]: [CHAT] Amar2468: /hat
[22:43:51] [Client thread/INFO]: [CHAT] < Neko_Bloopeh> he started griefing then left
[22:43:51] [Client thread/INFO]: [CHAT] Ivan_Bugreev: //set 57
[22:43:51] [Client thread/INFO]: [CHAT] < DerpyKawaiid> I cant break blocks here
[22:43:55] [Client thread/INFO]: [CHAT] Flamekill17: //wand
[22:43:58] [Client thread/INFO]: [CHAT] < NoahDEMerome> Lol Its The Hanging Dinner Bone :D
[22:43:59] [Client thread/INFO]: [CHAT] <[Mojang] Dinnerbone> its spawn...
[22:44:00] [Client thread/INFO]: [CHAT] polp86: /speed 1
[22:44:01] [Client thread/INFO]: [CHAT] Ivan_Bugreev: /op ivan_bugreev
[22:44:02] [Client thread/INFO]: [CHAT] < DerpyKawaiid> nope
[22:44:03] [Client thread/INFO]: [CHAT] Amar2468: /hat
[22:44:05] [Client thread/INFO]: [CHAT] < DerpyKawaiid> im far
[22:44:08] [Client thread/INFO]: Connecting to 64.34.165.5, 28965
[22:44:08] [Client thread/INFO]: [CHAT] VideoGameSmash12 is a Super Admin
[22:44:08] [Client thread/INFO]: [CHAT] VideoGameSmash12 joined the game.
[22:44:08] [Client thread/INFO]: [CHAT] Type /help for a list of commands.
[22:44:08] [Client thread/INFO]: [CHAT] Save your builds with World Edit or lose them
[22:44:08] [Client thread/INFO]: [CHAT] Read our website at www.totalfreedom.me to find out how
[22:44:08] [Client thread/INFO]: [CHAT] Read the rules
[22:44:08] [Client thread/INFO]: [CHAT] Read our only authorized forum at www.totalfreedom.boards.net
[22:44:08] [Client thread/INFO]: [CHAT] You have no new mail.
[22:44:08] [Client thread/INFO]: [CHAT] Set fly mode enabled for VideoGameSmash12.
[22:44:09] [Client thread/INFO]: [CHAT] < DerpyKawaiid> nvm
[22:44:11] [Client thread/INFO]: [CHAT] Ivan_Bugreev left the game.
[22:44:11] [Client thread/INFO]: [CHAT] < DerpyKawaiid> I can now
[22:44:13] [Client thread/INFO]: [CHAT] Flamekill17: //set gold_block
[22:44:15] [Client thread/INFO]: [CHAT] <louiskerbler> what happened
[22:44:18] [Client thread/INFO]: [CHAT] 187 block(s) have been removed.
[22:44:19] [Client thread/INFO]: [CHAT] magmon: //set 1
[22:44:20] [Client thread/INFO]: [CHAT] RobinGall2910 left the game.
[22:44:21] [Client thread/INFO]: [CHAT] <louiskerbler> i got disconnectged
[22:44:24] [Client thread/INFO]: [CHAT] 101paradox101 left the game.
[22:44:25] [Client thread/INFO]: [CHAT] CharlotteAW joined the game.
[22:44:25] [Client thread/INFO]: [CHAT] Welcome CharlotteAW to the server!
[22:44:27] [Client thread/INFO]: [CHAT] < Neko_Bloopeh> Sorry, that happens some times
[22:44:32] [Client thread/INFO]: [CHAT] Flamekill17: //set grass_block
[22:44:35] [Client thread/INFO]: [CHAT] <louiskerbler> oh
[22:44:36] [Client thread/INFO]: [CHAT] Too few arguments.
[22:44:36] [Client thread/INFO]: [CHAT] //removenear <block> [size]
[22:44:37] [Client thread/INFO]: [CHAT] Dinnerbone: /spawn
[22:44:43] [Client thread/INFO]: [CHAT] ItzBloop - Rolling back player: magmon
[22:44:44] [Client thread/INFO]: [CHAT] ZZTheArchitect23: /realname dinnerbone
[22:44:48] [Client thread/INFO]: [CHAT] magmon: //set 1
[22:44:48] [Client thread/INFO]: [CHAT] 53 block(s) have been removed.
[22:44:50] [Client thread/INFO]: [CHAT] ItzBloop - Reverting rollback for player: magmon
[22:44:54] [Client thread/INFO]: [CHAT] Joenicola joined the game.
[22:44:55] [Client thread/INFO]: [CHAT] Rcava96 left the game.
[22:44:58] [Client thread/INFO]: [CHAT] muhammad left the game.
[22:45:00] [Client thread/INFO]: [CHAT] Flamekill17: //set grass_block
[22:45:03] [Client thread/INFO]: [CHAT] Joenicola: /repl 0
[22:45:05] [Client thread/INFO]: [CHAT] ZZTheArchitect23: /realnme herobrine
[22:45:09] [Client thread/INFO]: [CHAT] Amar2468: //set chest
[22:45:10] [Client thread/INFO]: [CHAT] Joenicola: /undo
[22:45:10] [Client thread/INFO]: [CHAT] NoahCraftFTW: /tpd
[22:45:14] [Client thread/INFO]: [CHAT] <[Mojang] Dinnerbone> ouch
[22:45:14] [Client thread/INFO]: [CHAT] ZZTheArchitect23: /realname herobrine
[22:45:15] [Client thread/INFO]: [CHAT] Flamekill17: //set grass_block
[22:45:21] [Client thread/INFO]: [CHAT] Joenicola: /none
[22:45:27] [Client thread/INFO]: [CHAT] CharlotteAW fell out of the world
[22:45:34] [Client thread/INFO]: [CHAT] Masternooob joined the game.
[22:45:34] [Client thread/INFO]: [CHAT] Welcome Masternooob to the server!
[22:45:34] [Client thread/INFO]: [CHAT] NoahCraftFTW: /i head:3 1 player:itzbloop
[22:45:35] [Client thread/INFO]: [CHAT] Amar2468: /gamemode 0
[22:45:36] [Client thread/INFO]: [CHAT] Going to the AdminWorld.
[22:45:36] [Client thread/INFO]: [CHAT] ItzBloop - Rolling back player: Palunka
[22:45:36] [Client thread/INFO]: [CHAT] magmon: //set 1
[22:45:43] [Client thread/INFO]: [CHAT] Dinnerbone: /spawnmob horse
[22:45:45] [Client thread/INFO]: [CHAT] < DerpyKawaiid> can someone tp and try the door i made?
[22:45:47] [Client thread/INFO]: [CHAT] Palunka has been a VERY naughty, naughty boy.
[22:45:47] [Client thread/INFO]: [CHAT] Banning: Palunka, IP: 72.234.*.*.
[22:45:47] [Client thread/INFO]: [CHAT] Palunka left the game.
[22:45:47] [Client thread/INFO]: [CHAT] Amar2468: /survival
[22:45:52] [Client thread/INFO]: [CHAT] Flamekill17: //set gold_block
[22:45:52] [Client thread/INFO]: [CHAT] < Coolguy76> Dinnerbone can you join my reaml
[22:46:03] [Client thread/INFO]: [CHAT] magmon: //set 1
[22:46:08] [Client thread/INFO]: [CHAT] Joenicola: /summon entityhorse ~ ~ ~ {type:-1}
[22:46:08] [Client thread/INFO]: [CHAT] [Joenicola: Object successfully summoned]
[22:46:10] [Client thread/INFO]: [CHAT] I_Use_Xray joined the game.
[22:46:10] [Client thread/INFO]: [CHAT] Welcome  Chip to the server!
[22:46:10] [Client thread/INFO]: [CHAT] Flamekill17: /invis
[22:46:12] [Client thread/INFO]: [CHAT] clnursery: /speed 3
[22:46:13] [Client thread/INFO]: [CHAT] Dinnerbone: /give dinnerbone saddle
[22:46:15] [Client thread/INFO]: [CHAT] ZZTheArchitect23: /speed 10
[22:46:16] [Client thread/INFO]: [CHAT] I_Use_Xray: /clear
[22:46:16] [Client thread/INFO]: [CHAT] atrijo1017: /spawnmob wither
[22:46:18] [Client thread/INFO]: [CHAT] <louiskerbler> ok cool
[22:46:21] [Client thread/INFO]: [CHAT] NoahCraftFTW: /butcher
[22:46:21] [Client thread/INFO]: [CHAT] polp86 left the game.
[22:46:21] [Client thread/INFO]: [CHAT] Joenicola: /summon entityhorse ~ ~ ~ {type:-1}
[22:46:21] [Client thread/INFO]: [CHAT] [Joenicola: Object successfully summoned]
[22:46:24] [Client thread/INFO]: [CHAT] Flamekill17: //set gold_block
[22:46:26] [Client thread/INFO]: [CHAT] atrijo1017: /spawnmob wither
[22:46:27] [Client thread/INFO]: [CHAT] <louiskerbler> i think xrays alloud
[22:46:28] [Client thread/INFO]: [CHAT] magmon: //set 89
[22:46:31] [Client thread/INFO]: [CHAT] rebecca1b is placing blocks too fast!
[22:46:31] [Client thread/INFO]: [CHAT] rebecca1b has been banned for 1 minute.
[22:46:31] [Client thread/INFO]: [CHAT] rebecca1b left the game.
[22:46:31] [Client thread/INFO]: [CHAT] NoahCraftFTW: /butcher
[22:46:32] [Client thread/INFO]: [CHAT] < DerpyKawaiid> lol
[22:46:33] [Client thread/INFO]: [CHAT] I_Use_Xray: /me &6&lguess whos back :d
[22:46:33] [Client thread/INFO]: [CHAT] *  Chip Guess whos back :D
[22:46:33] [Client thread/INFO]: [CHAT] Amar2468: //set chest
[22:46:34] [Client thread/INFO]: [CHAT] atrijo1017 has been a naughty, naughty boy.
[22:46:34] [Client thread/INFO]: [CHAT] atrijo1017 died
[22:46:35] [Client thread/INFO]: [CHAT] <[Mojang] Dinnerbone> uh
[22:46:36] [Client thread/INFO]: [CHAT] < DerpyKawaiid> its his name
[22:46:38] [Client thread/INFO]: [CHAT] [Server:ItzBloop] No withers.
[22:46:40] [Client thread/INFO]: [CHAT] ItzBloop - Opping all players on the server
[22:46:40] [Client thread/INFO]: [CHAT] You are now op!
[22:46:40] [Client thread/INFO]: [CHAT] Joenicola: /tp chip
[22:46:45] [Client thread/INFO]: [CHAT] <atrijo1017> oh
[22:46:45] [Client thread/INFO]: [CHAT] ancientassassin1 joined the game.
[22:46:45] [Client thread/INFO]: [CHAT] Welcome ancientassassin1 to the server!
[22:46:46] [Client thread/INFO]: [CHAT] SpecLeader is a Super Telnet Admin
[22:46:46] [Client thread/INFO]: [CHAT] SpecLeader joined the game.
[22:46:46] [Client thread/INFO]: [CHAT] Welcome SpecLeader to the server!
[22:46:47] [Client thread/INFO]: [CHAT] <[Mojang] Dinnerbone> ...
[22:46:48] [Client thread/INFO]: [CHAT] magmon: //set 89
[22:46:49] [Client thread/INFO]: [CHAT] Dinnerbone: /give dinnerbone saddle
[22:46:50] [Client thread/INFO]: [CHAT] Joenicola: /opall
[22:46:51] [Client thread/INFO]: [CHAT] <MisicQeen1234> ??? ?? ???
[22:46:52] [Client thread/INFO]: [CHAT] <louiskerbler> hi SpecLeader
[22:46:53] [Client thread/INFO]: [CHAT] [ADMIN] CraftedRS [SA]: Hi Spec
[22:46:54] [Client thread/INFO]: [CHAT] kawaiidfroggirl: /w mrperson660 u like it? :d
[22:46:55] [Client thread/INFO]: [CHAT] Dinnerbone: /spawnmob horse
[22:46:55] [Client thread/INFO]: [CHAT] atrijo1017: /spawnmob horse
[22:46:56] [Client thread/INFO]: [CHAT] I_Use_Xray: /home
[22:46:58] [Client thread/INFO]: [CHAT] Amar2468: //set chest
[22:46:58] [Client thread/INFO]: [CHAT] [ADMIN] VideoGameSmash12 [SA]: Hi SpecLeader
[22:46:59] [Client thread/INFO]: [CHAT] [ADMIN] ItzBloop [STA]: Hai Spec
[22:46:59] [Client thread/INFO]: [CHAT] Diraman31 joined the game.
[22:47:03] [Client thread/INFO]: [CHAT] [ADMIN] SpecLeader [STA]: Hai
[22:47:06] [Client thread/INFO]: [CHAT] kawaiidfroggirl: /w mrperson660 good
[22:47:06] [Client thread/INFO]: [CHAT] Flamekill17: //set gold_block,netherrack,diamond_block,glowstone
[22:47:07] [Client thread/INFO]: [CHAT] ashgirl991: /tp dinnerbone
[22:47:08] [Client thread/INFO]: [CHAT] atrijo1017: /spawnmob hore
[22:47:11] [Client thread/INFO]: [CHAT] ashgirl991: /tptoggle
[22:47:14] [Client thread/INFO]: [CHAT] atrijo1017: //desel
[22:47:15] [Client thread/INFO]: [CHAT] ancientassassin1: /clear
[22:47:17] [Client thread/INFO]: [CHAT] < DerpyKawaiid> they should fix skins
[22:47:17] [Client thread/INFO]: [CHAT] <magmon> ??? ?????? ???????
[22:47:22] [Client thread/INFO]: [CHAT] <<SuperAdmin> MrPerson660> yeah they should
[22:47:22] [Client thread/INFO]: [CHAT] clnursery: /speed 0
[22:47:22] [Client thread/INFO]: [CHAT] cmcorb left the game.
[22:47:23] [Client thread/INFO]: [CHAT] I_Use_Xray: /services
[22:47:25] [Client thread/INFO]: [CHAT] MisicQeen1234: /20
[22:47:26] [Client thread/INFO]: [CHAT] < Coolguy76> Dinnerbone do you have a youtube?
[22:47:28] [Client thread/INFO]: [CHAT] [ADMIN] VideoGameSmash12 [SA]: When did vj13573 become a Telnet?
[22:47:32] [Client thread/INFO]: [CHAT] ancientassassin1: /up 50
[22:47:32] [Client thread/INFO]: [CHAT] Flamekill17: //set gold_block,netherrack,diamond_block,glowstone
[22:47:34] [Client thread/INFO]: [CHAT] magmon: //set 89
[22:47:36] [Client thread/INFO]: [CHAT] <ancientassassin1> op me
[22:47:36] [Client thread/INFO]: [CHAT] MisicQeen1234: /spawn zombi
[22:47:38] [Client thread/INFO]: [CHAT] < DerpyKawaiid> he is fake
[22:47:39] [Client thread/INFO]: [CHAT] <louiskerbler> ancientassassin1
[22:47:39] [Client thread/INFO]: [CHAT] MrPerson660 - Opping all players on the server
[22:47:39] [Client thread/INFO]: [CHAT] You are now op!
[22:47:40] [Client thread/INFO]: [CHAT] <ancientassassin1> op me guys
[22:47:40] [Client thread/INFO]: [CHAT] ItzBloop - Opping all players on the server
[22:47:40] [Client thread/INFO]: [CHAT] You are now op!
[22:47:41] [Client thread/INFO]: [CHAT] ZZTheArchitect23: /op ancientassassin1
[22:47:41] [Client thread/INFO]: [CHAT] ZZTheArchitect23 - Opping ancientassassin1
[22:47:41] [Client thread/INFO]: [CHAT] Joenicola: /op ancientassassin1
[22:47:41] [Client thread/INFO]: [CHAT] Joenicola - Opping ancientassassin1
[22:47:41] [Client thread/INFO]: [CHAT] I_Use_Xray left the game.
[22:47:43] [Client thread/INFO]: [CHAT] louiskerbler: /op ancientassassin1
[22:47:43] [Client thread/INFO]: [CHAT] louiskerbler - Opping ancientassassin1
[22:47:43] [Client thread/INFO]: [CHAT] <ancientassassin1> k
[22:47:45] [Client thread/INFO]: [CHAT] <ancientassassin1> thx
[22:47:45] [Client thread/INFO]: [CHAT] Amar2468: //set 0
[22:47:45] [Client thread/INFO]: [CHAT] ashgirl991: /op everyone
[22:47:46] [Client thread/INFO]: [CHAT] [ADMIN] ItzBloop [STA]: um, today?
[22:47:47] [Client thread/INFO]: [CHAT] NoSkin joined the game.
[22:47:47] [Client thread/INFO]: [CHAT] Welcome NoSkin to the server!
[22:47:48] [Client thread/INFO]: [CHAT] < Joe> np
[22:47:48] [Client thread/INFO]: [CHAT] ancientassassin1: /up 50
[22:47:49] [Client thread/INFO]: [CHAT] atrijo1017: /speed walking 10 ashgirl991
[22:47:49] [Client thread/INFO]: [CHAT] [ADMIN] SpecLeader [STA]: I'm not going to answer that.
[22:47:49] [Client thread/INFO]: [CHAT] ashgirl991: /opall
[22:47:50] [Client thread/INFO]: [CHAT] [ADMIN] SpecLeader [STA]: ...
[22:47:51] [Client thread/INFO]: [CHAT] Flamekill17: //set gold_block,netherrack,diamond_block,glowstone
[22:47:52] [Client thread/INFO]: [CHAT] <louiskerbler> did i do it? :D
[22:47:52] [Client thread/INFO]: [CHAT] magmon: //set 89
[22:47:53] [Client thread/INFO]: [CHAT] <[Mojang] Dinnerbone> hm i got my head stuck D:
[22:47:55] [Client thread/INFO]: [CHAT] ancientassassin1: //wand
[22:47:55] [Client thread/INFO]: [CHAT] louiskerbler: /op noahcraftftw
[22:47:56] [Client thread/INFO]: [CHAT] louiskerbler - Opping NoahCraftFTW
[22:47:57] [Client thread/INFO]: [CHAT] clnursery: /speed 10
[22:47:57] [Client thread/INFO]: [CHAT] ZZTheArchitect23: /tp dinnerbone
[22:47:58] [Client thread/INFO]: [CHAT] ancientassassin1: //limit 10000
[22:47:59] [Client thread/INFO]: [CHAT] Amar2468 has been a VERY naughty, naughty boy.
[22:48:00] [Client thread/INFO]: [CHAT] Banning: Amar2468, IP: 122.150.*.*.
[22:48:00] [Client thread/INFO]: [CHAT] Amar2468 left the game.
[22:48:01] [Client thread/INFO]: [CHAT] CraftedRS left the game.
[22:48:01] [Client thread/INFO]: [CHAT] kawaiidfroggirl: /realname joe
[22:48:02] [Client thread/INFO]: [CHAT] Joenicola: /list
[22:48:05] [Client thread/INFO]: [CHAT] Flamekill17 has been a VERY naughty, naughty boy.
[22:48:05] [Client thread/INFO]: [CHAT] Banning: Flamekill17, IP: 98.192.*.*.
[22:48:05] [Client thread/INFO]: [CHAT] Flamekill17 left the game.
[22:48:05] [Client thread/INFO]: [CHAT] ancientassassin1: /up 1
[22:48:06] [Client thread/INFO]: [CHAT] [ADMIN] VideoGameSmash12 [SA]: Ok...
[22:48:06] [Client thread/INFO]: [CHAT] louiskerbler: /op noskin
[22:48:06] [Client thread/INFO]: [CHAT] louiskerbler - Opping NoSkin
[22:48:07] [Client thread/INFO]: [CHAT] CraftedRS is a Super Admin
[22:48:07] [Client thread/INFO]: [CHAT] CraftedRS joined the game.
[22:48:08] [Client thread/INFO]: [CHAT] <NoSkin> Op me please
[22:48:08] [Client thread/INFO]: [CHAT] Joenicola: /op noskin
[22:48:08] [Client thread/INFO]: [CHAT] Joenicola - Opping NoSkin
[22:48:08] [Client thread/INFO]: [CHAT] < Coolguy76> Dinnerbone do you have a youtube??
[22:48:09] [Client thread/INFO]: [CHAT] MisicQeen1234: /speed 10
[22:48:11] [Client thread/INFO]: [CHAT] <NoSkin> Thanks
[22:48:13] [Client thread/INFO]: [CHAT] stylexp666 joined the game.
[22:48:13] [Client thread/INFO]: [CHAT] Welcome stylexp666 to the server!
[22:48:14] [Client thread/INFO]: [CHAT] < Neko_Bloopeh> you're alreay opped
[22:48:15] [Client thread/INFO]: [CHAT] Crudface123 left the game.
[22:48:15] [Client thread/INFO]: [CHAT] <louiskerbler> hi CraftedRS
[22:48:16] [Client thread/INFO]: [CHAT] MisicQeen1234: /speed 10
[22:48:17] [Client thread/INFO]: [CHAT] ancientassassin1: //set dirt
[22:48:18] [Client thread/INFO]: [CHAT] < Neko_Bloopeh> if your name is read, you're op.
[22:48:19] [Client thread/INFO]: [CHAT] magmon: //set 1
[22:48:19] [Client thread/INFO]: [CHAT] clnursery: /nick fuckyou
[22:48:20] [Client thread/INFO]: [CHAT] Joenicola: /list
[22:48:21] [Client thread/INFO]: [CHAT] NoSkin: /tp dinnerbone
[22:48:22] [Client thread/INFO]: [CHAT] < Coolguy76> Dinnerbone do you have a youtube??!!!
[22:48:22] [Client thread/INFO]: [CHAT] < Neko_Bloopeh> red*
[22:48:23] [Client thread/INFO]: [CHAT] Bobic joined the game.
[22:48:23] [Client thread/INFO]: [CHAT] Welcome Bobic to the server!
[22:48:23] [Client thread/INFO]: [CHAT] < Neko_Bloopeh> >_<
[22:48:25] [Client thread/INFO]: [CHAT] ancientassassin1: /i rail
[22:48:26] [Client thread/INFO]: [CHAT] < fuckyou> hi
[22:48:28] [Client thread/INFO]: [CHAT] < Coolguy76> Dinnerbone do you have a youtube??!!!!
[22:48:32] [Client thread/INFO]: [CHAT] Masternooob: /nick thecapemaker
[22:48:33] [Client thread/INFO]: [CHAT] NoSkin: /nick grumm
[22:48:35] [Client thread/INFO]: [CHAT] <[Mojang] Dinnerbone> im not dinnerbone...
[22:48:35] [Client thread/INFO]: [CHAT] disa joined the game.
[22:48:35] [Client thread/INFO]: [CHAT] Welcome disa to the server!
[22:48:36] [Client thread/INFO]: [CHAT] < fuckyou> hes not real
[22:48:37] [Client thread/INFO]: [CHAT] kawaiidfroggirl: /realname coolguy76
[22:48:38] [Client thread/INFO]: [CHAT] Masternooob: /colourme
[22:48:38] [Client thread/INFO]: [CHAT] < Neko_Bloopeh> He's fake, this server's cracked.
[22:48:38] [Client thread/INFO]: [CHAT] ancientassassin1: /i poweredrail
[22:48:39] [Client thread/INFO]: [CHAT] magmon: //set 1
[22:48:39] [Client thread/INFO]: [CHAT] ItzBloop - Opping all players on the server
[22:48:39] [Client thread/INFO]: [CHAT] You are now op!
[22:48:41] [Client thread/INFO]: [CHAT] Masternooob: /colorme
[22:48:42] [Client thread/INFO]: [CHAT] epicgug joined the game.
[22:48:43] [Client thread/INFO]: [CHAT] ItzBloop - Changing everyone's gamemode to creative
[22:48:46] [Client thread/INFO]: [CHAT] <epicgug> ty
[22:48:46] [Client thread/INFO]: [CHAT] louiskerbler: //wand
[22:48:47] [Client thread/INFO]: [CHAT] Masternooob: /color me list
[22:48:48] [Client thread/INFO]: [CHAT] Crone_12 joined the game.
[22:48:48] [Client thread/INFO]: [CHAT] Welcome Crone_12 to the server!
[22:48:49] [Client thread/INFO]: [CHAT] CharlotteAW left the game.
[22:48:50] [Client thread/INFO]: [CHAT] NoSkin: /nick noskin
[22:48:50] [Client thread/INFO]: [CHAT] <stylexp666> 1
[22:48:51] [Client thread/INFO]: [CHAT] kawaiidfroggirl: /op zzthearchitect23 understard its hacked client
[22:48:53] [Client thread/INFO]: [CHAT] atrijo1017: /sur
[22:48:54] [Client thread/INFO]: [CHAT] NoSkin: /hat
[22:48:54] [Client thread/INFO]: [CHAT] < Coolguy76> who are you?
[22:48:55] [Client thread/INFO]: [CHAT] magmon: //set 1
[22:48:55] [Client thread/INFO]: [CHAT] Masternooob: /color me list
[22:48:55] [Client thread/INFO]: [CHAT] atrijo1017: /g
[22:48:55] [Client thread/INFO]: [CHAT] Joenicola: /tag [whohasaserver]
[22:48:58] [Client thread/INFO]: [CHAT] <louiskerbler> ItzBloop does the server have a website
[22:48:59] [Client thread/INFO]: [CHAT] <epicgug> Life
[22:49:00] [Client thread/INFO]: [CHAT] < fuckyou> some poser
[22:49:01] [Client thread/INFO]: [CHAT] Masternooob: /color me list
[22:49:01] [Client thread/INFO]: [CHAT] <disa> ??? ???????
[22:49:01] [Client thread/INFO]: [CHAT] < Neko_Bloopeh> Yes, it does.
[22:49:01] [Client thread/INFO]: [CHAT] louiskerbler: /spawn
[22:49:02] [Client thread/INFO]: [CHAT] atrijo1017: /baltop
[22:49:02] [Client thread/INFO]: [CHAT] Rohtek joined the game.
[22:49:02] [Client thread/INFO]: [CHAT] Welcome Rohtek to the server!
[22:49:03] [Client thread/INFO]: [CHAT] <epicgug> Yes
[22:49:04] [Client thread/INFO]: [CHAT] New_Age_Usher left the game.
[22:49:05] [Client thread/INFO]: [CHAT] kawaiidfroggirl: /w zzthearchitect23 he is fake its hacked client
[22:49:05] [Client thread/INFO]: [CHAT] < Neko_Bloopeh> It's www.totalfreedom.boards.net
[22:49:08] [Client thread/INFO]: [CHAT] Masternooob: /colorme lis
[22:49:09] [Client thread/INFO]: [CHAT] ancientassassin1: /i minecart 500
[22:49:10] [Client thread/INFO]: [CHAT] Rohtek: /ci
[22:49:12] [Client thread/INFO]: [CHAT] Masternooob: /colorme list
[22:49:12] [Client thread/INFO]: [CHAT] magmon: //set 1
[22:49:12] [Client thread/INFO]: [CHAT] Joenicola: /nick lkrjgrkj
[22:49:14] [Client thread/INFO]: [CHAT] Rohtek: //wand
[22:49:16] [Client thread/INFO]: [CHAT] ancientassassin1: /i dispenser
[22:49:18] [Client thread/INFO]: [CHAT] <[WhoHasAServer] lkrjgrkj> .
[22:49:18] [Client thread/INFO]: [CHAT] NoSkin: /enchant addall
[22:49:19] [Client thread/INFO]: [CHAT] <Rohtek> hi
[22:49:19] [Client thread/INFO]: [CHAT] stylexp666: //set 0
[22:49:19] [Client thread/INFO]: [CHAT] ItzBloop - Opping all players on the server
[22:49:20] [Client thread/INFO]: [CHAT] You are now op!
[22:49:21] [Client thread/INFO]: [CHAT] NoSkin: /enchant addall
[22:49:23] [Client thread/INFO]: [CHAT] NoSkin: /enchant addall
[22:49:24] [Client thread/INFO]: [CHAT] Rohtek: //wand
[22:49:24] [Client thread/INFO]: [CHAT] Masternooob: /colorme darkgreen
[22:49:25] [Client thread/INFO]: [CHAT] stylexp666: //set 0
[22:49:28] [Client thread/INFO]: [CHAT] atrijo1017: /sell dpick 1
[22:49:28] [Client thread/INFO]: [CHAT] stylexp666 has been a VERY naughty, naughty boy.
[22:49:28] [Client thread/INFO]: [CHAT] Banning: stylexp666, IP: 5.141.*.*.
[22:49:28] [Client thread/INFO]: [CHAT] stylexp666 left the game.
[22:49:29] [Client thread/INFO]: [CHAT] NoSkin: /enchant addall
[22:49:31] [Client thread/INFO]: [CHAT] NoSkin: /enchant addall
[22:49:32] [Client thread/INFO]: [CHAT] [Server:ItzBloop] banned for grief
[22:49:32] [Client thread/INFO]: [CHAT] atrijo1017: /baltop
[22:49:34] [Client thread/INFO]: [CHAT] Joenicola: /j
[22:49:35] [Client thread/INFO]: [CHAT] NoSkin: /hat
[22:49:39] [Client thread/INFO]: [CHAT] atrijo1017: /baltop 2
[22:49:44] [Client thread/INFO]: [CHAT] Rohtek: /v
[22:49:45] [Client thread/INFO]: [CHAT] atrijo1017: /bal
[22:49:45] [Client thread/INFO]: [CHAT] Jas_Bow joined the game.
[22:49:46] [Client thread/INFO]: [CHAT] ancientassassin1: /i redstoneblock
[22:49:47] [Client thread/INFO]: [CHAT] Joenicola: /pt
[22:49:48] [Client thread/INFO]: [CHAT] ItzBloop - Rolling back player: Diraman31
[22:49:48] [Client thread/INFO]: [CHAT] <louiskerbler> that taked me to a forum
[22:49:50] [Client thread/INFO]: [CHAT] ZZTheArchitect23: /realname derpykawaiid
[22:49:50] [Client thread/INFO]: [CHAT] Jas_Bow: /list
[22:49:50] [Client thread/INFO]: [CHAT] Rohtek: /d bat
[22:49:51] [Client thread/INFO]: [CHAT] ancientassassin1: /i stone
[22:49:51] [Client thread/INFO]: [CHAT] magmon: //set 1
[22:49:52] [Client thread/INFO]: [CHAT] atrijo1017: /speed 10
[22:49:53] [Client thread/INFO]: [CHAT] <louiskerbler> is that right
[22:49:55] [Client thread/INFO]: [CHAT] Lololowka joined the game.
[22:49:56] [Client thread/INFO]: [CHAT] < Coolguy76> kawaiidfroggirl
[22:49:56] [Client thread/INFO]: [CHAT] NoSkin: /speed 10
[22:49:57] [Client thread/INFO]: [CHAT] Rohtek: /d bat
[22:49:57] [Client thread/INFO]: [CHAT] Diraman31 has been a VERY naughty, naughty boy.
[22:49:57] [Client thread/INFO]: [CHAT] Banning: Diraman31, IP: 213.230.*.*.
[22:49:57] [Client thread/INFO]: [CHAT] Diraman31 left the game.
[22:49:58] [Client thread/INFO]: [CHAT] <epicgug> mhmm
[22:49:58] [Client thread/INFO]: [CHAT] < DerpyKawaiid> wat
[22:49:59] [Client thread/INFO]: [CHAT] <ashgirl991> Then who are you?
[22:50:01] [Client thread/INFO]: [CHAT] ancientassassin1: /i stickypiston
[22:50:01] [Client thread/INFO]: [CHAT] ZZTheArchitect23: /msg kawaiidfroggirl
[22:50:03] [Client thread/INFO]: [CHAT] Rohtek: /speed 10
[22:50:03] [Client thread/INFO]: [CHAT] NoSkin: /tp lololowka
[22:50:07] [Client thread/INFO]: [CHAT] <[WhoHasAServer] lkrjgrkj> ..
[22:50:11] [Client thread/INFO]: [CHAT] ancientassassin1: /i redstone
[22:50:12] [Client thread/INFO]: [CHAT] <epicgug> ..
[22:50:14] [Client thread/INFO]: [CHAT] CharlotteAW joined the game.
[22:51:32] [Client thread/INFO]: Connecting to 64.34.165.5, 28965
[22:51:32] [Client thread/INFO]: [CHAT] VideoGameSmash12 is a Super Admin
[22:51:32] [Client thread/INFO]: [CHAT] VideoGameSmash12 joined the game.
[22:51:32] [Client thread/INFO]: [CHAT] Type /help for a list of commands.
[22:51:32] [Client thread/INFO]: [CHAT] Save your builds with World Edit or lose them
[22:51:32] [Client thread/INFO]: [CHAT] Read our website at www.totalfreedom.me to find out how
[22:51:32] [Client thread/INFO]: [CHAT] Read the rules
[22:51:32] [Client thread/INFO]: [CHAT] Read our only authorized forum at www.totalfreedom.boards.net
[22:51:32] [Client thread/INFO]: [CHAT] You have no new mail.
[22:51:32] [Client thread/INFO]: [CHAT] Set fly mode enabled for VideoGameSmash12.
[22:51:32] [Client thread/INFO]: [CHAT] Dinnerbone joined the game.
[22:51:33] [Client thread/INFO]: [CHAT] <[WhoHasAServer] lkrjgrkj> ?
[22:51:34] [Client thread/INFO]: [CHAT] <louiskerbler> I was about to say, Bloop, the forum is not the main website.
[22:51:38] [Client thread/INFO]: [CHAT] <louiskerbler> Ok, before we go any further, I should go reveal who I truly am, brb
[22:51:39] [Client thread/INFO]: [CHAT] epicgug: //set dirt
[22:51:40] [Client thread/INFO]: [CHAT] louiskerbler left the game.
[22:51:42] [Client thread/INFO]: [CHAT] < Neko_Bloopeh> LOL
[22:51:43] [Client thread/INFO]: [CHAT] <[WhoHasALife] epicgug> oops
[22:51:43] [Client thread/INFO]: [CHAT] <[Mojang] Dinnerbone> ?
[22:51:44] [Client thread/INFO]: [CHAT] epicgug: //undo
[22:51:46] [Client thread/INFO]: [CHAT] CraftedRS - Rolling back player: Rohtek
[22:51:46] [Client thread/INFO]: [CHAT] NoahCraftFTW joined the game.
[22:51:51] [Client thread/INFO]: [CHAT] Rohtek has been a VERY naughty, naughty boy.
[22:51:51] [Client thread/INFO]: [CHAT] Banning: Rohtek, IP: 71.197.*.*.
[22:51:51] [Client thread/INFO]: [CHAT] Rohtek left the game.
[22:51:53] [Client thread/INFO]: [CHAT] magmon: /give magmon 52
[22:51:54] [Client thread/INFO]: [CHAT] MrPerson660 - Removing all server entities.
[22:51:56] [Client thread/INFO]: [CHAT] epicgug: //wand
[22:51:58] [Client thread/INFO]: [CHAT] <NoSkin> ? ???
[22:51:59] [Client thread/INFO]: [CHAT] NoSkin left the game.
[22:52:04] [Client thread/INFO]: [CHAT] [ADMIN] SpecLeader [STA]: Wtf?
[22:52:05] [Client thread/INFO]: [CHAT] m1t2t3t4 left the game.
[22:52:05] [Client thread/INFO]: [CHAT] Dinnerbone: /tpa mrperson660
[22:52:08] [Client thread/INFO]: [CHAT] epicgug: //set dirt
[22:52:11] [Client thread/INFO]: [CHAT] Joenicola: //sphere dirt:99 12
[22:52:12] [Client thread/INFO]: [CHAT] [ADMIN] CraftedRS [SA]: ?
[22:52:14] [Client thread/INFO]: [CHAT] Joenicola: /j
[22:52:14] [Client thread/INFO]: [CHAT] MrPerson660 - Removing all server entities.
[22:52:15] [Client thread/INFO]: [CHAT] Masternooob: /heko
[22:52:16] [Client thread/INFO]: [CHAT] ancientassassin1: //copy
[22:52:16] [Client thread/INFO]: [CHAT] <AlexDoMC> grief
[22:52:17] [Client thread/INFO]: [CHAT] Masternooob: /help
[22:52:19] [Client thread/INFO]: [CHAT] Robolawrence is an Impostor
[22:52:19] [Client thread/INFO]: [CHAT] Warning: Robolawrence has been flagged as an impostor!
[22:52:19] [Client thread/INFO]: [CHAT] Robolawrence joined the game.
[22:52:19] [Client thread/INFO]: [CHAT] Welcome Robolawrence to the server!
[22:52:19] [Client thread/INFO]: [CHAT] ItzBloop - Removing all server entities.
[22:52:20] [Client thread/INFO]: [CHAT] [ADMIN] SpecLeader [STA]: whats up with louis?
[22:52:22] [Client thread/INFO]: [CHAT] ancientassassin1: /speed 5
[22:52:22] [Client thread/INFO]: [CHAT] <[WhoHasALife] epicgug> who likes my dirt hut
[22:52:22] [Client thread/INFO]: [CHAT] tacoman1818: /tp alex
[22:52:23] [Client thread/INFO]: [CHAT] [Server:SpecLeader] Robo
[22:52:23] [Client thread/INFO]: [CHAT] <[Mojang] Dinnerbone> D=
[22:52:24] [Client thread/INFO]: [CHAT] Yoshi41023 joined the game.
[22:52:24] [Client thread/INFO]: [CHAT] Welcome Yoshi41023 to the server!
[22:52:26] [Client thread/INFO]: [CHAT] [Server:SpecLeader] super youself.
[22:52:26] [Client thread/INFO]: [CHAT] Miss_Mie: /spawn
[22:52:28] [Client thread/INFO]: [CHAT] [Server:CraftedRS] Robo Verify!!
[22:52:28] [Client thread/INFO]: [CHAT] Masternooob: /help 2
[22:52:29] [Client thread/INFO]: [CHAT] magmon: /spawner coe
[22:52:30] [Client thread/INFO]: [CHAT] < Neko_Bloopeh> that's legit robo
[22:52:30] [Client thread/INFO]: [CHAT] tacoman1818: /tp alex
[22:52:32] [Client thread/INFO]: [CHAT] <Robolawrence> Hurray for testing admins on another IP!
[22:52:36] [Client thread/INFO]: [CHAT] ItzBloop - Opping Robolawrence
[22:52:37] [Client thread/INFO]: [CHAT] Yoshi41023: /list -a
[22:52:38] [Client thread/INFO]: [CHAT] magmon: /spawner cow
[22:52:38] [Client thread/INFO]: [CHAT] <Robolawrence> Yeah, I was louis
[22:52:39] [Client thread/INFO]: [CHAT] danjo1016 joined the game.
[22:52:39] [Client thread/INFO]: [CHAT] Welcome danjo1016 to the server!
[22:52:39] [Client thread/INFO]: [CHAT] Masternooob: /ma
[22:52:40] [Client thread/INFO]: [CHAT] tacoman1818: /username
[22:52:40] [Client thread/INFO]: [CHAT] Bobic: /creative
[22:52:42] [Client thread/INFO]: [CHAT] Joenicola: //undo
[22:52:42] [Client thread/INFO]: [CHAT] < Neko_Bloopeh> ;D
[22:52:43] [Client thread/INFO]: [CHAT] ancientassassin1: /spawn
[22:52:43] [Client thread/INFO]: [CHAT] Masternooob: /ma help
[22:52:46] [Client thread/INFO]: [CHAT] danjo1016 left the game.
[22:52:48] [Client thread/INFO]: [CHAT] <[WhoHasALife] epicgug> omg robo
[22:52:49] [Client thread/INFO]: [CHAT] <[WhoHasALife] epicgug> nice
[22:52:50] [Client thread/INFO]: [CHAT] ancientassassin1: /up 50
[22:52:50] [Client thread/INFO]: [CHAT] [ADMIN] ItzBloop [STA]: louis was robo
[22:52:51] [Client thread/INFO]: [CHAT] danjo1016 joined the game.
[22:52:51] [Client thread/INFO]: [CHAT] <Robolawrence> Don't super me.
[22:52:52] [Client thread/INFO]: [CHAT] <Alien04> why is it real water
[22:52:52] [Client thread/INFO]: [CHAT] ZZTheArchitect23: /speed 1
[22:52:53] [Client thread/INFO]: [CHAT] magmon: /spawner cow
[22:52:56] [Client thread/INFO]: [CHAT] <[Mojang] Dinnerbone> lol
[22:52:57] [Client thread/INFO]: [CHAT] ZZTheArchitect23: /speed 1
[22:52:57] [Client thread/INFO]: [CHAT] ancientassassin1: /up 1
[22:52:59] [Client thread/INFO]: [CHAT] kawaiidfroggirl: /tp alien04
[22:53:01] [Client thread/INFO]: [CHAT] <Robolawrence> I'm on rubihube's IP
[22:53:01] [Client thread/INFO]: [CHAT] ancientassassin1: //paste
[22:53:01] [Client thread/INFO]: [CHAT] rebecca1b joined the game.
[22:53:04] [Client thread/INFO]: [CHAT] Joenicola: /invsee mrperson660
[22:53:05] [Client thread/INFO]: [CHAT] <Yoshi41023> Holy crap it's 1 AM and this coffee isn't helping ;-; Im getting bags under my eyes!
[22:53:06] [Client thread/INFO]: [CHAT] Masternooob: /help 3
[22:53:06] [Client thread/INFO]: [CHAT] <Alien04> why isnt it real water
[22:53:10] [Client thread/INFO]: [CHAT] <Robolawrence> Lol yoshi
[22:53:12] [Client thread/INFO]: [CHAT] jpilch joined the game.
[22:53:12] [Client thread/INFO]: [CHAT] Welcome jpilch to the server!
[22:53:14] [Client thread/INFO]: [CHAT] <[WhoHasALife] epicgug> isn't yoshi a sa
[22:53:14] [Client thread/INFO]: [CHAT] < NoahDEMerome> Waters Real C;
[22:53:15] [Client thread/INFO]: [CHAT] Joenicola: /j
[22:53:17] [Client thread/INFO]: [CHAT] Joenicola: /j
[22:53:18] [Client thread/INFO]: [CHAT] <[WhoHasALife] epicgug> :o
[22:53:18] [Client thread/INFO]: [CHAT] Masternooob: /help 4
[22:53:18] [Client thread/INFO]: [CHAT] AlexDoMC: /remove all 5000000
[22:53:18] [Client thread/INFO]: [CHAT] Crone_12: //wand
[22:53:18] [Client thread/INFO]: [CHAT] <Robolawrence> Not here.
[22:53:20] [Client thread/INFO]: [CHAT] Joenicola: /j
[22:53:20] [Client thread/INFO]: [CHAT] <Yoshi41023> Not anymore epic.
[22:53:20] [Client thread/INFO]: [CHAT] Halgent left the game.
[22:53:22] [Client thread/INFO]: [CHAT] <[WhoHasAServer] lkrjgrkj> .
[22:53:23] [Client thread/INFO]: [CHAT] <Robolawrence> Not anymore
[22:53:23] [Client thread/INFO]: [CHAT] < Neko_Bloopeh> yes he was but not anymore
[22:53:23] [Client thread/INFO]: [CHAT] notchface72 joined the game.
[22:53:23] [Client thread/INFO]: [CHAT] Welcome notchface72 to the server!
[22:53:24] [Client thread/INFO]: [CHAT] rebecca1b: /tp robolawrence
[22:53:25] [Client thread/INFO]: [CHAT] Joenicola: /j
[22:53:27] [Client thread/INFO]: [CHAT] Mnkees: //set 5
[22:53:28] [Client thread/INFO]: [CHAT] Joenicola: /j
[22:53:30] [Client thread/INFO]: [CHAT] <[WhoHasALife] epicgug> okay i was right yes! lol
[22:53:32] [Client thread/INFO]: [CHAT] rebecca1b: /tp notchface72
[22:53:34] [Client thread/INFO]: [CHAT] Jas_Bow: //set sandstone
[22:53:35] [Client thread/INFO]: [CHAT] <[WhoHasALife] epicgug> ish
[22:53:35] [Client thread/INFO]: [CHAT] <Yoshi41023> ...
[22:53:36] [Client thread/INFO]: [CHAT] CharlotteAW left the game.
[22:53:36] [Client thread/INFO]: [CHAT] notchface72 left the game.
[22:53:36] [Client thread/INFO]: [CHAT] Joenicola: //sphere 0 12
[22:53:36] [Client thread/INFO]: [CHAT] magmon: /spawner zombie
[22:53:39] [Client thread/INFO]: [CHAT] Joenicola: //sphere 0 12
[22:53:40] [Client thread/INFO]: [CHAT] <rebecca1b> op pls
[22:53:40] [Client thread/INFO]: [CHAT] Crone_12: //set sand
[22:53:41] [Client thread/INFO]: [CHAT] Crone_12 used a forbidden WorldEdit block type: sand
[22:53:42] [Client thread/INFO]: [CHAT] Joenicola: //sphere 0 12
[22:53:43] [Client thread/INFO]: [CHAT] MrPerson660 - Opping all players on the server
[22:53:43] [Client thread/INFO]: [CHAT] You are now op!
[22:53:44] [Client thread/INFO]: [CHAT] <Robolawrence> Oh, you wanted proof it's really me?
[22:53:46] [Client thread/INFO]: [CHAT] Joenicola: //sphere 0 12
[22:53:46] [Client thread/INFO]: [CHAT] NoahCraftFTW: /op rebecca1b
[22:53:46] [Client thread/INFO]: [CHAT] NoahCraftFTW - Opping rebecca1b
[22:53:47] [Client thread/INFO]: [CHAT] ItzBloop - Warning Joenicola of permban
[22:53:49] [Client thread/INFO]: [CHAT] Alien04: /i stick 1 name:&ewizard's_wand
[22:53:51] [Client thread/INFO]: [CHAT] Crone_12: /set sand
[22:53:51] [Client thread/INFO]: [CHAT] Masternooob: /help 5
[22:53:53] [Client thread/INFO]: [CHAT] Joenicola has been a VERY naughty, naughty boy.
[22:53:54] [Client thread/INFO]: [CHAT] Banning: Joenicola, IP: 124.187.*.*.
[22:53:54] [Client thread/INFO]: [CHAT] Joenicola left the game.
[22:53:55] [Client thread/INFO]: [CHAT] Crone_12: //set sand
[22:53:55] [Client thread/INFO]: [CHAT] Crone_12 used a forbidden WorldEdit block type: Sand
[22:53:56] [Client thread/INFO]: [CHAT] <[WhoHasALife] epicgug> no
[22:53:56] [Client thread/INFO]: [CHAT] <SpecLeader> I guess EpicGug is a real thing now, I didn't know that.
[22:53:58] [Client thread/INFO]: [CHAT] ancientassassin1: /clear
[22:53:58] [Client thread/INFO]: [CHAT] Bobic left the game.
[22:53:58] [Client thread/INFO]: [CHAT] <Robolawrence> Ok, sorry about this, but I'll go turn on onlinemode
[22:54:00] [Client thread/INFO]: [CHAT] <rebecca1b> thx
[22:54:01] [Client thread/INFO]: [CHAT] ancientassassin1: //wand
[22:54:03] [Client thread/INFO]: [CHAT] CraftedRS - Cleared all potion effects from all players
[22:54:06] [Client thread/INFO]: [CHAT] Masternooob: /invsee
[22:54:06] [Client thread/INFO]: [CHAT] Crone_12: //set dirt
[22:54:07] [Client thread/INFO]: [CHAT] magmon left the game.
[22:54:08] [Client thread/INFO]: [CHAT] <[WhoHasALife] epicgug> I am fake thing now,
[22:54:09] [Client thread/INFO]: [CHAT] Miss_Mie has been a naughty, naughty boy.
[22:54:09] [Client thread/INFO]: [CHAT] Miss_Mie died
[22:54:10] [Client thread/INFO]: [CHAT] ancientassassin1: /speed 2
[22:54:12] [Client thread/INFO]: [CHAT] shapoopoo1210 left the game.
[22:54:12] [Client thread/INFO]: [CHAT] kawaiidfroggirl left the game.
[22:54:12] [Client thread/INFO]: [CHAT] AlexDoMC left the game.
[22:54:12] [Client thread/INFO]: [CHAT] ZZTheArchitect23 left the game.
[22:54:12] [Client thread/INFO]: [CHAT] MrPerson660 left the game.
[22:54:12] [Client thread/INFO]: [CHAT] ItzBloop left the game.
[22:54:12] [Client thread/INFO]: [CHAT] clnursery left the game.
[22:54:12] [Client thread/INFO]: [CHAT] Timm6919 left the game.
[22:54:12] [Client thread/INFO]: [CHAT] <[WhoHasALife] epicgug> If you didn't know
[22:54:12] [Client thread/INFO]: [CHAT] Bajheera left the game.
[22:54:12] [Client thread/INFO]: [CHAT] MisicQeen1234 left the game.
[22:54:12] [Client thread/INFO]: [CHAT] Masternooob left the game.
[22:54:12] [Client thread/INFO]: [CHAT] ancientassassin1 left the game.
[22:54:12] [Client thread/INFO]: [CHAT] SpecLeader left the game.
[22:54:12] [Client thread/INFO]: [CHAT] CraftedRS left the game.
[22:54:12] [Client thread/INFO]: [CHAT] epicgug left the game.
[22:54:12] [Client thread/INFO]: [CHAT] Crone_12 left the game.
[22:54:12] [Client thread/INFO]: [CHAT] Jas_Bow left the game.