[20:27:29] [Client thread/INFO]: Connecting to play.totalfreedom.me., 28965
[20:27:31] [Client thread/INFO]: [CHAT] VideoGameSmash12 joined the game.
[20:27:31] [Client thread/INFO]: [CHAT] <[Dealer] Stampy100> lol
[20:27:31] [Client thread/INFO]: [CHAT] Welcome VideoGameSmash12 to the server!
[20:27:31] [Client thread/INFO]: [CHAT] Server IP is changing soon! Only use play.totalfreedom.me
[20:27:31] [Client thread/INFO]: [CHAT] Type /help for a list of commands.
[20:27:31] [Client thread/INFO]: [CHAT] Save your builds with World Edit or lose them
[20:27:31] [Client thread/INFO]: [CHAT] Read our website at www.totalfreedom.me to find out how
[20:27:31] [Client thread/INFO]: [CHAT] Read the rules
[20:27:31] [Client thread/INFO]: [CHAT] Read our only authorized forum at www.totalfreedom.boards.net
[20:27:31] [Client thread/INFO]: [CHAT] You have no new mail.
[20:27:33] [Client thread/INFO]: [CHAT] <Kittymeow1234> guess What i do when Nobody is on the server. not one person?
[20:27:37] [Client thread/INFO]: [CHAT] Gameboyy55 joined the game.
[20:27:37] [Client thread/INFO]: [CHAT] Welcome Gameboyy55 to the server!
[20:27:38] [Client thread/INFO]: [CHAT] There are 15 out of a maximum 35 players online.
[20:27:38] [Client thread/INFO]: [CHAT] Connected admins: 
[20:27:40] [Client thread/INFO]: [CHAT] <VideoGameSmash12> ???
[20:27:41] [Client thread/INFO]: [CHAT] <Micaela7410> do /warp Parkour2 do it
[20:27:44] [Client thread/INFO]: [CHAT] There are 15 out of a maximum 35 players online.
[20:27:44] [Client thread/INFO]: [CHAT] Connected players: [OP]DarkSoul2411, [OP]Micaela7410, [OP]Nightfury01, [OP]XxNoobPartolerxX, [OP]crafter32137, [OP]nojang153, [OP]YZHMASTER, [OP]GamerTag1007, [OP]lokkistarMC, [OP]Kittymeow1234, [OP]Stampy100, [OP]revenge_knight, [OP]Doomknight132, [OP]VideoGameSmash12, Gameboyy55
[20:27:50] [Client thread/INFO]: [CHAT] <VideoGameSmash12> I'm an OP???
[20:27:52] [Client thread/INFO]: [CHAT] <Gameboyy55> op me plz
[20:27:53] [Client thread/INFO]: [CHAT] <Nightfury01> may i have some buad stampy ??? XD
[20:27:53] [Client thread/INFO]: [CHAT] <???????????????????????????????????????????????????????????????????????????????????? DEID_TI> !!!! LOL
[20:27:55] [Client thread/INFO]: [CHAT] blackace607 joined the game.
[20:27:55] [Client thread/INFO]: [CHAT] <VideoGameSmash12> WTF????
[20:27:58] [Client thread/INFO]: [CHAT] coolness542 joined the game.
[20:27:58] [Client thread/INFO]: [CHAT] Welcome coolness542 to the server!
[20:28:00] [Client thread/INFO]: [CHAT] <???????????????????????????????????????????????????????????????????????????????????? DEID_TI> XD
[20:28:01] [Client thread/INFO]: [CHAT] <Kittymeow1234> NOTHING :D lololol im not on at night or when its offline
[20:28:02] [Client thread/INFO]: [CHAT] <Gameboyy55> op me
[20:28:07] [Client thread/INFO]: [CHAT] XxNoobPartolerxX - Opping Gameboyy55
[20:28:08] [Client thread/INFO]: [CHAT] <Micaela7410> do /warp Parkour2
[20:28:16] [Client thread/INFO]: [CHAT] <DarkSoul2411> stop
[20:28:16] [Client thread/INFO]: [CHAT] xXMciliyaXx joined the game.
[20:28:16] [Client thread/INFO]: [CHAT] Welcome xXMciliyaXx to the server!
[20:28:16] [Client thread/INFO]: [CHAT] <coolness542> Op me Please.
[20:28:21] [Client thread/INFO]: [CHAT] YZHMASTER - Opping coolness542
[20:28:23] [Client thread/INFO]: [CHAT] Micaela7410 - Opping coolness542
[20:28:24] [Client thread/INFO]: [CHAT] <???????????????????????????????????????????????????????????????????????????????????? DEID_TI> lokkistarMC is griefing!
[20:28:24] [Client thread/INFO]: [CHAT] Smartypants927 joined the game.
[20:28:24] [Client thread/INFO]: [CHAT] Welcome Smartypants927 to the server!
[20:28:27] [Client thread/INFO]: [CHAT] <?¶?¶?¶?¶?¶?¶?¶? nojang153> wut
[20:28:27] [Client thread/INFO]: [CHAT] <xXMciliyaXx> op me pls xD
[20:28:28] [Client thread/INFO]: [CHAT] <DarkSoul2411> some ones griefing banned
[20:28:28] [Client thread/INFO]: [CHAT] <-=[Noob Patrol]=- XxNoobPartolerxX> lokkistarMC did it
[20:28:29] [Client thread/INFO]: [CHAT] YZHMASTER - Opping Smartypants927
[20:28:30] [Client thread/INFO]: [CHAT] <xXMciliyaXx> nvm
[20:28:40] [Client thread/INFO]: [CHAT] <Micaela7410> lol
[20:28:40] [Client thread/INFO]: [CHAT] <xXMciliyaXx> someone op me pls :p
[20:28:40] [Client thread/INFO]: [CHAT] captinskittles14 joined the game.
[20:28:41] [Client thread/INFO]: [CHAT] Welcome captinskittles14 to the server!
[20:28:43] [Client thread/INFO]: [CHAT] Micaela7410 - Opping coolness542
[20:28:43] [Client thread/INFO]: [CHAT] lokkistarMC fell out of the world
[20:28:48] [Client thread/INFO]: [CHAT] <Micaela7410> do /warp Parkour2
[20:28:49] [Client thread/INFO]: [CHAT] nojang153 - Opping xXMciliyaXx
[20:28:49] [Client thread/INFO]: [CHAT] YZHMASTER - Opping captinskittles14
[20:28:50] [Client thread/INFO]: [CHAT] There are 20 out of a maximum 35 players online.
[20:28:50] [Client thread/INFO]: [CHAT] Connected admins: 
[20:28:50] [Client thread/INFO]: [CHAT] lokkistarMC fell out of the world
[20:28:53] [Client thread/INFO]: [CHAT] <xXMciliyaXx> ty
[20:28:55] [Client thread/INFO]: [CHAT] <?¶?¶?¶?¶?¶?¶?¶? nojang153> np
[20:28:57] [Client thread/INFO]: [CHAT] <VideoGameSmash12> Ummm
[20:29:04] [Client thread/INFO]: Connecting to play.totalfreedom.me., 28965
[20:29:05] [Client thread/INFO]: [CHAT] VideoGameSmash12 joined the game.
[20:29:05] [Client thread/INFO]: [CHAT] Server IP is changing soon! Only use play.totalfreedom.me
[20:29:05] [Client thread/INFO]: [CHAT] Type /help for a list of commands.
[20:29:05] [Client thread/INFO]: [CHAT] Save your builds with World Edit or lose them
[20:29:05] [Client thread/INFO]: [CHAT] Read our website at www.totalfreedom.me to find out how
[20:29:05] [Client thread/INFO]: [CHAT] Read the rules
[20:29:05] [Client thread/INFO]: [CHAT] Read our only authorized forum at www.totalfreedom.boards.net
[20:29:05] [Client thread/INFO]: [CHAT] You have no new mail.
[20:29:07] [Client thread/INFO]: [CHAT] Cleared all inventory items from VideoGameSmash12.
[20:29:13] [Client thread/INFO]: [CHAT] *  DEID_TI Has Punished lokkistarMC Twice reason: Grief
[20:29:16] [Client thread/INFO]: [CHAT] Gameboyy55 left the game.
[20:29:21] [Client thread/INFO]: [CHAT] <-=[Noob Patrol]=- XxNoobPartolerxX> so you don't want an expansion, right Stampy100?
[20:29:26] [Client thread/INFO]: [CHAT] <DarkSoul2411> lokkistar i will kill you
[20:29:27] [Client thread/INFO]: [CHAT] <[Dealer] Stampy100> i do
[20:29:31] [Client thread/INFO]: [CHAT] <-=[Noob Patrol]=- XxNoobPartolerxX> I'll do it
[20:29:32] [Client thread/INFO]: [CHAT] <???????????????????????????????????????????????????????????????????????????????????? DEID_TI> DarkSoul2411 i already did
[20:29:34] [Client thread/INFO]: [CHAT] blackace607 left the game.
[20:29:40] [Client thread/INFO]: [CHAT] Smartypants927 used a forbidden WorldEdit block type: lava
[20:29:55] [Client thread/INFO]: [CHAT] <VideoGameSmash12> CI don
[20:29:58] [Client thread/INFO]: [CHAT] You do not have permission to use this command.
[20:30:00] [Client thread/INFO]: [CHAT] That command is blocked.
[20:30:05] [Client thread/INFO]: [CHAT] 6700 block(s) have been removed.
[20:30:06] [Client thread/INFO]: [CHAT] <?¶?¶²³?¶?²³¶?¶?²³¶?¶? nojang153> wut
[20:30:10] [Client thread/INFO]: [CHAT] <i ? Penis DEID_TI> s
[20:30:12] [Client thread/INFO]: [CHAT] 272 block(s) have been removed.
[20:30:16] [Client thread/INFO]: [CHAT] coolness542 was automatically kicked for spamming commands.
[20:30:16] [Client thread/INFO]: [CHAT] coolness542 has been banned for 1 minute.
[20:30:16] [Client thread/INFO]: [CHAT] coolness542 left the game.
[20:30:17] [Client thread/INFO]: [CHAT] <Smartypants927> ass
[20:30:28] [Client thread/INFO]: [CHAT] <-=[Noob Patrol]=- XxNoobPartolerxX> Stampy100 look
[20:30:29] [Client thread/INFO]: [CHAT] <Micaela7410> thanks xXMciliyaXx
[20:30:29] [Client thread/INFO]: [CHAT] Unknown command. Type "/help" for help.
[20:30:33] [Client thread/INFO]: [CHAT] <xXMciliyaXx> yea
[20:30:42] [Client thread/INFO]: [CHAT] <?¶?¶²³?¶?²³¶?¶?²³¶?¶? Gaylord> stop fucking nicking us
[20:30:43] [Client thread/INFO]: [CHAT] <i_?_Anti-Porn_Machines DEID_TI> ok
[20:30:43] [Client thread/INFO]: [CHAT] <Kittymeow1234> Wat u building doomknight
[20:30:44] [Client thread/INFO]: [CHAT] nolanoo joined the game.
[20:30:50] [Client thread/INFO]: [CHAT] Max blocks changed in an operation reached (10000).
[20:30:51] [Client thread/INFO]: [CHAT] <crafter32137> revenge_knight is creative pvping
[20:30:57] [Client thread/INFO]: [CHAT] < PenisLicker> WTF??
[20:30:57] [Client thread/INFO]: [CHAT] < DoomKnight132> trampoline
[20:30:58] [Client thread/INFO]: [CHAT] <lokkistarMC> im sorry
[20:30:59] [Client thread/INFO]: [CHAT] <-=[Noob Patrol]=- XxNoobPartolerxX> quit raping others
[20:31:02] [Client thread/INFO]: [CHAT] <DarkSoul2411> ok
[20:31:12] [Client thread/INFO]: [CHAT] <?¶?¶²³?¶?²³¶?¶?²³¶?¶? nojang153> GamerTag1007 fucking stop it
[20:31:17] [Client thread/INFO]: [CHAT] <i_?_Anti-Porn_Machines DEID_TI> What
[20:31:19] [Client thread/INFO]: [CHAT] lokkistarMC fell out of the world
[20:31:24] [Client thread/INFO]: [CHAT] lokkistarMC fell out of the world
[20:31:27] [Client thread/INFO]: [CHAT] <crafter32137> revenge_knight is creative pvping!!!!!!!!
[20:31:32] [Client thread/INFO]: [CHAT] <DarkSoul2411> stop kill each other
[20:31:39] [Client thread/INFO]: [CHAT] Player VideoGameSmash12 is online since 2 minutes 34 seconds.
[20:31:39] [Client thread/INFO]: [CHAT] Error: me/StevenLawson/TotalFreedomMod/TFM_SuperadminList
[20:31:44] [Client thread/INFO]: [CHAT] Warning: GroxTerror has been flagged as an impostor and has been frozen!
[20:31:44] [Client thread/INFO]: [CHAT] GroxTerror is an Impostor
[20:31:44] [Client thread/INFO]: [CHAT] GroxTerror joined the game.
[20:31:44] [Client thread/INFO]: [CHAT] Welcome GroxTerror to the server!
[20:31:45] [Client thread/INFO]: [CHAT] You do not have permission to use this command.
[20:31:45] [Client thread/INFO]: [CHAT] *  DEID_TI Has Punished lokkistarMC reason: Nicknaming
[20:31:48] [Client thread/INFO]: [CHAT] <GroxTerror> crap
[20:31:49] [Client thread/INFO]: [CHAT] <[Dealer] Stampy100> crafter take a seat and eat some food
[20:31:51] [Client thread/INFO]: [CHAT] <i_?_Anti-Porn_Machines DEID_TI> And i wasnt nicknaming....
[20:31:51] [Client thread/INFO]: [CHAT] <VideoGameSmash12> Grox
[20:31:55] [Client thread/INFO]: [CHAT] <VideoGameSmash12> I'm fucked
[20:31:55] [Client thread/INFO]: [CHAT] <GroxTerror> I'm verifying
[20:31:56] [Client thread/INFO]: [CHAT] <-=[ParkourMaster]=- xXMciliyaXx> lel
[20:31:56] [Client thread/INFO]: [CHAT] lokkistarMC fell out of the world
[20:32:02] [Client thread/INFO]: [CHAT] <GroxTerror> what's wrong, video?
[20:32:03] [Client thread/INFO]: [CHAT] <VideoGameSmash12> I cant do shit
[20:32:07] [Client thread/INFO]: [CHAT] <GroxTerror> uh oh.
[20:32:10] [Client thread/INFO]: [CHAT] <GroxTerror> btw
[20:32:10] [Client thread/INFO]: [CHAT] <Kittymeow1234> brb
[20:32:13] [Client thread/INFO]: [CHAT] <VideoGameSmash12> I'm stuck as an op
[20:32:15] [Client thread/INFO]: [CHAT] <GroxTerror> mark doesn't like our idea
[20:32:16] [Client thread/INFO]: [CHAT] captinskittles14 - Opping Smartypants927
[20:32:17] [Client thread/INFO]: [CHAT] <-=[ParkourMaster]=- xXMciliyaXx> :3
[20:32:20] [Client thread/INFO]: [CHAT] <?¶?¶²³?¶?²³¶?¶?²³¶?¶? nojang153> leave forever Kittymeow1234
[20:32:23] [Client thread/INFO]: [CHAT] <VideoGameSmash12> So...
[20:32:30] [Client thread/INFO]: [CHAT] <GroxTerror> either that or my post about a 'when I'm bored' video of him.
[20:32:34] [Client thread/INFO]: [CHAT] Smartypants927 used a forbidden WorldEdit block type: tnt
[20:32:39] [Client thread/INFO]: [CHAT] <DarkSoul2411> xxnoob we have bed
[20:32:39] [Client thread/INFO]: [CHAT] <GroxTerror> might have been that :P
[20:32:40] [Client thread/INFO]: [CHAT] nojang153 - Opping Smartypants927
[20:32:41] [Client thread/INFO]: [CHAT] captinskittles14 - Opping Smartypants927
[20:32:42] [Client thread/INFO]: [CHAT] <YZHMASTER> who wants to 1v1 me and got skype ( ima record for utube
[20:32:49] [Client thread/INFO]: [CHAT] [Server:Lead_Falcon] Grox verify
[20:32:50] [Client thread/INFO]: [CHAT] <[Dealer] Stampy100> everyone do /invsee Stampy100 it shows respect for admins
[20:32:50] [Client thread/INFO]: [CHAT] <GroxTerror> well, video
[20:32:51] [Client thread/INFO]: [CHAT] <VideoGameSmash12> Did I get suspended from the servr?
[20:32:54] [Client thread/INFO]: [CHAT] <GroxTerror> yeah, lead!
[20:32:55] [Client thread/INFO]: [CHAT] sanek4 joined the game.
[20:32:55] [Client thread/INFO]: [CHAT] Welcome sanek4 to the server!
[20:32:58] [Client thread/INFO]: [CHAT] <GroxTerror> hi lead
[20:33:01] [Client thread/INFO]: [CHAT] <DarkSoul2411> gamertag move plz
[20:33:01] [Client thread/INFO]: [CHAT] There are 20 out of a maximum 35 players online.
[20:33:01] [Client thread/INFO]: [CHAT] Connected admins: 
[20:33:05] [Client thread/INFO]: [CHAT] <VideoGameSmash12> Lead.
[20:33:06] [Client thread/INFO]: [CHAT] <crafter32137> or /invsee crafter32137
[20:33:07] [Client thread/INFO]: [CHAT] [Server:Lead_Falcon] Coming on server
[20:33:17] [Client thread/INFO]: [CHAT] You do not have permission to use this command.
[20:33:24] [Client thread/INFO]: [CHAT] <YZHMASTER> stop
[20:33:26] [Client thread/INFO]: [CHAT] coolness542 joined the game.
[20:33:27] [Client thread/INFO]: [CHAT] <YZHMASTER> invisible guy
[20:33:29] [Client thread/INFO]: [CHAT] <?¶?¶²³?¶?²³¶?¶?²³¶?¶? nojang153> uh
[20:33:34] [Client thread/INFO]: [CHAT] kayvonyo joined the game.
[20:33:34] [Client thread/INFO]: [CHAT] Welcome kayvonyo to the server!
[20:33:35] [Client thread/INFO]: [CHAT] <crafter32137> revenge_knight is creative pvping!
[20:33:37] [Client thread/INFO]: [CHAT] xXMciliyaXx - Opping kayvonyo
[20:33:39] [Client thread/INFO]: [CHAT] <-=[ParkourMaster]=- xXMciliyaXx> lel
[20:33:39] [Client thread/INFO]: [CHAT] captinskittles14 - Opping coolness542
[20:33:41] [Client thread/INFO]: [CHAT] <coolness542> oP ME.
[20:33:43] [Client thread/INFO]: [CHAT] coolness542 fell from a high place
[20:33:47] [Client thread/INFO]: [CHAT] <GroxTerror> I verified
[20:33:52] [Client thread/INFO]: [CHAT] 1itte joined the game.
[20:33:52] [Client thread/INFO]: [CHAT] Welcome 1itte to the server!
[20:33:57] [Client thread/INFO]: [CHAT] <coolness542> Hello.
[20:34:00] [Client thread/INFO]: [CHAT] Warning: Lead_Falcon is an admin, but is using an account not registered to one of their ip-list.
[20:34:00] [Client thread/INFO]: [CHAT] Lead_Falcon is a Super Telnet Admin
[20:34:00] [Client thread/INFO]: [CHAT] Lead_Falcon joined the game.
[20:34:00] [Client thread/INFO]: [CHAT] Welcome Lead_Falcon to the server!
[20:34:01] [Client thread/INFO]: [CHAT] <Micaela7410> hi
[20:34:08] [Client thread/INFO]: [CHAT] <VideoGameSmash12> Help lead
[20:34:10] [Client thread/INFO]: [CHAT] < Coolness> :)
[20:34:20] [Client thread/INFO]: [CHAT] <[Dealer] Stampy100> Lead_Falcon yesterday why u ban me id did nothing wrong
[20:34:21] [Client thread/INFO]: [CHAT] < coolness542> Op me D:
[20:34:24] [Client thread/INFO]: [CHAT] <-=[ParkourMaster]=- xXMciliyaXx> lol
[20:34:24] [Client thread/INFO]: [CHAT] <[Telnet Admin] Lead_Falcon> Yea im looking
[20:34:27] [Client thread/INFO]: [CHAT] <[Telnet Admin] Lead_Falcon> Hold on
[20:34:29] [Client thread/INFO]: [CHAT] <GroxTerror> ahhh just add me
[20:34:32] [Client thread/INFO]: [CHAT] <[Helper][Patrol] Police> im back
[20:34:34] [Client thread/INFO]: [CHAT] captinskittles14 - Opping coolness542
[20:34:38] [Client thread/INFO]: [CHAT] <GroxTerror> before someone realizes I'm in survival!
[20:34:46] [Client thread/INFO]: [CHAT] <GroxTerror> I has said too much!
[20:34:57] [Client thread/INFO]: [CHAT] <YZHMASTER> gamertag
[20:34:58] [Client thread/INFO]: [CHAT] <YZHMASTER> out now
[20:35:00] [Client thread/INFO]: [CHAT] <i_?_Anti-Porn_Machines DEID_TI> LEts fight YZHMASTER
[20:35:02] [Client thread/INFO]: [CHAT] <YZHMASTER> oh
[20:35:05] [Client thread/INFO]: [CHAT] <GroxTerror> free me from this eternal frostbite
[20:35:05] [Client thread/INFO]: [CHAT] <[Telnet Admin] Lead_Falcon> mmm
[20:35:07] [Client thread/INFO]: [CHAT] <YZHMASTER> u want to be on utube?
[20:35:11] [Client thread/INFO]: [CHAT] <i_?_Anti-Porn_Machines DEID_TI> Sure
[20:35:16] [Client thread/INFO]: [CHAT] <YZHMASTER> hold on
[20:35:19] [Client thread/INFO]: [CHAT] <[Telnet Admin] Lead_Falcon> video you know why you aren't admin?
[20:35:21] [Client thread/INFO]: [CHAT] <YZHMASTER> let me set it up
[20:35:23] [Client thread/INFO]: [CHAT] <Kittymeow1234> nojang153
[20:35:28] [Client thread/INFO]: [CHAT] <[Dealer] Stampy100> Lead_Falcon yesterday why u ban me id did nothing wrong?
[20:35:28] [Client thread/INFO]: [CHAT] <VideoGameSmash12> No???
[20:35:31] [Client thread/INFO]: [CHAT] <Kittymeow1234> what if i suicided
[20:35:33] [Client thread/INFO]: [CHAT] <i_?_Anti-Porn_Machines DEID_TI> yzhmaster
[20:35:33] [Client thread/INFO]: [CHAT] <GroxTerror> help me video
[20:35:36] [Client thread/INFO]: [CHAT] <[Telnet Admin] Lead_Falcon> umm
[20:35:38] [Client thread/INFO]: [CHAT] <GroxTerror> I'm caught in thin ice
[20:35:38] [Client thread/INFO]: [CHAT] <i_?_Anti-Porn_Machines DEID_TI> Please dont use cheating
[20:35:38] [Client thread/INFO]: [CHAT] <YZHMASTER> yes
[20:35:40] [Client thread/INFO]: [CHAT] <[Telnet Admin] Lead_Falcon> k
[20:35:41] [Client thread/INFO]: [CHAT] <Kittymeow1234> would you be happy?
[20:35:42] [Client thread/INFO]: [CHAT] VideoGameSmash12 - Opping GroxTerror
[20:35:43] [Client thread/INFO]: [CHAT] <YZHMASTER> i promise
[20:35:46] [Client thread/INFO]: [CHAT] <i_?_Anti-Porn_Machines DEID_TI> I want to pvp for the fun
[20:35:50] [Client thread/INFO]: [CHAT] <-=[ParkourMaster]=- xXMciliyaXx> :o
[20:35:51] [Client thread/INFO]: [CHAT] <[Telnet Admin] Lead_Falcon> grox type 1212 in shoutbox
[20:35:57] [Client thread/INFO]: [CHAT] <YZHMASTER> is /enchant all allowed?
[20:35:57] [Client thread/INFO]: [CHAT] <GroxTerror> 1212
[20:35:57] [Client thread/INFO]: [CHAT] < EpicJerry> hi
[20:35:59] [Client thread/INFO]: [CHAT] <[Dealer] Stampy100> Lead_Falcon it siad when i was tempbaned it siad GTFO
[20:36:03] [Client thread/INFO]: [CHAT] <GroxTerror> lead
[20:36:06] [Client thread/INFO]: [CHAT] [Server:Lead_Falcon] GamerTag1007 get rid of that tag
[20:36:08] [Client thread/INFO]: [CHAT] <i_?_Anti-Porn_Machines DEID_TI> Yea enchant addall
[20:36:09] [Client thread/INFO]: [CHAT] <GroxTerror> I verified like 30 seconds ago.
[20:36:11] [Client thread/INFO]: [CHAT] <i_?_Anti-Porn_Machines DEID_TI> Ok
[20:36:11] [Client thread/INFO]: [CHAT] <[Telnet Admin] Lead_Falcon> oh
[20:36:18] [Client thread/INFO]: [CHAT] ShatteredExpert joined the game.
[20:36:18] [Client thread/INFO]: [CHAT] Welcome ShatteredExpert to the server!
[20:36:28] [Client thread/INFO]: [CHAT] <[Dealer] Stampy100> its was miserabkle i was banned al day
[20:36:29] [Client thread/INFO]: [CHAT] Lead_Falcon - Opping all players on the server
[20:36:29] [Client thread/INFO]: [CHAT] You are now op!
[20:36:31] [Client thread/INFO]: [CHAT] <ShatteredExpert> op me
[20:36:34] [Client thread/INFO]: [CHAT] <[Telnet Admin] Lead_Falcon> video i don't know why you aren't super
[20:36:34] [Client thread/INFO]: [CHAT] <ShatteredExpert> '
[20:36:36] [Client thread/INFO]: [CHAT] <? DEID_TI> :D
[20:36:37] [Client thread/INFO]: [CHAT] <GroxTerror> is that find, lead
[20:36:40] [Client thread/INFO]: [CHAT] <GroxTerror> fine*
[20:36:40] [Client thread/INFO]: [CHAT] <? DEID_TI> No invis
[20:36:42] [Client thread/INFO]: [CHAT] coolness542 - Opping coolness542
[20:36:44] [Client thread/INFO]: [CHAT] <EpicJerry EpicJerry> hello
[20:36:45] [Client thread/INFO]: [CHAT] <? DEID_TI> Or Really Op Effectsw
[20:36:47] [Client thread/INFO]: [CHAT] <VideoGameSmash12> I don't know either!
[20:36:51] [Client thread/INFO]: [CHAT] <? DEID_TI> Just enchant addall
[20:36:55] [Client thread/INFO]: [CHAT] <GroxTerror> I'm going to pm mark
[20:36:56] [Client thread/INFO]: [CHAT] Lead_Falcon - Adding GroxTerror to the superadmin list
[20:36:59] [Client thread/INFO]: [CHAT] <EpicJerry kayvonyo> hey bro
[20:37:00] [Client thread/INFO]: [CHAT] <[Telnet Admin] Lead_Falcon> Yea your added
[20:37:03] [Client thread/INFO]: [CHAT] <VideoGameSmash12> An imposter did something bad.
[20:37:06] [Client thread/INFO]: [CHAT] <[Telnet Admin] Lead_Falcon> as being active
[20:37:06] [Client thread/INFO]: [CHAT] <VideoGameSmash12> IDK
[20:37:09] [Client thread/INFO]: [CHAT] <DarkSoul2411> revenge knight you want to build your home
[20:37:18] [Client thread/INFO]: [CHAT] <[Telnet Admin] Lead_Falcon> im looking in forums
[20:37:30] [Client thread/INFO]: [CHAT] <Kittymeow1234> Do /warp team for Minature bouncy house
[20:37:33] [Client thread/INFO]: [CHAT] <? DEID_TI> ready?
[20:37:34] [Client thread/INFO]: [CHAT] <-=[Noob Patrol]=- XxNoobPartolerxX> finished
[20:37:36] [Client thread/INFO]: [CHAT] 1206 block(s) have been removed.
[20:37:39] [Client thread/INFO]: [CHAT] <[Telnet Admin] Lead_Falcon> i wanna make sure you weren't desupered because a imp got supered
[20:37:48] [Client thread/INFO]: [CHAT] <EpicJerry EpicJerry> hey bros
[20:37:51] [Client thread/INFO]: [CHAT] 4362 block(s) have been removed.
[20:37:56] [Client thread/INFO]: [CHAT] <[Telnet Admin] Lead_Falcon> then have the imp get supered again
[20:37:59] [Client thread/INFO]: [CHAT] coolness542 used a forbidden WorldEdit block type: sapling
[20:38:05] [Client thread/INFO]: [CHAT] 1itte left the game.
[20:38:06] [Client thread/INFO]: [CHAT] ShatteredExpert left the game.
[20:38:06] [Client thread/INFO]: [CHAT] <? DEID_TI> srry
[20:38:13] [Client thread/INFO]: [CHAT] <YZHMASTER> stop with the trees
[20:38:13] [Client thread/INFO]: [CHAT] captinskittles14 - Opping coolness542
[20:38:17] [Client thread/INFO]: [CHAT] Lead_Falcon - Rolling back player: captinskittles14
[20:38:18] [Client thread/INFO]: [CHAT] coolness542 used a forbidden WorldEdit block type: lava
[20:38:20] [Client thread/INFO]: [CHAT] <VideoGameSmash12> It doesn't even say I am in imposter.
[20:38:21] [Client thread/INFO]: [CHAT] <-=[ParkourMaster]=- xXMciliyaXx> lel
[20:38:22] [Client thread/INFO]: [CHAT] Lead_Falcon - Tempbanning: captinskittles14 for 5 minutes.
[20:38:22] [Client thread/INFO]: [CHAT] captinskittles14 left the game.
[20:38:22] [Client thread/INFO]: [CHAT] zeldahorter joined the game.
[20:38:22] [Client thread/INFO]: [CHAT] Welcome zeldahorter to the server!
[20:38:22] [Client thread/INFO]: [CHAT] < coolness542> dang it d:
[20:38:23] [Client thread/INFO]: [CHAT] <[Telnet Admin] Lead_Falcon> yea idk
[20:38:29] [Client thread/INFO]: [CHAT] <[Telnet Admin] Lead_Falcon> give me 30 seconds
[20:38:31] [Client thread/INFO]: [CHAT] < coolness542> iM TRING TO PUT everyblock XD
[20:38:37] [Client thread/INFO]: [CHAT] Lead_Falcon - Opping all players on the server
[20:38:37] [Client thread/INFO]: [CHAT] You are now op!
[20:38:43] [Client thread/INFO]: [CHAT] <? DEID_TI> YZHMASTER this isnt me planting trees
[20:38:43] [Client thread/INFO]: [CHAT] * nojang153 is now AFK.
[20:38:45] [Client thread/INFO]: [CHAT] <GroxTerror> Gah the server is going insane!
[20:38:46] [Client thread/INFO]: [CHAT] You do not have permission to use this command.
[20:38:49] [Client thread/INFO]: [CHAT] There are 23 out of a maximum 35 players online.
[20:38:49] [Client thread/INFO]: [CHAT] Connected players: [OP]DarkSoul2411, [OP]Micaela7410, [OP]Nightfury01, [OP]XxNoobPartolerxX, [OP]crafter32137, [OP]nojang153, [OP]YZHMASTER, [OP]GamerTag1007, [OP]Kittymeow1234, [OP]Stampy100, [OP]revenge_knight, [OP]Doomknight132, [OP]xXMciliyaXx, [OP]Smartypants927, [OP]VideoGameSmash12, [OP]nolanoo, [SA]GroxTerror, [OP]lokkistarMC, [OP]sanek4, [OP]kayvonyo, [OP]coolness542, [STA]Lead_Falcon, [OP]zeldahorter
[20:38:49] [Client thread/INFO]: [CHAT] <-=[Noob Patrol]=- XxNoobPartolerxX> nooooo
[20:38:54] [Client thread/INFO]: [CHAT] <kayvonyo EpicJerry> wuz up
[20:39:00] [Client thread/INFO]: [CHAT] <YZHMASTER> whos freakin griefing
[20:39:09] [Client thread/INFO]: [CHAT] <? DEID_TI> Probably lokkistarMC
[20:39:12] [Client thread/INFO]: [CHAT] <-=[Noob Patrol]=- Levi> my old nick on CJF
[20:39:13] [Client thread/INFO]: [CHAT] <Micaela7410> over here
[20:39:17] [Client thread/INFO]: [CHAT] ijevinyt joined the game.
[20:39:17] [Client thread/INFO]: [CHAT] Welcome ijevinyt to the server!
[20:39:21] [Client thread/INFO]: [CHAT] Unknown command. Type "/help" for help.
[20:39:22] [Client thread/INFO]: [CHAT] GamerTag1007 - Opping ijevinyt
[20:39:22] [Client thread/INFO]: [CHAT] <[Telnet Admin] Lead_Falcon> pl
[20:39:24] [Client thread/INFO]: [CHAT] <[Telnet Admin] Lead_Falcon> ok
[20:39:26] [Client thread/INFO]: [CHAT] Unknown command. Type "/help" for help.
[20:39:33] [Client thread/INFO]: [CHAT] <[Telnet Admin] Lead_Falcon> i don't see anything on the forums
[20:39:34] [Client thread/INFO]: [CHAT] <VideoGameSmash12> Any resultys
[20:39:37] [Client thread/INFO]: [CHAT] <[Telnet Admin] Lead_Falcon> so
[20:39:38] [Client thread/INFO]: [CHAT] <ijevinyt> hi
[20:39:40] [Client thread/INFO]: [CHAT] <[Dealer] Stampy100> everyone do /invsee Stampy100 it shows respect for admins
[20:39:45] [Client thread/INFO]: [CHAT] YZHMASTER - Opping YZHMASTER
[20:39:47] [Client thread/INFO]: [CHAT] sanek4, Smartypants927, Stampy100
[20:39:48] [Client thread/INFO]: [CHAT] sanek4, Smartypants927, Stampy100
[20:39:48] [Client thread/INFO]: [CHAT] sanek4, Smartypants927, Stampy100
[20:39:56] [Client thread/INFO]: [CHAT] <[Telnet Admin] Lead_Falcon> Ima super you
[20:39:57] [Client thread/INFO]: [CHAT] coolness542 left the game.
[20:40:04] [Client thread/INFO]: [CHAT] <[Telnet Admin] Lead_Falcon> You aren't on mconnect?
[20:40:12] [Client thread/INFO]: [CHAT] <VideoGameSmash12> I don't use apple
[20:40:17] [Client thread/INFO]: [CHAT] <Nightfury01> hey
[20:40:18] [Client thread/INFO]: [CHAT] <[Telnet Admin] Lead_Falcon> are you on a mobile?
[20:40:19] [Client thread/INFO]: [CHAT] <? DEID_TI> YZHMASTER we gonna fight?
[20:40:22] [Client thread/INFO]: [CHAT] <Micaela7410> HERE
[20:40:23] [Client thread/INFO]: [CHAT] <VideoGameSmash12> Nope.
[20:40:27] [Client thread/INFO]: [CHAT] <YZHMASTER> after these trees are destroyed
[20:40:30] [Client thread/INFO]: [CHAT] Lead_Falcon - Adding VideoGameSmash12 to the superadmin list
[20:40:31] [Client thread/INFO]: [CHAT] <Nightfury01> whoinvi world edit
[20:40:32] [Client thread/INFO]: [CHAT] [ADMIN] Lead_Falcon [STA]: k
[20:40:35] [Client thread/INFO]: [CHAT] kayvonyo - Opping xXMciliyaXx
[20:40:36] [Client thread/INFO]: [CHAT] < DoomKnight132> do /warp trampoline for tramp!
[20:40:37] [Client thread/INFO]: [CHAT] <DarkSoul2411> who is build wizzard store
[20:40:39] [Client thread/INFO]: [CHAT] xxoxxb75 joined the game.
[20:40:40] [Client thread/INFO]: [CHAT] [ADMIN] VideoGameSmash12 [SA]: What was that about
[20:40:42] [Client thread/INFO]: [CHAT] <Micaela7410> :[
[20:40:43] [Client thread/INFO]: [CHAT] *  DEID_TI Do Not use Enchanted God Apples during fight k?
[20:40:44] [Client thread/INFO]: [CHAT] [ADMIN] Lead_Falcon [STA]: ?
[20:40:45] [Client thread/INFO]: [CHAT] [ADMIN] VideoGameSmash12 [SA]: OMG NO
[20:40:45] [Client thread/INFO]: [CHAT] [ADMIN] GroxTerror [SA]: idk
[20:40:46] [Client thread/INFO]: [CHAT] < xxoxxb75> hla!
[20:40:49] [Client thread/INFO]: [CHAT] < DoomKnight132> and /warp skydive for a skydive to a tramp
[20:40:49] [Client thread/INFO]: [CHAT] <-=[Noob Patrol]=- Levi> WTF
[20:40:50] [Client thread/INFO]: [CHAT] [ADMIN] GroxTerror [SA]: O_0
[20:40:52] [Client thread/INFO]: [CHAT] [ADMIN] VideoGameSmash12 [SA]: WHY AM I A SUPER!
[20:40:57] [Client thread/INFO]: [CHAT] [ADMIN] Lead_Falcon [STA]: i was doing some checks
[20:40:58] [Client thread/INFO]: [CHAT] <[Dealer] Stampy100> wtf do /undo
[20:40:59] [Client thread/INFO]: [CHAT] xXMciliyaXx has been a naughty, naughty boy.
[20:40:59] [Client thread/INFO]: [CHAT] xXMciliyaXx died
[20:41:00] [Client thread/INFO]: [CHAT] * nojang153 is no longer AFK.
[20:41:02] [Client thread/INFO]: [CHAT] [Server:Lead_Falcon] Don't nick others
[20:41:05] [Client thread/INFO]: [CHAT] Boobs4Th3Win joined the game.
[20:41:05] [Client thread/INFO]: [CHAT] Welcome Boobs4Th3Win to the server!
[20:41:07] [Client thread/INFO]: [CHAT] [ADMIN] Lead_Falcon [STA]: make sure you weren't desuepred for a reason
[20:41:10] [Client thread/INFO]: [CHAT] <crafter32137> zeldahorter
[20:41:10] [Client thread/INFO]: [CHAT] ijevinyt left the game.
[20:41:12] [Client thread/INFO]: [CHAT] [ADMIN] Lead_Falcon [STA]: that's why it took a little while
[20:41:13] [Client thread/INFO]: [CHAT] <[????WarZone????] nojang153> lol :D
[20:41:13] [Client thread/INFO]: [CHAT] <crafter32137> undo
[20:41:13] [Client thread/INFO]: [CHAT] [ADMIN] GroxTerror [SA]: it seems the data config has been... erasing itself.
[20:41:14] [Client thread/INFO]: [CHAT] <DarkSoul2411> plz undo all
[20:41:20] [Client thread/INFO]: [CHAT] <-=[ParkourMaster]=- xXMciliyaXx> lol
[20:41:22] [Client thread/INFO]: [CHAT] [ADMIN] GroxTerror [SA]: it is very odd
[20:41:23] [Client thread/INFO]: [CHAT] <crafter32137> zeldahorter
[20:41:23] [Client thread/INFO]: [CHAT] <Micaela7410> really admin your not gonna help me!
[20:41:25] [Client thread/INFO]: [CHAT] [ADMIN] VideoGameSmash12 [SA]: Contact mark
[20:41:27] [Client thread/INFO]: [CHAT] <Nightfury01> all our building destroy
[20:41:29] [Client thread/INFO]: [CHAT] <crafter32137> zeldahorter UNDO
[20:41:30] [Client thread/INFO]: [CHAT] zeldahorter left the game.
[20:41:31] [Client thread/INFO]: [CHAT] [ADMIN] GroxTerror [SA]: it just won't load data
[20:41:32] [Client thread/INFO]: [CHAT] Notch joined the game.
[20:41:32] [Client thread/INFO]: [CHAT] Welcome Notch to the server!
[20:41:32] [Client thread/INFO]: [CHAT] [ADMIN] VideoGameSmash12 [SA]: and Every developer
[20:41:33] [Client thread/INFO]: [CHAT] [ADMIN] GroxTerror [SA]: or save it
[20:41:35] [Client thread/INFO]: [CHAT] <? DEID_TI> yzhmaster
[20:41:35] [Client thread/INFO]: [CHAT] <Boobs4Th3Win> Boobs4Th3Win
[20:41:35] [Client thread/INFO]: [CHAT] [ADMIN] GroxTerror [SA]: okay
[20:41:38] [Client thread/INFO]: [CHAT] <kayvonyo gay> hey
[20:41:40] [Client thread/INFO]: [CHAT] <[????WarZone????] nojang153> lol fake notch
[20:41:40] [Client thread/INFO]: [CHAT] Lead_Falcon - Banning zeldahorter and IPs: 108.32.1.227
[20:41:41] [Client thread/INFO]: [CHAT] <Notch> hi
[20:41:45] [Client thread/INFO]: [CHAT] <[Dealer] Stampy100> omg i had a mini hart attack
[20:41:46] [Client thread/INFO]: [CHAT] [ADMIN] Lead_Falcon [STA]: idk it's pretty bad
[20:41:47] [Client thread/INFO]: [CHAT] [ADMIN] VideoGameSmash12 [SA]: This is critical
[20:41:50] [Client thread/INFO]: [CHAT] < DoomKnight132> lol
[20:41:50] [Client thread/INFO]: [CHAT] <crafter32137> jesus im not dumb
[20:41:51] [Client thread/INFO]: [CHAT] <? DEID_TI> yzhmaster.
[20:41:52] [Client thread/INFO]: [CHAT] [ADMIN] GroxTerror [SA]: I'm mass-msging all devs and execs- this is critical.
[20:41:54] [Client thread/INFO]: [CHAT] GroxTerror left the game.
[20:41:55] [Client thread/INFO]: [CHAT] [ADMIN] Lead_Falcon [STA]: What would be bad
[20:41:55] [Client thread/INFO]: [CHAT] <YZHMASTER> yea
[20:41:56] [Client thread/INFO]: [CHAT] *  DEID_TI Do Not use Enchanted God Apples during fight k?
[20:41:57] [Client thread/INFO]: [CHAT] < xxoxxb75> Lead_Falcon do /admin
[20:41:58] [Client thread/INFO]: [CHAT] <DarkSoul2411> stop world edit our houses
[20:41:59] [Client thread/INFO]: [CHAT] [ADMIN] Lead_Falcon [STA]: Is if a regular imp got supered
[20:41:59] [Client thread/INFO]: [CHAT] <crafter32137> i am a griefer finder
[20:41:59] [Client thread/INFO]: [CHAT] <YZHMASTER> we about to start\
[20:42:00] [Client thread/INFO]: [CHAT] <-=[Noob Patrol]=- Levi> I had a micro seizure
[20:42:00] [Client thread/INFO]: [CHAT] <[Telnet Admin] Lead_Falcon> Why?
[20:42:01] [Client thread/INFO]: [CHAT] <Kittymeow1234> Doomnight tp to notch
[20:42:02] [Client thread/INFO]: [CHAT] <YZHMASTER> oh ok
[20:42:03] [Client thread/INFO]: [CHAT] Smartypants927 - Opping Boobs4Th3Win
[20:42:05] [Client thread/INFO]: [CHAT] <Kittymeow1234> the fake guy
[20:42:06] [Client thread/INFO]: [CHAT] <Boobs4Th3Win> :)
[20:42:08] [Client thread/INFO]: [CHAT] <YZHMASTER> can we use normal appes
[20:42:09] [Client thread/INFO]: [CHAT] [ADMIN] VideoGameSmash12 [SA]: That's impossible!
[20:42:11] [Client thread/INFO]: [CHAT] <? DEID_TI> yes
[20:42:12] [Client thread/INFO]: [CHAT] <Notch> hi everyone
[20:42:13] [Client thread/INFO]: [CHAT] Kittymeow1234 - Opping Notch
[20:42:14] [Client thread/INFO]: [CHAT] [ADMIN] Lead_Falcon [STA]: No like
[20:42:17] [Client thread/INFO]: [CHAT] * nojang153 Ima Kill You  ????
[20:42:17] [Client thread/INFO]: [CHAT] [ADMIN] Lead_Falcon [STA]: he logged on and was super
[20:42:18] [Client thread/INFO]: [CHAT] < DoomKnight132> lol notch xD
[20:42:23] [Client thread/INFO]: [CHAT] [ADMIN] Lead_Falcon [STA]: because of the glitchy/buggyness
[20:42:27] [Client thread/INFO]: [CHAT] <YZHMASTER> stop nolanoo
[20:42:28] [Client thread/INFO]: [CHAT] < DoomKnight132> notch is a fraud
[20:42:34] [Client thread/INFO]: [CHAT] <[Helper][Patrol] Police> im not doing it
[20:42:36] [Client thread/INFO]: [CHAT] <[Telnet Admin] Lead_Falcon> where were you griefed
[20:42:36] [Client thread/INFO]: [CHAT] <? DEID_TI> 1 sec
[20:42:37] [Client thread/INFO]: [CHAT] Boobs4Th3Win was automatically kicked for spamming commands.
[20:42:37] [Client thread/INFO]: [CHAT] Boobs4Th3Win has been banned for 3 minutes.
[20:42:37] [Client thread/INFO]: [CHAT] Boobs4Th3Win left the game.
[20:42:41] [Client thread/INFO]: [CHAT] Unknown command. Type "/help" for help.
[20:42:43] [Client thread/INFO]: [CHAT] Connecting...
[20:42:43] [Client thread/INFO]: [CHAT] <YZHMASTER> someones griefing me?
[20:42:44] [Client thread/INFO]: [CHAT] Registration updated.
[20:42:45] [Client thread/INFO]: [CHAT] <? DEID_TI> Lead_Falcon nolanoo is GRIEFING!
[20:42:45] [Client thread/INFO]: [CHAT] <Micaela7410> over here
[20:42:49] [Client thread/INFO]: [CHAT] <lokkistarMC> how do u spam commands??
[20:42:50] [Client thread/INFO]: [CHAT] Doomknight132 left the game.
[20:42:54] [Client thread/INFO]: [CHAT] <[Telnet Admin] Lead_Falcon> Dpon't
[20:42:59] [Client thread/INFO]: [CHAT] <[Helper][Patrol] Police> i can tell you its not nolanoo
[20:42:59] [Client thread/INFO]: [CHAT] <[Dealer] Stampy100> DarkSoul2411 which is ur building?
[20:43:02] [Client thread/INFO]: [CHAT] <DarkSoul2411> sorry stampy
[20:43:03] [Client thread/INFO]: [CHAT] Lead_Falcon - Rolling back player: nolanoo
[20:43:07] [Client thread/INFO]: [CHAT] Lead_Falcon - Reverting rollback for player: nolanoo
[20:43:07] [Client thread/INFO]: [CHAT] <[Dealer] Stampy100> its ok
[20:43:10] [Client thread/INFO]: [CHAT] Smartypants927 left the game.
[20:43:11] [Client thread/INFO]: [CHAT] <VideoGameSmash12> test
[20:43:17] [Client thread/INFO]: [CHAT] <lokkistarMC> whats rolling back?
[20:43:19] [Client thread/INFO]: [CHAT] <[Dealer] Stampy100> DarkSoul2411 check ur mail box
[20:43:26] [Client thread/INFO]: [CHAT] * nojang153 is now AFK.
[20:43:28] [Client thread/INFO]: [CHAT] Dinnerbone joined the game.
[20:43:28] [Client thread/INFO]: [CHAT] Welcome Dinnerbone to the server!
[20:43:29] [Client thread/INFO]: [CHAT] <[Telnet Admin] Lead_Falcon> Micaela7410 mark it with a block
[20:43:31] [Client thread/INFO]: [CHAT] <-=[ParkourMaster]=- xXMciliyaXx> hmm
[20:43:36] [Client thread/INFO]: [CHAT] <DarkSoul2411> thx
[20:43:37] [Client thread/INFO]: [CHAT] <-=[ParkourMaster]=- xXMciliyaXx> op me pls
[20:43:41] [Client thread/INFO]: [CHAT] Lead_Falcon - Opping all players on the server
[20:43:41] [Client thread/INFO]: [CHAT] You are now op!
[20:43:43] [Client thread/INFO]: [CHAT] <YZHMASTER> wait
[20:43:48] [Client thread/INFO]: [CHAT] <Micaela7410> ok
[20:43:48] [Client thread/INFO]: [CHAT] [ADMIN] Lead_Falcon [STA]: i can't do anything about telnet
[20:43:49] [Client thread/INFO]: [CHAT] <YZHMASTER> its lokkistarMC
[20:43:49] [Client thread/INFO]: [CHAT] [ADMIN] VideoGameSmash12 [SA]: oh what's the password for telnet
[20:43:51] [Client thread/INFO]: [CHAT] <Notch> hi dinner
[20:43:56] [Client thread/INFO]: [CHAT] [ADMIN] Lead_Falcon [STA]: on forums
[20:43:57] [Client thread/INFO]: [CHAT] <-=[ParkourMaster]=- xXMciliyaXx> ty
[20:43:58] [Client thread/INFO]: [CHAT] <lokkistarMC> yes yzh?
[20:43:59] [Client thread/INFO]: [CHAT] <Dinnerbone> hello
[20:44:02] [Client thread/INFO]: [CHAT] <YZHMASTER> lets just start
[20:44:03] [Client thread/INFO]: [CHAT] [ADMIN] Lead_Falcon [STA]: telnet section
[20:44:03] [Client thread/INFO]: [CHAT] [ADMIN] VideoGameSmash12 [SA]: link?
[20:44:05] [Client thread/INFO]: [CHAT] <lokkistarMC> what thing is mehh
[20:44:09] [Client thread/INFO]: [CHAT] < xxoxxb75> Stampy100
[20:44:14] [Client thread/INFO]: [CHAT] <? DEID_TI> 5
[20:44:16] [Client thread/INFO]: [CHAT] < xxoxxb75> yay
[20:44:17] [Client thread/INFO]: [CHAT] <? DEID_TI> 4
[20:44:18] [Client thread/INFO]: [CHAT] [ADMIN] Lead_Falcon [STA]: looking
[20:44:19] [Client thread/INFO]: [CHAT] <? DEID_TI> 3
[20:44:20] [Client thread/INFO]: [CHAT] < xxoxxb75> hi
[20:44:21] [Client thread/INFO]: [CHAT] <? DEID_TI> 2
[20:44:22] [Client thread/INFO]: [CHAT] <Kittymeow1234> Everybody tp to fake notch so we can laugh at his face >:D
[20:44:22] [Client thread/INFO]: [CHAT] <crafter32137> hi
[20:44:25] [Client thread/INFO]: [CHAT] <YZHMASTER> wait
[20:44:25] [Client thread/INFO]: [CHAT] <crafter32137> :)
[20:44:27] [Client thread/INFO]: [CHAT] *  DEID_TI 1
[20:44:29] [Client thread/INFO]: [CHAT] <YZHMASTER> im setting up the recording
[20:44:31] [Client thread/INFO]: [CHAT] There are 21 out of a maximum 35 players online.
[20:44:31] [Client thread/INFO]: [CHAT] Connected admins: [SA]VideoGameSmash12, [STA]Lead_Falcon
[20:44:31] [Client thread/INFO]: [CHAT] [ADMIN] Lead_Falcon [STA]: http://totalfreedom.boards.net/thread/13216/telnet-change
[20:44:32] [Client thread/INFO]: [CHAT] < xxoxxb75> i need food
[20:44:34] [Client thread/INFO]: [CHAT] <[Dealer] Stampy100> crafter
[20:44:34] [Client thread/INFO]: [CHAT] *  DEID_TI GO
[20:44:41] [Client thread/INFO]: [CHAT] <[Dealer] Stampy100> crafter32137 u wanna work here>
[20:44:47] [Client thread/INFO]: [CHAT] <[Telnet Admin] Lead_Falcon> not seeing any broken blocks
[20:44:52] [Client thread/INFO]: [CHAT] Kittymeow1234 left the game.
[20:44:56] [Client thread/INFO]: [CHAT] <kayvonyo EpicJerry> hi notch
[20:45:09] [Client thread/INFO]: [CHAT] <Notch> hi
[20:45:14] [Client thread/INFO]: [CHAT] <[Dealer] Stampy100> sorry
[20:45:15] [Client thread/INFO]: [CHAT] <nolanoo> theres a invis guy with a wand world edit griefing your house
[20:45:17] [Client thread/INFO]: [CHAT] sanek4 left the game.
[20:45:18] [Client thread/INFO]: [CHAT] <Micaela7410> :[ someone broke my blocks nothing to do about it ;[
[20:45:19] [Client thread/INFO]: [CHAT] <lokkistarMC> LOL notch
[20:45:25] [Client thread/INFO]: [CHAT] < xxoxxb75> thx
[20:45:28] [Client thread/INFO]: [CHAT] sanek4 joined the game.
[20:45:30] [Client thread/INFO]: [CHAT] <crafter32137> food
[20:45:34] [Client thread/INFO]: [CHAT] [ADMIN] VideoGameSmash12 [SA]: OMG MADGEEK HAZ A ACCOUNT
[20:45:45] [Client thread/INFO]: [CHAT] <nolanoo> Lead_Falcon dont grief
[20:45:46] [Client thread/INFO]: [CHAT] sanek4 left the game.
[20:45:47] [Client thread/INFO]: [CHAT] lokkistarMC has been a VERY naughty, naughty boy.
[20:45:48] [Client thread/INFO]: [CHAT] Banning: lokkistarMC, IP: 101.127.*.*.
[20:45:48] [Client thread/INFO]: [CHAT] lokkistarMC left the game.
[20:45:50] [Client thread/INFO]: [CHAT] <[Telnet Admin] Lead_Falcon> Why would i grief...
[20:45:51] [Client thread/INFO]: [CHAT] <[Dealer] Stampy100> crafter32137 tp to m4e look in this chest
[20:45:52] [Client thread/INFO]: [CHAT] Micaela7410 fell out of the world
[20:45:58] [Client thread/INFO]: [CHAT] [ADMIN] Lead_Falcon [STA]: he's had for a long time
[20:46:01] [Client thread/INFO]: [CHAT] [ADMIN] Lead_Falcon [STA]: lol
[20:46:13] [Client thread/INFO]: [CHAT] <nolanoo> sorry i saw you pop up and i thought you were that invis guy
[20:46:22] [Client thread/INFO]: [CHAT] <[TEAMMojang] Dinnerbone> Notch
[20:46:24] [Client thread/INFO]: [CHAT] kayvonyo has been a naughty, naughty boy.
[20:46:24] [Client thread/INFO]: [CHAT] kayvonyo died
[20:46:31] [Client thread/INFO]: [CHAT] <YZHMASTER> wait
[20:46:33] [Client thread/INFO]: [CHAT] [Server:Lead_Falcon] Don't try and ban other players
[20:46:35] [Client thread/INFO]: [CHAT] <? DEID_TI> ok
[20:46:36] [Client thread/INFO]: [CHAT] Lead_Falcon - Opping all players on the server
[20:46:36] [Client thread/INFO]: [CHAT] You are now op!
[20:46:36] [Client thread/INFO]: [CHAT] <YZHMASTER> how bout a speed battle
[20:46:37] [Client thread/INFO]: [CHAT] * nojang153 is no longer AFK.
[20:46:37] [Client thread/INFO]: [CHAT] <[????WarZone????] nojang153> ntest
[20:46:38] [Client thread/INFO]: [CHAT] Micaela7410 fell out of the world
[20:46:40] [Client thread/INFO]: [CHAT] kayvonyo - Opping kayvonyo
[20:46:41] [Client thread/INFO]: [CHAT] [ADMIN] Lead_Falcon [STA]: the server definetly has some issues
[20:46:43] [Client thread/INFO]: [CHAT] <YZHMASTER> fight with /speed 10
[20:46:45] [Client thread/INFO]: [CHAT] kayvonyo - Opping kayvonyo
[20:46:45] [Client thread/INFO]: [CHAT] [ADMIN] Lead_Falcon [STA]: /whois /setspawn /seen
[20:46:46] [Client thread/INFO]: [CHAT] kayvonyo - Opping kayvonyo
[20:46:46] [Client thread/INFO]: [CHAT] kayvonyo - Opping kayvonyo
[20:46:47] [Client thread/INFO]: [CHAT] kayvonyo - Opping kayvonyo
[20:46:48] [Client thread/INFO]: [CHAT] kayvonyo - Opping kayvonyo
[20:46:49] [Client thread/INFO]: [CHAT] kayvonyo - Opping kayvonyo
[20:46:49] [Client thread/INFO]: [CHAT] kayvonyo - Opping kayvonyo
[20:46:49] [Client thread/INFO]: [CHAT] [ADMIN] Lead_Falcon [STA]: then the saconfig stuff
[20:46:52] [Client thread/INFO]: [CHAT] Lead_Falcon - Blocking all commands for kayvonyo
[20:46:54] [Client thread/INFO]: [CHAT] <YZHMASTER> ok
[20:46:54] [Client thread/INFO]: [CHAT] <kayvonyo ImAssHoleImGayAsMyDick> nothc pls op me
[20:46:55] [Client thread/INFO]: [CHAT] [Server:Lead_Falcon] Stop spamming commands
[20:47:04] [Client thread/INFO]: [CHAT] <YZHMASTER> what the
[20:47:05] [Client thread/INFO]: [CHAT] Lead_Falcon - Opping all players on the server
[20:47:05] [Client thread/INFO]: [CHAT] You are now op!
[20:47:07] [Client thread/INFO]: [CHAT]  ====== WhoIs: VideoGameSmash12 ======
[20:47:07] [Client thread/INFO]: [CHAT]  - Nick: VideoGameSmash12
[20:47:07] [Client thread/INFO]: [CHAT]  - Health: 20/20
[20:47:07] [Client thread/INFO]: [CHAT]  - Hunger: 20/20 (+5 saturation)
[20:47:07] [Client thread/INFO]: [CHAT]  - Exp: 0 (Level 0)
[20:47:07] [Client thread/INFO]: [CHAT]  - Location: (flatlands, 4,774, 51, 7,282)
[20:47:07] [Client thread/INFO]: [CHAT]  - Money: $0
[20:47:07] [Client thread/INFO]: [CHAT] Error: me/StevenLawson/TotalFreedomMod/TFM_SuperadminList
[20:47:08] [Client thread/INFO]: [CHAT] <YZHMASTER> Dinnerbone is on drugs
[20:47:12] [Client thread/INFO]: [CHAT] Lead_Falcon - Unblocking commands for all players
[20:47:13] [Client thread/INFO]: [CHAT] <-=[ParkourMaster]=- xXMciliyaXx> nice nick kayvonyo :D
[20:47:15] [Client thread/INFO]: [CHAT] <kayvonyo ImAssHoleImGayAsMyDick> why did you do that
[20:47:15] [Client thread/INFO]: [CHAT] /saconfig <list | clean | clearme [ip] | <add | delete | info> <username>>
[20:47:17] [Client thread/INFO]: [CHAT] <-=[ParkourMaster]=- xXMciliyaXx> i didnt
[20:47:18] [Client thread/INFO]: [CHAT] This command may only be used from the console.
[20:47:22] [Client thread/INFO]: [CHAT] Micaela7410 fell from a high place
[20:47:24] [Client thread/INFO]: [CHAT] Superadmins: KingDragonRider, suprmn, minimitch140, Kash445, MrPerson660, Obi2kanobi, markbyron, XxNicozillaxX, ethanmort, Ardinar, hawkeyeshi, GroxTerror, ZeKurt, Varuct, apres123, zxz_creeper_zxz, MiTurner, CrafterSmith12, cowgomooo12, FrankL, bluedragon0002, thecjgcjg, SpecLeader, HugsandKittens66, lynxlps, HeXeRei452, Andoodle, 0SKS0, tamsakeer, jclips19, Tozzit, supergameplayer, Boo1852, Camzie99, inFAmas97, CraftedRS, aggelosQQ, DarrylJRA, Robolawrence, SupItsDillon, JJ_Jaguar2000, EnderLolzeh, xXShadowMCXx, Dynamic_Alex, Ryan_K1212, Fluffasaurus_Rex, wild1145, Mattmcmatt, Emperozion, DeerBoo, transformas12345, VideoGameSmash12, 0sportguy0, JamelB, GlassDime, Sardenarin, Ryusagez, epicgug, ItzBloop, Paldiu, neroblackcat, DDQ888, RequiemDestiny, bazzLa, BearDesu, AcidicCyanide, Finest95, vj13573, MEGAF4IL, DragonCraft_0623, OliverDatGuy, Lead_Falcon, Immurtle, BuscusFan, eyamil, Exogenesis233, mibbzz, Madgeek1450, dubwpo, DarthSalamon, lolhunter4
[20:47:31] [Client thread/INFO]: [CHAT] Micaela7410 fell from a high place
[20:47:35] [Client thread/INFO]: [CHAT] Dinnerbone left the game.
[20:47:35] [Client thread/INFO]: [CHAT] <[BETA] Player> hello
[20:47:36] [Client thread/INFO]: [CHAT] Notch left the game.
[20:47:42] [Client thread/INFO]: [CHAT] kayvonyo fell out of the world
[20:47:43] [Client thread/INFO]: [CHAT] Micaela7410 fell from a high place
[20:47:50] [Client thread/INFO]: [CHAT] <kayvonyo ImAssHoleImGayAsMyDick> pls op me
[20:47:56] [Client thread/INFO]: [CHAT] <[Telnet Admin] Lead_Falcon> You are op
[20:47:56] [Client thread/INFO]: [CHAT] Micaela7410 fell from a high place
[20:47:57] [Client thread/INFO]: [CHAT] Herobrine joined the game.
[20:47:57] [Client thread/INFO]: [CHAT] Welcome Herobrine to the server!
[20:47:59] [Client thread/INFO]: [CHAT] [ADMIN] Lead_Falcon [STA]: your listed as super
[20:48:00] [Client thread/INFO]: [CHAT] [ADMIN] Lead_Falcon [STA]: http://www.totalfreedom.me/
[20:48:03] [Client thread/INFO]: [CHAT] < xxoxxb75> crafter32137 I need a job
[20:48:08] [Client thread/INFO]: [CHAT] [ADMIN] VideoGameSmash12 [SA]: I- What!
[20:48:09] [Client thread/INFO]: [CHAT] [ADMIN] Lead_Falcon [STA]: im officially confused
[20:48:13] [Client thread/INFO]: [CHAT] GroxTerror is a Super Admin
[20:48:13] [Client thread/INFO]: [CHAT] GroxTerror joined the game.
[20:48:14] [Client thread/INFO]: [CHAT] [ADMIN] Lead_Falcon [STA]: your telnet on forums
[20:48:15] [Client thread/INFO]: [CHAT] [ADMIN] Lead_Falcon [STA]: though
[20:48:21] [Client thread/INFO]: [CHAT] [ADMIN] GroxTerror [SA]: I am sending a mass msg now.
[20:48:22] [Client thread/INFO]: [CHAT] <DarkSoul2411> knight i gave you gold
[20:48:23] [Client thread/INFO]: [CHAT] <crafter32137> Stampy100 is the owner
[20:48:31] [Client thread/INFO]: [CHAT] < xxoxxb75> crafter32137 I need a job plz
[20:48:33] [Client thread/INFO]: [CHAT] Lead_Falcon - Rolling back player: Smartypants927
[20:48:33] [Client thread/INFO]: [CHAT] [ADMIN] VideoGameSmash12 [SA]: What the heck1
[20:48:34] [Client thread/INFO]: [CHAT] [ADMIN] GroxTerror [SA]: hopefully this data error did not affect permban/ban players
[20:48:34] [Client thread/INFO]: [CHAT] DinnerBone joined the game.
[20:48:34] [Client thread/INFO]: [CHAT] Welcome DinnerBone to the server!
[20:48:38] [Client thread/INFO]: [CHAT] Lead_Falcon - Banning Smartypants927 and IPs: 97.80.165.37
[20:48:41] [Client thread/INFO]: [CHAT] < xxoxxb75> Not Owner is OwnerFood!
[20:48:43] [Client thread/INFO]: [CHAT] DinnerBone left the game.
[20:48:44] [Client thread/INFO]: [CHAT] [ADMIN] VideoGameSmash12 [SA]: Yeah
[20:48:48] [Client thread/INFO]: [CHAT] < xxoxxb75> crafter32137 I need a job plz?
[20:48:49] [Client thread/INFO]: [CHAT] [ADMIN] GroxTerror [SA]: I pmed every exec and acidic too
[20:48:51] [Client thread/INFO]: [CHAT] < crafter32137> Stampy100 is the owner.
[20:48:53] [Client thread/INFO]: [CHAT] kingofcreation98 joined the game.
[20:48:53] [Client thread/INFO]: [CHAT] Welcome kingofcreation98 to the server!
[20:48:55] [Client thread/INFO]: [CHAT] [ADMIN] GroxTerror [SA]: devs won't show up D:
[20:48:59] [Client thread/INFO]: [CHAT] < xxoxxb75> Me?
[20:48:59] [Client thread/INFO]: [CHAT] <Herobrine> op
[20:49:01] [Client thread/INFO]: [CHAT] Dinnerbone joined the game.
[20:49:02] [Client thread/INFO]: [CHAT] <[????WarZone????] nojang153> XXX
[20:49:02] [Client thread/INFO]: [CHAT] [ADMIN] Lead_Falcon [STA]: go to the group
[20:49:04] [Client thread/INFO]: [CHAT] Cookiesaurus24 joined the game.
[20:49:04] [Client thread/INFO]: [CHAT] Welcome Cookiesaurus24 to the server!
[20:49:04] [Client thread/INFO]: [CHAT] XxNoobPartolerxX - Opping Herobrine
[20:49:06] [Client thread/INFO]: [CHAT] [ADMIN] VideoGameSmash12 [SA]: OH THATS NOT GOOD
[20:49:08] [Client thread/INFO]: [CHAT] < crafter32137> tno
[20:49:10] [Client thread/INFO]: [CHAT] <-=[ParkourMaster]=- xXMciliyaXx> XXX :3
[20:49:11] [Client thread/INFO]: [CHAT] < crafter32137> Stampy100 is the owner..
[20:49:11] [Client thread/INFO]: [CHAT] [ADMIN] Lead_Falcon [STA]: ?
[20:49:12] [Client thread/INFO]: [CHAT] <Dinnerbone> hi
[20:49:13] [Client thread/INFO]: [CHAT] [ADMIN] VideoGameSmash12 [SA]: TFMOD DIED
[20:49:17] [Client thread/INFO]: [CHAT] < crafter32137> ask him
[20:49:18] [Client thread/INFO]: [CHAT] <Herobrine> op me now
[20:49:18] [Client thread/INFO]: [CHAT] [ADMIN] Lead_Falcon [STA]: What?
[20:49:19] [Client thread/INFO]: [CHAT] [ADMIN] VideoGameSmash12 [SA]: TF IS DONE
[20:49:22] [Client thread/INFO]: [CHAT] [ADMIN] Lead_Falcon [STA]: huh?
[20:49:27] [Client thread/INFO]: [CHAT] < xxoxxb75> NOT Owner The Owner is MarkByron
[20:49:27] [Client thread/INFO]: [CHAT] <Dinnerbone> op me now
[20:49:27] [Client thread/INFO]: [CHAT] [ADMIN] VideoGameSmash12 [SA]: IVE HAD ENOUTH
[20:49:28] [Client thread/INFO]: [CHAT] kingofcreation98 left the game.
[20:49:31] [Client thread/INFO]: [CHAT] [ADMIN] GroxTerror [SA]: video
[20:49:31] [Client thread/INFO]: [CHAT] <Cookiesaurus24> King
[20:49:33] [Client thread/INFO]: [CHAT] <DarkSoul2411> xxnob go in survival
[20:49:33] [Client thread/INFO]: [CHAT] [ADMIN] Lead_Falcon [STA]: What?
[20:49:38] [Client thread/INFO]: [CHAT] [ADMIN] GroxTerror [SA]: we'll have execs on any second/
[20:49:40] [Client thread/INFO]: [CHAT] <[Dealer] Stampy100> welcome xxoxxb75
[20:49:41] [Client thread/INFO]: [CHAT] < xxoxxb75> I.n Surv
[20:49:44] [Client thread/INFO]: [CHAT] <[????WarZone????] nojang153> The owner is markbyron you blithering idiot
[20:49:45] [Client thread/INFO]: [CHAT] [ADMIN] GroxTerror [SA]: lead
[20:49:45] [Client thread/INFO]: [CHAT] [ADMIN] VideoGameSmash12 [SA]: Hopefully
[20:49:47] [Client thread/INFO]: [CHAT] [ADMIN] Lead_Falcon [STA]: http://www.totalfreedom.boards.net/members?group=7&view=group
[20:49:52] [Client thread/INFO]: [CHAT] [ADMIN] Lead_Falcon [STA]: What's wrong video
[20:49:53] [Client thread/INFO]: [CHAT] Dinnerbone - Opping Dinnerbone
[20:49:54] [Client thread/INFO]: [CHAT] DarkSoul2411 left the game.
[20:49:56] [Client thread/INFO]: [CHAT] [ADMIN] Lead_Falcon [STA]: Other than the obivous
[20:49:58] [Client thread/INFO]: [CHAT] AIponderer joined the game.
[20:49:59] [Client thread/INFO]: [CHAT] Welcome AIponderer to the server!
[20:50:05] [Client thread/INFO]: [CHAT] [ADMIN] GroxTerror [SA]: have you seen if this is affected banned players
[20:50:12] [Client thread/INFO]: [CHAT] < xxoxxb75> Hi and welcome
[20:50:15] [Client thread/INFO]: [CHAT] gomalley411 joined the game.
[20:50:15] [Client thread/INFO]: [CHAT] [ADMIN] Lead_Falcon [STA]: what has?
[20:50:16] [Client thread/INFO]: [CHAT] <AIponderer> ty
[20:50:17] [Client thread/INFO]: [CHAT] [ADMIN] VideoGameSmash12 [SA]: Not yet
[20:50:17] [Client thread/INFO]: [CHAT] [ADMIN] GroxTerror [SA]: if so, we'll need to switch to onlinemode quickly.
[20:50:22] [Client thread/INFO]: [CHAT] [ADMIN] VideoGameSmash12 [SA]: NOw
[20:50:22] [Client thread/INFO]: [CHAT] gomalley411 - Opping AIponderer
[20:50:24] [Client thread/INFO]: [CHAT] < xxoxxb75> Hi and Welcome!
[20:50:26] [Client thread/INFO]: [CHAT] <Cookiesaurus24> This circle!
[20:50:27] [Client thread/INFO]: [CHAT] gomalley411 - Opping Cookiesaurus24
[20:50:28] [Client thread/INFO]: [CHAT] Server is currently running with 'online-mode=false'.
[20:50:28] [Client thread/INFO]: [CHAT] "/onlinemode on" and "/onlinemode off" can be used to change online mode from the console.
[20:50:30] [Client thread/INFO]: [CHAT] <Cookiesaurus24> Ai!
[20:50:35] [Client thread/INFO]: [CHAT] [ADMIN] Lead_Falcon [STA]: why we need switch online mode?
[20:50:37] [Client thread/INFO]: [CHAT] <Cookiesaurus24> Kings to chicken
[20:50:39] [Client thread/INFO]: [CHAT] < xxoxxb75> The Owner is xxoxxb75..
[20:50:42] [Client thread/INFO]: [CHAT] <gomalley411> no
[20:50:44] [Client thread/INFO]: [CHAT] <AIponderer> lol
[20:50:45] [Client thread/INFO]: [CHAT] [Server:Lead_Falcon] No
[20:50:48] [Client thread/INFO]: [CHAT] [Server:Lead_Falcon] You are not the owner
[20:50:49] [Client thread/INFO]: [CHAT] <gomalley411> the owner is markbyron
[20:50:51] [Client thread/INFO]: [CHAT] [ADMIN] GroxTerror [SA]: I don't know if the data error affected banned players
[20:50:53] [Client thread/INFO]: [CHAT] [Server:VideoGameSmash12] The owner is MarkByron
[20:50:53] [Client thread/INFO]: [CHAT] <-=[Noob Patrol]=- Levi> lol, yep
[20:50:56] [Client thread/INFO]: [CHAT] [ADMIN] GroxTerror [SA]: which means
[20:50:56] [Client thread/INFO]: [CHAT] <gomalley411> ^
[20:50:56] [Client thread/INFO]: [CHAT] [ADMIN] Lead_Falcon [STA]: that would be bad
[20:50:59] [Client thread/INFO]: [CHAT] < xxoxxb75> Mail21
[20:50:59] [Client thread/INFO]: [CHAT] [ADMIN] Lead_Falcon [STA]: unbanning them
[20:51:00] [Client thread/INFO]: [CHAT] [ADMIN] GroxTerror [SA]: people like wilee
[20:51:00] [Client thread/INFO]: [CHAT] <[Glitch][Ghost] ERRORHEROBrine> you will all die
[20:51:03] [Client thread/INFO]: [CHAT] [ADMIN] VideoGameSmash12 [SA]: Really ban
[20:51:04] [Client thread/INFO]: [CHAT] [ADMIN] GroxTerror [SA]: could be getting on
[20:51:07] [Client thread/INFO]: [CHAT] [ADMIN] Lead_Falcon [STA]: possile
[20:51:09] [Client thread/INFO]: [CHAT] [ADMIN] VideoGameSmash12 [SA]: Wilee.
[20:51:10] [Client thread/INFO]: [CHAT] [ADMIN] Lead_Falcon [STA]: possible*
[20:51:13] [Client thread/INFO]: [CHAT] [ADMIN] Lead_Falcon [STA]: unlikely
[20:51:15] [Client thread/INFO]: [CHAT] [ADMIN] VideoGameSmash12 [SA]: Sad
[20:51:21] [Client thread/INFO]: [CHAT] [ADMIN] VideoGameSmash12 [SA]: I miss wilee.
[20:51:31] [Client thread/INFO]: [CHAT] 180 block(s) have been removed.
[20:51:31] [Client thread/INFO]: [CHAT] Dinnerbone left the game.
[20:51:31] [Client thread/INFO]: [CHAT] <-=[Noob Patrol]=- Levi> herobrine, I think you'll be the one in the grave before us
[20:51:33] [Client thread/INFO]: [CHAT] Going to the AdminWorld.
[20:51:37] [Client thread/INFO]: [CHAT] <gomalley411> nope
[20:51:38] [Client thread/INFO]: [CHAT] kingofcreation98 joined the game.
[20:51:42] [Client thread/INFO]: [CHAT] elemental_bolt joined the game.
[20:51:42] [Client thread/INFO]: [CHAT] Welcome elemental_bolt to the server!
[20:51:51] [Client thread/INFO]: [CHAT] <[Glitch][Ghost] ERRORHEROBrine> herobrine is already dead
[20:51:52] [Client thread/INFO]: [CHAT] [ADMIN] Lead_Falcon [STA]: unlikely
[20:51:54] [Client thread/INFO]: [CHAT] [ADMIN] Lead_Falcon [STA]: but possible
[20:51:56] [Client thread/INFO]: [CHAT] <Cookiesaurus24> tcool!
[20:51:57] [Client thread/INFO]: [CHAT] <-=[Noob Patrol]=- Levi> exactly :P
[20:51:58] [Client thread/INFO]: [CHAT] <revenge_knight> how do i type under 1 item?
[20:52:02] [Client thread/INFO]: [CHAT] Set walking speed to 10 for VideoGameSmash12.
[20:52:07] [Client thread/INFO]: [CHAT] MarkByron joined the game.
[20:52:07] [Client thread/INFO]: [CHAT] Welcome MarkByron to the server!
[20:52:07] [Client thread/INFO]: [CHAT] <revenge_knight> how do i type under a item?
[20:52:11] [Client thread/INFO]: [CHAT] <kayvonyo EPICJERRY> wuz up
[20:52:11] [Client thread/INFO]: [CHAT] Set flying speed to 10 for VideoGameSmash12.
[20:52:13] [Client thread/INFO]: [CHAT] <elemental_bolt> kasdb
[20:52:14] [Client thread/INFO]: [CHAT] <VideoGameSmash12> ahhaahahaha
[20:52:16] [Client thread/INFO]: [CHAT] [ADMIN] GroxTerror [SA]: good god
[20:52:17] [Client thread/INFO]: [CHAT] <MarkByron> hi
[20:52:19] [Client thread/INFO]: [CHAT] [ADMIN] GroxTerror [SA]: now fake marks
[20:52:20] [Client thread/INFO]: [CHAT] [ADMIN] VideoGameSmash12 [SA]: HAHAHAHAHA
[20:52:20] [Client thread/INFO]: [CHAT] YZHMASTER was slain by GamerTag1007
[20:52:23] [Client thread/INFO]: [CHAT] [ADMIN] GroxTerror [SA]: it has affected it!
[20:52:23] [Client thread/INFO]: [CHAT] <YZHMASTER> gg
[20:52:24] [Client thread/INFO]: [CHAT] [ADMIN] Lead_Falcon [STA]: shouldn't it be saying he's a imp
[20:52:28] [Client thread/INFO]: [CHAT] <revenge_knight> how do i type under a item?!?!?!?!?!?!?1
[20:52:30] [Client thread/INFO]: [CHAT] <revenge_knight> how do i type under a item?!?!?!?!?!?!?!
[20:52:31] [Client thread/INFO]: [CHAT] Cookiesaurus24 used a forbidden WorldEdit block type: tnt
[20:52:33] [Client thread/INFO]: [CHAT] <MarkByron> i am th eowner
[20:52:34] [Client thread/INFO]: [CHAT] <-=[Noob Patrol]=- Levi> Stampy100, I'll work on this room
[20:52:35] [Client thread/INFO]: [CHAT] < THE_REAL_HEROBRINE> i'm not dead
[20:52:35] [Client thread/INFO]: [CHAT] [ADMIN] VideoGameSmash12 [SA]: YEAH BUT HAHAHAHAHAAH
[20:52:37] [Client thread/INFO]: [CHAT] MarkByron has been a naughty, naughty boy.
[20:52:37] [Client thread/INFO]: [CHAT] MarkByron died
[20:52:40] [Client thread/INFO]: [CHAT] elemental_bolt left the game.
[20:52:40] [Client thread/INFO]: [CHAT] [Server:Lead_Falcon] MarkByron verify/super yourself
[20:52:41] [Client thread/INFO]: [CHAT] <[????WarZone????] nojang153> lol
[20:52:45] [Client thread/INFO]: [CHAT] [Server:GroxTerror] You are not the owner...
[20:52:45] [Client thread/INFO]: [CHAT] [ADMIN] VideoGameSmash12 [SA]: I SOLUTE THAT
[20:52:46] [Client thread/INFO]: [CHAT] MarkByron has been a VERY naughty, naughty boy.
[20:52:46] [Client thread/INFO]: [CHAT] Banning: MarkByron, IP: 76.97.*.*.
[20:52:46] [Client thread/INFO]: [CHAT] MarkByron left the game.
[20:52:54] [Client thread/INFO]: [CHAT] < xxoxxb75> MarkByron!
[20:52:56] [Client thread/INFO]: [CHAT] <[????WarZone????] nojang153> it's undercase
[20:52:57] [Client thread/INFO]: [CHAT] [ADMIN] Lead_Falcon [STA]: joined asw 5 people
[20:53:01] [Client thread/INFO]: [CHAT] <[????WarZone????] nojang153> that retard
[20:53:04] [Client thread/INFO]: [CHAT] < crafter32137> he was disguised
[20:53:08] [Client thread/INFO]: [CHAT] Lead_Falcon - Rolling back player: nojang153
[20:53:11] [Client thread/INFO]: [CHAT] [ADMIN] GroxTerror [SA]: oh no... oh no... oh no...
[20:53:14] [Client thread/INFO]: [CHAT] Lead_Falcon - Tempbanning: nojang153 for 5 minutes.
[20:53:14] [Client thread/INFO]: [CHAT] nojang153 left the game.
[20:53:15] [Client thread/INFO]: [CHAT] < xxoxxb75> GroxTerror Why>
[20:53:17] [Client thread/INFO]: [CHAT] <Cookiesaurus24> opme
[20:53:18] [Client thread/INFO]: [CHAT] YZHMASTER left the game.
[20:53:18] [Client thread/INFO]: [CHAT] [ADMIN] GroxTerror [SA]: no execs yet
[20:53:20] [Client thread/INFO]: [CHAT] [ADMIN] Lead_Falcon [STA]: we need a dev/mark on
[20:53:21] [Client thread/INFO]: [CHAT] GamerTag1007 - Opping Cookiesaurus24
[20:53:23] [Client thread/INFO]: [CHAT] [ADMIN] GroxTerror [SA]: yes
[20:53:23] [Client thread/INFO]: [CHAT] kingofcreation98 left the game.
[20:53:31] [Client thread/INFO]: [CHAT] Set flying speed to 1 for VideoGameSmash12.
[20:53:33] [Client thread/INFO]: [CHAT] [ADMIN] GroxTerror [SA]: we may have to use adminmode
[20:53:37] [Client thread/INFO]: [CHAT] [ADMIN] Lead_Falcon [STA]: No perms
[20:53:43] [Client thread/INFO]: [CHAT] [ADMIN] GroxTerror [SA]: oh no.
[20:53:43] [Client thread/INFO]: [CHAT] [ADMIN] Lead_Falcon [STA]: I can do lockdown
[20:53:46] [Client thread/INFO]: [CHAT] [ADMIN] Lead_Falcon [STA]: make so no one can join
[20:53:50] [Client thread/INFO]: [CHAT] [ADMIN] VideoGameSmash12 [SA]: DO it
[20:53:51] [Client thread/INFO]: [CHAT] [ADMIN] Lead_Falcon [STA]: but doesn't kick people
[20:53:57] [Client thread/INFO]: [CHAT] [ADMIN] Lead_Falcon [STA]: It's not that bad yet
[20:53:58] [Client thread/INFO]: [CHAT] [ADMIN] GroxTerror [SA]: not yet
[20:54:04] [Client thread/INFO]: [CHAT] < xxoxxb75> I need job Nightfury01
[20:54:04] [Client thread/INFO]: [CHAT] [Server:Lead_Falcon] Don't spawn withers
[20:54:10] [Client thread/INFO]: [CHAT] [ADMIN] GroxTerror [SA]: we need someone to figure out what is happening
[20:54:12] [Client thread/INFO]: [CHAT] <? DEID_TI> lol ok
[20:54:16] [Client thread/INFO]: [CHAT] [ADMIN] GroxTerror [SA]: just don't tell players
[20:54:18] [Client thread/INFO]: [CHAT] < xxoxxb75> I need job Nightfury01.
[20:54:24] [Client thread/INFO]: [CHAT] [ADMIN] GroxTerror [SA]: we may be dealing with unbannable players.
[20:54:28] [Client thread/INFO]: [CHAT] [ADMIN] Lead_Falcon [STA]: So the superadmin list is getting messed up commands like
[20:54:30] [Client thread/INFO]: [CHAT] <[Glitch][Ghost] ERRORHEROBrine> im watching
[20:54:31] [Client thread/INFO]: [CHAT] [GamerTag1007: Object successfully summoned]
[20:54:32] [Client thread/INFO]: [CHAT] [ADMIN] Lead_Falcon [STA]: /seen /whois /setpsawn
[20:54:35] [Client thread/INFO]: [CHAT] [ADMIN] GroxTerror [SA]: ik
[20:54:36] [Client thread/INFO]: [CHAT] [ADMIN] VideoGameSmash12 [SA]: CIt's dead
[20:54:39] [Client thread/INFO]: [CHAT] Micaela7410 was shot by Skeleton
[20:54:41] [Client thread/INFO]: [CHAT] [ADMIN] Lead_Falcon [STA]: CIt's?
[20:54:44] [Client thread/INFO]: [CHAT] Cookiesaurus24 has been a VERY naughty, naughty boy.
[20:54:46] [Client thread/INFO]: [CHAT] Banning: Cookiesaurus24, IP: 75.75.*.*.
[20:54:46] [Client thread/INFO]: [CHAT] Cookiesaurus24 left the game.
[20:54:51] [Client thread/INFO]: [CHAT] [ADMIN] VideoGameSmash12 [SA]: It's*
[20:54:56] [Client thread/INFO]: [CHAT] [ADMIN] Lead_Falcon [STA]: yea
[20:55:01] [Client thread/INFO]: [CHAT] [ADMIN] GroxTerror [SA]: are we being DDoS'd?
[20:55:06] [Client thread/INFO]: [CHAT] < xxoxxb75> Nightfury01
[20:55:07] [Client thread/INFO]: [CHAT] [ADMIN] VideoGameSmash12 [SA]: Hope not
[20:55:08] [Client thread/INFO]: [CHAT] <-=[Noob Patrol]=- Levi> Nightfury01 WTF
[20:55:10] [Client thread/INFO]: [CHAT] [ADMIN] Lead_Falcon [STA]: Unlikely
[20:55:13] [Client thread/INFO]: [CHAT] <-=[Noob Patrol]=- Levi> a tunnel?
[20:55:15] [Client thread/INFO]: [CHAT] <-=[ParkourMaster]=- xXMciliyaXx> wtf?
[20:55:17] [Client thread/INFO]: [CHAT] [ADMIN] VideoGameSmash12 [SA]: Do /noob.
[20:55:18] [Client thread/INFO]: [CHAT] [ADMIN] Lead_Falcon [STA]: Nothing major has gone on yet
[20:55:18] [Client thread/INFO]: [CHAT] [ADMIN] GroxTerror [SA]: will that affect me if we are?
[20:55:28] [Client thread/INFO]: [CHAT] [ADMIN] GroxTerror [SA]: if it is
[20:55:29] [Client thread/INFO]: [CHAT] <AIponderer> no dont go XD
[20:55:31] [Client thread/INFO]: [CHAT] < THE_REAL_HEROBRINE> oh yeah 1-punch kill
[20:55:31] [Client thread/INFO]: [CHAT] [ADMIN] GroxTerror [SA]: I have to get off
[20:55:36] [Client thread/INFO]: [CHAT] [ADMIN] Lead_Falcon [STA]: Other than a super not being telnet and a few commands broken
[20:55:38] [Client thread/INFO]: [CHAT] <? DEID_TI> srry
[20:55:39] [Client thread/INFO]: [CHAT] <[Dealer] Stampy100> Nightfury01 check ur mailbox
[20:55:43] [Client thread/INFO]: [CHAT] GamerTag1007 was slain by gomalley411
[20:55:44] [Client thread/INFO]: [CHAT] < xxoxxb75> Stampy100 I Need Job
[20:55:46] [Client thread/INFO]: [CHAT] < THE_REAL_HEROBRINE> oops
[20:55:49] [Client thread/INFO]: [CHAT] < THE_REAL_HEROBRINE> sry
[20:55:49] [Client thread/INFO]: [CHAT] gomalley411 has been a naughty, naughty boy.
[20:55:49] [Client thread/INFO]: [CHAT] gomalley411 died
[20:55:50] [Client thread/INFO]: [CHAT] <[Dealer] Stampy100> ok
[20:55:51] [Client thread/INFO]: [CHAT] <? DEID_TI> gimme dat back
[20:55:52] [Client thread/INFO]: [CHAT] [Server:Lead_Falcon] Don't creative PvP
[20:55:56] [Client thread/INFO]: [CHAT] [ADMIN] GroxTerror [SA]: this happened eariler
[20:55:59] [Client thread/INFO]: [CHAT] [ADMIN] Lead_Falcon [STA]: What did?
[20:56:00] [Client thread/INFO]: [CHAT] [ADMIN] GroxTerror [SA]: but not this bad.
[20:56:04] [Client thread/INFO]: [CHAT] < crafter32137> which color is red?
[20:56:04] [Client thread/INFO]: [CHAT] <? DEID_TI> Micaela7410 gimme that back
[20:56:05] [Client thread/INFO]: [CHAT] < THE_REAL_HEROBRINE> ok i wont
[20:56:08] [Client thread/INFO]: [CHAT] [ADMIN] GroxTerror [SA]: commands broken, that is
[20:56:08] [Client thread/INFO]: [CHAT] < THE_REAL_HEROBRINE> pls op me
[20:56:10] [Client thread/INFO]: [CHAT] [ADMIN] Lead_Falcon [STA]: Im still unsure of what's bad
[20:56:11] [Client thread/INFO]: [CHAT] <Micaela7410> just wait
[20:56:12] [Client thread/INFO]: [CHAT] [ADMIN] GroxTerror [SA]: seniors becoming supers
[20:56:12] [Client thread/INFO]: [CHAT] [ADMIN] VideoGameSmash12 [SA]: SHIT THE ADMINWORLD IS FUCKED
[20:56:12] [Client thread/INFO]: [CHAT] < crafter32137> which color is red?????
[20:56:14] [Client thread/INFO]: [CHAT] <[Glitch][Ghost] ERRORHEROBrine> im the error of herobrine
[20:56:15] [Client thread/INFO]: [CHAT] [ADMIN] VideoGameSmash12 [SA]: TP TO ME
[20:56:16] [Client thread/INFO]: [CHAT] [ADMIN] GroxTerror [SA]: oh no.
[20:56:21] [Client thread/INFO]: [CHAT] [ADMIN] Lead_Falcon [STA]: ?
[20:56:22] [Client thread/INFO]: [CHAT] [ADMIN] VideoGameSmash12 [SA]: GRIEF
[20:56:23] [Client thread/INFO]: [CHAT] < crafter32137> &???
[20:56:29] [Client thread/INFO]: [CHAT] [ADMIN] GroxTerror [SA]: where
[20:56:31] [Client thread/INFO]: [CHAT] Unknown command. Type "/help" for help.
[20:56:35] [Client thread/INFO]: [CHAT] [ADMIN] Lead_Falcon [STA]: uhh
[20:56:35] [Client thread/INFO]: [CHAT] [ADMIN] VideoGameSmash12 [SA]: LOOK
[20:56:37] [Client thread/INFO]: [CHAT] [ADMIN] Lead_Falcon [STA]: yea
[20:56:40] [Client thread/INFO]: [CHAT] [ADMIN] GroxTerror [SA]: good god
[20:56:40] [Client thread/INFO]: [CHAT] < THE_REAL_HEROBRINE> someone pls op me
[20:56:41] [Client thread/INFO]: [CHAT] [ADMIN] Lead_Falcon [STA]: we could use mark now
[20:56:51] [Client thread/INFO]: [CHAT] [ADMIN] VideoGameSmash12 [SA]: We need to turn on adminmodee
[20:56:53] [Client thread/INFO]: [CHAT] Warning: Ardinar is an admin, but is using an account not registered to one of their ip-list.
[20:56:53] [Client thread/INFO]: [CHAT] Ardinar is a Senior Admin
[20:56:53] [Client thread/INFO]: [CHAT] Ardinar joined the game.
[20:56:53] [Client thread/INFO]: [CHAT] Welcome Ardinar to the server!
[20:56:54] [Client thread/INFO]: [CHAT] [ADMIN] Lead_Falcon [STA]: no
[20:56:55] [Client thread/INFO]: [CHAT] [ADMIN] VideoGameSmash12 [SA]: we are doomed
[20:56:55] [Client thread/INFO]: [CHAT] <? DEID_TI> nolanoo GIMME THAT
[20:56:57] [Client thread/INFO]: [CHAT] <[Ownerwarpxxoxxb75 xxoxxb75> I.m The Owner Not Stampy100
[20:56:58] [Client thread/INFO]: [CHAT] [ADMIN] Lead_Falcon [STA]: it's nothing dire
[20:56:59] [Client thread/INFO]: [CHAT] <-=[Noob Patrol]=- Levi> what, the hell is this Nightfury01?
[20:56:59] [Client thread/INFO]: [CHAT] <? DEID_TI> BITCH
[20:57:02] [Client thread/INFO]: [CHAT] [ADMIN] VideoGameSmash12 [SA]: We are doomed!
[20:57:02] [Client thread/INFO]: [CHAT] [ADMIN] Lead_Falcon [STA]: it's bad
[20:57:05] [Client thread/INFO]: [CHAT] [ADMIN] Lead_Falcon [STA]: but not that bad
[20:57:08] [Client thread/INFO]: [CHAT] [ADMIN] Lead_Falcon [STA]: Ardinar can you get mark on?
[20:57:10] [Client thread/INFO]: [CHAT] <gomalley411> xxoxxb75 ur not owner
[20:57:10] [Client thread/INFO]: [CHAT] <? DEID_TI> Im
[20:57:14] [Client thread/INFO]: [CHAT] [ADMIN] Ardinar [SrA]: Why?
[20:57:15] [Client thread/INFO]: [CHAT] [ADMIN] VideoGameSmash12 [SA]: WE NEED IT NOW
[20:57:21] [Client thread/INFO]: [CHAT] <[Glitch][Ghost] ERRORHEROBrine> MarkByron is
[20:57:22] [Client thread/INFO]: [CHAT] <[Ownerwarpxxoxxb75 xxoxxb75> Not OwnerServer
[20:57:22] [Client thread/INFO]: [CHAT] [ADMIN] VideoGameSmash12 [SA]: TF IS BREAKING
[20:57:28] [Client thread/INFO]: [CHAT] [ADMIN] GroxTerror [SA]: notifying the execs.
[20:57:29] [Client thread/INFO]: [CHAT] [ADMIN] Ardinar [SrA]: How?
[20:57:30] [Client thread/INFO]: [CHAT] [ADMIN] Lead_Falcon [STA]: Admin world griefed/commands broken/imp system is semi working/supersing becoming
[20:57:32] [Client thread/INFO]: [CHAT] <gomalley411> someone pls op me
[20:57:32] [Client thread/INFO]: [CHAT] [ADMIN] GroxTerror [SA]: thank god
[20:57:33] [Client thread/INFO]: [CHAT] Micaela7410 was slain by GamerTag1007
[20:57:34] [Client thread/INFO]: [CHAT] [ADMIN] GroxTerror [SA]: a senior!
[20:57:35] [Client thread/INFO]: [CHAT] < crafter32137> xxoxxb75 your not the owner for the coffee shop
[20:57:36] [Client thread/INFO]: [CHAT] <? DEID_TI> Srry
[20:57:38] [Client thread/INFO]: [CHAT] <? DEID_TI> Woops
[20:57:40] [Client thread/INFO]: [CHAT] [ADMIN] Lead_Falcon [STA]: telnet's becoming super
[20:57:42] [Client thread/INFO]: [CHAT] [ADMIN] GroxTerror [SA]: player data is destroyed
[20:57:42] [Client thread/INFO]: [CHAT] < crafter32137> Stampy100
[20:57:44] [Client thread/INFO]: [CHAT] < crafter32137> is
[20:57:45] [Client thread/INFO]: [CHAT] nolanoo - Opping gomalley411
[20:57:45] [Client thread/INFO]: [CHAT] [ADMIN] Lead_Falcon [STA]: Seniors becoming supers
[20:57:48] [Client thread/INFO]: [CHAT] <gomalley411> thx
[20:57:52] [Client thread/INFO]: [CHAT] [ADMIN] GroxTerror [SA]: I think ops have access to adminworld
[20:57:53] [Client thread/INFO]: [CHAT] <[Ownerwarpxxoxxb75 xxoxxb75> oh :(
[20:57:54] [Client thread/INFO]: [CHAT] <? DEID_TI> srry Micaela7410
[20:57:56] [Client thread/INFO]: [CHAT] GamerTag1007 left the game.
[20:57:57] [Client thread/INFO]: [CHAT] [ADMIN] GroxTerror [SA]: we're screwed.
[20:57:59] [Client thread/INFO]: [CHAT] [ADMIN] Lead_Falcon [STA]: i doubt it
[20:57:59] [Client thread/INFO]: [CHAT] <Micaela7410> its fine
[20:58:03] [Client thread/INFO]: [CHAT] <[Ownerwarpxxoxxb75 xxoxxb75> Stampy100 do /warp xxoxxb75.com
[20:58:06] [Client thread/INFO]: [CHAT] * Herobrine is now AFK.
[20:58:18] [Client thread/INFO]: [CHAT] [ADMIN] GroxTerror [SA]: who put this crap?!
[20:58:18] [Client thread/INFO]: [CHAT] [ADMIN] Ardinar [SrA]: Don't know if serious or not
[20:58:19] [Client thread/INFO]: [CHAT] [ADMIN] Lead_Falcon [STA]: i think a admin just grifed
[20:58:24] [Client thread/INFO]: [CHAT] [ADMIN] Lead_Falcon [STA]: which is bad
[20:58:31] [Client thread/INFO]: [CHAT] AIponderer fell out of the world
[20:58:35] [Client thread/INFO]: [CHAT] <[Ownerwarpxxoxxb75 xxoxxb75> Thx For Join!
[20:58:40] [Client thread/INFO]: [CHAT] [ADMIN] VideoGameSmash12 [SA]: Yesterday Deer made some jokes
[20:58:42] [Client thread/INFO]: [CHAT] [ADMIN] Ardinar [SrA]: Griefed where?
[20:58:46] [Client thread/INFO]: [CHAT] <gomalley411> im outta here
[20:58:47] [Client thread/INFO]: [CHAT] <[Ownerwarpxxoxxb75 xxoxxb75> Free Job Stampy100
[20:58:51] [Client thread/INFO]: [CHAT] [ADMIN] Lead_Falcon [STA]: one sec
[20:58:56] [Client thread/INFO]: [CHAT] [ADMIN] VideoGameSmash12 [SA]: "SOMEONE FORGOT DEER"
[20:59:04] [Client thread/INFO]: [CHAT] Heyitsthatonekid joined the game.
[20:59:22] [Client thread/INFO]: [CHAT] [ADMIN] Lead_Falcon [STA]: micros admin thing
[20:59:27] [Client thread/INFO]: [CHAT] [ADMIN] GroxTerror [SA]: I gtg
[20:59:28] [Client thread/INFO]: [CHAT] [ADMIN] GroxTerror [SA]: sorry
[20:59:30] [Client thread/INFO]: [CHAT] nolanoo fell out of the world
[20:59:37] [Client thread/INFO]: [CHAT] GroxTerror left the game.
[20:59:37] [Client thread/INFO]: [CHAT] [ADMIN] Lead_Falcon [STA]: some of the signs
[20:59:42] [Client thread/INFO]: [CHAT] <[[GroxCrew]] Thatonekid> Hey
[20:59:43] [Client thread/INFO]: [CHAT] [ADMIN] Lead_Falcon [STA]: not as much grief
[20:59:44] [Client thread/INFO]: [CHAT] [ADMIN] VideoGameSmash12 [SA]: Modify'd
[20:59:47] [Client thread/INFO]: [CHAT] [ADMIN] Lead_Falcon [STA]: yea
[20:59:51] [Client thread/INFO]: [CHAT] AIponderer left the game.
[21:00:03] [Client thread/INFO]: [CHAT] [ADMIN] Ardinar [SrA]: Then destroy it
[21:00:06] [Client thread/INFO]: [CHAT] [ADMIN] VideoGameSmash12 [SA]: Activate adminmode if possible
[21:00:07] [Client thread/INFO]: [CHAT] [ADMIN] Lead_Falcon [STA]: bloop went rogue?
[21:00:13] [Client thread/INFO]: [CHAT] [ADMIN] Lead_Falcon [STA]: no it's not needed yet
[21:00:14] [Client thread/INFO]: [CHAT] [ADMIN] Ardinar [SrA]: For what?
[21:00:15] [Client thread/INFO]: [CHAT] [ADMIN] VideoGameSmash12 [SA]: no
[21:00:18] [Client thread/INFO]: [CHAT] [ADMIN] Ardinar [SrA]: What is the problem
[21:00:26] [Client thread/INFO]: [CHAT] [ADMIN] VideoGameSmash12 [SA]: TF is broken
[21:00:30] [Client thread/INFO]: [CHAT] [ADMIN] Lead_Falcon [STA]: It's not that bad
[21:00:30] [Client thread/INFO]: [CHAT] [ADMIN] Ardinar [SrA]: How?
[21:00:33] [Client thread/INFO]: [CHAT] [ADMIN] Lead_Falcon [STA]: It's just having issues
[21:00:34] [Client thread/INFO]: [CHAT] [ADMIN] VideoGameSmash12 [SA]: /seen dead
[21:00:36] [Client thread/INFO]: [CHAT] gomalley411 left the game.
[21:00:39] [Client thread/INFO]: [CHAT] gomalley411 joined the game.
[21:00:44] [Client thread/INFO]: [CHAT] <[=-=Helper=-=] gomalley411> test
[21:00:46] [Client thread/INFO]: [CHAT] [ADMIN] Ardinar [SrA]: ??
[21:00:48] [Client thread/INFO]: [CHAT] [ADMIN] VideoGameSmash12 [SA]: gtg