[20:41:53] [Client thread/INFO]: Connecting to 64.34.165.5, 28965
[20:41:58] [Client thread/INFO]: Connecting to 64.34.165.5, 28965
[20:42:01] [Client thread/INFO]: Connecting to 64.34.165.5, 28965
[20:42:03] [Client thread/INFO]: Connecting to 64.34.165.5, 28965
[20:42:04] [Client thread/INFO]: [CHAT] VideoGameSmash12 joined the game.
[20:42:04] [Client thread/INFO]: [CHAT] Welcome VideoGameSmash12 to the server!
[20:42:04] [Client thread/INFO]: [CHAT] Type /help for a list of commands.
[20:42:04] [Client thread/INFO]: [CHAT] Save your builds with World Edit or lose them
[20:42:04] [Client thread/INFO]: [CHAT] Read our website at www.totalfreedom.me to find out how
[20:42:04] [Client thread/INFO]: [CHAT] Read the rules
[20:42:04] [Client thread/INFO]: [CHAT] Read our only authorized forum at www.totalfreedom.boards.net
[20:42:04] [Client thread/INFO]: [CHAT] You have no new mail.
[20:42:05] [Client thread/INFO]: [CHAT] Athan22 left the game.
[20:42:05] [Client thread/INFO]: [CHAT] xXWilee999Xx is a cool guy, and...
[20:42:05] [Client thread/INFO]: [CHAT] xXWilee999Xx is a Developer
[20:42:06] [Client thread/INFO]: [CHAT] xXWilee999Xx joined the game.
[20:42:08] [Client thread/INFO]: [CHAT] <Germyshada> srry, language
[20:42:16] [Client thread/INFO]: [CHAT] <Germyshada> just angry as heck!!!
[20:42:25] [Client thread/INFO]: [CHAT] <MicroMiniMouse> omg no!
[20:42:27] [Client thread/INFO]: [CHAT] <Germyshada> like really man, wth?
[20:42:34] [Client thread/INFO]: [CHAT] <sonicgoods> Who wants to pvp me?
[20:42:34] [Client thread/INFO]: [CHAT] <[Ninja] Acid> thnx
[20:42:38] [Client thread/INFO]: [CHAT] <MicroMiniMouse> np
[20:42:44] [Client thread/INFO]: [CHAT] <Germyshada> Xxdead_mauxX y did u do htat?
[20:42:49] [Client thread/INFO]: [CHAT] <MicroMiniMouse> NOO!