[11:19:22] [Client thread/INFO]: Connecting to 64.34.165.5, 28965
[11:19:23] [Client thread/INFO]: [CHAT] VideoGameSmash12 is a Super Admin
[11:19:23] [Client thread/INFO]: [CHAT] VideoGameSmash12 joined the game.
[11:19:23] [Client thread/INFO]: [CHAT] Type /help for a list of commands.
[11:19:23] [Client thread/INFO]: [CHAT] Save your builds with World Edit or lose them
[11:19:23] [Client thread/INFO]: [CHAT] Read our website at www.totalfreedom.me to find out how
[11:19:23] [Client thread/INFO]: [CHAT] Read the rules
[11:19:23] [Client thread/INFO]: [CHAT] Read our only authorized forum at www.totalfreedom.boards.net
[11:19:23] [Client thread/INFO]: [CHAT] You have no new mail.
[11:19:23] [Client thread/INFO]: [CHAT] Welcome VideoGameSmash12 to the server!
[11:19:26] [Client thread/INFO]: [CHAT] < DeathKiller> someone op me
[11:19:27] [Client thread/INFO]: [CHAT] < FAG> mmaaxx ? ??? ?? ?????? ???????? ?????
[11:19:29] [Client thread/INFO]: [CHAT] [ADMIN] xXWilee999Xx [Dev]: dam the ip changes every time i disable/enable the vpn
[11:19:31] [Client thread/INFO]: [CHAT] [ADMIN] xXWilee999Xx [Dev]: oh weelz
[11:19:33] [Client thread/INFO]: [CHAT] <mmaaxx> e
[11:19:34] [Client thread/INFO]: [CHAT] < DeathKiller> someone op FlameTron1554
[11:19:38] [Client thread/INFO]: [CHAT] [ADMIN] VideoGameSmash12 [SA]: What?
[11:19:38] [Client thread/INFO]: [CHAT] <Sky_draws> where did you get the firecraker
[11:19:38] [Client thread/INFO]: [CHAT] FastForward44 - Opping FlameTron1554
[11:19:39] [Client thread/INFO]: [CHAT] <D_craft101> theres a GRIEFER!!!!!!!!!111
[11:19:45] [Client thread/INFO]: [CHAT] [ADMIN] xXWilee999Xx [Dev]: pizza
[11:19:49] [Client thread/INFO]: [CHAT] [ADMIN] VideoGameSmash12 [SA]: Oh, hai wilee.
[11:19:49] [Client thread/INFO]: [CHAT] zeecroft - Opping FlameTron1554
[11:19:50] [Client thread/INFO]: [CHAT] <mmaaxx> can you stop pliz
[11:19:56] [Client thread/INFO]: [CHAT] <the_dark_chub> erm im back
[11:19:58] [Client thread/INFO]: [CHAT] [ADMIN] VideoGameSmash12 [SA]: Pizza indeed....
[11:20:01] [Client thread/INFO]: [CHAT] [ _YouTuber_SandMan -> me] how can i morph into another mob?
[11:20:04] [Client thread/INFO]: [CHAT] [ADMIN] supergameplayer [SA]: It's been almost a week since...
[11:20:08] [Client thread/INFO]: [CHAT] [flightair: Set flightair's spawnpoint to 999380.1083570636, 50.0, 1001694.3962999398]
[11:20:12] [Client thread/INFO]: [CHAT] bobbyDJ6 left the game.
[11:20:13] [Client thread/INFO]: [CHAT] ShurikWorld joined the game.
[11:20:13] [Client thread/INFO]: [CHAT] ShurikWorld left the game.
[11:20:15] [Client thread/INFO]: [CHAT] ShurikWorld joined the game.
[11:20:15] [Client thread/INFO]: [CHAT] [me ->  _YouTuber_SandMan] It's called disguising my friend...
[11:20:26] [Client thread/INFO]: [CHAT] <[SkyArmy] SkydoesSexCraft> ajb976 stop griefing
[11:20:28] [Client thread/INFO]: [CHAT] [ _YouTuber_SandMan -> me] what's the / command?
[11:20:29] [Client thread/INFO]: [CHAT] <the_dark_chub> ehh sooo laggy
[11:20:32] [Client thread/INFO]: [CHAT] < FAG> what's&
[11:20:38] [Client thread/INFO]: [CHAT] domiman10 left the game.
[11:20:38] [Client thread/INFO]: [CHAT] CraftedRS is a Super Admin
[11:20:38] [Client thread/INFO]: [CHAT] CraftedRS joined the game.
[11:20:39] [Client thread/INFO]: [CHAT] [me ->  _YouTuber_SandMan] /disguise
[11:20:42] [Client thread/INFO]: [CHAT] < FAG> what's?
[11:20:44] [Client thread/INFO]: [CHAT] <CraftedRS> Hi
[11:20:44] [Client thread/INFO]: [CHAT] BearGirl1117 left the game.
[11:20:44] [Client thread/INFO]: [CHAT] domiman10 joined the game.
[11:20:59] [Client thread/INFO]: [CHAT] < _> i am the crapet
[11:21:00] [Client thread/INFO]: [CHAT] < FAG> ???
[11:21:00] [Client thread/INFO]: [CHAT] xXPANDiEZ left the game.
[11:21:01] [Client thread/INFO]: [CHAT] MicroMiniMouse is an Impostor
[11:21:01] [Client thread/INFO]: [CHAT] Warning: MicroMiniMouse has been flagged as an impostor!
[11:21:01] [Client thread/INFO]: [CHAT] MicroMiniMouse joined the game.
[11:21:01] [Client thread/INFO]: [CHAT] xXWilee999Xx left the game.
[11:21:01] [Client thread/INFO]: [CHAT] Welcome MicroMiniMouse to the server!
[11:21:03] [Client thread/INFO]: [CHAT] BearGirl1117 joined the game.
[11:21:04] [Client thread/INFO]: [CHAT] < _> *carpet
[11:21:04] [Client thread/INFO]: [CHAT] <Lucas7yoshi> This server SUCKS!
[11:21:04] [Client thread/INFO]: [CHAT] mobkiller1681 left the game.
[11:21:06] [Client thread/INFO]: [CHAT] [Server:supergameplayer] Micro, verify
[11:21:06] [Client thread/INFO]: [CHAT] <MicroMiniMouse> Aw man
[11:21:07] [Client thread/INFO]: [CHAT] Robo_Lord joined the game.
[11:21:10] [Client thread/INFO]: [CHAT] flightair left the game.
[11:21:10] [Client thread/INFO]: [CHAT] nenad joined the game.
[11:21:11] [Client thread/INFO]: [CHAT] <MicroMiniMouse> k
[11:21:12] [Client thread/INFO]: [CHAT] poisonpage left the game.
[11:21:12] [Client thread/INFO]: [CHAT] OliverDatGuy is a Senior Admin and a Potato
[11:21:12] [Client thread/INFO]: [CHAT] OliverDatGuy joined the game.
[11:21:13] [Client thread/INFO]: [CHAT] <the_dark_chub> what
[11:21:13] [Client thread/INFO]: [CHAT] [Server:VideoGameSmash12] Verify
[11:21:18] [Client thread/INFO]: [CHAT] <D_craft101> theres a GRIEFER!!!!!!!!!
[11:21:20] [Client thread/INFO]: [CHAT] <Cloak100> stefke8 IS A GRIFER!!!!!!!!!!!!!!!!!!!!!!!!!!!!!!!!!!!!!!!!!!!!!!!
[11:21:22] [Client thread/INFO]: [CHAT] <MicroMiniMouse> working on it
[11:21:22] [Client thread/INFO]: [CHAT] <Cloak100> stefke8 IS A GRIFER!!!!!!!!!!!!!!!!!!!!!!!!!!!!!!!!!!!!!!!!!!!!!!
[11:21:23] [Client thread/INFO]: [CHAT] <Cloak100> stefke8 IS A GRIFER!!!!!!!!!!!!!!!!!!!!!!!!!!!!!!!!!!!!!!!!!!!!!!!
[11:21:25] [Client thread/INFO]: [CHAT] <Cloak100> stefke8 IS A GRIFER!!!!!!!!!!!!!!!!!!!!!!!!!!!!!!!!!!!!!!!!!!!!!!
[11:21:28] [Client thread/INFO]: [CHAT] vj13573 - Rolling back player: stefke8
[11:21:30] [Client thread/INFO]: [CHAT] stefke8 has been a VERY naughty, naughty boy.
[11:21:30] [Client thread/INFO]: [CHAT] Banning: stefke8, IP: 95.180.*.*.
[11:21:30] [Client thread/INFO]: [CHAT] stefke8 left the game.
[11:21:30] [Client thread/INFO]: [CHAT] Lololowka left the game.
[11:21:30] [Client thread/INFO]: [CHAT] <zeecroft> i am the carpet
[11:21:31] [Client thread/INFO]: [CHAT] < FAG> mmaaxx ? ??? ?? ?????? ???????? ?????
[11:21:31] [Client thread/INFO]: [CHAT] bobbyDJ6 joined the game.
[11:21:32] [Client thread/INFO]: [CHAT] xXPANDiEZ joined the game.
[11:21:34] [Client thread/INFO]: [CHAT] [ _YouTuber_SandMan -> me] what's the command to morph into the Ender Dragon?
[11:21:34] [Client thread/INFO]: [CHAT] xXPANDiEZ left the game.
[11:21:34] [Client thread/INFO]: [CHAT] xXPANDiEZ joined the game.
[11:21:35] [Client thread/INFO]: [CHAT] <MicroMiniMouse> Sent it
[11:21:37] [Client thread/INFO]: [CHAT] xXPANDiEZ left the game.
[11:21:37] [Client thread/INFO]: [CHAT] IRONFIGHTERZ joined the game.
[11:21:37] [Client thread/INFO]: [CHAT] Welcome IRONFIGHTERZ to the server!
[11:21:39] [Client thread/INFO]: [CHAT] vj13573 - Rolling back player: bobbyDJ6
[11:21:41] [Client thread/INFO]: [CHAT] <mmaaxx> stop it
[11:21:42] [Client thread/INFO]: [CHAT] bobbyDJ6 has been a VERY naughty, naughty boy.
[11:21:42] [Client thread/INFO]: [CHAT] Banning: bobbyDJ6, IP: 98.209.*.*.
[11:21:42] [Client thread/INFO]: [CHAT] bobbyDJ6 left the game.
[11:21:43] [Client thread/INFO]: [CHAT] abcmaster11 joined the game.
[11:21:43] [Client thread/INFO]: [CHAT] Welcome abcmaster11 to the server!
[11:21:44] [Client thread/INFO]: [CHAT] [ADMIN] CraftedRS [SA]: Hey Guys
[11:21:47] [Client thread/INFO]: [CHAT] [ADMIN] vj13573 [SA]: hi
[11:21:52] [Client thread/INFO]: [CHAT] <[SkyArmy] SkydoesSexCraft> isnt MicroMiniMouse a [SA]?
[11:21:53] [Client thread/INFO]: [CHAT] [Server:CraftedRS] Micro Verify
[11:21:53] [Client thread/INFO]: [CHAT] [me ->  _YouTuber_SandMan] Same command...
[11:21:55] [Client thread/INFO]: [CHAT] ShurikWorld left the game.
[11:21:55] [Client thread/INFO]: [CHAT] aggelosQQ is a Telnet Admin and a Greek DemiGod
[11:21:55] [Client thread/INFO]: [CHAT] aggelosQQ joined the game.
[11:21:55] [Client thread/INFO]: [CHAT] Welcome aggelosQQ to the server!
[11:21:55] [Client thread/INFO]: [CHAT] <Alansilvers123> BearGirl1117 is a grifer
[11:21:56] [Client thread/INFO]: [CHAT] <abcmaster11> op me please
[11:21:57] [Client thread/INFO]: [CHAT] <MicroMiniMouse> I did
[11:21:59] [Client thread/INFO]: [CHAT] aggelosQQ - Opping all players on the server
[11:21:59] [Client thread/INFO]: [CHAT] You are now op!
[11:22:01] [Client thread/INFO]: [CHAT] <IRONFIGHTERZ> op me
[11:22:02] [Client thread/INFO]: [CHAT] <MicroMiniMouse> I sent it
[11:22:04] [Client thread/INFO]: [CHAT] vj13573 - Rolling back player: BearGirl1117
[11:22:05] [Client thread/INFO]: [CHAT] [Server:aggelosQQ] MicroMiniMouse Verify please
[11:22:10] [Client thread/INFO]: [CHAT] <MicroMiniMouse> I did in the shoutbox
[11:22:10] [Client thread/INFO]: [CHAT] <dawnables> can i have 1
[11:22:11] [Client thread/INFO]: [CHAT] [ADMIN] supergameplayer [SA]: i was training my newest crew member: AlexDoMC
[11:22:11] [Client thread/INFO]: [CHAT] vj13573 - Reverting rollback for player: BearGirl1117
[11:22:14] [Client thread/INFO]: [CHAT] [ADMIN] aggelosQQ [STA]: someone Super micro
[11:22:14] [Client thread/INFO]: [CHAT] Sky_draws left the game.
[11:22:15] [Client thread/INFO]: [CHAT] flemingdr used a forbidden WorldEdit block type: rail
[11:22:16] [Client thread/INFO]: [CHAT] ShurikWorld joined the game.
[11:22:17] [Client thread/INFO]: [CHAT] <D_craft101> gfgderfxdv is GREIFING
[11:22:18] [Client thread/INFO]: [CHAT] aggelosQQ - Opping all players on the server
[11:22:18] [Client thread/INFO]: [CHAT] You are now op!
[11:22:21] [Client thread/INFO]: [CHAT] <aggelosQQ> ok micro
[11:22:22] [Client thread/INFO]: [CHAT] [ADMIN] VideoGameSmash12 [SA]: Look on the forums
[11:22:24] [Client thread/INFO]: [CHAT] <MicroMiniMouse> ok
[11:22:25] [Client thread/INFO]: [CHAT] Cloak100 - Opping dawnables
[11:22:26] [Client thread/INFO]: [CHAT] Cloak100 - Opping dawnables
[11:22:28] [Client thread/INFO]: [CHAT] Cloak100 - Opping dawnables
[11:22:28] [Client thread/INFO]: [CHAT] <IRONFIGHTERZ> i cant break blocks why
[11:22:28] [Client thread/INFO]: [CHAT] Cloak100 - Opping dawnables
[11:22:31] [Client thread/INFO]: [CHAT] Cloak100 has been a naughty, naughty boy.
[11:22:31] [Client thread/INFO]: [CHAT] Cloak100 died
[11:22:31] [Client thread/INFO]: [CHAT] Cloak100 has been a naughty, naughty boy.
[11:22:31] [Client thread/INFO]: [CHAT] Cloak100 died
[11:22:32] [Client thread/INFO]: [CHAT] <ShurikWorld> uj;'
[11:22:33] [Client thread/INFO]: [CHAT] < BearGirl1117> why as i rolled back me do nothing wrong
[11:22:59] [Client thread/INFO]: [CHAT] [Server:CraftedRS] Dnt SPam /op
[11:22:59] [Client thread/INFO]: [CHAT] <MicroMiniMouse> Yes i am sky
[11:22:59] [Client thread/INFO]: [CHAT] <Xxksa7so0onxX> kaka
[11:22:59] [Client thread/INFO]: [CHAT] [Server:aggelosQQ] Don't spam OP
[11:22:59] [Client thread/INFO]: [CHAT] < BearGirl1117> ....
[11:22:59] [Client thread/INFO]: [CHAT] [ADMIN] aggelosQQ [STA]: lol craftded ;3
[11:22:59] [Client thread/INFO]: [CHAT] <Cloak100> dsfdfsfdsffsfdfs
[11:22:59] [Client thread/INFO]: [CHAT] <Lucas7yoshi> why cant i ever bee an admin or something on any server i never get noticed and am hated
[11:22:59] [Client thread/INFO]: [CHAT] [ADMIN] aggelosQQ [STA]: crafted
[11:22:59] [Client thread/INFO]: [CHAT] IRONFIGHTERZ - Opping abcmaster11
[11:22:59] [Client thread/INFO]: [CHAT] Lucas7yoshi left the game.
[11:22:59] [Client thread/INFO]: [CHAT] sausis joined the game.
[11:22:59] [Client thread/INFO]: [CHAT] Welcome sausis to the server!
[11:22:59] [Client thread/INFO]: [CHAT] [ADMIN] CraftedRS [SA]: Hi agg
[11:23:04] [Client thread/INFO]: [CHAT] flemingdr left the game.
[11:23:05] [Client thread/INFO]: [CHAT] [ADMIN] aggelosQQ [STA]: Dut Spallhng
[11:23:05] [Client thread/INFO]: [CHAT] Lucas7yoshi joined the game.
[11:23:19] [Client thread/INFO]: [CHAT] <MicroMiniMouse> So now what?
[11:23:25] [Client thread/INFO]: [CHAT] [ADMIN] aggelosQQ [STA]: That spelling ;3
[11:23:29] [Client thread/INFO]: [CHAT] < BearGirl1117> Alansilvers123 u r the villager
[11:23:30] [Client thread/INFO]: [CHAT] [ADMIN] supergameplayer [SA]: Super her!
[11:23:30] [Client thread/INFO]: [CHAT] [ADMIN] aggelosQQ [STA]: liver
[11:23:32] [Client thread/INFO]: [CHAT] <MicroMiniMouse> Heyitsthatonekid dont spam fireworks
[11:23:33] [Client thread/INFO]: [CHAT] [ADMIN] aggelosQQ [STA]: oliver
[11:23:34] [Client thread/INFO]: [CHAT] Segolia left the game.
[11:23:35] [Client thread/INFO]: [CHAT] <Heyitsthatonekid> ok
[11:23:38] [Client thread/INFO]: [CHAT] Robo_Lord left the game.
[11:23:39] [Client thread/INFO]: [CHAT] [ADMIN] aggelosQQ [STA]: I don't habve telnet here
[11:23:40] [Client thread/INFO]: [CHAT] [ADMIN] CraftedRS [SA]: Did you and robo fight about something thats why
[11:23:40] [Client thread/INFO]: [CHAT] [ADMIN] aggelosQQ [STA]: Wait
[11:23:41] [Client thread/INFO]: [CHAT] SkythekidRS joined the game.
[11:23:45] [Client thread/INFO]: [CHAT] <Cloak100> Sky!
[11:23:46] [Client thread/INFO]: [CHAT] BJmabob joined the game.
[11:23:51] [Client thread/INFO]: [CHAT] <MicroMiniMouse> Fake sky