[18:07:25] [Client thread/INFO]: Connecting to 64.34.165.5, 28965
[18:07:26] [Client thread/INFO]: [CHAT] VideoGameSmash12 joined the game.
[18:07:26] [Client thread/INFO]: [CHAT] Welcome VideoGameSmash12 to the server!
[18:07:26] [Client thread/INFO]: [CHAT] Type /help for a list of commands.
[18:07:26] [Client thread/INFO]: [CHAT] Save your builds with World Edit or lose them
[18:07:26] [Client thread/INFO]: [CHAT] Read our website at www.totalfreedom.me to find out how
[18:07:26] [Client thread/INFO]: [CHAT] Read the rules
[18:07:26] [Client thread/INFO]: [CHAT] Read our only authorized forum at www.totalfreedom.boards.net
[18:07:26] [Client thread/INFO]: [CHAT] You have no new mail.
[18:07:27] [Client thread/INFO]: [CHAT] <roby718> imme eat me a grapefruit
[18:07:27] [Client thread/INFO]: [CHAT] <zxz_creeper_zxz> suprmn
[18:07:30] [Client thread/INFO]: [CHAT] < CaptianSparklez> hi
[18:07:31] [Client thread/INFO]: [CHAT] < MileyCyrus> dont you ever say i just walked i will always love you
[18:07:33] [Client thread/INFO]: [CHAT] <zxz_creeper_zxz> eat this cake with me .3.
[18:07:39] [Client thread/INFO]: [CHAT] Lead_Falcon joined the game.
[18:07:43] [Client thread/INFO]: [CHAT] <[Mobber] ChaosMobbzor> ./cake
[18:07:45] [Client thread/INFO]: [CHAT] < SrA_The_Doctor_Lynx> ...
[18:07:49] [Client thread/INFO]: [CHAT] <[Mobber] ChaosMobbzor> …
[18:07:49] [Client thread/INFO]: [CHAT] < MileyCyrus> i came in like a wrecking ballllllllll
[18:07:51] [Client thread/INFO]: [CHAT] kdanielyan joined the game.
[18:07:51] [Client thread/INFO]: [CHAT] Welcome kdanielyan to the server!
[18:07:54] [Client thread/INFO]: [CHAT] [Server:suprmn] CAEK
[18:07:56] [Client thread/INFO]: [CHAT] <Lead_Falcon> wille
[18:07:59] [Client thread/INFO]: [CHAT] * Endy888 is no longer AFK.
[18:07:59] [Client thread/INFO]: [CHAT] <Endy888> yum
[18:08:01] [Client thread/INFO]: [CHAT] [Server:suprmn] nom nom nom
[18:08:41] [Client thread/INFO]: Connecting to 64.34.165.5, 28965
[18:08:41] [Client thread/INFO]: [CHAT] VideoGameSmash12 joined the game.
[18:08:41] [Client thread/INFO]: [CHAT] Type /help for a list of commands.
[18:08:41] [Client thread/INFO]: [CHAT] Save your builds with World Edit or lose them
[18:08:41] [Client thread/INFO]: [CHAT] Read our website at www.totalfreedom.me to find out how
[18:08:41] [Client thread/INFO]: [CHAT] Read the rules
[18:08:41] [Client thread/INFO]: [CHAT] Read our only authorized forum at www.totalfreedom.boards.net
[18:08:41] [Client thread/INFO]: [CHAT] You have no new mail.
[18:08:41] [Client thread/INFO]: [CHAT] Set fly mode enabled for VideoGameSmash12.
[18:08:43] [Client thread/INFO]: [CHAT] < SkythekidRS> what?
[18:08:43] [Client thread/INFO]: [CHAT] <Lead_Falcon> do you rmember me?
[18:08:44] [Client thread/INFO]: [CHAT] <Endy888> !test for shoubox
[18:08:46] [Client thread/INFO]: [CHAT] <roby718> .
[18:08:46] [Client thread/INFO]: [CHAT] <Endy888> dangit
[18:08:49] [Client thread/INFO]: [CHAT] <roby718> op meh?
[18:08:49] [Client thread/INFO]: [CHAT] letalboy17 left the game.
[18:08:50] [Client thread/INFO]: [CHAT] marioman4567 joined the game.
[18:08:50] [Client thread/INFO]: [CHAT] Welcome marioman4567 to the server!
[18:08:53] [Client thread/INFO]: [CHAT] < SkythekidRS> what happened?
[18:09:03] [Client thread/INFO]: [CHAT] < SkythekidRS> umm
[18:09:06] [Client thread/INFO]: [CHAT] <Endy888> suprmn
[18:09:08] [Client thread/INFO]: [CHAT] <AlexandrPvP> why cant I use /cake?
[18:09:09] [Client thread/INFO]: [CHAT] <Endy888> cake spleef
[18:09:12] [Client thread/INFO]: [CHAT] XxNicozillaxX - Opping CrashCole
[18:09:12] [Client thread/INFO]: [CHAT] <Gogeta1114> need help
[18:09:13] [Client thread/INFO]: [CHAT] <Endy888> 3
[18:09:13] [Client thread/INFO]: [CHAT] XxNicozillaxX - Opping marioman4567
[18:09:14] [Client thread/INFO]: [CHAT] <Endy888> 2
[18:09:15] [Client thread/INFO]: [CHAT] XxNicozillaxX - Opping roby718
[18:09:16] [Client thread/INFO]: [CHAT] <Endy888> 1
[18:09:17] [Client thread/INFO]: [CHAT] *  MileyCyrus left the game
[18:09:17] [Client thread/INFO]: [CHAT] <Endy888> go!
[18:09:19] [Client thread/INFO]: [CHAT] <zxz_creeper_zxz> its a super admin command that is why
[18:09:29] [Client thread/INFO]: [CHAT] Remote52 - Opping Endy888
[18:09:31] [Client thread/INFO]: [CHAT] djaiden0130 left the game.
[18:09:35] [Client thread/INFO]: [CHAT] *  SkythekidRS joined the game
[18:09:35] [Client thread/INFO]: [CHAT] BigD257 left the game.
[18:09:35] [Client thread/INFO]: [CHAT] < SkythekidRS> lol
[18:09:41] [Client thread/INFO]: [CHAT] <AlexandrPvP> what does it do?
[18:09:43] [Client thread/INFO]: [CHAT] <ChaosCrewMember Godzilla> Anyone need help building sometin
[18:09:57] [Client thread/INFO]: [CHAT] * Endy888 is now AFK.
[18:10:01] [Client thread/INFO]: [CHAT] <zxz_creeper_zxz> spec get over here
[18:10:04] [Client thread/INFO]: [CHAT] <zxz_creeper_zxz> and help me eat this cake
[18:10:06] [Client thread/INFO]: [CHAT] < Zelda> I think CrashCole is griefing,,
[18:10:09] [Client thread/INFO]: [CHAT] Teleporting...
[18:10:09] [Client thread/INFO]: [CHAT] < Zelda> I think..
[18:10:09] [Client thread/INFO]: [CHAT] < ihatemileycyrus> my name says it all
[18:10:20] [Client thread/INFO]: [CHAT] marioman4567 left the game.
[18:10:21] [Client thread/INFO]: [CHAT] <Remote52> l o l
[18:10:22] [Client thread/INFO]: [CHAT] Ari_an4 joined the game.
[18:10:22] [Client thread/INFO]: [CHAT] < Zelda> Ya CrashCole is griefing,,
[18:10:25] [Client thread/INFO]: [CHAT] <matthewpbetit> lol
[18:10:30] [Client thread/INFO]: [CHAT] < JustinBieber> hi
[18:10:34] [Client thread/INFO]: [CHAT] <Remote52> no
[18:10:37] [Client thread/INFO]: [CHAT] <Remote52> just no
[18:10:39] [Client thread/INFO]: [CHAT] <zxz_creeper_zxz> brb
[18:10:40] [Client thread/INFO]: [CHAT] SpecLeader - Tempbanning: Gogeta1114 for 5 minutes.
[18:10:40] [Client thread/INFO]: [CHAT] Gogeta1114 left the game.
[18:10:41] [Client thread/INFO]: [CHAT] zxz_creeper_zxz left the game.
[18:10:46] [Client thread/INFO]: [CHAT] <xXWilee999Xx> nico, be specific in reports
[18:10:48] [Client thread/INFO]: [CHAT] < JustinBieber> baby baby baby ohhhhhh like a baby baby baby ohhh
[18:10:49] [Client thread/INFO]: [CHAT] <xXWilee999Xx> or we cant help you
[18:10:50] [Client thread/INFO]: [CHAT] CrashCole has been a VERY naughty, naughty boy.
[18:10:50] [Client thread/INFO]: [CHAT] Banning: CrashCole, IP: 207.81.*.*.
[18:10:50] [Client thread/INFO]: [CHAT] CrashCole left the game.
[18:10:50] [Client thread/INFO]: [CHAT] < Zelda> CrashCole Stop!
[18:10:57] [Client thread/INFO]: [CHAT] <ChaosCrewMember Godzilla> Banned him already spec.
[18:11:02] [Client thread/INFO]: [CHAT] <Marius_Nightfire> dafuq
[18:11:08] [Client thread/INFO]: [CHAT] <JackTehChicken> what is this?
[18:11:10] [Client thread/INFO]: [CHAT] < BOB> hi
[18:11:15] [Client thread/INFO]: [CHAT] < Get_A_Life> my name says it all
[18:11:19] [Client thread/INFO]: [CHAT] Zopherz joined the game.
[18:11:19] [Client thread/INFO]: [CHAT] Welcome Zopherz to the server!
[18:11:26] [Client thread/INFO]: [CHAT] * Marius_Nightfire left the game
[18:11:27] [Client thread/INFO]: [CHAT] < bodil40> hi.
[18:11:28] [Client thread/INFO]: [CHAT] GlassDime is a Super Admin
[18:11:28] [Client thread/INFO]: [CHAT] GlassDime joined the game.
[18:11:28] [Client thread/INFO]: [CHAT] Welcome GlassDime to the server!
[18:11:38] [Client thread/INFO]: [CHAT] Lazyboy2552 joined the game.
[18:11:38] [Client thread/INFO]: [CHAT] Welcome Lazyboy2552 to the server!
[18:11:42] [Client thread/INFO]: [CHAT] * Marius_Nightfire joined the game
[18:11:44] [Client thread/INFO]: [CHAT] zxz_creeper_zxz is an Impostor
[18:11:44] [Client thread/INFO]: [CHAT] Warning: zxz_creeper_zxz has been flagged as an impostor!
[18:11:44] [Client thread/INFO]: [CHAT] zxz_creeper_zxz joined the game.
[18:11:48] [Client thread/INFO]: [CHAT] MrSBD joined the game.
[18:11:48] [Client thread/INFO]: [CHAT] Welcome MrSBD to the server!
[18:11:49] [Client thread/INFO]: [CHAT] roby718 left the game.
[18:11:49] [Client thread/INFO]: [CHAT] Lead_Falcon left the game.
[18:11:50] [Client thread/INFO]: [CHAT] <zxz_creeper_zxz> im back
[18:11:53] [Client thread/INFO]: [CHAT] roby718 joined the game.
[18:11:57] [Client thread/INFO]: [CHAT] SwordSwingerGod - Opping zxz_creeper_zxz
[18:11:57] [Client thread/INFO]: [CHAT] < huskymudkipper> hi
[18:11:58] [Client thread/INFO]: [CHAT] Nyan_Cat16 joined the game.
[18:11:59] [Client thread/INFO]: [CHAT] Endy888 left the game.
[18:11:59] [Client thread/INFO]: [CHAT] <zxz_creeper_zxz> op me no you nub
[18:12:00] [Client thread/INFO]: [CHAT] popydapenguin joined the game.
[18:12:00] [Client thread/INFO]: [CHAT] Welcome  PopyDaPenguin to the server!
[18:12:01] [Client thread/INFO]: [CHAT] < Titus> hi
[18:12:04] [Client thread/INFO]: [CHAT] * Marius_Nightfire joined the game
[18:12:06] [Client thread/INFO]: [CHAT] SwordSwingerGod - Opping zxz_creeper_zxz
[18:12:07] [Client thread/INFO]: [CHAT] <Marius_Nightfire> hi
[18:12:08] [Client thread/INFO]: [CHAT] <zxz_creeper_zxz> oh btw lynx
[18:12:09] [Client thread/INFO]: [CHAT] matthewpbetit left the game.
[18:12:09] [Client thread/INFO]: [CHAT] The_Real_Timmy is a Super Admin
[18:12:09] [Client thread/INFO]: [CHAT] The_Real_Timmy joined the game.
[18:12:13] [Client thread/INFO]: [CHAT] JackTehChicken left the game.
[18:12:14] [Client thread/INFO]: [CHAT] matthewpbetit joined the game.
[18:12:15] [Client thread/INFO]: [CHAT] AlexandrPvP left the game.
[18:12:15] [Client thread/INFO]: [CHAT] < Zelda> How does I use worldedit..
[18:12:17] [Client thread/INFO]: [CHAT] xxcolinh18xx left the game.
[18:12:19] [Client thread/INFO]: [CHAT] <zxz_creeper_zxz> surpmn
[18:12:22] [Client thread/INFO]: [CHAT] <zxz_creeper_zxz> suprmn
[18:12:22] [Client thread/INFO]: [CHAT] [Server:suprmn] yes?
[18:12:25] [Client thread/INFO]: [CHAT] <Marius_Nightfire> whats world edit
[18:12:26] [Client thread/INFO]: [CHAT] < Titus> is a super duper admiin
[18:12:30] [Client thread/INFO]: [CHAT] <ChaosCrewMember Godzilla> Zelda do you want world edit lessons from me?
[18:12:31] [Client thread/INFO]: [CHAT] * Marius_Nightfire left the game
[18:12:34] [Client thread/INFO]: [CHAT] djaiden0130 joined the game.
[18:12:34] [Client thread/INFO]: [CHAT] <zxz_creeper_zxz> Lazyboy2552 is the person's house i am at
[18:12:34] [Client thread/INFO]: [CHAT] < Zelda> Sure
[18:12:39] [Client thread/INFO]: [CHAT] * Marius_Nightfire joined the game
[18:12:39] [Client thread/INFO]: [CHAT] <ChaosCrewMember Godzilla> tp to me
[18:12:40] [Client thread/INFO]: [CHAT] jerkboy2006 joined the game.
[18:12:40] [Client thread/INFO]: [CHAT] Welcome  Beef_Jerky to the server!
[18:12:42] [Client thread/INFO]: [CHAT] [Server:suprmn] ah
[18:12:43] [Client thread/INFO]: [CHAT] < PopyDaPenguin> Test
[18:12:43] [Client thread/INFO]: [CHAT] < huskymudkipper> :/
[18:12:44] [Client thread/INFO]: [CHAT] <zxz_creeper_zxz> ok?
[18:12:49] [Client thread/INFO]: [CHAT] <Lazyboy2552> sup
[18:12:54] [Client thread/INFO]: [CHAT] <zxz_creeper_zxz> shut up fag
[18:12:58] [Client thread/INFO]: [CHAT] < Link> hi
[18:13:01] [Client thread/INFO]: [CHAT] * Marius_Nightfire : Who logged in as me!?!?!?!?!
[18:13:02] [Client thread/INFO]: [CHAT] <zxz_creeper_zxz> i did not say you could speak
[18:13:09] [Client thread/INFO]: [CHAT] < Get_A_Life> poop
[18:13:12] [Client thread/INFO]: [CHAT] zxz_creeper_zxz - Opping Lazyboy2552
[18:13:12] [Client thread/INFO]: [CHAT] Death_Penguin007 has been a VERY naughty, naughty boy.
[18:13:12] [Client thread/INFO]: [CHAT] < Get_A_Life> shit
[18:13:13] [Client thread/INFO]: [CHAT] < Zelda> Ohai Link
[18:13:14] [Client thread/INFO]: [CHAT] < Get_A_Life> turd
[18:13:14] [Client thread/INFO]: [CHAT] Banning: Death_Penguin007, IP: 173.3.*.*.
[18:13:14] [Client thread/INFO]: [CHAT] Death_Penguin007 left the game.
[18:13:15] [Client thread/INFO]: [CHAT] AWOKENODIN left the game.
[18:13:15] [Client thread/INFO]: [CHAT] <ChaosCrewMember Godzilla> Dont say l a g
[18:13:20] [Client thread/INFO]: [CHAT] < Get_A_Life> lag
[18:13:22] [Client thread/INFO]: [CHAT] <SpecLeader> you just did.
[18:13:23] [Client thread/INFO]: [CHAT] <[YourAveragePenguin] PopyDaPenguin> Test2
[18:13:23] [Client thread/INFO]: [CHAT] lynxlps - Removing all server entities.
[18:13:24] [Client thread/INFO]: [CHAT] <SpecLeader> ;3
[18:13:29] [Client thread/INFO]: [CHAT] <ChaosCrewMember Godzilla> i said l a g
[18:13:31] [Client thread/INFO]: [CHAT] * Marius_Nightfire : Who logged in as me!?!?!?!?!
[18:13:33] [Client thread/INFO]: [CHAT] <sammerson1> can i be admin
[18:13:34] [Client thread/INFO]: [CHAT] <ChaosCrewMember Godzilla> No la_
[18:13:36] [Client thread/INFO]: [CHAT] <Marius_Nightfire> ah well
[18:13:36] [Client thread/INFO]: [CHAT] <SpecLeader> yeah still the same thing.
[18:13:39] [Client thread/INFO]: [CHAT] <ChaosCrewMember Godzilla> do /ai sammer
[18:13:41] [Client thread/INFO]: [CHAT] KittieKat2003 joined the game.
[18:13:41] [Client thread/INFO]: [CHAT] Welcome KittieKat2003 to the server!
[18:13:42] [Client thread/INFO]: [CHAT] GlassDime left the game.
[18:13:46] [Client thread/INFO]: [CHAT] < SkythekidRS> there
[18:13:49] [Client thread/INFO]: [CHAT] <ChaosCrewMember Godzilla> Zelda if u want lessons tp to me
[18:13:51] [Client thread/INFO]: [CHAT] marioman4567 joined the game.
[18:13:53] [Client thread/INFO]: [CHAT] Gravedigger4488 joined the game.
[18:13:53] [Client thread/INFO]: [CHAT] Welcome Gravedigger4488 to the server!
[18:13:56] [Client thread/INFO]: [CHAT] < Zelda> Mkay ign?
[18:13:59] [Client thread/INFO]: [CHAT] < Get_A_Life> l a g lag _ag l_g la_
[18:14:00] [Client thread/INFO]: [CHAT] <ChaosCrewMember Godzilla> nicozilla
[18:14:02] [Client thread/INFO]: [CHAT] < huskymudkipper> sky, ur not the real sky :/
[18:14:10] [Client thread/INFO]: [CHAT] < SkythekidRS> budder
[18:14:11] [Client thread/INFO]: [CHAT] < Zelda> Fanceh
[18:14:13] [Client thread/INFO]: [CHAT] lynxlps left the game.
[18:14:14] [Client thread/INFO]: [CHAT] < huskymudkipper> -_-
[18:14:14] [Client thread/INFO]: [CHAT] MicroMiniMouse joined the game.
[18:14:14] [Client thread/INFO]: [CHAT] Welcome MicroMiniMouse to the server!
[18:14:15] [Client thread/INFO]: [CHAT] Ari_an4 left the game.
[18:14:17] [Client thread/INFO]: [CHAT] The_Real_Timmy left the game.
[18:14:25] [Client thread/INFO]: Connecting to 64.34.165.5, 28965
[18:14:26] [Client thread/INFO]: [CHAT] VideoGameSmash12 joined the game.
[18:14:26] [Client thread/INFO]: [CHAT] Type /help for a list of commands.
[18:14:26] [Client thread/INFO]: [CHAT] Save your builds with World Edit or lose them
[18:14:26] [Client thread/INFO]: [CHAT] Read our website at www.totalfreedom.me to find out how
[18:14:26] [Client thread/INFO]: [CHAT] Read the rules
[18:14:26] [Client thread/INFO]: [CHAT] Read our only authorized forum at www.totalfreedom.boards.net
[18:14:26] [Client thread/INFO]: [CHAT] You have no new mail.
[18:14:26] [Client thread/INFO]: [CHAT] <MicroMiniMouse> MY MANSION!!!!!!!!
[18:14:29] [Client thread/INFO]: [CHAT] matty925 is a Super Admin
[18:14:29] [Client thread/INFO]: [CHAT] matty925 joined the game.
[18:14:32] [Client thread/INFO]: [CHAT] < Zelda> Nope. Totally new to it.
[18:14:34] [Client thread/INFO]: [CHAT] <[TeamCrafted] SkythekidRS> im, sky
[18:14:39] [Client thread/INFO]: [CHAT] < Beef_Jerky> stop Gravedigger4488
[18:14:40] [Client thread/INFO]: [CHAT] <ChaosCrewMember Godzilla> Ok zelda do //wand
[18:14:40] [Client thread/INFO]: [CHAT] zxz_creeper_zxz left the game.
[18:14:45] [Client thread/INFO]: [CHAT] <SwordSwingerGod> your not huskymudkips Remote52
[18:14:48] [Client thread/INFO]: [CHAT] < Get_A_Life> minimouse r u admin?
[18:14:50] [Client thread/INFO]: [CHAT] < Zelda> Ooh. fanceh
[18:14:52] [Client thread/INFO]: [CHAT] < huskymudkipper> i tpd to u and it wouldent let me it said no player found
[18:14:54] [Client thread/INFO]: [CHAT] <ChaosCrewMember Godzilla> Ok come
[18:14:58] [Client thread/INFO]: [CHAT] <ChaosCrewMember Godzilla> Right click a block
[18:14:59] [Client thread/INFO]: [CHAT] marioman4567 left the game.
[18:15:02] [Client thread/INFO]: [CHAT] <MicroMiniMouse> no not yet
[18:15:02] [Client thread/INFO]: [CHAT] < Zelda> Mk
[18:15:02] [Client thread/INFO]: [CHAT] marioman4567 joined the game.
[18:15:04] [Client thread/INFO]: [CHAT] Ari_an4 joined the game.
[18:15:05] [Client thread/INFO]: [CHAT] <ChaosCrewMember Godzilla> with the wand
[18:15:08] [Client thread/INFO]: [CHAT] < Zelda> I dids
[18:15:14] [Client thread/INFO]: Connecting to 64.34.165.5, 28965
[18:15:16] [Client thread/INFO]: Connecting to 64.34.165.5, 28965
[18:15:19] [Client thread/INFO]: Connecting to 64.34.165.5, 28965
[18:15:21] [Client thread/INFO]: Connecting to 64.34.165.5, 28965
[18:15:23] [Client thread/INFO]: Connecting to 64.34.165.5, 28965
[18:15:24] [Client thread/INFO]: Connecting to 64.34.165.5, 28965
[18:15:26] [Client thread/INFO]: Connecting to 64.34.165.5, 28965
[18:15:27] [Client thread/INFO]: Connecting to 64.34.165.5, 28965
[18:15:28] [Client thread/INFO]: Connecting to 64.34.165.5, 28965
[18:15:30] [Client thread/INFO]: Connecting to 64.34.165.5, 28965
[18:15:31] [Client thread/INFO]: [CHAT] VideoGameSmash12 joined the game.
[18:15:31] [Client thread/INFO]: [CHAT] Type /help for a list of commands.
[18:15:31] [Client thread/INFO]: [CHAT] Save your builds with World Edit or lose them
[18:15:31] [Client thread/INFO]: [CHAT] Read our website at www.totalfreedom.me to find out how
[18:15:31] [Client thread/INFO]: [CHAT] Read the rules
[18:15:31] [Client thread/INFO]: [CHAT] Read our only authorized forum at www.totalfreedom.boards.net
[18:15:31] [Client thread/INFO]: [CHAT] You have no new mail.
[18:15:31] [Client thread/INFO]: [CHAT] Set fly mode enabled for VideoGameSmash12.
[18:15:34] [Client thread/INFO]: [CHAT] <[TeamCrafted] Command_Block> lol i nicked myself as a command_block
[18:15:35] [Client thread/INFO]: [CHAT] <ChaosCrewMember Godzilla> now do //set [Blockname]
[18:15:48] [Client thread/INFO]: [CHAT] < Zelda> Ooh ;o
[18:15:49] [Client thread/INFO]: [CHAT] <ChaosCrewMember Godzilla> see
[18:15:51] [Client thread/INFO]: [CHAT] <[TeamCrafted] SkythekidRS> lolz
[18:15:53] [Client thread/INFO]: [CHAT] < Zelda> Pwetty
[18:15:54] [Client thread/INFO]: [CHAT] <ChaosCrewMember Godzilla> No do //undo to undo it
[18:15:55] [Client thread/INFO]: [CHAT] djaiden0130 left the game.
[18:15:56] [Client thread/INFO]: [CHAT] Luigicraft120 joined the game.
[18:15:56] [Client thread/INFO]: [CHAT] Welcome Luigicraft120 to the server!
[18:16:00] [Client thread/INFO]: [CHAT] marioman4567 left the game.
[18:16:03] [Client thread/INFO]: [CHAT] < Zelda> What is this sorcery
[18:16:05] [Client thread/INFO]: [CHAT] < Beef_Jerky> gO!
[18:16:08] [Client thread/INFO]: [CHAT] marioman4567 joined the game.
[18:16:09] [Client thread/INFO]: [CHAT] xXWilee999Xx left the game.
[18:16:11] [Client thread/INFO]: [CHAT] <ChaosCrewMember Godzilla> You can also do //set air to set the thing to nothing like this
[18:16:13] [Client thread/INFO]: [CHAT] thatguyPM joined the game.
[18:16:13] [Client thread/INFO]: [CHAT] Welcome  ThatGuy to the server!
[18:16:13] [Client thread/INFO]: [CHAT] matty925 - Rolling back player: Ari_an4
[18:16:15] [Client thread/INFO]: [CHAT] marioman4567 left the game.
[18:16:16] [Client thread/INFO]: [CHAT] < Exotic_Gamer> Ha
[18:16:16] [Client thread/INFO]: [CHAT] Ari_an4 has been a VERY naughty, naughty boy.
[18:16:16] [Client thread/INFO]: [CHAT] Banning: Ari_an4, IP: 186.15.*.*.
[18:16:16] [Client thread/INFO]: [CHAT] Ari_an4 left the game.
[18:16:18] [Client thread/INFO]: [CHAT] <ChaosCrewMember Godzilla> see
[18:16:19] [Client thread/INFO]: [CHAT] < huskymudkipper> i tpd to u and it wouldent let me it said no player found "sky"
[18:16:19] [Client thread/INFO]: [CHAT] _lavacreeper21_ was slain by _icecreeper21_
[18:16:22] [Client thread/INFO]: [CHAT] [Server:matty925] Banned for some griefing.
[18:16:23] [Client thread/INFO]: [CHAT] suprmn left the game.
[18:16:25] [Client thread/INFO]: [CHAT] < Zelda> Ooh :D How does I do a sphere?
[18:16:30] [Client thread/INFO]: [CHAT] <Georgebottlecap> ?
[18:16:31] [Client thread/INFO]: [CHAT] <Luigicraft120> I can see that there have been some changes....
[18:16:38] [Client thread/INFO]: [CHAT] <ChaosCrewMember Godzilla> Do //sphere [item] [radius]
[18:16:41] [Client thread/INFO]: [CHAT] < Beef_Jerky> HELP!
[18:16:41] [Client thread/INFO]: [CHAT] *  SkythekidRS loves squids
[18:16:44] [Client thread/INFO]: [CHAT] marioman4567 joined the game.
[18:16:45] [Client thread/INFO]: [CHAT] <MicroMiniMouse> matty guess what
[18:16:47] [Client thread/INFO]: [CHAT] < Zelda> Mk.
[18:16:48] [Client thread/INFO]: [CHAT] *  SkythekidRS wants dirt
[18:16:48] [Client thread/INFO]: [CHAT] TootandBUTTER used a forbidden WorldEdit block type: lava
[18:16:49] [Client thread/INFO]: [CHAT] <matty925> what?
[18:16:51] [Client thread/INFO]: [CHAT] < huskymudkipper> -_- your not sky
[18:16:53] [Client thread/INFO]: [CHAT] Remote52 left the game.
[18:16:53] [Client thread/INFO]: [CHAT] djmc132 joined the game.
[18:16:56] [Client thread/INFO]: [CHAT] <ChaosCrewMember Godzilla> To do a hollow sphere do //hsphere [item] [radius]
[18:16:59] [Client thread/INFO]: [CHAT] <[TeamCrafted] SkythekidRS> your not husky
[18:17:02] [Client thread/INFO]: [CHAT] <matty925> did u tell me this yesterday micro?
[18:17:04] [Client thread/INFO]: [CHAT] LogStar100 left the game.
[18:17:04] [Client thread/INFO]: [CHAT] <[Harpo] BabyPiggy> Oink!!!!!!!!