[17:04:28] [Client thread/INFO]: Connecting to 64.34.190.101., 28965
[17:04:31] [Client thread/INFO]: [CHAT] VideoGameSmash12 is a Super Telnet Admin
[17:04:31] [Client thread/INFO]: [CHAT] VideoGameSmash12 joined the game.
[17:04:31] [Client thread/INFO]: [CHAT] Server IP is changing soon! Only use play.totalfreedom.me
[17:04:31] [Client thread/INFO]: [CHAT] Type /help for a list of commands.
[17:04:31] [Client thread/INFO]: [CHAT] Save your builds with World Edit or lose them
[17:04:31] [Client thread/INFO]: [CHAT] Read our website at www.totalfreedom.me to find out how
[17:04:31] [Client thread/INFO]: [CHAT] Read the rules
[17:04:31] [Client thread/INFO]: [CHAT] Read our only authorized forum at www.totalfreedom.boards.net
[17:04:31] [Client thread/INFO]: [CHAT] You have no new mail.
[17:04:31] [Client thread/INFO]: [CHAT] Set fly mode enabled for VideoGameSmash12.
[17:04:33] [Client thread/INFO]: [CHAT] <KittKate> hi
[17:04:39] [Client thread/INFO]: [CHAT] BesT_pvper_star5 joined the game.
[17:04:41] [Client thread/INFO]: [CHAT] < Qenzoz> xD
[17:04:47] [Client thread/INFO]: [CHAT] Player IPs: 71.211.172.136
[17:04:58] [Client thread/INFO]: [CHAT] memo_the_miner : /r /effect {your name} 21 999999 255
[17:04:59] [Client thread/INFO]: [CHAT] Error: me/StevenLawson/TotalFreedomMod/TFM_SuperadminList
[17:05:01] [Client thread/INFO]: [CHAT] Teleporting to top.
[17:05:03] [Client thread/INFO]: [CHAT] <RYDOG909> a
[17:05:05] [Client thread/INFO]: [CHAT] <RYDOG909> op plz
[17:05:08] [Client thread/INFO]: [CHAT] There are 16 out of a maximum 35 players online.
[17:05:08] [Client thread/INFO]: [CHAT] Connected admins: [STA]VideoGameSmash12
[17:05:11] [Client thread/INFO]: [CHAT] LeeX5 left the game.