[12:28:59] [Client thread/INFO]: Connecting to 64.34.165.5, 28965
[12:29:00] [Client thread/INFO]: [CHAT] VideoGameSmash12 is a Super Admin
[12:29:00] [Client thread/INFO]: [CHAT] VideoGameSmash12 joined the game.
[12:29:00] [Client thread/INFO]: [CHAT] Welcome VideoGameSmash12 to the server!
[12:29:00] [Client thread/INFO]: [CHAT] Type /help for a list of commands.
[12:29:00] [Client thread/INFO]: [CHAT] Save your builds with World Edit or lose them
[12:29:00] [Client thread/INFO]: [CHAT] Read our website at www.totalfreedom.me to find out how
[12:29:00] [Client thread/INFO]: [CHAT] Read the rules
[12:29:00] [Client thread/INFO]: [CHAT] Read our only authorized forum at www.totalfreedom.boards.net
[12:29:00] [Client thread/INFO]: [CHAT] You have no new mail.
[12:29:04] [Client thread/INFO]: [CHAT] <deadmau5> mhm
[12:29:04] [Client thread/INFO]: [CHAT] <CreeperGirl013> fake Bajancanadian
[12:29:09] [Client thread/INFO]: [CHAT] < Bajancanadian> i know
[12:29:10] [Client thread/INFO]: [CHAT] yDaarkStar left the game.
[12:29:10] [Client thread/INFO]: [CHAT] baronbomber left the game.
[12:29:10] [Client thread/INFO]: [CHAT] [Server:0sportguy0] Dont disguise as a ender dragon!
[12:29:10] [Client thread/INFO]: [CHAT] jingleblade3 joined the game.
[12:29:11] [Client thread/INFO]: [CHAT] [ADMIN] 0sportguy0 [SA]: Hia!
[12:29:13] [Client thread/INFO]: [CHAT] Nerdy joined the game.
[12:29:15] [Client thread/INFO]: [CHAT] < Bajancanadian> i need to change my name
[12:29:18] [Client thread/INFO]: [CHAT] <[ProBuilder] mariusda> t
[12:29:19] [Client thread/INFO]: [CHAT] <[TheJoker] randompersonguy1> deadmau5 this is Mau5ville!
[12:29:19] [Client thread/INFO]: [CHAT] <Macton2> i am haunted pants
[12:29:21] [Client thread/INFO]: [CHAT] There are 35 out of a maximum 35 players online.
[12:29:21] [Client thread/INFO]: [CHAT] Connected admins: [SA]0sportguy0, [SA]VideoGameSmash12
[12:29:29] [Client thread/INFO]: [CHAT] Block edits at (x12, y52, z199):
[12:29:29] [Client thread/INFO]: [CHAT]  - CallumSchofield placed Web
[12:29:29] [Client thread/INFO]: [CHAT] Block edits at (x12, y52, z199):
[12:29:29] [Client thread/INFO]: [CHAT]  - CallumSchofield placed Web
[12:29:29] [Client thread/INFO]: [CHAT] Block edits at (x12, y52, z199):
[12:29:29] [Client thread/INFO]: [CHAT]  - CallumSchofield placed Web
[12:29:36] [Client thread/INFO]: [CHAT] VideoGameSmash12 - Rolling back player: CallumSchofield
[12:29:36] [Client thread/INFO]: [CHAT] Rolled back 447 edits for CallumSchofield.
[12:29:36] [Client thread/INFO]: [CHAT] If this rollback was a mistake, use /rollback undo CallumSchofield within 20 seconds to reverse the rollback.
[12:29:37] [Client thread/INFO]: [CHAT] <jack398777> ok
[12:29:40] [Client thread/INFO]: [CHAT] <jack398777> name is back
[12:29:42] [Client thread/INFO]: [CHAT] CallumSchofield has been a VERY naughty, naughty boy.
[12:29:42] [Client thread/INFO]: [CHAT] Banning: CallumSchofield, IP: 92.234.*.*.
[12:29:42] [Client thread/INFO]: [CHAT] CallumSchofield left the game.
[12:29:45] [Client thread/INFO]: [CHAT] <[$100][Helper][W] Aki> Hey VideoGameSmash12
[12:29:45] [Client thread/INFO]: [CHAT] baronbomber joined the game.
[12:29:52] [Client thread/INFO]: [CHAT] *  VillagerGolem is helping perry make roads for mau5ville
[12:29:58] [Client thread/INFO]: [CHAT] [Server:VideoGameSmash12] Don't place spider webs at spwan
[12:30:05] [Client thread/INFO]: [CHAT] [$100][Helper][W] Aki : /msg VideoGameSmash12 So what about me having helper then?
[12:30:05] [Client thread/INFO]: [CHAT] [[$100][Helper][W] Aki -> me] So what about me having helper then?
[12:30:13] [Client thread/INFO]: [CHAT] <IrAdz> it Should Be Cheeseville
[12:30:16] [Client thread/INFO]: [CHAT] [$100][Helper][W] Aki : /r You said you would think about giving it oo me
[12:30:16] [Client thread/INFO]: [CHAT] [[$100][Helper][W] Aki -> me] You said you would think about giving it oo me
[12:30:20] [Client thread/INFO]: [CHAT] bortan - Opping bortan
[12:30:21] [Client thread/INFO]: [CHAT] caca132 - Opping caca132
[12:30:24] [Client thread/INFO]: [CHAT] <baronbomber> hi
[12:30:27] [Client thread/INFO]: [CHAT] <[$100][Helper][W] Aki> Hi
[12:30:29] [Client thread/INFO]: [CHAT] RailRoadAWESOME - Opping Emeraldminecart
[12:30:36] [Client thread/INFO]: [CHAT] <3003> Nerdy ????? ???????
[12:30:37] [Client thread/INFO]: [CHAT] [ADMIN] 0sportguy0 [SA]: Wasssup?
[12:30:37] [Client thread/INFO]: [CHAT] Aki_Ji - Opping baronbomber
[12:30:39] [Client thread/INFO]: [CHAT] <[TheJoker] randompersonguy1> deadmau5 look in chet
[12:30:47] [Client thread/INFO]: [CHAT] jack398777 - Opping jack398777
[12:30:57] [Client thread/INFO]: [CHAT] [me -> [$100][Helper][W] Aki] Yo may have helper. :)
[12:30:57] [Client thread/INFO]: [CHAT] <[$100][Helper][W] Aki> [
[12:30:58] [Client thread/INFO]: [CHAT] <deadmau5> im gonna make a cheese stand.
[12:31:00] [Client thread/INFO]: [CHAT] IrAdz left the game.
[12:31:03] [Client thread/INFO]: [CHAT] <deadmau5> like i promised
[12:31:04] [Client thread/INFO]: [CHAT] damoha0512 joined the game.
[12:31:08] [Client thread/INFO]: [CHAT] <deadmau5> the reward for voting is cheese
[12:31:13] [Client thread/INFO]: [CHAT] <[TheJoker] randompersonguy1> haha
[12:31:18] [Client thread/INFO]: [CHAT] <ArsenArsen> what i am
[12:31:22] [Client thread/INFO]: [CHAT] <RailRoadAWESOME> wtf is this
[12:31:23] [Client thread/INFO]: [CHAT] <3003> ????? ???
[12:31:25] [Client thread/INFO]: [CHAT] <[TheJoker] randompersonguy1> wow nice house CreeperGirl013
[12:31:26] [Client thread/INFO]: [CHAT] <[$100][Helper][W] Aki> &0[
[12:31:28] [Client thread/INFO]: [CHAT] < VillagerGolem> perry
[12:31:30] [Client thread/INFO]: [CHAT] <[Elsa] KittyCatGirl10> voted for deadmau5
[12:31:33] [Client thread/INFO]: [CHAT] < VillagerGolem> come over here :D
[12:31:34] [Client thread/INFO]: [CHAT] 0sportguy0 - De-opping jack398777
[12:31:34] [Client thread/INFO]: [CHAT] jack398777 has been a naughty, naughty boy.
[12:31:34] [Client thread/INFO]: [CHAT] jack398777 died
[12:31:35] [Client thread/INFO]: [CHAT] 0sportguy0 left the game.
[12:31:35] [Client thread/INFO]: [CHAT] Exploded!
[12:31:35] [Client thread/INFO]: [CHAT] Location: Location{world=CraftWorld{name=flatlands},x=24.281053833639724,y=50.0,z=221.56109881467208,pitch=40.200157,yaw=283.65027}
[12:31:39] [Client thread/INFO]: [CHAT] <[$100][Helper][W] Aki> &0[&4&lModerator
[12:31:41] [Client thread/INFO]: [CHAT] <2004> ?? ???? ?????
[12:31:41] [Client thread/INFO]: [CHAT] <VideoGameSmash12> COOL
[12:32:20] [Client thread/INFO]: Connecting to 64.34.165.5, 28965
[12:32:20] [Client thread/INFO]: [CHAT] VideoGameSmash12 is a Super Admin
[12:32:20] [Client thread/INFO]: [CHAT] VideoGameSmash12 joined the game.
[12:32:20] [Client thread/INFO]: [CHAT] Type /help for a list of commands.
[12:32:20] [Client thread/INFO]: [CHAT] Save your builds with World Edit or lose them
[12:32:20] [Client thread/INFO]: [CHAT] Read our website at www.totalfreedom.me to find out how
[12:32:20] [Client thread/INFO]: [CHAT] Read the rules
[12:32:20] [Client thread/INFO]: [CHAT] Read our only authorized forum at www.totalfreedom.boards.net
[12:32:20] [Client thread/INFO]: [CHAT] You have no new mail.
[12:32:20] [Client thread/INFO]: [CHAT] Set fly mode enabled for VideoGameSmash12.
[12:32:21] [Client thread/INFO]: [CHAT] < VillagerGolem> perry
[12:32:22] [Client thread/INFO]: [CHAT] RailRoadAWESOME joined the game.
[12:32:22] [Client thread/INFO]: [CHAT] baronbomber joined the game.
[12:32:23] [Client thread/INFO]: [CHAT] < VillagerGolem> come here
[12:32:23] [Client thread/INFO]: [CHAT] Emperozion joined the game.
[12:32:24] [Client thread/INFO]: [CHAT] danox250 joined the game.
[12:32:25] [Client thread/INFO]: [CHAT] <jack398777> wtf
[12:32:26] [Client thread/INFO]: [CHAT] Emperozion left the game.
[12:32:26] [Client thread/INFO]: [CHAT] Emperozion joined the game.
[12:32:27] [Client thread/INFO]: [CHAT] iBallistiicSquid joined the game.
[12:32:28] [Client thread/INFO]: [CHAT] <[Former.Mayor] Perry9988> Ya
[12:32:28] [Client thread/INFO]: [CHAT] rbayliss joined the game.
[12:32:28] [Client thread/INFO]: [CHAT] CreeperGirl013 joined the game.
[12:32:30] [Client thread/INFO]: [CHAT] randompersonguy1 joined the game.
[12:32:34] [Client thread/INFO]: [CHAT] < VillagerGolem> finished road over here :D
[12:32:34] [Client thread/INFO]: [CHAT] mariusda joined the game.
[12:32:35] [Client thread/INFO]: [CHAT] <jack398777> someone op me
[12:32:39] [Client thread/INFO]: [CHAT] <[$100][Helper][W] Aki> VideoGameSmash12
[12:32:40] [Client thread/INFO]: [CHAT] <[Former.Mayor] Perry9988> ok
[12:32:41] [Client thread/INFO]: [CHAT] iBallistiicSquid : /t super are you admin
[12:32:46] [Client thread/INFO]: [CHAT] <Activation> op me plz
[12:32:46] [Client thread/INFO]: [CHAT] supergameplayer : /r Yes
[12:32:47] [Client thread/INFO]: [CHAT] wolfattax joined the game.
[12:32:47] [Client thread/INFO]: [CHAT] Welcome wolfattax to the server!
[12:32:51] [Client thread/INFO]: [CHAT] likoip joined the game.
[12:32:51] [Client thread/INFO]: [CHAT] <[$100][Helper][W] Aki> VideoGameSmash12?
[12:32:53] [Client thread/INFO]: [CHAT] <3003> ??? ???????
[12:32:56] [Client thread/INFO]: [CHAT] likoip - Opping likoip
[12:32:57] [Client thread/INFO]: [CHAT] <jack398777> pls dood op
[12:33:02] [Client thread/INFO]: [CHAT] iBallistiicSquid : /r Can I because I can't apply
[12:33:02] [Client thread/INFO]: [CHAT] Aki_Ji - Opping jack398777
[12:33:08] [Client thread/INFO]: [CHAT] <[$100][Helper][W] Aki> :)
[12:33:09] [Client thread/INFO]: [CHAT] <jack398777> thanks
[12:33:10] [Client thread/INFO]: [CHAT] Azzieuss joined the game.
[12:33:10] [Client thread/INFO]: [CHAT] supergameplayer : /r &4NO!
[12:33:10] [Client thread/INFO]: [CHAT] iBallistiicSquid : /r Shall I tell you why
[12:33:11] [Client thread/INFO]: [CHAT] <[$100][Helper][W] Aki> np
[12:33:12] [Client thread/INFO]: [CHAT] < VillagerGolem> OMG
[12:33:14] [Client thread/INFO]: [CHAT] < VillagerGolem> lava hack
[12:33:15] [Client thread/INFO]: [CHAT] <wolfattax> can i be op
[12:33:16] [Client thread/INFO]: [CHAT] Azzieuss left the game.
[12:33:18] [Client thread/INFO]: [CHAT] BJman2003 left the game.
[12:33:18] [Client thread/INFO]: [CHAT] KittyCatGirl40 left the game.
[12:33:18] [Client thread/INFO]: [CHAT] randompersonguy1 left the game.
[12:33:18] [Client thread/INFO]: [CHAT] ArsenArsen left the game.
[12:33:18] [Client thread/INFO]: [CHAT] CreeperGirl013 left the game.
[12:33:18] [Client thread/INFO]: [CHAT] Emeraldminecart left the game.
[12:33:19] [Client thread/INFO]: [CHAT] jingleblade3 left the game.
[12:33:19] [Client thread/INFO]: [CHAT] <Activation> op me plz!
[12:33:19] [Client thread/INFO]: [CHAT] Emperozion left the game.
[12:33:19] [Client thread/INFO]: [CHAT] dfvhsv joined the game.
[12:33:20] [Client thread/INFO]: [CHAT] deadmau5 left the game.
[12:33:21] [Client thread/INFO]: [CHAT] <????????? likoip> fd
[12:33:25] [Client thread/INFO]: [CHAT] CraftCarter134 left the game.
[12:33:25] [Client thread/INFO]: [CHAT] AleJohn2 joined the game.
[12:33:27] [Client thread/INFO]: [CHAT] <Activation> dahell
[12:33:29] [Client thread/INFO]: [CHAT] <Activation> op me plz!
[12:33:30] [Client thread/INFO]: [CHAT] randompersonguy1 joined the game.
[12:33:31] [Client thread/INFO]: [CHAT] jingleblade3 joined the game.
[12:33:33] [Client thread/INFO]: [CHAT] <danox250> a
[12:33:33] [Client thread/INFO]: [CHAT] <3003> ????? ??? ? ????
[12:33:33] [Client thread/INFO]: [CHAT] KittyCatGirl40 joined the game.
[12:33:33] [Client thread/INFO]: [CHAT] <[$100][Helper][W] Aki> ./tag
[12:33:34] [Client thread/INFO]: [CHAT] <[TheJoker] randompersonguy1> lol
[12:33:35] [Client thread/INFO]: [CHAT] AleJohn2 left the game.
[12:33:35] [Client thread/INFO]: [CHAT] MaxPownzzz joined the game.
[12:33:35] [Client thread/INFO]: [CHAT] Welcome MaxPownzzz to the server!
[12:33:35] [Client thread/INFO]: [CHAT] BJman2003 joined the game.
[12:33:37] [Client thread/INFO]: [CHAT] CreeperGirl013 joined the game.
[12:33:41] [Client thread/INFO]: [CHAT] gjkljg43543521si joined the game.
[12:33:42] [Client thread/INFO]: [CHAT] supergameplayer : /r You need to apply. Do /ai to find out how.
[12:33:47] [Client thread/INFO]: [CHAT] <Activation> op me plz
[12:33:47] [Client thread/INFO]: [CHAT] <wolfattax> op
[12:33:49] [Client thread/INFO]: [CHAT] MaximVK left the game.
[12:33:50] [Client thread/INFO]: [CHAT] Emeraldminecart joined the game.
[12:33:52] [Client thread/INFO]: [CHAT] jack398777 - Opping wolfattax
[12:33:53] [Client thread/INFO]: [CHAT] deadmau5 joined the game.
[12:33:56] [Client thread/INFO]: [CHAT] vlad joined the game.
[12:33:57] [Client thread/INFO]: [CHAT] <MaxPownzzz> .
[12:34:00] [Client thread/INFO]: [CHAT] jack398777 - Opping Activation
[12:34:06] [Client thread/INFO]: [CHAT] gjkljg43543521si left the game.
[12:34:08] [Client thread/INFO]: [CHAT] <jack398777> i want to do the opping around here
[12:34:14] [Client thread/INFO]: [CHAT] <[Former.Mayor] Perry9988> CreeperGirl the Invisable Person did this
[12:34:15] [Client thread/INFO]: [CHAT] <jack398777> anyone need op ask me
[12:34:25] [Client thread/INFO]: [CHAT]  333Squiddy333 : /r I can't because my router won't let me use the internet only minecraft
[12:34:26] [Client thread/INFO]: [CHAT] <deadmau5> cheese chest is across from the news stand
[12:34:26] [Client thread/INFO]: [CHAT] <[Former.Mayor] Perry9988> push really
[12:34:29] [Client thread/INFO]: [CHAT] caca132 joined the game.
[12:34:30] [Client thread/INFO]: [CHAT] RyaplaysMC joined the game.
[12:34:31] [Client thread/INFO]: [CHAT] oliver976 joined the game.
[12:34:31] [Client thread/INFO]: [CHAT] Welcome oliver976 to the server!
[12:34:31] [Client thread/INFO]: [CHAT] < 333Squiddy333> like my nick?
[12:34:35] [Client thread/INFO]: [CHAT] <[$100][Helper][W] Aki> no
[12:34:37] [Client thread/INFO]: [CHAT] supergameplayer - Removing all nicknames.
[12:34:39] [Client thread/INFO]: [CHAT] <BJman2003> NO &K
[12:34:39] [Client thread/INFO]: [CHAT] mariowii100 joined the game.
[12:34:40] [Client thread/INFO]: [CHAT] <[$100][Helper][W] Aki_Ji> &k
[12:34:40] [Client thread/INFO]: [CHAT] iBallistiicSquid has been a naughty, naughty boy.
[12:34:40] [Client thread/INFO]: [CHAT] iBallistiicSquid died
[12:34:40] [Client thread/INFO]: [CHAT] <oliver976> g
[12:34:43] [Client thread/INFO]: [CHAT] <deadmau5> cheese chest is across from the news stand!! voters take your reward!
[12:34:45] [Client thread/INFO]: [CHAT] oliver976 left the game.
[12:34:49] [Client thread/INFO]: [CHAT] <[$100][Helper][W] Aki_Ji> No &k
[12:34:51] [Client thread/INFO]: [CHAT] [Server:supergameplayer] No &k and stop asking me for admin!
[12:34:51] [Client thread/INFO]: [CHAT] <iBallistiicSquid> jake op me
[12:34:52] [Client thread/INFO]: [CHAT] undercard joined the game.
[12:34:52] [Client thread/INFO]: [CHAT] Welcome undercard to the server!
[12:34:53] [Client thread/INFO]: [CHAT] <baronbomber> Hey!
[12:34:54] [Client thread/INFO]: [CHAT] <danox250> squiddy your nick look so cool :D
[12:34:54] [Client thread/INFO]: [CHAT] <Activation> hi deadmau5
[12:34:56] [Client thread/INFO]: [CHAT] hey_jack joined the game.
[12:34:56] [Client thread/INFO]: [CHAT] Welcome hey_jack to the server!
[12:34:59] [Client thread/INFO]: [CHAT] CraftCarter134 joined the game.
[12:34:59] [Client thread/INFO]: [CHAT] Aki_Ji - Opping baronbomber
[12:35:00] [Client thread/INFO]: [CHAT] <[Elsa] KittyCatGirl40> supergameplayer
[12:35:02] [Client thread/INFO]: [CHAT] <[$100][Helper][W] Aki_Ji> Welcome hey_jack
[12:35:04] [Client thread/INFO]: Warning: Clientside chunk ticking took 224 ms
[12:35:06] [Client thread/INFO]: [CHAT] Nerdy left the game.
[12:35:07] [Client thread/INFO]: [CHAT] <baronbomber> Hi
[12:35:07] [Client thread/INFO]: [CHAT] Dinnerbone joined the game.
[12:35:08] [Client thread/INFO]: [CHAT] <Activation> nice ears
[12:35:08] [Client thread/INFO]: [CHAT] Nerdy joined the game.
[12:35:09] [Client thread/INFO]: [CHAT] <Dinnerbone> hi
[12:35:10] [Client thread/INFO]: [CHAT] <jack398777> hi aki
[12:35:12] [Client thread/INFO]: [CHAT] pushkal123 left the game.
[12:35:12] [Client thread/INFO]: [CHAT] JJ_Jaguar2000 is a Super Telnet Admin and a Aperture science test subject
[12:35:12] [Client thread/INFO]: [CHAT] JJ_Jaguar2000 joined the game.
[12:35:12] [Client thread/INFO]: [CHAT] <[$100][Helper][W] Aki_Ji> Hi
[12:35:14] [Client thread/INFO]: [CHAT] <jack398777> lol
[12:35:16] [Client thread/INFO]: [CHAT] <jack398777> trees
[12:35:17] [Client thread/INFO]: [CHAT] <[Former.Mayor] Perry9988> Hey DinnerBone
[12:35:17] [Client thread/INFO]: [CHAT] <Dinnerbone> d
[12:35:18] [Client thread/INFO]: [CHAT] <iBallistiicSquid> jake op me please
[12:35:19] [Client thread/INFO]: [CHAT] JJ_Jaguar2000 - Opping all players on the server
[12:35:19] [Client thread/INFO]: [CHAT] You are now op!
[12:35:20] [Client thread/INFO]: [CHAT] [ADMIN] JJ_Jaguar2000 [STA]: hai
[12:35:25] [Client thread/INFO]: [CHAT] <JJ_Jaguar2000> lag
[12:35:29] [Client thread/INFO]: [CHAT] <iBallistiicSquid> yup
[12:35:29] [Client thread/INFO]: [CHAT]  TheCool : /t Zombie
[12:35:29] [Client thread/INFO]: [CHAT]  TheCool : /t Zombie
[12:35:31] [Client thread/INFO]: [CHAT] <jack398777> no
[12:35:31] [Client thread/INFO]: [CHAT] <[Elsa] KittyCatGirl40> supergameplayer i want to schem the school but i cant it says Max block 100000
[12:35:31] [Client thread/INFO]: [CHAT] [ADMIN] VideoGameSmash12 [SA]: Hai!
[12:35:32] [Client thread/INFO]: [CHAT] <JJ_Jaguar2000> nvm
[12:35:33] [Client thread/INFO]: [CHAT] <jack398777> no lag
[12:35:34] [Client thread/INFO]: [CHAT] <JJ_Jaguar2000> fixed
[12:35:34] [Client thread/INFO]: [CHAT] <[Helper] baronbomber> guhtjer]0utikorl
[12:35:38] [Client thread/INFO]: [CHAT] [ADMIN] supergameplayer [SA]: iBallistiicSquid is being a jerk. He asks me for admin and then uses &k in a nick.
[12:35:49] [Client thread/INFO]: [CHAT] <JJ_Jaguar2000> KittyCatGirl40
[12:35:51] [Client thread/INFO]: [CHAT] <JJ_Jaguar2000> try now
[12:35:52] [Client thread/INFO]: [CHAT] <[Elsa] KittyCatGirl40> yes
[12:35:53] [Client thread/INFO]: [CHAT] <[Elsa] KittyCatGirl40> ok
[12:35:54] [Client thread/INFO]: [CHAT] <jack398777> i love this servre
[12:35:56] [Client thread/INFO]: [CHAT] KittyCatGirl40 changed their WorldEdit block limit to -1 and will need to be re-op'd.
[12:35:59] [Client thread/INFO]: [CHAT] JJ_Jaguar2000 - Opping kitty
[12:36:01] [Client thread/INFO]: [CHAT] <[Helper] baronbomber> Hey
[12:36:01] [Client thread/INFO]: [CHAT] supergameplayer - Opping KittyCatGirl40
[12:36:02] [Client thread/INFO]: [CHAT] JJ_Jaguar2000 - Opping KittyCatGirl40
[12:36:05] [Client thread/INFO]: [CHAT] <[$100][Helper][W] Aki_Ji> :D
[12:36:06] [Client thread/INFO]: [CHAT] <jack398777> im gonna put this on my youtube channel
[12:36:10] [Client thread/INFO]: [CHAT] Emeraldminecart - Opping KittyCatGirl40
[12:36:12] [Client thread/INFO]: [CHAT] <JJ_Jaguar2000> now paste :3
[12:36:14] [Client thread/INFO]: [CHAT] <Dinnerbone> wtf
[12:36:14] [Client thread/INFO]: [CHAT] <jack398777> my viewers need to see this server
[12:36:15] [Client thread/INFO]: [CHAT] mariusda fell from a high place
[12:36:17] [Client thread/INFO]: [CHAT] <jack398777> its awesome
[12:36:20] [Client thread/INFO]: [CHAT] <3003> ????? ???????
[12:36:23] [Client thread/INFO]: [CHAT] <jack398777> recording in 3
[12:36:26] [Client thread/INFO]: [CHAT] <jack398777> 2
[12:36:26] [Client thread/INFO]: [CHAT] <[Elsa] KittyCatGirl40> can i have it for 2 hours plz
[12:36:27] [Client thread/INFO]: [CHAT] <jack398777> 1
[12:36:31] [Client thread/INFO]: [CHAT]  333Squiddy333 : /t jack what do you use to record
[12:36:35] [Client thread/INFO]: [CHAT] *  VillagerGolem gives deadmau5 a handshake
[12:36:41] [Client thread/INFO]: [CHAT]  333Squiddy333 : /r wrong person
[12:36:44] [Client thread/INFO]: [CHAT] <RyaplaysMC> WTF
[12:36:45] [Client thread/INFO]: [CHAT] <[$100][Helper][W] Aki_Ji> xD
[12:36:46] [Client thread/INFO]: [CHAT] <deadmau5> thank you. good sir
[12:36:48] [Client thread/INFO]: [CHAT] <JJ_Jaguar2000> paste it on the floor
[12:36:51] [Client thread/INFO]: [CHAT]  333Squiddy333 : /t jack398 what do you use to record
[12:37:21] [Client thread/INFO]: [CHAT] <[Elsa] KittyCatGirl40> Type /warp School
[12:37:27] [Client thread/INFO]: [CHAT] <jack398777> i use what skydoesmc use to record
[12:37:32] [Client thread/INFO]: [CHAT] <Dinnerbone> deamau look at my pet
[12:37:35] [Client thread/INFO]: [CHAT]  333Squiddy333 : /r whats that
[12:37:39] [Client thread/INFO]: [CHAT] JJ_Jaguar2000 - Opping all players on the server
[12:37:39] [Client thread/INFO]: [CHAT] You are now op!
[12:37:40] [Client thread/INFO]: [CHAT] <deadmau5> i've seen it
[12:37:42] [Client thread/INFO]: [CHAT] <[ProBuilder] mariusda> t/warp school
[12:37:42] [Client thread/INFO]: [CHAT] <jack398777> idk
[12:37:44] [Client thread/INFO]: [CHAT] <jack398777> i forgot
[12:37:46] [Client thread/INFO]: [CHAT] <deadmau5> upsidedown pig
[12:37:47] [Client thread/INFO]: [CHAT] <[Elsa] KittyCatGirl40> GRIEF
[12:37:47] [Client thread/INFO]: [CHAT] <jack398777> i just record
[12:37:48] [Client thread/INFO]: [CHAT] dfvhsv left the game.
[12:37:52] [Client thread/INFO]: [CHAT] <[Elsa] KittyCatGirl40> grief!
[12:37:55] [Client thread/INFO]: [CHAT] 2004 left the game.
[12:37:56] [Client thread/INFO]: [CHAT] Emperozion joined the game.
[12:37:58] [Client thread/INFO]: [CHAT] <[Elsa] KittyCatGirl40> grief!!
[12:37:58] [Client thread/INFO]: [CHAT] MaxPownzzz has been a VERY naughty, naughty boy.
[12:37:58] [Client thread/INFO]: [CHAT] Banning: MaxPownzzz, IP: 83.161.*.*.
[12:37:58] [Client thread/INFO]: [CHAT] MaxPownzzz left the game.
[12:38:01] [Client thread/INFO]: [CHAT] <[Elsa] KittyCatGirl40> thanks
[12:38:01] [Client thread/INFO]: [CHAT] <[$100][PVP]Helper] Aki_Ji> Tes
[12:38:02] [Client thread/INFO]: [CHAT] Dinnerbone : /msg dead am i upside down
[12:38:16] [Client thread/INFO]: [CHAT] deadmau5 : /msg dinner yes
[12:38:18] [Client thread/INFO]: [CHAT] dfvhsv joined the game.
[12:38:19] [Client thread/INFO]: [CHAT] concil435 joined the game.
[12:38:22] [Client thread/INFO]: [CHAT] concil435 fell from a high place
[12:38:23] [Client thread/INFO]: [CHAT] <RyaplaysMC> Please don't kill me
[12:38:26] [Client thread/INFO]: [CHAT] < 333Squiddy333> Now go out for break time
[12:38:26] [Client thread/INFO]: [CHAT] Dinnerbone : /msg dead look in my house
[12:38:26] [Client thread/INFO]: [CHAT] <[Elsa] KittyCatGirl40> Type /warp School Kids asnd people that are 19
[12:38:31] [Client thread/INFO]: [CHAT] iBallistiicSquid has been a naughty, naughty boy.
[12:38:31] [Client thread/INFO]: [CHAT] iBallistiicSquid was slain by hey_jack
[12:38:39] [Client thread/INFO]: [CHAT] <[$100][P]Helper][W] Aki_Ji> Lel
[12:38:40] [Client thread/INFO]: [CHAT] supergameplayer - Removing all nicknames.
[12:38:43] [Client thread/INFO]: [CHAT] <[Elsa] KittyCatGirl40> hey_jack?
[12:38:43] [Client thread/INFO]: [CHAT] <[TheJoker] randompersonguy1> ty BJman2003
[12:38:46] [Client thread/INFO]: [CHAT] <jack398777> how do i use worldedit
[12:38:47] [Client thread/INFO]: [CHAT] <[$100][P]Helper][W] Aki_Ji> ./creative
[12:38:47] [Client thread/INFO]: [CHAT] <concil435> op pls
[12:38:49] [Client thread/INFO]: [CHAT] [Server:supergameplayer] iBallistiicSquid, I said no &k!
[12:38:51] [Client thread/INFO]: [CHAT] <jack398777> i wanna show youtube
[12:38:52] [Client thread/INFO]: [CHAT] <hey_jack> yes kitty
[12:38:53] [Client thread/INFO]: [CHAT] <[Helper] baronbomber> @~?y
[12:38:54] [Client thread/INFO]: [CHAT] jack398777 - Opping concil435
[12:38:59] [Client thread/INFO]: [CHAT] <concil435> thanks
[12:39:00] [Client thread/INFO]: [CHAT] <iBallistiicSquid> jack
[12:39:01] [Client thread/INFO]: [CHAT] <[Elsa] KittyCatGirl40> ahh a mouse
[12:39:01] [Client thread/INFO]: [CHAT] <iBallistiicSquid> op me
[12:39:03] [Client thread/INFO]: [CHAT] <jack398777> yea
[12:39:06] [Client thread/INFO]: [CHAT] jack398777 - Opping iBallistiicSquid
[12:39:07] [Client thread/INFO]: [CHAT] <[Helper] baronbomber> ][]
[12:39:10] [Client thread/INFO]: [CHAT] likoip has been a VERY naughty, naughty boy.
[12:39:10] [Client thread/INFO]: [CHAT] <[$100][P]Helper][W] Aki_Ji> iBallistiicSquid
[12:39:15] [Client thread/INFO]: [CHAT] <iBallistiicSquid> what
[12:39:19] [Client thread/INFO]: [CHAT] <deadmau5> today
[12:39:21] [Client thread/INFO]: [CHAT] Banning: likoip, IP: 94.176.*.*.
[12:39:21] [Client thread/INFO]: [CHAT] likoip left the game.
[12:39:21] [Client thread/INFO]: [CHAT] <JJ_Jaguar2000> .
[12:39:21] [Client thread/INFO]: [CHAT] 3003 left the game.
[12:39:21] [Client thread/INFO]: [CHAT] <[$100][P]Helper][W] Aki_Ji> Ya fake ;)
[12:39:26] [Client thread/INFO]: [CHAT] <deadmau5> i will teach you proper spelling
[12:39:30] [Client thread/INFO]: [CHAT] <Dinnerbone> craft wth
[12:39:30] [Client thread/INFO]: [CHAT] *  VillagerGolem needs a home
[12:39:30] [Client thread/INFO]: [CHAT] <[TheJoker] randompersonguy1> i will b back :()
[12:39:30] [Client thread/INFO]: [CHAT] <jingleblade3> Dinnerbone chhese is always da awnser
[12:39:30] [Client thread/INFO]: [CHAT] <deadmau5> and punctuation
[12:39:33] [Client thread/INFO]: [CHAT] randompersonguy1 left the game.
[12:39:36] [Client thread/INFO]: [CHAT] bananus7 joined the game.
[12:39:37] [Client thread/INFO]: [CHAT] sHaDoWpAss23 joined the game.
[12:39:40] [Client thread/INFO]: [CHAT] <bananus7> s
[12:39:40] [Client thread/INFO]: [CHAT] Dinnerbone : /msg craft WTF
[12:39:43] [Client thread/INFO]: [CHAT] <[Elsa] KittyCatGirl40> aasd
[12:39:43] [Client thread/INFO]: [CHAT] <rbayliss> what?
[12:39:44] [Client thread/INFO]: [CHAT] <[ProBuilder] mariusda> t
[12:39:46] [Client thread/INFO]: [CHAT] <[$100][P]Helper][W] Aki_Ji> iBallistiicSquid's IGN is ____squid____
[12:39:47] [Client thread/INFO]: [CHAT] < Bajancanadian> how do you use world edit for youtube
[12:39:52] [Client thread/INFO]: [CHAT] iBallistiicSquid left the game.
[12:39:53] [Client thread/INFO]: [CHAT] <deadmau5> any words you cant spell?
[12:39:54] [Client thread/INFO]: [CHAT] < Bajancanadian> im jack398777
[12:39:56] [Client thread/INFO]: [CHAT] <deadmau5> i will help.
[12:39:57] [Client thread/INFO]: [CHAT] <RailRoadAWESOME> yur digised as bote
[12:40:00] [Client thread/INFO]: [CHAT] <[ProBuilder] mariusda> sd/tag
[12:40:03] [Client thread/INFO]: [CHAT] <Dinnerbone> craft do you know how hard it was to put that pig there
[12:40:04] [Client thread/INFO]: [CHAT] <[Elsa] KittyCatGirl40> no
[12:40:07] [Client thread/INFO]: [CHAT] < Bajancanadian> how deadmau5
[12:40:13] [Client thread/INFO]: [CHAT] <[RedstoneMaster] bananus7> t
[12:40:13] [Client thread/INFO]: [CHAT] <[ProBuilder] mariusda> t
[12:40:14] [Client thread/INFO]: [CHAT] WanahockALoogie joined the game.
[12:40:14] [Client thread/INFO]: [CHAT] Welcome WanahockALoogie to the server!
[12:40:14] [Client thread/INFO]: [CHAT] <Dinnerbone> craft do you know how hard it was to put that pig thered
[12:40:21] [Client thread/INFO]: [CHAT] <Dinnerbone> so FUCK OFF
[12:40:22] [Client thread/INFO]: [CHAT] vj13573 is a Super Admin
[12:40:22] [Client thread/INFO]: [CHAT] vj13573 joined the game.
[12:40:22] [Client thread/INFO]: [CHAT] <deadmau5> i will now teach math
[12:40:23] [Client thread/INFO]: [CHAT] <Activation> hi
[12:40:24] [Client thread/INFO]: [CHAT] <WanahockALoogie> t
[12:40:27] [Client thread/INFO]: [CHAT] vj13573 - Opping all players on the server
[12:40:27] [Client thread/INFO]: [CHAT] You are now op!
[12:40:31] [Client thread/INFO]: [CHAT] vj13573 - Setting everyone's Worldedit block modification limit to 500.
[12:40:32] [Client thread/INFO]: [CHAT] WanahockALoogie - Opping WanahockALoogie
[12:40:34] [Client thread/INFO]: [CHAT] [ADMIN] JJ_Jaguar2000 [STA]: vj
[12:40:36] [Client thread/INFO]: [CHAT] <WanahockALoogie> ok
[12:40:36] [Client thread/INFO]: [CHAT] [ADMIN] vj13573 [SA]: ?
[12:40:40] [Client thread/INFO]: [CHAT] [ADMIN] JJ_Jaguar2000 [STA]: im fixing it :d
[12:40:42] [Client thread/INFO]: [CHAT] [ADMIN] JJ_Jaguar2000 [STA]: :D
[12:40:45] [Client thread/INFO]: [CHAT] concil435 has been banned for 1 minute.
[12:40:45] [Client thread/INFO]: [CHAT] concil435 left the game.
[12:40:45] [Client thread/INFO]: [CHAT] concil435 was automatically kicked for using harmful commands.
[12:40:46] [Client thread/INFO]: [CHAT] [ADMIN] vj13573 [SA]: fixing what?
[12:40:48] [Client thread/INFO]: [CHAT] <rbayliss> 60!
[12:40:51] [Client thread/INFO]: [CHAT] CreeperGirl013 left the game.
[12:40:52] [Client thread/INFO]: [CHAT] [ADMIN] JJ_Jaguar2000 [STA]: the skyscraper
[12:40:53] [Client thread/INFO]: [CHAT] damoha0512 joined the game.
[12:40:54] [Client thread/INFO]: [CHAT] <[Elsa] KittyCatGirl40> 50?
[12:40:57] [Client thread/INFO]: [CHAT] [ADMIN] vj13573 [SA]: oh k
[12:40:57] [Client thread/INFO]: [CHAT] <[$100][P]Helper][W] Aki_Ji> 40
[12:41:01] [Client thread/INFO]: [CHAT] <[Elsa] KittyCatGirl40> 70
[12:41:01] [Client thread/INFO]: [CHAT] Dinnerbone : /msg vj ban CraftCarter134 for harassing and anoyance
[12:41:02] [Client thread/INFO]: [CHAT] <jingleblade3> 30
[12:41:03] [Client thread/INFO]: [CHAT] <[$100][P]Helper][W] Aki_Ji> 10
[12:41:04] [Client thread/INFO]: [CHAT] giga34 joined the game.
[12:41:07] [Client thread/INFO]: [CHAT] <deadmau5> its sixty
[12:41:09] [Client thread/INFO]: [CHAT] <jingleblade3> 0
[12:41:11] [Client thread/INFO]: [CHAT] <vj13573> No
[12:41:12] [Client thread/INFO]: [CHAT] <[$100][P]Helper][W] Aki_Ji> You mean
[12:41:12] [Client thread/INFO]: [CHAT] <[RedstoneMaster] bananus7> s
[12:41:14] [Client thread/INFO]: [CHAT] <[$100][P]Helper][W] Aki_Ji> Sexty
[12:41:17] [Client thread/INFO]: [CHAT] <deadmau5> OHHHH
[12:41:18] [Client thread/INFO]: [CHAT] <[Elsa] KittyCatGirl40> im going to play
[12:41:19] [Client thread/INFO]: [CHAT] CommandSpy enabled.
[12:41:20] [Client thread/INFO]: [CHAT] <Activation> hey teacher
[12:41:21] [Client thread/INFO]: [CHAT] jack398777: /
[12:41:22] [Client thread/INFO]: [CHAT] <deadmau5> ?
[12:41:23] [Client thread/INFO]: [CHAT] <vj13573> Ban request denied as theres no evidence of him doing anything
[12:41:23] [Client thread/INFO]: [CHAT] Dinnerbone: /spawnmob pig
[12:41:24] [Client thread/INFO]: [CHAT] bananus7: /nick &4&lbananus7
[12:41:25] [Client thread/INFO]: [CHAT] Emeraldminecart: /disguise boat
[12:41:28] [Client thread/INFO]: [CHAT] WanahockALoogie: /mob villager,villager.
[12:41:28] [Client thread/INFO]: [CHAT] Nerdy: /isp area 2 for fun
[12:41:28] [Client thread/INFO]: [CHAT] <[RedstoneMaster] bananus7> yt
[12:41:30] [Client thread/INFO]: [CHAT] BJman2003: /i stone_shovel 1
[12:41:30] [Client thread/INFO]: [CHAT] <Activation> is this the dunce area?
[12:41:34] [Client thread/INFO]: [CHAT] <deadmau5> yes
[12:41:37] [Client thread/INFO]: [CHAT] WanahockALoogie: /mob villager,villager,villager
[12:41:38] [Client thread/INFO]: [CHAT] Aki_Ji: /rank vj13573
[12:41:38] [Client thread/INFO]: [CHAT] BJman2003: /i diamond_spade
[12:41:38] [Client thread/INFO]: [CHAT] RailRoadAWESOME: /disguise minecart
[12:41:40] [Client thread/INFO]: [CHAT] bananus7: /nick &4&lbananus7
[12:41:40] [Client thread/INFO]: [CHAT] giga34 left the game.
[12:41:41] [Client thread/INFO]: [CHAT] Aki_Ji: /rank videogamesmash12
[12:41:41] [Client thread/INFO]: [CHAT] <rbayliss> ye!
[12:41:42] [Client thread/INFO]: [CHAT] sHaDoWpAss23: /i 373
[12:41:43] [Client thread/INFO]: [CHAT] BJman2003: /enchant addall
[12:41:43] [Client thread/INFO]: [CHAT] < Bajancanadian> im 19
[12:41:43] [Client thread/INFO]: [CHAT] bananus7: /nick &4&lbananus3
[12:41:44] [Client thread/INFO]: [CHAT] danox250 left the game.
[12:41:47] [Client thread/INFO]: [CHAT] bananus7: /nick &4&lbananus1
[12:41:47] [Client thread/INFO]: [CHAT] <[$100][P]Helper][W] Aki_Ji> vj13573
[12:41:50] [Client thread/INFO]: [CHAT] damoha0512 fell out of the world
[12:41:50] [Client thread/INFO]: [CHAT] bananus7: /nick &4&lbananus2
[12:41:51] [Client thread/INFO]: [CHAT] <RailRoadAWESOME> im a car
[12:41:52] [Client thread/INFO]: [CHAT] Emeraldminecart: /disguise magmacube
[12:41:52] [Client thread/INFO]: [CHAT] WanahockALoogie: //set air
[12:41:52] [Client thread/INFO]: [CHAT] bananus7: /nick &4&lbananus3
[12:41:53] [Client thread/INFO]: [CHAT] < Bajancanadian> for no reson i said that
[12:41:53] [Client thread/INFO]: [CHAT] wolfattax: /br sphere sand
[12:41:53] [Client thread/INFO]: [CHAT] wolfattax: /br sphere sand
[12:41:53] [Client thread/INFO]: [CHAT] sHaDoWpAss23: /i 373
[12:41:55] [Client thread/INFO]: [CHAT] carrotmelon23 joined the game.
[12:41:55] [Client thread/INFO]: [CHAT] bananus7: /nick &4&lbananus4
[12:41:55] [Client thread/INFO]: [CHAT] Welcome carrotmelon23 to the server!
[12:41:55] [Client thread/INFO]: [CHAT] <deadmau5> for dumfkopfs and schfienhuntz
[12:41:55] [Client thread/INFO]: [CHAT] Activation: /list -a
[12:41:57] [Client thread/INFO]: [CHAT] WanahockALoogie: /undo
[12:41:57] [Client thread/INFO]: [CHAT] < VillagerGolem> D:
[12:41:58] [Client thread/INFO]: [CHAT] sHaDoWpAss23: /i 373
[12:41:58] [Client thread/INFO]: [CHAT] bananus7: /nick &4&lbananus5
[12:42:03] [Client thread/INFO]: [CHAT] Aki_Ji: /rank dead
[12:42:03] [Client thread/INFO]: [CHAT] Activation: /i 119:0 1
[12:42:03] [Client thread/INFO]: [CHAT] sHaDoWpAss23: /i 372
[12:42:03] [Client thread/INFO]: [CHAT] jack398777: /tp deadmau5
[12:42:03] [Client thread/INFO]: [CHAT] [ADMIN] JJ_Jaguar2000 [STA]: watch wolfattax
[12:42:03] [Client thread/INFO]: [CHAT] bananus7: /nick &4&lbananus7
[12:42:07] [Client thread/INFO]: [CHAT] bananus7: /nick &4&lbananus8
[12:42:07] [Client thread/INFO]: [CHAT] mariusda: /nick &4&lmaeris453
[12:42:07] [Client thread/INFO]: [CHAT] jack398777: /tp deadmau5
[12:42:08] [Client thread/INFO]: [CHAT] Emeraldminecart: /disguise minecart
[12:42:10] [Client thread/INFO]: [CHAT] carrotmelon23: /d skythekidrs
[12:42:11] [Client thread/INFO]: [CHAT] sHaDoWpAss23: /i 374
[12:42:11] [Client thread/INFO]: [CHAT] [ADMIN] vj13573 [SA]: ok
[12:42:12] [Client thread/INFO]: [CHAT] <[ProBuilder] maeris453> td
[12:42:12] [Client thread/INFO]: [CHAT] bananus7: /nick &4&lbananus9
[12:42:14] [Client thread/INFO]: [CHAT] WanahockALoogie: /pt
[12:42:14] [Client thread/INFO]: [CHAT] < Bajancanadian> deadmau5
[12:42:15] [Client thread/INFO]: [CHAT] sHaDoWpAss23: /i 375
[12:42:16] [Client thread/INFO]: [CHAT] RyaplaysMC: /tp ryaplaysmc dinnerbone
[12:42:16] [Client thread/INFO]: [CHAT] <Dinnerbone> DONT TOUch my pig
[12:42:16] [Client thread/INFO]: [CHAT] SMMG4 joined the game.
[12:42:17] [Client thread/INFO]: [CHAT] <wolfattax> ./br sphere is OMG
[12:42:18] [Client thread/INFO]: [CHAT] <deadmau5> ?
[12:42:19] [Client thread/INFO]: [CHAT] jack398777: /warp school
[12:42:20] [Client thread/INFO]: [CHAT] WanahockALoogie: /smite
[12:42:22] [Client thread/INFO]: [CHAT] < Bajancanadian> nothin
[12:42:23] [Client thread/INFO]: [CHAT] bananus7: /br sphere
[12:42:23] [Client thread/INFO]: [CHAT] KittyCatGirl40: //schem load meow
[12:42:24] [Client thread/INFO]: [CHAT] WanahockALoogie: /op w
[12:42:24] [Client thread/INFO]: [CHAT] SMMG4 left the game.
[12:42:25] [Client thread/INFO]: [CHAT] WanahockALoogie: /op wanahockaloogie
[12:42:25] [Client thread/INFO]: [CHAT] WanahockALoogie - Opping WanahockALoogie
[12:42:27] [Client thread/INFO]: [CHAT] [ADMIN] vj13573 [SA]: btw the building is being changed into iron and quartz
[12:42:29] [Client thread/INFO]: [CHAT] KittyCatGirl40: //schem load me
[12:42:30] [Client thread/INFO]: [CHAT] carrotmelon23: /d player zexyzek
[12:42:31] [Client thread/INFO]: [CHAT] Nerdy: /isp apea 2 for fun
[12:42:31] [Client thread/INFO]: [CHAT] KittyCatGirl40: //paste
[12:42:37] [Client thread/INFO]: [CHAT] KittyCatGirl40: //undo
[12:42:39] [Client thread/INFO]: [CHAT] carrotmelon23: /op carrotmelon23
[12:42:39] [Client thread/INFO]: [CHAT] mariusda: /nick &4&lmarius357843587348
[12:42:40] [Client thread/INFO]: [CHAT] <[$100][P]Helper][W] Aki_Ji> Dinnerbone
[12:42:41] [Client thread/INFO]: [CHAT] sHaDoWpAss23: /give shadowpass23 373 64
[12:42:44] [Client thread/INFO]: [CHAT] WanahockALoogie: //set diamondore
[12:42:44] [Client thread/INFO]: [CHAT] <carrotmelon23> no
[12:42:44] [Client thread/INFO]: [CHAT] KittyCatGirl40: //paste
[12:42:44] [Client thread/INFO]: [CHAT] <[ProBuilder] marius357843587348> tdz
[12:42:46] [Client thread/INFO]: [CHAT] Saved screenshot as 2014-03-31_12.42.45.png
[12:42:46] [Client thread/INFO]: [CHAT] [ADMIN] JJ_Jaguar2000 [STA]: and chiselsed xD
[12:42:46] [Client thread/INFO]: [CHAT] Nerdy: /help
[12:42:46] [Client thread/INFO]: [CHAT] concil435 joined the game.
[12:42:46] [Client thread/INFO]: [CHAT] Dinnerbone: /msg vj get rid of disguises
[12:42:46] [Client thread/INFO]: [CHAT] Dinnerbone : /msg vj get rid of disguises
[12:42:48] [Client thread/INFO]: [CHAT] <[$100][P]Helper][W] Aki_Ji> Make an upsidedown house
[12:42:50] [Client thread/INFO]: [CHAT] <deadmau5> craftcarter is creative pvping.
[12:42:52] [Client thread/INFO]: [CHAT] Saved screenshot as 2014-03-31_12.42.52.png
[12:42:52] [Client thread/INFO]: [CHAT] Emeraldminecart: /disguise creeper
[12:42:53] [Client thread/INFO]: [CHAT] Aki_Ji: /tp dinnerbone
[12:42:56] [Client thread/INFO]: [CHAT] <[ProBuilder] marius357843587348> dz<<a
[12:42:56] [Client thread/INFO]: [CHAT] WanahockALoogie: /enchant addall]
[12:42:57] [Client thread/INFO]: [CHAT] WanahockALoogie: /enchant addall
[12:42:59] [Client thread/INFO]: [CHAT] Aki_Ji left the game.
[12:42:59] [Client thread/INFO]: [CHAT] SupItsDillon is a Super Admin and Potato King
[12:42:59] [Client thread/INFO]: [CHAT] SupItsDillon joined the game.
[12:42:59] [Client thread/INFO]: [CHAT] Welcome SupItsDillon to the server!
[12:43:00] [Client thread/INFO]: [CHAT] <concil435> hey guys why cant we use "//fill"?
[12:43:00] [Client thread/INFO]: [CHAT] <carrotmelon23> can someone op me i was op before
[12:43:02] [Client thread/INFO]: [CHAT] wolfattax: /br sphere grass
[12:43:02] [Client thread/INFO]: [CHAT] wolfattax: /br sphere grass
[12:43:03] [Client thread/INFO]: [CHAT] VideoGameSmash12 - Removing all server entities.
[12:43:03] [Client thread/INFO]: [CHAT] 17 enties removed.
[12:43:03] [Client thread/INFO]: [CHAT] SupItsDillon - Opping all players on the server
[12:43:03] [Client thread/INFO]: [CHAT] You are now op!
[12:43:04] [Client thread/INFO]: [CHAT] WanahockALoogie: /gamemode 0
[12:43:05] [Client thread/INFO]: [CHAT] [ADMIN] SupItsDillon [STA]: Hey
[12:43:06] [Client thread/INFO]: [CHAT] undercard left the game.
[12:43:08] [Client thread/INFO]: [CHAT] [ADMIN] JJ_Jaguar2000 [STA]: Dillon :D hi
[12:43:08] [Client thread/INFO]: [CHAT] WanahockALoogie: /survial
[12:43:08] [Client thread/INFO]: [CHAT] <carrotmelon23> Yea
[12:43:08] [Client thread/INFO]: [CHAT] [ADMIN] vj13573 [SA]: hi
[12:43:09] [Client thread/INFO]: [CHAT] KittyCatGirl40: //undo
[12:43:09] [Client thread/INFO]: [CHAT] bananus7: /nick &4&l
[12:43:09] [Client thread/INFO]: [CHAT] Killed 0 mobs.
[12:43:11] [Client thread/INFO]: [CHAT] <[RedstoneMaster] > s
[12:43:12] [Client thread/INFO]: [CHAT] iBallistiicSquid joined the game.
[12:43:12] [Client thread/INFO]: [CHAT] mariusda: /nick &4&lmariusda
[12:43:12] [Client thread/INFO]: [CHAT] WanahockALoogie: /survival
[12:43:13] [Client thread/INFO]: [CHAT] concil435: /creative
[12:43:14] [Client thread/INFO]: [CHAT] BJman2003: /god
[12:43:14] [Client thread/INFO]: [CHAT] [ADMIN] SupItsDillon [STA]: Hey jj ;)
[12:43:14] [Client thread/INFO]: [CHAT] Killed 0 mobs.
[12:43:15] [Client thread/INFO]: [CHAT] <[ProBuilder] mariusda> td
[12:43:16] [Client thread/INFO]: [CHAT] [ADMIN] JJ_Jaguar2000 [STA]: when did you get reinstated
[12:43:16] [Client thread/INFO]: [CHAT] jack398777: /help 1
[12:43:17] [Client thread/INFO]: [CHAT] Nerdy: /isp area 2 for fun
[12:43:18] [Client thread/INFO]: [CHAT] vlad left the game.
[12:43:18] [Client thread/INFO]: [CHAT] undercard joined the game.
[12:43:19] [Client thread/INFO]: [CHAT] Number expected; string "villager" given.
[12:43:20] [Client thread/INFO]: [CHAT] KittyCatGirl40: //schem load jail
[12:43:20] [Client thread/INFO]: [CHAT] [ADMIN] SupItsDillon [STA]: Like 2 days ago
[12:43:21] [Client thread/INFO]: [CHAT] BJman2003: /god
[12:43:21] [Client thread/INFO]: [CHAT] [ADMIN] JJ_Jaguar2000 [STA]: for telnet
[12:43:21] [Client thread/INFO]: [CHAT] KittyCatGirl40: //paste
[12:43:22] [Client thread/INFO]: [CHAT] < Bajancanadian> im done recording
[12:43:22] [Client thread/INFO]: [CHAT] <concil435> i need //fill but i get banned for it
[12:43:23] [Client thread/INFO]: [CHAT] <caca132> bvnc
[12:43:24] [Client thread/INFO]: [CHAT] mariusda: /nick >>>>>>>
[12:43:25] [Client thread/INFO]: [CHAT] [ADMIN] JJ_Jaguar2000 [STA]: oh
[12:43:25] [Client thread/INFO]: [CHAT] KittyCatGirl40: //undo
[12:43:27] [Client thread/INFO]: [CHAT] [ADMIN] JJ_Jaguar2000 [STA]: xD
[12:43:27] [Client thread/INFO]: [CHAT] jack398777: //fill
[12:43:27] [Client thread/INFO]: [CHAT] mariusda: /nick
[12:43:27] [Client thread/INFO]: [CHAT] carrotmelon23: /d player bajancanadian
[12:43:29] [Client thread/INFO]: [CHAT] bananus7: //fill
[12:43:29] [Client thread/INFO]: [CHAT] Too many arguments.
[12:43:29] [Client thread/INFO]: [CHAT] /butcher [-plangbf] [radius]
[12:43:29] [Client thread/INFO]: [CHAT] 
[12:43:29] [Client thread/INFO]: [CHAT] Kills nearby mobs, based on radius, if none is given uses default in configuration.
[12:43:29] [Client thread/INFO]: [CHAT] Flags:  -p also kills pets.
[12:43:29] [Client thread/INFO]: [CHAT]   -n also kills NPCs.
[12:43:29] [Client thread/INFO]: [CHAT]   -g also kills Golems.
[12:43:29] [Client thread/INFO]: [CHAT]   -a also kills animals.
[12:43:29] [Client thread/INFO]: [CHAT]   -b also kills ambient mobs.
[12:43:29] [Client thread/INFO]: [CHAT]   -f compounds all previous flags.
[12:43:29] [Client thread/INFO]: [CHAT]   -l strikes lightning on each killed mob.
[12:43:29] [Client thread/INFO]: [CHAT] <deadmau5> such car
[12:43:31] [Client thread/INFO]: [CHAT] wolfattax: //fill
[12:43:31] [Client thread/INFO]: [CHAT] <deadmau5> very ride
[12:43:32] [Client thread/INFO]: [CHAT] <Activation> hey concil435
[12:43:32] [Client thread/INFO]: [CHAT] mariusda: /nick mariowii100
[12:43:33] [Client thread/INFO]: [CHAT] [ADMIN] supergameplayer [SA]: I heard from Hex that the "Too early" objections on telnet apps are BS.
[12:43:33] [Client thread/INFO]: [CHAT] WanahockALoogie: //set ironblock
[12:43:34] [Client thread/INFO]: [CHAT] <deadmau5> vroom vroom
[12:43:35] [Client thread/INFO]: [CHAT] <carrotmelon23> such mod
[12:43:35] [Client thread/INFO]: [CHAT] <concil435> hi
[12:43:36] [Client thread/INFO]: [CHAT] < VillagerGolem> help!
[12:43:36] [Client thread/INFO]: [CHAT] <Activation> what does it do tho
[12:43:36] [Client thread/INFO]: Warning: Clientside chunk ticking took 115 ms
[12:43:37] [Client thread/INFO]: Warning: Clientside chunk ticking took 185 ms
[12:43:37] [Client thread/INFO]: Warning: Clientside chunk ticking took 115 ms
[12:43:37] [Client thread/INFO]: [CHAT] WanahockALoogie: //set ironblock
[12:43:37] [Client thread/INFO]: [CHAT] sHaDoWpAss23: /give shadowpass23 373/16421 64
[12:43:40] [Client thread/INFO]: [CHAT] mariusda: /nick &4&lmariowii100
[12:43:41] [Client thread/INFO]: [CHAT] Killed 44 mobs.
[12:43:41] [Client thread/INFO]: [CHAT] carrotmelon23 left the game.
[12:43:42] [Client thread/INFO]: [CHAT] jack398777: //fill wood
[12:43:42] [Client thread/INFO]: [CHAT] < VillagerGolem> craft is creative pvping!
[12:43:43] [Client thread/INFO]: [CHAT] <[ProBuilder] mariowii100> t
[12:43:43] [Client thread/INFO]: [CHAT] Coolguy14 joined the game.
[12:43:43] [Client thread/INFO]: [CHAT] Welcome Coolguy14 to the server!
[12:43:43] [Client thread/INFO]: [CHAT] bananus7: //fill stone 10 20
[12:43:43] [Client thread/INFO]: [CHAT] <concil435> what it says
[12:43:44] [Client thread/INFO]: [CHAT] rbayliss: /speed 6
[12:43:44] [Client thread/INFO]: [CHAT] sHaDoWpAss23: /give shadowpass23 16421 64
[12:43:46] [Client thread/INFO]: [CHAT] BJman2003: /creative
[12:43:47] [Client thread/INFO]: [CHAT] <RailRoadAWESOME> wat dedma?
[12:43:48] [Client thread/INFO]: [CHAT] <concil435> fills
[12:43:50] [Client thread/INFO]: [CHAT] <Dinnerbone> Emperozion DONT TOUCh my pig
[12:43:52] [Client thread/INFO]: [CHAT] <[Elsa] KittyCatGirl40> can you keep the limt -1 for 1 day plz
[12:43:52] [Client thread/INFO]: [CHAT] WanahockALoogie: //set diamondblock
[12:43:53] [Client thread/INFO]: [CHAT] <Activation> isnt it the same as //set ?
[12:43:53] [Client thread/INFO]: [CHAT] [ADMIN] SupItsDillon [STA]: I just need to get the telnet ip :)
[12:43:53] [Client thread/INFO]: [CHAT] <[Town'sPlanner] Perry9988> Greifer
[12:43:54] [Client thread/INFO]: [CHAT] bananus7: //undo
[12:43:56] [Client thread/INFO]: [CHAT] jack398777: //fill wood 152
[12:43:56] [Client thread/INFO]: [CHAT] [ADMIN] SupItsDillon [STA]: so 1 sec
[12:43:58] [Client thread/INFO]: [CHAT] sHaDoWpAss23: /give shadowpass23 373 128
[12:44:00] [Client thread/INFO]: [CHAT] sHaDoWpAss23: /give shadowpass23 373 128
[12:44:00] [Client thread/INFO]: [CHAT] concil435: //set
[12:44:01] [Client thread/INFO]: [CHAT] BJman2003: /repair
[12:44:02] [Client thread/INFO]: [CHAT] BJman2003: /repair
[12:44:03] [Client thread/INFO]: [CHAT] BJman2003: /repair
[12:44:03] [Client thread/INFO]: [CHAT] BJman2003: /repair
[12:44:04] [Client thread/INFO]: [CHAT] < Bajancanadian> sorry
[12:44:04] [Client thread/INFO]: [CHAT] wolfattax: //set wood
[12:44:04] [Client thread/INFO]: [CHAT] <RailRoadAWESOME> yu sat on my butt]
[12:44:04] [Client thread/INFO]: [CHAT] Coolguy14: //wand
[12:44:05] [Client thread/INFO]: [CHAT] WanahockALoogie: //set coalblock
[12:44:05] [Client thread/INFO]: [CHAT] KittyCatGirl40: /nick &b&lkitty&f&lcat&b&lgirl&f&l10
[12:44:06] [Client thread/INFO]: [CHAT] bananus7: /tp caca activation
[12:44:08] [Client thread/INFO]: [CHAT] <Coolguy14> op me
[12:44:08] [Client thread/INFO]: [CHAT] iBallistiicSquid: /t concil can you show me what //fill foes
[12:44:08] [Client thread/INFO]: [CHAT] iBallistiicSquid : /t concil can you show me what //fill foes
[12:44:09] [Client thread/INFO]: [CHAT] BJman2003: /survival
[12:44:11] [Client thread/INFO]: [CHAT] <[Elsa] KittyCatGirl10> can you keep the limt -1 for 1 day plz admin
[12:44:12] [Client thread/INFO]: [CHAT] [ADMIN] supergameplayer [SA]: I have a pending application
[12:44:12] [Client thread/INFO]: [CHAT] < Bajancanadian> how do i remove worldedit
[12:44:13] [Client thread/INFO]: [CHAT] <concil435> activation tp
[12:44:14] [Client thread/INFO]: [CHAT] BJman2003: /heal
[12:44:16] [Client thread/INFO]: [CHAT] jack398777: /op coolguy14
[12:44:16] [Client thread/INFO]: [CHAT] jack398777 - Opping Coolguy14
[12:44:17] [Client thread/INFO]: [CHAT] bananus7: /i 137
[12:44:17] [Client thread/INFO]: [CHAT] iBallistiicSquid: /op coolguy14
[12:44:17] [Client thread/INFO]: [CHAT] iBallistiicSquid - Opping Coolguy14
[12:44:19] [Client thread/INFO]: [CHAT] Dinnerbone: /msg super ban emperozion hes destroying everything
[12:44:19] [Client thread/INFO]: [CHAT] Dinnerbone : /msg super ban Emperozion hes destroying everything
[12:44:19] [Client thread/INFO]: [CHAT] [ADMIN] JJ_Jaguar2000 [STA]: with objects
[12:44:20] [Client thread/INFO]: [CHAT] WanahockALoogie: //set coalore
[12:44:20] [Client thread/INFO]: [CHAT] Coolguy14: //wand
[12:44:21] [Client thread/INFO]: [CHAT] < VillagerGolem> craft is greifing
[12:44:22] [Client thread/INFO]: [CHAT] <Emperozion> .//undo
[12:44:22] [Client thread/INFO]: [CHAT] wolfattax: /op coolguy14
[12:44:22] [Client thread/INFO]: [CHAT] wolfattax - Opping Coolguy14
[12:44:22] [Client thread/INFO]: [CHAT] Activation: /tp conc
[12:44:23] [Client thread/INFO]: [CHAT] Dinnerbone: /who
[12:44:25] [Client thread/INFO]: [CHAT] < VillagerGolem> not greifing
[12:44:25] [Client thread/INFO]: [CHAT] mariowii100: /speed 10
[12:44:25] [Client thread/INFO]: [CHAT] Teleporting...
[12:44:26] [Client thread/INFO]: [CHAT] concil435: //wand
[12:44:26] [Client thread/INFO]: [CHAT] deadmau5: /afk
[12:44:26] [Client thread/INFO]: [CHAT] * deadmau5 is now AFK.
[12:44:28] [Client thread/INFO]: [CHAT] < Bajancanadian> how do i reverse the world edit
[12:44:28] [Client thread/INFO]: [CHAT] WanahockALoogie: //set stone
[12:44:28] [Client thread/INFO]: [CHAT] < VillagerGolem> creative pvping
[12:44:29] [Client thread/INFO]: [CHAT] iBallistiicSquid: /t concil can you show me what //fill foes
[12:44:29] [Client thread/INFO]: [CHAT] iBallistiicSquid : /t concil can you show me what //fill foes
[12:44:30] [Client thread/INFO]: [CHAT] Nerdy: /set
[12:44:31] [Client thread/INFO]: [CHAT] iBallistiicSquid: //fill
[12:44:32] [Client thread/INFO]: [CHAT] <Activation> hi
[12:44:33] [Client thread/INFO]: [CHAT] <[Town'sPlanner] Perry9988> Hey I need the People who wants to run for Mayor
[12:44:33] [Client thread/INFO]: [CHAT] jack398777: /op videogamesmash12
[12:44:33] [Client thread/INFO]: [CHAT] jack398777 - Opping VideoGameSmash12
[12:44:36] [Client thread/INFO]: [CHAT] <concil435> i cant
[12:44:37] [Client thread/INFO]: [CHAT] Coolguy14: //set dirt
[12:44:38] [Client thread/INFO]: [CHAT] Block edits at (x153, y49, z-79):
[12:44:38] [Client thread/INFO]: [CHAT]  - baronbomber broke Bedrock
[12:44:38] [Client thread/INFO]: [CHAT]  - Perry9988 broke Grass
[12:44:38] [Client thread/INFO]: [CHAT]  - Perry9988 placed Bedrock
[12:44:40] [Client thread/INFO]: [CHAT] wolfattax: //set wood
[12:44:40] [Client thread/INFO]: [CHAT] Activation: //limit 10000
[12:44:40] [Client thread/INFO]: [CHAT] <concil435> it kicks me
[12:44:40] [Client thread/INFO]: [CHAT] <Emeraldminecart> ADMIN!!! jack398777 IS GRIEFING!!! (im a creeper:))
[12:44:41] [Client thread/INFO]: [CHAT] WanahockALoogie: /undo
[12:44:41] [Client thread/INFO]: [CHAT] <[Elsa] KittyCatGirl10> can you keep the limt -1 for 1 day plz admin!
[12:44:42] [Client thread/INFO]: [CHAT] jack398777: /op vil
[12:44:42] [Client thread/INFO]: [CHAT] WanahockALoogie: /undo
[12:44:43] [Client thread/INFO]: [CHAT] WanahockALoogie: /undo
[12:44:43] [Client thread/INFO]: [CHAT] JJ_Jaguar2000 - Removing all server entities.
[12:44:43] [Client thread/INFO]: [CHAT] iBallistiicSquid: /tp activ
[12:44:44] [Client thread/INFO]: [CHAT] VideoGameSmash12 - Rolling back player: baronbomber
[12:44:44] [Client thread/INFO]: [CHAT] Rolled back 2579 edits for baronbomber.
[12:44:44] [Client thread/INFO]: [CHAT] If this rollback was a mistake, use /rollback undo baronbomber within 20 seconds to reverse the rollback.
[12:44:46] [Client thread/INFO]: [CHAT] BJman2003: /creative
[12:44:48] [Client thread/INFO]: [CHAT] Emperozion: /radar
[12:44:48] [Client thread/INFO]: [CHAT] < Bajancanadian> it was a mistake
[12:44:49] [Client thread/INFO]: [CHAT] baronbomber has been a VERY naughty, naughty boy.
[12:44:49] [Client thread/INFO]: [CHAT] Banning: baronbomber, IP: 82.14.*.*.
[12:44:49] [Client thread/INFO]: [CHAT] baronbomber left the game.
[12:44:49] [Client thread/INFO]: [CHAT] Coolguy14: //undo
[12:44:49] [Client thread/INFO]: [CHAT] <[Town'sPlanner] Perry9988> Greifer I need an Admin
[12:44:50] [Client thread/INFO]: [CHAT] umraz joined the game.
[12:44:51] [Client thread/INFO]: [CHAT] WanahockALoogie: //set coalore
[12:44:51] [Client thread/INFO]: [CHAT] Activation: //set grass
[12:44:51] [Client thread/INFO]: [CHAT] Nerdy: /set goldblock
[12:44:52] [Client thread/INFO]: [CHAT] bananus7: /gm 0
[12:44:54] [Client thread/INFO]: [CHAT] Coolguy14: //set dirt
[12:44:54] [Client thread/INFO]: [CHAT] rbayliss: //set 265
[12:44:55] [Client thread/INFO]: [CHAT] Dinnerbone: /msg super ban emperozion hes destroying everything
[12:44:55] [Client thread/INFO]: [CHAT] Dinnerbone : /msg super ban Emperozion hes destroying everything
[12:44:56] [Client thread/INFO]: [CHAT] Coolguy14: //set dirt
[12:44:56] [Client thread/INFO]: [CHAT] concil435: //set 003
[12:44:57] [Client thread/INFO]: [CHAT] WanahockALoogie: //set coalore
[12:44:57] [Client thread/INFO]: [CHAT] Coolguy14: //undo
[12:44:57] [Client thread/INFO]: [CHAT] <[Elsa] KittyCatGirl10> supergameplayer
[12:44:57] [Client thread/INFO]: [CHAT] bananus7: /gamemode 0
[12:44:58] [Client thread/INFO]: [CHAT] [Server:VideoGameSmash12] No griefing
[12:44:58] [Client thread/INFO]: [CHAT] vj13573 - Rolling back player: jack398777
[12:44:58] [Client thread/INFO]: [CHAT] < VillagerGolem> craftcarter was creative pvping me!
[12:44:59] [Client thread/INFO]: [CHAT] WanahockALoogie: //set coalore
[12:44:59] [Client thread/INFO]: [CHAT] concil435: //set 0003
[12:45:00] [Client thread/INFO]: [CHAT] bananus7: /gamemode s
[12:45:01] [Client thread/INFO]: [CHAT] < Bajancanadian> i dont know how to use worldedit
[12:45:01] [Client thread/INFO]: [CHAT] <[Elsa] KittyCatGirl10> supergameplayer plz
[12:45:01] [Client thread/INFO]: [CHAT] Teleporting...
[12:45:01] [Client thread/INFO]: [CHAT] rbayliss: //set 1
[12:45:02] [Client thread/INFO]: [CHAT] wolfattax: //set wood
[12:45:02] [Client thread/INFO]: [CHAT] bananus7: /s
[12:45:02] [Client thread/INFO]: [CHAT] <Nerdy> TRET
[12:45:03] [Client thread/INFO]: [CHAT] Coolguy14: //wand
[12:45:04] [Client thread/INFO]: [CHAT] vj13573 - Tempbanning: jack398777 for 5 minutes.
[12:45:04] [Client thread/INFO]: [CHAT] jack398777 left the game.
[12:45:05] [Client thread/INFO]: [CHAT] Emeraldminecart: /disguise
[12:45:06] [Client thread/INFO]: [CHAT] bananus7: /survival
[12:45:06] [Client thread/INFO]: [CHAT] Coolguy14: /speed 10
[12:45:06] [Client thread/INFO]: [CHAT] rbayliss: //set 0
[12:45:08] [Client thread/INFO]: [CHAT] WanahockALoogie: //set coalore
[12:45:09] [Client thread/INFO]: [CHAT] Nerdy left the game.
[12:45:10] [Client thread/INFO]: [CHAT] concil435: //set 0003
[12:45:10] [Client thread/INFO]: [CHAT] Dinnerbone: /msg super rikk him back
[12:45:10] [Client thread/INFO]: [CHAT] Dinnerbone : /msg super rikk him back
[12:45:10] [Client thread/INFO]: [CHAT] Nerdy joined the game.
[12:45:10] [Client thread/INFO]: [CHAT] No block edits at that location.
[12:45:11] [Client thread/INFO]: [CHAT] rbayliss: //set 8
[12:45:11] [Client thread/INFO]: [CHAT] rbayliss used a forbidden WorldEdit block type: 8
[12:45:12] [Client thread/INFO]: [CHAT] knoddas04 joined the game.
[12:45:12] [Client thread/INFO]: [CHAT] Welcome knoddas04 to the server!
[12:45:14] [Client thread/INFO]: [CHAT] Coolguy14: /speed 1
[12:45:15] [Client thread/INFO]: [CHAT] jingleblade3: /lightning
[12:45:15] [Client thread/INFO]: [CHAT] rbayliss: //set 19
[12:45:17] [Client thread/INFO]: [CHAT] Coolguy14: /up 1
[12:45:18] [Client thread/INFO]: [CHAT] jingleblade3: /help
[12:45:19] [Client thread/INFO]: [CHAT] WanahockALoogie: /creativw
[12:45:20] [Client thread/INFO]: [CHAT] VideoGameSmash12 - Undisguising all players
[12:45:20] [Client thread/INFO]: [CHAT] Activation: //set grass
[12:45:21] [Client thread/INFO]: [CHAT] WanahockALoogie: /creative
[12:45:21] [Client thread/INFO]: [CHAT] rbayliss: //set 197
[12:45:22] [Client thread/INFO]: [CHAT] jingleblade3: /help 2
[12:45:25] [Client thread/INFO]: [CHAT] Emeraldminecart: /disguise ocelot
[12:45:26] [Client thread/INFO]: [CHAT] <concil435> oh is is //set
[12:45:26] [Client thread/INFO]: [CHAT] rbayliss: //set 5
[12:45:26] [Client thread/INFO]: [CHAT] vj13573 - Freezing all players
[12:45:29] [Client thread/INFO]: [CHAT] VideoGameSmash12 - Unfreezing all players
[12:45:29] [Client thread/INFO]: [CHAT] Players are now free to move.
[12:45:30] [Client thread/INFO]: [CHAT] Coolguy14: /up 1
[12:45:30] [Client thread/INFO]: [CHAT] vj13573 - Cleared all potion effects from all players
[12:45:30] [Client thread/INFO]: [CHAT] rbayliss left the game.
[12:45:31] [Client thread/INFO]: [CHAT] People nearby in flatlands:
[12:45:31] [Client thread/INFO]: [CHAT] Perry9988 - 3
[12:45:31] [Client thread/INFO]: [CHAT] RyaplaysMC - 3
[12:45:31] [Client thread/INFO]: [CHAT] CraftCarter134 - 7
[12:45:31] [Client thread/INFO]: [CHAT] vj13573 - 12
[12:45:31] [Client thread/INFO]: [CHAT] supergameplayer - 17
[12:45:32] [Client thread/INFO]: [CHAT] mariusda: /survival
[12:45:32] [Client thread/INFO]: [CHAT] supergameplayer - Rolling back player: Emperozion
[12:45:33] [Client thread/INFO]: [CHAT] jingleblade3: /help 3
[12:45:33] [Client thread/INFO]: [CHAT] wolfattax: //set wood
[12:45:33] [Client thread/INFO]: [CHAT] <Activation> done
[12:45:34] [Client thread/INFO]: [CHAT] rbayliss joined the game.
[12:45:35] [Client thread/INFO]: [CHAT] Coolguy14: //set diamond,gold
[12:45:36] [Client thread/INFO]: [CHAT] vj13573 - Rolling back player: RyaplaysMC
[12:45:37] [Client thread/INFO]: [CHAT] jingleblade3: /help 4
[12:45:38] [Client thread/INFO]: [CHAT] supergameplayer - Reverting rollback for player: Emperozion
[12:45:39] [Client thread/INFO]: [CHAT] RyaplaysMC has been a VERY naughty, naughty boy.
[12:45:39] [Client thread/INFO]: [CHAT] Banning: RyaplaysMC, IP: 76.110.*.*.
[12:45:39] [Client thread/INFO]: [CHAT] RyaplaysMC left the game.
[12:45:40] [Client thread/INFO]: [CHAT] <Emperozion> what noo
[12:45:41] [Client thread/INFO]: [CHAT] [ADMIN] JJ_Jaguar2000 [STA]: video
[12:45:43] [Client thread/INFO]: [CHAT] wolfattax: //set wood
[12:45:43] [Client thread/INFO]: [CHAT] [ADMIN] SupItsDillon [STA]: JJ, is there a new telnet ip or something? It wont connect for me
[12:45:44] [Client thread/INFO]: [CHAT] concil435: /remove
[12:45:44] [Client thread/INFO]: [CHAT] concil435: /remove
[12:45:44] [Client thread/INFO]: [CHAT] <Activation> hey concil435
[12:45:45] [Client thread/INFO]: [CHAT] Coolguy14: //set diamond,gold
[12:45:47] [Client thread/INFO]: [CHAT] bananus7: /c
[12:45:47] [Client thread/INFO]: [CHAT] < VillagerGolem> rail
[12:45:48] [Client thread/INFO]: [CHAT] [ADMIN] VideoGameSmash12 [SA]: Yes?
[12:45:48] [Client thread/INFO]: [CHAT] <concil435> ?
[12:45:49] [Client thread/INFO]: [CHAT] < VillagerGolem> pvp?
[12:45:49] [Client thread/INFO]: [CHAT] <Emperozion> thanks
[12:45:49] [Client thread/INFO]: [CHAT] jingleblade3: /firework
[12:45:49] [Client thread/INFO]: [CHAT] [ADMIN] JJ_Jaguar2000 [STA]: 29860
[12:45:50] [Client thread/INFO]: [CHAT] greenyoshi120 joined the game.
[12:45:50] [Client thread/INFO]: [CHAT] Welcome greenyoshi120 to the server!
[12:45:51] [Client thread/INFO]: [CHAT] bananus7: /creative
[12:45:52] [Client thread/INFO]: [CHAT] <Activation> done
[12:45:53] [Client thread/INFO]: [CHAT] < VillagerGolem> get in survival
[12:45:53] [Client thread/INFO]: [CHAT] [ADMIN] SupItsDillon [STA]: ah
[12:45:54] [Client thread/INFO]: [CHAT] <Activation> check this
[12:45:54] [Client thread/INFO]: [CHAT] [ADMIN] SupItsDillon [STA]: k
[12:45:55] [Client thread/INFO]: [CHAT] [ADMIN] JJ_Jaguar2000 [STA]: new port
[12:45:55] [Client thread/INFO]: [CHAT] vj13573 - Rolling back player: rbayliss
[12:45:56] [Client thread/INFO]: [CHAT] <[RedstoneMaster] > t
[12:45:59] [Client thread/INFO]: [CHAT] rbayliss has been a VERY naughty, naughty boy.
[12:45:59] [Client thread/INFO]: [CHAT] Banning: rbayliss, IP: 178.124.*.*.
[12:45:59] [Client thread/INFO]: [CHAT] rbayliss left the game.
[12:46:02] [Client thread/INFO]: [CHAT] No block edits at that location.
[12:46:02] [Client thread/INFO]: [CHAT] <concil435> show me
[12:46:03] [Client thread/INFO]: [CHAT] bananus7: /nick bananus
[12:46:03] [Client thread/INFO]: [CHAT] Coolguy14: /speed 3
[12:46:04] [Client thread/INFO]: [CHAT] [ADMIN] SupItsDillon [Console]: there ;)
[12:46:04] [Client thread/INFO]: [CHAT] bananus7: /nick bananus7
[12:46:05] [Client thread/INFO]: [CHAT] umraz: //cut
[12:46:05] [Client thread/INFO]: [CHAT] Activation: //set grass
[12:46:07] [Client thread/INFO]: [CHAT] <[RedstoneMaster] bananus7> s
[12:46:09] [Client thread/INFO]: [CHAT] BJman2003: /survival
[12:46:09] [Client thread/INFO]: [CHAT] caca132 has been a VERY naughty, naughty boy.
[12:46:10] [Client thread/INFO]: [CHAT] <Emeraldminecart> ADMINS!!!!! PEOPLE ARE BEING GRIEFED!!!!!!!!!!!! HE NEED HELP!!!!!!!!
[12:46:12] [Client thread/INFO]: [CHAT] Banning: caca132, IP: 94.176.*.*.
[12:46:12] [Client thread/INFO]: [CHAT] caca132 left the game.
[12:46:12] [Client thread/INFO]: [CHAT] mariusda fell from a high place
[12:46:12] [Client thread/INFO]: [CHAT] [ADMIN] JJ_Jaguar2000 [STA]: Be careful not to unfreeze while vj is freezing
[12:46:12] [Client thread/INFO]: [CHAT] Emperozion: /realname activation
[12:46:12] [Client thread/INFO]: [CHAT] RailRoadAWESOME: /gamemode 0 bjman2003
[12:46:13] [Client thread/INFO]: [CHAT] BJman2003: /heal
[12:46:13] [Client thread/INFO]: [CHAT] <concil435> whats the command?
[12:46:13] [Client thread/INFO]: [CHAT] <greenyoshi120> t
[12:46:15] [Client thread/INFO]: [CHAT] Nerdy: /potion add jump 9999999 0
[12:46:15] [Client thread/INFO]: [CHAT] [ADMIN] SupItsDillon [STA]: mhm
[12:46:16] [Client thread/INFO]: [CHAT] wolfattax: //set wood
[12:46:16] [Client thread/INFO]: [CHAT] < VillagerGolem> OW
[12:46:17] [Client thread/INFO]: [CHAT] umraz: //cut
[12:46:17] [Client thread/INFO]: [CHAT] [ADMIN] vj13573 [SA]: ^
[12:46:18] [Client thread/INFO]: [CHAT] greenyoshi120: /gadmin
[12:46:18] [Client thread/INFO]: [CHAT] <Activation> select two positions and do //set block
[12:46:21] [Client thread/INFO]: [CHAT] <[Elsa] KittyCatGirl10> VideoGameSmash12 can you keep the limit 1- for 1 day
[12:46:23] [Client thread/INFO]: [CHAT] Coolguy14: //set diamond
[12:46:23] [Client thread/INFO]: [CHAT] < VillagerGolem> the lighting hit me
[12:46:24] [Client thread/INFO]: [CHAT] <[ProBuilder] mariowii100> ds
[12:46:24] [Client thread/INFO]: [CHAT] greenyoshi120: //wand
[12:46:26] [Client thread/INFO]: [CHAT] <VideoGameSmash12> No.
[12:46:30] [Client thread/INFO]: [CHAT] <Activation> no not like this
[12:46:30] [Client thread/INFO]: [CHAT] bananus7: /nick &4bananus7
[12:46:30] [Client thread/INFO]: [CHAT] concil435: //set 0003/0
[12:46:33] [Client thread/INFO]: [CHAT] littlemukahula joined the game.
[12:46:33] [Client thread/INFO]: [CHAT] Welcome littlemukahula to the server!
[12:46:33] [Client thread/INFO]: [CHAT] mariusda: /nick &4&lmariusda
[12:46:33] [Client thread/INFO]: [CHAT] concil435: //set 0003/
[12:46:34] [Client thread/INFO]: [CHAT] <[ProBuilder] mariusda> t
[12:46:35] [Client thread/INFO]: [CHAT] concil435: //set 0003
[12:46:36] [Client thread/INFO]: [CHAT] Coolguy14: //set grass
[12:46:39] [Client thread/INFO]: [CHAT] bananus7: /nick &4&lbananus7
[12:46:39] [Client thread/INFO]: [CHAT] <WanahockALoogie> damoha0512 IS GREIFING
[12:46:40] [Client thread/INFO]: [CHAT] mariusda: /tp bananus7
[12:46:42] [Client thread/INFO]: [CHAT] BJman2003: /i ches
[12:46:43] [Client thread/INFO]: [CHAT] <littlemukahula> op me
[12:46:43] [Client thread/INFO]: [CHAT] Nerdy: /potion add jump 9999999 2
[12:46:44] [Client thread/INFO]: [CHAT] BJman2003: /i chest
[12:46:44] [Client thread/INFO]: [CHAT] Teleporting...
[12:46:45] [Client thread/INFO]: [CHAT] wolfattax: //set glass
[12:46:46] [Client thread/INFO]: [CHAT] bananus7: /nick &4bananus7
[12:46:46] [Client thread/INFO]: [CHAT] mariusda: /creative
[12:46:46] [Client thread/INFO]: [CHAT] Nerdy left the game.
[12:46:48] [Client thread/INFO]: [CHAT] dfvhsv: /hat
[12:46:49] [Client thread/INFO]: [CHAT] Nerdy joined the game.
[12:46:49] [Client thread/INFO]: [CHAT] vj13573 - Rolling back player: damoha0512
[12:46:49] [Client thread/INFO]: [CHAT] <[RedstoneMaster] bananus7> lol
[12:46:50] [Client thread/INFO]: [CHAT] Coolguy14: //set glass
[12:46:52] [Client thread/INFO]: [CHAT] <Activation> concil435
[12:46:53] [Client thread/INFO]: [CHAT] <concil435> yea but when i do it, deosnt fill in
[12:46:54] [Client thread/INFO]: [CHAT] <Activation> try this
[12:46:56] [Client thread/INFO]: [CHAT] <umraz> vj
[12:46:58] [Client thread/INFO]: [CHAT] WanahockALoogie: /enchant addall
[12:46:58] [Client thread/INFO]: [CHAT] <RailRoadAWESOME> yur upsidoun dinnerB
[12:46:58] [Client thread/INFO]: [CHAT] <littlemukahula> Hello
[12:47:00] [Client thread/INFO]: [CHAT] Dinnerbone left the game.
[12:47:05] [Client thread/INFO]: [CHAT] bananus7: /nick activation penis
[12:47:05] [Client thread/INFO]: [CHAT] WanahockALoogie: /enchant addall
[12:47:05] [Client thread/INFO]: [CHAT] WanahockALoogie: /enchant addall
[12:47:05] [Client thread/INFO]: [CHAT] WanahockALoogie: /enchant addall
[12:47:05] [Client thread/INFO]: [CHAT] vj13573 - Tempbanning: damoha0512 for 5 minutes.
[12:47:05] [Client thread/INFO]: [CHAT] damoha0512 left the game.
[12:47:05] [Client thread/INFO]: [CHAT] iBallistiicSquid: /rp
[12:47:05] [Client thread/INFO]: [CHAT] zombiekiller7908 joined the game.
[12:47:05] [Client thread/INFO]: [CHAT] Welcome zombiekiller7908 to the server!
[12:47:05] [Client thread/INFO]: [CHAT] WanahockALoogie: /enchant addall
[12:47:06] [Client thread/INFO]: [CHAT] < PENIS> click the bedrocks
[12:47:06] [Client thread/INFO]: [CHAT] JJ_Jaguar2000 - Rolling back player: iBallistiicSquid
[12:47:08] [Client thread/INFO]: [CHAT] iBallistiicSquid has been a VERY naughty, naughty boy.
[12:47:08] [Client thread/INFO]: [CHAT] Banning: iBallistiicSquid, IP: 79.68.*.*.
[12:47:08] [Client thread/INFO]: [CHAT] iBallistiicSquid left the game.
[12:47:09] [Client thread/INFO]: [CHAT] bananus7: /pl
[12:47:13] [Client thread/INFO]: [CHAT] Coolguy14: //set quartz
[12:47:13] [Client thread/INFO]: [CHAT] concil435: //set 0003
[12:47:15] [Client thread/INFO]: [CHAT] wolfattax: //set wood
[12:47:16] [Client thread/INFO]: [CHAT] <[ADMIN] vj13573> umraz dont say my name for no reason
[12:47:17] [Client thread/INFO]: [CHAT] WanahockALoogie: /survival
[12:47:17] [Client thread/INFO]: [CHAT] < PENIS> who nicknamed ME
[12:47:17] [Client thread/INFO]: [CHAT] <concil435> oh got it
[12:47:19] [Client thread/INFO]: [CHAT] WanahockALoogie: /fly
[12:47:20] [Client thread/INFO]: [CHAT] [ADMIN] JJ_Jaguar2000 [STA]: time for a restart i think
[12:47:21] [Client thread/INFO]: [CHAT] littlemukahula: /op me plz
[12:47:23] [Client thread/INFO]: [CHAT] bananus7: /d
[12:47:24] [Client thread/INFO]: [CHAT] [ADMIN] vj13573 [SA]: noo
[12:47:25] [Client thread/INFO]: [CHAT] [ADMIN] VideoGameSmash12 [SA]: Yes.
[12:47:26] [Client thread/INFO]: [CHAT] bananus7: /d bat
[12:47:27] [Client thread/INFO]: [CHAT] < PENIS> vj13573 someone NICKNAMED ME !
[12:47:28] [Client thread/INFO]: [CHAT] [ADMIN] mattmcmatt [Console]: jj wait
[12:47:28] [Client thread/INFO]: [CHAT] [ADMIN] SupItsDillon [STA]: flatland wipe ;)
[12:47:29] [Client thread/INFO]: [CHAT] greenyoshi120: /nick pie
[12:47:29] [Client thread/INFO]: [CHAT] pushkal123 joined the game.
[12:47:29] [Client thread/INFO]: [CHAT] < PENIS> plz help
[12:47:29] [Client thread/INFO]: [CHAT] <littlemukahula> op me
[12:47:31] [Client thread/INFO]: [CHAT] [ADMIN] vj13573 [SA]: This server restarts a lot
[12:47:31] [Client thread/INFO]: [CHAT] mariusda: /plugins
[12:47:32] [Client thread/INFO]: [CHAT] < pie> hi
[12:47:33] [Client thread/INFO]: [CHAT] zombiekiller7908: //wond
[12:47:34] [Client thread/INFO]: [CHAT] VideoGameSmash12 - Removing all nicknames.
[12:47:34] [Client thread/INFO]: [CHAT] Coolguy14: //set glass
[12:47:34] [Client thread/INFO]: [CHAT] <Emeraldminecart> reward for catching griefres: 33 neter stars
[12:47:34] [Client thread/INFO]: [CHAT] <concil435> thanks activation
[12:47:35] [Client thread/INFO]: [CHAT] BJman2003: /me is feeling down because people are attacking him for no reason
[12:47:35] [Client thread/INFO]: [CHAT] * BJman2003 is feeling down because people are attacking him for no reason
[12:47:37] [Client thread/INFO]: [CHAT] [ADMIN] JJ_Jaguar2000 [STA]: i can't flatlands wipe
[12:47:38] [Client thread/INFO]: [CHAT] zombiekiller7908: //wand
[12:47:39] [Client thread/INFO]: [CHAT] <[Elsa] KittyCatGirl40> whos Nardy
[12:47:40] [Client thread/INFO]: [CHAT] [ADMIN] JJ_Jaguar2000 [STA]: not allowe
[12:47:41] [Client thread/INFO]: [CHAT] bananus7: /nick activation activation
[12:47:41] [Client thread/INFO]: [CHAT] littlemukahula: /creative
[12:47:42] [Client thread/INFO]: [CHAT] <dfvhsv> dead
[12:47:42] [Client thread/INFO]: [CHAT] Bison281 joined the game.
[12:47:43] [Client thread/INFO]: [CHAT] [ADMIN] mattmcmatt [Console]: did mark give you clandorge
[12:47:44] [Client thread/INFO]: [CHAT] [ADMIN] SupItsDillon [STA]: oh
[12:47:46] [Client thread/INFO]: [CHAT] wolfattax: //set stone
[12:47:47] [Client thread/INFO]: [CHAT] BJman2003: /nickname &7villager&0golem
[12:47:47] [Client thread/INFO]: [CHAT] KittyCatGirl40: /tag off
[12:47:47] [Client thread/INFO]: [CHAT] [ADMIN] JJ_Jaguar2000 [STA]: Yep
[12:47:49] [Client thread/INFO]: [CHAT] concil435: /remove
[12:47:49] [Client thread/INFO]: [CHAT] concil435: /remove
[12:47:51] [Client thread/INFO]: [CHAT] BJman2003: /nickname &7villager&fgolem
[12:47:51] [Client thread/INFO]: [CHAT] <Activation> omg someone nicknamed me help
[12:47:51] [Client thread/INFO]: [CHAT] <umraz> vj if someone greeifes can u do it back how it was
[12:47:52] [Client thread/INFO]: [CHAT] [ADMIN] mattmcmatt [Console]: wtf
[12:47:53] [Client thread/INFO]: [CHAT] <[Town'sPlanner] Perry9988> I need the People Who wants to run for Mayop
[12:47:53] [Client thread/INFO]: [CHAT] Coolguy14: //set quartz
[12:47:53] [Client thread/INFO]: [CHAT] [ADMIN] JJ_Jaguar2000 [STA]: i know how to use it
[12:47:53] [Client thread/INFO]: [CHAT] < VillagerGolem> :/
[12:47:53] [Client thread/INFO]: [CHAT] <umraz> vj
[12:47:54] [Client thread/INFO]: [CHAT] greenyoshi120: /nick &8pie
[12:47:55] [Client thread/INFO]: [CHAT] [ADMIN] supergameplayer [SA]: It seems like people are oblecting on my telnet app solely on the reason that they don't see me on.
[12:47:57] [Client thread/INFO]: [CHAT] [ADMIN] JJ_Jaguar2000 [STA]: xD
[12:47:58] [Client thread/INFO]: [CHAT] littlemukahula: //wand
[12:47:58] [Client thread/INFO]: [CHAT] TotTheGamer joined the game.
[12:47:58] [Client thread/INFO]: [CHAT] Welcome TotTheGamer to the server!
[12:47:59] [Client thread/INFO]: [CHAT] <[Town'sPlanner] Perry9988> I need the People Who wants to run for Mayor
[12:48:03] [Client thread/INFO]: [CHAT] [ADMIN] mattmcmatt [Console]: how come you have clandorge but i dont ;-;
[12:48:03] [Client thread/INFO]: [CHAT] deadmau5 left the game.
[12:48:03] [Client thread/INFO]: [CHAT] sHaDoWpAss23 left the game.
[12:48:05] [Client thread/INFO]: [CHAT] Coolguy14: //set quartz
[12:48:05] [Client thread/INFO]: [CHAT] greenyoshi120: /nick &
[12:48:05] [Client thread/INFO]: [CHAT] concil435: /remove 0015 10
[12:48:05] [Client thread/INFO]: [CHAT] concil435: /remove 0015 10
[12:48:05] [Client thread/INFO]: [CHAT] wolfattax: //set stone
[12:48:06] [Client thread/INFO]: [CHAT] hey_jack left the game.
[12:48:07] [Client thread/INFO]: [CHAT] greenyoshi120: /nick 9u
[12:48:08] [Client thread/INFO]: [CHAT] sHaDoWpAss23 joined the game.
[12:48:08] [Client thread/INFO]: [CHAT] mariusda: /plugins
[12:48:11] [Client thread/INFO]: [CHAT] Coolguy14: //set quartz
[12:48:11] [Client thread/INFO]: [CHAT] concil435: /remove all
[12:48:11] [Client thread/INFO]: [CHAT] concil435: /remove all
[12:48:12] [Client thread/INFO]: [CHAT] < VillagerGolem> ??
[12:48:12] [Client thread/INFO]: [CHAT] Activation: /rank undercard
[12:48:15] [Client thread/INFO]: [CHAT] < VillagerGolem> Music?
[12:48:18] [Client thread/INFO]: [CHAT] Coolguy14: //set glass
[12:48:18] [Client thread/INFO]: [CHAT] concil435: /remove
[12:48:18] [Client thread/INFO]: [CHAT] concil435: /remove
[12:48:19] [Client thread/INFO]: [CHAT] [ADMIN] SupItsDillon [STA]: there
[12:48:20] [Client thread/INFO]: [CHAT] [ADMIN] JJ_Jaguar2000 [STA]: LOL you should've got it ages ago
[12:48:20] [Client thread/INFO]: [CHAT] RailRoadAWESOME left the game.
[12:48:21] [Client thread/INFO]: [CHAT] < VillagerGolem> OW
[12:48:21] [Client thread/INFO]: [CHAT] Nerdy left the game.
[12:48:23] [Client thread/INFO]: [CHAT] < VillagerGolem> :d
[12:48:23] [Client thread/INFO]: [CHAT] Nerdy joined the game.
[12:48:23] [Client thread/INFO]: [CHAT] mariusda: /plugins
[12:48:23] [Client thread/INFO]: [CHAT] concil435: /remove all 100
[12:48:23] [Client thread/INFO]: [CHAT] concil435: /remove all 100
[12:48:23] [Client thread/INFO]: [CHAT] [ADMIN] mattmcmatt [Console]: ikr
[12:48:25] [Client thread/INFO]: [CHAT] <umraz> vj if someone grrifes can u but it back how it was
[12:48:26] [Client thread/INFO]: [CHAT] Coolguy14: //set quartz
[12:48:26] [Client thread/INFO]: [CHAT] [ADMIN] SupItsDillon [STA]: some grif clrd up
[12:48:27] [Client thread/INFO]: [CHAT] < VillagerGolem> D:
[12:48:28] [Client thread/INFO]: [CHAT] KittyCatGirl40: //undo
[12:48:28] [Client thread/INFO]: [CHAT] bananus7: /pl
[12:48:29] [Client thread/INFO]: [CHAT] KittyCatGirl40: //undo
[12:48:31] [Client thread/INFO]: [CHAT] [Server:JJ_Jaguar2000] Server is restarting!
[12:48:33] [Client thread/INFO]: [CHAT] greenyoshi120: /nick dayoshi