[18:17:26] [Client thread/INFO]: Connecting to 64.34.165.5, 28965
[18:17:27] [Client thread/INFO]: [CHAT] VideoGameSmash12 joined the game.
[18:17:27] [Client thread/INFO]: [CHAT] Type /help for a list of commands.
[18:17:27] [Client thread/INFO]: [CHAT] Save your builds with World Edit or lose them
[18:17:27] [Client thread/INFO]: [CHAT] Read our website at www.totalfreedom.me to find out how
[18:17:27] [Client thread/INFO]: [CHAT] Read the rules
[18:17:27] [Client thread/INFO]: [CHAT] Read our only authorized forum at www.totalfreedom.boards.net
[18:17:27] [Client thread/INFO]: [CHAT] You have no new mail.
[18:17:32] [Client thread/INFO]: [CHAT] < CaptianSparklez> :)
[18:17:36] [Client thread/INFO]: [CHAT] < CaptianSparklez> hi
[18:17:41] [Client thread/INFO]: [CHAT] <ChaosCrewMember Godzilla> Zelda do //hsphere [Item] [radius] for a hollow sphere
[18:17:42] [Client thread/INFO]: [CHAT] <MicroMiniMouse> what to do harpo what to do
[18:17:47] [Client thread/INFO]: [CHAT] <BoxerBuster> ur not real
[18:17:47] [Client thread/INFO]: [CHAT] <Luigicraft120> You've got to be kidding me
[18:17:50] [Client thread/INFO]: [CHAT] BoxerBuster left the game.
[18:17:52] [Client thread/INFO]: [CHAT] TootandBUTTER left the game.
[18:17:57] [Client thread/INFO]: [CHAT] _icecreeper21_ left the game.
[18:17:58] [Client thread/INFO]: [CHAT] <[TeamCrafted] SkythekidRS> wtf
[18:18:01] [Client thread/INFO]: [CHAT] zxz_creeper_zxz is an Impostor
[18:18:01] [Client thread/INFO]: [CHAT] Warning: zxz_creeper_zxz has been flagged as an impostor!
[18:18:01] [Client thread/INFO]: [CHAT] zxz_creeper_zxz joined the game.
[18:18:02] [Client thread/INFO]: [CHAT] Remote52 left the game.
[18:18:06] [Client thread/INFO]: [CHAT] _lavacreeper21_ left the game.
[18:18:06] [Client thread/INFO]: [CHAT] <zxz_creeper_zxz> back
[18:18:08] [Client thread/INFO]: [CHAT] 1LH1 joined the game.
[18:18:08] [Client thread/INFO]: [CHAT] Welcome 1LH1 to the server!
[18:18:10] [Client thread/INFO]: [CHAT] < Beef_Jerky> STOP!
[18:18:12] [Client thread/INFO]: [CHAT] < Exotic_Gamer> nub
[18:18:13] [Client thread/INFO]: [CHAT] < Beef_Jerky> help admin
[18:18:15] [Client thread/INFO]: [CHAT] < Zelda> Scho fanceh
[18:18:20] [Client thread/INFO]: [CHAT] kaleb776 joined the game.
[18:18:20] [Client thread/INFO]: [CHAT] Welcome kaleb776 to the server!
[18:18:22] [Client thread/INFO]: [CHAT] SpecLeader - Undisguising all players
[18:18:24] [Client thread/INFO]: [CHAT] SwordSwingerGod - Opping zxz_creeper_zxz
[18:18:27] [Client thread/INFO]: [CHAT] marioman4567 left the game.
[18:18:29] [Client thread/INFO]: [CHAT] < Beef_Jerky> dakota1rex254!!!
[18:18:31] [Client thread/INFO]: [CHAT] <VideoGameSmash12> adika is griefing
[18:18:36] [Client thread/INFO]: [CHAT] SpecLeader - Rolling back player: AdikaAGP
[18:18:39] [Client thread/INFO]: [CHAT] SpecLeader - Tempbanning: AdikaAGP for 5 minutes.
[18:18:39] [Client thread/INFO]: [CHAT] AdikaAGP left the game.
[18:18:39] [Client thread/INFO]: [CHAT] < Beef_Jerky> GTFO
[18:18:41] [Client thread/INFO]: [CHAT] <Luigicraft120> Why is there still imposters?
[18:18:44] [Client thread/INFO]: [CHAT] <MicroMiniMouse> hai spec
[18:18:45] [Client thread/INFO]: [CHAT] < Beef_Jerky> help this idiot
[18:18:48] [Client thread/INFO]: [CHAT] <[TeamCrafted] SkythekidRS> who gave me 999999 spawn squdis?
[18:18:51] [Client thread/INFO]: [CHAT] <[TeamCrafted] SkythekidRS> WTF
[18:18:51] [Client thread/INFO]: [CHAT] SpecLeader - Rolling back player: minecraftjake332
[18:18:52] [Client thread/INFO]: [CHAT] Remote52 joined the game.
[18:18:55] [Client thread/INFO]: [CHAT] SpecLeader - Tempbanning: minecraftjake332 for 5 minutes.
[18:18:55] [Client thread/INFO]: [CHAT] minecraftjake332 left the game.
[18:18:56] [Client thread/INFO]: [CHAT] SwordSwingerGod has been a naughty, naughty boy.
[18:18:56] [Client thread/INFO]: [CHAT] SwordSwingerGod died
[18:18:57] [Client thread/INFO]: [CHAT] <[TeamCrafted] SkythekidRS> Admin
[18:18:59] [Client thread/INFO]: [CHAT] <MicroMiniMouse> matty guess what
[18:19:02] [Client thread/INFO]: [CHAT] < Beef_Jerky> hey they mase up my beacon'
[18:19:04] [Client thread/INFO]: [CHAT] <roby718> jclips19 has 2 mcbouncer and 2 mcbans bans
[18:19:06] [Client thread/INFO]: [CHAT] cup1234567890 joined the game.
[18:19:06] [Client thread/INFO]: [CHAT] Welcome cup1234567890 to the server!
[18:19:07] [Client thread/INFO]: [CHAT] [Server:mattmcmatt] dont fill people's inventory with stuff
[18:19:07] [Client thread/INFO]: [CHAT] Kinaru_Sheinto joined the game.
[18:19:07] [Client thread/INFO]: [CHAT] Welcome Kinaru_Sheinto to the server!
[18:19:09] [Client thread/INFO]: [CHAT] <Kinaru_Sheinto> Grr
[18:19:09] [Client thread/INFO]: [CHAT] Endy888 joined the game.
[18:19:10] [Client thread/INFO]: [CHAT] SpecLeader - Opping all players on the server
[18:19:11] [Client thread/INFO]: [CHAT] You are now op!
[18:19:14] [Client thread/INFO]: [CHAT] XxNicozillaxX - Opping Kinaru_Sheinto
[18:19:15] [Client thread/INFO]: [CHAT] cup1234567890 left the game.
[18:19:15] [Client thread/INFO]: [CHAT] <Kinaru_Sheinto> Speeccc
[18:19:18] [Client thread/INFO]: [CHAT] LogStar100 joined the game.
[18:19:19] [Client thread/INFO]: [CHAT] <Kinaru_Sheinto> Thanks
[18:19:21] [Client thread/INFO]: [CHAT] <Kinaru_Sheinto> Also
[18:19:24] [Client thread/INFO]: [CHAT] cup1234567890 joined the game.
[18:19:25] [Client thread/INFO]: [CHAT] babysumsum left the game.
[18:19:25] [Client thread/INFO]: [CHAT] djmc132 left the game.
[18:19:27] [Client thread/INFO]: [CHAT] AWOKENODIN joined the game.
[18:19:27] [Client thread/INFO]: [CHAT] <Kinaru_Sheinto> FOP is derping out
[18:19:27] [Client thread/INFO]: [CHAT] <kaleb776> hi
[18:19:28] [Client thread/INFO]: [CHAT] djmc132 joined the game.
[18:19:32] [Client thread/INFO]: [CHAT] <ChaosCrewMember Godzilla> zxz why dont u want admin xD?
[18:19:32] [Client thread/INFO]: [CHAT] <SwordSwingerGod> op me plz
[18:19:33] [Client thread/INFO]: [CHAT] cup1234567890 - Opping cup1234567890
[18:19:35] [Client thread/INFO]: [CHAT] <ChaosCrewMember Godzilla> Oh ik why.
[18:19:52] [Client thread/INFO]: [CHAT] <ChaosCrewMember Godzilla> the ip will have sa on it and ur friend will have sa?
[18:20:00] [Client thread/INFO]: [CHAT] <[TeamCrafted] SkythekidRS> who ever spawns squids in front gets a building made out of budder right in front of them
[18:20:06] [Client thread/INFO]: [CHAT] <SpecLeader> Zxz is at a friends house.
[18:20:07] [Client thread/INFO]: [CHAT] <SpecLeader> ;3
[18:20:11] [Client thread/INFO]: [CHAT] < Captiansparklez> your not sky!
[18:20:12] [Client thread/INFO]: [CHAT] <Endy888> all go to /warp minecrack if u have minecrack
[18:20:15] [Client thread/INFO]: [CHAT] <MicroMiniMouse> IDEA!
[18:20:16] [Client thread/INFO]: [CHAT] <[TeamCrafted] SkythekidRS> who fills my inventory with SQUIDS
[18:20:23] [Client thread/INFO]: [CHAT] matty925 left the game.
[18:20:26] [Client thread/INFO]: [CHAT] djmc132 left the game.
[18:20:26] [Client thread/INFO]: [CHAT] GHBizer joined the game.
[18:20:26] [Client thread/INFO]: [CHAT] Welcome GHBizer to the server!
[18:20:26] [Client thread/INFO]: [CHAT] <SwordSwingerGod> op me plz!
[18:20:29] [Client thread/INFO]: [CHAT] < Link> fake sky
[18:20:30] [Client thread/INFO]: [CHAT] <MicroMiniMouse> IDEA
[18:20:31] [Client thread/INFO]: [CHAT] *  SkythekidRS hates Squids
[18:20:31] [Client thread/INFO]: [CHAT] < Captiansparklez> hi
[18:20:32] [Client thread/INFO]: [CHAT] <ChaosCrewMember Godzilla> Zelda do you like world edit ? :)
[18:20:32] [Client thread/INFO]: [CHAT] antrobot123 joined the game.
[18:20:34] [Client thread/INFO]: [CHAT] <Luigicraft120> You're already op
[18:20:35] [Client thread/INFO]: [CHAT] <jclips19> this ich no cool build
[18:20:36] [Client thread/INFO]: [CHAT] < Zelda> Indeed! :D
[18:20:37] [Client thread/INFO]: [CHAT] < Ozelot> op plz
[18:20:38] [Client thread/INFO]: [CHAT] menchigirl left the game.
[18:20:38] [Client thread/INFO]: [CHAT] matty925 is a Super Admin
[18:20:38] [Client thread/INFO]: [CHAT] matty925 joined the game.
[18:20:42] [Client thread/INFO]: [CHAT] <[TeamCrafted] SkythekidRS> ffffffuuuuuu
[18:20:43] [Client thread/INFO]: [CHAT] SpecLeader - Opping GHBizer
[18:20:44] [Client thread/INFO]: [CHAT] SpecLeader - Opping antrobot123
[18:20:44] [Client thread/INFO]: [CHAT] < Captiansparklez> welcome
[18:20:46] [Client thread/INFO]: [CHAT] *  Get_A_Life doesnt give 2 flying shits