[16:21:06] [Client thread/INFO]: Connecting to 64.34.165.5, 28965
[16:21:07] [Client thread/INFO]: [CHAT] VideoGameSmash12 joined the game.
[16:21:07] [Client thread/INFO]: [CHAT] Type /help for a list of commands.
[16:21:07] [Client thread/INFO]: [CHAT] Save your builds with World Edit or lose them
[16:21:07] [Client thread/INFO]: [CHAT] Read our website at www.totalfreedom.me to find out how
[16:21:07] [Client thread/INFO]: [CHAT] Read the rules
[16:21:07] [Client thread/INFO]: [CHAT] Read our only authorized forum at www.totalfreedom.boards.net
[16:21:07] [Client thread/INFO]: [CHAT] You have 1 messages! Type /mail read to view your mail.
[16:21:07] [Client thread/INFO]: [CHAT] < MileyCyrus> k
[16:21:09] [Client thread/INFO]: [CHAT] <[WildxPokemon] StarDustTheEevee> What does -0 Mean
[16:21:11] [Client thread/INFO]: [CHAT] <[PS4] steamtrain6000> make your tag what new console u perfer
[16:21:13] [Client thread/INFO]: [CHAT] <[ADMIN] KingDragonRider> nice
[16:21:14] [Client thread/INFO]: [CHAT] <[GoldAndSilver] Reshiram> Negative
[16:21:17] [Client thread/INFO]: [CHAT] <GameAddict0626> cool
[16:21:17] [Client thread/INFO]: [CHAT] <[GoldAndSilver] Reshiram> negative 0
[16:21:18] [Client thread/INFO]: [CHAT] <VideoGameSmash12> ive been griefed
[16:21:25] [Client thread/INFO]: [CHAT] <[GoldAndSilver] Reshiram> u lvled up to 6
[16:21:27] [Client thread/INFO]: [CHAT] <[WildxPokemon] StarDustTheEevee> I know that but what do you mean by -0
[16:21:27] [Client thread/INFO]: [CHAT] < IlegalMexican> KingDragonRider
[16:21:28] [Client thread/INFO]: [CHAT] < Jamelanator> This lever wouldn't be here
[16:21:28] [Client thread/INFO]: [CHAT] < BudderBot> everone drink milk
[16:21:30] [Client thread/INFO]: [CHAT] <[ADMIN] KingDragonRider> I've always struggled with piston extenders ;D
[16:21:31] [Client thread/INFO]: [CHAT] <VideoGameSmash12> ive been griefed!!!!
[16:21:31] [Client thread/INFO]: [CHAT] < Jamelanator> and this would be inverted
[16:21:31] [Client thread/INFO]: [CHAT] <[ADMIN] KingDragonRider> Hmm?
[16:21:32] [Client thread/INFO]: [CHAT] <[GoldAndSilver] Reshiram> Fight meh
[16:21:32] [Client thread/INFO]: [CHAT] *  Sethbling at the awesomness of Reshiram
[16:21:33] [Client thread/INFO]: [CHAT] <thejokersson431> e
[16:21:36] [Client thread/INFO]: [CHAT] <[WildxPokemon] StarDustTheEevee> Fine
[16:21:39] [Client thread/INFO]: [CHAT] *  steamtrain6000 is now AFK.
[16:21:40] [Client thread/INFO]: [CHAT] < RaichuILevel100> :P
[16:21:42] [Client thread/INFO]: [CHAT] *  steamtrain6000 is no longer AFK.
[16:21:44] [Client thread/INFO]: [CHAT] <[PS4] steamtrain6000> hahah
[16:21:49] [Client thread/INFO]: [CHAT] <VideoGameSmash12> ?
[16:21:50] [Client thread/INFO]: [CHAT] <AlanAlanAla> yuck this is wrong
[16:21:51] [Client thread/INFO]: [CHAT] <theeduardocool> guys stop messing with us is annoying
[16:21:53] [Client thread/INFO]: [CHAT] <hydranoid209> hi
[16:21:58] [Client thread/INFO]: [CHAT] <herobrine678890> le me kill u
[16:21:58] [Client thread/INFO]: [CHAT] <[WildxPokemon] StarDustTheEevee> *uses tackle*
[16:22:00] [Client thread/INFO]: [CHAT] *  Sethbling lift the game
[16:22:06] [Client thread/INFO]: [CHAT] inFAmas97 left the game.
[16:22:08] [Client thread/INFO]: [CHAT] <[GoldAndSilver] Reshiram> uses speed thrust
[16:22:11] [Client thread/INFO]: [CHAT] < RaichuILevel100> "Watches"
[16:22:13] [Client thread/INFO]: [CHAT] calangogame joined the game.
[16:22:13] [Client thread/INFO]: [CHAT] Welcome calangogame to the server!
[16:22:17] [Client thread/INFO]: [CHAT] *  Sethbling left the game
[16:22:24] [Client thread/INFO]: [CHAT] Darber left the game.
[16:22:28] [Client thread/INFO]: [CHAT] <[GoldAndSilver] Reshiram> uses Faze
[16:22:34] [Client thread/INFO]: [CHAT] AlanAlanAla - Opping calangogame
[16:22:34] [Client thread/INFO]: [CHAT] Teekers8578 joined the game.
[16:22:34] [Client thread/INFO]: [CHAT] Welcome Teekers8578 to the server!
[16:22:38] [Client thread/INFO]: [CHAT] < xXMeesherXx> Admin!!!
[16:22:38] [Client thread/INFO]: [CHAT] <[GoldAndSilver] Reshiram> boom**
[16:22:41] [Client thread/INFO]: [CHAT] JediPow left the game.
[16:22:42] [Client thread/INFO]: [CHAT] <[WildxPokemon] StarDustTheEevee> *uses bite*
[16:22:48] [Client thread/INFO]: [CHAT] JediPow joined the game.
[16:22:49] [Client thread/INFO]: [CHAT] <[WildxPokemon] StarDustTheEevee> *nom*
[16:22:51] [Client thread/INFO]: [CHAT] < theeduardoCool> no
[16:22:52] [Client thread/INFO]: [CHAT] <herobrine678890> akamakita look at this
[16:22:52] [Client thread/INFO]: [CHAT] <Teekers8578> Hia
[16:22:53] [Client thread/INFO]: [CHAT] < Titanic> stop!
[16:22:54] [Client thread/INFO]: [CHAT] AlanAlanAla - Opping Teekers8578
[16:22:54] [Client thread/INFO]: [CHAT] <[GoldAndSilver] Reshiram> uses Death Strke
[16:22:55] [Client thread/INFO]: [CHAT] <[ADMIN] KingDragonRider> What's wrong?
[16:22:56] [Client thread/INFO]: [CHAT] KingDragonRider - Opping all players on the server
[16:22:56] [Client thread/INFO]: [CHAT] You are now op!
[16:22:56] [Client thread/INFO]: [CHAT] < Akamakita> yeah?
[16:22:57] [Client thread/INFO]: [CHAT] < theeduardoCool> lol i changed mine
[16:23:01] [Client thread/INFO]: [CHAT] <[WildxPokemon] StarDustTheEevee> *uses dig*
[16:23:06] [Client thread/INFO]: [CHAT] < xXMeesherXx> nothing just can this be spawn?
[16:23:09] [Client thread/INFO]: [CHAT] jonniebot left the game.
[16:23:11] [Client thread/INFO]: [CHAT] < RaichuILevel100> "has iron tail in front of face just in case they miss and hit me :D"
[16:23:17] [Client thread/INFO]: [CHAT] <[GoldAndSilver] Reshiram> I hit u
[16:23:17] [Client thread/INFO]: [CHAT] < Sethbling> awesomeness_0615?
[16:23:18] [Client thread/INFO]: [CHAT] <[GoldAndSilver] Reshiram> :D
[16:23:18] [Client thread/INFO]: [CHAT] <herobrine678890> kill me andgive my stuff
[16:23:19] [Client thread/INFO]: [CHAT] blazeboy2578 joined the game.
[16:23:19] [Client thread/INFO]: [CHAT] Welcome blazeboy2578 to the server!
[16:23:23] [Client thread/INFO]: [CHAT] < Akamakita> ok
[16:23:27] [Client thread/INFO]: [CHAT] MaxVdub left the game.
[16:23:27] [Client thread/INFO]: [CHAT] <[WildxPokemon] StarDustTheEevee> *falls down*]
[16:23:30] [Client thread/INFO]: [CHAT] turtleboi491 left the game.
[16:23:30] [Client thread/INFO]: [CHAT] <awesomeness_0615> yea
[16:23:31] [Client thread/INFO]: [CHAT] < Titanic> go away!
[16:23:31] [Client thread/INFO]: [CHAT] <Helper hydranoid209> :)
[16:23:35] [Client thread/INFO]: [CHAT] <[WildxPokemon] StarDustTheEevee> ughhh
[16:23:36] [Client thread/INFO]: [CHAT] < GAME> sweet
[16:23:40] [Client thread/INFO]: [CHAT] andersonmat joined the game.
[16:23:40] [Client thread/INFO]: [CHAT] Welcome andersonmat to the server!
[16:23:41] [Client thread/INFO]: [CHAT] huntingmonster32 joined the game.
[16:23:43] [Client thread/INFO]: [CHAT] <[ADMIN] KingDragonRider> Alright :) We don't have a spawn at the moment ;)
[16:23:46] [Client thread/INFO]: [CHAT] <[WildxPokemon] StarDustTheEevee> *fainted*
[16:23:48] [Client thread/INFO]: [CHAT] <[GoldAndSilver] Reshiram> U lvled to max lvl xD
[16:23:48] [Client thread/INFO]: [CHAT] <thejokersson431> lez go
[16:23:53] [Client thread/INFO]: [CHAT] <awesomeness_0615> yolo
[16:23:55] [Client thread/INFO]: [CHAT] <Helper hydranoid209> Well, that's nice. :P
[16:23:56] [Client thread/INFO]: [CHAT] < RaichuILevel100> CERBER (SOrry forced to use caps because of his username) stop running around and randomly breaking
[16:23:57] [Client thread/INFO]: [CHAT] GameAddict0626 - Opping lonewolf_114
[16:23:58] [Client thread/INFO]: [CHAT] <[WildxPokemon] StarDustTheEevee> *face planted*\
[16:23:58] [Client thread/INFO]: [CHAT] < RaichuILevel100> blocks
[16:24:03] [Client thread/INFO]: [CHAT] <Helper hydranoid209> Who needs spawns, right?
[16:24:03] [Client thread/INFO]: [CHAT] <awesomeness_0615> Wanna PVP
[16:24:04] [Client thread/INFO]: [CHAT] < xXMeesherXx> ya oh and can u protect it
[16:24:05] [Client thread/INFO]: [CHAT] <Helper hydranoid209> :P
[16:24:13] [Client thread/INFO]: [CHAT] calangogame left the game.
[16:24:13] [Client thread/INFO]: [CHAT] *  Reshiram Fucking Smacks star in face
[16:24:15] [Client thread/INFO]: [CHAT] < Akamakita> in the chest
[16:24:17] [Client thread/INFO]: [CHAT] <[WildxPokemon] StarDustTheEevee> Ow!
[16:24:20] [Client thread/INFO]: [CHAT] <[GoldAndSilver] Reshiram> xD
[16:24:20] [Client thread/INFO]: [CHAT] <[WildxPokemon] StarDustTheEevee> heeey
[16:24:22] [Client thread/INFO]: [CHAT] SlimShady69 joined the game.
[16:24:22] [Client thread/INFO]: [CHAT] Welcome SlimShady69 to the server!
[16:24:23] [Client thread/INFO]: [CHAT] <CERBER> i am russia yeah yes yes
[16:24:27] [Client thread/INFO]: [CHAT] <[WildxPokemon] StarDustTheEevee> what happened?
[16:24:29] [Client thread/INFO]: [CHAT] < Titanic> m.k. awnser
[16:24:31] [Client thread/INFO]: [CHAT] *  Reshiram RUns!
[16:24:38] [Client thread/INFO]: [CHAT] <Helper hydranoid209> Anyone need help with anything?
[16:24:39] [Client thread/INFO]: [CHAT] Titanic041912 left the game.
[16:24:39] [Client thread/INFO]: [CHAT] inFAmas97 is a Senior Admin.
[16:24:39] [Client thread/INFO]: [CHAT] inFAmas97 joined the game.
[16:24:43] [Client thread/INFO]: [CHAT] inFAmas97 - Opping all players on the server
[16:24:43] [Client thread/INFO]: [CHAT] You are now op!
[16:24:47] [Client thread/INFO]: [CHAT] <[WildxPokemon] StarDustTheEevee> *Giggles mischeiveously*
[16:24:48] [Client thread/INFO]: [CHAT] < Akamakita> cya
[16:24:49] [Client thread/INFO]: [CHAT] akamakita left the game.
[16:24:49] [Client thread/INFO]: [CHAT] Titanic041912 joined the game.
[16:24:49] [Client thread/INFO]: [CHAT] <AlanAlanAla> Who he get staff
[16:24:52] [Client thread/INFO]: [CHAT] <AlanAlanAla> how?
[16:24:55] [Client thread/INFO]: [CHAT] <[GoldAndSilver] Reshiram> COME HER WHU U!!!!
[16:24:55] [Client thread/INFO]: [CHAT] < GAME> how do you become an admin
[16:24:57] [Client thread/INFO]: [CHAT] < RaichuILevel100> Evee what level are you
[16:24:57] [Client thread/INFO]: [CHAT] Zion00000 has been a naughty, naughty boy.
[16:25:00] [Client thread/INFO]: [CHAT] [Server:KingDragonRider] Don't teleport me
[16:25:09] [Client thread/INFO]: [CHAT] <thejokersson431> who wants to pvp
[16:25:12] [Client thread/INFO]: [CHAT] <awesomeness_0615> me
[16:25:17] [Client thread/INFO]: [CHAT] <[WildxPokemon] StarDustTheEevee> hehhe
[16:25:17] [Client thread/INFO]: [CHAT] < RaichuILevel100> Eevee what level are you?
[16:25:23] [Client thread/INFO]: [CHAT] *  Reshiram Smacks star and kicks in face 84759023748953469237 TIMES
[16:25:23] [Client thread/INFO]: [CHAT] <[WildxPokemon] StarDustTheEevee> No idea?
[16:25:28] [Client thread/INFO]: [CHAT] <Helper hydranoid209> You apply at the forums to become admin, but you either have to be registered 30 days or senior rec.
[16:25:28] [Client thread/INFO]: [CHAT] <[WildxPokemon] StarDustTheEevee> Ow!
[16:25:31] [Client thread/INFO]: [CHAT] <[GoldAndSilver] Reshiram> shes lvl 900
[16:25:36] [Client thread/INFO]: [CHAT] <[GoldAndSilver] Reshiram> im max
[16:25:38] [Client thread/INFO]: [CHAT] < RaichuILevel100> Thats impossible
[16:25:45] [Client thread/INFO]: [CHAT] <[WildxPokemon] StarDustTheEevee> Is that even possible?
[16:25:45] [Client thread/INFO]: [CHAT] <[PS4] steamtrain6000> admin please help me build something!!!!!!!
[16:25:48] [Client thread/INFO]: [CHAT] <[GoldAndSilver] Reshiram> ya
[16:25:49] [Client thread/INFO]: [CHAT] < RaichuILevel100> Normal pokemon can only level up to 100
[16:25:50] [Client thread/INFO]: [CHAT] < xXMeesherXx> were did u go King?
[16:25:53] [Client thread/INFO]: [CHAT] <[WildxPokemon] StarDustTheEevee> I thoulght 100 was max...
[16:25:54] [Client thread/INFO]: [CHAT] Teekers8578 left the game.
[16:25:54] [Client thread/INFO]: [CHAT] <[GoldAndSilver] Reshiram> Im Gold in SIlver
[16:25:59] [Client thread/INFO]: [CHAT] <[GoldAndSilver] Reshiram> xD
[16:25:59] [Client thread/INFO]: [CHAT] Teekers8578 joined the game.
[16:26:00] [Client thread/INFO]: [CHAT] < RaichuILevel100> Legendary and level up to 1000
[16:26:01] [Client thread/INFO]: [CHAT] <[ADMIN] KingDragonRider> I went to spawn :)
[16:26:02] [Client thread/INFO]: [CHAT] <awesomeness_0615> wanna PVP
[16:26:04] [Client thread/INFO]: [CHAT] < RaichuILevel100> Can*
[16:26:04] [Client thread/INFO]: [CHAT] <[GoldAndSilver] Reshiram> ya
[16:26:07] [Client thread/INFO]: [CHAT] You have 1 messages! Type /mail read to view your mail.
[16:26:07] [Client thread/INFO]: [CHAT] Home set.
[16:26:10] [Client thread/INFO]: [CHAT] <[ADMIN] KingDragonRider> I'd recommend that yourself :)
[16:26:11] [Client thread/INFO]: [CHAT] < xXMeesherXx> u are not there
[16:26:11] [Client thread/INFO]: [CHAT] <[GoldAndSilver] Reshiram> GoldN silver 82734689346734
[16:26:12] [Client thread/INFO]: [CHAT] <thejokersson431> ttt
[16:26:13] [Client thread/INFO]: [CHAT] SeaHawk left the game.
[16:26:21] [Client thread/INFO]: [CHAT] Teekers8578 left the game.
[16:26:22] [Client thread/INFO]: [CHAT] <[WildxPokemon] StarDustTheEevee> Wouldent i be a Espeon then?
[16:26:22] [Client thread/INFO]: [CHAT] First position set to (-259.0, 49.0, 1099.0).
[16:26:22] [Client thread/INFO]: [CHAT] First position set to (-259.0, 49.0, 1100.0).
[16:26:23] [Client thread/INFO]: [CHAT] AlanAlanAla left the game.
[16:26:25] [Client thread/INFO]: [CHAT] <JediPow> are we doing pvp
[16:26:26] [Client thread/INFO]: [CHAT] <[GoldAndSilver] Reshiram> ya
[16:26:28] [Client thread/INFO]: [CHAT] Second position set to (-249.0, 49.0, 1099.0) (22).
[16:26:28] [Client thread/INFO]: [CHAT] Second position set to (-249.0, 49.0, 1100.0) (11).
[16:26:30] [Client thread/INFO]: [CHAT] <[GoldAndSilver] Reshiram> change ur nick
[16:26:30] [Client thread/INFO]: [CHAT] < RaichuILevel100> Legendary can level up to 1000 why normal types can level up to 100
[16:26:31] [Client thread/INFO]: [CHAT] turtleboi491 joined the game.
[16:26:33] [Client thread/INFO]: [CHAT] < xXMeesherXx> What happend!
[16:26:35] [Client thread/INFO]: [CHAT] 11 block(s) have been replaced.
[16:26:36] [Client thread/INFO]: [CHAT] < Jamelanator> Okay
[16:26:39] [Client thread/INFO]: [CHAT] First position set to (-259.0, 49.0, 1099.0) (22).
[16:26:41] [Client thread/INFO]: [CHAT] <[WildxPokemon] StarDustTheEevee> God dammit... *spams B Button x3)
[16:26:41] [Client thread/INFO]: [CHAT] Second position set to (-249.0, 49.0, 1099.0) (11).
[16:26:41] [Client thread/INFO]: [CHAT] <[GoldAndSilver] Reshiram> idk
[16:26:42] [Client thread/INFO]: [CHAT] 11 block(s) have been replaced.
[16:26:42] [Client thread/INFO]: [CHAT] <[ADMIN] KingDragonRider> I changed the colours a little, is that alright?
[16:26:43] [Client thread/INFO]: [CHAT] <[WildPokemon] NotchyThePokemon> KingKrypter is griefing
[16:26:44] [Client thread/INFO]: [CHAT] < MileyCyrus> Do /warp TrainAZekrom to train a Lvl400Zekrom! :D
[16:26:45] [Client thread/INFO]: [CHAT] savvy1113 joined the game.
[16:26:47] [Client thread/INFO]: [CHAT] < Jamelanator> inFAmas
[16:26:56] [Client thread/INFO]: [CHAT] JBunnyHD joined the game.
[16:26:57] [Client thread/INFO]: [CHAT] <[WildPokemon] NotchyThePokemon> Nu.
[16:26:57] [Client thread/INFO]: [CHAT] <[WildxPokemon] StarDustTheEevee> sooo...
[16:26:57] [Client thread/INFO]: [CHAT] KingDragonRider - Rolling back player: KingKrypter
[16:27:01] [Client thread/INFO]: [CHAT] KingDragonRider - Reverting rollback for player: KingKrypter
[16:27:02] [Client thread/INFO]: [CHAT] <[GoldAndSilver] ReshiramMaxLvl> xD
[16:27:07] [Client thread/INFO]: [CHAT] <[WildxPokemon] StarDustTheEevee> what now?
[16:27:08] [Client thread/INFO]: [CHAT] < RaichuILevel100> KingKrypter is fine XD
[16:27:11] [Client thread/INFO]: [CHAT] SlimShady69 left the game.
[16:27:11] [Client thread/INFO]: [CHAT] < Sethbling> hi
[16:27:11] [Client thread/INFO]: [CHAT] lovatic41599 joined the game.
[16:27:11] [Client thread/INFO]: [CHAT] Welcome lovatic41599 to the server!
[16:27:12] [Client thread/INFO]: [CHAT] <[GoldAndSilver] ReshiramMaxLvl> Speed training?
[16:27:13] [Client thread/INFO]: [CHAT] < xXMeesherXx> ...oh..i guess..wait insteed have it green instead of red
[16:27:15] [Client thread/INFO]: [CHAT] <featherfix101> do /warp fall to die
[16:27:15] [Client thread/INFO]: [CHAT] <[WildPokemon] NotchyThePokemon> ...
[16:27:16] [Client thread/INFO]: [CHAT] < Lvl400Zekrom> RAWR
[16:27:19] [Client thread/INFO]: [CHAT] JBunnyHD - Opping lovatic41599
[16:27:24] [Client thread/INFO]: [CHAT] <herobrine678890> hoo wonts to pvp
[16:27:26] [Client thread/INFO]: [CHAT] < Lvl400Zekrom> Train me!
[16:27:30] [Client thread/INFO]: [CHAT] < xXMeesherXx> thats alot more better
[16:27:31] [Client thread/INFO]: [CHAT] < Sethbling> how?
[16:27:31] [Client thread/INFO]: [CHAT] < Lvl400Zekrom> Do /warp TrainAZekrom to train a Lvl400Zekrom! :D
[16:27:33] [Client thread/INFO]: [CHAT] <[GoldAndSilver] ReshiramMaxLvl> Zekrom tp to me
[16:27:33] [Client thread/INFO]: [CHAT] < RaichuILevel100> notchy dont blame people when they break one block XD
[16:27:35] [Client thread/INFO]: [CHAT] inFAmas97 - Opping all players on the server
[16:27:35] [Client thread/INFO]: [CHAT] You are now op!
[16:27:39] [Client thread/INFO]: [CHAT] <JediPow> who wants to pvp
[16:27:43] [Client thread/INFO]: [CHAT] <[WildPokemon] NotchyThePokemon> NO
[16:27:44] [Client thread/INFO]: [CHAT] <awesomeness_0615> herobrine wanna pvp
[16:27:47] [Client thread/INFO]: [CHAT] <herobrine678890> hoo wonts to sno ball fit
[16:27:50] [Client thread/INFO]: [CHAT] < Lvl400Zekrom> Resh wants your ign?
[16:27:53] [Client thread/INFO]: [CHAT] < Lvl400Zekrom> so i can tp
[16:27:56] [Client thread/INFO]: [CHAT] <awesomeness_0615> Wanna PVP Anyone
[16:27:57] [Client thread/INFO]: [CHAT] < Sethbling> Zeklord15 are you in survival?
[16:28:01] [Client thread/INFO]: [CHAT] <[GoldAndSilver] ReshiramMaxLvl> ninja107998
[16:28:01] [Client thread/INFO]: [CHAT] < Lvl400Zekrom> no
[16:28:01] [Client thread/INFO]: [CHAT] < xXMeesherXx> Can u protect it plz?
[16:28:02] [Client thread/INFO]: [CHAT] <herobrine678890> ok
[16:28:06] [Client thread/INFO]: [CHAT] <featherfix101> do /warp fall to fall & die
[16:28:06] [Client thread/INFO]: [CHAT] KingDragonRider - Rolling back player: thejokersson431
[16:28:07] [Client thread/INFO]: [CHAT] <[GoldAndSilver] ReshiramMaxLvl> tp to meh
[16:28:12] [Client thread/INFO]: [CHAT] < Lvl400Zekrom> Resh wants your ign??
[16:28:13] [Client thread/INFO]: [CHAT] KingDragonRider - Reverting rollback for player: thejokersson431
[16:28:16] [Client thread/INFO]: [CHAT] < Lvl400Zekrom> so i can tp
[16:28:17] [Client thread/INFO]: [CHAT] <blazeboy2578> does anyone know how to do /ds
[16:28:18] [Client thread/INFO]: [CHAT] <[GoldAndSilver] ReshiramMaxLvl> ninja107998
[16:28:20] [Client thread/INFO]: [CHAT] <herobrine678890> hoo wonts to sno ball fit
[16:28:21] [Client thread/INFO]: [CHAT] <blazeboy2578> dp
[16:28:22] [Client thread/INFO]: [CHAT] <lovatic41599> is zex here???
[16:28:23] [Client thread/INFO]: [CHAT] < Lvl400Zekrom> ninja107998
[16:28:25] [Client thread/INFO]: [CHAT] <[WildLvl700Pokemon] StarDustTheEevee> o3o
[16:28:26] [Client thread/INFO]: [CHAT] < Titanic> GO
[16:28:28] [Client thread/INFO]: [CHAT] <[GoldAndSilver] ReshiramMaxLvl> ya
[16:28:31] [Client thread/INFO]: [CHAT] < Titanic> AWAY
[16:28:33] [Client thread/INFO]: [CHAT] < Rainbow_Dash> hi titanic its me
[16:28:35] [Client thread/INFO]: [CHAT] <herobrine678890> hoo wonts to sno ball fit plz
[16:28:37] [Client thread/INFO]: [CHAT] <[WildLvl700Pokemon] StarDustTheEevee> Im lvl 700 x3
[16:28:41] [Client thread/INFO]: [CHAT] < Titanic> CALL ME!!!!!!!!!
[16:28:43] [Client thread/INFO]: [CHAT] Unable to locate sign at -275, 51, 1188
[16:28:43] [Client thread/INFO]: [CHAT] Unable to locate sign at -275, 51, 1184
[16:28:47] [Client thread/INFO]: [CHAT] <awesomeness_0615> pvp anyone
[16:28:47] [Client thread/INFO]: [CHAT] < xXMeesherXx> Can u protect it King????
[16:28:49] [Client thread/INFO]: [CHAT] <[WildLvl700Pokemon] StarDustTheEevee> Lvl 900 is too boss for a lil eevee
[16:28:50] [Client thread/INFO]: [CHAT] < Titanic> what no
[16:28:52] [Client thread/INFO]: [CHAT] <JediPow> pvp anyone
[16:28:52] [Client thread/INFO]: [CHAT] < Lvl400Zekrom> unable you tp
[16:28:52] [Client thread/INFO]: [CHAT] < Rainbow_Dash> my mom is on the phone
[16:28:56] [Client thread/INFO]: [CHAT] < Titanic> OH
[16:28:57] [Client thread/INFO]: [CHAT] <[WildLvl700Pokemon] StarDustTheEevee> raichu
[16:28:57] [Client thread/INFO]: [CHAT] < Lvl400Zekrom> your
[16:28:58] [Client thread/INFO]: [CHAT] <[ADMIN] KingDragonRider> Yep, I have ;)
[16:29:00] [Client thread/INFO]: [CHAT] < Titanic> ok
[16:29:04] [Client thread/INFO]: [CHAT] < xXMeesherXx> thanks
[16:29:10] [Client thread/INFO]: [CHAT] < Lvl400Zekrom> unable you tp ninja107998
[16:29:10] [Client thread/INFO]: [CHAT] blazeboy2578 has been a naughty, naughty boy.
[16:29:10] [Client thread/INFO]: [CHAT] huntingmonster32 has been a naughty, naughty boy.
[16:29:12] [Client thread/INFO]: [CHAT] [Server:KingDragonRider] No invis
[16:29:13] [Client thread/INFO]: [CHAT] Zeyad500 left the game.
[16:29:19] [Client thread/INFO]: [CHAT] *  Titanic is now AFK.
[16:29:21] [Client thread/INFO]: [CHAT] <[WildLvl100Pokemon] StarDustTheEevee> der 100 ;p
[16:29:27] [Client thread/INFO]: [CHAT] savvy1113 left the game.
[16:29:29] [Client thread/INFO]: [CHAT] <blazeboy2578> who did dat
[16:29:31] [Client thread/INFO]: [CHAT] KingDragonRider - Opping all players on the server
[16:29:31] [Client thread/INFO]: [CHAT] You are now op!
[16:29:48] [Client thread/INFO]: [CHAT] savvy1113 joined the game.
[16:29:51] [Client thread/INFO]: [CHAT] xXWilee999Xx is a Super Admin.
[16:29:51] [Client thread/INFO]: [CHAT] xXWilee999Xx joined the game.