[05:37:40] [Client thread/INFO]: Connecting to 64.34.165.5, 28965
[05:37:41] [Client thread/INFO]: [CHAT] VideoGameSmash12 joined the game.
[05:37:41] [Client thread/INFO]: [CHAT] Type /help for a list of commands.
[05:37:41] [Client thread/INFO]: [CHAT] Save your builds with World Edit or lose them
[05:37:41] [Client thread/INFO]: [CHAT] Read our website at www.totalfreedom.me to find out how
[05:37:41] [Client thread/INFO]: [CHAT] Read the rules
[05:37:41] [Client thread/INFO]: [CHAT] Read our only authorized forum at www.totalfreedom.boards.net
[05:37:41] [Client thread/INFO]: [CHAT] You have no new mail.
[05:37:55] [Client thread/INFO]: Connecting to 64.34.165.5, 28965
[05:38:50] [Client thread/INFO]: Connecting to 64.34.165.5, 28965
[05:38:51] [Client thread/INFO]: [CHAT] VideoGameSmash12 joined the game.
[05:38:51] [Client thread/INFO]: [CHAT] Type /help for a list of commands.
[05:38:51] [Client thread/INFO]: [CHAT] Save your builds with World Edit or lose them
[05:38:51] [Client thread/INFO]: [CHAT] Read our website at www.totalfreedom.me to find out how
[05:38:51] [Client thread/INFO]: [CHAT] Read the rules
[05:38:51] [Client thread/INFO]: [CHAT] Read our only authorized forum at www.totalfreedom.boards.net
[05:38:51] [Client thread/INFO]: [CHAT] You have no new mail.
[05:38:52] [Client thread/INFO]: [CHAT] <Nipsuz> ?? ?? ????
[05:38:52] [Client thread/INFO]: [CHAT] <EmPrOr> lol
[05:38:54] [Client thread/INFO]: [CHAT] farkaf joined the game.
[05:38:54] [Client thread/INFO]: [CHAT] Welcome farkaf to the server!
[05:39:00] [Client thread/INFO]: [CHAT] 05danek left the game.
[05:39:00] [Client thread/INFO]: [CHAT] The_Moderator244 joined the game.
[05:39:04] [Client thread/INFO]: [CHAT] IronButterMan left the game.
[05:39:04] [Client thread/INFO]: [CHAT] The_Moderator244 - Opping The_Moderator244
[05:39:12] [Client thread/INFO]: [CHAT] aggelosQQ - Opping farkaf
[05:39:16] [Client thread/INFO]: [CHAT] < aggelosQQ> Welcome farkaf
[05:39:26] [Client thread/INFO]: [CHAT] aggelosQQ - Opping Nipsuz
[05:39:34] [Client thread/INFO]: Connecting to 64.34.165.5, 28965