[14:24:24] [Client thread/INFO]: Connecting to 64.34.165.5, 28965
[14:24:27] [Client thread/INFO]: [CHAT] VideoGameSmash12 joined the game.
[14:24:27] [Client thread/INFO]: [CHAT] Welcome  Santa_VideoGameSmash12 to the server!
[14:24:27] [Client thread/INFO]: [CHAT] Type /help for a list of commands.
[14:24:27] [Client thread/INFO]: [CHAT] Save your builds with World Edit or lose them
[14:24:27] [Client thread/INFO]: [CHAT] Read our website at www.totalfreedom.me to find out how
[14:24:27] [Client thread/INFO]: [CHAT] Read the rules
[14:24:27] [Client thread/INFO]: [CHAT] Read our only authorized forum at www.totalfreedom.boards.net
[14:24:27] [Client thread/INFO]: [CHAT] You have no new mail.
[14:24:40] [Client thread/INFO]: [CHAT] Jtpurcell has been a VERY naughty, naughty boy.
[14:24:40] [Client thread/INFO]: [CHAT] Banning: Jtpurcell, IP: 77.100.*.*.
[14:24:40] [Client thread/INFO]: [CHAT] Jtpurcell left the game.
[14:24:48] [Client thread/INFO]: [CHAT] < Santa_VideoGameSmash12> lewis is griefing
[14:24:51] [Client thread/INFO]: [CHAT] markbyron - Opping all players on the server
[14:24:51] [Client thread/INFO]: [CHAT] You are now op!
[14:24:53] [Client thread/INFO]: [CHAT] Lewis_M_2003 has been a VERY naughty, naughty boy.
[14:24:53] [Client thread/INFO]: [CHAT] Banning: Lewis_M_2003, IP: 82.15.*.*.
[14:24:53] [Client thread/INFO]: [CHAT] Lewis_M_2003 left the game.
[14:25:00] [Client thread/INFO]: [CHAT] duncand12 joined the game.
[14:25:01] [Client thread/INFO]: [CHAT] <Yoshi41023> Griefers these days are so retarded.
[14:25:02] [Client thread/INFO]: [CHAT] < Santa_VideoGameSmash12> :D
[14:25:08] [Client thread/INFO]: [CHAT] <diggiedom> i have screenshots of you guys griefing
[14:25:08] [Client thread/INFO]: [CHAT] < Eevee> ik
[14:25:09] [Client thread/INFO]: [CHAT] <Yoshi41023> Griefing in a admin's face! ._.
[14:25:14] [Client thread/INFO]: [CHAT] <porkchoplvr02> ikr
[14:25:15] [Client thread/INFO]: [CHAT] < Santa_VideoGameSmash12> lolz
[14:25:17] [Client thread/INFO]: [CHAT] kenz5501 joined the game.
[14:25:17] [Client thread/INFO]: [CHAT] Welcome  Kenz5501 to the server!
[14:25:19] [Client thread/INFO]: [CHAT] < Santa_VideoGameSmash12> retards
[14:25:26] [Client thread/INFO]: [CHAT] < Eevee> one grifed my WHOLE PokeCity
[14:25:27] [Client thread/INFO]: [CHAT] duncand12 left the game.
[14:25:33] [Client thread/INFO]: [CHAT] < SantaClaus> hey
[14:25:33] [Client thread/INFO]: [CHAT] < Eevee> yresterday
[14:25:41] [Client thread/INFO]: [CHAT] Paiute joined the game.
[14:25:47] [Client thread/INFO]: [CHAT] <Yoshi41023> Meh I guess I will say this
[14:25:51] [Client thread/INFO]: [CHAT] < Eevee> what
[14:25:52] [Client thread/INFO]: [CHAT] <Yoshi41023> My favorite Pokemon is Mewtwo.
[14:25:57] [Client thread/INFO]: [CHAT] <Yoshi41023> Hes a baws
[14:26:03] [Client thread/INFO]: [CHAT] < Eevee> hai
[14:26:03] [Client thread/INFO]: [CHAT] AlfieChelseaUK joined the game.
[14:26:04] [Client thread/INFO]: [CHAT] < BUDDER_LOVER> sky
[14:26:11] [Client thread/INFO]: [CHAT] ItzBloop is a Super Admin
[14:26:11] [Client thread/INFO]: [CHAT] ItzBloop joined the game.
[14:26:16] [Client thread/INFO]: [CHAT] wisemagick1 joined the game.
[14:26:16] [Client thread/INFO]: [CHAT] Welcome wisemagick1 to the server!
[14:26:31] [Client thread/INFO]: Connecting to 64.34.165.5, 28965
[14:27:07] [Client thread/INFO]: Connecting to 64.34.165.5, 28965
[14:27:12] [Client thread/INFO]: [CHAT] VideoGameSmash12 joined the game.
[14:27:12] [Client thread/INFO]: [CHAT] KidJamel is a Super Admin
[14:27:12] [Client thread/INFO]: [CHAT] KidJamel joined the game.
[14:27:12] [Client thread/INFO]: [CHAT] Type /help for a list of commands.
[14:27:12] [Client thread/INFO]: [CHAT] Save your builds with World Edit or lose them
[14:27:12] [Client thread/INFO]: [CHAT] Read our website at www.totalfreedom.me to find out how
[14:27:12] [Client thread/INFO]: [CHAT] Read the rules
[14:27:12] [Client thread/INFO]: [CHAT] Read our only authorized forum at www.totalfreedom.boards.net
[14:27:12] [Client thread/INFO]: [CHAT] You have no new mail.
[14:27:13] [Client thread/INFO]: [CHAT] Paiute joined the game.
[14:27:13] [Client thread/INFO]: [CHAT] wisemagick1 joined the game.
[14:27:14] [Client thread/INFO]: [CHAT] noahjohnswitzer joined the game.
[14:27:15] [Client thread/INFO]: [CHAT] < Santa_VideoGameSmash12> first
[14:27:15] [Client thread/INFO]: [CHAT] Pink_DJ_22 joined the game.
[14:27:16] [Client thread/INFO]: [CHAT] porkchoplvr02 joined the game.
[14:27:17] [Client thread/INFO]: [CHAT] < BUDDER_LOVER> sky
[14:27:18] [Client thread/INFO]: [CHAT] ItzBloop is a Super Admin
[14:27:18] [Client thread/INFO]: [CHAT] ItzBloop joined the game.
[14:27:19] [Client thread/INFO]: [CHAT] 35Longway joined the game.
[14:27:20] [Client thread/INFO]: [CHAT] markbyron - Opping all players on the server
[14:27:20] [Client thread/INFO]: [CHAT] You are now op!
[14:27:21] [Client thread/INFO]: [CHAT] ItzBloop - Opping all players on the server
[14:27:21] [Client thread/INFO]: [CHAT] You are now op!
[14:27:23] [Client thread/INFO]: [CHAT] < Jamel> mark
[14:27:25] [Client thread/INFO]: [CHAT] <wisemagick1> hey mark
[14:27:28] [Client thread/INFO]: [CHAT] Kaininjakai joined the game.
[14:27:30] [Client thread/INFO]: [CHAT] Ninjakacper1 joined the game.
[14:27:31] [Client thread/INFO]: [CHAT] xXWilee999Xx is a Developer
[14:27:31] [Client thread/INFO]: [CHAT] xXWilee999Xx joined the game.
[14:27:33] [Client thread/INFO]: [CHAT] Kaininjakai left the game.
[14:27:34] [Client thread/INFO]: [CHAT] Ramdog2000 joined the game.
[14:27:34] [Client thread/INFO]: [CHAT] Welcome Ramdog2000 to the server!
[14:27:36] [Client thread/INFO]: [CHAT] <wisemagick1> Hey wilee
[14:27:41] [Client thread/INFO]: [CHAT] ItzBloop - Opping all players on the server
[14:27:41] [Client thread/INFO]: [CHAT] You are now op!
[14:27:42] [Client thread/INFO]: [CHAT] 1LH1 joined the game.
[14:27:42] [Client thread/INFO]: [CHAT] Welcome  1LH1 to the server!
[14:27:45] [Client thread/INFO]: [CHAT] < Santa_VideoGameSmash12> sup willee
[14:27:45] [Client thread/INFO]: [CHAT] diggiedom joined the game.
[14:27:46] [Client thread/INFO]: [CHAT] markbyron - Opping all players on the server
[14:27:46] [Client thread/INFO]: [CHAT] You are now op!
[14:27:50] [Client thread/INFO]: [CHAT] < TheExtremeMixer> lol
[14:27:56] [Client thread/INFO]: [CHAT] mrnintendoguy1 is a Super Telnet Admin
[14:27:56] [Client thread/INFO]: [CHAT] mrnintendoguy1 joined the game.
[14:27:58] [Client thread/INFO]: [CHAT] < Eevee> hai
[14:27:59] [Client thread/INFO]: [CHAT] xHazardx101 joined the game.
[14:27:59] [Client thread/INFO]: [CHAT] Welcome xHazardx101 to the server!
[14:28:03] [Client thread/INFO]: [CHAT] mrnintendoguy1 left the game.
[14:28:15] [Client thread/INFO]: [CHAT] speedyeagle32 joined the game.
[14:28:15] [Client thread/INFO]: [CHAT] Welcome speedyeagle32 to the server!
[14:28:16] [Client thread/INFO]: [CHAT] < TheExtremeMixer> Hey Who Wants to build with me
[14:28:23] [Client thread/INFO]: [CHAT] matthewpbetit joined the game.
[14:28:29] [Client thread/INFO]: [CHAT] < SantaClaus> hi
[14:28:29] [Client thread/INFO]: [CHAT] < 1LH1> me
[14:28:29] [Client thread/INFO]: [CHAT] <noahjohnswitzer> me
[14:28:31] [Client thread/INFO]: [CHAT] Yoshi41023 is a Super Telnet Admin
[14:28:31] [Client thread/INFO]: [CHAT] Yoshi41023 joined the game.
[14:28:34] [Client thread/INFO]: [CHAT] horaceoscar joined the game.
[14:28:36] [Client thread/INFO]: [CHAT] slickdude32 joined the game.
[14:28:36] [Client thread/INFO]: [CHAT] xXWilee999Xx left the game.
[14:28:38] [Client thread/INFO]: [CHAT] XXDidiXX is a Super Admin
[14:28:38] [Client thread/INFO]: [CHAT] XXDidiXX joined the game.
[14:28:45] [Client thread/INFO]: [CHAT] < TheExtremeMixer> 1LH1 AND noahjohnswitzer
[14:28:48] [Client thread/INFO]: [CHAT] < TheExtremeMixer> come to me
[14:28:49] [Client thread/INFO]: [CHAT] ItzBloop - Purging all player data
[14:28:50] [Client thread/INFO]: [CHAT] < MrSlick> uh he he
[14:28:55] [Client thread/INFO]: [CHAT] < TheExtremeMixer> spawn
[14:29:00] [Client thread/INFO]: [CHAT] < 1LH1> where ur u
[14:29:08] [Client thread/INFO]: [CHAT] badkevin2003 joined the game.
[14:29:10] [Client thread/INFO]: [CHAT] < TheExtremeMixer> .spawn
[14:29:17] [Client thread/INFO]: [CHAT] badkevin2003 has been a naughty, naughty boy.
[14:29:17] [Client thread/INFO]: [CHAT] badkevin2003 died
[14:29:18] [Client thread/INFO]: [CHAT] < 1LH1> i am in spawn
[14:29:19] [Client thread/INFO]: [CHAT] [Server:ItzBloop] no invis
[14:29:19] [Client thread/INFO]: [CHAT] AlfieChelseaUK joined the game.
[14:29:20] [Client thread/INFO]: [CHAT] <speedyeagle32> op me
[14:29:21] [Client thread/INFO]: [CHAT] ItzBloop - Purging all player data
[14:29:21] [Client thread/INFO]: [CHAT] bestlegoboy joined the game.
[14:29:22] [Client thread/INFO]: [CHAT] ItzBloop - Opping all players on the server
[14:29:22] [Client thread/INFO]: [CHAT] You are now op!
[14:29:24] [Client thread/INFO]: [CHAT] ItzBloop left the game.
[14:29:25] [Client thread/INFO]: [CHAT] <badkevin2003> op
[14:29:25] [Client thread/INFO]: [CHAT] badkevin2003 fell out of the world
[14:29:26] [Client thread/INFO]: [CHAT] You do not have permission to use this command.
[14:29:31] [Client thread/INFO]: [CHAT] <badkevin2003> op me
[14:29:34] [Client thread/INFO]: [CHAT] badkevin2003 fell out of the world
[14:29:34] [Client thread/INFO]: [CHAT] < Santa_VideoGameSmash12> can someone op me?
[14:29:38] [Client thread/INFO]: [CHAT] < Santa_VideoGameSmash12> wait what
[14:29:40] [Client thread/INFO]: [CHAT] diggiedom used a forbidden WorldEdit block type: 116
[14:29:42] [Client thread/INFO]: [CHAT] <[YouTuber] SkythekidRS> hi
[14:29:44] [Client thread/INFO]: [CHAT] Legoprincess21 joined the game.
[14:29:44] [Client thread/INFO]: [CHAT] < AlfieChelseaUK> noah keeps greifing my house
[14:29:49] [Client thread/INFO]: [CHAT] < MrSlick> yay
[14:29:51] [Client thread/INFO]: [CHAT] <noahjohnswitzer> no
[14:29:53] [Client thread/INFO]: [CHAT] Yoshi41023 - Rolling back player: noahjohnswitzer
[14:29:58] [Client thread/INFO]: [CHAT] *  Eevee SKY IS FAKE!
[14:29:58] [Client thread/INFO]: [CHAT] noahjohnswitzer has been a naughty, naughty boy.
[14:29:58] [Client thread/INFO]: [CHAT] noahjohnswitzer died
[14:30:01] [Client thread/INFO]: [CHAT] < AlfieChelseaUK> yes you do
[14:30:02] [Client thread/INFO]: [CHAT] < MrSlick> oh gosh XD
[14:30:07] [Client thread/INFO]: [CHAT] xXWilee999Xx is a Developer
[14:30:07] [Client thread/INFO]: [CHAT] xXWilee999Xx joined the game.
[14:30:09] [Client thread/INFO]: [CHAT] Yoshi41023 - Opping all players on the server
[14:30:09] [Client thread/INFO]: [CHAT] You are now op!
[14:30:11] [Client thread/INFO]: [CHAT] littlepapa21003 joined the game.
[14:30:11] [Client thread/INFO]: [CHAT] Welcome littlepapa21003 to the server!
[14:30:15] [Client thread/INFO]: [CHAT] < TheExtremeMixer> im ninjakacper1
[14:30:15] [Client thread/INFO]: [CHAT] mrnintendoguy1 is a Super Telnet Admin
[14:30:15] [Client thread/INFO]: [CHAT] mrnintendoguy1 joined the game.
[14:30:15] [Client thread/INFO]: [CHAT] <[YouTuber] SkythekidRS> hello i am recordinh
[14:30:22] [Client thread/INFO]: Connecting to 64.34.165.5, 28965
[14:31:51] [Client thread/INFO]: Connecting to 64.34.165.5, 28965