[20:55:45] [Client thread/INFO]: Connecting to 64.34.165.5, 28965
[20:55:46] [Client thread/INFO]: [CHAT] VideoGameSmash12 joined the game.
[20:55:46] [Client thread/INFO]: [CHAT] Type /help for a list of commands.
[20:55:46] [Client thread/INFO]: [CHAT] Save your builds with World Edit or lose them
[20:55:46] [Client thread/INFO]: [CHAT] Read our website at www.totalfreedom.me to find out how
[20:55:46] [Client thread/INFO]: [CHAT] Read the rules
[20:55:46] [Client thread/INFO]: [CHAT] Read our only authorized forum at www.totalfreedom.boards.net
[20:55:46] [Client thread/INFO]: [CHAT] You have 3 messages! Type /mail read to view your mail.
[20:55:50] [Client thread/INFO]: [CHAT] ImALuckyGuy - Banning 2468tfc and IPs: 121.73.1.138,121.73.71.99
[20:55:55] [Client thread/INFO]: [CHAT] <[UltimateLifeForm] Shadow> this is the shadow head of approval
[20:55:55] [Client thread/INFO]: [CHAT] <(Hidden) SkyDoesMinecraft> ?
[20:55:59] [Client thread/INFO]: [CHAT] You have 3 messages! Type /mail read to view your mail.
[20:56:01] [Client thread/INFO]: [CHAT] Anwar1993 left the game.
[20:56:33] [Client thread/INFO]: [CHAT] <Leini007> IM HIdden pls
[20:56:34] [Client thread/INFO]: [CHAT] You have 3 messages! Type /mail read to view your mail.
[20:56:34] [Client thread/INFO]: [CHAT] Teleporting...
[20:56:43] [Client thread/INFO]: [CHAT] <[UltimateLifeForm] Shadow> i helped make the signs
[20:56:43] [Client thread/INFO]: [CHAT] Anwar1993 joined the game.
[20:56:45] [Client thread/INFO]: [CHAT] < VideoGameSmash12> ur not the real sky
[20:56:53] [Client thread/INFO]: [CHAT] Unknown command. Type "/help" for help.
[20:56:56] [Client thread/INFO]: [CHAT] ImALuckyGuy - Setting everyone's Worldedit block modification limit to 500.
[20:57:02] [Client thread/INFO]: [CHAT] <Leini007> Anwar1993
[20:57:05] [Client thread/INFO]: [CHAT] < VideoGameSmash12> sky stop
[20:57:07] [Client thread/INFO]: [CHAT] emma7335 joined the game.
[20:57:07] [Client thread/INFO]: [CHAT] Welcome emma7335 to the server!
[20:57:15] [Client thread/INFO]: [CHAT] ImALuckyGuy - Opping all players on the server
[20:57:15] [Client thread/INFO]: [CHAT] You are now op!
[20:57:19] [Client thread/INFO]: [CHAT] Anwar1993 - Opping emma7335
[20:57:21] [Client thread/INFO]: [CHAT] <(Hidden) SkyDoesMinecraft> ??
[20:57:25] [Client thread/INFO]: [CHAT] You have 3 messages! Type /mail read to view your mail.
[20:57:25] [Client thread/INFO]: [CHAT] Error: Unknown item name: gold.
[20:57:26] [Client thread/INFO]: [CHAT] <Leini007> emma7335
[20:57:36] [Client thread/WARN]: Unable to play unknown soundEvent: minecraft:liquid.splash
[20:57:37] [Client thread/WARN]: Unable to play unknown soundEvent: minecraft:liquid.splash
[20:57:38] [Client thread/INFO]: [CHAT] <[UltimateLifeForm] Shadow> spawn party
[20:57:42] [Client thread/INFO]: [CHAT] < VideoGameSmash12> the squids suck!
[20:57:53] [Client thread/INFO]: [CHAT] <(Hidden) SkyDoesMinecraft> There is barely no one
[20:58:05] [Client thread/INFO]: [CHAT] You have 3 messages! Type /mail read to view your mail.
[20:58:05] [Client thread/INFO]: [CHAT] Giving 64 of gold ingot
[20:58:12] [Client thread/INFO]: [CHAT] You have 3 messages! Type /mail read to view your mail.
[20:58:12] [Client thread/INFO]: [CHAT] Giving 9,999 of gold ingot
[20:58:13] [Client thread/INFO]: [CHAT] <suprmn> im studying for theo and im trying to keep from getting kicked from adk
[20:58:21] [Client thread/INFO]: [CHAT] Estate22: hai
[20:58:21] [Client thread/INFO]: [CHAT] xXbuchosXx: hai
[20:58:21] [Client thread/INFO]: [CHAT] Wasser_747: i want admin
[20:58:21] [Client thread/INFO]: [CHAT] To mark your mail as read, type /mail clear.
[20:58:24] [Client thread/INFO]: [CHAT] <robrobot99> Erm this is 1.7.2... yet when I put acacia wood in my inv it becomes stone I'm confused
[20:58:35] [Client thread/INFO]: [CHAT] [Server:suprmn] spigot my friend.
[20:58:37] [Client thread/INFO]: [CHAT] [Server:suprmn] spigot.
[20:58:41] [Client thread/INFO]: [CHAT] You have 3 messages! Type /mail read to view your mail.
[20:58:41] [Client thread/INFO]: [CHAT] Teleporting...
[20:58:45] [Client thread/INFO]: [CHAT] [CONSOLE]<eyamil> ^
[20:58:48] [Client thread/INFO]: [CHAT] necoconecochan joined the game.
[20:58:55] [Client thread/INFO]: [CHAT] ImALuckyGuy left the game.
[20:58:58] [Client thread/INFO]: [CHAT] robrobot99 left the game.
[20:59:05] [Client thread/INFO]: [CHAT] <necoconecochan> ????? ??? ???????!
[20:59:15] [Client thread/INFO]: [CHAT] You have 3 messages! Type /mail read to view your mail.
[20:59:15] [Client thread/INFO]: [CHAT] Giving 9,999 of gold ingot
[20:59:25] [Client thread/INFO]: [CHAT] [CONSOLE]<eyamil> ./suicide
[20:59:37] [Client thread/INFO]: [CHAT] You have 3 messages! Type /mail read to view your mail.
[20:59:37] [Client thread/INFO]: [CHAT] Use the /back command to return to your death point.
[20:59:37] [Client thread/INFO]: [CHAT] Goodbye cruel world...
[20:59:37] [Client thread/INFO]: [CHAT]  VideoGameSmash12 took their own life.
[20:59:38] [Client thread/INFO]: [CHAT] <Leini007> Anwar1993
[20:59:52] [Client thread/INFO]: [CHAT] suprmn left the game.
[20:59:58] [Client thread/INFO]: [CHAT] < VideoGameSmash12> so much butter.