[00:10:17] [Client thread/INFO]: Connecting to 64.34.165.5, 28965
[00:10:17] [Client thread/INFO]: [CHAT] VideoGameSmash12 joined the game.
[00:10:17] [Client thread/INFO]: [CHAT] Welcome VideoGameSmash12 to the server!
[00:10:17] [Client thread/INFO]: [CHAT] Type /help for a list of commands.
[00:10:17] [Client thread/INFO]: [CHAT] Save your builds with World Edit or lose them
[00:10:17] [Client thread/INFO]: [CHAT] Read our website at www.totalfreedom.me to find out how
[00:10:17] [Client thread/INFO]: [CHAT] Read the rules
[00:10:17] [Client thread/INFO]: [CHAT] Read our only authorized forum at www.totalfreedom.boards.net
[00:10:17] [Client thread/INFO]: [CHAT] You have no new mail.
[00:10:31] [Client thread/INFO]: [CHAT] < FallowDoe> :B
[00:10:38] [Client thread/INFO]: [CHAT] <VideoGameSmash12> awesome server
[00:10:44] [Client thread/INFO]: [CHAT] LDIABLO18 has been banned for 1 minute.
[00:10:44] [Client thread/INFO]: [CHAT] LDIABLO18 left the game.
[00:10:44] [Client thread/INFO]: [CHAT] LDIABLO18 was automatically kicked for using harmful commands.
[00:11:10] [Client thread/INFO]: [CHAT] * VideoGameSmash12 was slain by Herobrine
[00:11:21] [Client thread/INFO]: [CHAT] <renixplay> fuck you!
[00:11:24] [Client thread/INFO]: [CHAT] <Luki2332> help im servival
[00:11:28] [Client thread/INFO]: [CHAT] <loler_WTF> u too
[00:11:35] [Client thread/INFO]: [CHAT] FallowDoe - Opping Luki2332
[00:11:36] [Client thread/INFO]: [CHAT] < thundergun> grif
[00:11:38] [Client thread/INFO]: [CHAT] <Pokemon Glaceon> try telling that to yourself renix
[00:11:54] [Client thread/INFO]: [CHAT] <Luki2332> tainkuo
[00:12:13] [Client thread/INFO]: [CHAT] <Pokemon Glaceon> -.-
[00:12:13] [Client thread/INFO]: [CHAT] Andreas joined the game.
[00:12:13] [Client thread/INFO]: [CHAT] Welcome Andreas to the server!
[00:12:20] [Client thread/INFO]: [CHAT] <vilhelm2001> Ban loler_WTF!
[00:12:31] [Client thread/INFO]: [CHAT] lalka left the game.
[00:12:35] [Client thread/INFO]: [CHAT] * VideoGameSmash12 had his tounge burnt trying to eat a taco early
[00:12:40] [Client thread/INFO]: [CHAT] <Pokemon Glaceon> lol
[00:12:44] [Client thread/INFO]: [CHAT] snera joined the game.
[00:12:44] [Client thread/INFO]: [CHAT] Welcome snera to the server!
[00:12:49] [Client thread/INFO]: [CHAT] supercraft joined the game.
[00:12:49] [Client thread/INFO]: [CHAT] Welcome supercraft to the server!
[00:12:49] [Client thread/INFO]: [CHAT] <snera> hi
[00:12:51] [Client thread/INFO]: [CHAT] <VideoGameSmash12> sammeri is griefing!
[00:12:51] [Client thread/INFO]: [CHAT] renixplay left the game.
[00:12:55] [Client thread/INFO]: [CHAT] ItzBloop - Freezing all players
[00:12:57] [Client thread/INFO]: [CHAT] ItzBloop - Rolling back player: sammeri
[00:12:59] [Client thread/INFO]: [CHAT] < Herobine> sammeri Is griefing
[00:13:00] [Client thread/INFO]: [CHAT] sammeri has been a VERY naughty, naughty boy.
[00:13:00] [Client thread/INFO]: [CHAT] Banning: sammeri, IP: 92.126.*.*.
[00:13:00] [Client thread/INFO]: [CHAT] sammeri left the game.
[00:13:00] [Client thread/WARN]: Unable to play unknown soundEvent: minecraft:damage.hit
[00:13:01] [Client thread/INFO]: [CHAT] <Pokemon Glaceon> its like a game of chess, where you have to be patient, except with less violence
[00:13:01] [Client thread/INFO]: [CHAT] ItzBloop - Unfreezing all players
[00:13:03] [Client thread/INFO]: [CHAT] SuperDJD has been a naughty, naughty boy.
[00:13:04] [Client thread/INFO]: [CHAT] SuperDJD has been a naughty, naughty boy.
[00:13:04] [Client thread/INFO]: [CHAT] [Server:ItzBloop] no invis
[00:13:08] [Client thread/INFO]: [CHAT] Andreas left the game.
[00:13:11] [Client thread/INFO]: [CHAT] <Pokemon Glaceon> chess needs more violence...o.o
[00:13:16] [Client thread/INFO]: [CHAT] Andreas joined the game.
[00:13:17] [Client thread/INFO]: [CHAT] < Herobine> supercraft is griefing
[00:13:18] [Client thread/INFO]: [CHAT] < Herobine> spawn
[00:13:18] [Client thread/INFO]: [CHAT] oreogirl7878 - Cleared all potion effects from all players
[00:13:30] [Client thread/INFO]: [CHAT] You do not have access to that command.
[00:13:32] [Client thread/INFO]: [CHAT] <loler_WTF> what is roll back
[00:13:32] [Client thread/INFO]: [CHAT] You do not have access to that command.
[00:13:37] [Client thread/INFO]: [CHAT] dhdb463 joined the game.
[00:13:37] [Client thread/INFO]: [CHAT] Welcome dhdb463 to the server!
[00:13:37] [Client thread/INFO]: [CHAT] <VideoGameSmash12> can i has op
[00:13:39] [Client thread/INFO]: [CHAT] ItzBloop - Opping all players on the server
[00:13:39] [Client thread/INFO]: [CHAT] You are now op!
[00:13:40] [Client thread/INFO]: [CHAT] oreogirl7878 - Opping all players on the server
[00:13:40] [Client thread/INFO]: [CHAT] You are now op!
[00:13:41] [Client thread/INFO]: [CHAT] Stab left the game.
[00:13:45] [Client thread/INFO]: [CHAT] Error: Player not found.
[00:13:47] [Client thread/INFO]: [CHAT] <dhdb463> hello
[00:13:50] [Client thread/INFO]: [CHAT] Teleporting...
[00:13:56] [Client thread/INFO]: [CHAT] allanisgeckomego joined the game.
[00:13:58] [Client thread/INFO]: [CHAT] bakugan32 left the game.
[00:14:03] [Client thread/INFO]: [CHAT] Stab joined the game.
[00:14:03] [Client thread/INFO]: [CHAT] Error: Unknown item name: minecraft:gold_ingot.
[00:14:06] [Client thread/INFO]: [CHAT] Stab left the game.
[00:14:08] [Client thread/INFO]: [CHAT] < allan> do /op allanisgeckomego
[00:14:11] [Client thread/INFO]: [CHAT] ItzBloop - Opping all players on the server
[00:14:11] [Client thread/INFO]: [CHAT] You are now op!
[00:14:15] [Client thread/INFO]: [CHAT] < allan> thanks
[00:14:22] [Client thread/INFO]: [CHAT] dhdb463 left the game.
[00:14:29] [Client thread/INFO]: [CHAT] snera left the game.
[00:14:35] [Client thread/INFO]: [CHAT] vilhelm2001 has been a naughty, naughty boy.
[00:14:36] [Client thread/INFO]: [CHAT] IHappyGamer joined the game.
[00:14:36] [Client thread/INFO]: [CHAT] Welcome IHappyGamer to the server!
[00:14:38] [Client thread/INFO]: [CHAT] Yonkerbonk joined the game.
[00:14:40] [Client thread/INFO]: [CHAT] <vilhelm2001> op me
[00:14:42] [Client thread/INFO]: [CHAT] ChocoKat left the game.
[00:14:45] [Client thread/INFO]: [CHAT] allanisgeckomego - Opping vilhelm2001
[00:14:46] [Client thread/INFO]: [CHAT] Yonkerbonk left the game.
[00:14:46] [Client thread/INFO]: [CHAT] zxz_creeper_zxz - Opping all players on the server
[00:14:46] [Client thread/INFO]: [CHAT] You are now op!
[00:14:47] [Client thread/INFO]: [CHAT] Added all possible enchantments for this item.
[00:14:49] [Client thread/INFO]: [CHAT] [Server:oreogirl7878] vilhelm?
[00:14:50] [Client thread/INFO]: [CHAT] Yonkerbonk joined the game.
[00:14:50] [Client thread/INFO]: [CHAT] Added all possible enchantments for this item.
[00:14:51] [Client thread/INFO]: [CHAT] <loler_WTF> what reason
[00:14:51] [Client thread/INFO]: [CHAT] Added all possible enchantments for this item.
[00:14:52] [Client thread/INFO]: [CHAT] vilhelm2001 left the game.
[00:14:52] [Client thread/INFO]: [CHAT] dhdb463 joined the game.
[00:14:56] [Client thread/INFO]: [CHAT] Yonkerbonk left the game.
[00:14:57] [Client thread/INFO]: [CHAT] Yonkerbonk joined the game.
[00:15:04] [Client thread/INFO]: [CHAT] Sardenarin is a Senior Admin.
[00:15:04] [Client thread/INFO]: [CHAT] Sardenarin joined the game.
[00:15:05] [Client thread/INFO]: [CHAT] Sardenarin left the game.
[00:15:07] [Client thread/INFO]: [CHAT] Yonkerbonk left the game.
[00:15:08] [Client thread/INFO]: [CHAT] allanisgeckomego used a forbidden WorldEdit block type: gravel
[00:15:10] [Client thread/INFO]: [CHAT] <IHappyGamer> ??? ???????
[00:15:15] [Client thread/INFO]: [CHAT] <loler_WTF> senior admin
[00:15:16] [Client thread/INFO]: [CHAT] < allan> op me plz
[00:15:20] [Client thread/INFO]: [CHAT] Yonkerbonk joined the game.
[00:15:24] [Client thread/INFO]: [CHAT] Added all possible enchantments for this item.
[00:15:27] [Client thread/INFO]: [CHAT] Yonkerbonk left the game.
[00:15:27] [Client thread/INFO]: [CHAT] Added all possible enchantments for this item.
[00:15:28] [Client thread/INFO]: [CHAT] poma123krn joined the game.
[00:15:28] [Client thread/INFO]: [CHAT] Welcome poma123krn to the server!
[00:15:28] [Client thread/INFO]: [CHAT] Added all possible enchantments for this item.
[00:15:33] [Client thread/INFO]: [CHAT] <loler_WTF> make me admin
[00:15:34] [Client thread/INFO]: [CHAT] < allan> creative
[00:15:36] [Client thread/INFO]: [CHAT] supercraft left the game.
[00:15:42] [Client thread/INFO]: [CHAT] < allan> op me plz
[00:15:59] [Client thread/INFO]: [CHAT] < allan> santa op me plz iv been a good boy this yea
[00:16:00] [Client thread/INFO]: [CHAT] < allan> santa op me plz iv been a good boy this year
[00:16:02] [Client thread/INFO]: [CHAT] oreogirl7878 - Opping all players on the server
[00:16:02] [Client thread/INFO]: [CHAT] You are now op!
[00:16:02] [Client thread/INFO]: [CHAT] zxz_creeper_zxz - Opping all players on the server
[00:16:02] [Client thread/INFO]: [CHAT] You are now op!
[00:16:03] [Client thread/INFO]: [CHAT] ItzBloop - Opping all players on the server
[00:16:03] [Client thread/INFO]: [CHAT] You are now op!
[00:16:06] [Client thread/INFO]: [CHAT] < allan> thanks
[00:16:09] [Client thread/INFO]: [CHAT] loler_WTF left the game.
[00:16:20] [Client thread/INFO]: [CHAT] allanisgeckomego used a forbidden WorldEdit block type: gravel
[00:16:22] [Client thread/INFO]: [CHAT] < allan> SHIT
[00:16:28] [Client thread/INFO]: [CHAT] Yonkerbonk joined the game.
[00:16:30] [Client thread/INFO]: [CHAT] [Server:oreogirl7878] No more with gravelw
[00:16:32] [Client thread/INFO]: [CHAT] < allan> why is //set stoneslab forbidden
[00:16:34] [Client thread/INFO]: [CHAT] Yonkerbonk left the game.
[00:16:34] [Client thread/INFO]: [CHAT] [Server:oreogirl7878] *gravel
[00:16:34] [Client thread/INFO]: [CHAT] Yonkerbonk joined the game.
[00:16:35] [Client thread/INFO]: [CHAT] zxz_creeper_zxz - Opping all players on the server
[00:16:35] [Client thread/INFO]: [CHAT] You are now op!
[00:16:40] [Client thread/INFO]: [CHAT] [Server:oreogirl7878] No, gravel is
[00:16:40] [Client thread/INFO]: [CHAT] Nickname changed.
[00:16:42] [Client thread/INFO]: [CHAT] < I_swear> why is //set stoneslab forbidden?!
[00:16:49] [Client thread/INFO]: [CHAT] mrRobot used a forbidden WorldEdit block type: 64
[00:16:50] [Client thread/INFO]: [CHAT] Yonkerbonk left the game.
[00:16:55] [Client thread/INFO]: [CHAT] VideoGameSmash12 has been a naughty, naughty boy.
[00:16:55] [Client thread/INFO]: [CHAT] Your game mode has been updated
[00:16:55] [Client thread/INFO]: [CHAT] Use the /back command to return to your death point.
[00:16:58] [Client thread/INFO]: [CHAT] [Server:oreogirl7878] no nicking others
[00:17:01] [Client thread/INFO]: [CHAT] allanisgeckomego - Opping VideoGameSmash12
[00:17:06] [Client thread/INFO]: [CHAT] <VideoGameSmash12> oh
[00:17:11] [Client thread/INFO]: [CHAT] <VideoGameSmash12> but that guy was swearing
[00:17:15] [Client thread/INFO]: [CHAT] [Server:oreogirl7878] doesn't matter
[00:17:17] [Client thread/INFO]: [CHAT] Returning to previous location.
[00:17:20] [Client thread/INFO]: [CHAT] <VideoGameSmash12> k
[00:17:24] [Client thread/INFO]: [CHAT] Use the /back command to return to your death point.
[00:17:25] [Client thread/INFO]: [CHAT] < I_swear> ./sex
[00:17:36] [Client thread/INFO]: [CHAT] <VideoGameSmash12> what does the /sex command do
[00:17:38] [Client thread/INFO]: [CHAT] < I_swear> what wolf?
[00:17:38] [Client thread/INFO]: [CHAT] Yonkerbonk joined the game.
[00:17:38] [Client thread/INFO]: [CHAT] ItzBloop left the game.
[00:17:39] [Client thread/INFO]: [CHAT] [Server:oreogirl7878] nothing
[00:17:43] [Client thread/INFO]: [CHAT] lalka joined the game.
[00:17:43] [Client thread/INFO]: [CHAT] Yonkerbonk left the game.
[00:17:45] [Client thread/INFO]: [CHAT] [Server:oreogirl7878] please do not be inappropriate
[00:17:46] [Client thread/INFO]: [CHAT] Yonkerbonk joined the game.
[00:17:47] [Client thread/INFO]: [CHAT] ItzBloop is a Super Admin.
[00:17:47] [Client thread/INFO]: [CHAT] ItzBloop joined the game.
[00:17:47] [Client thread/INFO]: [CHAT] ItzBloop left the game.
[00:17:47] [Client thread/INFO]: [CHAT] ItzBloop is a Super Admin.
[00:17:47] [Client thread/INFO]: [CHAT] ItzBloop joined the game.
[00:17:47] [Client thread/INFO]: [CHAT] <VideoGameSmash12> does it gtfo me?
[00:17:51] [Client thread/INFO]: [CHAT] < FUCK_ME> hi
[00:17:53] [Client thread/INFO]: [CHAT] allanisgeckomego has been a naughty, naughty boy.
[00:17:53] [Client thread/INFO]: [CHAT] <dhdb463> d
[00:17:56] [Client thread/INFO]: [CHAT] SuperDJD has been a naughty, naughty boy.
[00:18:01] [Client thread/INFO]: [CHAT] Setting VideoGameSmash12 to game mode 'Creative'.
[00:18:01] [Client thread/INFO]: [CHAT] VideoGameSmash12 set your game mode to 'Creative'.
[00:18:01] [Client thread/INFO]: [CHAT] Your game mode has been updated
[00:18:01] [Client thread/INFO]: [CHAT] [Server:oreogirl7878] no nicking others, strike 2
[00:18:05] [Client thread/INFO]: [CHAT] Yonkerbonk left the game.
[00:18:10] [Client thread/WARN]: Unable to play unknown soundEvent: minecraft:damage.hit
[00:18:16] [Client thread/WARN]: Unable to play unknown soundEvent: minecraft:damage.hit
[00:18:17] [Client thread/INFO]: [CHAT] < allan> who nicked me fuckk_me
[00:18:18] [Client thread/INFO]: [CHAT] <VideoGameSmash12> player is an asshole
[00:18:19] [Client thread/INFO]: [CHAT] mishy666 joined the game.
[00:18:19] [Client thread/INFO]: [CHAT] Welcome mishy666 to the server!
[00:18:20] [Client thread/INFO]: [CHAT] zxz_creeper_zxz - Opping all players on the server
[00:18:20] [Client thread/INFO]: [CHAT] You are now op!
[00:18:25] [Client thread/INFO]: [CHAT] < FUCK_ME> who nicked me fuckk_me?!
[00:18:25] [Client thread/INFO]: [CHAT] SuperDJD has been a naughty, naughty boy.
[00:18:26] [Client thread/INFO]: [CHAT] [Server:oreogirl7878] video, pelase do not
[00:18:30] [Client thread/INFO]: [CHAT] oreogirl7878 - Tempbanning: SuperDJD for 5 minutes.
[00:18:30] [Client thread/INFO]: [CHAT] SuperDJD left the game.
[00:18:30] [Client thread/INFO]: [CHAT] < FUCK_ME> WHO NICKED ME FUCKK_ME?!?!?!!?!?
[00:18:32] [Client thread/INFO]: [CHAT] <IHappyGamer> ??? ? ??????
[00:18:34] [Client thread/INFO]: [CHAT] PhillipMahkawk joined the game.
[00:18:35] [Client thread/INFO]: [CHAT] <VideoGameSmash12> do not what
[00:18:36] [Client thread/INFO]: [CHAT] <mishy666> ??? ???????
[00:18:37] [Client thread/INFO]: [CHAT] [Server:oreogirl7878] Banned for not listening and nicking allan
[00:18:39] [Client thread/INFO]: [CHAT] zxz_creeper_zxz - Removing all nicknames.
[00:18:40] [Client thread/INFO]: [CHAT] oreogirl7878 is sick of mishy666 not speaking English! 
[00:18:40] [Client thread/INFO]: [CHAT] <VideoGameSmash12> im not nicking!
[00:18:45] [Client thread/INFO]: [CHAT] [Server:oreogirl7878] no, Super was
[00:18:49] [Client thread/INFO]: [CHAT] <VideoGameSmash12> oh
[00:18:49] [Client thread/INFO]: [CHAT] brayan3d joined the game.
[00:18:55] [Client thread/INFO]: [CHAT] <PhillipMahkawk> How did an 11 yr old get SA and make a Server?
[00:18:58] [Client thread/INFO]: [CHAT] <zxz_creeper_zxz> go /microphone for nothing.
[00:19:06] [Client thread/INFO]: [CHAT] purple_pantha joined the game.
[00:19:06] [Client thread/INFO]: [CHAT] Welcome purple_pantha to the server!
[00:19:10] [Client thread/INFO]: [CHAT] <VideoGameSmash12> my gosh my game is f**ked up
[00:19:11] [Client thread/INFO]: [CHAT] <purple_pantha> hai doods
[00:19:13] [Client thread/INFO]: [CHAT] <zxz_creeper_zxz> phillip what server?
[00:19:14] [Client thread/INFO]: [CHAT] zxz_creeper_zxz - Opping all players on the server
[00:19:14] [Client thread/INFO]: [CHAT] You are now op!
[00:19:15] [Client thread/INFO]: [CHAT] ItzBloop left the game.
[00:19:17] [Client thread/INFO]: [CHAT] ItzBloop is a Super Admin.
[00:19:17] [Client thread/INFO]: [CHAT] ItzBloop joined the game.
[00:19:18] [Client thread/INFO]: [CHAT] Yonkerbonk joined the game.
[00:19:25] [Client thread/INFO]: [CHAT] LordStrongbow12 joined the game.
[00:19:25] [Client thread/INFO]: [CHAT] Welcome  SkythekidRS to the server!
[00:19:28] [Client thread/INFO]: [CHAT] oreogirl7878 - Opping all players on the server
[00:19:28] [Client thread/INFO]: [CHAT] You are now op!
[00:19:29] [Client thread/INFO]: [CHAT] dhdb463 left the game.
[00:19:37] [Client thread/INFO]: [CHAT] Yonkerbonk left the game.
[00:19:37] [Client thread/INFO]: [CHAT] allanisgeckomego left the game.
[00:19:37] [Client thread/INFO]: [CHAT] [temoha1452: Set temoha1452's spawnpoint to 741.9471529777476, 50.0, 1401.2299468601857]
[00:19:39] [Client thread/INFO]: [CHAT] <VideoGameSmash12> missingno has taken over!
[00:19:39] [Client thread/INFO]: [CHAT] brayan3d has been a naughty, naughty boy.
[00:19:41] [Client thread/INFO]: [CHAT] allanisgeckomego joined the game.
[00:19:44] [Client thread/INFO]: [CHAT] < CaptinSparkelz> hey dudes!
[00:19:46] [Client thread/INFO]: [CHAT] [Server:oreogirl7878] no &k nicks
[00:19:49] [Client thread/INFO]: [CHAT] <brayan3d> why
[00:19:49] [Client thread/INFO]: [CHAT] < CaptinSparkelz> ok
[00:19:59] [Client thread/INFO]: Connecting to 64.34.165.5, 28965
[00:20:00] [Client thread/INFO]: [CHAT] VideoGameSmash12 joined the game.
[00:20:00] [Client thread/INFO]: [CHAT] Type /help for a list of commands.
[00:20:00] [Client thread/INFO]: [CHAT] Save your builds with World Edit or lose them
[00:20:00] [Client thread/INFO]: [CHAT] Read our website at www.totalfreedom.me to find out how
[00:20:00] [Client thread/INFO]: [CHAT] Read the rules
[00:20:00] [Client thread/INFO]: [CHAT] Read our only authorized forum at www.totalfreedom.boards.net
[00:20:00] [Client thread/INFO]: [CHAT] You have no new mail.
[00:20:02] [Client thread/INFO]: [CHAT] < Fluffy> It's Millie
[00:20:05] [Client thread/INFO]: [CHAT] < MillieYoloXD> :)
[00:20:06] [Client thread/INFO]: [CHAT] <_7_7> ? ????
[00:20:07] [Client thread/INFO]: [CHAT] <IHappyGamer> ??? ??????
[00:20:11] [Client thread/INFO]: Stopping!