[18:58:23] [Client thread/INFO]: Connecting to 64.34.165.5, 28965
[18:58:24] [Client thread/INFO]: [CHAT] VideoGameSmash12 joined the game.
[18:58:24] [Client thread/INFO]: [CHAT] Welcome VideoGameSmash12 to the server!
[18:58:24] [Client thread/INFO]: [CHAT] Type /help for a list of commands.
[18:58:24] [Client thread/INFO]: [CHAT] Save your builds with World Edit or lose them
[18:58:24] [Client thread/INFO]: [CHAT] Read our website at www.totalfreedom.me to find out how
[18:58:24] [Client thread/INFO]: [CHAT] Read the rules
[18:58:24] [Client thread/INFO]: [CHAT] Read our only authorized forum at www.totalfreedom.boards.net
[18:58:24] [Client thread/INFO]: [CHAT] You have no new mail.
[18:58:27] [Client thread/INFO]: [CHAT] *  Mr_Zeus LOL Aphrodite Is Talking Like Luna! (No Offense)
[18:58:27] [Client thread/INFO]: [CHAT] <[Responder] Shell_Responder> Carsonlego
[18:58:32] [Client thread/INFO]: [CHAT] <[Goddess] Aphrodite> None taken
[18:58:34] [Client thread/INFO]: [CHAT] <SpecLeader> guys get Out
[18:58:37] [Client thread/INFO]: [CHAT] < Mr_Zeus> K
[18:58:40] [Client thread/INFO]: [CHAT] <dark joejoelion> who?
[18:58:43] [Client thread/INFO]: [CHAT] <[PowerMovesOnly] bigdaddytoy> who is luna?
[18:58:44] [Client thread/INFO]: [CHAT] <dark joejoelion> oh
[18:58:45] [Client thread/INFO]: [CHAT] <llscotsman> Am I allowed to spy?
[18:58:46] [Client thread/INFO]: [CHAT] <pyro_turtle_game> have you seen herobrine
[18:58:48] [Client thread/INFO]: [CHAT] Left click: select pos #1; Right click: select pos #2
[18:58:49] [Client thread/INFO]: [CHAT] <[PowerMovesOnly] bigdaddytoy> from harry potter? XDD
[18:58:49] [Client thread/INFO]: [CHAT] <baker1197> thanks
[18:58:52] [Client thread/INFO]: [CHAT] <[Goddess] Aphrodite> Zeus, when so happy? and Luna is a friend of mine, MissLunaMc5
[18:58:58] [Client thread/INFO]: [CHAT] <[Goddess] Aphrodite> No not Luna Lovegood
[18:59:02] [Client thread/INFO]: [CHAT] <[PowerMovesOnly] bigdaddytoy> XD
[18:59:04] [Client thread/INFO]: [CHAT] <[Goddess] Aphrodite> XD
[18:59:05] [Client thread/INFO]: [CHAT] < Mr_Zeus> XD
[18:59:09] [Client thread/INFO]: [CHAT] <ILvlXI Arceus> and not luna the moon XD
[18:59:11] [Client thread/INFO]: [CHAT] Arven joined the game.
[18:59:11] [Client thread/INFO]: [CHAT] Welcome Arven to the server!
[18:59:17] [Client thread/INFO]: [CHAT] <[Goddess] Aphrodite> Not luna the moon mare.
[18:59:19] [Client thread/INFO]: [CHAT] < Mr_Zeus> LOL
[18:59:19] [Client thread/INFO]: [CHAT] First position set to (-14042.0, 49.0, 28250.0).
[18:59:20] [Client thread/INFO]: [CHAT] <[Skittles] KidJamel> a senior admin, or a telnet admin requests that you apply so they can promote you under a special se
[18:59:21] [Client thread/INFO]: [CHAT] <ILvlXI Arceus> lol
[18:59:21] [Client thread/INFO]: [CHAT] First position set to (-14037.0, 49.0, 28250.0).
[18:59:22] [Client thread/INFO]: [CHAT] <pyro_turtle_game> have you seen herobrine?
[18:59:26] [Client thread/INFO]: [CHAT] Second position set to (-14037.0, 49.0, 28248.0) (3).
[18:59:26] [Client thread/INFO]: [CHAT] The region that you selected contained a protected area. Selection cleared.
[18:59:28] [Client thread/INFO]: [CHAT] Second position set to (-14042.0, 49.0, 28248.0).
[18:59:28] [Client thread/INFO]: [CHAT] <ILvlXI Arceus> i mean the moon!
[18:59:30] [Client thread/INFO]: [CHAT] < hdbHerbrinehsad> yes
[18:59:31] [Client thread/INFO]: [CHAT] <[Goddess] Aphrodite> One of my children is a Brony. I do not care, but welp. He is.
[18:59:32] [Client thread/INFO]: [CHAT] <ILvlXI Arceus> its called luna!
[18:59:34] [Client thread/INFO]: [CHAT] <baker1197> its jerry and harry
[18:59:36] [Client thread/INFO]: [CHAT] * nickbrick9999 so thats what happends when it says:{playername} has been a naughty,naughty boy
[18:59:37] [Client thread/INFO]: [CHAT] <[PowerMovesOnly] Hades> wwahahahah
[18:59:38] [Client thread/INFO]: [CHAT] cooldude43567 has been a naughty, naughty boy.
[18:59:39] [Client thread/INFO]: [CHAT] <[PowerMovesOnly] Hades> :D
[18:59:41] [Client thread/INFO]: [CHAT] <ILvlXI Arceus> aah hades
[18:59:41] [Client thread/INFO]: [CHAT] [Server:SpecLeader] No &k NICKS
[18:59:42] [Client thread/INFO]: [CHAT] First position set to (-14050.0, 49.0, 28285.0) (342).
[18:59:42] [Client thread/INFO]: [CHAT] The region that you selected contained a protected area. Selection cleared.
[18:59:43] [Client thread/INFO]: [CHAT] <Ross_Hill> y
[18:59:46] [Client thread/INFO]: [CHAT] SpecLeader - Removing all nicknames.
[18:59:48] [Client thread/INFO]: [CHAT] <[Goddess] saoirse100> Hello Hades.
[18:59:48] [Client thread/INFO]: [CHAT] <Ross_Hill> am i here
[18:59:49] [Client thread/INFO]: [CHAT] SpecLeader - Opping all players on the server
[18:59:49] [Client thread/INFO]: [CHAT] You are now op!
[18:59:51] [Client thread/INFO]: [CHAT] First position set to (-14037.0, 48.0, 28301.0).
[18:59:52] [Client thread/INFO]: [CHAT] <bigdaddytoy> aww
[18:59:56] [Client thread/INFO]: [CHAT] <[Responder] shell305> !
[18:59:56] [Client thread/INFO]: [CHAT] <[Goddess] Aphrodite> Hello hades
[18:59:59] [Client thread/INFO]: [CHAT] First position set to (-14045.0, 48.0, 28301.0).
[19:00:03] [Client thread/INFO]: [CHAT] <[Goddess] Aphrodite> Or should i say Hates? *laughs*
[19:00:04] [Client thread/INFO]: [CHAT] *  Arceus banishes hades back to hell
[19:00:04] [Client thread/INFO]: [CHAT] Second position set to (-14045.0, 48.0, 28320.0) (20).
[19:00:07] [Client thread/INFO]: [CHAT] Second position set to (-14037.0, 48.0, 28320.0) (180).
[19:00:09] [Client thread/INFO]: [CHAT] <ILvlXI Arceus> ....
[19:00:10] [Client thread/INFO]: [CHAT] wangfire42 left the game.
[19:00:10] [Client thread/INFO]: [CHAT] <[Goddess] Aphrodite> Hades. IS. hell.
[19:00:13] [Client thread/INFO]: [CHAT] <[Responder] shell305> maroni03!
[19:00:13] [Client thread/INFO]: [CHAT] <[Goddess] Aphrodite> FAIL.
[19:00:13] [Client thread/INFO]: [CHAT] <ILvlXI Arceus> oh
[19:00:17] [Client thread/INFO]: [CHAT] <bigdaddytoy> I SPELLED WRONG dont judge me
[19:00:17] [Client thread/INFO]: [CHAT] <ILvlXI Arceus> lol
[19:00:18] [Client thread/INFO]: [CHAT] <[Goddess] Aphrodite> just-just FAIL.
[19:00:19] [Client thread/INFO]: [CHAT] 0 block(s) have been replaced.
[19:00:19] [Client thread/INFO]: [CHAT] <bigdaddytoy> XD
[19:00:21] [Client thread/INFO]: [CHAT] <llscotsman> lul
[19:00:21] [Client thread/INFO]: [CHAT] <pokemontrainer Cappyhamham> wheres a pokemon
[19:00:26] [Client thread/INFO]: [CHAT] <[Goddess] Aphrodite> =3
[19:00:27] [Client thread/INFO]: [CHAT] <ILvlXI Arceus> i am one XD
[19:00:28] [Client thread/INFO]: [CHAT] <pyro_turtle_game> hase anyone seen herobrine?
[19:00:28] [Client thread/INFO]: [CHAT] 180 block(s) have been replaced.
[19:00:32] [Client thread/INFO]: [CHAT] First position set to (-14038.0, 48.0, 28320.0) (2).
[19:00:33] [Client thread/INFO]: [CHAT] First position set to (-14039.0, 48.0, 28320.0) (3).
[19:00:37] [Client thread/INFO]: [CHAT] <nickbrick9999> me
[19:00:38] [Client thread/INFO]: [CHAT] <[Goddess] Aphrodite> Why thank you Zeus
[19:00:38] [Client thread/INFO]: [CHAT] Second position set to (-14038.0, 48.0, 28301.0) (40).
[19:00:39] [Client thread/INFO]: [CHAT] Second position set to (-14039.0, 48.0, 28301.0) (20).
[19:00:40] [Client thread/INFO]: [CHAT] <ILvlXI Arceus> and so is zek!
[19:00:42] [Client thread/INFO]: [CHAT] <bigdaddytoy> how you spell poseiden or whatever..
[19:00:44] [Client thread/INFO]: [CHAT] <Pokemon blades1234> ima pokemon
[19:00:48] [Client thread/INFO]: [CHAT] <pyro_turtle_game> you have
[19:00:50] [Client thread/INFO]: [CHAT] <[Goddess] Aphrodite> Its Poseidon.
[19:00:51] [Client thread/INFO]: [CHAT] evorudey joined the game.
[19:00:52] [Client thread/INFO]: [CHAT] Welcome evorudey to the server!
[19:00:52] [Client thread/INFO]: [CHAT] 20 block(s) have been replaced.
[19:00:58] [Client thread/INFO]: [CHAT] First position set to (-14038.0, 48.0, 28320.0) (40).
[19:00:59] [Client thread/INFO]: [CHAT] <cooldude43567> hi
[19:01:01] [Client thread/INFO]: [CHAT] <Poseeidon bigdaddytoy> this?
[19:01:02] [Client thread/INFO]: [CHAT] Second position set to (-14038.0, 48.0, 28301.0) (20).
[19:01:02] [Client thread/INFO]: [CHAT] <ILvlXI Arceus> there
[19:01:03] [Client thread/INFO]: [CHAT] 20 block(s) have been replaced.
[19:01:04] [Client thread/INFO]: [CHAT] <Poseeidon bigdaddytoy> fail!!
[19:01:05] [Client thread/INFO]: [CHAT] <ILvlXI Arceus> fixed ur nick
[19:01:12] [Client thread/INFO]: [CHAT] <Pokemon ZekromIlvlXI> XD thats etter
[19:01:15] [Client thread/INFO]: [CHAT] < Spy> I used to sat Poseidon as Pose Side ON
[19:01:16] [Client thread/INFO]: [CHAT] Unknown command. Type "/help" for help.
[19:01:17] [Client thread/INFO]: [CHAT] <ILvlXI Arceus> yep i did dat
[19:01:22] [Client thread/INFO]: [CHAT] Unknown command. Type "/help" for help.
[19:01:27] [Client thread/INFO]: [CHAT] <Pokemon ZekromIlvlXI> i added the lvlX :P
[19:01:30] [Client thread/INFO]: [CHAT]  ---- Help -- Page 1/10 ----
[19:01:30] [Client thread/INFO]: [CHAT] AcidFreedom: Plugin Help: /help acidfreedom
[19:01:30] [Client thread/INFO]: [CHAT] Essentials: Plugin Help: /help essentials
[19:01:30] [Client thread/INFO]: [CHAT] EssentialsSpawn: Plugin Help: /help essentialsspawn
[19:01:30] [Client thread/INFO]: [CHAT] /acidfreedom: Info about AcidFreedom.
[19:01:30] [Client thread/INFO]: [CHAT] /ai: Info about getting admin.
[19:01:30] [Client thread/INFO]: [CHAT] /emf: Tells the user to speak english. Do not use against people of other nations.
[19:01:30] [Client thread/INFO]: [CHAT] /link: Links for important TF sites and stuff.
[19:01:30] [Client thread/INFO]: [CHAT] /afk: Marks you as away-from-keyboard.
[19:01:30] [Client thread/INFO]: [CHAT] /back: Teleports you to your location prior to tp/spawn/warp.
[19:01:30] [Client thread/INFO]: [CHAT] Type /help 2 to read the next page.
[19:01:31] [Client thread/INFO]: [CHAT] <God- Poseidon> test..
[19:01:33] [Client thread/INFO]: [CHAT] <ILvlXI Arceus> oh kk
[19:01:34] [Client thread/INFO]: [CHAT] * ThunderJL76 is now AFK.
[19:01:34] [Client thread/INFO]: [CHAT]  ---- Help -- Page 2/10 ----
[19:01:34] [Client thread/INFO]: [CHAT] /balance: States the current balance of a player.
[19:01:34] [Client thread/INFO]: [CHAT] /balancetop: Gets the top balance values.
[19:01:34] [Client thread/INFO]: [CHAT] /book: Allows reopening and editing of sealed books.
[19:01:34] [Client thread/INFO]: [CHAT] /bigtree: Spawn a big tree where you are looking.
[19:01:34] [Client thread/INFO]: [CHAT] /clearinventory: Clear all items in your inventory.
[19:01:34] [Client thread/INFO]: [CHAT] /compass: Describes your current bearing.
[19:01:34] [Client thread/INFO]: [CHAT] /delhome: Removes a home.
[19:01:34] [Client thread/INFO]: [CHAT] /delwarp: Deletes the specified warp.
[19:01:34] [Client thread/INFO]: [CHAT] /depth: States current depth, relative to sea level.
[19:01:34] [Client thread/INFO]: [CHAT] Type /help 3 to read the next page.
[19:01:39] [Client thread/INFO]: [CHAT]  ---- Help -- Page 3/10 ----
[19:01:39] [Client thread/INFO]: [CHAT] /eco: Manages the server economy.
[19:01:39] [Client thread/INFO]: [CHAT] /enderchest: Lets you see inside an enderchest.
[19:01:39] [Client thread/INFO]: [CHAT] /exp: Give, set or look at a players exp.
[19:01:39] [Client thread/INFO]: [CHAT] /ext: Extinguish players.
[19:01:39] [Client thread/INFO]: [CHAT] /feed: Satisfy the hunger.
[19:01:39] [Client thread/INFO]: [CHAT] /fly: Take off, and soar!
[19:01:39] [Client thread/INFO]: [CHAT] /firework: Allows you to modify a stack of fireworks.
[19:01:39] [Client thread/INFO]: [CHAT] /gc: Reports memory, uptime and tick info.
[19:01:39] [Client thread/INFO]: [CHAT] /getpos: Get your current coordinates or those of a player.
[19:01:39] [Client thread/INFO]: [CHAT] Type /help 4 to read the next page.
[19:01:40] [Client thread/INFO]: [CHAT] <God- Poseidon> &2test
[19:01:42] [Client thread/INFO]: [CHAT] <God- Poseidon> fail.
[19:01:46] [Client thread/INFO]: [CHAT] <[Responder] shell305> GageR198
[19:01:47] [Client thread/INFO]: [CHAT] <[Goddess] Aphrodite> ...
[19:01:49] [Client thread/INFO]: [CHAT] <ILvlXI Arceus> poseidon do that in /me
[19:01:52] [Client thread/INFO]: [CHAT] pyro_turtle_game left the game.
[19:01:53] [Client thread/INFO]: [CHAT] xXWilee999Xx is a Super Admin.
[19:01:53] [Client thread/INFO]: [CHAT] xXWilee999Xx joined the game.
[19:01:53] [Client thread/INFO]: [CHAT] *  Arceus test
[19:01:54] [Client thread/INFO]: [CHAT] <ILvlXI Arceus> lol
[19:01:57] [Client thread/INFO]: [CHAT] xXWilee999Xx left the game.
[19:01:58] [Client thread/INFO]: [CHAT] <God- Poseidon> what me
[19:02:00] [Client thread/INFO]: [CHAT] <[Goddess] Aphrodite> I beleive NickBrick is Poseidon, TYVM.
[19:02:02] [Client thread/INFO]: [CHAT] Giving 64 of firework to VideoGameSmash12.
[19:02:05] [Client thread/INFO]: [CHAT] <DanielMyers04> NO
[19:02:06] [Client thread/INFO]: [CHAT] *  Poseidon test..
[19:02:07] [Client thread/INFO]: [CHAT] Allows you to modify a stack of fireworks.
[19:02:07] [Client thread/INFO]: [CHAT] /firework <<meta param>|power [amount]|clear|fire [amount]>
[19:02:08] [Client thread/INFO]: [CHAT] <ILvlXI Arceus> see?
[19:02:10] [Client thread/INFO]: [CHAT] * Cappyhamham needs a pokemon
[19:02:12] [Client thread/INFO]: [CHAT] 11greeny joined the game.
[19:02:12] [Client thread/INFO]: [CHAT] Welcome 11greeny to the server!
[19:02:13] [Client thread/INFO]: [CHAT] <God- Poseidon> who nickbrick?
[19:02:14] [Client thread/INFO]: [CHAT] <[Goddess] Aphrodite> Poseidon, speak please
[19:02:18] [Client thread/INFO]: [CHAT] IlegalMexican joined the game.
[19:02:19] [Client thread/INFO]: [CHAT] * EpicBoy317 is now AFK.
[19:02:21] [Client thread/INFO]: [CHAT] <[Goddess] Aphrodite> i mean NickBrick =)
[19:02:23] [Client thread/INFO]: [CHAT] <DanielMyers04> hi
[19:02:26] [Client thread/INFO]: [CHAT] IlegalMexican left the game.
[19:02:26] [Client thread/INFO]: [CHAT] <God- Poseidon> I.. AMM... bigdaddytoy
[19:02:30] [Client thread/INFO]: [CHAT] <ILvlXI Arceus> lol!
[19:02:33] [Client thread/INFO]: [CHAT] <[Responder] shell305> DanielMyers04 Teleported Me to him
[19:02:39] [Client thread/INFO]: [CHAT] * SpaceRacer45 is now AFK.
[19:02:39] [Client thread/INFO]: [CHAT] < GodMr_Zeus> k
[19:02:43] [Client thread/INFO]: [CHAT] <[Responder] shell305> without permission
[19:02:43] [Client thread/INFO]: [CHAT] <God- Poseidon> how dare you call me..... NickBrick..
[19:02:50] [Client thread/INFO]: [CHAT] <DanielMyers04> hello but
[19:02:51] [Client thread/INFO]: [CHAT] GageR198 has been a VERY naughty, naughty boy.
[19:02:51] [Client thread/INFO]: [CHAT] Banning: GageR198, IP: 108.68.*.*.
[19:02:51] [Client thread/INFO]: [CHAT] GageR198 left the game.
[19:02:55] [Client thread/INFO]: [CHAT] <God- Poseidon> MY NAME is.... not...... NIIIICCCKK
[19:02:57] [Client thread/INFO]: [CHAT] <God- Poseidon> XD
[19:02:58] [Client thread/INFO]: [CHAT] <ILvlXI Arceus> :P
[19:03:00] [Client thread/INFO]: [CHAT] Error: Unknown item name: minecraft:gold_block.
[19:03:02] [Client thread/INFO]: [CHAT] <[Responder] shell305> !
[19:03:06] [Client thread/INFO]: [CHAT] <DanielMyers04> there
[19:03:06] [Client thread/INFO]: [CHAT] Dr007 joined the game.
[19:03:07] [Client thread/INFO]: [CHAT] <[Responder] shell305> oh
[19:03:08] [Client thread/INFO]: [CHAT] Dr007 left the game.
[19:03:10] [Client thread/INFO]: [CHAT] <[Goddess] Aphrodite> Zeus, why dont you use any neon colors? Also i need to fix your nickname. No offence but it looks
[19:03:11] [Client thread/INFO]: [CHAT] First position set to (-14040.0, 48.0, 28301.0) (3).
[19:03:12] [Client thread/INFO]: [CHAT] First position set to (-14042.0, 48.0, 28301.0) (5).
[19:03:12] [Client thread/INFO]: [CHAT] <[Goddess] Aphrodite> horrible.
[19:03:14] [Client thread/INFO]: [CHAT] * LivingLegend4000 is now AFK.
[19:03:17] [Client thread/INFO]: [CHAT] Second position set to (-14042.0, 48.0, 28320.0) (20).
[19:03:19] [Client thread/INFO]: [CHAT] Second position set to (-14040.0, 48.0, 28320.0) (60).
[19:03:19] [Client thread/INFO]: [CHAT] <GarGorilla> STOP
[19:03:20] [Client thread/INFO]: [CHAT] <SpecLeader> I don'
[19:03:21] [Client thread/INFO]: [CHAT] <God- Poseidon> it is harrison but on the internet i go by Harry :PP
[19:03:25] [Client thread/INFO]: [CHAT] <ILvlXI Arceus> woah!
[19:03:29] [Client thread/INFO]: [CHAT] 60 block(s) have been replaced.
[19:03:32] [Client thread/INFO]: [CHAT] <SpecLeader> I don't perfer neon colours.
[19:03:32] [Client thread/INFO]: [CHAT] <[Goddess] Aphrodite> is that better?
[19:03:33] [Client thread/INFO]: [CHAT] First position set to (-14042.0, 47.0, 28320.0) (6).
[19:03:34] [Client thread/INFO]: [CHAT] First position set to (-14040.0, 47.0, 28320.0) (2).
[19:03:36] [Client thread/INFO]: [CHAT] < pikachu> pika pika
[19:03:38] [Client thread/INFO]: [CHAT] Second position set to (-14042.0, 47.0, 28301.0) (60).
[19:03:39] [Client thread/INFO]: [CHAT] Second position set to (-14040.0, 47.0, 28301.0) (20).
[19:03:43] [Client thread/INFO]: [CHAT] <ILvlXI Arceus> pikachu rubb
[19:03:45] [Client thread/INFO]: [CHAT] Dr007 joined the game.
[19:03:49] [Client thread/INFO]: [CHAT] <ILvlXI Arceus> runn
[19:03:51] [Client thread/INFO]: [CHAT] *  ZekromIlvlXI -eatin pie
[19:03:53] [Client thread/INFO]: [CHAT] <ILvlXI Arceus> lol
[19:03:53] [Client thread/INFO]: [CHAT] 20 block(s) have been replaced.
[19:03:54] [Client thread/INFO]: [CHAT] < Posidon> ya
[19:03:54] [Client thread/INFO]: [CHAT] < pikachu> SORRY
[19:03:57] [Client thread/INFO]: [CHAT] <ILvlXI Arceus> i meant run
[19:03:57] [Client thread/INFO]: [CHAT] First position set to (-14041.0, 47.0, 28301.0) (2).
[19:03:58] [Client thread/INFO]: [CHAT] First position set to (-14042.0, 47.0, 28301.0) (3).
[19:03:59] [Client thread/INFO]: [CHAT] icelord1000 joined the game.
[19:03:59] [Client thread/INFO]: [CHAT] Welcome icelord1000 to the server!
[19:03:59] [Client thread/INFO]: [CHAT] IlegalMexican joined the game.
[19:04:03] [Client thread/INFO]: [CHAT] Second position set to (-14041.0, 47.0, 28320.0) (40).
[19:04:04] [Client thread/INFO]: [CHAT] Second position set to (-14042.0, 47.0, 28320.0) (20).
[19:04:05] [Client thread/INFO]: [CHAT] <Dr007> Arc
[19:04:06] [Client thread/INFO]: [CHAT] <[Goddess] Aphrodite> is Hades still here?
[19:04:07] [Client thread/INFO]: [CHAT] 20 block(s) have been replaced.
[19:04:10] [Client thread/INFO]: [CHAT] <ILvlXI Arceus> pikachu!
[19:04:13] [Client thread/INFO]: [CHAT] <ILvlXI Arceus> ur back!
[19:04:16] [Client thread/INFO]: [CHAT] First position set to (-14041.0, 47.0, 28320.0) (2).
[19:04:16] [Client thread/INFO]: [CHAT] <God- Poseidon> i was hades
[19:04:18] [Client thread/INFO]: [CHAT] <Dr007> You're still rping?
[19:04:21] [Client thread/INFO]: [CHAT] <[Goddess] Aphrodite> Was...?
[19:04:21] [Client thread/INFO]: [CHAT] Second position set to (-14041.0, 47.0, 28301.0) (20).
[19:04:22] [Client thread/INFO]: [CHAT] <God- Poseidon> ill change back
[19:04:22] [Client thread/INFO]: [CHAT] <ILvlXI Arceus> yep
[19:04:22] [Client thread/INFO]: [CHAT] IlegalMexican - Opping icelord1000
[19:04:24] [Client thread/INFO]: [CHAT] 19 block(s) have been replaced.
[19:04:31] [Client thread/INFO]: [CHAT] 1 block(s) have been replaced.
[19:04:31] [Client thread/INFO]: [CHAT] <God- Poseidon> well i actually g2g
[19:04:39] [Client thread/INFO]: [CHAT] SpecLeader - Removing all tags
[19:04:39] [Client thread/INFO]: [CHAT] < Arceus> hi aphrodite?
[19:04:40] [Client thread/INFO]: [CHAT] * IlegalMexican  welcome icelord1000 to the server!
[19:04:43] [Client thread/INFO]: [CHAT] [Server:SpecLeader] No god Nicks
[19:04:43] [Client thread/INFO]: [CHAT] < Aphrodite> Well i wouldn't think a computer would WORK down there in Tartarus...
[19:04:49] [Client thread/INFO]: [CHAT] <ILevelXI Arceus> lol
[19:04:50] [Client thread/INFO]: [CHAT] <VideoGameSmash12> joe
[19:04:51] [Client thread/INFO]: [CHAT] < Poseidon> poseidon SHALL RETURN
[19:04:52] [Client thread/INFO]: [CHAT] * icelord1000 derp
[19:04:52] [Client thread/INFO]: [CHAT] * EpicBoy317 is no longer AFK.
[19:04:52] [Client thread/INFO]: [CHAT] SpecLeader - Opping all players on the server
[19:04:52] [Client thread/INFO]: [CHAT] You are now op!
[19:04:54] [Client thread/INFO]: [CHAT] <KidJamel> Sethbling isn't good at redstone
[19:04:55] [Client thread/INFO]: [CHAT] < Aphrodite> To much magic and death mist and monsters and ALL THAT CRAP!
[19:04:58] [Client thread/INFO]: [CHAT] < Poseidon> aka harry
[19:04:58] [Client thread/INFO]: [CHAT] <joejoelion> yes?
[19:04:59] [Client thread/INFO]: [CHAT] <ILevelXI Arceus> yep
[19:04:59] [Client thread/INFO]: [CHAT] < pikachu> how do i make heads
[19:04:59] [Client thread/INFO]: [CHAT] * IlegalMexican  then type anything you want
[19:05:00] [Client thread/INFO]: [CHAT] [Server:SpecLeader] you guys aren't gods.
[19:05:02] [Client thread/INFO]: [CHAT] <EpicBoy317> sethbling
[19:05:03] [Client thread/INFO]: [CHAT] < Poseidon> AKA bigdaddytoy
[19:05:05] [Client thread/INFO]: [CHAT] <icelord1000> &3a
[19:05:05] [Client thread/INFO]: [CHAT] <cooldude43567> how do i turn off /tree
[19:05:07] [Client thread/INFO]: [CHAT] < Aphrodite> Spec, its RP. welcome to life.
[19:05:12] [Client thread/INFO]: [CHAT] * icelord1000 a
[19:05:15] [Client thread/INFO]: [CHAT] <ILevelXI Arceus> yea welcome to life!
[19:05:18] [Client thread/INFO]: [CHAT] <bigdaddytoy> ill be back
[19:05:22] [Client thread/INFO]: [CHAT] < IlegalIcelord> hey
[19:05:24] [Client thread/INFO]: [CHAT] <bigdaddytoy> whahahahaha
[19:05:28] [Client thread/INFO]: [CHAT] [Server:SpecLeader] But I don't think you're allowed to use god nicks. because god = owner
[19:05:32] [Client thread/INFO]: [CHAT] < IlegalIcelord> hey icelord1000
[19:05:35] [Client thread/INFO]: [CHAT] *  ZekromIlvlXI -EATING A BOWL OF BAKED MACARONI AND NOT SARING
[19:05:37] [Client thread/INFO]: [CHAT] < Aphrodite> Well...
[19:05:40] [Client thread/INFO]: [CHAT] < Aphrodite> im a god-DESS
[19:05:41] [Client thread/INFO]: [CHAT] *  Arceus lol
[19:05:44] [Client thread/INFO]: [CHAT] < Aphrodite> Sorry bro
[19:05:47] [Client thread/INFO]: [CHAT] geckey24 is a Super Admin.
[19:05:47] [Client thread/INFO]: [CHAT] geckey24 joined the game.
[19:05:48] [Client thread/INFO]: [CHAT] SpaceRacer45 left the game.
[19:05:48] [Client thread/INFO]: [CHAT] LivingLegend4000 left the game.
[19:05:48] [Client thread/INFO]: [CHAT] ThunderJL76 left the game.
[19:05:49] [Client thread/INFO]: [CHAT] bigdaddytoy left the game.
[19:05:52] [Client thread/INFO]: [CHAT] <::[Grass] OOMatthew> LRE
[19:05:58] [Client thread/INFO]: [CHAT] <shell305> Invisivle Griver!
[19:05:59] [Client thread/INFO]: [CHAT] <Pokemon ZekromIlvlXI> no &k
[19:05:59] [Client thread/INFO]: [CHAT] <ILevelXI Arceus> NO &K!
[19:06:02] [Client thread/INFO]: [CHAT] [Server:SpecLeader] No &k
[19:06:03] [Client thread/INFO]: [CHAT] <ILevelXI Arceus> BAN!}
[19:06:03] [Client thread/INFO]: [CHAT] <[Goddess] Aphrodite> Sorry bro.
[19:06:09] [Client thread/INFO]: [CHAT] <baker1197> how can you do that zion
[19:06:23] [Client thread/INFO]: [CHAT] <[Goddess] Aphrodite> Anyway, theres lots more gods who arnt SERVER gods.
[19:06:24] [Client thread/INFO]: [CHAT] <[PokemonGod] Arceus> :P
[19:06:26] [Client thread/INFO]: [CHAT] geckey24 left the game.
[19:06:27] [Client thread/INFO]: [CHAT]  Spy took their own life.
[19:06:27] [Client thread/INFO]: [CHAT] First position set to (-14043.0, 48.0, 28301.0) (6).
[19:06:28] [Client thread/INFO]: [CHAT] First position set to (-14044.0, 48.0, 28301.0) (8).
[19:06:31] [Client thread/INFO]: [CHAT] Second position set to (-14043.0, 48.0, 28320.0) (40).
[19:06:31] [Client thread/INFO]: [CHAT] < Quagmire> Giggity
[19:06:32] [Client thread/INFO]: [CHAT] Second position set to (-14044.0, 48.0, 28320.0) (20).
[19:06:35] [Client thread/INFO]: [CHAT] <shell305> everyone out! Exept Zion00000 And Carsonlego
[19:06:37] [Client thread/INFO]: [CHAT] <[PokemonGod] Arceus> lol quagmire!
[19:06:38] [Client thread/INFO]: [CHAT] llscotsman left the game.
[19:06:41] [Client thread/INFO]: [CHAT] *  ZekromIlvlXI Look at a dogs but long enough and youll see jesus
[19:06:41] [Client thread/INFO]: [CHAT] <[PokemonGod] Arceus> XDDD
[19:06:42] [Client thread/INFO]: [CHAT] < Poseidon> how do you take your own life?
[19:06:44] [Client thread/INFO]: [CHAT] NeonSkittlez01 joined the game.
[19:06:44] [Client thread/INFO]: [CHAT] Palunka joined the game.
[19:06:44] [Client thread/INFO]: [CHAT] Welcome NeonSkittlez01 to the server!
[19:06:44] [Client thread/INFO]: [CHAT] Welcome Palunka to the server!
[19:06:44] [Client thread/INFO]: [CHAT] llscotsman joined the game.
[19:06:44] [Client thread/INFO]: [CHAT] 20 block(s) have been replaced.
[19:06:46] [Client thread/INFO]: [CHAT] BJman2003 joined the game.
[19:06:46] [Client thread/INFO]: [CHAT] *  ZekromIlvlXI Look at a dogs but long enough and youll see jesus
[19:06:47] [Client thread/INFO]: [CHAT] First position set to (-14043.0, 48.0, 28320.0) (2).
[19:06:50] [Client thread/INFO]: [CHAT] <shell305> everyone out! Exept Zion00000 And Carsonlego!
[19:06:52] [Client thread/INFO]: [CHAT] Second position set to (-14043.0, 48.0, 28301.0) (20).
[19:06:54] [Client thread/INFO]: [CHAT] 20 block(s) have been replaced.
[19:06:54] [Client thread/INFO]: [CHAT] llscotsman left the game.
[19:06:54] [Client thread/INFO]: [CHAT] *  Arceus ok
[19:06:57] [Client thread/INFO]: [CHAT] cooldude43567 used a forbidden WorldEdit block type: 90
[19:06:58] [Client thread/INFO]: [CHAT] < Quagmire> A statue of a women
[19:06:59] [Client thread/INFO]: [CHAT] <[Black] Spy> black spy
[19:07:00] [Client thread/INFO]: [CHAT] < Quagmire> Add boobs
[19:07:01] [Client thread/INFO]: [CHAT] < TurretsPlusLeader> Hey everyone
[19:07:03] [Client thread/INFO]: [CHAT] GarGorilla left the game.
[19:07:09] [Client thread/INFO]: [CHAT] <shell305> everyone out! Exept Zion00000 And Carsonlego!!
[19:07:09] [Client thread/INFO]: [CHAT] < Quagmire> Saoir
[19:07:13] [Client thread/INFO]: [CHAT] First position set to (-14042.0, 48.0, 28301.0) (2).
[19:07:13] [Client thread/INFO]: [CHAT] < Quagmire> Add boobs
[19:07:14] [Client thread/INFO]: [CHAT] First position set to (-14040.0, 48.0, 28301.0) (4).
[19:07:15] [Client thread/INFO]: [CHAT] < Poseidon> how do you take your own life??
[19:07:16] [Client thread/INFO]: [CHAT] andrewp03 left the game.
[19:07:17] [Client thread/INFO]: [CHAT] <SpecLeader> Sao, take off the nick
[19:07:18] [Client thread/INFO]: [CHAT] <[Goddess] Aphrodite> ....?!
[19:07:19] [Client thread/INFO]: [CHAT] Second position set to (-14042.0, 48.0, 28320.0) (60).
[19:07:20] [Client thread/INFO]: [CHAT] Second position set to (-14040.0, 48.0, 28320.0) (20).
[19:07:21] [Client thread/INFO]: [CHAT] < Quagmire> Saoir!
[19:07:21] [Client thread/INFO]: [CHAT] < Quagmire> Add boobs!
[19:07:24] [Client thread/INFO]: [CHAT] <[Goddess] Aphrodite> .-.
[19:07:27] [Client thread/INFO]: [CHAT] 2 block(s) have been replaced.
[19:07:30] [Client thread/INFO]: [CHAT] <[PokemonGod] Arceus> its glenn quagmire XD
[19:07:31] [Client thread/INFO]: [CHAT] < Quagmire> Giggity Giggity Goo
[19:07:32] [Client thread/INFO]: [CHAT] <Palunka> hi
[19:07:35] [Client thread/INFO]: [CHAT] 18 block(s) have been replaced.
[19:07:36] [Client thread/INFO]: [CHAT] <[Goddess] Aphrodite> *Switches apperence* Better?! O.O
[19:07:39] [Client thread/INFO]: [CHAT] <shell305> SpecLeader I got People Messing Up With Signs
[19:07:47] [Client thread/INFO]: [CHAT] <[Goddess] Aphrodite> And Zeus i thought you'd never ask...
[19:07:52] [Client thread/INFO]: [CHAT] 18 block(s) have been replaced.
[19:07:53] [Client thread/INFO]: [CHAT] <[Goddess] Aphrodite> Dude its simple
[19:07:56] [Client thread/INFO]: [CHAT] mpoyer joined the game.
[19:07:56] [Client thread/INFO]: [CHAT] Welcome mpoyer to the server!
[19:07:57] [Client thread/INFO]: [CHAT] <shell305> but Carsonlego Is not
[19:07:57] [Client thread/INFO]: [CHAT] mpoyer left the game.
[19:07:58] [Client thread/INFO]: [CHAT] First position set to (-14042.0, 48.0, 28320.0) (3).
[19:07:59] [Client thread/INFO]: [CHAT] < Glenn_Quagmire> Saoir!
[19:08:02] [Client thread/INFO]: [CHAT] < Glenn_Quagmire> Add boobs!
[19:08:03] [Client thread/INFO]: [CHAT] <shell305> SpecLeader I got People Messing Up With Signs!
[19:08:03] [Client thread/INFO]: [CHAT] Second position set to (-14042.0, 48.0, 28301.0) (20).
[19:08:05] [Client thread/INFO]: [CHAT] 0 block(s) have been replaced.
[19:08:08] [Client thread/INFO]: [CHAT] <Pokemon ZekromIlvlXI> maroni03 is invisigreifing
[19:08:12] [Client thread/INFO]: [CHAT] 2 block(s) have been replaced.
[19:08:12] [Client thread/INFO]: [CHAT] Palunka left the game.
[19:08:12] [Client thread/INFO]: [CHAT] <[PokemonGod] Arceus> wheres peter XD
[19:08:12] [Client thread/INFO]: [CHAT] Cappyhamham left the game.
[19:08:13] [Client thread/INFO]: [CHAT] <[Black] AntidoteDrinker> SPEC
[19:08:13] [Client thread/INFO]: [CHAT] <baker1197> how
[19:08:13] [Client thread/INFO]: [CHAT] <Pokemon ZekromIlvlXI> maroni03 is invisigreifing!!!!!!
[19:08:18] [Client thread/INFO]: [CHAT] <cooldude43567> ooh sponges
[19:08:18] [Client thread/INFO]: [CHAT] Cappyhamham joined the game.
[19:08:20] [Client thread/INFO]: [CHAT] 18 block(s) have been replaced.
[19:08:21] [Client thread/INFO]: [CHAT] <[Goddess] Aphrodite> ...
[19:08:22] [Client thread/INFO]: [CHAT] First position set to (-14041.0, 48.0, 28301.0) (2).
[19:08:24] [Client thread/INFO]: [CHAT] < Glenn_Quagmire> Peter is at the druken clam
[19:08:26] [Client thread/INFO]: [CHAT] Second position set to (-14041.0, 48.0, 28320.0) (20).
[19:08:26] [Client thread/INFO]: [CHAT] <maroni03> no im not im building
[19:08:26] [Client thread/INFO]: [CHAT] *  ZekromIlvlXI maroni03 is invisigreifing!!!!!!
[19:08:27] [Client thread/INFO]: [CHAT] <[Goddess] Aphrodite> I will later....
[19:08:28] [Client thread/INFO]: [CHAT] 18 block(s) have been replaced.
[19:08:28] [Client thread/INFO]: [CHAT] <[PokemonGod] Arceus> oh lol
[19:08:30] [Client thread/INFO]: [CHAT] 2 block(s) have been replaced.
[19:08:30] [Client thread/INFO]: [CHAT] <baker1197> pls. teach me how to make heads a skin
[19:08:36] [Client thread/INFO]: [CHAT] First position set to (-14039.0, 48.0, 28320.0) (3).
[19:08:37] [Client thread/INFO]: [CHAT] < Glenn_Quagmire> Gotta do my job
[19:08:39] [Client thread/INFO]: [CHAT] <[Goddess] Aphrodite> For now, YOU CAN GET THE FRIGGEN GIRL MOD (lol)
[19:08:39] [Client thread/INFO]: [CHAT] <[PokemonGod] Arceus> ok
[19:08:40] [Client thread/INFO]: [CHAT] SpecLeader - Rolling back player: maroni03
[19:08:43] [Client thread/INFO]: [CHAT] Second position set to (-14039.0, 48.0, 28301.0) (20).
[19:08:43] [Client thread/INFO]: [CHAT] maroni03 has been a VERY naughty, naughty boy.
[19:08:44] [Client thread/INFO]: [CHAT] Banning: maroni03, IP: 76.249.*.*.
[19:08:44] [Client thread/INFO]: [CHAT] maroni03 left the game.
[19:08:45] [Client thread/INFO]: [CHAT] <shell305> Invis Griefer!
[19:08:47] [Client thread/INFO]: [CHAT] <[PokemonGod] Arceus> lol
[19:08:47] [Client thread/INFO]: [CHAT] FARMERBOY5560 joined the game.
[19:08:47] [Client thread/INFO]: [CHAT] Welcome FARMERBOY5560 to the server!
[19:08:52] [Client thread/INFO]: [CHAT] <[Pikachu] AntidoteDrinker> HELLO
[19:08:53] [Client thread/INFO]: [CHAT] sugarkitty804 joined the game.
[19:08:53] [Client thread/INFO]: [CHAT] SpecLeader - Cleared all potion effects from all players
[19:08:53] [Client thread/INFO]: [CHAT] <[Goddess] Aphrodite> You could....
[19:08:54] [Client thread/INFO]: [CHAT] SpecLeader - Freezing all players
[19:08:59] [Client thread/INFO]: [CHAT] SpecLeader - Unfreezing all players
[19:09:02] [Client thread/INFO]: [CHAT] <[Goddess] Aphrodite> And have all your enemeys run around as midgets...
[19:09:02] [Client thread/INFO]: [CHAT] 20 block(s) have been replaced.
[19:09:06] [Client thread/INFO]: [CHAT] <[Goddess] Aphrodite> Yes it is fun
[19:09:07] [Client thread/INFO]: [CHAT] <shell305> ?
[19:09:08] [Client thread/INFO]: [CHAT] First position set to (-14043.0, 48.0, 28301.0) (5).
[19:09:11] [Client thread/INFO]: [CHAT] < XxSugarxX> I wanna be a goddess xD
[19:09:11] [Client thread/INFO]: [CHAT] Second position set to (-14043.0, 48.0, 28320.0) (20).
[19:09:14] [Client thread/INFO]: [CHAT] 20 block(s) have been replaced.
[19:09:14] [Client thread/INFO]: [CHAT] <[God] Mr_Zeus> t
[19:09:15] [Client thread/INFO]: [CHAT] <[Pikachu] AntidoteDrinker> acouple of changes atleast to meh tag
[19:09:19] [Client thread/INFO]: [CHAT] <KidJamel> No god tags please
[19:09:21] [Client thread/INFO]: [CHAT] <[Goddess] Aphrodite> Sugar, which...?
[19:09:23] [Client thread/INFO]: [CHAT] <joejoelion> i cant move
[19:09:27] [Client thread/INFO]: [CHAT] <[Goddess] Aphrodite> and im a god-DESS not a god
[19:09:31] [Client thread/INFO]: [CHAT] <SpecLeader> God tags = Owner tags
[19:09:32] [Client thread/INFO]: [CHAT] <[Pikachu] AntidoteDrinker> IM 23 years old
[19:09:33] [Client thread/INFO]: [CHAT] <SpecLeader> take It off
[19:09:33] [Client thread/INFO]: [CHAT] Yoshi41023 is a Super Admin.
[19:09:34] [Client thread/INFO]: [CHAT] Yoshi41023 joined the game.
[19:09:36] [Client thread/INFO]: [CHAT] < Poseidon> Im a god
[19:09:39] [Client thread/INFO]: [CHAT] < Glenn_Quagmire> Giggity Giggity Goo
[19:09:39] [Client thread/INFO]: [CHAT] <aphrodite KidJamel> f
[19:09:41] [Client thread/INFO]: [CHAT] < Glenn_Quagmire> Add boobs!
[19:09:42] [Client thread/INFO]: [CHAT] <Yoshi41023> Good fo you
[19:09:43] [Client thread/INFO]: [CHAT] <[Goddess] Aphrodite> Poseidon im not goddess of the ocean YOU ARE o_o
[19:09:45] [Client thread/INFO]: [CHAT] <joejoelion> guys i cant move
[19:09:46] [Client thread/INFO]: [CHAT] <aphrodite KidJamel> herm
[19:09:47] [Client thread/INFO]: [CHAT] < XxSugarxX> Hmm
[19:09:49] [Client thread/INFO]: [CHAT] <[Goddess] Aphrodite> Make yo own ocean
[19:09:50] [Client thread/INFO]: [CHAT] <Yoshi41023> Oh wait NOOOOOOO
[19:09:51] [Client thread/INFO]: [CHAT] <Yoshi41023> NOP
[19:09:52] [Client thread/INFO]: [CHAT] <Yoshi41023> NO
[19:09:53] [Client thread/INFO]: [CHAT] <[Pikachu] AntidoteDrinker> my god mode is enabled
[19:09:53] [Client thread/INFO]: [CHAT] JetRogers joined the game.
[19:09:53] [Client thread/INFO]: [CHAT] Welcome JetRogers to the server!
[19:10:06] [Client thread/INFO]: [CHAT] <[Goddess] Aphrodite> and KidJamel, this is Greek/Roman RP. Not like server god
[19:10:12] [Client thread/INFO]: [CHAT] <[God] Mr_Zeus> oihf[o9wehfo
[19:10:14] [Client thread/INFO]: [CHAT] <Yoshi41023> not god roleplay
[19:10:16] [Client thread/INFO]: [CHAT] <Yoshi41023> kill me no
[19:10:17] [Client thread/INFO]: [CHAT] <Yoshi41023> NOE
[19:10:19] [Client thread/INFO]: [CHAT] <Yoshi41023> NOW*
[19:10:24] [Client thread/INFO]: [CHAT] <remove KidJamel> No god tags!
[19:10:30] [Client thread/INFO]: [CHAT] First position set to (-14046.0, 49.0, 28320.0) (8).
[19:10:31] [Client thread/INFO]: [CHAT] <Yoshi41023> God tags are allowed :/
[19:10:31] [Client thread/INFO]: [CHAT] <[Goddess] Aphrodite> and KidJamel, this is Greek/Roman RP. Not like server god...
[19:10:35] [Client thread/INFO]: [CHAT] Second position set to (-14046.0, 49.0, 28301.0) (20).
[19:10:37] [Client thread/INFO]: [CHAT] <remove KidJamel> I don't care.
[19:10:40] [Client thread/INFO]: [CHAT] <[Goddess] Aphrodite> SEE Yoshi here is nice =3
[19:10:43] [Client thread/INFO]: [CHAT] <Yoshi41023> Well you're not an admin
[19:10:45] [Client thread/INFO]: [CHAT] <Yoshi41023> I am.
[19:10:46] [Client thread/INFO]: [CHAT] JetRogers left the game.
[19:10:56] [Client thread/INFO]: [CHAT] IlegalMexican left the game.
[19:10:57] [Client thread/INFO]: [CHAT] icelord1000 left the game.
[19:10:58] [Client thread/INFO]: [CHAT] < Glenn_Quagmire> t
[19:10:59] [Client thread/INFO]: [CHAT] <[Goddess] Aphrodite> Wait are you talking to me?
[19:11:00] [Client thread/INFO]: [CHAT] 20 block(s) have been replaced.
[19:11:00] [Client thread/INFO]: [CHAT] < Glenn_Quagmire> Add boobs!
[19:11:01] [Client thread/INFO]: [CHAT] < Glenn_Quagmire> Giggity Giggity Goo
[19:11:02] [Client thread/INFO]: [CHAT] <[Goddess] Aphrodite> ....
[19:11:04] [Client thread/INFO]: [CHAT] <Yoshi41023> Also you're not the rulemaker here KidJamel so stop telling other OPs what to do
[19:11:06] [Client thread/INFO]: [CHAT] <Yoshi41023> No aphro.
[19:11:14] [Client thread/INFO]: [CHAT] <[Goddess] Aphrodite> Yes listen 2 yosheh
[19:11:19] [Client thread/INFO]: [CHAT] < Glenn_Quagmire> Yoshi
[19:11:20] [Client thread/INFO]: [CHAT] <FARMERBOY5560> hoi
[19:11:20] [Client thread/INFO]: [CHAT] <Yoshi41023> Yes?
[19:11:23] [Client thread/INFO]: [CHAT] Yoshi41023 - Opping all players on the server
[19:11:23] [Client thread/INFO]: [CHAT] You are now op!
[19:11:24] [Client thread/INFO]: [CHAT] evorudey left the game.
[19:11:27] [Client thread/INFO]: [CHAT] < Glenn_Quagmire> can I have perms to add boobs?
[19:11:27] [Client thread/INFO]: [CHAT] evorudey joined the game.
[19:11:28] [Client thread/INFO]: [CHAT] < Glenn_Quagmire> Giggity Giggity Goo
[19:11:28] [Client thread/INFO]: [CHAT] <[Goddess] Aphrodite> ...
[19:11:30] [Client thread/INFO]: [CHAT] First position set to (-14036.0, 49.0, 28301.0) (11).
[19:11:30] [Client thread/INFO]: [CHAT] <cooldude43567> w
[19:11:32] [Client thread/INFO]: [CHAT] <{Friendly} Zion00000> out!!!!!
[19:11:33] [Client thread/INFO]: [CHAT] <[Goddess] Aphrodite> Shiz.
[19:11:33] [Client thread/INFO]: [CHAT] Second position set to (-14036.0, 49.0, 28320.0) (20).
[19:11:33] [Client thread/INFO]: [CHAT] <Yoshi41023> No just no.
[19:11:35] [Client thread/INFO]: [CHAT] <Yoshi41023> Grow up/
[19:11:35] [Client thread/INFO]: [CHAT] <[God] Mr_Zeus> LISTEN TO Yoshi!
[19:11:35] [Client thread/INFO]: [CHAT] 20 block(s) have been replaced.
[19:11:37] [Client thread/INFO]: [CHAT] [Server:SpecLeader] wait.. I thought god tags weren't allowed?
[19:11:40] [Client thread/INFO]: [CHAT] < Glenn_Quagmire> (Watch family guy)
[19:11:42] [Client thread/INFO]: [CHAT] <[Goddess] Aphrodite> ?
[19:11:44] [Client thread/INFO]: [CHAT] First position set to (-14046.0, 50.0, 28320.0) (22).
[19:11:44] [Client thread/INFO]: [CHAT] <Yoshi41023> I do...
[19:11:47] [Client thread/INFO]: [CHAT] <[Pikachu] AntidoteDrinker> jamel is bossing us around
[19:11:48] [Client thread/INFO]: [CHAT] Second position set to (-14046.0, 50.0, 28301.0) (20).
[19:11:54] [Client thread/INFO]: [CHAT] <[Goddess] Aphrodite> Yah.
[19:11:58] [Client thread/INFO]: [CHAT] 18 block(s) have been replaced.
[19:12:03] [Client thread/INFO]: [CHAT] *  Mr_Zeus LISTEN TO: Yoshi
[19:12:07] [Client thread/INFO]: [CHAT] <baker1197> is this 1.6
[19:12:08] [Client thread/INFO]: [CHAT] <[Goddess] Aphrodite> And Jamel, we BOTH outrank you. So we can BOTH tell you to shut up.
[19:12:10] [Client thread/INFO]: [CHAT] <Yoshi41023> ...
[19:12:13] [Client thread/INFO]: [CHAT] <Carsonlego> no this is 1.7
[19:12:15] [Client thread/INFO]: [CHAT] *  Mr_Zeus LISTEN TO: Yoshi
[19:12:17] [Client thread/INFO]: [CHAT] Zion00000 left the game.
[19:12:18] [Client thread/INFO]: [CHAT] 20 block(s) have been replaced.
[19:12:19] [Client thread/INFO]: [CHAT] < Glenn_Quagmire> (.)(.)
[19:12:21] [Client thread/INFO]: [CHAT] < Glenn_Quagmire> Giggity Giggity Goo
[19:12:21] [Client thread/INFO]: [CHAT] <Yoshi41023> Chill dudes.
[19:12:22] [Client thread/INFO]: [CHAT] <Carsonlego> no this is 1.7/2
[19:12:27] [Client thread/INFO]: [CHAT] <Carsonlego> no this is 1.7.2
[19:12:32] [Client thread/INFO]: [CHAT] < Glenn_Quagmire> (.)(.)
[19:12:33] [Client thread/INFO]: [CHAT] < Glenn_Quagmire> Giggity Giggity Goo
[19:12:35] [Client thread/INFO]: [CHAT] <Yoshi41023> ._.
[19:12:36] [Client thread/INFO]: [CHAT] <baker1197> why i acn't use stained glass
[19:12:39] [Client thread/INFO]: [CHAT] < TurretsPlusLeader> Your doing it wrong
[19:12:43] [Client thread/INFO]: [CHAT] First position set to (-14036.0, 50.0, 28320.0) (220).
[19:12:45] [Client thread/INFO]: [CHAT] < XxSugarxX> Giggity Giggity Goo? XD
[19:12:47] [Client thread/INFO]: [CHAT] Second position set to (-14036.0, 50.0, 28301.0) (20).
[19:12:53] [Client thread/INFO]: [CHAT] < Glenn_Quagmire> (Watch family guy)
[19:12:54] [Client thread/INFO]: [CHAT] *  AntidoteDrinker LISTEN To: [Admin] Yoshi & [Admin] SpecLeader also OWNER
[19:12:54] [Client thread/INFO]: [CHAT] <Carsonlego> because the server doesnt let you place it
[19:12:54] [Client thread/INFO]: [CHAT] 18 block(s) have been replaced.
[19:12:56] [Client thread/INFO]: [CHAT] < TurretsPlusLeader> Its like this:SHUT UP AND GROW UP
[19:13:02] [Client thread/INFO]: [CHAT] < Glenn_Quagmire> Saoir
[19:13:07] [Client thread/INFO]: [CHAT] Cappyhamham left the game.
[19:13:08] [Client thread/INFO]: [CHAT] < Glenn_Quagmire> Your skin is half nude
[19:13:12] [Client thread/INFO]: [CHAT] <[Goddess] Aphrodite> ... ._.
[19:13:19] [Client thread/INFO]: [CHAT] <[Goddess] Aphrodite> As if i care..?
[19:13:24] [Client thread/INFO]: [CHAT] < Glenn_Quagmire> Giggity Giggity Goo
[19:13:28] [Client thread/INFO]: [CHAT] <[Goddess] Aphrodite> *Sigh and mutters:Mortals these days,,,*
[19:13:29] [Client thread/INFO]: [CHAT] <Yoshi41023> Glenn
[19:13:31] [Client thread/INFO]: [CHAT] <Yoshi41023> Please stop
[19:13:31] [Client thread/INFO]: [CHAT] First position set to (-14046.0, 51.0, 28301.0) (22).
[19:13:33] [Client thread/INFO]: [CHAT] <cooldude43567> getpo
[19:13:36] [Client thread/INFO]: [CHAT] Second position set to (-14046.0, 51.0, 28320.0) (20).
[19:13:39] [Client thread/INFO]: [CHAT] < TurretsPlusLeader> Someone is creative pvping
[19:13:43] [Client thread/INFO]: [CHAT] 18 block(s) have been replaced.
[19:13:49] [Client thread/INFO]: [CHAT] First position set to (-14036.0, 51.0, 28301.0) (220).
[19:13:51] [Client thread/INFO]: [CHAT] 11greeny has been a naughty, naughty boy.
[19:13:52] [Client thread/INFO]: [CHAT] <SpecLeader> jamel
[19:13:52] [Client thread/INFO]: [CHAT] Second position set to (-14036.0, 51.0, 28320.0) (20).
[19:13:54] [Client thread/INFO]: [CHAT] <Yoshi41023> No invis.
[19:13:54] [Client thread/INFO]: [CHAT] <[SaHlpr] Jamel> ?
[19:13:54] [Client thread/INFO]: [CHAT] 18 block(s) have been replaced.
[19:13:55] [Client thread/INFO]: [CHAT] <Carsonlego> i hate in when people creative pvp
[19:13:57] [Client thread/INFO]: [CHAT] nickbrick9999 has been a naughty, naughty boy.
[19:14:00] [Client thread/INFO]: [CHAT] <Yoshi41023> No unwanted PvP.
[19:14:01] [Client thread/INFO]: [CHAT] First position set to (-14046.0, 49.0, 28300.0) (693).
[19:14:04] [Client thread/INFO]: [CHAT] Second position set to (-14036.0, 49.0, 28300.0) (11).
[19:14:05] [Client thread/INFO]: [CHAT] Yoshi41023 - Opping all players on the server
[19:14:05] [Client thread/INFO]: [CHAT] You are now op!
[19:14:11] [Client thread/INFO]: [CHAT] 11 block(s) have been replaced.
[19:14:11] [Client thread/INFO]: [CHAT] <Pokemon ZekromIlvlXI> YYoshi :D comr here
[19:14:16] [Client thread/INFO]: [CHAT] Second position set to (-14046.0, 50.0, 28300.0) (2).
[19:14:19] [Client thread/INFO]: [CHAT] First position set to (-14036.0, 50.0, 28300.0) (11).
[19:14:23] [Client thread/INFO]: [CHAT] 9 block(s) have been replaced.
[19:14:27] [Client thread/INFO]: [CHAT] <Yoshi41023> Cool
[19:14:27] [Client thread/INFO]: [CHAT] First position set to (-14036.0, 51.0, 28300.0) (22).
[19:14:29] [Client thread/INFO]: [CHAT] <Carsonlego> shell305 is there a warp for this?
[19:14:30] [Client thread/INFO]: [CHAT] 11greeny left the game.
[19:14:30] [Client thread/INFO]: [CHAT] Second position set to (-14046.0, 51.0, 28300.0) (11).
[19:14:34] [Client thread/INFO]: [CHAT] 9 block(s) have been replaced.
[19:14:38] [Client thread/INFO]: [CHAT] <Pokemon ZekromIlvlXI> Yoshi look at it in /ptime night
[19:14:49] [Client thread/INFO]: [CHAT] * erickpinto2012 is now AFK.
[19:14:50] [Client thread/INFO]: [CHAT] *  Mr_Zeus LISTEN TO: [ADMIN] Yoshi, [ADMIN]SpecLeader And [OWNER]
[19:14:55] [Client thread/INFO]: [CHAT] That command is blocked.
[19:14:58] [Client thread/INFO]: [CHAT] DanielMyers04 left the game.
[19:15:04] [Client thread/INFO]: [CHAT] <[SaHlpr] Jamel> Please tell antidote to stop spamming mwe
[19:15:05] [Client thread/INFO]: [CHAT] <baker1197> i will do that
[19:15:05] [Client thread/INFO]: [CHAT] <SpecLeader> thanks zeus <3
[19:15:08] [Client thread/INFO]: [CHAT] <[SaHlpr] Jamel> It's getting annoying
[19:15:14] [Client thread/INFO]: [CHAT] <[SaHlpr] Jamel> Please
[19:15:17] [Client thread/INFO]: [CHAT] <[SaHlpr] Jamel> Smite him.
[19:15:20] [Client thread/INFO]: [CHAT] <[Pikachu] AntidoteDrinker> mwe
[19:15:20] [Client thread/INFO]: [CHAT] <Carsonlego> shell305 are you using a resource pack?
[19:15:23] [Client thread/INFO]: [CHAT] <[Pikachu] AntidoteDrinker> me
[19:15:38] [Client thread/INFO]: [CHAT] <Yoshi41023> ...
[19:15:40] [Client thread/INFO]: [CHAT] < TurretsPlusLeader> someone added slowness to me
[19:15:44] [Client thread/INFO]: [CHAT] <[Goddess] Aphrodite> yey =3
[19:15:52] [Client thread/INFO]: [CHAT] <[Goddess] Aphrodite> the wings look nice =)
[19:15:54] [Client thread/INFO]: [CHAT] <[God] Mr_Zeus> Np &4[ADMINS] &fAnd &1[OWNERS]
[19:15:54] [Client thread/INFO]: [CHAT] < Glenn_Quagmire> Wait
[19:15:57] [Client thread/INFO]: [CHAT] < Glenn_Quagmire> Those are winds?
[19:15:58] [Client thread/INFO]: [CHAT] <SpecLeader> Epicboy
[19:15:59] [Client thread/INFO]: [CHAT] < TurretsPlusLeader> it was nick
[19:16:00] [Client thread/INFO]: [CHAT] EpicBoy317 has been a naughty, naughty boy.
[19:16:00] [Client thread/INFO]: [CHAT] Zekrom1644763 left the game.
[19:16:00] [Client thread/INFO]: [CHAT] <Carsonlego> shell305
[19:16:00] [Client thread/INFO]: [CHAT] <[Goddess] Aphrodite> ...
[19:16:00] [Client thread/INFO]: [CHAT] Please use /potion to set effects.
[19:16:01] [Client thread/INFO]: [CHAT] < Glenn_Quagmire> OH
[19:16:02] [Client thread/INFO]: [CHAT] <[Goddess] Aphrodite> wings.
[19:16:04] [Client thread/INFO]: [CHAT] *  maxweest is now AFK.
[19:16:05] [Client thread/INFO]: [CHAT] < Glenn_Quagmire> Giggity Giggity Goo
[19:16:06] [Client thread/INFO]: [CHAT] <[Pikachu] AntidoteDrinker> ?
[19:16:09] [Client thread/INFO]: [CHAT] /potion <list | clear [target name] | add <type> <duration> <amplifier> [target name]>
[19:16:10] [Client thread/INFO]: [CHAT] <[Goddess] Aphrodite> my god...
[19:16:11] [Client thread/INFO]: [CHAT] [Server:SpecLeader] Enough with messaging and bothering jamel
[19:16:18] [Client thread/INFO]: [CHAT] <[SaHlpr] Jamel> Thank you
[19:16:19] [Client thread/INFO]: [CHAT] SpecLeader - Opping all players on the server
[19:16:19] [Client thread/INFO]: [CHAT] You are now op!
[19:16:20] [Client thread/INFO]: [CHAT] <[Goddess] Aphrodite> Pikachu stop
[19:16:22] [Client thread/INFO]: [CHAT] King_Twex joined the game.
[19:16:26] [Client thread/INFO]: [CHAT] < Glenn_Quagmire> Glenn*
[19:16:27] [Client thread/INFO]: [CHAT] SpaceRacer45 joined the game.
[19:16:37] [Client thread/INFO]: [CHAT] /potion <list | clear [target name] | add <type> <duration> <amplifier> [target name]>
[19:16:45] [Client thread/INFO]: [CHAT] Rocco37 joined the game.
[19:16:45] [Client thread/INFO]: [CHAT] Welcome Rocco37 to the server!
[19:16:48] [Client thread/INFO]: [CHAT] *  AntidoteDrinker Listen To: [Owner] And [Admin] And OPZ
[19:16:50] [Client thread/INFO]: [CHAT] < Glenn_Quagmire> Why does the FOX SAY HOTTE HOE HOTTTE HOE
[19:16:51] [Client thread/INFO]: [CHAT] < Glenn_Quagmire> Giggity Giggity Goo
[19:16:56] [Client thread/INFO]: [CHAT] <[God] Mr_Zeus> Glenn)_Quagmire STOP IT
[19:16:59] [Client thread/INFO]: [CHAT] Invalid potion effect type.
[19:17:03] [Client thread/INFO]: [CHAT] King_Twex - Opping Rocco37
[19:17:07] [Client thread/INFO]: [CHAT] Invalid potion effect type.
[19:17:07] [Client thread/INFO]: [CHAT] < Poseidon> a
[19:17:12] [Client thread/INFO]: [CHAT] Invalid potion effect type.
[19:17:15] [Client thread/INFO]: [CHAT] Invalid potion effect type.
[19:17:22] [Client thread/INFO]: [CHAT] < Lizz> There
[19:17:23] [Client thread/INFO]: [CHAT] SpaceRacer45 left the game.
[19:17:29] [Client thread/INFO]: [CHAT] First position set to (-14039.0, 48.0, 28301.0) (64).
[19:17:31] [Client thread/INFO]: [CHAT] Second position set to (-14043.0, 48.0, 28301.0) (5).
[19:17:37] [Client thread/INFO]: [CHAT] 3 block(s) have been replaced.
[19:17:43] [Client thread/INFO]: [CHAT] <[Pikachu] ObidiahFluffy> HELLO
[19:17:45] [Client thread/INFO]: [CHAT] First position set to (-14042.0, 48.0, 28301.0) (2).
[19:17:45] [Client thread/INFO]: [CHAT] *  ZekromIlvlXI has cast a spell on himself and will be unstopable at eating cookies
[19:17:46] [Client thread/INFO]: [CHAT] Second position set to (-14040.0, 48.0, 28301.0) (3).
[19:17:49] [Client thread/INFO]: [CHAT] *  Mr_Zeus LISTEN TO: [ADMIN] Yoshi, [ADMIN]SpecLeader, [OWNER] And Gods/Godesses
[19:17:50] [Client thread/INFO]: [CHAT] < Glenn_Quagmire> (Who wants to help me make the druken clam?)
[19:17:56] [Client thread/INFO]: [CHAT] <SpecLeader> alright quit it zeus
[19:17:57] [Client thread/INFO]: [CHAT] <[Responder] Shell_Responder> I know
[19:18:00] [Client thread/INFO]: [CHAT] <SpecLeader> we get the point
[19:18:02] [Client thread/INFO]: [CHAT] 3 block(s) have been replaced.
[19:18:04] [Client thread/INFO]: [CHAT] <[Goddess] Aphrodite> Glenn you watch to much FamilyGuy.
[19:18:05] [Client thread/INFO]: [CHAT] <[God] Mr_Zeus> Ok
[19:18:08] [Client thread/INFO]: [CHAT] <[Pikachu] FREAKSTYLE> do evrything freakstyle
[19:18:09] [Client thread/INFO]: [CHAT] <[Goddess] Aphrodite> brb
[19:18:10] [Client thread/INFO]: [CHAT] *  Aphrodite is now AFK.
[19:18:12] [Client thread/INFO]: [CHAT] * erickpinto2012 is no longer AFK.
[19:18:18] [Client thread/INFO]: [CHAT] < TurretsPlusLeader> Lets race
[19:18:20] [Client thread/INFO]: [CHAT] < Glenn_Quagmire> Only on fourth season
[19:18:21] [Client thread/INFO]: [CHAT] < Glenn_Quagmire> Giggity
[19:18:27] [Client thread/INFO]: [CHAT] CJFinkelson joined the game.
[19:18:28] [Client thread/INFO]: [CHAT] *  Aphrodite is no longer AFK.
[19:18:28] [Client thread/INFO]: [CHAT] <[Goddess] Aphrodite> Back
[19:18:32] [Client thread/INFO]: [CHAT] <[SaHlpr] Jamel> What what what what, what what what what, What does the fox say?! Hatte Hattee Ho Walk up to the..
[19:18:34] [Client thread/INFO]: [CHAT] < Glenn_Quagmire> Only on fourth season
[19:18:34] [Client thread/INFO]: [CHAT] <[Boss] FREAKSTYLE> Boss <-------
[19:18:35] [Client thread/INFO]: [CHAT] < Glenn_Quagmire> Giggity
[19:18:36] [Client thread/INFO]: [CHAT] < TurretsPlusLeader> Nick
[19:18:38] [Client thread/INFO]: [CHAT] *  maxweest is no longer AFK.
[19:18:41] [Client thread/INFO]: [CHAT] < Poseidon> wa
[19:18:43] [Client thread/INFO]: [CHAT] < TurretsPlusLeader> If you wanna pvp then go into survival
[19:18:46] [Client thread/INFO]: [CHAT] < Glenn_Quagmire> Hotte hoettte hotte hoe*
[19:18:49] [Client thread/INFO]: [CHAT] < Glenn_Quagmire> Giggity goo
[19:18:51] [Client thread/INFO]: [CHAT] <[Responder] Shell_Responder> Stop baker1197
[19:18:57] [Client thread/INFO]: [CHAT] <Carsonlego> ringdingdingdigndginding
[19:18:59] [Client thread/INFO]: [CHAT] ThunderJL76 joined the game.
[19:18:59] [Client thread/INFO]: [CHAT] FARMERBOY5560 has been a VERY naughty, naughty boy.
[19:19:01] [Client thread/INFO]: [CHAT] Banning: FARMERBOY5560, IP: 173.183.*.*.
[19:19:01] [Client thread/INFO]: [CHAT] FARMERBOY5560 left the game.
[19:19:01] [Client thread/INFO]: [CHAT] Dr007 left the game.
[19:19:04] [Client thread/INFO]: [CHAT] Yoshi41023 left the game.
[19:19:05] [Client thread/INFO]: [CHAT] <[Responder] Shell_Responder> Stop baker1197!
[19:19:09] [Client thread/INFO]: [CHAT] <[Boss] TurretCakeFC> HELLO
[19:19:11] [Client thread/INFO]: [CHAT] [Server:SpecLeader] banned for Ice griefing
[19:19:12] [Client thread/INFO]: [CHAT] <[Goddess] Aphrodite> Hottle Hottle hottle ho WUT DOES THE FOX SAY eringdingdingdingeringdingdingdingdingdiding ;3
[19:19:13] [Client thread/INFO]: [CHAT] <[Responder] Shell_Responder> Stop baker1197!!
[19:19:15] [Client thread/INFO]: [CHAT] <baker1197> no
[19:19:20] [Client thread/INFO]: [CHAT] <[Responder] Shell_Responder> !!
[19:19:20] [Client thread/INFO]: [CHAT] < Amethyst> hi shell
[19:19:23] [Client thread/INFO]: [CHAT] <[Responder] Shell_Responder> Stop baker1197!!!
[19:19:25] [Client thread/INFO]: [CHAT] Rocco37 left the game.
[19:19:27] [Client thread/INFO]: [CHAT] < Amethyst> im CJ
[19:19:27] [Client thread/INFO]: [CHAT] <Carsonlego> hatee hatee hatee ho
[19:19:35] [Client thread/INFO]: [CHAT] < TurretsPlusLeader> Nick
[19:19:37] [Client thread/INFO]: [CHAT] <SpecLeader> '
[19:19:41] [Client thread/INFO]: [CHAT] < TurretsPlusLeader> Pvp me if you need to
[19:19:43] [Client thread/INFO]: [CHAT] < Poseidon> Wat
[19:19:48] [Client thread/INFO]: [CHAT] <[SmartGuy] TurretCakeFC> yay im smart
[19:19:48] [Client thread/INFO]: [CHAT] Dr007 joined the game.
[19:19:52] [Client thread/INFO]: [CHAT] <baker1197> i have an idea to hide all the redstone
[19:19:52] [Client thread/INFO]: [CHAT] ImALuckyGuy is a Super Admin.
[19:19:52] [Client thread/INFO]: [CHAT] ImALuckyGuy joined the game.
[19:19:53] [Client thread/INFO]: [CHAT] SpecLeader - Removing all SKULL_ITEM within 20 blocks of all players. Brace for lag...
[19:19:53] [Client thread/INFO]: [CHAT] SpecLeader - Remove complete. 0 blocks removed.
[19:20:04] [Client thread/INFO]: [CHAT] < Glenn_Quagmire> Saoir
[19:20:07] [Client thread/INFO]: [CHAT] ThunderJL76 left the game.
[19:20:07] [Client thread/INFO]: [CHAT] <[SmartGuy] TurretCakeFC> WOW
[19:20:08] [Client thread/INFO]: [CHAT] <Dr007> I
[19:20:08] [Client thread/INFO]: [CHAT] <[SaHlpr] Jamel> lol
[19:20:09] [Client thread/INFO]: [CHAT] <[Goddess] Aphrodite> What i love is that no monsters come after me as im on the internet, and WHAT
[19:20:10] [Client thread/INFO]: [CHAT] <Dr007> HEY
[19:20:12] [Client thread/INFO]: [CHAT] Giving 1 of skull item
[19:20:17] [Client thread/INFO]: [CHAT] <[SmartGuy] TurretCakeFC> internet SUCKS
[19:20:17] [Client thread/INFO]: [CHAT] <Dr007> Saoir
[19:20:20] [Client thread/INFO]: [CHAT] Giving 1 of skull item
[19:20:21] [Client thread/INFO]: [CHAT] King_Twex left the game.
[19:20:22] [Client thread/INFO]: [CHAT] <[Goddess] Aphrodite> Yes?
[19:20:23] [Client thread/INFO]: [CHAT] <Dr007> Is my skin Glenn
[19:20:29] [Client thread/INFO]: [CHAT] <[Goddess] Aphrodite> i have no idea.
[19:20:30] [Client thread/INFO]: [CHAT] ImALuckyGuy - Removing all SKULL_ITEM within 50 blocks of all players. Brace for lag...
[19:20:30] [Client thread/INFO]: [CHAT] <cooldude43567> please tell me how to turn off /tree
[19:20:31] [Client thread/INFO]: [CHAT] ImALuckyGuy - Remove complete. 0 blocks removed.
[19:20:31] [Client thread/INFO]: [CHAT] SpecLeader - Setting everyone's Worldedit block modification limit to 500.
[19:20:35] [Client thread/INFO]: [CHAT] <Dr007> Is my skin Glenn?
[19:20:38] [Client thread/INFO]: [CHAT] < Amethyst> ....
[19:20:43] [Client thread/INFO]: [CHAT] <[Goddess] Aphrodite> No idea.
[19:20:48] [Client thread/INFO]: [CHAT] <Dr007> Im infront of you
[19:20:49] [Client thread/INFO]: [CHAT] < Amethyst> hi dr007....
[19:20:51] [Client thread/INFO]: [CHAT] <[Goddess] Aphrodite> ik
[19:20:54] [Client thread/INFO]: [CHAT] <[Goddess] Aphrodite> u r pikachu
[19:20:58] [Client thread/INFO]: [CHAT] <Dr007> Dang
[19:21:01] [Client thread/INFO]: [CHAT] NeonSkittlez01 took their own life.
[19:21:05] [Client thread/INFO]: [CHAT] cooldude43567 took their own life.
[19:21:05] [Client thread/INFO]: [CHAT] < TurretsPlusLeader> Speed and walkspeed 10
[19:21:06] [Client thread/INFO]: [CHAT] Zekrom1644763 joined the game.
[19:21:08] [Client thread/INFO]: [CHAT] < Amethyst> im CJ's sister :3 and i love playing minecraft
[19:21:09] [Client thread/INFO]: [CHAT] <[SmartGuy] TurretCakeFC> im a smartdude
[19:21:15] [Client thread/INFO]: [CHAT] <[PokemonGod] Arceus> im back :D
[19:21:16] [Client thread/INFO]: [CHAT] <[SaHlpr] Jamel> not really..
[19:21:16] [Client thread/INFO]: [CHAT] evorudey left the game.
[19:21:18] [Client thread/INFO]: [CHAT] <[SaHlpr] Jamel> No offense
[19:21:24] [Client thread/INFO]: [CHAT] <remove TurretCakeFC> MEAP
[19:21:25] [Client thread/INFO]: [CHAT] ImALuckyGuy - Banning farmerboy5560 and IPs: 173.183.5.137
[19:21:26] [Client thread/INFO]: [CHAT] JediMasterZech joined the game.
[19:21:28] [Client thread/INFO]: [CHAT] < TurretsPlusLeader> If i have bow then my walkspeed is
[19:21:29] [Client thread/INFO]: [CHAT] < TurretsPlusLeader> 1
[19:21:34] [Client thread/INFO]: [CHAT] < TurretsPlusLeader> with speed 64
[19:21:39] [Client thread/INFO]: [CHAT] < TurretsPlusLeader> Same as you set it
[19:21:41] [Client thread/INFO]: [CHAT] < Glenn_Quagmire> Saoir
[19:21:47] [Client thread/INFO]: [CHAT] < TurretsPlusLeader> Look now
[19:21:50] [Client thread/INFO]: [CHAT] <[Goddess] Aphrodite> wut
[19:21:55] [Client thread/INFO]: [CHAT] < TurretsPlusLeader> I go back as i walk
[19:21:57] [Client thread/INFO]: [CHAT] <[PokemonGod] Arceus> wow quags is still here XD
[19:21:57] [Client thread/INFO]: [CHAT] <[Goddess] Aphrodite> Call me Aphrodite .-.
[19:21:57] [Client thread/INFO]: [CHAT] < Glenn_Quagmire> Add boobz
[19:22:02] [Client thread/INFO]: [CHAT] <[Goddess] Aphrodite> no.
[19:22:05] [Client thread/INFO]: [CHAT] < Glenn_Quagmire> yes.
[19:22:10] [Client thread/INFO]: [CHAT] <Dr007> brb
[19:22:12] [Client thread/INFO]: [CHAT] <Dr007> Staff
[19:22:14] [Client thread/INFO]: [CHAT] EpicBoy317 left the game.
[19:22:16] [Client thread/INFO]: [CHAT] < XxSugarxX> Okay... So you know how it says "_____ Has been a VERY naughty, naughty boy"
[19:22:18] [Client thread/INFO]: [CHAT] <Dr007> Someone is unnicking me with no perms
[19:22:18] [Client thread/INFO]: [CHAT] <[Goddess] Aphrodite> Now go rape your own OTHER pervert. Not me.
[19:22:25] [Client thread/INFO]: [CHAT] JediMasterZech left the game.
[19:22:26] [Client thread/INFO]: [CHAT] < I_Will_Shut_Up_Now> Jesus
[19:22:28] [Client thread/INFO]: [CHAT] <[Goddess] Aphrodite> JUST- not me, okay?
[19:22:29] [Client thread/INFO]: [CHAT] <[SaHlpr] Jamel> Thats because
[19:22:32] [Client thread/INFO]: [CHAT] <[SaHlpr] Jamel> You are getting anoying.
[19:22:35] [Client thread/INFO]: [CHAT] <Dr007> Stop nicking me read rules
[19:22:36] [Client thread/INFO]: [CHAT] <[SaHlpr] Jamel> And dumb.
[19:22:37] [Client thread/INFO]: [CHAT] EpicBoy317 joined the game.
[19:22:39] [Client thread/INFO]: [CHAT] < XxSugarxX> Well I'm a girl so it doesn't make much sense -_-
[19:22:42] [Client thread/INFO]: [CHAT] Arven left the game.
[19:22:43] [Client thread/INFO]: [CHAT] * Dr007 is now AFK.
[19:22:45] [Client thread/INFO]: [CHAT] < TurretCakeFC> HELLO
[19:22:46] [Client thread/INFO]: [CHAT] <[SaHlpr] Jamel> SO
[19:22:50] [Client thread/INFO]: [CHAT] <[SaHlpr] Jamel> yeah
[19:22:55] [Client thread/INFO]: [CHAT] <[PokemonGod] Arceus> Glenn_Quagmire Has been a VERY naughty, naughty boy
[19:22:57] [Client thread/INFO]: [CHAT] joejoelion left the game.
[19:22:59] [Client thread/INFO]: [CHAT] <[Goddess] Aphrodite> u sound like Vsauce, jamel.
[19:23:03] [Client thread/INFO]: [CHAT] <[Goddess] Aphrodite> Why?
[19:23:15] [Client thread/INFO]: [CHAT] <[PokemonGod] Arceus> who else but quagmire!
[19:23:15] [Client thread/INFO]: [CHAT] < XxSugarxX> Ahhh Vsauce...
[19:23:16] [Client thread/INFO]: [CHAT] <[SaHlpr] Jamel> Maybe I am &aVsause.
[19:23:16] [Client thread/INFO]: [CHAT] <[Goddess] Aphrodite> Just why
[19:23:19] [Client thread/INFO]: [CHAT] <[Helper] TurretCakeFC> meap
[19:23:19] [Client thread/INFO]: [CHAT] < TurretsPlusLeader> Nick go to survival before you eat me
[19:23:21] [Client thread/INFO]: [CHAT] Ross_Hill left the game.
[19:23:25] [Client thread/INFO]: [CHAT] <[Goddess] Aphrodite> Okay.
[19:23:27] [Client thread/INFO]: [CHAT] Ross_Hill joined the game.
[19:23:27] [Client thread/INFO]: [CHAT] <[Godess] Amethyst> .
[19:23:28] [Client thread/INFO]: [CHAT] < XxSugarxX> O-O
[19:23:29] [Client thread/INFO]: [CHAT] Ross_Hill left the game.
[19:23:34] [Client thread/INFO]: [CHAT] * Carsonlego &stesting
[19:23:38] [Client thread/INFO]: [CHAT] <[PokemonGod] Arceus> amethyst wheres steven?
[19:23:40] [Client thread/INFO]: [CHAT] <[Goddess] Aphrodite> But i do not remember Vsauce, 2 3 or 4 being so annoying as you?
[19:23:41] [Client thread/INFO]: [CHAT] * Carsonlego testing
[19:23:42] [Client thread/INFO]: [CHAT] *  TurretCakeFC  WEIRD
[19:23:54] [Client thread/INFO]: [CHAT] < XxSugarxX> Vsauce 4? O-O
[19:24:00] [Client thread/INFO]: [CHAT] <[Godess] Amethyst> um
[19:24:00] [Client thread/INFO]: [CHAT] <[Goddess] Aphrodite> yes, Vsauce4.
[19:24:02] [Client thread/INFO]: [CHAT] <[PokemonGod] Arceus> ...
[19:24:09] [Client thread/INFO]: [CHAT] < Poseidon> Vsauce!!!!
[19:24:11] [Client thread/INFO]: [CHAT] Carsonlego left the game.
[19:24:14] [Client thread/INFO]: [CHAT] < XxSugarxX> WeSauce?
[19:24:14] [Client thread/INFO]: [CHAT] < TurretsPlusLeader> I'm a fake haxor
[19:24:16] [Client thread/INFO]: [CHAT] < TurretsPlusLeader> :D
[19:24:19] [Client thread/INFO]: [CHAT] <baker1197> try that
[19:24:20] [Client thread/INFO]: [CHAT] <[Goddess] Aphrodite> good foryouuu
[19:24:29] [Client thread/INFO]: [CHAT] <[Goddess] Aphrodite> Cuz III dont CAREEE!~
[19:24:35] [Client thread/INFO]: [CHAT] <[SaHlpr] Jamel> Loading;hackers;greif;njr w-14e2mf
[19:24:36] [Client thread/INFO]: [CHAT] * Dr007 is no longer AFK.
[19:24:36] [Client thread/INFO]: [CHAT] <Dr007> Back
[19:24:46] [Client thread/INFO]: [CHAT] <[Goddess] Amethyst> done
[19:24:46] [Client thread/INFO]: [CHAT] <Dr007> Arc
[19:24:49] [Client thread/INFO]: [CHAT] <[PokemonGod] Arceus> ok.,
[19:24:51] [Client thread/INFO]: [CHAT] <[PokemonGod] Arceus> wut
[19:24:53] [Client thread/INFO]: [CHAT] <[SaHlpr] Jamel> w2340-dc,v_1;100%complete42d
[19:24:55] [Client thread/INFO]: [CHAT] <[Goddess] Aphrodite> MEOVE please Zeus
[19:24:55] [Client thread/INFO]: [CHAT] <[Goddess] Amethyst> zues i finished
[19:24:55] [Client thread/INFO]: [CHAT] <Dr007> You know Glenn is me right
[19:25:00] [Client thread/INFO]: [CHAT] <[PokemonGod] Arceus> ohh XD
[19:25:00] [Client thread/INFO]: [CHAT] < TurretsPlusLeader> BJman2003 is in the list
[19:25:01] [Client thread/INFO]: [CHAT] <[Goddess] Aphrodite> Zeus.
[19:25:02] [Client thread/INFO]: [CHAT] < TurretsPlusLeader> lol
[19:25:04] [Client thread/INFO]: [CHAT] <[Goddess] Aphrodite> Meove.
[19:25:06] [Client thread/INFO]: [CHAT] <[SaHlpr] Jamel> 24t-2f;2d:Finishing2rrtg-w2
[19:25:06] [Client thread/INFO]: [CHAT] <[Goddess] Aphrodite> Naow.
[19:25:08] [Client thread/INFO]: [CHAT] <Dr007> Zek
[19:25:08] [Client thread/INFO]: [CHAT] TrueMU joined the game.
[19:25:08] [Client thread/INFO]: [CHAT] Welcome TrueMU to the server!
[19:25:09] [Client thread/INFO]: [CHAT] <[PokemonGod] Arceus> wow u really are glenn! XD
[19:25:10] [Client thread/INFO]: [CHAT] heavin4 joined the game.
[19:25:10] [Client thread/INFO]: [CHAT] Welcome heavin4 to the server!
[19:25:13] [Client thread/INFO]: [CHAT] <heavin4> hi
[19:25:13] [Client thread/INFO]: [CHAT] <[PokemonGod] Arceus> giggity
[19:25:14] [Client thread/INFO]: [CHAT] Aquarius27 joined the game.
[19:25:15] [Client thread/INFO]: [CHAT] Welcome Aquarius27 to the server!
[19:25:15] [Client thread/INFO]: [CHAT] <Dr007> My skin it
[19:25:16] [Client thread/INFO]: [CHAT] <Dr007> My skin is
[19:25:18] [Client thread/INFO]: [CHAT] To apply to become an admin, you must have 1 of the following:
[19:25:18] [Client thread/INFO]: [CHAT] One Senior recommendation or be registered on the forums for 30 days
[19:25:18] [Client thread/INFO]: [CHAT] Next, follow the guidelines here for your application: http://bit.ly/YWjw3c
[19:25:18] [Client thread/INFO]: [CHAT] Warning: Do NOT bug admins for votes on your application!
[19:25:31] [Client thread/INFO]: [CHAT] <Dr007> My skin is?
[19:25:37] [Client thread/INFO]: [CHAT] <[God] Mr_Zeus> Hi, Zekrom
[19:25:38] [Client thread/INFO]: [CHAT] <[PokemonGod] Arceus> Glenn Quagmire XD
[19:25:38] [Client thread/INFO]: [CHAT] <[SaHlpr] Jamel> 134e5:qf..wD:wddxx: Hackers Shutting Down Server:
[19:25:40] [Client thread/INFO]: [CHAT] <Dr007> =D
[19:25:41] [Client thread/INFO]: [CHAT] <[PokemonGod] Arceus> who?
[19:25:50] [Client thread/INFO]: [CHAT] < Glenn_Quagmire> There
[19:25:52] [Client thread/INFO]: [CHAT] <baker1197> im your fan
[19:25:53] [Client thread/INFO]: [CHAT] <[SaHlpr] Jamel> IN 2345; 74 seconds
[19:26:00] [Client thread/INFO]: [CHAT] < Glenn_Quagmire> Giggity goo
[19:26:02] [Client thread/INFO]: [CHAT] <[PokemonGod] Arceus> lol
[19:26:09] [Client thread/INFO]: [CHAT] <[PokemonGod] Arceus> Who Else But Quagmire!
[19:26:09] [Client thread/INFO]: [CHAT] < Glenn_Quagmire> "Thats Quagmire"
[19:26:09] [Client thread/INFO]: [CHAT] <[MinecraftUniverse] TurretBombFC> WOW
[19:26:18] [Client thread/INFO]: [CHAT] EpicBoy317 left the game.
[19:26:18] [Client thread/INFO]: [CHAT] <[SaHlpr] Jamel> error;1r3214 malfunction
[19:26:19] [Client thread/INFO]: [CHAT] *  Mr_Zeus is now AFK.
[19:26:22] [Client thread/INFO]: [CHAT] <[SaHlpr] Jamel> error;1r3214 malfunction!
[19:26:24] [Client thread/INFO]: [CHAT] <[SaHlpr] Jamel> error;1r3214 malfunction
[19:26:24] [Client thread/INFO]: [CHAT] < TurretsPlusLeader> http://bitly/YWjw3c
[19:26:30] [Client thread/INFO]: [CHAT] < Glenn_Quagmire> Oh this is w
[19:26:30] [Client thread/INFO]: [CHAT] <[Pokemon_Trainer] Heavin> hia
[19:26:37] [Client thread/INFO]: [CHAT] < XxSugarxX> OKAY EVERYONE! I have a very important question! Okay here it is- WHO ATE MY.... um... cookie!
[19:26:38] [Client thread/INFO]: [CHAT] <baker1197> ilove you True mU
[19:26:41] [Client thread/INFO]: [CHAT] Carsonlego joined the game.
[19:26:44] [Client thread/INFO]: [CHAT] TrueMU left the game.
[19:26:46] [Client thread/INFO]: [CHAT] *  Arceus runs from Heavin
[19:26:50] [Client thread/INFO]: [CHAT] <Aquarius27> i have FIRE
[19:26:54] [Client thread/INFO]: [CHAT] <Carsonlego> hi i'm back
[19:26:57] [Client thread/INFO]: [CHAT] <[Pokemon_Trainer] Heavin> ?
[19:26:59] [Client thread/INFO]: [CHAT] < Glenn_Quagmire> Oh this is worst then that time I marryed a maid
[19:26:59] [Client thread/INFO]: [CHAT] <[SaHlpr] Jamel> 245tf0- Shutting.. Down;4r2456 error;1r3214 malfunction!
[19:27:01] [Client thread/INFO]: [CHAT] <[PokemonGod] Arceus> RUN
[19:27:02] [Client thread/INFO]: [CHAT] <[SaHlpr] Jamel> 245tf0- Shutting.. Down;4r2456 error;1r3214 malfunction
[19:27:04] [Client thread/INFO]: [CHAT] <[PokemonGod] Arceus> AAH
[19:27:05] [Client thread/INFO]: [CHAT] <[SaHlpr] Jamel> Dang
[19:27:07] [Client thread/INFO]: [CHAT] < Glenn_Quagmire> t
[19:27:08] [Client thread/INFO]: [CHAT] EpicBoy317 joined the game.
[19:27:08] [Client thread/INFO]: [CHAT] < Glenn_Quagmire> Oh this is worst then that time I marryed a maid
[19:27:09] [Client thread/INFO]: [CHAT] <[SaHlpr] Jamel> The hacks didn't work
[19:27:13] [Client thread/INFO]: [CHAT] bpto joined the game.
[19:27:13] [Client thread/INFO]: [CHAT] Welcome bpto to the server!
[19:27:16] [Client thread/INFO]: [CHAT] ImALuckyGuy - Opping all players on the server
[19:27:16] [Client thread/INFO]: [CHAT] You are now op!
[19:27:21] [Client thread/INFO]: [CHAT] cooldude43567 left the game.
[19:27:23] [Client thread/INFO]: [CHAT] *  Mr_Zeus is no longer AFK.
[19:27:23] [Client thread/INFO]: [CHAT] <Dr007> Staff
[19:27:24] [Client thread/INFO]: [CHAT] EduardoWassa joined the game.
[19:27:24] [Client thread/INFO]: [CHAT] Welcome EduardoWassa to the server!
[19:27:30] [Client thread/INFO]: [CHAT] <Dr007> Someone unnicking me with no perms
[19:27:45] [Client thread/INFO]: [CHAT] < Glenn_Quagmire> Oh this is worst then that time I marryed a maid
[19:27:49] [Client thread/INFO]: [CHAT] <[PokemonGod] Arceus> ik
[19:27:49] [Client thread/INFO]: [CHAT] <[Goddess] Aphrodite> dude shuttup
[19:29:45] [Client thread/INFO]: Connecting to 64.34.165.5, 28965
[19:29:45] [Client thread/INFO]: [CHAT] VideoGameSmash12 joined the game.
[19:29:45] [Client thread/INFO]: [CHAT] Type /help for a list of commands.
[19:29:45] [Client thread/INFO]: [CHAT] Save your builds with World Edit or lose them
[19:29:45] [Client thread/INFO]: [CHAT] Read our website at www.totalfreedom.me to find out how
[19:29:45] [Client thread/INFO]: [CHAT] Read the rules
[19:29:45] [Client thread/INFO]: [CHAT] Read our only authorized forum at www.totalfreedom.boards.net
[19:29:45] [Client thread/INFO]: [CHAT] You have no new mail.
[19:29:46] [Client thread/INFO]: [CHAT] < Trainer_Estate> look
[19:29:48] [Client thread/INFO]: [CHAT] <[Goddess] Trainer_Tiffany> hi
[19:29:49] [Client thread/INFO]: [CHAT] <[PokemonGod] Arceus> wut
[19:29:54] [Client thread/INFO]: [CHAT] <[Goddess] Aphrodite> welp
[19:29:56] [Client thread/INFO]: [CHAT] <[Goddess] Aphrodite> i liek this
[19:29:59] [Client thread/INFO]: [CHAT] < Trainer_Estate> herwe
[19:30:00] [Client thread/INFO]: [CHAT] EpicBoy317 joined the game.
[19:30:01] [Client thread/INFO]: [CHAT] <[Goddess] Tiffany> ?
[19:30:01] [Client thread/INFO]: [CHAT] < Glenn_Quagmire> Wait
[19:30:02] [Client thread/INFO]: [CHAT] <[Goddess] Aphrodite> SO... screenshot time.
[19:30:12] [Client thread/INFO]: [CHAT] <[Goddess] Amethyst> :3
[19:30:16] [Client thread/INFO]: [CHAT] <EduardoWassa> what price to vip?
[19:30:16] [Client thread/INFO]: [CHAT] BUBBY22827 joined the game.
[19:30:16] [Client thread/INFO]: [CHAT] Welcome BUBBY22827 to the server!
[19:30:18] [Client thread/INFO]: [CHAT] <[Goddess] Aphrodite> stop!
[19:30:27] [Client thread/INFO]: [CHAT] <[Goddess] Aphrodite> estate and every1 get on the head
[19:30:30] [Client thread/INFO]: [CHAT] sugarkitty804 - Opping sugarkitty804
[19:30:30] [Client thread/INFO]: [CHAT] <[PokemonGod] Arceus> .......?
[19:30:35] [Client thread/INFO]: [CHAT] <[Goddess] Aphrodite> im takin a picture
[19:30:36] [Client thread/INFO]: [CHAT] <[Goddess] Aphrodite> ;3
[19:30:42] [Client thread/INFO]: [CHAT] heavin4 left the game.
[19:30:44] [Client thread/INFO]: [CHAT] < Trainer_Estate> waity!
[19:30:45] [Client thread/INFO]: [CHAT] <[Goddess] Aphrodite> you to XxSugarxX
[19:30:46] [Client thread/INFO]: [CHAT] < Trainer_Estate> wait!
[19:30:49] [Client thread/INFO]: [CHAT] < Glenn_Quagmire> Giggity goo
[19:30:52] [Client thread/INFO]: [CHAT] <[Goddess] Aphrodite> getton!
[19:30:55] [Client thread/INFO]: [CHAT] <[MinecraftUniverse] AntidoteGreg> dis means war
[19:30:55] [Client thread/INFO]: [CHAT] * erickpinto2012 is now AFK.
[19:30:59] [Client thread/INFO]: [CHAT] < XxSugarxX> Yay :D
[19:31:00] [Client thread/INFO]: [CHAT] <BUBBY22827> Who wants to build a tree house with me?
[19:31:03] [Client thread/INFO]: [CHAT] <[Goddess] Aphrodite> off mai crown though i wanna stand on dat
[19:31:04] [Client thread/INFO]: [CHAT] EduardoWassa left the game.
[19:31:08] [Client thread/INFO]: [CHAT] < Trainer_Estate> k
[19:31:09] [Client thread/INFO]: [CHAT] < Glenn_Quagmire> Giggity Giggity Goo
[19:31:10] [Client thread/INFO]: [CHAT] <[PokemonGod] Arceus> Amethyst where is Garnet and Pearl and Steven? XDDDDDDDDDDDDDDDD
[19:31:12] [Client thread/INFO]: [CHAT] < Trainer_Estate> 3
[19:31:12] [Client thread/INFO]: [CHAT] <[PokemonGod] Arceus> rofl
[19:31:12] [Client thread/INFO]: [CHAT] < Trainer_Estate> 2
[19:31:13] [Client thread/INFO]: [CHAT] <[Goddess] Aphrodite> stop
[19:31:13] [Client thread/INFO]: [CHAT] < Trainer_Estate> 1
[19:31:17] [Client thread/INFO]: [CHAT] < Trainer_Estate> snapshot!
[19:31:19] [Client thread/INFO]: [CHAT] <[Goddess] Aphrodite> STOP ._.
[19:31:23] [Client thread/INFO]: [CHAT] <[Goddess] Aphrodite> dude lemme take ittt
[19:31:24] [Client thread/INFO]: [CHAT] Giving 1 of skull item
[19:31:29] [Client thread/INFO]: [CHAT] <baker1197> add jeb_
[19:31:29] [Client thread/INFO]: [CHAT] <[Goddess] Aphrodite> offfff
[19:31:30] [Client thread/INFO]: [CHAT] < Glenn_Quagmire> I took it
[19:31:35] [Client thread/INFO]: [CHAT] <[Goddess] Aphrodite> stop
[19:31:36] [Client thread/INFO]: [CHAT] <VideoGameSmash12> who's a super admin?
[19:31:38] [Client thread/INFO]: [CHAT] <[Goddess] Aphrodite> >;(
[19:31:39] [Client thread/INFO]: [CHAT] [Server:ImALuckyGuy] I am
[19:31:45] [Client thread/INFO]: [CHAT] [Server:SpecLeader] Not me
[19:31:47] [Client thread/INFO]: [CHAT] [Server:SpecLeader] lol
[19:31:50] [Client thread/INFO]: [CHAT] <[Goddess] Aphrodite> okey every1 say Aweshumness
[19:31:52] [Client thread/INFO]: [CHAT] SpecLeader - Opping all players on the server
[19:31:52] [Client thread/INFO]: [CHAT] You are now op!
[19:31:57] [Client thread/INFO]: [CHAT] < Trainer_Estate> aww some ness!
[19:31:59] [Client thread/INFO]: [CHAT] < Glenn_Quagmire> Giggity Giggity Goo
[19:31:59] [Client thread/INFO]: [CHAT] < TurretsPlusLeader> Aweshumness
[19:32:01] [Client thread/INFO]: [CHAT] <[Goddess] Amethyst> Aweshumness
[19:32:01] [Client thread/INFO]: [CHAT] <VideoGameSmash12> ImALuckyGuy, I am making a spawn
[19:32:01] [Client thread/INFO]: [CHAT] <baker1197> pls.
[19:32:01] [Client thread/INFO]: [CHAT] EduardoWassa joined the game.
[19:32:05] [Client thread/INFO]: [CHAT] <[Goddess] Aphrodite> Awesomee
[19:32:05] [Client thread/INFO]: [CHAT] EduardoWassa left the game.
[19:32:10] [Client thread/INFO]: [CHAT] <[Goddess] Aphrodite> Another 1 just cuz
[19:32:12] [Client thread/INFO]: [CHAT] Yoshi41023 is a Super Admin.
[19:32:12] [Client thread/INFO]: [CHAT] Yoshi41023 joined the game.
[19:32:14] [Client thread/INFO]: [CHAT] stevevil113 joined the game.
[19:32:14] [Client thread/INFO]: [CHAT] Welcome stevevil113 to the server!
[19:32:15] [Client thread/INFO]: [CHAT] < Glenn_Quagmire> Aweshumness GIGGITY
[19:32:17] [Client thread/INFO]: [CHAT] <SpecLeader> Jamel, do it your self, look It up. GOOGLE is your friend,
[19:32:20] [Client thread/INFO]: [CHAT] < Glenn_Quagmire> t
[19:32:20] [Client thread/INFO]: [CHAT] < Glenn_Quagmire> Aweshumness GIGGITY
[19:32:22] [Client thread/INFO]: [CHAT] <[Goddess] Aphrodite> ...
[19:32:24] [Client thread/INFO]: [CHAT] <DragonTamer Riley> .
[19:32:25] [Client thread/INFO]: [CHAT] <[Goddess] Aphrodite> thank you!
[19:32:27] [Client thread/INFO]: [CHAT] < Aquarius27> i have dragon egg
[19:32:28] [Client thread/INFO]: [CHAT] < Poseidon> ?>
[19:32:30] [Client thread/INFO]: [CHAT] Unknown command. Type "/help" for help.
[19:32:32] [Client thread/INFO]: [CHAT] <[Goddess] Amethyst> ddaaah
[19:32:34] [Client thread/INFO]: [CHAT] VideoGameSmash12 is an OP.
[19:32:34] [Client thread/INFO]: [CHAT] <[Goddess] Aphrodite> one moree
[19:32:36] [Client thread/INFO]: [CHAT] <[Goddess] Amethyst> ground!
[19:32:37] [Client thread/INFO]: [CHAT] SpecLeader - Setting everyone's Worldedit block modification limit to 500.
[19:32:40] [Client thread/INFO]: [CHAT] Unknown command. Type "/help" for help.
[19:32:43] [Client thread/INFO]: [CHAT] <[Goddess] Aphrodite> one moree ;/
[19:32:48] [Client thread/INFO]: [CHAT] Unknown command. Type "/help" for help.
[19:32:51] [Client thread/INFO]: [CHAT] <[Goddess] Aphrodite> okey come onnn
[19:32:53] [Client thread/INFO]: [CHAT] <Carsonlego> how do you do that SpecLeader?
[19:32:53] [Client thread/INFO]: [CHAT] Unknown command. Type "/help" for help.
[19:32:54] [Client thread/INFO]: [CHAT] * NeonSkittlez01 is now AFK.
[19:32:59] [Client thread/INFO]: [CHAT] Unknown command. Type "/help" for help.
[19:33:01] [Client thread/INFO]: [CHAT] Unknown command. Type "/help" for help.
[19:33:03] [Client thread/INFO]: [CHAT] < TurretsPlusLeader> Sn@@@@@pshot!
[19:33:04] [Client thread/INFO]: [CHAT] [Server:SpecLeader] you can't carson, only super admins
[19:33:06] [Client thread/INFO]: [CHAT] <[Awesome] Aquarius27> hi
[19:33:11] [Client thread/INFO]: [CHAT] <[Goddess] Aphrodite> okey now get the fuck off
[19:33:12] [Client thread/INFO]: [CHAT] <[Goddess] Aphrodite> x3
[19:33:13] [Client thread/INFO]: [CHAT] Mandog76 joined the game.
[19:33:13] [Client thread/INFO]: [CHAT] Welcome Mandog76 to the server!
[19:33:16] [Client thread/INFO]: [CHAT] <Carsonlego> but whats the command?
[19:33:19] [Client thread/INFO]: [CHAT] <Yoshi41023> There you go
[19:33:19] [Client thread/INFO]: [CHAT] <[Goddess] Aphrodite> thanks
[19:33:20] [Client thread/INFO]: [CHAT] <[MinecraftUniverse] AntidoteGreg> how do u make heads
[19:33:29] [Client thread/INFO]: [CHAT] <[Goddess] Aphrodite> nu
[19:33:32] [Client thread/INFO]: [CHAT] <[FragonTamer] Riley> ..
[19:33:33] [Client thread/INFO]: [CHAT] < Glenn_Quagmire> Wait
[19:33:33] [Client thread/INFO]: [CHAT] <[Awesome] Aquarius27> tpo for dragon egg
[19:33:35] [Client thread/INFO]: [CHAT] <[PokemonGod] Arceus> lol
[19:33:37] [Client thread/INFO]: [CHAT] < Glenn_Quagmire> Need screenshotz
[19:33:47] [Client thread/INFO]: [CHAT] < Trainer_Estate> saoirse100
[19:33:47] [Client thread/INFO]: [CHAT] Zeklord15 joined the game.
[19:33:47] [Client thread/INFO]: [CHAT] Welcome Zeklord15 to the server!
[19:33:47] [Client thread/INFO]: [CHAT] < Glenn_Quagmire> (Who else but Quagmire) (He's Quagmire Quargmire) (Giggity Giggity Goo)
[19:33:55] [Client thread/INFO]: [CHAT] <Zeklord15> Hello!
[19:33:59] [Client thread/INFO]: [CHAT] Giving 1 of skull item
[19:33:59] [Client thread/INFO]: [CHAT] < Trainer_Estate> saoirse100 how did you kick people off the tower
[19:34:03] [Client thread/INFO]: [CHAT] <[Goddess] Aphrodite> i didnt
[19:34:06] [Client thread/INFO]: [CHAT] <[Goddess] Aphrodite> Zeus did ;D
[19:34:06] [Client thread/INFO]: [CHAT] ImALuckyGuy left the game.
[19:34:15] [Client thread/INFO]: [CHAT] <[Goddess] Aphrodite> look we can all go in
[19:34:22] [Client thread/INFO]: [CHAT] Trick2002 joined the game.
[19:34:23] [Client thread/INFO]: [CHAT] mrmudkip2 joined the game.
[19:34:23] [Client thread/INFO]: [CHAT] Welcome mrmudkip2 to the server!
[19:34:26] [Client thread/INFO]: [CHAT] <Carsonlego> do /give (player) 397 1 3 player:(player) or /i (player) 397:3 1 player:player
[19:34:26] [Client thread/INFO]: [CHAT] < TheZekGamez> wow
[19:34:29] [Client thread/INFO]: [CHAT] <VideoGameSmash12> admin show
[19:34:34] [Client thread/INFO]: [CHAT] *  Mr_Zues --=Attention All Gods/Godesses=-- Lets Build A Castle For ALL Gods/Godesses
[19:34:36] [Client thread/INFO]: [CHAT] Unknown command. Type "/help" for help.
[19:34:37] [Client thread/INFO]: [CHAT] SpecLeader - Opping all players on the server
[19:34:37] [Client thread/INFO]: [CHAT] You are now op!
[19:34:47] [Client thread/INFO]: [CHAT] <VideoGameSmash12> how do I view admins
[19:34:48] [Client thread/INFO]: [CHAT] <[Goddess] Aphrodite> Yes Mister Zeus, but...
[19:34:50] [Client thread/INFO]: [CHAT] <[Goddess] Amethyst> zues
[19:34:51] [Client thread/INFO]: [CHAT] There are 29 out of a maximum 35 players online.
[19:34:51] [Client thread/INFO]: [CHAT] Connected admins: [SA]SpecLeader, [SA]Yoshi41023
[19:34:51] [Client thread/INFO]: [CHAT] <[Goddess] Aphrodite> I must go
[19:34:52] [Client thread/INFO]: [CHAT] < Glenn_Quagmire> Me Glenn Quamire! Now claim this here head my personal fapping SPOT!
[19:34:53] [Client thread/INFO]: [CHAT] *  Mr_Zues --=Attention All Gods/Godesses=-- Lets Build A Castle For ALL Gods/Godesses
[19:34:56] [Client thread/INFO]: [CHAT] <Yoshi41023> ._.
[19:34:57] [Client thread/INFO]: [CHAT] <[Goddess] Aphrodite> i hear some monsterz behind meh
[19:34:59] [Client thread/INFO]: [CHAT] <[Police] TrickDoesMinecraft> hey guys
[19:35:00] [Client thread/INFO]: [CHAT] <[Goddess] Aphrodite> bye ;ddd
[19:35:01] [Client thread/INFO]: [CHAT] <[PokemonGod] Arceus> well Steven Is A God In Training XD
[19:35:01] [Client thread/INFO]: [CHAT] saoirse100 left the game.
[19:35:02] [Client thread/INFO]: [CHAT] <[Goddess] Amethyst> Zues, may we start with my cloud?
[19:35:06] [Client thread/INFO]: [CHAT] <Carsonlego> do /give (player) 397 1 3 player:(player) or /i 397:3 1 player:player
[19:35:09] [Client thread/INFO]: [CHAT] <mrmudkip2> Am I an op?
[19:35:13] [Client thread/INFO]: [CHAT] chimchim48 joined the game.
[19:35:13] [Client thread/INFO]: [CHAT] Welcome chimchim48 to the server!
[19:35:14] [Client thread/INFO]: [CHAT] < Glenn_Quagmire> Me Glenn Quamire! Now claim this here head my personal fapping SPOT!!
[19:35:16] [Client thread/INFO]: [CHAT] <[God] Mr_Zues> Ok Amethyst
[19:35:18] [Client thread/INFO]: [CHAT] Aquarius27 - Opping mrmudkip2
[19:35:20] [Client thread/INFO]: [CHAT] <[PokemonGod] Arceus> lol
[19:35:21] [Client thread/INFO]: [CHAT] Mandog76 left the game.
[19:35:22] [Client thread/INFO]: [CHAT] <baker1197> who
[19:35:23] [Client thread/INFO]: [CHAT] <Carsonlego> do /give (player) 397 1 3 player:(player) or /i 397:3 1 player:(player)
[19:35:24] [Client thread/INFO]: [CHAT] <chimchim48> mudkip?
[19:35:25] [Client thread/INFO]: [CHAT] Zeklord15 left the game.
[19:35:30] [Client thread/INFO]: [CHAT] <[Responder] Shell_Responder> Carsonlego Come
[19:35:34] [Client thread/INFO]: [CHAT] ertyased joined the game.
[19:35:34] [Client thread/INFO]: [CHAT] Welcome ertyased to the server!
[19:35:36] [Client thread/INFO]: [CHAT] <chimchim48> mrmudkip2
[19:35:38] [Client thread/INFO]: [CHAT] <[Goddess] Amethyst> hi
[19:35:40] [Client thread/INFO]: [CHAT] Aquarius27 - Opping mrmudkip2
[19:35:42] [Client thread/INFO]: [CHAT] Giving 1 of skull item
[19:35:43] [Client thread/INFO]: [CHAT] <[Responder] Shell_Responder> More Head's
[19:35:45] [Client thread/INFO]: [CHAT] <[Goddess] Amethyst> my starting cloud
[19:35:49] [Client thread/INFO]: [CHAT] <[God] Mr_Zues> Hi, Amethyst
[19:35:51] [Client thread/INFO]: [CHAT] < Glenn_Quagmire> A cloud!
[19:35:52] [Client thread/INFO]: [CHAT] <[Goddess] Amethyst> hi
[19:35:57] [Client thread/INFO]: [CHAT] < Glenn_Quagmire> Me Glenn Quamire! Now claim this here Cloud my personal fapping SPOT!
[19:36:02] [Client thread/INFO]: [CHAT] <[Goddess] Amethyst> stop
[19:36:05] [Client thread/INFO]: [CHAT] ertyased left the game.
[19:36:05] [Client thread/INFO]: [CHAT] < Chim> Mrmudkip2!
[19:36:08] [Client thread/INFO]: [CHAT] sugarkitty804 - Opping sugarkitty804
[19:36:09] [Client thread/INFO]: [CHAT] <[Goddess] Amethyst> you have been warned
[19:36:11] [Client thread/INFO]: [CHAT] <mrmudkip2> What?
[19:36:14] [Client thread/INFO]: [CHAT] < Chim> hi
[19:36:16] [Client thread/INFO]: [CHAT] < Glenn_Quagmire> *Le fap*
[19:36:17] [Client thread/INFO]: [CHAT] <mrmudkip2> Hi
[19:36:19] [Client thread/INFO]: [CHAT] <VideoGameSmash12> who are the admins?
[19:36:20] [Client thread/INFO]: [CHAT] < Chim> give uyrself a nickname
[19:36:20] [Client thread/INFO]: [CHAT] EpicBoy317 left the game.
[19:36:23] [Client thread/INFO]: [CHAT] <[PokemonGod] Arceus> hi amethyst!
[19:36:31] [Client thread/INFO]: [CHAT] benturnervic joined the game.
[19:36:31] [Client thread/INFO]: [CHAT] Welcome benturnervic to the server!
[19:36:32] [Client thread/INFO]: [CHAT] <[Goddess] Amethyst> hi
[19:36:40] [Client thread/INFO]: [CHAT] <[Goddess] Amethyst> lets start
[19:36:44] [Client thread/INFO]: [CHAT] < XxSugarxX> I'm just gonna sit right here O-O
[19:36:45] [Client thread/INFO]: [CHAT] <[PokemonGod] Arceus> kk
[19:36:46] [Client thread/INFO]: [CHAT] < Glenn_Quagmire> Lets start!
[19:36:53] [Client thread/INFO]: [CHAT] * bpto is now AFK.
[19:36:54] [Client thread/INFO]: [CHAT] < XxSugarxX> I can't change meh nick for some reason
[19:36:55] [Client thread/INFO]: [CHAT] < Chim> u can spawn peaceful mobs here
[19:37:09] [Client thread/INFO]: [CHAT] < Chim> well i think
[19:37:10] [Client thread/INFO]: [CHAT] < Poseidon> What are you guys foing?
[19:37:14] [Client thread/INFO]: [CHAT] < Poseidon> What are you guys doing?
[19:37:15] [Client thread/INFO]: [CHAT] < Chim> theres a chiken there
[19:37:15] [Client thread/INFO]: [CHAT] <[Goddess] Amethyst> you will see
[19:37:19] [Client thread/INFO]: [CHAT] * bpto is no longer AFK.
[19:37:30] [Client thread/INFO]: [CHAT] < Chim> mudkip wuts ur nickname?
[19:37:33] [Client thread/INFO]: [CHAT] < Glenn_Quagmire> Zek
[19:37:35] [Client thread/INFO]: [CHAT] < Glenn_Quagmire> Be peter
[19:37:38] [Client thread/INFO]: [CHAT] <[PokemonGod] Arceus> ok
[19:37:38] [Client thread/INFO]: [CHAT] <mrmudkip2> I don't have a nick.
[19:37:43] [Client thread/INFO]: [CHAT] <[God] Mr_Zues> EVERYONE DO: /warp God/GodessesCloud
[19:37:46] [Client thread/INFO]: [CHAT] < Chim> ill nick 4 u
[19:37:47] [Client thread/INFO]: [CHAT] <[Goddess] Amethyst> sugar, i am making a lake with fountains
[19:37:52] [Client thread/INFO]: [CHAT] <[PokemonGod] Peter_Griffin> bird bird bird bird is the word!
[19:37:59] [Client thread/INFO]: [CHAT] <[PokemonGod] Arceus> wtf
[19:38:01] [Client thread/INFO]: [CHAT] < Glenn_Quagmire> YUSH
[19:38:04] [Client thread/INFO]: [CHAT] <benturnervic> hi
[19:38:07] [Client thread/INFO]: [CHAT] < XxSugarxX> Okay
[19:38:12] [Client thread/INFO]: [CHAT] <baker1197> can you put israphel
[19:38:20] [Client thread/INFO]: [CHAT] < Glenn_Quagmire> Oh this is worst then that time I marryed a maid
[19:38:22] [Client thread/INFO]: [CHAT] Trick2002 left the game.
[19:38:23] [Client thread/INFO]: [CHAT] <benturnervic> can you op all players?
[19:38:23] [Client thread/INFO]: [CHAT] < Chim> mudkip?
[19:38:24] [Client thread/INFO]: [CHAT] <[SextaEspada] GrimmjowJaggerJack> .
[19:38:27] [Client thread/INFO]: [CHAT] < KingofTheCoke> Yeah?
[19:38:27] [Client thread/INFO]: [CHAT] <[PokemonGod] Arceus> ..
[19:38:30] [Client thread/INFO]: [CHAT] < XxSugarxX> That was kinda a test to see who you were xD
[19:38:32] [Client thread/INFO]: [CHAT] HollywoodFred - Opping benturnervic
[19:38:33] [Client thread/INFO]: [CHAT] < Chim> ok
[19:38:40] [Client thread/INFO]: [CHAT] fliperfliper4 joined the game.
[19:38:41] [Client thread/INFO]: [CHAT] Welcome fliperfliper4 to the server!
[19:38:44] [Client thread/INFO]: [CHAT] <benturnervic> thx hollywood!
[19:38:49] [Client thread/INFO]: [CHAT] <[Goddess] Amethyst> well
[19:38:51] [Client thread/INFO]: [CHAT] < Chim> lol
[19:38:51] [Client thread/INFO]: [CHAT] HollywoodFred - Opping fliperfliper4
[19:38:53] [Client thread/INFO]: [CHAT] <[PokemonGod] Arceus> ...
[19:38:56] [Client thread/INFO]: [CHAT] < Poseidon> Who here is Zeus
[19:38:56] [Client thread/INFO]: [CHAT] <fliperfliper4> ...
[19:38:58] [Client thread/INFO]: [CHAT] <Carsonlego> herobrine is still in minecraft
[19:38:58] [Client thread/INFO]: [CHAT] <[God] Mr_Zues> Np benturnervic
[19:39:00] [Client thread/INFO]: [CHAT] <[Goddess] Amethyst> water is disabled so, we use fake water
[19:39:01] [Client thread/INFO]: [CHAT] < Chim> mudkip wanna pvp?
[19:39:04] [Client thread/INFO]: [CHAT] <SpecLeader> yes
[19:39:06] [Client thread/INFO]: [CHAT] <[PokemonGod] Arceus> ok.
[19:39:14] [Client thread/INFO]: [CHAT] < KingofTheCokeSquids> Hold on.
[19:39:14] [Client thread/INFO]: [CHAT] < Poseidon> u want water?
[19:39:16] [Client thread/INFO]: [CHAT] <[PokemonGod] Arceus> or we can always use wool XD
[19:39:17] [Client thread/INFO]: [CHAT] < Chim> all out fist fight?
[19:39:19] [Client thread/INFO]: [CHAT] <Carsonlego> herobrine is still in minecraft!
[19:39:26] [Client thread/INFO]: [CHAT] <[SaHlpr] Jamel> Spec
[19:39:26] [Client thread/INFO]: [CHAT] <[PokemonGod] Arceus> orr ice
[19:39:28] [Client thread/INFO]: [CHAT] <[JSextaEspada] Grimmjow_JaggerJack> ..
[19:39:28] [Client thread/INFO]: [CHAT] < Poseidon> Im poseidon!!!god o water!!
[19:39:32] [Client thread/INFO]: [CHAT] <[SaHlpr] Jamel> Can you tp to me for a sec
[19:39:35] [Client thread/INFO]: [CHAT] <[PokemonGod] Arceus> then //thaw
[19:39:37] [Client thread/INFO]: [CHAT] <[Goddess] Amethyst> well
[19:39:38] [Client thread/INFO]: [CHAT] < XxSugarxX> Really Dr -_-
[19:39:41] [Client thread/INFO]: [CHAT] < Glenn_Quagmire> What?
[19:39:43] [Client thread/INFO]: [CHAT] <[PokemonGod] Arceus> see?
[19:39:45] [Client thread/INFO]: [CHAT] <[PokemonGod] Arceus> tada
[19:39:48] [Client thread/INFO]: [CHAT] <[PokemonGod] Arceus> water!
[19:39:52] [Client thread/INFO]: [CHAT] < Chim> to go to survival you do /survival
[19:40:03] [Client thread/INFO]: [CHAT] <[SaHlpr] Jamel> spec
[19:40:07] [Client thread/INFO]: [CHAT] * Yoshi41023 is now AFK.
[19:40:11] [Client thread/INFO]: [CHAT] roomypoprock joined the game.
[19:40:11] [Client thread/INFO]: [CHAT] Welcome roomypoprock to the server!
[19:40:20] [Client thread/INFO]: [CHAT] Zekrom1644763 left the game.
[19:40:33] [Client thread/INFO]: [CHAT] < SkythekidRS> Hey Guys Its Sky Here
[19:40:39] [Client thread/INFO]: [CHAT] < Glenn_Quagmire> SkythefakeRS*
[19:40:44] [Client thread/INFO]: [CHAT] SwiftFreezER joined the game.
[19:40:46] [Client thread/INFO]: [CHAT] < SkythekidRS> ik
[19:40:48] [Client thread/INFO]: [CHAT] < SkythekidRS> lol
[19:40:49] [Client thread/INFO]: [CHAT] <Carsonlego> fake sky
[19:40:57] [Client thread/INFO]: [CHAT] <[SaHlpr] Jamel> Your chu,
[19:40:58] [Client thread/INFO]: [CHAT] <[Responder] Shell_Responder> Fake Sky!
[19:40:58] [Client thread/INFO]: [CHAT] *  Aquarius27 is now AFK.
[19:41:03] [Client thread/INFO]: [CHAT] <[SaHlpr] Jamel> Your chim
[19:41:08] [Client thread/INFO]: [CHAT] <Carsonlego> herobrine is still in minecraft
[19:41:11] [Client thread/INFO]: [CHAT] < Pikachu> ur right
[19:41:16] [Client thread/INFO]: [CHAT] roomypoprock left the game.
[19:41:18] [Client thread/INFO]: [CHAT] OmegaFireMaster left the game.
[19:41:19] [Client thread/INFO]: [CHAT] <[SaHlpr] Jamel> No, its not
[19:41:19] [Client thread/INFO]: [CHAT] <[TimeLord] Doctor_Who> Im so scared what should i do right now xD
[19:41:22] [Client thread/INFO]: [CHAT] <VideoGameSmash12> Oh my gosh its sky...............NOT!
[19:41:29] [Client thread/INFO]: [CHAT] < Glenn_Quagmire> dangit doctor
[19:41:34] [Client thread/INFO]: [CHAT] < aileen> op me
[19:41:37] [Client thread/INFO]: [CHAT] < Glenn_Quagmire> Fix the tardis
[19:41:39] [Client thread/INFO]: [CHAT] <[SaHlpr] Jamel> WHAT
[19:41:40] [Client thread/INFO]: [CHAT] < Glenn_Quagmire> Take me to the boob ages
[19:41:42] [Client thread/INFO]: [CHAT] <[Responder] Shell_Responder> lol
[19:41:43] [Client thread/INFO]: [CHAT] < FARTZILLA> gotta fart?
[19:41:44] [Client thread/INFO]: [CHAT] pirat35 joined the game.
[19:41:44] [Client thread/INFO]: [CHAT] Welcome pirat35 to the server!
[19:41:46] [Client thread/INFO]: [CHAT] <baker1197> wghat
[19:41:51] [Client thread/INFO]: [CHAT] <[SaHlpr] Jamel> Anvils get diabled wen in air
[19:41:53] [Client thread/INFO]: [CHAT] < Glenn_Quagmire> Back to Eevee
[19:41:54] [Client thread/INFO]: [CHAT] <VideoGameSmash12> Super Admins! I want to talk to you!
[19:41:56] [Client thread/INFO]: [CHAT] < Glenn_Quagmire> times
[19:41:58] [Client thread/INFO]: [CHAT] < SpecLeader> :p
[19:42:10] [Client thread/INFO]: [CHAT] Your nickname is now  PoopyFart.
[19:42:11] [Client thread/INFO]: [CHAT] <[SaHlpr] Jamel> I was gonna make an anvil kill on spec
[19:42:17] [Client thread/INFO]: [CHAT] You no longer have a nickname.
[19:42:20] [Client thread/INFO]: [CHAT] <SpecLeader> go for it
[19:42:22] [Client thread/INFO]: [CHAT] <SpecLeader> lol
[19:42:23] [Client thread/INFO]: [CHAT] <[SaHlpr] Jamel> I can't
[19:42:30] [Client thread/INFO]: [CHAT] <VideoGameSmash12> I made a spawn!
[19:42:38] [Client thread/INFO]: [CHAT] [Server:SpecLeader] who would win yoshi or donkey kong?
[19:42:45] [Client thread/INFO]: [CHAT] <VideoGameSmash12> both
[19:42:45] [Client thread/INFO]: [CHAT] <benturnervic> yoshi
[19:42:49] [Client thread/INFO]: [CHAT] <[Responder] Shell_Responder> Yoshi
[19:42:50] [Client thread/INFO]: [CHAT] <pirat35> fewd
[19:42:51] [Client thread/INFO]: [CHAT] Your nickname is now  HI.
[19:42:55] [Client thread/INFO]: [CHAT] <benturnervic> tyoshi!
[19:42:55] [Client thread/INFO]: [CHAT] <SpecLeader> Yoshi
[19:42:57] [Client thread/INFO]: [CHAT] You no longer have a nickname.
[19:42:58] [Client thread/INFO]: [CHAT] <benturnervic> yoshi
[19:42:59] [Client thread/INFO]: [CHAT] < Steve> hi
[19:43:00] [Client thread/INFO]: [CHAT] < Chim> hi mudkip
[19:43:01] [Client thread/INFO]: [CHAT] 2013Vlad19 joined the game.
[19:43:01] [Client thread/INFO]: [CHAT] Welcome 2013Vlad19 to the server!
[19:43:03] [Client thread/INFO]: [CHAT] < KingofTheCoke> Hey
[19:43:03] [Client thread/INFO]: [CHAT] pirat35 left the game.
[19:43:05] [Client thread/INFO]: [CHAT] <SpecLeader> Yoshi would beat donkey kong's ass
[19:43:09] [Client thread/INFO]: [CHAT] <benturnervic> yoshi yosh
[19:43:15] [Client thread/INFO]: [CHAT] * NeonSkittlez01 is no longer AFK.
[19:43:17] [Client thread/INFO]: [CHAT] <VideoGameSmash12> yoshi because donkey kong is fat
[19:43:20] [Client thread/INFO]: [CHAT] < Steve> ur rude
[19:43:21] [Client thread/INFO]: [CHAT] < Chim> lets play pokemon
[19:43:30] [Client thread/INFO]: [CHAT] <SpecLeader> donkey kong sits and plays video games while eating chips.
[19:43:30] [Client thread/INFO]: [CHAT] <benturnervic> screw donkeykong
[19:43:32] [Client thread/INFO]: [CHAT] < Chim> mudkip U be trainer
[19:43:38] [Client thread/INFO]: [CHAT] < Chim> ill be pokemon
