[21:17:24] [Client thread/INFO]: Connecting to 64.34.165.5, 28965
[21:17:25] [Client thread/INFO]: [CHAT] VideoGameSmash12 joined the game.
[21:17:25] [Client thread/INFO]: [CHAT] Type /help for a list of commands.
[21:17:25] [Client thread/INFO]: [CHAT] Save your builds with World Edit or lose them
[21:17:25] [Client thread/INFO]: [CHAT] Read our website at www.totalfreedom.me to find out how
[21:17:25] [Client thread/INFO]: [CHAT] Read the rules
[21:17:25] [Client thread/INFO]: [CHAT] Read our only authorized forum at www.totalfreedom.boards.net
[21:17:25] [Client thread/INFO]: [CHAT] You have 5 messages! Type /mail read to view your mail.
[21:17:31] [Client thread/INFO]: [CHAT] <VideoGameSmash12> ...
[21:17:31] [Client thread/INFO]: [CHAT] D0mik left the game.
[21:17:48] [Client thread/INFO]: [CHAT] Left click: select pos #1; Right click: select pos #2
[21:17:49] [Client thread/INFO]: [CHAT] piggyboy001 left the game.
[21:18:13] [Client thread/INFO]: [CHAT] Supermen joined the game.
[21:18:13] [Client thread/INFO]: [CHAT] Welcome Supermen to the server!
[21:18:20] [Client thread/INFO]: [CHAT] D0mik joined the game.
[21:18:20] [Client thread/INFO]: [CHAT] PatMorin left the game.
[21:18:34] [Client thread/INFO]: [CHAT] < Mewthree> world edit
[21:18:34] [Client thread/INFO]: [CHAT] D0mik left the game.
[21:19:06] [Client thread/INFO]: [CHAT] *  Mewthree is now AFK.
[21:19:20] [Client thread/INFO]: [CHAT] You have 5 messages! Type /mail read to view your mail.
[21:19:20] [Client thread/INFO]: [CHAT] Giving 1 of skull item
[21:19:22] [Client thread/INFO]: [CHAT] *  Mewthree is no longer AFK.
[21:19:43] [Client thread/INFO]: [CHAT] cooldude161 joined the game.
[21:19:55] [Client thread/INFO]: [CHAT] erlyz joined the game.
[21:19:55] [Client thread/INFO]: [CHAT] Welcome erlyz to the server!
[21:19:56] [Client thread/INFO]: [CHAT] <cooldude161> ehy mat can i build sapce museum
[21:19:59] [Client thread/INFO]: [CHAT] MrProkRinds joined the game.
[21:19:59] [Client thread/INFO]: [CHAT] Welcome MrProkRinds to the server!
[21:20:01] [Client thread/INFO]: [CHAT] <[PBCPlatinuElite] Charmander> ..
[21:20:07] [Client thread/INFO]: [CHAT] <[PBCPlatinuElite] Charmander> some where open okay?
[21:20:08] [Client thread/INFO]: [CHAT] <cooldude161> space*
[21:20:23] [Client thread/INFO]: [CHAT] <cooldude161> let me make a path
[21:20:30] [Client thread/INFO]: [CHAT] erlyz left the game.
[21:20:32] [Client thread/INFO]: [CHAT] First position set to (40.0, 49.0, 236.0).
[21:20:34] [Client thread/INFO]: [CHAT] First position set to (37.0, 49.0, 236.0).
[21:20:37] [Client thread/INFO]: [CHAT] Second position set to (37.0, 49.0, 238.0) (3).
[21:20:39] [Client thread/INFO]: [CHAT] Second position set to (40.0, 49.0, 238.0) (12).
[21:20:49] [Client thread/INFO]: [CHAT] 12 block(s) have been replaced.
[21:20:53] [Client thread/INFO]: [CHAT] <Supermen> Open spawn!
[21:20:56] [Client thread/INFO]: [CHAT] First position set to (40.0, 49.0, 236.0) (3).
[21:20:58] [Client thread/INFO]: [CHAT] First position set to (34.0, 49.0, 236.0) (21).
[21:21:00] [Client thread/INFO]: [CHAT] D0mik joined the game.
[21:21:01] [Client thread/INFO]: [CHAT] Second position set to (34.0, 49.0, 246.0) (11).
[21:21:05] [Client thread/INFO]: [CHAT] Second position set to (40.0, 49.0, 246.0) (77).
[21:21:07] [Client thread/INFO]: [CHAT] 65 block(s) have been replaced.
[21:21:07] [Client thread/INFO]: [CHAT] D0mik left the game.
[21:21:13] [Client thread/INFO]: [CHAT] Mira_15 joined the game.
[21:21:13] [Client thread/INFO]: [CHAT] Welcome Mira_15 to the server!
[21:21:14] [Client thread/INFO]: [CHAT] Lindsay_27 - Opping Supermen
[21:21:17] [Client thread/INFO]: [CHAT] < Lindsay_27> :P
[21:21:19] [Client thread/INFO]: [CHAT] <MrProkRinds> help
[21:21:23] [Client thread/INFO]: [CHAT] <Supermen> open spawn
[21:21:30] [Client thread/INFO]: [CHAT] Lindsay_27 - Opping MrProkRinds
[21:21:33] [Client thread/INFO]: [CHAT] < Lindsay_27> Type /thru
[21:21:37] [Client thread/INFO]: [CHAT] MewMaster7 left the game.
[21:22:35] [Client thread/INFO]: [CHAT] <Mira_15> tpa VideoGameSmash12
[21:22:36] [Client thread/INFO]: [CHAT] < Lindsay_27> Mira
[21:22:40] [Client thread/INFO]: [CHAT] Jazzy246870 joined the game.
[21:22:41] [Client thread/INFO]: [CHAT] <VideoGameSmash12> ???
[21:22:42] [Client thread/INFO]: [CHAT] First position set to (25.0, 49.0, 254.0) (144).
[21:22:43] [Client thread/INFO]: [CHAT] < Lindsay_27> Type /thru
[21:22:48] [Client thread/INFO]: [CHAT] First position set to (48.0, 49.0, 254.0) (81).
[21:22:58] [Client thread/INFO]: [CHAT] < Lindsay_27> They never learn. xD
[21:22:58] [Client thread/INFO]: [CHAT] Second position set to (48.0, 49.0, 228.0) (27).
[21:23:00] [Client thread/INFO]: [CHAT] <Mira_15> ???
[21:23:01] [Client thread/INFO]: [CHAT] < Mac> i spawned underground... AGAIN
[21:23:03] [Client thread/INFO]: [CHAT] Second position set to (25.0, 49.0, 228.0) (648).
[21:23:03] [Client thread/INFO]: [CHAT] <Mira_15> ???
[21:23:06] [Client thread/INFO]: [CHAT] 523 block(s) have been replaced.
[21:23:12] [Client thread/INFO]: [CHAT] 3 block(s) have been replaced.
[21:23:32] [Client thread/INFO]: [CHAT] <cooldude161> let me clear out this aera
[21:23:38] [Client thread/INFO]: [CHAT] <[PBCPlatinuElite] Charmander> aww
[21:23:43] [Client thread/INFO]: [CHAT] <[PBCPlatinuElite] Charmander> mewmaster left :(
[21:23:49] [Client thread/INFO]: [CHAT] Jazzy246870 left the game.
[21:24:04] [Client thread/INFO]: [CHAT] < Lindsay_27> MrPorkRinds
[21:24:06] [Client thread/INFO]: [CHAT] Mira_15 left the game.
[21:24:08] [Client thread/INFO]: [CHAT] < Lindsay_27> You griefer.
[21:24:12] [Client thread/INFO]: [CHAT] First position set to (48.0, 50.0, 254.0) (1296).
[21:24:13] [Client thread/INFO]: [CHAT] First position set to (48.0, 52.0, 254.0) (2592).
[21:24:17] [Client thread/INFO]: [CHAT] Second position set to (48.0, 50.0, 228.0) (81).
[21:24:19] [Client thread/INFO]: [CHAT] Second position set to (48.0, 52.0, 228.0) (27).
[21:24:21] [Client thread/INFO]: [CHAT] 25 block(s) have been replaced.
[21:24:27] [Client thread/INFO]: [CHAT] First position set to (48.0, 50.0, 254.0) (81).
[21:24:27] [Client thread/INFO]: [CHAT] < Lindsay_27> I'm not stupid you know.
[21:24:28] [Client thread/INFO]: [CHAT] First position set to (48.0, 51.0, 254.0) (54).
[21:24:32] [Client thread/INFO]: [CHAT] Second position set to (48.0, 51.0, 228.0) (27).
[21:24:33] [Client thread/INFO]: [CHAT] Dynamic_Alex left the game.
[21:24:33] [Client thread/INFO]: [CHAT] MrProkRinds left the game.
[21:24:33] [Client thread/INFO]: [CHAT] Second position set to (48.0, 50.0, 228.0) (54).
[21:24:34] [Client thread/INFO]: [CHAT] 50 block(s) have been replaced.
[21:24:40] [Client thread/INFO]: [CHAT] <cooldude161> brb
[21:24:41] [Client thread/INFO]: [CHAT] < Lindsay_27> lol
[21:24:42] [Client thread/INFO]: [CHAT] First position set to (48.0, 50.0, 237.0) (10).
[21:24:43] [Client thread/INFO]: [CHAT] EarthKerbecs joined the game.
[21:24:43] [Client thread/INFO]: [CHAT] Welcome EarthKerbecs to the server!
[21:24:44] [Client thread/INFO]: [CHAT] First position set to (48.0, 50.0, 238.0) (11).
[21:24:45] [Client thread/INFO]: [CHAT] Second position set to (48.0, 51.0, 238.0) (2).
[21:24:45] [Client thread/INFO]: [CHAT] Second position set to (48.0, 51.0, 237.0) (4).
[21:24:50] [Client thread/INFO]: [CHAT] 4 block(s) have been replaced.
[21:24:54] [Client thread/INFO]: [CHAT] MrProkRinds joined the game.
[21:24:55] [Client thread/INFO]: [CHAT] First position set to (48.0, 50.0, 239.0) (6).
[21:24:56] [Client thread/INFO]: [CHAT] Second position set to (48.0, 52.0, 239.0) (3).
[21:25:02] [Client thread/INFO]: [CHAT] Block name 'bricks' was not recognized.
[21:25:02] [Client thread/INFO]: [CHAT] < Lindsay_27> ProkRinds
[21:25:04] [Client thread/INFO]: [CHAT] 3 block(s) have been replaced.
[21:25:07] [Client thread/INFO]: [CHAT] First position set to (48.0, 52.0, 238.0) (2).
[21:25:10] [Client thread/INFO]: [CHAT] Second position set to (48.0, 52.0, 237.0) (2).
[21:25:11] [Client thread/INFO]: [CHAT] 2 block(s) have been replaced.
[21:25:12] [Client thread/INFO]: [CHAT] < Lindsay_27> I ain't stupid.
[21:25:12] [Client thread/INFO]: [CHAT] First position set to (48.0, 50.0, 236.0) (6).
[21:25:14] [Client thread/INFO]: [CHAT] Second position set to (48.0, 52.0, 236.0) (3).
[21:25:14] [Client thread/INFO]: [CHAT] 3 block(s) have been replaced.
[21:25:15] [Client thread/INFO]: [CHAT] <EarthKerbecs> help
[21:25:17] [Client thread/INFO]: [CHAT] EarthKerbecs left the game.
[21:25:21] [Client thread/INFO]: [CHAT] First position set to (48.0, 51.0, 241.0) (12).
[21:25:21] [Client thread/INFO]: [CHAT] First position set to (48.0, 52.0, 241.0) (6).
[21:25:24] [Client thread/INFO]: [CHAT] Second position set to (48.0, 52.0, 252.0) (12).
[21:25:25] [Client thread/INFO]: [CHAT] Second position set to (48.0, 51.0, 252.0) (24).
[21:25:30] [Client thread/INFO]: [CHAT] <MrProkRinds> srry so much i mean it
[21:25:34] [Client thread/INFO]: [CHAT] 24 block(s) have been replaced.
[21:25:36] [Client thread/INFO]: [CHAT] < Lindsay_27> -.-
[21:25:41] [Client thread/INFO]: [CHAT] First position set to (48.0, 52.0, 234.0) (38).
[21:25:42] [Client thread/INFO]: [CHAT] First position set to (48.0, 51.0, 234.0) (19).
[21:25:44] [Client thread/INFO]: [CHAT] Second position set to (48.0, 51.0, 230.0) (5).
[21:25:45] [Client thread/INFO]: [CHAT] Second position set to (48.0, 52.0, 230.0) (10).
[21:25:46] [Client thread/INFO]: [CHAT] 10 block(s) have been replaced.
[21:26:10] [Client thread/INFO]: [CHAT] First position set to (48.0, 50.0, 228.0) (9).
[21:26:11] [Client thread/INFO]: [CHAT] First position set to (48.0, 52.0, 228.0) (3).
[21:26:13] [Client thread/INFO]: [CHAT] < Lindsay_27> Waitin' for Earth to come back on. xD
[21:26:15] [Client thread/INFO]: [CHAT] Second position set to (25.0, 52.0, 228.0) (24).
[21:26:16] [Client thread/INFO]: [CHAT] Second position set to (25.0, 50.0, 228.0) (72).
[21:26:18] [Client thread/INFO]: [CHAT] 6 block(s) have been replaced.
[21:26:22] [Client thread/INFO]: [CHAT] Undo successful.
[21:26:32] [Client thread/INFO]: [CHAT] 66 block(s) have been replaced.
[21:26:38] [Client thread/INFO]: [CHAT] First position set to (25.0, 50.0, 228.0) (1).
[21:26:39] [Client thread/INFO]: [CHAT] First position set to (25.0, 52.0, 228.0) (3).
[21:26:45] [Client thread/INFO]: [CHAT] Second position set to (25.0, 52.0, 254.0) (27).
[21:26:46] [Client thread/INFO]: [CHAT] Second position set to (25.0, 50.0, 254.0) (81).
[21:26:47] [Client thread/INFO]: [CHAT] 75 block(s) have been replaced.
[21:26:56] [Client thread/INFO]: [CHAT] Second position set to (48.0, 50.0, 254.0) (1944).
[21:26:58] [Client thread/INFO]: [CHAT] Second position set to (48.0, 52.0, 254.0) (648).
[21:27:02] [Client thread/INFO]: [CHAT] First position set to (25.0, 52.0, 254.0) (24).
[21:27:03] [Client thread/INFO]: [CHAT] First position set to (25.0, 50.0, 254.0) (72).
[21:27:04] [Client thread/INFO]: [CHAT] 66 block(s) have been replaced.
[21:27:26] [Client thread/INFO]: [CHAT] <[DarkLegendary] DarkRai> wtf
[21:27:32] [Client thread/INFO]: [CHAT] < Lindsay_27> ?
[21:27:38] [Client thread/INFO]: [CHAT] <[DarkLegendary] DarkRai> grief
[21:27:43] [Client thread/INFO]: [CHAT] First position set to (48.0, 53.0, 228.0) (54).
[21:27:45] [Client thread/INFO]: [CHAT] < Lindsay_27> Where?
[21:27:47] [Client thread/INFO]: [CHAT] Second position set to (25.0, 53.0, 228.0) (24).
[21:27:58] [Client thread/INFO]: [CHAT] Block name 'spruce wood' was not recognized.
[21:28:03] [Client thread/INFO]: [CHAT] <[PBCPlatinuElite] Charmander> lel
[21:28:13] [Client thread/INFO]: [CHAT] 22 block(s) have been replaced.
[21:28:45] [Client thread/INFO]: [CHAT] First position set to (25.0, 53.0, 228.0) (1).
[21:28:49] [Client thread/INFO]: [CHAT] Second position set to (25.0, 53.0, 254.0) (27).
[21:28:50] [Client thread/INFO]: [CHAT] 25 block(s) have been replaced.
[21:28:54] [Client thread/INFO]: [CHAT] First position set to (25.0, 53.0, 254.0) (1).
[21:28:56] [Client thread/INFO]: [CHAT] Second position set to (48.0, 53.0, 254.0) (24).
[21:28:57] [Client thread/INFO]: [CHAT] 22 block(s) have been replaced.
[21:29:03] [Client thread/INFO]: [CHAT] First position set to (48.0, 53.0, 254.0) (1).
[21:29:07] [Client thread/INFO]: [CHAT] Second position set to (48.0, 53.0, 228.0) (27).
[21:29:08] [Client thread/INFO]: [CHAT] 25 block(s) have been replaced.
[21:29:13] [Client thread/INFO]: [CHAT] First position set to (47.0, 53.0, 254.0) (54).
[21:29:18] [Client thread/INFO]: [CHAT] First position set to (26.0, 53.0, 254.0) (621).
[21:29:20] [Client thread/INFO]: [CHAT] Second position set to (26.0, 53.0, 228.0) (27).
[21:29:24] [Client thread/INFO]: [CHAT] Second position set to (47.0, 53.0, 228.0) (594).
[21:29:24] [Client thread/INFO]: [CHAT] DarrylJRA joined the game.
[21:29:30] [Client thread/INFO]: [CHAT] 550 block(s) have been replaced.
[21:30:00] [Client thread/INFO]: [CHAT] <[Helper++] Darryl> Hai guys, my computer keeps crashing on me ;-;
[21:30:13] [Client thread/INFO]: [CHAT] < Lindsay_27> O.o
[21:30:57] [Client thread/INFO]: [CHAT] <cooldude161> sry but its WIP
[21:31:05] [Client thread/INFO]: [CHAT] <[DarkLegendary] DarkRai> aww ok
[21:31:12] [Client thread/INFO]: [CHAT] <cooldude161> but thanks
[21:31:24] [Client thread/INFO]: [CHAT] *  Charmander : is going offline later.
[21:31:31] [Client thread/INFO]: [CHAT] Vova_Prime joined the game.
[21:31:31] [Client thread/INFO]: [CHAT] Welcome Vova_Prime to the server!
[21:31:33] [Client thread/INFO]: [CHAT] <[Helper++] Darryl> Does anyone need help?
[21:31:36] [Client thread/INFO]: [CHAT] DarrylJRA - Opping Vova_Prime
[21:31:40] [Client thread/INFO]: [CHAT] <Supermen> w
[21:31:43] [Client thread/INFO]: [CHAT] <[Helper++] Darryl> Welcome Vova_Prime
[21:32:03] [Client thread/INFO]: [CHAT] *  Charmander : is now going offline right now.
[21:32:11] [Client thread/INFO]: [CHAT] <[DarkLegendary] DarkRai> awww
[21:32:18] [Client thread/INFO]: [CHAT] *  Charmander : Goodbye all.
[21:32:19] [Client thread/INFO]: [CHAT] < Lindsay_27> I'm bored. :P
[21:32:21] [Client thread/INFO]: [CHAT] < Lindsay_27> Bai
[21:32:24] [Client thread/INFO]: [CHAT] MatrapMay left the game.
[21:32:45] [Client thread/INFO]: [CHAT] <cooldude161> ehy mewtwo
[21:32:57] [Client thread/INFO]: [CHAT] <cooldude161> guyss
[21:33:09] [Client thread/INFO]: [CHAT] <cooldude161> ehy my ball wanna help
[21:33:10] [Client thread/INFO]: [CHAT] supremepkmn9000 joined the game.
[21:33:11] [Client thread/INFO]: [CHAT] Welcome supremepkmn9000 to the server!
[21:33:15] [Client thread/INFO]: [CHAT] <[Helper++] Darryl> Omg
[21:33:30] [Client thread/INFO]: [CHAT] <[Helper++] Darryl> mepkmn!?
[21:33:35] [Client thread/INFO]: [CHAT] DarrylJRA - Opping Supermen
[21:33:35] [Client thread/INFO]: [CHAT] <supremepkmn9000> hi
[21:33:40] [Client thread/INFO]: [CHAT] < Lindsay_27> Hai
[21:33:50] [Client thread/INFO]: [CHAT] DarrylJRA - Opping supremepkmn9000
[21:33:53] [Client thread/INFO]: [CHAT] <[Helper++] Darryl> You know me right?
[21:33:55] [Client thread/INFO]: [CHAT] <supremepkmn9000> thnkx
[21:33:58] [Client thread/INFO]: [CHAT] <[Helper++] Darryl> From Noble?
[21:34:00] [Client thread/INFO]: [CHAT] <[Helper++] Darryl> Np.
[21:34:01] [Client thread/INFO]: [CHAT] <cooldude161> im building sapce musuem i hope it willl show peaple how awsome space is
[21:34:12] [Client thread/INFO]: [CHAT] <cooldude161> :/
[21:34:18] [Client thread/INFO]: [CHAT] Supermen left the game.
[21:34:29] [Client thread/INFO]: [CHAT] <[Helper++] Darryl> supremepkmn9000 you're from noble right
[21:34:34] [Client thread/INFO]: [CHAT] <supremepkmn9000> noble...craft?
[21:34:38] [Client thread/INFO]: [CHAT] <[Helper++] Darryl> Yes
[21:34:44] [Client thread/INFO]: [CHAT] <supremepkmn9000> oh then yes
[21:34:57] [Client thread/INFO]: [CHAT] <supremepkmn9000> cooldude
[21:35:05] [Client thread/INFO]: [CHAT] <supremepkmn9000> put a chest over here
[21:35:14] [Client thread/INFO]: [CHAT] <cooldude161> this musum whill have a a butt ton of replucis *not full siez* of irl spacecraft
[21:35:42] [Client thread/INFO]: [CHAT] < Lindsay_27> Imma leave.
[21:35:43] [Client thread/INFO]: [CHAT] < Lindsay_27> Bai!
[21:35:48] [Client thread/INFO]: [CHAT] Lindsay_27 left the game.
[21:36:07] [Client thread/INFO]: [CHAT] Zapster45 joined the game.
[21:36:28] [Client thread/INFO]: [CHAT] <[Helper++] mogger> Believe me ive seen worst builds
[21:36:34] [Client thread/INFO]: [CHAT] <cooldude161> ehy mybell
[21:36:36] [Client thread/INFO]: [CHAT] <[Helper++] mogger> What da frek
[21:36:46] [Client thread/INFO]: [CHAT] <cooldude161> do you wanna be hired ill pay 50 emralds
[21:36:47] [Client thread/INFO]: [CHAT] <Zapster45> How do I escape spawn?
[21:36:47] [Client thread/INFO]: [CHAT] <[Helper++] mogger> Hey.. Who nicked me?
[21:37:08] [Client thread/INFO]: [CHAT] <cooldude161> or 1 emrald bock for spechil timing
[21:37:10] [Client thread/INFO]: [CHAT] <Zapster45> Thanks.
[21:37:11] [Client thread/INFO]: [CHAT] <cooldude161> block*
[21:37:14] [Client thread/INFO]: [CHAT] Foe51 joined the game.
[21:37:14] [Client thread/INFO]: [CHAT] Welcome Foe51 to the server!
[21:37:14] [Client thread/INFO]: [CHAT] <cooldude161> umm fine
[21:37:19] [Client thread/INFO]: [CHAT] <cooldude161> uhhh*
[21:37:28] [Client thread/INFO]: [CHAT] DarrylJRA - Opping Foe51
[21:37:30] [Client thread/INFO]: [CHAT] <[Helper++] Darryl> Welcome
[21:37:43] [Client thread/INFO]: [CHAT] <Vova_Prime> lol
[21:38:09] [Client thread/INFO]: [CHAT] <cooldude161> ehy darry
[21:38:13] [Client thread/INFO]: [CHAT] <cooldude161> wann be hired
[21:38:25] [Client thread/INFO]: [CHAT] <[Helper++] Darryl> Whoever's nicking me better stop
[21:38:29] [Client thread/INFO]: [CHAT] <cooldude161> _mybell_ your hiiirrrrrreeeddddd
[21:38:36] [Client thread/INFO]: [CHAT] <[Helper++] Darryl> Sure cooldude
[21:38:40] [Client thread/INFO]: [CHAT] <cooldude161> maybe
[21:38:50] [Client thread/INFO]: [CHAT] <cooldude161> DARRY your hirrrrreeeeddddd
[21:38:59] [Client thread/INFO]: [CHAT] <cooldude161> as teh chasier
[21:39:00] [Client thread/INFO]: [CHAT] jarryl2002 joined the game.
[21:39:07] [Client thread/INFO]: [CHAT] <cooldude161> you stand right here
[21:39:32] [Client thread/INFO]: [CHAT] <cooldude161> you open teh dorr when a player gives you and emrald or an emrald bock
[21:39:35] [Client thread/INFO]: [CHAT] <cooldude161> tahts the lever
[21:39:36] [Client thread/INFO]: [CHAT] <supremepkmn9000> this book
[21:39:37] [Client thread/INFO]: [CHAT] <[Helper++] ur_penis_is_doing_this> Okay
[21:39:43] [Client thread/INFO]: [CHAT] <cooldude161> to open/close the doors
[21:40:07] [Client thread/INFO]: [CHAT] <Vova_Prime> look at me
[21:40:23] [Client thread/INFO]: [CHAT] <cooldude161> mybell you will help me with teh replicas
[21:40:30] [Client thread/INFO]: [CHAT] <[DarkLegendary] DarkRai> ok
[21:40:34] [Client thread/INFO]: [CHAT] <Foe51> help
[21:41:04] [Client thread/INFO]: [CHAT] <Zapster45> Can I join your pokemon community?
[21:41:07] [Client thread/INFO]: [CHAT] <cooldude161> ummmmm
[21:41:10] [Client thread/INFO]: [CHAT] <[DarkLegendary] DarkRai> yeah
[21:41:14] [Client thread/INFO]: [CHAT] <jarryl2002> invis guy
[21:41:32] [Client thread/INFO]: [CHAT] <cooldude161> lets start with teh spce shuttle
[21:41:38] [Client thread/INFO]: [CHAT] <[DarkLegendary] DarkRai> ok
[21:41:47] [Client thread/INFO]: [CHAT] <{Pokemon_Master} Ash> ...
[21:41:51] [Client thread/INFO]: [CHAT] <MrProkRinds> this is my house
[21:42:02] [Client thread/INFO]: [CHAT] <{Pokemon_Master} Red> .....
[21:42:10] [Client thread/INFO]: [CHAT] <Zapster45> I need a house.
[21:42:13] [Client thread/INFO]: [CHAT] <[Helper++] ur_penis_is_doing_this> Be right back
[21:42:19] [Client thread/INFO]: [CHAT] <[Helper++] ur_penis_is_doing_this> Mah gawd..
[21:42:21] [Client thread/INFO]: [CHAT] <{Pokemon_Master} Red> .... !
[21:42:29] [Client thread/INFO]: [CHAT] <{Pokemon_Master} Red> .............
[21:42:31] [Client thread/INFO]: [CHAT] <[Helper++] ur_penis_is_doing_this> Who the hell is nicking me
[21:42:40] [Client thread/INFO]: [CHAT] <[Helper++] Darryl> You better stop
[21:42:48] [Client thread/INFO]: [CHAT] <[DarkLegendary] DarkRai> ur penis is nicking u
[21:43:16] [Client thread/INFO]: [CHAT] <cooldude161> mybell your in way
[21:43:30] [Client thread/INFO]: [CHAT] <[Helper++] Darryl> Who wants to peevepeh
[21:43:35] [Client thread/INFO]: [CHAT] <MrProkRinds> stop this is my house
[21:43:58] [Client thread/INFO]: [CHAT] <[Helper++] Darryl> Who wants to pvp
[21:44:33] [Client thread/INFO]: [CHAT] <[DarkLegendary] DarkRai> if i pvped anyone they wouldnt win i am one of the strongest
[21:44:45] [Client thread/INFO]: [CHAT] <[DarkLegendary] DarkRai> unless the gm c pvp
[21:45:17] [Client thread/INFO]: [CHAT] <MrProkRinds> yaaaaaaaaaaaaaaaaaaaaaaaaaaaa
[21:45:20] [Client thread/INFO]: [CHAT] <[Helper++] Darryl> Dark I challenge you to fight Mario when he gets on
[21:45:24] [Client thread/INFO]: [CHAT] <MrProkRinds> yaaaaaaaaaaaaaaaaaaaaaaaaaaaay
[21:45:27] [Client thread/INFO]: [CHAT] <[DarkLegendary] DarkRai> ok
[21:45:36] [Client thread/INFO]: [CHAT] <[DarkLegendary] DarkRai> i accept
[21:45:45] [Client thread/INFO]: [CHAT] <[Helper++] Darryl> He's a true pvp champ, he killed a superadmin 3 times lul
[21:45:46] [Client thread/INFO]: [CHAT] <[DarkLegendary] DarkRai> i would need my trainer tho
[21:46:05] [Client thread/INFO]: [CHAT] rubyroo89 joined the game.
[21:46:05] [Client thread/INFO]: [CHAT] Welcome rubyroo89 to the server!
[21:46:10] [Client thread/INFO]: [CHAT] DakSen joined the game.
[21:46:10] [Client thread/INFO]: [CHAT] DarrylJRA - Opping rubyroo89
[21:46:15] [Client thread/INFO]: [CHAT] <[Helper++] Darryl> Welcome rubyroo89
[21:46:34] [Client thread/INFO]: [CHAT] < DakSen> Admins on?
[21:46:51] [Client thread/INFO]: [CHAT] <[Helper++] Darryl> Supreme do you have pickelmon?
[21:46:57] [Client thread/INFO]: [CHAT] <[Helper++] Darryl> Pixelmon*
[21:47:00] [Client thread/INFO]: [CHAT] <Legendary_Pokemon EnderDragon> im a pokemon
[21:47:10] [Client thread/INFO]: [CHAT] jackofhallow joined the game.
[21:47:10] [Client thread/INFO]: [CHAT] < DakSen> Does anyone know a pixelmon server?!
[21:47:11] [Client thread/INFO]: [CHAT] <{Pokemon_Master} Red> i wish my computer crashes when i download ANY mod
[21:47:22] [Client thread/INFO]: [CHAT] <[Helper++] Darryl> Why
[21:47:29] [Client thread/INFO]: [CHAT] < DakSen> Does anyone know a pixelmon server?!!!!!!
[21:47:34] [Client thread/INFO]: [CHAT] <{Pokemon_Master} supremepkmn9000> idk it just dosent work
[21:47:34] [Client thread/INFO]: [CHAT] rubyroo89 left the game.
[21:47:56] [Client thread/INFO]: [CHAT] <cooldude161> egt mybell
[21:47:57] [Client thread/INFO]: [CHAT] <[Helper++] I> Okay whoever you are you better show up
[21:47:57] [Client thread/INFO]: [CHAT] <cooldude161> ehy*
[21:48:06] [Client thread/INFO]: [CHAT] <cooldude161> :/
[21:48:20] [Client thread/INFO]: [CHAT] <[Helper++] I> Stop nicking people god damnit
[21:48:23] [Client thread/INFO]: [CHAT] Foe51 left the game.
[21:48:24] [Client thread/INFO]: [CHAT] <cooldude161> ehy come here
[21:48:24] [Client thread/INFO]: [CHAT] < DakSen> ?
[21:48:28] [Client thread/INFO]: [CHAT] 6p21 joined the game.
[21:48:30] [Client thread/INFO]: [CHAT] Foe51 joined the game.
[21:48:49] [Client thread/INFO]: [CHAT] < DakSen> Who owns a servr
[21:48:50] [Client thread/INFO]: [CHAT] <[Helper++] Darryl> "Penis_Sexer"? Reallu
[21:48:51] [Client thread/INFO]: [CHAT] DwarfMaster999 joined the game.
[21:48:51] [Client thread/INFO]: [CHAT] Welcome DwarfMaster999 to the server!
[21:48:53] [Client thread/INFO]: [CHAT] <MrProkRinds> it is cool with me
[21:48:53] [Client thread/INFO]: [CHAT] <cooldude161> looks kinda liek a shoe
[21:48:57] [Client thread/INFO]: [CHAT] DarrylJRA - Opping DwarfMaster999
[21:48:59] [Client thread/INFO]: [CHAT] <jarryl2002> ok
[21:49:18] [Client thread/INFO]: [CHAT] <DwarfMaster999> where ma i
[21:49:18] [Client thread/INFO]: [CHAT] < DakSen> Everyone listen to me!
[21:49:21] [Client thread/INFO]: [CHAT] D0mik joined the game.
[21:49:23] [Client thread/INFO]: [CHAT] < Requiem> No
[21:49:29] [Client thread/INFO]: [CHAT] < DakSen> Fuck u :3
[21:49:33] [Client thread/INFO]: [CHAT] <jarryl2002> there is a firrework in the chest
[21:49:36] [Client thread/INFO]: [CHAT] < Requiem> No.
[21:49:41] [Client thread/INFO]: [CHAT] < DakSen> No
[21:49:46] [Client thread/INFO]: [CHAT] < Requiem> No
[21:49:49] [Client thread/INFO]: [CHAT] DwarfMaster999 left the game.
[21:49:49] [Client thread/INFO]: [CHAT] < DakSen> No.
[21:49:50] [Client thread/INFO]: [CHAT] * VideoGameSmash12 is now AFK.
[21:49:52] [Client thread/INFO]: [CHAT] < Requiem> Yes
[21:49:56] [Client thread/INFO]: [CHAT] < DakSen> Yes
[21:49:58] [Client thread/INFO]: [CHAT] < Requiem> No
[21:50:00] [Client thread/INFO]: [CHAT] < DakSen> No
[21:50:04] [Client thread/INFO]: [CHAT] <MrProkRinds> can i have a rocket
[21:50:05] [Client thread/INFO]: [CHAT] < Requiem> Maybe
[21:50:08] [Client thread/INFO]: [CHAT] < DakSen> Maybe
[21:50:13] [Client thread/INFO]: [CHAT] <jarryl2002> hold on
[21:50:15] [Client thread/INFO]: [CHAT] < Requiem> Copying me
[21:50:18] [Client thread/INFO]: [CHAT] <MrProkRinds> k
[21:50:19] [Client thread/INFO]: [CHAT] < DakSen> Copying me
[21:50:19] [Client thread/INFO]: [CHAT] <Pokemon Magmar> Now I'm a pokemon!
[21:50:26] [Client thread/INFO]: [CHAT] XDarkCrysisX joined the game.
[21:50:26] [Client thread/INFO]: [CHAT] Welcome XDarkCrysisX to the server!
[21:50:32] [Client thread/INFO]: [CHAT] < Requiem> I type faster I hope you know, keep trying though
[21:50:32] [Client thread/INFO]: [CHAT] DarrylJRA - Opping XDarkCrysisX
[21:50:35] [Client thread/INFO]: [CHAT] < Requiem> My dear boy
[21:50:39] [Client thread/INFO]: [CHAT] < DakSen> My dear boy
[21:50:50] [Client thread/INFO]: [CHAT] <Legendary Vova_Prime> lol
[21:50:52] [Client thread/INFO]: [CHAT] * VideoGameSmash12 is no longer AFK.
[21:50:57] [Client thread/INFO]: [CHAT] < Requiem> Ha, weakling can't keep up with my uber fast typing
[21:51:01] [Client thread/INFO]: [CHAT] < Requiem> Try harder
[21:51:02] [Client thread/INFO]: [CHAT] < DakSen> .
[21:51:05] [Client thread/INFO]: [CHAT] < DakSen> Try harder
[21:51:05] [Client thread/INFO]: [CHAT] <MrProkRinds> thx
[21:51:18] [Client thread/INFO]: [CHAT] <Legendary Vova_Prime> can i help build something?
[21:51:24] [Client thread/INFO]: [CHAT] You have 5 messages! Type /mail read to view your mail.
[21:51:24] [Client thread/INFO]: [CHAT] Giving 63 of skull item
[21:51:29] [Client thread/INFO]: [CHAT] < DakSen> .
[21:51:35] [Client thread/INFO]: [CHAT] You have 5 messages! Type /mail read to view your mail.
[21:51:35] [Client thread/INFO]: [CHAT] Giving 63 of skull item
[21:51:41] [Client thread/INFO]: [CHAT] < DakSen> Yuo cant copy me i type even faster
[21:51:42] [Client thread/INFO]: [CHAT] < DakSen> lol
[21:51:43] [Client thread/INFO]: [CHAT] < DakSen> you*
[21:51:44] [Client thread/INFO]: [CHAT] <{Pokemon_Master} Supremepkmn9000> brb
[21:51:45] [Client thread/INFO]: [CHAT] *  Supremepkmn9000 is now AFK.
[21:51:45] [Client thread/INFO]: [CHAT] < DakSen> haha
[21:51:46] [Client thread/INFO]: [CHAT] < DakSen> xD
[21:51:58] [Client thread/INFO]: [CHAT] XDarkCrysisX left the game.
[21:52:08] [Client thread/INFO]: [CHAT] < Requiem> I have no desire to copy you
[21:52:11] [Client thread/INFO]: [CHAT] DwarfMaster999 joined the game.
[21:52:12] [Client thread/INFO]: [CHAT] <[Helper++] Darryl> I'm sorry is there a race going on for those who type faster?
[21:52:13] [Client thread/INFO]: [CHAT] < Requiem> So stop trying thanks
[21:52:17] [Client thread/INFO]: [CHAT] < DakSen> Thanks
[21:52:19] [Client thread/INFO]: [CHAT] < DakSen> hi
[21:52:20] [Client thread/INFO]: [CHAT] You have 5 messages! Type /mail read to view your mail.
[21:52:20] [Client thread/INFO]: [CHAT] Giving 1 of skull item
[21:52:24] [Client thread/INFO]: [CHAT] < DakSen> muhahj0phjdpnbiophbiaoph[riowe
[21:52:24] [Client thread/INFO]: [CHAT] Burritopinguin57 joined the game.
[21:52:24] [Client thread/INFO]: [CHAT] Welcome Burritopinguin57 to the server!
[21:52:25] [Client thread/INFO]: [CHAT] <DwarfMaster999> help
[21:52:29] [Client thread/INFO]: [CHAT] You have 5 messages! Type /mail read to view your mail.
[21:52:29] [Client thread/INFO]: [CHAT] Giving 1 of skull item
[21:52:33] [Client thread/INFO]: [CHAT] <Burritopinguin57> Hi.:-)
[21:52:34] [Client thread/INFO]: [CHAT] DarrylJRA - Opping Burritopinguin57
[21:52:39] [Client thread/INFO]: [CHAT] You have 5 messages! Type /mail read to view your mail.
[21:52:39] [Client thread/INFO]: [CHAT] Giving 63 of skull item
[21:52:42] [Client thread/INFO]: [CHAT] <Wild Magmar> Where's the party at?
[21:52:50] [Client thread/INFO]: [CHAT] <DwarfMaster999> let me out
[21:53:00] [Client thread/INFO]: [CHAT] You have 5 messages! Type /mail read to view your mail.
[21:53:00] [Client thread/INFO]: [CHAT] Giving 64 of skull item
[21:53:06] [Client thread/INFO]: [CHAT] <jarryl2002> wow
[21:53:06] [Client thread/INFO]: [CHAT] You have 5 messages! Type /mail read to view your mail.
[21:53:06] [Client thread/INFO]: [CHAT] Giving 64 of skull item
[21:53:09] [Client thread/INFO]: [CHAT] <jarryl2002> what happen
[21:53:12] [Client thread/INFO]: [CHAT] < DakSen> Requim r u going to listen to me
[21:53:15] [Client thread/INFO]: [CHAT] You have 5 messages! Type /mail read to view your mail.
[21:53:15] [Client thread/INFO]: [CHAT] Giving 64 of skull item
[21:53:17] [Client thread/INFO]: [CHAT] < Requiem> No
[21:53:22] [Client thread/ERROR]: Item entity 1742 has no item?!
[21:53:22] [Client thread/ERROR]: Item entity 1742 has no item?!
[21:53:22] [Client thread/ERROR]: Item entity 1742 has no item?!
[21:53:22] [Client thread/ERROR]: Item entity 1742 has no item?!
[21:53:22] [Client thread/ERROR]: Item entity 1742 has no item?!
[21:53:22] [Client thread/ERROR]: Item entity 1742 has no item?!
[21:53:22] [Client thread/ERROR]: Item entity 1742 has no item?!
[21:53:22] [Client thread/ERROR]: Item entity 1742 has no item?!
[21:53:22] [Client thread/INFO]: [CHAT] < DakSen> ok say bye to ur house
[21:53:27] [Client thread/INFO]: [CHAT] <Burritopinguin57> I'm using MC Chat.
[21:53:29] [Client thread/INFO]: [CHAT] < Requiem> Griefing?
[21:53:33] [Client thread/INFO]: [CHAT] <MrProkRinds> laggg
[21:53:36] [Client thread/INFO]: [CHAT] < Requiem> SS and reported
[21:53:44] [Client thread/INFO]: [CHAT] < Requiem> Thanks for your remark.
[21:53:50] [Client thread/INFO]: [CHAT] < DakSen> I can undo when u listen
[21:53:51] [Client thread/INFO]: [CHAT] <VideoGameSmash12> Everybody have a good time!
[21:54:00] [Client thread/INFO]: [CHAT] <jarryl2002> lag
[21:54:01] [Client thread/INFO]: [CHAT] < DakSen> I want to ask
[21:54:03] [Client thread/INFO]: [CHAT] You have 5 messages! Type /mail read to view your mail.
[21:54:03] [Client thread/INFO]: [CHAT] Giving 64 of skull item
[21:54:04] [Client thread/INFO]: [CHAT] <Burritopinguin57> d
[21:54:06] [Client thread/INFO]: [CHAT] <MrProkRinds> me to
[21:54:10] [Client thread/INFO]: [CHAT] hevaapa joined the game.
[21:54:10] [Client thread/INFO]: [CHAT] Welcome hevaapa to the server!
[21:54:12] [Client thread/INFO]: [CHAT] < DakSen> Do u know a pielmon server?
[21:54:24] [Client thread/INFO]: [CHAT] DarrylJRA - Opping hevaapa
[21:54:29] [Client thread/INFO]: [CHAT] You have 5 messages! Type /mail read to view your mail.
[21:54:29] [Client thread/INFO]: [CHAT] Giving 64 of skull item
[21:54:34] [Client thread/INFO]: [CHAT] Your nickname is now  Ghost.
[21:54:36] [Client thread/INFO]: [CHAT] < Requiem> Dak, I'm having you banned.
[21:54:38] [Client thread/INFO]: [CHAT] *  Supremepkmn9000 is no longer AFK.
[21:54:39] [Client thread/INFO]: [CHAT] You have 5 messages! Type /mail read to view your mail.
[21:54:39] [Client thread/INFO]: [CHAT] Giving 64 of skull item
[21:54:40] [Client thread/INFO]: [CHAT] < DakSen> ?
[21:54:42] [Client thread/INFO]: [CHAT] <Legendary Vova_Prime> imma ghost pokemon
[21:54:43] [Client thread/INFO]: [CHAT] < DakSen> I did nothin
[21:54:45] [Client thread/INFO]: [CHAT] < Requiem> Have fun while it lasts.
[21:54:51] [Client thread/INFO]: [CHAT] < DakSen> Nothing was wrong
[21:54:59] [Client thread/INFO]: [CHAT] < DakSen> Everything is same
[21:55:01] [Client thread/INFO]: [CHAT] < Requiem> I saw you blatantly grief.
[21:55:02] [Client thread/INFO]: [CHAT] <{Pokemon_Master} Supremepkmn9000> hi darryl
[21:55:07] [Client thread/INFO]: [CHAT] < DakSen> I trolled
[21:55:07] [Client thread/INFO]: [CHAT] <MrProkRinds> lag
[21:55:09] [Client thread/INFO]: [CHAT] <[Helper++] Darryl> Hello
[21:55:16] [Client thread/INFO]: [CHAT] You have 5 messages! Type /mail read to view your mail.
[21:55:16] [Client thread/INFO]: [CHAT] Giving 64 of skull item
[21:55:20] [Client thread/INFO]: [CHAT] < Requiem> Not acceptable on this server, read the rules.
[21:55:21] [Client thread/INFO]: [CHAT] <{Pokemon_Master} Supremepkmn9000> ima go build the pokemon leauge and my own Mt.
[21:55:23] [Client thread/INFO]: [CHAT] <Burritopinguin57> I gtg, bye.
[21:55:25] [Client thread/INFO]: [CHAT] < DakSen> I just want to know a pixelmon server :/
[21:55:26] [Client thread/INFO]: [CHAT] <[Helper++] Darryl> Okay
[21:55:32] [Client thread/INFO]: [CHAT] Burritopinguin57 left the game.
[21:55:33] [Client thread/INFO]: [CHAT] < Requiem> Google it then.
[21:55:38] [Client thread/INFO]: [CHAT] < Requiem> You are no longer welcome here.
[21:55:39] [Client thread/INFO]: [CHAT] <[Helper++] Darryl> Dak I know a pixelmon server
[21:55:42] [Client thread/INFO]: [CHAT] Burritopinguin57 joined the game.
[21:55:44] [Client thread/INFO]: [CHAT] < DakSen> It does not show any
[21:55:44] [Client thread/INFO]: [CHAT] You have 5 messages! Type /mail read to view your mail.
[21:55:44] [Client thread/INFO]: [CHAT] Giving 64 of skull item
[21:55:47] [Client thread/INFO]: [CHAT] Burritopinguin57 left the game.
[21:55:48] [Client thread/INFO]: [CHAT] < DakSen> Darry u do!?
[21:55:51] [Client thread/INFO]: [CHAT] < DakSen> does it work
[21:55:52] [Client thread/INFO]: [CHAT] <[Helper++] Darryl> Yes
[21:55:53] [Client thread/INFO]: [CHAT] You have 5 messages! Type /mail read to view your mail.
[21:55:53] [Client thread/INFO]: [CHAT] Giving 64 of skull item
[21:55:53] [Client thread/INFO]: [CHAT] < DakSen> is it 1.7
[21:55:54] [Client thread/INFO]: [CHAT] <[Helper++] Darryl> Yep
[21:55:57] [Client thread/INFO]: [CHAT] <[Helper++] Darryl> No..
[21:56:02] [Client thread/INFO]: [CHAT] < DakSen> oh then
[21:56:05] [Client thread/INFO]: [CHAT] You have 5 messages! Type /mail read to view your mail.
[21:56:05] [Client thread/INFO]: [CHAT] Giving 64 of skull item
[21:56:05] [Client thread/INFO]: [CHAT] < DakSen> fuck it
[21:56:07] [Client thread/INFO]: [CHAT] hevaapa left the game.
[21:56:11] [Client thread/INFO]: [CHAT] < DakSen> I need 1.7.2
[21:56:14] [Client thread/INFO]: [CHAT] You have 5 messages! Type /mail read to view your mail.
[21:56:14] [Client thread/INFO]: [CHAT] Giving 64 of skull item
[21:56:19] [Client thread/INFO]: [CHAT] <[Helper++] Darryl> Bcuz pixelmon hasn't updated to 1.7
[21:56:26] [Client thread/INFO]: [CHAT] You have 5 messages! Type /mail read to view your mail.
[21:56:26] [Client thread/INFO]: [CHAT] Giving 64 of skull item
[21:56:26] [Client thread/INFO]: [CHAT] < DakSen> oh :L
[21:56:27] [Client thread/INFO]: [CHAT] <[Helper++] Darryl> Dak you can downgrade
[21:56:30] [Client thread/INFO]: [CHAT] <jarryl2002> omg
[21:56:33] [Client thread/INFO]: [CHAT] <jarryl2002> lag
[21:56:34] [Client thread/INFO]: [CHAT] < DakSen> I cant
[21:56:41] [Client thread/INFO]: [CHAT] You have 5 messages! Type /mail read to view your mail.
[21:56:41] [Client thread/INFO]: [CHAT] Giving 64 of skull item
[21:56:42] [Client thread/INFO]: [CHAT] <[Helper++] Darryl> Why?
[21:56:45] [Client thread/INFO]: [CHAT] <MrProkRinds> got lag
[21:56:52] [Client thread/INFO]: [CHAT] < DakSen> My computer is getting slower
[21:56:56] [Client thread/INFO]: [CHAT] You have 5 messages! Type /mail read to view your mail.
[21:56:56] [Client thread/INFO]: [CHAT] Giving 64 of skull item
[21:56:58] [Client thread/INFO]: [CHAT] <Legendary Vova_Prime> lol
[21:57:02] [Client thread/INFO]: [CHAT] <jarryl2002> too laaggy
[21:57:17] [Client thread/INFO]: [CHAT] jackofhallow left the game.
[21:57:17] [Client thread/INFO]: [CHAT] You have 5 messages! Type /mail read to view your mail.
[21:57:17] [Client thread/INFO]: [CHAT] Giving 64 of skull item
[21:57:17] [Client thread/INFO]: [CHAT] <Legendary Vova_Prime> IM GHOST 6p21
[21:57:24] [Client thread/INFO]: [CHAT] <Legendary Vova_Prime> im ghost pokemon
[21:57:28] [Client thread/INFO]: [CHAT] You have 5 messages! Type /mail read to view your mail.
[21:57:28] [Client thread/INFO]: [CHAT] Giving 64 of skull item
[21:57:36] [Client thread/INFO]: [CHAT] <[Helper++] Darryl> So you're saying if you downgrade your computer will get slower?
[21:57:36] [Client thread/INFO]: [CHAT] You have 5 messages! Type /mail read to view your mail.
[21:57:36] [Client thread/INFO]: [CHAT] Giving 64 of skull item
[21:57:41] [Client thread/INFO]: [CHAT] < DakSen> Yep
[21:57:44] [Client thread/INFO]: [CHAT] <MrProkRinds> who is trolling
[21:57:47] [Client thread/INFO]: [CHAT] <[Helper++] Darryl> That's a bummer :/
[21:57:49] [Client thread/INFO]: [CHAT] <jarryl2002> ?
[21:57:54] [Client thread/INFO]: [CHAT] You have 5 messages! Type /mail read to view your mail.
[21:57:54] [Client thread/INFO]: [CHAT] Giving 64 of skull item
[21:57:58] [Client thread/INFO]: [CHAT] [CONSOLE]<mattmcmatt> darryl
[21:58:00] [Client thread/INFO]: [CHAT] <jarryl2002> maybe server error
[21:58:06] [Client thread/INFO]: [CHAT] <[Helper++] Darryl> Yes?
[21:58:07] [Client thread/INFO]: [CHAT] [CONSOLE]<mattmcmatt> what did daksen tell you
[21:58:13] [Client thread/INFO]: [CHAT] <cooldude161> dude no shadow stuff here
[21:58:15] [Client thread/INFO]: [CHAT] You have 5 messages! Type /mail read to view your mail.
[21:58:15] [Client thread/INFO]: [CHAT] Giving 64 of skull item
[21:58:19] [Client thread/INFO]: [CHAT] DeathMaster176 joined the game.
[21:58:33] [Client thread/INFO]: [CHAT] <[DarkLegendary] DarkRai> help
[21:58:44] [Client thread/INFO]: [CHAT] <[DarkLegendary] DarkRai> someone throwing invis pots at me
[21:58:52] [Client thread/INFO]: [CHAT] < DakSen> just do //god
[21:58:56] [Client thread/INFO]: [CHAT] < DakSen> wait /god
[21:58:57] [Client thread/INFO]: [CHAT] < DakSen> woops
[21:58:58] [Client thread/INFO]: [CHAT] <6p21> how do you put glass on your head
[21:59:00] [Client thread/INFO]: [CHAT] <[Helper++] Darryl> Dak says he's finding for a 1.7 pixelmon server. But unfortunately pixelmon hasn't gone up to 1.7
[21:59:07] [Client thread/INFO]: [CHAT] <MrProkRinds> who is trolling me
[21:59:08] [Client thread/INFO]: [CHAT] <Legendary Vova_Prime> do /hat
[21:59:09] [Client thread/INFO]: [CHAT] You have 5 messages! Type /mail read to view your mail.
[21:59:09] [Client thread/INFO]: [CHAT] Giving 64 of skull item
[21:59:16] [Client thread/INFO]: [CHAT] You have 5 messages! Type /mail read to view your mail.
[21:59:16] [Client thread/INFO]: [CHAT] Giving 64 of skull item
[21:59:17] [Client thread/INFO]: [CHAT] [CONSOLE]<mattmcmatt> well whatever dak said is a load of bullshit
[21:59:21] [Client thread/INFO]: [CHAT] DwarfMaster999 left the game.
[21:59:26] [Client thread/INFO]: [CHAT] [CONSOLE]<mattmcmatt> downgrading minecraft will not make your computer slwoer
[21:59:27] [Client thread/INFO]: [CHAT] You have 5 messages! Type /mail read to view your mail.
[21:59:27] [Client thread/INFO]: [CHAT] Giving 64 of skull item
[21:59:31] [Client thread/INFO]: [CHAT] [CONSOLE]<mattmcmatt> slower
[21:59:36] [Client thread/INFO]: [CHAT] <jarryl2002> i am going back soon
[21:59:41] [Client thread/INFO]: [CHAT] <MrProkRinds> k
[21:59:44] [Client thread/INFO]: [CHAT] <jarryl2002> i am going someone or
[21:59:44] [Client thread/INFO]: [CHAT] <[Helper++] Darryl> Oh!
[21:59:46] [Client thread/INFO]: [CHAT] You have 5 messages! Type /mail read to view your mail.
[21:59:46] [Client thread/INFO]: [CHAT] Giving 64 of skull item
[21:59:46] [Client thread/INFO]: [CHAT] <jarryl2002> ok
[21:59:55] [Client thread/INFO]: [CHAT] <[Helper++] Darryl> I actually did not know that..
[22:00:07] [Client thread/INFO]: [CHAT] <MrProkRinds> were you going
[22:00:15] [Client thread/INFO]: [CHAT] <[Helper++] Darryl> I guess I could tell that to Dak
[22:00:17] [Client thread/INFO]: [CHAT] <6p21> survival
[22:00:21] [Client thread/INFO]: [CHAT] <jarryl2002> looking at house
[22:00:24] [Client thread/INFO]: [CHAT] DeathMaster176 left the game.
[22:00:28] [Client thread/INFO]: [CHAT] <MrProkRinds> k
[22:00:32] [Client thread/INFO]: [CHAT] coochi111 joined the game.
[22:00:32] [Client thread/INFO]: [CHAT] Welcome coochi111 to the server!
[22:00:39] [Client thread/INFO]: [CHAT] DarrylJRA - Opping coochi111
[22:00:49] [Client thread/INFO]: [CHAT] You have 5 messages! Type /mail read to view your mail.
[22:00:49] [Client thread/INFO]: [CHAT] Giving 64 of skull item
[22:00:54] [Client thread/INFO]: [CHAT] <Wild Magmar> I'm a wild magmar with refined attacks.
[22:01:30] [Client thread/INFO]: [CHAT] <[Helper++] Darryl> Dak, actually downgrading your minecraft doesn't make you computer slower. So it might be something
[22:01:31] [Client thread/INFO]: [CHAT] * 6p21 is now AFK.
[22:01:34] [Client thread/INFO]: [CHAT] * 6p21 is no longer AFK.
[22:01:35] [Client thread/INFO]: [CHAT] <[Helper++] Darryl> else when you downgrade
[22:01:58] [Client thread/INFO]: [CHAT] < DakSen> i gtg
[22:02:03] [Client thread/INFO]: [CHAT] <[Helper++] Darryl> OKay
[22:02:06] [Client thread/INFO]: [CHAT] <[Helper++] Darryl> Bye
[22:02:20] [Client thread/INFO]: [CHAT] < DakSen> dont grief
[22:02:30] [Client thread/INFO]: [CHAT] DakSen left the game.
[22:02:49] [Client thread/INFO]: [CHAT] <Wild Magmar> Are you a Haunter?
[22:02:54] [Client thread/INFO]: [CHAT] mzilla2 joined the game.
[22:02:55] [Client thread/INFO]: [CHAT] Welcome mzilla2 to the server!
[22:03:19] [Client thread/INFO]: [CHAT] <Legendary Vova_Prime> im ghost pokemon
[22:03:24] [Client thread/INFO]: [CHAT] <Wild Magmar> Oh.
[22:03:36] [Client thread/INFO]: [CHAT] <Wild Magmar> I'm a fire type.
[22:03:47] [Client thread/INFO]: [CHAT] <Legendary Vova_Prime> zapster?
[22:03:52] [Client thread/INFO]: [CHAT] <Wild Magmar> Yes?
[22:03:55] [Client thread/INFO]: [CHAT] <Legendary Vova_Prime> oh
[22:04:17] [Client thread/INFO]: [CHAT] <[Helper++] Darryl> Have you guys seen bazz's penis house
[22:04:22] [Client thread/INFO]: [CHAT] <Legendary Vova_Prime> what is a ghost pkmon name?
[22:04:40] [Client thread/INFO]: [CHAT] <[DarkLegendary] DarkRai> admin 6p21 is griefing
[22:04:40] [Client thread/INFO]: [CHAT] <Wild Magmar> Haunter, which you look like. Gengar...
[22:04:45] [Client thread/INFO]: [CHAT] <Legendary Vova_Prime> ok
[22:05:04] [Client thread/INFO]: [CHAT] <Legendary Haunter> there
[22:05:12] [Client thread/INFO]: [CHAT] <[DarkLegendary] DarkRai> omg
[22:05:19] [Client thread/INFO]: [CHAT] <MrProkRinds> what
[22:05:20] [Client thread/INFO]: [CHAT] <[DarkLegendary] DarkRai> haunter isnt legendary
[22:05:21] [Client thread/INFO]: [CHAT] Vova_Prime left the game.
[22:05:22] [Client thread/INFO]: [CHAT] You have 5 messages! Type /mail read to view your mail.
[22:05:22] [Client thread/INFO]: [CHAT] [me -> Foe51] what are you making?
[22:05:23] [Client thread/INFO]: [CHAT] <cooldude161> ehy darry
[22:05:27] [Client thread/INFO]: [CHAT] <[Helper++] Darryl> Hello
[22:05:36] [Client thread/INFO]: [CHAT] <cooldude161> this is voyager 1
[22:05:44] [Client thread/INFO]: [CHAT] mzilla2 left the game.
[22:05:47] [Client thread/INFO]: [CHAT] <cooldude161> this is the furtest spacecraft ever
[22:05:54] [Client thread/INFO]: [CHAT] <[Helper++] Darryl> Cool
[22:05:57] [Client thread/INFO]: [CHAT] <cooldude161> it has reched inteersteller space
[22:06:19] [Client thread/INFO]: [CHAT] bumi123 joined the game.
[22:06:19] [Client thread/INFO]: [CHAT] Welcome bumi123 to the server!
[22:06:46] [Client thread/INFO]: [CHAT] lexteck joined the game.
[22:06:46] [Client thread/INFO]: [CHAT] Welcome lexteck to the server!
[22:06:49] [Client thread/INFO]: [CHAT] <cooldude161> mybell your posed to help me build stuff
[22:06:54] [Client thread/INFO]: [CHAT] <[DarkLegendary] DarkRai> ok
[22:06:58] [Client thread/INFO]: [CHAT] 6p21 left the game.
[22:07:00] [Client thread/INFO]: [CHAT] 6p21 joined the game.
[22:07:06] [Client thread/INFO]: [CHAT] <bumi123> como entro
[22:07:11] [Client thread/INFO]: [CHAT] DarrylJRA - Opping bumi123
[22:07:41] [Client thread/INFO]: [CHAT] <[DarkLegendary] DarkRai> 6p21 u ok u suddenly died
[22:08:01] [Client thread/INFO]: [CHAT] <MrProkRinds> ?
[22:08:04] [Client thread/INFO]: [CHAT] <jarryl2002> ?
[22:08:11] [Client thread/INFO]: [CHAT] <lexteck> ?
[22:08:12] [Client thread/INFO]: [CHAT] < Ghost> everybody shufflin
[22:08:15] [Client thread/INFO]: [CHAT] <bumi123> el server no me deja entrar
[22:08:20] [Client thread/INFO]: [CHAT] You have 5 messages! Type /mail read to view your mail.
[22:08:20] [Client thread/INFO]: [CHAT] Your nickname is now  none.
[22:08:40] [Client thread/INFO]: [CHAT] You have 5 messages! Type /mail read to view your mail.
[22:08:40] [Client thread/INFO]: [CHAT] Error: Player not found.
[22:08:47] [Client thread/INFO]: [CHAT] <[DarkLegendary] DarkRai> brb
[22:08:49] [Client thread/INFO]: [CHAT] *  DarkRai is now AFK.
[22:08:51] [Client thread/INFO]: [CHAT] You have 5 messages! Type /mail read to view your mail.
[22:08:51] [Client thread/INFO]: [CHAT] Error: Nicknames must be alphanumeric.
[22:09:05] [Client thread/INFO]: [CHAT] bumi123 left the game.
[22:09:11] [Client thread/INFO]: [CHAT] You have 5 messages! Type /mail read to view your mail.
[22:09:11] [Client thread/INFO]: [CHAT] Error: Nicknames must be alphanumeric.
[22:09:14] [Client thread/INFO]: [CHAT] <jarryl2002> watch this
[22:09:19] [Client thread/INFO]: [CHAT] You have 5 messages! Type /mail read to view your mail.
[22:09:19] [Client thread/INFO]: [CHAT] Your nickname is now  Party.
[22:09:19] [Client thread/INFO]: [CHAT] Nickname changed.
[22:09:26] [Client thread/INFO]: [CHAT] You have 5 messages! Type /mail read to view your mail.
[22:09:26] [Client thread/INFO]: [CHAT] Your nickname is now  Party_VideoGameSmash12.
[22:09:26] [Client thread/INFO]: [CHAT] Nickname changed.
[22:09:30] [Client thread/INFO]: [CHAT] < Party_VideoGameSmash12> :D
[22:09:47] [Client thread/INFO]: [CHAT] hevaapa joined the game.
[22:09:59] [Client thread/INFO]: [CHAT] lexteck left the game.
[22:10:32] [Client thread/INFO]: [CHAT] You have 5 messages! Type /mail read to view your mail.
[22:10:32] [Client thread/INFO]: [CHAT] Warp PARTYTIME set.
[22:10:47] [Client thread/INFO]: [CHAT] <hevaapa> cooldude161
[22:11:14] [Client thread/INFO]: [CHAT] Please do not repeat messages.
[22:11:16] [Client thread/INFO]: [CHAT] < Party_VideoGameSmash12> XD
[22:11:17] [Client thread/INFO]: [CHAT] <hevaapa> cooldude
[22:11:20] [Client thread/INFO]: [CHAT] <cooldude161> ya
[22:11:23] [Client thread/INFO]: [CHAT] <cooldude161> :?
[22:11:23] [Client thread/INFO]: [CHAT] *  DarkRai is no longer AFK.
[22:11:30] [Client thread/INFO]: [CHAT] <MrProkRinds> pee
[22:11:31] [Client thread/INFO]: [CHAT] *  DarkRai is now AFK.
[22:11:32] [Client thread/INFO]: [CHAT] <hevaapa> can you hire me
[22:11:36] [Client thread/INFO]: [CHAT] <jarryl2002> your house
[22:11:38] [Client thread/INFO]: [CHAT] You have 5 messages! Type /mail read to view your mail.
[22:11:38] [Client thread/INFO]: [CHAT] [me -> Foe51] what are you making?
[22:11:38] [Client thread/INFO]: [CHAT] <jarryl2002> omg
[22:11:43] [Client thread/INFO]: [CHAT] <hevaapa> can you hire me coochi111
[22:11:43] [Client thread/INFO]: [CHAT] <jarryl2002> yourhouse
[22:11:46] [Client thread/INFO]: [CHAT] <hevaapa> can you hire me cooldude161
[22:11:54] [Client thread/INFO]: [CHAT] <MrProkRinds> no mine is budder this is pee
[22:12:11] [Client thread/INFO]: [CHAT] <hevaapa> can you hire me cooldude161 plz
[22:12:21] [Client thread/INFO]: [CHAT] <hevaapa> can you hire me cooldude161
[22:12:22] [Client thread/INFO]: [CHAT] <cooldude161> umm your in the way
[22:12:32] [Client thread/INFO]: [CHAT] <MrProkRinds> it is a peenis
[22:12:33] [Client thread/INFO]: [CHAT] Jason06071 joined the game.
[22:12:33] [Client thread/INFO]: [CHAT] Welcome Jason06071 to the server!
[22:12:36] [Client thread/INFO]: [CHAT] <hevaapa> hire me plz
[22:12:37] [Client thread/INFO]: [CHAT] You have 5 messages! Type /mail read to view your mail.
[22:12:37] [Client thread/INFO]: [CHAT] [me -> Foe51] what are you making?
[22:12:41] [Client thread/INFO]: [CHAT] <cooldude161> no its not
[22:12:42] [Client thread/INFO]: [CHAT] <Jason06071> :D
[22:12:42] [Client thread/INFO]: [CHAT] DarrylJRA - Opping Jason06071
[22:12:51] [Client thread/INFO]: [CHAT] <hevaapa> why cant you hire me
[22:13:01] [Client thread/INFO]: [CHAT] <cooldude161> ok fine you will ggurd teh musum incase nay greifeers come
[22:13:04] [Client thread/INFO]: [CHAT] Jason06071 - Opping Jason06071
[22:13:09] [Client thread/INFO]: [CHAT] <cooldude161> dont forgot to report teh greifers
[22:13:10] [Client thread/INFO]: [CHAT] <hevaapa> kk
[22:13:24] [Client thread/INFO]: [CHAT] <cooldude161> heva your hired
[22:13:31] [Client thread/INFO]: [CHAT] <[Helper++] Darryl> Who built this?
[22:13:37] [Client thread/INFO]: [CHAT] <MrProkRinds> idk
[22:13:38] [Client thread/INFO]: [CHAT] <hevaapa> k thanks
[22:13:55] [Client thread/INFO]: [CHAT] <6p21> sign
[22:14:53] [Client thread/INFO]: [CHAT] <MrProkRinds> lag
[22:15:01] [Client thread/INFO]: [CHAT] DarrylJRA left the game.
[22:15:26] [Client thread/INFO]: [CHAT] DarrylJRA joined the game.
[22:15:34] [Client thread/INFO]: [CHAT] <jarryl2002> sumotori
[22:15:44] [Client thread/INFO]: [CHAT] <[Helper++] Darryl> Omg
[22:16:03] [Client thread/INFO]: [CHAT] <hevaapa> coochi111 is grefiing
[22:16:03] [Client thread/INFO]: [CHAT] MrProkRinds left the game.
[22:16:18] [Client thread/INFO]: [CHAT] <cooldude161> i hope not
[22:16:32] [Client thread/INFO]: [CHAT] <6p21> signs
[22:16:38] [Client thread/INFO]: [CHAT] <jarryl2002> darryl
[22:16:43] [Client thread/INFO]: [CHAT] 6p21 left the game.
[22:16:45] [Client thread/INFO]: [CHAT] <jarryl2002> how do u make this
[22:16:45] [Client thread/INFO]: [CHAT] 6p21 joined the game.
[22:16:45] [Client thread/INFO]: [CHAT] 6p21 left the game.
[22:16:48] [Client thread/INFO]: [CHAT] 6p21 joined the game.
[22:16:53] [Client thread/INFO]: [CHAT] <hevaapa> coochi111 is grifing adiam plz
[22:16:54] [Client thread/INFO]: [CHAT] <jarryl2002> how do u make this sumotori
[22:16:56] [Client thread/INFO]: [CHAT] coochi111 left the game.
[22:17:02] [Client thread/INFO]: [CHAT] Bhushan joined the game.
[22:17:02] [Client thread/INFO]: [CHAT] Welcome Bhushan to the server!
[22:17:04] [Client thread/INFO]: [CHAT] 6p21 left the game.
[22:17:11] [Client thread/INFO]: [CHAT] <Bhushan> What the fudge....
[22:17:11] [Client thread/INFO]: [CHAT] coochi111 joined the game.
[22:17:19] [Client thread/INFO]: [CHAT] tomdam2 joined the game.
[22:17:19] [Client thread/INFO]: [CHAT] Welcome  Notch to the server!
[22:17:22] [Client thread/INFO]: [CHAT] <hevaapa> coochi111 is grifing adiam
[22:17:24] [Client thread/INFO]: [CHAT] *  DarkRai is no longer AFK.
[22:17:24] [Client thread/INFO]: [CHAT] coochi111 left the game.
[22:17:31] [Client thread/INFO]: [CHAT] <[DarkLegendary] DarkRai> lol fake notch
[22:17:36] [Client thread/INFO]: [CHAT] coochi111 joined the game.
[22:17:41] [Client thread/INFO]: [CHAT] <hevaapa> coochi111 is grifing adiam plz
[22:17:50] [Client thread/INFO]: [CHAT] <coochi111> hey notch help me grief
[22:18:05] [Client thread/INFO]: [CHAT] <hevaapa> coochi111 is grefing adiam
[22:18:06] [Client thread/INFO]: [CHAT] <[DarkLegendary] DarkRai> guys its fake
[22:18:07] [Client thread/INFO]: [CHAT] <cooldude161> umm hev im waas planing to make the musem higher
[22:18:15] [Client thread/INFO]: [CHAT] <hevaapa> o sorry
[22:18:21] [Client thread/INFO]: [CHAT] <{Pokemon_Master} Supremepkmn9000> oooh
[22:18:21] [Client thread/INFO]: [CHAT] <jarryl2002> darryl
[22:18:32] [Client thread/INFO]: [CHAT] <[DarkLegendary] DarkRai> admin coochi is griefing
[22:18:40] [Client thread/INFO]: [CHAT] Deadpool joined the game.
[22:18:40] [Client thread/INFO]: [CHAT] Welcome Deadpool to the server!
[22:18:55] [Client thread/INFO]: [CHAT] <hevaapa> so is tomdam2 and coochi111 are grefing
[22:19:00] [Client thread/INFO]: [CHAT] <jarryl2002> foe
[22:19:06] [Client thread/INFO]: [CHAT] <[DarkLegendary] DarkRai> noooooooooooo
[22:19:08] [Client thread/INFO]: [CHAT] <jarryl2002> how do u do this
[22:19:13] [Client thread/INFO]: [CHAT] <jarryl2002> with wand
[22:19:14] [Client thread/INFO]: [CHAT] <Deadpool> ???????? ?????????
[22:19:17] [Client thread/INFO]: [CHAT] <hevaapa> so is tomdam2 and coochi111 are grefing adiam
[22:19:30] [Client thread/INFO]: [CHAT] DarrylJRA - Opping Deadpool
[22:19:31] [Client thread/INFO]: [CHAT] <hevaapa> coochi111 go to hell
[22:19:35] [Client thread/INFO]: [CHAT] *  Notch SHUT UP
[22:19:39] [Client thread/INFO]: [CHAT] xAcidRain joined the game.
[22:19:39] [Client thread/INFO]: [CHAT] Welcome xAcidRain to the server!
[22:19:43] [Client thread/INFO]: [CHAT] * Bhushan is now AFK.
[22:19:45] [Client thread/INFO]: [CHAT] * Bhushan is no longer AFK.
[22:19:50] [Client thread/INFO]: [CHAT] * Bhushan is now AFK.
[22:19:57] [Client thread/INFO]: [CHAT] <Deadpool> ????????? ????????
[22:20:03] [Client thread/INFO]: [CHAT] <hevaapa> coochi111 is grefing with tomdam2
[22:20:06] [Client thread/INFO]: [CHAT] <cooldude161> coochi stop
[22:20:07] [Client thread/INFO]: [CHAT] < Party_VideoGameSmash12> foe.
[22:20:12] [Client thread/INFO]: [CHAT] DarrylJRA - Opping xAcidRain
[22:20:20] [Client thread/INFO]: [CHAT] <Wild Magmar> Jason06071 is suspicious.
[22:20:24] [Client thread/INFO]: [CHAT] <{Pokemon_Master} Supremepkmn9000> hi
[22:20:28] [Client thread/INFO]: [CHAT] <Jason06071> ?
[22:20:29] [Client thread/INFO]: [CHAT] <hevaapa> coochi111 is a nigga
[22:20:30] [Client thread/INFO]: [CHAT] <[DarkLegendary] DarkRai> hello dere
[22:20:33] [Client thread/INFO]: [CHAT] You have 5 messages! Type /mail read to view your mail.
[22:20:33] [Client thread/INFO]: [CHAT] Home set.
[22:20:35] [Client thread/INFO]: [CHAT] <Wild Magmar> Jason06071 is griefing.
[22:20:38] [Client thread/INFO]: [CHAT] <xAcidRain> ???
[22:20:40] [Client thread/INFO]: [CHAT] You have 5 messages! Type /mail read to view your mail.
[22:20:40] [Client thread/INFO]: [CHAT] Teleporting...
[22:20:42] [Client thread/INFO]: [CHAT] <Jason06071> WTF
[22:20:43] [Client thread/INFO]: [CHAT] <cooldude161> let me pacth these holes
[22:20:49] [Client thread/INFO]: [CHAT] <hevaapa> xAcidRain is grefing
[22:20:52] [Client thread/INFO]: [CHAT] <{Pokemon_Master} Supremepkmn9000> mybell
[22:20:55] [Client thread/INFO]: [CHAT] <Wild Magmar> I saw what you did.
[22:20:56] [Client thread/INFO]: [CHAT] <[DarkLegendary] DarkRai> wut
[22:20:59] [Client thread/INFO]: [CHAT] You have 5 messages! Type /mail read to view your mail.
[22:20:59] [Client thread/INFO]: [CHAT] Enjoy your new hat!
[22:21:10] [Client thread/INFO]: [CHAT] <[DarkLegendary] DarkRai> im bybell WHUT
[22:21:16] [Client thread/INFO]: [CHAT] <Deadpool> ??? ???? ??????? ??? ?? ??????????
[22:21:17] [Client thread/INFO]: [CHAT] <[DarkLegendary] DarkRai> mybell*
[22:21:22] [Client thread/INFO]: [CHAT] <Jason06071> ohhhh all people is greefing here ?
[22:21:24] [Client thread/WARN]: Unable to play unknown soundEvent: minecraft:damage.fallbig
[22:21:32] [Client thread/INFO]: [CHAT] <Wild Magmar> No, just you.
[22:22:12] [Client thread/INFO]: [CHAT] Deadpool left the game.
[22:22:20] [Client thread/INFO]: [CHAT] Jason06071 left the game.
[22:22:28] [Client thread/INFO]: [CHAT] hevaapa left the game.
[22:22:37] [Client thread/INFO]: [CHAT] <cooldude161> ehy my bell tp me ot you
[22:22:39] [Client thread/INFO]: [CHAT] <jarryl2002> darryl
[22:22:47] [Client thread/INFO]: [CHAT] <[Helper++] Darryl> Yes?
[22:22:53] [Client thread/INFO]: [CHAT] Deadpool joined the game.
[22:22:53] [Client thread/INFO]: [CHAT] <jarryl2002> how to do this
[22:22:57] [Client thread/INFO]: [CHAT] <jarryl2002> emerald
[22:22:59] [Client thread/INFO]: [CHAT] Setting VideoGameSmash12 to game mode 'Survival'.
[22:22:59] [Client thread/INFO]: [CHAT] VideoGameSmash12 set your game mode to 'Survival'.
[22:22:59] [Client thread/INFO]: [CHAT] Your game mode has been updated
[22:23:01] [Client thread/INFO]: [CHAT] You have 5 messages! Type /mail read to view your mail.
[22:23:01] [Client thread/INFO]: [CHAT] Set fly mode enabled for  Party_VideoGameSmash12.
[22:23:02] [Client thread/INFO]: [CHAT] <jarryl2002> floor in the air
[22:23:03] [Client thread/INFO]: [CHAT] You have 5 messages! Type /mail read to view your mail.
[22:23:03] [Client thread/INFO]: [CHAT] God mode disabled.
[22:23:06] [Client thread/INFO]: [CHAT] You have 5 messages! Type /mail read to view your mail.
[22:23:06] [Client thread/INFO]: [CHAT] God mode enabled.
[22:23:13] [Client thread/INFO]: [CHAT] <[Helper++] Darryl> .//cyl <block> <radius>
[22:23:18] [Client thread/INFO]: [CHAT] <jarryl2002> thanks
[22:23:22] [Client thread/INFO]: [CHAT] <Deadpool> HEEEEEEELP!!!!!!
[22:23:24] [Client thread/INFO]: [CHAT] <cooldude161> and this is why admins should stay on this server at alkl times
[22:23:27] [Client thread/INFO]: [CHAT] <[Helper++] Darryl> Np.
[22:23:27] [Client thread/INFO]: [CHAT] <cooldude161> all*
[22:23:37] [Client thread/INFO]: [CHAT] <[Helper++] Darryl> Why cooldude?
[22:23:52] [Client thread/INFO]: [CHAT] You have 5 messages! Type /mail read to view your mail.
[22:23:52] [Client thread/INFO]: [CHAT] Giving 64 of stone button to  Party_VideoGameSmash12.
[22:23:52] [Client thread/INFO]: [CHAT] Deadpool left the game.
[22:24:09] [Client thread/INFO]: [CHAT] <{Pokemon_Master} Supremepkmn9000> woah
[22:24:25] [Client thread/INFO]: [CHAT] <[Helper++] Darryl> Oh..
[22:24:33] [Client thread/INFO]: [CHAT] You have 5 messages! Type /mail read to view your mail.
[22:24:33] [Client thread/INFO]: [CHAT] Giving 64 of sign to  Party_VideoGameSmash12.
[22:25:01] [Client thread/INFO]: [CHAT] <[Helper++] Darryl> You guys better stop
[22:25:01] [Client thread/INFO]: [CHAT] <cooldude161> guys report him to teh ofurms
[22:25:14] [Client thread/INFO]: [CHAT] You have 5 messages! Type /mail read to view your mail.
[22:25:14] [Client thread/INFO]: [CHAT] Giving 64 of item frame to  Party_VideoGameSmash12.
[22:25:19] [Client thread/INFO]: [CHAT] xAcidRain used a forbidden WorldEdit block type: lava
[22:25:29] [Client thread/INFO]: [CHAT] <{Pokemon_Master} Supremepkmn9000> darkrai
[22:25:33] [Client thread/INFO]: [CHAT] <[DarkLegendary] DarkRai> what
[22:25:35] [Client thread/INFO]: [CHAT] <cooldude161> acid coo i hate you i wish you will dieeee
[22:25:41] [Client thread/INFO]: [CHAT] <{Pokemon_Master} Supremepkmn9000> this is mah poke ball
[22:25:46] [Client thread/INFO]: [CHAT] lexteck joined the game.
[22:25:48] [Client thread/INFO]: [CHAT] <[DarkLegendary] DarkRai> its ugly
[22:25:54] [Client thread/INFO]: [CHAT] <{Pokemon_Master} Supremepkmn9000> in my hand
[22:26:00] [Client thread/INFO]: [CHAT] lexteck left the game.
[22:26:01] [Client thread/INFO]: [CHAT] Setting VideoGameSmash12 to game mode 'Creative'.
[22:26:01] [Client thread/INFO]: [CHAT] VideoGameSmash12 set your game mode to 'Creative'.
[22:26:01] [Client thread/INFO]: [CHAT] Your game mode has been updated
[22:26:05] [Client thread/INFO]: [CHAT] smg515 is a Super Admin.
[22:26:05] [Client thread/INFO]: [CHAT] smg515 joined the game.
[22:26:09] [Client thread/INFO]: [CHAT] <cooldude161> omg weres teh admins wehn you need them
[22:26:09] [Client thread/INFO]: [CHAT] <[DarkLegendary] DarkRai> smag
[22:26:10] [Client thread/INFO]: [CHAT] <[Helper++] Darryl> smg
[22:26:10] [Client thread/INFO]: [CHAT] <cooldude161> smg
[22:26:11] [Client thread/INFO]: [CHAT] <[DarkLegendary] DarkRai> ADMIN
[22:26:12] [Client thread/INFO]: [CHAT] <smg515> Hi.
[22:26:13] [Client thread/INFO]: [CHAT] coochi111 left the game.
[22:26:15] [Client thread/INFO]: [CHAT] <[DarkLegendary] DarkRai> HELp
[22:26:18] [Client thread/INFO]: [CHAT] <smg515> With what?
[22:26:22] [Client thread/INFO]: [CHAT] < Notch> LOl
[22:26:23] [Client thread/INFO]: [CHAT] <cooldude161> smg acid is greifing
[22:26:24] [Client thread/INFO]: [CHAT] <[DarkLegendary] DarkRai> coochi is griefing
[22:26:34] [Client thread/WARN]: Unable to play empty soundEvent: minecraft:music.menu
[22:26:38] [Client thread/INFO]: Connecting to 64.34.165.5, 28965
[22:26:39] [Client thread/INFO]: [CHAT] VideoGameSmash12 joined the game.
[22:26:39] [Client thread/INFO]: [CHAT] Type /help for a list of commands.
[22:26:39] [Client thread/INFO]: [CHAT] Save your builds with World Edit or lose them
[22:26:39] [Client thread/INFO]: [CHAT] Read our website at www.totalfreedom.me to find out how
[22:26:39] [Client thread/INFO]: [CHAT] Read the rules
[22:26:39] [Client thread/INFO]: [CHAT] Read our only authorized forum at www.totalfreedom.boards.net
[22:26:39] [Client thread/INFO]: [CHAT] You have 5 messages! Type /mail read to view your mail.
[22:26:39] [Client thread/INFO]: [CHAT] *  Notch is now AFK.
[22:26:42] [Client thread/INFO]: [CHAT] <[DarkLegendary] DarkRai> they destroyed everything
[22:26:46] [Client thread/INFO]: [CHAT] *  Notch is no longer AFK.
[22:26:49] [Client thread/INFO]: [CHAT] *  Notch is now AFK.
[22:26:50] [Client thread/INFO]: [CHAT] <xAcidRain> ??? ???????
[22:27:00] [Client thread/INFO]: [CHAT] jarryl2002 has been a VERY naughty, naughty boy.
[22:27:07] [Client thread/INFO]: [CHAT] <smg515> One sec, server will lag
[22:27:07] [Client thread/INFO]: [CHAT] Banning: jarryl2002, IP: 218.212.*.*.
[22:27:07] [Client thread/INFO]: [CHAT] jarryl2002 left the game.
[22:27:10] [Client thread/INFO]: [CHAT] DarrylJRA - Opping xAcidRain
[22:27:12] [Client thread/INFO]: [CHAT] yellowhornet911 joined the game.
[22:27:12] [Client thread/INFO]: [CHAT] Welcome yellowhornet911 to the server!
[22:27:13] [Client thread/INFO]: [CHAT] <[Helper++] Darryl> Look
[22:27:19] [Client thread/INFO]: [CHAT] * Bhushan is no longer AFK.
[22:27:19] [Client thread/INFO]: [CHAT] <{Pokemon_Master} Supremepkmn9000> Yea!
[22:27:24] [Client thread/INFO]: [CHAT] <Bhushan> ?
[22:27:31] [Client thread/INFO]: [CHAT] <cooldude161> amg acid is greifing
[22:27:33] [Client thread/INFO]: [CHAT] <cooldude161> smg*
[22:27:36] [Client thread/INFO]: [CHAT] <[DarkLegendary] DarkRai> everthing is destroyed ):
[22:27:38] [Client thread/INFO]: [CHAT] <Bhushan> Why are you all Happy?
[22:27:38] [Client thread/INFO]: [CHAT] xAcidRain has been a VERY naughty, naughty boy.
[22:27:38] [Client thread/INFO]: [CHAT] Banning: xAcidRain, IP: 91.79.*.*.
[22:27:38] [Client thread/INFO]: [CHAT] xAcidRain left the game.
[22:27:39] [Client thread/INFO]: [CHAT] <smg515> Oh
[22:27:43] [Client thread/INFO]: [CHAT] <smg515> Now I see it lol
[22:27:49] [Client thread/INFO]: [CHAT] xxbeatpoopxx left the game.
[22:27:53] [Client thread/INFO]: [CHAT] <[Helper++] Darryl> I fixed the coalblock
[22:27:55] [Client thread/INFO]: [CHAT] <[Helper++] Darryl> stoof
[22:27:56] [Client thread/INFO]: [CHAT] xxbeatpoopxx joined the game.
[22:27:57] [Client thread/INFO]: [CHAT] <yellowhornet911> can some1 op me
[22:27:57] [Client thread/INFO]: [CHAT] You have 5 messages! Type /mail read to view your mail.
[22:27:57] [Client thread/INFO]: [CHAT] Error: Unknown item name: book_and_quil.
[22:27:57] [Client thread/INFO]: [CHAT] <smg515> Anything else?
[22:28:00] [Client thread/INFO]: [CHAT] smg515 - Opping all players on the server
[22:28:00] [Client thread/INFO]: [CHAT] You are now op!
[22:28:04] [Client thread/INFO]: [CHAT] You have 5 messages! Type /mail read to view your mail.
[22:28:04] [Client thread/INFO]: [CHAT] Giving 64 of book and quill
[22:28:05] [Client thread/INFO]: [CHAT] <[Helper++] Darryl> The walls and the floor
[22:28:07] [Client thread/INFO]: [CHAT] <cooldude161> smg when coo comes in ban him
[22:28:10] [Client thread/INFO]: [CHAT] <[Helper++] Darryl> BUt not the builds :L
[22:28:10] [Client thread/INFO]: [CHAT] <smg515> Coo?
[22:28:12] [Client thread/INFO]: [CHAT] <smg515> Why.
[22:28:29] [Client thread/INFO]: [CHAT] < Party_VideoGameSmash12> foe what song should we play tonight?
[22:28:30] [Client thread/INFO]: [CHAT] <cooldude161> guys reapir evrythin i gtg for now
[22:28:40] [Client thread/INFO]: [CHAT] <[DarkLegendary] DarkRai> awww
[22:28:46] [Client thread/INFO]: [CHAT] smg515 left the game.
[22:28:48] [Client thread/INFO]: [CHAT] xxbeatpoopxx left the game.
[22:28:48] [Client thread/INFO]: [CHAT] <[Helper++] Darryl> Im way ahead of yah
[22:28:52] [Client thread/INFO]: [CHAT] <cooldude161> it will be a long br
[22:28:57] [Client thread/INFO]: [CHAT] <cooldude161> bbrbr*
[22:29:02] [Client thread/INFO]: [CHAT] <Bhushan> What the fudge is this place?
[22:29:03] [Client thread/INFO]: [CHAT] <cooldude161> brb*
[22:29:11] [Client thread/INFO]: [CHAT] <[Helper++] Darryl> Lul
[22:29:13] [Client thread/INFO]: [CHAT] <yellowhornet911> let me out
[22:29:20] [Client thread/INFO]: [CHAT] <Bhushan> lel
[22:29:22] [Client thread/INFO]: [CHAT] T_L_M joined the game.
[22:29:22] [Client thread/INFO]: [CHAT] Welcome T_L_M to the server!
[22:29:23] [Client thread/INFO]: [CHAT] <Bhushan> What is this?
[22:29:25] [Client thread/INFO]: [CHAT] <cooldude161> see you in space
[22:29:30] [Client thread/INFO]: [CHAT] <cooldude161> :/
[22:29:31] [Client thread/INFO]: [CHAT] cooldude161 left the game.
[22:29:33] [Client thread/INFO]: [CHAT] butter2525 joined the game.
[22:29:37] [Client thread/INFO]: [CHAT] Aislinne joined the game.
[22:29:37] [Client thread/INFO]: [CHAT] Welcome Aislinne to the server!
[22:29:39] [Client thread/INFO]: [CHAT] <[Helper++] Darryl> Done
[22:29:43] [Client thread/INFO]: [CHAT] DarrylJRA - Opping Aislinne
[22:29:46] [Client thread/INFO]: [CHAT] <Aislinne> o-o
[22:29:49] [Client thread/INFO]: [CHAT] < SkythekidRS> hi\
[22:29:56] [Client thread/INFO]: [CHAT] < SkythekidRS> XD hi/
[22:30:07] [Client thread/INFO]: [CHAT] <[Helper++] Darryl> Hello..
[22:30:08] [Client thread/INFO]: [CHAT] <[DarkLegendary] DarkRai> admin someone griefed gain
[22:30:12] [Client thread/INFO]: [CHAT] *  Supremepkmn9000 Caught Darkrai
[22:30:13] [Client thread/INFO]: [CHAT] <[DarkLegendary] DarkRai> admin someone griefed again
[22:30:18] [Client thread/INFO]: [CHAT] <[Helper++] Darryl> Erm
[22:30:28] [Client thread/INFO]: [CHAT] MatrapMay joined the game.
[22:30:29] [Client thread/INFO]: [CHAT] <Aislinne> I cant get out of spawn :<
[22:30:36] [Client thread/INFO]: [CHAT] You have 5 messages! Type /mail read to view your mail.
[22:30:36] [Client thread/INFO]: [CHAT] Giving 64 of diamond
[22:30:36] [Client thread/INFO]: [CHAT] <{Pokemon_Master} Supremepkmn9000> do /jump
[22:30:39] [Client thread/ERROR]: Item entity 4743 has no item?!
[22:30:39] [Client thread/ERROR]: Item entity 4743 has no item?!
[22:30:39] [Client thread/ERROR]: Item entity 4743 has no item?!
[22:30:39] [Client thread/ERROR]: Item entity 4743 has no item?!
[22:30:39] [Client thread/ERROR]: Item entity 4743 has no item?!
[22:30:39] [Client thread/ERROR]: Item entity 4743 has no item?!
[22:30:39] [Client thread/ERROR]: Item entity 4743 has no item?!
[22:30:39] [Client thread/ERROR]: Item entity 4743 has no item?!
[22:30:39] [Client thread/ERROR]: Item entity 4743 has no item?!
[22:30:39] [Client thread/ERROR]: Item entity 4743 has no item?!
[22:30:39] [Client thread/ERROR]: Item entity 4743 has no item?!
[22:30:39] [Client thread/ERROR]: Item entity 4743 has no item?!
[22:30:39] [Client thread/ERROR]: Item entity 4743 has no item?!
[22:30:39] [Client thread/ERROR]: Item entity 4743 has no item?!
[22:30:39] [Client thread/ERROR]: Item entity 4743 has no item?!
[22:30:39] [Client thread/ERROR]: Item entity 4743 has no item?!
[22:30:39] [Client thread/ERROR]: Item entity 4743 has no item?!
[22:30:39] [Client thread/ERROR]: Item entity 4743 has no item?!
[22:30:39] [Client thread/ERROR]: Item entity 4743 has no item?!
[22:30:39] [Client thread/ERROR]: Item entity 4743 has no item?!
[22:30:39] [Client thread/ERROR]: Item entity 4743 has no item?!
[22:30:39] [Client thread/ERROR]: Item entity 4743 has no item?!
[22:30:39] [Client thread/ERROR]: Item entity 4743 has no item?!
[22:30:39] [Client thread/ERROR]: Item entity 4743 has no item?!
[22:30:39] [Client thread/ERROR]: Item entity 4743 has no item?!
[22:30:39] [Client thread/ERROR]: Item entity 4743 has no item?!
[22:30:39] [Client thread/ERROR]: Item entity 4743 has no item?!
[22:30:39] [Client thread/ERROR]: Item entity 4743 has no item?!
[22:30:39] [Client thread/ERROR]: Item entity 4743 has no item?!
[22:30:39] [Client thread/ERROR]: Item entity 4743 has no item?!
[22:30:39] [Client thread/ERROR]: Item entity 4743 has no item?!
[22:30:40] [Client thread/INFO]: [CHAT] T_L_M left the game.
[22:30:42] [Client thread/INFO]: [CHAT] <yellowhornet911> tp to me
[22:30:42] [Client thread/INFO]: [CHAT] <Aislinne> Thanks
[22:30:59] [Client thread/INFO]: [CHAT] MatrapMay left the game.
[22:31:09] [Client thread/INFO]: [CHAT] Aislinne left the game.
[22:31:33] [Client thread/INFO]: [CHAT] You have 5 messages! Type /mail read to view your mail.
[22:31:33] [Client thread/INFO]: [CHAT] Giving 1 of chest
[22:31:43] [Client thread/INFO]: [CHAT] You have 5 messages! Type /mail read to view your mail.
[22:31:43] [Client thread/INFO]: [CHAT] Cleared all inventory items from  Party_VideoGameSmash12.
[22:32:02] [Client thread/INFO]: [CHAT] <[Helper++] Darryl> This greifer is a tryhard
[22:32:26] [Client thread/INFO]: [CHAT] <{Pokemon_Master} Supremepkmn9000> ...
[22:32:29] [Client thread/INFO]: [CHAT] <{Pokemon_Master} Supremepkmn9000> your off
[22:32:40] [Client thread/INFO]: [CHAT] <{Pokemon_Master} Supremepkmn9000> darkrai tp off
[22:32:41] [Client thread/INFO]: [CHAT] Unknown command. Type "/help" for help.
[22:32:45] [Client thread/INFO]: [CHAT] Setting VideoGameSmash12 to game mode 'Creative'.
[22:32:45] [Client thread/INFO]: [CHAT] VideoGameSmash12 set your game mode to 'Creative'.
[22:32:45] [Client thread/INFO]: [CHAT] Your game mode has been updated
[22:32:53] [Client thread/INFO]: [CHAT] butter2525 left the game.
[22:33:07] [Client thread/INFO]: [CHAT] <{Pokemon_Master} Supremepkmn9000> dude dont you have a nightmare realm?
[22:33:22] [Client thread/INFO]: [CHAT] * Bhushan is now AFK.
[22:33:25] [Client thread/INFO]: [CHAT] <[DarkLegendary] DarkRai> letz go
[22:33:43] [Client thread/INFO]: [CHAT] <{Pokemon_Master} Supremepkmn9000> iz got skills equiped
[22:33:59] [Client thread/INFO]: [CHAT] <{Pokemon_Master} Supremepkmn9000> what?
[22:34:07] [Client thread/INFO]: [CHAT] <[Helper++] Darryl> I gIvE uP
[22:34:12] [Client thread/INFO]: [CHAT] <{Pokemon_Master} Supremepkmn9000> glide on!
[22:34:22] [Client thread/INFO]: [CHAT] <[Helper++] Darryl> fReK yOu GrEiFeRs
[22:35:23] [Client thread/INFO]: [CHAT] <[DarkLegendary] DarkRai> lol nice hacks
[22:35:28] [Client thread/INFO]: [CHAT] <{Pokemon_Master} Supremepkmn9000> wha?
[22:35:41] [Client thread/INFO]: [CHAT] T_L_M joined the game.
[22:35:45] [Client thread/INFO]: [CHAT] <Wild Magmar> Maybe this site should be whitelisted?
[22:36:15] [Client thread/INFO]: [CHAT] xxbeatpoopxx joined the game.
[22:36:22] [Client thread/INFO]: [CHAT] T_L_M left the game.
[22:36:25] [Client thread/INFO]: [CHAT] <[Helper++] Darryl> I gg eat lunch brb
[22:36:29] [Client thread/INFO]: [CHAT] D0mik left the game.
[22:36:45] [Client thread/INFO]: [CHAT] <[DarkLegendary] DarkRai> wait u cheated
[22:37:02] [Client thread/INFO]: [CHAT] xxbeatpoopxx left the game.
[22:37:02] [Client thread/INFO]: [CHAT] <[DarkLegendary] DarkRai> u healed me when i had my powers on so u cheated
[22:37:13] [Client thread/INFO]: [CHAT] <[DarkLegendary] DarkRai> it turned off my poers
[22:38:09] [Client thread/INFO]: [CHAT] lexteck joined the game.
[22:38:16] [Client thread/INFO]: [CHAT] lexteck left the game.
[22:38:18] [Client thread/INFO]: [CHAT] iamsothestig joined the game.
[22:38:18] [Client thread/INFO]: [CHAT] Welcome  STIG to the server!
[22:38:38] [Client thread/INFO]: [CHAT] SrDerpAlot joined the game.
[22:38:38] [Client thread/INFO]: [CHAT] Welcome SrDerpAlot to the server!
[22:38:52] [Client thread/INFO]: [CHAT] SrDerpAlot left the game.
[22:38:56] [Client thread/INFO]: [CHAT] TNT is currently disabled.
[22:39:14] [Client thread/INFO]: [CHAT] <{Pokemon_Master} Supremepkmn9000> so
[22:39:16] [Client thread/INFO]: [CHAT] <{Pokemon_Master} Supremepkmn9000> this side
[22:39:24] [Client thread/INFO]: [CHAT] <{Pokemon_Master} Supremepkmn9000> is a jumpy battlefeild
[22:39:46] [Client thread/INFO]: [CHAT] <[DarkLegendary] DarkRai> wtf
[22:39:49] [Client thread/INFO]: [CHAT] <{Pokemon_Master} Supremepkmn9000> what the heck!
[22:40:10] [Client thread/INFO]: [CHAT] <[DarkLegendary] DarkRai> iamsothestig did it
[22:40:31] [Client thread/INFO]: [CHAT] < STIG> did what
[22:40:38] [Client thread/INFO]: [CHAT] <yellowhornet911> i can help
[22:40:41] [Client thread/INFO]: [CHAT] <[DarkLegendary] DarkRai> grief
[22:40:49] [Client thread/INFO]: [CHAT] < STIG> NO
[22:40:56] [Client thread/INFO]: [CHAT] <[DarkLegendary] DarkRai> yep i saw it
[22:41:07] [Client thread/INFO]: [CHAT] < STIG> some one /d p
[22:41:10] [Client thread/INFO]: [CHAT] < STIG> as me
[22:41:16] [Client thread/INFO]: [CHAT] <yellowhornet911> kind of helped
[22:41:18] [Client thread/INFO]: [CHAT] Unknown command. Type "/help" for help.
[22:41:20] [Client thread/INFO]: [CHAT] <[DarkLegendary] DarkRai> theres no /d (:
[22:41:20] [Client thread/INFO]: [CHAT] Unknown command. Type "/help" for help.
[22:41:20] [Client thread/INFO]: [CHAT] <{Pokemon_Master} Supremepkmn9000> i guess
[22:41:25] [Client thread/INFO]: [CHAT] ItsJoshAndGrant joined the game.
[22:41:25] [Client thread/INFO]: [CHAT] Welcome  IJoshI to the server!
[22:41:26] [Client thread/INFO]: [CHAT] *  Darryl is now AFK.
[22:41:29] [Client thread/INFO]: [CHAT] <[DarkLegendary] DarkRai> ik t was u
[22:41:36] [Client thread/INFO]: [CHAT] <[DarkLegendary] DarkRai> theres do /d
[22:41:40] [Client thread/INFO]: [CHAT] <[DarkLegendary] DarkRai> HA
[22:41:45] [Client thread/INFO]: [CHAT] <yellowhornet911> does that help
[22:41:46] [Client thread/INFO]: [CHAT] Unknown command. Type "/help" for help.
[22:41:52] [Client thread/INFO]: [CHAT] < STIG> thats what you think
[22:41:55] [Client thread/INFO]: [CHAT] <{Pokemon_Master} Supremepkmn9000> sure
[22:42:09] [Client thread/INFO]: [CHAT] <[Awesome] IJoshI> hey
[22:42:10] [Client thread/INFO]: [CHAT] <[DarkLegendary] DarkRai> it says uknown command xD
[22:42:17] [Client thread/INFO]: [CHAT] *  Magmar forgot fire bomb... Poof! And.... Magmar learned Fire Ball!
[22:42:37] [Client thread/INFO]: [CHAT] LORDfito joined the game.
[22:42:37] [Client thread/INFO]: [CHAT] Welcome LORDfito to the server!
[22:42:41] [Client thread/INFO]: [CHAT] <{Pokemon_Master} Supremepkmn9000> ok
[22:42:44] [Client thread/INFO]: [CHAT] <{Pokemon_Master} Supremepkmn9000> my bell
[22:42:47] [Client thread/INFO]: [CHAT] <[DarkLegendary] DarkRai> ?
[22:42:48] [Client thread/INFO]: [CHAT] <{Pokemon_Master} Supremepkmn9000> dont break it all
[22:42:50] [Client thread/INFO]: [CHAT] <{Pokemon_Master} Supremepkmn9000> but some
[22:43:10] [Client thread/INFO]: [CHAT] <{Pokemon_Master} Supremepkmn9000> ok
[22:43:12] [Client thread/INFO]: [CHAT] <{Pokemon_Master} Supremepkmn9000> enough
[22:43:17] [Client thread/INFO]: [CHAT] <[Awesome] Josh> wat
[22:43:28] [Client thread/INFO]: [CHAT] < Party_VideoGameSmash12> gtg bye
[22:43:29] [Client thread/WARN]: Unable to play empty soundEvent: minecraft:music.menu
[22:43:31] [Client thread/INFO]: Stopping!
