[17:07:03] [Client thread/INFO]: Connecting to 64.34.165.5, 28965
[17:07:04] [Client thread/INFO]: [CHAT] VideoGameSmash12 joined the game.
[17:07:04] [Client thread/INFO]: [CHAT] Welcome  VideoGameSmash12 to the server!
[17:07:04] [Client thread/INFO]: [CHAT] Type /help for a list of commands.
[17:07:04] [Client thread/INFO]: [CHAT] Save your builds with World Edit or lose them
[17:07:04] [Client thread/INFO]: [CHAT] Read our website at www.totalfreedom.me to find out how
[17:07:04] [Client thread/INFO]: [CHAT] Read the rules
[17:07:04] [Client thread/INFO]: [CHAT] Read our only authorized forum at www.totalfreedom.boards.net
[17:07:04] [Client thread/INFO]: [CHAT] You have no new mail.
[17:07:06] [Client thread/INFO]: [CHAT] < LazerFlash> it is not letting me boiuld!
[17:07:07] [Client thread/INFO]: [CHAT] <maroni03> sorry
[17:07:13] [Client thread/INFO]: [CHAT] <vagim> ? ??? ???????? ????? ?? ???????
[17:07:14] [Client thread/INFO]: [CHAT] < LazerFlash> nm
[17:07:18] [Client thread/INFO]: [CHAT] monkaabbcc joined the game.
[17:07:18] [Client thread/INFO]: [CHAT] Welcome  TAYLOR to the server!
[17:07:22] [Client thread/INFO]: [CHAT] <[Nymph] Nikki> dude breeding while lagging? thats just SICK...
[17:07:22] [Client thread/INFO]: [CHAT] AdikaUB joined the game.
[17:07:23] [Client thread/INFO]: [CHAT] Welcome AdikaUB to the server!
[17:07:24] [Client thread/INFO]: [CHAT] princessrue17 left the game.
[17:07:27] [Client thread/INFO]: [CHAT] FelixFurr left the game.
[17:07:34] [Client thread/INFO]: [CHAT] koolkerry joined the game.
[17:07:34] [Client thread/INFO]: [CHAT] Welcome koolkerry to the server!
[17:07:39] [Client thread/INFO]: [CHAT] < VideoGameSmash12> Has anyone ever seen M3RKMUS1C?
[17:07:40] [Client thread/INFO]: [CHAT] < LazerFlash> no it happend agein!
[17:07:42] [Client thread/INFO]: [CHAT] < TAYLOR> new spawn?
[17:07:44] [Client thread/INFO]: [CHAT] <[Nymph] Nikki> goose dont dye urs with lapis
[17:07:46] [Client thread/INFO]: [CHAT] *  DarkraiIlvl100I says I turned them to a baby pups
[17:07:53] [Client thread/INFO]: [CHAT] <[Nymph] Nikki> goose dont dye urs with lapis its gets me confused
[17:07:57] [Client thread/INFO]: [CHAT] <[Darkrai'sPokemon] Arceus> all of my pups turned into puppies WTF
[17:07:58] [Client thread/INFO]: [CHAT] RichMan2005 left the game.
[17:07:58] [Client thread/INFO]: [CHAT] <BlackTheDude> M3RKMUS1C Yup
[17:08:05] [Client thread/INFO]: [CHAT] Gavin_spywolf left the game.
[17:08:05] [Client thread/INFO]: [CHAT] <[Nymph] Nikki> WTF?
[17:08:07] [Client thread/INFO]: [CHAT] <[Darkrai'sPokemon] Arceus> they all turned into babies!
[17:08:08] [Client thread/INFO]: [CHAT] < rose> i cant see
[17:08:11] [Client thread/INFO]: [CHAT] *  DarkraiIlvl100I says I turned them to a baby puppies
[17:08:12] [Client thread/INFO]: [CHAT] <[Nymph] Nikki> awwww
[17:08:15] [Client thread/INFO]: [CHAT] <[Darkrai'sPokemon] Arceus> oh lol
[17:08:18] [Client thread/INFO]: [CHAT] < VideoGameSmash12> black are you impersonating?
[17:08:18] [Client thread/INFO]: [CHAT] RadicalMiner9 joined the game.
[17:08:18] [Client thread/INFO]: [CHAT] NugTin joined the game.
[17:08:18] [Client thread/INFO]: [CHAT] Welcome RadicalMiner9 to the server!
[17:08:20] [Client thread/INFO]: [CHAT] <[Darkrai'sPokemon] Arceus> how did you do dat!
[17:08:20] [Client thread/INFO]: [CHAT] <[Nymph] Nikki> turn mine into babies pwease
[17:08:27] [Client thread/INFO]: [CHAT] CBlockLives joined the game.
[17:08:27] [Client thread/INFO]: [CHAT] Welcome  YOLOSWAG to the server!
[17:08:29] [Client thread/INFO]: [CHAT] <[Darkrai'sPokemon] Arceus> a command?
[17:08:31] [Client thread/INFO]: [CHAT] < SkythekidRS> hi
[17:08:37] [Client thread/INFO]: [CHAT] nickbrick9999 joined the game.
[17:08:38] [Client thread/INFO]: [CHAT] *  DarkraiIlvl100I says milk just tap at dog
[17:08:38] [Client thread/INFO]: [CHAT] [BlackTheDude -> me] nope
[17:08:41] [Client thread/INFO]: [CHAT] <[Nymph] Nikki> turn mine into babies pwease!!
[17:08:43] [Client thread/INFO]: [CHAT] <[Darkrai'sPokemon] Arceus> oh
[17:08:44] [Client thread/INFO]: [CHAT] RCMgamer1 left the game.
[17:08:48] [Client thread/INFO]: [CHAT] *  DarkraiIlvl100I says milk just tap at dog with it
[17:08:48] [Client thread/INFO]: [CHAT] <[Nymph] Nikki> hmm okay
[17:08:50] [Client thread/INFO]: [CHAT] [me -> BlackTheDude] so you like his vids?
[17:08:55] [Client thread/INFO]: [CHAT] kevguy367 left the game.
[17:08:58] [Client thread/INFO]: [CHAT] <[Darkrai'sPokemon] Arceus> tada!
[17:08:59] [Client thread/INFO]: [CHAT] RadicalMiner9 left the game.
[17:08:59] [Client thread/INFO]: [CHAT] <[Nymph] Nikki> no
[17:08:59] [Client thread/INFO]: [CHAT] <[SA-Helper] Jamel> back
[17:09:00] [Client thread/INFO]: [CHAT] <[Darkrai'sPokemon] Arceus> i did it!
[17:09:03] [Client thread/INFO]: [CHAT] HarmzzzGaming joined the game.
[17:09:10] [Client thread/INFO]: [CHAT] [BlackTheDude -> me] yes especially trolling little kids
[17:09:10] [Client thread/INFO]: [CHAT] < SkythekidRS> aaaaaaaaaaaaaaa
[17:09:13] [Client thread/INFO]: [CHAT] moltenmap2 joined the game.
[17:09:15] [Client thread/INFO]: [CHAT] KingDragonRider - Opping all players on the server
[17:09:15] [Client thread/INFO]: [CHAT] You are now op!
[17:09:21] [Client thread/INFO]: [CHAT] <[Nymph] Nikki> i cant ;/
[17:09:24] [Client thread/INFO]: [CHAT] kenny1234587 left the game.
[17:09:33] [Client thread/INFO]: [CHAT] <[SA-Helper] Jamel> why are commands disabled
[17:09:42] [Client thread/INFO]: [CHAT] hunter02nerd joined the game.
[17:09:44] [Client thread/INFO]: [CHAT] <[Darkrai'sPokemon] Arceus> all of my pups are little again XD
[17:09:47] [Client thread/INFO]: [CHAT] <[YOUTUBER] moltenmap2> yo whats up guys
[17:09:50] [Client thread/INFO]: [CHAT] <XxHoundWolfxX> hunt
[17:09:52] [Client thread/INFO]: [CHAT] < SkythekidRS> hi
[17:09:56] [Client thread/INFO]: [CHAT] <[Nymph] Nikki> thx gear
[17:09:57] [Client thread/INFO]: [CHAT] [me -> BlackTheDude] same watch www.youtube.com/watch?v=-D3rZG92mfo
[17:10:03] [Client thread/INFO]: [CHAT] < HarmzzzGaming> I am gonna apply 4 super admin ppl. Wish me luck again.....
[17:10:04] [Client thread/INFO]: [CHAT] < RedStone> how u protect something
[17:10:06] [Client thread/INFO]: [CHAT] <nickbrick9999> feke sky
[17:10:10] [Client thread/INFO]: [CHAT] <[Nymph] Nikki> aw
[17:10:13] [Client thread/INFO]: [CHAT] <[YOUTUBER] moltenmap2> koolkerry im not stupid
[17:10:14] [Client thread/INFO]: [CHAT] Estate22 joined the game.
[17:10:17] [Client thread/INFO]: [CHAT] <[YOUTUBER] moltenmap2> lol
[17:10:21] [Client thread/INFO]: [CHAT] *  HarmzzzGaming is now AFK.
[17:10:21] [Client thread/INFO]: [CHAT] Goose8765 left the game.
[17:10:31] [Client thread/INFO]: [CHAT] <conorcarter> skythekid u been on dagonner
[17:10:33] [Client thread/INFO]: [CHAT] Survivalology joined the game.
[17:10:34] [Client thread/INFO]: [CHAT] Xavier1908 joined the game.
[17:10:34] [Client thread/INFO]: [CHAT] Welcome Xavier1908 to the server!
[17:10:36] [Client thread/INFO]: [CHAT] <[Nymph] Nikki> dude walking ur dog over this is genius
[17:10:46] [Client thread/INFO]: [CHAT] <[SA-Helper] Jamel> lol
[17:10:47] [Client thread/INFO]: [CHAT] mattymine3 left the game.
[17:10:48] [Client thread/INFO]: [CHAT] <[YOUTUBER] moltenmap2> the real sky came on yesterday lol
[17:10:49] [Client thread/INFO]: [CHAT] AJLDigit joined the game.
[17:10:49] [Client thread/INFO]: [CHAT] Welcome  AJLDigit to the server!
[17:10:53] [Client thread/INFO]: [CHAT] <KingDragonRider> Lol.
[17:10:53] [Client thread/INFO]: [CHAT] <[Darkrai'sPokemon] Arceus> this is soo cute!
[17:10:54] [Client thread/INFO]: [CHAT] < SkythekidRS> so
[17:10:56] [Client thread/INFO]: [CHAT] <XxHoundWolfxX> s
[17:10:58] [Client thread/INFO]: [CHAT] monkaabbcc left the game.
[17:10:59] [Client thread/INFO]: [CHAT] <[Nymph] Nikki> ikr!
[17:11:01] [Client thread/INFO]: [CHAT] There are 143 total banned players:
[17:11:01] [Client thread/INFO]: [CHAT] a_buho, akamakita, vicky_maniak, sparkelz999, wowmike, futureron, rubihube99, coolguytv, eli_chicken_abe, voxen, josipcro, destroyercecil, kaspar, pigman072803, ownage103, kaspar747, kyleotmane, dinomaster2012, builderdude127, _alexg_, steven6243, lol, gudini, teamonzz, minecrafter8631, toamahrimatoro, anatolii432, bugboy19, nitemarerider, dgamnscd, bakugan32, ssah8, zclementb, jac911, k111211, hotdogdude23, yaoi, oggy225, noahrocks1000, living_skull, ryley007, icofriendly, eyet10, butter_monster1, kudirka321, 35longway, tanea2006, itachi20, bajancanadian, kkoks, domdom618, xminecraftrulez, ironbutterman, degute, pizzadogo, kylecraft911, connolly443, clemmer3, eagg2112, loloip, benchwarmer, joshhunter35, jacob62rabbit62, _marchk, reed_mc, zolith, xkpm18x, xx_cr33p3r_xx12, dr007, nahui, judedude2002, formula1master, cnjj, brosbaby, epicboy317, thatkid022, jedipow, sssnomadsss, herobrineman4, darnox79, saul, potatofloki, artemko, carefreexray, toxic2k11, xxjoshxx, xaglite, lollimaker9000, dadu11, mikeybx, jumbomuffin07, helduivel, bossa320, creeper1blow, twoshoes100, tristaninn, buckzor, nathan4414, fudgecake12, ashmo345, brian5408, sam_ryan12, ro234, spang_b, szaszalex123, dakota1501, smexy1337, tomanyitems349, jonniebot, alsosj, badswede, rutatut, philipchung123, r11y513, cuddlybearjoe, mentalminer64, slaceran, kimpen33, ilegalmexican, marco0910, swaggarthur, nikolaj_m_basse, genrl_slowskiii, bigdaddytoy, ninja107998, messyblock, lachyawesome12, jacobburcher, ivanvanic, bash, vit005, miner1boy, k0c0nn0r, haygen2002, leg_gabe, lukewhal, creeeper13, roamingsnype, evansta99, tkd12, killwolfsobaka, ninjaminer6677 and squeare_visual
[17:11:02] [Client thread/INFO]: [CHAT] <[Darkrai'sPokemon] Arceus> yea!
[17:11:03] [Client thread/INFO]: [CHAT] conorcarter left the game.
[17:11:04] [Client thread/INFO]: [CHAT] <[YOUTUBER] moltenmap2> just saying lol
[17:11:04] [Client thread/INFO]: [CHAT] koolkerry left the game.
[17:11:05] [Client thread/INFO]: [CHAT] <XxHoundWolfxX> sky so fake
[17:11:06] [Client thread/INFO]: [CHAT] <[Nymph] Nikki> we should make like a giant doghouse
[17:11:06] [Client thread/INFO]: [CHAT] NiceraIzCool joined the game.
[17:11:06] [Client thread/INFO]: [CHAT] Welcome  NiceraRox to the server!
[17:11:12] [Client thread/INFO]: [CHAT] <[Nymph] Nikki> we should make like a giant doghouse arceus
[17:11:13] [Client thread/INFO]: [CHAT] < VideoGameSmash12> everyone do ./banlist
[17:11:14] [Client thread/INFO]: [CHAT] <[Darkrai'sPokemon] Arceus> ik!
[17:11:17] [Client thread/INFO]: [CHAT] SelinaMae joined the game.
[17:11:17] [Client thread/INFO]: [CHAT] Welcome SelinaMae to the server!
[17:11:19] [Client thread/INFO]: [CHAT] DanTDM joined the game.
[17:11:19] [Client thread/INFO]: [CHAT] Welcome  DanTDM to the server!
[17:11:20] [Client thread/INFO]: [CHAT] < AJLDigit> has some made a hotel of some kind?
[17:11:20] [Client thread/INFO]: [CHAT] <[Darkrai'sPokemon] Arceus> wait my house can be it!
[17:11:21] [Client thread/INFO]: [CHAT] 19cynder left the game.
[17:11:28] [Client thread/INFO]: [CHAT] <[Darkrai'sPokemon] Arceus> tp to me!
[17:11:29] [Client thread/INFO]: [CHAT] *  DarkraiIlvl100I says selina
[17:11:30] [Client thread/INFO]: [CHAT] <[SA-Helper] Jamel> hmm
[17:11:31] [Client thread/INFO]: [CHAT] <[Nymph] Nikki> Im gunna make mine out of water (SINCE im a water nymph =P)
[17:11:35] [Client thread/INFO]: [CHAT] *  DarkraiIlvl100I says selina hi
[17:11:41] [Client thread/INFO]: [CHAT] TwilaIzCool joined the game.
[17:11:41] [Client thread/INFO]: [CHAT] Welcome TwilaIzCool to the server!
[17:11:42] [Client thread/INFO]: [CHAT] <[Darkrai'sPokemon] Arceus> not u!
[17:11:42] [Client thread/INFO]: [CHAT] <SelinaMae> hi
[17:11:46] [Client thread/INFO]: [CHAT] <[Darkrai'sPokemon] Arceus> i meant nikki
[17:11:46] [Client thread/INFO]: [CHAT] erickpinto2012 left the game.
[17:11:47] [Client thread/INFO]: [CHAT] <KingDragonRider> Lol :P
[17:11:49] [Client thread/ERROR]: Item entity 29415 has no item?!
[17:11:58] [Client thread/INFO]: [CHAT] imjack joined the game.
[17:12:02] [Client thread/INFO]: [CHAT] < VideoGameSmash12> everyone do ./banlist!
[17:12:16] [Client thread/INFO]: [CHAT] < Sapling_MC> Wow
[17:12:21] [Client thread/INFO]: [CHAT] HarmzzzGaming left the game.
[17:12:26] [Client thread/INFO]: [CHAT] < VideoGameSmash12> what's wow
[17:12:27] [Client thread/INFO]: [CHAT] <[Darkrai'sPokemon] Arceus> tada
[17:12:29] [Client thread/INFO]: [CHAT] < Sapling_MC> bad peps
[17:12:30] [Client thread/INFO]: [CHAT] <[Nymph] Nikki> dont tp me!
[17:12:33] [Client thread/INFO]: [CHAT] <[Darkrai'sPokemon] Arceus> srry!
[17:12:38] [Client thread/INFO]: [CHAT] <[Darkrai'sPokemon] Arceus> but it still here
[17:12:49] [Client thread/INFO]: [CHAT] *  DarkraiIlvl100I says no
[17:12:52] [Client thread/INFO]: [CHAT] < VideoGameSmash12> yes
[17:13:01] [Client thread/INFO]: [CHAT] < VideoGameSmash12> everyone do ./banlist!
[17:13:05] [Client thread/INFO]: [CHAT] There are 143 total banned players:
[17:13:05] [Client thread/INFO]: [CHAT] a_buho, akamakita, vicky_maniak, sparkelz999, wowmike, futureron, rubihube99, coolguytv, eli_chicken_abe, voxen, josipcro, destroyercecil, kaspar, pigman072803, ownage103, kaspar747, kyleotmane, dinomaster2012, builderdude127, _alexg_, steven6243, lol, gudini, teamonzz, minecrafter8631, toamahrimatoro, anatolii432, bugboy19, nitemarerider, dgamnscd, bakugan32, ssah8, zclementb, jac911, k111211, hotdogdude23, yaoi, oggy225, noahrocks1000, living_skull, ryley007, icofriendly, eyet10, butter_monster1, kudirka321, 35longway, tanea2006, itachi20, bajancanadian, kkoks, domdom618, xminecraftrulez, ironbutterman, degute, pizzadogo, kylecraft911, connolly443, clemmer3, eagg2112, loloip, benchwarmer, joshhunter35, jacob62rabbit62, _marchk, reed_mc, zolith, xkpm18x, xx_cr33p3r_xx12, dr007, nahui, judedude2002, formula1master, cnjj, brosbaby, epicboy317, thatkid022, jedipow, sssnomadsss, herobrineman4, darnox79, saul, potatofloki, artemko, carefreexray, toxic2k11, xxjoshxx, xaglite, lollimaker9000, dadu11, mikeybx, jumbomuffin07, helduivel, bossa320, creeper1blow, twoshoes100, tristaninn, buckzor, nathan4414, fudgecake12, ashmo345, brian5408, sam_ryan12, ro234, spang_b, szaszalex123, dakota1501, smexy1337, tomanyitems349, jonniebot, alsosj, badswede, rutatut, philipchung123, r11y513, cuddlybearjoe, mentalminer64, slaceran, kimpen33, ilegalmexican, marco0910, swaggarthur, nikolaj_m_basse, genrl_slowskiii, bigdaddytoy, ninja107998, messyblock, lachyawesome12, jacobburcher, ivanvanic, bash, vit005, miner1boy, k0c0nn0r, haygen2002, leg_gabe, lukewhal, creeeper13, roamingsnype, evansta99, tkd12, killwolfsobaka, ninjaminer6677 and squeare_visual
[17:13:06] [Client thread/INFO]: [CHAT] <KingDragonRider> Why VideoGameSmash12?
[17:13:10] [Client thread/INFO]: [CHAT] <{GRAMMZSimplyMC} AJLDigit> does someone have a hotel built?
[17:13:11] [Client thread/INFO]: [CHAT] Izzytrekker joined the game.
[17:13:17] [Client thread/INFO]: [CHAT] Izzytrekker left the game.
[17:13:20] [Client thread/INFO]: [CHAT] lourenco_miner22 joined the game.
[17:13:21] [Client thread/INFO]: [CHAT] Welcome lourenco_miner22 to the server!
[17:13:21] [Client thread/INFO]: [CHAT] <NugTin> hi
[17:13:22] [Client thread/INFO]: [CHAT] < VideoGameSmash12> it wont ban you i promise kingdragon
[17:13:29] [Client thread/INFO]: [CHAT] *  DarkraiIlvl100I says you own me
[17:13:32] [Client thread/INFO]: [CHAT] < RedStone> it doesnt
[17:13:33] [Client thread/INFO]: [CHAT] <[Darkrai'sPokemon] Arceus> tada!
[17:13:41] [Client thread/INFO]: [CHAT] < RedStone> it shows all the banned ppl
[17:13:44] [Client thread/INFO]: [CHAT] <[Darkrai'sPokemon] Arceus> so this is the house?
[17:13:44] [Client thread/INFO]: [CHAT] <KingDragonRider> It wouldn't matter for me, I'm an admin so I'd just join back if I was banned xD
[17:13:46] [Client thread/INFO]: [CHAT] <[Nymph] Nikki> Meh
[17:13:47] [Client thread/INFO]: [CHAT] < RedStone> arceus
[17:13:49] [Client thread/INFO]: [CHAT] <[Darkrai'sPokemon] Arceus> wut?
[17:13:51] [Client thread/INFO]: [CHAT] <[Nymph] Nikki> its gunna be tiny for the puppies
[17:13:51] [Client thread/INFO]: [CHAT] <lourenco_miner22> dantdm is on
[17:13:52] [Client thread/INFO]: [CHAT] < VideoGameSmash12> but look at how many!
[17:13:59] [Client thread/INFO]: [CHAT] < NiceraRox> op me please, it keeps un-oping me
[17:13:59] [Client thread/INFO]: [CHAT] < RedStone> wanna see a magic trick
[17:14:02] [Client thread/INFO]: [CHAT] <:D NugTin> yo
[17:14:05] [Client thread/INFO]: [CHAT] <[Nymph] Nikki> Dont worry this is magic ice its not gonna make them cold i promise
[17:14:07] [Client thread/INFO]: [CHAT] < Zoe> hey who has teampseak?
[17:14:09] [Client thread/INFO]: [CHAT] <[Darkrai'sPokemon] Arceus> tada?
[17:14:10] [Client thread/INFO]: [CHAT] That player is not online.
[17:14:10] [Client thread/INFO]: [CHAT] You don't have permissions to OP offline players.
[17:14:12] [Client thread/INFO]: [CHAT] < Abby> can some one op me?
[17:14:20] [Client thread/INFO]: [CHAT] <[Nymph] Nikki> Make yo own houze ;p
[17:14:23] [Client thread/INFO]: [CHAT] <popydapenguin> I think I know who...
[17:14:25] [Client thread/INFO]: [CHAT] That player is not online.
[17:14:25] [Client thread/INFO]: [CHAT] You don't have permissions to OP offline players.
[17:14:28] [Client thread/INFO]: [CHAT] NugTin left the game.
[17:14:34] [Client thread/INFO]: [CHAT] < RedStone> u ready arceus?
[17:14:35] [Client thread/INFO]: [CHAT] That player is not online.
[17:14:35] [Client thread/INFO]: [CHAT] You don't have permissions to OP offline players.
[17:14:37] [Client thread/INFO]: [CHAT] steve77712 joined the game.
[17:14:37] [Client thread/INFO]: [CHAT] Welcome steve77712 to the server!
[17:14:42] [Client thread/INFO]: [CHAT] < pikachu> pika pika
[17:14:48] [Client thread/INFO]: [CHAT] < Abby> can some one op me plz!
[17:14:51] [Client thread/INFO]: [CHAT] KingDragonRider - Opping all players on the server
[17:14:51] [Client thread/INFO]: [CHAT] You are now op!
[17:14:52] [Client thread/INFO]: [CHAT] < RedStone> i can name the enchantments on your dia sword
[17:14:53] [Client thread/INFO]: [CHAT] <steve77712> oP ME
[17:14:54] [Client thread/INFO]: [CHAT] < XxHoundWolfxX> s
[17:14:55] [Client thread/INFO]: [CHAT] <[Nymph] Nikki> ...?
[17:14:55] [Client thread/INFO]: [CHAT] < NiceraRox> yay, thx
[17:15:03] [Client thread/INFO]: [CHAT] [Server:KingDragonRider] everyone's opped :)
[17:15:08] [Client thread/INFO]: [CHAT] < Abby> yay!
[17:15:11] [Client thread/INFO]: [CHAT] *  DarkraiIlvl100I gives waterball to estate
[17:15:19] [Client thread/INFO]: [CHAT] matthewpbetit left the game.
[17:15:24] [Client thread/INFO]: [CHAT] < XxHoundWolfxX> d
[17:15:24] [Client thread/INFO]: [CHAT] <[Darkrai'sPokemon] Arceus> YAY!
[17:15:25] [Client thread/INFO]: [CHAT] *  DarkraiIlvl100I says 3
[17:15:30] [Client thread/INFO]: [CHAT] *  DarkraiIlvl100I says 2
[17:15:31] [Client thread/INFO]: [CHAT] [me -> vagim] Holy Crap!
[17:15:32] [Client thread/INFO]: [CHAT] jake2923456 joined the game.
[17:15:32] [Client thread/INFO]: [CHAT] Welcome jake2923456 to the server!
[17:15:35] [Client thread/INFO]: [CHAT] < IMNOTAFUCKINGUNICORN> :D
[17:15:36] [Client thread/INFO]: [CHAT] <[YOUTUBER] moltenmap2> lol
[17:15:36] [Client thread/INFO]: [CHAT] *  DarkraiIlvl100I says 1
[17:15:38] [Client thread/INFO]: [CHAT] <maroni03> sorry wrong person meant to tp my friend
[17:15:42] [Client thread/INFO]: [CHAT] *  DarkraiIlvl100I throw
[17:15:45] [Client thread/INFO]: [CHAT] <[Darkrai'sPokemon] Arceus> WTF
[17:15:47] [Client thread/INFO]: [CHAT] SelinaMae left the game.
[17:15:55] [Client thread/INFO]: [CHAT] *  Trainer_Estate_Level_70 throws water ball and does not know what it does
[17:15:58] [Client thread/INFO]: [CHAT] * moltenmap2 BOOKER CATCH
[17:16:00] [Client thread/INFO]: [CHAT] < RedStone> nice
[17:16:00] [Client thread/INFO]: [CHAT] cooldude43567 joined the game.
[17:16:03] [Client thread/INFO]: [CHAT] <[Darkrai'sPokemon] Arceus> its not working1
[17:16:18] [Client thread/INFO]: [CHAT] <[Nymph] Nikki> Dont worry this is magic ice its not gonna make them cold i promise ;D
[17:16:19] [Client thread/INFO]: [CHAT] <Survivalology> you can temporarily change the limit, if you have a good reason
[17:16:25] [Client thread/INFO]: [CHAT] <hunter02nerd> daan tttttmmmmm
[17:16:32] [Client thread/INFO]: [CHAT] < Sapling_MC> do /createwarp Mcdonalds
[17:16:43] [Client thread/INFO]: [CHAT] <maroni03> ban nickbrick9999
[17:16:45] [Client thread/INFO]: [CHAT] < Sapling_MC> or tp to me
[17:16:46] [Client thread/INFO]: [CHAT] <[Nymph] Nikki> its /setwarp you noob
[17:16:48] [Client thread/INFO]: [CHAT] <[Nymph] Nikki> lol
[17:16:52] [Client thread/INFO]: [CHAT] Server is going offline.
[17:16:52] [Client thread/INFO]: [CHAT] coasterguy771 left the game.
[17:17:43] [Client thread/INFO]: Connecting to 64.34.165.5, 28965
[17:17:43] [Client thread/INFO]: [CHAT] VideoGameSmash12 joined the game.
[17:17:43] [Client thread/INFO]: [CHAT] Type /help for a list of commands.
[17:17:43] [Client thread/INFO]: [CHAT] Save your builds with World Edit or lose them
[17:17:43] [Client thread/INFO]: [CHAT] Read our website at www.totalfreedom.me to find out how
[17:17:43] [Client thread/INFO]: [CHAT] Read the rules
[17:17:43] [Client thread/INFO]: [CHAT] Read our only authorized forum at www.totalfreedom.boards.net
[17:17:43] [Client thread/INFO]: [CHAT] You have no new mail.
[17:17:44] [Client thread/INFO]: [CHAT] < Nikki> NO!
[17:17:45] [Client thread/INFO]: [CHAT] gear_monkey joined the game.
[17:17:46] [Client thread/INFO]: [CHAT] unknowneagle joined the game.
[17:17:46] [Client thread/INFO]: [CHAT] AJLDigit joined the game.
[17:17:48] [Client thread/INFO]: [CHAT] < Nikki> get more!
[17:17:53] [Client thread/INFO]: [CHAT] eliteDGG joined the game.
[17:17:53] [Client thread/INFO]: [CHAT] Welcome  eliteDGG to the server!
[17:17:56] [Client thread/INFO]: [CHAT] < Sapling_MC> D** Nikki is right lol
[17:18:01] [Client thread/INFO]: [CHAT] < Arceus> my dogs1
[17:18:04] [Client thread/INFO]: [CHAT] < Arceus> MY DOGS!!!!
[17:18:09] [Client thread/INFO]: [CHAT] NiceraIzCool left the game.
[17:18:13] [Client thread/INFO]: [CHAT] <[YOUTUBER] moltenmap2> Booker
[17:18:16] [Client thread/INFO]: [CHAT] Left click: select pos #1; Right click: select pos #2
[17:18:17] [Client thread/INFO]: [CHAT] <[YOUTUBER] moltenmap2> catch
[17:18:23] [Client thread/INFO]: [CHAT] <KingDragonRider> Kid, be careful
[17:18:25] [Client thread/INFO]: [CHAT] < Sapling_MC> how do u get ranks
[17:18:30] [Client thread/INFO]: [CHAT] < Trainer_Estate_Level_70> holy shi* i pooped my pants when i ate a cheese burger at mcdonalds
[17:18:36] [Client thread/INFO]: [CHAT] < Nikki> tlol
[17:18:38] [Client thread/INFO]: [CHAT] < Nikki> LOL
[17:18:42] [Client thread/INFO]: [CHAT] * moltenmap2 HEY HEY HEY APPLE
[17:18:42] [Client thread/INFO]: [CHAT] < Trainer_Estate_Level_70> better change
[17:18:45] [Client thread/INFO]: [CHAT] < Jeffery> hia all :}
[17:18:47] [Client thread/INFO]: [CHAT] poohcrumb joined the game.
[17:18:47] [Client thread/INFO]: [CHAT] Welcome  SlimeMadness to the server!
[17:18:49] [Client thread/INFO]: [CHAT] matthewpbetit joined the game.
[17:18:53] [Client thread/INFO]: [CHAT] DanTDM joined the game.
[17:18:55] [Client thread/INFO]: [CHAT] <jake2923456> hi
[17:18:55] [Client thread/INFO]: [CHAT] < Arceus> hurray!
[17:18:55] [Client thread/INFO]: [CHAT] < Nikki> mcdolands food is poisonus u kno
[17:18:57] [Client thread/INFO]: [CHAT] KingDragonRider - Opping all players on the server
[17:18:57] [Client thread/INFO]: [CHAT] You are now op!
[17:18:57] [Client thread/INFO]: [CHAT] * moltenmap2 WHAT
[17:19:00] [Client thread/INFO]: [CHAT] < SlimeMadness> Hi
[17:19:02] [Client thread/INFO]: [CHAT] * moltenmap2 NIFE
[17:19:09] [Client thread/INFO]: [CHAT] < XxHoundWolfxX> thanks
[17:19:24] [Client thread/INFO]: [CHAT] < Arceus> wtf!?
[17:19:24] [Client thread/INFO]: [CHAT] < Jeffery> theres a regular world o>O
[17:19:24] [Client thread/INFO]: [CHAT] guardiaodudu left the game.
[17:19:26] [Client thread/INFO]: [CHAT] amc2301 joined the game.
[17:19:26] [Client thread/INFO]: [CHAT] Welcome amc2301 to the server!
[17:19:29] [Client thread/INFO]: [CHAT] < Arceus> enable mob spawning!
[17:19:33] [Client thread/INFO]: [CHAT] SpecLeader is a Super Admin.
[17:19:33] [Client thread/INFO]: [CHAT] SpecLeader joined the game.
[17:19:35] [Client thread/INFO]: [CHAT] < Jamel> Spec
[17:19:38] [Client thread/INFO]: [CHAT] < Jamel> Thank god
[17:19:39] [Client thread/INFO]: [CHAT] <Survivalology> lol arceus you made an underground home
[17:19:39] [Client thread/INFO]: [CHAT] <amc2301> op pleas
[17:19:42] [Client thread/INFO]: [CHAT] HarmzzzGaming joined the game.
[17:19:44] [Client thread/INFO]: [CHAT] < Arceus> ik
[17:19:44] [Client thread/INFO]: [CHAT] <SpecLeader> Any admins On?
[17:19:47] [Client thread/INFO]: [CHAT] <KingDragonRider> Meee
[17:19:48] [Client thread/INFO]: [CHAT] < HarmzzzGaming> :P
[17:19:48] [Client thread/INFO]: [CHAT] <[YOUTUBER] moltenmap2> yea
[17:19:50] [Client thread/INFO]: [CHAT] <SpecLeader> Meee TO
[17:19:51] [Client thread/INFO]: [CHAT] < Jake> hello
[17:19:52] [Client thread/INFO]: [CHAT] <SpecLeader> lol
[17:19:55] [Client thread/INFO]: [CHAT] steve77712 joined the game.
[17:19:56] [Client thread/INFO]: [CHAT] XxHoundWolfxX left the game.
[17:19:59] [Client thread/INFO]: [CHAT] XxHoundWolfxX joined the game.
[17:20:06] [Client thread/INFO]: [CHAT] XxHoundWolfxX left the game.
[17:20:06] [Client thread/INFO]: [CHAT] guardiaodudu joined the game.
[17:20:08] [Client thread/INFO]: [CHAT] < Trainer_Estate_Level_70> come
[17:20:08] [Client thread/INFO]: [CHAT] XxHoundWolfxX joined the game.
[17:20:08] [Client thread/INFO]: [CHAT] First position set to (92.0, 30.0, -588.0).
[17:20:11] [Client thread/INFO]: [CHAT] < IMNOTAFUCKINGUNICORN> hi ppl
[17:20:15] [Client thread/INFO]: [CHAT] First position set to (92.0, 30.0, -582.0).
[17:20:18] [Client thread/INFO]: [CHAT] < Jeffery> hi
[17:20:20] [Client thread/INFO]: [CHAT] XxHoundWolfxX left the game.
[17:20:22] [Client thread/INFO]: [CHAT] XxHoundWolfxX joined the game.
[17:20:25] [Client thread/INFO]: [CHAT] XxHoundWolfxX left the game.
[17:20:26] [Client thread/INFO]: [CHAT] < YOUTUBER> hi
[17:20:27] [Client thread/INFO]: [CHAT] < Jeffery> did a man called roman get on?
[17:20:28] [Client thread/INFO]: [CHAT] XxHoundWolfxX joined the game.
[17:20:31] [Client thread/INFO]: [CHAT] Second position set to (104.0, 30.0, -582.0) (13).
[17:20:35] [Client thread/INFO]: [CHAT] Second position set to (104.0, 30.0, -588.0) (91).
[17:20:37] [Client thread/INFO]: [CHAT] < Nikki> gettout
[17:20:38] [Client thread/INFO]: [CHAT] poohcrumb left the game.
[17:20:44] [Client thread/INFO]: [CHAT] < Nikki> dude take ur dogs out ;/
[17:20:47] [Client thread/INFO]: [CHAT] 46 block(s) have been replaced.
[17:20:52] [Client thread/INFO]: [CHAT] First position set to (102.0, 31.0, -583.0) (36).
[17:20:53] [Client thread/INFO]: [CHAT] <[YOUTUBER] moltenmap2> guys who has at least 1000 subs on youtube and is looking for a neetwork to join
[17:20:54] [Client thread/INFO]: [CHAT] First position set to (102.0, 31.0, -587.0) (12).
[17:20:55] [Client thread/INFO]: [CHAT] < RedStone> me?
[17:20:57] [Client thread/INFO]: [CHAT] Second position set to (95.0, 31.0, -587.0) (8).
[17:20:58] [Client thread/INFO]: [CHAT] < Jake> &5 hi
[17:20:58] [Client thread/INFO]: [CHAT] SwordSwingerGod joined the game.
[17:20:59] [Client thread/INFO]: [CHAT] Welcome SwordSwingerGod to the server!
[17:21:01] [Client thread/INFO]: [CHAT] Second position set to (94.0, 31.0, -583.0) (45).
[17:21:03] [Client thread/INFO]: [CHAT] 41 block(s) have been replaced.
[17:21:03] [Client thread/INFO]: [CHAT] <hunter02nerd> daan
[17:21:06] [Client thread/INFO]: [CHAT] [matthewpbetit: Set difficulty to PEACEFUL]
[17:21:08] [Client thread/INFO]: [CHAT] < Jake> &bhi
[17:21:08] [Client thread/INFO]: [CHAT] <eliteDGG> me
[17:21:10] [Client thread/INFO]: [CHAT] First position set to (92.0, 29.0, -583.0) (9).
[17:21:11] [Client thread/INFO]: [CHAT] First position set to (92.0, 29.0, -587.0) (45).
[17:21:13] [Client thread/INFO]: [CHAT] < YOUTUBER> i have 5,000 subs
[17:21:13] [Client thread/INFO]: [CHAT] Second position set to (99.0, 29.0, -587.0) (8).
[17:21:16] [Client thread/INFO]: [CHAT] Second position set to (99.0, 29.0, -583.0) (40).
[17:21:17] [Client thread/INFO]: [CHAT] < IMNOTAFUCKINGUNICORN> Who r u
[17:21:22] [Client thread/INFO]: [CHAT] < IMNOTAFUCKINGUNICORN> And Wanna skype
[17:21:23] [Client thread/INFO]: [CHAT] 32 block(s) have been replaced.
[17:21:27] [Client thread/INFO]: [CHAT] shock_creeper joined the game.
[17:21:27] [Client thread/INFO]: [CHAT] Welcome shock_creeper to the server!
[17:21:29] [Client thread/INFO]: [CHAT] 8 block(s) have been replaced.
[17:21:30] [Client thread/INFO]: [CHAT] eliteDGG left the game.
[17:21:30] [Client thread/INFO]: [CHAT] <[YOUTUBER] moltenmap2> well im creating a network every one who has 1000 or more add me on skype and ill see how we can
[17:21:32] [Client thread/INFO]: [CHAT] < Gavin> Sorry
[17:21:35] [Client thread/INFO]: [CHAT] <[YOUTUBER] moltenmap2> get it astated
[17:21:35] [Client thread/INFO]: [CHAT] <SwordSwingerGod> WELL YEAH i have 5 subs:(
[17:21:35] [Client thread/INFO]: [CHAT] First position set to (100.0, 29.0, -587.0) (10).
[17:21:36] [Client thread/INFO]: [CHAT] < Gavin> moltenmap2
[17:21:37] [Client thread/INFO]: [CHAT] First position set to (100.0, 29.0, -583.0) (2).
[17:21:38] [Client thread/INFO]: [CHAT] *  Nikki is now AFK.
[17:21:40] [Client thread/INFO]: [CHAT] <[DogTag54] Jeffery> hi
[17:21:40] [Client thread/INFO]: [CHAT] Second position set to (104.0, 29.0, -583.0) (5).
[17:21:42] [Client thread/INFO]: [CHAT] <[DogTag54] Jeffery> Hia all
[17:21:42] [Client thread/INFO]: [CHAT] Second position set to (104.0, 29.0, -587.0) (25).
[17:21:42] [Client thread/INFO]: [CHAT] < Gavin> Wanna skype
[17:21:42] [Client thread/INFO]: [CHAT] <Survivalology> molten, you have 59 subscribers.
[17:21:44] [Client thread/INFO]: [CHAT] <[YOUTUBER] moltenmap2> started
[17:21:45] [Client thread/INFO]: [CHAT] erickpinto2012 joined the game.
[17:21:48] [Client thread/INFO]: [CHAT] < Sapling_MC> same 5
[17:21:49] [Client thread/INFO]: [CHAT] <[YOUTUBER] moltenmap2> wrong channel
[17:21:50] [Client thread/INFO]: [CHAT] 24 block(s) have been replaced.
[17:21:50] [Client thread/INFO]: [CHAT] < Gavin> moltenmap2 skype?
[17:21:51] [Client thread/INFO]: [CHAT] ALegendInside09 joined the game.
[17:21:51] [Client thread/INFO]: [CHAT] Welcome ALegendInside09 to the server!
[17:21:52] [Client thread/INFO]: [CHAT] First position set to (103.0, 29.0, -588.0) (4).
[17:21:55] [Client thread/INFO]: [CHAT] Second position set to (93.0, 29.0, -588.0) (11).
[17:21:57] [Client thread/INFO]: [CHAT] ALegendInside09 left the game.
[17:21:57] [Client thread/INFO]: [CHAT] <BlackTheDude> griefer in vanish mode!!!!!
[17:21:58] [Client thread/INFO]: [CHAT] Second position set to (93.0, 29.0, -582.0) (77).
[17:21:58] [Client thread/INFO]: [CHAT] <Survivalology> which channel then?
[17:22:00] [Client thread/INFO]: [CHAT] <[YOUTUBER] moltenmap2> yea gavin its just moltenmap
[17:22:01] [Client thread/INFO]: [CHAT] First position set to (103.0, 29.0, -582.0) (11).
[17:22:04] [Client thread/INFO]: [CHAT] < Gavin> k
[17:22:10] [Client thread/INFO]: [CHAT] 11 block(s) have been replaced.
[17:22:10] [Client thread/INFO]: [CHAT] < Gavin> Add me steveisawesome6
[17:22:13] [Client thread/INFO]: [CHAT] <SwordSwingerGod> how do i freeze people
[17:22:15] [Client thread/INFO]: [CHAT] 0 block(s) have been replaced.
[17:22:19] [Client thread/INFO]: [CHAT] First position set to (93.0, 29.0, -588.0) (7).
[17:22:20] [Client thread/INFO]: [CHAT] LoL1o1e97 joined the game.
[17:22:20] [Client thread/INFO]: [CHAT] Welcome LoL1o1e97 to the server!
[17:22:22] [Client thread/INFO]: [CHAT] First position set to (103.0, 29.0, -588.0) (77).
[17:22:24] [Client thread/INFO]: [CHAT] <[SA-Helper] Jamel> You can;t
[17:22:25] [Client thread/INFO]: [CHAT] 4 block(s) have been replaced.
[17:22:27] [Client thread/INFO]: [CHAT] <Survivalology> SwordSwingerGod, you do not have to permission to freeze other players.
[17:22:29] [Client thread/INFO]: [CHAT] HarmzzzGaming left the game.
[17:22:31] [Client thread/INFO]: [CHAT] < Sapling_MC> unkoweagle is griefing
[17:22:34] [Client thread/INFO]: [CHAT] PugthekidRS joined the game.
[17:22:34] [Client thread/INFO]: [CHAT] PugthekidRS left the game.
[17:22:35] [Client thread/INFO]: [CHAT] <SwordSwingerGod> k
[17:22:36] [Client thread/INFO]: [CHAT] [Server:SpecLeader] Only Super admins can Do that
[17:22:37] [Client thread/INFO]: [CHAT] 7 block(s) have been replaced.
[17:22:38] [Client thread/INFO]: [CHAT] <[SA-Helper] Jamel> Only Super admins have permission.
[17:22:41] [Client thread/INFO]: [CHAT] First position set to (103.0, 29.0, -582.0) (11).
[17:22:42] [Client thread/INFO]: [CHAT] <LoL1o1e97> can somone op me
[17:22:43] [Client thread/INFO]: [CHAT] First position set to (103.0, 29.0, -588.0) (77).
[17:22:46] [Client thread/INFO]: [CHAT] Second position set to (93.0, 29.0, -588.0) (11).
[17:22:48] [Client thread/INFO]: [CHAT] Second position set to (93.0, 29.0, -582.0) (77).
[17:22:48] [Client thread/INFO]: [CHAT] <unknowneagle> no i not ???
[17:22:49] [Client thread/INFO]: [CHAT] < Arceus> there :D
[17:22:52] [Client thread/INFO]: [CHAT] 55 block(s) have been replaced.
[17:22:58] [Client thread/INFO]: [CHAT] First position set to (92.0, 32.0, -582.0) (8).
[17:23:01] [Client thread/INFO]: [CHAT] First position set to (92.0, 32.0, -588.0) (56).
[17:23:02] [Client thread/INFO]: [CHAT] < RedStone> lag
[17:23:03] [Client thread/INFO]: [CHAT] < Arceus> omg ur wolfs are still here2!
[17:23:08] [Client thread/INFO]: [CHAT] Second position set to (103.0, 32.0, -582.0) (84).
[17:23:11] [Client thread/INFO]: [CHAT] Second position set to (103.0, 32.0, -587.0) (24).
[17:23:11] [Client thread/INFO]: [CHAT] < Arceus> mine died!
[17:23:12] [Client thread/INFO]: [CHAT] <[SA-Helper] Jamel> Better?
[17:23:14] [Client thread/INFO]: [CHAT] SpecLeader - Rolling back player: unknowneagle
[17:23:16] [Client thread/INFO]: [CHAT] 24 block(s) have been replaced.
[17:23:18] [Client thread/INFO]: [CHAT] DanTDM left the game.
[17:23:18] [Client thread/INFO]: [CHAT] unknowneagle has been a VERY naughty, naughty boy.
[17:23:19] [Client thread/INFO]: [CHAT] Banning: unknowneagle, IP: 92.21.*.*.
[17:23:19] [Client thread/INFO]: [CHAT] unknowneagle left the game.
[17:23:21] [Client thread/INFO]: [CHAT] < GLaDOS> can someone op me
[17:23:25] [Client thread/INFO]: [CHAT] < Sapling_MC> thank you
[17:23:27] [Client thread/INFO]: [CHAT] [Server:SpecLeader] Banned for griefing
[17:23:29] [Client thread/INFO]: [CHAT] SpecLeader - Opping all players on the server
[17:23:29] [Client thread/INFO]: [CHAT] You are now op!
[17:23:29] [Client thread/INFO]: [CHAT] 0 block(s) have been replaced.
[17:23:36] [Client thread/INFO]: [CHAT] <Survivalology> i love how you thought notch was real
[17:23:43] [Client thread/INFO]: [CHAT] <MrPerson660> he is real you noob
[17:23:46] [Client thread/INFO]: [CHAT] <SpecLeader> Notch Is real. But Now on here.
[17:23:47] [Client thread/INFO]: [CHAT] < Gavin> moltenmap
[17:23:47] [Client thread/INFO]: [CHAT] oskardiggs joined the game.
[17:23:47] [Client thread/INFO]: [CHAT] Welcome oskardiggs to the server!
[17:23:47] [Client thread/INFO]: [CHAT] <SwordSwingerGod> notch is real
[17:23:48] [Client thread/INFO]: [CHAT] <MrPerson660> he created minecraft
[17:23:49] [Client thread/INFO]: [CHAT] <SpecLeader> Not*
[17:23:54] [Client thread/INFO]: [CHAT] PWNING_Awesomnes joined the game.
[17:23:54] [Client thread/INFO]: [CHAT] <Survivalology> on this server, mrperson.
[17:23:55] [Client thread/INFO]: [CHAT] First position set to (53.0, 32.0, -612.0) (1326).
[17:23:57] [Client thread/INFO]: [CHAT] First position set to (55.0, 32.0, -612.0) (1274).
[17:23:57] [Client thread/INFO]: [CHAT] <MrPerson660> oh ok
[17:23:58] [Client thread/INFO]: [CHAT] Second position set to (55.0, 32.0, -614.0) (3).
[17:23:59] [Client thread/INFO]: [CHAT] <[YOUTUBER] moltenmap2> i got a video if you guys wanna check it out
[17:23:59] [Client thread/INFO]: [CHAT] Second position set to (53.0, 32.0, -614.0) (9).
[17:24:01] [Client thread/INFO]: [CHAT] chopthatwood99 joined the game.
[17:24:01] [Client thread/INFO]: [CHAT] Welcome chopthatwood99 to the server!
[17:24:04] [Client thread/INFO]: [CHAT] saoirse100 left the game.
[17:24:09] [Client thread/INFO]: [CHAT] FinishingBros joined the game.
[17:24:09] [Client thread/INFO]: [CHAT] Welcome FinishingBros to the server!
[17:24:10] [Client thread/INFO]: [CHAT] < Gavin> Dood Molten skype?
[17:24:13] [Client thread/INFO]: [CHAT] <SpecLeader> who hates unknowneagle
[17:24:13] [Client thread/INFO]: [CHAT] XxHoundWolfxX used a forbidden WorldEdit block type: tnt
[17:24:14] [Client thread/INFO]: [CHAT] < VideoGameSmash12> ok what is it?
[17:24:16] [Client thread/INFO]: [CHAT] <[YOUTUBER] moltenmap2> GAVIN yes
[17:24:21] [Client thread/INFO]: [CHAT] <[YOUTUBER] moltenmap2> add me at moltenmap
[17:24:25] [Client thread/INFO]: [CHAT] < Sapling_MC> how do u get skull heads
[17:24:26] [Client thread/INFO]: [CHAT] <FinishingBros> helo
[17:24:30] [Client thread/INFO]: [CHAT] <[YOUTUBER] moltenmap2> i got a picture of an anime girlw
[17:24:34] [Client thread/INFO]: [CHAT] <PWNING_Awesomnes> molten ur a utuber?
[17:24:35] [Client thread/INFO]: [CHAT] <[DogTag54] Jeffery> suuure :P
[17:24:39] [Client thread/INFO]: [CHAT] <[YOUTUBER] moltenmap2> yes
[17:24:41] [Client thread/INFO]: [CHAT] jake2923456 left the game.
[17:24:41] [Client thread/INFO]: [CHAT] Exogenesis233 is a Super Admin.
[17:24:41] [Client thread/INFO]: [CHAT] Exogenesis233 joined the game.
[17:24:43] [Client thread/INFO]: [CHAT] <SpecLeader> God molten, stop watch pornography.
[17:24:44] [Client thread/INFO]: [CHAT] <[DogTag54] Jeffery> wearing wat?
[17:24:45] [Client thread/INFO]: [CHAT] < Gavin> ?
[17:24:47] [Client thread/INFO]: [CHAT] XxHoundWolfxX has been a VERY naughty, naughty boy.
[17:24:47] [Client thread/INFO]: [CHAT] Banning: XxHoundWolfxX, IP: 24.126.*.*.
[17:24:47] [Client thread/INFO]: [CHAT] XxHoundWolfxX left the game.
[17:24:50] [Client thread/INFO]: [CHAT] jake2923456 joined the game.
[17:24:51] [Client thread/INFO]: [CHAT] <PWNING_Awesomnes> how many subs
[17:24:56] [Client thread/INFO]: [CHAT] [Server:Exogenesis233] Banned for massive W/E
[17:24:58] [Client thread/INFO]: [CHAT] <coasterguy771> you can not say notch is noot real on this server, you can say he has and is not on this server
[17:24:58] [Client thread/INFO]: [CHAT] <[YOUTUBER] moltenmap2> 1???
[17:25:26] [Client thread/INFO]: [CHAT] <coasterguy771> you can not say notch is not real on this server, you can say he has not and is not on this server
[17:25:37] [Client thread/INFO]: [CHAT] < Arceus> WTF
[17:25:39] [Client thread/INFO]: [CHAT] < Gavin> Molten did u get me
[17:25:41] [Client thread/INFO]: [CHAT] < Arceus> NOO
[17:25:44] [Client thread/INFO]: [CHAT] <Survivalology> what kind of logic is that
[17:25:47] [Client thread/INFO]: [CHAT] <Survivalology> i dont understand
[17:25:48] [Client thread/INFO]: [CHAT] < GLaDOS> im i n a mushroom biome
[17:25:51] [Client thread/INFO]: [CHAT] < Arceus> ohai!
[17:25:54] [Client thread/INFO]: [CHAT] <[DogTag54] Jeffery> erickpinto2012 ?
[17:25:55] [Client thread/INFO]: [CHAT] oskardiggs left the game.
[17:25:57] [Client thread/INFO]: [CHAT] Izzytrekker joined the game.
[17:25:59] [Client thread/INFO]: [CHAT] < Gavin> Molten just add me
[17:25:59] [Client thread/INFO]: [CHAT] <[YOUTUBER] moltenmap2> yea but gavin im talking to my GF right now
[17:26:03] [Client thread/INFO]: [CHAT] < Gavin> steveisawesome6
[17:26:04] [Client thread/INFO]: [CHAT] Izzytrekker left the game.
[17:26:04] [Client thread/INFO]: [CHAT] <FinishingBros> Party
[17:26:05] [Client thread/INFO]: [CHAT] david1LoL joined the game.
[17:26:05] [Client thread/INFO]: [CHAT] Welcome david1LoL to the server!
[17:26:06] [Client thread/INFO]: [CHAT] < Gavin> Oh
[17:26:11] [Client thread/INFO]: [CHAT] <Exogenesis233> But still
[17:26:14] [Client thread/INFO]: [CHAT] < Gavin> Tell her i said hi
[17:26:22] [Client thread/INFO]: [CHAT] david1LoL - Opping LoL1o1e97