[01:09:19] [Client thread/INFO]: Connecting to 64.34.165.5, 28965
[01:09:20] [Client thread/INFO]: [CHAT] VideoGameSmash12 joined the game.
[01:09:20] [Client thread/INFO]: [CHAT] Type /help for a list of commands.
[01:09:20] [Client thread/INFO]: [CHAT] Save your builds with World Edit or lose them
[01:09:20] [Client thread/INFO]: [CHAT] Read our website at www.totalfreedom.me to find out how
[01:09:20] [Client thread/INFO]: [CHAT] Read the rules
[01:09:20] [Client thread/INFO]: [CHAT] Read our only authorized forum at www.totalfreedom.boards.net
[01:09:20] [Client thread/INFO]: [CHAT] You have no new mail.
[01:09:20] [Client thread/INFO]: [CHAT] Megas_ joined the game.
[01:09:20] [Client thread/INFO]: [CHAT] Welcome Megas_ to the server!
[01:09:25] [Client thread/INFO]: [CHAT] <Helper++ WOLFSTER> haii
[01:09:38] [Client thread/INFO]: [CHAT] d2005 left the game.
[01:09:39] [Client thread/INFO]: [CHAT] Use the /back command to return to your death point.
[01:09:39] [Client thread/INFO]: [CHAT] Goodbye cruel world...
[01:09:39] [Client thread/INFO]: [CHAT]  VideoGameSmash12 took their own life.
[01:09:39] [Client thread/INFO]: [CHAT] <Megas_> ??? ???? ?????? ????????
[01:09:41] [Client thread/INFO]: [CHAT] <Admin><Ultima Hawke> Test!
[01:09:42] [Client thread/INFO]: [CHAT] <Admin><Ultima Hawke> :D
[01:09:50] [Client thread/INFO]: [CHAT] <[Helper++] SwiftFreezER> d
[01:09:55] [Client thread/INFO]: [CHAT] NaZzR2510 has been a naughty, naughty boy.
[01:09:59] [Client thread/INFO]: [CHAT] [Server:transformas12345] No bold.
[01:10:06] [Client thread/INFO]: [CHAT] ShamWow02 - Opping NaZzR2510
[01:10:11] [Client thread/INFO]: [CHAT] reece joined the game.
[01:10:11] [Client thread/INFO]: [CHAT] Welcome reece to the server!
[01:10:12] [Client thread/INFO]: [CHAT] _rumbler97 left the game.
[01:10:40] [Client thread/INFO]: [CHAT] transformas12345 - Opping all players on the server
[01:10:40] [Client thread/INFO]: [CHAT] You are now op!
[01:10:44] [Client thread/INFO]: [CHAT] oggy225 joined the game.
[01:10:48] [Client thread/INFO]: [CHAT] <Admin><Ultima Hawke> :I
[01:10:50] [Client thread/INFO]: [CHAT] <oggy225> amon
[01:10:53] [Client thread/INFO]: [CHAT] <oggy225> tpa to me
[01:10:56] [Client thread/INFO]: [CHAT] poma123krn joined the game.
[01:10:59] [Client thread/INFO]: [CHAT] poma123krn left the game.
[01:11:00] [Client thread/INFO]: [CHAT] ckjeff05 joined the game.
[01:11:00] [Client thread/INFO]: [CHAT] Welcome ckjeff05 to the server!
[01:11:01] [Client thread/INFO]: [CHAT] <oggy225> amom?
[01:11:01] [Client thread/INFO]: [CHAT] NaZzR2510 has been a naughty, naughty boy.
[01:11:06] [Client thread/INFO]: [CHAT] [Server:transformas12345] I just said this, no bold!
[01:11:13] [Client thread/INFO]: [CHAT] <OP><Wolf ster> lolz
[01:11:15] [Client thread/INFO]: [CHAT] <oggy225> amo
[01:11:19] [Client thread/INFO]: [CHAT] ShamWow02 - Opping NaZzR2510
[01:11:21] [Client thread/INFO]: [CHAT] <oggy225> hyper
[01:11:22] [Client thread/INFO]: [CHAT] Dima123us joined the game.
[01:11:22] [Client thread/INFO]: [CHAT] Welcome Dima123us to the server!
[01:11:23] [Client thread/INFO]: [CHAT] <oggy225> no wrong player
[01:11:25] [Client thread/INFO]: [CHAT] <oggy225> go away pls
[01:11:32] [Client thread/INFO]: [CHAT] <oggy225> i wanted send it to amon
[01:11:38] [Client thread/INFO]: [CHAT] < HyperSonic> i`m already away
[01:11:39] [Client thread/INFO]: [CHAT] NaZzR2510 has been a naughty, naughty boy.
[01:11:40] [Client thread/INFO]: [CHAT] <oggy225> ohh
[01:11:41] [Client thread/INFO]: [CHAT] <oggy225> ok
[01:11:45] [Client thread/INFO]: [CHAT] transformas12345 - Temporarily banned NaZzR2510 until 2013-11-30 at 08:49:04 GMT, Reason: "3, yerr out! (transformas12345)"
[01:11:45] [Client thread/INFO]: [CHAT] NaZzR2510 left the game.
[01:11:49] [Client thread/INFO]: [CHAT] <oggy225> amon i got minecart that moves without rail for ya come
[01:12:00] [Client thread/INFO]: [CHAT] ShamWow02 has been a naughty, naughty boy.
[01:12:03] [Client thread/INFO]: [CHAT] [Server:transformas12345] No invisible.
[01:12:15] [Client thread/INFO]: [CHAT] <Admin><Ultima Hawke> Awkward silence.
[01:12:17] [Client thread/INFO]: [CHAT] poma123krn joined the game.
[01:12:19] [Client thread/INFO]: [CHAT] Luki2332 joined the game.
[01:12:23] [Client thread/INFO]: [CHAT] <ShamWow02> can i be opped pls
[01:12:25] [Client thread/INFO]: [CHAT] transformas12345 - Opping all players on the server
[01:12:25] [Client thread/INFO]: [CHAT] You are now op!
[01:12:27] [Client thread/INFO]: [CHAT] <Megas_> ? ??????
[01:12:38] [Client thread/INFO]: [CHAT] julian joined the game.
[01:12:38] [Client thread/INFO]: [CHAT] Welcome julian to the server!
[01:12:39] [Client thread/INFO]: [CHAT] <Megas_> ????
[01:12:46] [Client thread/INFO]: [CHAT] <Megas_> ?????
[01:12:54] [Client thread/INFO]: [CHAT] <oggy225> AMON
[01:12:56] [Client thread/INFO]: [CHAT] <oggy225> come ot me pls
[01:13:02] [Client thread/INFO]: [CHAT] *  [POLICE] 7amoon is now AFK.
[01:13:03] [Client thread/INFO]: [CHAT] <Megas_> ??? ??? ?????
[01:13:04] [Client thread/INFO]: [CHAT] <brayan3d> cheater
[01:13:11] [Client thread/INFO]: [CHAT] <oggy225> this is my and amon's art
[01:13:16] [Client thread/INFO]: [CHAT] <Dima123us> gamemode 0
[01:13:16] [Client thread/INFO]: [CHAT] <oggy225> it has been bigger
[01:13:18] [Client thread/INFO]: [CHAT] MrFrost joined the game.
[01:13:18] [Client thread/INFO]: [CHAT] Welcome MrFrost to the server!
[01:13:19] [Client thread/INFO]: [CHAT] <oggy225> but i destroyed some
[01:13:23] [Client thread/INFO]: [CHAT] transformas12345 - Removing all server entities.
[01:13:24] [Client thread/INFO]: [CHAT] MrFrost left the game.
[01:13:25] [Client thread/INFO]: [CHAT] transformas12345 - Opping all players on the server
[01:13:25] [Client thread/INFO]: [CHAT] You are now op!
[01:13:27] [Client thread/INFO]: [CHAT] NewProfile joined the game.
[01:13:27] [Client thread/INFO]: [CHAT] Welcome  The_Nikicha to the server!
[01:13:36] [Client thread/INFO]: [CHAT] ckjeff05 left the game.
[01:13:40] [Client thread/INFO]: [CHAT] PhillipMahkawk joined the game.
[01:13:42] [Client thread/INFO]: [CHAT] <Megas_> ????? ????? ???????
[01:13:43] [Client thread/INFO]: [CHAT] 34555 joined the game.
[01:13:43] [Client thread/INFO]: [CHAT] Welcome 34555 to the server!
[01:13:44] [Client thread/INFO]: [CHAT] <oggy225> hi phil
[01:13:47] [Client thread/INFO]: [CHAT] transformas12345 - Opping all players on the server
[01:13:47] [Client thread/INFO]: [CHAT] You are now op!
[01:13:47] [Client thread/INFO]: [CHAT] < Fluffy> Oggy
[01:13:50] [Client thread/INFO]: [CHAT] <oggy225> yes?
[01:13:50] [Client thread/INFO]: [CHAT] < Fluffy> Weren't you banned?
[01:13:51] [Client thread/INFO]: [CHAT] *  VideoGameSmash12 is now AFK.
[01:13:53] [Client thread/INFO]: [CHAT] <oggy225> when?
[01:13:54] [Client thread/INFO]: [CHAT] <oggy225> :P
[01:13:59] [Client thread/INFO]: [CHAT] < Fluffy> Few days ago
[01:14:01] [Client thread/INFO]: [CHAT] <oggy225> yes
[01:14:02] [Client thread/INFO]: [CHAT] < Fluffy> You were banned
[01:14:03] [Client thread/INFO]: [CHAT] <poma123krn> ????? ?? ???? ???
[01:14:03] [Client thread/INFO]: [CHAT] <oggy225> but i am unabnned
[01:14:03] [Client thread/INFO]: [CHAT] <Admin><Ultima Hawke> ./mail sendall is blocked now
[01:14:06] [Client thread/INFO]: [CHAT] <Megas_> ????? ????? ??????
[01:14:09] [Client thread/INFO]: [CHAT] < HyperSonic> How do you chat in color
[01:14:11] [Client thread/INFO]: [CHAT] <oggy225> it's impossible to get banned forever on dis server
[01:14:11] [Client thread/INFO]: [CHAT] < Fluffy> Hey Ulti
[01:14:12] [Client thread/INFO]: [CHAT] <Admin><Ultima Hawke> Use /me
[01:14:12] [Client thread/INFO]: [CHAT] <poma123krn> ???? ?? ????
[01:14:13] [Client thread/INFO]: [CHAT] <Admin><Ultima Hawke> Hai
[01:14:13] [Client thread/INFO]: [CHAT] < Fluffy> Lies
[01:14:16] [Client thread/INFO]: [CHAT] < HyperSonic> i`m already away
[01:14:16] [Client thread/INFO]: [CHAT] < Fluffy> No it isnt
[01:14:20] [Client thread/INFO]: [CHAT] < HyperSonic> wrong
[01:14:20] [Client thread/INFO]: [CHAT] <oggy225> what u know...
[01:14:25] [Client thread/INFO]: [CHAT] <Megas_> how are you
[01:14:26] [Client thread/INFO]: [CHAT] < Fluffy> I was Perm Banned
[01:14:29] [Client thread/INFO]: [CHAT] <Admin><Ultima Hawke> Philip has been on the server more than you
[01:14:34] [Client thread/INFO]: [CHAT] <Admin><Ultima Hawke> And I'm an admin
[01:14:36] [Client thread/INFO]: [CHAT] *  HyperSonic How to chat in color
[01:14:36] [Client thread/INFO]: [CHAT] EmPrOr left the game.
[01:14:37] [Client thread/INFO]: [CHAT] Luki2332 left the game.
[01:14:40] [Client thread/INFO]: [CHAT] <brayan3d> cheater!!
[01:14:41] [Client thread/INFO]: [CHAT] <oggy225> u are not transformas
[01:14:44] [Client thread/INFO]: [CHAT] oggy225 has been a naughty, naughty boy.
[01:14:45] [Client thread/INFO]: [CHAT] [Server:transformas12345] I am.
[01:14:47] [Client thread/INFO]: [CHAT] <Megas_> admin i letspleishik
[01:14:47] [Client thread/INFO]: [CHAT] <oggy225> ohh
[01:14:48] [Client thread/INFO]: [CHAT] <oggy225> :P
[01:14:48] [Client thread/INFO]: [CHAT] emle03 joined the game.
[01:14:49] [Client thread/INFO]: [CHAT] < Fluffy> I've been on since 1.6 yes?
[01:14:49] [Client thread/INFO]: [CHAT] transformas12345 - Opping all players on the server
[01:14:49] [Client thread/INFO]: [CHAT] You are now op!
[01:14:56] [Client thread/INFO]: [CHAT] emle03 left the game.
[01:14:58] [Client thread/INFO]: [CHAT] <Admin><Ultima Hawke> Want to know how I even got to this server?
[01:15:01] [Client thread/INFO]: [CHAT] <julian> 7777777777777777777777777777777777777777777777777777777777777777777777777777777777777777777777777777
[01:15:03] [Client thread/INFO]: [CHAT] transformas12345 - Muting julian
[01:15:16] [Client thread/INFO]: [CHAT] iuroew joined the game.
[01:15:16] [Client thread/INFO]: [CHAT] Welcome iuroew to the server!
[01:15:17] [Client thread/INFO]: [CHAT] < Fluffy> I might
[01:15:17] [Client thread/INFO]: [CHAT] <oggy225> i love /ignore command but not more than /ignore PhillipMahkawk command
[01:15:27] [Client thread/INFO]: [CHAT] <Admin><Ultima Hawke> The Minecraft Server List (the one which lists which players are on which server).
[01:15:30] [Client thread/INFO]: [CHAT] FallowDoe - Opping iuroew
[01:15:32] [Client thread/INFO]: [CHAT] JessicaPeggy joined the game.
[01:15:32] [Client thread/INFO]: [CHAT] <Admin><Ultima Hawke> Thats gow I got here
[01:15:33] [Client thread/INFO]: [CHAT] <Admin><Ultima Hawke> :P
[01:15:38] [Client thread/INFO]: [CHAT] < Fluffy> Wanna know how i got here?
[01:15:42] [Client thread/INFO]: [CHAT] blair joined the game.
[01:15:42] [Client thread/INFO]: [CHAT] Welcome blair to the server!
[01:15:48] [Client thread/INFO]: [CHAT] reece left the game.
[01:16:00] [Client thread/INFO]: [CHAT] < Fluffy> I was banned on 3 freedom servers for false grief
[01:16:01] [Client thread/INFO]: [CHAT] *  Hawke has equipped the Enderman Mask.
[01:16:03] [Client thread/INFO]: [CHAT] < Fluffy> It was blamed on me
[01:16:06] [Client thread/INFO]: [CHAT] <Admin><Ultima Hawke> .-.
[01:16:15] [Client thread/INFO]: [CHAT] 34555 used a forbidden WorldEdit block type: TNT
[01:16:19] [Client thread/INFO]: [CHAT] <la43> ??????
[01:16:20] [Client thread/INFO]: [CHAT] < Fluffy> Then i looked up: Minecraft servers all OP. and found this one
[01:16:21] [Client thread/INFO]: [CHAT] poma123krn left the game.
[01:16:39] [Client thread/INFO]: [CHAT] Megas_ left the game.
[01:16:39] [Client thread/INFO]: [CHAT] ShamWow02 has been a VERY naughty, naughty boy.
[01:16:39] [Client thread/INFO]: [CHAT] Banning: ShamWow02, IP: 124.149.*.*.
[01:16:39] [Client thread/INFO]: [CHAT] ShamWow02 left the game.
[01:16:46] [Client thread/INFO]: [CHAT] [Server:transformas12345] Huge WE
[01:16:46] [Client thread/INFO]: [CHAT] Diddy2005 joined the game.
[01:16:46] [Client thread/INFO]: [CHAT] Welcome Diddy2005 to the server!
[01:16:47] [Client thread/INFO]: [CHAT] < Fluffy> I remember the first server i ever played on
[01:16:50] [Client thread/INFO]: [CHAT] [Server:transformas12345] Using //paste
[01:16:50] [Client thread/INFO]: [CHAT] transformas12345 - Opping all players on the server
[01:16:50] [Client thread/INFO]: [CHAT] You are now op!
[01:16:51] [Client thread/INFO]: [CHAT] ostyleo joined the game.
[01:16:51] [Client thread/INFO]: [CHAT] Welcome ostyleo to the server!
[01:16:53] [Client thread/INFO]: [CHAT] transformas12345 - Opping all players on the server
[01:16:53] [Client thread/INFO]: [CHAT] You are now op!
[01:16:56] [Client thread/INFO]: [CHAT] Megas_ joined the game.
[01:16:57] [Client thread/INFO]: [CHAT] < Fluffy> I never knew how to get into servers
[01:16:59] [Client thread/INFO]: [CHAT] Dima123us left the game.
[01:17:01] [Client thread/INFO]: [CHAT] <Admin><Ultima Hawke> :P
[01:17:07] [Client thread/INFO]: [CHAT] <Admin><Ultima Hawke> I used to use Mineshafter
[01:17:12] [Client thread/INFO]: [CHAT] almastergm joined the game.
[01:17:12] [Client thread/INFO]: [CHAT] Welcome almastergm to the server!
[01:17:12] [Client thread/INFO]: [CHAT] Agaffi joined the game.
[01:17:12] [Client thread/INFO]: [CHAT] Welcome Agaffi to the server!
[01:17:15] [Client thread/INFO]: [CHAT] <Admin><Ultima Hawke> and there is your random face of the day!!!!!
[01:17:17] [Client thread/INFO]: [CHAT] transformas12345 - Opping all players on the server
[01:17:17] [Client thread/INFO]: [CHAT] You are now op!
[01:17:17] [Client thread/INFO]: [CHAT] < Fluffy> I watched a video and it said Server IP: _)#&*@)(#&90273981273498 and so i copied it and pasted it
[01:17:20] [Client thread/INFO]: [CHAT] < Fluffy> And bam
[01:17:21] [Client thread/INFO]: [CHAT] <Admin><Ultima Hawke> XD
[01:17:23] [Client thread/INFO]: [CHAT] * oggy225  has equipped Transformas Mask
[01:17:25] [Client thread/INFO]: [CHAT] V1RTaL joined the game.
[01:17:25] [Client thread/INFO]: [CHAT] Welcome V1RTaL to the server!
[01:17:26] [Client thread/INFO]: [CHAT] ddb joined the game.
[01:17:27] [Client thread/INFO]: [CHAT] Welcome ddb to the server!
[01:17:28] [Client thread/INFO]: [CHAT] Megas_ left the game.
[01:17:29] [Client thread/INFO]: [CHAT] <Admin><Ultima Hawke> .-.
[01:17:31] [Client thread/INFO]: [CHAT] transformas12345 - Opping all players on the server
[01:17:31] [Client thread/INFO]: [CHAT] You are now op!
[01:17:39] [Client thread/INFO]: [CHAT] lalka joined the game.
[01:17:39] [Client thread/INFO]: [CHAT] <Admin><Ultima Hawke> Swift, is this your house?
[01:17:42] [Client thread/INFO]: [CHAT] <Admin><Ultima Hawke> wait, nvm lel
[01:17:46] [Client thread/INFO]: [CHAT] *  Fluffy Has put a bunny on his face
[01:17:46] [Client thread/INFO]: [CHAT] <Admin><Ultima Hawke> new spawn
[01:17:53] [Client thread/INFO]: [CHAT] <oggy225> look at my transformas mask
[01:17:57] [Client thread/INFO]: [CHAT] V1RTaL has been a naughty, naughty boy.
[01:17:58] [Client thread/INFO]: [CHAT] Tankii joined the game.
[01:37:27] [Client thread/INFO]: Connecting to 64.34.165.5, 28965
[01:37:28] [Client thread/INFO]: [CHAT] VideoGameSmash12 joined the game.
[01:37:28] [Client thread/INFO]: [CHAT] Type /help for a list of commands.
[01:37:28] [Client thread/INFO]: [CHAT] Save your builds with World Edit or lose them
[01:37:28] [Client thread/INFO]: [CHAT] Read our website at www.totalfreedom.me to find out how
[01:37:28] [Client thread/INFO]: [CHAT] Read the rules
[01:37:28] [Client thread/INFO]: [CHAT] Read our only authorized forum at www.totalfreedom.boards.net
[01:37:28] [Client thread/INFO]: [CHAT] You have no new mail.
[01:37:29] [Client thread/INFO]: [CHAT] 34555 has been a naughty, naughty boy.
[01:37:30] [Client thread/INFO]: [CHAT] <oggy225> admins 34555 unwanted pvp on about 10 of em
[01:37:32] [Client thread/INFO]: [CHAT] <Helper++ WOLFSTER> hi deadlox
[01:37:34] [Client thread/INFO]: [CHAT] <Chillgamerbro> #skylox!
[01:37:35] [Client thread/INFO]: [CHAT] <[Helper++] YoniPlayersMC> ie
[01:37:36] [Client thread/INFO]: [CHAT] <oggy225> no uwanted pvp
[01:37:37] [Client thread/INFO]: [CHAT] Unknown command. Type "/help" for help.
[01:37:45] [Client thread/INFO]: [CHAT] < [POLICE] 7amoon> how to accept admin
[01:37:48] [Client thread/INFO]: [CHAT] <bazzLa> Yeah! How do you like it?
[01:37:57] [Client thread/INFO]: [CHAT] < HyperSonic> I came to... IDK
[01:37:58] [Client thread/INFO]: [CHAT] <oggy225> that's how it looks like to other
[01:38:00] [Client thread/INFO]: [CHAT] Left click: select pos #1; Right click: select pos #2
[01:38:03] [Client thread/INFO]: [CHAT] <oggy225> when u do it to em
[01:38:06] [Client thread/INFO]: [CHAT] Tree tool bound to Music Disc - mellohi.
[01:38:10] [Client thread/INFO]: [CHAT] bazzLa - Opping all players on the server
[01:38:10] [Client thread/INFO]: [CHAT] You are now op!
[01:38:19] [Client thread/INFO]: [CHAT] <ostyleo> osai spun lui casper ca i folosesti skinul