[18:25:03] [Client thread/INFO]: Connecting to 64.34.165.5, 28965
[18:25:04] [Client thread/INFO]: [CHAT] VideoGameSmash12 joined the game.
[18:25:04] [Client thread/INFO]: [CHAT] Welcome VideoGameSmash12 to the server!
[18:25:04] [Client thread/INFO]: [CHAT] Type /help for a list of commands.
[18:25:04] [Client thread/INFO]: [CHAT] Save your builds with World Edit or lose them
[18:25:04] [Client thread/INFO]: [CHAT] Read our website at www.totalfreedom.me to find out how
[18:25:04] [Client thread/INFO]: [CHAT] Read the rules
[18:25:04] [Client thread/INFO]: [CHAT] Read our only authorized forum at www.totalfreedom.boards.net
[18:25:04] [Client thread/INFO]: [CHAT] You have no new mail.
[18:25:06] [Client thread/INFO]: [CHAT] <[Helper++++] Fred> Bloop can I help u?
[18:25:07] [Client thread/INFO]: [CHAT] < poopoo> come and see some fireworks!
[18:25:11] [Client thread/INFO]: [CHAT] <gatorbu> plz get out
[18:25:12] [Client thread/INFO]: [CHAT] <ColeD2004> my house
[18:25:13] [Client thread/INFO]: [CHAT] < MegaHoundoom> oh it looks like yal are
[18:25:15] [Client thread/INFO]: [CHAT] < Mew_sister_1> brb
[18:25:15] [Client thread/INFO]: [CHAT] <That_Other_Dude1> what does duration mean
[18:25:16] [Client thread/INFO]: [CHAT] *  Mew_sister_1 is now AFK.
[18:25:17] [Client thread/INFO]: [CHAT] <VideoGameSmash12> :D
[18:25:18] [Client thread/INFO]: [CHAT] * JBunnyHD poops in toilet
[18:25:18] [Client thread/INFO]: [CHAT] < SLM> hey ducand12 come here
[18:25:20] [Client thread/INFO]: [CHAT] LUKE2817 - Opping FliatzoGoji
[18:25:20] [Client thread/INFO]: [CHAT] <[Helper++++] Fred> Bloop can I help u?!
[18:25:21] [Client thread/WARN]: Unable to play unknown soundEvent: minecraft:damage.hit
[18:25:22] [Client thread/WARN]: Unable to play unknown soundEvent: minecraft:damage.hit
[18:25:22] [Client thread/INFO]: [CHAT] < ArticunoILevel101> well were not
[18:25:23] [Client thread/INFO]: [CHAT] <[Helper++] ItzBloop> Sure
[18:25:23] [Client thread/WARN]: Unable to play unknown soundEvent: minecraft:damage.hit
[18:25:27] [Client thread/WARN]: Unable to play unknown soundEvent: minecraft:damage.fallsmall
[18:25:27] [Client thread/WARN]: Unable to play unknown soundEvent: minecraft:damage.hit
[18:25:30] [Client thread/INFO]: [CHAT] * JBunnyHD farts alot of times*
[18:25:30] [Client thread/INFO]: [CHAT] < IGreenieI> okie
[18:25:34] [Client thread/INFO]: [CHAT] <That_Other_Dude1> what does duration mean sao
[18:25:34] [Client thread/INFO]: [CHAT] Tree tool bound to Stone pickaxe.
[18:25:36] [Client thread/INFO]: [CHAT] * JBunnyHD whipes booty
[18:25:38] [Client thread/INFO]: [CHAT] FliatzoGoji - Opping LUKE2817
[18:25:39] [Client thread/INFO]: [CHAT] <JBunnyHD> XD
[18:25:41] [Client thread/INFO]: [CHAT] < SaoTehMobArenaPro> like how long
[18:25:42] [Client thread/INFO]: [CHAT] A tree can't go there.
[18:25:42] [Client thread/INFO]: [CHAT] < IGreenieI> &3 can I speek?
[18:25:43] [Client thread/INFO]: [CHAT] A tree can't go there.
[18:25:43] [Client thread/INFO]: [CHAT] A tree can't go there.
[18:25:43] [Client thread/INFO]: [CHAT] <[Helper++] ItzBloop> O.O
[18:25:43] [Client thread/INFO]: [CHAT] A tree can't go there.
[18:25:43] [Client thread/INFO]: [CHAT] A tree can't go there.
[18:25:44] [Client thread/INFO]: [CHAT] A tree can't go there.
[18:25:44] [Client thread/INFO]: [CHAT] A tree can't go there.
[18:25:44] [Client thread/INFO]: [CHAT] A tree can't go there.
[18:25:44] [Client thread/INFO]: [CHAT] A tree can't go there.
[18:25:45] [Client thread/INFO]: [CHAT] A tree can't go there.
[18:25:45] [Client thread/INFO]: [CHAT] A tree can't go there.
[18:25:45] [Client thread/INFO]: [CHAT] < IGreenieI> uh no
[18:25:49] [Client thread/INFO]: [CHAT] < SLM> someone op me
[18:25:50] [Client thread/INFO]: [CHAT] * JBunnyHD yes u can
[18:25:51] [Client thread/INFO]: [CHAT] <[Helper++] ItzBloop> sonic
[18:25:55] [Client thread/INFO]: [CHAT] <gatorbu> cole aloud diamond armor people aloud
[18:25:56] [Client thread/INFO]: [CHAT] LUKE2817 left the game.
[18:25:57] [Client thread/INFO]: [CHAT] <[SuperAdmin] sonicgoods> ?
[18:25:58] [Client thread/INFO]: [CHAT] <[Helper++] ItzBloop> here is an awesome block /i 43:7
[18:25:59] [Client thread/INFO]: [CHAT] The_Moderator244 joined the game.
[18:25:59] [Client thread/INFO]: [CHAT] <[Helper++] ItzBloop> here is an awesome block /i 43:8
[18:26:00] [Client thread/INFO]: [CHAT] *  IGreenieI 74 COOLEO
[18:26:02] [Client thread/INFO]: [CHAT] <JBunnyHD> sorry
[18:26:04] [Client thread/INFO]: [CHAT] <[Helper++] ItzBloop> 43:8
[18:26:06] [Client thread/INFO]: [CHAT] Spawn an item.
[18:26:06] [Client thread/INFO]: [CHAT] /i <item|numeric> [amount [itemmeta...]]
[18:26:09] [Client thread/INFO]: [CHAT] < IGreenieI> 74? lol
