[15:21:54] [Client thread/INFO]: Connecting to 64.34.165.5, 28965
[15:21:55] [Client thread/INFO]: [CHAT] VideoGameSmash12 joined the game.
[15:21:55] [Client thread/INFO]: [CHAT] Welcome  Dinnerbone to the server!
[15:21:55] [Client thread/INFO]: [CHAT] Type /help for a list of commands.
[15:21:55] [Client thread/INFO]: [CHAT] Save your builds with World Edit or lose them
[15:21:55] [Client thread/INFO]: [CHAT] Read our website at www.totalfreedom.me to find out how
[15:21:55] [Client thread/INFO]: [CHAT] Read the rules
[15:21:55] [Client thread/INFO]: [CHAT] Read our only authorized forum at www.totalfreedom.boards.net
[15:21:55] [Client thread/INFO]: [CHAT] You have 1 messages! Type /mail read to view your mail.
[15:21:57] [Client thread/INFO]: [CHAT] < Jboss> omg bajan!
[15:21:57] [Client thread/INFO]: [CHAT] SamTycoon left the game.
[15:22:02] [Client thread/INFO]: [CHAT] agduffy6 joined the game.
[15:22:02] [Client thread/INFO]: [CHAT] Welcome  Duff to the server!
[15:22:03] [Client thread/INFO]: [CHAT] agduffy6 left the game.
[15:22:03] [Client thread/INFO]: [CHAT] < MorganFreemansMC> btw i love you nick xD
[15:22:09] [Client thread/INFO]: [CHAT] You have 1 messages! Type /mail read to view your mail.
[15:22:09] [Client thread/INFO]: [CHAT] Your nickname is now  remove.
[15:22:09] [Client thread/INFO]: [CHAT] <MaxVdub> xXWilee999Xx
[15:22:13] [Client thread/INFO]: [CHAT] <aaagr06> hey
[15:22:14] [Client thread/INFO]: [CHAT] <[Lost] RaichuILevel100> Ra ra... "Refuses to speak human near people"
[15:22:15] [Client thread/INFO]: [CHAT] You have 1 messages! Type /mail read to view your mail.
[15:22:15] [Client thread/INFO]: [CHAT] You no longer have a nickname.
[15:22:15] [Client thread/INFO]: [CHAT] <Youtuber notayoutuber> omg baj
[15:22:15] [Client thread/INFO]: [CHAT] JaviRox joined the game.
[15:22:15] [Client thread/INFO]: [CHAT] Welcome JaviRox to the server!
[15:22:19] [Client thread/INFO]: [CHAT] MorganFreemansMC - Opping all players on the server
[15:22:19] [Client thread/INFO]: [CHAT] You are now op!
[15:22:19] [Client thread/INFO]: [CHAT] <[OP] Xx_DubStepGirl_xX> website09 is griefing!
[15:22:21] [Client thread/INFO]: [CHAT] <[Lost] RaichuILevel100> Ra!
[15:22:23] [Client thread/INFO]: [CHAT] *  NotchyZeOcelot pads up to the Raichu and nuzzles a Dusk Ball to him
[15:22:24] [Client thread/INFO]: [CHAT] Left click: select pos #1; Right click: select pos #2
[15:22:25] [Client thread/INFO]: [CHAT] < xXMeesherXx> ??
[15:22:27] [Client thread/INFO]: [CHAT] StarOfTheSkies left the game.
[15:22:29] [Client thread/INFO]: [CHAT] <[OP] JBunnyHD> its a facke BajanCanadian he is usng minshafter!
[15:22:31] [Client thread/INFO]: [CHAT] < DarkBlade> no im building
[15:22:33] [Client thread/INFO]: [CHAT] <Youtuber notayoutuber> please
[15:22:36] [Client thread/INFO]: [CHAT] <[Lost] RaichuILevel100> "Hates pokeballs so throws"
[15:22:36] [Client thread/INFO]: [CHAT] <[OP] JBunnyHD> its a fake BajanCanadian he is using mineshafter!
[15:22:41] [Client thread/INFO]: [CHAT] < Jboss> oh
[15:22:41] [Client thread/INFO]: [CHAT] <qweyztv> plz leave
[15:22:42] [Client thread/INFO]: [CHAT] <[OP] JBunnyHD> c/me &its a fake BajanCanadian he is using mineshafter!
[15:22:43] [Client thread/INFO]: [CHAT] JaguarCupCake joined the game.
[15:22:44] [Client thread/INFO]: [CHAT] Welcome JaguarCupCake to the server!
[15:22:48] [Client thread/INFO]: [CHAT] JJ_Jaguar2000 left the game.
[15:22:53] [Client thread/INFO]: [CHAT] <aaagr06> &l hello
[15:22:54] [Client thread/INFO]: [CHAT] * JBunnyHD &iets a fake BajanCanadian he is using mineshafter!
[15:22:58] [Client thread/INFO]: [CHAT] <Youtuber notayoutuber> whats mineshafter?
[15:23:00] [Client thread/INFO]: [CHAT] * featherfix101 is waiting for SkythekidRS to be online
[15:23:01] [Client thread/INFO]: [CHAT] * JBunnyHD its a fake BajanCanadian he is using mineshafter!
[15:23:02] [Client thread/INFO]: [CHAT] Unknown command. Type "/help" for help.
[15:23:03] [Client thread/INFO]: [CHAT] <BajanCanadian> i am not fake
[15:23:04] [Client thread/INFO]: [CHAT] < Jboss> how do u do it
[15:23:07] [Client thread/INFO]: [CHAT] antrobot123 left the game.
[15:23:08] [Client thread/INFO]: [CHAT] <aaagr06> u are
[15:23:11] [Client thread/INFO]: [CHAT] antrobot123 joined the game.
[15:23:12] [Client thread/INFO]: [CHAT] eyamil - Blocking all commands for antrobot123
[15:23:14] [Client thread/INFO]: [CHAT] StarOfTheSkies joined the game.
[15:23:16] [Client thread/INFO]: [CHAT] <aaagr06> ur not in tab
[15:23:16] [Client thread/INFO]: [CHAT] [Server:eyamil] stop pasting spam.
[15:23:17] [Client thread/INFO]: [CHAT] <BajanCanadian> JBunnyHD wtf
[15:23:18] [Client thread/INFO]: [CHAT] Joker left the game.
[15:23:20] [Client thread/INFO]: [CHAT] <[OP] JBunnyHD> ?
[15:23:23] [Client thread/INFO]: [CHAT] <JaviRox> fuckitafk
[15:23:23] [Client thread/INFO]: [CHAT] < Jboss> if ure not fake then prove it
[15:23:29] [Client thread/INFO]: [CHAT] <[OP] JBunnyHD> ya
[15:23:30] [Client thread/INFO]: [CHAT] <BajanCanadian> ok
[15:23:32] [Client thread/INFO]: [CHAT] <[OP] JBunnyHD> whats ur email?
[15:23:32] [Client thread/INFO]: [CHAT] <[Lost] RaichuILevel100> Ri Ri....
[15:23:32] [Client thread/INFO]: [CHAT] <BajanCanadian> fine
[15:23:37] [Client thread/INFO]: [CHAT] < xXMeesherXx> ?
[15:23:39] [Client thread/INFO]: [CHAT] <JediPow> lol
[15:23:40] [Client thread/INFO]: [CHAT] <BajanCanadian> what do u want me to do
[15:23:41] [Client thread/INFO]: [CHAT] < Jboss> how do u do it
[15:23:43] [Client thread/INFO]: [CHAT] <[WildPokemon] NotchyZeOcelot> Notchy noootc....
[15:23:43] [Client thread/INFO]: [CHAT] chardemps2697 joined the game.
[15:23:43] [Client thread/INFO]: [CHAT] Welcome chardemps2697 to the server!
[15:23:45] [Client thread/INFO]: [CHAT] <antrobot123> why cnat i spawn?
[15:23:48] [Client thread/INFO]: [CHAT] KidJamel left the game.
[15:23:49] [Client thread/INFO]: [CHAT] <[OP] JBunnyHD> BajanCanadian tell me ur email
[15:23:53] [Client thread/INFO]: [CHAT] *  NotchyZeOcelot shuts up!
[15:23:55] [Client thread/INFO]: [CHAT] You have 1 messages! Type /mail read to view your mail.
[15:23:55] [Client thread/INFO]: [CHAT] <BajanCanadian> no
[15:23:55] [Client thread/INFO]: [CHAT] <goldenrampagex9> show ur nipples bajan
[15:23:57] [Client thread/INFO]: [CHAT] <BajanCanadian> stalker
[15:23:58] [Client thread/INFO]: [CHAT] <goldenrampagex9> lulz
[15:24:01] [Client thread/INFO]: [CHAT] <BajanCanadian> i cant tell you
[15:24:04] [Client thread/INFO]: [CHAT] Estate22: hai
[15:24:04] [Client thread/INFO]: [CHAT] To mark your mail as read, type /mail clear.
[15:24:05] [Client thread/INFO]: [CHAT] <[OP] JBunnyHD> hahahah
[15:24:06] [Client thread/INFO]: [CHAT] <[WildPokemon] NotchyZeOcelot> Notchhhh...
[15:24:07] [Client thread/INFO]: [CHAT] <[OP] JBunnyHD> fake
[15:24:09] [Client thread/INFO]: [CHAT] JJ_Jaguar2000 is a Super Admin.
[15:24:09] [Client thread/INFO]: [CHAT] JJ_Jaguar2000 joined the game.
[15:24:10] [Client thread/INFO]: [CHAT] <[OP] JBunnyHD> he tells u it!
[15:24:13] [Client thread/INFO]: [CHAT] <[OP] JBunnyHD> lolololol
[15:24:15] [Client thread/INFO]: [CHAT] < Jboss> dude fart with me
[15:24:15] [Client thread/INFO]: [CHAT] <[OP] JBunnyHD> fake!
[15:24:16] [Client thread/INFO]: [CHAT] <[Lost] RaichuILevel100> ...
[15:24:17] [Client thread/INFO]: [CHAT] First position set to (-268.0, 49.0, 1099.0).
[15:24:19] [Client thread/INFO]: [CHAT] First position set to (-268.0, 49.0, 1105.0).
[15:24:19] [Client thread/INFO]: [CHAT] <BajanCanadian> everybody bann JBunnyHD
[15:24:19] [Client thread/INFO]: [CHAT] <[OP] JBunnyHD> fuckah
[15:24:20] [Client thread/INFO]: [CHAT] Second position set to (-267.0, 49.0, 1105.0) (2).
[15:24:27] [Client thread/INFO]: [CHAT] <[OP] JBunnyHD> dont
[15:24:28] [Client thread/INFO]: [CHAT] <Youtuber notayoutuber> how u know hes fake?
[15:24:28] [Client thread/INFO]: [CHAT] <MaxVdub> JaguarCupCake
[15:24:35] [Client thread/INFO]: [CHAT] <JaguarCupCake> yes
[15:24:36] [Client thread/INFO]: [CHAT] inFAmas97 - Opping all players on the server
[15:24:36] [Client thread/INFO]: [CHAT] You are now op!
[15:24:38] [Client thread/INFO]: [CHAT] <[OP] JBunnyHD> I am just proving ur a inposter and fucker.
[15:24:43] [Client thread/INFO]: [CHAT] *  NotchyZeOcelot brb
[15:24:46] [Client thread/INFO]: [CHAT] First position set to (-273.0, 49.0, 1100.0) (42).
[15:24:46] [Client thread/INFO]: [CHAT] <JediPow> yeah
[15:24:47] [Client thread/INFO]: [CHAT] First position set to (-271.0, 49.0, 1100.0) (30).
[15:24:48] [Client thread/INFO]: [CHAT] Second position set to (-271.0, 49.0, 1099.0) (2).
[15:24:49] [Client thread/INFO]: [CHAT] <aaagr06> uhh
[15:24:50] [Client thread/INFO]: [CHAT] Second position set to (-273.0, 49.0, 1099.0) (6).
[15:24:50] [Client thread/INFO]: [CHAT] < Jboss> Bjan can u fart with me
[15:24:52] [Client thread/INFO]: [CHAT] <chardemps2697> where is bajin
[15:24:54] [Client thread/INFO]: [CHAT] <[OP] JBunnyHD> hehehehehehehehehehe
[15:24:58] [Client thread/INFO]: [CHAT] <JaguarCupCake> what do you want max
[15:25:00] [Client thread/INFO]: [CHAT] Block name 'Stone Bricks' was not recognized.
[15:25:03] [Client thread/INFO]: [CHAT] <goldenrampagex9> hes real do /realname bajancandian
[15:25:04] [Client thread/INFO]: [CHAT] suprmn left the game.
[15:25:04] [Client thread/INFO]: [CHAT] <MaxVdub> ur head
[15:25:06] [Client thread/INFO]: [CHAT] KidJamel joined the game.
[15:25:09] [Client thread/INFO]: [CHAT] 6 block(s) have been replaced.
[15:25:10] [Client thread/INFO]: [CHAT] *  NotchyZeOcelot is now AFK.
[15:25:10] [Client thread/INFO]: [CHAT] JaviRox left the game.
[15:25:11] [Client thread/INFO]: [CHAT] <[Helper] Jamelanator> I have a quesh
[15:25:12] [Client thread/INFO]: [CHAT] <[OP] JBunnyHD> goldenrampagex9 he is using minshafter look it up
[15:25:13] [Client thread/INFO]: [CHAT] First position set to (-270.0, 49.0, 1099.0) (4).
[15:25:14] [Client thread/INFO]: [CHAT] First position set to (-270.0, 49.0, 1100.0) (8).
[15:25:16] [Client thread/INFO]: [CHAT] Second position set to (-265.0, 49.0, 1100.0) (6).
[15:25:17] [Client thread/INFO]: [CHAT] Second position set to (-265.0, 49.0, 1099.0) (12).
[15:25:17] [Client thread/INFO]: [CHAT] <MaxVdub> i want ur head JaguarCupCake
[15:25:18] [Client thread/INFO]: [CHAT] 12 block(s) have been replaced.
[15:25:21] [Client thread/INFO]: [CHAT] <goldenrampagex9> for real
[15:25:30] [Client thread/INFO]: [CHAT] JJ_Jaguar2000 left the game.
[15:25:31] [Client thread/INFO]: [CHAT] antrobot123 left the game.
[15:25:34] [Client thread/INFO]: [CHAT] <[Helper] Jamelanator> Willie
[15:25:36] [Client thread/INFO]: [CHAT] <JaguarCupCake> ah......... no
[15:25:38] [Client thread/INFO]: [CHAT] <xXWilee999Xx> what
[15:25:40] [Client thread/INFO]: [CHAT] < Jboss> bajan can u take a screenshot of me
[15:25:40] [Client thread/INFO]: [CHAT] <[OP] JBunnyHD> everyone look up mineshafter but dont leave ur minecraft cause we nned players on the server!
[15:25:45] [Client thread/INFO]: [CHAT] <[Helper] Jamelanator> I have one of my builds
[15:25:48] [Client thread/INFO]: [CHAT] JJ_Jaguar2000 is a Super Admin.
[15:25:48] [Client thread/INFO]: [CHAT] JJ_Jaguar2000 joined the game.
[15:25:56] [Client thread/INFO]: [CHAT] <[Helper] Jamelanator> IN //schematic load arceushouse3
[15:26:00] [Client thread/INFO]: [CHAT] <[Helper] Jamelanator> But its over 20k
[15:26:00] [Client thread/INFO]: [CHAT] <xXWilee999Xx> your point?
[15:26:02] [Client thread/INFO]: [CHAT] < Jboss> how are u going so fast
[15:26:03] [Client thread/INFO]: [CHAT] Rafe77 joined the game.
[15:26:03] [Client thread/INFO]: [CHAT] Welcome Rafe77 to the server!
[15:26:06] [Client thread/INFO]: [CHAT] First position set to (-264.0, 49.0, 1100.0) (4).
[15:26:07] [Client thread/INFO]: [CHAT] First position set to (-264.0, 49.0, 1099.0) (2).
[15:26:12] [Client thread/INFO]: [CHAT] Second position set to (-265.0, 49.0, 1100.0) (4).
[15:26:13] [Client thread/INFO]: [CHAT] <[Helper] Jamelanator> And for the application it says what skills are you good att
[15:26:14] [Client thread/INFO]: [CHAT] Second position set to (-265.0, 49.0, 1099.0) (2).
[15:26:20] [Client thread/INFO]: [CHAT] <ssd143> um
[15:26:22] [Client thread/INFO]: [CHAT] <flacuchento> took a screenshot bajin
[15:26:23] [Client thread/INFO]: [CHAT] <ssd143> ?
[15:26:26] [Client thread/INFO]: [CHAT] JBunnyHD left the game.
[15:26:28] [Client thread/INFO]: [CHAT] *  NotchyZeOcelot is no longer AFK.
[15:26:30] [Client thread/INFO]: [CHAT] mrnintendoguy1 is a Super Admin.
[15:26:30] [Client thread/INFO]: [CHAT] mrnintendoguy1 joined the game.
[15:26:30] [Client thread/INFO]: [CHAT] 2 block(s) have been replaced.
[15:26:32] [Client thread/INFO]: [CHAT] <[Helper] Jamelanator> And I listed "Building and Redstone"
[15:26:32] [Client thread/INFO]: [CHAT] KidJamel changed their WorldEdit block limit to -1 and will need to be re-op'd.
[15:26:32] [Client thread/INFO]: [CHAT] <ssd143> hi?
[15:26:34] [Client thread/INFO]: [CHAT] First position set to (-264.0, 49.0, 1100.0) (4).
[15:26:37] [Client thread/INFO]: [CHAT] Second position set to (-265.0, 49.0, 1100.0) (2).
[15:26:37] [Client thread/INFO]: [CHAT] eyamil - Setting everyone's Worldedit block modification limit to 500.
[15:26:38] [Client thread/INFO]: [CHAT] 2 block(s) have been replaced.
[15:26:39] [Client thread/INFO]: [CHAT] <xXWilee999Xx> uh that didnt work as well as i thought
[15:26:40] [Client thread/INFO]: [CHAT] eyamil - Opping all players on the server
[15:26:40] [Client thread/INFO]: [CHAT] You are now op!
[15:26:40] [Client thread/INFO]: [CHAT] <[Helper] Jamelanator> Uhh
[15:26:43] [Client thread/INFO]: [CHAT] <[Helper] Jamelanator> tf?
[15:26:48] [Client thread/INFO]: [CHAT] <JJ_Jaguar2000> KidJamel What are you trying to do
[15:26:48] [Client thread/INFO]: [CHAT] <aaagr06> woah
[15:26:48] [Client thread/INFO]: [CHAT] <xXWilee999Xx> i tried gcmding you to set your limit
[15:26:55] [Client thread/INFO]: [CHAT] < Jboss> how do u change ure name
[15:26:57] [Client thread/INFO]: [CHAT] <[Helper] Jamelanator> I didn't do that
[15:27:03] [Client thread/INFO]: [CHAT] <[Helper] Jamelanator> Someone /sudo'd me
[15:27:04] [Client thread/INFO]: [CHAT] <JJ_Jaguar2000> Disregard that
[15:27:06] [Client thread/INFO]: [CHAT] suprmn is a Super Admin.
[15:27:06] [Client thread/INFO]: [CHAT] suprmn joined the game.
[15:27:06] [Client thread/INFO]: [CHAT] <xXWilee999Xx> i did
[15:27:09] [Client thread/INFO]: [CHAT] < Jboss> how do u change your name
[15:27:10] [Client thread/INFO]: [CHAT] Goobster35 left the game.
[15:27:10] [Client thread/INFO]: [CHAT] MorganFreemansMC left the game.
[15:27:11] [Client thread/INFO]: [CHAT] <chardemps2697> so bajan is not real on this server
[15:27:12] [Client thread/INFO]: [CHAT] <xXWilee999Xx> i tried to set your limit
[15:27:15] [Client thread/INFO]: [CHAT] Goobster35 joined the game.
[15:27:15] [Client thread/INFO]: [CHAT] <xXWilee999Xx> but it didnt work
[15:27:17] [Client thread/INFO]: [CHAT] DarkDwarf69777 joined the game.
[15:27:17] [Client thread/INFO]: [CHAT] Welcome  Dwarf to the server!
[15:27:20] [Client thread/INFO]: [CHAT] aaagr06 left the game.
[15:27:20] [Client thread/INFO]: [CHAT] mrnintendoguy1 - Opping all players on the server
[15:27:20] [Client thread/INFO]: [CHAT] You are now op!
[15:27:25] [Client thread/INFO]: [CHAT] <flacuchento> took it again
[15:27:26] [Client thread/INFO]: [CHAT] <ssd143> anybody got a town?
[15:27:27] [Client thread/INFO]: [CHAT] FARMERBOY5560 joined the game.
[15:27:27] [Client thread/INFO]: [CHAT] Welcome FARMERBOY5560 to the server!
[15:27:29] [Client thread/INFO]: [CHAT] <[Helper] Jamelanator> Well can an admin load it?
[15:27:33] [Client thread/INFO]: [CHAT] <Goobster35> woof
[15:27:33] [Client thread/INFO]: [CHAT] <BajanCanadian> Jagu
[15:27:35] [Client thread/INFO]: [CHAT] <BajanCanadian> f
[15:27:37] [Client thread/INFO]: [CHAT] <[Lost] RaichuILevel100> Lucatjuh plz leave
[15:27:41] [Client thread/INFO]: [CHAT] <[Lost] RaichuILevel100> Lucatjuh wtf
[15:27:42] [Client thread/INFO]: [CHAT] <[WildPokemon] NotchyZeOcelot> o-o
[15:27:43] [Client thread/INFO]: [CHAT] <[Helper] Jamelanator> Just tp to me and I can take screens of it
[15:27:49] [Client thread/INFO]: [CHAT] <[Helper] Jamelanator> For mah application.
[15:27:54] [Client thread/INFO]: [CHAT] <ssd143> anybody got a townrp??
[15:27:57] [Client thread/INFO]: [CHAT] < Jboss> bajan prove it
[15:28:04] [Client thread/INFO]: [CHAT] <xXWilee999Xx> ill load it for you
[15:28:04] [Client thread/INFO]: [CHAT] < xXMeesherXx> mom zombie
[15:28:09] [Client thread/INFO]: [CHAT] <[OP] Xx_DubStepGirl_xX> ya
[15:28:12] [Client thread/INFO]: [CHAT] <[OP] Xx_DubStepGirl_xX> shes dead
[15:28:15] [Client thread/INFO]: [CHAT] <ssd143> hello?
[15:28:16] [Client thread/INFO]: [CHAT] <chardemps2697> how do you customize heads
[15:28:16] [Client thread/INFO]: [CHAT] <xXWilee999Xx> guess this is the kind of thing only admins can do
[15:28:16] [Client thread/INFO]: [CHAT] <flacuchento> ?
[15:28:16] [Client thread/INFO]: [CHAT] <MaxVdub> op me
[15:28:19] [Client thread/INFO]: [CHAT] <[OP] Xx_DubStepGirl_xX> she died :(
[15:28:28] [Client thread/INFO]: [CHAT] < Jboss> fake
[15:28:28] [Client thread/INFO]: [CHAT] <ssd143> anyone have a townRP?
[15:28:31] [Client thread/INFO]: [CHAT] < DarkBlade> dubstep tp here
[15:28:32] [Client thread/INFO]: [CHAT] < xXMeesherXx> ninja u are dubstep
[15:28:38] [Client thread/INFO]: [CHAT] <[OP] Xx_DubStepGirl_xX> yes
[15:28:41] [Client thread/INFO]: [CHAT] goldenrampagex9 left the game.
[15:28:41] [Client thread/INFO]: [CHAT] StarOfTheSkies left the game.
[15:28:42] [Client thread/INFO]: [CHAT] <xXWilee999Xx> jamel, what do you want me to do?
[15:28:43] [Client thread/INFO]: [CHAT] < xXMeesherXx> oh
[15:28:50] [Client thread/INFO]: [CHAT] <[OP] Xx_DubStepGirl_xX> I love to dance
[15:28:51] [Client thread/INFO]: [CHAT] <[Helper] Jamelanator> JJ did it already
[15:28:54] [Client thread/INFO]: [CHAT] DarkDwarf69777 has been a VERY naughty, naughty boy.
[15:28:54] [Client thread/INFO]: [CHAT] Banning: DarkDwarf69777, IP: 96.51.*.*.
[15:28:54] [Client thread/INFO]: [CHAT] DarkDwarf69777 left the game.
[15:28:54] [Client thread/INFO]: [CHAT] <[OP] Xx_DubStepGirl_xX> my mom did to
[15:28:56] [Client thread/INFO]: [CHAT] Rafe77 left the game.
[15:28:57] [Client thread/INFO]: [CHAT] <xXWilee999Xx> oh
[15:29:00] [Client thread/INFO]: [CHAT] <[Helper] Jamelanator> Come look at basement
[15:29:03] [Client thread/INFO]: [CHAT] *  xXMeesherXx MSG IF U WANT TO DO A ROLE PLAY
[15:29:04] [Client thread/INFO]: [CHAT] < Jboss> omg dafuq?
[15:29:05] [Client thread/INFO]: [CHAT] <xXWilee999Xx> you are doing this for the skills part of your app?
[15:29:09] [Client thread/INFO]: [CHAT] <[Helper] Jamelanator> yes
[15:29:11] [Client thread/INFO]: [CHAT] <[#JamelforAdmin2013] JJ_Jaguar2000> ok
[15:29:13] [Client thread/INFO]: [CHAT] ObsidianMiner101 joined the game.
[15:29:13] [Client thread/INFO]: [CHAT] Welcome  color to the server!
[15:29:17] [Client thread/INFO]: [CHAT] <[OP] Xx_DubStepGirl_xX> Im in the army fighting for lived
[15:29:18] [Client thread/INFO]: [CHAT] <[OP] Xx_DubStepGirl_xX> soo
[15:29:19] [Client thread/INFO]: [CHAT] [Server:neroblackcat] meesher
[15:29:21] [Client thread/INFO]: [CHAT] <[Lost] RaichuILevel100> FARMERBOY5560 Stop
[15:29:25] [Client thread/INFO]: [CHAT] <[OP] Xx_DubStepGirl_xX> male it quick
[15:29:25] [Client thread/INFO]: [CHAT] <Goobster35> woof.
[15:29:28] [Client thread/INFO]: [CHAT] < Jboss> tp for fore penis!
[15:29:31] [Client thread/INFO]: [CHAT] <[OP] Xx_DubStepGirl_xX> make*
[15:29:35] [Client thread/INFO]: [CHAT] SamTycoon joined the game.
[15:29:36] [Client thread/INFO]: [CHAT] MorganFreemansMC is a Super Admin.
[15:29:36] [Client thread/INFO]: [CHAT] MorganFreemansMC joined the game.
[15:29:41] [Client thread/INFO]: [CHAT] < xXMeesherXx> hi
[15:29:43] [Client thread/INFO]: [CHAT] <flacuchento> tpa for a pvp arena
[15:29:44] [Client thread/INFO]: [CHAT] < DarkBlade> hes griefing
[15:29:44] [Client thread/INFO]: [CHAT] <BajanCanadian> who wanna fight
[15:29:45] [Client thread/INFO]: [CHAT] <[#JamelforAdmin2013] JJ_Jaguar2000> lel
[15:29:49] [Client thread/INFO]: [CHAT] [Server:neroblackcat] can you please keep caps to a minimum?
[15:29:50] [Client thread/INFO]: [CHAT] TurtlesLovePie joined the game.
[15:29:50] [Client thread/INFO]: [CHAT] Welcome TurtlesLovePie to the server!
[15:29:51] [Client thread/INFO]: [CHAT] First position set to (-274.0, 49.0, 1100.0) (10).
[15:29:51] [Client thread/INFO]: [CHAT] <[Helper] Jamelanator> Come look in basement
[15:29:52] [Client thread/INFO]: [CHAT] suprmn left the game.
[15:29:52] [Client thread/INFO]: [CHAT] First position set to (-274.0, 49.0, 1099.0) (20).
[15:29:54] [Client thread/INFO]: [CHAT] [Server:neroblackcat] ty
[15:29:54] [Client thread/INFO]: [CHAT] Second position set to (-281.0, 49.0, 1099.0) (8).
[15:29:55] [Client thread/INFO]: [CHAT] Second position set to (-281.0, 49.0, 1100.0) (16).
[15:29:56] [Client thread/INFO]: [CHAT] <[#JamelforAdmin2013] JJ_Jaguar2000> nice
[15:29:57] [Client thread/INFO]: [CHAT] mrnintendoguy1 - Opping all players on the server
[15:29:57] [Client thread/INFO]: [CHAT] You are now op!
[15:30:00] [Client thread/INFO]: [CHAT] 16 block(s) have been replaced.
[15:30:02] [Client thread/INFO]: [CHAT] suprmn is a Super Admin.
[15:30:02] [Client thread/INFO]: [CHAT] suprmn joined the game.
[15:30:05] [Client thread/INFO]: [CHAT] < SexyAssMotherFucker> jboss is griefings
[15:30:06] [Client thread/INFO]: [CHAT] <BajanCanadian> who wants to fight
[15:30:07] [Client thread/INFO]: [CHAT] < DarkBlade> jboss is griefing
[15:30:07] [Client thread/INFO]: [CHAT] notchface72 left the game.
[15:30:12] [Client thread/INFO]: [CHAT] <Goobster35> woof
[15:30:15] [Client thread/INFO]: [CHAT] < Jboss> there is a penis
[15:30:25] [Client thread/INFO]: [CHAT] <BajanCanadian> jboss54321 is grifing kick him
[15:30:28] [Client thread/INFO]: [CHAT] mrnintendoguy1 - Rolling back player: jboss54321
[15:30:29] [Client thread/INFO]: [CHAT] speedyeagle32 joined the game.
[15:30:29] [Client thread/INFO]: [CHAT] Welcome speedyeagle32 to the server!
[15:30:31] [Client thread/INFO]: [CHAT] < DarkBlade> yeah
[15:30:32] [Client thread/INFO]: [CHAT] JaguarCupCake left the game.
[15:30:33] [Client thread/INFO]: [CHAT] JJ_Jaguar2000 left the game.
[15:30:37] [Client thread/INFO]: [CHAT] JaguarCupCake joined the game.
[15:30:45] [Client thread/INFO]: [CHAT] seonman joined the game.
[15:30:45] [Client thread/INFO]: [CHAT] Welcome seonman to the server!
[15:30:47] [Client thread/INFO]: [CHAT] < DarkBlade> jboss is griefing ban this fucker
[15:30:48] [Client thread/INFO]: [CHAT] meeshermeesher left the game.
[15:30:49] [Client thread/INFO]: [CHAT] jboss54321 left the game.
[15:30:49] [Client thread/INFO]: [CHAT] [mrnintendoguy1: Kicked player jboss54321. With reason:
Leave the penis alone, I will take care of it.]
[15:30:49] [Client thread/INFO]: [CHAT] <seonman> ?
[15:30:54] [Client thread/INFO]: [CHAT] <[Helper] Jamelanator> King said this was so good he wanted it to be spawn xD
[15:30:54] [Client thread/INFO]: [CHAT] jboss54321 joined the game.
[15:30:59] [Client thread/INFO]: [CHAT] notchface72 joined the game.
[15:31:02] [Client thread/INFO]: [CHAT] <[WildPokemon] NotchyZeOcelot> Merp
[15:31:02] [Client thread/INFO]: [CHAT] <seonman> op?
[15:31:05] [Client thread/INFO]: [CHAT] speedyeagle32 left the game.
[15:31:11] [Client thread/INFO]: [CHAT] Zion00000 joined the game.
[15:31:11] [Client thread/INFO]: [CHAT] Welcome Zion00000 to the server!
[15:31:15] [Client thread/INFO]: [CHAT] jboss54321 has been a VERY naughty, naughty boy.
[15:31:15] [Client thread/INFO]: [CHAT] Banning: jboss54321, IP: 205.178.*.*.
[15:31:15] [Client thread/INFO]: [CHAT] jboss54321 left the game.
[15:31:17] [Client thread/INFO]: [CHAT] speedyeagle32 joined the game.
[15:31:20] [Client thread/INFO]: [CHAT] speedyeagle32 left the game.
[15:31:20] [Client thread/INFO]: [CHAT] <Trystanrose05> mrnintendoguy1 how did u kick him?
[15:31:26] [Client thread/INFO]: [CHAT] RobotDog20 left the game.
[15:31:28] [Client thread/INFO]: [CHAT] mrnintendoguy1 - Rolling back player: jboss54321
[15:31:32] [Client thread/INFO]: [CHAT] <ssd143> how do i get a players head?
[15:31:34] [Client thread/INFO]: [CHAT] < color> hah!
[15:31:35] [Client thread/INFO]: [CHAT] Neon__Knight joined the game.
[15:31:35] [Client thread/INFO]: [CHAT] Welcome Neon__Knight to the server!
[15:31:39] [Client thread/INFO]: [CHAT] <[Lost] RaichuILevel100> Trystanrose05 only admins can kick ppl
[15:31:47] [Client thread/INFO]: [CHAT] meeshermeesher joined the game.
[15:31:53] [Client thread/INFO]: [CHAT] <ssd143> how do i get a players head??
[15:32:02] [Client thread/INFO]: [CHAT] < DarkBlade> the penis is fine but is missing a testicle :/
[15:32:03] [Client thread/INFO]: [CHAT] <xXWilee999Xx> you dont need to work years for the skills section
[15:32:08] [Client thread/INFO]: [CHAT] qweyztv left the game.
[15:32:15] [Client thread/INFO]: [CHAT] Server is going offline.
[15:32:16] [Client thread/INFO]: [CHAT] ninja107998 left the game.
[15:32:16] [Client thread/INFO]: [CHAT] Trystanrose05 left the game.
[15:32:16] [Client thread/INFO]: [CHAT] ssd143 left the game.
[15:32:16] [Client thread/INFO]: [CHAT] inFAmas97 left the game.
[15:32:16] [Client thread/INFO]: [CHAT] AlexFabrizio left the game.
[15:32:16] [Client thread/INFO]: [CHAT] website09 left the game.
[15:32:16] [Client thread/INFO]: [CHAT] Lucatjuh left the game.
[15:33:06] [Client thread/INFO]: Connecting to 64.34.165.5, 28965
[15:33:06] [Client thread/INFO]: [CHAT] VideoGameSmash12 joined the game.
[15:33:06] [Client thread/INFO]: [CHAT] Type /help for a list of commands.
[15:33:06] [Client thread/INFO]: [CHAT] Save your builds with World Edit or lose them
[15:33:06] [Client thread/INFO]: [CHAT] Read our website at www.totalfreedom.me to find out how
[15:33:06] [Client thread/INFO]: [CHAT] Read the rules
[15:33:06] [Client thread/INFO]: [CHAT] Read our only authorized forum at www.totalfreedom.boards.net
[15:33:06] [Client thread/INFO]: [CHAT] You have 1 messages! Type /mail read to view your mail.
[15:33:10] [Client thread/INFO]: [CHAT] Lucatjuh joined the game.
[15:33:11] [Client thread/INFO]: [CHAT] acky05 joined the game.
[15:33:11] [Client thread/INFO]: [CHAT] Welcome acky05 to the server!
[15:33:11] [Client thread/INFO]: [CHAT] neroblackcat is a Super Admin.
[15:33:11] [Client thread/INFO]: [CHAT] neroblackcat joined the game.
[15:33:12] [Client thread/INFO]: [CHAT] notchface72 joined the game.
[15:33:13] [Client thread/INFO]: [CHAT] <VideoGameSmash12> ...
[15:33:16] [Client thread/INFO]: [CHAT] < NotchyZeOcelot> ._.
[15:33:17] [Client thread/INFO]: [CHAT] [Server:neroblackcat] wbwb!^_^
[15:33:17] [Client thread/INFO]: [CHAT] *  xXMeesherXx MSG ME IF U WANT TO DO A ROLE PLAY
[15:33:19] [Client thread/INFO]: [CHAT] Trystanrose05 joined the game.
[15:33:21] [Client thread/INFO]: [CHAT] That command is blocked.
[15:33:21] [Client thread/INFO]: [CHAT] <speedyeagle32> op me
[15:33:24] [Client thread/INFO]: [CHAT] [Server:neroblackcat] MEESHER
[15:33:26] [Client thread/INFO]: [CHAT] AwesomeJ2004 joined the game.
[15:33:26] [Client thread/INFO]: [CHAT] Welcome  JonnyBoy to the server!
[15:33:27] [Client thread/INFO]: [CHAT] <VideoGameSmash12> Nero
[15:33:31] [Client thread/INFO]: [CHAT] < xXMeesherXx> yes......
[15:33:32] [Client thread/INFO]: [CHAT] featherfix101 joined the game.
[15:33:36] [Client thread/INFO]: [CHAT] <speedyeagle32> op me PLEASE
[15:33:37] [Client thread/INFO]: [CHAT] < Ssd143> t
[15:33:43] [Client thread/INFO]: [CHAT] Zion00000 joined the game.
[15:33:46] [Client thread/INFO]: [CHAT] <VideoGameSmash12> Nero.
[15:33:48] [Client thread/INFO]: [CHAT] *  xXMeesherXx NO ROLEPLAYS
[15:33:50] [Client thread/INFO]: [CHAT] [Server:neroblackcat] Keep those caps to a minimum or i woop yo bootie
[15:33:50] [Client thread/INFO]: [CHAT] < Ssd143> how do i get a players head??
[15:33:55] [Client thread/INFO]: [CHAT] KidJamel joined the game.
[15:33:56] [Client thread/INFO]: [CHAT] *  xXMeesherXx for me
[15:34:01] [Client thread/INFO]: [CHAT] [Server:neroblackcat] yes, VideoGameSmash12?
[15:34:02] [Client thread/INFO]: [CHAT] JaguarCupCake joined the game.
[15:34:08] [Client thread/INFO]: [CHAT] <VideoGameSmash12> i am making a spawn
[15:34:08] [Client thread/INFO]: [CHAT] <speedyeagle32> neroblackcat can u op me
[15:34:10] [Client thread/INFO]: [CHAT] erickpinto2012 joined the game.
[15:34:12] [Client thread/INFO]: [CHAT] <VideoGameSmash12> for the srver
[15:34:15] [Client thread/INFO]: [CHAT] neroblackcat - Opping all players on the server
[15:34:15] [Client thread/INFO]: [CHAT] You are now op!
[15:34:21] [Client thread/INFO]: [CHAT] <brickblock12> are spider webs banned
[15:34:28] [Client thread/INFO]: [CHAT] < NeroBlackCat> cool!^_^ :D
[15:34:31] [Client thread/INFO]: [CHAT] website09 joined the game.
[15:34:34] [Client thread/INFO]: [CHAT] <[OP] Xx_DubStepGirl_xX> ??
[15:34:35] [Client thread/INFO]: [CHAT] < SexyAssMotherFucker> \
[15:34:35] [Client thread/INFO]: [CHAT] < Jamelanator> Brick
[15:34:36] [Client thread/INFO]: [CHAT] < Jonathan> hi brickblock12
[15:34:42] [Client thread/INFO]: [CHAT] <brickblock12> hi
[15:34:42] [Client thread/INFO]: [CHAT] < Jamelanator> You may not worldedit them.
[15:34:43] [Client thread/INFO]: [CHAT] <VideoGameSmash12> is that okay if I can make it the spawn?
[15:34:49] [Client thread/INFO]: [CHAT] < Jonathan> nice skin
[15:34:49] [Client thread/INFO]: [CHAT] <erickpinto2012> fff
[15:34:51] [Client thread/INFO]: [CHAT] <brickblock12> oh
[15:34:58] [Client thread/INFO]: [CHAT] hary72396 joined the game.
[15:34:58] [Client thread/INFO]: [CHAT] Welcome hary72396 to the server!
[15:34:58] [Client thread/INFO]: [CHAT] < Jamelanator> Thanks for checking :D
[15:35:12] [Client thread/INFO]: [CHAT] <[CherryBlossom[SA]] NeroBlackCat> :3
[15:35:13] [Client thread/INFO]: [CHAT] < Ssd143> anyone have a townRP?
[15:35:14] [Client thread/INFO]: [CHAT] inFAmas97 is a Senior Admin.
[15:35:14] [Client thread/INFO]: [CHAT] inFAmas97 joined the game.
[15:35:17] [Client thread/INFO]: [CHAT] <[CherryBlossom[SA]] NeroBlackCat> ^_^
[15:35:18] [Client thread/INFO]: [CHAT] inFAmas97 - Opping all players on the server
[15:35:18] [Client thread/INFO]: [CHAT] You are now op!
[15:35:25] [Client thread/INFO]: [CHAT] < RaichuILevel100> ...
[15:35:29] [Client thread/INFO]: [CHAT] <brickblock12> idk
[15:35:31] [Client thread/INFO]: [CHAT] AwesomeJ2004 left the game.
[15:35:52] [Client thread/INFO]: [CHAT] AlexFabrizio left the game.
[15:35:52] [Client thread/INFO]: [CHAT] CreepyCreeper07 joined the game.
[15:35:52] [Client thread/INFO]: [CHAT] Welcome  Kat to the server!
[15:35:58] [Client thread/INFO]: [CHAT] <featherfix101> welcome!