[17:29:47] [Client thread/INFO]: Connecting to 64.34.165.5, 28965
[17:29:48] [Client thread/INFO]: [CHAT] VideoGameSmash12 joined the game.
[17:29:48] [Client thread/INFO]: [CHAT] Type /help for a list of commands.
[17:29:48] [Client thread/INFO]: [CHAT] Save your builds with World Edit or lose them
[17:29:48] [Client thread/INFO]: [CHAT] Read our website at www.totalfreedom.me to find out how
[17:29:48] [Client thread/INFO]: [CHAT] Read the rules
[17:29:48] [Client thread/INFO]: [CHAT] Read our only authorized forum at www.totalfreedom.boards.net
[17:29:48] [Client thread/INFO]: [CHAT] You have 7 messages! Type /mail read to view your mail.
[17:29:48] [Client thread/INFO]: [CHAT] < Jonathan> lucky*
[17:29:48] [Client thread/INFO]: [CHAT] Slobigdude joined the game.
[17:29:48] [Client thread/INFO]: [CHAT] Nyan_Meow_Cat joined the game.
[17:29:48] [Client thread/INFO]: [CHAT] The_Pressure joined the game.
[17:29:50] [Client thread/INFO]: [CHAT] naughtybear254 joined the game.
[17:29:50] [Client thread/INFO]: [CHAT] Mrmoocho joined the game.
[17:29:50] [Client thread/INFO]: [CHAT] mattrocks909 joined the game.
[17:29:53] [Client thread/INFO]: [CHAT] leobaker202 joined the game.
[17:29:54] [Client thread/INFO]: [CHAT] Waffletrix joined the game.
[17:29:56] [Client thread/INFO]: [CHAT] SkythekidRS joined the game.
[17:29:56] [Client thread/INFO]: [CHAT] <tidus46> who did the chest thing
[17:29:56] [Client thread/INFO]: [CHAT] <Nyan_Meow_Cat> that was sp00ky
[17:29:56] [Client thread/INFO]: [CHAT] < Matt> what the
[17:30:00] [Client thread/INFO]: [CHAT] < PLAY_GMOD> WTF
[17:30:02] [Client thread/INFO]: [CHAT] SuperMan926 joined the game.
[17:30:05] [Client thread/INFO]: [CHAT] butterscotch3000 joined the game.
[17:30:06] [Client thread/INFO]: [CHAT] < VideoGameSmash12> my minecraft crashed
[17:30:08] [Client thread/INFO]: [CHAT] < PLAY_GMOD> i was kicked
[17:30:11] [Client thread/INFO]: [CHAT] <SuperMan926> so did mine
[17:30:12] [Client thread/INFO]: [CHAT] xXWilee999Xx is a Super Admin.
[17:30:12] [Client thread/INFO]: [CHAT] xXWilee999Xx joined the game.
[17:30:15] [Client thread/INFO]: [CHAT] < Matt> stop using world edit!!!!
[17:30:17] [Client thread/INFO]: [CHAT] <Mattmcmatt> guys when you crashed what did it say
[17:30:21] [Client thread/INFO]: [CHAT] < Jonathan> yay
[17:30:23] [Client thread/INFO]: [CHAT] < Matt> wilee
[17:30:29] [Client thread/INFO]: [CHAT] <SuperMan926> i Think it said something about a pig
[17:30:34] [Client thread/INFO]: [CHAT] JJ_Jaguar2000 is a Super Admin.
[17:30:34] [Client thread/INFO]: [CHAT] JJ_Jaguar2000 joined the game.
[17:30:35] [Client thread/INFO]: [CHAT] < VideoGameSmash12> It said it had an issue while communicating with the server
[17:30:45] [Client thread/INFO]: [CHAT] < Jonathan> anyone know how to use world edit
[17:30:48] [Client thread/INFO]: [CHAT] <Mrmoocho> me
[17:30:48] [Client thread/INFO]: [CHAT] < VideoGameSmash12> i must have been shocked
[17:31:07] [Client thread/INFO]: [CHAT] Unknown command. Type "/help" for help.
[17:31:11] [Client thread/INFO]: [CHAT] < VideoGameSmash12> ????
[17:31:18] [Client thread/INFO]: [CHAT] SpecLeader joined the game.
[17:31:23] [Client thread/INFO]: [CHAT] First position set to (-28.0, 49.0, 72.0) (63).
[17:31:24] [Client thread/INFO]: [CHAT] < Leader> My minecraft just crashed
[17:31:25] [Client thread/INFO]: [CHAT] [ Jonathan -> me] how do you use world edit?
[17:31:26] [Client thread/INFO]: [CHAT] Second position set to (-19.0, 49.0, 72.0) (10).
[17:31:29] [Client thread/INFO]: [CHAT] < Leader> xC
[17:31:30] [Client thread/INFO]: [CHAT] Captainsign joined the game.
[17:31:30] [Client thread/INFO]: [CHAT] Welcome Captainsign to the server!
[17:31:38] [Client thread/INFO]: [CHAT] ShadowSling joined the game.
[17:31:38] [Client thread/INFO]: [CHAT] Welcome  ShadowSling to the server!
[17:31:39] [Client thread/INFO]: [CHAT] 9 block(s) have been replaced.
[17:31:40] [Client thread/INFO]: [CHAT] < Leader> SA's are skyblue? On /list
[17:31:48] [Client thread/INFO]: [CHAT] You have 7 messages! Type /mail read to view your mail.
[17:31:48] [Client thread/INFO]: [CHAT] Error: Player not found.
[17:31:49] [Client thread/INFO]: [CHAT] MrTrains joined the game.
[17:31:49] [Client thread/INFO]: [CHAT] Welcome MrTrains to the server!
[17:32:03] [Client thread/INFO]: [CHAT] < Jonathan> anyone know how to use world edit tell me
[17:32:06] [Client thread/INFO]: [CHAT] JBunnyHD joined the game.
[17:32:26] [Client thread/INFO]: [CHAT] <JBunnyHD> I played since mc 1.5.1
[17:32:32] [Client thread/INFO]: [CHAT] < Jonathan> me to lol
[17:32:36] [Client thread/INFO]: [CHAT] <JBunnyHD> Lol
[17:32:39] [Client thread/INFO]: [CHAT] <Waffletrix> I've played since 1.6 beta
[17:32:40] [Client thread/INFO]: [CHAT] <Mattmcmatt> i played since beta 1.8
[17:32:40] [Client thread/INFO]: [CHAT] <xXWilee999Xx> i played since beta
[17:32:40] [Client thread/INFO]: [CHAT] <The_Pressure> I played since 1.0
[17:32:40] [Client thread/INFO]: [CHAT] <tidus46> I played since Infdev
[17:32:41] [Client thread/INFO]: [CHAT] < Jonathan> XD
[17:32:41] [Client thread/INFO]: [CHAT] <Nyan_Meow_Cat> same c:
[17:32:44] [Client thread/INFO]: [CHAT] AwesomeJ2004 left the game.
[17:32:51] [Client thread/INFO]: [CHAT] <Mattmcmatt> in fact, i played since before beta 1.8
[17:32:54] [Client thread/INFO]: [CHAT] < ShadowSling> :o
[17:32:59] [Client thread/INFO]: [CHAT] < Jon> woah thx i dont need my head there though
[17:33:00] [Client thread/INFO]: [CHAT] AwesomeJ2004 joined the game.
[17:33:00] [Client thread/INFO]: [CHAT] MrTrains left the game.
[17:33:00] [Client thread/INFO]: [CHAT] <SuperMan926> so have I
[17:33:03] [Client thread/INFO]: [CHAT] <Mattmcmatt> i played since like, beta 1.1
[17:33:06] [Client thread/INFO]: [CHAT] <Mattmcmatt> or whatever
[17:33:10] [Client thread/INFO]: [CHAT] < Jon> but you can keep it there
[17:33:11] [Client thread/INFO]: [CHAT] < Matt> everyone do /warp pvp for pvp fun
[17:33:13] [Client thread/INFO]: [CHAT] < Jonathan> how the heck do oyu use world edit?
[17:33:15] [Client thread/INFO]: [CHAT] <SuperMan926> I've played since 1.6
[17:33:15] [Client thread/INFO]: [CHAT] First position set to (41.0, 49.0, 72.0) (61).
[17:33:20] [Client thread/INFO]: [CHAT] <naughtybear254> hi budder
[17:33:25] [Client thread/INFO]: [CHAT] < Jon> beta?
[17:33:28] [Client thread/INFO]: [CHAT] 59 block(s) have been replaced.
[17:33:34] [Client thread/INFO]: [CHAT] <SuperMan926> Yes
[17:33:34] [Client thread/INFO]: [CHAT] <butterscotch3000> hello
[17:33:42] [Client thread/INFO]: [CHAT] [ Jonathan -> me] how you use world edit
[17:33:42] [Client thread/INFO]: [CHAT] < PLAY_GMOD> i am a youtuber sky
[17:33:44] [Client thread/INFO]: [CHAT] < Jon> i have played from 1.2.5 alpha
[17:33:52] [Client thread/INFO]: [CHAT] <Mrmoocho> every1 do /warp budder
[17:33:52] [Client thread/INFO]: [CHAT] < Jonathan> ban naughtybear254
[17:33:55] [Client thread/INFO]: [CHAT] nerdbird88 joined the game.
[17:33:55] [Client thread/INFO]: [CHAT] Welcome nerdbird88 to the server!
[17:33:59] [Client thread/INFO]: [CHAT] First position set to (42.0, 49.0, 77.0) (372).
[17:34:01] [Client thread/INFO]: [CHAT] <nerdbird88> Ty?
[17:34:10] [Client thread/INFO]: [CHAT] Captainsign left the game.
[17:34:13] [Client thread/INFO]: [CHAT] < Jon> Welcome Nerd!
[17:34:19] [Client thread/INFO]: [CHAT] < Jonathan> naughtybear254 keeps throwing potions ban him
[17:34:21] [Client thread/INFO]: [CHAT] nerdbird88 left the game.
[17:34:33] [Client thread/INFO]: [CHAT] <SuperMan926> lets pvp
[17:34:38] [Client thread/INFO]: [CHAT] Second position set to (-28.0, 49.0, 77.0) (71).
[17:34:41] [Client thread/INFO]: [CHAT] 69 block(s) have been replaced.
[17:34:41] [Client thread/INFO]: [CHAT] kaymad22 joined the game.
[17:34:42] [Client thread/WARN]: Adding duplicate key 'minecraft:mob_spawner' to registry
[17:34:42] [Client thread/WARN]: Adding duplicate key 'minecraft:wheat' to registry
[17:34:42] [Client thread/WARN]: Adding duplicate key 'minecraft:nether_wart' to registry
[17:34:43] [Client thread/INFO]: [CHAT] bunny1925 joined the game.
[17:34:43] [Client thread/INFO]: [CHAT] Welcome bunny1925 to the server!
[17:34:44] [Client thread/INFO]: [CHAT] ShadowSling left the game.
[17:34:48] [Client thread/INFO]: [CHAT] <leobaker202> sky look at the sign
[17:34:51] [Client thread/INFO]: [CHAT] < WonderWoman> wekcime
[17:34:56] [Client thread/INFO]: [CHAT] <butterscotch3000> thanks JJ:lol
[17:34:57] [Client thread/INFO]: [CHAT] Captainsign joined the game.
[17:35:10] [Client thread/INFO]: [CHAT] hary72396 joined the game.
[17:35:10] [Client thread/INFO]: [CHAT] Welcome hary72396 to the server!
[17:35:20] [Client thread/INFO]: [CHAT] PeiMai joined the game.
[17:35:20] [Client thread/INFO]: [CHAT] Welcome PeiMai to the server!
[17:35:31] [Client thread/INFO]: [CHAT] mox4321 joined the game.
[17:35:31] [Client thread/INFO]: [CHAT] Welcome mox4321 to the server!
[17:35:34] [Client thread/INFO]: [CHAT] SapphireRuby joined the game.
[17:35:34] [Client thread/INFO]: [CHAT] Welcome SapphireRuby to the server!
[17:35:35] [Client thread/INFO]: [CHAT] <PeiMai> op me plz
[17:35:35] [Client thread/INFO]: [CHAT] < WonderWoman> striper
[17:35:36] [Client thread/INFO]: [CHAT] <The_Pressure> He is a pole dancer
[17:35:39] [Client thread/INFO]: [CHAT] <The_Pressure> :D
[17:35:41] [Client thread/INFO]: [CHAT] <leobaker202> sky did you no i am a youtuber!
[17:35:41] [Client thread/INFO]: [CHAT] sourhead23 joined the game.
[17:35:41] [Client thread/INFO]: [CHAT] Welcome sourhead23 to the server!
[17:35:48] [Client thread/INFO]: [CHAT] PJsnake joined the game.
[17:35:51] [Client thread/INFO]: [CHAT] <PeiMai> op me plz!
[17:35:52] [Client thread/INFO]: [CHAT] PJsnake left the game.
[17:35:54] [Client thread/INFO]: [CHAT] JBunnyHD - Opping PeiMai
[17:35:54] [Client thread/INFO]: [CHAT] <SkythekidRS> no
[17:35:54] [Client thread/INFO]: [CHAT] <PeiMai> op me plz
[17:35:54] [Client thread/INFO]: [CHAT] < Jon> cool!
[17:35:55] [Client thread/INFO]: [CHAT] AwesomeJ2004 - Opping PeiMai
[17:36:05] [Client thread/INFO]: [CHAT] Second position set to (41.0, 48.0, 76.0) (8).
[17:36:06] [Client thread/INFO]: [CHAT] <JBunnyHD> ur a fa
[17:36:06] [Client thread/INFO]: [CHAT] Second position set to (42.0, 49.0, 76.0) (2).
[17:36:08] [Client thread/INFO]: [CHAT] EllenXPepper joined the game.
[17:36:09] [Client thread/INFO]: [CHAT] Welcome EllenXPepper to the server!
[17:36:09] [Client thread/INFO]: [CHAT] <JBunnyHD> ur a fake sky
[17:36:13] [Client thread/INFO]: [CHAT] < Jonathan> PeiMai do /op PeiMai
[17:36:16] [Client thread/INFO]: [CHAT] 0 block(s) have been replaced.
[17:36:18] [Client thread/INFO]: [CHAT] SuperMan926 - Opping PeiMai
[17:36:18] [Client thread/INFO]: [CHAT] First position set to (42.0, 49.0, 76.0) (1).
[17:36:21] [Client thread/INFO]: [CHAT] <JBunnyHD> Everyone the sky is fake he is using a download!
[17:36:23] [Client thread/INFO]: [CHAT] <leobaker202> a playet is building a squid look
[17:36:25] [Client thread/INFO]: [CHAT] <PeiMai> im oped
[17:36:27] [Client thread/INFO]: [CHAT] sourhead23 left the game.
[17:36:32] [Client thread/INFO]: [CHAT] Second position set to (-28.0, 49.0, 76.0) (71).
[17:36:34] [Client thread/INFO]: [CHAT] SwordSwingerGod joined the game.
[17:36:34] [Client thread/INFO]: [CHAT] Welcome SwordSwingerGod to the server!
[17:36:35] [Client thread/INFO]: [CHAT] 69 block(s) have been replaced.
[17:36:35] [Client thread/INFO]: [CHAT] <leobaker202> a player is building a squid look
[17:36:36] [Client thread/INFO]: [CHAT] <hary72396> op me
[17:36:37] [Client thread/INFO]: [CHAT] Second position set to (-28.0, 49.0, 73.0) (284).
[17:36:38] [Client thread/INFO]: [CHAT] < Jon> JBunny he is the real one
[17:36:41] [Client thread/INFO]: [CHAT] <EllenXPepper> welcome
[17:36:42] [Client thread/INFO]: [CHAT] < rarodney> ellopeeps
[17:36:43] [Client thread/INFO]: [CHAT] <JBunnyHD> Jon
[17:36:44] [Client thread/INFO]: [CHAT] <JBunnyHD> no
[17:36:45] [Client thread/INFO]: [CHAT] IronButterMan joined the game.
[17:36:45] [Client thread/INFO]: [CHAT] Welcome IronButterMan to the server!
[17:36:50] [Client thread/INFO]: [CHAT] <JBunnyHD> ask a SuperAdmin or infamas
[17:36:50] [Client thread/INFO]: [CHAT] <hary72396> op me.
[17:36:52] [Client thread/INFO]: [CHAT] <butterscotch3000> 89
[17:36:52] [Client thread/INFO]: [CHAT] <hary72396> op me..
[17:36:54] [Client thread/INFO]: [CHAT] <SkythekidRS> i took snapshots of my house
[17:36:54] [Client thread/INFO]: [CHAT] <JBunnyHD> he knwows
[17:36:57] [Client thread/INFO]: [CHAT] < rarodney> jello!
[17:36:57] [Client thread/INFO]: [CHAT] <hary72396> op me...
[17:37:02] [Client thread/INFO]: [CHAT] AwesomeJ2004 left the game.
[17:37:03] [Client thread/INFO]: [CHAT] <IronButterMan> OP me
[17:37:03] [Client thread/INFO]: [CHAT] First position set to (42.0, 49.0, 73.0) (71).
[17:37:04] [Client thread/INFO]: [CHAT] < Jon> cool
[17:37:05] [Client thread/INFO]: [CHAT] 60 block(s) have been replaced.
[17:37:07] [Client thread/INFO]: [CHAT] SapphireRuby left the game.
[17:37:09] [Client thread/INFO]: [CHAT] <Nyan_Meow_Cat> hi kakashi c:
[17:37:12] [Client thread/INFO]: [CHAT] First position set to (42.0, 49.0, 75.0) (213).
[17:37:13] [Client thread/INFO]: [CHAT] First position set to (42.0, 49.0, 74.0) (142).
[17:37:16] [Client thread/INFO]: [CHAT] <JBunnyHD> SkythekidRS does not play free op servers and he does not talk in chat right guys?
[17:37:17] [Client thread/INFO]: [CHAT] < Jon> Sky can i ask a question
[17:37:21] [Client thread/INFO]: [CHAT] <SuperMan926> Im the Flas
[17:37:22] [Client thread/INFO]: [CHAT] <JBunnyHD> hes fake
[17:37:29] [Client thread/INFO]: [CHAT] Omgfacepidgeon joined the game.
[17:37:29] [Client thread/INFO]: [CHAT] Welcome Omgfacepidgeon to the server!
[17:37:31] [Client thread/INFO]: [CHAT] <SuperMan926> Stop
[17:37:34] [Client thread/INFO]: [CHAT] Second position set to (-28.0, 49.0, 74.0) (71).
[17:37:35] [Client thread/INFO]: [CHAT] <SuperMan926> dude
[17:37:35] [Client thread/INFO]: [CHAT] Second position set to (-28.0, 49.0, 75.0) (142).
[17:37:35] [Client thread/INFO]: [CHAT] PeiMai left the game.
[17:37:39] [Client thread/INFO]: [CHAT] <SuperMan926> Im a boss Battle
[17:37:39] [Client thread/INFO]: [CHAT] DSlacky joined the game.
[17:37:39] [Client thread/INFO]: [CHAT] Welcome  llDSlackyii to the server!
[17:37:43] [Client thread/INFO]: [CHAT] madshay123 joined the game.
[17:37:43] [Client thread/INFO]: [CHAT] Welcome madshay123 to the server!
[17:37:45] [Client thread/INFO]: [CHAT] 138 block(s) have been replaced.
[17:37:45] [Client thread/INFO]: [CHAT] <leobaker202> WTF
[17:37:46] [Client thread/INFO]: [CHAT] <SuperMan926> and ur the Guy who battles me
[17:37:48] [Client thread/INFO]: [CHAT] kaymad22 left the game.
[17:37:48] [Client thread/INFO]: [CHAT] <EllenXPepper> welcome!
[17:37:49] [Client thread/INFO]: [CHAT] IronButterMan left the game.
[17:37:50] [Client thread/INFO]: [CHAT] <Nyan_Meow_Cat> laaag
[17:37:51] [Client thread/INFO]: [CHAT] <Mrmoocho> wtf?
[17:37:52] [Client thread/INFO]: [CHAT] <hary72396> lag
[17:37:53] [Client thread/INFO]: [CHAT] < Jon> I have a YouTube Channel and i want help to grow it can you give me advise?
[17:37:54] [Client thread/INFO]: [CHAT] < llDSlackyii> you guys upgraded
[17:37:57] [Client thread/INFO]: [CHAT] <JBunnyHD> lag
[17:38:03] [Client thread/INFO]: [CHAT] Sorry, command blocks are not enabled on this server
[17:38:06] [Client thread/INFO]: [CHAT] xXWilee999Xx - Removing all nicknames.
[17:38:06] [Client thread/INFO]: [CHAT] <hary72396> holy
[17:38:07] [Client thread/INFO]: [CHAT] <Omgfacepidgeon> .
[17:38:08] [Client thread/INFO]: [CHAT] <JJ_Jaguar2000> LAG
[17:38:08] [Client thread/INFO]: [CHAT] MangaMangler joined the game.
[17:38:09] [Client thread/INFO]: [CHAT] Welcome MangaMangler to the server!
[17:38:10] [Client thread/INFO]: [CHAT] <xXWilee999Xx> no &k
[17:38:10] [Client thread/INFO]: [CHAT] naughtybear254 left the game.
[17:38:11] [Client thread/INFO]: [CHAT] Unknown command. Type "/help" for help.
[17:38:11] [Client thread/INFO]: [CHAT] <SkythekidRS> fuck
[17:38:11] [Client thread/INFO]: [CHAT] <JJ_Jaguar2000> oops
[17:38:12] [Client thread/INFO]: [CHAT] <VideoGameSmash12> no
[17:38:15] [Client thread/INFO]: [CHAT] JBunnyHD - Opping hary72396
[17:38:17] [Client thread/INFO]: [CHAT] JBunnyHD - Opping Omgfacepidgeon
[17:38:17] [Client thread/INFO]: [CHAT] jaysgerard joined the game.
[17:38:17] [Client thread/INFO]: [CHAT] Welcome jaysgerard to the server!
[17:38:19] [Client thread/INFO]: [CHAT] <mox4321> did anyone else notice the new speed ofvillagers o3o
[17:38:20] [Client thread/INFO]: [CHAT] <hary72396> god
[17:38:21] [Client thread/INFO]: [CHAT] <SkythekidRS> someone grief my house
[17:38:21] [Client thread/INFO]: [CHAT] <Slobigdude> NO!
[17:38:22] [Client thread/INFO]: [CHAT] hary72396 left the game.
[17:38:25] [Client thread/INFO]: [CHAT] naughtybear254 joined the game.
[17:38:28] [Client thread/INFO]: [CHAT] You have 7 messages! Type /mail read to view your mail.
[17:38:28] [Client thread/INFO]: [CHAT] Your nickname is now  VideoGameSmash12.
[17:38:30] [Client thread/INFO]: [CHAT] * SpecLeader is now AFK.
[17:38:30] [Client thread/INFO]: [CHAT] <MangaMangler> sky!!!
[17:38:33] [Client thread/INFO]: [CHAT] <SkythekidRS> y
[17:38:34] [Client thread/INFO]: [CHAT] Mrmoocho left the game.
[17:38:36] [Client thread/INFO]: [CHAT] < VideoGameSmash12> hes fake
[17:38:36] [Client thread/INFO]: [CHAT] <Slobigdude> Sky your house is gone!
[17:38:38] [Client thread/INFO]: [CHAT] <leobaker202> sky you can be in my home
[17:38:38] [Client thread/INFO]: [CHAT] naughtybear254 left the game.
[17:38:52] [Client thread/INFO]: [CHAT] <EllenXPepper> CAPS
[17:38:59] [Client thread/INFO]: [CHAT] <Slobigdude> aah gtg
[17:38:59] [Client thread/INFO]: [CHAT] <butterscotch3000> laggg
[17:39:01] [Client thread/INFO]: [CHAT] < VideoGameSmash12> omg this lag
[17:39:01] [Client thread/INFO]: [CHAT] <Slobigdude> bye sky
[17:39:07] [Client thread/INFO]: [CHAT] <DSlacky> Lol
[17:39:07] [Client thread/INFO]: [CHAT] mox4321 left the game.
[17:39:07] [Client thread/INFO]: [CHAT] <Slobigdude> bye leo
[19:08:02] [Client thread/INFO]: Connecting to 64.34.165.5, 28965
[19:08:03] [Client thread/INFO]: [CHAT] VideoGameSmash12 joined the game.
[19:08:03] [Client thread/INFO]: [CHAT] Welcome  VideoGameSmash12 to the server!
[19:08:03] [Client thread/INFO]: [CHAT] Type /help for a list of commands.
[19:08:03] [Client thread/INFO]: [CHAT] Save your builds with World Edit or lose them
[19:08:03] [Client thread/INFO]: [CHAT] Read our website at www.totalfreedom.me to find out how
[19:08:03] [Client thread/INFO]: [CHAT] Read the rules
[19:08:03] [Client thread/INFO]: [CHAT] Read our only authorized forum at www.totalfreedom.boards.net
[19:08:03] [Client thread/INFO]: [CHAT] You have 7 messages! Type /mail read to view your mail.
[19:09:39] [Client thread/INFO]: Connecting to 64.34.165.5, 28965
[19:09:46] [Client thread/INFO]: Connecting to 64.34.165.5, 28965
[19:15:21] [Client thread/INFO]: Connecting to 64.34.165.5, 28965
[19:15:22] [Client thread/INFO]: [CHAT] VideoGameSmash12 joined the game.
[19:15:22] [Client thread/INFO]: [CHAT] Type /help for a list of commands.
[19:15:22] [Client thread/INFO]: [CHAT] Save your builds with World Edit or lose them
[19:15:22] [Client thread/INFO]: [CHAT] Read our website at www.totalfreedom.me to find out how
[19:15:22] [Client thread/INFO]: [CHAT] Read the rules
[19:15:22] [Client thread/INFO]: [CHAT] Read our only authorized forum at www.totalfreedom.boards.net
[19:15:22] [Client thread/INFO]: [CHAT] You have no new mail.
[19:15:22] [Client thread/INFO]: [CHAT] Welcome VideoGameSmash12 to the server!
[19:15:26] [Client thread/INFO]: [CHAT] <[heavin4] PrettyAssain> hia
[19:15:29] [Client thread/INFO]: [CHAT] Left click: select pos #1; Right click: select pos #2
[19:15:31] [Client thread/INFO]: [CHAT] <tidus46> happy halloween eve/halloween
[19:15:38] [Client thread/INFO]: [CHAT] <tidus46> you know whats funny
[19:15:38] [Client thread/INFO]: [CHAT] Captainsign joined the game.
[19:15:38] [Client thread/INFO]: [CHAT] Welcome Captainsign to the server!
[19:15:40] [Client thread/INFO]: [CHAT] [Server:markbyron] who knows - please post bugs in forum
[19:15:41] [Client thread/INFO]: [CHAT] <Mattmcmatt> happy november 1st
[19:15:41] [Client thread/INFO]: [CHAT] <goldenrampagex9> well im not going to be on tomorrow so happy holloween
[19:15:41] [Client thread/INFO]: [CHAT] <VideoGameSmash12> imma make a spawn
[19:15:45] [Client thread/INFO]: [CHAT] First position set to (8.0, 49.0, 79.0).
[19:15:49] [Client thread/INFO]: [CHAT] FreddyM79 joined the game.
[19:15:49] [Client thread/INFO]: [CHAT] Welcome FreddyM79 to the server!
[19:15:49] [Client thread/INFO]: [CHAT] Second position set to (23.0, 49.0, 79.0) (16).
[19:15:54] [Client thread/INFO]: [CHAT] [Server:markbyron] asking me is a waste of time - i have no idea
[19:15:54] [Client thread/INFO]: [CHAT] <tidus46> someone told me to meet them at a church for halloween
[19:15:54] [Client thread/INFO]: [CHAT] 15 block(s) have been replaced.
[19:15:55] [Client thread/INFO]: [CHAT] <FreddyM79> hi
[19:16:04] [Client thread/INFO]: [CHAT] <tidus46> and they're gonna be dressed as a demon
[19:16:06] [Client thread/INFO]: [CHAT] KKASF joined the game.
[19:16:06] [Client thread/INFO]: [CHAT] Welcome KKASF to the server!
[19:16:15] [Client thread/INFO]: [CHAT] [Server:markbyron] i have no idea what wilee is even talking about
[19:16:31] [Client thread/INFO]: [CHAT] n00blover123 joined the game.
[19:16:31] [Client thread/INFO]: [CHAT] Welcome n00blover123 to the server!
[19:16:38] [Client thread/INFO]: [CHAT] KKASF left the game.
[19:16:40] [Client thread/INFO]: [CHAT] [Server:markbyron] i just wanted the spawn in the main map - that's all
[19:16:41] [Client thread/INFO]: [CHAT] n00blover123 left the game.
[19:16:43] [Client thread/INFO]: [CHAT] markbyron - Opping all players on the server
[19:16:43] [Client thread/INFO]: [CHAT] Captainsign left the game.
[19:16:47] [Client thread/INFO]: [CHAT] FreddyM79 left the game.
[19:16:50] [Client thread/INFO]: [CHAT] [Server:markbyron] yes, pizza
[19:16:53] [Client thread/INFO]: [CHAT] thecjgcjg is a Senior Admin.
[19:16:53] [Client thread/INFO]: [CHAT] thecjgcjg joined the game.
[19:16:53] [Client thread/INFO]: [CHAT] Welcome thecjgcjg to the server!
[19:17:00] [Client thread/INFO]: [CHAT] [Server:markbyron] hi senior admin
[19:17:02] [Client thread/INFO]: [CHAT] buildcarter8 is a Super Admin.
[19:17:02] [Client thread/INFO]: [CHAT] buildcarter8 joined the game.
[19:17:02] [Client thread/INFO]: [CHAT] Welcome buildcarter8 to the server!
[19:17:09] [Client thread/INFO]: [CHAT] n00blover123 joined the game.
[19:17:21] [Client thread/INFO]: [CHAT] markbyron - Opping all players on the server
[19:17:32] [Client thread/INFO]: [CHAT] JediPow joined the game.
[19:17:32] [Client thread/INFO]: [CHAT] Welcome JediPow to the server!
[19:17:35] [Client thread/INFO]: [CHAT] Zeklord15 joined the game.
[19:17:35] [Client thread/INFO]: [CHAT] Welcome Zeklord15 to the server!
[19:17:38] [Client thread/INFO]: [CHAT] JediPow left the game.
[19:17:41] [Client thread/INFO]: [CHAT] <Zeklord15> Hey
[19:17:43] [Client thread/INFO]: [CHAT] [Server:markbyron] dude, were suing a temp plugin!!!
[19:17:43] [Client thread/INFO]: [CHAT] <Zeklord15> doods
[19:17:47] [Client thread/INFO]: [CHAT] [Server:markbyron] made by CF!!!
[19:17:49] [Client thread/INFO]: [CHAT] tootootootootoo joined the game.
[19:17:49] [Client thread/INFO]: [CHAT] Welcome tootootootootoo to the server!
[19:17:57] [Client thread/INFO]: [CHAT] buildcarter8 left the game.
[19:18:13] [Client thread/INFO]: [CHAT] Mattmcmatt left the game.
[19:18:14] [Client thread/INFO]: [CHAT] [Server:markbyron] we still need craftbukkit bad
[19:18:17] [Client thread/INFO]: [CHAT] JediPow joined the game.
[19:18:21] [Client thread/INFO]: [CHAT] llscotsman joined the game.
[19:18:21] [Client thread/INFO]: [CHAT] Welcome llscotsman to the server!
[19:18:27] [Client thread/INFO]: [CHAT] [Server:markbyron] what the hell is wrong with jeb
[19:18:32] [Client thread/INFO]: [CHAT] FlamerVy joined the game.
[19:18:32] [Client thread/INFO]: [CHAT] Welcome FlamerVy to the server!
[19:18:34] [Client thread/INFO]: [CHAT] [Server:markbyron] why don't he give his crappy code to bukkit
[19:18:35] [Client thread/INFO]: [CHAT] Todd12341 joined the game.
[19:18:35] [Client thread/INFO]: [CHAT] Welcome Todd12341 to the server!
[19:18:44] [Client thread/INFO]: [CHAT] tootootootootoo left the game.
[19:18:46] [Client thread/INFO]: [CHAT] First position set to (55.0, 49.0, 74.0) (198).
[19:18:47] [Client thread/INFO]: [CHAT] First position set to (55.0, 49.0, 75.0) (165).
[19:18:47] [Client thread/INFO]: [CHAT] heavin4 used a forbidden WorldEdit block type: water
[19:18:51] [Client thread/INFO]: [CHAT] Second position set to (71.0, 49.0, 75.0) (17).
[19:18:51] [Client thread/INFO]: [CHAT] Second position set to (71.0, 49.0, 74.0) (34).
[19:18:56] [Client thread/INFO]: [CHAT] alexoue26281 joined the game.
[19:18:56] [Client thread/INFO]: [CHAT] Welcome alexoue26281 to the server!
[19:18:57] [Client thread/INFO]: [CHAT] <Zeklord15> no
[19:19:00] [Client thread/INFO]: [CHAT] [Server:markbyron] yeah, if he did, they'd have it by now
[19:19:01] [Client thread/INFO]: [CHAT] Block name 'oak wook planks' was not recognized.
[19:19:03] [Client thread/INFO]: [CHAT] buildcarter8 is a Super Admin.
[19:19:03] [Client thread/INFO]: [CHAT] buildcarter8 joined the game.
[19:19:08] [Client thread/INFO]: [CHAT] Block name 'oak woo planks' was not recognized.
[19:19:09] [Client thread/INFO]: [CHAT] <[heavin4] PrettyAssain> plz op me plz
[19:19:14] [Client thread/INFO]: [CHAT] Block name 'oak wood planks' was not recognized.
[19:19:21] [Client thread/INFO]: [CHAT] Sorry, command blocks are not enabled on this server
[19:19:23] [Client thread/INFO]: [CHAT] tootootootootoo joined the game.
[19:19:28] [Client thread/INFO]: [CHAT] <tootootootootoo> give @p 278 1 0 {display:{Name:"Steve's Pickaxe",Lore:["Crafted","by Steve"]},ench:[{id:34,lvl:10000
[19:19:36] [Client thread/INFO]: [CHAT] <tootootootootoo> awesome face
[19:19:38] [Client thread/INFO]: [CHAT] * thecjgcjg is now AFK.
[19:19:39] [Client thread/INFO]: [CHAT] * thecjgcjg is no longer AFK.
[19:19:40] [Client thread/INFO]: [CHAT] tootootootootoo left the game.
[19:19:50] [Client thread/INFO]: [CHAT] < Todd> anyone wanna build with me?
[19:19:57] [Client thread/INFO]: [CHAT] soda_penguin joined the game.
[19:19:57] [Client thread/INFO]: [CHAT] Welcome soda_penguin to the server!
[19:20:02] [Client thread/INFO]: [CHAT] Second position set to (55.0, 49.0, 73.0) (3).
[19:20:06] [Client thread/INFO]: [CHAT] First position set to (42.0, 49.0, 73.0) (14).
[19:20:09] [Client thread/INFO]: [CHAT] < Todd> window
[19:20:12] [Client thread/INFO]: [CHAT] tootootootootoo joined the game.
[19:20:14] [Client thread/INFO]: [CHAT] 13 block(s) have been replaced.
[19:20:16] [Client thread/INFO]: [CHAT] <tidus46> no wondows
[19:20:16] [Client thread/INFO]: [CHAT] Mattmcmatt is a Super Admin.
[19:20:16] [Client thread/INFO]: [CHAT] Mattmcmatt joined the game.
[19:20:22] [Client thread/INFO]: [CHAT] < Todd> Yes windows
[19:20:22] [Client thread/INFO]: [CHAT] <tidus46> windowws are banned
[19:20:29] [Client thread/INFO]: [CHAT] <tidus46> 4evr
[19:20:30] [Client thread/INFO]: [CHAT] < Todd> why
[19:20:32] [Client thread/INFO]: [CHAT] < Todd> xD
[19:20:44] [Client thread/INFO]: [CHAT] < Herobrine> Hi
[19:20:56] [Client thread/INFO]: [CHAT] < SkythekidRS> hi
[19:21:02] [Client thread/INFO]: [CHAT] < Todd> window
[19:21:03] [Client thread/INFO]: [CHAT] < Todd> HA
[19:21:12] [Client thread/INFO]: [CHAT] Dinnerbone joined the game.
[19:21:12] [Client thread/INFO]: [CHAT] Welcome Dinnerbone to the server!
[19:21:18] [Client thread/INFO]: [CHAT] BJman2003 joined the game.
[19:21:18] [Client thread/INFO]: [CHAT] Welcome BJman2003 to the server!
[19:21:24] [Client thread/INFO]: [CHAT] < Todd> the window resistance
[19:21:28] [Client thread/INFO]: [CHAT] alexoue26281 - Opping alexoue26281
[19:21:36] [Client thread/INFO]: [CHAT] < Todd> screw you anti windows
[19:21:39] [Client thread/INFO]: [CHAT] tootootootootoo left the game.
[19:21:39] [Client thread/INFO]: [CHAT] BUBBLEGUMFIGHTER joined the game.
[19:21:39] [Client thread/INFO]: [CHAT] Welcome BUBBLEGUMFIGHTER to the server!
[19:21:41] [Client thread/INFO]: [CHAT] Lava buckets are currently disabled.
[19:21:45] [Client thread/INFO]: [CHAT] <JediPow> hey
[19:21:50] [Client thread/INFO]: [CHAT] < Todd> Hai Dinnerbone
[19:21:50] [Client thread/INFO]: [CHAT] <llscotsman> stahp it sticky keysQ
[19:21:51] [Client thread/INFO]: [CHAT] Water buckets are currently disabled.
[19:21:51] [Client thread/INFO]: [CHAT] <BUBBLEGUMFIGHTER> hi
[19:21:53] [Client thread/INFO]: [CHAT] <[heavin4] PrettyAssain> op me plz
[19:21:57] [Client thread/INFO]: [CHAT] Omgfacepidgeon joined the game.
[19:21:57] [Client thread/INFO]: [CHAT] Welcome Omgfacepidgeon to the server!
[19:21:59] [Client thread/INFO]: [CHAT] <BUBBLEGUMFIGHTER> someone op me plz
[19:22:02] [Client thread/INFO]: [CHAT] <Dinnerbone> op me
[19:22:09] [Client thread/INFO]: [CHAT] <n00blover123> im so jumpy for MINECON BABY!
[19:22:11] [Client thread/INFO]: [CHAT] < Todd> Can you put evil cows in the next update, DinnerBone?
[19:22:26] [Client thread/INFO]: [CHAT] < Herobrine> Who's going to Minecon? I am :D
[19:22:29] [Client thread/INFO]: [CHAT] <n00blover123> me too!
[19:22:32] [Client thread/INFO]: [CHAT] <[heavin4] PrettyAssain> i wish
[19:22:34] [Client thread/INFO]: [CHAT] <n00blover123> :D
[19:22:35] [Client thread/INFO]: [CHAT] < Todd> Same
[19:22:37] [Client thread/INFO]: [CHAT] < Todd> D:
[19:22:40] [Client thread/INFO]: [CHAT] <Dinnerbone> op me plz
[19:22:41] [Client thread/INFO]: [CHAT] blades1234 joined the game.
[19:22:41] [Client thread/INFO]: [CHAT] Welcome blades1234 to the server!
[19:22:44] [Client thread/INFO]: [CHAT] <BUBBLEGUMFIGHTER> anyone know know ReNDoG??
[19:22:47] [Client thread/INFO]: [CHAT] Todd12341 - Opping Dinnerbone
[19:22:49] [Client thread/INFO]: [CHAT] thecjgcjg - Opping all players on the server
[19:22:49] [Client thread/INFO]: [CHAT] <soda_penguin> :D
[19:22:49] [Client thread/INFO]: [CHAT] < Herobrine> its gunna be awesome
[19:22:51] [Client thread/INFO]: [CHAT] Omgfacepidgeon left the game.
[19:22:52] [Client thread/INFO]: [CHAT] <[heavin4] PrettyAssain> :)
[19:22:55] [Client thread/INFO]: [CHAT] <BJman2003> w
[19:22:56] [Client thread/INFO]: [CHAT] <blades1234> hell yeah hey everyone
[19:22:57] [Client thread/INFO]: [CHAT] < Todd> meeeeeep
[19:22:58] [Client thread/INFO]: [CHAT] Todd12341 left the game.
[19:23:02] [Client thread/INFO]: [CHAT] <n00blover123> cant wait bois
[19:23:13] [Client thread/INFO]: [CHAT] <Mattmcmatt> minecon is gonna be full of little kids shouting "I LOVE SKY OMG BUDDER"
[19:23:23] [Client thread/INFO]: [CHAT] < Herobrine> I know right
[19:23:34] [Client thread/INFO]: [CHAT] <n00blover123> y the fuck does he like gold bro?
[19:23:41] [Client thread/INFO]: [CHAT] <n00blover123> eh
[19:23:42] [Client thread/INFO]: [CHAT] <BUBBLEGUMFIGHTER> hi
[19:23:45] [Client thread/INFO]: [CHAT] <<<Pokemon>> Mew> i liek my tag
[19:23:46] [Client thread/INFO]: [CHAT] <<<Pokemon>> Mew> :D
[19:23:58] [Client thread/INFO]: [CHAT] < Herobrine> then teens are gunna be like "What the poop is wrong with them
[19:24:16] [Client thread/INFO]: [CHAT] <Zeklord15> ok
[19:24:17] [Client thread/INFO]: [CHAT] <blades1234> wtf all the flowers turn to poppys
[19:24:21] [Client thread/INFO]: [CHAT] strakerak joined the game.
[19:24:21] [Client thread/INFO]: [CHAT] Welcome strakerak to the server!
[19:24:21] [Client thread/INFO]: [CHAT] <llscotsman> I see the light of the beacon!
[19:24:33] [Client thread/INFO]: [CHAT] 7384shane joined the game.
[19:24:33] [Client thread/INFO]: [CHAT] Welcome 7384shane to the server!
[19:24:38] [Client thread/INFO]: [CHAT] <strakerak> Is this 1.7
[19:24:40] [Client thread/INFO]: [CHAT] <<<Pokemon>> Mew> who here likes super secret settings?
[19:24:44] [Client thread/INFO]: [CHAT] <n00blover123> meeeee
[19:24:44] [Client thread/INFO]: [CHAT] [Server:buildcarter8] no shit sherlock
[19:24:44] [Client thread/INFO]: [CHAT] <goldenrampagex9> stooopppp
[19:24:46] [Client thread/INFO]: [CHAT] <llscotsman> meh
[19:24:47] [Client thread/INFO]: [CHAT] <Mattmcmatt> no strakerak, this is beta 1.8
[19:25:01] [Client thread/INFO]: [CHAT] <blades1234> super secret settings dont do anything
[19:25:03] [Client thread/INFO]: [CHAT] [Server:buildcarter8] this is 1.8.9
[19:25:04] [Client thread/INFO]: [CHAT] kakashiyoshi joined the game.
[19:25:04] [Client thread/INFO]: [CHAT] Welcome kakashiyoshi to the server!
[19:25:10] [Client thread/INFO]: [CHAT] [Server:buildcarter8] because its running spigot
[19:25:12] [Client thread/INFO]: [CHAT] <Mattmcmatt> hey blades1234
[19:25:15] [Client thread/INFO]: [CHAT] <<<Pokemon>> Mew> is there a staff on
[19:25:16] [Client thread/INFO]: [CHAT] <Mattmcmatt> you just blow in from stupid town
[19:25:17] [Client thread/INFO]: [CHAT] <blades1234> hey
[19:25:19] [Client thread/INFO]: [CHAT] [Server:buildcarter8] <---
[19:25:31] [Client thread/INFO]: [CHAT] <blades1234> knock it off
[19:25:34] [Client thread/INFO]: [CHAT] <<<Pokemon>> Mew> carter, can i build a statue of a pigman near spawn?
[19:25:42] [Client thread/INFO]: [CHAT] alexoue26281 left the game.
[19:25:44] [Client thread/INFO]: [CHAT] FlamerVy teleported you to FlamerVy.
[19:25:53] [Client thread/INFO]: [CHAT] <blades1234> matt you can shut the fuck up i dont deserve ur retarded backtalk
[19:26:01] [Client thread/INFO]: [CHAT] Dinnerbone left the game.
[19:26:10] [Client thread/INFO]: [CHAT] <goldenrampagex9> give me buildine
[19:26:14] [Client thread/INFO]: [CHAT] <tidus46> OOOH we got a cat fight
[19:26:15] [Client thread/INFO]: [CHAT] Error: Unknown item name: minecraft:sign.
[19:26:31] [Client thread/INFO]: [CHAT] <tidus46> matt are you just gonna take that from him?
[19:26:33] [Client thread/INFO]: [CHAT] SkythekidRS joined the game.
[19:26:33] [Client thread/INFO]: [CHAT] Welcome SkythekidRS to the server!
[19:26:38] [Client thread/INFO]: [CHAT] <goldenrampagex9> sky
[19:26:40] [Client thread/INFO]: [CHAT] <<<Pokemon>> Mew> ew
[19:26:41] [Client thread/INFO]: [CHAT] <<<Pokemon>> Mew> it's sky
[19:26:42] [Client thread/INFO]: [CHAT] kakashiyoshi left the game.
[19:26:43] [Client thread/INFO]: [CHAT] <<<Pokemon>> Mew> EW
[19:26:47] [Client thread/INFO]: [CHAT] <<<Pokemon>> Mew> nasteh
[19:26:50] [Client thread/INFO]: [CHAT] <strakerak> lda
[19:26:52] [Client thread/INFO]: [CHAT] <JediPow> gay
[19:26:54] [Client thread/INFO]: [CHAT] <strakerak> ey y i no op
[19:26:55] [Client thread/INFO]: [CHAT] llscotsman left the game.
[19:26:58] [Client thread/INFO]: [CHAT] heavin4 - Opping SkythekidRS
[19:27:01] [Client thread/INFO]: [CHAT] <FlamerVy> You guys like the spawn I made?
[19:27:03] [Client thread/INFO]: [CHAT] <<<Pokemon>> Mew> gold rules!!
[19:27:04] [Client thread/INFO]: [CHAT] [BJman2003: Set SkythekidRS's spawnpoint to 37, 50, 74]
[19:27:07] [Client thread/INFO]: [CHAT] <Zeklord15> Wow
[19:27:12] [Client thread/INFO]: [CHAT] [goldenrampagex9: Set goldenrampagex9's spawnpoint to 51.124244189293265, 52.20000004768371, 65.53346342057813]
[19:27:14] [Client thread/INFO]: [CHAT] Estate22 joined the game.
[19:27:14] [Client thread/INFO]: [CHAT] <Zeklord15> Nice spawn
[19:27:14] [Client thread/INFO]: [CHAT] Welcome Estate22 to the server!
[19:27:19] [Client thread/INFO]: [CHAT] [goldenrampagex9: Set goldenrampagex9's spawnpoint to 37.68465886957644, 50.0, 74.50008174772552]
[19:27:20] [Client thread/INFO]: [CHAT] strakerak left the game.
[19:27:20] [Client thread/INFO]: [CHAT] <n00blover123> y does the particles not show when i fall super high?
[19:27:31] [Client thread/INFO]: [CHAT] <buildcarter8> fucking shit just fucking fucking shit
[19:27:32] [Client thread/INFO]: [CHAT] buildcarter8 left the game.
[19:27:35] [Client thread/INFO]: [CHAT] <blades1234> what was the point of updating if u cant use blocks
[19:27:39] [Client thread/INFO]: [CHAT] [goldenrampagex9: Set goldenrampagex9's spawnpoint to 37.520582653480616, 50.0, 74.3978593397121]
[19:27:43] [Client thread/INFO]: [CHAT] <blades1234> what was the point of updating if u cant use new blocks
[19:27:44] [Client thread/INFO]: [CHAT] <n00blover123> wut?
[19:27:49] [Client thread/INFO]: [CHAT] <VideoGameSmash12> no no
[19:27:50] [Client thread/INFO]: [CHAT] <<<Pokemon>> Mew> who's a pokemon trainer? :D
[19:27:55] [Client thread/INFO]: [CHAT] <Zeklord15> you can
[19:27:58] [Client thread/INFO]: [CHAT] <blades1234> ME
[19:28:07] [Client thread/INFO]: [CHAT] <blades1234> u cant use stained glass or flowers
[19:28:07] [Client thread/INFO]: [CHAT] <<<Pokemon>> Mew> whoever is a pokemon trainer
[19:28:15] [Client thread/INFO]: [CHAT] <LotteLBoy> hi sky
[19:28:19] [Client thread/INFO]: [CHAT] * VideoGameSmash12 is now called ButterMan
[19:28:33] [Client thread/INFO]: [CHAT] <VideoGameSmash12> what are you doing sky
[19:28:33] [Client thread/INFO]: [CHAT] Herobrine41337 joined the game.
[19:28:33] [Client thread/INFO]: [CHAT] Welcome Herobrine41337 to the server!
[19:28:37] [Client thread/INFO]: [CHAT] <Estate22> me..
[19:28:40] [Client thread/INFO]: [CHAT] < Buttergod> u
[19:28:43] [Client thread/INFO]: [CHAT] <{{PokeMonTRAINRER} PrettyAssain> hia
[19:28:43] [Client thread/INFO]: [CHAT] <FlamerVy> WOW
[19:28:44] [Client thread/INFO]: [CHAT] <FlamerVy> OMFG
[19:28:47] [Client thread/INFO]: [CHAT] <JediPow> WTF
[19:28:52] [Client thread/INFO]: [CHAT] <n00blover123> i is a wild podzol
[19:28:55] [Client thread/INFO]: [CHAT] Exogenesis233 is a Super Admin.
[19:28:55] [Client thread/INFO]: [CHAT] Exogenesis233 joined the game.
[19:28:55] [Client thread/INFO]: [CHAT] Welcome Exogenesis233 to the server!
[19:28:56] [Client thread/INFO]: [CHAT] <FlamerVy> Zeklord15 can u make this shorter
[19:28:58] [Client thread/INFO]: [CHAT] <n00blover123> rawr
[19:29:01] [Client thread/INFO]: [CHAT] thecjgcjg - Disabled DisguiseCraft.
[19:29:06] [Client thread/INFO]: [CHAT] BUBBLEGUMFIGHTER has been a VERY naughty, naughty boy.
[19:29:06] [Client thread/INFO]: [CHAT] Banning: BUBBLEGUMFIGHTER, IP: 76.172.*.*.
[19:29:06] [Client thread/INFO]: [CHAT] BUBBLEGUMFIGHTER left the game.
[19:29:07] [Client thread/INFO]: [CHAT] <Zeklord15> NO!
[19:29:08] [Client thread/INFO]: [CHAT] <blades1234> WTFFF
[19:29:10] [Client thread/INFO]: [CHAT] <JediPow> fucking stop
[19:29:13] [Client thread/INFO]: [CHAT] <Herobrine41337> Op me
[19:29:13] [Client thread/INFO]: [CHAT] <FlamerVy> STOP
[19:29:14] [Client thread/INFO]: [CHAT] SkythekidRS has been a VERY naughty, naughty boy.
[19:29:14] [Client thread/INFO]: [CHAT] Banning: SkythekidRS, IP: 24.67.*.*.
[19:29:14] [Client thread/INFO]: [CHAT] SkythekidRS left the game.
[19:29:15] [Client thread/INFO]: [CHAT] <Herobrine41337> pls
[19:29:17] [Client thread/INFO]: [CHAT] <JediPow> DICK
[19:29:26] [Client thread/INFO]: [CHAT] <Herobrine41337> Op me
[19:29:29] [Client thread/INFO]: [CHAT] <Herobrine41337> Op me NAO
[19:29:32] [Client thread/INFO]: [CHAT] <<<Pokemon>> Mew> blades
[19:29:33] [Client thread/INFO]: [CHAT] heavin4 - Opping Herobrine41337
[19:29:36] [Client thread/INFO]: [CHAT] <Estate22> top ten your a dick moments
[19:29:39] [Client thread/INFO]: [CHAT] <<<Pokemon>> Mew> blades1234
[19:29:48] [Client thread/INFO]: [CHAT] <Zeklord15> Move
[19:29:49] [Client thread/INFO]: [CHAT] <blades1234> what
[19:29:57] [Client thread/INFO]: [CHAT] <Herobrine41337> Hai
[19:29:59] [Client thread/INFO]: [CHAT] <n00blover123> what id for dark oak wood
[19:30:03] [Client thread/INFO]: [CHAT]  ---- Motd -- Page 1/1 ----
[19:30:03] [Client thread/INFO]: [CHAT] Type /help for a list of commands.
[19:30:03] [Client thread/INFO]: [CHAT] Save your builds with World Edit or lose them
[19:30:03] [Client thread/INFO]: [CHAT] Read our website at www.totalfreedom.me to find out how
[19:30:03] [Client thread/INFO]: [CHAT] Read the rules
[19:30:03] [Client thread/INFO]: [CHAT] Read our only authorized forum at www.totalfreedom.boards.net
[19:30:05] [Client thread/INFO]: [CHAT] <<<Pokemon>> Mew> do /tag &9<&b<&4Tra&7i&fner&b>&9>
[19:30:13] [Client thread/INFO]: [CHAT] <[heavin4} PrettyAssain> hiaa
[19:30:13] [Client thread/INFO]: [CHAT] <Zeklord15> LotteBoy
[19:30:15] [Client thread/INFO]: [CHAT] <Zeklord15> Stop
[19:30:23] [Client thread/INFO]: [CHAT] * VideoGameSmash12 &h hi
[19:30:25] [Client thread/INFO]: [CHAT] benturnervic joined the game.
[19:30:25] [Client thread/INFO]: [CHAT] Welcome benturnervic to the server!
[19:30:26] [Client thread/INFO]: [CHAT] Bishop2404 joined the game.
[19:30:26] [Client thread/INFO]: [CHAT] Welcome Bishop2404 to the server!
[19:30:28] [Client thread/INFO]: [CHAT] thecjgcjg - Opping all players on the server
[19:30:52] [Client thread/INFO]: [CHAT] <Estate22> weres the rose bush
[19:30:53] [Client thread/INFO]: [CHAT] <<<Trainer>> blades1234> ok
[19:30:58] [Client thread/INFO]: [CHAT] <<<Pokemon>> Mew> now
[19:31:00] [Client thread/INFO]: [CHAT] <<<Pokemon>> Mew> blades
[19:31:00] [Client thread/INFO]: [CHAT] <Estate22> i cant place rose bushes why!?
[19:31:00] [Client thread/INFO]: [CHAT] <<<Trainer>> Herobrine41337> hi
[19:31:02] [Client thread/INFO]: [CHAT] <<<Pokemon>> Mew> want to be red
[19:31:03] [Client thread/INFO]: [CHAT] <<<Trainer>> blades1234> ?
[19:31:04] [Client thread/INFO]: [CHAT] goldenrampagex9 left the game.
[19:31:08] [Client thread/INFO]: [CHAT] goldenrampagex9 joined the game.
[19:31:14] [Client thread/INFO]: [CHAT] Changed weather to rainy for 506 seconds.
[19:31:18] [Client thread/INFO]: [CHAT] <<<Trainer>> Gold> Hi der
[19:31:23] [Client thread/INFO]: [CHAT] antrobot123 joined the game.
[19:31:23] [Client thread/INFO]: [CHAT] Welcome antrobot123 to the server!
[19:31:28] [Client thread/INFO]: [CHAT] <LotteLBoy> w
[19:31:30] [Client thread/INFO]: [CHAT] <<<Pokemon>> Mew> Herobrine41337 -.-
[19:31:39] [Client thread/INFO]: [CHAT] Changed weather to thundering 328 seconds.
[19:31:51] [Client thread/INFO]: [CHAT] [Bishop2404: Changed weather to thundering 714 seconds.]
[19:31:54] [Client thread/INFO]: [CHAT] <<<Trainer>> Blades1234> ok hows this? :D
[19:31:54] [Client thread/INFO]: [CHAT] <<<Trainer>> Gold> Srry i was looking at my name
[19:32:02] [Client thread/INFO]: [CHAT] <<<Pokemon>> Mew> blades
[19:32:06] [Client thread/INFO]: [CHAT] <<<Pokemon>> Mew> make it the same
[19:32:06] [Client thread/INFO]: [CHAT] <<<Trainer>> Blades1234> ?
[19:32:07] [Client thread/INFO]: [CHAT] Speedcrafter11 joined the game.
[19:32:08] [Client thread/INFO]: [CHAT] Welcome Speedcrafter11 to the server!
[19:32:10] [Client thread/INFO]: [CHAT] <<<Pokemon>> Mew> but don't do the 1234
[19:32:18] [Client thread/INFO]: [CHAT] <LotteLBoy> 6
[19:32:27] [Client thread/INFO]: [CHAT] <<<Trainer>> Blades> now?
[19:32:27] [Client thread/INFO]: [CHAT] <<<Pokemon>> Mew> :D
[19:32:30] [Client thread/INFO]: [CHAT] <<<Pokemon>> Mew> yeh
[19:32:31] [Client thread/INFO]: [CHAT] <<<Pokemon>> Mew> good
[19:32:37] [Client thread/INFO]: [CHAT] heavin4 left the game.
[19:32:37] [Client thread/INFO]: [CHAT] <<<Pokemon>> Mew> now
[19:32:38] [Client thread/INFO]: [CHAT] <Speedcrafter11> Can someone super me, please.
[19:32:40] [Client thread/INFO]: [CHAT] <<<Pokemon>> Mew> catch me :3
[19:32:55] [Client thread/INFO]: [CHAT] soda_penguin - Opping Speedcrafter11
[19:32:58] [Client thread/INFO]: [CHAT] <goldenrampagex9> ya
[19:33:01] [Client thread/INFO]: [CHAT] *  Blades Has thrown a master ball at mew
[19:33:06] [Client thread/INFO]: [CHAT] <<<Trainer>> Gold> my skin is a trainer :3
[19:33:07] [Client thread/INFO]: [CHAT] <<<Trainer>> Blades> :D
[19:33:07] [Client thread/INFO]: [CHAT] <<<Pokemon>> Mew> blades
[19:33:08] [Client thread/INFO]: [CHAT] Bishop2404 left the game.
[19:33:10] [Client thread/INFO]: [CHAT] <<<Pokemon>> Mew> choose a pokemon
[19:33:14] [Client thread/INFO]: [CHAT] [goldenrampagex9: Set goldenrampagex9's spawnpoint to 37.42872409065837, 50.0, 74.51143208854603]
[19:33:31] [Client thread/INFO]: [CHAT] *  Gold used Great Ball
[19:33:33] [Client thread/INFO]: [CHAT] *  Blades  chose Darkrai
[19:33:37] [Client thread/INFO]: [CHAT] *  Gold used  Great Ball
[19:33:39] [Client thread/INFO]: [CHAT] <n00blover123> what should i do.........
[19:33:39] [Client thread/INFO]: [CHAT] brofam joined the game.
[19:33:39] [Client thread/INFO]: [CHAT] Welcome brofam to the server!
[19:33:40] [Client thread/INFO]: [CHAT] <antrobot123> golden boot killer
[19:33:43] [Client thread/INFO]: [CHAT] <<<Pokemon>> Mew> no legendary/mythical pokemon
[19:33:44] [Client thread/INFO]: [CHAT] *  Gold used Great Ball
[19:33:51] [Client thread/INFO]: [CHAT] < n00blover123> o yah buddy
[19:33:52] [Client thread/INFO]: [CHAT] *  Mew was sucked into great ball
[19:33:54] [Client thread/INFO]: [CHAT] *  Blades  says fuck
[19:33:57] [Client thread/INFO]: [CHAT] <<<Trainer>> Blades> lol
[19:33:59] [Client thread/INFO]: [CHAT] <Exogenesis233> WAIT
[19:34:00] [Client thread/INFO]: [CHAT] *  Mew shakes once
[19:34:01] [Client thread/INFO]: [CHAT] [BJman2003: Set BJman2003's spawnpoint to 1.3333330371886462E7, 50.0, 1.3333346179379765E7]
[19:34:04] [Client thread/INFO]: [CHAT] *  Mew escapes
[19:34:10] [Client thread/INFO]: [CHAT] <goldenrampagex9> i made spawnpoint at spawn that is built
[19:34:10] [Client thread/INFO]: [CHAT] <Exogenesis233> tidus why can't i hit you?
[19:34:11] [Client thread/INFO]: [CHAT] <antrobot123> killer ary
[19:34:11] [Client thread/INFO]: [CHAT]  n00blover123 took their own life.
[19:34:13] [Client thread/INFO]: [CHAT] *  Mew uses metronome
[19:34:15] [Client thread/INFO]: [CHAT] [goldenrampagex9: Set goldenrampagex9's spawnpoint to 37.31004005681429, 50.0, 74.63446959672983]
[19:34:16] [Client thread/INFO]: [CHAT] *  Gold sent out Garchomp
[19:34:16] [Client thread/INFO]: [CHAT] android1776 joined the game.
[19:34:16] [Client thread/INFO]: [CHAT] Welcome android1776 to the server!
[19:34:18] [Client thread/INFO]: [CHAT] *  Mew wiggles it's finger
[19:34:22] [Client thread/INFO]: [CHAT] <android1776> hello
[19:34:25] [Client thread/INFO]: [CHAT] <goldenrampagex9> welcome
[19:34:26] [Client thread/INFO]: [CHAT] <BJman2003> I set spawn way out of range
[19:34:29] [Client thread/INFO]: [CHAT] *  Blades  chose cyndaquil
[19:34:31] [Client thread/INFO]: [CHAT] <BJman2003> of your guyses spawn
[19:34:34] [Client thread/INFO]: [CHAT] *  Mew used Dragon Rage on Garchomp
[19:34:37] [Client thread/INFO]: [CHAT] *  Gold 's Garchomp used Dragon Rage
[19:34:41] [Client thread/INFO]: [CHAT] <android1776> lol i love super sevret setting
[19:34:45] [Client thread/INFO]: [CHAT] *  Gold 's Garchomp used Dragon Rage
[19:34:50] [Client thread/INFO]: [CHAT] *  Mew uses hyper beam on dragon rage
[19:34:54] [Client thread/INFO]: [CHAT] *  Gold 's Garchomp used Dragon Fang
[19:34:56] [Client thread/INFO]: [CHAT] goldenrampagex9 - Opping android1776
[19:34:58] [Client thread/INFO]: [CHAT] *  Trainer_Estate throws pokeball (regular)
[19:35:00] [Client thread/INFO]: [CHAT] silverisaiah joined the game.
[19:35:00] [Client thread/INFO]: [CHAT] Welcome silverisaiah to the server!
[19:35:10] [Client thread/INFO]: [CHAT] *  Mew uses hyper beam inside Garchomp's mouth
[19:35:17] [Client thread/INFO]: [CHAT] *  Mew knocks it back far
[19:35:19] [Client thread/INFO]: [CHAT] *  Gold threw an Ultra Ball
[19:35:25] [Client thread/INFO]: [CHAT] *  Mew was sucked in
[19:35:25] [Client thread/INFO]: [CHAT] < Zek> what are the codes of the colours for the nicks?
[19:35:27] [Client thread/INFO]: [CHAT] < n00blover123> how do you do it riding other mobs
[19:35:28] [Client thread/INFO]: [CHAT] <JediPow> fucking stop you dicks
[19:35:29] [Client thread/INFO]: [CHAT] *  Mew shakes twice
[19:35:33] [Client thread/INFO]: [CHAT] <goldenrampagex9> &
[19:35:36] [Client thread/INFO]: [CHAT] *  Mew shakes three times ._.
[19:35:39] [Client thread/INFO]: [CHAT] *  Blades 's Used flame wheel on garchomp
[19:35:41] [Client thread/INFO]: [CHAT] < Trainer_Estate> how do you stack zombies
[19:35:43] [Client thread/INFO]: [CHAT] KJJ_the_Genius joined the game.
[19:35:43] [Client thread/INFO]: [CHAT] Welcome KJJ_the_Genius to the server!
[19:35:45] [Client thread/INFO]: [CHAT] < Zek> what are the codes of the colours for the nicks??
[19:35:47] [Client thread/INFO]: [CHAT] *  Mew escaped
[19:35:49] [Client thread/INFO]: [CHAT] *  Gold 's Garchomp used Slash
[19:35:52] [Client thread/INFO]: [CHAT] *  Mew was hit
[19:35:56] [Client thread/INFO]: [CHAT] *  Blades 's cyndaqui; Used flame wheel on garchomp
[19:35:59] [Client thread/INFO]: [CHAT] *  Mew was knocked back
[19:35:59] [Client thread/INFO]: [CHAT] *  Gold 's Garchomp used False Swipe
[19:36:00] [Client thread/INFO]: [CHAT] MayaWarrior joined the game.
[19:36:00] [Client thread/INFO]: [CHAT] Welcome MayaWarrior to the server!
[19:36:04] [Client thread/INFO]: [CHAT] < orange> n
[19:36:07] [Client thread/INFO]: [CHAT] *  Mew grabs garchomp's hand
[19:36:11] [Client thread/INFO]: [CHAT] <silverisaiah> op me
[19:36:12] [Client thread/INFO]: [CHAT] *  Mew uses force palm
[19:36:17] [Client thread/INFO]: [CHAT] <silverisaiah> op me plz
[19:37:35] [Client thread/INFO]: Connecting to 64.34.165.5, 28965
[19:37:36] [Client thread/INFO]: [CHAT] VideoGameSmash12 joined the game.
[19:37:36] [Client thread/INFO]: [CHAT] Type /help for a list of commands.
[19:37:36] [Client thread/INFO]: [CHAT] Save your builds with World Edit or lose them
[19:37:36] [Client thread/INFO]: [CHAT] Read our website at www.totalfreedom.me to find out how
[19:37:36] [Client thread/INFO]: [CHAT] Read the rules
[19:37:36] [Client thread/INFO]: [CHAT] Read our only authorized forum at www.totalfreedom.boards.net
[19:37:36] [Client thread/INFO]: [CHAT] You have no new mail.
[19:37:43] [Client thread/INFO]: [CHAT] <matthepas> Hello
[19:37:44] [Client thread/INFO]: [CHAT] VideoGameSmash12 - Opping marioman4567
[19:37:45] [Client thread/INFO]: [CHAT] *  Gold sent out Mewthree the Mega Mewtwo!
[19:37:47] [Client thread/INFO]: [CHAT] LukeRay joined the game.
[19:37:47] [Client thread/INFO]: [CHAT] Welcome LukeRay to the server!
[19:37:52] [Client thread/INFO]: [CHAT] < Trainer_Estate> how do you stack zombies on top of each other
[19:37:52] [Client thread/INFO]: [CHAT] <goldenrampagex9> gotta go see ya
[19:37:53] [Client thread/INFO]: [CHAT] *  Blades says last time i try to help a guy
[19:37:56] [Client thread/INFO]: [CHAT] * goldenrampagex9 is now AFK.
[19:37:57] [Client thread/INFO]: [CHAT] *  Mew sees mega mewtwo
[19:37:57] [Client thread/INFO]: [CHAT] * goldenrampagex9 is no longer AFK.
[19:37:59] [Client thread/INFO]: [CHAT] *  Gold sent out Mewthree the Mega Mewtwo!
[19:37:59] [Client thread/INFO]: [CHAT] goldenrampagex9 left the game.
[19:38:02] [Client thread/INFO]: [CHAT] <<<Pokemon>> Mew> blades
[19:38:04] [Client thread/INFO]: [CHAT] *  Gold sent out Mewthree the Mega Mewtwo!
[19:38:08] [Client thread/INFO]: [CHAT] *  Gold sent out Mewthree the Mega Mewtwo!
[19:38:10] [Client thread/INFO]: [CHAT] <<<Pokemon>> Mew> 2 things wrong with your statement
[19:38:21] [Client thread/INFO]: [CHAT] <<<Pokemon>> Mew> 1. You tried to help a Mew
[19:38:28] [Client thread/INFO]: [CHAT] <<<Pokemon>> Mew> 2. I'm genderless :l
[19:38:28] [Client thread/INFO]: [CHAT] < Trainer_Estate> maya
[19:38:32] [Client thread/INFO]: [CHAT] Error: Player not found.
[19:38:34] [Client thread/INFO]: [CHAT] Teleporting...
[19:38:37] [Client thread/INFO]: [CHAT] <MayaWarrior> yes
[19:38:38] [Client thread/INFO]: [CHAT] *  Gold 's Mewthree used Hyper Beam
[19:38:39] [Client thread/INFO]: [CHAT] Speedcrafter11 left the game.
[19:38:39] [Client thread/INFO]: [CHAT] whoknu joined the game.
[19:38:39] [Client thread/INFO]: [CHAT] Welcome whoknu to the server!
[19:38:45] [Client thread/INFO]: [CHAT] <whoknu> EWW
[19:38:49] [Client thread/INFO]: [CHAT] <whoknu> I HATE 1.7.2
[19:38:51] [Client thread/INFO]: [CHAT] < Trainer_Estate> how do i make a Mob with a minecart on its back
[19:38:51] [Client thread/INFO]: [CHAT] <<<Pokemon>> Mew> lag
[19:38:53] [Client thread/INFO]: [CHAT] <matthepas> me too
[19:38:54] [Client thread/INFO]: [CHAT] <xXWilee999Xx> ugh
[19:38:56] [Client thread/INFO]: [CHAT] <thecjgcjg> Shit
[19:38:57] [Client thread/INFO]: [CHAT] <thecjgcjg> hang on
[19:39:01] [Client thread/INFO]: [CHAT] <matthepas> lagg
[19:39:01] [Client thread/INFO]: [CHAT] <xXWilee999Xx> use your clanforge magic
[19:39:01] [Client thread/INFO]: [CHAT] <silverisaiah> is it lagging?
[19:39:05] [Client thread/INFO]: [CHAT] <matthepas> ya
[19:39:06] [Client thread/INFO]: [CHAT] <xXWilee999Xx> Go clanforge!
[19:39:10] [Client thread/INFO]: Connecting to 64.34.165.5, 28965
[19:39:20] [Client thread/INFO]: Connecting to 64.34.165.5, 28965
[19:39:33] [Client thread/INFO]: Connecting to 64.34.165.5, 28965
[19:39:38] [Client thread/INFO]: Connecting to 64.34.165.5, 28965
[19:39:53] [Client thread/INFO]: Connecting to 64.34.165.5, 28965
[19:49:12] [Client thread/INFO]: Connecting to 64.34.165.5, 28965
[19:49:12] [Client thread/INFO]: [CHAT] VideoGameSmash12 joined the game.
[19:49:12] [Client thread/INFO]: [CHAT] Type /help for a list of commands.
[19:49:12] [Client thread/INFO]: [CHAT] Save your builds with World Edit or lose them
[19:49:12] [Client thread/INFO]: [CHAT] Read our website at www.totalfreedom.me to find out how
[19:49:12] [Client thread/INFO]: [CHAT] Read the rules
[19:49:12] [Client thread/INFO]: [CHAT] Read our only authorized forum at www.totalfreedom.boards.net
[19:49:12] [Client thread/INFO]: [CHAT] You have no new mail.
[19:49:12] [Client thread/INFO]: [CHAT] Set fly mode enabled for VideoGameSmash12.
[19:49:17] [Client thread/INFO]: [CHAT] Unknown command. Type "/help" for help.
[19:49:17] [Client thread/INFO]: [CHAT] redroro left the game.
[19:49:45] [Client thread/INFO]: [CHAT] DrewTooFly joined the game.
[19:49:46] [Client thread/INFO]: [CHAT] Welcome DrewTooFly to the server!
[19:49:47] [Client thread/INFO]: [CHAT] [Server:xXWilee999Xx] who wants to be doomed
[19:49:53] [Client thread/INFO]: [CHAT] [Server:xXWilee999Xx] first one to say i gets doomed
[19:49:57] [Client thread/INFO]: [CHAT] <Mattmcmatt> iiiiiiiiiiiiiiiiiiiiiiiiiiiiii
[19:50:01] [Client thread/INFO]: [CHAT] Mattmcmatt Is a Griefer!
[19:50:01] [Client thread/INFO]: [CHAT] Mattmcmatt will be completely obliviated!
[19:50:03] [Client thread/INFO]: [CHAT] xXWilee999Xx - Banning Mattmcmatt, IP: 108.223.9.97
[19:50:03] [Client thread/INFO]: [CHAT] Mattmcmatt Is now banned!
[19:50:03] [Client thread/INFO]: [CHAT] Mattmcmatt left the game.
[19:50:27] [Client thread/INFO]: [CHAT] <DrewTooFly> Op me
[19:50:34] [Client thread/INFO]: [CHAT] VideoGameSmash12 - Opping DrewTooFly
[19:50:35] [Client thread/INFO]: [CHAT] thecjgcjg left the game.
[19:50:39] [Client thread/INFO]: [CHAT] <DivineRPGFist> so what do you think of it?
[19:50:41] [Client thread/INFO]: [CHAT] <VideoGameSmash12> just no griefing
[19:50:46] [Client thread/INFO]: [CHAT] You do not have permission to use this command.
[19:50:48] [Client thread/INFO]: [CHAT] mattmcmatt - Unbanning mattmcmatt and IPs: 108.223.9.97
[19:50:51] [Client thread/INFO]: [CHAT] Mattmcmatt is a Super Admin.
[19:50:52] [Client thread/INFO]: [CHAT] Mattmcmatt joined the game.
[19:50:54] [Client thread/INFO]: [CHAT] Mattmcmatt - Opping Mattmcmatt
[19:50:56] [Client thread/INFO]: [CHAT] PWNING_Awesomnes joined the game.
[19:50:56] [Client thread/INFO]: [CHAT] Welcome PWNING_Awesomnes to the server!
[19:51:03] [Client thread/INFO]: [CHAT] Left click: select pos #1; Right click: select pos #2
[19:51:08] [Client thread/INFO]: [CHAT] Herobrine41337 joined the game.
[19:51:16] [Client thread/INFO]: [CHAT] Mattmcmatt - Caging Mattmcmatt in PURE_DARTH
[19:51:45] [Client thread/INFO]: [CHAT] [Server:xXWilee999Xx] first one to say i gets doomed
[19:51:47] [Client thread/INFO]: [CHAT] <DrewTooFly> I
[19:51:51] [Client thread/INFO]: [CHAT] DrewTooFly Is a Griefer!
[19:51:51] [Client thread/INFO]: [CHAT] DrewTooFly will be completely obliviated!
[19:51:54] [Client thread/INFO]: [CHAT] xXWilee999Xx - Banning DrewTooFly, IP: 71.76.30.153
[19:51:54] [Client thread/INFO]: [CHAT] DrewTooFly Is now banned!
[19:51:54] [Client thread/INFO]: [CHAT] DrewTooFly left the game.
[19:51:54] [Client thread/INFO]: [CHAT] Christianballer joined the game.
[19:51:54] [Client thread/INFO]: [CHAT] Welcome Christianballer to the server!
[19:51:55] [Client thread/INFO]: [CHAT] xXWilee999Xx - Unbanning drewtoofly and IPs: 71.76.30.153
[19:51:59] [Client thread/INFO]: [CHAT] <PWNING_Awesomnes> can i be op?
[19:52:00] [Client thread/INFO]: [CHAT] DrewTooFly joined the game.
[19:52:05] [Client thread/INFO]: [CHAT] <VideoGameSmash12> fail
[19:52:07] [Client thread/INFO]: [CHAT] <DrewTooFly> Thats abuse
[19:52:10] [Client thread/INFO]: [CHAT] <DrewTooFly> Wtf
[19:52:15] [Client thread/INFO]: [CHAT] <xXWilee999Xx> abuse? you said i idiot
[19:52:17] [Client thread/INFO]: [CHAT] <VideoGameSmash12> o cant buid?
[19:52:21] [Client thread/INFO]: [CHAT] <DrewTooFly> YOu kicked me
[19:52:22] [Client thread/INFO]: [CHAT] First position set to (32.0, 49.0, 75.0).
[19:52:23] [Client thread/INFO]: [CHAT] <xXWilee999Xx> i said "first one to say i gets doomed"
[19:52:25] [Client thread/INFO]: [CHAT] <DrewTooFly> ANd said I was griefer
[19:52:27] [Client thread/INFO]: [CHAT] <DrewTooFly> And deoped me
[19:52:31] [Client thread/INFO]: [CHAT] <xXWilee999Xx> moron, thats how the command works.
[19:52:31] [Client thread/INFO]: [CHAT] First position set to (32.0, 49.0, 73.0).
[19:52:34] [Client thread/INFO]: [CHAT] <xXWilee999Xx> you said i, you got doomed.
[19:52:38] [Client thread/INFO]: [CHAT] <DrewTooFly> op me back
[19:52:40] [Client thread/INFO]: [CHAT] Second position set to (23.0, 49.0, 73.0) (10).
[19:52:40] [Client thread/INFO]: [CHAT] RED_HaloWarfare joined the game.
[19:52:40] [Client thread/INFO]: [CHAT] Welcome RED_HaloWarfare to the server!
[19:52:41] [Client thread/INFO]: [CHAT] <xXWilee999Xx> now stop whining and start building.
[19:52:41] [Client thread/INFO]: [CHAT] xXWilee999Xx - Opping all players on the server
[19:52:42] [Client thread/INFO]: [CHAT] Second position set to (23.0, 49.0, 75.0) (30).
[19:52:49] [Client thread/INFO]: [CHAT] 30 block(s) have been replaced.
[19:53:02] [Client thread/INFO]: [CHAT] First position set to (32.0, 48.0, 75.0) (20).
[19:53:08] [Client thread/INFO]: [CHAT] First position set to (32.0, 48.0, 73.0) (60).
[19:53:25] [Client thread/INFO]: [CHAT] DrewTooFly used a forbidden WorldEdit block type: Spawner
[19:53:30] [Client thread/INFO]: [CHAT] <DrewTooFly> wtf
[19:53:30] [Client thread/INFO]: [CHAT] < Gold> LOL
[19:53:33] [Client thread/INFO]: [CHAT] < Gold> XD
[19:53:36] [Client thread/INFO]: [CHAT] <RED_HaloWarfare> das bad
[19:53:38] [Client thread/INFO]: [CHAT] PWNING_Awesomnes left the game.
[19:53:51] [Client thread/INFO]: [CHAT] Christianballer left the game.
[19:54:01] [Client thread/INFO]: [CHAT] DrewTooFly left the game.
[19:54:07] [Client thread/INFO]: [CHAT] geckey24 is a Super Admin.
[19:54:07] [Client thread/INFO]: [CHAT] geckey24 joined the game.
[19:54:17] [Client thread/INFO]: [CHAT] <DivineRPGFist> stop griefing my stuff pleezz
[19:54:35] [Client thread/INFO]: [CHAT] geckey24 left the game.
[19:54:37] [Client thread/INFO]: [CHAT] xXWilee999Xx left the game.
[19:54:41] [Client thread/INFO]: [CHAT] whoknu joined the game.
[19:54:57] [Client thread/INFO]: [CHAT] jrw125 joined the game.
[19:54:57] [Client thread/INFO]: [CHAT] Welcome jrw125 to the server!
[19:54:58] [Client thread/INFO]: [CHAT] <antrobot123> noooo!
[19:55:13] [Client thread/INFO]: [CHAT] <jrw125> man im freaking scared of jeff the killer
[19:55:28] [Client thread/INFO]: [CHAT] <DivineRPGFist> same
[19:55:28] [Client thread/INFO]: [CHAT] Tothewillow joined the game.
[19:55:28] [Client thread/INFO]: [CHAT] Welcome Tothewillow to the server!
[19:55:31] [Client thread/INFO]: [CHAT] Mandog76 joined the game.
[19:55:31] [Client thread/INFO]: [CHAT] Welcome Mandog76 to the server!
[19:55:34] [Client thread/INFO]: [CHAT] <jrw125> just by one cilck of a fake link and boom he hacks yo computer
[19:55:41] [Client thread/INFO]: [CHAT] <antrobot123> lag
[19:55:42] [Client thread/INFO]: [CHAT] <Mandog76> hi
[19:55:43] [Client thread/INFO]: [CHAT] <RED_HaloWarfare> who does?
[19:55:43] [Client thread/INFO]: [CHAT] <VideoGameSmash12> wait what
[19:55:45] [Client thread/INFO]: [CHAT] < Trainer_Estate> umm
[19:55:49] [Client thread/INFO]: [CHAT] <Mattmcmatt> who wants to die :D
[19:55:53] [Client thread/INFO]: [CHAT] <jrw125> jeff the kiler
[19:55:56] [Client thread/INFO]: [CHAT] <Mandog76> op me?
[19:55:57] [Client thread/INFO]: [CHAT] < Gold> hi
[19:55:58] [Client thread/INFO]: [CHAT] <RED_HaloWarfare> no he doesnt
[19:56:00] [Client thread/INFO]: [CHAT] < Trainer_Estate> im scared
[19:56:06] [Client thread/INFO]: [CHAT] < Trainer_Estate> right now
[19:56:06] [Client thread/INFO]: [CHAT] <whoknu> lag
[19:56:07] [Client thread/INFO]: [CHAT] <jrw125> hell yah he does
[19:56:09] [Client thread/INFO]: [CHAT] <Tothewillow> lag
[19:56:09] [Client thread/INFO]: [CHAT] <Mattmcmatt> i'll op you mand but first you gotta do something for me
[19:56:11] [Client thread/INFO]: [CHAT] < Trainer_Estate> did i make a mistake?
[19:56:16] [Client thread/INFO]: [CHAT] Herobrine41337 - Opping Mandog76
[19:56:16] [Client thread/INFO]: [CHAT] Mandog76 - Opping Mandog76
[19:56:16] [Client thread/INFO]: [CHAT] Mandog76 - Opping Mandog76
[19:56:16] [Client thread/INFO]: [CHAT] benturnervic joined the game.
[19:56:16] [Client thread/INFO]: [CHAT] benturnervic left the game.
[19:56:17] [Client thread/INFO]: [CHAT] Estate22 left the game.
[19:56:17] [Client thread/INFO]: [CHAT] antrobot123 left the game.
[19:56:18] [Client thread/INFO]: [CHAT] < Jeff_The_Killer> hmm hmm hmm
[19:56:31] [Client thread/INFO]: Connecting to 64.34.165.5, 28965