[18:18:13] [Client thread/INFO]: Connecting to play.totalfreedom.me., 28965
[18:18:15] [Client thread/INFO]: [CHAT] [BetterChairs] Find new update ! Version: 0.8.3
[18:18:15] [Client thread/INFO]: [CHAT] [UPDATE]
[18:18:15] [Client thread/INFO]: [CHAT] VideoGameSmash12 is a Telnet Admin and a Digital Form
[18:18:15] [Client thread/INFO]: [CHAT] VideoGameSmash12 joined the game
[18:18:16] [Client thread/INFO]: [CHAT] Welcome, VideoGameSmash12!
[18:18:16] [Client thread/INFO]: [CHAT] Type /help for a list of commands.
[18:18:16] [Client thread/INFO]: [CHAT] Do NOT open any books given to you by other players or you might be perm banned.
[18:18:16] [Client thread/INFO]: [CHAT] Do NOT click on signs that you didn’t make or you might be perm banned.
[18:18:16] [Client thread/INFO]: [CHAT] Remember to save your builds with World Edit or they’ll be lost.
[18:18:16] [Client thread/INFO]: [CHAT] You have no new mail.
[18:18:16] [Client thread/INFO]: [CHAT] Welcome VideoGameSmash12 to the server!
[18:18:16] [Client thread/INFO]: [CHAT] P1cAntor joined the game
[18:18:16] [Client thread/INFO]: [CHAT] Welcome P1cAntor to the server!
[18:18:16] [Client thread/INFO]: [CHAT] <Synthio> d
[18:18:20] [Client thread/INFO]: [CHAT] Synthio was slain by xViqtory
[18:18:21] [Client thread/INFO]: [CHAT] FusedEagle74 - Opping P1cAntor
[18:18:25] [Client thread/INFO]: [CHAT] Synthio was slain by xViqtory
[18:18:25] [Client thread/INFO]: [CHAT] Synthio was slain by xViqtory
[18:18:26] [Client thread/INFO]: [CHAT] Synthio was slain by xViqtory
[18:18:26] [Client thread/INFO]: [CHAT] Jusandrew has been a naughty, naughty boy.
[18:18:26] [Client thread/INFO]: [CHAT]   Reason: Don't ci others
[18:18:26] [Client thread/INFO]: [CHAT] Jusandrew died
[18:18:26] [Client thread/INFO]: [CHAT] Jusandrew was slain by xViqtory
[18:18:27] [Client thread/INFO]: [CHAT] Synthio was slain by xViqtory
[18:18:27] [Client thread/INFO]: [CHAT] Jusandrew was slain by xViqtory
[18:18:27] [Client thread/INFO]: [CHAT] Synthio was slain by xViqtory
[18:18:27] [Client thread/INFO]: [CHAT] Jusandrew was slain by xViqtory
[18:18:31] [Client thread/INFO]: [CHAT] <xViqtory> wtf
[18:18:31] [Client thread/INFO]: [CHAT] xViqtory has been a naughty, naughty boy.
[18:18:31] [Client thread/INFO]: [CHAT] xViqtory died
[18:18:32] [Client thread/INFO]: [CHAT] Teleporting...
[18:18:34] [Client thread/INFO]: [CHAT] [Server:xNyanPanda] dont spawn kill
[18:18:38] [Client thread/INFO]: [CHAT] <MrPinkPig> i need my inv back
[18:18:40] [Client thread/INFO]: [CHAT] <xViqtory> wtf idk how that happned
[18:18:40] [Client thread/INFO]: [CHAT] [Server:xNyanPanda] dont spawn kill
[18:18:41] [Client thread/INFO]: [CHAT] <xViqtory> my bad
[18:18:45] [Client thread/INFO]: [CHAT] [TCA] < xNyanPanda> woops
[18:18:47] [Client thread/INFO]: [CHAT] [TCA] < xNyanPanda> its okay
[18:18:48] [Client thread/INFO]: [CHAT] Steve92307 joined the game
[18:18:48] [Client thread/INFO]: [CHAT] Welcome Steve92307 to the server!
[18:18:52] [Client thread/INFO]: [CHAT] <Synthio> xViqtory go fuck yourself
[18:18:56] [Client thread/INFO]: [CHAT] [TCA] < xNyanPanda> synthio
[18:18:57] [Client thread/INFO]: [CHAT] [TCA] < xNyanPanda> chill
[18:18:57] [Client thread/INFO]: [CHAT] <Synthio> you piece of whore shit
[18:18:58] [Client thread/INFO]: [CHAT] xNyanPanda - Opping all players on the server
[18:18:58] [Client thread/INFO]: [CHAT] You are now op!
[18:18:59] [Client thread/INFO]: [CHAT] Jusandrew was slain by Shelmon54
[18:19:01] [Client thread/INFO]: [CHAT] <KodakWhite> go tuck yourself it
[18:19:02] [Client thread/INFO]: [CHAT] <xViqtory> Synthio you abuser
[18:19:02] [Client thread/INFO]: [CHAT] Gamemode set to creative.
[18:19:03] [Client thread/INFO]: [CHAT] You are no longer disguised
[18:19:09] [Client thread/INFO]: [CHAT] <Synthio> how you fucking nigger
[18:19:11] [Client thread/INFO]: [CHAT] [TCA] < xNyanPanda> you two
[18:19:12] [Client thread/INFO]: [CHAT] [TCA] < xNyanPanda> chill
[18:19:13] [Client thread/INFO]: [CHAT] P1cAntor left the game.
[18:19:15] [Client thread/INFO]: [CHAT] <KodakWhite> woah woah woah
[18:19:17] [Client thread/INFO]: [CHAT] <Synthio> I am going to rape u you fuck bitch
[18:19:17] [Client thread/INFO]: [CHAT] <xViqtory> Killing everyone with void
[18:19:19] [Client thread/INFO]: [CHAT] xNyanPanda - Undisguising all non-admins
[18:19:22] [Client thread/INFO]: [CHAT] wackyollie has been a naughty, naughty boy.
[18:19:22] [Client thread/INFO]: [CHAT] wackyollie died
[18:19:23] [Client thread/INFO]: [CHAT] FusedEagle74 - Opping xNyanPanda
[18:19:28] [Client thread/INFO]: [CHAT] [Server:xNyanPanda] please dont spam commands
[18:19:29] [Client thread/INFO]: [CHAT] FusedEagle74 - Opping Shelmon54
[18:19:32] [Client thread/INFO]: [CHAT] <wackyollie> op
[18:19:32] [Client thread/INFO]: [CHAT] [TCA] < xNyanPanda> Synthio stop
[18:19:34] [Client thread/INFO]: [CHAT] FusedEagle74 - Opping FusedEagle74
[18:19:37] [Client thread/INFO]: [CHAT] Steve92307 left the game.
[18:19:41] [Client thread/INFO]: [CHAT] [ADMIN] AwesomePinch [SA]: omg
[18:19:44] [Client thread/INFO]: [CHAT] <wackyollie> need op
[18:19:45] [Client thread/INFO]: [CHAT] [ADMIN] ShadowArmadyl [STA]: That may not be actually Snythio.
[18:19:45] [Client thread/INFO]: [CHAT] FreeCash joined the game
[18:19:45] [Client thread/INFO]: [CHAT] Welcome FreeCash to the server!
[18:19:46] [Client thread/INFO]: [CHAT] EDM_Sprayz joined the game
[18:19:46] [Client thread/INFO]: [CHAT] Welcome EDM_Sprayz to the server!
[18:19:48] [Client thread/INFO]: [CHAT] <KodakWhite> Don't make me bring a og nigga in this game
[18:19:48] [Client thread/INFO]: [CHAT] Timiiiii joined the game
[18:19:49] [Client thread/INFO]: [CHAT] FusedEagle74 - Opping EDM_Sprayz
[18:19:49] [Client thread/INFO]: [CHAT] [ADMIN] ShadowArmadyl [STA]: ./rank Synthio
[18:19:50] [Client thread/INFO]: [CHAT] [ADMIN] AwesomePinch [SA]: crouch as an ocelot
[18:19:51] [Client thread/INFO]: [CHAT] [SA] <Vicki411> Synthio you're a STA for god sakes.
[18:19:51] [Client thread/INFO]: [CHAT] FusedEagle74 - Opping FreeCash
[18:19:53] [Client thread/INFO]: [CHAT] ShadowArmadyl, Shelmon54, SuperMegaMewTwo, Synthio
[18:19:53] [Client thread/INFO]: [CHAT] [ADMIN] AwesomePinch [SA]: and it's got balls
[18:19:53] [Client thread/INFO]: [CHAT] ShadowArmadyl, Shelmon54, SuperMegaMewTwo, Synthio
[18:19:54] [Client thread/INFO]: [CHAT] ShadowArmadyl, Shelmon54, SuperMegaMewTwo, Synthio
[18:19:54] [Client thread/INFO]: [CHAT] ShadowArmadyl, Shelmon54, SuperMegaMewTwo, Synthio
[18:19:55] [Client thread/INFO]: [CHAT] Synthio is an Impostor
[18:19:56] [Client thread/INFO]: [CHAT] Timiiiii died
[18:19:56] [Client thread/INFO]: [CHAT] Player Timiiiii took their own life.
[18:19:57] [Client thread/INFO]: [CHAT] Jusandrew died
[18:19:57] [Client thread/INFO]: [CHAT] Player Jusandrew took their own life.
[18:19:59] [Client thread/INFO]: [CHAT] [REPORTS] Shelmon54 has reported Jusandrew for clearing
[18:19:59] [Client thread/INFO]: [CHAT] [ADMIN] xNyanPanda [STA]: why is he imp?
[18:19:59] [Client thread/INFO]: [CHAT] [STA] <ShadowArmadyl> Synthio is an imposter.
[18:20:03] [Client thread/INFO]: [CHAT] Synthio has been a VERY naughty, naughty boy.
[18:20:03] [Client thread/INFO]: [CHAT] Banning: Synthio, IP: 69.23.*.* - Reason: Fake
[18:20:03] [Client thread/INFO]: [CHAT] Synthio left the game.
[18:20:04] [Client thread/INFO]: [CHAT] Jusandrew died
[18:20:04] [Client thread/INFO]: [CHAT] Player Jusandrew took their own life.
[18:20:08] [Client thread/INFO]: [CHAT] <xViqtory> ohhhhhhhhhhh
[18:20:11] [Client thread/INFO]: [CHAT] [SA] <Vicki411> Oh
[18:20:11] [Client thread/INFO]: [CHAT] [ADMIN] adamvandyck [SrA]: He was fake
[18:20:11] [Client thread/INFO]: [CHAT] * FusedEagle74 /warp pvp !!!!!!!!!!!!!!!!!!
[18:20:11] [Client thread/INFO]: [CHAT] Shelmon54 died
[18:20:11] [Client thread/INFO]: [CHAT] Player Shelmon54 took their own life.
[18:20:12] [Client thread/INFO]: [CHAT] Jusandrew died
[18:20:12] [Client thread/INFO]: [CHAT] Player Jusandrew took their own life.
[18:20:12] [Client thread/INFO]: [CHAT] <xViqtory> thats why he was like dat
[18:20:12] [Client thread/INFO]: [CHAT] * FusedEagle74 /warp pvp !!!!!!!!!!!!!!!!!!
[18:20:13] [Client thread/INFO]: [CHAT] Shelmon54 died
[18:20:13] [Client thread/INFO]: [CHAT] Player Shelmon54 took their own life.
[18:20:13] [Client thread/INFO]: [CHAT] [TCA] < xNyanPanda> sorry viq
[18:20:13] [Client thread/INFO]: [CHAT] * FusedEagle74 /warp pvp !!!!!!!!!!!!!!!!!!
[18:20:14] [Client thread/INFO]: [CHAT] Shelmon54 died
[18:20:14] [Client thread/INFO]: [CHAT] Player Shelmon54 took their own life.
[18:20:15] [Client thread/INFO]: [CHAT] [TCA] < xNyanPanda> xD
[18:20:16] [Client thread/INFO]: [CHAT] <wackyollie> op
[18:20:16] [Client thread/INFO]: [CHAT] AwesomePinch - Muting FusedEagle74
[18:20:17] [Client thread/INFO]: [CHAT] <xViqtory> xD
[18:20:19] [Client thread/INFO]: [CHAT] [Server:AwesomePinch] Can you like not spam
[18:20:19] [Client thread/INFO]: [CHAT] KodakWhite left the game.
[18:20:20] [Client thread/INFO]: [CHAT] Shelmon54 has been a naughty, naughty boy.
[18:20:20] [Client thread/INFO]: [CHAT] Shelmon54 died
[18:20:23] [Client thread/INFO]: [CHAT] <Shelmon54> OMG
[18:20:24] [Client thread/INFO]: [CHAT] AwesomePinch - Unmuting all players.
[18:20:24] [Client thread/INFO]: [CHAT] <Shelmon54> wtf
[18:20:24] [Client thread/INFO]: [CHAT] [Server:xNyanPanda] dont spam cmds please.
[18:20:27] [Client thread/INFO]: [CHAT] <Shelmon54> OMG
[18:20:28] [Client thread/INFO]: [CHAT] xNyanPanda - Opping all players on the server
[18:20:28] [Client thread/INFO]: [CHAT] You are now op!
[18:20:31] [Client thread/INFO]: [CHAT] <Shelmon54> why
[18:20:35] [Client thread/INFO]: [CHAT] <Shelmon54> i pressed a book
[18:20:38] [Client thread/INFO]: [CHAT] * Cman5093  anyone have death arrows msg me
[18:20:39] [Client thread/INFO]: [CHAT] Timiiiii was killed trying to hurt Timiiiii
[18:20:40] [Client thread/INFO]: [CHAT] [ADMIN] AwesomePinch [SA]: As pandas
[18:20:45] [Client thread/INFO]: [CHAT] [ADMIN] AwesomePinch [SA]: I wonder why people love foxes
[18:20:46] [Client thread/INFO]: [CHAT] [Server:xNyanPanda] all inventories cleared due to books
[18:20:47] [Client thread/INFO]: [CHAT] [SA] <ItsLarry> who ci meee
[18:20:47] [Client thread/INFO]: [CHAT] [ADMIN] AwesomePinch [SA]: more than pandas
[18:20:51] [Client thread/INFO]: [CHAT] <FreeCash> "The original total freedom since [2010]" BRUH
[18:20:55] [Client thread/INFO]: [CHAT] Shelmon54 was killed trying to hurt Timiiiii
[18:20:56] [Client thread/INFO]: [CHAT] [Server:xNyanPanda] DO NOT CLICK ON ANY SORT OF BOOK
[18:20:59] [Client thread/INFO]: [CHAT] <Shelmon54> ok
[18:21:02] [Client thread/INFO]: [CHAT] <FusedEagle74> got it
[18:21:02] [Client thread/INFO]: [CHAT] Timiiiii has been a naughty, naughty boy.
[18:21:02] [Client thread/INFO]: [CHAT] Timiiiii was slain by Shelmon54
[18:21:03] [Client thread/INFO]: [CHAT] Shelmon54 died
[18:21:03] [Client thread/INFO]: [CHAT] Player Shelmon54 took their own life.
[18:21:03] [Client thread/INFO]: [CHAT] <MrPinkPig> dont press the book on tf i learnd my lesson
[18:21:04] [Client thread/INFO]: [CHAT] [ADMIN] ShadowArmadyl [STA]: I don't love either.
[18:21:05] [Client thread/INFO]: [CHAT] mattlainisaking is Is A Super Admin and :-) :-(
[18:21:05] [Client thread/INFO]: [CHAT] mattlainisaking joined the game
[18:21:07] [Client thread/INFO]: [CHAT] CommandSpy enabled.
[18:21:07] [Client thread/INFO]: [CHAT] [Server:AwesomePinch] Please do not attempt to spawn kill
[18:21:08] [Client thread/INFO]: [CHAT] <akoma203> why are people keep clearing my inv
[18:21:08] [Client thread/INFO]: [CHAT] AwesomePinch - Opping all players on the server
[18:21:08] [Client thread/INFO]: [CHAT] You are now op!
[18:21:09] [Client thread/INFO]: [CHAT] <Jusandrew> no i cleared all inv so no one could of copyed a item
[18:21:09] [Client thread/INFO]: [CHAT] <FreeCash> just wow
[18:21:11] [Client thread/INFO]: [CHAT] FreeCash: /suicide
[18:21:11] [Client thread/INFO]: [CHAT] FreeCash died
[18:21:11] [Client thread/INFO]: [CHAT] Player FreeCash took their own life.
[18:21:11] [Client thread/INFO]: [CHAT] Jassonn: //set ai
[18:21:11] [Client thread/INFO]: [CHAT] wackyollie: /d arrow
[18:21:12] [Client thread/INFO]: [CHAT] [ADMIN] Vicki411 [SA]: I had to clear all like 4 times yesterday
[18:21:15] [Client thread/INFO]: [CHAT] Jusandrew: /invsee sh
[18:21:16] [Client thread/INFO]: [CHAT] Shelmon54: /i enderchest
[18:21:17] [Client thread/INFO]: [CHAT] wackyollie: /heal
[18:21:17] [Client thread/INFO]: [CHAT] Shelmon54: /gms
[18:21:18] [Client thread/INFO]: [CHAT] <MrPinkPig> it made me nick an admin
[18:21:18] [Client thread/INFO]: [CHAT] DerpAce233: /suicide
[18:21:18] [Client thread/INFO]: [CHAT] DerpAce233 died
[18:21:18] [Client thread/INFO]: [CHAT] Player DerpAce233 took their own life.
[18:21:18] [Client thread/INFO]: [CHAT] [ADMIN] ShadowArmadyl [STA]: Although foxes are kinda cute.
[18:21:18] [Client thread/INFO]: [CHAT] Shelmon54: /fly
[18:21:21] [Client thread/INFO]: [CHAT] FreeCash left the game.
[18:21:21] [Client thread/INFO]: [CHAT] grim_reaper2005 joined the game
[18:21:21] [Client thread/INFO]: [CHAT] Welcome grim_reaper2005 to the server!
[18:21:23] [Client thread/INFO]: [CHAT] wackyollie: /heal
[18:21:24] [Client thread/INFO]: [CHAT] Shelmon54: /enderchest
[18:21:27] [Client thread/INFO]: [CHAT] Timiiiii was slain by wackyollie
[18:21:28] [Client thread/INFO]: [CHAT] DerpAce233: /warp
[18:21:30] [Client thread/INFO]: [CHAT] akoma203: //wand
[18:21:31] [Client thread/INFO]: [CHAT] wackyollie: /survival
[18:21:32] [Client thread/INFO]: [CHAT] [ADMIN] xNyanPanda [STA]: pandas are my favorite animal ;o
[18:21:32] [Client thread/INFO]: [CHAT] <Timiiiii> why do i keep dying@
[18:21:34] [Client thread/INFO]: [CHAT] < Ian123456> to what MrPinkPig?
[18:21:36] [Client thread/INFO]: [CHAT] [TotalFreedom] If you are not OP, be sure to ask!
[18:21:36] [Client thread/INFO]: [CHAT] DerpAce233: /warp 2
[18:21:36] [Client thread/INFO]: [CHAT] Timiiiii: /fly
[18:21:37] [Client thread/INFO]: [CHAT] [TCA] < xNyanPanda> :oo pinch ur a panda
[18:21:37] [Client thread/INFO]: [CHAT] Cman5093: /me &4&l anyone have death arrows msg me!
[18:21:37] [Client thread/INFO]: [CHAT] * Cman5093  anyone have death arrows msg me!
[18:21:41] [Client thread/INFO]: [CHAT] [SA] <AwesomePinch> yeah
[18:21:41] [Client thread/INFO]: [CHAT] Timiiiii was slain by wackyollie
[18:21:41] [Client thread/INFO]: [CHAT] FusedEagle74: /op Cman5093
[18:21:41] [Client thread/INFO]: [CHAT] FusedEagle74 - Opping Cman5093
[18:21:43] [Client thread/INFO]: [CHAT] [TCA] < xNyanPanda> yay :D
[18:21:45] [Client thread/INFO]: [CHAT] [SA] <AwesomePinch> why do people not love us
[18:21:46] [Client thread/INFO]: [CHAT] DerpAce233: /warp freediamonds
[18:21:47] [Client thread/INFO]: [CHAT] Shelmon54: /spawn
[18:21:47] [Client thread/INFO]: [CHAT] FusedEagle74: /op wackyollie
[18:21:47] [Client thread/INFO]: [CHAT] FusedEagle74 - Opping wackyollie
[18:21:48] [Client thread/INFO]: [CHAT] [SA] <AwesomePinch> they love foxes more
[18:21:48] [Client thread/INFO]: [CHAT] [TCA] < xNyanPanda> ikr
[18:21:48] [Client thread/INFO]: [CHAT] <Timiiiii> wackyollie wru
[18:21:49] [Client thread/INFO]: [CHAT] [ADMIN] ShadowArmadyl [STA]: Humans are my favorite animal.
[18:21:50] [Client thread/INFO]: [CHAT] [ADMIN] VideoGameSmash12 [STA]: My favorite animals are Rabbits.
[18:21:51] [Client thread/INFO]: [CHAT] [TCA] < xNyanPanda> they're fags
[18:21:52] [Client thread/INFO]: [CHAT] Jassonn: /warp
[18:21:52] [Client thread/INFO]: [CHAT] Timiiiii was shot by Shelmon54 using [§6Super Bow]
[18:21:52] [Client thread/INFO]: [CHAT] EDM_Sprayz: /op all
[18:21:53] [Client thread/INFO]: [CHAT] DerpAce233: /warp FREE
[18:21:53] [Client thread/INFO]: [CHAT] akoma203: /spawn
[18:21:54] [Client thread/INFO]: [CHAT] FusedEagle74: /me /warp pvp !!!!!!!!!!!!!!!!!!
[18:21:54] [Client thread/INFO]: [CHAT] * FusedEagle74 /warp pvp !!!!!!!!!!!!!!!!!!
[18:21:55] [Client thread/INFO]: [CHAT] Jassonn: /warp darealspawn
[18:21:55] [Client thread/INFO]: [CHAT] MrPinkPig: /tagnyan ALL NIGGERS ARE RAPISTS
[18:21:55] [Client thread/INFO]: [CHAT] [SA] <AwesomePinch> ik
[18:21:57] [Client thread/INFO]: [CHAT] Cman5093: /tp Shelmon54
[18:21:58] [Client thread/INFO]: [CHAT] [Server:Vicki411] As NyanPanda said your Inv were cleared due of Books shit.
[18:21:58] [Client thread/INFO]: [CHAT] MrPinkPig: /tagnyan ALL NIGGERS ARE RAPISTS
[18:22:00] [Client thread/INFO]: [CHAT] MrPinkPig: /tagnyan ALL NIGGERS ARE RAPISTS
[18:22:01] [Client thread/INFO]: [CHAT] Jassonn: /warp
[18:22:01] [Client thread/INFO]: [CHAT] EDM_Sprayz: /opall
[18:22:02] [Client thread/INFO]: [CHAT] MrPinkPig: /tagnyan ALL NIGGERS ARE RAPISTS
[18:22:02] [Client thread/INFO]: [CHAT] mattlainisaking - Muting MrPinkPig
[18:22:03] [Client thread/INFO]: [CHAT] Timiiiii was slain by wackyollie
[18:22:03] [Client thread/INFO]: [CHAT] Jassonn: /warp elytra
[18:22:04] [Client thread/INFO]: [CHAT] EDM_Sprayz: /op
[18:22:06] [Client thread/INFO]: [CHAT] wackyollie was killed trying to hurt Shelmon54
[18:22:09] [Client thread/INFO]: [CHAT] [Server:mattlainisaking] dont even start
[18:22:10] [Client thread/INFO]: [CHAT] Jassonn: /warp cows
[18:22:10] [Client thread/INFO]: [CHAT] wackyollie: /i stick 64 sharpness:9999 knockback:9999 smite:9999 power:9999 thorns:9999 fire:9999 flame:9999
[18:22:11] [Client thread/INFO]: [CHAT] Timiiiii was killed trying to hurt wackyollie
[18:22:12] [Client thread/INFO]: [CHAT] FusedEagle74: /me /warp pvp !!!!!!!!!!!!!!!!!!
[18:22:12] [Client thread/INFO]: [CHAT] * FusedEagle74 /warp pvp !!!!!!!!!!!!!!!!!!
[18:22:13] [Client thread/INFO]: [CHAT] Timiiiii was killed trying to hurt wackyollie
[18:22:15] [Client thread/INFO]: [CHAT] mattlainisaking - Unmuting MrPinkPig
[18:22:15] [Client thread/INFO]: [CHAT] Timiiiii was slain by wackyollie
[18:22:16] [Client thread/INFO]: [CHAT] xNyanPanda - Cleaning all nicknames
[18:22:16] [Client thread/INFO]: [CHAT] [Server:AwesomePinch] I kind've just did
[18:22:16] [Client thread/INFO]: [CHAT] Cman5093: /tell Shelmon54 could i have a copy of the super bow please
[18:22:18] [Client thread/INFO]: [CHAT] Jassonn: /warp boatevent
[18:22:19] [Client thread/INFO]: [CHAT] ALL NIGGERS ARE RAPISTS <MrPinkPig> hi
[18:22:19] [Client thread/INFO]: [CHAT] Shelmon54: /r no
[18:22:20] [Client thread/INFO]: [CHAT] wackyollie: /d arrow
[18:22:20] [Client thread/INFO]: [CHAT] <akoma203> i not in pvp zone
[18:22:20] [Client thread/INFO]: [CHAT] [TCA] < xNyanPanda> rip
[18:22:20] [Client thread/INFO]: [CHAT] <Timiiiii> wackyollie spawn killing me alot
[18:22:21] [Client thread/INFO]: [CHAT] Logaknight54 joined the game
[18:22:21] [Client thread/INFO]: [CHAT] [TCA] < xNyanPanda> xD
[18:22:22] [Client thread/INFO]: [CHAT] grim_reaper2005: /warp pvp
[18:22:23] [Client thread/INFO]: [CHAT] arachnids_Grip joined the game
[18:22:23] [Client thread/INFO]: [CHAT] Welcome arachnids_Grip to the server!
[18:22:23] [Client thread/INFO]: [CHAT] Jusandrew: /more
[18:22:25] [Client thread/INFO]: [CHAT] Timiiiii was slain by Shelmon54 using [§6One Hitter]
[18:22:25] [Client thread/INFO]: [CHAT] Jusandrew: /more
[18:22:25] [Client thread/INFO]: [CHAT] MrPinkPig has been a naughty, naughty boy.
[18:22:25] [Client thread/INFO]: [CHAT] MrPinkPig died
[18:22:26] [Client thread/INFO]: [CHAT] Jusandrew: /more
[18:22:26] [Client thread/INFO]: [CHAT] mattlainisaking - Muting MrPinkPig
[18:22:28] [Client thread/INFO]: [CHAT] Timiiiii: /gmc
[18:22:28] [Client thread/INFO]: [CHAT] akoma203: /speed 10
[18:22:29] [Client thread/INFO]: [CHAT] Cman5093: /tell Shelmon54 Why
[18:22:30] [Client thread/INFO]: [CHAT] Jusandrew: /invsee sh
[18:22:32] [Client thread/INFO]: [CHAT] [Server:xNyanPanda] take the tag off please
[18:22:32] [Client thread/INFO]: [CHAT] Logaknight54: /auc
[18:22:33] [Client thread/INFO]: [CHAT] wildcheetahs joined the game
[18:22:33] [Client thread/INFO]: [CHAT] Shelmon54: /r private
[18:22:33] [Client thread/INFO]: [CHAT] Welcome wildcheetahs to the server!
[18:22:34] [Client thread/INFO]: [CHAT] [ADMIN] AwesomePinch [SA]: what texture pack do you guys use?
[18:22:34] [Client thread/INFO]: [CHAT] DerpAce233: /warp
[18:22:35] [Client thread/INFO]: [CHAT] [Server:mattlainisaking] change your tag
[18:22:35] [Client thread/INFO]: [CHAT] Jassonn: //set ai
[18:22:36] [Client thread/INFO]: [CHAT] [SA] <ItsLarry> Warp to Gatorade To See The Gatorade Machine's inside
[18:22:36] [Client thread/INFO]: [CHAT] <wildcheetahs> hia
[18:22:39] [Client thread/INFO]: [CHAT] Jassonn: //pos 1
[18:22:39] [Client thread/INFO]: [CHAT] xNyanPanda - Unmuting all players.
[18:22:40] [Client thread/INFO]: [CHAT] Logaknight54: /sell
[18:22:40] [Client thread/INFO]: [CHAT] DarkShadow12345: /spawn
[18:22:41] [Client thread/INFO]: [CHAT] DerpAce233: /warp parkour
[18:22:41] [Client thread/INFO]: [CHAT] xViqtory: /tp itsl
[18:22:42] [Client thread/INFO]: [CHAT] <Cman5093> ok then
[18:22:42] [Client thread/INFO]: [CHAT] Jassonn: //pos1
[18:22:43] [Client thread/INFO]: [CHAT] [ADMIN] ShadowArmadyl [STA]: ItsLarry
[18:22:43] [Client thread/INFO]: [CHAT] Iandavid123: /warp gatorade
[18:22:43] [Client thread/INFO]: [CHAT] Cman5093 left the game.
[18:22:44] [Client thread/INFO]: [CHAT] xViqtory: /tptoggle
[18:22:44] [Client thread/INFO]: [CHAT] Timiiiii: /gms
[18:22:45] [Client thread/INFO]: [CHAT] Timiiiii: /fly
[18:22:46] [Client thread/INFO]: [CHAT] [ADMIN] ItsLarry [SA]: Yes
[18:22:46] [Client thread/INFO]: [CHAT] [ADMIN] xNyanPanda [STA]: custom, well sort of custom
[18:22:46] [Client thread/INFO]: [CHAT] Jassonn: //pos2
[18:22:47] [Client thread/INFO]: [CHAT] [ADMIN] ShadowArmadyl [STA]: nevermind
[18:22:47] [Client thread/INFO]: [CHAT] wackyollie: /god
[18:22:48] [Client thread/INFO]: [CHAT] wildcheetahs: /warp gatorade
[18:22:50] [Client thread/INFO]: [CHAT] Jassonn: //copy
[18:22:50] [Client thread/INFO]: [CHAT] Logaknight54: /warp vp
[18:22:52] [Client thread/INFO]: [CHAT] xViqtory: /tptoggle
[18:22:52] [Client thread/INFO]: [CHAT] Jassonn: /warp event
[18:22:54] [Client thread/INFO]: [CHAT] Logaknight54: /warp pvp
[18:22:55] [Client thread/INFO]: [CHAT] arachnids_Grip: /spawn
[18:22:55] [Client thread/INFO]: [CHAT] <wackyollie> akoma203 is gmc pvping
[18:22:56] [Client thread/INFO]: [CHAT] MrPinkPig: /tagnyan Gatorade buyer
[18:22:56] [Client thread/INFO]: [CHAT] Jassonn: /warp
[18:22:56] [Client thread/INFO]: [CHAT] Timiiiii was slain by Shelmon54 using [§6One Hitter]
[18:22:57] [Client thread/INFO]: [CHAT] EDM_Sprayz: /make world lava
[18:22:57] [Client thread/INFO]: [CHAT] wackyollie: /god
[18:22:59] [Client thread/INFO]: [CHAT] [SA] <ItsLarry> Push Button
[18:23:01] [Client thread/INFO]: [CHAT] xViqtory left the game.
[18:23:01] [Client thread/INFO]: [CHAT] FusedEagle74: /me The best place for pvp is /warp pvp !!!
[18:23:01] [Client thread/INFO]: [CHAT] * FusedEagle74 The best place for pvp is /warp pvp !!!
[18:23:02] [Client thread/INFO]: [CHAT] Jassonn: /warp boatevent
[18:23:03] [Client thread/INFO]: [CHAT] ALL NIGGERS ARE RAPISTS <MrPinkPig> im not op so i cant
[18:23:04] [Client thread/INFO]: [CHAT] Jassonn: /paste
[18:23:06] [Client thread/INFO]: [CHAT] Timiiiii: /warp pv
[18:23:08] [Client thread/INFO]: [CHAT] Jassonn: //paste
[18:23:08] [Client thread/INFO]: [CHAT] Timiiiii: /warp pvp
[18:23:10] [Client thread/INFO]: [CHAT] Shelmon54: /warp pp
[18:23:10] [Client thread/INFO]: [CHAT] Vicki411 - Opping all players on the server
[18:23:10] [Client thread/INFO]: [CHAT] You are now op!
[18:23:12] [Client thread/INFO]: [CHAT] Logaknight54: /fly
[18:23:13] [Client thread/INFO]: [CHAT] Shelmon54: /warp pvp
[18:23:13] [Client thread/INFO]: [CHAT] Timiiiii: /echest
[18:23:16] [Client thread/INFO]: [CHAT] [ADMIN] mattlainisaking [SA]: wtf someone tryed /make world lava
[18:23:16] [Client thread/INFO]: [CHAT] [SA] <Vicki411> Now you are, now change it
[18:23:16] [Client thread/INFO]: [CHAT] Jassonn: //pos1
[18:23:17] [Client thread/INFO]: [CHAT] DarkShadow12345: /warp Gatorade
[18:23:17] [Client thread/INFO]: [CHAT] Timiiiii was slain by Shelmon54 using [§6One Hitter]
[18:23:20] [Client thread/INFO]: [CHAT] Jassonn: //pos2
[18:23:23] [Client thread/INFO]: [CHAT] Timiiiii: /gmc
[18:23:23] [Client thread/INFO]: [CHAT] Logaknight54 was slain by Shelmon54 using [§6One Hitter]
[18:23:25] [Client thread/INFO]: [CHAT] Jassonn: //copy
[18:23:27] [Client thread/INFO]: [CHAT] Timiiiii: /warp pvp
[18:23:29] [Client thread/INFO]: [CHAT] MrPinkPig: /tagnyan Gatorade Buyer
[18:23:29] [Client thread/INFO]: [CHAT] [TCA] < xNyanPanda> rip pinch
[18:23:29] [Client thread/INFO]: [CHAT] Jassonn: //paste
[18:23:29] [Client thread/INFO]: [CHAT] Block edits at (x-73, y42, z1254):
[18:23:29] [Client thread/INFO]: [CHAT]  - VideoGameSmash12 placed Wood:1
[18:23:29] [Client thread/INFO]: [CHAT]  - AwesomePinch broke Quartz_block
[18:23:30] [Client thread/INFO]: [CHAT] Shelmon54: /god
[18:23:30] [Client thread/INFO]: [CHAT] wildcheetahs: /spawn
[18:23:31] [Client thread/INFO]: [CHAT] Shelmon54: /god
[18:23:31] [Client thread/INFO]: [CHAT] [TCA] < xNyanPanda> xD
[18:23:32] [Client thread/INFO]: [CHAT] Gatorade Buyer <MrPinkPig> there
[18:23:32] [Client thread/INFO]: [CHAT] wackyollie, wildcheetahs
[18:23:34] [Client thread/INFO]: [CHAT] /!, /,, /.s, //, //calc, //calculate, //center, //chunk, //clearhistory, //contract, //copy, //count, //curve, //cut, //cyl, //deform, //desel, //deselect, //distr, //drain, //eval, //evaluate, //ex, //expand, //ext, //extinguish, //faces, //fast, //fill, //fillr, //fixlava, //fixwater, //flip, //flora, //forest, //g, //gb, //gen, //genbiome, //generate, //generatebiome, //gmask, //green, //hcyl, //help, //hollow, //hpos1, //hpos2, //hpyramid, //hsphere, //inset, //l, //limit, //line, //load, //lrbuild, //middle, //move, //naturalize, //outline, //outset, //overlay, //paste, //pos1, //pos2, //pyramid, //re, //redo, //regen, //removeabove, //removebelow, //removenear, //rep, //replace, //replacenear, //restore, //rotate, //save, //schem, //schematic, //search, //searchitem, //sel, //set, //setbiome, //shift, //size, //smooth, //snow, //solve, //sphere, //stack, //thaw, //toggleplace, //undo, //walls, //wand, /;, /?, /about, /ac, /achievement, /action, /adminchat, /adminmode, /adminworld, /afk, /ai, /announce, /arp, /arplus, /asc, /ascend, /autorespawnplus, /autorespawnplus:arp, /autorespawnplus:arplus, /autorespawnplus:autorespawnplus, /autorespawnplus:autorp, /autorp, /away, /back, /bal, /balance, /balancetop, /baltop, /ban, /ban-ip, /banlist, /bc, /bcmd, /bcr, /bcreload, /bct, /bctoggle, /betterchairs:bcr, /betterchairs:bcreload, /betterchairs:bct, /betterchairs:bctoggle, /betterchairs:betterchairsreload, /betterchairs:betterchairstoggle, /betterchairsreload, /betterchairstoggle, /bigtree, /biomeinfo, /biomelist, /biomels, /blockcmd, /blockcommand, /blockcommands, /blockdata, /blocks, /book, /br, /break, /brush, /bukkit:?, /bukkit:about, /bukkit:help, /bukkit:pl, /bukkit:plugins, /bukkit:reload, /bukkit:rl, /bukkit:timings, /bukkit:ver, /bukkit:version, /butcher, /cage, /cake, /call, /cartsit, /cbtool, /cdis, /cdisguise, /ceil, /changems, /chunkinfo, /ci, /clean, /clear, /clearclipboard, /clearhistory, /clearinvent, /clearinventory, /clone, /clonedis, /clonedisguise, /cmdlist, /cmdspy, /colorme, /commandlist, /commandspy, /compact, /compass, /condense, /consolesay, /coords, /craft, /createhome, /createjail, /createwarp, /creative, /cs, /csay, /customtext, /cycler, /d, /daedalusmod:ai, /daedalusmod:verify, /day, /dclone, /deafen, /debug, /defaultgamemode, /delchunks, /delhome, /deljail, /deltree, /delwarp, /denick, /dentity, /deop, /deopall, /depth, /desc, /descend, /describe, /dhelp, /difficulty, /direction, /dis, /disc, /disclone, /disentity, /disguise, /disguisec, /disguiseclone, /disguiseentity, /disguisehelp, /disguiseradius, /disguisetoggle, /disguiseviewself, /disguisevs, /dishelp, /dispfill, /disradius, /disvs, /doom, /dradius, /dtoggle, /dura, /durability, /dviewself, /dvs, /eabout, /eaction, /eafk, /eat, /eaway, /eback, /ebal, /ebalance, /ebalancetop, /ebaltop, /ebigtree, /eblocks, /ebook, /ebreak, /ebutcher, /ec, /ecall, /echangems, /echest, /echo, /eci, /eclean, /eclear, /eclearinvent, /eclearinventory, /eco, /ecompact, /ecompass, /econdense, /economy, /ecraft, /ecreatehome, /ecreatejail, /ecreatewarp, /eday, /edelhome, /edeljail, /edelwarp, /edepth, /edescribe, /edirection, /edura, /edurability, /eeat, /eec, /eechest, /eecho, /eeco, /eeconomy, /eemail, /eenderchest, /eendersee, /eentities, /eexp, /eext, /eextinguish, /efeed, /effect, /efirework, /efix, /efly, /eflyspeed, /eformula, /efspeed, /egc, /egetloc, /egetlocation, /egetpos, /egive, /egod, /egodmode, /ehat, /ehead, /eheal, /eheight, /ehelp, /ehome, /ehomes, /ei, /eifo, /einfo, /einform, /einvsee, /eitem, /eitemdb, /eitemno, /ej, /ejail, /ejails, /ejump, /ejumpto, /ekillall, /ekit, /ekits, /ekittycannon, /elag, /elargetree, /email, /eme, /emem, /ememo, /ememory, /emethod, /emobkill, /emobspawner, /emoney, /emore, /emotd, /emsg, /enchant, /ender, /enderchest, /endersee, /enear, /enearby, /enews, /enick, /enickname, /enight, /entities, /entitydata, /entitywipe, /epay, /eping, /eplayerskull, /eplayertime, /eplayerweather, /epm, /epong, /eposition, /eprice, /eptime, /epweather, /er, /erealname, /erecipe, /erecipes, /eremhome, /eremjail, /eremove, /eremwarp, /erepair, /ereply, /ereturn, /ermhome, /ermjail, /ermwarp, /erules, /eseen, /esell, /esethome, /esetjail, /esetspawn, /esetwarp, /esetworth, /eskull, /esocialspy, /espawn, /espawner, /espeed, /essentials:about, /essentials:action, /essentials:afk, /essentials:away, /essentials:back, /essentials:bal, /essentials:balance, /essentials:balancetop, /essentials:baltop, /essentials:bigtree, /essentials:blocks, /essentials:book, /essentials:break, /essentials:butcher, /essentials:call, /essentials:changems, /essentials:ci, /essentials:clean, /essentials:clear, /essentials:clearinvent, /essentials:clearinventory, /essentials:compact, /essentials:compass, /essentials:condense, /essentials:coords, /essentials:craft, /essentials:createhome, /essentials:createjail, /essentials:createwarp, /essentials:customtext, /essentials:day, /essentials:delhome, /essentials:deljail, /essentials:delwarp, /essentials:depth, /essentials:describe, /essentials:direction, /essentials:dura, /essentials:durability, /essentials:eabout, /essentials:eaction, /essentials:eafk, /essentials:eat, /essentials:eaway, /essentials:eback, /essentials:ebal, /essentials:ebalance, /essentials:ebalancetop, /essentials:ebaltop, /essentials:ebigtree, /essentials:eblocks, /essentials:ebook, /essentials:ebreak, /essentials:ebutcher, /essentials:ec, /essentials:ecall, /essentials:echangems, /essentials:echest, /essentials:echo, /essentials:eci, /essentials:eclean, /essentials:eclear, /essentials:eclearinvent, /essentials:eclearinventory, /essentials:eco, /essentials:ecompact, /essentials:ecompass, /essentials:econdense, /essentials:economy, /essentials:ecraft, /essentials:ecreatehome, /essentials:ecreatejail, /essentials:ecreatewarp, /essentials:eday, /essentials:edelhome, /essentials:edeljail, /essentials:edelwarp, /essentials:edepth, /essentials:edescribe, /essentials:edirection, /essentials:edura, /essentials:edurability, /essentials:eeat, /essentials:eec, /essentials:eechest, /essentials:eecho, /essentials:eeco, /essentials:eeconomy, /essentials:eemail, /essentials:eenderchest, /essentials:eendersee, /essentials:eentities, /essentials:eexp, /essentials:eext, /essentials:eextinguish, /essentials:efeed, /essentials:efirework, /essentials:efix, /essentials:efly, /essentials:eflyspeed, /essentials:eformula, /essentials:efspeed, /essentials:egc, /essentials:egetloc, /essentials:egetlocation, /essentials:egetpos, /essentials:egive, /essentials:egod, /essentials:egodmode, /essentials:ehat, /essentials:ehead, /essentials:eheal, /essentials:eheight, /essentials:ehelp, /essentials:ehome, /essentials:ehomes, /essentials:ei, /essentials:eifo, /essentials:einfo, /essentials:einform, /essentials:einvsee, /essentials:eitem, /essentials:eitemdb, /essentials:eitemno, /essentials:ej, /essentials:ejail, /essentials:ejails, /essentials:ejump, /essentials:ejumpto, /essentials:ekillall, /essentials:ekit, /essentials:ekits, /essentials:ekittycannon, /essentials:elag, /essentials:elargetree, /essentials:email, /essentials:eme, /essentials:emem, /essentials:ememo, /essentials:ememory, /essentials:emethod, /essentials:emobkill, /essentials:emobspawner, /essentials:emoney, /essentials:emore, /essentials:emotd, /essentials:emsg, /essentials:enderchest, /essentials:endersee, /essentials:enear, /essentials:enearby, /essentials:enews, /essentials:enick, /essentials:enickname, /essentials:enight, /essentials:entities, /essentials:epay, /essentials:eping, /essentials:eplayerskull, /essentials:eplayertime, /essentials:eplayerweather, /essentials:epm, /essentials:epong, /essentials:eposition, /essentials:eprice, /essentials:eptime, /essentials:epweather, /essentials:er, /essentials:erealname, /essentials:erecipe, /essentials:erecipes, /essentials:eremhome, /essentials:eremjail, /essentials:eremove, /essentials:eremwarp, /essentials:erepair, /essentials:ereply, /essentials:ereturn, /essentials:ermhome, /essentials:ermjail, /essentials:ermwarp, /essentials:erules, /essentials:eseen, /essentials:esell, /essentials:esethome, /essentials:esetjail, /essentials:esetwarp, /essentials:esetworth, /essentials:eskull, /essentials:esocialspy, /essentials:espawner, /essentials:espeed, /essentials:esuicide, /essentials:etele, /essentials:eteleport, /essentials:etell, /essentials:etgm, /essentials:etime, /essentials:etjail, /essentials:etoblocks, /essentials:etogglejail, /essentials:etop, /essentials:etp, /essentials:etp2p, /essentials:etpa, /essentials:etpaccept, /essentials:etpahere, /essentials:etpall, /essentials:etpask, /essentials:etpdeny, /essentials:etphere, /essentials:etpno, /essentials:etpo, /essentials:etpohere, /essentials:etppos, /essentials:etps, /essentials:etptoggle, /essentials:etpyes, /essentials:etree, /essentials:eul, /essentials:eunjail, /essentials:eunl, /essentials:eunlimited, /essentials:euptime, /essentials:ewalkspeed, /essentials:ewarp, /essentials:ewarps, /essentials:ewb, /essentials:ewbench, /essentials:ewhereami, /essentials:ewhisper, /essentials:ewhois, /essentials:eworkbench, /essentials:eworld, /essentials:eworth, /essentials:ewspeed, /essentials:exp, /essentials:ext, /essentials:extinguish, /essentials:feed, /essentials:firework, /essentials:fix, /essentials:fly, /essentials:flyspeed, /essentials:formula, /essentials:fspeed, /essentials:gc, /essentials:getloc, /essentials:getlocation, /essentials:getpos, /essentials:give, /essentials:god, /essentials:godmode, /essentials:hat, /essentials:head, /essentials:heal, /essentials:height, /essentials:help, /essentials:home, /essentials:homes, /essentials:i, /essentials:ifo, /essentials:info, /essentials:inform, /essentials:invsee, /essentials:item, /essentials:itemdb, /essentials:itemno, /essentials:j, /essentials:jail, /essentials:jails, /essentials:jump, /essentials:jumpto, /essentials:killall, /essentials:kit, /essentials:kits, /essentials:kittycannon, /essentials:lag, /essentials:largetree, /essentials:m, /essentials:mail, /essentials:me, /essentials:mem, /essentials:memo, /essentials:memory, /essentials:method, /essentials:mobkill, /essentials:mobspawner, /essentials:money, /essentials:more, /essentials:motd, /essentials:msg, /essentials:near, /essentials:nearby, /essentials:news, /essentials:nick, /essentials:nickname, /essentials:night, /essentials:pay, /essentials:ping, /essentials:playerskull, /essentials:playertime, /essentials:playerweather, /essentials:pm, /essentials:pong, /essentials:position, /essentials:price, /essentials:ptime, /essentials:pweather, /essentials:r, /essentials:realname, /essentials:recipe, /essentials:recipes, /essentials:remhome, /essentials:remjail, /essentials:remove, /essentials:remwarp, /essentials:repair, /essentials:reply, /essentials:return, /essentials:rmhome, /essentials:rmjail, /essentials:rmwarp, /essentials:rules, /essentials:s, /essentials:seen, /essentials:sell, /essentials:sethome, /essentials:setjail, /essentials:setwarp, /essentials:setworth, /essentials:skull, /essentials:socialspy, /essentials:spawner, /essentials:speed, /essentials:suicide, /essentials:t, /essentials:tele, /essentials:teleport, /essentials:tell, /essentials:tgm, /essentials:time, /essentials:tjail, /essentials:toblocks, /essentials:togglejail, /essentials:top, /essentials:tp, /essentials:tp2p, /essentials:tpa, /essentials:tpaccept, /essentials:tpahere, /essentials:tpall, /essentials:tpask, /essentials:tpdeny, /essentials:tphere, /essentials:tpno, /essentials:tpo, /essentials:tpohere, /essentials:tppos, /essentials:tps, /essentials:tptoggle, /essentials:tpyes, /essentials:tree, /essentials:ul, /essentials:unjail, /essentials:unl, /essentials:unlimited, /essentials:uptime, /essentials:w, /essentials:walkspeed, /essentials:warp, /essentials:warps, /essentials:wb, /essentials:wbench, /essentials:whereami, /essentials:whisper, /essentials:whois, /essentials:workbench, /essentials:world, /essentials:worth, /essentials:wspeed, /essentials:xp, /essentialsspawn:esetspawn, /essentialsspawn:espawn, /essentialsspawn:setspawn, /essentialsspawn:spawn, /esuicide, /etele, /eteleport, /etell, /etgm, /etime, /etjail, /etoblocks, /etogglejail, /etop, /etp, /etp2p, /etpa, /etpaccept, /etpahere, /etpall, /etpask, /etpdeny, /etphere, /etpno, /etpo, /etpohere, /etppos, /etps, /etptoggle, /etpyes, /etree, /eul, /eunjail, /eunl, /eunlimited, /euptime, /ew, /ewalkspeed, /ewarp, /ewarps, /ewb, /ewbench, /ewhereami, /ewhisper, /ewhois, /eworkbench, /eworld, /eworth, /ewspeed, /ex, /execute, /exp, /expel, /ext, /extinguish, /farwand, /feed, /fill, /filter, /findip, /firework, /fix, /fixlava, /fixwater, /flatlands, /flood, /floodfill, /fly, /flyspeed, /forestgen, /formula, /fr, /freeze, /fspeed, /fuckoff, /gadmin, /gamemode, /gamerule, /gc, /gcmd, /getloc, /getlocation, /getpos, /give, /glist, /gmask, /gmc, /gms, /gmsp, /god, /godmode, /gotospawn, /green, /gtfo, /hat, /head, /heal, /health, /height, /help, /home, /homes, /i, /icanhasbukkit, /ifo, /ii, /info, /inform, /invis, /invsee, /it, /item, /itemdb, /itemizer, /itemizer:ii, /itemizer:it, /itemizer:itemizer, /itemno, /j, /jail, /jails, /jp, /jump, /jumppads, /jumpto, /k, /kick, /kicknoob, /kill, /killall, /kit, /kits, /kittycannon, /lag, /landmine, /largetree, /lastcmd, /launchpads, /letterheads:lh, /lh, /libsdisguises, /libsdisguises:cdis, /libsdisguises:cdisguise, /libsdisguises:clonedis, /libsdisguises:clonedisguise, /libsdisguises:d, /libsdisguises:dclone, /libsdisguises:dentity, /libsdisguises:dhelp, /libsdisguises:dis, /libsdisguises:disc, /libsdisguises:disclone, /libsdisguises:disentity, /libsdisguises:disguise, /libsdisguises:disguisec, /libsdisguises:disguiseclone, /libsdisguises:disguiseentity, /libsdisguises:disguisehelp, /libsdisguises:disguiseradius, /libsdisguises:disguiseviewself, /libsdisguises:disguisevs, /libsdisguises:dishelp, /libsdisguises:disradius, /libsdisguises:disvs, /libsdisguises:dradius, /libsdisguises:dviewself, /libsdisguises:dvs, /libsdisguises:libsdisguises, /libsdisguises:u, /libsdisguises:und, /libsdisguises:undentity, /libsdisguises:undis, /libsdisguises:undisentity, /libsdisguises:undisguise, /libsdisguises:undisguiseentity, /libsdisguises:undisguiseradius, /libsdisguises:undisradius, /libsdisguises:undradius, /libsdisguises:viewselfd, /libsdisguises:viewselfdisguise, /libsdisguises:vsd, /list, /listchunks, /localspawn, /lockup, /logs, /lrbuild, /m, /mail, /mask, /mat, /material, /me, /mem, /memo, /memory, /method, /minecraft:achievement, /minecraft:ban, /minecraft:ban-ip, /minecraft:banlist, /minecraft:blockdata, /minecraft:clear, /minecraft:clone, /minecraft:debug, /minecraft:defaultgamemode, /minecraft:deop, /minecraft:difficulty, /minecraft:effect, /minecraft:enchant, /minecraft:entitydata, /minecraft:execute, /minecraft:fill, /minecraft:gamemode, /minecraft:gamerule, /minecraft:give, /minecraft:help, /minecraft:kick, /minecraft:kill, /minecraft:list, /minecraft:me, /minecraft:op, /minecraft:pardon, /minecraft:pardon-ip, /minecraft:particle, /minecraft:playsound, /minecraft:replaceitem, /minecraft:save-all, /minecraft:save-off, /minecraft:save-on, /minecraft:say, /minecraft:scoreboard, /minecraft:seed, /minecraft:setblock, /minecraft:setidletimeout, /minecraft:setworldspawn, /minecraft:spawnpoint, /minecraft:spreadplayers, /minecraft:stats, /minecraft:stop, /minecraft:stopsound, /minecraft:summon, /minecraft:teleport, /minecraft:tell, /minecraft:tellraw, /minecraft:testfor, /minecraft:testforblock, /minecraft:testforblocks, /minecraft:time, /minecraft:title, /minecraft:toggledownfall, /minecraft:tp, /minecraft:trigger, /minecraft:weather, /minecraft:whitelist, /minecraft:worldborder, /minecraft:xp, /mobkill, /moblimiter, /mobpurge, /mobspawner, /money, /more, /motd, /mp, /mp44, /msg, /mute, /myadmin, /nc, /near, /nearby, /nether, /news, /nf, /nick, /nickclean, /nickfilter, /nickname, /nicknyan, /night, /none, /noob, /o, /onlinemode, /op, /opall, /opme, /ops, /orbit, /ov, /packet, /packet_filter, /pardon, /pardon-ip, /particle, /pay, /permban, /pickaxe, /ping, /pl, /playerskull, /playertime, /playerweather, /playsound, /plc, /plugincontrol, /plugins, /pm, /pong, /position, /potion, /prem, /premium, /price, /protectarea, /protocol, /protocollib:filter, /protocollib:packet, /protocollib:packet_filter, /protocollib:protocol, /ptime, /pumpkins, /purgeall, /pweather, /qdeop, /qop, /r, /radar, /range, /rank, /rawsay, /rb, /rd, /realname, /recipe, /recipes, /redo, /reload, /rem, /rement, /remhome, /remjail, /remove, /removeabove, /removebelow, /removenear, /remwarp, /repair, /repl, /replaceitem, /replacenear, /reply, /report, /restart, /restore, /return, /rl, /rmhome, /rmjail, /rmwarp, /ro, /rollback, /rules, /s, /saconfig, /save-all, /save-off, /save-on, /say, /schem, /schematic, /scoreboard, /searchitem, /seed, /seen, /sell, /setblock, /sethome, /setidletimeout, /setjail, /setl, /setlevel, /setlever, /setlimit, /setspawn, /setspawnworld, /setwarp, /setworldspawn, /setworth, /size, /skin, /skinsrestorer, /skinsrestorer:skin, /skinsrestorer:skinsrestorer, /skinsrestorer:sr, /skull, /smite, /snap, /snapshot, /snow, /socialspy, /sp, /spawn, /spawner, /spawnmob, /spawnpoint, /spectator, /speed, /spigot:restart, /spigot:tps, /spreadplayers, /sr, /stats, /status, /stfu, /stop, /stopsound, /suicide, /summon, /superpickaxe, /survival, /swl, /t, /tag, /tagnyan, /tban, /tele, /teleport, /tell, /tellraw, /tempban, /testfor, /testforblock, /testforblocks, /tfm, /tgm, /thaw, /thru, /time, /timings, /title, /tjail, /tn, /toblocks, /toggle, /toggledownfall, /toggleeditwand, /togglejail, /toggleplace, /tool, /top, /tossmob, /totalfreedommod, /totalfreedommod:ac, /totalfreedommod:adminchat, /totalfreedommod:adminmode, /totalfreedommod:adminworld, /totalfreedommod:announce, /totalfreedommod:banlist, /totalfreedommod:bc, /totalfreedommod:bcmd, /totalfreedommod:blockcmd, /totalfreedommod:blockcommand, /totalfreedommod:blockcommands, /totalfreedommod:cage, /totalfreedommod:cake, /totalfreedommod:cartsit, /totalfreedommod:cbtool, /totalfreedommod:cmdlist, /totalfreedommod:cmdspy, /totalfreedommod:colorme, /totalfreedommod:commandlist, /totalfreedommod:commandspy, /totalfreedommod:consolesay, /totalfreedommod:creative, /totalfreedommod:csay, /totalfreedommod:deafen, /totalfreedommod:debug, /totalfreedommod:denick, /totalfreedommod:deop, /totalfreedommod:deopall, /totalfreedommod:disguisetoggle, /totalfreedommod:dispfill, /totalfreedommod:doom, /totalfreedommod:dtoggle, /totalfreedommod:enchant, /totalfreedommod:ender, /totalfreedommod:entitywipe, /totalfreedommod:ew, /totalfreedommod:expel, /totalfreedommod:findip, /totalfreedommod:flatlands, /totalfreedommod:fr, /totalfreedommod:freeze, /totalfreedommod:fuckoff, /totalfreedommod:gadmin, /totalfreedommod:gcmd, /totalfreedommod:glist, /totalfreedommod:gmc, /totalfreedommod:gms, /totalfreedommod:gmsp, /totalfreedommod:gotospawn, /totalfreedommod:gtfo, /totalfreedommod:health, /totalfreedommod:invis, /totalfreedommod:jp, /totalfreedommod:jumppads, /totalfreedommod:k, /totalfreedommod:kick, /totalfreedommod:kicknoob, /totalfreedommod:landmine, /totalfreedommod:lastcmd, /totalfreedommod:launchpads, /totalfreedommod:list, /totalfreedommod:localspawn, /totalfreedommod:lockup, /totalfreedommod:logs, /totalfreedommod:moblimiter, /totalfreedommod:mobpurge, /totalfreedommod:mp, /totalfreedommod:mp44, /totalfreedommod:mute, /totalfreedommod:myadmin, /totalfreedommod:nc, /totalfreedommod:nether, /totalfreedommod:nf, /totalfreedommod:nickclean, /totalfreedommod:nickfilter, /totalfreedommod:nicknyan, /totalfreedommod:noob, /totalfreedommod:o, /totalfreedommod:onlinemode, /totalfreedommod:op, /totalfreedommod:opall, /totalfreedommod:opme, /totalfreedommod:ops, /totalfreedommod:orbit, /totalfreedommod:ov, /totalfreedommod:permban, /totalfreedommod:plc, /totalfreedommod:plugincontrol, /totalfreedommod:potion, /totalfreedommod:prem, /totalfreedommod:premium, /totalfreedommod:protectarea, /totalfreedommod:purgeall, /totalfreedommod:qdeop, /totalfreedommod:qop, /totalfreedommod:radar, /totalfreedommod:rank, /totalfreedommod:rawsay, /totalfreedommod:rb, /totalfreedommod:rd, /totalfreedommod:report, /totalfreedommod:ro, /totalfreedommod:rollback, /totalfreedommod:saconfig, /totalfreedommod:say, /totalfreedommod:setl, /totalfreedommod:setlevel, /totalfreedommod:setlever, /totalfreedommod:setlimit, /totalfreedommod:setspawnworld, /totalfreedommod:smite, /totalfreedommod:spawnmob, /totalfreedommod:spectator, /totalfreedommod:status, /totalfreedommod:stfu, /totalfreedommod:stop, /totalfreedommod:survival, /totalfreedommod:swl, /totalfreedommod:tag, /totalfreedommod:tagnyan, /totalfreedommod:tban, /totalfreedommod:tempban, /totalfreedommod:tfm, /totalfreedommod:tn, /totalfreedommod:toggle, /totalfreedommod:tossmob, /totalfreedommod:totalfreedommod, /totalfreedommod:trail, /totalfreedommod:uall, /totalfreedommod:undisguiseall, /totalfreedommod:warn, /totalfreedommod:wh, /totalfreedommod:whitelist, /totalfreedommod:who, /totalfreedommod:whohas, /totalfreedommod:wildcard, /totalfreedommod:wipeflatlands, /totalfreedommod:wipeuserdata, /totalfreedommod:worldspawn, /tp, /tp2p, /tpa, /tpaccept, /tpahere, /tpall, /tpask, /tpdeny, /tphere, /tpno, /tpo, /tpohere, /tppos, /tps, /tptoggle, /tpyes, /trail, /tree, /trigger, /u, /uall, /ul, /und, /undentity, /undis, /undisentity, /undisguise, /undisguiseall, /undisguiseentity, /undisguiseradius, /undisradius, /undo, /undradius, /unjail, /unl, /unlimited, /unstuck, /up, /uptime, /ver, /verify, /version, /viewselfd, /viewselfdisguise, /vsd, /w, /walkspeed, /warn, /warp, /warps, /wb, /wbench, /we, /weather, /wh, /whereami, /whisper, /whitelist, /who, /whohas, /whois, /wildcard, /wipeflatlands, /wipeuserdata, /workbench, /world, /worldborder, /worldedit, /worldedit:!, /worldedit:,, /worldedit:.s, /worldedit:/, /worldedit:/calc, /worldedit:/calculate, /worldedit:/center, /worldedit:/chunk, /worldedit:/clearhistory, /worldedit:/contract, /worldedit:/copy, /worldedit:/count, /worldedit:/curve, /worldedit:/cut, /worldedit:/cyl, /worldedit:/deform, /worldedit:/desel, /worldedit:/deselect, /worldedit:/distr, /worldedit:/drain, /worldedit:/eval, /worldedit:/evaluate, /worldedit:/ex, /worldedit:/expand, /worldedit:/ext, /worldedit:/extinguish, /worldedit:/faces, /worldedit:/fast, /worldedit:/fill, /worldedit:/fillr, /worldedit:/fixlava, /worldedit:/fixwater, /worldedit:/flip, /worldedit:/flora, /worldedit:/forest, /worldedit:/g, /worldedit:/gb, /worldedit:/gen, /worldedit:/genbiome, /worldedit:/generate, /worldedit:/generatebiome, /worldedit:/gmask, /worldedit:/green, /worldedit:/hcyl, /worldedit:/help, /worldedit:/hollow, /worldedit:/hpos1, /worldedit:/hpos2, /worldedit:/hpyramid, /worldedit:/hsphere, /worldedit:/inset, /worldedit:/l, /worldedit:/limit, /worldedit:/line, /worldedit:/load, /worldedit:/lrbuild, /worldedit:/middle, /worldedit:/move, /worldedit:/naturalize, /worldedit:/outline, /worldedit:/outset, /worldedit:/overlay, /worldedit:/paste, /worldedit:/pos1, /worldedit:/pos2, /worldedit:/pyramid, /worldedit:/re, /worldedit:/redo, /worldedit:/regen, /worldedit:/removeabove, /worldedit:/removebelow, /worldedit:/removenear, /worldedit:/rep, /worldedit:/replace, /worldedit:/replacenear, /worldedit:/restore, /worldedit:/rotate, /worldedit:/save, /worldedit:/schem, /worldedit:/schematic, /worldedit:/search, /worldedit:/searchitem, /worldedit:/sel, /worldedit:/set, /worldedit:/setbiome, /worldedit:/shift, /worldedit:/size, /worldedit:/smooth, /worldedit:/snow, /worldedit:/solve, /worldedit:/sphere, /worldedit:/stack, /worldedit:/thaw, /worldedit:/toggleplace, /worldedit:/undo, /worldedit:/walls, /worldedit:/wand, /worldedit:;, /worldedit:asc, /worldedit:ascend, /worldedit:biomeinfo, /worldedit:biomelist, /worldedit:biomels, /worldedit:br, /worldedit:brush, /worldedit:butcher, /worldedit:ceil, /worldedit:chunkinfo, /worldedit:clearclipboard, /worldedit:clearhistory, /worldedit:cs, /worldedit:cycler, /worldedit:delchunks, /worldedit:deltree, /worldedit:desc, /worldedit:descend, /worldedit:ex, /worldedit:ext, /worldedit:extinguish, /worldedit:farwand, /worldedit:fixlava, /worldedit:fixwater, /worldedit:flood, /worldedit:floodfill, /worldedit:forestgen, /worldedit:gmask, /worldedit:green, /worldedit:info, /worldedit:j, /worldedit:jumpto, /worldedit:listchunks, /worldedit:lrbuild, /worldedit:mask, /worldedit:mat, /worldedit:material, /worldedit:none, /worldedit:pickaxe, /worldedit:pumpkins, /worldedit:range, /worldedit:redo, /worldedit:rem, /worldedit:rement, /worldedit:remove, /worldedit:removeabove, /worldedit:removebelow, /worldedit:removenear, /worldedit:repl, /worldedit:replacenear, /worldedit:restore, /worldedit:schem, /worldedit:schematic, /worldedit:searchitem, /worldedit:size, /worldedit:snap, /worldedit:snapshot, /worldedit:snow, /worldedit:sp, /worldedit:superpickaxe, /worldedit:thaw, /worldedit:thru, /worldedit:toggleeditwand, /worldedit:toggleplace, /worldedit:tool, /worldedit:tree, /worldedit:undo, /worldedit:unstuck, /worldedit:up, /worldedit:we, /worldedit:worldedit, /worldspawn, /worth, /wspeed, /xp
[18:23:34] [Client thread/INFO]: [CHAT] wackyollie: /jump
[18:23:35] [Client thread/INFO]: [CHAT] DarkShadow12345: /gameode s
[18:23:36] [Client thread/INFO]: [CHAT] Jassonn: //paste
[18:23:37] [Client thread/INFO]: [CHAT] FusedEagle74: /report Timiiiii greifing
[18:23:37] [Client thread/INFO]: [CHAT] [REPORTS] FusedEagle74 has reported Timiiiii for greifing
[18:23:38] [Client thread/INFO]: [CHAT] <Timiiiii> fu bitxch
[18:23:39] [Client thread/INFO]: [CHAT] Timiiiii left the game.
[18:23:39] [Client thread/INFO]: [CHAT] Jassonn: //paste
[18:23:40] [Client thread/INFO]: [CHAT] akoma203: /warp pvp
[18:23:41] [Client thread/INFO]: [CHAT] Jassonn: //paste
[18:23:42] [Client thread/INFO]: [CHAT] Jassonn: //paste
[18:23:42] [Client thread/INFO]: [CHAT] LobsangLoYT joined the game
[18:23:42] [Client thread/INFO]: [CHAT] Welcome LobsangLoYT to the server!
[18:23:43] [Client thread/INFO]: [CHAT] wildcheetahs: /heal
[18:23:43] [Client thread/INFO]: [CHAT] [ADMIN] VideoGameSmash12 [STA]: AwesomePinch don't grief
[18:23:44] [Client thread/INFO]: [CHAT] MrPinkPig: /tagnyan [Gatorade Buyer]
[18:23:44] [Client thread/INFO]: [CHAT] wackyollie: /jump
[18:23:45] [Client thread/INFO]: [CHAT] Jassonn: //paste
[18:23:47] [Client thread/INFO]: [CHAT] Jassonn: //paste
[18:23:47] [Client thread/INFO]: [CHAT] wackyollie: /jump
[18:23:48] [Client thread/INFO]: [CHAT] MrPinkPig: /tagnyan [Gatorade Buyer]
[18:23:49] [Client thread/INFO]: [CHAT] <FusedEagle74> Can someone role back timiii?
[18:23:51] [Client thread/INFO]: [CHAT] < Ian123456> i think it was a book who did that tag
[18:23:52] [Client thread/INFO]: [CHAT] [ADMIN] AwesomePinch [SA]: I was trying to make xNyanPanda fail the parkour
[18:23:52] [Client thread/INFO]: [CHAT] <FusedEagle74> He griefed me
[18:23:52] [Client thread/INFO]: [CHAT] Jassonn: /warp
[18:23:53] [Client thread/INFO]: [CHAT] Cman5093 joined the game
[18:23:54] [Client thread/INFO]: [CHAT] Jassonn: /warp a
[18:23:55] [Client thread/INFO]: [CHAT] wackyollie: /jump
[18:23:58] [Client thread/INFO]: [CHAT] xNyanPanda - Rolling back player: timiiiii
[18:23:59] [Client thread/INFO]: [CHAT] Cman5093: /tp Shelmon54
[18:24:00] [Client thread/INFO]: [CHAT] LobsangLoYT: /spawn
[18:24:02] [Client thread/INFO]: [CHAT] <FusedEagle74> thank you
[18:24:02] [Client thread/INFO]: [CHAT] wackyollie: /jump
[18:24:04] [Client thread/INFO]: [CHAT] <Jassonn> s
[18:24:05] [Client thread/INFO]: [CHAT] arachnids_Grip left the game.
[18:24:06] [Client thread/INFO]: [CHAT] MrPinkPig was slain by wackyollie
[18:24:08] [Client thread/INFO]: [CHAT] Logaknight54: /speed 8
[18:24:09] [Client thread/INFO]: [CHAT] xNyanPanda - Banning Timiiiii and IPs: 98.246.100.88
[18:24:09] [Client thread/INFO]: [CHAT] Jassonn: /warp
[18:24:10] [Client thread/INFO]: [CHAT] wackyollie: /jump
[18:24:13] [Client thread/INFO]: [CHAT] * EnderGuy321 is now AFK.
[18:24:13] [Client thread/INFO]: [CHAT] Jassonn: /warp elytracourse
[18:24:13] [Client thread/INFO]: [CHAT] SuperMegaMewTwo: /near
[18:24:14] [Client thread/INFO]: [CHAT] Shelmon54: /tp wackyollie
[18:24:15] [Client thread/INFO]: [CHAT] [STA] <ShadowArmadyl> Good morning, worm your honor.
[18:24:16] [Client thread/INFO]: [CHAT] LobsangLoYT: /nicknyan LobsangLoYT
[18:24:17] [Client thread/INFO]: [CHAT] wackyollie: /heal
[18:24:17] [Client thread/INFO]: [CHAT] [SA] <Vicki411> Fuck you Nyan xD
[18:24:18] [Client thread/INFO]: [CHAT] Jassonn: /up
[18:24:18] [Client thread/INFO]: [CHAT] Jassonn: /up
[18:24:19] [Client thread/INFO]: [CHAT] EDM_Sprayz: /ban adamvandyck
[18:24:20] [Client thread/INFO]: [CHAT] wackyollie was killed trying to hurt Shelmon54
[18:24:20] [Client thread/INFO]: [CHAT] Jassonn: /up 100
[18:24:20] [Client thread/INFO]: [CHAT] Jassonn: /up 100
[18:24:21] [Client thread/INFO]: [CHAT] <LobsangLoYT> can i have op
[18:24:21] [Client thread/INFO]: [CHAT] adamvandyck - Disabling Jumppads
[18:24:21] [Client thread/INFO]: [CHAT] pstrand joined the game
[18:24:24] [Client thread/INFO]: [CHAT] Jassonn: /warp
[18:24:25] [Client thread/INFO]: [CHAT] <LobsangLoYT> can i have op?
[18:24:26] [Client thread/INFO]: [CHAT] wackyollie: /i stick 64 sharpness:9999 knockback:9999 smite:9999 power:9999 thorns:9999 fire:9999 flame:9999
[18:24:27] [Client thread/INFO]: [CHAT] [Gatorade Buyer] <MrPinkPig> wtf
[18:24:27] [Client thread/INFO]: [CHAT] xNyanPanda - Opping all players on the server
[18:24:27] [Client thread/INFO]: [CHAT] You are now op!
[18:24:27] [Client thread/INFO]: [CHAT] EDM_Sprayz: /server close
[18:24:27] [Client thread/INFO]: [CHAT] Cman5093: /tp Shelmon54
[18:24:29] [Client thread/INFO]: [CHAT] Jassonn: /warp dodgeminigame
[18:24:29] [Client thread/INFO]: [CHAT] Logaknight54: /tp adamvandyck
[18:24:30] [Client thread/INFO]: [CHAT] wackyollie: /d arrow
[18:24:30] [Client thread/INFO]: [CHAT] LobsangLoYT: /nicknyan LobsangLoYT
[18:24:31] [Client thread/INFO]: [CHAT] Cman5093: /op LobsangLoYT
[18:24:31] [Client thread/INFO]: [CHAT] Cman5093 - Opping LobsangLoYT
[18:24:31] [Client thread/INFO]: [CHAT] Iandavid123: /potion clear Iandavid123
[18:24:32] [Client thread/INFO]: [CHAT] MrPinkPig was slain by wackyollie
[18:24:35] [Client thread/INFO]: [CHAT] < LobsangLoYT> Hi
[18:24:36] [Client thread/INFO]: [CHAT] akoma203: /speed 1
[18:24:37] [Client thread/INFO]: [CHAT] Jassonn: /wrp cooleffects
[18:24:37] [Client thread/INFO]: [CHAT] EDM_Sprayz: /ban adamvandyck
[18:24:37] [Client thread/INFO]: [CHAT] Iandavid123 left the game.
[18:24:38] [Client thread/INFO]: [CHAT] Logaknight54: /tp adamvandyck
[18:24:40] [Client thread/INFO]: [CHAT] Jassonn: /warp cooleffects
[18:24:43] [Client thread/INFO]: [CHAT] [SA] <Vicki411> Ima use the restroom!
[18:24:44] [Client thread/INFO]: [CHAT] * Vicki411 is now AFK.
[18:24:45] [Client thread/INFO]: [CHAT] TheBloodArrow joined the game
[18:24:45] [Client thread/INFO]: [CHAT] Welcome TheBloodArrow to the server!
[18:24:45] [Client thread/INFO]: [CHAT] Logaknight54: /warp pvp
[18:24:45] [Client thread/INFO]: [CHAT] [STA] <ShadowArmadyl> I know he'd come to no good in the end, your honor.
[18:24:46] [Client thread/INFO]: [CHAT] Patsterr_ joined the game
[18:24:47] [Client thread/INFO]: [CHAT] Welcome Patsterr_ to the server!
[18:24:50] [Client thread/INFO]: [CHAT] FusedEagle74: /op TheBloodArrow
[18:24:50] [Client thread/INFO]: [CHAT] FusedEagle74 - Opping TheBloodArrow
[18:24:51] [Client thread/INFO]: [CHAT] Jassonn: //set ai
[18:24:53] [Client thread/INFO]: [CHAT] Logaknight54: /i sign
[18:24:53] [Client thread/INFO]: [CHAT] <Patsterr_> hOI!
[18:24:53] [Client thread/INFO]: [CHAT] FusedEagle74: /op Patsterr_
[18:24:53] [Client thread/INFO]: [CHAT] FusedEagle74 - Opping Patsterr_
[18:24:53] [Client thread/INFO]: [CHAT] wackyollie: /speed 10
[18:24:53] [Client thread/INFO]: [CHAT] [STA] <ShadowArmadyl> Then let me have my way I put him, flaying into shape.
[18:24:54] [Client thread/INFO]: [CHAT] EDM_Sprayz: /kick Vicki411
[18:24:54] [Client thread/INFO]: [CHAT] MrPinkPig: /gmc
[18:24:57] [Client thread/INFO]: [CHAT] [TCA] < xNyanPanda> brb
[18:25:03] [Client thread/INFO]: [CHAT] EDM_Sprayz: /opall
[18:25:03] [Client thread/INFO]: [CHAT] [ADMIN] xChanyeol [Console]: .
[18:25:03] [Client thread/INFO]: [CHAT] LobsangLoYT: /me &c&lGo to rigidnetwork.myserver.gs for an AMAZING factions server!
[18:25:03] [Client thread/INFO]: [CHAT] *  LobsangLoYT Go to rigidnetwork.myserver.gs for an AMAZING factions server!
[18:25:03] [Client thread/INFO]: [CHAT] [STA] <ShadowArmadyl> But my hands were tied, the bleeding hearts and artists, mayor.
[18:25:05] [Client thread/INFO]: [CHAT] wildcheetahs left the game.
[18:25:06] [Client thread/INFO]: [CHAT] LobsangLoYT left the game.
[18:25:06] [Client thread/INFO]: [CHAT] Jassonn: //paste
[18:25:09] [Client thread/INFO]: [CHAT] <Patsterr_> Have I been removed on the forum yet?
[18:25:10] [Client thread/INFO]: [CHAT] Dont trust atoms because they make up everything.
[18:25:12] [Client thread/INFO]: [CHAT] MrPinkPig: /warp gatorade
[18:25:13] [Client thread/INFO]: [CHAT] Cman5093: /tell Shelmon54 shoot me with the super bow i want to see how powerful
[18:25:14] [Client thread/INFO]: [CHAT] <FusedEagle74> hahah
[18:25:16] [Client thread/INFO]: [CHAT] <FusedEagle74> best joke ever
[18:25:17] [Client thread/INFO]: [CHAT] akoma203: /gms
[18:25:18] [Client thread/INFO]: [CHAT] Jassonn: //paste
[18:25:18] [Client thread/INFO]: [CHAT] <FusedEagle74> LOLK
[18:25:18] [Client thread/INFO]: [CHAT] Tigermca is a Telnet Clan Admin
[18:25:18] [Client thread/INFO]: [CHAT] Tigermca joined the game
[18:25:18] [Client thread/INFO]: [CHAT] Welcome Tigermca to the server!
[18:25:20] [Client thread/INFO]: [CHAT] [CONSOLE]<xChanyeol> inactive, yes
[18:25:22] [Client thread/INFO]: [CHAT] [ADMIN] Tigermca [STA]: hiii
[18:25:23] [Client thread/INFO]: [CHAT] akoma203: /gmc
[18:25:24] [Client thread/INFO]: [CHAT] <Patsterr_> Good.
[18:25:25] [Client thread/INFO]: [CHAT] Tigermca - Removing all server entities.
[18:25:26] [Client thread/INFO]: [CHAT] Tigermca - Purging all mobs
[18:25:26] [Client thread/INFO]: [CHAT] <akoma203> oops
[18:25:30] [Client thread/INFO]: [CHAT] Shelmon54: /warp pvp
[18:25:30] [Client thread/INFO]: [CHAT] <akoma203> sorry
[18:25:30] [Client thread/INFO]: [CHAT] Jassonn: //pos2
[18:25:31] [Client thread/INFO]: [CHAT] [ADMIN] adamvandyck [SrA]: Hi
[18:25:32] [Client thread/INFO]: [CHAT] ElementalDreamer is a Super Admin
[18:25:32] [Client thread/INFO]: [CHAT] ElementalDreamer joined the game
[18:25:33] [Client thread/INFO]: [CHAT] Logaknight54 was slain by Shelmon54 using [§6One Hitter]
[18:25:33] [Client thread/INFO]: [CHAT] Cman5093: /tell Shelmon54 shoot me with the super bow i want to see how powerful it is
[18:25:34] [Client thread/INFO]: [CHAT] Jassonn: //pos1
[18:25:35] [Client thread/INFO]: [CHAT] <akoma203> i wanted to get the banner
[18:25:35] [Client thread/INFO]: [CHAT] Jassonn: //copy
[18:25:36] [Client thread/INFO]: [CHAT] Logaknight54: /i sign
[18:25:37] [Client thread/INFO]: [CHAT] Logaknight54: /warp pvp
[18:25:37] [Client thread/INFO]: [CHAT] [CONSOLE]<xChanyeol> oh wait no
[18:25:39] [Client thread/INFO]: [CHAT] <Shelmon54> tp to me
[18:25:40] [Client thread/INFO]: [CHAT] wackyollie: /heal
[18:25:41] [Client thread/INFO]: [CHAT] <Patsterr_> ugh
[18:25:41] [Client thread/INFO]: [CHAT] [CONSOLE]<xChanyeol> youre not pat
[18:25:41] [Client thread/INFO]: [CHAT] <Shelmon54> ok tp to me
[18:25:41] [Client thread/INFO]: [CHAT] Jassonn: //rotate 90
[18:25:44] [Client thread/INFO]: [CHAT] Cman5093: /tp Shelmon54
[18:25:46] [Client thread/INFO]: [CHAT] Shelmon54: /r ok tp to me
[18:25:47] [Client thread/INFO]: [CHAT] <FusedEagle74> middle click it
[18:25:48] [Client thread/INFO]: [CHAT] No block edits at that location.
[18:25:49] [Client thread/INFO]: [CHAT] No block edits at that location.
[18:25:49] [Client thread/INFO]: [CHAT] No block edits at that location.
[18:25:49] [Client thread/INFO]: [CHAT] No block edits at that location.
[18:25:50] [Client thread/INFO]: [CHAT] [Gatorade Buyer] <MrPinkPig> fuk niggers
[18:25:50] [Client thread/INFO]: [CHAT] <FusedEagle74> in gmc
[18:25:51] [Client thread/INFO]: [CHAT] [ADMIN] ElementalDreamer [SA]: Tigermca
[18:25:54] [Client thread/INFO]: [CHAT] [CONSOLE]<xChanyeol> i did saw you didnt get removed tho
[18:25:56] [Client thread/INFO]: [CHAT] akoma203: /hat
[18:25:58] [Client thread/INFO]: [CHAT] <Shelmon54> go in gms
[18:25:58] [Client thread/INFO]: [CHAT] wackyollie: /creative
[18:25:58] [Client thread/INFO]: [CHAT] <Logaknight54> who owns this server
[18:25:59] [Client thread/INFO]: [CHAT] <Shelmon54> lol
[18:25:59] [Client thread/INFO]: [CHAT] Jassonn: //paste
[18:26:02] [Client thread/INFO]: [CHAT] DerpAce233 left the game.
[18:26:04] [Client thread/INFO]: [CHAT] <Cman5093> thx
[18:26:05] [Client thread/INFO]: [CHAT] <TheXo> ByronMark
[18:26:07] [Client thread/INFO]: [CHAT] Patsterr_: /I kinda forgot about totalfreedom.
[18:26:07] [Client thread/INFO]: [CHAT] mattlainisaking - Muting MrPinkPig
[18:26:08] [Client thread/INFO]: [CHAT] [ADMIN] Tigermca [STA]: someone added jojo to aworld and he sent me a pm saying I griefed him
[18:26:12] [Client thread/INFO]: [CHAT] <Shelmon54> go in gms
[18:26:13] [Client thread/INFO]: [CHAT] wackyollie: /jump
[18:26:15] [Client thread/INFO]: [CHAT] wackyollie: /jump
[18:26:15] [Client thread/INFO]: [CHAT] [ADMIN] ElementalDreamer [SA]: rip
[18:26:16] [Client thread/INFO]: [CHAT] wackyollie: /jump
[18:26:16] [Client thread/INFO]: [CHAT] wackyollie: /jump
[18:26:17] [Client thread/INFO]: [CHAT] Patsterr_: /It hasn't been my thing.
[18:26:18] [Client thread/INFO]: [CHAT] [CONSOLE]<xChanyeol> lel
[18:26:19] [Client thread/INFO]: [CHAT] [Server:mattlainisaking] dont be racist
[18:26:19] [Client thread/INFO]: [CHAT] Logaknight54: /skin byronmark
[18:26:20] [Client thread/INFO]: [CHAT] wackyollie: /jump
[18:26:20] [Client thread/INFO]: [CHAT] wackyollie: /jump
[18:26:21] [Client thread/INFO]: [CHAT] wackyollie: /jump
[18:26:21] [Client thread/INFO]: [CHAT] <Cman5093> i copied ur items
[18:26:22] [Client thread/INFO]: [CHAT] wackyollie: /jump
[18:26:22] [Client thread/INFO]: [CHAT] [CONSOLE]<xChanyeol> k
[18:26:22] [Client thread/INFO]: [CHAT] [ADMIN] ElementalDreamer [SA]: Tigermca do you have a skype?
[18:26:23] [Client thread/INFO]: [CHAT] [ADMIN] Tigermca [STA]: even though he removed his build....
[18:26:25] [Client thread/INFO]: [CHAT] mattlainisaking - Unmuting MrPinkPig
[18:26:25] [Client thread/INFO]: [CHAT] [ADMIN] Tigermca [STA]: ya
[18:26:25] [Client thread/INFO]: [CHAT] Logaknight54: /skin markbyron
[18:26:25] [Client thread/INFO]: [CHAT] FusedEagle74: /hat
[18:26:26] [Client thread/INFO]: [CHAT] <Cman5093> with haks
[18:26:26] [Client thread/INFO]: [CHAT] [ADMIN] VideoGameSmash12 [STA]: Are you kidding me?
[18:26:27] [Client thread/INFO]: [CHAT] <TheXo> stfu nigga
[18:26:28] [Client thread/INFO]: [CHAT] Logaknight54 left the game.
[18:26:28] [Client thread/INFO]: [CHAT] [Gatorade Buyer] <MrPinkPig> wtf
[18:26:30] [Client thread/INFO]: [CHAT] Logaknight54 joined the game
[18:26:30] [Client thread/INFO]: [CHAT] [ADMIN] Tigermca [STA]: nope
[18:26:30] [Client thread/INFO]: [CHAT] [ADMIN] ElementalDreamer [SA]: what is it?
[18:26:32] [Client thread/INFO]: [CHAT] <Shelmon54> Cman5093 what hacks
[18:26:32] [Client thread/INFO]: [CHAT] [ADMIN] adamvandyck [SrA]: I thought he was permbanned?
[18:26:32] [Client thread/INFO]: [CHAT] Jusandrew: /invsee cman
[18:26:33] [Client thread/INFO]: [CHAT] Jassonn: //paste
[18:26:34] [Client thread/INFO]: [CHAT] [ADMIN] Tigermca [STA]: one sec
[18:26:34] [Client thread/INFO]: [CHAT] pstrand left the game.
[18:26:35] [Client thread/INFO]: [CHAT] <Cman5093> wurst
[18:26:36] [Client thread/INFO]: [CHAT] Patsterr_: /Don't expect me to come back.
[18:26:36] [Client thread/INFO]: [CHAT] [ADMIN] Tigermca [STA]: idk
[18:26:36] [Client thread/INFO]: [CHAT] <Shelmon54> pls tell me
[18:26:37] [Client thread/INFO]: [CHAT] hannah5366 joined the game
[18:26:37] [Client thread/INFO]: [CHAT] Welcome hannah5366 to the server!
[18:26:37] [Client thread/INFO]: [CHAT] Patsterr_ left the game.
[18:26:38] [Client thread/INFO]: [CHAT] Jusandrew: /invsee cman
[18:26:38] [Client thread/INFO]: [CHAT] SuperMegaMewTwo left the game.
[18:26:39] [Client thread/INFO]: [CHAT] <Shelmon54> what command
[18:26:39] [Client thread/INFO]: [CHAT] [ADMIN] mattlainisaking [SA]: who
[18:26:39] [Client thread/INFO]: [CHAT] Jassonn: //pos2
[18:26:40] [Client thread/INFO]: [CHAT] FusedEagle74: /op hannah5366
[18:26:40] [Client thread/INFO]: [CHAT] FusedEagle74 - Opping hannah5366
[18:26:41] [Client thread/INFO]: [CHAT] wackyollie: /jump
[18:26:41] [Client thread/INFO]: [CHAT] [ADMIN] Tigermca [STA]: hes supposed to be
[18:26:42] [Client thread/INFO]: [CHAT] wackyollie: /jump
[18:26:42] [Client thread/INFO]: [CHAT] 230Daniel is an Impostor
[18:26:42] [Client thread/INFO]: [CHAT] Warning: 230Daniel has been flagged as an impostor and has been frozen!
[18:26:42] [Client thread/INFO]: [CHAT] 230Daniel joined the game
[18:26:42] [Client thread/INFO]: [CHAT] Welcome 230Daniel to the server!
[18:26:43] [Client thread/INFO]: [CHAT] wackyollie: /jump
[18:26:43] [Client thread/INFO]: [CHAT] [Gatorade Buyer] <MrPinkPig> all i said was fuk niggers as a joke
[18:26:44] [Client thread/INFO]: [CHAT] <Shelmon54> i have wurst
[18:26:44] [Client thread/INFO]: [CHAT] Jassonn: //pos2
[18:26:45] [Client thread/INFO]: [CHAT] TheBloodArrow left the game.
[18:26:46] [Client thread/INFO]: [CHAT] [Server:ElementalDreamer] Verify
[18:26:48] [Client thread/INFO]: [CHAT] <Shelmon54> what commands
[18:26:49] [Client thread/INFO]: [CHAT] Jassonn: //pos1
[18:26:50] [Client thread/INFO]: [CHAT] hannah5366: /skin set hannah5366
[18:26:51] [Client thread/INFO]: [CHAT] <Shelmon54> pls tell me
[18:26:51] [Client thread/INFO]: [CHAT] Jassonn: //copy
[18:26:52] [Client thread/INFO]: [CHAT] wackyollie: /jump
[18:26:52] [Client thread/INFO]: [CHAT] mattlainisaking - Rolling back player: darkshadow12345
[18:26:52] [Client thread/INFO]: [CHAT] <Cman5093> i did.copyitem
[18:26:52] [Client thread/INFO]: [CHAT] 230Daniel: /who
[18:26:54] [Client thread/INFO]: [CHAT] Jassonn: //pos1
[18:26:54] [Client thread/INFO]: [CHAT] [ADMIN] VideoGameSmash12 [STA]: He apparently wasn't.
[18:26:55] [Client thread/INFO]: [CHAT] <Shelmon54> oh
[18:26:56] [Client thread/INFO]: [CHAT] <FusedEagle74> How do admins verify?
[18:26:56] [Client thread/INFO]: [CHAT] hannah5366: /skin change hannah5366
[18:26:58] [Client thread/INFO]: [CHAT] Jassonn: //pos2
[18:26:58] [Client thread/INFO]: [CHAT] DarkShadow12345: /gmamode s
[18:26:59] [Client thread/INFO]: [CHAT] <Cman5093> xD
[18:27:00] [Client thread/INFO]: [CHAT] wackyollie: /warp pvp
[18:27:00] [Client thread/INFO]: [CHAT] <FusedEagle74> just wondering
[18:27:01] [Client thread/INFO]: [CHAT] Jusandrew: /invsee cman
[18:27:01] [Client thread/INFO]: [CHAT] Logaknight54: /speed 1
[18:27:01] [Client thread/INFO]: [CHAT] DarkShadow12345: /gms
[18:27:02] [Client thread/INFO]: [CHAT] DarkShadow12345 has been a VERY naughty, naughty boy.
[18:27:02] [Client thread/INFO]: [CHAT] Banning: DarkShadow12345, IP: 50.51.*.* - Reason: grief
[18:27:02] [Client thread/INFO]: [CHAT] DarkShadow12345 left the game.
[18:27:03] [Client thread/INFO]: [CHAT] hannah5366: /skin hannah5366
[18:27:08] [Client thread/INFO]: [CHAT] Jassonn: //copy
[18:27:08] [Client thread/INFO]: [CHAT] [ADMIN] VideoGameSmash12 [STA]: He can't complain since he does it.
[18:27:08] [Client thread/INFO]: [CHAT] [SA] <ElementalDreamer> we put "verify" in the shoutbox
[18:27:09] [Client thread/INFO]: [CHAT] [SA] <AwesomePinch> They do it in the forums shoutbox
[18:27:09] [Client thread/INFO]: [CHAT] [SA] <ElementalDreamer> thats it
[18:27:12] [Client thread/INFO]: [CHAT] [ADMIN] adamvandyck [SrA]: Did the pm come from his forum account?
[18:27:14] [Client thread/INFO]: [CHAT] CrazyKid969 joined the game
[18:27:15] [Client thread/INFO]: [CHAT] hannah5366: /skin hannah5366
[18:27:16] [Client thread/INFO]: [CHAT] Logaknight54: /gmc
[18:27:18] [Client thread/INFO]: [CHAT] [ADMIN] Tigermca [STA]: yep
[18:27:18] [Client thread/INFO]: [CHAT] CrazyKid969: /tps
[18:27:18] [Client thread/INFO]: [CHAT] <grim_reaper2005> GG
[18:27:19] [Client thread/INFO]: [CHAT] [ADMIN] mattlainisaking [SA]: who
[18:27:20] [Client thread/INFO]: [CHAT] BlairHas21Bears joined the game
[18:27:21] [Client thread/INFO]: [CHAT] Welcome BlairHas21Bears to the server!
[18:27:23] [Client thread/INFO]: [CHAT] Going to the AdminWorld.
[18:27:26] [Client thread/INFO]: [CHAT] FusedEagle74: /op BlairHas21Bears
[18:27:26] [Client thread/INFO]: [CHAT] FusedEagle74 - Opping BlairHas21Bears
[18:27:26] [Client thread/INFO]: [CHAT] 230Daniel: /kick
[18:27:27] [Client thread/INFO]: [CHAT] <hannah5366> WHY AM I A STEVE!!!!!!!!!!!!!
[18:27:27] [Client thread/INFO]: [CHAT] <230Daniel> t
[18:27:28] [Client thread/INFO]: [CHAT] <BlairHas21Bears> woah
[18:27:29] [Client thread/INFO]: [CHAT] <hannah5366> WHY AM I A STEVE!!!!!!!!!!!!!w
[18:27:30] [Client thread/INFO]: [CHAT] CrazyKid969: //set andesite
[18:27:33] [Client thread/INFO]: [CHAT] [ADMIN] Tigermca [STA]: he kept bitching about iy
[18:27:33] [Client thread/INFO]: [CHAT] [ADMIN] xChanyeol [Console]: whos atir
[18:27:34] [Client thread/INFO]: [CHAT] <hannah5366> WHY AM I A STEVE!!!!!!!!!!!!!
[18:27:36] [Client thread/INFO]: [CHAT] TheXo: //hsphere brick 2
[18:27:38] [Client thread/INFO]: [CHAT] [SA] <ElementalDreamer> Mojangs skin server is tripping over itself
[18:27:38] [Client thread/INFO]: [CHAT] TheXo: /top
[18:27:39] [Client thread/INFO]: [CHAT] CrazyKid969: //set Polishedandesite
[18:27:41] [Client thread/INFO]: [CHAT] wackyollie: /i stick 64 knockback:99999
[18:27:42] [Client thread/INFO]: [CHAT] <FusedEagle74> ^
[18:27:44] [Client thread/INFO]: [CHAT] [ADMIN] AwesomePinch [SA]: your mother
[18:27:44] [Client thread/INFO]: [CHAT] [ADMIN] VideoGameSmash12 [STA]: i
[18:27:46] [Client thread/INFO]: [CHAT] [ADMIN] Tigermca [STA]: "YOu placed a sign saying jojo is fat"
[18:27:48] [Client thread/INFO]: [CHAT] 230Daniel left the game.
[18:27:48] [Client thread/INFO]: [CHAT] Jassonn: //po2
[18:27:50] [Client thread/INFO]: [CHAT] [ADMIN] Tigermca [STA]: lmao
[18:27:51] [Client thread/INFO]: [CHAT] Jassonn: //pos2
[18:27:52] [Client thread/INFO]: [CHAT] CrazyKid969: //set Minecraft:stone:1
[18:27:53] [Client thread/INFO]: [CHAT] [ADMIN] AwesomePinch [SA]: jojok95 is fat
[18:27:56] [Client thread/INFO]: [CHAT] Jassonn: //pos1
[18:27:57] [Client thread/INFO]: [CHAT] [ADMIN] Tigermca [STA]: yep
[18:27:58] [Client thread/INFO]: [CHAT] CrazyKid969: /tps
[18:27:58] [Client thread/INFO]: [CHAT] [ADMIN] xChanyeol [Console]: lol who
[18:27:58] [Client thread/INFO]: [CHAT] [ADMIN] AwesomePinch [SA]: and is hated
[18:27:58] [Client thread/INFO]: [CHAT] Jassonn: //copy
[18:28:00] [Client thread/INFO]: [CHAT] Logaknight54: //wand
[18:28:00] [Client thread/INFO]: [CHAT] Logaknight54: //wand
[18:28:01] [Client thread/INFO]: [CHAT] Jassonn: //pos1
[18:28:02] [Client thread/INFO]: [CHAT] CrazyKid969: /seen Thegavzor
[18:28:03] [Client thread/INFO]: [CHAT] Jassonn: //pos2
[18:28:03] [Client thread/INFO]: [CHAT] <BlairHas21Bears> Come to mc-net.mygs.co if ur bored <3
[18:28:05] [Client thread/INFO]: [CHAT] [ADMIN] Tigermca [STA]: jojofag95
[18:28:07] [Client thread/INFO]: [CHAT] Jassonn: //copy
[18:28:08] [Client thread/INFO]: [CHAT] akoma203: /help
[18:28:08] [Client thread/INFO]: [CHAT] [ADMIN] VideoGameSmash12 [STA]: Tigermca, he really can go step on a Lego brick.
[18:28:08] [Client thread/INFO]: [CHAT] * legen_dairysoul is now AFK.
[18:28:09] [Client thread/INFO]: [CHAT] [ADMIN] xChanyeol [Console]: lmao
[18:28:10] [Client thread/INFO]: [CHAT] CrazyKid969: /gms
[18:28:10] [Client thread/INFO]: [CHAT] BlairHas21Bears left the game.
[18:28:11] [Client thread/INFO]: [CHAT] Jassonn: //pos1
[18:28:12] [Client thread/INFO]: [CHAT] [ADMIN] adamvandyck [SrA]: Then I wonder if jojo was this person http://totalfreedom.boards.net/thread/44511/who-troll
[18:28:12] [Client thread/INFO]: [CHAT] Logaknight54: /i log
[18:28:13] [Client thread/INFO]: [CHAT] SoulPlaysFreedom joined the game
[18:28:13] [Client thread/INFO]: [CHAT] Welcome SoulPlaysFreedom to the server!
[18:28:13] [Client thread/INFO]: [CHAT] Jassonn: //pos2
[18:28:14] [Client thread/INFO]: [CHAT] akoma203: /disguise
[18:28:15] [Client thread/INFO]: [CHAT] <hannah5366> !WELL TELL NOTCH ON FOROMS TO FIX IT IM NOT ALOWD TO DO IT (according to my mom)
[18:28:16] [Client thread/INFO]: [CHAT] [ADMIN] AwesomePinch [SA]: jojoke95
[18:28:17] [Client thread/INFO]: [CHAT] FusedEagle74: /op SoulPlaysFreedom
[18:28:17] [Client thread/INFO]: [CHAT] FusedEagle74 - Opping SoulPlaysFreedom
[18:28:17] [Client thread/INFO]: [CHAT] [Gatorade Buyer] <MrPinkPig> no advertising
[18:28:18] [Client thread/INFO]: [CHAT] [ADMIN] AwesomePinch [SA]: LOL
[18:28:18] [Client thread/INFO]: [CHAT] Jassonn: //copy
[18:28:21] [Client thread/INFO]: [CHAT] Jassonn: /\\
[18:28:24] [Client thread/INFO]: [CHAT] Jassonn: //pos1
[18:28:25] [Client thread/INFO]: [CHAT] <hannah5366> WELL TELL NOTCH ON FOROMS TO FIX IT IM NOT ALOWD TO DO IT (according to my mom)
[18:28:25] [Client thread/INFO]: [CHAT] FusedEagle74: /rules
[18:28:28] [Client thread/INFO]: [CHAT] [ADMIN] Tigermca [STA]: could be
[18:28:28] [Client thread/INFO]: [CHAT] Jassonn: /pos2
[18:28:29] [Client thread/INFO]: [CHAT] akoma203: /disguise Zombie
[18:28:31] [Client thread/INFO]: [CHAT] Jassonn: //pos2
[18:28:33] [Client thread/INFO]: [CHAT] [SA] <ElementalDreamer> hannah5366 shush
[18:28:33] [Client thread/INFO]: [CHAT] <SoulPlaysFreedom> Advirtiseing is aloud!
[18:28:33] [Client thread/INFO]: [CHAT] wackyollie: /speed 10
[18:28:33] [Client thread/INFO]: [CHAT] Jassonn: //copy
[18:28:35] [Client thread/INFO]: [CHAT] Logaknight54: /i ednrod
[18:28:36] [Client thread/INFO]: [CHAT] Jassonn: //pos
[18:28:36] [Client thread/INFO]: [CHAT] adamvandyck, akoma203, AwesomePinch, Cman5093, CrazyKid969, EDM_Sprayz, ElementalDreamer, EnderGuy321, FusedEagle74, grim_reaper2005, hannah5366, ItsLarry, Jassonn, Jusandrew, legen_dairysoul, Logaknight54, mattlainisaking, MrPinkPig, ShadowArmadyl, Shelmon54, SoulPlaysFreedom, TheXo, Tigermca, Vicki411, VideoGameSmash12, wackyollie, xNyanPanda
[18:28:36] [Client thread/INFO]: [CHAT] Shelmon54: /god
[18:28:37] [Client thread/INFO]: [CHAT] Shelmon54: /god
[18:28:38] [Client thread/INFO]: [CHAT] Jassonn: //paste'
[18:28:40] [Client thread/INFO]: [CHAT] Logaknight54: /i endrod
[18:28:40] [Client thread/INFO]: [CHAT] Jassonn: //paste
[18:28:40] [Client thread/INFO]: [CHAT] [SA] <ElementalDreamer> its Allowed***
[18:28:40] [Client thread/INFO]: [CHAT] [Gatorade Buyer] <MrPinkPig> No
[18:28:41] [Client thread/INFO]: [CHAT] FusedEagle74: /rules 2
[18:28:41] [Client thread/INFO]: [CHAT] Shelmon54: /gmc
[18:28:42] [Client thread/INFO]: [CHAT] Jassonn: //pos1
[18:28:42] [Client thread/INFO]: [CHAT] [ADMIN] adamvandyck [SrA]: that troll was so concerned about adminworld
[18:28:42] [Client thread/INFO]: [CHAT] < GMCpvpFinderAKAChickenLord> advertison is alerd?
[18:28:45] [Client thread/INFO]: [CHAT] Jassonn: /pos2
[18:28:45] [Client thread/INFO]: [CHAT] Cman5093: /potion add DAMAGE_RESISTANCE 100000 255
[18:28:49] [Client thread/INFO]: [CHAT] ElementalDreamer left the game.
[18:28:49] [Client thread/INFO]: [CHAT] Jassonn: //pos2
[18:28:51] [Client thread/INFO]: [CHAT] Jassonn: //copy
[18:28:52] [Client thread/INFO]: [CHAT] Cman5093: /gms
[18:28:53] [Client thread/INFO]: [CHAT] <grim_reaper2005> loock up herobrine.com
[18:28:53] [Client thread/INFO]: [CHAT] Cman5093: /god
[18:28:53] [Client thread/INFO]: [CHAT] Jassonn: //pos1
[18:28:54] [Client thread/INFO]: [CHAT] FusedEagle74: /rules 3
[18:28:56] [Client thread/INFO]: [CHAT] Jassonn: //pos2
[18:28:57] [Client thread/INFO]: [CHAT] Cman5093: /god
[18:29:00] [Client thread/INFO]: [CHAT] Jassonn: //copy
[18:29:01] [Client thread/INFO]: [CHAT] [CONSOLE]<xChanyeol> shelmon
[18:29:02] [Client thread/INFO]: [CHAT] Jassonn: //pos1
[18:29:02] [Client thread/INFO]: [CHAT] FusedEagle74: /rules 4
[18:29:06] [Client thread/INFO]: [CHAT] EnderGuy321 left the game.
[18:29:06] [Client thread/INFO]: [CHAT] Shelmon54 left the game.
[18:29:06] [Client thread/INFO]: [CHAT] [ADMIN] Tigermca [STA]: yep, its probably jojo then
[18:29:09] [Client thread/INFO]: [CHAT] Shelmon54 joined the game
[18:29:09] [Client thread/INFO]: [CHAT] FusedEagle74: /rules 3
[18:29:09] [Client thread/INFO]: [CHAT] TheXo: /spawn
[18:29:10] [Client thread/INFO]: [CHAT] wackyollie: /tree
[18:29:10] [Client thread/INFO]: [CHAT] Cman5093: /fly
[18:29:11] [Client thread/INFO]: [CHAT] hannah5366: /me &4&l IS MAD AND NEEDS A MC SKIN OR IS GONNA DIE!!!!!!
[18:29:11] [Client thread/INFO]: [CHAT] * hannah5366  IS MAD AND NEEDS A MC SKIN OR IS GONNA DIE!!!!!!
[18:29:12] [Client thread/INFO]: [CHAT] Jassonn: //pos1
[18:29:13] [Client thread/INFO]: [CHAT] EnderGuy321 joined the game
[18:29:14] [Client thread/INFO]: [CHAT] [ADMIN] AwesomePinch [SA]: I got like 15 likes on my resignation post
[18:29:16] [Client thread/INFO]: [CHAT] FusedEagle74: /rules 4
[18:29:20] [Client thread/INFO]: [CHAT] TheXo: /near
[18:29:20] [Client thread/INFO]: [CHAT] hannah5366: /me &4&l IS MAD AND NEEDS A MC SKIN OR IS GONNA DIE!!!!!!!
[18:29:20] [Client thread/INFO]: [CHAT] * hannah5366  IS MAD AND NEEDS A MC SKIN OR IS GONNA DIE!!!!!!!
[18:29:20] [Client thread/INFO]: [CHAT] [ADMIN] AwesomePinch [SA]: when I replied and said please stfu
[18:29:21] [Client thread/INFO]: [CHAT] CrazyKid969: /report EDM_Sprayz Mass bedrock placement
[18:29:21] [Client thread/INFO]: [CHAT] [REPORTS] CrazyKid969 has reported EDM_Sprayz for Mass bedrock placement
[18:29:22] [Client thread/INFO]: [CHAT] Jassonn: //pos2
[18:29:24] [Client thread/INFO]: [CHAT] [ADMIN] adamvandyck [SrA]: i knew it
[18:29:25] [Client thread/INFO]: [CHAT] TheXo: //pos1
[18:29:25] [Client thread/INFO]: [CHAT] Biakigu joined the game
[18:29:25] [Client thread/INFO]: [CHAT] Welcome Biakigu to the server!
[18:29:25] [Client thread/INFO]: [CHAT] Jassonn: //copy
[18:29:26] [Client thread/INFO]: [CHAT] Logaknight54: /speed 1