[21:17:36] [Client thread/INFO]: Connecting to play.totalfreedom.me., 28965
[21:17:39] [Client thread/INFO]: [CHAT] VideoGameSmash12 is a Telnet Admin and a Digital Form
[21:17:39] [Client thread/INFO]: [CHAT] VideoGameSmash12 joined the game
[21:17:39] [Client thread/INFO]: [CHAT] Welcome, VideoGameSmash12!
[21:17:39] [Client thread/INFO]: [CHAT] Type /help for a list of commands.
[21:17:39] [Client thread/INFO]: [CHAT] Do NOT open any books given to you by other players or you might be perm banned.
[21:17:39] [Client thread/INFO]: [CHAT] Do NOT click on signs that you didn’t make or you might be perm banned.
[21:17:39] [Client thread/INFO]: [CHAT] Remember to save your builds with World Edit or they’ll be lost.
[21:17:39] [Client thread/INFO]: [CHAT] You have no new mail.
[21:17:39] [Client thread/INFO]: [CHAT] Set fly mode enabled for VideoGameSmash12.
[21:17:47] [Client thread/INFO]: [CHAT] * Riley_Cinderfur is now AFK.
[21:17:51] [Client thread/INFO]: [CHAT] Giving 1 of bow
[21:18:03] [Client thread/INFO]: Connecting to play.totalfreedom.me., 28965
[21:18:05] [Client thread/INFO]: [CHAT] VideoGameSmash12 is a Telnet Admin and a Digital Form
[21:18:05] [Client thread/INFO]: [CHAT] VideoGameSmash12 joined the game
[21:18:05] [Client thread/INFO]: [CHAT] Welcome, VideoGameSmash12!
[21:18:05] [Client thread/INFO]: [CHAT] Type /help for a list of commands.
[21:18:05] [Client thread/INFO]: [CHAT] Do NOT open any books given to you by other players or you might be perm banned.
[21:18:05] [Client thread/INFO]: [CHAT] Do NOT click on signs that you didn’t make or you might be perm banned.
[21:18:05] [Client thread/INFO]: [CHAT] Remember to save your builds with World Edit or they’ll be lost.
[21:18:05] [Client thread/INFO]: [CHAT] You have no new mail.
[21:18:05] [Client thread/INFO]: [CHAT] Set fly mode enabled for VideoGameSmash12.
[21:18:18] [Client thread/INFO]: [CHAT] ShadowArmadyl is a Telnet Clan. Admin and a Telnet Clan. Admin
[21:18:18] [Client thread/INFO]: [CHAT] ShadowArmadyl joined the game
[21:18:18] [Client thread/INFO]: [CHAT] Welcome  Shadow to the server!
[21:18:20] [Client thread/INFO]: [CHAT] <Gingano> ...
[21:18:21] [Client thread/INFO]: [CHAT] < NahFireChildHeart> ...
[21:18:28] [Client thread/INFO]: [CHAT] [TotalFreedom] You can always review the server rules here: http://totalfreedom.me/
[21:18:45] [Client thread/INFO]: [CHAT] [STA] < Shadow> > fuck apple
[21:18:46] [Client thread/INFO]: [CHAT] AidenGamezYT joined the game
[21:18:46] [Client thread/INFO]: [CHAT] Welcome AidenGamezYT to the server!
[21:18:53] [Client thread/INFO]: [CHAT] <AidenGamezYT> pussy bitch
[21:18:57] [Client thread/INFO]: [CHAT] [STA] < Shadow> lol please
[21:19:03] [Client thread/INFO]: [CHAT] xNero_ joined the game
[21:19:03] [Client thread/INFO]: [CHAT] Welcome xNero_ to the server!
[21:19:26] [Client thread/INFO]: [CHAT] *  Sans Has anyone seen F7risk
[21:19:31] [Client thread/INFO]: [CHAT] * xNero_ ur mom
[21:19:34] [Client thread/INFO]: [CHAT] * xNero_ jk
[21:19:35] [Client thread/INFO]: [CHAT] *  Sans Has anyone seen Frisk?
[21:19:35] [Client thread/INFO]: [CHAT] <Solr> we dont care
[21:19:39] [Client thread/INFO]: [CHAT] [STA] < Shadow> ew undertale
[21:19:40] [Client thread/INFO]: [CHAT] [STA] < Shadow> go away
[21:19:42] [Client thread/INFO]: [CHAT] < shadowsnhd> .
[21:19:45] [Client thread/INFO]: [CHAT] * xNero_ ikr
[21:19:46] [Client thread/INFO]: [CHAT] *  Sans No
[21:19:47] [Client thread/INFO]: [CHAT] <AidenGamezYT> v
[21:19:49] [Client thread/INFO]: [CHAT] DeathSwordMC joined the game
[21:19:51] [Client thread/INFO]: [CHAT] [Undertale] < Sans> Never
[21:19:51] [Client thread/INFO]: [CHAT] [STA] < Shadow> that game sucks ass
[21:19:53] [Client thread/INFO]: [CHAT] AidenGamezYT left the game.
[21:19:54] [Client thread/INFO]: [CHAT] BornInAFlame joined the game
[21:19:54] [Client thread/INFO]: [CHAT] [ADMIN] VideoGameSmash12 [STA]: Hmm.
[21:19:58] [Client thread/INFO]: [CHAT] <Solr> undertale is for mental anti social pychos
[21:19:58] [Client thread/INFO]: [CHAT] [Undertale] < Sans> I know u do
[21:20:02] [Client thread/INFO]: [CHAT] [STA] < Shadow> lol please
[21:20:03] [Client thread/INFO]: [CHAT] < Flash> OP ME
[21:20:05] [Client thread/INFO]: [CHAT] <xNero_> lolol
[21:20:05] [Client thread/INFO]: [CHAT] [STA] < Shadow> what are you, five
[21:20:08] [Client thread/INFO]: [CHAT] [STA] < Shadow> who the fuck even says that
[21:20:09] [Client thread/INFO]: [CHAT] BornInAFlame - Opping DeathSwordMC
[21:20:10] [Client thread/INFO]: [CHAT] * 21mario is now AFK.
[21:20:16] [Client thread/INFO]: [CHAT] [ADMIN] VideoGameSmash12 [STA]: I have the client that gives books their dangerous force
[21:20:24] [Client thread/INFO]: [CHAT] [Help][PotatoCrew] < FireChild> Srry bout that
[21:20:27] [Client thread/INFO]: [CHAT] * xNero_ my mom does
[21:20:28] [Client thread/INFO]: [CHAT] * xNero_ jk
[21:20:34] [Client thread/INFO]: [CHAT] <Solr> undertale is dumb
[21:20:36] [Client thread/INFO]: [CHAT] <xNero_> ikr
[21:20:39] [Client thread/INFO]: [CHAT] < Hellcat> yes it is
[21:20:40] [Client thread/INFO]: [CHAT] [STA] < Shadow> agreed
[21:20:43] [Client thread/INFO]: [CHAT] * Riley_Cinderfur is no longer AFK.
[21:20:43] [Client thread/INFO]: [CHAT] Riley_Cinderfur - Cleaning all nicknames
[21:20:44] [Client thread/INFO]: [CHAT] BrOnZeMeLon - Cleaning all nicknames
[21:20:46] [Client thread/INFO]: [CHAT] Captain_Herobine joined the game
[21:20:47] [Client thread/INFO]: [CHAT] Welcome Captain_Herobine to the server!
[21:20:48] [Client thread/INFO]: [CHAT] <Solr> the only worse game is minecraft
[21:20:48] [Client thread/INFO]: [CHAT] [Undertale] < Sans> Sorry, couldnt hear you! Speak up
[21:20:50] [Client thread/INFO]: [CHAT] [STA] < Shadow> and not to even mention the awful fanbase
[21:20:51] [Client thread/INFO]: [CHAT] [Help][PotatoCrew] < FireChild> Don't use &k please
[21:20:54] [Client thread/INFO]: [CHAT] dsate1 - Removing all server entities.
[21:21:20] [Client thread/INFO]: [CHAT] <Solr> who even cares about undertale its old
[21:21:26] [Client thread/INFO]: [CHAT] [STA] <VideoGameSmash12> well then.
[21:21:27] [Client thread/INFO]: [CHAT] [Undertale] < Sans> Shadow, naming yourself after a sonic character. Sad
[21:21:28] [Client thread/INFO]: [CHAT] [STA] < Shadow> undertale is oversimplified, overhyped, boring, slow-paced, and redundant.
[21:21:28] [Client thread/INFO]: [CHAT] <xNero_> OH NOES IT VideoGameSmash12!!!! EVERYBODY RUNNNN
[21:21:35] [Client thread/INFO]: [CHAT] <xNero_> xD
[21:21:38] [Client thread/INFO]: [CHAT] [STA] < Shadow> i'm not named after a sonic character you idiot
[21:21:45] [Client thread/INFO]: [CHAT] <Captain_Herobine> ?
[21:21:46] [Client thread/INFO]: [CHAT] [Undertale] < Sans> Yes u kinda are
[21:21:48] [Client thread/INFO]: [CHAT] [Help][PotatoCrew] < FireChild> The undertale fans are cancer
[21:21:48] [Client thread/INFO]: [CHAT] [STA] < Shadow> the stupidity you must have is really insulting to my species
[21:21:56] [Client thread/INFO]: [CHAT] [Undertale] < Sans> Good
[21:21:57] [Client thread/INFO]: [CHAT] <xNero_> ...
[21:22:02] [Client thread/INFO]: [CHAT] <xNero_> "species"
[21:22:05] [Client thread/INFO]: [CHAT] [ADMIN] Riley_Cinderfur [STA]: o
[21:22:06] [Client thread/INFO]: [CHAT] [ADMIN] VideoGameSmash12 [STA]: I would use a book and attempt to use commands with it
[21:22:07] [Client thread/INFO]: [CHAT] <xNero_> lol
[21:22:11] [Client thread/INFO]: [CHAT] Loooll is a Super Admin and a Clown
[21:22:11] [Client thread/INFO]: [CHAT] Loooll joined the game
[21:22:11] [Client thread/INFO]: [CHAT] [STA] < Shadow> yes, species
[21:22:13] [Client thread/INFO]: [CHAT] [STA] <Riley_Cinderfur> Undertrash
[21:22:16] [Client thread/INFO]: [CHAT] [STA] < Shadow> true
[21:22:17] [Client thread/INFO]: [CHAT] <ThatOneCow> fight fight fight fight fight
[21:22:18] [Client thread/INFO]: [CHAT] <xNero_> That's hilarious
[21:22:21] [Client thread/INFO]: [CHAT] <xNero_> LOL
[21:22:27] [Client thread/INFO]: [CHAT] <Solr> undertale fans really only care about sans the dumbass and papryuras the bitch
[21:22:31] [Client thread/INFO]: [CHAT] Ethan5018_YT joined the game
[21:22:31] [Client thread/INFO]: [CHAT] Welcome Ethan5018_YT to the server!
[21:22:31] [Client thread/INFO]: [CHAT] [Help][PotatoCrew] < FireChild> Carrie, won't you pass the bleach? Oh, thank you Carrie.
[21:22:31] [Client thread/INFO]: [CHAT] [STA] <VideoGameSmash12> Under my tail is a sack of nuts
[21:22:37] [Client thread/INFO]: [CHAT] Ethan5018_YT left the game.
[21:22:42] [Client thread/INFO]: [CHAT] [STA] < Shadow> undertale has no tale
[21:22:42] [Client thread/INFO]: [CHAT] Ethan5018_YT joined the game
[21:22:42] [Client thread/INFO]: [CHAT] [Undertale] < Sans> Wow fiesty eh?
[21:22:43] [Client thread/INFO]: [CHAT] <xNero_> VideoGameSmash12 LOL
[21:22:44] [Client thread/INFO]: [CHAT] <bananapower54> XD
[21:22:46] [Client thread/INFO]: [CHAT] [STA] < Shadow> the storyline is absolute shit
[21:22:50] [Client thread/INFO]: [CHAT] xNero_ left the game.
[21:22:52] [Client thread/INFO]: [CHAT] [STA] < Shadow> and it's boring as fuck to play
[21:22:52] [Client thread/INFO]: [CHAT] DeathSwordMC left the game.
[21:22:56] [Client thread/INFO]: [CHAT] DeathSwordMC joined the game
[21:22:57] [Client thread/INFO]: [CHAT] Ethan5018_YT left the game.
[21:22:58] [Client thread/INFO]: [CHAT] VideoGameSmash12 is breaking blocks too fast!
[21:22:59] [Client thread/INFO]: [CHAT] VideoGameSmash12 has been banned for 5 minutes.
[21:23:04] [Client thread/INFO]: Connecting to play.totalfreedom.me., 28965
[21:23:08] [Client thread/INFO]: [CHAT] VideoGameSmash12 is a Telnet Admin and a Digital Form
[21:23:08] [Client thread/INFO]: [CHAT] VideoGameSmash12 joined the game
[21:23:08] [Client thread/INFO]: [CHAT] Welcome, VideoGameSmash12!
[21:23:08] [Client thread/INFO]: [CHAT] Type /help for a list of commands.
[21:23:08] [Client thread/INFO]: [CHAT] Do NOT open any books given to you by other players or you might be perm banned.
[21:23:08] [Client thread/INFO]: [CHAT] Do NOT click on signs that you didn’t make or you might be perm banned.
[21:23:08] [Client thread/INFO]: [CHAT] Remember to save your builds with World Edit or they’ll be lost.
[21:23:08] [Client thread/INFO]: [CHAT] You have no new mail.
[21:23:08] [Client thread/INFO]: [CHAT] Set fly mode enabled for VideoGameSmash12.
[21:23:09] [Client thread/INFO]: [CHAT] [Undertale] < Sans> Which means you bought it
[21:23:09] [Client thread/INFO]: [CHAT] Loooll - Opping all players on the server
[21:23:09] [Client thread/INFO]: [CHAT] You are now op!
[21:23:11] [Client thread/INFO]: [CHAT] DeathSwordMC left the game.
[21:23:12] [Client thread/INFO]: [CHAT] [Help][PotatoCrew] < FireChild> HAHAA He hit the hotkey for NUKER
[21:23:14] [Client thread/INFO]: [CHAT] <Solr> nope
[21:23:15] [Client thread/INFO]: [CHAT] DeathSwordMC joined the game
[21:23:15] [Client thread/INFO]: [CHAT] [STA] < Shadow> no, I pirated it
[21:23:19] [Client thread/INFO]: [CHAT] [STA] <VideoGameSmash12> My bad
[21:23:21] [Client thread/INFO]: [CHAT] Gingano left the game.
[21:23:22] [Client thread/INFO]: [CHAT] [Help][PotatoCrew] < FireChild> lol
[21:23:22] [Client thread/INFO]: [CHAT] <Solr> i nevr had it
[21:23:23] [Client thread/INFO]: [CHAT] *  NahFireChildHeart is now AFK.
[21:23:24] [Client thread/INFO]: [CHAT] [ADMIN] VideoGameSmash12 [STA]: Fuck you Wurst
[21:23:29] [Client thread/INFO]: [CHAT] [STA] < Shadow> do what you want 'cause a pirate is free!
[21:23:35] [Client thread/INFO]: [CHAT] [Undertale] < Sans> Wow
[21:23:38] [Client thread/INFO]: [CHAT] [Undertale] < Sans> just
[21:23:40] [Client thread/INFO]: [CHAT] [Undertale] < Sans> wow
[21:23:53] [Client thread/INFO]: [CHAT] <Solr> fans are willing to pay money for a dumb 2d game
[21:23:56] [Client thread/INFO]: [CHAT] monkeyowen joined the game
[21:23:56] [Client thread/INFO]: [CHAT] Welcome monkeyowen to the server!
[21:23:57] [Client thread/INFO]: [CHAT] Fishbiscuit joined the game
[21:23:57] [Client thread/INFO]: [CHAT] Welcome Fishbiscuit to the server!
[21:24:00] [Client thread/INFO]: [CHAT] [Undertale] < Sans> You know thats illegal, right?
[21:24:01] [Client thread/INFO]: [CHAT] <Solr> thats so OLD
[21:24:03] [Client thread/INFO]: [CHAT] <monkeyowen> hai
[21:24:03] [Client thread/INFO]: [CHAT] Gamemode set to creative.
[21:24:09] [Client thread/INFO]: [CHAT] dsate1 - Opping all players on the server
[21:24:09] [Client thread/INFO]: [CHAT] You are now op!
[21:24:13] [Client thread/INFO]: [CHAT] <monkeyowen> thx!
[21:24:13] [Client thread/INFO]: [CHAT] <Solr> i dont pirate
[21:24:15] [Client thread/INFO]: [CHAT] [STA] < Shadow> it actually isn't illegal in some countries
[21:24:19] [Client thread/INFO]: [CHAT] Charizard566 joined the game
[21:24:19] [Client thread/INFO]: [CHAT] <DeepFreeze> 3D is better than 2D
[21:24:21] [Client thread/INFO]: [CHAT] <monkeyowen> shadow
[21:24:24] [Client thread/INFO]: [CHAT] [STA] < Shadow> yes?
[21:24:25] [Client thread/INFO]: [CHAT] [Help][PotatoCrew] < FireChild> :p
[21:24:31] [Client thread/INFO]: [CHAT] <monkeyowen> how do u put that sta thing on
[21:24:35] [Client thread/INFO]: [CHAT] Loooll left the game.
[21:24:37] [Client thread/INFO]: [CHAT] [STA] < Shadow> it's a rank, you don't
[21:24:38] [Client thread/INFO]: [CHAT] <monkeyowen> ima put something else
[21:24:39] [Client thread/INFO]: [CHAT] < LeafyIsHere> hey everyone
[21:24:39] [Client thread/INFO]: [CHAT] ShadowAngel__, ShadowArmadyl, shadowsnhd
[21:24:39] [Client thread/INFO]: [CHAT] Tobiased joined the game
[21:24:39] [Client thread/INFO]: [CHAT] Welcome Tobiased to the server!
[21:24:40] [Client thread/INFO]: [CHAT] ShadowAngel__, ShadowArmadyl, shadowsnhd
[21:24:40] [Client thread/INFO]: [CHAT] <monkeyowen> hohohoho
[21:24:40] [Client thread/INFO]: [CHAT] baconbros100 left the game.
[21:24:40] [Client thread/INFO]: [CHAT] xEmotions joined the game
[21:24:40] [Client thread/INFO]: [CHAT] Welcome  Emmi to the server!
[21:24:44] [Client thread/INFO]: [CHAT] Teleporting...
[21:24:46] [Client thread/INFO]: [CHAT] BornInAFlame - Opping Tobiased
[21:24:47] [Client thread/INFO]: [CHAT] <monkeyowen> can u make a fake 1
[21:24:53] [Client thread/INFO]: [CHAT] < Emmi> Oh it turned on?
[21:24:55] [Client thread/INFO]: [CHAT] itsjerry joined the game
[21:24:55] [Client thread/INFO]: [CHAT] Welcome itsjerry to the server!
[21:24:57] [Client thread/INFO]: [CHAT] <monkeyowen> can u make a fake 1??
[21:24:58] [Client thread/INFO]: [CHAT] BornInAFlame - Opping itsjerry
[21:24:59] [Client thread/INFO]: [CHAT] [ADMIN] ShadowArmadyl [STA]: sans is so pissed off that I pirated a game
[21:25:01] [Client thread/INFO]: [CHAT] Teleporting...
[21:25:04] [Client thread/INFO]: [CHAT] Pzpower joined the game
[21:25:05] [Client thread/INFO]: [CHAT] <Solr> say HashtagSanSucks if you hate the bullshit 2d game Undertale
[21:25:05] [Client thread/INFO]: [CHAT] [ADMIN] ShadowArmadyl [STA]: like jfc
[21:25:05] [Client thread/INFO]: [CHAT] < LeafyIsHere> ...
[21:25:05] [Client thread/INFO]: [CHAT] <DeepFreeze> its day and i didnt sleep
[21:25:06] [Client thread/INFO]: [CHAT] <monkeyowen> shadow
[21:25:07] [Client thread/INFO]: [CHAT] Loooll is a Super Admin and a Clown
[21:25:07] [Client thread/INFO]: [CHAT] Loooll joined the game
[21:25:11] [Client thread/INFO]: [CHAT] [STA] < Shadow> yes?
[21:25:13] [Client thread/INFO]: [CHAT] <monkeyowen> can u make a fake 1??
[21:25:16] [Client thread/INFO]: [CHAT] [Help][PotatoCrew] < FireChild> Bestiality was just legallized somewhere
[21:25:17] [Client thread/INFO]: [CHAT] [STA] < Shadow> no
[21:25:19] [Client thread/INFO]: [CHAT] <monkeyowen> ok
[21:25:20] [Client thread/INFO]: [CHAT] < Emmi> what is undertale?
[21:25:24] [Client thread/INFO]: [CHAT] [Help][PotatoCrew] < FireChild> Failed spelling
[21:25:26] [Client thread/INFO]: [CHAT] <bob_brick_steave> i need help with red stone
[21:25:27] [Client thread/INFO]: [CHAT] [Undertale] < Sans> The best game
[21:25:27] [Client thread/INFO]: [CHAT] <Solr> ikr
[21:25:28] [Client thread/INFO]: [CHAT] [STA] < Shadow> a redundant "game"
[21:25:28] [Client thread/INFO]: [CHAT] [STA] <VideoGameSmash12> I'm going to pirate Undertale and never play the acutal game
[21:25:31] [Client thread/INFO]: [CHAT] <bob_brick_steave> tpa plz
[21:25:31] [Client thread/INFO]: [CHAT] [STA] < Shadow> if you can call it a game
[21:25:32] [Client thread/INFO]: [CHAT] [Help][PotatoCrew] < FireChild> A shitty game
[21:25:33] [Client thread/INFO]: [CHAT] Pzpower left the game.
[21:25:36] [Client thread/INFO]: [CHAT] [Undertale] < Sans> U can
[21:25:44] [Client thread/INFO]: [CHAT] <Charizard566> any servers that need staff pls msg me
[21:25:44] [Client thread/INFO]: [CHAT] [STA] < Shadow> i'm going to pirate 100 copies of Undertale and play none of them
[21:25:48] [Client thread/INFO]: [CHAT] [STA] <VideoGameSmash12> So Toby Fucks doesn't get my $10.00
[21:25:50] [Client thread/INFO]: [CHAT] BrOnZeMeLon left the game.
[21:25:52] [Client thread/INFO]: [CHAT] <bob_brick_steave> how do u make it go on an on an on an on blinking
[21:25:52] [Client thread/INFO]: [CHAT] <Solr> i will hack it so no one can play
[21:25:58] [Client thread/INFO]: [CHAT] <bob_brick_steave> plz help
[21:25:59] [Client thread/INFO]: [CHAT] < Emmi> "pirate 100 copies" and pirating is? :3
[21:26:15] [Client thread/INFO]: [CHAT] [STA] < Shadow> pirating is the unauthorized trade of content without proceedings sent to the original creator
[21:26:15] [Client thread/INFO]: [CHAT] [Undertale] < Sans> Oh so Shadow, you want to get arrested?
[21:26:16] [Client thread/INFO]: [CHAT] [STA] <Riley_Cinderfur> I have a pirated version of Undertrash. Never touched it though.
[21:26:20] [Client thread/INFO]: [CHAT] [STA] < Shadow> sans
[21:26:23] [Client thread/INFO]: [CHAT] < Emmi> Thanks.
[21:26:29] [Client thread/INFO]: [CHAT] <Charizard566> .
[21:26:29] [Client thread/INFO]: [CHAT] [STA] < Shadow> go ahead and report my ass to the FBI if you want
[21:26:31] [Client thread/INFO]: [CHAT] [Undertale] < Sans> Yes?
[21:26:31] [Client thread/INFO]: [CHAT] IIBlacKHerZ joined the game
[21:26:31] [Client thread/INFO]: [CHAT] Welcome IIBlacKHerZ to the server!
[21:26:32] [Client thread/INFO]: [CHAT] <Charizard566> any servers that need staff pls msg me
[21:26:32] [Client thread/INFO]: [CHAT] < Monkeyowen> yayaya
[21:26:39] [Client thread/INFO]: [CHAT] <Solr> every game i have on my pc is free
[21:26:44] [Client thread/INFO]: [CHAT] [STA] < Shadow> 1 - you don't even know where I live
[21:26:45] [Client thread/INFO]: [CHAT] [Undertale] < Sans> Maybe i will
[21:26:46] [Client thread/INFO]: [CHAT] IIBlacKHerZ left the game.
[21:26:46] [Client thread/INFO]: [CHAT] <Solr> none pirated
[21:26:48] [Client thread/INFO]: [CHAT] < Emmi> You have minecraft doe
[21:26:53] [Client thread/INFO]: [CHAT] [STA] < Shadow> 2 - pirating is legal in some countries
[21:26:55] [Client thread/INFO]: [CHAT] [STA] <VideoGameSmash12> I would pirate ROBLOX if it wasn't shitty
[21:26:58] [Client thread/INFO]: [CHAT] < shadowsnhd> where I live pirating is legal
[21:27:02] [Client thread/INFO]: [CHAT] <Charizard566> .
[21:27:03] [Client thread/INFO]: [CHAT] [Undertale] < Sans> @ - thats not true
[21:27:04] [Client thread/INFO]: [CHAT] <DeepFreeze> I have roblox...
[21:27:04] [Client thread/INFO]: [CHAT] <Charizard566> any servers that need staff pls msg me
[21:27:05] [Client thread/INFO]: [CHAT] <Solr> same for me
[21:27:06] [Client thread/INFO]: [CHAT] [STA] < Shadow> 3 - you're a moron if you think the FBI gives a single fuck about pirating a game
[21:27:12] [Client thread/INFO]: [CHAT] [STA] <VideoGameSmash12> I respect that
[21:27:13] [Client thread/INFO]: [CHAT] < Emmi> Where does you live (country)
[21:27:13] [Client thread/INFO]: [CHAT] <Solr> yeah
[21:27:17] [Client thread/INFO]: [CHAT] zeer joined the game
[21:27:17] [Client thread/INFO]: [CHAT] Welcome zeer to the server!
[21:27:19] [Client thread/INFO]: [CHAT] [STA] <VideoGameSmash12> the game itself is good
[21:27:24] [Client thread/INFO]: [CHAT] [STA] < Shadow> i live in the u.s. btw
[21:27:28] [Client thread/INFO]: [CHAT] [Undertale] < Sans> Thank u
[21:27:30] [Client thread/INFO]: [CHAT] [STA] <VideoGameSmash12> But the "games" in the game
[21:27:31] [Client thread/INFO]: [CHAT] < Emmi> So its legal here?
[21:27:32] [Client thread/INFO]: [CHAT] [STA] < Shadow> yw
[21:27:37] [Client thread/INFO]: [CHAT] <Solr> what is the fbi gonna do if u pirate a shitty game undertale anyone?
[21:27:42] [Client thread/INFO]: [CHAT] <Charizard566> hello everyone, wanna know where i live?
[21:27:46] [Client thread/INFO]: [CHAT] [STA] < Shadow> because the FBI can totally arrest me by just knowing what country I live in
[21:27:46] [Client thread/INFO]: [CHAT] [Undertale] < Sans> No it isnt he is a liar
[21:27:46] [Client thread/INFO]: [CHAT] [STA] <VideoGameSmash12> they suck more than Monica Lewinsky
[21:27:47] [Client thread/INFO]: [CHAT] [STA] < Shadow> ~-~
[21:27:55] [Client thread/INFO]: [CHAT] zeer left the game.
[21:28:06] [Client thread/INFO]: [CHAT] <Charizard566> this is the answer: THE KNOWN UNIVERSE!
[21:28:13] [Client thread/INFO]: [CHAT] < Emmi> <3!
[21:28:18] [Client thread/INFO]: [CHAT] <Charizard566> lel
[21:28:18] [Client thread/INFO]: [CHAT] [SA] <Loooll> ./seen you
[21:28:21] [Client thread/INFO]: [CHAT] [SA] <Loooll> whatisip u
[21:28:26] [Client thread/INFO]: [CHAT] Loooll - Cleaning all nicknames
[21:28:30] [Client thread/INFO]: [CHAT] shadowsnhd has been a naughty, naughty boy.
[21:28:30] [Client thread/INFO]: [CHAT] shadowsnhd died
[21:28:32] [Client thread/INFO]: [CHAT] Loooll - Cleaning all nicknames
[21:28:35] [Client thread/INFO]: [CHAT] [STA] < Shadow> i live in tulsa, oklahoma
[21:28:35] [Client thread/INFO]: [CHAT] [Server:Loooll] no &k
[21:28:36] [Client thread/INFO]: [CHAT] <Solr> i live on a island soyeah no cops are here for me
[21:28:36] [Client thread/INFO]: [CHAT] Loooll - Opping all players on the server
[21:28:36] [Client thread/INFO]: [CHAT] You are now op!
[21:28:37] [Client thread/INFO]: [CHAT] <Charizard566> any servers that need staff pls msg mew
[21:28:37] [Client thread/INFO]: [CHAT] < Monkeyowen> t
[21:28:38] [Client thread/INFO]: [CHAT] [Help][PotatoCrew] < FireChild> Dam
[21:28:40] [Client thread/INFO]: [CHAT] Teleporting...
[21:28:41] [Client thread/INFO]: [CHAT] <Charizard566> any servers that need staff pls msg me
[21:28:42] [Client thread/INFO]: [CHAT] [TotalFreedom] If you are not OP, be sure to ask!
[21:28:48] [Client thread/INFO]: [CHAT] greenbay1020 joined the game
[21:28:48] [Client thread/INFO]: [CHAT] Welcome greenbay1020 to the server!
[21:28:54] [Client thread/INFO]: [CHAT] [Help][PotatoCrew] < FireChild> Someone needs to remove that fucking thunder sound at smites
[21:28:59] [Client thread/INFO]: [CHAT] [Help][PotatoCrew] < FireChild> ffs
[21:29:01] [Client thread/INFO]: [CHAT] [Undertale] < Sans> ?
[21:29:03] [Client thread/INFO]: [CHAT] <DeepFreeze> where did you make computer and a internet?!
[21:29:05] [Client thread/INFO]: [CHAT] < Emmi> thats why its scary
[21:29:06] [Client thread/INFO]: [CHAT] [Undertale] < Sans> Hi Loooll
[21:29:07] [Client thread/INFO]: [CHAT] [ADMIN] ShadowArmadyl [STA]: sans is the person I talk about when I say "game extremists"
[21:29:13] [Client thread/INFO]: [CHAT] <DeepFreeze> in a island
[21:29:14] [Client thread/INFO]: [CHAT] [SA] <Loooll> hi steve.
[21:29:16] [Client thread/INFO]: [CHAT] <Solr> say bullfuck if you hate undershit
[21:29:19] [Client thread/INFO]: [CHAT] [SA] <Loooll> bullfuck
[21:29:22] [Client thread/INFO]: [CHAT] <Charizard566> any servers that need staff pls msg me.
[21:29:23] [Client thread/INFO]: [CHAT] bananapower54, bob_brick_steave, BornInAFlame
[21:29:24] [Client thread/INFO]: [CHAT] VideoGameSmash12 - Rolling back player: bananapower54
[21:29:24] [Client thread/INFO]: [CHAT] [SA] <Loooll> bullfrog i mean
[21:29:24] [Client thread/INFO]: [CHAT] Rolled back 1202 edits for bananapower54.
[21:29:24] [Client thread/INFO]: [CHAT] If this rollback was a mistake, use /rollback undo bananapower54 within 40 seconds to reverse the rollback.
[21:29:25] [Client thread/INFO]: [CHAT] <Solr> bullfuck
[21:29:28] [Client thread/INFO]: [CHAT] < Monkeyowen> woah
[21:29:29] [Client thread/INFO]: [CHAT] <DeepFreeze> bullfrog
[21:29:29] [Client thread/INFO]: [CHAT] <Solr> lol
[21:29:30] [Client thread/INFO]: [CHAT] [STA] < Shadow> chef
[21:29:30] [Client thread/INFO]: [CHAT] <lawnkill> ?????????????
[21:29:30] [Client thread/INFO]: [CHAT] MCKLL joined the game
[21:29:30] [Client thread/INFO]: [CHAT] Welcome MCKLL to the server!
[21:29:32] [Client thread/INFO]: [CHAT] bananapower54, bob_brick_steave, BornInAFlame
[21:29:35] [Client thread/INFO]: [CHAT] [SA] <Loooll> Lets go bullfrog
[21:29:36] [Client thread/INFO]: [CHAT] <bananapower54> why dud you do that
[21:29:36] [Client thread/INFO]: [CHAT] Loooll - Opping mckill
[21:29:41] [Client thread/INFO]: [CHAT] <greenbay1020> lol shocked im not ban cuase im always false ban by these stupid abusive admins
[21:29:42] [Client thread/INFO]: [CHAT] <Solr> yeah bullfrog
[21:29:42] [Client thread/INFO]: [CHAT] <lawnkill> ?????? ???
[21:29:48] [Client thread/INFO]: [CHAT] <bananapower54> plz can you revert it
[21:29:48] [Client thread/INFO]: [CHAT] [ADMIN] Loooll [SA]: anyone going to op MCKLL?
[21:29:50] [Client thread/INFO]: [CHAT] < Emmi> o3o
[21:29:51] [Client thread/INFO]: [CHAT] < Monkeyowen> wuy
[21:29:59] [Client thread/INFO]: [CHAT] <Critzlez> greenbay1020
[21:30:02] [Client thread/INFO]: [CHAT] [SA] <Loooll> sorry mckll.
[21:30:02] [Client thread/INFO]: [CHAT] <Critzlez> great grammar
[21:30:04] [Client thread/INFO]: [CHAT] [STA] < Shadow> meanwhile Sans is trying to e-mail the FBI
[21:30:04] [Client thread/INFO]: [CHAT] [SA] <Loooll> no one opping u
[21:30:05] [Client thread/INFO]: [CHAT] [SA] <Loooll> :(
[21:30:10] [Client thread/INFO]: [CHAT] [Server:VideoGameSmash12] Please can you explain the removal of this build?
[21:30:14] [Client thread/INFO]: [CHAT] <greenbay1020> Critzlez
[21:30:14] [Client thread/INFO]: [CHAT] [Undertale] < Sans> Shadow, u are just a hater
[21:30:21] [Client thread/INFO]: [CHAT] [STA] <VideoGameSmash12> Sans
[21:30:22] [Client thread/INFO]: [CHAT] [SA] <Loooll> no one got time to op MCKLL
[21:30:23] [Client thread/INFO]: [CHAT] [SA] <Loooll> xD
[21:30:25] [Client thread/INFO]: [CHAT] [STA] < Shadow> of Undertale or the FBI?
[21:30:27] [Client thread/INFO]: [CHAT] ThatOneCow has been a naughty, naughty boy.
[21:30:27] [Client thread/INFO]: [CHAT] ThatOneCow died
[21:30:30] [Client thread/INFO]: [CHAT] <greenbay1020> mind unbaning me on the server Critzlez?
[21:30:30] [Client thread/INFO]: [CHAT] [Server:Loooll] Do not spam commands
[21:30:39] [Client thread/INFO]: [CHAT] [STA] <VideoGameSmash12> u are just a 11 year old, sans
[21:30:43] [Client thread/INFO]: [CHAT] < Emmi> Im gonna build Never Have I Ever again
[21:30:44] [Client thread/INFO]: [CHAT] [STA] < Shadow> I don't "hate" Undertale
[21:30:48] [Client thread/INFO]: [CHAT] ThatOneCow has been a naughty, naughty boy.
[21:30:48] [Client thread/INFO]: [CHAT] ThatOneCow died
[21:30:49] [Client thread/INFO]: [CHAT] <Solr> Sans what other characters are in undertale bwsides you cause i have no clue besides chara
[21:30:50] [Client thread/INFO]: [CHAT] <DeepFreeze> atleast in 35 an adult
[21:30:51] [Client thread/INFO]: [CHAT] [STA] < Shadow> I just don't think it's a good game.
[21:30:51] [Client thread/INFO]: [CHAT] [STA] < Shadow> At all.
[21:30:53] [Client thread/INFO]: [CHAT] Loooll - Blocking all commands for ThatOneCow
[21:30:57] [Client thread/INFO]: [CHAT] MCKLL left the game.
[21:30:57] [Client thread/INFO]: [CHAT] <bananapower54> videogame smash can you plz revert my roll back
[21:31:02] [Client thread/INFO]: [CHAT] Loooll - Tempbanning: ThatOneCow for 5 minutes.
[21:31:02] [Client thread/INFO]: [CHAT] ThatOneCow left the game.
[21:31:09] [Client thread/INFO]: [CHAT] [STA] <VideoGameSmash12> well it's too late now
[21:31:10] [Client thread/INFO]: [CHAT] [SA] <Loooll> Just doesn't take warnings
[21:31:17] [Client thread/INFO]: [CHAT] * Riley_Cinderfur is now AFK.
[21:31:18] [Client thread/INFO]: [CHAT] <bananapower54> how is it too late
[21:31:26] [Client thread/INFO]: Connecting to play.totalfreedom.me., 28965
[21:31:29] [Client thread/INFO]: [CHAT] VideoGameSmash12 is a Telnet Admin and a Digital Form
[21:31:29] [Client thread/INFO]: [CHAT] VideoGameSmash12 joined the game
[21:31:29] [Client thread/INFO]: [CHAT] Welcome, VideoGameSmash12!
[21:31:29] [Client thread/INFO]: [CHAT] Type /help for a list of commands.
[21:31:29] [Client thread/INFO]: [CHAT] Do NOT open any books given to you by other players or you might be perm banned.
[21:31:29] [Client thread/INFO]: [CHAT] Do NOT click on signs that you didn’t make or you might be perm banned.
[21:31:29] [Client thread/INFO]: [CHAT] Remember to save your builds with World Edit or they’ll be lost.
[21:31:29] [Client thread/INFO]: [CHAT] You have no new mail.
[21:31:29] [Client thread/INFO]: [CHAT] Set fly mode enabled for VideoGameSmash12.
[21:31:35] [Client thread/INFO]: [CHAT] <Solr> Sans im hater and im gonna hate UNDERSHIT
[21:31:37] [Client thread/INFO]: [CHAT] <greenbay1020> and Loooll you just don't shutup
[21:31:42] [Client thread/INFO]: [CHAT] [SA] <Loooll> ok
[21:31:45] [Client thread/INFO]: [CHAT] bob_brick_steave left the game.
[21:31:45] [Client thread/INFO]: [CHAT] [SA] <Loooll> lol
[21:31:45] [Client thread/INFO]: [CHAT] <greenbay1020> XD
[21:31:56] [Client thread/INFO]: [CHAT] [SA] <Loooll> would u like to join me in shutting up?
[21:31:57] [Client thread/INFO]: [CHAT] Loooll - Muting greenbay1020
[21:31:59] [Client thread/INFO]: [CHAT] [STA] <VideoGameSmash12> Under my tail is a sack of nuts
[21:32:00] [Client thread/INFO]: [CHAT] <DeepFreeze> bullfrogs looks like pepe
[21:32:03] [Client thread/INFO]: [CHAT] <Solr> lol
[21:32:04] [Client thread/INFO]: [CHAT] < Emmi> hahha
[21:32:05] [Client thread/INFO]: [CHAT] [SA] <Loooll> mmmfmfmfmfmfm
[21:32:12] [Client thread/INFO]: [CHAT] [STA] < Shadow> rotate your owl
[21:32:13] [Client thread/INFO]: [CHAT] wehrmacht joined the game
[21:32:13] [Client thread/INFO]: [CHAT] Welcome wehrmacht to the server!
[21:32:13] [Client thread/INFO]: [CHAT] < Emmi> rofl
[21:32:15] [Client thread/INFO]: [CHAT] [Undertale] < Sans> Whelp
[21:32:19] [Client thread/INFO]: [CHAT] [STA] <VideoGameSmash12> Toby Fucks touches foxes
[21:32:19] [Client thread/INFO]: [CHAT] [Undertale] < Sans> Seeya
[21:32:21] [Client thread/INFO]: [CHAT] < Monkeyowen> how do u see item duribilitys again?
[21:32:23] [Client thread/INFO]: [CHAT] [SA] <Loooll> mffmfmmffmfff
[21:32:25] [Client thread/INFO]: [CHAT] < 00000000000000> h+f3
[21:32:27] [Client thread/INFO]: [CHAT] < Emmi> f3+h
[21:32:27] [Client thread/INFO]: [CHAT] Loooll - Unmuting all players.
[21:32:28] [Client thread/INFO]: [CHAT] Riley_Cinderfur left the game.
[21:32:28] [Client thread/INFO]: [CHAT] < Monkeyowen> thx
[21:32:29] [Client thread/INFO]: [CHAT] GumcaffGaming left the game.
[21:32:30] [Client thread/INFO]: [CHAT] Riley_Cinderfur is a Telnet Clan. Admin and is Gay!
[21:32:30] [Client thread/INFO]: [CHAT] Riley_Cinderfur joined the game
[21:32:32] [Client thread/INFO]: [CHAT] [Help][PotatoCrew] < FireChild> Drown
[21:32:40] [Client thread/INFO]: [CHAT] [SA] <Loooll> mfmfmfmfmmmffff
[21:32:43] [Client thread/INFO]: [CHAT] <Charizard566> hallo wehrmacht, wehr macht was?
[21:32:44] [Client thread/INFO]: [CHAT] [STA] <Riley_Cinderfur> CancerTale
[21:32:46] [Client thread/INFO]: [CHAT] [SA] <Loooll> oh right
[21:32:48] [Client thread/INFO]: [CHAT] [SA] <Loooll> Unmuted.
[21:32:51] [Client thread/INFO]: [CHAT] <DeepFreeze> atleast turtles looks like wartortle from pokemon
[21:32:56] [Client thread/INFO]: [CHAT] <DeepFreeze> its funny
[21:33:07] [Client thread/INFO]: [CHAT] <Charizard566> any servers that need staff pls msg me.
[21:33:07] [Client thread/INFO]: [CHAT] [Help][PotatoCrew] < FireChild> Who iz a furry
[21:33:12] [Client thread/INFO]: [CHAT] <Solr> people who play undertale are anti social pychopaths
[21:33:12] [Client thread/INFO]: [CHAT] [STA] < Shadow> "what is undertale"
[21:33:16] [Client thread/INFO]: [CHAT] [STA] < Shadow> "it's THE BEST GAME EVER"
[21:33:17] [Client thread/INFO]: [CHAT] [STA] < Shadow> kys
[21:33:18] [Client thread/INFO]: [CHAT] < Emmi> what IS undertale
[21:33:21] [Client thread/INFO]: [CHAT] mattjhew joined the game
[21:33:21] [Client thread/INFO]: [CHAT] Welcome mattjhew to the server!
[21:33:21] [Client thread/INFO]: [CHAT] mattjhew left the game.
[21:33:25] [Client thread/INFO]: [CHAT] mattjhew joined the game
[21:33:25] [Client thread/INFO]: [CHAT] <DeepFreeze> hi
[21:33:27] [Client thread/INFO]: [CHAT] <Tobiased> creative
[21:33:27] [Client thread/INFO]: [CHAT] [Help][PotatoCrew] < FireChild> Emmi, it's a shitty game.
[21:33:28] [Client thread/INFO]: [CHAT] Loooll - Unbanning Crazy_And_Cooler and IPs: 78.17.141.23
[21:33:29] [Client thread/INFO]: [CHAT] [STA] <VideoGameSmash12> And Underterrible's creator is obsessed with skeletons
[21:33:30] [Client thread/INFO]: [CHAT] *  NahFireChildHeart is no longer AFK.
[21:33:30] [Client thread/INFO]: [CHAT] < NahFireChildHeart> HII
[21:33:32] [Client thread/INFO]: [CHAT] <DeepFreeze> im building a spawn
[21:33:33] [Client thread/INFO]: [CHAT] Loooll - Banning craftAwesome13 and IPs: 219.164.171.54
[21:33:35] [Client thread/INFO]: [CHAT] < Emmi> kay
[21:33:42] [Client thread/INFO]: [CHAT] <Solr> never paly undertale
[21:33:42] [Client thread/INFO]: [CHAT] < Emmi> Who likes Yandere Simulator
[21:33:44] [Client thread/INFO]: [CHAT] Captain_Herobine left the game.
[21:33:45] [Client thread/INFO]: [CHAT] <wehrmacht> ok i see
[21:33:46] [Client thread/INFO]: [CHAT] [Help][PotatoCrew] < FireChild> Me
[21:33:46] [Client thread/INFO]: [CHAT] [STA] < Shadow> toby fox is actually an okay guy
[21:33:46] [Client thread/INFO]: [CHAT] <bananapower54> can someone revert my rollback
[21:33:47] [Client thread/INFO]: [CHAT] < Monkeyowen> lol thx for the ip
[21:33:57] [Client thread/INFO]: [CHAT] [STA] <VideoGameSmash12> like Scams, Papavirus,
[21:33:58] [Client thread/INFO]: [CHAT] [Help][PotatoCrew] < FireChild> I play Yandere Sim
[21:34:02] [Client thread/INFO]: [CHAT] <DeepFreeze> im making the minecart one can you help me
[21:34:02] [Client thread/INFO]: [CHAT] [STA] < Shadow> he just made a game that failed miserbally
[21:34:02] [Client thread/INFO]: [CHAT] < Emmi> kewl
[21:34:04] [Client thread/INFO]: [CHAT] <Solr> i just played goat simulator
[21:34:05] [Client thread/INFO]: [CHAT] < Emmi> do you like it?
[21:34:17] [Client thread/INFO]: [CHAT] Dragonnzz is a Super Admin
[21:34:17] [Client thread/INFO]: [CHAT] Dragonnzz joined the game
[21:34:18] [Client thread/INFO]: [CHAT] [STA] <VideoGameSmash12> The game was incredibly popular
[21:34:21] [Client thread/INFO]: [CHAT] < NahFireChildHeart> HAI
[21:34:24] [Client thread/INFO]: [CHAT] < Emmi> Undertale?
[21:34:26] [Client thread/INFO]: [CHAT] MocaDoodle joined the game
[21:34:28] [Client thread/INFO]: [CHAT] < NahFireChildHeart> im going to hack me!
[21:34:30] [Client thread/INFO]: [CHAT] [STA] < Shadow> yes but the guy is hated now
[21:34:30] [Client thread/INFO]: [CHAT] < Moca> HI
[21:34:31] [Client thread/INFO]: [CHAT] [STA] <VideoGameSmash12> Mostly because you can get dunked on for some fuckign reason
[21:34:46] [Client thread/INFO]: [CHAT] [STA] < Shadow> hold on
[21:34:49] [Client thread/INFO]: [CHAT] [STA] < Shadow> let me activate my grammar
[21:34:50] [Client thread/INFO]: [CHAT] < Emmi> is it Undertale or Yandere Sim your talking about
[21:34:53] [Client thread/INFO]: [CHAT] [STA] < Shadow> Okay.
[21:34:54] [Client thread/INFO]: [CHAT] <DeepFreeze> i use Windows 10 i upgraded my mac
[21:34:54] [Client thread/INFO]: [CHAT] MocaDoodle left the game.
[21:35:04] [Client thread/INFO]: [CHAT] <Charizard566> how do you apply commands to tools?
[21:35:04] [Client thread/INFO]: [CHAT] [STA] < Shadow> Windows 7 > Windows 10
[21:35:06] [Client thread/INFO]: [CHAT] < Monkeyowen> how do u use windows 10 on a mac
[21:35:06] [Client thread/INFO]: [CHAT] [STA] <Riley_Cinderfur> greenbay1020, can you cut it with the admin disrespect?
[21:35:12] [Client thread/INFO]: [CHAT] <Charizard566> i cant remember how
[21:35:12] [Client thread/INFO]: [CHAT] [Help][PotatoCrew] < FireChild> The power of lag compels me
[21:35:16] [Client thread/INFO]: [CHAT] <Critzlez> windows 10 > windows 7 m9
[21:35:20] [Client thread/INFO]: [CHAT] < Monkeyowen> a disc?
[21:35:20] [Client thread/INFO]: [CHAT] <shadowsnhd> windows xp > windows 7 > windows 10
[21:35:26] [Client thread/INFO]: [CHAT] <Critzlez> windows xp is not supported
[21:35:27] [Client thread/INFO]: [CHAT] < Monkeyowen> no
[21:35:28] [Client thread/INFO]: [CHAT] <DeepFreeze> just insert a cd in the cd place
[21:35:28] [Client thread/INFO]: [CHAT] <Critzlez> anymore
[21:35:29] [Client thread/INFO]: [CHAT] <Solr> games are like the beast whenever they first come out but then they start to suck
[21:35:36] [Client thread/INFO]: [CHAT] < Emmi> windows shh > windows anything
[21:35:36] [Client thread/INFO]: [CHAT] [STA] < Shadow> who gives a fuck if windows XP is supported or not
[21:35:40] [Client thread/INFO]: [CHAT] [STA] < Shadow> it's better than Windows 10
[21:35:45] [Client thread/INFO]: [CHAT] <shadowsnhd> windows 10 is shitty
[21:35:46] [Client thread/INFO]: [CHAT] <Critzlez> in performance, no
[21:35:53] [Client thread/INFO]: [CHAT] < Emmi> I accidently got Windows 10
[21:35:54] [Client thread/INFO]: [CHAT] <Critzlez> how is windows 10 shitty
[21:35:57] [Client thread/INFO]: [CHAT] < Monkeyowen> windows xp > windows vista > windows 7 > windows 8 > windows 10
[21:35:58] [Client thread/INFO]: [CHAT] < Emmi> now I crash
[21:35:58] [Client thread/INFO]: [CHAT] Pushed 1 players: lawnkill
[21:36:01] [Client thread/INFO]: [CHAT] <Critzlez> how the ufck did you get windows 10 accidently?
[21:36:03] [Client thread/INFO]: [CHAT] [STA] < Shadow> critzlez, you can easily fix it with supported drivers
[21:36:05] [Client thread/INFO]: [CHAT] <_UnKnownZ> t
[21:36:06] [Client thread/INFO]: [CHAT] [Help][PotatoCrew] < FireChild> Windows 10 is great wtf are you talking about
[21:36:10] [Client thread/INFO]: [CHAT] < Monkeyowen> hoq
[21:36:12] [Client thread/INFO]: [CHAT] < Monkeyowen> how
[21:36:12] [Client thread/INFO]: [CHAT] <shadowsnhd> memory leaks
[21:36:12] [Client thread/INFO]: [CHAT] < Emmi> I pressed the button
[21:36:12] [Client thread/INFO]: [CHAT] [STA] < Shadow> No it isn't.
[21:36:14] [Client thread/INFO]: [CHAT] [SA] <Loooll> I jsut suddenly got forced to update to Windows 10 on christmas.
[21:36:16] [Client thread/INFO]: [CHAT] <Critzlez> emmi
[21:36:17] [Client thread/INFO]: [CHAT] [SA] <Loooll> just*
[21:36:17] [Client thread/INFO]: [CHAT] [STA] < Shadow> Windows 7 is the way to go.
[21:36:18] [Client thread/INFO]: [CHAT] <DeepFreeze> insert a windows cd in the dvd desc at a mac update windows 10 to make it fast
[21:36:18] [Client thread/INFO]: [CHAT] < Monkeyowen> a button?
[21:36:20] [Client thread/INFO]: [CHAT] < Monkeyowen> a button??
[21:36:24] [Client thread/INFO]: [CHAT] < Monkeyowen> really?
[21:36:25] [Client thread/INFO]: [CHAT] [STA] < Shadow> It's still supported and looks a whole lot better than 10.
[21:36:26] [Client thread/INFO]: [CHAT] [Help][PotatoCrew] < FireChild> Mk
[21:36:27] [Client thread/INFO]: [CHAT] <Critzlez> you fucking download windows 10 for 2 hours, there is a cancel button
[21:36:28] [Client thread/INFO]: [CHAT] [STA] <VideoGameSmash12> The problem with Windows 10 though is that on some computers
[21:36:29] [Client thread/INFO]: [CHAT] < Emmi> ye
[21:36:30] [Client thread/INFO]: [CHAT] [SA] <Loooll> If I wanted to downgrade shit
[21:36:31] [Client thread/INFO]: [CHAT] mattjhew left the game.
[21:36:33] [Client thread/INFO]: [CHAT] < Emmi> There is?
[21:36:33] [Client thread/INFO]: [CHAT] [SA] <Loooll> It would go back to Wins 7
[21:36:35] [Client thread/INFO]: [CHAT] [STA] <VideoGameSmash12> it's an automatic update
[21:36:36] [Client thread/INFO]: [CHAT] <Solr> the only reason undertale is popular is because its new
[21:36:37] [Client thread/INFO]: [CHAT] [SA] <Loooll> and I was Wins 8
[21:36:38] [Client thread/INFO]: [CHAT] [STA] <VideoGameSmash12> a forced one
[21:36:38] [Client thread/INFO]: [CHAT] <Critzlez> VideoGameSmash12
[21:36:38] [Client thread/INFO]: [CHAT] < Monkeyowen> xD
[21:36:39] [Client thread/INFO]: [CHAT] <Critzlez> wrong
[21:36:41] [Client thread/INFO]: [CHAT] [STA] < Shadow> ASUS won't let me downgrade.
[21:36:46] [Client thread/INFO]: [CHAT] [SA] <Loooll> I'm on ASUS
[21:36:50] [Client thread/INFO]: [CHAT] [SA] <Loooll> Using*
[21:36:50] [Client thread/INFO]: [CHAT] [Help][PotatoCrew] < FireChild> Windows 10 looks futuristic
[21:36:51] [Client thread/INFO]: [CHAT] <Critzlez> they don't know how to turn off updates for windows 10
[21:36:52] [Client thread/INFO]: [CHAT] [STA] < Shadow> Because of their failure to patch certain BIOS errors.
[21:36:55] [Client thread/INFO]: [CHAT] < Monkeyowen> iem anus
[21:36:55] [Client thread/INFO]: [CHAT] [STA] <VideoGameSmash12> lol
[21:36:56] [Client thread/INFO]: [CHAT] [Help][PotatoCrew] < FireChild> xp looks old
[21:36:59] [Client thread/INFO]: [CHAT] <Solr> 3 months from now probaly no one will talk about underteale
[21:37:00] [Client thread/INFO]: [CHAT] <shadowsnhd> windows 10 bricked my old pc
[21:37:01] [Client thread/INFO]: [CHAT] [Help][PotatoCrew] < FireChild> And shitty
[21:37:02] [Client thread/INFO]: [CHAT] [STA] < Shadow> XP looks great.
[21:37:04] [Client thread/INFO]: [CHAT] [DeathSwordMC: Unable to summon object]
[21:37:04] [Client thread/INFO]: [CHAT] < Monkeyowen> i have windows vista
[21:37:04] [Client thread/INFO]: [CHAT] <Critzlez> you can EASILY turn off auto updates
[21:37:08] [Client thread/INFO]: [CHAT] [STA] < Shadow> Don't insult XP like that.
[21:37:10] [Client thread/INFO]: [CHAT] [DeathSwordMC: Unable to summon object]
[21:37:10] [Client thread/INFO]: [CHAT] [Help][PotatoCrew] < FireChild> Sure
[21:37:11] [Client thread/INFO]: [CHAT] < Monkeyowen> i have windows vista is sucks
[21:37:12] [Client thread/INFO]: [CHAT] [Help][PotatoCrew] < FireChild> Okay
[21:37:12] [Client thread/INFO]: [CHAT] [DeathSwordMC: Unable to summon object]
[21:37:13] [Client thread/INFO]: [CHAT] < Emmi> windows 10
[21:37:15] [Client thread/INFO]: [CHAT] < Emmi> litterly
[21:37:23] [Client thread/INFO]: [CHAT] < Flash> like it?
[21:37:23] [Client thread/INFO]: [CHAT] [SA] <Loooll> one day they'll outexperience your experiences.
[21:37:25] [Client thread/INFO]: [CHAT] [STA] <VideoGameSmash12> Dont you talk ashit about XP
[21:37:26] [Client thread/INFO]: [CHAT] < Emmi> it enabled the crashing ability
[21:37:26] [Client thread/INFO]: [CHAT] [Help][PotatoCrew] < FireChild> Gender FLUID
[21:37:26] [Client thread/INFO]: [CHAT] < Monkeyowen> wut
[21:37:29] [Client thread/INFO]: [CHAT] [STA] < Shadow> Windows 10 looks like the LEGO man shat all over my computer.
[21:37:33] [Client thread/INFO]: [CHAT] <DeepFreeze> windows 7 and vista > same pictures
[21:37:36] [Client thread/INFO]: [CHAT] [Help][PotatoCrew] < FireChild> Nah
[21:37:36] [Client thread/INFO]: [CHAT] <Solr> ok windows 10 vs xp
[21:37:38] [Client thread/INFO]: [CHAT] *  Gracie is now AFK.
[21:37:45] [Client thread/INFO]: [CHAT] <Solr> xp is better
[21:37:48] [Client thread/INFO]: [CHAT] [STA] <VideoGameSmash12> XP would win
[21:37:49] [Client thread/INFO]: [CHAT] KillerMonkey184 joined the game
[21:37:49] [Client thread/INFO]: [CHAT] Welcome KillerMonkey184 to the server!
[21:37:50] [Client thread/INFO]: [CHAT] <shadowsnhd> xp is better
[21:37:52] [Client thread/INFO]: [CHAT] Loooll - Opping all players on the server
[21:37:52] [Client thread/INFO]: [CHAT] You are now op!
[21:37:55] [Client thread/INFO]: [CHAT] [STA] <VideoGameSmash12> because it's a fucking masterpiece
[21:37:58] [Client thread/INFO]: [CHAT] [STA] < Shadow> XP is more supportive to both newer and legacy computers.
[21:38:00] [Client thread/INFO]: [CHAT] *  Gracie is no longer AFK.
[21:38:01] [Client thread/INFO]: [CHAT] <DeepFreeze> xp keeps crashing hot wheels when i start playing it
[21:38:04] [Client thread/INFO]: [CHAT] [STA] < Gracie> Back
[21:38:07] [Client thread/INFO]: [CHAT] [Help][PotatoCrew] < FireChild> Aye
[21:38:08] [Client thread/INFO]: [CHAT] <Charizard566> how do you apply commands to tools?
[21:38:11] [Client thread/INFO]: [CHAT] [STA] < Shadow> If you want to use XP, use MCE 2005.
[21:38:16] [Client thread/INFO]: [CHAT] <greenbay1020> admins are about to get a reason to ban me ;)
[21:38:18] [Client thread/INFO]: [CHAT] < Emmi> I crash when I run Google and Minecraft because of the fucked up Windows 10
[21:38:18] [Client thread/INFO]: [CHAT] [STA] < Shadow> If you want to downgrade from 10, go to 7.
[21:38:20] [Client thread/INFO]: [CHAT] < Emmi> thats right
[21:38:20] [Client thread/INFO]: [CHAT] [STA] <VideoGameSmash12> And Windows 10 keeps crashing when I watch some nasty nasty :)
[21:38:22] [Client thread/INFO]: [CHAT] < Emmi> I sweared
[21:38:27] [Client thread/INFO]: [CHAT] <DeepFreeze> windows 7 healed hot wheels
[21:38:28] [Client thread/INFO]: [CHAT] < Monkeyowen> i want windows 7
[21:38:29] [Client thread/INFO]: [CHAT] [SA] <Loooll> ok then.
[21:38:33] [Client thread/INFO]: [CHAT] <greenbay1020> any admins wanna see the macdonalds get destoyed??
[21:38:34] [Client thread/INFO]: [CHAT] <Solr> 2 windows 10 has wayyyyyy to much protectin
[21:38:36] [Client thread/INFO]: [CHAT] <DeepFreeze> windows 8 makes it kinda faster
[21:38:39] [Client thread/INFO]: [CHAT] <Charizard566> any servers that need staff pls msg me.
[21:38:42] [Client thread/INFO]: [CHAT] [SA] <Loooll> no thanks
[21:38:43] [Client thread/INFO]: [CHAT] [SA] <Loooll> go with kfc.
[21:38:44] [Client thread/INFO]: [CHAT] [Help][PotatoCrew] < FireChild> greenbay1020, that doesn't sound good.
[21:38:47] [Client thread/INFO]: [CHAT] <Critzlez> video, i never had any problems with windows 10
[21:38:49] [Client thread/INFO]: [CHAT] [SA] <Loooll> lol
[21:38:50] [Client thread/INFO]: [CHAT] <DeepFreeze> but windows 10 MAKES IT SO EXTREME FAST
[21:38:51] [Client thread/INFO]: [CHAT] [STA] < Shadow> Windows 7 has a more consistant UI, it supports legacy computers more, and it just is easier to use.
[21:38:51] [Client thread/INFO]: [CHAT] <Critzlez> no crashes at all
[21:38:52] [Client thread/INFO]: [CHAT] [SA] <Loooll> puns
[21:38:56] [Client thread/INFO]: [CHAT] <Critzlez> it's your computer that is shit
[21:38:57] [Client thread/INFO]: [CHAT] <shadowsnhd> windows 10 uses 8gb ram idle on a fresh install
[21:39:03] [Client thread/INFO]: [CHAT] [ADMIN] ShadowArmadyl [STA]: jfc, I sparked an OS war here.
[21:39:09] [Client thread/INFO]: [CHAT] <greenbay1020> its copyed ;)_
[21:39:10] [Client thread/INFO]: [CHAT] <Critzlez> you can easily turn of auto-update in control panel for Win10
[21:39:10] [Client thread/INFO]: [CHAT] [ADMIN] Riley_Cinderfur [STA]: ggggggggggggggg
[21:39:14] [Client thread/INFO]: [CHAT] <greenbay1020> 3
[21:39:15] [Client thread/INFO]: [CHAT] <greenbay1020> 2
[21:39:17] [Client thread/INFO]: [CHAT] <greenbay1020> 1
[21:39:19] [Client thread/INFO]: [CHAT] < Emmi> The point is: Windows 10 sucks, Windows XP is better
[21:39:24] [Client thread/INFO]: [CHAT] <greenbay1020> lawnkill
[21:39:25] [Client thread/INFO]: [CHAT] [STA] <VideoGameSmash12> ^
[21:39:25] [Client thread/INFO]: [CHAT] DeathSwordMC has been a naughty, naughty boy.
[21:39:25] [Client thread/INFO]: [CHAT] DeathSwordMC died
[21:39:26] [Client thread/INFO]: [CHAT] <Critzlez> stop with the stupid "windows 10 auto update shit etc etc" meme
[21:39:27] [Client thread/INFO]: [CHAT] <DeepFreeze> no way
[21:39:27] [Client thread/INFO]: [CHAT] <Solr> yep
[21:39:28] [Client thread/INFO]: [CHAT] [Server:Loooll] Do not spam commands
[21:39:28] [Client thread/INFO]: [CHAT] <greenbay1020> Loooll*
[21:39:28] [Client thread/INFO]: [CHAT] Loooll - Opping all players on the server
[21:39:28] [Client thread/INFO]: [CHAT] You are now op!
[21:39:29] [Client thread/INFO]: [CHAT] < Flash> WHAT
[21:39:31] [Client thread/INFO]: [CHAT] <shadowsnhd> at least xp doesn't have memory leaks
[21:39:32] [Client thread/INFO]: [CHAT] [TotalFreedom] Somebody breaking the rules? Report it! /report <user> <reason>
[21:39:32] [Client thread/INFO]: [CHAT] < Flash> what did i do?
[21:39:33] [Client thread/INFO]: [CHAT] <greenbay1020> ready?
[21:39:33] [Client thread/INFO]: [CHAT] < Monkeyowen> windows 10
[21:39:33] [Client thread/INFO]: [CHAT] [Help][PotatoCrew] < FireChild> w
[21:39:33] [Client thread/INFO]: [CHAT] [Server:Loooll] Just do //undo 50 or something like that
[21:39:35] [Client thread/INFO]: [CHAT] <Critzlez> windows XP is not good in performance anymore.
[21:39:36] [Client thread/INFO]: [CHAT] [SA] <Loooll> Yes ready
[21:39:39] [Client thread/INFO]: [CHAT] [_UnKnownZ -> me] hey
[21:39:44] [Client thread/INFO]: [CHAT] [STA] < Shadow> Critz
[21:39:44] [Client thread/INFO]: [CHAT] [STA] <VideoGameSmash12> at least XP doesn't fuck up when it comes to updates
[21:39:44] [Client thread/INFO]: [CHAT] < Monkeyowen> windows 10 is NOT worse than windows xp
[21:39:46] [Client thread/INFO]: [CHAT] lawnkill left the game.
[21:39:47] [Client thread/INFO]: [CHAT] [SA] <Loooll> k cunt go
[21:39:48] [Client thread/INFO]: [CHAT] <Solr> rip mcdonalds
[21:39:48] [Client thread/INFO]: [CHAT] [STA] < Shadow> Windows 7 is.
[21:39:48] [Client thread/INFO]: [CHAT] < Monkeyowen> windows xp is slow
[21:39:50] [Client thread/INFO]: [CHAT] [_UnKnownZ -> me] can you help me out with signs?
[21:39:50] [Client thread/INFO]: [CHAT] ANDTec_TM joined the game
[21:39:51] [Client thread/INFO]: [CHAT] lawnkill joined the game
[21:39:51] [Client thread/INFO]: [CHAT] Welcome lawnkill to the server!
[21:39:54] [Client thread/INFO]: [CHAT] [STA] <VideoGameSmash12> like Windows 10 updates can brick your machine
[21:39:55] [Client thread/INFO]: [CHAT] bananapower54 left the game.
[21:39:57] [Client thread/INFO]: [CHAT] bananapower54 joined the game
[21:39:57] [Client thread/INFO]: [CHAT] < ANDTec_TM> test
[21:39:57] [Client thread/INFO]: [CHAT] Welcome bananapower54 to the server!
[21:39:58] [Client thread/INFO]: [CHAT] <shadowsnhd> XP is fast asf
[21:39:59] [Client thread/INFO]: [CHAT] < Emmi> Windows 10
[21:39:59] [Client thread/INFO]: [CHAT] < Monkeyowen> windows 7 is like the best windows
[21:40:03] [Client thread/INFO]: [CHAT] < Emmi> fucked up my computer
[21:40:11] [Client thread/INFO]: [CHAT] [STA] < Shadow> Windows XP doesn't need any more updates because it's been refined enough.
[21:40:12] [Client thread/INFO]: [CHAT] <shadowsnhd> yeah, win10 updates can brick you
[21:40:15] [Client thread/INFO]: [CHAT] [Youtube] < ANDTec_TM> tset
[21:40:16] [Client thread/INFO]: [CHAT] <Critzlez> because you're shit at computer, emmi
[21:40:17] [Client thread/INFO]: [CHAT] [Youtube] < ANDTec_TM> test
[21:40:17] [Client thread/INFO]: [CHAT] [STA] <VideoGameSmash12> because microsoft is too lazy to actually test what hardware the updates work on
[21:40:20] [Client thread/INFO]: [CHAT] [STA] < Shadow> You can still use an antivirus and be fine.
[21:40:20] [Client thread/INFO]: [CHAT] < Emmi> I am no longer able to open Google and Minecraft
[21:40:22] [Client thread/INFO]: [CHAT] < Emmi> or my computer
[21:40:24] [Client thread/INFO]: [CHAT] < Emmi> will break
[21:40:25] [Client thread/INFO]: [CHAT] <Critzlez> for fucks SAKE
[21:40:26] [Client thread/INFO]: [CHAT] <shadowsnhd> windows 10 bricked my old laptop
[21:40:29] [Client thread/INFO]: [CHAT] [STA] < Shadow> There's no reason to abandon Windows XP if you're using it.
[21:40:29] [Client thread/INFO]: [CHAT] [STA] <VideoGameSmash12> and Windows XP doesn't have this problem
[21:40:30] [Client thread/INFO]: [CHAT] <Critzlez> you can easily TURN OFF AUTO UPDATE
[21:40:31] [Client thread/INFO]: [CHAT] < Monkeyowen> stop with the computer crap
[21:40:34] [Client thread/INFO]: [CHAT] BornInAFlame left the game.
[21:40:35] [Client thread/INFO]: [CHAT] < Monkeyowen> shut up
[21:40:40] [Client thread/INFO]: [CHAT] < Emmi> well i pressed the button
[21:40:41] [Client thread/INFO]: [CHAT] < Monkeyowen> please
[21:40:42] [Client thread/INFO]: [CHAT] <DeepFreeze> windows anytime upgrade still have the old windows picture
[21:40:44] [Client thread/INFO]: [CHAT] <Solr> windowns 10 made my pc so laggy it took 1hr just to move the mouse
[21:40:45] [Client thread/INFO]: [CHAT] < Monkeyowen> shut up emmi
[21:40:50] [Client thread/INFO]: [CHAT] <Critzlez> no it fucking isn't
[21:40:50] [Client thread/INFO]: [CHAT] [STA] <VideoGameSmash12> SP4 is the best patch for XP to go with
[21:40:52] [Client thread/INFO]: [CHAT] < Emmi> you shush
[21:40:53] [Client thread/INFO]: [CHAT] <Critzlez> your PC is shit
[21:40:53] [Client thread/INFO]: [CHAT] [STA] < Shadow> Windows 7 at least still has Anytime Upgrade.
[21:40:58] [Client thread/INFO]: [CHAT] [STA] < Shadow> Which was awesome if you installed the wrong OS.
[21:40:58] [Client thread/INFO]: [CHAT] [SA] <Loooll> chewing gum in singapore.
[21:41:01] [Client thread/INFO]: [CHAT] < Monkeyowen> shut up DeepFreeze and Critzlez and Solr and shadow and VideoGameSmash12
[21:41:03] [Client thread/INFO]: [CHAT] <DeepFreeze> Solr probs of your pc
[21:41:06] [Client thread/INFO]: [CHAT] [SA] <Loooll> no
[21:41:08] [Client thread/INFO]: [CHAT] <Charizard566> i found op potions
[21:41:11] [Client thread/INFO]: [CHAT] [STA] <VideoGameSmash12> no u monkey
[21:41:15] [Client thread/INFO]: [CHAT] < Emmi> ever since I got windows 10
[21:41:15] [Client thread/INFO]: [CHAT] [STA] < Shadow> Windows 7 also still has Media Center support.
[21:41:17] [Client thread/INFO]: [CHAT] <Critzlez> guys, you can easily fucking turn off auto update. Anyone with problems like emmi is just shit at it
[21:41:17] [Client thread/INFO]: [CHAT] < Monkeyowen> STOP
[21:41:17] [Client thread/INFO]: [CHAT] <Solr> my pc broke
[21:41:19] [Client thread/INFO]: [CHAT] [Youtube] < ANDTec_TM> Hey Guys!!
[21:41:19] [Client thread/INFO]: [CHAT] < Monkeyowen> talking
[21:41:22] [Client thread/INFO]: [CHAT] < Monkeyowen> hiiihihih
[21:41:23] [Client thread/INFO]: [CHAT] [STA] < Shadow> Which you need for a Media Center PC.
[21:41:24] [Client thread/INFO]: [CHAT] <Charizard566> anyone wanna fight me?
[21:41:27] [Client thread/INFO]: [CHAT] <Solr> i got brand new alien ware now
[21:41:28] [Client thread/INFO]: [CHAT] <greenbay1020> hehe
[21:41:29] [Client thread/INFO]: [CHAT] < Monkeyowen> dang :c
[21:41:29] [Client thread/INFO]: [CHAT] < Emmi> Critzlez
[21:41:37] [Client thread/INFO]: [CHAT] <greenbay1020> look Loooll
[21:41:38] [Client thread/INFO]: [CHAT] < Emmi> I can't downgrade it
[21:41:38] [Client thread/INFO]: [CHAT] <Critzlez> emmi, you're shit at PC. not Win10's problem.
[21:41:41] [Client thread/INFO]: [CHAT] [SA] <Loooll> u w0t m8
[21:41:43] [Client thread/INFO]: [CHAT] [STA] < Shadow> Emmi
[21:41:44] [Client thread/INFO]: [CHAT] <Critzlez> then that is your problem
[21:41:44] [Client thread/INFO]: [CHAT] [STA] <VideoGameSmash12> Windows 7 and XP are the greatest things Microsoft released]
[21:41:49] [Client thread/INFO]: [CHAT] < Monkeyowen> i dunt have youtube rank on any servers even do i have a utube :(
[21:41:52] [Client thread/INFO]: [CHAT] [STA] < Shadow> Do you get a BSOD when trying to install Windows 7?
[21:41:54] [Client thread/INFO]: [CHAT] <greenbay1020> lagg
[21:42:00] [Client thread/INFO]: [CHAT] <Charizard566> .
[21:42:04] [Client thread/INFO]: [CHAT] <Charizard566> anyone wanna fight me?
[21:42:05] [Client thread/INFO]: [CHAT] < Emmi> the fact is
[21:42:05] [Client thread/INFO]: [CHAT] <_UnKnownZ> rip
[21:42:06] [Client thread/INFO]: [CHAT] < Emmi> i cant
[21:42:07] [Client thread/INFO]: [CHAT] [SA] <Loooll> thanks for lagging urself lmfao
[21:42:09] [Client thread/INFO]: [CHAT] <Critzlez> why not?
[21:42:12] [Client thread/INFO]: [CHAT] Critzlez left the game.
[21:42:12] [Client thread/INFO]: [CHAT] monkeyowen left the game.
[21:42:12] [Client thread/INFO]: [CHAT] EnderSlayer2345 joined the game
[21:42:15] [Client thread/INFO]: [CHAT] [SA] <Loooll> LMFAO
[21:42:18] [Client thread/INFO]: [CHAT] <DeepFreeze> when i had windows xp it said in here. Upgrade to windows 7 now!
[21:42:18] [Client thread/INFO]: [CHAT] <greenbay1020> holy shit the lag
[21:42:21] [Client thread/INFO]: [CHAT] < Emmi> I cant because if i have something opened for too long
[21:42:21] [Client thread/INFO]: [CHAT] Critzlez is a Super Admin
[21:42:21] [Client thread/INFO]: [CHAT] Critzlez joined the game
[21:42:24] [Client thread/INFO]: [CHAT] [STA] < Shadow> ASUS bricked the BIOS to only properly support Windows 10.
[21:42:24] [Client thread/INFO]: [CHAT] < Emmi> bye bye computer
[21:42:24] [Client thread/INFO]: [CHAT] KillerMonkey184 is placing blocks too fast!
[21:42:24] [Client thread/INFO]: [CHAT] KillerMonkey184 has been banned for 5 minutes.
[21:42:24] [Client thread/INFO]: [CHAT] KillerMonkey184 left the game.
[21:42:27] [Client thread/INFO]: [CHAT] [STA] < Shadow> So I can't downgrade.
[21:42:28] [Client thread/INFO]: [CHAT] <DeepFreeze> i had it in 2012
[21:42:31] [Client thread/INFO]: [CHAT] <Solr> im not lagged at all
[21:42:35] [Client thread/INFO]: [CHAT] [SA] <Critzlez> its windows 10
[21:42:40] [Client thread/INFO]: [CHAT] [SA] <Critzlez> there is no performance problem for me at all
[21:42:40] [Client thread/INFO]: [CHAT] <Charizard566> .
[21:42:41] [Client thread/INFO]: [CHAT] BornInAFlame joined the game
[21:42:41] [Client thread/INFO]: [CHAT] itsjerry is placing blocks too fast!
[21:42:41] [Client thread/INFO]: [CHAT] itsjerry has been banned for 5 minutes.
[21:42:41] [Client thread/INFO]: [CHAT] itsjerry left the game.
[21:42:42] [Client thread/INFO]: [CHAT] <Charizard566> anyone wanna fight me?
[21:42:42] [Client thread/INFO]: [CHAT] [STA] <VideoGameSmash12> Anus Computers did that?
[21:42:44] [Client thread/INFO]: [CHAT] Welcome Critzlez to the server!
[21:42:48] [Client thread/INFO]: [CHAT] [STA] < Shadow> ASUS is alright.
[21:42:51] [Client thread/INFO]: [CHAT] [STA] < Shadow> They're just assholes.
[21:42:53] [Client thread/INFO]: [CHAT] < Emmi> It doesn't work for me
[21:42:59] [Client thread/INFO]: [CHAT] <DeepFreeze> windows 10 still have windows anytime upgrade in the old logo
[21:43:01] [Client thread/INFO]: [CHAT] <Charizard566> tp if you want to fight
[21:43:03] [Client thread/INFO]: [CHAT] <shadowsnhd> custom beats all
[21:43:05] [Client thread/INFO]: [CHAT] lawnkill left the game.
[21:43:06] [Client thread/INFO]: [CHAT] <Solr> in 2014 i lagged so bad my computer didnt move a pace for 72 hours
[21:43:06] [Client thread/INFO]: [CHAT] [STA] < Shadow> I have a grudge against their UEFI BIOS.
[21:43:08] [Client thread/INFO]: [CHAT] Dragonnzz left the game.
[21:43:10] [Client thread/INFO]: [CHAT] bananapower54 left the game.
[21:43:12] [Client thread/INFO]: [CHAT] Tobiased left the game.
[21:43:15] [Client thread/INFO]: [CHAT] <greenbay1020> aa
[21:43:17] [Client thread/INFO]: [CHAT] < Emmi> When I upgraded to Windows 10
[21:43:19] [Client thread/INFO]: [CHAT] <greenbay1020> Loooll help
[21:43:21] [Client thread/INFO]: [CHAT] < Emmi> on accident
[21:43:21] [Client thread/INFO]: [CHAT] Fishbiscuit left the game.
[21:43:21] [Client thread/INFO]: [CHAT] *  Gracie is now AFK.
[21:43:22] [Client thread/INFO]: [CHAT] bananapower54 joined the game
[21:43:26] [Client thread/INFO]: [CHAT] <EnderSlayer2345> sorry
[21:43:27] [Client thread/INFO]: [CHAT] < Emmi> well
[21:43:30] [Client thread/INFO]: [CHAT] [STA] < Shadow> Emmi, did you upgrade more than 30 days ago?
[21:43:30] [Client thread/INFO]: [CHAT] < Emmi> it bugged me
[21:43:35] [Client thread/INFO]: [CHAT] <shadowsnhd> when i upgraded my laptop to windows 10
[21:43:36] [Client thread/INFO]: [CHAT] < Emmi> about
[21:43:42] [Client thread/INFO]: [CHAT] < Emmi> 6 motnhs
[21:43:44] [Client thread/INFO]: [CHAT] <Charizard566> sorry m8
[21:43:44] [Client thread/INFO]: [CHAT] [STA] < Shadow> Oh.
[21:43:45] [Client thread/INFO]: [CHAT] < Emmi> months*
[21:43:50] [Client thread/INFO]: [CHAT] [Help][PotatoCrew] < FireChild> There should be a TotalFreedom Discord channel
[21:43:50] [Client thread/INFO]: [CHAT] Loooll left the game.
[21:43:51] [Client thread/INFO]: [CHAT] <Charizard566> you do no damage
[21:43:51] [Client thread/INFO]: [CHAT] <DeepFreeze> Emmi its probs of your pc windows 10 is fast in my toshiba laptop
[21:43:53] [Client thread/INFO]: [CHAT] Solr left the game.
[21:43:56] [Client thread/INFO]: [CHAT] *  NahFireChildHeart is now AFK.
[21:43:59] [Client thread/INFO]: [CHAT] [STA] < Shadow> Deep
[21:44:01] [Client thread/INFO]: [CHAT] [Help][PotatoCrew] < FireChild> ;)
[21:44:01] [Client thread/INFO]: [CHAT] <Charizard566> XD
[21:44:03] [Client thread/INFO]: [CHAT] [Help][PotatoCrew] < FireChild> Shadow
[21:44:06] [Client thread/INFO]: [CHAT] <Charizard566> here
[21:44:07] [Client thread/INFO]: [CHAT] < Emmi> Its fast but I have the ability to crash my computer
[21:44:08] [Client thread/INFO]: [CHAT] [SA] <Critzlez> yeah, DeepFreeze is right
[21:44:13] [Client thread/INFO]: [CHAT] carroteyeballs joined the game
[21:44:13] [Client thread/INFO]: [CHAT] [STA] < Shadow> Not really.
[21:44:13] [Client thread/INFO]: [CHAT] Welcome carroteyeballs to the server!
[21:44:15] [Client thread/INFO]: [CHAT] <greenbay1020> EnderSlayer2345
[21:44:17] [Client thread/INFO]: [CHAT] < Emmi> It unlocked that ability
[21:44:19] [Client thread/INFO]: [CHAT] [STA] <VideoGameSmash12> Microsoft begs you to upgrade to Windows 10
[21:44:20] [Client thread/INFO]: [CHAT] <Charizard566> op much?
[21:44:24] [Client thread/INFO]: [CHAT] <greenbay1020> watch this guys :)
[21:44:24] [Client thread/INFO]: [CHAT] [STA] <VideoGameSmash12> which is FUCKING stupid
[21:44:27] [Client thread/INFO]: [CHAT] [Help][PotatoCrew] < FireChild> My actual windows UI just crashed
[21:44:28] [Client thread/INFO]: [CHAT] [STA] < Shadow> Windows 10 doesn't have proper non-UEFI support.
[21:44:30] [Client thread/INFO]: [CHAT] <EnderSlayer2345> hi
[21:44:32] [Client thread/INFO]: [CHAT] [STA] < Shadow> So it's the operating system's fault.
[21:44:34] [Client thread/INFO]: [CHAT] [Help][PotatoCrew] < FireChild> This pc is so fucking slow
[21:44:39] [Client thread/INFO]: [CHAT] <greenbay1020> admins tp
[21:44:41] [Client thread/INFO]: [CHAT] <EnderSlayer2345> cool base
[21:44:44] [Client thread/INFO]: [CHAT] [SA] <Critzlez> DirectX12 will only works for Windows 10, too
[21:44:53] [Client thread/INFO]: [CHAT] <DeepFreeze> i upgraded to windows 10 with a usb not microsoft forces
[21:44:53] [Client thread/INFO]: [CHAT] [STA] < Shadow> Who gives af about DirectX 12?
[21:44:55] [Client thread/INFO]: [CHAT] [STA] <VideoGameSmash12> Windows 10 also has these tablet features
[21:44:59] [Client thread/INFO]: [CHAT] <EnderSlayer2345> owwww
[21:45:05] [Client thread/INFO]: [CHAT] [STA] <VideoGameSmash12> Which can suck a gorilla's balls
[21:45:05] [Client thread/INFO]: [CHAT] <shadowsnhd> android still wins
[21:45:06] [Client thread/INFO]: [CHAT] < Emmi> They begged me
[21:45:10] [Client thread/INFO]: [CHAT] * Riley_Cinderfur is now AFK.
[21:45:12] [Client thread/INFO]: [CHAT] < Emmi> Whenever I closed google
[21:45:17] [Client thread/INFO]: [CHAT] < Emmi> another bugging
[21:45:30] [Client thread/INFO]: [CHAT] <DeepFreeze> Emmi did you have viruses in xp?
[21:45:31] [Client thread/INFO]: [CHAT] <EnderSlayer2345> can i help
[21:45:33] [Client thread/INFO]: [CHAT] [STA] < Shadow> Windows 10 is plain af.
[21:45:33] [Client thread/INFO]: [CHAT] < Emmi> no
[21:45:35] [Client thread/INFO]: [CHAT] <_UnKnownZ> sure :P
[21:45:46] [Client thread/INFO]: [CHAT] [STA] <VideoGameSmash12> XP is the best OS ever
[21:45:50] [Client thread/INFO]: [CHAT] [STA] <VideoGameSmash12> Don't deny it
[21:45:51] [Client thread/INFO]: [CHAT] DeathSwordMC left the game.
[21:45:52] [Client thread/INFO]: [CHAT] [SA] <Critzlez> k
[21:45:57] [Client thread/INFO]: [CHAT] <wehrmacht> denied
[21:46:02] [Client thread/INFO]: [CHAT] [Help][PotatoCrew] < FireChild> Whatever you say video
[21:46:04] [Client thread/INFO]: [CHAT] <DeepFreeze> there are hidden viruses in windows xp
[21:46:06] [Client thread/INFO]: [CHAT] < Emmi> mmhmm
[21:46:09] [Client thread/INFO]: [CHAT] [STA] < Shadow> No there aren't.
[21:46:10] [Client thread/INFO]: [CHAT] [Help][PotatoCrew] < FireChild> Lol
[21:46:11] [Client thread/INFO]: [CHAT] [STA] < Shadow> You're an idiot,.
[21:46:16] [Client thread/INFO]: [CHAT] [Help][PotatoCrew] < FireChild> Here we go again
[21:46:16] [Client thread/INFO]: [CHAT] < Emmi> i agree with video
[21:46:18] [Client thread/INFO]: [CHAT] ArcticHumboldt is a super admin, and also not gay.
[21:46:18] [Client thread/INFO]: [CHAT] ArcticHumboldt joined the game
[21:46:18] [Client thread/INFO]: [CHAT] Welcome ArcticHumboldt to the server!
[21:46:20] [Client thread/INFO]: [CHAT] [STA] <VideoGameSmash12> There is hidden viruses in Windows 10, oh wait, it's the OS.
[21:46:22] [Client thread/INFO]: [CHAT] <Charizard566> what does an elytra do?
[21:46:25] [Client thread/INFO]: [CHAT] lawnkill joined the game
[21:46:25] [Client thread/INFO]: [CHAT] [Help][PotatoCrew] < FireChild> Wb Arctic
[21:46:30] [Client thread/INFO]: [CHAT] < Emmi> Wow Video <3
[21:46:31] [Client thread/INFO]: [CHAT] [STA] < Shadow> Cortana is spyware in itself.
[21:46:34] [Client thread/INFO]: [CHAT] [Help][PotatoCrew] < FireChild> Nah
[21:46:36] [Client thread/INFO]: [CHAT] [STA] <VideoGameSmash12> Yes, it is.
[21:46:38] [Client thread/INFO]: [CHAT] <shadowsnhd> pretty much
[21:46:39] [Client thread/INFO]: [CHAT] <DeepFreeze> when its my first time upgraded to xp it says Viruses detected!
[21:46:40] [Client thread/INFO]: [CHAT] [Help][PotatoCrew] < FireChild> Cortana is good
[21:46:40] [Client thread/INFO]: [CHAT] [STA] <VideoGameSmash12> I disabled her
[21:46:48] [Client thread/INFO]: [CHAT] [STA] < Shadow> I don't ever use her.
[21:46:50] [Client thread/INFO]: [CHAT] [STA] <VideoGameSmash12> because she was looking at what I was looking up
[21:46:56] [Client thread/INFO]: [CHAT] [STA] < Shadow> Yeah.
[21:46:58] [Client thread/INFO]: [CHAT] [Help][PotatoCrew] < FireChild> no shit
[21:47:03] [Client thread/INFO]: [CHAT] < Emmi> Elytras are fun
[21:47:03] [Client thread/INFO]: [CHAT] [STA] <VideoGameSmash12> I don't want her looking at my porn
[21:47:08] [Client thread/INFO]: [CHAT] FunkyMunky_ is a Super Admin
[21:47:08] [Client thread/INFO]: [CHAT] FunkyMunky_ joined the game
[21:47:08] [Client thread/INFO]: [CHAT] Welcome FunkyMunky_ to the server!
[21:47:09] [Client thread/INFO]: [CHAT] [STA] < Shadow> Microsoft can shove Windows 10 firmly up their ass.
[21:47:09] [Client thread/INFO]: [CHAT] [Help][PotatoCrew] < FireChild> it's a part of your pc you morn
[21:47:12] [Client thread/INFO]: [CHAT] <EnderSlayer2345> lets pvp
[21:47:20] [Client thread/INFO]: [CHAT] [STA] <VideoGameSmash12> I disabled her
[21:47:26] [Client thread/INFO]: [CHAT] <EnderSlayer2345> how to make custom shields
[21:47:33] [Client thread/INFO]: [CHAT] < Emmi> I can't make these elytra's work
[21:47:35] [Client thread/INFO]: [CHAT] <bananapower54> i disabled a girl with my dick
[21:47:37] [Client thread/INFO]: [CHAT] [STA] <VideoGameSmash12> When I reinstalled Windows 10
[21:47:48] [Client thread/INFO]: [CHAT] [Help][PotatoCrew] < FireChild> "I don't want her looking at my porn" If that's not a joke the person who says it HAS to be actually
[21:47:50] [Client thread/INFO]: [CHAT] <DeepFreeze> atleast windows 10 comes up with microsoft edge and a search box/cortana near the start button
[21:47:50] [Client thread/INFO]: [CHAT] [Help][PotatoCrew] < FireChild> retarded
[21:47:55] [Client thread/INFO]: [CHAT] < Emmi> you made a fucking mistake
[21:47:55] [Client thread/INFO]: [CHAT] marcocorriero12 is a Super Admin and MarcoFreedom Owner
[21:47:55] [Client thread/INFO]: [CHAT] marcocorriero12 joined the game
[21:47:55] [Client thread/INFO]: [CHAT] Welcome marcocorriero12 to the server!
[21:47:57] [Client thread/INFO]: [CHAT] [SA] <marcocorriero12> Toggle my god fasttt or do /opall -c im on minechatttt!!
[21:47:59] [Client thread/INFO]: [CHAT] [SA] <marcocorriero12> temmm
[21:47:59] [Client thread/INFO]: [CHAT] BornInAFlame - Opping marcocorriero12
[21:48:00] [Client thread/INFO]: [CHAT] [SA] <FunkyMunky_> FireChild
[21:48:01] [Client thread/INFO]: [CHAT] marcocorriero12 - Opping all players on the server
[21:48:01] [Client thread/INFO]: [CHAT] You are now op!
[21:48:05] [Client thread/INFO]: [CHAT] * Riley_Cinderfur is no longer AFK.
[21:48:11] [Client thread/INFO]: [CHAT] [Help][PotatoCrew] < FireChild> ??
[21:48:11] [Client thread/INFO]: [CHAT] [STA] <VideoGameSmash12> Now I only use Windows 10 because Game DVR
[21:48:20] [Client thread/INFO]: [CHAT] [STA] < Shadow> Windows 7 doesn't abandon support for non-UEFI and MC PCs though.
[21:48:21] [Client thread/INFO]: [CHAT] [SA] <marcocorriero12> cynical is reinstating
[21:48:28] [Client thread/INFO]: [CHAT] [SA] <FunkyMunky_> FireChild, do be offensive.
[21:48:28] [Client thread/INFO]: [CHAT] <_UnKnownZ> teh lag EnderSlayer2345 :P
[21:48:29] [Client thread/INFO]: [CHAT] [ADMIN] marcocorriero12 [SA]: hello everyone
[21:48:30] [Client thread/INFO]: [CHAT] <DeepFreeze> who teleported me!
[21:48:31] [Client thread/INFO]: [CHAT] <_UnKnownZ> redstone lags meh
[21:48:31] [Client thread/INFO]: [CHAT] [STA] <VideoGameSmash12> Shadow is right
[21:48:34] [Client thread/INFO]: [CHAT] [SA] <ArcticHumboldt> cynical is great
[21:48:36] [Client thread/INFO]: [CHAT] [Help][PotatoCrew] < FireChild> Offensibe?
[21:48:37] [Client thread/INFO]: [CHAT] [STA] < Shadow> Windows 10 abandons both of those things.
[21:48:41] [Client thread/INFO]: [CHAT] [Help][PotatoCrew] < FireChild> Offencive?
[21:48:41] [Client thread/INFO]: [CHAT] [ADMIN] Riley_Cinderfur [STA]: we're having an OS war here, run
[21:48:46] [Client thread/INFO]: [CHAT] RedRhinoMC joined the game
[21:48:47] [Client thread/INFO]: [CHAT] [ADMIN] marcocorriero12 [SA]: lol!
[21:48:50] [Client thread/INFO]: [CHAT] [SA] <FunkyMunky_> 'Is actually retarded"
[21:48:54] [Client thread/INFO]: [CHAT] [Help][PotatoCrew] < FireChild> Ffs
[21:48:54] [Client thread/INFO]: [CHAT] < Emmi> Im confused
[21:48:54] [Client thread/INFO]: [CHAT] [SA] <FunkyMunky_> thats really offensive
[21:48:57] [Client thread/INFO]: [CHAT] [STA] < Shadow> Windows 10 also removed Easy Transfer, Media Center, WAU, and XP Mode.
[21:49:01] [Client thread/INFO]: [CHAT] [SA] <marcocorriero12> i luv cynical sham
[21:49:05] [Client thread/INFO]: [CHAT] ArcticHumboldt left the game.
[21:49:05] [Client thread/INFO]: [CHAT] [SA] <marcocorriero12> xD
[21:49:13] [Client thread/INFO]: [CHAT] <greenbay1020> o shit dsate1 is here
[21:49:13] [Client thread/INFO]: [CHAT] [SA] <marcocorriero12> finally he reinstated
[21:49:15] [Client thread/INFO]: [CHAT] [Help][PotatoCrew] < FireChild> No, being retarded is an actual term. I used it properly.
[21:49:16] [Client thread/INFO]: [CHAT] [ADMIN] ShadowArmadyl [STA]: i will fucking tear this server apart if I must
[21:49:20] [Client thread/INFO]: [CHAT] [STA] <VideoGameSmash12> Not to mention the less resource-consuming Windows Classic theme
[21:49:21] [Client thread/INFO]: [CHAT] <Charizard566> any servers that need staff pls msg me.
[21:49:23] [Client thread/INFO]: [CHAT] [ADMIN] Riley_Cinderfur [STA]: please do
[21:49:27] [Client thread/INFO]: [CHAT] ANDTec_TM fell from a high place
[21:49:30] [Client thread/INFO]: [CHAT] [ADMIN] marcocorriero12 [SA]: no
[21:49:31] [Client thread/INFO]: [CHAT] [ADMIN] marcocorriero12 [SA]: lol
[21:49:32] [Client thread/INFO]: [CHAT] [Help][PotatoCrew] < FireChild> Don't disonour the people with autism.
[21:49:35] [Client thread/INFO]: [CHAT] [STA] <VideoGameSmash12> That was perfect for users like me
[21:49:36] [Client thread/INFO]: [CHAT] <DeepFreeze> IE is hidden in windows 10 search it in cortana/search box
[21:49:42] [Client thread/INFO]: [CHAT] [SA] <FunkyMunky_> FireChild, -_-.
[21:49:53] [Client thread/INFO]: [CHAT] [STA] < Shadow> Microsoft Edge is just Microsoft putting Internet Explorer on life support.
[21:49:54] [Client thread/INFO]: [CHAT] <greenbay1020> Critzlez
[21:49:57] [Client thread/INFO]: [CHAT] [STA] <VideoGameSmash12> Microsoft Edge is the only firefox downloader I know
[21:49:58] [Client thread/INFO]: [CHAT] [Help][PotatoCrew] < FireChild> then get fucking virtual box to use xp and stop whining ffs
[21:50:05] [Client thread/INFO]: [CHAT] <DeepFreeze> if you dont have windows media player download it
[21:50:09] [Client thread/INFO]: [CHAT] [ADMIN] marcocorriero12 [SA]: ahhhh stahp fighting!
[21:50:10] [Client thread/INFO]: [CHAT] <Charizard566> .
[21:50:12] [Client thread/INFO]: [CHAT] [ADMIN] Riley_Cinderfur [STA]: no
[21:50:12] [Client thread/INFO]: [CHAT] [ADMIN] marcocorriero12 [SA]: lol
[21:50:15] [Client thread/INFO]: [CHAT] [Help][PotatoCrew] < FireChild> Vlc player
[21:50:15] [Client thread/INFO]: [CHAT] <Charizard566> any servers that need staff? pls msg me.
[21:50:16] [Client thread/INFO]: [CHAT] [ADMIN] marcocorriero12 [SA]: why nu
[21:50:18] [Client thread/INFO]: [CHAT] [ADMIN] Riley_Cinderfur [STA]: this is funny
[21:50:21] [Client thread/INFO]: [CHAT] [ADMIN] marcocorriero12 [SA]: ik
[21:50:22] [Client thread/INFO]: [CHAT] [STA] < Shadow> In 2009, Microsoft was forced by the European Trade Comission to include other browser downloads.
[21:50:22] [Client thread/INFO]: [CHAT] [ADMIN] marcocorriero12 [SA]: lol
[21:50:25] [Client thread/INFO]: [CHAT] [STA] < Shadow> That was pushed in SP3.
[21:50:28] [Client thread/INFO]: [CHAT] <greenbay1020> bananapower54
[21:50:32] [Client thread/INFO]: [CHAT] <bananapower54> what
[21:50:35] [Client thread/INFO]: [CHAT] [SA] <marcocorriero12> ShadowArmadyl lol
[21:50:35] [Client thread/INFO]: [CHAT] <greenbay1020> wannna see something cool?
[21:50:38] [Client thread/INFO]: [CHAT] [ADMIN] VideoGameSmash12 [STA]: no Marcsofto Corriero 1.2
[21:50:38] [Client thread/INFO]: [CHAT] <bananapower54> sure
[21:50:40] [Client thread/INFO]: [CHAT] <greenbay1020> follow me
[21:50:44] [Client thread/INFO]: [CHAT] [ADMIN] VideoGameSmash12 [STA]: no Marcsoft Corriero 1.2
[21:50:48] [Client thread/INFO]: [CHAT] [SA] <marcocorriero12> i prefer windows 98
[21:50:50] [Client thread/INFO]: [CHAT] [ADMIN] VideoGameSmash12 [STA]: fuck you windows 10
[21:50:51] [Client thread/INFO]: [CHAT] [Help][PotatoCrew] < FireChild> Same
[21:50:52] [Client thread/INFO]: [CHAT] [ADMIN] marcocorriero12 [SA]: nuh
[21:50:53] [Client thread/INFO]: [CHAT] < Emmi> okay
[21:50:55] [Client thread/INFO]: [CHAT] [ADMIN] marcocorriero12 [SA]: VideoGameSmash12
[21:50:55] [Client thread/INFO]: [CHAT] [ADMIN] VideoGameSmash12 [STA]: hogging my resources
[21:50:58] [Client thread/INFO]: [CHAT] Riley_Cinderfur left the game.
[21:50:58] [Client thread/INFO]: [CHAT] [ADMIN] ShadowArmadyl [STA]: boycott windows 10
[21:50:59] [Client thread/INFO]: [CHAT] [ADMIN] marcocorriero12 [SA]: i quit using macros
[21:51:02] [Client thread/INFO]: [CHAT] Riley_Cinderfur is a Telnet Clan. Admin and is Gay!
[21:51:02] [Client thread/INFO]: [CHAT] Riley_Cinderfur joined the game
[21:51:05] [Client thread/INFO]: [CHAT] < Emmi> With my shield and elytra
[21:51:06] [Client thread/INFO]: [CHAT] [ADMIN] marcocorriero12 [SA]: ill be inactive
[21:51:07] [Client thread/INFO]: [CHAT] [Help][PotatoCrew] < FireChild> Aye furry
[21:51:13] [Client thread/INFO]: [CHAT] [STA] <VideoGameSmash12> Shado
[21:51:14] [Client thread/INFO]: [CHAT] [STA] <VideoGameSmash12> Shadow
[21:51:14] [Client thread/INFO]: [CHAT] < Emmi> Hey riley can I tpa?
[21:51:16] [Client thread/INFO]: [CHAT] <bananapower54> XD
[21:51:19] [Client thread/INFO]: [CHAT] [ADMIN] Riley_Cinderfur [STA]: no
[21:51:19] [Client thread/INFO]: [CHAT] [STA] < Shadow> I'm going to go stab the CEO of Microsoft now.
[21:51:19] [Client thread/INFO]: [CHAT] [ADMIN] VideoGameSmash12 [STA]: Shadow
[21:51:20] [Client thread/INFO]: [CHAT] [STA] < Shadow> Cya.
[21:51:21] [Client thread/INFO]: [CHAT] [ADMIN] Riley_Cinderfur [STA]: fuck
[21:51:21] [Client thread/INFO]: [CHAT] [ADMIN] marcocorriero12 [SA]: gtfo greenbay1020
[21:51:21] [Client thread/INFO]: [CHAT] ShadowArmadyl left the game.
[21:51:24] [Client thread/INFO]: [CHAT] <Charizard566> any servers that need staff? pls msg me
[21:51:25] [Client thread/INFO]: [CHAT] <greenbay1020> ha
[21:51:26] [Client thread/INFO]: [CHAT] [TotalFreedom] Griefing is not allowed!
[21:51:26] [Client thread/INFO]: [CHAT] [ADMIN] VideoGameSmash12 [STA]: what other OS do I have as a choice
[21:51:29] [Client thread/INFO]: [CHAT] 21mario left the game.
[21:51:35] [Client thread/INFO]: [CHAT] <DeepFreeze> i still have a black mouse...
[21:51:35] [Client thread/INFO]: [CHAT] greenbay1020 has been a VERY naughty, naughty boy.
[21:51:35] [Client thread/INFO]: [CHAT] Banning: greenbay1020, IP: 100.13.*.* - Reason: crashing server with huge spheres of air
[21:51:35] [Client thread/INFO]: [CHAT] greenbay1020 left the game.
[21:51:36] [Client thread/INFO]: [CHAT] [ADMIN] FunkyMunky_ [SA]: Linux
[21:51:38] [Client thread/INFO]: [CHAT] * Critzlez is now AFK.
[21:51:43] [Client thread/INFO]: [CHAT] [ADMIN] Riley_Cinderfur [STA]: Linix distros, for one.
[21:51:45] [Client thread/INFO]: [CHAT] [STA] <VideoGameSmash12> How do you expect me to install it
[21:51:45] [Client thread/INFO]: [CHAT] <Charizard566> any servers that need staff? pls msg me.
[21:51:49] [Client thread/INFO]: [CHAT] < Emmi> Video
[21:51:51] [Client thread/INFO]: [CHAT] We.Never.Be.Alone < ANDTec_TM> bruhh
[21:51:51] [Client thread/INFO]: [CHAT] < Emmi> Can I tpa?
[21:51:51] [Client thread/INFO]: [CHAT] [ADMIN] VideoGameSmash12 [STA]: How do you expect me to install it
[21:51:55] [Client thread/INFO]: [CHAT] [ADMIN] Riley_Cinderfur [STA]: via a usb drive
[21:51:57] [Client thread/INFO]: [CHAT] [STA] <VideoGameSmash12> Sure.
[21:51:59] [Client thread/INFO]: [CHAT] Teleporting...
[21:52:01] [Client thread/INFO]: [CHAT] [ADMIN] marcocorriero12 [SA]: VideoGameSmash12
[21:52:03] [Client thread/INFO]: [CHAT] [ADMIN] marcocorriero12 [SA]: i stopped
[21:52:04] [Client thread/INFO]: [CHAT] <DeepFreeze> its not crashing its the world crashes other worlds will not crash
[21:52:05] [Client thread/INFO]: [CHAT] [ADMIN] marcocorriero12 [SA]: ising
[21:52:05] [Client thread/INFO]: [CHAT] < Emmi> You have tpa disabled
[21:52:07] [Client thread/INFO]: [CHAT] [ADMIN] marcocorriero12 [SA]: macro
[21:52:09] [Client thread/INFO]: [CHAT] [ADMIN] VideoGameSmash12 [STA]: No, Riley
[21:52:11] [Client thread/INFO]: [CHAT] [Donator-3] < ANDTec_TM> hi
[21:52:14] [Client thread/INFO]: [CHAT] <RedRhinoMC> _UnKnownZ
[21:52:17] [Client thread/INFO]: [CHAT] [Help][PotatoCrew] < FireChild> Do /tpo
[21:52:21] [Client thread/INFO]: [CHAT] <_UnKnownZ> ?
[21:52:22] [Client thread/INFO]: [CHAT] < Emmi> Oh right
[21:52:22] [Client thread/INFO]: [CHAT] [ADMIN] marcocorriero12 [SA]: videooooooooo
[21:52:23] [Client thread/INFO]: [CHAT] [ADMIN] VideoGameSmash12 [STA]: I don't think my computer supports that
[21:52:24] [Client thread/INFO]: [CHAT] <EnderSlayer2345> how to change your skin
[21:52:24] [Client thread/INFO]: [CHAT] [Help][PotatoCrew] < FireChild> Shet
[21:52:32] [Client thread/INFO]: [CHAT] [ADMIN] marcocorriero12 [SA]: im talking to uuuuu
[21:52:35] [Client thread/INFO]: [CHAT] < Emmi> You allow this, right Video?
[21:52:35] [Client thread/INFO]: [CHAT] <Charizard566> any servers that need staff? pls msg me
[21:52:36] [Client thread/INFO]: [CHAT] <DeepFreeze> ,/skin change
[21:52:36] [Client thread/INFO]: [CHAT] [ADMIN] VideoGameSmash12 [STA]: I do plan on getting a Windows 7 disk
[21:52:38] [Client thread/INFO]: [CHAT] [ADMIN] marcocorriero12 [SA]: i stopped using macro
[21:52:41] [Client thread/INFO]: [CHAT] [STA] <VideoGameSmash12> Yes
[21:52:43] [Client thread/INFO]: [CHAT] [Help][PotatoCrew] < FireChild> he's at spawn emmi
[21:52:45] [Client thread/INFO]: [CHAT] < Emmi> k
[21:52:48] [Client thread/INFO]: [CHAT] [ADMIN] marcocorriero12 [SA]: VIDEOOOOOOOO
[21:52:56] [Client thread/INFO]: [CHAT] [Help][PotatoCrew] < FireChild> Wut r u
[21:53:00] [Client thread/INFO]: [CHAT] Twilight_Gamer42 joined the game
[21:53:02] [Client thread/INFO]: [CHAT] < Emmi> a foxy the pirate
[21:53:04] [Client thread/INFO]: [CHAT] [ADMIN] marcocorriero12 [SA]: lol
[21:53:04] [Client thread/INFO]: [CHAT] [Help][PotatoCrew] < FireChild> xD
[21:53:12] [Client thread/INFO]: [CHAT] [ADMIN] VideoGameSmash12 [STA]: I KNOW MARCOSOFT CORRIERO 1.2: BETA ALPHA INDEV EDITION
[21:53:15] [Client thread/INFO]: [CHAT] <DeepFreeze> diep.io is awesome
[21:53:16] [Client thread/INFO]: [CHAT] [Help][PotatoCrew] < FireChild> Foxy pirate
[21:53:18] [Client thread/INFO]: [CHAT] [Help][PotatoCrew] < FireChild> lol
[21:53:19] [Client thread/INFO]: [CHAT] [ADMIN] marcocorriero12 [SA]: ohhh
[21:53:23] [Client thread/INFO]: [CHAT] [SA] <FunkyMunky_> FireChild, i'm on the edge of smiting you
[21:53:25] [Client thread/INFO]: [CHAT] [STA] <Riley_Cinderfur> I still gave a win 95/98 install floppy
[21:53:27] [Client thread/INFO]: [CHAT] Fang67893 joined the game
[21:53:28] [Client thread/INFO]: [CHAT] Welcome Fang67893 to the server!
[21:53:28] [Client thread/INFO]: [CHAT] [ADMIN] marcocorriero12 [SA]: i dont use macrus anymire
[21:53:29] [Client thread/INFO]: [CHAT] < _RhinoZ> Hi
[21:53:31] [Client thread/INFO]: [CHAT] BornInAFlame - Opping Fang67893
[21:53:31] [Client thread/INFO]: [CHAT] [ADMIN] marcocorriero12 [SA]: bad video
[21:53:33] [Client thread/INFO]: [CHAT] [Donator-3] < ANDTec_TM> slither.io is awesome
[21:53:35] [Client thread/INFO]: [CHAT] [ADMIN] VideoGameSmash12 [STA]: IDC
[21:53:41] [Client thread/INFO]: [CHAT] [ADMIN] VideoGameSmash12 [STA]: *facedesk*
[21:53:42] [Client thread/INFO]: [CHAT] <Charizard566> diep.io
[21:53:43] [Client thread/INFO]: [CHAT] [Help][PotatoCrew] < FireChild> FunkyMunky_, I think we can all calm down.
[21:53:43] [Client thread/INFO]: [CHAT] [ADMIN] marcocorriero12 [SA]: lol
[21:53:49] [Client thread/INFO]: [CHAT] [Donator-3] < ANDTec_TM> slither,io
[21:53:55] [Client thread/INFO]: [CHAT] [Help][PotatoCrew] < FireChild> And stop looking for probs where they do not exist
[21:53:57] [Client thread/INFO]: [CHAT] <Charizard566> diep.io.
[21:54:01] [Client thread/INFO]: [CHAT] [Help][PotatoCrew] < FireChild> Agreed?
[21:54:05] [Client thread/INFO]: [CHAT] [Help][PotatoCrew] < FireChild> Aye
[21:54:06] [Client thread/INFO]: [CHAT] [Donator-3] < ANDTec_TM> And?
[21:54:07] [Client thread/INFO]: [CHAT] [Donator-3] < ANDTec_TM> me?
[21:54:15] [Client thread/INFO]: [CHAT] Fang67893 left the game.
[21:54:16] [Client thread/INFO]: [CHAT] < Emmi> I have a kawaii eye shield
[21:54:25] [Client thread/INFO]: [CHAT] [EnderSlayer2345: Unable to summon object]
[21:54:26] [Client thread/INFO]: [CHAT] < Emmi> Want one?
[21:54:27] [Client thread/INFO]: [CHAT] <DeepFreeze> diepio can make you grow faster than slither
[21:54:30] [Client thread/INFO]: [CHAT] <Charizard566> any servers that need staff? pls msg me.
[21:54:31] [Client thread/INFO]: [CHAT] [EnderSlayer2345: Unable to summon object]
[21:54:39] [Client thread/INFO]: [CHAT] PrincessLeafy joined the game
[21:54:42] [Client thread/INFO]: [CHAT] [ANDTec_TM: Unable to summon object]
[21:54:43] [Client thread/INFO]: [CHAT] Chrisiplier joined the game
[21:54:43] [Client thread/INFO]: [CHAT] Welcome Chrisiplier to the server!
[21:54:44] [Client thread/INFO]: [CHAT] Fang67893 joined the game
[21:54:44] [Client thread/INFO]: [CHAT] <Twilight_Gamer42> FunkyMunky_ Im on the edge of stabing your heart out,when i was 2cool
[21:54:45] [Client thread/INFO]: [CHAT] [Help][PotatoCrew] < FireChild> I bet u 2million chromesomes get smited
[21:54:46] [Client thread/INFO]: [CHAT] <PrincessLeafy> c;
[21:54:48] [Client thread/INFO]: [CHAT] BornInAFlame - Opping Chrisiplier
[21:54:54] [Client thread/INFO]: [CHAT] <Fang67893> :3
[21:54:55] [Client thread/INFO]: [CHAT] <Charizard566> any servers that need staff? pls msg me
[21:54:56] [Client thread/INFO]: [CHAT] < Emmi> who?
[21:54:57] [Client thread/INFO]: [CHAT] [Help][PotatoCrew] < FireChild> I get*
[21:55:02] [Client thread/INFO]: [CHAT] < Emmi> Oh
[21:55:03] [Client thread/INFO]: [CHAT] Mystery_Valkrie joined the game
[21:55:03] [Client thread/INFO]: [CHAT] Welcome Mystery_Valkrie to the server!
[21:55:04] [Client thread/INFO]: [CHAT] <DeepFreeze> chrome is TATITA!
[21:55:09] [Client thread/INFO]: [CHAT] [STA] <VideoGameSmash12> ChromeOS sucks
[21:55:11] [Client thread/INFO]: [CHAT] [STA] <Riley_Cinderfur> Charizard566, no one has a fucking server for you to help on.
[21:55:14] [Client thread/INFO]: [CHAT] [Help][PotatoCrew] < FireChild> God
[21:55:17] [Client thread/INFO]: [CHAT] <Mystery_Valkrie> DAYYM
[21:55:19] [Client thread/INFO]: [CHAT] Mystery_Valkrie left the game.
[21:55:19] [Client thread/INFO]: [CHAT] < CCPrincess> WTF
[21:55:20] [Client thread/INFO]: [CHAT] <DeepFreeze> do you mean chromium
[21:55:20] [Client thread/INFO]: [CHAT] [STA] <Riley_Cinderfur> Help on this one.
[21:55:22] [Client thread/INFO]: [CHAT] < CCPrincess> who nicked me
[21:55:23] [Client thread/INFO]: [CHAT] Riley_Cinderfur - Cleaning all nicknames
[21:55:26] [Client thread/INFO]: [CHAT] < CCPrincess> who tf nicked me!!!!!
[21:55:34] [Client thread/INFO]: [CHAT] [Help][PotatoCrew] < FireChild> Please just stop talking about YOUR OPINIONS Operating systems
[21:55:34] [Client thread/INFO]: [CHAT] < Emmi> Flame
[21:55:36] [Client thread/INFO]: [CHAT] <Charizard566> any servers that need staff? pls msg me.
[21:55:41] [Client thread/INFO]: [CHAT] < Emmi> Do you want a kawaii sheild
[21:55:44] [Client thread/INFO]: [CHAT] [Help][PotatoCrew] < FireChild> YE
[21:55:45] [Client thread/INFO]: [CHAT] < CCPrincess> who the fuck nicked mE????
[21:55:48] [Client thread/INFO]: [CHAT] [STA] <VideoGameSmash12> Freedom of speech
[21:55:50] [Client thread/INFO]: [CHAT] <Twilight_Gamer42> can some admin PLZ unban cutepiegamergirl and msg her to tell her 2cooljoshua is on here as twilght
[21:55:52] [Client thread/INFO]: [CHAT] [STA] <VideoGameSmash12> it exists
[21:55:52] [Client thread/INFO]: [CHAT] [Help][PotatoCrew] < FireChild> I asked
[21:56:03] [Client thread/INFO]: [CHAT] [Help][PotatoCrew] < FireChild> Not forcing anything on ya
[21:56:07] [Client thread/INFO]: [CHAT] < _RhinoZ> Fuck all you (FREEDOM OF SPEECH)
[21:56:10] [Client thread/INFO]: [CHAT] Charizard566 left the game.
[21:56:11] [Client thread/INFO]: [CHAT] [STA] <VideoGameSmash12> ok
[21:56:16] [Client thread/INFO]: [CHAT] <PrincessLeafy> >.>
[21:56:17] [Client thread/INFO]: [CHAT] [STA] <Riley_Cinderfur> Go ahead, fuck me you slut
[21:56:23] [Client thread/INFO]: [CHAT] [Help][PotatoCrew] < FireChild> Okay Riley
[21:56:26] [Client thread/INFO]: [CHAT] <Twilight_Gamer42> can some admin PLZ unban cutepiegamergirl and msg her to tell her 2cooljoshua is on here as twilght!
[21:56:27] [Client thread/INFO]: [CHAT] < Emmi> How do these Elytras work
[21:56:27] [Client thread/INFO]: [CHAT] [EnderSlayer2345: '{Riding:{id:Item,Age:6000,Item:{id:1},Ri­ding:{id:Zombie}}}' is not a valid number]
[21:56:28] [Client thread/INFO]: [CHAT] [STA] <VideoGameSmash12> damn
[21:56:32] [Client thread/INFO]: [CHAT] < Fuck> you
[21:56:35] [Client thread/INFO]: [CHAT] [Help][PotatoCrew] < FireChild> Twilight_Gamer42
[21:56:37] [Client thread/INFO]: [CHAT] <DeepFreeze> why cant you use signs?
[21:56:40] [Client thread/INFO]: [CHAT] [EnderSlayer2345: 'y' is not a valid number]
[21:56:45] [Client thread/INFO]: [CHAT] <RedRhinoMC> Someone nicked me
[21:56:48] [Client thread/INFO]: [CHAT] * PrincessLeafy rewrjwejr
[21:56:48] [Client thread/INFO]: [CHAT] < Emmi> Nvm
[21:56:49] [Client thread/INFO]: [CHAT] [Help][PotatoCrew] < FireChild> Aren't you that serial griefer?