[07:15:24] [Client thread/INFO]: Connecting to play.totalfreedom.me., 28965
[07:15:27] [Client thread/INFO]: [CHAT] VideoGameSmash12 is a Telnet Admin and a Digital Form
[07:15:27] [Client thread/INFO]: [CHAT] VideoGameSmash12 joined the game
[07:15:27] [Client thread/INFO]: [CHAT] superariel95 was nifed by Tylercoco
[07:15:27] [Client thread/INFO]: [CHAT] Welcome, VideoGameSmash12!
[07:15:27] [Client thread/INFO]: [CHAT] Type /help for a list of commands.
[07:15:27] [Client thread/INFO]: [CHAT] Do NOT open any books given to you by other players or you might be perm banned.
[07:15:27] [Client thread/INFO]: [CHAT] Do NOT click on signs that you didn’t make or you might be perm banned.
[07:15:27] [Client thread/INFO]: [CHAT] Remember to save your builds with World Edit or they’ll be lost.
[07:15:27] [Client thread/INFO]: [CHAT] You have no new mail.
[07:15:36] [Client thread/INFO]: [CHAT] Tylercoco was nifed by superariel95
[07:15:36] [Client thread/INFO]: [CHAT] [STA] <VideoGameSmash12> my minecraft crashed
[07:15:43] [Client thread/INFO]: [CHAT] [STA] <VideoGameSmash12> lol
[07:15:46] [Client thread/INFO]: [CHAT] [STA] <VideoGameSmash12> speed hacking tom
[07:15:47] [Client thread/INFO]: [CHAT] Strilen05 has been a VERY naughty, naughty boy.
[07:15:48] [Client thread/INFO]: [CHAT] Banning: Strilen05, IP: 88.89.*.* - Reason: Griefing (make a ban appeal?) ~Chris
[07:15:48] [Client thread/INFO]: [CHAT] Strilen05 left the game.
[07:15:48] [Client thread/INFO]: [CHAT] [STA] <VideoGameSmash12> time*
[07:15:57] [Client thread/INFO]: [CHAT] superariel95 was nifed by Tylercoco
[07:15:58] [Client thread/INFO]: [CHAT] <MigoweOko> maybe
[07:16:02] [Client thread/INFO]: [CHAT] [Server:xIField] RedEastWood Verify - 5min left
[07:16:06] [Client thread/INFO]: [CHAT] Tylercoco was nifed by superariel95
[07:16:19] [Client thread/INFO]: [CHAT] <227456adam> HELP
[07:16:20] [Client thread/INFO]: [CHAT] <Mostafa55> ?
[07:16:20] [Client thread/INFO]: [CHAT] Tylercoco was nifed by superariel95
[07:16:24] [Client thread/INFO]: [CHAT] xIField - Readding RedEastWood to the admin list
[07:16:26] [Client thread/INFO]: [CHAT] Teleporting...
[07:16:28] [Client thread/INFO]: [CHAT] <RedEastWood> verifucked
[07:16:28] [Client thread/INFO]: [CHAT] [ADMIN] xIField [Console]: wb RedEastWood
[07:16:30] [Client thread/INFO]: [CHAT] <RedEastWood> thanks
[07:16:31] [Client thread/INFO]: [CHAT] [STA] <VideoGameSmash12> speedhacking time skrubs
[07:16:34] [Client thread/INFO]: [CHAT] RedEastWood left the game.
[07:16:34] [Client thread/INFO]: [CHAT] BayvethYT left the game.
[07:16:38] [Client thread/INFO]: [CHAT] RedEastWood is a Telnet Admin
[07:16:38] [Client thread/INFO]: [CHAT] RedEastWood joined the game
[07:16:38] [Client thread/INFO]: [CHAT] [ADMIN] VideoGameSmash12 [STA]: guys tp
[07:16:40] [Client thread/INFO]: [CHAT] <227456adam> help me
[07:16:40] [Client thread/INFO]: [CHAT] [ADMIN] XxChrisProxX [SA]: Welcome back, RedEastWood.
[07:16:41] [Client thread/INFO]: [CHAT] superariel95 was nifed by Tylercoco
[07:16:44] [Client thread/INFO]: [CHAT] [ADMIN] VideoGameSmash12 [STA]: i'm using cheat engine to speedhack
[07:16:49] [Client thread/INFO]: [CHAT] Tylercoco was nifed by superariel95
[07:16:52] [Client thread/INFO]: [CHAT] _microman_ left the game.
[07:16:57] [Client thread/INFO]: [CHAT] *  WURSTHACKER is now AFK.
[07:16:59] [Client thread/INFO]: [CHAT] [ADMIN] _Synthio [STA]: Why don't you just use a hacked client?
[07:17:03] [Client thread/INFO]: [CHAT] [ADMIN] VideoGameSmash12 [STA]: fuck that shit
[07:17:05] [Client thread/INFO]: [CHAT] [ADMIN] RedEastWood [STA]: Lagg
[07:17:05] [Client thread/INFO]: [CHAT] Zekrom1644763 left the game.
[07:17:07] [Client thread/INFO]: [CHAT] [ADMIN] VideoGameSmash12 [STA]: lol
[07:17:08] [Client thread/INFO]: [CHAT] XxChrisProxX - Purging all mobs
[07:17:09] [Client thread/INFO]: [CHAT] XxChrisProxX - Removing all server entities.
[07:17:10] [Client thread/INFO]: [CHAT] [STA] <VideoGameSmash12> ?
[07:17:17] [Client thread/INFO]: [CHAT] xIField - Removing all server entities.
[07:17:18] [Client thread/INFO]: [CHAT] xIField - Cleaning all nicknames
[07:17:21] [Client thread/INFO]: [CHAT] xIField - Purging all player data
[07:17:27] [Client thread/INFO]: [CHAT] Tylercoco was nifed by superariel95
[07:17:41] [Client thread/INFO]: [CHAT] Marius_Nightfire joined the game
[07:17:41] [Client thread/INFO]: [CHAT] Welcome Marius_Nightfire to the server!
[07:17:42] [Client thread/INFO]: [CHAT] XxChrisProxX - Opping all players on the server
[07:17:42] [Client thread/INFO]: [CHAT] You are now op!
[07:17:43] [Client thread/INFO]: [CHAT] xIField - Opping all players on the server
[07:17:43] [Client thread/INFO]: [CHAT] You are now op!
[07:17:43] [Client thread/INFO]: [CHAT] UYScutix - Opping all players on the server
[07:17:43] [Client thread/INFO]: [CHAT] You are now op!
[07:17:43] [Client thread/INFO]: [CHAT] Alosion - Opping all players on the server
[07:17:43] [Client thread/INFO]: [CHAT] You are now op!
[07:17:44] [Client thread/INFO]: [CHAT] [ADMIN] RedEastWood [STA]: I'm making a custom server
[07:17:46] [Client thread/INFO]: [CHAT] [ADMIN] Wild1145 [Dev]: Since when were signs enabled again?
[07:17:48] [Client thread/INFO]: [CHAT] [SA] < Lukas> wtf?
[07:17:49] [Client thread/INFO]: [CHAT] superariel95 has been a naughty, naughty boy.
[07:17:49] [Client thread/INFO]: [CHAT] superariel95 somehow died
[07:17:50] [Client thread/INFO]: [CHAT] Mr_LLukas - Opping all players on the server
[07:17:50] [Client thread/INFO]: [CHAT] You are now op!
[07:17:52] [Client thread/INFO]: [CHAT] [ADMIN] VideoGameSmash12 [STA]: a while ago
[07:17:52] [Client thread/INFO]: [CHAT] [Server:XxChrisProxX] Don't spawn kill.
[07:17:53] [Client thread/INFO]: [CHAT] XxChrisProxX - Opping all players on the server
[07:17:53] [Client thread/INFO]: [CHAT] You are now op!
[07:17:55] [Client thread/INFO]: [CHAT] [ADMIN] xIField [STA]: ^
[07:17:58] [Client thread/INFO]: [CHAT] [ADMIN] VideoGameSmash12 [STA]: noone's been using sign exploits
[07:17:59] [Client thread/INFO]: [CHAT] [ADMIN] UYScutix [SA]: they were enabled like 2 weeks ago or so
[07:17:59] [Client thread/INFO]: [CHAT] <Marius_Nightfire> ?
[07:18:04] [Client thread/INFO]: [CHAT] Tylercoco was nifed by superariel95
[07:18:09] [Client thread/INFO]: [CHAT] [ADMIN] Wild1145 [Dev]: So someone fucked around with my plugin while I Was on holiday
[07:18:12] [Client thread/INFO]: [CHAT] [ADMIN] Wild1145 [Dev]: Now I am pissed off
[07:18:14] [Client thread/INFO]: [CHAT] <Tylercoco> superariel95 is gmc pvping
[07:18:18] [Client thread/INFO]: [CHAT] superariel95 was nifed by LukaGamer457
[07:18:19] [Client thread/INFO]: [CHAT] <Crosal> nope
[07:18:21] [Client thread/INFO]: [CHAT] <Crosal> he isnt
[07:18:22] [Client thread/INFO]: [CHAT] [ADMIN] _Synthio [STA]: It was Mafrans
[07:18:23] [Client thread/INFO]: [CHAT] Set fly mode enabled for VideoGameSmash12.
[07:18:23] [Client thread/INFO]: [CHAT] <Crosal> he has /fly
[07:18:23] [Client thread/INFO]: [CHAT] <Tylercoco> he is
[07:18:24] [Client thread/INFO]: [CHAT] LukaGamer457 has been a naughty, naughty boy.
[07:18:24] [Client thread/INFO]: [CHAT] LukaGamer457 somehow died
[07:18:25] [Client thread/INFO]: [CHAT] <Crosal> i checked
[07:18:25] [Client thread/INFO]: [CHAT] LukaGamer457 has been a naughty, naughty boy.
[07:18:25] [Client thread/INFO]: [CHAT]   Reason: Broke section 3o of the conduct policy (Don't PvP in creative mode)
[07:18:28] [Client thread/INFO]: [CHAT] Set fly mode disabled for VideoGameSmash12.
[07:18:28] [Client thread/INFO]: [CHAT] [Server:xIField] LukaGamer457, No creative pvp
[07:18:29] [Client thread/INFO]: [CHAT] Gamemode set to creative.
[07:18:29] [Client thread/INFO]: [CHAT] xIField - Opping all players on the server
[07:18:29] [Client thread/INFO]: [CHAT] You are now op!
[07:18:31] [Client thread/INFO]: [CHAT] Set fly mode disabled for VideoGameSmash12.
[07:18:33] [Client thread/INFO]: [CHAT] Set fly mode enabled for VideoGameSmash12.
[07:18:35] [Client thread/INFO]: [CHAT] <227456adam> I need help tp to me if you what tohelp me
[07:18:38] [Client thread/INFO]: [CHAT] Tylercoco was nifed by superariel95
[07:18:44] [Client thread/INFO]: [CHAT] superariel95 has been a naughty, naughty boy.
[07:18:44] [Client thread/INFO]: [CHAT] superariel95 somehow died
[07:18:44] [Client thread/INFO]: [CHAT] superariel95 has been a naughty, naughty boy.
[07:18:44] [Client thread/INFO]: [CHAT]   Reason: Broke section 3o of the conduct policy (Don't PvP in creative mode)
[07:18:44] [Client thread/INFO]: [CHAT] superariel95 somehow died
[07:18:48] [Client thread/INFO]: [CHAT] xIField - Cleaning all nicknames
[07:18:48] [Client thread/INFO]: [CHAT] < Mostafa> :D
[07:18:48] [Client thread/INFO]: [CHAT] [ADMIN] VideoGameSmash12 [STA]: gtg
[07:18:49] [Client thread/INFO]: [CHAT] <Tylercoco> superariel95 is gmc pvping!!!!!!!!!!!!!