[03:02:49] [Client thread/INFO]: Connecting to play.totalfreedom.me., 28965
[03:02:50] [Client thread/INFO]: [CHAT] VideoGameSmash12 is a Telnet Admin and a Digital Form
[03:02:52] [Client thread/INFO]: [CHAT] VideoGameSmash12 joined the game
[03:02:52] [Client thread/INFO]: [CHAT] Welcome, VideoGameSmash12!
[03:02:52] [Client thread/INFO]: [CHAT] Type /help for a list of commands.
[03:02:52] [Client thread/INFO]: [CHAT] Do NOT open any books given to you by other players or you might be perm banned.
[03:02:52] [Client thread/INFO]: [CHAT] Do NOT click on signs that you didn’t make or you might be perm banned.
[03:02:52] [Client thread/INFO]: [CHAT] Remember to save your builds with World Edit or they’ll be lost.
[03:02:52] [Client thread/INFO]: [CHAT] You have no new mail.
[03:02:52] [Client thread/INFO]: [CHAT] Set fly mode enabled for VideoGameSmash12.
[03:02:52] [Client thread/INFO]: [CHAT] <Sotrinas> 1 v 1 ?
[03:02:52] [Client thread/INFO]: [CHAT] <ExplodingTnt> can i have cheese?
[03:02:55] [Client thread/INFO]: [CHAT] [Techno Crew] < Mafrans> hey video
[03:02:57] [Client thread/INFO]: [CHAT] < CrazyAndCooler> well that little 10 year olds outta the way, wana pvp?
[03:03:06] [Client thread/INFO]: [CHAT] fembert joined the game
[03:03:06] [Client thread/INFO]: [CHAT] Welcome fembert to the server!
[03:03:07] [Client thread/INFO]: [CHAT] [CyberBully] < LeafyIsHere> Hi everyone!!
[03:03:10] [Client thread/INFO]: [CHAT] <yoyo919> Justified
[03:03:12] [Client thread/INFO]: [CHAT] < CrazyAndCooler> im takin that as a yes
[03:03:13] [Client thread/INFO]: [CHAT] xRubyMC was slain by belkboys using [OP Sword]
[03:03:14] [Client thread/INFO]: [CHAT] <Justifed_> 1min
[03:03:17] [Client thread/INFO]: [CHAT] <yoyo919> k
[03:03:17] [Client thread/INFO]: [CHAT] Bimob_PVP joined the game
[03:03:18] [Client thread/INFO]: [CHAT] <belkboys> Sorry
[03:03:19] [Client thread/INFO]: [CHAT] <belkboys> :C
[03:03:21] [Client thread/INFO]: [CHAT] [STA] <xRubyMC> no
[03:03:22] [Client thread/INFO]: [CHAT] [STA] <xRubyMC> ;c
[03:03:23] [Client thread/INFO]: [CHAT] [ADMIN] VideoGameSmash12 [STA]: OMG - My laptop handles shaders
[03:03:23] [Client thread/INFO]: [CHAT] <yoyo919> BelkBoys
[03:03:26] [Client thread/INFO]: [CHAT] <yoyo919> Come pvp
[03:03:28] [Client thread/INFO]: [CHAT] < CrazyAndCooler> omg u ded man
[03:03:29] [Client thread/INFO]: [CHAT] <belkboys> NEI
[03:03:31] [Client thread/INFO]: [CHAT] <YoloNo05> heej alla hur mår ni
[03:03:31] [Client thread/INFO]: [CHAT] <ExplodingTnt> hey is there cheese?
[03:03:34] [Client thread/INFO]: [CHAT] <belkboys> it was an accident
[03:03:36] [Client thread/INFO]: [CHAT] Maymity was shot by LtNiner using [§2§lG§3§lo§4§ld §lS§5§lW§6§lO§7§lR§8§lD]
[03:03:37] [Client thread/INFO]: [CHAT] [Techno Crew] < Mafrans> hej yolo
[03:03:38] [Client thread/INFO]: [CHAT] [STA] <xRubyMC> i was not read tho
[03:03:40] [Client thread/INFO]: [CHAT] [STA] <xRubyMC> ready*
[03:03:40] [Client thread/INFO]: [CHAT] [Techno Crew] < Mafrans> jag mår bra
[03:03:42] [Client thread/INFO]: [CHAT] <LMN101> Mafrans
[03:03:43] [Client thread/INFO]: [CHAT] <yoyo919> Anyone wanna pvp?
[03:03:44] [Client thread/INFO]: [CHAT] <belkboys> i was running around pressing left click
[03:03:46] [Client thread/INFO]: [CHAT] <YoloNo05> vad bra
[03:04:03] [Client thread/INFO]: [CHAT] < CrazyAndCooler> lol get your suff ill get mine
[03:04:03] [Client thread/INFO]: [CHAT] [STA] <xRubyMC> ;-;
[03:04:03] [Client thread/INFO]: [CHAT] [Techno Crew] < Mafrans> ok lets stop talking swedish
[03:04:03] [Client thread/INFO]: [CHAT] Maymity was shot by LtNiner using [§2§lG§3§lo§4§ld §lS§5§lW§6§lO§7§lR§8§lD]
[03:04:03] [Client thread/INFO]: [CHAT] <YoloNo05> ok
[03:04:12] [Client thread/INFO]: [CHAT] Maymity left the game.
[03:04:15] [Client thread/INFO]: [CHAT] <ExplodingTnt> ill be afk .-.
[03:04:16] [Client thread/INFO]: [CHAT] <fembert> op me
[03:04:21] [Client thread/INFO]: [CHAT] belkboys - Opping fembert
[03:04:23] [Client thread/INFO]: [CHAT] YoloNo05 - Opping fembert
[03:04:24] [Client thread/INFO]: [CHAT] <yoyo919> dont hit me
[03:04:24] [Client thread/INFO]: [CHAT] PassTheKnife joined the game
[03:04:24] [Client thread/INFO]: [CHAT] Welcome PassTheKnife to the server!
[03:04:26] [Client thread/INFO]: [CHAT] Justifed_ - Opping fembert
[03:04:27] [Client thread/INFO]: [CHAT] <fembert> thanks
[03:04:27] [Client thread/INFO]: [CHAT] <yoyo919> let me hit u
[03:04:29] [Client thread/INFO]: [CHAT] <Justifed_> Why
[03:04:31] [Client thread/INFO]: [CHAT] [Techno Crew] < Mafrans> anyone remember LightWarp?
[03:04:32] [Client thread/INFO]: [CHAT] Justifed_ was killed trying to hurt yoyo919
[03:04:32] [Client thread/INFO]: [CHAT] YoloNo05 - Opping PassTheKnife
[03:04:37] [Client thread/INFO]: [CHAT] Justifed_ was shot by LtNiner using [§2§lG§3§lo§4§ld §lS§5§lW§6§lO§7§lR§8§lD]
[03:04:38] [Client thread/INFO]: [CHAT] [ADMIN] VideoGameSmash12 [STA]: damn
[03:04:38] [Client thread/INFO]: [CHAT] <yoyo919> Let me hit u!
[03:04:42] [Client thread/INFO]: [CHAT] <belkboys> is there a way i can increase my FOV cuz i feel like i have slowness V
[03:04:44] [Client thread/INFO]: [CHAT] [Techno Crew] < Mafrans> the guy that attempted to flag TF for being "racist"
[03:05:05] [Client thread/INFO]: [CHAT] < TheGamerWay> how to copy one block ?
[03:05:12] [Client thread/INFO]: [CHAT] <belkboys> middle mouse button
[03:05:18] [Client thread/INFO]: [CHAT] <belkboys> the scroll
[03:05:20] [Client thread/INFO]: [CHAT] <belkboys> click it
[03:05:21] [Client thread/INFO]: [CHAT] Erickpinto2016 joined the game
[03:05:22] [Client thread/INFO]: [CHAT] < TheGamerWay> no
[03:05:24] [Client thread/INFO]: [CHAT] Savage < PassTheKnife> hmmm
[03:05:27] [Client thread/INFO]: [CHAT] * fembert join my server play.RetroPrison.net
[03:05:28] [Client thread/INFO]: [CHAT] fembert left the game.
[03:05:28] [Client thread/INFO]: [CHAT] <belkboys> umm
[03:05:29] [Client thread/INFO]: [CHAT] <belkboys> press
[03:05:35] [Client thread/INFO]: [CHAT] <yoyo919> Justified
[03:05:39] [Client thread/INFO]: [CHAT] [Reporter] < LineQuard> He joins and leaves
[03:05:39] [Client thread/INFO]: [CHAT] <yoyo919> Come i wanna killu
[03:05:40] [Client thread/INFO]: [CHAT] <belkboys> ctrl + middle mouse button
[03:05:44] [Client thread/INFO]: [CHAT] <Sotrinas> olololo
[03:05:46] [Client thread/INFO]: [CHAT] <yoyo919> Brb
[03:05:47] [Client thread/INFO]: [CHAT] <Sotrinas> SE my inv
[03:05:48] [Client thread/INFO]: [CHAT] Legendary_YT joined the game
[03:05:48] [Client thread/INFO]: [CHAT] Welcome Legendary_YT to the server!
[03:05:49] [Client thread/INFO]: [CHAT] [Techno Crew] < Mafrans> lel
[03:05:57] [Client thread/INFO]: [CHAT] [Reporter] < LineQuard> Welcome legenday
[03:05:57] [Client thread/INFO]: [CHAT] [Techno Crew] < Mafrans> fembert is so banned
[03:06:01] [Client thread/INFO]: [CHAT] <belkboys> ._.
[03:06:01] [Client thread/INFO]: [CHAT] YoloNo05 left the game.
[03:06:02] [Client thread/INFO]: [CHAT] [Techno Crew] < Mafrans> thats against the rules
[03:06:06] [Client thread/INFO]: [CHAT] <Bimob_PVP> invsee me
[03:06:09] [Client thread/INFO]: [CHAT] Savage < PassTheKnife> whats the command for a suffix
[03:06:12] [Client thread/INFO]: [CHAT] <yoyo919> hold up
[03:06:12] [Client thread/INFO]: [CHAT] Savage < PassTheKnife> not a prefix
[03:06:16] [Client thread/INFO]: [CHAT] MarkopLayer joined the game
[03:06:17] [Client thread/INFO]: [CHAT] Welcome MarkopLayer to the server!
[03:06:17] [Client thread/INFO]: [CHAT] [Techno Crew] < Mafrans> fun fact, its galahads fav rule
[03:06:20] [Client thread/INFO]: [CHAT] [ADMIN] VideoGameSmash12 [STA]: Dmn
[03:06:23] [Client thread/INFO]: [CHAT] [Techno Crew] < Mafrans> you cant use suffixes
[03:06:23] [Client thread/INFO]: [CHAT] [ADMIN] VideoGameSmash12 [STA]: This looks awesome
[03:06:25] [Client thread/INFO]: [CHAT] Savage < PassTheKnife> rip
[03:06:31] [Client thread/INFO]: [CHAT] Maymity joined the game
[03:06:31] [Client thread/INFO]: [CHAT] [ADMIN] VideoGameSmash12 [STA]: For a Dual Core celeron
[03:06:35] [Client thread/INFO]: [CHAT] Atomska joined the game
[03:06:35] [Client thread/INFO]: [CHAT] Welcome Atomska to the server!
[03:06:43] [Client thread/INFO]: [CHAT] [ADMIN] VideoGameSmash12 [STA]: this fucking laptop is being pushed to the very edge
[03:06:49] [Client thread/INFO]: [CHAT] < CrazyAndCooler> lez go
[03:06:51] [Client thread/INFO]: [CHAT] Bimob_PVP was slain by LtNiner using [§2§lG§3§lo§4§ld §lS§5§lW§6§lO§7§lR§8§lD]
[03:06:55] [Client thread/INFO]: [CHAT] OxLemonxO left the game.
[03:06:56] [Client thread/INFO]: [CHAT] < CrazyAndCooler> 33333
[03:06:59] [Client thread/INFO]: [CHAT] <belkboys> Ruby can i have a god kit?
[03:06:59] [Client thread/INFO]: [CHAT] * Legendary_YT Watch our video with preston
[03:07:00] [Client thread/INFO]: [CHAT] < CrazyAndCooler> 2222222222
[03:07:03] [Client thread/INFO]: [CHAT] [ADMIN] VideoGameSmash12 [STA]: And it isn't even overclocked
[03:07:03] [Client thread/INFO]: [CHAT] <yoyo919> Bimob
[03:07:03] [Client thread/INFO]: [CHAT] [Sotrinas: Object successfully summoned]
[03:07:04] [Client thread/INFO]: [CHAT] <belkboys> please
[03:07:05] [Client thread/INFO]: [CHAT] <yoyo919> Come bak
[03:07:05] [Client thread/INFO]: [CHAT] [STA] <xRubyMC> lol
[03:07:06] [Client thread/INFO]: [CHAT] < CrazyAndCooler> 1111111111111111
[03:07:09] [Client thread/INFO]: [CHAT] <belkboys> ok no :C
[03:07:09] [Client thread/INFO]: [CHAT] <yoyo919> ill smash u
[03:07:11] [Client thread/INFO]: [CHAT] [Sotrinas: Object successfully summoned]
[03:07:13] [Client thread/INFO]: [CHAT] < CrazyAndCooler> u ded lol
[03:07:20] [Client thread/INFO]: [CHAT] <yoyo919> brb
[03:07:21] [Client thread/INFO]: [CHAT] xRubyMC was shot by Crazy_And_Cooler using [§lG§eO§aD §lB§2O§bW an arrow shot by §l§cGOD §fKilled You]
[03:07:23] [Client thread/INFO]: [CHAT] < CrazyAndCooler> lol
[03:07:24] [Client thread/INFO]: [CHAT] [Sotrinas: Object successfully summoned]
[03:07:27] [Client thread/INFO]: [CHAT] [Savage] < PassTheKnife> ded
[03:07:30] [Client thread/INFO]: [CHAT] [STA] <xRubyMC> wtfwtf
[03:07:31] [Client thread/INFO]: [CHAT] [Sotrinas: Object successfully summoned]
[03:07:31] [Client thread/INFO]: [CHAT] [Sotrinas: Object successfully summoned]
[03:07:31] [Client thread/INFO]: [CHAT] < CrazyAndCooler> aimed itaway rom u
[03:07:31] [Client thread/INFO]: [CHAT] [Sotrinas: Object successfully summoned]
[03:07:31] [Client thread/INFO]: [CHAT] [Sotrinas: Object successfully summoned]
[03:07:34] [Client thread/INFO]: [CHAT] [Sotrinas: Object successfully summoned]
[03:07:35] [Client thread/INFO]: [CHAT] CaralaHD joined the game
[03:07:35] [Client thread/INFO]: [CHAT] [STA] <xRubyMC> i was not ready! D:
[03:07:38] [Client thread/INFO]: [CHAT] * CaralaHD mori007 myserver gs WITH THE BEST PLUGIN Totalfreedommod 1.8.3
[03:07:40] [Client thread/INFO]: [CHAT] CaralaHD left the game.
[03:07:40] [Client thread/INFO]: [CHAT] < CrazyAndCooler> you walked right into it
[03:07:41] [Client thread/INFO]: [CHAT] [Techno Crew] < Mafrans> dont spam summon please
[03:07:44] [Client thread/INFO]: [CHAT] < TheGamerWay> ./tp TheGamerWay MLG stuff
[03:07:52] [Client thread/INFO]: [CHAT] <belkboys> ow
[03:07:53] [Client thread/INFO]: [CHAT] [Sotrinas: Object successfully summoned]
[03:07:55] [Client thread/INFO]: [CHAT] < CrazyAndCooler> that is my specil tecniqe
[03:07:56] [Client thread/INFO]: [CHAT] Crazy_And_Cooler was shot by LtNiner using [§2§lG§3§lo§4§ld §lS§5§lW§6§lO§7§lR§8§lD]
[03:07:57] [Client thread/INFO]: [CHAT] <belkboys> is that you yoyo
[03:08:00] [Client thread/INFO]: [CHAT] [Sotrinas: Object successfully summoned]
[03:08:00] [Client thread/INFO]: [CHAT] [Sotrinas: Object successfully summoned]
[03:08:00] [Client thread/INFO]: [CHAT] [Sotrinas: Object successfully summoned]
[03:08:03] [Client thread/INFO]: [CHAT] <belkboys> in the obsidian box?
[03:08:03] [Client thread/INFO]: [CHAT] [Techno Crew] < Mafrans> rubeh
[03:08:06] [Client thread/INFO]: [CHAT] < TheGamerWay> who need MLG stuff ?
[03:08:06] [Client thread/INFO]: [CHAT] [Techno Crew] < Mafrans> ban CaralaHD
[03:08:11] [Client thread/INFO]: [CHAT] < CrazyAndCooler> dafauk?
[03:08:13] [Client thread/INFO]: [CHAT] [Techno Crew] < Mafrans> joined and advertised
[03:08:17] [Client thread/INFO]: [CHAT] <Sotrinas> gtfo
[03:08:19] [Client thread/INFO]: [CHAT] <belkboys> BYE
[03:08:22] [Client thread/INFO]: [CHAT] [Techno Crew] < Mafrans> das a glist ban
[03:08:24] [Client thread/INFO]: [CHAT] <belkboys> gonna change to WURST versions
[03:08:26] [Client thread/INFO]: [CHAT] < CrazyAndCooler> NINER!!!
[03:08:27] [Client thread/INFO]: [CHAT] mastr44 joined the game
[03:08:27] [Client thread/INFO]: [CHAT] Welcome mastr44 to the server!
[03:08:28] [Client thread/INFO]: [CHAT] < TheGamerWay> ./tp TheGamerWay MLG stuff
[03:08:29] [Client thread/INFO]: [CHAT] belkboys left the game.
[03:08:29] [Client thread/INFO]: [CHAT] Crazy_And_Cooler was killed trying to hurt LtNiner
[03:08:31] [Client thread/INFO]: [CHAT] < TheGamerWay> who need MLG stuff ?
[03:08:33] [Client thread/INFO]: [CHAT] < TheGamerWay> ./tp TheGamerWay MLG stuff
[03:08:33] [Client thread/INFO]: [CHAT] <LtNiner> sorry xD
[03:08:34] [Client thread/INFO]: [CHAT] < TheGamerWay> who need MLG stuff ?
[03:08:38] [Client thread/INFO]: [CHAT] <Sotrinas> ME
[03:08:38] [Client thread/INFO]: [CHAT] [Techno Crew] < Mafrans> stop spamming
[03:08:39] [Client thread/INFO]: [CHAT] <Sotrinas> i needd
[03:08:39] [Client thread/INFO]: [CHAT] LineQuard - Opping mastr44
[03:08:40] [Client thread/INFO]: [CHAT] < TheGamerWay> ./tp TheGamerWay MLG stuff
[03:08:47] [Client thread/INFO]: [CHAT] <SansDaError> ./warp PutOnClothsHere