[21:07:44] [Client thread/INFO]: Connecting to play.totalfreedom.me., 28965
[21:07:50] [Client thread/INFO]: [CHAT] VideoGameSmash12 is a Telnet Admin
[21:07:50] [Client thread/INFO]: [CHAT] VideoGameSmash12 joined the game
[21:07:53] [Client thread/INFO]: [CHAT] Welcome, VideoGameSmash12!
[21:07:53] [Client thread/INFO]: [CHAT] Type /help for a list of commands.
[21:07:53] [Client thread/INFO]: [CHAT] Do NOT open any books given to you by other players or you might be perm banned.
[21:07:53] [Client thread/INFO]: [CHAT] Remember to save your builds with World Edit or they’ll be lost.
[21:07:53] [Client thread/INFO]: [CHAT] You have no new mail.
[21:07:53] [Client thread/INFO]: [CHAT] Welcome VideoGameSmash12 to the server!
[21:07:53] [Client thread/INFO]: [CHAT] PATDAPRO fell from a high place
[21:07:55] [Client thread/INFO]: [CHAT] < SkythekidRS> ya
[21:08:00] [Client thread/INFO]: [CHAT] < TheDarkKnight> ok dne
[21:08:01] [Client thread/INFO]: [CHAT] PATDAPRO was slain by JugglingD
[21:08:04] [Client thread/INFO]: [CHAT] CommandSpy enabled.
[21:08:08] [Client thread/INFO]: [CHAT] <PATDAPRO> Creative killer
[21:08:09] [Client thread/INFO]: [CHAT] < TheDarkKnight> and can that defeat me?
[21:08:09] [Client thread/INFO]: [CHAT] [AntiBad] <ANGRYKITTYS06> If you mean go upwards then you must get hacks
[21:08:11] [Client thread/INFO]: [CHAT] DerpyRedstoner10: /nick &c&lDerpy&4&lRedstoner&c&l10
[21:08:12] [Client thread/INFO]: [CHAT] PATDAPRO: /warp elytra
[21:08:13] [Client thread/INFO]: [CHAT] Sharp_Tail: /kit owner
[21:08:13] [Client thread/INFO]: [CHAT] JugglingD: /fly
[21:08:13] [Client thread/INFO]: [CHAT] TBNRbaby: /skin change Super Man
[21:08:14] [Client thread/INFO]: [CHAT] TBNRbaby: /skin change Super Man
[21:08:16] [Client thread/INFO]: [CHAT] TBNRbaby: /skin change Super Man
[21:08:17] [Client thread/INFO]: [CHAT] TBNRbaby: /skin change Super Man
[21:08:17] [Client thread/INFO]: [CHAT] McDjGirl: /warp besthouseever
[21:08:19] [Client thread/INFO]: [CHAT] Received kit admintools.
[21:08:19] [Client thread/INFO]: [CHAT] TheDJCreeperYT joined the game
[21:08:22] [Client thread/INFO]: [CHAT] TBNRbaby: /skin change Super Man
[21:08:22] [Client thread/INFO]: [CHAT] JugglingD: /invsee tvcow
[21:08:24] [Client thread/INFO]: [CHAT] TBNRbaby: /skin change Super Man
[21:08:24] [Client thread/INFO]: [CHAT] TBNRbaby: /skin change Super Man
[21:08:25] [Client thread/INFO]: [CHAT] TBNRbaby: /skin change Super Man
[21:08:25] [Client thread/INFO]: [CHAT] TVCowner was slain by JugglingD
[21:08:25] [Client thread/INFO]: [CHAT] TBNRbaby: /skin change Super Man
[21:08:25] [Client thread/INFO]: [CHAT] TheDJCreeperYT: /tp ANGRYKITTYS06
[21:08:26] [Client thread/INFO]: [CHAT] < DerpyRedstoner10> how u get side ting?
[21:08:26] [Client thread/INFO]: [CHAT] No block edits at that location.
[21:08:26] [Client thread/INFO]: [CHAT] Block edits at (x9387, y61, z-280):
[21:08:26] [Client thread/INFO]: [CHAT]  - VideoGameSmash12 placed Emerald_block
[21:08:28] [Client thread/INFO]: [CHAT] < TheDarkKnight> you disgust me
[21:08:28] [Client thread/INFO]: [CHAT] TBNRbaby: /skin change Super Man
[21:08:30] [Client thread/INFO]: [CHAT] KingAlingAling: //set wooden_trapdoor
[21:08:30] [Client thread/INFO]: [CHAT] skyisawsome908: /height
[21:08:32] [Client thread/INFO]: [CHAT] PATDAPRO fell from a high place
[21:08:32] [Client thread/INFO]: [CHAT] Teleporting...
[21:08:34] [Client thread/INFO]: [CHAT] [AntiBad] <ANGRYKITTYS06> ?
[21:08:36] [Client thread/INFO]: [CHAT] PATDAPRO: /back
[21:08:37] [Client thread/INFO]: [CHAT] KingAlingAling: //set 96
[21:08:38] [Client thread/INFO]: [CHAT] TVCowner: /creative
[21:08:38] [Client thread/INFO]: [CHAT] ANGRYKITTYS06: /up 256
[21:08:40] [Client thread/INFO]: [CHAT] DerpyRedstoner10: /tp Superman1234321 Superman1234321
[21:08:40] [Client thread/INFO]: [CHAT] TVCowner: /back
[21:08:40] [Client thread/INFO]: [CHAT] DerpyRedstoner10: /tp Superman1234321 Superman1234321
[21:08:41] [Client thread/INFO]: [CHAT] Superman1234321: /heal
[21:08:41] [Client thread/INFO]: [CHAT] ANGRYKITTYS06: /up 257
[21:08:42] [Client thread/INFO]: [CHAT] DerpyRedstoner10: /tp Superman1234321 Superman1234321
[21:08:42] [Client thread/INFO]: [CHAT] DerpyRedstoner10: /tp Superman1234321 Superman1234321
[21:08:43] [Client thread/INFO]: [CHAT] DerpyRedstoner10: /tp Superman1234321 Superman1234321
[21:08:44] [Client thread/INFO]: [CHAT] JugglingD: /clearinventory sharp
[21:08:45] [Client thread/INFO]: [CHAT] PATDAPRO: /warp elytra
[21:08:46] [Client thread/INFO]: [CHAT] KingAlingAling: /gmc
[21:08:46] [Client thread/INFO]: [CHAT] TBNRbaby: /nick &1&lSUper&4&lMan
[21:08:48] [Client thread/INFO]: [CHAT] Sharp_Tail: /kit owner
[21:08:49] [Client thread/INFO]: [CHAT] DerpyRedstoner10, Dinnerbone
[21:08:50] [Client thread/INFO]: [CHAT] DerpyRedstoner10 has been a naughty, naughty boy.
[21:08:50] [Client thread/INFO]: [CHAT] DerpyRedstoner10 died
[21:08:50] [Client thread/INFO]: [CHAT] ANGRYKITTYS06: /fly
[21:08:52] [Client thread/INFO]: [CHAT] TBNRbaby: /nick &1&lSper&4&lMan
[21:08:52] [Client thread/INFO]: [CHAT] PATDAPRO: /creative
[21:08:53] [Client thread/INFO]: [CHAT] KingAlingAling: //set 167
[21:08:56] [Client thread/INFO]: [CHAT] AdamPlayzzz: /clear bigboypadilla
[21:08:56] [Client thread/INFO]: [CHAT] TBNRbaby: /nick &1&lSuper&4&lMan
[21:08:57] [Client thread/INFO]: [CHAT] PATDAPRO: /speed 1
[21:09:04] [Client thread/INFO]: [CHAT] TVCowner: /gamerule keepInventory true
[21:09:04] [Client thread/INFO]: [CHAT] * cnazian is no longer AFK.
[21:09:04] [Client thread/INFO]: [CHAT] [Server:VideoGameSmash12] You're preforming an act of trolling.
[21:09:05] [Client thread/INFO]: [CHAT] < DerpyRedstoner10> ummmm
[21:09:06] [Client thread/INFO]: [CHAT] JugglingD: /creative
[21:09:06] [Client thread/INFO]: [CHAT] TheDJCreeperYT: /potion
[21:09:07] [Client thread/INFO]: [CHAT] skyisawsome908: /gms
[21:09:07] [Client thread/INFO]: [CHAT] AdamPlayzzz, ANGRYKITTYS06
[21:09:08] [Client thread/INFO]: [CHAT] AdamPlayzzz has been a naughty, naughty boy.
[21:09:08] [Client thread/INFO]: [CHAT] AdamPlayzzz died
[21:09:11] [Client thread/INFO]: [CHAT] skyisawsome908 fell from a high place
[21:09:11] [Client thread/INFO]: [CHAT] TheDJCreeperYT: /potion TheDJCreeperYT
[21:09:13] [Client thread/INFO]: [CHAT] < DerpyRedstoner10> xD
[21:09:14] [Client thread/INFO]: [CHAT] PATDAPRO: /survival
[21:09:15] [Client thread/INFO]: [CHAT] TBNRbaby: /tag set &0[&eJustice Leauge&0]
[21:09:16] [Client thread/INFO]: [CHAT] skyisawsome908: /back
[21:09:16] [Client thread/INFO]: [CHAT] JugglingD: /survival
[21:09:17] [Client thread/INFO]: [CHAT] Invisible players (1): TheDJCreeperYT
[21:09:18] [Client thread/INFO]: [CHAT] skyisawsome908: /gmc
[21:09:18] [Client thread/INFO]: [CHAT] ANGRYKITTYS06: /up 257
[21:09:18] [Client thread/INFO]: [CHAT] < bigboypadilla> who keeps clearing my invintory ADMINS SOME ONE KEEPS CLEARING MY INVINTORY sorry caps
[21:09:21] [Client thread/INFO]: [CHAT] Superman1234321: /gmc
[21:09:22] [Client thread/INFO]: [CHAT] JugglingD: /clearinventory sharp
[21:09:22] [Client thread/INFO]: [CHAT] AdamPlayzzz: /warp water hole
[21:09:23] [Client thread/INFO]: [CHAT] Sharp_Tail: /kit owner
[21:09:23] [Client thread/INFO]: [CHAT] TheDJCreeperYT: /potion clear
[21:09:23] [Client thread/INFO]: [CHAT] TVCowner: /clear
[21:09:24] [Client thread/INFO]: [CHAT] PATDAPRO: /speed 1
[21:09:24] [Client thread/INFO]: [CHAT] DerpyRedstoner10: /creative
[21:09:25] [Client thread/INFO]: [CHAT] cnazian, ComradeUshanka, Connorsmashflash, CrotinaGamer
[21:09:26] [Client thread/INFO]: [CHAT] Mv_ joined the game
[21:09:26] [Client thread/INFO]: [CHAT] Welcome Mv_ to the server!
[21:09:26] [Client thread/INFO]: [CHAT] TheDJCreeperYT: /potion TheDJCreeperYT
[21:09:26] [Client thread/INFO]: [CHAT] skyisawsome908: /gms
[21:09:26] [Client thread/INFO]: [CHAT] JugglingD: /fly
[21:09:27] [Client thread/INFO]: [CHAT] PATDAPRO: /creative
[21:09:28] [Client thread/INFO]: [CHAT] AdamPlayzzz: /warp water hole
[21:09:29] [Client thread/INFO]: [CHAT] cnazian: /kti owner
[21:09:31] [Client thread/INFO]: [CHAT] TVCowner: /op mv_
[21:09:31] [Client thread/INFO]: [CHAT] TVCowner - Opping Mv_
[21:09:34] [Client thread/INFO]: [CHAT] cnazian: /kit owner
[21:09:34] [Client thread/INFO]: [CHAT] [Server:VideoGameSmash12] Hey.
[21:09:36] [Client thread/INFO]: [CHAT] AdamPlayzzz: /tp bigboypadilla
[21:09:36] [Client thread/INFO]: [CHAT] ANGRYKITTYS06: /up 257
[21:09:37] [Client thread/INFO]: [CHAT] Sharp_Tail: //replace dirt
[21:09:38] [Client thread/INFO]: [CHAT] TBNRbaby: /invsee cnazian
[21:09:40] [Client thread/INFO]: [CHAT] skyisawsome908: /gmc
[21:09:41] [Client thread/INFO]: [CHAT] TVCowner: /spawn
[21:09:42] [Client thread/INFO]: [CHAT] TheDJCreeperYT: /potion add invisibility
[21:09:42] [Client thread/INFO]: [CHAT] < TheDarkKnight> hey tvcowoner lets pvp
[21:09:42] [Client thread/INFO]: [CHAT] Sharp_Tail: //sel dirt
[21:09:43] [Client thread/INFO]: [CHAT] AdamPlayzzz: /tpa bigboypadilla
[21:09:43] [Client thread/INFO]: [CHAT] TheDJCreeperYT: /potion add invisibility 1
[21:09:44] [Client thread/INFO]: [CHAT] Mv_ left the game.
[21:09:44] [Client thread/INFO]: [CHAT] JugglingD: /tp tvcow
[21:09:47] [Client thread/INFO]: [CHAT] TVCowner: /clear bigboypadilla
[21:09:49] [Client thread/INFO]: [CHAT] Musebrat2 was slain by XxBattlexBossxX using [A Bananna]
[21:09:50] [Client thread/INFO]: [CHAT] TBNRbaby: /i Invis Potion
[21:09:52] [Client thread/INFO]: [CHAT] [Server:VideoGameSmash12] Stop your shit whoever is invis PVPing.
[21:09:54] [Client thread/INFO]: [CHAT] TheDJCreeperYT: /potion add invisibility 1000000 255 TheDJCreeperYT
[21:09:54] [Client thread/INFO]: [CHAT] PATDAPRO: /survival
[21:09:54] [Client thread/INFO]: [CHAT] TBNRbaby: /i InvisPotion
[21:09:56] [Client thread/INFO]: [CHAT] AdamPlayzzz: /opall
[21:09:57] [Client thread/INFO]: [CHAT] TVCowner: /invis
[21:09:58] [Client thread/INFO]: [CHAT] DerpyRedstoner10: /gamemode 1
[21:09:59] [Client thread/INFO]: [CHAT] Musebrat2 was slain by XxBattlexBossxX using [A Bananna]
[21:09:59] [Client thread/INFO]: [CHAT] ANGRYKITTYS06: /up 257
[21:09:59] [Client thread/INFO]: [CHAT] TBNRbaby, TheDJCreeperYT, ThePheonixZone, TVCowner
[21:10:00] [Client thread/INFO]: [CHAT] TBNRbaby, TheDJCreeperYT, ThePheonixZone, TVCowner
[21:10:00] [Client thread/INFO]: [CHAT] DerpyRedstoner10 was slain by JugglingD using [Gotham Justice]
[21:10:01] [Client thread/INFO]: [CHAT] Teleporting...
[21:10:01] [Client thread/INFO]: [CHAT] Dinnerbone: /plugins
[21:10:03] [Client thread/INFO]: [CHAT] TVCowner: /invis
[21:10:04] [Client thread/INFO]: [CHAT] Sharp_Tail: //sphere dirt 10
[21:10:04] [Client thread/INFO]: [CHAT] AdamPlayzzz: /op AdamPlayzzz
[21:10:05] [Client thread/INFO]: [CHAT] ANGRYKITTYS06: /setwarp falling..
[21:10:05] [Client thread/INFO]: [CHAT] Superman1234321: /gms gocu
[21:10:07] [Client thread/INFO]: [CHAT] <cnazian> it hatman
[21:10:08] [Client thread/INFO]: [CHAT] Returning to previous location.
[21:10:09] [Client thread/INFO]: [CHAT] JugglingD: /clearinventory cnazian
[21:10:09] [Client thread/INFO]: [CHAT] Mv_ joined the game
[21:10:10] [Client thread/INFO]: [CHAT] <cnazian> batman
[21:10:10] [Client thread/INFO]: [CHAT] <Superman1234321> op me/
[21:10:11] [Client thread/INFO]: [CHAT] <AdamPlayzzz> op me pls
[21:10:12] [Client thread/INFO]: [CHAT] DerpyRedstoner10: /creative
[21:10:13] [Client thread/INFO]: [CHAT] JugglingD was slain by XxBattlexBossxX using [A Bananna]
[21:10:13] [Client thread/INFO]: [CHAT] ANGRYKITTYS06: /warp afk
[21:10:13] [Client thread/INFO]: [CHAT] Musebrat2 was slain by XxBattlexBossxX using [A Bananna]
[21:10:14] [Client thread/INFO]: [CHAT] TVCowner: /op Superman1234321
[21:10:14] [Client thread/INFO]: [CHAT] TVCowner - Opping Superman1234321
[21:10:15] [Client thread/INFO]: [CHAT] VideoGameSmash12 - Cleared all potion effects from all players
[21:10:16] [Client thread/INFO]: [CHAT] Sharp_Tail: //sphere dirt 10 10
[21:10:16] [Client thread/INFO]: [CHAT] <Superman1234321> plz
[21:10:17] [Client thread/INFO]: [CHAT] TBNRbaby: /skin SuperBoy
[21:10:18] [Client thread/INFO]: [CHAT] Mv_ left the game.
[21:10:20] [Client thread/INFO]: [CHAT] [BanannaKING] < DinnerBone> there should be an anti-invis plugin.
[21:10:20] [Client thread/INFO]: [CHAT] DerpyRedstoner10: /creative
[21:10:20] [Client thread/INFO]: [CHAT] bigboypadilla: /bal
[21:10:21] [Client thread/INFO]: [CHAT] JugglingD: /clearinventory battle
[21:10:24] [Client thread/INFO]: [CHAT] ANGRYKITTYS06: /spawn
[21:10:24] [Client thread/INFO]: [CHAT] TBNRbaby: /skin change Super Boy
[21:10:25] [Client thread/INFO]: [CHAT] TVCowner: /pvp
[21:10:25] [Client thread/INFO]: [CHAT] < DerpyRedstoner10> can i be Opped?
[21:10:26] [Client thread/INFO]: [CHAT] VideoGameSmash12 - Cleared all potion effects from all players
[21:10:26] [Client thread/INFO]: [CHAT] JugglingD: /creative
[21:10:27] [Client thread/INFO]: [CHAT] TVCowner: /kit
[21:10:31] [Client thread/INFO]: [CHAT] TVCowner: /op DerpyRedstoner10
[21:10:31] [Client thread/INFO]: [CHAT] TVCowner - Opping DerpyRedstoner10
[21:10:33] [Client thread/INFO]: [CHAT] <Superman1234321> me too?
[21:10:39] [Client thread/INFO]: [CHAT] <TVCowner> u are
[21:10:39] [Client thread/INFO]: [CHAT] DerpyRedstoner10: /nick &c&lDerpy&4&lRedstoner&c&l10
[21:10:41] [Client thread/INFO]: [CHAT] Superman1234321: /op
[21:10:42] [Client thread/INFO]: [CHAT] cnazian: /skin change Batman
[21:10:44] [Client thread/INFO]: [CHAT] < bigboypadilla> no anti invis plugin hmmm
[21:10:44] [Client thread/INFO]: [CHAT] [AntiBad] <ANGRYKITTYS06> "DinnerBone" INvisible is allowed just not for trolling purposes
[21:10:45] [Client thread/INFO]: [CHAT] TheDJCreeperYT: /speed 1
[21:10:46] [Client thread/INFO]: [CHAT] Players nearby: foxtails77(12m), CrotinaGamer(12m),  COMRADEUSHANKA(29m), Connorsmashflash(89m),  SuperMan(14m), XxBattlexBossxX(13m), ThePheonixZone(6m),  DinnerBone(39m), Superman1234321(57m), gocu(56m), ANGRYKITTYS06(6m), TheDJCreeperYT(80m), TVCowner(3m), cnazian(10m),  DerpyRedstoner10(40m),  TheDarkKnight(9m), Musebrat2(9m)
[21:10:46] [Client thread/INFO]: [CHAT] <Superman1234321> thx
[21:10:48] [Client thread/INFO]: [CHAT] GhostFly64: /who SkythekidRS
[21:10:49] [Client thread/INFO]: [CHAT] <cnazian> im batman
[21:10:51] [Client thread/INFO]: [CHAT] [BanannaKING] < DinnerBone> ok
[21:10:53] [Client thread/INFO]: [CHAT] PATDAPRO: /creative
[21:10:54] [Client thread/INFO]: [CHAT] ANGRYKITTYS06: /fly
[21:10:55] [Client thread/INFO]: [CHAT] TVCowner: /vanish
[21:10:56] [Client thread/INFO]: [CHAT] skyisawsome908: /gms
[21:10:56] [Client thread/INFO]: [CHAT] bigboypadilla: /tp dinnerbone
[21:10:57] [Client thread/INFO]: [CHAT] KingAlingAling: //set stone_brick
[21:10:59] [Client thread/INFO]: [CHAT] PATDAPRO: /warp elytra
[21:11:01] [Client thread/INFO]: [CHAT] < bigboypadilla> dinnerbone
[21:11:01] [Client thread/INFO]: [CHAT] TBNRbaby: /skin Robin
[21:11:01] [Client thread/INFO]: [CHAT] TVCowner: /kill ThePheonixZone
[21:11:03] [Client thread/INFO]: [CHAT] KingAlingAling: /gms
[21:11:04] [Client thread/INFO]: [CHAT] AdamPlayzzz, ANGRYKITTYS06
[21:11:04] [Client thread/INFO]: [CHAT] JugglingD: /survival
[21:11:04] [Client thread/INFO]: [CHAT] AdamPlayzzz, ANGRYKITTYS06
[21:11:05] [Client thread/INFO]: [CHAT] KingAlingAling: /fly
[21:11:05] [Client thread/INFO]: [CHAT] TBNRbaby: /skin change Robin
[21:11:06] [Client thread/INFO]: [CHAT] cnazian was slain by JugglingD using [Gotham Justice]
[21:11:06] [Client thread/INFO]: [CHAT] skyisawsome908: /ww
[21:11:06] [Client thread/INFO]: [CHAT] KingAlingAling: /fly
[21:11:08] [Client thread/INFO]: [CHAT] [Server:VideoGameSmash12] ANGRYKITTYS06 is correct.
[21:11:08] [Client thread/INFO]: [CHAT] <PATDAPRO> Someone greifed
[21:11:09] [Client thread/INFO]: [CHAT] skyisawsome908: /tp JugglingD
[21:11:09] [Client thread/INFO]: [CHAT] TVCowner: /xp
[21:11:12] [Client thread/INFO]: [CHAT]  ====== WhoIs: JugglingD ======
[21:11:12] [Client thread/INFO]: [CHAT]  - Nick:  TheDarkKnight
[21:11:12] [Client thread/INFO]: [CHAT]  - Health: 20/20
[21:11:12] [Client thread/INFO]: [CHAT]  - Hunger: 20/20 (+5 saturation)
[21:11:12] [Client thread/INFO]: [CHAT]  - Exp: 0 (Level 0)
[21:11:12] [Client thread/INFO]: [CHAT]  - Location: (flatlands, 43, 52, 36)
[21:11:12] [Client thread/INFO]: [CHAT]  - Money: $0
[21:11:12] [Client thread/INFO]: [CHAT]  - IP Address: /121.54.127.38
[21:11:12] [Client thread/INFO]: [CHAT]  - Gamemode: survival
[21:11:12] [Client thread/INFO]: [CHAT]  - God mode: false
[21:11:12] [Client thread/INFO]: [CHAT]  - OP: true
[21:11:12] [Client thread/INFO]: [CHAT]  - Fly mode: false (not flying)
[21:11:12] [Client thread/INFO]: [CHAT]  - AFK: false
[21:11:12] [Client thread/INFO]: [CHAT]  - Jail: false
[21:11:12] [Client thread/INFO]: [CHAT]  - Muted: false
[21:11:13] [Client thread/INFO]: [CHAT] DerpyRedstoner10: /tag add &0&l[&c&lAdmin&0&l]
[21:11:15] [Client thread/INFO]: [CHAT] cnazian was slain by JugglingD using [Gotham Justice]
[21:11:16] [Client thread/INFO]: [CHAT] XxBattlexBossxX left the game.
[21:11:16] [Client thread/INFO]: [CHAT] TVCowner: /xp 3SDD3
[21:11:18] [Client thread/INFO]: [CHAT] < bigboypadilla> why are do you have a sword named banana
[21:11:19] [Client thread/INFO]: [CHAT] Musebrat2 was slain by JugglingD using [Gotham Justice]
[21:11:19] [Client thread/INFO]: [CHAT] XxBattlexBossxX joined the game
[21:11:19] [Client thread/INFO]: [CHAT] ANGRYKITTYS06: /tp 47 30000000 43
[21:11:19] [Client thread/INFO]: [CHAT] TBNRbaby: /nick &a&lRo&4&lBin
[21:11:21] [Client thread/INFO]: [CHAT] cnazian was slain by JugglingD using [Gotham Justice]
[21:11:22] [Client thread/INFO]: [CHAT] KingAlingAling: /speed 1
[21:11:22] [Client thread/INFO]: [CHAT] JugglingD has been a naughty, naughty boy.
[21:11:22] [Client thread/INFO]: [CHAT] JugglingD died
[21:11:23] [Client thread/INFO]: [CHAT] skyisawsome908: /gmc
[21:11:24] [Client thread/INFO]: [CHAT] DerpyRedstoner10: /tag set &0&l[&c&lAdmin&0&l]
[21:11:24] [Client thread/INFO]: [CHAT] ANGRYKITTYS06: /fly
[21:11:25] [Client thread/INFO]: [CHAT] PATDAPRO: /survival
[21:11:26] [Client thread/INFO]: [CHAT] < SkythekidRS> no spawn killing
[21:11:26] [Client thread/INFO]: [CHAT] bigboypadilla: /invsee Dinnerbone
[21:11:27] [Client thread/INFO]: [CHAT] skyisawsome908: /spawn
[21:11:29] [Client thread/INFO]: [CHAT] ANGRYKITTYS06: /fly
[21:11:29] [Client thread/INFO]: [CHAT] [BanannaKING] < DinnerBone> i made the "A Bananna"
[21:11:30] [Client thread/INFO]: [CHAT] < TheDarkKnight> lol stap copying my skin
[21:11:30] [Client thread/INFO]: [CHAT] XxBattlexBossxX is breaking blocks too fast!
[21:11:30] [Client thread/INFO]: [CHAT] XxBattlexBossxX has been banned for 1 minute.
[21:11:30] [Client thread/INFO]: [CHAT] XxBattlexBossxX left the game.
[21:11:32] [Client thread/INFO]: [CHAT] [Server:VideoGameSmash12] You are preforming an act of spawn PVPing.
[21:11:32] [Client thread/INFO]: [CHAT] TVCowner: /give AdamPlayzzz minecraft:dirt 64
[21:11:33] [Client thread/INFO]: [CHAT] ANGRYKITTYS06: /tp 47 30000000 43
[21:11:33] [Client thread/INFO]: [CHAT] TVCowner: /give AdamPlayzzz minecraft:dirt 64
[21:11:34] [Client thread/INFO]: [CHAT] No block edits at that location.
[21:11:35] [Client thread/INFO]: [CHAT] Block edits at (x49, y51, z49):
[21:11:35] [Client thread/INFO]: [CHAT]  - XxBattlexBossxX broke Stained_clay:11
[21:11:35] [Client thread/INFO]: [CHAT]  - XxBattlexBossxX broke Air
[21:11:35] [Client thread/INFO]: [CHAT]  - XxBattlexBossxX broke Air
[21:11:35] [Client thread/INFO]: [CHAT]  - XxBattlexBossxX broke Air
[21:11:35] [Client thread/INFO]: [CHAT]  - XxBattlexBossxX broke Air
[21:11:35] [Client thread/INFO]: [CHAT]  - XxBattlexBossxX broke Air
[21:11:35] [Client thread/INFO]: [CHAT]  - XxBattlexBossxX broke Air
[21:11:35] [Client thread/INFO]: [CHAT]  - XxBattlexBossxX broke Air
[21:11:35] [Client thread/INFO]: [CHAT]  - VideoGameSmash12 placed Emerald_block
[21:11:35] [Client thread/INFO]: [CHAT] TVCowner: /give AdamPlayzzz minecraft:dirt 64
[21:11:35] [Client thread/INFO]: [CHAT] cnazian: /kit gotham jusice
[21:11:36] [Client thread/INFO]: [CHAT] TVCowner: /give AdamPlayzzz minecraft:dirt 64
[21:11:37] [Client thread/INFO]: [CHAT] < TheDarkKnight> lol stap copying my skin pls
[21:11:37] [Client thread/INFO]: [CHAT] <Connorsmashflash> TheDJCreeperYT please quit
[21:11:37] [Client thread/INFO]: [CHAT] TVCowner: /give AdamPlayzzz minecraft:dirt 64
[21:11:38] [Client thread/INFO]: [CHAT] JugglingD: /creative
[21:11:38] [Client thread/INFO]: [CHAT] TVCowner: /give AdamPlayzzz minecraft:dirt 64
[21:11:39] [Client thread/INFO]: [CHAT] cnazian: /kit
[21:11:40] [Client thread/INFO]: [CHAT] TVCowner: /give AdamPlayzzz minecraft:dirt 64
[21:11:42] [Client thread/INFO]: [CHAT] DerpyRedstoner10: /tag set &0&l[&c&lOrbit&0&l]
[21:11:42] [Client thread/INFO]: [CHAT] KingAlingAling: /speed 10
[21:11:48] [Client thread/INFO]: [CHAT] TBNRbaby: /nick &a&lR&4&lo&a&lb&4&li&a&ln
[21:11:48] [Client thread/INFO]: [CHAT] < TheDarkKnight> someone op me and i will give dem op stuff
[21:11:48] [Client thread/INFO]: [CHAT] cnazian: /kit gotham justice
[21:11:49] [Client thread/INFO]: [CHAT] ANGRYKITTYS06: /tp 47 300000000 43
[21:11:51] [Client thread/INFO]: [CHAT] That player has no entries stored.
[21:11:52] [Client thread/INFO]: [CHAT] DerpyRedstoner10: /tag set &9&l[&a&lOrbit&9&l]
[21:11:54] [Client thread/INFO]: [CHAT] TheDJCreeperYT: /gmsp
[21:11:54] [Client thread/INFO]: [CHAT] * ThePheonixZone is no longer AFK.
[21:11:54] [Client thread/INFO]: [CHAT] ThePheonixZone: /warp elytra
[21:11:54] [Client thread/INFO]: [CHAT] [Orbit] < DerpyRedstoner10> hi
[21:11:58] [Client thread/INFO]: [CHAT] cybersnail joined the game
[21:11:58] [Client thread/INFO]: [CHAT] JugglingD has been a naughty, naughty boy.
[21:11:58] [Client thread/INFO]: [CHAT] JugglingD died
[21:11:58] [Client thread/INFO]: [CHAT] Welcome cybersnail to the server!
[21:11:58] [Client thread/INFO]: [CHAT] skyisawsome908: /gmc
[21:11:59] [Client thread/INFO]: [CHAT] KingAlingAling: /tp Thedarkknight
[21:11:59] [Client thread/INFO]: [CHAT] TVCowner: /give skyisawsome908 minecraft:dirt 64
[21:12:00] [Client thread/INFO]: [CHAT] DerpyRedstoner10: /creative
[21:12:01] [Client thread/INFO]: [CHAT] TVCowner: /give skyisawsome908 minecraft:dirt 64
[21:12:02] [Client thread/INFO]: [CHAT] TVCowner: /give skyisawsome908 minecraft:dirt 64
[21:12:02] [Client thread/INFO]: [CHAT] PATDAPRO: /op Thedar
[21:12:03] [Client thread/INFO]: [CHAT] That player has no entries stored.
[21:12:04] [Client thread/INFO]: [CHAT] TVCowner: /give skyisawsome908 minecraft:dirt 64
[21:12:04] [Client thread/INFO]: [CHAT] KingAlingAling: /tpo Thedarkknight
[21:12:04] [Client thread/INFO]: [CHAT] TheDJCreeperYT left the game.
[21:12:05] [Client thread/INFO]: [CHAT] TBNRbaby: /op JugglingD
[21:12:05] [Client thread/INFO]: [CHAT] TBNRbaby - Opping JugglingD
[21:12:05] [Client thread/INFO]: [CHAT] TVCowner: /give skyisawsome908 minecraft:dirt 64
[21:12:06] [Client thread/INFO]: [CHAT] ANGRYKITTYS06: /setwarp afk
[21:12:06] [Client thread/INFO]: [CHAT] Dinnerbone: //walls 5:1
[21:12:07] [Client thread/INFO]: [CHAT] TVCowner: /give skyisawsome908 minecraft:dirt 64
[21:12:07] [Client thread/INFO]: [CHAT] < TheDarkKnight> yay
[21:12:08] [Client thread/INFO]: [CHAT] [Server:VideoGameSmash12] Do you not listen?
[21:12:08] [Client thread/INFO]: [CHAT] bigboypadilla: /msg Dinnerbone wanna see my skin change in one seccond
[21:12:09] [Client thread/INFO]: [CHAT] TVCowner: /give skyisawsome908 minecraft:dirt 64
[21:12:09] [Client thread/INFO]: [CHAT] JugglingD: /fly
[21:12:10] [Client thread/INFO]: [CHAT] skyisawsome908: /ci
[21:12:10] [Client thread/INFO]: [CHAT] JugglingD: /fly
[21:12:10] [Client thread/INFO]: [CHAT] ANGRYKITTYS06: /setwarp Falling
[21:12:11] [Client thread/INFO]: [CHAT] < TheDarkKnight> sry
[21:12:11] [Client thread/INFO]: [CHAT] TVCowner: /give skyisawsome908 minecraft:dirt 64
[21:12:12] [Client thread/INFO]: [CHAT] TVCowner: /give skyisawsome908 minecraft:dirt 64
[21:12:13] [Client thread/INFO]: [CHAT] skyisawsome908: /ci
[21:12:14] [Client thread/INFO]: [CHAT] TVCowner: /give skyisawsome908 minecraft:dirt 64
[21:12:14] [Client thread/INFO]: [CHAT] [BanannaKING] < DinnerBone> ok
[21:12:14] [Client thread/INFO]: [CHAT] skyisawsome908: /ci
[21:12:15] [Client thread/INFO]: [CHAT] TVCowner: /give skyisawsome908 minecraft:dirt 64
[21:12:15] [Client thread/INFO]: [CHAT] ANGRYKITTYS06: /fly
[21:12:16] [Client thread/INFO]: [CHAT] TVCowner: /give skyisawsome908 minecraft:dirt 64
[21:12:16] [Client thread/INFO]: [CHAT] skyisawsome908: /ci
[21:12:17] [Client thread/INFO]: [CHAT] TVCowner: /give skyisawsome908 minecraft:dirt 64
[21:12:19] [Client thread/ERROR]: Item entity 1497 has no item?!
[21:12:19] [Client thread/ERROR]: Item entity 1497 has no item?!
[21:12:19] [Client thread/ERROR]: Item entity 1497 has no item?!
[21:12:19] [Client thread/INFO]: [CHAT] TBNRbaby, ThePheonixZone, TVCowner
[21:12:20] [Client thread/INFO]: [CHAT] TBNRbaby: /msg JugglingD can i join justice leauge?
[21:12:20] [Client thread/INFO]: [CHAT] < TheDarkKnight> im colorblind :p
[21:12:20] [Client thread/INFO]: [CHAT] TBNRbaby, ThePheonixZone, TVCowner
[21:12:20] [Client thread/INFO]: [CHAT] TBNRbaby, ThePheonixZone, TVCowner
[21:12:21] [Client thread/INFO]: [CHAT] TVCowner has been a naughty, naughty boy.
[21:12:21] [Client thread/INFO]: [CHAT] TVCowner died
[21:12:23] [Client thread/INFO]: [CHAT] Superman1234321 left the game.
[21:12:24] [Client thread/INFO]: [CHAT] <ThePheonixZone> do not do /i
[21:12:24] [Client thread/INFO]: [CHAT] JugglingD: /r ok
[21:12:26] [Client thread/INFO]: [CHAT] bigboypadilla: /skin change log
[21:12:26] [Client thread/INFO]: [CHAT] [TotalFreedom] If you are not OP, be sure to ask!
[21:12:27] [Client thread/INFO]: [CHAT] [Orbit] < DerpyRedstoner10> xD
[21:12:27] [Client thread/INFO]: [CHAT] [Server:VideoGameSmash12] Stop.
[21:12:29] [Client thread/INFO]: [CHAT] Musebrat2 was slain by GhostFly64 using [§4§lYou§f§lTube Sword]
[21:12:29] [Client thread/INFO]: [CHAT] JugglingD: /creative
[21:12:30] [Client thread/INFO]: [CHAT] TBNRbaby: /r yay
[21:12:32] [Client thread/INFO]: [CHAT] < bigboypadilla> lol
[21:12:33] [Client thread/INFO]: [CHAT] wigar joined the game
[21:12:33] [Client thread/INFO]: [CHAT] There are no invisible players
[21:12:33] [Client thread/INFO]: [CHAT] ANGRYKITTYS06: /fly
[21:12:34] [Client thread/INFO]: [CHAT] TVCowner: /creative
[21:12:36] [Client thread/INFO]: [CHAT] Sharp_Tail: /warp LOL
[21:12:37] [Client thread/INFO]: [CHAT] ANGRYKITTYS06: /fly
[21:12:39] [Client thread/INFO]: [CHAT] VideoGameSmash12 - Cleared all potion effects from all players
[21:12:39] [Client thread/INFO]: [CHAT] TVCowner: /
[21:12:40] [Client thread/INFO]: [CHAT] AdamPlayzzz: /spawn
[21:12:41] [Client thread/INFO]: [CHAT] ComradeUshanka left the game.
[21:12:42] [Client thread/INFO]: [CHAT] < TheDarkKnight> thats what im doing admin
[21:12:44] [Client thread/INFO]: [CHAT] TVCowner: /creative
[21:12:46] [Client thread/INFO]: [CHAT]  ====== WhoIs: KingAlingAling ======
[21:12:46] [Client thread/INFO]: [CHAT]  - Nick: KingAlingAling
[21:12:46] [Client thread/INFO]: [CHAT]  - Health: 20/20
[21:12:46] [Client thread/INFO]: [CHAT]  - Hunger: 20/20 (+0 saturation)
[21:12:46] [Client thread/INFO]: [CHAT]  - Exp: 0 (Level 0)
[21:12:46] [Client thread/INFO]: [CHAT]  - Location: (flatlands, 41, 52, 41)
[21:12:46] [Client thread/INFO]: [CHAT]  - Money: $0
[21:12:46] [Client thread/INFO]: [CHAT]  - IP Address: /75.142.248.49
[21:12:46] [Client thread/INFO]: [CHAT]  - Gamemode: survival
[21:12:46] [Client thread/INFO]: [CHAT]  - God mode: false
[21:12:46] [Client thread/INFO]: [CHAT]  - OP: true
[21:12:46] [Client thread/INFO]: [CHAT]  - Fly mode: false (not flying)
[21:12:46] [Client thread/INFO]: [CHAT]  - AFK: false
[21:12:46] [Client thread/INFO]: [CHAT]  - Jail: false
[21:12:46] [Client thread/INFO]: [CHAT]  - Muted: false
[21:12:48] [Client thread/INFO]: [CHAT] AdamPlayzzz: /creative
[21:12:49] [Client thread/INFO]: [CHAT] < TheDarkKnight> helping the opressed
[21:12:49] [Client thread/INFO]: [CHAT] TVCowner: /creative
[21:12:51] [Client thread/INFO]: [CHAT] JugglingD: /survival
[21:12:52] [Client thread/INFO]: [CHAT] TVCowner: /op
[21:12:54] [Client thread/INFO]: [CHAT] <AdamPlayzzz> op me
[21:12:54] [Client thread/INFO]: [CHAT] KingAlingAling was slain by JugglingD using [Gotham Justice]
[21:12:57] [Client thread/INFO]: [CHAT] <TVCowner> op me
[21:13:03] [Client thread/INFO]: [CHAT]  ====== WhoIs: JugglingD ======
[21:13:03] [Client thread/INFO]: [CHAT]  - Nick:  TheDarkKnight
[21:13:03] [Client thread/INFO]: [CHAT]  - Health: 20/20
[21:13:03] [Client thread/INFO]: [CHAT]  - Hunger: 20/20 (+4 saturation)
[21:13:03] [Client thread/INFO]: [CHAT]  - Exp: 0 (Level 0)
[21:13:03] [Client thread/INFO]: [CHAT]  - Location: (flatlands, 51, 52, 32)
[21:13:03] [Client thread/INFO]: [CHAT]  - Money: $0
[21:13:03] [Client thread/INFO]: [CHAT]  - IP Address: /121.54.127.38
[21:13:03] [Client thread/INFO]: [CHAT]  - Gamemode: survival
[21:13:03] [Client thread/INFO]: [CHAT]  - God mode: false
[21:13:03] [Client thread/INFO]: [CHAT]  - OP: true
[21:13:03] [Client thread/INFO]: [CHAT]  - Fly mode: false (not flying)
[21:13:03] [Client thread/INFO]: [CHAT]  - AFK: false
[21:13:03] [Client thread/INFO]: [CHAT]  - Jail: false
[21:13:03] [Client thread/INFO]: [CHAT]  - Muted: false
[21:13:05] [Client thread/INFO]: [CHAT] ThePheonixZone: /r hey
[21:13:05] [Client thread/INFO]: [CHAT] JugglingD: /op tvcowowner
[21:13:06] [Client thread/INFO]: [CHAT] <KingAlingAling> gmc
[21:13:07] [Client thread/INFO]: [CHAT] <CrotinaGamer> JugglingD don't gmc pvp, aren't you said about him
[21:13:09] [Client thread/INFO]: [CHAT] KingAlingAling: /gmc
[21:13:10] [Client thread/INFO]: [CHAT] [BanannaKING] < DinnerBone> who has the "A Bananna"
[21:13:10] [Client thread/INFO]: [CHAT] cnazian left the game.
[21:13:10] [Client thread/INFO]: [CHAT] bigboypadilla: /skin change wool
[21:13:11] [Client thread/INFO]: [CHAT] 6nn joined the game
[21:13:11] [Client thread/INFO]: [CHAT] Welcome 6nn to the server!
[21:13:11] [Client thread/INFO]: [CHAT] ANGRYKITTYS06: /tp 47 30000 43
[21:13:12] [Client thread/INFO]: [CHAT] Sharp_Tail: /back
[21:13:12] [Client thread/INFO]: [CHAT] Implo_ joined the game
[21:13:14] [Client thread/INFO]: [CHAT] < TheDarkKnight> im a vigilante
[21:13:16] [Client thread/INFO]: [CHAT] DerpyRedstoner10: /tag set &9&l[&a&lGod&9&l]
[21:13:16] [Client thread/INFO]: [CHAT] ANGRYKITTYS06: /tp 47 30000 43
[21:13:16] [Client thread/INFO]: [CHAT] TVCowner: /gmc
[21:13:17] [Client thread/INFO]: [CHAT] skyisawsome908: /gms
[21:13:18] [Client thread/INFO]: [CHAT] Sharp_Tail: /warp elytra
[21:13:19] [Client thread/INFO]: [CHAT] DerpyRedstoner10: /tag set &9&l[&c&lGod&9&l]
[21:13:19] [Client thread/INFO]: [CHAT] Implo_: /realname sansy
[21:13:19] [Client thread/INFO]: [CHAT] <6nn> hi
[21:13:20] [Client thread/INFO]: [CHAT] < TheDarkKnight> i help people
[21:13:22] [Client thread/INFO]: [CHAT] TBNRbaby: /tp JugglingD
[21:13:22] [Client thread/INFO]: [CHAT] < TheDarkKnight> lol
[21:13:25] [Client thread/INFO]: [CHAT] ANGRYKITTYS06: /fly
[21:13:25] [Client thread/INFO]: [CHAT] <TVCowner> op me guys
[21:13:27] [Client thread/INFO]: [CHAT] Dinnerbone: /warp getabananna
[21:13:27] [Client thread/INFO]: [CHAT] < Sans> topkek
[21:13:28] [Client thread/INFO]: [CHAT] DerpyRedstoner10: /tag set &9&l[&c&lGodOfPVP&9&l]
[21:13:28] [Client thread/INFO]: [CHAT] ANGRYKITTYS06: /tp 47 30000 43
[21:13:29] [Client thread/INFO]: [CHAT] TBNRbaby: /tpo JugglingD
[21:13:29] [Client thread/INFO]: [CHAT] skyisawsome908 was slain by JugglingD using [Gotham Justice]
[21:13:31] [Client thread/INFO]: [CHAT] bigboypadilla: /skin change cobblestone
[21:13:31] [Client thread/INFO]: [CHAT] Dinnerbone: /warp getabanana
[21:13:31] [Client thread/INFO]: [CHAT] 6nn left the game.
[21:13:32] [Client thread/INFO]: [CHAT] <TVCowner> do /op TVCowner
[21:13:32] [Client thread/INFO]: [CHAT] [GodOfPVP] < DerpyRedstoner10> hai!
[21:13:33] [Client thread/INFO]: [CHAT] < TheDarkKnight> stop annoying me
[21:13:33] [Client thread/INFO]: [CHAT] ANGRYKITTYS06: /setwarp falling2
[21:13:35] [Client thread/INFO]: [CHAT] skyisawsome908: /gmc
[21:13:36] [Client thread/INFO]: [CHAT] Sharp_Tail: /delwarp elytra
[21:13:37] [Client thread/INFO]: [CHAT] ANGRYKITTYS06: /fly
[21:13:40] [Client thread/INFO]: [CHAT] < TheDarkKnight> come on sky
[21:13:40] [Client thread/INFO]: [CHAT] [STA] <VideoGameSmash12> the fuck
[21:13:41] [Client thread/INFO]: [CHAT] < TheDarkKnight> fllw me
[21:13:42] [Client thread/INFO]: [CHAT] JugglingD: /fly
[21:13:42] [Client thread/INFO]: [CHAT] Sharp_Tail: /warp elytra
[21:13:45] [Client thread/INFO]: [CHAT] TVCowner: /creative
[21:13:46] [Client thread/INFO]: [CHAT] [GodOfPVP] < DerpyRedstoner10> im da gawd uf pee vee pee!
[21:13:46] [Client thread/INFO]: [CHAT] AdamPlayzzz, ANGRYKITTYS06
[21:13:46] [Client thread/INFO]: [CHAT] * SpeakerMaster is now AFK.
[21:13:46] [Client thread/INFO]: [CHAT]  ====== WhoIs: AdamPlayzzz ======
[21:13:46] [Client thread/INFO]: [CHAT]  - Nick: AdamPlayzzz
[21:13:46] [Client thread/INFO]: [CHAT]  - Health: 20/20
[21:13:46] [Client thread/INFO]: [CHAT]  - Hunger: 20/20 (+0 saturation)
[21:13:46] [Client thread/INFO]: [CHAT]  - Exp: 0 (Level 0)
[21:13:46] [Client thread/INFO]: [CHAT]  - Location: (flatlands, 56, 52, 37)
[21:13:46] [Client thread/INFO]: [CHAT]  - Money: $0
[21:13:46] [Client thread/INFO]: [CHAT]  - IP Address: /111.220.95.82
[21:13:46] [Client thread/INFO]: [CHAT]  - Gamemode: survival
[21:13:46] [Client thread/INFO]: [CHAT]  - God mode: false
[21:13:46] [Client thread/INFO]: [CHAT]  - OP: false
[21:13:46] [Client thread/INFO]: [CHAT]  - Fly mode: false (not flying)
[21:13:46] [Client thread/INFO]: [CHAT]  - AFK: false
[21:13:46] [Client thread/INFO]: [CHAT]  - Jail: false
[21:13:46] [Client thread/INFO]: [CHAT]  - Muted: false
[21:13:47] [Client thread/INFO]: [CHAT] AdamPlayzzz was slain by JugglingD using [Gotham Justice]
[21:13:47] [Client thread/INFO]: [CHAT] TVCowner: /creative
[21:13:49] [Client thread/INFO]: [CHAT] < TheDarkKnight> stop
[21:13:50] [Client thread/INFO]: [CHAT] KingAlingAling: /i 440 1 {CustomPotionEffects:[{Id:25,Amplifier:125,Duration:1000000}]}
[21:13:50] [Client thread/INFO]: [CHAT] skyisawsome908: /gms
[21:13:51] [Client thread/INFO]: [CHAT] Dinnerbone: /spawn
[21:13:51] [Client thread/INFO]: [CHAT] PATDAPRO: /warp elytra
[21:13:52] [Client thread/INFO]: [CHAT] < Sans> wow only telnet admins :PPP
[21:13:53] [Client thread/INFO]: [CHAT]  ====== WhoIs: skyisawsome908 ======
[21:13:53] [Client thread/INFO]: [CHAT]  - Nick:  SkythekidRS
[21:13:53] [Client thread/INFO]: [CHAT]  - Health: 20/20
[21:13:53] [Client thread/INFO]: [CHAT]  - Hunger: 20/20 (+3 saturation)
[21:13:53] [Client thread/INFO]: [CHAT]  - Exp: 0 (Level 0)
[21:13:53] [Client thread/INFO]: [CHAT]  - Location: (flatlands, 53, 52, 39)
[21:13:53] [Client thread/INFO]: [CHAT]  - Money: $0
[21:13:53] [Client thread/INFO]: [CHAT]  - IP Address: /108.19.87.97
[21:13:53] [Client thread/INFO]: [CHAT]  - Gamemode: survival
[21:13:53] [Client thread/INFO]: [CHAT]  - God mode: false
[21:13:53] [Client thread/INFO]: [CHAT]  - OP: true
[21:13:53] [Client thread/INFO]: [CHAT]  - Fly mode: false (not flying)
[21:13:53] [Client thread/INFO]: [CHAT]  - AFK: false
[21:13:53] [Client thread/INFO]: [CHAT]  - Jail: false
[21:13:53] [Client thread/INFO]: [CHAT]  - Muted: false
[21:13:54] [Client thread/INFO]: [CHAT] KingAlingAling: /i 440 1 {CustomPotionEffects:[{Id:20,Amplifier:125,Duration:1000000}]}
[21:13:55] [Client thread/INFO]: [CHAT] bigboypadilla: /skin change cobblestone
[21:13:56] [Client thread/INFO]: [CHAT] Sharp_Tail: //sphere air 40
[21:13:57] [Client thread/INFO]: [CHAT] < TheDarkKnight> kill dem
[21:13:57] [Client thread/INFO]: [CHAT] [Justice Leauge] < Robin> BatMan How do you get custom shields????
[21:13:58] [Client thread/INFO]: [CHAT] [Server:VideoGameSmash12] Hey.
[21:13:59] [Client thread/INFO]: [CHAT] KingAlingAling: /more
[21:13:59] [Client thread/INFO]: [CHAT] skyisawsome908 was slain by JugglingD using [Gotham Justice]
[21:14:01] [Client thread/INFO]: [CHAT] KingAlingAling: /more
[21:14:02] [Client thread/INFO]: [CHAT] < TheDarkKnight> stop
[21:14:02] [Client thread/INFO]: [CHAT] KingAlingAling: /more
[21:14:03] [Client thread/INFO]: [CHAT] Sharp_Tail: //sphere air 40
[21:14:03] [Client thread/INFO]: [CHAT] bigboypadilla: /head bigboypadilla
[21:14:04] [Client thread/INFO]: [CHAT] [STA] <VideoGameSmash12> Everyone.
[21:14:05] [Client thread/INFO]: [CHAT] skyisawsome908: /gmc
[21:14:06] [Client thread/INFO]: [CHAT] Sharp_Tail: //sphere air 40
[21:14:06] [Client thread/INFO]: [CHAT] *  UniversePowers is now AFK.
[21:14:06] [Client thread/INFO]: [CHAT] KingAlingAling: /gms
[21:14:07] [Client thread/INFO]: [CHAT] AdamPlayzzz was slain by JugglingD using [Gotham Justice]
[21:14:08] [Client thread/INFO]: [CHAT] <TVCowner> do /op TVCowner plz
[21:14:08] [Client thread/INFO]: [CHAT] bigboypadilla: /skull bigboypadilla
[21:14:11] [Client thread/INFO]: [CHAT] Implo_: /tag set &8[&bHelper&8
[21:14:11] [Client thread/INFO]: [CHAT] < TheDarkKnight> that should teach u
[21:14:11] [Client thread/INFO]: [CHAT] [GodOfPVP] < DerpyRedstoner10> spoki
[21:14:12] [Client thread/INFO]: [CHAT] Sharp_Tail: //sphere air 40
[21:14:13] [Client thread/INFO]: [CHAT] Implo_: /tag set &8[&bHelper&8]
[21:14:14] [Client thread/INFO]: [CHAT] skyisawsome908: /enchant addall
[21:14:15] [Client thread/INFO]: [CHAT] < TheDarkKnight> fllw me sky
[21:14:16] [Client thread/INFO]: [CHAT] Sharp_Tail: //sphere air 40
[21:14:17] [Client thread/INFO]: [CHAT] Sharp_Tail: //sphere air 40
[21:14:19] [Client thread/INFO]: [CHAT] Sharp_Tail: //sphere air 40
[21:14:19] [Client thread/INFO]: [CHAT] < TheDarkKnight> ull be my first robin
[21:14:20] [Client thread/INFO]: [CHAT] Sharp_Tail: //sphere air 40w
[21:14:21] [Client thread/INFO]: [CHAT] Sharp_Tail: //sphere air 40w
[21:14:27] [Client thread/INFO]: [CHAT] <AdamPlayzzz> op me please
[21:14:27] [Client thread/INFO]: [CHAT] < TheDarkKnight> along wid dis ugly thin
[21:14:28] [Client thread/INFO]: [CHAT] [Server:VideoGameSmash12] All those who are PVPing at spawn, you are making me nervous
[21:14:31] [Client thread/INFO]: [CHAT] <GhostFly64> waht is the gotham justace weapon?
[21:14:33] [Client thread/INFO]: [CHAT] TVCowner: /
[21:14:34] [Client thread/INFO]: [CHAT] Player joined the game
[21:14:36] [Client thread/INFO]: [CHAT] TVCowner left the game.
[21:14:38] [Client thread/INFO]: [CHAT] < TheDarkKnight> its my tools of justice
[21:14:40] [Client thread/INFO]: [CHAT] Player: /speed
[21:14:41] [Client thread/INFO]: [CHAT] KingAlingAling: /spawn
[21:14:42] [Client thread/INFO]: [CHAT] [Helper] < Sans> I don't think spawn is for PVP
[21:14:44] [Client thread/INFO]: [CHAT] bigboypadilla: /skin change glowstone
[21:14:48] [Client thread/INFO]: [CHAT] batbutt is a Telnet Admin
[21:14:48] [Client thread/INFO]: [CHAT] batbutt joined the game
[21:14:49] [Client thread/INFO]: [CHAT] Player: /nick &4&lJdogotronzFriend
[21:14:50] [Client thread/INFO]: [CHAT] PATDAPRO: /creative
[21:14:50] [Client thread/INFO]: [CHAT] < TheDarkKnight> ok both of u
[21:14:50] [Client thread/INFO]: [CHAT] [Server:VideoGameSmash12] Correct.
[21:14:52] [Client thread/INFO]: [CHAT] PATDAPRO: /speed 10
[21:14:52] [Client thread/INFO]: [CHAT] Player: /speed
[21:14:54] [Client thread/INFO]: [CHAT] Player: /speed 5
[21:14:55] [Client thread/INFO]: [CHAT] PATDAPRO: /speed 10
[21:14:55] [Client thread/INFO]: [CHAT] < TheDarkKnight> ok both of u try to kill me
[21:14:55] [Client thread/INFO]: [CHAT] <GhostFly64> can i have one?
[21:14:58] [Client thread/INFO]: [CHAT] < bigboypadilla> frekaing
[21:14:58] [Client thread/INFO]: [CHAT] Player: /speed 1
[21:14:59] [Client thread/INFO]: [CHAT] [Helper] < Sans> I saw people get smited for PVPing at spawn
[21:14:59] [Client thread/INFO]: [CHAT] < TheDarkKnight> ok both of u try to kill me tbnr and sky
[21:15:01] [Client thread/INFO]: [CHAT] Implo_: /spawn
[21:15:01] [Client thread/INFO]: [CHAT] < SkythekidRS> ok
[21:15:02] [Client thread/INFO]: [CHAT] TBNRfrags joined the game
[21:15:02] [Client thread/INFO]: [CHAT] ANGRYKITTYS06: /fly
[21:15:05] [Client thread/INFO]: [CHAT] jdog3000 joined the game
[21:15:06] [Client thread/INFO]: [CHAT] skyisawsome908: /gms
[21:15:07] [Client thread/INFO]: [CHAT] Yotex joined the game
[21:15:08] [Client thread/INFO]: [CHAT] DerpyRedstoner10: /playeffect
[21:15:09] [Client thread/INFO]: [CHAT] < TheDarkKnight> sky name urself the 2nd robin
[21:15:11] [Client thread/INFO]: [CHAT] TBNRbaby: /survival
[21:15:14] [Client thread/INFO]: [CHAT] PATDAPRO: /speed 1
[21:15:15] [Client thread/INFO]: [CHAT] jdog3000: /tp Player
[21:15:15] [Client thread/INFO]: [CHAT] skyisawsome908 was slain by JugglingD using [Gotham Justice]
[21:15:15] [Client thread/INFO]: [CHAT] Players with item BOW: GhostFly64, gocu, wigar, KingAlingAling, Sharp_Tail, jdog3000
[21:15:16] [Client thread/INFO]: [CHAT] *  UniversePowers is no longer AFK.
[21:15:17] [Client thread/INFO]: [CHAT] ANGRYKITTYS06: /tp 47 3000 43
[21:15:17] [Client thread/INFO]: [CHAT] TBNRbaby was slain by JugglingD using [Gotham Justice]
[21:15:17] [Client thread/INFO]: [CHAT] PATDAPRO: /speed 1
[21:15:18] [Client thread/INFO]: [CHAT] Implo_: /realname TheDarkKnight
[21:15:19] [Client thread/INFO]: [CHAT] * foxtails77 is no longer AFK.
[21:15:19] [Client thread/INFO]: [CHAT] TBNRfrags: /creative
[21:15:20] [Client thread/INFO]: [CHAT] jdog3000: /tptoggle
[21:15:20] [Client thread/INFO]: [CHAT] DerpyRedstoner10: /socialspy
[21:15:20] [Client thread/INFO]: [CHAT] skyisawsome908: /gmc
[21:15:20] [Client thread/INFO]: [CHAT] < TheDarkKnight> eat gotham justice
[21:15:21] [Client thread/INFO]: [CHAT] AdamPlayzzz withered away
[21:15:21] [Client thread/INFO]: [CHAT] [Justice Leauge] < Robin> lol
[21:15:22] [Client thread/INFO]: [CHAT] TBNRbaby: /back
[21:15:23] [Client thread/INFO]: [CHAT] Dinnerbone: //walls ironblock
[21:15:23] [Client thread/INFO]: [CHAT] < TheDarkKnight> xD gg
[21:15:24] [Client thread/INFO]: [CHAT] ANGRYKITTYS06: /setwarp falling 3
[21:15:25] [Client thread/INFO]: [CHAT] TBNRbaby: /creative
[21:15:25] [Client thread/INFO]: [CHAT] Player CrotinaGamer has been online since 23 minutes 1 second.
[21:15:25] [Client thread/INFO]: [CHAT]  - IP Address: /172.78.29.174
[21:15:26] [Client thread/INFO]: [CHAT] ANGRYKITTYS06: /fly
[21:15:26] [Client thread/INFO]: [CHAT] <jdog3000> My friend is plying on demo xD
[21:15:27] [Client thread/INFO]: [CHAT] McDjGirl, Musebrat2
[21:15:27] [Client thread/INFO]: [CHAT] [ADMIN] foxtails77 [STA]: hi
[21:15:27] [Client thread/INFO]: [CHAT] McDjGirl, Musebrat2
[21:15:28] [Client thread/INFO]: [CHAT] Player Musebrat2 has been online since 23 minutes 11 seconds.
[21:15:28] [Client thread/INFO]: [CHAT]  - IP Address: /172.78.29.174
[21:15:31] [Client thread/INFO]: [CHAT] ANGRYKITTYS06: /fly
[21:15:31] [Client thread/INFO]: [CHAT] < TheDarkKnight> here robin
[21:15:31] [Client thread/INFO]: [CHAT] < SkythekidRS> Batman
[21:15:31] [Client thread/INFO]: [CHAT] [ADMIN] VideoGameSmash12 [STA]: lol
[21:15:33] [Client thread/INFO]: [CHAT] McDjGirl: /donator
[21:15:33] [Client thread/INFO]: [CHAT] < TheDarkKnight> dont abuse it
[21:15:34] [Client thread/INFO]: [CHAT] faeq joined the game
[21:15:35] [Client thread/INFO]: [CHAT] Implo_: /invsee King
[21:15:35] [Client thread/INFO]: [CHAT] <jdog3000> And hes on a client
[21:15:36] [Client thread/INFO]: [CHAT] bigboypadilla: /skin change TBNRfrags
[21:15:37] [Client thread/INFO]: [CHAT] PATDAPRO: /survival
[21:15:37] [Client thread/INFO]: [CHAT] Dinnerbone left the game.
[21:15:39] [Client thread/INFO]: [CHAT] Saved screenshot as 2016-03-24_21.15.38.png
[21:15:40] [Client thread/INFO]: [CHAT] < SkythekidRS> TheDarkKnight
[21:15:41] [Client thread/INFO]: [CHAT] ANGRYKITTYS06: /fly
[21:15:41] [Client thread/INFO]: [CHAT] AdamPlayzzz: /spawn
[21:15:41] [Client thread/INFO]: [CHAT] < TheDarkKnight> im giving u gotham justice
[21:15:42] [Client thread/INFO]: [CHAT] <CrotinaGamer> Seriously KingAlingAling...
[21:15:42] [Client thread/INFO]: [CHAT] Player CrotinaGamer has been online since 23 minutes 19 seconds.
[21:15:42] [Client thread/INFO]: [CHAT]  - IP Address: /172.78.29.174
[21:15:43] [Client thread/INFO]: [CHAT] DerpyRedstoner10: /superpickaxe
[21:15:44] [Client thread/INFO]: [CHAT] Player Musebrat2 has been online since 23 minutes 27 seconds.
[21:15:44] [Client thread/INFO]: [CHAT]  - IP Address: /172.78.29.174
[21:15:44] [Client thread/INFO]: [CHAT] < TheDarkKnight> ya?
[21:15:44] [Client thread/INFO]: [CHAT] AdamPlayzzz: /spawn
[21:15:45] [Client thread/INFO]: [CHAT] AdamPlayzzz: /spawn
[21:15:46] [Client thread/INFO]: [CHAT] Saved screenshot as 2016-03-24_21.15.45.png
[21:15:46] [Client thread/INFO]: [CHAT] <KingAlingAling> yep
[21:15:46] [Client thread/INFO]: [CHAT] < SkythekidRS> can i name myself Nightwing
[21:15:46] [Client thread/INFO]: [CHAT] AdamPlayzzz: /spawn
[21:15:46] [Client thread/INFO]: [CHAT] AdamPlayzzz: /spawn
[21:15:47] [Client thread/INFO]: [CHAT] AdamPlayzzz: /spawn
[21:15:47] [Client thread/INFO]: [CHAT] JugglingD: /tpohere sky
[21:15:48] [Client thread/INFO]: [CHAT] AdamPlayzzz: /spawn
[21:15:48] [Client thread/INFO]: [CHAT] Saved screenshot as 2016-03-24_21.15.48.png
[21:15:48] [Client thread/INFO]: [CHAT] AdamPlayzzz: /spawn
[21:15:49] [Client thread/INFO]: [CHAT] <UhOoohPlaysMC> STOP
[21:15:49] [Client thread/INFO]: [CHAT] AdamPlayzzz: /spawn
[21:15:49] [Client thread/INFO]: [CHAT] Implo_: /invsee kingalingaling
[21:15:49] [Client thread/INFO]: [CHAT] < TheDarkKnight> sure
[21:15:50] [Client thread/INFO]: [CHAT] jdog3000: /tp Player
[21:15:50] [Client thread/INFO]: [CHAT] [ADMIN] foxtails77 [STA]: I just watched Batman vs. Superman
[21:15:50] [Client thread/INFO]: [CHAT] Musebrat2: /potion clear
[21:15:50] [Client thread/INFO]: [CHAT] [AntiBad] <ANGRYKITTYS06> Well
[21:15:51] [Client thread/INFO]: [CHAT] AdamPlayzzz: /spawn
[21:15:51] [Client thread/INFO]: [CHAT] < SkythekidRS> ok
[21:15:52] [Client thread/INFO]: [CHAT] AdamPlayzzz: /spawn
[21:15:52] [Client thread/INFO]: [CHAT] AdamPlayzzz: /spawn
[21:15:53] [Client thread/INFO]: [CHAT] AdamPlayzzz: /spawn
[21:15:53] [Client thread/INFO]: [CHAT] jdog3000: /tptoggle
[21:15:54] [Client thread/INFO]: [CHAT] AdamPlayzzz: /spawn
[21:15:54] [Client thread/INFO]: [CHAT] [Justice Leauge] < Robin> how do u get it such hi lvls tho?
[21:15:54] [Client thread/INFO]: [CHAT] AdamPlayzzz: /spawn
[21:15:56] [Client thread/INFO]: [CHAT] AdamPlayzzz: /spawn
[21:15:56] [Client thread/INFO]: [CHAT] < SkythekidRS> VideoGameSmash12
[21:15:56] [Client thread/INFO]: [CHAT] AdamPlayzzz: /spawn
[21:15:57] [Client thread/INFO]: [CHAT] jdog3000: /tp Player
[21:15:57] [Client thread/INFO]: [CHAT] AdamPlayzzz: /spawn
[21:15:58] [Client thread/INFO]: [CHAT] AdamPlayzzz: /spawn
[21:15:59] [Client thread/INFO]: [CHAT] AdamPlayzzz: /spawn
[21:15:59] [Client thread/INFO]: [CHAT] AdamPlayzzz: /spawn
[21:16:00] [Client thread/INFO]: [CHAT] AdamPlayzzz: /spawn
[21:16:01] [Client thread/INFO]: [CHAT] < TheDarkKnight> secretxz
[21:16:01] [Client thread/INFO]: [CHAT] DerpyRedstoner10: /searchitem
[21:16:01] [Client thread/INFO]: [CHAT] AdamPlayzzz: /spawn
[21:16:02] [Client thread/INFO]: [CHAT] Musebrat2: /give Musebrat2 elytra
[21:16:02] [Client thread/INFO]: [CHAT] [ADMIN] VideoGameSmash12 [STA]: Administrate
[21:16:02] [Client thread/INFO]: [CHAT] AaronPogi2006 joined the game
[21:16:02] [Client thread/INFO]: [CHAT] Welcome AaronPogi2006 to the server!
[21:16:03] [Client thread/INFO]: [CHAT] AdamPlayzzz: /spawn
[21:16:03] [Client thread/INFO]: [CHAT] Player: /tptoggle
[21:16:03] [Client thread/INFO]: [CHAT] AdamPlayzzz: /spawn
[21:16:03] [Client thread/INFO]: [CHAT] < UniversePowers> i got a better design for the street 3S
[21:16:04] [Client thread/INFO]: [CHAT] AdamPlayzzz: /spawn
[21:16:05] [Client thread/INFO]: [CHAT] AdamPlayzzz: /spawn
[21:16:06] [Client thread/INFO]: [CHAT] AdamPlayzzz: /spawn
[21:16:06] [Client thread/INFO]: [CHAT] AdamPlayzzz: /spawn
[21:16:07] [Client thread/INFO]: [CHAT] AdamPlayzzz: /spawn
[21:16:07] [Client thread/INFO]: [CHAT] jdog3000: /tp Player
[21:16:08] [Client thread/INFO]: [CHAT] AdamPlayzzz: /spawn
[21:16:08] [Client thread/INFO]: [CHAT] [Justice Leauge] < Robin> :)
[21:16:09] [Client thread/INFO]: [CHAT] AdamPlayzzz: /spawn
[21:16:10] [Client thread/INFO]: [CHAT] < TheDarkKnight> dont abuse da power
[21:16:10] [Client thread/INFO]: [CHAT] AdamPlayzzz: /spawn
[21:16:11] [Client thread/INFO]: [CHAT] Implo_: /invsee adam
[21:16:12] [Client thread/INFO]: [CHAT] [ADMIN] foxtails77 [STA]: I am
[21:16:14] [Client thread/INFO]: [CHAT] <3SDD3> k
[21:16:15] [Client thread/INFO]: [CHAT] ThePheonixZone left the game.
[21:16:16] [Client thread/INFO]: [CHAT] PATDAPRO: /creative
[21:16:16] [Client thread/INFO]: [CHAT] < TheDarkKnight> lets troll dat guy
[21:16:16] [Client thread/INFO]: [CHAT] < JdogotronzFriend> Hey Mark
[21:16:21] [Client thread/INFO]: [CHAT] <jdog3000> Hey Joe