[21:25:40] [Client thread/INFO]: Connecting to play.totalfreedom.me., 28965
[21:25:44] [Client thread/INFO]: [CHAT] VideoGameSmash12 is a Telnet Admin and a Digital Form
[21:25:44] [Client thread/INFO]: [CHAT] VideoGameSmash12 joined the game
[21:25:46] [Client thread/INFO]: [CHAT] Welcome, VideoGameSmash12!
[21:25:46] [Client thread/INFO]: [CHAT] Type /help for a list of commands.
[21:25:46] [Client thread/INFO]: [CHAT] Do NOT open any books given to you by other players or you might be perm banned.
[21:25:46] [Client thread/INFO]: [CHAT] Do NOT click on signs that you didn’t make or you might be perm banned.
[21:25:46] [Client thread/INFO]: [CHAT] Remember to save your builds with World Edit or they’ll be lost.
[21:25:46] [Client thread/INFO]: [CHAT] You have no new mail.
[21:25:46] [Client thread/INFO]: [CHAT] <sk8erace1> pvp gtx
[21:25:46] [Client thread/INFO]: [CHAT] DoctorGabe has been a VERY naughty, naughty boy.
[21:25:46] [Client thread/INFO]: [CHAT] Banning: DoctorGabe, IP: 73.94.*.* - Reason: griefing
[21:25:46] [Client thread/INFO]: [CHAT] DoctorGabe left the game.
[21:25:46] [Client thread/INFO]: [CHAT] Taco Bell. < Bleach> get rid of this spawn
[21:25:46] [Client thread/INFO]: [CHAT] Taco Bell. < Bleach> I hate it
[21:25:49] [Client thread/INFO]: [CHAT] Taco Bell. < Bleach> its gay as fuc
[21:25:49] [Client thread/INFO]: [CHAT] iPvpinq joined the game
[21:25:50] [Client thread/INFO]: [CHAT] <gtx> hay
[21:25:51] [Client thread/INFO]: [CHAT] <Lemonz__> xd
[21:25:53] [Client thread/INFO]: [CHAT] [ADMIN] Dragonnzz [SA]: hi VideoGameSmash12
[21:25:57] [Client thread/INFO]: [CHAT] [Gay ASF] <hypertechHD> damnit i smashed the VHS tape again
[21:26:01] [Client thread/INFO]: [CHAT] <gtx> drink this
[21:26:02] [Client thread/INFO]: [CHAT] <Lemonz__> XDDD
[21:26:02] [Client thread/INFO]: [CHAT] [SA] <Dragonnzz> :/
[21:26:05] [Client thread/INFO]: Baking listener list for EntityRenderListener with 0 listeners
[21:26:09] [Client thread/INFO]: [CHAT] [MEGAIncest] < Cookie> i will sacrifice 16 admins
[21:26:09] [Client thread/INFO]: [CHAT] <sk8erace1> nah i dont do drugs
[21:26:11] [Client thread/INFO]: [CHAT] *  Flame is no longer AFK.
[21:26:16] [Client thread/INFO]: [CHAT] [MEGAIncest] < Cookie> to our lord god Gaben
[21:26:21] [Client thread/INFO]: [CHAT] <LeLorde> Drugs are bad M'kay
[21:26:35] [Client thread/INFO]: [CHAT] <iPvpinq> whoo wants 300% speed boots
[21:26:35] [Client thread/INFO]: [CHAT] <gtx> no i sad drink this
[21:26:38] [Client thread/INFO]: [CHAT] <Lemonz__> me
[21:26:39] [Client thread/INFO]: [CHAT] <bennett6006> me
[21:26:42] [Client thread/INFO]: [CHAT] <LeLorde> maah
[21:26:42] [Client thread/INFO]: [CHAT] < Jt9426PlayzYT> lol me
[21:26:49] [Client thread/INFO]: [CHAT] <iPvpinq> tp and catch me if you can
[21:26:50] [Client thread/INFO]: [CHAT] VocaDope left the game.
[21:27:02] [Client thread/INFO]: [CHAT] <LeLorde> got you 30 times
[21:27:10] [Client thread/INFO]: [CHAT] *  Bleach This spawn is as gay as me (as said by the staff) /warp NewSpawn
[21:27:16] [Client thread/INFO]: [CHAT] <LeLorde> now 60
[21:27:17] [Client thread/INFO]: [CHAT] <iPvpinq> wron g boots
[21:27:19] [Client thread/INFO]: [CHAT] [SA] <Loooll> gay
[21:27:26] [Client thread/INFO]: [CHAT] <iPvpinq> no flying
[21:27:31] [Client thread/INFO]: [CHAT] Taco Bell. < Bleach> Loooll you dont like okay?
[21:27:32] [Client thread/INFO]: [CHAT] [Gay ASF] <hypertechHD> ik it is but what are you
[21:27:36] [Client thread/INFO]: [CHAT] Taco Bell. < Bleach> its fine
[21:27:37] [Client thread/INFO]: [CHAT] <iPvpinq> or /speed
[21:27:38] [Client thread/INFO]: [CHAT] Taco Bell. < Bleach> Ill delete it
[21:27:38] [Client thread/INFO]: [CHAT] <sk8erace1> who wants to pvp
[21:27:39] [Client thread/INFO]: [CHAT] <iPvpinq> no flying
[21:27:40] [Client thread/INFO]: [CHAT] Taco Bell. < Bleach> if you want
[21:27:40] [Client thread/INFO]: [CHAT] <iPvpinq> or /speed
[21:27:41] [Client thread/INFO]: [CHAT] [SA] <Loooll> me
[21:27:53] [Client thread/INFO]: [CHAT] < Jt9426PlayzYT> lol im a "hacker" /speed 100
[21:27:54] [Client thread/INFO]: [CHAT] [MEGAIncest] < Cookie> im sacrificing 16 admins wow
[21:27:57] [Client thread/INFO]: [CHAT] <sk8erace1> bennett6006 stop greifing
[21:27:59] [Client thread/INFO]: [CHAT] [SA] <Loooll> Guys /awrp pvparena
[21:28:00] [Client thread/INFO]: [CHAT] <LeLorde> ok
[21:28:03] [Client thread/INFO]: [CHAT] [SA] <Loooll> ./warp pvparena
[21:28:04] [Client thread/INFO]: [CHAT] <LeLorde> 150 times
[21:28:06] [Client thread/INFO]: [CHAT] <sk8erace1> oh
[21:28:07] [Client thread/INFO]: [CHAT] [SA] <Dragonnzz> ./awrp pvparena
[21:28:18] [Client thread/INFO]: [CHAT] <Lemonz__> rip
[21:28:23] [Client thread/INFO]: [CHAT] Taco Bell. < Bleach> forget it, no one is gonna appreciate my builds, not even the admins... Ill just remove it.
[21:28:25] [Client thread/INFO]: [CHAT] <iPvpinq> RIpz
[21:28:28] [Client thread/INFO]: [CHAT] [SA] <Loooll> :O
[21:28:29] [Client thread/INFO]: [CHAT] <iPvpinq> you lost
[21:28:29] [Client thread/INFO]: [CHAT] [SA] <Loooll> no
[21:28:33] [Client thread/INFO]: [CHAT] CuteGirl < Holi_Day> how to set a warp?
[21:28:36] [Client thread/INFO]: [CHAT] [SA] <Loooll> ./setwarp
[21:28:38] [Client thread/INFO]: [CHAT] <iPvpinq> tp in 3
[21:28:39] [Client thread/INFO]: [CHAT] <iPvpinq> tp in 2
[21:28:40] [Client thread/INFO]: [CHAT] <iPvpinq> tp in 1
[21:28:40] [Client thread/INFO]: [CHAT] CuteGirl < Holi_Day> thx
[21:28:41] [Client thread/INFO]: [CHAT] <iPvpinq> go
[21:28:44] [Client thread/INFO]: [CHAT] <gtx> i fell in love
[21:28:53] [Client thread/INFO]: [CHAT] <sk8erace1> with who
[21:28:55] [Client thread/INFO]: [CHAT] <Unbihexium> do /warp Helicopter to land near newspawn
[21:28:56] [Client thread/INFO]: [CHAT] [Gay ASF] <hypertechHD> with a man
[21:29:00] [Client thread/INFO]: [CHAT] [Gay ASF] <hypertechHD> who was hot af
[21:29:02] [Client thread/INFO]: [CHAT] [Gay ASF] <hypertechHD> k
[21:29:09] [Client thread/INFO]: [CHAT] *  Jt9426PlayzYT is now AFK.
[21:29:17] [Client thread/INFO]: [CHAT] <gtx> drink this
[21:29:18] [Client thread/INFO]: [CHAT] Taco Bell. < Bleach> no one appreciates my builds, then no new spawn for you.
[21:29:22] [Client thread/INFO]: [CHAT] [SA] <Dragonnzz> xD
[21:29:23] [Client thread/INFO]: [CHAT] <Lemonz__> ok
[21:29:25] [Client thread/INFO]: [CHAT] Taco Bell. < Bleach> idc
[21:29:27] [Client thread/INFO]: [CHAT] [MEGAIncest] < Cookie> No one appreciates builds here
[21:29:30] [Client thread/INFO]: [CHAT] Taco Bell. < Bleach> its "gay" anyway
[21:29:31] [Client thread/INFO]: [CHAT] [SA] <Dragonnzz> u need milk
[21:29:35] [Client thread/INFO]: [CHAT] <Lemonz__> XD
[21:29:35] [Client thread/INFO]: [CHAT] * CreeperSeth is now AFK.
[21:29:37] [Client thread/INFO]: [CHAT] [SA] <Loooll> ./warp pvparena
[21:29:40] [Client thread/INFO]: [CHAT] Taco Bell. < Bleach> fuckers
[21:29:44] [Client thread/INFO]: [CHAT] <sk8erace1> good
[21:29:47] [Client thread/INFO]: [CHAT] [Gay ASF] <hypertechHD> I need so much fucking milk imma die finding it
[21:29:53] [Client thread/INFO]: [CHAT] [SA] <Dragonnzz> ok
[21:29:54] [Client thread/INFO]: [CHAT] <Lemonz__> eww dirt
[21:29:55] [Client thread/INFO]: [CHAT] [SA] <Loooll> He needs some milk
[21:29:57] [Client thread/INFO]: [CHAT] Taco Bell. < Bleach> glad your gonna die
[21:30:04] [Client thread/INFO]: [CHAT] Taco Bell. < Bleach> cause I dont care about you pussy
[21:30:04] [Client thread/INFO]: [CHAT] [SA] <Dragonnzz> tyler u need some milk
[21:30:06] [Client thread/INFO]: [CHAT] <sk8erace1> t
[21:30:10] [Client thread/INFO]: [CHAT] <Lemonz__> you all need some milk
[21:30:12] [Client thread/INFO]: [CHAT] [Gay ASF] <hypertechHD> yet I guess I need a ton of water to go with it
[21:30:14] [Client thread/INFO]: [CHAT] Use the /back command to return to your death point.
[21:30:14] [Client thread/INFO]: [CHAT] VideoGameSmash12 fell out of the world
[21:30:14] [Client thread/INFO]: [CHAT] [SA] <Dragonnzz> mppp
[21:30:18] [Client thread/INFO]: [CHAT] Jamesbond is an Impostor
[21:30:18] [Client thread/INFO]: [CHAT] Warning: Jamesbond has been flagged as an impostor and has been frozen!
[21:30:18] [Client thread/INFO]: [CHAT] Jamesbond joined the game
[21:30:18] [Client thread/INFO]: [CHAT] Welcome Jamesbond to the server!
[21:30:18] [Client thread/INFO]: [CHAT] <Ian012345> g
[21:30:20] [Client thread/INFO]: [CHAT] <sk8erace1> verify
[21:30:20] [Client thread/INFO]: [CHAT] [Gay ASF] <hypertechHD> verify
[21:30:22] [Client thread/INFO]: [CHAT] [Server:Dragonnzz] Verify
[21:30:22] [Client thread/INFO]: [CHAT] [SA] <Loooll> verify
[21:30:29] [Client thread/INFO]: [CHAT] [SA] <Loooll> Everyone , form the verify squad
[21:30:31] [Client thread/INFO]: [CHAT] Taco Bell. < Bleach> dont verify, just leave.
[21:30:31] [Client thread/INFO]: [CHAT] [SA] <Loooll> all say verify
[21:30:32] [Client thread/INFO]: [CHAT] [SA] <Loooll> lol
[21:30:35] [Client thread/INFO]: [CHAT] *  Jt9426PlayzYT is no longer AFK.
[21:30:35] [Client thread/INFO]: [CHAT] <Lemonz__> xd
[21:30:37] [Client thread/INFO]: [CHAT] <gtx> how did you enchant this elytra
[21:30:39] [Client thread/INFO]: [CHAT] [Gay ASF] <hypertechHD> lol
[21:30:39] [Client thread/INFO]: Baking listener list for OutboundChatFilter with 0 listeners
[21:30:39] [Client thread/INFO]: [CHAT] [ADMIN] VideoGameSmash12 [STA]: Trying to download this server's world
[21:30:41] [Client thread/INFO]: [CHAT] <sk8erace1> verify now
[21:30:42] [Client thread/INFO]: [CHAT] <Lemonz__> Verify
[21:30:44] [Client thread/INFO]: [CHAT] [ADMIN] Dragonnzz [SA]: its him
[21:30:44] [Client thread/INFO]: [CHAT] Taco Bell. < Bleach> no
[21:30:46] [Client thread/INFO]: [CHAT] [Gay ASF] <hypertechHD> blow me now
[21:30:46] [Client thread/INFO]: [CHAT] [ADMIN] Loooll [SA]: fake
[21:30:46] [Client thread/INFO]: [CHAT] [Gay ASF] <hypertechHD> k
[21:30:47] [Client thread/INFO]: [CHAT] Taco Bell. < Bleach> dont verify
[21:30:48] [Client thread/INFO]: [CHAT] [MEGAIncest] < Cookie> Please submit your Verification and prove you are human
[21:30:49] [Client thread/INFO]: [CHAT] Taco Bell. < Bleach> just leave
[21:30:50] [Client thread/INFO]: [CHAT] Commanvil joined the game
[21:30:50] [Client thread/INFO]: [CHAT] [ADMIN] VideoGameSmash12 [STA]: For render purpose
[21:30:50] [Client thread/INFO]: [CHAT] Welcome Commanvil to the server!
[21:30:53] [Client thread/INFO]: [CHAT] <Unbihexium> im Human
[21:30:54] [Client thread/INFO]: [CHAT] <Jamesbond> Stop asking for verify.
[21:30:56] [Client thread/INFO]: [CHAT] [ADMIN] Dragonnzz [SA]: fake?
[21:30:58] [Client thread/INFO]: [CHAT] [SA] <Loooll> k
[21:30:59] [Client thread/INFO]: [CHAT] [SA] <Loooll> no
[21:31:01] [Client thread/INFO]: [CHAT] [Gay ASF] <hypertechHD> no
[21:31:02] [Client thread/INFO]: [CHAT] [Gay ASF] <hypertechHD> k
[21:31:03] [Client thread/INFO]: [CHAT] <Jamesbond> I've verifed already
[21:31:03] [Client thread/INFO]: [CHAT] Slender joined the game
[21:31:03] [Client thread/INFO]: [CHAT] Welcome Slender to the server!
[21:31:04] [Client thread/INFO]: [CHAT] <Ian012345> we
[21:31:05] [Client thread/INFO]: [CHAT] <sk8erace1> bennett6006 pvp?
[21:31:06] [Client thread/INFO]: [CHAT] [MEGAIncest] < Cookie> no Unbihexium ur a zambi
[21:31:11] [Client thread/INFO]: [CHAT] XDepression - Opping Jamesbond
[21:31:16] [Client thread/INFO]: [CHAT] <Commanvil> You call this a spawn?!
[21:31:17] [Client thread/INFO]: [CHAT] <bennett6006> tpa to me
[21:31:18] [Client thread/INFO]: [CHAT] Taco Bell. < Bleach> go ahead go grief the server if you want
[21:31:20] [Client thread/INFO]: [CHAT] _ChanirPlayz_ joined the game
[21:31:21] [Client thread/INFO]: [CHAT] Innocnet < Alpha> Verify xd
[21:31:22] [Client thread/INFO]: [CHAT] Taco Bell. < Bleach> knock yourself out.
[21:31:24] [Client thread/INFO]: [CHAT] [SA] <Loooll> Commanvil
[21:31:24] [Client thread/INFO]: [CHAT] <Unbihexium> the truth has been exposed..... Cookie...
[21:31:24] [Client thread/INFO]: [CHAT] bennett6006 left the game.
[21:31:25] [Client thread/INFO]: [CHAT] [ADMIN] Dragonnzz [SA]: told u it was him
[21:31:26] [Client thread/INFO]: [CHAT] XDepression - Opping Jamesbond
[21:31:26] [Client thread/INFO]: [CHAT] [Gay ASF] <hypertechHD> brb
[21:31:27] [Client thread/INFO]: [CHAT] hypertechHD left the game.
[21:31:28] [Client thread/INFO]: [CHAT] [ADMIN] Dragonnzz [SA]: just check the ips
[21:31:29] [Client thread/INFO]: [CHAT] [SA] <Loooll> We call that a griefed spawn
[21:31:29] [Client thread/INFO]: [CHAT] bennett6006 joined the game
[21:31:30] [Client thread/INFO]: [CHAT] [MEGAIncest] < Cookie> yuz
[21:31:32] [Client thread/INFO]: [CHAT] Loooll was slain by _ChanirPlayz_ using [§2§lG§3§lo§4§ld §lS§5§lW§6§lO§7§lR§8§lD]
[21:31:33] [Client thread/INFO]: [CHAT] *  Flame is now AFK.
[21:31:33] [Client thread/INFO]: [CHAT] <Jamesbond> Check the forums
[21:31:33] [Client thread/INFO]: [CHAT] [MEGAIncest] < Cookie> ur a Zambi
[21:31:36] [Client thread/INFO]: [CHAT] <Unbihexium> kill Cookie
[21:31:38] [Client thread/INFO]: [CHAT] <_ChanirPlayz_> xD
[21:31:38] [Client thread/INFO]: [CHAT] [MEGAIncest] < Cookie> and im a cat
[21:31:40] [Client thread/INFO]: [CHAT] [SA] <Loooll> wtf_chanir.
[21:31:40] [Client thread/INFO]: [CHAT] <bennett6006> tpa
[21:31:41] [Client thread/INFO]: [CHAT] <Commanvil> Well played lol...
[21:31:43] [Client thread/INFO]: [CHAT] <_ChanirPlayz_> Wat
[21:31:47] [Client thread/INFO]: [CHAT] <Unbihexium> im gonna summon a zombie horde against u
[21:31:47] [Client thread/INFO]: [CHAT] [SA] <Loooll> I didn't ask for pvp
[21:31:48] [Client thread/INFO]: [CHAT] [SA] <Loooll> -.-
[21:31:50] [Client thread/INFO]: [CHAT] <_ChanirPlayz_> ;-;
[21:31:51] [Client thread/INFO]: [CHAT] [MEGAIncest] < Cookie> btw im in the middle of nowhere
[21:31:51] [Client thread/INFO]: [CHAT] <Jamesbond> Mark was there?
[21:31:57] [Client thread/INFO]: [CHAT] [SA] <Dragonnzz> fite me grass
[21:31:59] [Client thread/INFO]: [CHAT] Xandertron5000 joined the game
[21:32:07] [Client thread/INFO]: [CHAT] <ppcbrad> meow
[21:32:10] [Client thread/INFO]: [CHAT] [SA] <Dragonnzz> rawr
[21:32:10] [Client thread/INFO]: [CHAT] <Xandertron5000> meow
[21:32:13] [Client thread/INFO]: [CHAT] [ZOMBIEH] <Unbihexium> wait cookie
[21:33:15] [Client thread/INFO]: Connecting to play.totalfreedom.me., 28965
[21:33:17] [Client thread/INFO]: [CHAT] VideoGameSmash12 is a Telnet Admin and a Digital Form
[21:33:17] [Client thread/INFO]: [CHAT] VideoGameSmash12 joined the game
[21:33:18] [Client thread/INFO]: [CHAT] Welcome, VideoGameSmash12!
[21:33:18] [Client thread/INFO]: [CHAT] Type /help for a list of commands.
[21:33:18] [Client thread/INFO]: [CHAT] Do NOT open any books given to you by other players or you might be perm banned.
[21:33:18] [Client thread/INFO]: [CHAT] Do NOT click on signs that you didn’t make or you might be perm banned.
[21:33:18] [Client thread/INFO]: [CHAT] Remember to save your builds with World Edit or they’ll be lost.
[21:33:18] [Client thread/INFO]: [CHAT] You have no new mail.
[21:33:18] [Client thread/INFO]: [CHAT] Set fly mode enabled for VideoGameSmash12.
[21:33:19] [Client thread/INFO]: [CHAT] <Jamesbond> Yeeeeeh chanyolo
[21:33:19] [Client thread/INFO]: [CHAT] [ADMIN] Loooll [SA]: It's not denied nor is it approved
[21:33:20] [Client thread/INFO]: [CHAT] sk8erace1 joined the game
[21:33:21] [Client thread/INFO]: [CHAT] [MEGAIncest] < Cookie> its Ruby XD
[21:33:22] [Client thread/INFO]: [CHAT] du_zui joined the game
[21:33:22] [Client thread/INFO]: [CHAT] Welcome du_zui to the server!
[21:33:24] [Client thread/INFO]: [CHAT] Going to the AdminWorld.
[21:33:28] [Client thread/INFO]: [CHAT] <du_zui> heyy
[21:33:28] [Client thread/INFO]: [CHAT] [ADMIN] Dragonnzz [SA]: i am gonna object
[21:33:28] [Client thread/INFO]: [CHAT] <Jamesbond> M8
[21:33:29] [Client thread/INFO]: [CHAT] [MEGAIncest] < Cookie> my 3rd favorite Admin
[21:33:31] [Client thread/INFO]: [CHAT] [ADMIN] Loooll [SA]: ok
[21:33:32] [Client thread/INFO]: [CHAT] [ADMIN] Dragonnzz [SA]: jk
[21:33:33] [Client thread/INFO]: [CHAT] [ADMIN] Loooll [SA]: lel
[21:33:34] [Client thread/INFO]: [CHAT] noob <TomMiner_1010> s
[21:33:36] [Client thread/INFO]: [CHAT] PineMiners joined the game
[21:33:37] [Client thread/INFO]: [CHAT] <Jamesbond> Ok it's my chanyolo.
[21:33:37] [Client thread/INFO]: [CHAT] PineMiners left the game.
[21:33:39] [Client thread/INFO]: [CHAT] [ADMIN] Dragonnzz [SA]: lmao
[21:33:42] [Client thread/INFO]: [CHAT] [MEGAIncest] < Cookie> no
[21:33:43] [Client thread/INFO]: [CHAT] <Jamesbond> Not urs.
[21:33:46] [Client thread/INFO]: [CHAT] [STA] <xRubyMC> :o hiiiiiii jamess
[21:33:46] [Client thread/INFO]: [CHAT] [ADMIN] Loooll [SA]: I saw nymph
[21:33:47] [Client thread/INFO]: [CHAT] [STA] <xRubyMC> :D
[21:33:48] [Client thread/INFO]: [CHAT] [ADMIN] Dragonnzz [SA]: gonna vouch
[21:33:49] [Client thread/INFO]: [CHAT] PineMiners joined the game
[21:33:51] [Client thread/INFO]: [CHAT] [MEGAIncest] < Cookie> Ruby is a dummy
[21:33:51] [Client thread/INFO]: [CHAT] [ZOMBIEH] < Unbihexium> who want to kill cookie
[21:33:53] [Client thread/INFO]: [CHAT] noob <TomMiner_1010> hello
[21:33:54] [Client thread/INFO]: [CHAT] [ADMIN] Loooll [SA]: *jk*
[21:33:57] [Client thread/INFO]: [CHAT] [ADMIN] Loooll [SA]: Going to put neutral
[21:33:58] [Client thread/INFO]: [CHAT] [ADMIN] Dragonnzz [SA]: xD
[21:33:59] [Client thread/INFO]: [CHAT] <Jamesbond> It's mine, call her chanyolo
[21:34:02] [Client thread/INFO]: [CHAT] Xandertron5000 fell from a high place
[21:34:02] [Client thread/INFO]: [CHAT] [ADMIN] Loooll [SA]: *jk
[21:34:07] [Client thread/INFO]: [CHAT] [ADMIN] Dragonnzz [SA]: lmao
[21:34:07] [Client thread/INFO]: [CHAT] Kaic1997 joined the game
[21:34:07] [Client thread/INFO]: [CHAT] Welcome Kaic1997 to the server!
[21:34:08] [Client thread/INFO]: [CHAT] [ADMIN] Loooll [SA]: Going to put strong object
[21:34:10] [Client thread/INFO]: [CHAT] <Jamesbond> Or him
[21:34:10] [Client thread/INFO]: [CHAT] Loooll - Opping all players on the server
[21:34:10] [Client thread/INFO]: [CHAT] You are now op!
[21:34:12] [Client thread/INFO]: [CHAT] <Jamesbond> dafuq
[21:34:13] [Client thread/INFO]: [CHAT] [ADMIN] Dragonnzz [SA]: STRONG OBJECT
[21:34:14] [Client thread/INFO]: [CHAT] <Ian012345> w]
[21:34:15] [Client thread/INFO]: [CHAT] Innocnet < Alpha> brb
[21:34:17] [Client thread/INFO]: [CHAT] [MEGAIncest] < Cookie> She's mine (#NoHomo)
[21:34:17] [Client thread/INFO]: [CHAT] [ADMIN] Dragonnzz [SA]: later another post
[21:34:19] [Client thread/INFO]: [CHAT] [STA] <xRubyMC> james, wanna supered?
[21:34:19] [Client thread/INFO]: [CHAT] [ADMIN] Dragonnzz [SA]: jk
[21:34:21] [Client thread/INFO]: [CHAT] Xandertron5000 fell from a high place
[21:34:21] [Client thread/INFO]: [CHAT] < Commanvil> oops
[21:34:30] [Client thread/INFO]: [CHAT] <Jamesbond> Yes .-.
[21:34:32] [Client thread/INFO]: [CHAT] bennett6006 has been a VERY naughty, naughty boy.
[21:34:32] [Client thread/INFO]: [CHAT] Banning: bennett6006, IP: 24.32.*.* - Reason: Griefing
[21:34:32] [Client thread/INFO]: [CHAT] bennett6006 left the game.
[21:34:33] [Client thread/INFO]: [CHAT] [STA] <xRubyMC> kk
[21:34:35] [Client thread/INFO]: [CHAT] [SA] <Loooll> get fucked
[21:34:36] [Client thread/INFO]: [CHAT] Taco Bell. < Bleach> No more Orespawn tools for you bitches, you dont wanna appreciate me making things for you? Then
[21:34:37] [Client thread/INFO]: [CHAT] Taco Bell. < Bleach> forget it
[21:34:38] [Client thread/INFO]: [CHAT] Taco Bell. < Bleach> idc
[21:34:42] [Client thread/INFO]: [CHAT] [MEGAIncest] < Cookie> lol
[21:34:43] [Client thread/INFO]: [CHAT] <Jamesbond> Dafuq i've verifed.
[21:34:48] [Client thread/INFO]: [CHAT] <Jamesbond> m8
[21:34:48] [Client thread/INFO]: [CHAT] Loooll - Rolling back player: sneakydolphin
[21:34:51] [Client thread/INFO]: [CHAT] <_ChanirPlayz_> XDepression i do appreciate your stuff
[21:34:52] [Client thread/INFO]: [CHAT] xRubyMC - Readding Jamesbond to the admin list
[21:34:53] [Client thread/INFO]: [CHAT] [ZOMBIE] < Unbihexium> who wants to destroy a city
[21:34:55] [Client thread/INFO]: [CHAT] < Sneaks> :0
[21:34:56] [Client thread/INFO]: [CHAT] Kaic1997 left the game.
[21:34:56] [Client thread/INFO]: [CHAT] Jamesbond left the game.
[21:34:56] [Client thread/INFO]: [CHAT] Loooll - Reverting rollback for player: sneakydolphin
[21:34:57] [Client thread/INFO]: [CHAT] [SA] <Loooll> ME
[21:34:57] [Client thread/INFO]: [CHAT] [MEGAIncest] < Cookie> there is many Bleach
[21:34:57] [Client thread/INFO]: [CHAT] < Sneaks> Why
[21:34:57] [Client thread/INFO]: [CHAT] TomMiner_1010 left the game.
[21:34:58] [Client thread/INFO]: [CHAT] <sk8erace1> gix let me guess u fell in love with me
[21:34:58] [Client thread/INFO]: [CHAT] Jamesbond is a Super Admin
[21:34:58] [Client thread/INFO]: [CHAT] Jamesbond joined the game
[21:35:00] [Client thread/INFO]: [CHAT] [SA] <Loooll> I wanna destroy gohtm.
[21:35:03] [Client thread/INFO]: [CHAT] [TotalFreedom] Player vs player while in creative or god mode it forbidden!
[21:35:04] [Client thread/INFO]: [CHAT] [SA] <Loooll> gohtham
[21:35:04] [Client thread/INFO]: [CHAT] [ADMIN] xRubyMC [STA]: ayy lmao
[21:35:06] [Client thread/INFO]: [CHAT] < Sneaks> all my headsw
[21:35:10] [Client thread/INFO]: [CHAT] [SA] <Loooll> fuck batman
[21:35:10] [Client thread/INFO]: [CHAT] [ADMIN] Jamesbond [SA]: Lol
[21:35:11] [Client thread/INFO]: [CHAT] MarcelEVHS joined the game
[21:35:11] [Client thread/INFO]: [CHAT] Welcome MarcelEVHS to the server!
[21:35:12] [Client thread/INFO]: [CHAT] [MEGAIncest] < Cookie> i wanna destroy a planet tho
[21:35:14] [Client thread/INFO]: [CHAT] <sk8erace1> hey
[21:35:14] [Client thread/INFO]: [CHAT] [MEGAIncest] < Cookie> Uranus
[21:35:15] [Client thread/INFO]: [CHAT] * LeLorde is now AFK.
[21:35:16] [Client thread/INFO]: [CHAT] [SA] < Jamesbond> Fuck superman.
[21:35:19] [Client thread/INFO]: [CHAT] [SA] <Loooll> You ranus
[21:35:22] [Client thread/INFO]: [CHAT] Taco Bell. < Bleach> Ill destroy you, now stfu
[21:35:23] [Client thread/INFO]: [CHAT] [SA] < Jamesbond> :D
[21:35:24] [Client thread/INFO]: [CHAT] [ADMIN] xRubyMC [STA]: i just went to d3ath's server to set kitpvp server lol
[21:35:25] [Client thread/INFO]: [CHAT] [MEGAIncest] < Cookie> Your Anus
[21:35:29] [Client thread/INFO]: [CHAT] <_ChanirPlayz_> "Ur-Anus
[21:35:32] [Client thread/INFO]: [CHAT] [ADMIN] Jamesbond [SA]: Wtf is d3ath
[21:35:33] [Client thread/INFO]: [CHAT] Loooll - Setting everyone's Worldedit block modification limit to 2500.
[21:35:35] [Client thread/INFO]: [CHAT] xXDekatekXx joined the game
[21:35:36] [Client thread/INFO]: [CHAT] < Sneaks> who ever rolled me back mess up stuff
[21:35:37] [Client thread/INFO]: [CHAT] [ADMIN] xRubyMC [STA]: d3ath2005
[21:35:38] [Client thread/INFO]: [CHAT] < xXDekatekXx> connected with DekatekOS using MineChat
[21:35:38] [Client thread/INFO]: [CHAT] < Commanvil> TotalFreedom gotta try out Power tool, and I control U plugins :P
[21:35:39] [Client thread/INFO]: [CHAT] [ADMIN] xRubyMC [STA]: an admin
[21:35:46] [Client thread/INFO]: [CHAT] [ADMIN] Jamesbond [SA]: d3ath means bad word on arabic
[21:35:49] [Client thread/INFO]: [CHAT] [ADMIN] Jamesbond [SA]: wtf
[21:35:50] [Client thread/INFO]: [CHAT] [ADMIN] xRubyMC [STA]: LOL
[21:35:51] [Client thread/INFO]: [CHAT] <Xandertron5000> im flying dad
[21:35:54] [Client thread/INFO]: [CHAT] <_ChanirPlayz_> XDepression look
[21:35:54] [Client thread/INFO]: [CHAT] [IncestTeacher] < Cookie> Hello class
[21:35:54] [Client thread/INFO]: [CHAT] <Xandertron5000> im flying
[21:35:55] [Client thread/INFO]: [CHAT] TomMiner_1010 joined the game
[21:36:00] [Client thread/INFO]: [CHAT] <sk8erace1> t
[21:36:00] [Client thread/INFO]: [CHAT] [IncestTeacher] < Cookie> today we will be learning about Planets
[21:36:02] [Client thread/INFO]: [CHAT] [ADMIN] Loooll [SA]: d3ath is gud for health
[21:36:07] [Client thread/INFO]: [CHAT] [ADMIN] xRubyMC [STA]: welp, im off-duty for now c:
[21:36:08] [Client thread/INFO]: [CHAT] Taco Bell. < Bleach> mhmmmmmm hacks
[21:36:10] [Client thread/INFO]: [CHAT] Taco Bell. < Bleach> I know
[21:36:12] [Client thread/INFO]: [CHAT] <MarcelEVHS> op plz
[21:36:13] [Client thread/INFO]: [CHAT] Kaic1997 joined the game
[21:36:14] [Client thread/INFO]: [CHAT] [ADMIN] Loooll [SA]: k gem.
[21:36:14] [Client thread/INFO]: [CHAT] [ADMIN] Jamesbond [SA]: Wow Loooll meet you on growtopia.
[21:36:15] [Client thread/INFO]: [CHAT] < xXDekatekXx> Hello.
[21:36:17] [Client thread/INFO]: [CHAT] [IncestTeacher] < Cookie> today's assignment will be destroying Uranus
[21:36:21] [Client thread/INFO]: [CHAT] [ADMIN] Loooll [SA]: wat was ur name
[21:36:24] [Client thread/INFO]: [CHAT] <gtx> grrrr
[21:36:25] [Client thread/INFO]: [CHAT] [ADMIN] Jamesbond [SA]: I'm saudian.
[21:36:30] [Client thread/INFO]: [CHAT] [ADMIN] Loooll [SA]: Don't remember
[21:36:31] [Client thread/INFO]: [CHAT] <TomMiner_1010> fack you
[21:36:34] [Client thread/INFO]: [CHAT] [ADMIN] Jamesbond [SA]: I'm on 8alb my farm.
[21:36:34] [Client thread/INFO]: [CHAT] TomMiner_1010 left the game.
[21:36:35] [Client thread/INFO]: [CHAT] < Commanvil> Nah don't destroy Myanus, destroy Uranus instead!
[21:36:37] [Client thread/INFO]: [CHAT] <MarcelEVHS> can i get op plz
[21:36:39] [Client thread/INFO]: [CHAT] [IncestTeacher] < Cookie> Have fun destroying Uranus
[21:36:39] [Client thread/INFO]: [CHAT] Slender left the game.
[21:36:39] [Client thread/INFO]: [CHAT] Dragonnzz - Opping all players on the server
[21:36:39] [Client thread/INFO]: [CHAT] You are now op!
[21:36:41] [Client thread/INFO]: [CHAT] Dragonnzz - Setting everyone's Worldedit block modification limit to 2500.
[21:36:42] [Client thread/INFO]: [CHAT] <gtx> grrr
[21:36:43] [Client thread/INFO]: [CHAT] Dragonnzz left the game.
[21:36:44] [Client thread/INFO]: [CHAT] [ADMIN] Loooll [SA]: But I do recall someone who said my username is a name of this server
[21:36:44] [Client thread/INFO]: [CHAT] * iPvpinq is now AFK.
[21:36:45] [Client thread/INFO]: [CHAT] <MarcelEVHS> thx
[21:36:49] [Client thread/INFO]: [CHAT] Loooll - Opping all players on the server
[21:36:49] [Client thread/INFO]: [CHAT] You are now op!
[21:36:49] [Client thread/INFO]: [CHAT] MarcelEVHS left the game.
[21:36:50] [Client thread/INFO]: [CHAT] sk8erace1 left the game.
[21:36:53] [Client thread/INFO]: [CHAT] [ADMIN] xRubyMC [STA]: LOL
[21:36:57] [Client thread/INFO]: [CHAT] <ppcbrad> oh
[21:37:03] [Client thread/INFO]: [CHAT] [ADMIN] Jamesbond [SA]: Come so i can access you
[21:37:04] [Client thread/INFO]: [CHAT] [ADMIN] Loooll [SA]: Yup I use 'totalfreedom' as my username
[21:37:05] [Client thread/INFO]: [CHAT] [ADMIN] Loooll [SA]: lololololol
[21:37:07] [Client thread/INFO]: [CHAT] maik_games joined the game
[21:37:08] [Client thread/INFO]: [CHAT] [ADMIN] xRubyMC [STA]: omg this spawn is a mess ;-;
[21:37:10] [Client thread/INFO]: [CHAT] [ADMIN] Jamesbond [SA]: Lol
[21:37:11] [Client thread/INFO]: [CHAT] [IncestualNeko] < Cookie> this is my tag 4ever
[21:37:16] [Client thread/INFO]: [CHAT] [ADMIN] Loooll [SA]: Roll in the mineplex spawn
[21:37:22] [Client thread/INFO]: [CHAT] [ADMIN] xRubyMC [STA]: no
[21:37:24] [Client thread/INFO]: [CHAT] sk8erace1 joined the game
[21:37:28] [Client thread/INFO]: [CHAT] <gtx> i need to spend a time with my self
[21:37:31] [Client thread/INFO]: [CHAT] <maik_games> hello
[21:37:32] [Client thread/INFO]: [CHAT] [Server:Loooll] Rolling in the mineplex spawn, most hated one.
[21:37:33] [Client thread/INFO]: [CHAT] <du_zui> hai ruby
[21:37:35] [Client thread/INFO]: [CHAT] [Server:Loooll] GET READ
[21:37:37] [Client thread/INFO]: [CHAT] [ADMIN] Loooll [SA]: -Y
[21:37:38] [Client thread/INFO]: [CHAT] [ADMIN] xRubyMC [STA]: no fuck
[21:37:39] [Client thread/INFO]: [CHAT] Kaic1997 left the game.
[21:37:41] [Client thread/INFO]: [CHAT] [Server:Loooll] -Y
[21:37:43] [Client thread/INFO]: [CHAT] <ppcbrad> hallooooooo sk8erace1