[20:39:25] [Client thread/INFO]: Connecting to play.totalfreedom.me., 28965
[20:39:27] [Client thread/INFO]: [CHAT] VideoGameSmash12 is a Telnet Admin
[20:39:27] [Client thread/INFO]: [CHAT] VideoGameSmash12 joined the game
[20:40:00] [Client thread/INFO]: [CHAT] Welcome, VideoGameSmash12!
[20:40:00] [Client thread/INFO]: [CHAT] Type /help for a list of commands.
[20:40:00] [Client thread/INFO]: [CHAT] Do NOT open any books given to you by other players or you might be perm banned.
[20:40:00] [Client thread/INFO]: [CHAT] Remember to save your builds with World Edit or they’ll be lost.
[20:40:00] [Client thread/INFO]: [CHAT] You have no new mail.
[20:40:00] [Client thread/INFO]: [CHAT] [AntiBad] <ANGRYKITTYS06> So..
[20:40:00] [Client thread/INFO]: [CHAT] < CreeperSeth> jk I can speak english xD
[20:40:00] [Client thread/INFO]: [CHAT] <Ender4003> do not do /spawn theres a hole in ground
[20:40:00] [Client thread/INFO]: [CHAT] [SA] <PacksGamingHD> So...
[20:40:00] [Client thread/INFO]: [CHAT] [Warden] < KenTheDj> want to be officer
[20:40:00] [Client thread/INFO]: [CHAT] < CreeperSeth> How's my spanish? xD
[20:40:00] [Client thread/INFO]: [CHAT] [AntiBad] <ANGRYKITTYS06> If there is a hole
[20:40:00] [Client thread/INFO]: [CHAT] <sk8erace1> ok
[20:40:00] [Client thread/INFO]: [CHAT] [AntiBad] <ANGRYKITTYS06> Kill the hole
[20:40:00] [Client thread/INFO]: [CHAT] <Withered_Bonnie> Lol
[20:40:00] [Client thread/INFO]: [CHAT] [AntiBad] <ANGRYKITTYS06> Hole = ded
[20:40:09] [Client thread/INFO]: [CHAT] Ender4003 fell out of the world
[20:40:10] [Client thread/INFO]: [CHAT] [Warden] < KenTheDj> do/tag set &8&l[&9&lOfficer&8&l]
[20:40:10] [Client thread/INFO]: [CHAT] <sk8erace1> wait i want to be prisoner
[20:40:13] [Client thread/INFO]: [CHAT] [Warden] < KenTheDj> ok
[20:40:18] [Client thread/INFO]: [CHAT] PlayingDude joined the game
[20:40:18] [Client thread/INFO]: [CHAT] Welcome PlayingDude to the server!
[20:40:18] [Client thread/INFO]: [CHAT] Teleporting...
[20:40:20] [Client thread/INFO]: [CHAT] vardilomon joined the game
[20:40:22] [Client thread/INFO]: [CHAT] [Warden] < KenTheDj> do/tag set &8&l[&9&lPrisoner&8&l]
[20:40:22] [Client thread/INFO]: [CHAT] PacksGamingHD - Opping all players on the server
[20:40:22] [Client thread/INFO]: [CHAT] <Srkillaura> how can i make a region
[20:40:22] [Client thread/INFO]: [CHAT] You are now op!
[20:40:30] [Client thread/INFO]: [CHAT] PacksGamingHD left the game.
[20:40:35] [Client thread/INFO]: [CHAT] < CreeperSeth> Tah O_O
[20:40:37] [Client thread/INFO]: [CHAT] <PlayingDude> uhh
[20:40:42] [Client thread/INFO]: [CHAT] < CreeperSeth> Omg its been so long
[20:40:46] [Client thread/INFO]: [CHAT] <Ender4003> hi
[20:40:48] [Client thread/INFO]: [CHAT] [Warden] < KenTheDj> hi