[17:33:00] [Client thread/INFO]: Connecting to play.totalfreedom.me., 28965
[17:33:05] [Client thread/INFO]: [CHAT] VideoGameSmash12 is a Telnet Admin
[17:33:05] [Client thread/INFO]: [CHAT] VideoGameSmash12 joined the game
[17:33:09] [Client thread/INFO]: [CHAT] Welcome, VideoGameSmash12!
[17:33:09] [Client thread/INFO]: [CHAT] Type /help for a list of commands.
[17:33:09] [Client thread/INFO]: [CHAT] Do NOT open any books given to you by other players or you might be perm banned.
[17:33:09] [Client thread/INFO]: [CHAT] Remember to save your builds with World Edit or they’ll be lost.
[17:33:09] [Client thread/INFO]: [CHAT] You have no new mail.
[17:33:09] [Client thread/INFO]: [CHAT] Welcome VideoGameSmash12 to the server!
[17:33:09] [Client thread/INFO]: [CHAT] [ADMIN] FireCrystal12 [SA]: Please put some maturity in your posts, batbutt (this is my opinion). You might be high valued-
[17:33:10] [Client thread/INFO]: [CHAT] [Techno Crew] < TheGapplesCrafted> wb VideoGameSmash12
[17:33:10] [Client thread/INFO]: [CHAT] <IIStrafePvP_> 481
[17:33:11] [Client thread/INFO]: [CHAT] [ADMIN] FireCrystal12 [SA]: then :o
[17:33:14] [Client thread/INFO]: [CHAT] <IIStrafePvP_> HEHEH
[17:33:16] [Client thread/INFO]: [CHAT] [ADMIN] batbutt [STA]: I am mature
[17:33:18] [Client thread/INFO]: [CHAT] IIStrafePvP_ has been a VERY naughty, naughty boy.
[17:33:18] [Client thread/INFO]: [CHAT] Banning: IIStrafePvP_, IP: 70.94.*.* - Reason: Don't tell me to "go die" Thanks though.
[17:33:18] [Client thread/INFO]: [CHAT] IIStrafePvP_ left the game.
[17:33:18] [Client thread/INFO]: [CHAT] <Aaron1234321> 481 come here
[17:33:23] [Client thread/INFO]: [CHAT] [ADMIN] batbutt [STA]: people just don't take me seriously when i am
[17:33:25] [Client thread/INFO]: [CHAT] [ADMIN] VideoGameSmash12 [STA]: This computer is terrible.
[17:33:33] [Client thread/INFO]: [CHAT] [ADMIN] batbutt [STA]: so they don't know if im joking or not
[17:33:35] [Client thread/INFO]: [CHAT] [ADMIN] VideoGameSmash12 [STA]: When I'm on any server or any game
[17:33:37] [Client thread/INFO]: [CHAT] [ADMIN] WilliePlaysMC [STA]: FireCrystal12.
[17:33:38] [Client thread/INFO]: [CHAT] [ADMIN] FireCrystal12 [SA]: VideoGameSmash12, which PC do you use?
[17:33:39] [Client thread/INFO]: [CHAT] [ADMIN] batbutt [STA]: so it's all really confusing
[17:33:39] [Client thread/INFO]: [CHAT] <Aaron1234321> want to be freinds
[17:33:43] [Client thread/INFO]: [CHAT] [ADMIN] FireCrystal12 [SA]: Yes Willie.
[17:33:47] [Client thread/INFO]: [CHAT] [ADMIN] WilliePlaysMC [STA]: Your shouldn't take batbutt seriously...
[17:33:50] [Client thread/INFO]: [CHAT] [ADMIN] WilliePlaysMC [STA]: You*
[17:33:51] [Client thread/INFO]: [CHAT] DarkXFiles left the game.
[17:33:56] [Client thread/INFO]: [CHAT] [ADMIN] duckified [SA]: True
[17:33:57] [Client thread/INFO]: [CHAT] [ADMIN] batbutt [STA]: why not u.u
[17:33:57] [Client thread/INFO]: [CHAT] [ADMIN] FireCrystal12 [SA]: Why not?
[17:33:59] [Client thread/INFO]: [CHAT] KungfuCactus28 is an Impostor
[17:33:59] [Client thread/INFO]: [CHAT] Warning: KungfuCactus28 has been flagged as an impostor and has been frozen!
[17:33:59] [Client thread/INFO]: [CHAT] KungfuCactus28 joined the game
[17:34:02] [Client thread/INFO]: [CHAT] [Techno Crew] < TheGapplesCrafted> verify
[17:34:03] [Client thread/INFO]: [CHAT] [ADMIN] VideoGameSmash12 [STA]: This fucking piece of shit gives me the middle finger and fucks me over with a lagspike.
[17:34:04] [Client thread/INFO]: [CHAT] [Server:FireCrystal12] Please verify yourself
[17:34:15] [Client thread/INFO]: [CHAT] <KungfuCactus28> I will
[17:34:16] [Client thread/INFO]: [CHAT] Aaron1234321 left the game.
[17:34:19] [Client thread/INFO]: [CHAT] [ADMIN] VideoGameSmash12 [STA]: Every 10 seconds or so, too.
[17:34:26] [Client thread/INFO]: [CHAT] [ADMIN] FireCrystal12 [SA]: I feel sorry for you :(. Anyways, do you know how to make your PC faster?
[17:34:37] [Client thread/INFO]: [CHAT] [Alpha_and_Delta: 8 blocks cloned]
[17:34:38] [Client thread/INFO]: [CHAT] [ADMIN] FireCrystal12 [SA]: Is it caused by a virus?
[17:34:38] [Client thread/INFO]: [CHAT] [ADMIN] batbutt [STA]: *cleans myself*
[17:34:39] [Client thread/INFO]: [CHAT] [ADMIN] VideoGameSmash12 [STA]: Minecraft was the only thing open at the time of the lagspikes
[17:34:41] [Client thread/INFO]: [CHAT] BonelessAvocado joined the game
[17:34:53] [Client thread/INFO]: [CHAT] < ItzAndrewPvPzSkill360> Can I make a throne?
[17:35:00] [Client thread/INFO]: [CHAT] [SA] <duckified> Delta_and_Alpha just tpo
[17:35:00] [Client thread/INFO]: [CHAT] [ADMIN] FireCrystal12 [SA]: btb
[17:35:03] [Client thread/INFO]: [CHAT] [ADMIN] FireCrystal12 [SA]: *brb
[17:35:04] [Client thread/INFO]: [CHAT] FireCrystal12 left the game.
[17:35:05] [Client thread/INFO]: [CHAT] < GrampaiBanlass> yes
[17:35:05] [Client thread/INFO]: [CHAT] [Techno Crew] < TheGapplesCrafted> andrewm29 all can make throne
[17:35:06] [Client thread/INFO]: [CHAT] [ADMIN] VideoGameSmash12 [STA]: Also, I wouldn't download anything illegal
[17:35:11] [Client thread/INFO]: [CHAT] < ItzAndrewPvPzSkill360> Yay^-^
[17:35:11] [Client thread/INFO]: [CHAT] [SA] <duckified> I have tp disabled
[17:35:13] [Client thread/INFO]: [CHAT] Unknown command. Type "/help" for help.
[17:35:14] [Client thread/INFO]: [CHAT] [Techno Crew] < TheGapplesCrafted> andrewm29 what blocks you want
[17:35:17] [Client thread/INFO]: [CHAT] [SA] <duckified> You can tpo though
[17:35:19] [Client thread/INFO]: [CHAT] [ADMIN] VideoGameSmash12 [STA]: or anything that looks like a virus
[17:35:19] [Client thread/INFO]: [CHAT] [ADMIN] batbutt [STA]: i always do illegal things
[17:35:22] [Client thread/INFO]: [CHAT] [Techno Crew] < TheGapplesCrafted> andrewm29 what blocks you want???
[17:35:32] [Client thread/INFO]: [CHAT] [STA] < WilliePlaysMC> KungfuCactus28?
[17:35:33] [Client thread/INFO]: [CHAT] <KungfuCactus28> Verified
[17:35:33] [Client thread/INFO]: [CHAT] < GrampaiBanlass> I think andrewm29 can make it by themself
[17:35:37] [Client thread/INFO]: [CHAT] < Andrew> Redstone block
[17:35:37] [Client thread/INFO]: [CHAT] [Techno Crew] < TheGapplesCrafted> andrewm29 what blocks you want for your throne
[17:35:39] [Client thread/INFO]: [CHAT] [ADMIN] VideoGameSmash12 [STA]: I actually threw a rage fit and slammed my fist at the keyboard
[17:35:41] [Client thread/INFO]: [CHAT] [Techno Crew] < TheGapplesCrafted> ok wait
[17:35:41] [Client thread/INFO]: [CHAT] WilliePlaysMC - Readding KungfuCactus28 to the admin list
[17:35:41] [Client thread/INFO]: [CHAT] [ADMIN] batbutt [STA]: i just hissed at my mom
[17:35:42] [Client thread/INFO]: [CHAT] <KungfuCactus28> (I'm downloading something so i lag)
[17:35:44] [Client thread/INFO]: [CHAT] [ADMIN] WilliePlaysMC [Console]: wb
[17:35:45] [Client thread/INFO]: [CHAT] Alpha_and_Delta left the game.
[17:35:47] [Client thread/INFO]: [CHAT] KungfuCactus28 - Opping KungfuCactus28
[17:35:48] [Client thread/INFO]: [CHAT] KungfuCactus28 left the game.
[17:35:50] [Client thread/INFO]: [CHAT] < Andrew> But could I make one by my self?
[17:35:58] [Client thread/INFO]: [CHAT] [ADMIN] VideoGameSmash12 [STA]: I get easily pissed at this fucking computer
[17:35:58] [Client thread/INFO]: [CHAT] KungfuCactus28 is a Super Admin
[17:35:58] [Client thread/INFO]: [CHAT] KungfuCactus28 joined the game
[17:36:00] [Client thread/INFO]: [CHAT] < Andrew> I will do it exactly like the others
[17:36:03] [Client thread/INFO]: [CHAT] [ADMIN] duckified [SA]: Hello Cactus
[17:36:05] [Client thread/INFO]: [CHAT] < GrampaiBanlass> yes
[17:36:07] [Client thread/INFO]: [CHAT] [ADMIN] KungfuCactus28 [SA]: Hi duck
[17:36:07] [Client thread/INFO]: [CHAT] [ADMIN] VideoGameSmash12 [STA]: I want to just get a new one
[17:36:10] [Client thread/INFO]: [CHAT] < Andrew> ok
[17:36:13] [Client thread/INFO]: [CHAT] < Andrew> thanks
[17:36:15] [Client thread/INFO]: [CHAT] [ADMIN] VideoGameSmash12 [STA]: That doesn't have a fucking Celeron
[17:36:24] [Client thread/INFO]: [CHAT] [SA] <duckified> 481
[17:36:26] [Client thread/INFO]: [CHAT] [Techno Crew] < TheGapplesCrafted> finished
[17:36:28] [Client thread/INFO]: [CHAT] [Cool Crew] [EXC] [SA] <481> Yes?
[17:36:32] [Client thread/INFO]: [CHAT] [SA] <duckified> Look at the chain of thrones you've created
[17:36:33] [Client thread/INFO]: [CHAT] [SA] <duckified> xD
[17:36:36] [Client thread/INFO]: [CHAT] < Andrew> Could I modify it?
[17:36:39] [Client thread/INFO]: [CHAT] [Cool Crew] [EXC] [SA] <481> I am powerful.
[17:36:42] [Client thread/INFO]: [CHAT] [ADMIN] VideoGameSmash12 [STA]: That's why I'm so- and there's the lagspike.
[17:36:43] [Client thread/INFO]: [CHAT] [Techno Crew] < TheGapplesCrafted> xD
[17:36:46] [Client thread/INFO]: [CHAT] Aaron1234321 joined the game
[17:36:48] [Client thread/INFO]: [CHAT] [ADMIN] WilliePlaysMC [STA]: hmm
[17:36:59] [Client thread/INFO]: [CHAT] [ADMIN] WilliePlaysMC [STA]: batbutt has a girl skin.
[17:37:02] [Client thread/INFO]: [CHAT] [ADMIN] WilliePlaysMC [STA]: that is about it.
[17:37:03] [Client thread/INFO]: [CHAT] < DaGappleHax> who has a server?
[17:37:03] [Client thread/INFO]: [CHAT] [ADMIN] batbutt [STA]: ;3
[17:37:04] [Client thread/INFO]: [CHAT] < Dogetrio> omg dolan
[17:37:07] [Client thread/INFO]: [CHAT] [ADMIN] VideoGameSmash12 [STA]: I'm so pissed at this fucking computer that I'm fucking done.
[17:37:08] [Client thread/INFO]: [CHAT] [ADMIN] batbutt [STA]: im a cutie
[17:37:18] [Client thread/INFO]: [CHAT] [ADMIN] duckified [SA]: What's wrong with your PC?
[17:37:24] [Client thread/INFO]: [CHAT] [ADMIN] KungfuCactus28 [SA]: What are the (fucking) specs in your (fucking) pc?
[17:37:31] [Client thread/INFO]: [CHAT] [ADMIN] WilliePlaysMC [STA]: Remember the what you think you are and what you really are meme?
[17:37:34] [Client thread/INFO]: [CHAT] [ADMIN] VideoGameSmash12 [STA]: It lags to hell in Minecraft
[17:37:43] [Client thread/INFO]: [CHAT] FireCrystal12 is a Super Admin
[17:37:43] [Client thread/INFO]: [CHAT] FireCrystal12 joined the game
[17:37:43] [Client thread/INFO]: [CHAT] [ADMIN] VideoGameSmash12 [STA]: Even with everything else closed
[17:37:44] [Client thread/INFO]: [CHAT] [ADMIN] KungfuCactus28 [SA]: Do you have chrome open
[17:37:47] [Client thread/INFO]: [CHAT] [Techno Crew] < TheGapplesCrafted> wb FireCrystal12
[17:37:47] [Client thread/INFO]: [CHAT] [ADMIN] KungfuCactus28 [SA]: nvm
[17:37:48] [Client thread/INFO]: [CHAT] [ADMIN] FireCrystal12 [SA]: Hello there, Im back.
[17:37:51] [Client thread/INFO]: [CHAT] [Delta_and_Alpha: Data tag parsing failed: Unbalanced brackets: { Item: { id: 283, Count: 1, tag: { display: {]
[17:37:53] [Client thread/INFO]: [CHAT] [ADMIN] duckified [SA]: Do you have OptiFine?
[17:37:54] [Client thread/INFO]: [CHAT] [SA] < Mandar> Thank you Grape
[17:37:55] [Client thread/INFO]: [CHAT] [ADMIN] duckified [SA]: Wb Fire
[17:37:59] [Client thread/INFO]: [CHAT] [ADMIN] MashedPtatoz [Console]: who has optifine
[17:37:59] [Client thread/INFO]: [CHAT] [ADMIN] VideoGameSmash12 [STA]: That won't help.
[17:38:01] [Client thread/INFO]: [CHAT] [ADMIN] MashedPtatoz [Console]: who has chrome open
[17:38:02] [Client thread/INFO]: [CHAT] [ADMIN] FireCrystal12 [SA]: Yes, but not for 1.9
[17:38:04] [Client thread/INFO]: [CHAT] [ADMIN] KungfuCactus28 [SA]: ME
[17:38:12] [Client thread/INFO]: [CHAT] [ADMIN] WilliePlaysMC [STA]: me
[17:38:12] [Client thread/INFO]: [CHAT] [ADMIN] FireCrystal12 [SA]: Maybe clear some unwanted files off your PC
[17:38:13] [Client thread/INFO]: [CHAT] [ADMIN] VideoGameSmash12 [STA]: It's happened before on this fucking computer
[17:38:13] [Client thread/INFO]: [CHAT] [ADMIN] KungfuCactus28 [SA]: and i still have 100+ fps
[17:38:18] [Client thread/INFO]: [CHAT] KingHax left the game.
[17:38:23] [Client thread/INFO]: [CHAT] [ADMIN] VideoGameSmash12 [STA]: No, I'm not deleting my porn
[17:38:24] [Client thread/INFO]: [CHAT] [ADMIN] batbutt [STA]: *wiggles*
[17:38:25] [Client thread/INFO]: [CHAT] [ADMIN] WilliePlaysMC [STA]: I have 40 fps
[17:38:30] [Client thread/INFO]: [CHAT] [ADMIN] duckified [SA]: Lol
[17:38:33] [Client thread/INFO]: [CHAT] [ADMIN] MashedPtatoz [Console]: videogamesmash12
[17:38:36] [Client thread/INFO]: [CHAT] [ADMIN] FireCrystal12 [SA]: But, it is unwanted, VideoGameSmash12?
[17:38:39] [Client thread/INFO]: [CHAT] [ADMIN] MashedPtatoz [Console]: what kind of computer is it
[17:38:44] [Client thread/INFO]: [CHAT] BonelessAvocado left the game.
[17:38:47] [Client thread/INFO]: [CHAT] [ADMIN] WilliePlaysMC [STA]: omg
[17:38:52] [Client thread/INFO]: [CHAT] [Techno Crew] < TheGapplesCrafted> andrewm29 lol nice
[17:38:52] [Client thread/INFO]: [CHAT] [ADMIN] WilliePlaysMC [STA]: I locked it at 40
[17:38:53] [Client thread/INFO]: [CHAT] [ADMIN] WilliePlaysMC [STA]: lol
[17:38:57] [Client thread/INFO]: [CHAT] [ADMIN] VideoGameSmash12 [STA]: It's my 2 year old laptop
[17:38:58] [Client thread/INFO]: [CHAT] [ADMIN] KungfuCactus28 [SA]: xD
[17:39:01] [Client thread/INFO]: [CHAT] [Techno Crew] < TheGapplesCrafted> andrewm29 lol nice :D :D
[17:39:01] [Client thread/INFO]: [CHAT] < Andrew> Perfect
[17:39:06] [Client thread/INFO]: [CHAT] [ADMIN] WilliePlaysMC [STA]: Ok I have around 85 fps.
[17:39:12] [Client thread/INFO]: [CHAT] [ADMIN] MashedPtatoz [Console]: but which kind
[17:39:16] [Client thread/INFO]: [CHAT] [ADMIN] 481 [SA]: 60 :P
[17:39:19] [Client thread/INFO]: [CHAT] <Aaron1234321> i love this server
[17:39:20] [Client thread/INFO]: [CHAT] [ADMIN] VideoGameSmash12 [STA]: A Toshiba Satellite C55-B5202
[17:39:26] [Client thread/INFO]: [CHAT] [ADMIN] KungfuCactus28 [SA]: i just locked mine to 5 fps
[17:39:31] [Client thread/INFO]: [CHAT] [ADMIN] batbutt [STA]: they'll blame it on that
[17:39:39] [Client thread/INFO]: [CHAT] [ADMIN] WilliePlaysMC [STA]: On what?
[17:39:39] [Client thread/INFO]: [CHAT] [ADMIN] 481 [SA]: lmao
[17:39:45] [Client thread/INFO]: [CHAT] [ADMIN] batbutt [STA]: *wiggles*
[17:39:48] [Client thread/INFO]: [CHAT] [ADMIN] WilliePlaysMC [STA]: ...
[17:39:54] [Client thread/INFO]: [CHAT] WilliePlaysMC - Rolling back player: mysterious10
[17:39:56] [Client thread/INFO]: [CHAT] [SA] < Mandar> Try clearing out the unwanted files, except your "porn"
[17:39:56] [Client thread/INFO]: [CHAT] [ADMIN] VideoGameSmash12 [STA]: Oh god framerate is getting nuked
[17:39:56] [Client thread/INFO]: [CHAT] [ADMIN] batbutt [STA]: *swallows* o.o
[17:40:02] [Client thread/INFO]: [CHAT] <Aaron1234321> i want to be and Admin but i cant
[17:40:03] [Client thread/INFO]: [CHAT] [ADMIN] FireCrystal12 [SA]: Try clearing out the unwanted files, except your "porn"
[17:40:05] [Client thread/INFO]: [CHAT] [SA] < Mandar> Wrong chat
[17:40:08] [Client thread/INFO]: [CHAT] [SA] < Mandar> Yes you can, Aaron1234321.
[17:40:15] [Client thread/INFO]: [CHAT] [ADMIN] VideoGameSmash12 [STA]: I was joking about the porn part
[17:40:15] [Client thread/INFO]: [CHAT] [SA] < Mandar> Just do /ai ;)
[17:40:18] [Client thread/INFO]: [CHAT] [ADMIN] 481 [SA]: lol
[17:40:19] [Client thread/INFO]: [CHAT] [ADMIN] KungfuCactus28 [SA]: Like, Games you don't play anymore
[17:40:20] [Client thread/INFO]: [CHAT] [ADMIN] batbutt [STA]: i'm not
[17:40:22] [Client thread/INFO]: [CHAT] [ADMIN] WilliePlaysMC [STA]: FireCrystal12 don't want to show immaturity outside of adminchat. xD
[17:40:25] [Client thread/INFO]: [CHAT] [ADMIN] batbutt [STA]: *vibrates*
[17:40:26] [Client thread/INFO]: [CHAT] KingHax joined the game
[17:40:28] [Client thread/INFO]: [CHAT] [ADMIN] WilliePlaysMC [STA]: eww
[17:40:31] [Client thread/INFO]: [CHAT] [ADMIN] VideoGameSmash12 [STA]: I barely have anything on this PC
[17:40:35] [Client thread/INFO]: [CHAT] < Andrew> Can I use Command blocks?
[17:40:37] [Client thread/INFO]: [CHAT] [SA] <duckified> yes
[17:40:40] [Client thread/INFO]: [CHAT] [ADMIN] WilliePlaysMC [STA]: Don't randomly start vibrating...
[17:40:41] [Client thread/INFO]: [CHAT] < Andrew> Just for decoration
[17:40:41] [Client thread/INFO]: [CHAT] [ADMIN] VideoGameSmash12 [STA]: I think the problem is
[17:40:43] [Client thread/INFO]: [CHAT] [SA] <duckified> As long as you don't do spammy cmds
[17:40:43] [Client thread/INFO]: [CHAT] < Andrew> oh
[17:40:45] [Client thread/INFO]: [CHAT] <Aaron1234321> how do i aplly
[17:40:45] [Client thread/INFO]: [CHAT] < Andrew> Yay
[17:40:47] [Client thread/INFO]: [CHAT] [ADMIN] KungfuCactus28 [SA]: Did you set your Max Framerate?
[17:40:47] [Client thread/INFO]: [CHAT] [ADMIN] batbutt [STA]: it feels so good...
[17:40:50] [Client thread/INFO]: [CHAT] [ADMIN] VideoGameSmash12 [STA]: The thing had Windows 8
[17:40:51] [Client thread/INFO]: [CHAT] [ADMIN] FireCrystal12 [SA]: Though, Porn is not immaturity
[17:40:54] [Client thread/INFO]: [CHAT] [Techno Crew] < TheGapplesCrafted> Aaron1234321 I already told you
[17:40:58] [Client thread/INFO]: [CHAT] [ADMIN] FireCrystal12 [SA]: Its more of "education"
[17:41:00] [Client thread/INFO]: [CHAT] [TotalFreedom] Hacked clients are allowed!
[17:41:06] [Client thread/INFO]: [CHAT] [ADMIN] batbutt [STA]: edu cation like cat ion
[17:41:08] [Client thread/INFO]: [CHAT] [Techno Crew] < TheGapplesCrafted> you must apply for admin crew first
[17:41:09] [Client thread/INFO]: [CHAT] [ADMIN] batbutt [STA]: furry confirmed
[17:41:11] [Client thread/INFO]: [CHAT] [ADMIN] WilliePlaysMC [STA]: Your tone made it sound immature.
[17:41:12] [Client thread/INFO]: [CHAT] [SA] < Mandar> No
[17:41:13] [Client thread/INFO]: [CHAT] <Aaron1234321> fine i will not be a admin
[17:41:14] [Client thread/INFO]: [CHAT] [SA] < Mandar> You dont hav eto
[17:41:18] [Client thread/INFO]: [CHAT] [ADMIN] FireCrystal12 [SA]: Alright, I will change it
[17:41:20] [Client thread/INFO]: [CHAT] [ADMIN] 481 [SA]: mmhm
[17:41:28] [Client thread/INFO]: [CHAT] [ADMIN] FireCrystal12 [SA]: For future reference
[17:41:32] [Client thread/INFO]: [CHAT] Aaron1234321 left the game.
[17:41:37] [Client thread/INFO]: [CHAT] [ADMIN] VideoGameSmash12 [STA]: I'm done. I'm going to express my anger on something else
[17:41:41] [Client thread/INFO]: [CHAT] [ADMIN] FireCrystal12 [SA]: Thanks for telling me, Willie
[17:41:48] [Client thread/INFO]: [CHAT] [ADMIN] WilliePlaysMC [STA]: telling what?
[17:41:50] [Client thread/INFO]: [CHAT] [ADMIN] FireCrystal12 [SA]: You should not, though
[17:41:51] [Client thread/INFO]: [CHAT] [ADMIN] duckified [SA]: CoD, VideoGameSmash
[17:41:52] [Client thread/INFO]: [CHAT] [ADMIN] VideoGameSmash12 [STA]: Because I'm going to have to deal with this fucking thing for 3 more months
[17:42:01] [Client thread/INFO]: [CHAT] [ADMIN] FireCrystal12 [SA]: VideoGameSmash12, You should not
[17:42:02] [Client thread/INFO]: [CHAT] [ADMIN] KungfuCactus28 [SA]: Until you can buy another PC?
[17:42:05] [Client thread/INFO]: [CHAT] WilliePlaysMC left the game.
[17:42:05] [Client thread/INFO]: [CHAT] Nanobot__YTC fell out of the world
[17:42:05] [Client thread/INFO]: [CHAT] [481: Killed Nanobot__YTC]
[17:42:09] [Client thread/INFO]: [CHAT] [ADMIN] VideoGameSmash12 [STA]: Yeah.
[17:42:10] [Client thread/INFO]: [CHAT] [Techno Crew] < TheGapplesCrafted> wtf why
[17:42:13] [Client thread/INFO]: [CHAT] Delta_and_Alpha, Dogetrio, duckified
[17:42:14] [Client thread/INFO]: [CHAT] Delta_and_Alpha, Dogetrio, duckified
[17:42:14] [Client thread/INFO]: [CHAT] Delta_and_Alpha, Dogetrio, duckified
[17:42:18] [Client thread/INFO]: [CHAT] [ADMIN] VideoGameSmash12 [STA]: duckified, Call of Duty?
[17:42:22] [Client thread/INFO]: [CHAT] [ADMIN] VideoGameSmash12 [STA]: That isn't even on my PC
[17:42:22] [Client thread/INFO]: [CHAT] [ADMIN] FireCrystal12 [SA]: If you keep on staying in frusteration, nothing better will happen.
[17:42:30] [Client thread/INFO]: [CHAT] [ADMIN] duckified [SA]: You have console?
[17:42:31] [Client thread/INFO]: [CHAT] [ADMIN] batbutt [STA]: *sits down*
[17:42:35] [Client thread/INFO]: [CHAT] [ADMIN] VideoGameSmash12 [STA]: Yeah, MW2.
[17:42:44] [Client thread/INFO]: [CHAT] [ADMIN] KungfuCactus28 [SA]: I have all CoD games
[17:42:48] [Client thread/INFO]: [CHAT] < DaGappleHax> k
[17:42:49] [Client thread/INFO]: [CHAT] [ADMIN] FireCrystal12 [SA]: He has ClanForge; obviously
[17:42:50] [Client thread/INFO]: [CHAT] [ADMIN] duckified [SA]: GG
[17:42:57] [Client thread/INFO]: [CHAT] [ADMIN] duckified [SA]: What system, Kungfu?
[17:42:58] [Client thread/INFO]: [CHAT] [ADMIN] batbutt [STA]: *mews*
[17:43:00] [Client thread/INFO]: [CHAT] [ADMIN] VideoGameSmash12 [STA]: I fucking hate the futuristic shit that they did
[17:43:06] [Client thread/INFO]: [CHAT] VideoGameSmash12 - Removing all server entities.
[17:43:06] [Client thread/INFO]: [CHAT] 0 entities removed.
[17:43:06] [Client thread/INFO]: [CHAT] [ADMIN] FireCrystal12 [SA]: Like?
[17:43:07] [Client thread/INFO]: [CHAT] 481 left the game.
[17:43:10] [Client thread/INFO]: [CHAT] MrBucket joined the game
[17:43:15] [Client thread/INFO]: [CHAT] [ADMIN] KungfuCactus28 [SA]: uhmm i mean
[17:43:18] [Client thread/INFO]: [CHAT] [ADMIN] VideoGameSmash12 [STA]: Advanced Warface
[17:43:20] [Client thread/INFO]: [CHAT] <MrBucket> op pls
[17:43:22] [Client thread/INFO]: [CHAT] [ADMIN] VideoGameSmash12 [STA]: Warfare*
[17:43:23] [Client thread/INFO]: [CHAT] Nanobot__YTC - Opping MrBucket
[17:43:27] [Client thread/INFO]: [CHAT] [ADMIN] duckified [SA]: Tbh, AW wasn't even CoD
[17:43:27] [Client thread/INFO]: [CHAT] <MrBucket> ty
[17:43:28] [Client thread/INFO]: [CHAT] [ADMIN] VideoGameSmash12 [STA]: Black Ops III
[17:43:29] [Client thread/INFO]: [CHAT] [Techno Crew] < TheGapplesCrafted> np
[17:43:43] [Client thread/INFO]: [CHAT] [Techno Crew] < TheGapplesCrafted> just ask admins or techno member if you need help
[17:43:43] [Client thread/INFO]: [CHAT] [ADMIN] FireCrystal12 [SA]: In my opinion, that sounds right
[17:43:53] [Client thread/INFO]: [CHAT] [ADMIN] VideoGameSmash12 [STA]: I also fucking hate the supply drops they have
[17:43:54] [Client thread/INFO]: [CHAT] <MrBucket> k
[17:44:00] [Client thread/INFO]: [CHAT] [ADMIN] VideoGameSmash12 [STA]: It's like ROBLOX
[17:44:07] [Client thread/INFO]: [CHAT] [ADMIN] VideoGameSmash12 [STA]: Where you have to pay to play
[17:44:25] [Client thread/INFO]: [CHAT] DragonMaster_3 joined the game
[17:44:34] [Client thread/INFO]: [CHAT] [ADMIN] batbutt [STA]: *vibrates more*
[17:44:39] [Client thread/INFO]: [CHAT] [ADMIN] FireCrystal12 [SA]: Anyways, I can help you VideoGameSmash12.
[17:44:49] [Client thread/INFO]: [CHAT] Warning: __Crafted is an admin, but is using an account not registered to one of their ip-list.
[17:44:49] [Client thread/INFO]: [CHAT] __Crafted is a Super Admin
[17:44:49] [Client thread/INFO]: [CHAT] __Crafted joined the game
[17:44:49] [Client thread/INFO]: [CHAT] [STA] <VideoGameSmash12> ?
[17:44:52] [Client thread/INFO]: [CHAT] [Techno Crew] < TheGapplesCrafted> wb __Crafted
[17:44:52] [Client thread/INFO]: [CHAT] [ADMIN] VideoGameSmash12 [STA]: ?
[17:44:53] [Client thread/INFO]: [CHAT] [ADMIN] FireCrystal12 [SA]: Try getting a good antivirus
[17:44:54] [Client thread/INFO]: [CHAT] [ADMIN] duckified [SA]: Wb Crafted
[17:44:55] [Client thread/INFO]: [CHAT] batbutt left the game.
[17:44:58] [Client thread/INFO]: [CHAT] [ADMIN] FireCrystal12 [SA]: Welcome back!
[17:44:59] [Client thread/INFO]: [CHAT] [ADMIN] __Crafted [SA]: thz
[17:45:01] [Client thread/INFO]: [CHAT] __Crafted left the game.
[17:45:04] [Client thread/INFO]: [CHAT] [ADMIN] VideoGameSmash12 [STA]: Hell naw
[17:45:08] [Client thread/INFO]: [CHAT] [ADMIN] FireCrystal12 [SA]: Why not?
[17:45:11] [Client thread/INFO]: [CHAT] [ADMIN] VideoGameSmash12 [STA]: I have Windows Defender
[17:45:20] [Client thread/INFO]: [CHAT] [ADMIN] VideoGameSmash12 [STA]: It actually works
[17:45:39] [Client thread/INFO]: [CHAT] [ADMIN] FireCrystal12 [SA]: brb
[17:45:41] [Client thread/INFO]: [CHAT] [SA] <duckified> k
[17:45:56] [Client thread/INFO]: [CHAT] [ADMIN] VideoGameSmash12 [STA]: I think the reason why this computer sucks ass so much now is that
[17:46:07] [Client thread/INFO]: [CHAT] [ADMIN] VideoGameSmash12 [STA]: This fucker is priced at $399.99
[17:46:14] [Client thread/INFO]: [CHAT] <DragonMaster_3> can some one op me
[17:46:14] [Client thread/INFO]: [CHAT] < DaGappleHax> LAg?
[17:46:20] [Client thread/INFO]: [CHAT] MrBucket - Opping DragonMaster_3
[17:46:20] [Client thread/INFO]: [CHAT] [ADMIN] VideoGameSmash12 [STA]: And I could get a desktop that is $250 that has an i5
[17:46:20] [Client thread/INFO]: [CHAT] [SA] <duckified> No lag
[17:46:20] [Client thread/INFO]: [CHAT] Nanobot__YTC - Opping DragonMaster_3
[17:46:23] [Client thread/INFO]: [CHAT] [Techno Crew] < TheGapplesCrafted> just ask admins or techno member if you need help
[17:46:25] [Client thread/INFO]: [CHAT] <DragonMaster_3> thx
[17:46:33] [Client thread/INFO]: [CHAT] SpeakerMaster is a Telnet Admin
[17:46:33] [Client thread/INFO]: [CHAT] SpeakerMaster joined the game
[17:46:33] [Client thread/INFO]: [CHAT] [ADMIN] KungfuCactus28 [SA]: someone made a LoL optimized PC for $5
[17:46:34] [Client thread/INFO]: [CHAT] [Techno Crew] < TheGapplesCrafted> np just ask admins or techno member if you need help
[17:46:36] [Client thread/INFO]: [CHAT] [Techno Crew] < TheGapplesCrafted> wb SpeakerMaster
[17:46:38] [Client thread/INFO]: [CHAT] [ADMIN] duckified [SA]: Hello Speaker
[17:46:44] [Client thread/INFO]: [CHAT] [ADMIN] SpeakerMaster [STA]: Hello.
[17:46:44] [Client thread/INFO]: [CHAT] [ADMIN] KungfuCactus28 [SA]: with 60+ fps
[17:46:58] [Client thread/INFO]: [CHAT] [ADMIN] FireCrystal12 [SA]: Im back
[17:47:01] [Client thread/INFO]: [CHAT] [ADMIN] FireCrystal12 [SA]: Hello there SpeakerMaster
[17:47:01] [Client thread/INFO]: [CHAT] [ADMIN] duckified [SA]: Wb
[17:47:04] [Client thread/INFO]: [CHAT] Teleporting...
[17:47:08] [Client thread/INFO]: [CHAT] [ADMIN] SpeakerMaster [STA]: Hello, again.
[17:47:13] [Client thread/INFO]: [CHAT] [SA] <KungfuCactus28> This road reminds me of SA-MP server's road
[17:47:18] [Client thread/INFO]: [CHAT] [ADMIN] duckified [SA]: Btw, is speed over 5 allowed?
[17:47:21] [Client thread/INFO]: [CHAT] [ADMIN] FireCrystal12 [SA]: Need help with anything?
[17:47:22] [Client thread/INFO]: [CHAT] [ADMIN] VideoGameSmash12 [STA]: I emailed one of my parents about an upgrade
[17:47:23] [Client thread/INFO]: [CHAT] [ADMIN] FireCrystal12 [SA]: Yes...
[17:47:29] [Client thread/INFO]: [CHAT] [ADMIN] FireCrystal12 [SA]: Yes, duckified
[17:47:34] [Client thread/INFO]: [CHAT] [Techno Crew] < TheGapplesCrafted> all my friends in tfm 4.3 is now a super admin xD
[17:47:34] [Client thread/INFO]: [CHAT] [ADMIN] KungfuCactus28 [SA]: It is. Look at the bottom of the conduct policy.
[17:47:35] [Client thread/INFO]: [CHAT] [ADMIN] duckified [SA]: I'm getting mixed feedback, people telling me it isn't, and then others saying it is
[17:47:36] [Client thread/INFO]: [CHAT] [ADMIN] FireCrystal12 [SA]: Wait, give me a moment
[17:47:39] [Client thread/INFO]: [CHAT] [ADMIN] duckified [SA]: Okay
[17:47:41] [Client thread/INFO]: [CHAT] [ADMIN] MashedPtatoz [Console]: >emailed
[17:47:43] [Client thread/INFO]: [CHAT] [ADMIN] MashedPtatoz [Console]: >parents
[17:47:46] [Client thread/INFO]: [CHAT] [ADMIN] VideoGameSmash12 [STA]: Because this little shit PC bitches about to much power
[17:47:51] [Client thread/INFO]: [CHAT] [ADMIN] VideoGameSmash12 [STA]: actually
[17:47:53] [Client thread/INFO]: [CHAT] [Techno Crew] < TheGapplesCrafted> like Saint
[17:47:55] [Client thread/INFO]: [CHAT] [Techno Crew] < TheGapplesCrafted> and Liam
[17:48:03] [Client thread/INFO]: [CHAT] KingHax left the game.
[17:48:08] [Client thread/INFO]: [CHAT] [ADMIN] VideoGameSmash12 [STA]: I don't have anything other than Firefox and Minecraft open ATM
[17:48:09] [Client thread/INFO]: [CHAT] [ADMIN] KungfuCactus28 [SA]: Was everything built in already?
[17:48:35] [Client thread/INFO]: [CHAT] MAXI joined the game
[17:48:40] [Client thread/INFO]: [CHAT] [Techno Crew] < TheGapplesCrafted> welcome MAXI
[17:49:02] [Client thread/INFO]: [CHAT] [SA] <KungfuCactus28> Main chat is so quiet everything sent from adminchat is like spam
[17:49:05] [Client thread/INFO]: [CHAT] [ADMIN] VideoGameSmash12 [STA]: well fuck
[17:49:06] [Client thread/INFO]: [CHAT] [SA] <duckified> Ikr?
[17:49:13] [Client thread/INFO]: [CHAT] [ADMIN] VideoGameSmash12 [STA]: This PC is on it's last legs
[17:49:19] [Client thread/INFO]: [CHAT] [ADMIN] VideoGameSmash12 [STA]: Dead trackpad
[17:49:28] [Client thread/INFO]: [CHAT] [ADMIN] VideoGameSmash12 [STA]: Dead lid sensor
[17:49:28] [Client thread/INFO]: [CHAT] XxAliGaMeRxX joined the game
[17:49:29] [Client thread/INFO]: [CHAT] [ADMIN] SpeakerMaster [STA]: Video, how long have you had it for?
[17:49:29] [Client thread/INFO]: [CHAT] [ADMIN] KungfuCactus28 [SA]: wawawait.. Laptop?
[17:49:34] [Client thread/INFO]: [CHAT] [ADMIN] KungfuCactus28 [SA]: I thought it was Desktop?
[17:49:37] [Client thread/INFO]: [CHAT] [ADMIN] VideoGameSmash12 [STA]: Almost 2 years
[17:49:40] [Client thread/INFO]: [CHAT] [ADMIN] xRubyMC [Console]: Hi
[17:49:44] [Client thread/INFO]: [CHAT] [ADMIN] KungfuCactus28 [SA]: Hi
[17:49:45] [Client thread/INFO]: [CHAT] [ADMIN] duckified [SA]: hi Ruby
[17:49:45] [Client thread/INFO]: [CHAT] [ADMIN] VideoGameSmash12 [STA]: It had Windows 8.1 on it
[17:49:55] [Client thread/INFO]: [CHAT] [ADMIN] SpeakerMaster [STA]: I've had my desktop for 11 years.
[17:49:56] [Client thread/INFO]: [CHAT] [ADMIN] duckified [SA]: Ruby come on the server
[17:49:57] [Client thread/INFO]: [CHAT] KewlKid joined the game
[17:49:58] [Client thread/INFO]: [CHAT] Welcome KewlKid to the server!
[17:50:01] [Client thread/INFO]: [CHAT] [ADMIN] SpeakerMaster [STA]: It works perfectly.
[17:50:01] [Client thread/INFO]: [CHAT] [ADMIN] VideoGameSmash12 [STA]: But then it suffered a hard drive failure
[17:50:02] [Client thread/INFO]: [CHAT] [Techno Crew] < TheGapplesCrafted> welcome KewlKid
[17:50:04] [Client thread/INFO]: [CHAT] Nanobot__YTC - Opping KewlKid
[17:50:10] [Client thread/INFO]: [CHAT] <KewlKid> sup pplz
[17:50:11] [Client thread/INFO]: [CHAT] < XxAliGaMeRxX> someone op me plez
[17:50:12] [Client thread/INFO]: [CHAT] [ADMIN] FireCrystal12 [SA]: I will to go for sometime, to think of things to make me look more professional-
[17:50:14] [Client thread/INFO]: [CHAT] [ADMIN] FireCrystal12 [SA]: as well as mature
[17:50:14] [Client thread/INFO]: [CHAT] [ADMIN] xRubyMC [Console]: I just woke up with my puffy face ;-;
[17:50:15] [Client thread/INFO]: [CHAT] [ADMIN] VideoGameSmash12 [STA]: and then I got it fixed and then got Windows 10
[17:50:16] [Client thread/INFO]: [CHAT] batbutt is a Telnet Admin
[17:50:16] [Client thread/INFO]: [CHAT] batbutt joined the game
[17:50:16] [Client thread/INFO]: [CHAT] Nanobot__YTC - Opping XxAliGaMeRxX
[17:50:19] [Client thread/INFO]: [CHAT] [Techno Crew] < TheGapplesCrafted> wb batbutt
[17:50:21] [Client thread/INFO]: [CHAT] [ADMIN] FireCrystal12 [SA]: Bye!
[17:50:24] [Client thread/INFO]: [CHAT] [ADMIN] KungfuCactus28 [SA]: Windows 10 is laggy
[17:50:26] [Client thread/INFO]: [CHAT] [ADMIN] duckified [SA]: Bye
[17:50:26] [Client thread/INFO]: [CHAT] [STA] <batbutt> *vibrates*
[17:50:27] [Client thread/INFO]: [CHAT] FireCrystal12 left the game.
[17:50:38] [Client thread/INFO]: [CHAT] [ADMIN] VideoGameSmash12 [STA]: I have it because of Game DVR
[17:50:55] [Client thread/INFO]: [CHAT] *  Dogetrio is now AFK.
[17:51:10] [Client thread/INFO]: [CHAT] [Techno Crew] < TheGapplesCrafted> btw anyone knows how to make a command in tfm 4.3
[17:51:11] [Client thread/INFO]: [CHAT] [ADMIN] xRubyMC [Console]: KewlKid using &k
[17:51:12] [Client thread/INFO]: [CHAT] [TotalFreedom] Interested in becoming admin? Do "/ai" for more information!
[17:51:13] [Client thread/INFO]: [CHAT] [ADMIN] MashedPtatoz [Console]: video
[17:51:18] [Client thread/INFO]: [CHAT] [ADMIN] MashedPtatoz [Console]: intel celeron
[17:51:24] [Client thread/INFO]: [CHAT] [ADMIN] VideoGameSmash12 [STA]: so?
[17:51:29] [Client thread/INFO]: [CHAT] [Techno Crew] < TheGapplesCrafted> btw anyone knows how to make a command in tfm 4.3???
[17:51:32] [Client thread/INFO]: [CHAT] [ADMIN] xRubyMC [Console]: Alon
[17:51:36] [Client thread/INFO]: [CHAT] [ADMIN] xRubyMC [Console]: /nc
[17:51:36] [Client thread/INFO]: [CHAT] FritaH joined the game
[17:51:36] [Client thread/INFO]: [CHAT] Welcome FritaH to the server!
[17:51:37] [Client thread/INFO]: [CHAT] KungfuCactus28 - Cleaning all nicknames
[17:51:39] [Client thread/INFO]: [CHAT] [ADMIN] MashedPtatoz [Console]: that's the same processor as the one in my $100 netbook
[17:51:42] [Client thread/INFO]: [CHAT] [Techno Crew] < TheGapplesCrafted> op FritaH
[17:51:42] [Client thread/INFO]: [CHAT] < XxAliGaMeRxX> tt
[17:51:43] [Client thread/INFO]: [CHAT] [Server:KungfuCactus28] No &k
[17:51:45] [Client thread/INFO]: [CHAT] [Techno Crew] < TheGapplesCrafted> welcome FritaH
[17:51:48] [Client thread/INFO]: [CHAT] [ADMIN] SpeakerMaster [STA]: I have a fucking AMD Althon 64.
[17:51:54] [Client thread/INFO]: [CHAT] [Techno Crew] < TheGapplesCrafted> No &0 too
[17:51:59] [Client thread/INFO]: [CHAT] [ADMIN] batbutt [STA]: *moans softly*
[17:51:59] [Client thread/INFO]: [CHAT] NoopleDoodle joined the game
[17:51:59] [Client thread/INFO]: [CHAT] Welcome  PedoBear to the server!
[17:52:00] [Client thread/INFO]: [CHAT] *  Dogetrio is no longer AFK.
[17:52:01] [Client thread/INFO]: [CHAT] <MrBucket> why?
[17:52:06] [Client thread/INFO]: [CHAT] Nanobot__YTC - Opping NoopleDoodle
[17:52:07] [Client thread/INFO]: [CHAT] [ADMIN] VideoGameSmash12 [STA]: Sadly this one used to handle Minecraft really well
[17:52:07] [Client thread/INFO]: [CHAT] [Techno Crew] < TheGapplesCrafted> welcome FritaH
[17:52:09] [Client thread/INFO]: [CHAT] Delta_and_Alpha left the game.
[17:52:10] [Client thread/INFO]: [CHAT] 481 is a Super Admin
[17:52:10] [Client thread/INFO]: [CHAT] 481 joined the game
[17:52:12] [Client thread/INFO]: [CHAT] [Techno Crew] < TheGapplesCrafted> welcome NoopleDoodle
[17:52:12] [Client thread/INFO]: [CHAT] [ADMIN] SpeakerMaster [STA]: *lewds geck*
[17:52:13] [Client thread/INFO]: [CHAT] KingHax joined the game
[17:52:15] [Client thread/INFO]: [CHAT] [Techno Crew] < TheGapplesCrafted> wb 481 :D
[17:52:16] [Client thread/INFO]: [CHAT] xRubyMC - Cleaning all nicknames
[17:52:22] [Client thread/INFO]: [CHAT] duckified - Cleaning all nicknames
[17:52:23] [Client thread/INFO]: [CHAT] [ADMIN] KungfuCactus28 [SA]: Why don't you downgrade to Windows 8.1?
[17:52:23] [Client thread/INFO]: [CHAT] [ADMIN] batbutt [STA]: *perks and moans out loud*
[17:52:24] [Client thread/INFO]: [CHAT] [CONSOLE]<xRubyMC> No &k 2/3
[17:52:26] [Client thread/INFO]: [CHAT] [SA] <481> ty
[17:52:26] [Client thread/INFO]: [CHAT] [Server:duckified] No &k
[17:52:33] [Client thread/INFO]: [CHAT] [ADMIN] VideoGameSmash12 [STA]: Windows 8 sucks ass.
[17:52:34] [Client thread/INFO]: [CHAT] xRubyMC - Cleaning all nicknames
[17:52:35] [Client thread/INFO]: [CHAT] < kgFoxykg> im foxy
[17:52:37] [Client thread/INFO]: [CHAT] [ADMIN] 481 [SA]: *licks batbutt all over*
[17:52:39] [Client thread/INFO]: [CHAT] xRubyMC - Tempbanning: KewlKid for 5 minutes.
[17:52:39] [Client thread/INFO]: [CHAT] KewlKid left the game.
[17:52:40] [Client thread/INFO]: [CHAT] [ADMIN] VideoGameSmash12 [STA]: I fucking dispise of that fucker
[17:52:42] [Client thread/INFO]: [CHAT] < PedoBear> hi
[17:52:42] [Client thread/INFO]: [CHAT] [ADMIN] SpeakerMaster [STA]: Windows 7 masterrace
[17:52:45] [Client thread/INFO]: [CHAT] < PedoBear> im pedo
[17:52:47] [Client thread/INFO]: [CHAT] [ADMIN] batbutt [STA]: i use 10
[17:52:48] [Client thread/INFO]: [CHAT] [CONSOLE]<xRubyMC> &k 3/3
[17:52:48] [Client thread/INFO]: [CHAT] *  TheGapplesCrafted is now AFK.
[17:52:51] [Client thread/INFO]: [CHAT] [ADMIN] KungfuCactus28 [SA]: He doesn't use 7 lol
[17:52:53] [Client thread/INFO]: [CHAT] [ADMIN] batbutt [STA]: no issues lol
[17:52:54] [Client thread/INFO]: [CHAT] < Andrew> I was fixing it
[17:52:54] [Client thread/INFO]: [CHAT] *  TheGapplesCrafted is no longer AFK.
[17:52:54] [Client thread/INFO]: [CHAT] [Techno Crew] < TheGapplesCrafted> brb
[17:52:55] [Client thread/INFO]: [CHAT] [ADMIN] VideoGameSmash12 [STA]: I wish I did
[17:52:55] [Client thread/INFO]: [CHAT] [ADMIN] batbutt [STA]: *licks 481* <3
[17:52:56] [Client thread/INFO]: [CHAT] [Techno Crew] < TheGapplesCrafted> btw
[17:52:58] [Client thread/INFO]: [CHAT] [ADMIN] duckified [SA]: Ruby
[17:53:00] [Client thread/INFO]: [CHAT] < MyNAME> TTT
[17:53:00] [Client thread/INFO]: [CHAT] [ADMIN] KungfuCactus28 [SA]: Why don't you downgrade?
[17:53:01] [Client thread/INFO]: [CHAT] [ADMIN] batbutt [STA]: stop gcmding me
[17:53:03] [Client thread/INFO]: [CHAT] 481 - Cleaning all nicknames
[17:53:03] [Client thread/INFO]: [CHAT] duckified - Cleaning all nicknames
[17:53:04] [Client thread/INFO]: [CHAT] FritaH left the game.
[17:53:04] [Client thread/INFO]: [CHAT] KungfuCactus28 - Cleaning all nicknames
[17:53:08] [Client thread/INFO]: [CHAT] XxAliGaMeRxX has been a naughty, naughty boy.
[17:53:09] [Client thread/INFO]: [CHAT] XxAliGaMeRxX died
[17:53:10] [Client thread/INFO]: [CHAT] xNyanPanda is a Telnet Admin
[17:53:10] [Client thread/INFO]: [CHAT] xNyanPanda joined the game
[17:53:11] [Client thread/INFO]: [CHAT] [ADMIN] VideoGameSmash12 [STA]: I don't have the money to get Windows 8
[17:53:11] [Client thread/INFO]: [CHAT] [Server:481] No &k
[17:53:12] [Client thread/INFO]: [CHAT] [Techno Crew] < TheGapplesCrafted> wb xNyanPanda
[17:53:13] [Client thread/INFO]: [CHAT] [ADMIN] VideoGameSmash12 [STA]: Windows 7*
[17:53:15] [Client thread/INFO]: [CHAT] [ADMIN] duckified [SA]: Hi 481
[17:53:15] [Client thread/INFO]: [CHAT] [ADMIN] batbutt [STA]: my butt is invite only
[17:53:18] [Client thread/INFO]: [CHAT] [STA] < Godzilla> thanks
[17:53:18] [Client thread/INFO]: [CHAT] [ADMIN] VideoGameSmash12 [STA]: And besides
[17:53:19] [Client thread/INFO]: [CHAT] [ADMIN] SpeakerMaster [STA]: Just pirate it, like I do.
[17:53:21] [Client thread/INFO]: [CHAT] [Techno Crew] < TheGapplesCrafted> XxAliGaMeRxX we are already told you that
[17:53:22] [Client thread/INFO]: [CHAT] < MyNAME> WHTTT
[17:53:23] [Client thread/INFO]: [CHAT] [ADMIN] VideoGameSmash12 [STA]: Why
[17:53:26] [Client thread/INFO]: [CHAT] [ADMIN] VideoGameSmash12 [STA]: the
[17:53:28] [Client thread/INFO]: [CHAT] [ADMIN] VideoGameSmash12 [STA]: actual
[17:53:28] [Client thread/INFO]: [CHAT] Nanobot__YTC - Opping XxAliGaMeRxX
[17:53:29] [Client thread/INFO]: [CHAT] [ADMIN] xNyanPanda [STA]: 481
[17:53:33] [Client thread/INFO]: [CHAT] [ADMIN] xRubyMC [Console]: mabutt
[17:53:33] [Client thread/INFO]: [CHAT] < MyNAME> waht
[17:53:34] [Client thread/INFO]: [CHAT] [ADMIN] xRubyMC [Console]: lol
[17:53:35] [Client thread/INFO]: [CHAT] < MyNAME> What
[17:53:36] [Client thread/INFO]: [CHAT] [ADMIN] 481 [SA]: Yes?
[17:53:38] [Client thread/INFO]: [CHAT] [ADMIN] xNyanPanda [STA]: reapply on my crew once you have a bot account.
[17:53:38] [Client thread/INFO]: [CHAT] [ADMIN] VideoGameSmash12 [STA]: fuck would I do that
[17:53:39] [Client thread/INFO]: [CHAT] [ADMIN] batbutt [STA]: ruby
[17:53:39] [Client thread/INFO]: [CHAT] [ADMIN] SpeakerMaster [STA]: Because its cheaper.
[17:53:42] [Client thread/INFO]: [CHAT] [ADMIN] xRubyMC [Console]: wut
[17:53:44] [Client thread/INFO]: [CHAT] [ADMIN] 481 [SA]: Ok
[17:53:45] [Client thread/INFO]: [CHAT] [ADMIN] MashedPtatoz [Console]: who the fuck actually buys windows
[17:53:46] [Client thread/INFO]: [CHAT] [ADMIN] VideoGameSmash12 [STA]: Hell mo.
[17:53:47] [Client thread/INFO]: [CHAT] [SA] <duckified> XxAliGaMeRxX
[17:53:48] [Client thread/INFO]: [CHAT] [ADMIN] batbutt [STA]: you've been distant ;o
[17:53:49] [Client thread/INFO]: [CHAT] [SA] <duckified> There is no &k
[17:53:50] [Client thread/INFO]: [CHAT] < MyNAME> Hi
[17:53:52] [Client thread/INFO]: [CHAT] [ADMIN] xRubyMC [Console]: XD
[17:53:54] [Client thread/INFO]: [CHAT] < MyNAME> ok
[17:53:56] [Client thread/INFO]: [CHAT] [ADMIN] xNyanPanda [STA]: name it number bot or some crap like that
[17:53:56] [Client thread/INFO]: [CHAT] [ADMIN] VideoGameSmash12 [STA]: Windows 7 is good
[17:53:57] [Client thread/INFO]: [CHAT] < MyNAME> SoRRy
[17:53:58] [Client thread/INFO]: [CHAT] [ADMIN] SpeakerMaster [STA]: Hell yes.
[17:53:59] [Client thread/INFO]: [CHAT] [SA] <duckified> And hi
[17:54:03] [Client thread/INFO]: [CHAT] [ADMIN] VideoGameSmash12 [STA]: But I don't have a CD
[17:54:07] [Client thread/INFO]: [CHAT] < MyNAME> really
[17:54:07] [Client thread/INFO]: [CHAT] [ADMIN] VideoGameSmash12 [STA]: nor a CD Drive
[17:54:10] [Client thread/INFO]: [CHAT] [SA] <duckified> Yes
[17:54:11] [Client thread/INFO]: [CHAT] [CONSOLE]<xRubyMC> &o is okay unless it's obscured.
[17:54:12] [Client thread/INFO]: [CHAT] [ADMIN] SpeakerMaster [STA]: You can install it via flash disk
[17:54:22] [Client thread/INFO]: [CHAT] [ADMIN] VideoGameSmash12 [STA]: I'll just split the partitions
[17:54:24] [Client thread/INFO]: [CHAT] < Andrew> &4Test
[17:54:28] [Client thread/INFO]: [CHAT] < Andrew> darn
[17:54:29] [Client thread/INFO]: [CHAT] [STA] < Godzilla> lol 481
[17:54:29] [Client thread/INFO]: [CHAT] [ADMIN] batbutt [STA]: ruby what's your skype name, did you change it?
[17:54:33] [Client thread/INFO]: [CHAT] [Techno Crew] < TheGapplesCrafted> who have server FreeOP Here??
[17:54:37] [Client thread/INFO]: [CHAT] [STA] < Godzilla> ME
[17:54:43] [Client thread/INFO]: [CHAT] [SA] <duckified> I do!
[17:54:43] [Client thread/INFO]: [CHAT] [ADMIN] xRubyMC [Console]: fylie123
[17:54:43] [Client thread/INFO]: [CHAT] [ADMIN] SpeakerMaster [STA]: I have a windows 7 key cracker lmao
[17:54:45] [Client thread/INFO]: [CHAT] [STA] < Godzilla> its called TotalFreedom
[17:54:45] [Client thread/INFO]: [CHAT] [ADMIN] xRubyMC [Console]: lmao
[17:54:48] [Client thread/INFO]: [CHAT] FritaH joined the game
[17:54:49] [Client thread/INFO]: [CHAT] [SA] <duckified> It is:
[17:54:51] [Client thread/INFO]: [CHAT] [Techno Crew] < TheGapplesCrafted> yeah nice
[17:54:54] [Client thread/INFO]: [CHAT] [SA] <duckified> play.totalfreedom.me
[17:55:01] [Client thread/INFO]: [CHAT] < AliGaMeR> TTT
[17:55:03] [Client thread/INFO]: [CHAT] Alpha_and_Delta joined the game
[17:55:06] [Client thread/INFO]: [CHAT] < AliGaMeR> that is okay
[17:55:09] [Client thread/INFO]: [CHAT] [CONSOLE]<xRubyMC> &o is okay.
[17:55:12] [Client thread/INFO]: [CHAT] [SA] <duckified> Yea
[17:55:17] [Client thread/INFO]: [CHAT] [ADMIN] VideoGameSmash12 [STA]: I could just install the OS on a flash drive
[17:55:17] [Client thread/INFO]: [CHAT] [Techno Crew] < TheGapplesCrafted> AFK
[17:55:18] [Client thread/INFO]: [CHAT] *  TheGapplesCrafted is now AFK.
[17:55:20] [Client thread/INFO]: [CHAT] [Cool Crew] [EXC] [SA] <481> I roam the spawn looking for bad guys
[17:55:20] [Client thread/INFO]: [CHAT] [SA] <duckified> &0 ain't allowed though
[17:55:24] [Client thread/INFO]: [CHAT] < DaGappleHax> ?
[17:55:24] [Client thread/INFO]: [CHAT] [CONSOLE]<xRubyMC> It's allowed using &o :]
[17:55:29] [Client thread/INFO]: [CHAT] < AliGaMeR> Dogetrio can I make spawn?
[17:55:30] [Client thread/INFO]: [CHAT] [SA] <duckified> No, &0
[17:55:33] [Client thread/INFO]: [CHAT] [SA] <duckified> As in zero
[17:55:34] [Client thread/INFO]: [CHAT] [ADMIN] SpeakerMaster [STA]: Thats near impossible for windows 7
[17:55:38] [Client thread/INFO]: [CHAT] [ADMIN] 481 [SA]: Hello Foxy.
[17:55:41] [Client thread/INFO]: [CHAT] < AliGaMeR> duckified can I Make new spawn?
[17:55:42] [Client thread/INFO]: [CHAT] [SA] <duckified> The black that is impossible to read?
[17:55:42] [Client thread/INFO]: [CHAT] [ADMIN] VideoGameSmash12 [STA]: Explain
[17:55:44] [Client thread/INFO]: [CHAT] [ADMIN] SpeakerMaster [STA]: It took me 3 fucking weeks to make that happen.
[17:55:51] [Client thread/INFO]: [CHAT] [ADMIN] SpeakerMaster [STA]: and I KNOW what I'm doing too.
[17:55:53] [Client thread/INFO]: [CHAT] [SA] <duckified> Sure ali
[17:55:55] [Client thread/INFO]: [CHAT] < Andrew> wat
[17:56:00] [Client thread/INFO]: [CHAT] < AliGaMeR> ok
[17:56:05] [Client thread/INFO]: [CHAT] laylabug joined the game
[17:56:11] [Client thread/INFO]: [CHAT] [ADMIN] VideoGameSmash12 [STA]: I don't want to illegally download OSes
[17:56:13] [Client thread/INFO]: [CHAT] [ADMIN] batbutt [STA]: *vibrates more*
[17:56:17] [Client thread/INFO]: [CHAT] < AliGaMeR> my name is ali
[17:56:21] [Client thread/INFO]: [CHAT] [ADMIN] VideoGameSmash12 [STA]: Unless its' for a VM
[17:56:24] [Client thread/INFO]: [CHAT] [ADMIN] 481 [SA]: >Approches batbutt
[17:56:28] [Client thread/INFO]: [CHAT] [ADMIN] xNyanPanda [STA]: geck why you wanking
[17:56:31] [Client thread/INFO]: [CHAT] [ADMIN] SpeakerMaster [STA]: It ain't illegal to download...
[17:56:32] [Client thread/INFO]: [CHAT] [ADMIN] 481 [SA]: > Says hi
[17:56:34] [Client thread/INFO]: [CHAT] [ADMIN] batbutt [STA]: i'm not
[17:56:42] [Client thread/INFO]: [CHAT] <MrBucket> i so a yt channel named aligamer
[17:56:42] [Client thread/INFO]: [CHAT] <FritaH> WHo likes undertale
[17:56:46] [Client thread/INFO]: [CHAT] [SA] <KungfuCactus28> lol
[17:56:48] [Client thread/INFO]: [CHAT] [ADMIN] batbutt [STA]: i wouldn't be able to type this fast if i was
[17:56:49] [Client thread/INFO]: [CHAT] [ADMIN] 481 [SA]: > SAYS HI TO BATBUTT
[17:56:51] [Client thread/INFO]: [CHAT] [ADMIN] xRubyMC [Console]: Nico bae ;-;
[17:56:56] [Client thread/INFO]: [CHAT] < AliGaMeR> Yea
[17:56:59] [Client thread/INFO]: [CHAT] < layla> hi KingHax
[17:57:00] [Client thread/INFO]: [CHAT] [ADMIN] xNyanPanda [STA]: hi :D
[17:57:01] [Client thread/INFO]: [CHAT] [ADMIN] batbutt [STA]: because one hand would be deticated to something while the other would be for the keyboarddd
[17:57:02] [Client thread/INFO]: [CHAT] < AliGaMeR> that My channe;
[17:57:04] [Client thread/INFO]: [CHAT] [STA] <SpeakerMaster> undertale trash
[17:57:05] [Client thread/INFO]: [CHAT] [ADMIN] KungfuCactus28 [SA]: ruby you have so many baes lol
[17:57:08] [Client thread/INFO]: [CHAT] <FritaH> );
[17:57:08] [Client thread/INFO]: [CHAT] Nanobot__YTC left the game.
[17:57:09] [Client thread/INFO]: [CHAT] < layla> KungfuCactus28*
[17:57:11] [Client thread/INFO]: [CHAT] [ADMIN] 481 [SA]: She my bae
[17:57:13] [Client thread/INFO]: [CHAT] FritaH left the game.
[17:57:14] [Client thread/INFO]: [CHAT] [ADMIN] xRubyMC [Console]: They love me xD
[17:57:15] [Client thread/INFO]: [CHAT] [ADMIN] 481 [SA]: ily foxy
[17:57:26] [Client thread/INFO]: [CHAT] [ADMIN] batbutt [STA]: i dont think i have a bae
[17:57:27] [Client thread/INFO]: [CHAT] Nanobot__YTC joined the game
[17:57:32] [Client thread/INFO]: [CHAT] [ADMIN] batbutt [STA]: i have a bee
[17:57:32] [Client thread/INFO]: [CHAT] [ADMIN] 481 [SA]: I'll be your bae
[17:57:32] [Client thread/INFO]: [CHAT] < TheGapplesCrafted> back
[17:57:36] [Client thread/INFO]: [CHAT] [ADMIN] VideoGameSmash12 [STA]: Why not put Linux on a flash drive
[17:57:36] [Client thread/INFO]: [CHAT] [ADMIN] duckified [SA]: I don't have a bae
[17:57:37] [Client thread/INFO]: [CHAT] [ADMIN] xRubyMC [Console]: lmao
[17:57:39] [Client thread/INFO]: [CHAT] [ADMIN] duckified [SA]: I can't afford one
[17:57:43] [Client thread/INFO]: [CHAT] [ADMIN] 481 [SA]: VideoGameSmash12 I did that
[17:57:48] [Client thread/INFO]: [CHAT] [ADMIN] xRubyMC [Console]: be a duck and have a gf
[17:57:48] [Client thread/INFO]: [CHAT] [ADMIN] 481 [SA]: When I was setting my pc up
[17:57:50] [Client thread/INFO]: [CHAT] [ADMIN] batbutt [STA]: what's a bae anyway
[17:57:54] [Client thread/INFO]: [CHAT] [ADMIN] xNyanPanda [STA]: ruby in her heart
[17:57:58] [Client thread/INFO]: [CHAT] [ADMIN] xNyanPanda [STA]: is mah bae
[17:57:58] [Client thread/INFO]: [CHAT] [ADMIN] SpeakerMaster [STA]: because I did that and it fried my 128GB drive.
[17:57:58] [Client thread/INFO]: [CHAT] [ADMIN] 481 [SA]: As the base OS
[17:58:00] [Client thread/INFO]: [CHAT] < AliGaMeR> Who Owner>?
[17:58:01] [Client thread/INFO]: [CHAT] [ADMIN] xRubyMC [Console]: lol
[17:58:03] [Client thread/INFO]: [CHAT] [ADMIN] 481 [SA]: Niceeee
[17:58:06] [Client thread/INFO]: [CHAT] [Techno Crew][OP] < TheGapplesCrafted> s
[17:58:06] [Client thread/INFO]: [CHAT] < AliGaMeR> Wh Owner?
[17:58:08] [Client thread/INFO]: [CHAT] [ADMIN] duckified [SA]: bae = before anything else