[11:29:16] [Client thread/INFO]: Connecting to uynetwork.ml, 25565
[11:29:27] [Client thread/INFO]: [CHAT] Welcome VideoGameSmash12 to UYNetwork!
[11:29:28] [Client thread/INFO]: [CHAT] * UYScutix is no longer AFK.
[11:29:28] [Client thread/INFO]: [CHAT] Welcome, VideoGameSmash12!
[11:29:28] [Client thread/INFO]: [CHAT] Type /help for a list of commands.
[11:29:28] [Client thread/INFO]: [CHAT] Type /list to see who else is online.
[11:29:28] [Client thread/INFO]: [CHAT] Players online: 2 - World time: 2:14 PM
[11:29:28] [Client thread/INFO]: [CHAT] You have no new mail.
[11:29:36] [Client thread/INFO]: [CHAT] <VideoGameSmash12> can i be added
[11:29:37] [Client thread/INFO]: [CHAT] <VideoGameSmash12> lol
[11:29:41] [Client thread/INFO]: [CHAT] Gamemode set to creative.
[11:29:46] [Client thread/INFO]: [CHAT] CONSOLE - Adding VideoGameSmash12 to the admin list
[11:29:49] [Client thread/INFO]: [CHAT] Teleporting...
[11:29:54] [Client thread/INFO]: [CHAT] CONSOLE - Setting VideoGameSmash12's rank to Executive Admin
[11:30:05] [Client thread/INFO]: [CHAT] <UYScutix> there :)
[11:30:15] [Client thread/INFO]: [CHAT] <VideoGameSmash12> i updated your page on the tf wiki
[11:30:18] [Client thread/INFO]: [CHAT] <UYScutix> ok
[11:30:44] [Client thread/INFO]: [CHAT] <UYScutix> I used overlord command entirely so I don't have to keep opening up console because im lazy ;p
[11:30:48] [Client thread/INFO]: [CHAT] [UYNetwork] UYScutix is the Owner of UYNetwork.
[11:30:58] [Client thread/INFO]: [CHAT] <VideoGameSmash12> Lazy1
[11:31:02] [Client thread/INFO]: [CHAT] <VideoGameSmash12> Lazy!
[11:31:04] [Client thread/INFO]: [CHAT] <UYScutix> xd
[11:31:14] [Client thread/INFO]: [CHAT] <VideoGameSmash12> I run my servers with my own PC
[11:31:48] [Client thread/INFO]: [CHAT] <UYScutix> oh video
[11:31:51] [Client thread/INFO]: [CHAT] <VideoGameSmash12> ?
[11:31:52] [Client thread/INFO]: [CHAT] <UYScutix> I wanna show you something
[11:31:54] [Client thread/INFO]: [CHAT] Teleporting to UYScutix.
[11:31:54] [Client thread/INFO]: [CHAT] <UYScutix> gimme a sec
[11:31:56] [Client thread/INFO]: [CHAT] Please do not repeat messages.
[11:31:58] [Client thread/INFO]: [CHAT] <VideoGameSmash12> ok
[11:32:10] [Client thread/INFO]: [CHAT] Saved screenshot as 2017-09-08_11.32.10.png
[11:32:11] [Client thread/INFO]: [CHAT] Saved screenshot as 2017-09-08_11.32.11.png
[11:32:19] [Client thread/INFO]: [CHAT] <UYScutix> I want to show you my ... yea :P
[11:32:23] [Client thread/INFO]: [CHAT] <UYScutix> you'll see
[11:32:24] [Client thread/INFO]: [CHAT] <UYScutix> :p
[11:32:28] [Client thread/INFO]: [CHAT] <VideoGameSmash12> pls no ddos
[11:32:30] [Client thread/INFO]: [CHAT] <UYScutix> im getting a test subject on
[11:32:33] [Client thread/INFO]: [CHAT] <UYScutix> not that lmao
[11:32:42] [Client thread/INFO]: [CHAT] <UYScutix> I want to show you my masterpiece
[11:32:47] [Client thread/INFO]: [CHAT] <VideoGameSmash12> ok
[11:32:52] [Client thread/INFO]: [CHAT] --------- Help: Search (1/3) --------------------
[11:32:52] [Client thread/INFO]: [CHAT] Search for: d
[11:32:52] [Client thread/INFO]: [CHAT] /day: Alias for /time
[11:32:52] [Client thread/INFO]: [CHAT] /deafen: Make some noise.
[11:32:52] [Client thread/INFO]: [CHAT] /debug: For developers only - debug things via r...
[11:32:52] [Client thread/INFO]: [CHAT] /defaultgamemode: A Mojang provided command.
[11:32:52] [Client thread/INFO]: [CHAT] /delchunks: Delete chunks that your selection in...
[11:32:52] [Client thread/INFO]: [CHAT] /delhome: Removes a home.
[11:32:52] [Client thread/INFO]: [CHAT] /delignore: Alias for /ignore
[11:32:52] [Client thread/INFO]: [CHAT] /deljail: Removes a jail.
[11:32:54] [Client thread/INFO]: [CHAT] --------- Help: Search (1/3) --------------------
[11:32:54] [Client thread/INFO]: [CHAT] Search for: dd
[11:32:54] [Client thread/INFO]: [CHAT] /day: Alias for /time
[11:32:54] [Client thread/INFO]: [CHAT] /deafen: Make some noise.
[11:32:54] [Client thread/INFO]: [CHAT] /debug: For developers only - debug things via r...
[11:32:54] [Client thread/INFO]: [CHAT] /defaultgamemode: A Mojang provided command.
[11:32:54] [Client thread/INFO]: [CHAT] /delchunks: Delete chunks that your selection in...
[11:32:54] [Client thread/INFO]: [CHAT] /delhome: Removes a home.
[11:32:54] [Client thread/INFO]: [CHAT] /delignore: Alias for /ignore
[11:32:54] [Client thread/INFO]: [CHAT] /deljail: Removes a jail.
[11:32:55] [Client thread/INFO]: [CHAT] --------- Help: Search --------------------------
[11:32:55] [Client thread/INFO]: [CHAT] Search for: ddos
[11:32:55] [Client thread/INFO]: [CHAT] /deop: Deop a player.
[11:32:55] [Client thread/INFO]: [CHAT] /deopall: Deop everyone on the server.
[11:32:55] [Client thread/INFO]: [CHAT] /doom: For the bad admins
[11:32:55] [Client thread/INFO]: [CHAT] /dtoggle: Alias for /disguisetoggle
[11:33:01] [Client thread/INFO]: [CHAT] <UYScutix> it's nearly coming on
[11:33:02] [Client thread/INFO]: [CHAT] --------- Help: Search --------------------------
[11:33:02] [Client thread/INFO]: [CHAT] Search for: fuck
[11:33:02] [Client thread/INFO]: [CHAT] /fuckoff: You'll never even see it coming.
[11:33:06] [Client thread/INFO]: [CHAT] <UYScutix> go to spawn
[11:33:09] [Client thread/INFO]: [CHAT] Teleporting...
[11:33:13] [Client thread/INFO]: [CHAT] Teleporting...
[11:33:13] [Client thread/INFO]: [CHAT] <UYScutix> gimme a sec
[11:33:20] [Client thread/INFO]: [CHAT] <UYScutix> ,..nearly loading...
[11:33:53] [Client thread/INFO]: [CHAT] TestSubject is the Server Owner and Founder
[11:33:53] [Client thread/INFO]: [CHAT] Welcome TestSubject to UYNetwork!
[11:34:00] [Client thread/INFO]: [CHAT] Teleporting to TestSubject.
[11:34:06] [Client thread/INFO]: [CHAT] [System Admin] <UYScutix> there
[11:34:12] [Client thread/INFO]: [CHAT] Please do not repeat messages.
[11:34:15] [Client thread/INFO]: [CHAT] [System Admin] <UYScutix> Smite the TestSubject
[11:34:16] [Client thread/INFO]: [CHAT] <VideoGameSmash12> oh ok
[11:34:19] [Client thread/INFO]: [CHAT] TestSubject has been a naughty, naughty boy.
[11:34:19] [Client thread/INFO]: [CHAT] TestSubject died
[11:34:22] [Client thread/INFO]: [CHAT] <VideoGameSmash12> god damn
[11:34:24] [Client thread/INFO]: [CHAT] [System Admin] <UYScutix> look at that :)
[11:34:27] [Client thread/INFO]: [CHAT] <VideoGameSmash12> that's explosive
[11:34:31] [Client thread/INFO]: [CHAT] [System Admin] <UYScutix> and look below
[11:34:35] [Client thread/INFO]: [CHAT] [System Admin] <UYScutix> it turns them to ashes :)
[11:34:50] [Client thread/INFO]: [CHAT] <VideoGameSmash12> jesus dude
[11:34:54] [Client thread/INFO]: [CHAT] Teleporting...
[11:34:56] [Client thread/INFO]: [CHAT] [System Admin] <UYScutix> lol that's not the end xd
[11:35:00] [Client thread/INFO]: [CHAT] <VideoGameSmash12> respawn the TestSubject
[11:35:07] [Client thread/INFO]: [CHAT] [System Admin] <UYScutix> it's my smite/ban update
[11:35:14] [Client thread/INFO]: [CHAT] [System Admin] <UYScutix> tp to test subject
[11:35:18] [Client thread/INFO]: [CHAT] <VideoGameSmash12> done
[11:35:20] [Client thread/INFO]: [CHAT] [System Admin] <UYScutix> Now /gtfo the TestSubject
[11:35:40] [Client thread/INFO]: [CHAT] TestSubject has been a VERY naughty, naughty boy.
[11:35:40] [Client thread/INFO]: [CHAT] Banning: TestSubject, IP: 188.222.*.* - Reason: 3d glasses can't see this
[11:35:40] [Client thread/INFO]: [CHAT] TestSubject left the game
[11:35:43] [Client thread/INFO]: [CHAT] <VideoGameSmash12> LOL
[11:35:45] [Client thread/INFO]: [CHAT] [Server: Saving is already turned on]
[11:35:45] [Client thread/INFO]: [CHAT] [Server: Saved the world]
[11:35:45] [Client thread/INFO]: [CHAT] [Server:CONSOLE] ?8World saved.
[11:35:46] [Client thread/INFO]: [CHAT] TestSubject is the Server Owner and Founder
[11:35:46] [Client thread/INFO]: [CHAT] Welcome TestSubject to UYNetwork!
[11:35:47] [Client thread/INFO]: [CHAT] [System Admin] <UYScutix> read the sign :)
[11:36:02] [Client thread/INFO]: [CHAT] Sign interaction is currently disabled.
[11:36:03] [Client thread/INFO]: [CHAT] Sign interaction is currently disabled.
[11:36:07] [Client thread/INFO]: [CHAT] [System Admin] <UYScutix> the update that also automatically makes their grave
[11:36:11] [Client thread/INFO]: [CHAT] [System Admin] <UYScutix> the grave of unhonour. :)
[11:36:19] [Client thread/INFO]: [CHAT] [System Admin] <UYScutix> now. you ready for the BEST part? :D
[11:36:25] [Client thread/INFO]: [CHAT] [System Admin] <UYScutix> everyone loved this one even Mafrans XD
[11:36:27] [Client thread/INFO]: [CHAT] <VideoGameSmash12> Doom
[11:36:28] [Client thread/INFO]: [CHAT] --------- Help: Index (1/49) --------------------
[11:36:28] [Client thread/INFO]: [CHAT] Use /help [n] to get page n of help.
[11:36:28] [Client thread/INFO]: [CHAT] Aliases: Lists command aliases
[11:36:28] [Client thread/INFO]: [CHAT] AutoRespawnPlus: All commands for AutoRespawnPlus
[11:36:28] [Client thread/INFO]: [CHAT] Bukkit: All commands for Bukkit
[11:36:28] [Client thread/INFO]: [CHAT] CoreProtect: All commands for CoreProtect
[11:36:28] [Client thread/INFO]: [CHAT] Essentials: All commands for Essentials
[11:36:28] [Client thread/INFO]: [CHAT] EssentialsSpawn: All commands for EssentialsSpawn
[11:36:28] [Client thread/INFO]: [CHAT] ImageOnMap: All commands for ImageOnMap
[11:36:28] [Client thread/INFO]: [CHAT] Laser: All commands for Laser
[11:36:31] [Client thread/INFO]: [CHAT] <VideoGameSmash12> ?
[11:36:31] [Client thread/INFO]: [CHAT] [System Admin] <UYScutix> Sort of
[11:36:34] [Client thread/INFO]: [CHAT] [System Admin] <UYScutix> the doom comes later
[11:36:34] [Client thread/INFO]: [CHAT] <VideoGameSmash12> K.
[11:36:34] [Client thread/INFO]: [CHAT] [System Admin] <UYScutix> ;p
[11:36:49] [Client thread/INFO]: [CHAT] [System Admin] <UYScutix> the Banhammer!
[11:36:53] [Client thread/INFO]: [CHAT] UYScutix - Opping all players on the server
[11:36:53] [Client thread/INFO]: [CHAT] You are now op!
[11:36:58] [Client thread/INFO]: [CHAT] <VideoGameSmash12> can i have it
[11:37:14] [Client thread/INFO]: [CHAT] [System Admin] <UYScutix> ,/banhammer TestSubject
[11:37:15] [Client thread/INFO]: [CHAT] [System Admin] <UYScutix> wait
[11:37:19] [Client thread/INFO]: [CHAT] [System Admin] <UYScutix> don't go too near it xd
[11:37:25] [Client thread/INFO]: [CHAT] [System Admin] <UYScutix> it looks better if a bit further
[11:37:27] [Client thread/INFO]: [CHAT] VideoGameSmash12 - Unleashing the Banhammer over TestSubject...
[11:37:27] [Client thread/INFO]: [CHAT] TestSubject will be Banhammered and eliminated!
[11:37:28] [Client thread/INFO]: [CHAT] [System Admin] <UYScutix> that's better
[11:37:32] [Client thread/INFO]: [CHAT] TestSubject died
[11:37:33] [Client thread/INFO]: [CHAT] THE BANHAMMER HAS SPOKEN!!! Get the fuck out TestSubject!!!
[11:37:33] [Client thread/INFO]: [CHAT] TestSubject left the game
[11:37:39] [Client thread/INFO]: [CHAT] TestSubject is the Server Owner and Founder
[11:37:39] [Client thread/INFO]: [CHAT] Welcome TestSubject to UYNetwork!
[11:37:40] [Client thread/INFO]: [CHAT] <VideoGameSmash12> rip
[11:37:43] [Client thread/INFO]: [CHAT] This command can only be used from the console.
[11:37:50] [Client thread/INFO]: [CHAT] [System Admin] <UYScutix> do it again xd
[11:37:54] [Client thread/INFO]: [CHAT] VideoGameSmash12 - Unleashing the Banhammer over TestSubject...
[11:37:54] [Client thread/INFO]: [CHAT] TestSubject will be Banhammered and eliminated!
[11:37:59] [Client thread/INFO]: [CHAT] TestSubject died
[11:38:00] [Client thread/INFO]: [CHAT] THE BANHAMMER HAS SPOKEN!!! Get the fuck out TestSubject!!!
[11:38:00] [Client thread/INFO]: [CHAT] TestSubject left the game
[11:38:06] [Client thread/INFO]: [CHAT] TestSubject is the Server Owner and Founder
[11:38:06] [Client thread/INFO]: [CHAT] Welcome TestSubject to UYNetwork!
[11:38:15] [Client thread/INFO]: [CHAT] <VideoGameSmash12> banhammer uyskutix
[11:38:17] [Client thread/INFO]: [CHAT] [System Admin] <UYScutix> Oh, do you wanna see what happens if you get banhammered? XD
[11:38:17] [Client thread/INFO]: [CHAT] <VideoGameSmash12> oops
[11:38:23] [Client thread/INFO]: [CHAT] <VideoGameSmash12> no pls
[11:38:25] [Client thread/INFO]: [CHAT] [System Admin] <UYScutix> banhammer yourself
[11:38:29] [Client thread/INFO]: [CHAT] [System Admin] <UYScutix> you bypass bans xd
[11:38:30] [Client thread/INFO]: [CHAT] VideoGameSmash12 - Unleashing the Banhammer over UYScutix...
[11:38:30] [Client thread/INFO]: [CHAT] UYScutix will be Banhammered and eliminated!
[11:38:33] [Client thread/INFO]: [CHAT] <VideoGameSmash12> SHIT
[11:38:34] [Client thread/INFO]: [CHAT] [System Admin] <UYScutix> oi
[11:38:35] [Client thread/INFO]: [CHAT] UYScutix died
[11:38:36] [Client thread/INFO]: [CHAT] THE BANHAMMER HAS SPOKEN!!! Get the fuck out UYScutix!!!
[11:38:36] [Client thread/INFO]: [CHAT] UYScutix left the game
[11:38:41] [Client thread/INFO]: [CHAT] <VideoGameSmash12> i wasnt thinking
[11:38:49] [Client thread/INFO]: [CHAT] UYScutix is the Server Owner and Founder
[11:38:49] [Client thread/INFO]: [CHAT] Welcome UYScutix to UYNetwork!
[11:38:53] [Client thread/INFO]: [CHAT] <VideoGameSmash12> fack me
[11:38:55] [Client thread/INFO]: [CHAT] <VideoGameSmash12> i wasnt thinking
[11:39:01] [Client thread/INFO]: [CHAT] VideoGameSmash12 - Unleashing the Banhammer over VideoGameSmash12...
[11:39:01] [Client thread/INFO]: [CHAT] VideoGameSmash12 will be Banhammered and eliminated!
[11:39:02] [Client thread/INFO]: [CHAT] [System Admin] <UYScutix> fine
[11:39:03] [Client thread/INFO]: [CHAT] <VideoGameSmash12> oh shit
[11:39:06] [Client thread/INFO]: [CHAT] Use the /back command to return to your death point.
[11:39:06] [Client thread/INFO]: [CHAT] VideoGameSmash12 died
[11:39:07] [Client thread/INFO]: [CHAT] THE BANHAMMER HAS SPOKEN!!! Get the fuck out VideoGameSmash12!!!
[11:39:12] [Client thread/INFO]: Connecting to uynetwork.ml, 25565
[11:39:13] [Client thread/INFO]: [CHAT] VideoGameSmash12 is an Executive Admin
[11:39:13] [Client thread/INFO]: [CHAT] Welcome VideoGameSmash12 to UYNetwork!
[11:39:13] [Client thread/INFO]: [CHAT] Welcome, VideoGameSmash12!
[11:39:13] [Client thread/INFO]: [CHAT] Type /help for a list of commands.
[11:39:13] [Client thread/INFO]: [CHAT] Type /list to see who else is online.
[11:39:13] [Client thread/INFO]: [CHAT] Players online: 3 - World time: 1:35 AM
[11:39:13] [Client thread/INFO]: [CHAT] You have no new mail.
[11:39:16] [Client thread/INFO]: [CHAT] UYScutix left the game
[11:39:19] [Client thread/INFO]: [CHAT] UYScutix is the Server Owner and Founder
[11:39:19] [Client thread/INFO]: [CHAT] Welcome UYScutix to UYNetwork!
[11:39:24] [Client thread/INFO]: [CHAT] [Executive Admin] <VideoGameSmash12> dank as hell
[11:39:26] [Client thread/INFO]: [CHAT] Gamemode set to creative.
[11:39:27] [Client thread/INFO]: [CHAT] [System Admin] <TestSubject> t
[11:39:30] [Client thread/INFO]: [CHAT] [System Admin] <TestSubject> wtf
[11:39:38] [Client thread/INFO]: [CHAT] [System Admin] <UYScutix> ,
[11:39:47] [Client thread/INFO]: [CHAT] [Executive Admin] <VideoGameSmash12> it apparently sets your speed to 0
[11:39:52] [Client thread/INFO]: [CHAT] [System Admin] <TestSubject> I know that part
[11:39:53] [Client thread/INFO]: [CHAT] Set walking speed to 1 for VideoGameSmash12.
[11:39:56] [Client thread/INFO]: [CHAT] Set flying speed to 1 for VideoGameSmash12.
[11:40:08] [Client thread/INFO]: [CHAT] [Executive Admin] <VideoGameSmash12> my bad for banning you
[11:40:12] [Client thread/INFO]: [CHAT] [System Admin] <TestSubject> but somehow on my UYScutix account the client is acting like the server is lagging
[11:40:16] [Client thread/INFO]: [CHAT] [System Admin] <UYScutix> m
[11:40:18] [Client thread/INFO]: [CHAT] [System Admin] <UYScutix> nvm
[11:40:20] [Client thread/INFO]: [CHAT] [System Admin] <UYScutix> there we go
[11:40:21] [Client thread/INFO]: [CHAT] [Executive Admin] <VideoGameSmash12> rip
[11:40:24] [Client thread/INFO]: [CHAT] VideoGameSmash12 - Removing all server entities.
[11:40:24] [Client thread/INFO]: [CHAT] 0 entities removed.
[11:40:27] [Client thread/INFO]: [CHAT] VideoGameSmash12 - Purging all mobs
[11:40:27] [Client thread/INFO]: [CHAT] 57 mobs removed.
[11:40:27] [Client thread/INFO]: [CHAT] [System Admin] <UYScutix> Now
[11:40:31] [Client thread/INFO]: [CHAT] [Executive Admin] <VideoGameSmash12> ?
[11:40:32] [Client thread/INFO]: [CHAT] [System Admin] <UYScutix> time to move on to the doom section
[11:40:33] [Client thread/INFO]: [CHAT] [System Admin] <UYScutix> :p
[11:40:37] [Client thread/INFO]: [CHAT] Unknown command. Type "help" for help.
[11:40:39] [Client thread/INFO]: [CHAT] Unknown command. Type "help" for help.
[11:40:51] [Client thread/INFO]: [CHAT] [Executive Admin] <VideoGameSmash12> can i do it
[11:40:54] [Client thread/INFO]: [CHAT] [System Admin] <UYScutix> sure
[11:41:00] [Client thread/INFO]: [CHAT] [System Admin] <UYScutix> but 1 of them only me and Galahad can do
[11:41:07] [Client thread/INFO]: [CHAT] [UYNetwork] Server lagging?  Check the lag via "/tps"
[11:41:08] [Client thread/INFO]: [CHAT] Sending command as UYScutix: ov do doom TestSubject
[11:41:08] [Client thread/INFO]: [CHAT] CONSOLE - Casting oblivion over TestSubject
[11:41:08] [Client thread/INFO]: [CHAT] TestSubject will be completely obliviated!
[11:41:08] [Client thread/INFO]: [CHAT] Command sent.
[11:41:10] [Client thread/INFO]: [CHAT] TestSubject burned to death
[11:41:11] [Client thread/INFO]: [CHAT] CONSOLE - Banning TestSubject, IP: 188.222.23.165
[11:41:11] [Client thread/INFO]: [CHAT] TestSubject left the game
[11:41:15] [Client thread/INFO]: [CHAT] <UYScutix> what
[11:41:27] [Client thread/INFO]: [CHAT] TestSubject is the Server Owner and Founder
[11:41:27] [Client thread/INFO]: [CHAT] Welcome TestSubject to UYNetwork!
[11:41:32] [Client thread/INFO]: [CHAT] [Executive Admin] <VideoGameSmash12> didn't even use telnet lol
[11:41:40] [Client thread/INFO]: [CHAT] [System Admin] <UYScutix> wtf
[11:41:42] [Client thread/INFO]: [CHAT] UYScutix - Opping all players on the server
[11:41:42] [Client thread/INFO]: [CHAT] You are now op!
[11:41:45] [Client thread/INFO]: [CHAT] [Executive Admin] <VideoGameSmash12> what?
[11:41:50] [Client thread/INFO]: [CHAT] [System Admin] <UYScutix> How did you /doom that user with console?
[11:42:12] [Client thread/INFO]: [CHAT] [Executive Admin] <VideoGameSmash12> I gcmd'd you to do /ov do doom
[11:42:16] [Client thread/INFO]: [CHAT] [System Admin] <UYScutix> Oh
[11:42:19] [Client thread/INFO]: [CHAT] [System Admin] <UYScutix> how dare u
[11:42:24] [Client thread/INFO]: [CHAT] [System Admin] <UYScutix> kk
[11:42:27] [Client thread/INFO]: [CHAT] [Executive Admin] <VideoGameSmash12> what command is your special one
[11:42:31] [Client thread/INFO]: [CHAT] /schem, /schematic, /scoreboard
[11:42:32] [Client thread/INFO]: [CHAT] /schem, /schematic, /scoreboard
[11:42:33] [Client thread/INFO]: [CHAT] [System Admin] <UYScutix> i'm about to show you :)
[11:42:34] [Client thread/INFO]: [CHAT] uy, uyscutix
[11:42:37] [Client thread/INFO]: [CHAT] /uy <playername>
[11:42:40] [Client thread/INFO]: [CHAT] [Executive Admin] <VideoGameSmash12> oh sheet
[11:42:47] [Client thread/INFO]: [CHAT] [System Admin] <UYScutix> the UYHammer - /uy TestSubject
[11:42:51] [Client thread/INFO]: [CHAT] VideoGameSmash12 - Calling the overlord UYScutix to unleash wrath upon TestSubject...
[11:42:51] [Client thread/INFO]: [CHAT] TestSubject is going to have a hard time by UYScutix!
[11:42:53] [Client thread/INFO]: [CHAT] UYScutix - I AM REALLY FURIOUS AT YOU TestSubject!!!
[11:42:53] [Client thread/INFO]: [CHAT] UYScutix - YOU SHALL FACE MY FORMIDABLE WRATH!!
[11:42:53] [Client thread/INFO]: [CHAT] TestSubject blew up
[11:42:53] [Client thread/INFO]: [CHAT] TestSubject died
[11:42:55] [Client thread/INFO]: [CHAT] [Executive Admin] <VideoGameSmash12> oh my god
[11:42:55] [Client thread/INFO]: [CHAT] VideoGameSmash12 - Let the overlord slam the UYHammer over thee
[11:42:55] [Client thread/INFO]: [CHAT] [System Admin] <TestSubject> NO!
[11:42:55] [Client thread/INFO]: [CHAT] [System Admin] <TestSubject> PLEASE VideoGameSmash12!!! Please don't slam the UYHammer over me!!! :(
[11:42:55] [Client thread/INFO]: [CHAT] [System Admin] <TestSubject> I'M SORRY!!!!!
[11:42:55] [Client thread/INFO]: [CHAT] <VideoGameSmash12> Yeah well it's too late - maybe you should've thought about your actions before making your stupid move. Good day to you, sir.
[11:42:55] [Client thread/INFO]: [CHAT] TestSubject died
[11:42:57] [Client thread/INFO]: [CHAT] VideoGameSmash12 - Preparing to slam UYScutix' UYHammer over TestSubject
[11:42:58] [Client thread/INFO]: [CHAT] [System Admin] <TestSubject> Oh no! SORRY!
[11:42:58] [Client thread/INFO]: [CHAT] [System Admin] <TestSubject> WHY WAS I SO STUPID?? NOOOOOOOOO!!!!!!!!!!!!!!!!!!!!
[11:42:58] [Client thread/INFO]: [CHAT] No sorrys allowed. Bye!
[11:42:58] [Client thread/INFO]: [CHAT] VideoGameSmash12 - Slamming the UYHammer over TestSubject's head!
[11:42:58] [Client thread/INFO]: [CHAT] TestSubject left the game
[11:43:04] [Client thread/INFO]: [CHAT] TestSubject is the Server Owner and Founder
[11:43:04] [Client thread/INFO]: [CHAT] Welcome TestSubject to UYNetwork!
[11:43:10] [Client thread/INFO]: [CHAT] [System Admin] <UYScutix> I'm an evil genius :)
[11:43:16] [Client thread/INFO]: [CHAT] /gadmin, /galahad, /gamemode, /gamerule, /gc, /gcmd, /getloc, /getlocation, /getpos, /give, /glist, /gmask, /gmc, /gms, /gmsp, /god, /godmode, /gotospawn, /green, /grenade, /gtfo
[11:43:16] [Client thread/INFO]: [CHAT] /gadmin, /galahad, /gamemode, /gamerule, /gc, /gcmd, /getloc, /getlocation, /getpos, /give, /glist, /gmask, /gmc, /gms, /gmsp, /god, /godmode, /gotospawn, /green, /grenade, /gtfo
[11:43:16] [Client thread/INFO]: [CHAT] /gadmin, /galahad, /gamemode, /gamerule, /gc, /gcmd, /getloc, /getlocation, /getpos, /give, /glist, /gmask, /gmc, /gms, /gmsp, /god, /godmode, /gotospawn, /green, /grenade, /gtfo
[11:43:19] [Client thread/INFO]: [CHAT] TestSubject fell from a high place
[11:43:22] [Client thread/INFO]: [CHAT] [Executive Admin] <VideoGameSmash12> can there be a /video
[11:43:26] [Client thread/INFO]: [CHAT] [System Admin] <UYScutix> k
[11:43:29] [Client thread/INFO]: [CHAT] [System Admin] <UYScutix> 1 more command
[11:43:32] [Client thread/INFO]: [CHAT] [System Admin] <UYScutix> it's /galahad
[11:43:35] [Client thread/INFO]: [CHAT] Only the owners of this command can use this.
[11:43:38] [Client thread/INFO]: [CHAT] [System Admin] <UYScutix> i'll have to do it tho
[11:43:42] [Client thread/INFO]: [CHAT] [Executive Admin] <VideoGameSmash12> i can do it
[11:43:47] [Client thread/INFO]: [CHAT] [Executive Admin] <VideoGameSmash12> using my new magic
[11:43:54] [Client thread/INFO]: [CHAT] [System Admin] <UYScutix> kk gcmd me then
[11:44:04] [Client thread/INFO]: [CHAT] Sending command as UYScutix: ov do galahad TestSubject
[11:44:04] [Client thread/INFO]: [CHAT] Command sent.
[11:44:08] [Client thread/INFO]: [CHAT] [Executive Admin] <VideoGameSmash12> uhhh
[11:44:15] [Client thread/INFO]: [CHAT] [Executive Admin] <VideoGameSmash12> did it uh
[11:44:24] [Client thread/INFO]: [CHAT] [System Admin] <UYScutix> tell me the command you did
[11:44:37] [Client thread/INFO]: [CHAT] [System Admin] <UYScutix> I just got a message saying "ok" by overlord cmd lol
[11:44:50] [Client thread/INFO]: [CHAT] [Executive Admin] <VideoGameSmash12> ./gcmd UYScutix ov do galahad TestSubject
[11:44:59] [Client thread/INFO]: [CHAT] [System Admin] <UYScutix> don't use overlord
[11:45:03] [Client thread/INFO]: [CHAT] [Executive Admin] <VideoGameSmash12> why
[11:45:07] [Client thread/INFO]: [CHAT] [System Admin] <UYScutix> console can't use /galahad
[11:45:10] [Client thread/INFO]: [CHAT] [Executive Admin] <VideoGameSmash12> oh\
[11:45:17] [Client thread/INFO]: [CHAT] [System Admin] <UYScutix> because only me and Galahad can use it, not even console for those who try bypass it.
[11:45:22] [Client thread/INFO]: [CHAT] Sending command as UYScutix: galahad TestSubject
[11:45:22] [Client thread/INFO]: [CHAT] [System Admin] <UYScutix> TestSubject, I have three words for you. Manners, Maketh, Man.
[11:45:22] [Client thread/INFO]: [CHAT] [System Admin] <UYScutix> Do you know what it means?
[11:45:22] [Client thread/INFO]: [CHAT] [System Admin] <TestSubject> Uhhh... No?
[11:45:22] [Client thread/INFO]: [CHAT] [System Admin] <UYScutix> Then let me teach you a lesson.
[11:45:22] [Client thread/INFO]: [CHAT] Command sent.
[11:45:24] [Client thread/INFO]: [CHAT] UYScutix - Needed to let off a little steam on TestSubject
[11:45:24] [Client thread/INFO]: [CHAT] TestSubject is about to face the fuming steam and wrath of UYScutix!
[11:45:26] [Client thread/INFO]: [CHAT] UYScutix - Blowing up TestSubject into thousands of pieces
[11:45:26] [Client thread/INFO]: [CHAT] TestSubject blew up
[11:45:26] [Client thread/INFO]: [CHAT] [Executive Admin] <VideoGameSmash12> OLOL
[11:45:27] [Client thread/INFO]: [CHAT] UYScutix - Slamming Galahad's MMMHammer over TestSubject
[11:45:27] [Client thread/INFO]: [CHAT] TestSubject left the game
[11:45:28] [Client thread/INFO]: [CHAT] [Executive Admin] <VideoGameSmash12> lololol
[11:45:32] [Client thread/INFO]: [CHAT] <UYScutix> C:
[11:45:33] [Client thread/INFO]: [CHAT] TestSubject is the Server Owner and Founder
[11:45:33] [Client thread/INFO]: [CHAT] Welcome TestSubject to UYNetwork!
[11:45:37] [Client thread/INFO]: [CHAT] [Executive Admin] <VideoGameSmash12> ./video <player>
[11:45:39] [Client thread/INFO]: [CHAT] TestSubject fell from a high place
[11:45:43] [Client thread/INFO]: [CHAT] [System Admin] <UYScutix> k
[11:45:46] [Client thread/INFO]: [CHAT] [Server: Saving is already turned on]
[11:45:46] [Client thread/INFO]: [CHAT] [Server: Saved the world]
[11:45:46] [Client thread/INFO]: [CHAT] [Server:CONSOLE] ?8World saved.
[11:45:49] [Client thread/INFO]: [CHAT] [Executive Admin] <VideoGameSmash12> i'll program it
[11:45:53] [Client thread/INFO]: [CHAT] [System Admin] <UYScutix> DM me on discord all the chaos and shit you want it to do
[11:45:54] [Client thread/INFO]: [CHAT] [System Admin] <UYScutix> kk
[11:46:06] [Client thread/INFO]: [CHAT] [System Admin] <UYScutix> then give me the entire code for me to put in UYNM
[11:46:14] [Client thread/INFO]: [CHAT] [Executive Admin] <VideoGameSmash12> what's the source code for /uy
[11:46:19] [Client thread/INFO]: [CHAT] [Executive Admin] <VideoGameSmash12> i'll use it as a baseline
[11:46:34] [Client thread/INFO]: [CHAT] [System Admin] <UYScutix> i'll give it to you on pastebin
[11:46:38] [Client thread/INFO]: [CHAT] [System Admin] <UYScutix> lemme open up netbeans
[11:46:42] [Client thread/INFO]: [CHAT] [Executive Admin] <VideoGameSmash12> lol ok
[11:46:44] [Client thread/INFO]: [CHAT] [Executive Admin] <VideoGameSmash12> netbeansack
[11:46:45] [Client thread/INFO]: [CHAT] [System Admin] <UYScutix> it takes fuck long to open :(
[11:47:01] [Client thread/INFO]: [CHAT] [Executive Admin] <VideoGameSmash12> bro i feel you
[11:47:11] [Client thread/INFO]: [CHAT] [System Admin] <UYScutix> everything with java takes fuck long to open
[11:47:18] [Client thread/INFO]: [CHAT] [Executive Admin] <VideoGameSmash12> java is shit
[11:47:22] [Client thread/INFO]: [CHAT] [System Admin] <UYScutix> minecraft takes so long to open, netbeans takes so fucking long to open, whats next
[11:47:36] [Client thread/INFO]: [CHAT] [Executive Admin] <VideoGameSmash12> windows 10
[11:47:41] [Client thread/INFO]: [CHAT] [System Admin] <UYScutix> yup
[11:47:49] [Client thread/INFO]: [CHAT] [System Admin] <UYScutix> Windows 10 = cancer
[11:47:57] [Client thread/INFO]: [CHAT] [Executive Admin] <VideoGameSmash12> it's the reason i bought a new pc
[11:48:03] [Client thread/INFO]: [CHAT] [Executive Admin] <VideoGameSmash12> so facking slow
[11:48:27] [Client thread/INFO]: [CHAT] [System Admin] <UYScutix> finally netbeans opens
[11:48:38] [Client thread/INFO]: [CHAT] [System Admin] <UYScutix> now it takes fuck long for it to now detect and scan updated projects
[11:48:52] [Client thread/INFO]: [CHAT] [System Admin] <UYScutix> and then they say "Netbeans is better than Eclipse"
[11:49:06] [Client thread/INFO]: [CHAT] [System Admin] <UYScutix> I used eclipse 4 years ago before I found out about NetBeans and it opened up instantly.
[11:49:22] [Client thread/INFO]: [CHAT] Unknown command. Type "/help" for help.
[11:49:23] [Client thread/INFO]: [CHAT] [Executive Admin] <VideoGameSmash12> lmao
[11:49:32] [Client thread/INFO]: [CHAT] [Executive Admin] <VideoGameSmash12> i used to use eclipse for my early plugins
[11:49:37] [Client thread/INFO]: [CHAT] [System Admin] <UYScutix> yup
[11:49:38] [Client thread/INFO]: [CHAT] [Executive Admin] <VideoGameSmash12> videocraftplugin
[11:49:42] [Client thread/INFO]: [CHAT] [Executive Admin] <VideoGameSmash12> which is now ded
[11:49:52] [Client thread/INFO]: [CHAT] [System Admin] <UYScutix> Eclipse is actually still a popular IDE for java developers
[11:50:04] [Client thread/INFO]: [CHAT] [Executive Admin] <VideoGameSmash12> marco would use notepad for it
[11:50:11] [Client thread/INFO]: [CHAT] [System Admin] <UYScutix> yup
[11:50:13] [Client thread/INFO]: [CHAT] TestSubject was slain by VideoGameSmash12
[11:50:15] [Client thread/INFO]: [CHAT] [System Admin] <UYScutix> and then fuck up
[11:50:24] [Client thread/INFO]: [CHAT] [Executive Admin] <VideoGameSmash12> "and then fuck up"
[11:50:31] [Client thread/INFO]: [CHAT] [Executive Admin] <VideoGameSmash12> *cough* savnith *cough*
[11:50:36] [Client thread/INFO]: [CHAT] [System Admin] <UYScutix> his code that makes him fuck up I mean
[11:50:39] [Client thread/INFO]: [CHAT] [System Admin] <UYScutix> fagnith is both
[11:50:49] [Client thread/INFO]: [CHAT] [Executive Admin] <VideoGameSmash12> it's funny honestly
[11:50:57] [Client thread/INFO]: [CHAT] [Executive Admin] <VideoGameSmash12> marco and savnith are now best friends\
[11:51:01] [Client thread/INFO]: [CHAT] [Executive Admin] <VideoGameSmash12> think about that
[11:51:16] [Client thread/INFO]: [CHAT] [UYNetwork] You are allowed to record and stream videos on UYNetwork.
[11:51:31] [Client thread/INFO]: [CHAT] [System Admin] <UYScutix> marco demands everyone to block me while He iS ToTallY nOt fRiEnds wiTh FaGniTh
[11:51:39] [Client thread/INFO]: [CHAT] [Executive Admin] <VideoGameSmash12> here's a fun fact
[11:52:01] [Client thread/INFO]: [CHAT] [Executive Admin] <VideoGameSmash12> days before that pastebin that you showed me (the convo between savnith and marco)
[11:52:15] [Client thread/INFO]: [CHAT] [Executive Admin] <VideoGameSmash12> I had the popcorn worthy discussion between me and marco
[11:52:22] [Client thread/INFO]: [CHAT] [Executive Admin] <VideoGameSmash12> (remember that?)\
[11:52:26] [Client thread/INFO]: [CHAT] [Executive Admin] <VideoGameSmash12> so essentially
[11:52:29] [Client thread/INFO]: [CHAT] [Executive Admin] <VideoGameSmash12> marco lied
[11:52:36] [Client thread/INFO]: [CHAT] [Executive Admin] <VideoGameSmash12> he claims to have blocked him
[11:52:44] [Client thread/INFO]: [CHAT] [Executive Admin] <VideoGameSmash12> well guess fucking what
[11:52:48] [Client thread/INFO]: [CHAT] [Executive Admin] <VideoGameSmash12> he didn't
[11:55:06] [Client thread/INFO]: [CHAT] [System Admin] <UYScutix> yup
[11:55:14] [Client thread/INFO]: [CHAT] * TestSubject is now AFK.
[11:55:21] [Client thread/INFO]: [CHAT] Admins can not be kicked
[11:55:24] [Client thread/INFO]: [CHAT] [Executive Admin] <VideoGameSmash12> damn
[11:55:27] [Client thread/INFO]: [CHAT] <UYScutix> just by exposing his idiocity on pastebin with fagnith, he admitted he still has contacts with fagnith yet he wants everyone to block me.
[11:55:41] [Client thread/INFO]: [CHAT] [Executive Admin] <VideoGameSmash12> heres' the weird part though
[11:55:47] [Client thread/INFO]: [CHAT] [Server: Saving is already turned on]
[11:55:47] [Client thread/INFO]: [CHAT] [Server: Saved the world]
[11:55:47] [Client thread/INFO]: [CHAT] [Server:CONSOLE] ?8World saved.
[11:55:51] [Client thread/INFO]: [CHAT] [Executive Admin] <VideoGameSmash12> marco and savnith want me back to the admin team on TF
[11:55:57] [Client thread/INFO]: [CHAT] [Executive Admin] <VideoGameSmash12> this is a rare sight
[11:56:02] [Client thread/INFO]: [CHAT] [System Admin] <UYScutix> Done
[11:56:06] [Client thread/INFO]: [CHAT] [System Admin] <UYScutix> Here's the source code
[11:56:07] [Client thread/INFO]: [CHAT] [System Admin] <UYScutix> https://pastebin.com/RuMKWdGb
[12:00:12] [Client thread/INFO]: [CHAT] UYScutix left the game
[12:00:19] [Client thread/INFO]: [CHAT] TestSubject left the game
[12:00:59] [Client thread/INFO]: [CHAT] * VideoGameSmash12 is now AFK.
[12:01:16] [Client thread/INFO]: [CHAT] [UYNetwork] Player vs player while in creative or god mode is forbidden!
[12:05:47] [Client thread/INFO]: [CHAT] [Server: Saving is already turned on]
[12:05:47] [Client thread/INFO]: [CHAT] [Server: Saved the world]
[12:05:47] [Client thread/INFO]: [CHAT] [Server:CONSOLE] ?8World saved.
[12:11:16] [Client thread/INFO]: [CHAT] [UYNetwork] Spawn killing is forbidden!
[12:15:48] [Client thread/INFO]: [CHAT] [Server: Saving is already turned on]
[12:15:48] [Client thread/INFO]: [CHAT] [Server: Saved the world]
[12:15:48] [Client thread/INFO]: [CHAT] [Server:CONSOLE] ?8World saved.